1757022747.864548: 3938285-7f284ce85540: cdpl_log.c:337: in cdpl_log_open(): info: @@start_of_log@@
1757022747.864571: 3938285-7f284ce85540: cdpl_log.c:1058: in cdpl_log_dump_sysinfo(): info: time: 2025/09/04 17:52:27 EDT -0400
1757022747.864573: 3938285-7f284ce85540: cdpl_log.c:1060: in cdpl_log_dump_sysinfo(): info: version: W-2024.09-SP1-2 
1757022747.864575: 3938285-7f284ce85540: cdpl_log.c:1062: in cdpl_log_dump_sysinfo(): info: system: Linux 4.18.0-553.69.1.el8_10.x86_64 #1 SMP Thu Aug 7 18:10:00 EDT 2025
1757022747.864576: 3938285-7f284ce85540: cdpl_log.c:1067: in cdpl_log_dump_sysinfo(): info: processor: x86_64 64-bits
1757022747.864578: 3938285-7f284ce85540: cdpl_log.c:1071: in cdpl_log_dump_sysinfo(): info: hostname: claws-compute3.ece.ncsu.edu
1757022747.864579: 3938285-7f284ce85540: cdpl_log.c:1073: in cdpl_log_dump_sysinfo(): info: program name: custom_shell
1757022747.864582: 3938285-7f284ce85540: cdpl_log.c:340: in cdpl_log_open(): debug: path: /home/argershm/180-voltmeter/Analog/cc/synopsys_custom/pwdp_jobs/saeSession2_PrimeSimdefault.SimulationSimulation_cdpl.0.3938285/logs/master.claws-compute3.ece.ncsu.edu.3938285.log
1757022747.864584: 3938285-7f284ce85540: cdpl_log.c:341: in cdpl_log_open(): debug: dir: /home/argershm/180-voltmeter/Analog/cc/synopsys_custom/pwdp_jobs/saeSession2_PrimeSimdefault.SimulationSimulation_cdpl.0.3938285/logs
1757022747.864612: 3938285-7f284ce85540: cdpl_server.c:536: in cdpl_sv_init(): info: new server S1034367763
1757022747.864622: 3938285-7f284ce85540: cdpl_ipc.c:3475: in cdpl_ipc_init(): info: requesting IPv4 protocol
1757022747.868599: 3938285-7f284ce85540: cdpl_ipc.c:837: in _selectaddrfamily(): info: selected IPv4 protocol
1757022747.868623: 3938285-7f284ce85540: cdpl_ipc.c:1139: in _set_keepalive(): info: TCP keep alive interval: 300
1757022747.871248: 3938285-7f284ce85540: cdpl_monitor.c:1117: in cdpl_mn_new_server(): info: creating server monitor instance
1757022747.871263: 3938285-7f284ce85540: cdpl_server.c:650: in cdpl_sv_new_master(): info: new master M1
1757022747.871271: 3938285-7f284ce85540: cdpl_server.c:6533: in cdpl_sv_ctl_master(): info: Setting worker heartbeat to 120 seconds
1757022747.871273: 3938285-7f284ce85540: cdpl_server.c:6542: in cdpl_sv_ctl_master(): info: Setting worker heartbeat timeout to 3 heartbeats
1757022747.871275: 3938285-7f284ce85540: cdpl_compat_master.c:2090: in _parse_hostfile(): info: reading hostfile `/home/argershm/180-voltmeter/Analog/cc/synopsys_custom/pwdp_jobs/saeSession2_PrimeSimdefault.SimulationSimulation_cdpl.0.3938285/host_file'
1757022747.871299: 3938285-7f284ce85540: cdpl_compat_master.c:1900: in _hostfile_parser(): debug: parsing "1     |localhost|   -1  | /tmp | SH | sh"
1757022747.871313: 3938285-7f284ce85540: cdpl_farm.c:2578: in cdpl_farm_new_sh(): info: creating SH farm on localhost
1757022747.871319: 3938285-7f284ce85540: cdpl_compat_master.c:206: in _set_farm_env(): info: exporting CDPL_LOGDIR as `/home/argershm/180-voltmeter/Analog/cc/synopsys_custom/pwdp_jobs/saeSession2_PrimeSimdefault.SimulationSimulation_cdpl.0.3938285/logs'
1757022747.871321: 3938285-7f284ce85540: cdpl_compat_master.c:212: in _set_farm_env(): info: exporting CDPL_TMPDIR as `/tmp'
1757022747.871323: 3938285-7f284ce85540: cdpl_compat_master.c:235: in _set_farm_env(): info: exporting SNPSLMD_LICENSE_FILE as `27000@ece-lic-35.ece.ncsu.edu'
1757022747.871325: 3938285-7f284ce85540: cdpl_compat_master.c:259: in _set_farm_env(): info: exporting CDPL_OPTIONS as `[nowlogs]'
1757022747.871326: 3938285-7f284ce85540: cdpl_compat_master.c:266: in _set_farm_env(): info: exporting DISPLAY as `unix:23519'
1757022747.871328: 3938285-7f284ce85540: cdpl_compat_master.c:274: in _set_farm_env(): info: exporting CDPL_HEARTBEAT as `120'
1757022747.871338: 3938285-7f284ce85540: cdpl_farm.c:3149: in cdpl_farm_add_withdir(): debug: added `localhost' (capacity: unlimited)
1757022747.871340: 3938285-7f284ce85540: cdpl_compat_parse.c:147: in parsefile(): debug: read `/home/argershm/180-voltmeter/Analog/cc/synopsys_custom/pwdp_jobs/saeSession2_PrimeSimdefault.SimulationSimulation_cdpl.0.3938285/host_file', 2 lines
1757022747.871345: 3938285-7f284ce85540: cdpl_compat_master.c:2931: in cdplInitMaster(): info: bcast dir is `/home/argershm/180-voltmeter/Analog/cc/synopsys_custom/pwdp_jobs/saeSession2_PrimeSimdefault.SimulationSimulation_cdpl.0.3938285/logs'
1757022747.871391: 3938285-7f284ce85540: cdpl_server.c:6433: in cdpl_sv_ctl_master(): info: farm worker timeout set to 300
1757022747.871393: 3938285-7f284ce85540: cdpl_server.c:6486: in cdpl_sv_ctl_master(): info: maximum number of task execution attempts set to 1
1757022747.871407: 3938285-7f284ce85540: cdpl_server.c:3195: in cdpl_sv_start(): debug: starting server
1757022747.871411: 3938285-7f284ce85540: cdpl_ipc.c:3632: in cdpl_ipc_start(): debug: starting IPC server 152.14.98.53:40491
1757022747.871602: 3938285-7f2814cf9700: cdpl_server_ipc.c:1182: in _sv_ipc_thread(): debug: ready
1757022747.871693: 3938285-7f2803fff700: cdpl_monitor.c:426: in cdpl_mn_init_client(): info: creating client monitor instance
1757022747.871711: 3938285-7f2803fff700: cdpl_ipc.c:3475: in cdpl_ipc_init(): info: requesting IPv4 protocol
1757022747.875967: 3938285-7f2803fff700: cdpl_ipc.c:837: in _selectaddrfamily(): info: selected IPv4 protocol
1757022747.875989: 3938285-7f2803fff700: cdpl_ipc.c:1139: in _set_keepalive(): info: TCP keep alive interval: 300
1757022747.879177: 3938285-7f2803fff700: cdpl_ipc.c:3632: in cdpl_ipc_start(): debug: starting IPC server 152.14.98.53:37793
1757022747.879300: 3938285-7f2803fff700: cdpl_monitor.c:471: in cdpl_mn_init_client(): debug: incoming messages in /tmp/cdpl-monitor-Bw2MjJ
1757022747.879374: 3938285-7f2803fff700: cdpl_monitor.c:533: in cdpl_mn_connect(): debug: connecting to 152.14.98.53:40491
1757022747.879382: 3938285-7f2803fff700: cdpl_ipc.c:3789: in cdpl_ipc_connect(): info: connecting to 152.14.98.53:40491
1757022747.879441: 3938285-7f2803fff700: cdpl_ipc.c:3860: in cdpl_ipc_connect(): info: connected as `152.14.98.53:54864'
1757022747.879455: 3938285-7f2803fff700: cdpl_ipc.c:2503: in cdpl_ipc_host_accept(): debug: accepted host `152.14.98.53:40491'
1757022747.879481: 3938285-7f28154fa700: cdpl_ipc.c:1862: in _epoll_accept(): debug: new connection from `152.14.98.53:54864'
1757022747.879497: 3938285-7f2803fff700: cdpl_monitor.c:579: in cdpl_mn_connect(): debug: ok
1757022747.879521: 3938285-7f284ce85540: cdpl_server.c:731: in cdpl_sv_new_job(): info: new job J1 in M1
1757022747.879544: 3938285-7f284ce85540: cdpl_compat_master.c:1581: in _add_worker(): info: new worker type 10, min:1, max:3, cmd:`/home/argershm/180-voltmeter/Analog/cc/synopsys_custom/pwdp_jobs/saeSession2_PrimeSimdefault.SimulationSimulation_cdpl.0.3938285/START_WORKER pw_worker -i /home/argershm/180-voltmeter/Analog/cc/synopsys_custom/pwdp_j
1757022747.879556: 3938285-7f284ce85540: cdpl_server.c:908: in cdpl_sv_new_bin_withfarm(): info: new bin B1 in J1
1757022747.879568: 3938285-7f2814cf9700: cdpl_server_ipc.c:1225: in _sv_ipc_thread(): debug: received ACCEPT notification
1757022747.879579: 3938285-7f2814cf9700: cdpl_ipc.c:2503: in cdpl_ipc_host_accept(): debug: accepted host `152.14.98.53:54864'
1757022747.879594: 3938285-7f2814cf9700: cdpl_server_ipc.c:1256: in _sv_ipc_thread(): debug: received MONITOR message
1757022747.879710: 3938285-7f2814cf9700: cdpl_monitor.c:1207: in cdpl_mn_accept(): debug: accepted monitor `152.14.98.53:54864'
1757022747.879714: 3938285-7f2814cf9700: cdpl_server_ipc_mon.c:120: in _globalLOCK(): debug: ENTERTING GLOBAL LOCK
1757022747.879716: 3938285-7f2814cf9700: cdpl_server_ipc_mon.c:164: in _globalLOCK(): debug: global lock acquired
1757022747.879727: 3938285-7f2801ffb700: cdpl_monitor.c:910: in mn_systat(): debug: started
1757022747.880016: 3938285-7f2801ffb700: cdpl_monitor.c:937: in mn_systat(): debug: monitor server flush rate: 5
1757022748.680805: 3938285-7f2814cf9700: cdpl_server_ipc_mon.c:210: in _globalUNLOCK(): debug: LEAVING GLOBAL LOCK
1757022748.680825: 3938285-7f284ce85540: cdpl_server.c:3249: in cdpl_sv_start_job(): info: starting job J1
1757022748.680850: 3938285-7f284ce85540: cdpl_server.c:62: in _sv_start_bin(): debug: starting bin B1 (min: 0, max: 3)
1757022748.681015: 3938285-7f27ebfff700: cdpl_server_sched.c:2482: in _sv_scheduler_thread(): debug: scheduler for bin B1 started
1757022748.681052: 3938285-7f284ce85540: cdpl_server.c:1893: in _sv_gen_task(): info: new task T0 in B1 (prio 0)
1757022748.681086: 3938285-7f284ce85540: cdpl_server.c:2698: in cdpl_sv_label_task_va(): info: setting task T0 label to "PrimeSim_1|PrimeSim"
1757022748.681136: 3938285-7f27ebfff700: cdpl_server_sched.c:2443: in _scheduler_run(): debug: will start a new worker
1757022748.681173: 3938285-7f27ebfff700: cdpl_farm.c:3977: in cdpl_farm_submit(): debug: 1 running processes
1757022748.681176: 3938285-7f27ebfff700: cdpl_farm.c:3985: in cdpl_farm_submit(): debug: new command C1 in bin B1 assigned to host `localhost'
1757022748.681256: 3938285-7f27ebfff700: cdpl_server_sched.c:705: in _sv_launch_worker(): info: started worker W1 (as C1) in bin B1
1757022748.681269: 3938285-7f27eb7fe700: cdpl_farm.c:2139: in _schedule(): debug: started
1757022748.681281: 3938285-7f27eb7fe700: cdpl_farm.c:2303: in _schedule(): debug: submitting command C1 in bin B1
1757022748.681301: 3938285-7f27eb7fe700: cdpl_sh.c:49: in _sh_detached_submit(): info: SH : /home/argershm/180-voltmeter/Analog/cc/synopsys_custom/pwdp_jobs/saeSession2_PrimeSimdefault.SimulationSimulation_cdpl.0.3938285/START_WORKER pw_worker -i /home/argershm/180-voltmeter/Analog/cc/synopsys_custom/pwdp_jobs/saeSession2_PrimeSimdefault.SimulationSimulation_cdpl.0.3938285 -t 10000
1757022748.687588: 3938285-7f27eb7fe700: cdpl_farm.c:2343: in _schedule(): debug: C1 in bin B1 running on slot 0
1757022748.687622: 3938285-7f27eb7fe700: cdpl_farm.c:2167: in _schedule(): debug: idle
1757022748.693847: 3938285-7f284ce85540: cdpl_compat_master.c:5948: in cdplMasterLogInfo(): info: [non-CDPL log entry] PWDP3: reset pilot cache succeeded, pilot_key=saeSession2,1,PrimeSim_default|&/home/argershm/180-voltmeter/Analog/cc/simulation/gmid,gmid_nfet_3v3,schematic/history_1/simulation/PrimeSim_default/PrimeSimSPICE/parametric/results
1757022748.987698: 3938285-7f27eb7fe700: cdpl_farm.c:1193: in _onexit(): debug: C1 in bin B1 exited normally on slot 0
1757022749.802831: 3938285-7f28017fa700: cdpl_compat_master.c:5948: in cdplMasterLogInfo(): info: [non-CDPL log entry] PWDP - no-workers started ok check start!
1757022750.445943: 3938285-7f28154fa700: cdpl_ipc.c:1862: in _epoll_accept(): debug: new connection from `152.14.98.53:54878'
1757022750.446385: 3938285-7f2814cf9700: cdpl_server_ipc.c:1225: in _sv_ipc_thread(): debug: received ACCEPT notification
1757022750.446407: 3938285-7f2814cf9700: cdpl_ipc.c:2503: in cdpl_ipc_host_accept(): debug: accepted host `152.14.98.53:54878'
1757022750.446462: 3938285-7f2814cf9700: cdpl_server_ipc.c:1246: in _sv_ipc_thread(): debug: received HELLO message
1757022750.446464: 3938285-7f2814cf9700: cdpl_server_ipc.c:430: in _sv_on_hello(): debug: looking up W1
1757022750.446467: 3938285-7f2814cf9700: cdpl_server_ipc.c:540: in _sv_on_hello(): info: W1 is `152.14.98.53:54878'
1757022750.446469: 3938285-7f2814cf9700: cdpl_server_ipc.c:541: in _sv_on_hello(): debug: hello W1 (B1)
1757022750.446470: 3938285-7f2814cf9700: cdpl_server_ipc.c:542: in _sv_on_hello(): info: W1 log file is /dev/null
1757022750.446516: 3938285-7f2814cf9700: cdpl_server_ipc.c:602: in _sv_on_hello(): info: up to 1 alive workers in B1
1757022750.446525: 3938285-7f2814cf9700: cdpl_farm.c:878: in _release_cmd(): debug: freeing command C1 in bin B1
1757022750.446540: 3938285-7f27ebfff700: cdpl_server_sched.c:960: in _assign(): info: assigning task T0 to worker W1
1757022750.508939: 3938285-7f2814cf9700: cdpl_server_ipc.c:1268: in _sv_ipc_thread(): debug: received RELAY message
1757022750.508961: 3938285-7f2814cf9700: cdpl_server_ipc.c:713: in _sv_on_relay(): debug: RELAY message from W1, size = 65
1757022750.508965: 3938285-7f2814cf9700: cdpl_server_ipc.c:715: in _sv_on_relay(): debug: RELAY message from W1, content = 0$3938816 claws-compute3.ece.ncsu.edu 3938832 RUNNING 1757022750
1757022751.446576: 3938285-7f2814cf9700: cdpl_server_ipc.c:312: in _sv_on_heartbeat(): debug: received HEARTBEAT from worker W1 at 152.14.98.53:54878
1757022752.880716: 3938285-7f2803fff700: cdpl_monitor.c:533: in cdpl_mn_connect(): debug: connecting to 152.14.98.53:38177
1757022752.880727: 3938285-7f2803fff700: cdpl_ipc.c:3789: in cdpl_ipc_connect(): info: connecting to 152.14.98.53:38177
1757022752.880813: 3938285-7f2803fff700: cdpl_ipc.c:3860: in cdpl_ipc_connect(): info: connected as `152.14.98.53:37972'
1757022752.880820: 3938285-7f2803fff700: cdpl_ipc.c:2503: in cdpl_ipc_host_accept(): debug: accepted host `152.14.98.53:38177'
1757022752.880824: 3938285-7f2803fff700: cdpl_monitor.c:579: in cdpl_mn_connect(): debug: ok
1757022756.597156: 3938285-7f2814cf9700: cdpl_server_ipc.c:1268: in _sv_ipc_thread(): debug: received RELAY message
1757022756.597174: 3938285-7f2814cf9700: cdpl_server_ipc.c:713: in _sv_on_relay(): debug: RELAY message from W1, size = 52
1757022756.597176: 3938285-7f2814cf9700: cdpl_server_ipc.c:715: in _sv_on_relay(): debug: RELAY message from W1, content = WORKERDU|1168,/dev/mapper/rhel_claws--compute3-home
1757022756.597183: 3938285-7f2814cf9700: cdpl_server_ipc.c:1268: in _sv_ipc_thread(): debug: received RELAY message
1757022756.597185: 3938285-7f2814cf9700: cdpl_server_ipc.c:713: in _sv_on_relay(): debug: RELAY message from W1, size = 194
1757022756.597186: 3938285-7f2814cf9700: cdpl_server_ipc.c:715: in _sv_on_relay(): debug: RELAY message from W1, content = REQPILOT|saeSession2,1,PrimeSim_default|&/home/argershm/180-voltmeter/Analog/cc/simulation/gmid,gmid_nfet_3v3,schematic/history_1/simulation/PrimeSim_default/PrimeSimSPICE/parametric/results|&0
1757022756.597255: 3938285-7f28027fc700: cdpl_compat_master.c:5948: in cdplMasterLogInfo(): info: [non-CDPL log entry] PWDP send back 'DOPILOT' to worker id:1 key: saeSession2,1,PrimeSim_default|&/home/argershm/180-voltmeter/Analog/cc/simulation/gmid,gmid_nfet_3v3,schematic/history_1/simulation/PrimeSim_default/PrimeSimSPICE/parametric/results
1757022756.597398: 3938285-7f28027fc700: cdpl_compat_master.c:5948: in cdplMasterLogInfo(): info: [non-CDPL log entry] PWDP: set pilot doing!
1757022756.600725: 3938285-7f2814cf9700: cdpl_server_ipc.c:1268: in _sv_ipc_thread(): debug: received RELAY message
1757022756.600733: 3938285-7f2814cf9700: cdpl_server_ipc.c:713: in _sv_on_relay(): debug: RELAY message from W1, size = 190
1757022756.600735: 3938285-7f2814cf9700: cdpl_server_ipc.c:715: in _sv_on_relay(): debug: RELAY message from W1, content = PILOTOK|saeSession2,1,PrimeSim_default|&/home/argershm/180-voltmeter/Analog/cc/simulation/gmid,gmid_nfet_3v3,schematic/history_1/simulation/PrimeSim_default/PrimeSimSPICE/parametric/results
1757022756.600754: 3938285-7f28027fc700: cdpl_compat_master.c:5948: in cdplMasterLogInfo(): info: [non-CDPL log entry] PWDP: set pilot done!
1757022756.600844: 3938285-7f2814cf9700: cdpl_server_ipc.c:1268: in _sv_ipc_thread(): debug: received RELAY message
1757022756.600850: 3938285-7f2814cf9700: cdpl_server_ipc.c:713: in _sv_on_relay(): debug: RELAY message from W1, size = 18
1757022756.600853: 3938285-7f2814cf9700: cdpl_server_ipc.c:715: in _sv_on_relay(): debug: RELAY message from W1, content = 0$- - - MEASDOING
1757022756.817696: 3938285-7f2814cf9700: cdpl_server_ipc.c:1268: in _sv_ipc_thread(): debug: received RELAY message
1757022756.817705: 3938285-7f2814cf9700: cdpl_server_ipc.c:713: in _sv_on_relay(): debug: RELAY message from W1, size = 77
1757022756.817708: 3938285-7f2814cf9700: cdpl_server_ipc.c:715: in _sv_on_relay(): debug: RELAY message from W1, content = 0$3938816 claws-compute3.ece.ncsu.edu 3938832 FINISHED 1757022750|1757022756
1757022756.819122: 3938285-7f2814cf9700: cdpl_server_ipc.c:1268: in _sv_ipc_thread(): debug: received RELAY message
1757022756.819129: 3938285-7f2814cf9700: cdpl_server_ipc.c:713: in _sv_on_relay(): debug: RELAY message from W1, size = 192
1757022756.819132: 3938285-7f2814cf9700: cdpl_server_ipc.c:715: in _sv_on_relay(): debug: RELAY message from W1, content = PILOTDONE|saeSession2,1,PrimeSim_default|&/home/argershm/180-voltmeter/Analog/cc/simulation/gmid,gmid_nfet_3v3,schematic/history_1/simulation/PrimeSim_default/PrimeSimSPICE/parametric/results
1757022756.819159: 3938285-7f28027fc700: cdpl_compat_master.c:5948: in cdplMasterLogInfo(): info: [non-CDPL log entry] saeSession2,1,PrimeSim_default|&/home/argershm/180-voltmeter/Analog/cc/simulation/gmid,gmid_nfet_3v3,schematic/history_1/simulation/PrimeSim_default/PrimeSimSPICE/parametric/results PILOTDONE!
1757022756.819390: 3938285-7f2814cf9700: cdpl_server_ipc.c:1251: in _sv_ipc_thread(): debug: received FINISH message
1757022756.819395: 3938285-7f2814cf9700: cdpl_server_ipc.c:983: in _sv_on_finish(): info: worker W1 completed task T0
1757022756.819397: 3938285-7f2814cf9700: cdpl_server_ipc.c:988: in _sv_on_finish(): debug: stat T0: utime=3663 stime=2013
1757022756.819399: 3938285-7f2814cf9700: cdpl_server_ipc.c:993: in _sv_on_finish(): debug: statm T0: vsize=3054272 rss=1031432 shared=516328 text=474784 data=709372
1757022756.824112: 3938285-7f2814cf9700: cdpl_server_ipc.c:1268: in _sv_ipc_thread(): debug: received RELAY message
1757022756.824119: 3938285-7f2814cf9700: cdpl_server_ipc.c:713: in _sv_on_relay(): debug: RELAY message from W1, size = 50
1757022756.824121: 3938285-7f2814cf9700: cdpl_server_ipc.c:715: in _sv_on_relay(): debug: RELAY message from W1, content = WORKERDU|24,/dev/mapper/rhel_claws--compute3-home
1757022756.871311: 3938285-7f284ce85540: cdpl_server.c:227: in _sv_free_task_safe(): debug: freeing task T0
1757022758.403852: 3938285-7f284ce85540: cdpl_server.c:3008: in cdpl_sv_halt_job_errno(): info: killing job J1
1757022758.403870: 3938285-7f284ce85540: cdpl_server.c:3044: in cdpl_sv_halt_job_errno(): debug: signal bin B1 scheduler to stop
1757022758.403893: 3938285-7f27ebfff700: cdpl_server_sched.c:2484: in _sv_scheduler_thread(): debug: scheduler for bin B1 stopped
1757022758.403932: 3938285-7f27ebfff700: cdpl_ipc.c:1657: in _host_drop__UNSAFE(): debug: dropping host `152.14.98.53:54878'
1757022758.403978: 3938285-7f27ebfff700: cdpl_server_sched.c:2830: in _sv_drop_worker(): info: down to 0 alive workers in B1
1757022758.403991: 3938285-7f27ebfff700: cdpl_farm.c:4152: in cdpl_farm_dismiss(): debug: down to 0 running processes
1757022758.404000: 3938285-7f27ebfff700: cdpl_server_sched.c:121: in _free_worker_2(): debug: freeing worker W1
1757022758.404012: 3938285-7f27ebfff700: cdpl_ipc.c:2513: in cdpl_ipc_host_release(): debug: releasing host `152.14.98.53:54878'
1757022758.404320: 3938285-7f2814cf9700: cdpl_server_ipc.c:1236: in _sv_ipc_thread(): debug: received DROP notification
1757022758.404328: 3938285-7f284ce85540: cdpl_server.c:294: in _sv_free_job(): info: freeing job J1
1757022758.404335: 3938285-7f284ce85540: cdpl_server.c:92: in _sv_free_bin(): debug: freeing bin B1
1757022758.404371: 3938285-7f284ce85540: cdpl_monitor.c:515: in cdpl_mn_kill(): info: killing monitor
1757022758.404375: 3938285-7f284ce85540: cdpl_ipc.c:3677: in cdpl_ipc_kill(): debug: stopping event server
1757022758.404391: 3938285-7f28037fe700: cdpl_ipc.c:2386: in _epoll_main(): warning: received EPOLLERR/EPOLLHUP
1757022758.404405: 3938285-7f28037fe700: cdpl_ipc.c:2320: in _check_socket_error(): info: TCP_KEEPIDLE=7200 seconds TCP_KEEPINTVL=75 seconds TCP_KEEPCNT=9
1757022758.404425: 3938285-7f28037fe700: cdpl_ipc.c:1657: in _host_drop__UNSAFE(): debug: dropping host `152.14.98.53:38177'
1757022758.404431: 3938285-7f28154fa700: cdpl_ipc.c:775: in _readv(): warning: read(): EOF
1757022758.404443: 3938285-7f28037fe700: cdpl_ipc.c:2460: in _epoll_main(): debug: server going down...
1757022758.404471: 3938285-7f28154fa700: cdpl_ipc.c:2100: in _epoll_recv(): debug: _readv(): Broken pipe
1757022758.404475: 3938285-7f28154fa700: cdpl_ipc.c:2424: in _epoll_main(): debug: _epoll_recv(): Broken pipe
1757022758.404480: 3938285-7f28154fa700: cdpl_ipc.c:1657: in _host_drop__UNSAFE(): debug: dropping host `152.14.98.53:54864'
1757022758.404519: 3938285-7f28154fa700: cdpl_ipc.c:1582: in _host_free__UNSAFE(): debug: freeing host `152.14.98.53:54878'
1757022758.404522: 3938285-7f28154fa700: cdpl_ipc.c:1621: in _host_free__UNSAFE(): debug: [0 outq, 0 spR, 0 spW]
1757022758.404535: 3938285-7f2814cf9700: cdpl_server_ipc.c:1236: in _sv_ipc_thread(): debug: received DROP notification
1757022758.404548: 3938285-7f2814cf9700: cdpl_monitor.c:1269: in cdpl_mn_drop(): debug: detaching from monitor `152.14.98.53:54864'
1757022758.404553: 3938285-7f2814cf9700: cdpl_monitor.c:1101: in mn_systat_stop(): debug: joining systat thread
1757022758.404561: 3938285-7f2803fff700: cdpl_ipc.c:3728: in cdpl_ipc_free(): debug: releasing IPC handle
1757022758.404564: 3938285-7f2803fff700: cdpl_ipc.c:1582: in _host_free__UNSAFE(): debug: freeing host `152.14.98.53:38177'
1757022758.404566: 3938285-7f2803fff700: cdpl_ipc.c:1621: in _host_free__UNSAFE(): debug: [0 outq, 0 spR, 0 spW]
1757022758.404568: 3938285-7f2803fff700: cdpl_ipc.c:1582: in _host_free__UNSAFE(): debug: freeing host `152.14.98.53:40491'
1757022758.404570: 3938285-7f2803fff700: cdpl_ipc.c:1621: in _host_free__UNSAFE(): debug: [0 outq, 0 spR, 0 spW]
1757022758.404577: 3938285-7f2801ffb700: cdpl_monitor.c:1079: in mn_systat(): debug: exiting
1757022758.404585: 3938285-7f2803fff700: cdpl_ipc.c:3756: in cdpl_ipc_free(): warning: 2 host(s) were not released
1757022758.404589: 3938285-7f2814cf9700: cdpl_monitor.c:1103: in mn_systat_stop(): debug: systat thread done
1757022758.404592: 3938285-7f2814cf9700: cdpl_ipc.c:2513: in cdpl_ipc_host_release(): debug: releasing host `152.14.98.53:54864'
1757022758.404602: 3938285-7f2803fff700: cdpl_ipc.c:3767: in cdpl_ipc_free(): debug: done
1757022758.404603: 3938285-7f2803fff700: cdpl_monitor.c:1390: in cdpl_mn_free(): debug: freeing monitor client
1757022758.404742: 3938285-7f284ce85540: cdpl_farm.c:2740: in cdpl_farm_free(): info: freeing farm
1757022758.404765: 3938285-7f27eb7fe700: cdpl_farm.c:2231: in _schedule(): debug: end of idling
1757022758.404772: 3938285-7f27eb7fe700: cdpl_farm.c:2235: in _schedule(): debug: dying
1757022758.404818: 3938285-7f284ce85540: cdpl_farm.c:913: in _killall(): debug: killing all remaining commands
1757022758.404829: 3938285-7f284ce85540: cdpl_server.c:3144: in cdpl_sv_free(): info: freeing server S1034367763
1757022758.404843: 3938285-7f284ce85540: cdpl_server.c:3109: in cdpl_sv_kill_errno(): info: killing server
1757022758.404845: 3938285-7f284ce85540: cdpl_ipc.c:3677: in cdpl_ipc_kill(): debug: stopping event server
1757022758.404860: 3938285-7f2814cf9700: cdpl_server_ipc.c:1200: in _sv_ipc_thread(): debug: leaving now
1757022758.404866: 3938285-7f28154fa700: cdpl_ipc.c:2460: in _epoll_main(): debug: server going down...
1757022758.404875: 3938285-7f284ce85540: cdpl_server.c:334: in _sv_free_master(): info: freeing master M1
1757022758.404881: 3938285-7f284ce85540: cdpl_hash.c:68: in cdpl_h_destroy(): debug: put operations: 1
1757022758.404883: 3938285-7f284ce85540: cdpl_hash.c:69: in cdpl_h_destroy(): debug: put collisions: 0
1757022758.404884: 3938285-7f284ce85540: cdpl_hash.c:70: in cdpl_h_destroy(): debug: get operations: 1
1757022758.404886: 3938285-7f284ce85540: cdpl_hash.c:71: in cdpl_h_destroy(): debug: get iterations: 1
1757022758.404895: 3938285-7f284ce85540: cdpl_monitor.c:1390: in cdpl_mn_free(): debug: freeing monitor server
1757022758.404897: 3938285-7f284ce85540: cdpl_ipc.c:3728: in cdpl_ipc_free(): debug: releasing IPC handle
1757022758.404898: 3938285-7f284ce85540: cdpl_ipc.c:1582: in _host_free__UNSAFE(): debug: freeing host `152.14.98.53:54864'
1757022758.404900: 3938285-7f284ce85540: cdpl_ipc.c:1621: in _host_free__UNSAFE(): debug: [0 outq, 0 spR, 0 spW]
1757022758.404912: 3938285-7f284ce85540: cdpl_ipc.c:3767: in cdpl_ipc_free(): debug: done
1757022758.404917: 3938285-7f284ce85540: cdpl_log.c:481: in cdpl_log_close(): info: @@end_of_log@@
