1757104415.667826: 929634-7f912dfba540: cdpl_log.c:337: in cdpl_log_open(): info: @@start_of_log@@
1757104415.667850: 929634-7f912dfba540: cdpl_log.c:1058: in cdpl_log_dump_sysinfo(): info: time: 2025/09/05 16:33:35 EDT -0400
1757104415.667852: 929634-7f912dfba540: cdpl_log.c:1060: in cdpl_log_dump_sysinfo(): info: version: W-2024.09-SP1-2 
1757104415.667854: 929634-7f912dfba540: cdpl_log.c:1062: in cdpl_log_dump_sysinfo(): info: system: Linux 4.18.0-553.69.1.el8_10.x86_64 #1 SMP Thu Aug 7 18:10:00 EDT 2025
1757104415.667856: 929634-7f912dfba540: cdpl_log.c:1067: in cdpl_log_dump_sysinfo(): info: processor: x86_64 64-bits
1757104415.667857: 929634-7f912dfba540: cdpl_log.c:1071: in cdpl_log_dump_sysinfo(): info: hostname: claws-compute3.ece.ncsu.edu
1757104415.667858: 929634-7f912dfba540: cdpl_log.c:1073: in cdpl_log_dump_sysinfo(): info: program name: custom_shell
1757104415.667861: 929634-7f912dfba540: cdpl_log.c:340: in cdpl_log_open(): debug: path: /home/argershm/180-voltmeter/Analog/cc/synopsys_custom/pwdp_jobs/saeSession0_diffmodegain.SimulationSimulation_cdpl.0.929634/logs/master.claws-compute3.ece.ncsu.edu.929634.log
1757104415.667863: 929634-7f912dfba540: cdpl_log.c:341: in cdpl_log_open(): debug: dir: /home/argershm/180-voltmeter/Analog/cc/synopsys_custom/pwdp_jobs/saeSession0_diffmodegain.SimulationSimulation_cdpl.0.929634/logs
1757104415.667890: 929634-7f912dfba540: cdpl_server.c:536: in cdpl_sv_init(): info: new server S1974754467
1757104415.667900: 929634-7f912dfba540: cdpl_ipc.c:3475: in cdpl_ipc_init(): info: requesting IPv4 protocol
1757104415.673362: 929634-7f912dfba540: cdpl_ipc.c:837: in _selectaddrfamily(): info: selected IPv4 protocol
1757104415.673386: 929634-7f912dfba540: cdpl_ipc.c:1139: in _set_keepalive(): info: TCP keep alive interval: 300
1757104415.676120: 929634-7f912dfba540: cdpl_monitor.c:1117: in cdpl_mn_new_server(): info: creating server monitor instance
1757104415.676136: 929634-7f912dfba540: cdpl_server.c:650: in cdpl_sv_new_master(): info: new master M1
1757104415.676144: 929634-7f912dfba540: cdpl_server.c:6533: in cdpl_sv_ctl_master(): info: Setting worker heartbeat to 120 seconds
1757104415.676146: 929634-7f912dfba540: cdpl_server.c:6542: in cdpl_sv_ctl_master(): info: Setting worker heartbeat timeout to 3 heartbeats
1757104415.676148: 929634-7f912dfba540: cdpl_compat_master.c:2090: in _parse_hostfile(): info: reading hostfile `/home/argershm/180-voltmeter/Analog/cc/synopsys_custom/pwdp_jobs/saeSession0_diffmodegain.SimulationSimulation_cdpl.0.929634/host_file'
1757104415.676173: 929634-7f912dfba540: cdpl_compat_master.c:1900: in _hostfile_parser(): debug: parsing "1     |localhost|   -1  | /tmp | SH | sh"
1757104415.676187: 929634-7f912dfba540: cdpl_farm.c:2578: in cdpl_farm_new_sh(): info: creating SH farm on localhost
1757104415.676192: 929634-7f912dfba540: cdpl_compat_master.c:206: in _set_farm_env(): info: exporting CDPL_LOGDIR as `/home/argershm/180-voltmeter/Analog/cc/synopsys_custom/pwdp_jobs/saeSession0_diffmodegain.SimulationSimulation_cdpl.0.929634/logs'
1757104415.676194: 929634-7f912dfba540: cdpl_compat_master.c:212: in _set_farm_env(): info: exporting CDPL_TMPDIR as `/tmp'
1757104415.676197: 929634-7f912dfba540: cdpl_compat_master.c:235: in _set_farm_env(): info: exporting SNPSLMD_LICENSE_FILE as `27000@ece-lic-35.ece.ncsu.edu'
1757104415.676199: 929634-7f912dfba540: cdpl_compat_master.c:259: in _set_farm_env(): info: exporting CDPL_OPTIONS as `[nowlogs]'
1757104415.676200: 929634-7f912dfba540: cdpl_compat_master.c:266: in _set_farm_env(): info: exporting DISPLAY as `unix:6748'
1757104415.676202: 929634-7f912dfba540: cdpl_compat_master.c:274: in _set_farm_env(): info: exporting CDPL_HEARTBEAT as `120'
1757104415.676212: 929634-7f912dfba540: cdpl_farm.c:3149: in cdpl_farm_add_withdir(): debug: added `localhost' (capacity: unlimited)
1757104415.676214: 929634-7f912dfba540: cdpl_compat_parse.c:147: in parsefile(): debug: read `/home/argershm/180-voltmeter/Analog/cc/synopsys_custom/pwdp_jobs/saeSession0_diffmodegain.SimulationSimulation_cdpl.0.929634/host_file', 2 lines
1757104415.676216: 929634-7f912dfba540: cdpl_compat_master.c:2931: in cdplInitMaster(): info: bcast dir is `/home/argershm/180-voltmeter/Analog/cc/synopsys_custom/pwdp_jobs/saeSession0_diffmodegain.SimulationSimulation_cdpl.0.929634/logs'
1757104415.676270: 929634-7f912dfba540: cdpl_server.c:6433: in cdpl_sv_ctl_master(): info: farm worker timeout set to 300
1757104415.676273: 929634-7f912dfba540: cdpl_server.c:6486: in cdpl_sv_ctl_master(): info: maximum number of task execution attempts set to 1
1757104415.676287: 929634-7f912dfba540: cdpl_server.c:3195: in cdpl_sv_start(): debug: starting server
1757104415.676290: 929634-7f912dfba540: cdpl_ipc.c:3632: in cdpl_ipc_start(): debug: starting IPC server 152.14.98.53:33099
1757104415.676490: 929634-7f90e9e52700: cdpl_server_ipc.c:1182: in _sv_ipc_thread(): debug: ready
1757104415.676616: 929634-7f90e9651700: cdpl_monitor.c:426: in cdpl_mn_init_client(): info: creating client monitor instance
1757104415.676630: 929634-7f90e9651700: cdpl_ipc.c:3475: in cdpl_ipc_init(): info: requesting IPv4 protocol
1757104415.680875: 929634-7f90e9651700: cdpl_ipc.c:837: in _selectaddrfamily(): info: selected IPv4 protocol
1757104415.680895: 929634-7f90e9651700: cdpl_ipc.c:1139: in _set_keepalive(): info: TCP keep alive interval: 300
1757104415.683573: 929634-7f90e9651700: cdpl_ipc.c:3632: in cdpl_ipc_start(): debug: starting IPC server 152.14.98.53:45585
1757104415.683712: 929634-7f90e9651700: cdpl_monitor.c:471: in cdpl_mn_init_client(): debug: incoming messages in /tmp/cdpl-monitor-3SCu1o
1757104415.683842: 929634-7f90e9651700: cdpl_monitor.c:533: in cdpl_mn_connect(): debug: connecting to 152.14.98.53:33099
1757104415.683849: 929634-7f90e9651700: cdpl_ipc.c:3789: in cdpl_ipc_connect(): info: connecting to 152.14.98.53:33099
1757104415.683911: 929634-7f90e9651700: cdpl_ipc.c:3860: in cdpl_ipc_connect(): info: connected as `152.14.98.53:40730'
1757104415.683922: 929634-7f90e9651700: cdpl_ipc.c:2503: in cdpl_ipc_host_accept(): debug: accepted host `152.14.98.53:33099'
1757104415.683942: 929634-7f90ea653700: cdpl_ipc.c:1862: in _epoll_accept(): debug: new connection from `152.14.98.53:40730'
1757104415.683959: 929634-7f90e9651700: cdpl_monitor.c:579: in cdpl_mn_connect(): debug: ok
1757104415.683981: 929634-7f912dfba540: cdpl_server.c:731: in cdpl_sv_new_job(): info: new job J1 in M1
1757104415.683997: 929634-7f90e9e52700: cdpl_server_ipc.c:1225: in _sv_ipc_thread(): debug: received ACCEPT notification
1757104415.684005: 929634-7f912dfba540: cdpl_compat_master.c:1581: in _add_worker(): info: new worker type 10, min:1, max:3, cmd:`/home/argershm/180-voltmeter/Analog/cc/synopsys_custom/pwdp_jobs/saeSession0_diffmodegain.SimulationSimulation_cdpl.0.929634/START_WORKER pw_worker -i /home/argershm/180-voltmeter/Analog/cc/synopsys_custom/pwdp_jobs/
1757104415.684012: 929634-7f90e9e52700: cdpl_ipc.c:2503: in cdpl_ipc_host_accept(): debug: accepted host `152.14.98.53:40730'
1757104415.684017: 929634-7f90e9e52700: cdpl_server_ipc.c:1256: in _sv_ipc_thread(): debug: received MONITOR message
1757104415.684019: 929634-7f912dfba540: cdpl_server.c:908: in cdpl_sv_new_bin_withfarm(): info: new bin B1 in J1
1757104415.684181: 929634-7f90e9e52700: cdpl_monitor.c:1207: in cdpl_mn_accept(): debug: accepted monitor `152.14.98.53:40730'
1757104415.684186: 929634-7f90e9e52700: cdpl_server_ipc_mon.c:120: in _globalLOCK(): debug: ENTERTING GLOBAL LOCK
1757104415.684189: 929634-7f90e9e52700: cdpl_server_ipc_mon.c:164: in _globalLOCK(): debug: global lock acquired
1757104415.684191: 929634-7f90e2ffd700: cdpl_monitor.c:910: in mn_systat(): debug: started
1757104415.684446: 929634-7f90e2ffd700: cdpl_monitor.c:937: in mn_systat(): debug: monitor server flush rate: 5
1757104416.590319: 929634-7f90e9e52700: cdpl_server_ipc_mon.c:210: in _globalUNLOCK(): debug: LEAVING GLOBAL LOCK
1757104416.590337: 929634-7f912dfba540: cdpl_server.c:3249: in cdpl_sv_start_job(): info: starting job J1
1757104416.590366: 929634-7f912dfba540: cdpl_server.c:62: in _sv_start_bin(): debug: starting bin B1 (min: 0, max: 3)
1757104416.590475: 929634-7f90e17fa700: cdpl_server_sched.c:2482: in _sv_scheduler_thread(): debug: scheduler for bin B1 started
1757104416.590522: 929634-7f912dfba540: cdpl_server.c:1893: in _sv_gen_task(): info: new task T0 in B1 (prio 0)
1757104416.590561: 929634-7f912dfba540: cdpl_server.c:2698: in cdpl_sv_label_task_va(): info: setting task T0 label to "PrimeSim_1|PrimeSim"
1757104416.590614: 929634-7f90e17fa700: cdpl_server_sched.c:2443: in _scheduler_run(): debug: will start a new worker
1757104416.590658: 929634-7f90e17fa700: cdpl_farm.c:3977: in cdpl_farm_submit(): debug: 1 running processes
1757104416.590661: 929634-7f90e17fa700: cdpl_farm.c:3985: in cdpl_farm_submit(): debug: new command C1 in bin B1 assigned to host `localhost'
1757104416.590738: 929634-7f90e17fa700: cdpl_server_sched.c:705: in _sv_launch_worker(): info: started worker W1 (as C1) in bin B1
1757104416.590757: 929634-7f90e0ff9700: cdpl_farm.c:2139: in _schedule(): debug: started
1757104416.590763: 929634-7f90e0ff9700: cdpl_farm.c:2303: in _schedule(): debug: submitting command C1 in bin B1
1757104416.590780: 929634-7f90e0ff9700: cdpl_sh.c:49: in _sh_detached_submit(): info: SH : /home/argershm/180-voltmeter/Analog/cc/synopsys_custom/pwdp_jobs/saeSession0_diffmodegain.SimulationSimulation_cdpl.0.929634/START_WORKER pw_worker -i /home/argershm/180-voltmeter/Analog/cc/synopsys_custom/pwdp_jobs/saeSession0_diffmodegain.SimulationSimulation_cdpl.0.929634 -t 10000
1757104416.595844: 929634-7f90e0ff9700: cdpl_farm.c:2343: in _schedule(): debug: C1 in bin B1 running on slot 0
1757104416.595870: 929634-7f90e0ff9700: cdpl_farm.c:2167: in _schedule(): debug: idle
1757104416.604797: 929634-7f912dfba540: cdpl_compat_master.c:5948: in cdplMasterLogInfo(): info: [non-CDPL log entry] PWDP3: reset pilot cache succeeded, pilot_key=saeSession0,1,diff_mode_gain|&/home/argershm/180-voltmeter/Analog/cc/simulation/integrator,tb_main_opamp,schematic/history_1/simulation/diff_mode_gain/PrimeSimSPICE/nominal/results
1757104416.895943: 929634-7f90e0ff9700: cdpl_farm.c:1193: in _onexit(): debug: C1 in bin B1 exited normally on slot 0
1757104417.709170: 929634-7f90e27fc700: cdpl_compat_master.c:5948: in cdplMasterLogInfo(): info: [non-CDPL log entry] PWDP - no-workers started ok check start!
1757104418.357876: 929634-7f90ea653700: cdpl_ipc.c:1862: in _epoll_accept(): debug: new connection from `152.14.98.53:40366'
1757104418.357919: 929634-7f90e9e52700: cdpl_server_ipc.c:1225: in _sv_ipc_thread(): debug: received ACCEPT notification
1757104418.357932: 929634-7f90e9e52700: cdpl_ipc.c:2503: in cdpl_ipc_host_accept(): debug: accepted host `152.14.98.53:40366'
1757104418.357974: 929634-7f90e9e52700: cdpl_server_ipc.c:1246: in _sv_ipc_thread(): debug: received HELLO message
1757104418.357981: 929634-7f90e9e52700: cdpl_server_ipc.c:430: in _sv_on_hello(): debug: looking up W1
1757104418.357984: 929634-7f90e9e52700: cdpl_server_ipc.c:540: in _sv_on_hello(): info: W1 is `152.14.98.53:40366'
1757104418.357986: 929634-7f90e9e52700: cdpl_server_ipc.c:541: in _sv_on_hello(): debug: hello W1 (B1)
1757104418.357987: 929634-7f90e9e52700: cdpl_server_ipc.c:542: in _sv_on_hello(): info: W1 log file is /dev/null
1757104418.358040: 929634-7f90e9e52700: cdpl_server_ipc.c:602: in _sv_on_hello(): info: up to 1 alive workers in B1
1757104418.358053: 929634-7f90e9e52700: cdpl_farm.c:878: in _release_cmd(): debug: freeing command C1 in bin B1
1757104418.358067: 929634-7f90e17fa700: cdpl_server_sched.c:960: in _assign(): info: assigning task T0 to worker W1
1757104418.422253: 929634-7f90e9e52700: cdpl_server_ipc.c:1268: in _sv_ipc_thread(): debug: received RELAY message
1757104418.422268: 929634-7f90e9e52700: cdpl_server_ipc.c:713: in _sv_on_relay(): debug: RELAY message from W1, size = 63
1757104418.422271: 929634-7f90e9e52700: cdpl_server_ipc.c:715: in _sv_on_relay(): debug: RELAY message from W1, content = 0$932997 claws-compute3.ece.ncsu.edu 933077 RUNNING 1757104418
1757104419.358235: 929634-7f90e9e52700: cdpl_server_ipc.c:312: in _sv_on_heartbeat(): debug: received HEARTBEAT from worker W1 at 152.14.98.53:40366
1757104420.685352: 929634-7f90e9651700: cdpl_monitor.c:533: in cdpl_mn_connect(): debug: connecting to 152.14.98.53:43755
1757104420.685371: 929634-7f90e9651700: cdpl_ipc.c:3789: in cdpl_ipc_connect(): info: connecting to 152.14.98.53:43755
1757104420.685508: 929634-7f90e9651700: cdpl_ipc.c:3860: in cdpl_ipc_connect(): info: connected as `152.14.98.53:54600'
1757104420.685516: 929634-7f90e9651700: cdpl_ipc.c:2503: in cdpl_ipc_host_accept(): debug: accepted host `152.14.98.53:43755'
1757104420.685521: 929634-7f90e9651700: cdpl_monitor.c:579: in cdpl_mn_connect(): debug: ok
1757104424.608676: 929634-7f90e9e52700: cdpl_server_ipc.c:1268: in _sv_ipc_thread(): debug: received RELAY message
1757104424.608693: 929634-7f90e9e52700: cdpl_server_ipc.c:713: in _sv_on_relay(): debug: RELAY message from W1, size = 52
1757104424.608695: 929634-7f90e9e52700: cdpl_server_ipc.c:715: in _sv_on_relay(): debug: RELAY message from W1, content = WORKERDU|4452,/dev/mapper/rhel_claws--compute3-home
1757104424.608701: 929634-7f90e9e52700: cdpl_server_ipc.c:1268: in _sv_ipc_thread(): debug: received RELAY message
1757104424.608703: 929634-7f90e9e52700: cdpl_server_ipc.c:713: in _sv_on_relay(): debug: RELAY message from W1, size = 193
1757104424.608705: 929634-7f90e9e52700: cdpl_server_ipc.c:715: in _sv_on_relay(): debug: RELAY message from W1, content = REQPILOT|saeSession0,1,diff_mode_gain|&/home/argershm/180-voltmeter/Analog/cc/simulation/integrator,tb_main_opamp,schematic/history_1/simulation/diff_mode_gain/PrimeSimSPICE/nominal/results|&0
1757104424.608788: 929634-7f90e37fe700: cdpl_compat_master.c:5948: in cdplMasterLogInfo(): info: [non-CDPL log entry] PWDP send back 'DOPILOT' to worker id:1 key: saeSession0,1,diff_mode_gain|&/home/argershm/180-voltmeter/Analog/cc/simulation/integrator,tb_main_opamp,schematic/history_1/simulation/diff_mode_gain/PrimeSimSPICE/nominal/results
1757104424.609002: 929634-7f90e37fe700: cdpl_compat_master.c:5948: in cdplMasterLogInfo(): info: [non-CDPL log entry] PWDP: set pilot doing!
1757104424.612483: 929634-7f90e9e52700: cdpl_server_ipc.c:1268: in _sv_ipc_thread(): debug: received RELAY message
1757104424.612491: 929634-7f90e9e52700: cdpl_server_ipc.c:713: in _sv_on_relay(): debug: RELAY message from W1, size = 189
1757104424.612494: 929634-7f90e9e52700: cdpl_server_ipc.c:715: in _sv_on_relay(): debug: RELAY message from W1, content = PILOTOK|saeSession0,1,diff_mode_gain|&/home/argershm/180-voltmeter/Analog/cc/simulation/integrator,tb_main_opamp,schematic/history_1/simulation/diff_mode_gain/PrimeSimSPICE/nominal/results
1757104424.612623: 929634-7f90e37fe700: cdpl_compat_master.c:5948: in cdplMasterLogInfo(): info: [non-CDPL log entry] PWDP: set pilot done!
1757104424.612779: 929634-7f90e9e52700: cdpl_server_ipc.c:1268: in _sv_ipc_thread(): debug: received RELAY message
1757104424.612785: 929634-7f90e9e52700: cdpl_server_ipc.c:713: in _sv_on_relay(): debug: RELAY message from W1, size = 18
1757104424.612788: 929634-7f90e9e52700: cdpl_server_ipc.c:715: in _sv_on_relay(): debug: RELAY message from W1, content = 0$- - - MEASDOING
1757104424.881987: 929634-7f90e9e52700: cdpl_server_ipc.c:1268: in _sv_ipc_thread(): debug: received RELAY message
1757104424.881996: 929634-7f90e9e52700: cdpl_server_ipc.c:713: in _sv_on_relay(): debug: RELAY message from W1, size = 75
1757104424.881998: 929634-7f90e9e52700: cdpl_server_ipc.c:715: in _sv_on_relay(): debug: RELAY message from W1, content = 0$932997 claws-compute3.ece.ncsu.edu 933077 FINISHED 1757104418|1757104424
1757104424.883200: 929634-7f90e9e52700: cdpl_server_ipc.c:1268: in _sv_ipc_thread(): debug: received RELAY message
1757104424.883207: 929634-7f90e9e52700: cdpl_server_ipc.c:713: in _sv_on_relay(): debug: RELAY message from W1, size = 191
1757104424.883209: 929634-7f90e9e52700: cdpl_server_ipc.c:715: in _sv_on_relay(): debug: RELAY message from W1, content = PILOTDONE|saeSession0,1,diff_mode_gain|&/home/argershm/180-voltmeter/Analog/cc/simulation/integrator,tb_main_opamp,schematic/history_1/simulation/diff_mode_gain/PrimeSimSPICE/nominal/results
1757104424.883224: 929634-7f90e37fe700: cdpl_compat_master.c:5948: in cdplMasterLogInfo(): info: [non-CDPL log entry] saeSession0,1,diff_mode_gain|&/home/argershm/180-voltmeter/Analog/cc/simulation/integrator,tb_main_opamp,schematic/history_1/simulation/diff_mode_gain/PrimeSimSPICE/nominal/results PILOTDONE!
1757104424.883491: 929634-7f90e9e52700: cdpl_server_ipc.c:1251: in _sv_ipc_thread(): debug: received FINISH message
1757104424.883496: 929634-7f90e9e52700: cdpl_server_ipc.c:983: in _sv_on_finish(): info: worker W1 completed task T0
1757104424.883498: 929634-7f90e9e52700: cdpl_server_ipc.c:988: in _sv_on_finish(): debug: stat T0: utime=3839 stime=2013
1757104424.883500: 929634-7f90e9e52700: cdpl_server_ipc.c:993: in _sv_on_finish(): debug: statm T0: vsize=3054760 rss=1043108 shared=519648 text=474784 data=709880
1757104424.888224: 929634-7f90e9e52700: cdpl_server_ipc.c:1268: in _sv_ipc_thread(): debug: received RELAY message
1757104424.888229: 929634-7f90e9e52700: cdpl_server_ipc.c:713: in _sv_on_relay(): debug: RELAY message from W1, size = 50
1757104424.888232: 929634-7f90e9e52700: cdpl_server_ipc.c:715: in _sv_on_relay(): debug: RELAY message from W1, content = WORKERDU|20,/dev/mapper/rhel_claws--compute3-home
1757104424.971704: 929634-7f912dfba540: cdpl_server.c:227: in _sv_free_task_safe(): debug: freeing task T0
1757104425.310098: 929634-7f912dfba540: cdpl_server.c:3008: in cdpl_sv_halt_job_errno(): info: killing job J1
1757104425.310122: 929634-7f912dfba540: cdpl_server.c:3044: in cdpl_sv_halt_job_errno(): debug: signal bin B1 scheduler to stop
1757104425.310145: 929634-7f90e17fa700: cdpl_server_sched.c:2484: in _sv_scheduler_thread(): debug: scheduler for bin B1 stopped
1757104425.310171: 929634-7f90e17fa700: cdpl_ipc.c:1657: in _host_drop__UNSAFE(): debug: dropping host `152.14.98.53:40366'
1757104425.310214: 929634-7f90e17fa700: cdpl_server_sched.c:2830: in _sv_drop_worker(): info: down to 0 alive workers in B1
1757104425.310221: 929634-7f90e17fa700: cdpl_farm.c:4152: in cdpl_farm_dismiss(): debug: down to 0 running processes
1757104425.310225: 929634-7f90e9e52700: cdpl_server_ipc.c:1236: in _sv_ipc_thread(): debug: received DROP notification
1757104425.310241: 929634-7f90e17fa700: cdpl_server_sched.c:121: in _free_worker_2(): debug: freeing worker W1
1757104425.310252: 929634-7f90e17fa700: cdpl_ipc.c:2513: in cdpl_ipc_host_release(): debug: releasing host `152.14.98.53:40366'
1757104425.310254: 929634-7f90e17fa700: cdpl_ipc.c:2529: in cdpl_ipc_host_release(): debug: scheduling for immediate release
1757104425.310268: 929634-7f912dfba540: cdpl_server.c:294: in _sv_free_job(): info: freeing job J1
1757104425.310271: 929634-7f912dfba540: cdpl_server.c:92: in _sv_free_bin(): debug: freeing bin B1
1757104425.310307: 929634-7f912dfba540: cdpl_monitor.c:515: in cdpl_mn_kill(): info: killing monitor
1757104425.310314: 929634-7f912dfba540: cdpl_ipc.c:3677: in cdpl_ipc_kill(): debug: stopping event server
1757104425.310343: 929634-7f90ea653700: cdpl_ipc.c:775: in _readv(): warning: read(): EOF
1757104425.310363: 929634-7f90ea653700: cdpl_ipc.c:2100: in _epoll_recv(): debug: _readv(): Broken pipe
1757104425.310365: 929634-7f90ea653700: cdpl_ipc.c:2424: in _epoll_main(): debug: _epoll_recv(): Broken pipe
1757104425.310369: 929634-7f90ea653700: cdpl_ipc.c:1657: in _host_drop__UNSAFE(): debug: dropping host `152.14.98.53:40730'
1757104425.310394: 929634-7f90ea653700: cdpl_ipc.c:1582: in _host_free__UNSAFE(): debug: freeing host `152.14.98.53:40366'
1757104425.310396: 929634-7f90ea653700: cdpl_ipc.c:1621: in _host_free__UNSAFE(): debug: [0 outq, 0 spR, 0 spW]
1757104425.310509: 929634-7f90e9e52700: cdpl_server_ipc.c:1236: in _sv_ipc_thread(): debug: received DROP notification
1757104425.310519: 929634-7f90e8e50700: cdpl_ipc.c:2460: in _epoll_main(): debug: server going down...
1757104425.310530: 929634-7f90e9e52700: cdpl_monitor.c:1269: in cdpl_mn_drop(): debug: detaching from monitor `152.14.98.53:40730'
1757104425.310537: 929634-7f90e9e52700: cdpl_monitor.c:1101: in mn_systat_stop(): debug: joining systat thread
1757104425.310617: 929634-7f90e2ffd700: cdpl_monitor.c:1079: in mn_systat(): debug: exiting
1757104425.310630: 929634-7f90e9e52700: cdpl_monitor.c:1103: in mn_systat_stop(): debug: systat thread done
1757104425.310633: 929634-7f90e9e52700: cdpl_ipc.c:2513: in cdpl_ipc_host_release(): debug: releasing host `152.14.98.53:40730'
1757104425.310725: 929634-7f90e9651700: cdpl_ipc.c:3728: in cdpl_ipc_free(): debug: releasing IPC handle
1757104425.310732: 929634-7f90e9651700: cdpl_ipc.c:1582: in _host_free__UNSAFE(): debug: freeing host `152.14.98.53:43755'
1757104425.310734: 929634-7f90e9651700: cdpl_ipc.c:1621: in _host_free__UNSAFE(): debug: [0 outq, 0 spR, 0 spW]
1757104425.310749: 929634-7f90e9651700: cdpl_ipc.c:1582: in _host_free__UNSAFE(): debug: freeing host `152.14.98.53:33099'
1757104425.310751: 929634-7f90e9651700: cdpl_ipc.c:1621: in _host_free__UNSAFE(): debug: [0 outq, 0 spR, 0 spW]
1757104425.310759: 929634-7f90e9651700: cdpl_ipc.c:3756: in cdpl_ipc_free(): warning: 2 host(s) were not released
1757104425.310775: 929634-7f90e9651700: cdpl_ipc.c:3767: in cdpl_ipc_free(): debug: done
1757104425.310777: 929634-7f90e9651700: cdpl_monitor.c:1390: in cdpl_mn_free(): debug: freeing monitor client
1757104425.310864: 929634-7f912dfba540: cdpl_farm.c:2740: in cdpl_farm_free(): info: freeing farm
1757104425.310883: 929634-7f90e0ff9700: cdpl_farm.c:2231: in _schedule(): debug: end of idling
1757104425.310889: 929634-7f90e0ff9700: cdpl_farm.c:2235: in _schedule(): debug: dying
1757104425.310927: 929634-7f912dfba540: cdpl_farm.c:913: in _killall(): debug: killing all remaining commands
1757104425.310938: 929634-7f912dfba540: cdpl_server.c:3144: in cdpl_sv_free(): info: freeing server S1974754467
1757104425.310955: 929634-7f912dfba540: cdpl_server.c:3109: in cdpl_sv_kill_errno(): info: killing server
1757104425.310959: 929634-7f912dfba540: cdpl_ipc.c:3677: in cdpl_ipc_kill(): debug: stopping event server
1757104425.310966: 929634-7f90ea653700: cdpl_ipc.c:2460: in _epoll_main(): debug: server going down...
1757104425.310972: 929634-7f90e9e52700: cdpl_server_ipc.c:1200: in _sv_ipc_thread(): debug: leaving now
1757104425.310983: 929634-7f912dfba540: cdpl_server.c:334: in _sv_free_master(): info: freeing master M1
1757104425.310991: 929634-7f912dfba540: cdpl_hash.c:68: in cdpl_h_destroy(): debug: put operations: 1
1757104425.310994: 929634-7f912dfba540: cdpl_hash.c:69: in cdpl_h_destroy(): debug: put collisions: 0
1757104425.310995: 929634-7f912dfba540: cdpl_hash.c:70: in cdpl_h_destroy(): debug: get operations: 1
1757104425.310998: 929634-7f912dfba540: cdpl_hash.c:71: in cdpl_h_destroy(): debug: get iterations: 1
1757104425.311008: 929634-7f912dfba540: cdpl_monitor.c:1390: in cdpl_mn_free(): debug: freeing monitor server
1757104425.311011: 929634-7f912dfba540: cdpl_ipc.c:3728: in cdpl_ipc_free(): debug: releasing IPC handle
1757104425.311013: 929634-7f912dfba540: cdpl_ipc.c:1582: in _host_free__UNSAFE(): debug: freeing host `152.14.98.53:40730'
1757104425.311015: 929634-7f912dfba540: cdpl_ipc.c:1621: in _host_free__UNSAFE(): debug: [0 outq, 0 spR, 0 spW]
1757104425.311028: 929634-7f912dfba540: cdpl_ipc.c:3767: in cdpl_ipc_free(): debug: done
1757104425.311034: 929634-7f912dfba540: cdpl_log.c:481: in cdpl_log_close(): info: @@end_of_log@@
