[18:47:56.40] /o 
              /c                                    pw_worker™ 
              /c 
              /c                Version W-2024.09-SP1-2 for linux64 - Jan 15, 2025
              /c              Based on Custom Infrastructure
              /c Version W-2024.09-SP1-2
              /c 
              /c                     Copyright (c) 2004 - 2025 Synopsys, Inc.
              /c    This software and the associated documentation are proprietary to Synopsys,
              /c  Inc. This software may only be used in accordance with the terms and conditions
              /c  of a written license agreement with Synopsys, Inc. All other use, reproduction,
              /c    or distribution of this software is strictly prohibited.  Licensed Products
              /c      communicate with Synopsys servers for the purpose of providing software
              /c     updates, detecting software piracy and verifying that customers are using
              /c     Licensed Products in conformity with the applicable License Key for such
              /c   Licensed Products. Synopsys will use information gathered in connection with
              /c     this process to deliver software updates and pursue software pirates and
              /c                                    infringers.
              /c 
              /c  Inclusivity & Diversity - Visit SolvNetPlus to read the "Synopsys Statement on
              /c             Inclusivity and Diversity" (Refer to article 000036315 at
              /c                         https://solvnetplus.synopsys.com)
              /c 
              /c Build  (OPT) Config 11252589 compiled on Wed Jan 15 11:01:36 2025 for AlmaLinux 8.4
              /c Invocation: /mnt/apps/public/COE/synopsys_apps/primewave/W-2024.09-SP1-2/linux64/platform/bin/custom_shell -application pw_worker -gui 0 -localDir /home/argershm/180-voltmeter/Analog/cc/synopsys_custom/pwdp_jobs/saeSession4_diffmodegain.SimulationSimulation_cdpl.2.2931556/logs/w2
              /c Execution time: Sat Sep  6 18:47:54 2025
              /c Host: claws-compute3.ece.ncsu.edu
              /c Working directory: /home/argershm/180-voltmeter/Analog/cc
              /c 
[18:48:06.56] /m Information: Registering ICV PERC package...
[18:48:06.56] /w Warning: Error: "Job group named 'PrimeWave' already exists under this parent." (IPC-100)
[18:48:06.88] /o #####New Worker job begin - Self history dir=/home/argershm/180-voltmeter/Analog/cc/simulation/integrator,tb_main_opamp,schematic
[18:48:07.07] /o source /home/argershm/180-voltmeter/Analog/cc/synopsys_custom/pwdp_jobs/saeSession4_diffmodegain.SimulationSimulation_cdpl.2.2931556/ccFile.tcl OK
[18:48:07.07] /o LibDefs : /home/argershm/180-voltmeter/Analog/cc/lib.defs
[18:48:07.32] /o new worker create session at loading state!
[18:48:07.32] /o history_1
[18:48:07.36] /m Information: Info: Waveform format selected is PSF. Synopsys recommends using the WDF format with the <HSPICE/FineSim> simulator.
              /c WDF is an optimal format that improves viewing performance and reduces disk usage while PSF is a 3rd party format and support "as-is".
              /c To change the format, open the Setup -> Environment menu and select the WDF format. (PW-642)
[18:48:07.54] /o Loading: Callback files...
[18:48:07.54] /o 
              /c [INFO] : Loading display.tcl from /mnt/designkits/gf180MCU/dk_ncsu/gf180mcu_cc_0.1/Models_HSPICE
              /c 
              /c  if you wish to Load other display.tcl, please set shell environment valiable "iPDK_load_display_gf180mcu" to value = 0
[18:48:07.54] /o 
[18:48:07.60] /w Warning: Could not set the value of preference xtEMIRLPEStarTcadGrdFile because it does not exist. (PREFERENCE-016)
[18:48:07.60] /o 	#######################################
[18:48:07.60] /o 	CC-PDK Library Name	: gf180MCU Open
[18:48:07.60] /o 	#######################################
[18:48:07.60] /o 
[18:48:07.72] /o source /home/argershm/180-voltmeter/Analog/cc/simulation/integrator,tb_main_opamp,schematic/history_1/.nw_preference_script.tcl OK!
[18:48:07.73] /o DSPF Options: {hierDelim==|}||{termDelim==:}||{fingerChar==@}||{multiplierString==_nettran_}||{aggregateCurrent==1}||{MOSTermNames==d g s b}||{MOSTermOrder==D G S B}||{MOSTermDspfNames==DRC GATE SRC BULK}||{firstChars==XM}||{probeHierDelim==/}||{caseSensitive==1}||{firstChar==M}||{hierPrefix==X}||{nodePrefix==M}||{plotTermVoltageForNet==0}||{mapNetToMosTerminal==}||{mapSlashDelimToDot==1}||{probePortCurrent==1}||{busBit==[]}||{removeNodePrefix==1}||{nlConDelim==.}||{mosModelType==auto}||{keepSchName==0}
[18:48:07.73] /o _workerLoadStateAction done!
[18:48:07.74] /o pw_worker _createCalculateEngine got job!
[18:48:07.74] /o pw_worker _createCalculateEngine OK!
[18:48:07.75] /o _getSimulationDetails : 
[18:48:07.75] /o tbName=diff_mode_gain, Mtb=0
[18:48:07.75] /o Got stb tb ok!
[18:48:07.75] /o Self resultsDir: ./simulation
[18:48:07.75] /o Self databaseDir: /home/argershm/180-voltmeter/Analog/cc/simulation/integrator,tb_main_opamp,schematic/history_1/simulation/diff_mode_gain/PrimeSimSPICE/parametric/results
[18:48:07.76] /o source /mnt/apps/public/COE/synopsys_apps/primewave/W-2024.09-SP1-2/auxx/sae/matlab_script.tcl OK
[18:48:07.91] /o _createResultsMap done!
[18:48:07.92] /o ###write_child - resultsDir=/home/argershm/180-voltmeter/Analog/cc/simulation/integrator,tb_main_opamp,schematic/history_1/simulation/diff_mode_gain/PrimeSimSPICE/parametric/L=1u/results
              /c  masterResultsDir=/home/argershm/180-voltmeter/Analog/cc/simulation/integrator,tb_main_opamp,schematic/history_1/simulation/diff_mode_gain/PrimeSimSPICE/parametric/results
              /c  databaseDir=/home/argershm/180-voltmeter/Analog/cc/simulation/integrator,tb_main_opamp,schematic/history_1/simulation/diff_mode_gain/PrimeSimSPICE/parametric/results
              /c  UniqueName=saeSession4, isPilot=false
[18:48:07.92] /o 
[18:48:07.97] /o pw_worker child CE begin!
[18:48:07.97] /o pw_worker invokes measurement finished.
[18:48:07.97] /o pw_worker writeSimMap finsied.
[18:48:07.97] /o _simulationDoneAction done without exception!
[18:48:08.38] /o New Worker New CE ready proc entered.
[18:48:09.16] /o touch /home/argershm/180-voltmeter/Analog/cc/simulation/integrator,tb_main_opamp,schematic/history_1/simulation/diff_mode_gain/PrimeSimSPICE/parametric/L=1u/results/.unitedSimFinished
[18:48:09.16] /o Calc Job Done!
[18:48:09.16] /o New Worker New CE exit
[18:48:09.27] /o #####New Worker job begin - Self history dir=/home/argershm/180-voltmeter/Analog/cc/simulation/integrator,tb_main_opamp,schematic
[18:48:09.40] /o pw_worker _createCalculateEngine got job!
[18:48:09.40] /o pw_worker _createCalculateEngine OK!
[18:48:10.71] /o New Worker New CE ready proc entered.
[18:48:10.90] /o _getSimulationDetails : 
[18:48:10.90] /o tbName=diff_mode_gain, Mtb=0
[18:48:10.90] /o Got stb tb ok!
[18:48:10.90] /o Self resultsDir: ./simulation
[18:48:10.90] /o Self databaseDir: /home/argershm/180-voltmeter/Analog/cc/simulation/integrator,tb_main_opamp,schematic/history_1/simulation/diff_mode_gain/PrimeSimSPICE/parametric/results
[18:48:10.99] /o _createResultsMap done!
[18:48:10.99] /o ###write_child - resultsDir=/home/argershm/180-voltmeter/Analog/cc/simulation/integrator,tb_main_opamp,schematic/history_1/simulation/diff_mode_gain/PrimeSimSPICE/parametric/L=1/results
              /c  masterResultsDir=/home/argershm/180-voltmeter/Analog/cc/simulation/integrator,tb_main_opamp,schematic/history_1/simulation/diff_mode_gain/PrimeSimSPICE/parametric/results
              /c  databaseDir=/home/argershm/180-voltmeter/Analog/cc/simulation/integrator,tb_main_opamp,schematic/history_1/simulation/diff_mode_gain/PrimeSimSPICE/parametric/results
              /c  UniqueName=saeSession4, isPilot=false
[18:48:10.99] /o 
[18:48:11.00] /o pw_worker child CE begin!
[18:48:11.00] /o pw_worker invokes measurement finished.
[18:48:11.00] /o pw_worker writeSimMap finsied.
[18:48:11.00] /o _simulationDoneAction done without exception!
[18:48:11.10] /o Got file /home/argershm/180-voltmeter/Analog/cc/simulation/integrator,tb_main_opamp,schematic/history_1/simulation/diff_mode_gain/PrimeSimSPICE/parametric/L=1/results/.ceFinished
[18:48:11.40] /o touch /home/argershm/180-voltmeter/Analog/cc/simulation/integrator,tb_main_opamp,schematic/history_1/simulation/diff_mode_gain/PrimeSimSPICE/parametric/L=1/results/.unitedSimFinished
[18:48:11.40] /o Calc Job Done!
[18:48:11.40] /o New Worker New CE exit
[18:48:11.58] /o #####New Worker job begin - Self history dir=/home/argershm/180-voltmeter/Analog/cc/simulation/integrator,tb_main_opamp,schematic
[18:48:11.71] /o pw_worker _createCalculateEngine got job!
[18:48:11.71] /o pw_worker _createCalculateEngine OK!
[18:48:12.91] /o New Worker New CE ready proc entered.
[18:48:13.08] /o _getSimulationDetails : 
[18:48:13.08] /o tbName=diff_mode_gain, Mtb=0
[18:48:13.08] /o Got stb tb ok!
[18:48:13.08] /o Self resultsDir: ./simulation
[18:48:13.08] /o Self databaseDir: /home/argershm/180-voltmeter/Analog/cc/simulation/integrator,tb_main_opamp,schematic/history_1/simulation/diff_mode_gain/PrimeSimSPICE/parametric/results
[18:48:13.17] /o _createResultsMap done!
[18:48:13.17] /o ###write_child - resultsDir=/home/argershm/180-voltmeter/Analog/cc/simulation/integrator,tb_main_opamp,schematic/history_1/simulation/diff_mode_gain/PrimeSimSPICE/parametric/L=1.99526u/results
              /c  masterResultsDir=/home/argershm/180-voltmeter/Analog/cc/simulation/integrator,tb_main_opamp,schematic/history_1/simulation/diff_mode_gain/PrimeSimSPICE/parametric/results
              /c  databaseDir=/home/argershm/180-voltmeter/Analog/cc/simulation/integrator,tb_main_opamp,schematic/history_1/simulation/diff_mode_gain/PrimeSimSPICE/parametric/results
              /c  UniqueName=saeSession4, isPilot=false
[18:48:13.17] /o 
[18:48:13.18] /o pw_worker child CE begin!
[18:48:13.18] /o pw_worker invokes measurement finished.
[18:48:13.18] /o pw_worker writeSimMap finsied.
[18:48:13.18] /o _simulationDoneAction done without exception!
[18:48:13.28] /o Got file /home/argershm/180-voltmeter/Analog/cc/simulation/integrator,tb_main_opamp,schematic/history_1/simulation/diff_mode_gain/PrimeSimSPICE/parametric/L=1.99526u/results/.ceFinished
[18:48:13.59] /o touch /home/argershm/180-voltmeter/Analog/cc/simulation/integrator,tb_main_opamp,schematic/history_1/simulation/diff_mode_gain/PrimeSimSPICE/parametric/L=1.99526u/results/.unitedSimFinished
[18:48:13.59] /o Calc Job Done!
[18:48:13.59] /o New Worker New CE exit
[18:48:13.77] /o #####New Worker job begin - Self history dir=/home/argershm/180-voltmeter/Analog/cc/simulation/integrator,tb_main_opamp,schematic
[18:48:13.90] /o pw_worker _createCalculateEngine got job!
[18:48:13.90] /o pw_worker _createCalculateEngine OK!
[18:48:15.10] /o New Worker New CE ready proc entered.
[18:48:15.28] /o _getSimulationDetails : 
[18:48:15.28] /o tbName=diff_mode_gain, Mtb=0
[18:48:15.28] /o Got stb tb ok!
[18:48:15.28] /o Self resultsDir: ./simulation
[18:48:15.28] /o Self databaseDir: /home/argershm/180-voltmeter/Analog/cc/simulation/integrator,tb_main_opamp,schematic/history_1/simulation/diff_mode_gain/PrimeSimSPICE/parametric/results
[18:48:15.36] /o _createResultsMap done!
[18:48:15.36] /o ###write_child - resultsDir=/home/argershm/180-voltmeter/Analog/cc/simulation/integrator,tb_main_opamp,schematic/history_1/simulation/diff_mode_gain/PrimeSimSPICE/parametric/L=3.98107u/results
              /c  masterResultsDir=/home/argershm/180-voltmeter/Analog/cc/simulation/integrator,tb_main_opamp,schematic/history_1/simulation/diff_mode_gain/PrimeSimSPICE/parametric/results
              /c  databaseDir=/home/argershm/180-voltmeter/Analog/cc/simulation/integrator,tb_main_opamp,schematic/history_1/simulation/diff_mode_gain/PrimeSimSPICE/parametric/results
              /c  UniqueName=saeSession4, isPilot=false
[18:48:15.36] /o 
[18:48:15.37] /o pw_worker child CE begin!
[18:48:15.37] /o pw_worker invokes measurement finished.
[18:48:15.37] /o pw_worker writeSimMap finsied.
[18:48:15.37] /o _simulationDoneAction done without exception!
[18:48:15.47] /o Got file /home/argershm/180-voltmeter/Analog/cc/simulation/integrator,tb_main_opamp,schematic/history_1/simulation/diff_mode_gain/PrimeSimSPICE/parametric/L=3.98107u/results/.ceFinished
[18:48:15.78] /o touch /home/argershm/180-voltmeter/Analog/cc/simulation/integrator,tb_main_opamp,schematic/history_1/simulation/diff_mode_gain/PrimeSimSPICE/parametric/L=3.98107u/results/.unitedSimFinished
[18:48:15.78] /o Calc Job Done!
[18:48:15.78] /o New Worker New CE exit
[18:48:15.97] /o #####New Worker job begin - Self history dir=/home/argershm/180-voltmeter/Analog/cc/simulation/integrator,tb_main_opamp,schematic
[18:48:16.10] /o pw_worker _createCalculateEngine got job!
[18:48:16.10] /o pw_worker _createCalculateEngine OK!
[18:48:17.31] /o New Worker New CE ready proc entered.
[18:48:17.50] /o _getSimulationDetails : 
[18:48:17.50] /o tbName=diff_mode_gain, Mtb=0
[18:48:17.50] /o Got stb tb ok!
[18:48:17.50] /o Self resultsDir: ./simulation
[18:48:17.50] /o Self databaseDir: /home/argershm/180-voltmeter/Analog/cc/simulation/integrator,tb_main_opamp,schematic/history_1/simulation/diff_mode_gain/PrimeSimSPICE/parametric/results
[18:48:17.58] /o _createResultsMap done!
[18:48:17.58] /o ###write_child - resultsDir=/home/argershm/180-voltmeter/Analog/cc/simulation/integrator,tb_main_opamp,schematic/history_1/simulation/diff_mode_gain/PrimeSimSPICE/parametric/L=7.94328u/results
              /c  masterResultsDir=/home/argershm/180-voltmeter/Analog/cc/simulation/integrator,tb_main_opamp,schematic/history_1/simulation/diff_mode_gain/PrimeSimSPICE/parametric/results
              /c  databaseDir=/home/argershm/180-voltmeter/Analog/cc/simulation/integrator,tb_main_opamp,schematic/history_1/simulation/diff_mode_gain/PrimeSimSPICE/parametric/results
              /c  UniqueName=saeSession4, isPilot=false
[18:48:17.58] /o 
[18:48:17.59] /o pw_worker child CE begin!
[18:48:17.59] /o pw_worker invokes measurement finished.
[18:48:17.59] /o pw_worker writeSimMap finsied.
[18:48:17.59] /o _simulationDoneAction done without exception!
[18:48:17.69] /o Got file /home/argershm/180-voltmeter/Analog/cc/simulation/integrator,tb_main_opamp,schematic/history_1/simulation/diff_mode_gain/PrimeSimSPICE/parametric/L=7.94328u/results/.ceFinished
[18:48:18.00] /o touch /home/argershm/180-voltmeter/Analog/cc/simulation/integrator,tb_main_opamp,schematic/history_1/simulation/diff_mode_gain/PrimeSimSPICE/parametric/L=7.94328u/results/.unitedSimFinished
[18:48:18.00] /o Calc Job Done!
[18:48:18.00] /o New Worker New CE exit
[18:48:18.17] /o #####New Worker job begin - Self history dir=/home/argershm/180-voltmeter/Analog/cc/simulation/integrator,tb_main_opamp,schematic
[18:48:18.30] /o pw_worker _createCalculateEngine got job!
[18:48:18.30] /o pw_worker _createCalculateEngine OK!
[18:48:19.51] /o New Worker New CE ready proc entered.
[18:48:19.69] /o _getSimulationDetails : 
[18:48:19.69] /o tbName=diff_mode_gain, Mtb=0
[18:48:19.69] /o Got stb tb ok!
[18:48:19.69] /o Self resultsDir: ./simulation
[18:48:19.69] /o Self databaseDir: /home/argershm/180-voltmeter/Analog/cc/simulation/integrator,tb_main_opamp,schematic/history_1/simulation/diff_mode_gain/PrimeSimSPICE/parametric/results
[18:48:19.77] /o _createResultsMap done!
[18:48:19.77] /o ###write_child - resultsDir=/home/argershm/180-voltmeter/Analog/cc/simulation/integrator,tb_main_opamp,schematic/history_1/simulation/diff_mode_gain/PrimeSimSPICE/parametric/L=15.8489u/results
              /c  masterResultsDir=/home/argershm/180-voltmeter/Analog/cc/simulation/integrator,tb_main_opamp,schematic/history_1/simulation/diff_mode_gain/PrimeSimSPICE/parametric/results
              /c  databaseDir=/home/argershm/180-voltmeter/Analog/cc/simulation/integrator,tb_main_opamp,schematic/history_1/simulation/diff_mode_gain/PrimeSimSPICE/parametric/results
              /c  UniqueName=saeSession4, isPilot=false
[18:48:19.77] /o 
[18:48:19.78] /o pw_worker child CE begin!
[18:48:19.78] /o pw_worker invokes measurement finished.
[18:48:19.78] /o pw_worker writeSimMap finsied.
[18:48:19.78] /o _simulationDoneAction done without exception!
[18:48:19.88] /o Got file /home/argershm/180-voltmeter/Analog/cc/simulation/integrator,tb_main_opamp,schematic/history_1/simulation/diff_mode_gain/PrimeSimSPICE/parametric/L=15.8489u/results/.ceFinished
[18:48:20.19] /o touch /home/argershm/180-voltmeter/Analog/cc/simulation/integrator,tb_main_opamp,schematic/history_1/simulation/diff_mode_gain/PrimeSimSPICE/parametric/L=15.8489u/results/.unitedSimFinished
[18:48:20.19] /o Calc Job Done!
[18:48:20.19] /o New Worker New CE exit
[18:48:20.37] /o #####New Worker job begin - Self history dir=/home/argershm/180-voltmeter/Analog/cc/simulation/integrator,tb_main_opamp,schematic
[18:48:20.50] /o pw_worker _createCalculateEngine got job!
[18:48:20.50] /o pw_worker _createCalculateEngine OK!
[18:48:21.71] /o New Worker New CE ready proc entered.
[18:48:21.88] /o _getSimulationDetails : 
[18:48:21.88] /o tbName=diff_mode_gain, Mtb=0
[18:48:21.88] /o Got stb tb ok!
[18:48:21.88] /o Self resultsDir: ./simulation
[18:48:21.88] /o Self databaseDir: /home/argershm/180-voltmeter/Analog/cc/simulation/integrator,tb_main_opamp,schematic/history_1/simulation/diff_mode_gain/PrimeSimSPICE/parametric/results
[18:48:21.96] /o _createResultsMap done!
[18:48:21.96] /o ###write_child - resultsDir=/home/argershm/180-voltmeter/Analog/cc/simulation/integrator,tb_main_opamp,schematic/history_1/simulation/diff_mode_gain/PrimeSimSPICE/parametric/L=31.6228u/results
              /c  masterResultsDir=/home/argershm/180-voltmeter/Analog/cc/simulation/integrator,tb_main_opamp,schematic/history_1/simulation/diff_mode_gain/PrimeSimSPICE/parametric/results
              /c  databaseDir=/home/argershm/180-voltmeter/Analog/cc/simulation/integrator,tb_main_opamp,schematic/history_1/simulation/diff_mode_gain/PrimeSimSPICE/parametric/results
              /c  UniqueName=saeSession4, isPilot=false
[18:48:21.96] /o 
[18:48:21.97] /o pw_worker child CE begin!
[18:48:21.97] /o pw_worker invokes measurement finished.
[18:48:21.97] /o pw_worker writeSimMap finsied.
[18:48:21.97] /o _simulationDoneAction done without exception!
[18:48:22.07] /o Got file /home/argershm/180-voltmeter/Analog/cc/simulation/integrator,tb_main_opamp,schematic/history_1/simulation/diff_mode_gain/PrimeSimSPICE/parametric/L=31.6228u/results/.ceFinished
[18:48:22.38] /o touch /home/argershm/180-voltmeter/Analog/cc/simulation/integrator,tb_main_opamp,schematic/history_1/simulation/diff_mode_gain/PrimeSimSPICE/parametric/L=31.6228u/results/.unitedSimFinished
[18:48:22.38] /o Calc Job Done!
[18:48:22.38] /o New Worker New CE exit
[18:48:22.57] /o #####New Worker job begin - Self history dir=/home/argershm/180-voltmeter/Analog/cc/simulation/integrator,tb_main_opamp,schematic
[18:48:22.70] /o pw_worker _createCalculateEngine got job!
[18:48:22.70] /o pw_worker _createCalculateEngine OK!
[18:48:24.01] /o New Worker New CE ready proc entered.
[18:48:24.17] /o _getSimulationDetails : 
[18:48:24.17] /o tbName=diff_mode_gain, Mtb=0
[18:48:24.17] /o Got stb tb ok!
[18:48:24.17] /o Self resultsDir: ./simulation
[18:48:24.17] /o Self databaseDir: /home/argershm/180-voltmeter/Analog/cc/simulation/integrator,tb_main_opamp,schematic/history_1/simulation/diff_mode_gain/PrimeSimSPICE/parametric/results
[18:48:24.29] /o _createResultsMap done!
[18:48:24.30] /o ###write_child - resultsDir=/home/argershm/180-voltmeter/Analog/cc/simulation/integrator,tb_main_opamp,schematic/history_1/simulation/diff_mode_gain/PrimeSimSPICE/parametric/L=50.1187u/results
              /c  masterResultsDir=/home/argershm/180-voltmeter/Analog/cc/simulation/integrator,tb_main_opamp,schematic/history_1/simulation/diff_mode_gain/PrimeSimSPICE/parametric/results
              /c  databaseDir=/home/argershm/180-voltmeter/Analog/cc/simulation/integrator,tb_main_opamp,schematic/history_1/simulation/diff_mode_gain/PrimeSimSPICE/parametric/results
              /c  UniqueName=saeSession4, isPilot=false
[18:48:24.30] /o 
[18:48:24.31] /o pw_worker child CE begin!
[18:48:24.31] /o pw_worker invokes measurement finished.
[18:48:24.31] /o pw_worker writeSimMap finsied.
[18:48:24.31] /o _simulationDoneAction done without exception!
[18:48:24.41] /o Got file /home/argershm/180-voltmeter/Analog/cc/simulation/integrator,tb_main_opamp,schematic/history_1/simulation/diff_mode_gain/PrimeSimSPICE/parametric/L=50.1187u/results/.ceFinished
[18:48:24.71] /o touch /home/argershm/180-voltmeter/Analog/cc/simulation/integrator,tb_main_opamp,schematic/history_1/simulation/diff_mode_gain/PrimeSimSPICE/parametric/L=50.1187u/results/.unitedSimFinished
[18:48:24.71] /o Calc Job Done!
[18:48:24.71] /o New Worker New CE exit
[18:48:24.89] /o #####New Worker job begin - Self history dir=/home/argershm/180-voltmeter/Analog/cc/simulation/integrator,tb_main_opamp,schematic
[18:48:25.01] /o pw_worker _createCalculateEngine got job!
[18:48:25.01] /o pw_worker _createCalculateEngine OK!
[18:48:26.22] /o New Worker New CE ready proc entered.
[18:48:26.39] /o _getSimulationDetails : 
[18:48:26.39] /o tbName=diff_mode_gain, Mtb=0
[18:48:26.39] /o Got stb tb ok!
[18:48:26.39] /o Self resultsDir: ./simulation
[18:48:26.39] /o Self databaseDir: /home/argershm/180-voltmeter/Analog/cc/simulation/integrator,tb_main_opamp,schematic/history_1/simulation/diff_mode_gain/PrimeSimSPICE/parametric/results
[18:48:26.47] /o _createResultsMap done!
[18:48:26.48] /o ###write_child - resultsDir=/home/argershm/180-voltmeter/Analog/cc/simulation/integrator,tb_main_opamp,schematic/history_1/simulation/diff_mode_gain/PrimeSimSPICE/parametric/L=0.1m/results
              /c  masterResultsDir=/home/argershm/180-voltmeter/Analog/cc/simulation/integrator,tb_main_opamp,schematic/history_1/simulation/diff_mode_gain/PrimeSimSPICE/parametric/results
              /c  databaseDir=/home/argershm/180-voltmeter/Analog/cc/simulation/integrator,tb_main_opamp,schematic/history_1/simulation/diff_mode_gain/PrimeSimSPICE/parametric/results
              /c  UniqueName=saeSession4, isPilot=false
[18:48:26.48] /o 
[18:48:26.49] /o pw_worker child CE begin!
[18:48:26.49] /o pw_worker invokes measurement finished.
[18:48:26.49] /o pw_worker writeSimMap finsied.
[18:48:26.49] /o _simulationDoneAction done without exception!
[18:48:26.59] /o Got file /home/argershm/180-voltmeter/Analog/cc/simulation/integrator,tb_main_opamp,schematic/history_1/simulation/diff_mode_gain/PrimeSimSPICE/parametric/L=0.1m/results/.ceFinished
[18:48:26.90] /o touch /home/argershm/180-voltmeter/Analog/cc/simulation/integrator,tb_main_opamp,schematic/history_1/simulation/diff_mode_gain/PrimeSimSPICE/parametric/L=0.1m/results/.unitedSimFinished
[18:48:26.90] /o Calc Job Done!
[18:48:26.90] /o New Worker New CE exit
[18:48:27.07] /o #####New Worker job begin - Self history dir=/home/argershm/180-voltmeter/Analog/cc/simulation/integrator,tb_main_opamp,schematic
[18:48:27.20] /o pw_worker _createCalculateEngine got job!
[18:48:27.20] /o pw_worker _createCalculateEngine OK!
[18:48:28.51] /o New Worker New CE ready proc entered.
[18:48:28.69] /o _getSimulationDetails : 
[18:48:28.69] /o tbName=diff_mode_gain, Mtb=0
[18:48:28.69] /o Got stb tb ok!
[18:48:28.69] /o Self resultsDir: ./simulation
[18:48:28.69] /o Self databaseDir: /home/argershm/180-voltmeter/Analog/cc/simulation/integrator,tb_main_opamp,schematic/history_1/simulation/diff_mode_gain/PrimeSimSPICE/parametric/results
[18:48:28.77] /o _createResultsMap done!
[18:48:28.77] /o ###write_child - resultsDir=/home/argershm/180-voltmeter/Analog/cc/simulation/integrator,tb_main_opamp,schematic/history_1/simulation/diff_mode_gain/PrimeSimSPICE/parametric/L=0.199526m/results
              /c  masterResultsDir=/home/argershm/180-voltmeter/Analog/cc/simulation/integrator,tb_main_opamp,schematic/history_1/simulation/diff_mode_gain/PrimeSimSPICE/parametric/results
              /c  databaseDir=/home/argershm/180-voltmeter/Analog/cc/simulation/integrator,tb_main_opamp,schematic/history_1/simulation/diff_mode_gain/PrimeSimSPICE/parametric/results
              /c  UniqueName=saeSession4, isPilot=false
[18:48:28.77] /o 
[18:48:28.78] /o pw_worker child CE begin!
[18:48:28.78] /o pw_worker invokes measurement finished.
[18:48:28.78] /o pw_worker writeSimMap finsied.
[18:48:28.78] /o _simulationDoneAction done without exception!
[18:48:28.88] /o Got file /home/argershm/180-voltmeter/Analog/cc/simulation/integrator,tb_main_opamp,schematic/history_1/simulation/diff_mode_gain/PrimeSimSPICE/parametric/L=0.199526m/results/.ceFinished
[18:48:29.19] /o touch /home/argershm/180-voltmeter/Analog/cc/simulation/integrator,tb_main_opamp,schematic/history_1/simulation/diff_mode_gain/PrimeSimSPICE/parametric/L=0.199526m/results/.unitedSimFinished
[18:48:29.19] /o Calc Job Done!
[18:48:29.19] /o New Worker New CE exit
[18:48:29.37] /o #####New Worker job begin - Self history dir=/home/argershm/180-voltmeter/Analog/cc/simulation/integrator,tb_main_opamp,schematic
[18:48:29.49] /o pw_worker _createCalculateEngine got job!
[18:48:29.49] /o pw_worker _createCalculateEngine OK!
[18:48:30.70] /o New Worker New CE ready proc entered.
[18:48:30.88] /o _getSimulationDetails : 
[18:48:30.88] /o tbName=diff_mode_gain, Mtb=0
[18:48:30.88] /o Got stb tb ok!
[18:48:30.88] /o Self resultsDir: ./simulation
[18:48:30.88] /o Self databaseDir: /home/argershm/180-voltmeter/Analog/cc/simulation/integrator,tb_main_opamp,schematic/history_1/simulation/diff_mode_gain/PrimeSimSPICE/parametric/results
[18:48:30.98] /o _createResultsMap done!
[18:48:30.98] /o ###write_child - resultsDir=/home/argershm/180-voltmeter/Analog/cc/simulation/integrator,tb_main_opamp,schematic/history_1/simulation/diff_mode_gain/PrimeSimSPICE/parametric/L=0.398107m/results
              /c  masterResultsDir=/home/argershm/180-voltmeter/Analog/cc/simulation/integrator,tb_main_opamp,schematic/history_1/simulation/diff_mode_gain/PrimeSimSPICE/parametric/results
              /c  databaseDir=/home/argershm/180-voltmeter/Analog/cc/simulation/integrator,tb_main_opamp,schematic/history_1/simulation/diff_mode_gain/PrimeSimSPICE/parametric/results
              /c  UniqueName=saeSession4, isPilot=false
[18:48:30.98] /o 
[18:48:30.99] /o pw_worker child CE begin!
[18:48:30.99] /o pw_worker invokes measurement finished.
[18:48:30.99] /o pw_worker writeSimMap finsied.
[18:48:30.99] /o _simulationDoneAction done without exception!
[18:48:31.09] /o Got file /home/argershm/180-voltmeter/Analog/cc/simulation/integrator,tb_main_opamp,schematic/history_1/simulation/diff_mode_gain/PrimeSimSPICE/parametric/L=0.398107m/results/.ceFinished
[18:48:31.40] /o touch /home/argershm/180-voltmeter/Analog/cc/simulation/integrator,tb_main_opamp,schematic/history_1/simulation/diff_mode_gain/PrimeSimSPICE/parametric/L=0.398107m/results/.unitedSimFinished
[18:48:31.40] /o Calc Job Done!
[18:48:31.40] /o New Worker New CE exit
[18:48:31.57] /o #####New Worker job begin - Self history dir=/home/argershm/180-voltmeter/Analog/cc/simulation/integrator,tb_main_opamp,schematic
[18:48:31.70] /o pw_worker _createCalculateEngine got job!
[18:48:31.70] /o pw_worker _createCalculateEngine OK!
[18:48:33.00] /o New Worker New CE ready proc entered.
[18:48:33.17] /o _getSimulationDetails : 
[18:48:33.17] /o tbName=diff_mode_gain, Mtb=0
[18:48:33.17] /o Got stb tb ok!
[18:48:33.17] /o Self resultsDir: ./simulation
[18:48:33.17] /o Self databaseDir: /home/argershm/180-voltmeter/Analog/cc/simulation/integrator,tb_main_opamp,schematic/history_1/simulation/diff_mode_gain/PrimeSimSPICE/parametric/results
[18:48:33.26] /o _createResultsMap done!
[18:48:33.26] /o ###write_child - resultsDir=/home/argershm/180-voltmeter/Analog/cc/simulation/integrator,tb_main_opamp,schematic/history_1/simulation/diff_mode_gain/PrimeSimSPICE/parametric/L=0.794328m/results
              /c  masterResultsDir=/home/argershm/180-voltmeter/Analog/cc/simulation/integrator,tb_main_opamp,schematic/history_1/simulation/diff_mode_gain/PrimeSimSPICE/parametric/results
              /c  databaseDir=/home/argershm/180-voltmeter/Analog/cc/simulation/integrator,tb_main_opamp,schematic/history_1/simulation/diff_mode_gain/PrimeSimSPICE/parametric/results
              /c  UniqueName=saeSession4, isPilot=false
[18:48:33.26] /o 
[18:48:33.27] /o pw_worker child CE begin!
[18:48:33.27] /o pw_worker invokes measurement finished.
[18:48:33.27] /o pw_worker writeSimMap finsied.
[18:48:33.27] /o _simulationDoneAction done without exception!
[18:48:33.37] /o Got file /home/argershm/180-voltmeter/Analog/cc/simulation/integrator,tb_main_opamp,schematic/history_1/simulation/diff_mode_gain/PrimeSimSPICE/parametric/L=0.794328m/results/.ceFinished
[18:48:33.68] /o touch /home/argershm/180-voltmeter/Analog/cc/simulation/integrator,tb_main_opamp,schematic/history_1/simulation/diff_mode_gain/PrimeSimSPICE/parametric/L=0.794328m/results/.unitedSimFinished
[18:48:33.68] /o Calc Job Done!
[18:48:33.68] /o New Worker New CE exit
[18:48:33.87] /o #####New Worker job begin - Self history dir=/home/argershm/180-voltmeter/Analog/cc/simulation/integrator,tb_main_opamp,schematic
[18:48:34.00] /o pw_worker _createCalculateEngine got job!
[18:48:34.00] /o pw_worker _createCalculateEngine OK!
[18:48:35.21] /o New Worker New CE ready proc entered.
[18:48:35.38] /o _getSimulationDetails : 
[18:48:35.38] /o tbName=diff_mode_gain, Mtb=0
[18:48:35.38] /o Got stb tb ok!
[18:48:35.38] /o Self resultsDir: ./simulation
[18:48:35.38] /o Self databaseDir: /home/argershm/180-voltmeter/Analog/cc/simulation/integrator,tb_main_opamp,schematic/history_1/simulation/diff_mode_gain/PrimeSimSPICE/parametric/results
[18:48:35.46] /o _createResultsMap done!
[18:48:35.46] /o ###write_child - resultsDir=/home/argershm/180-voltmeter/Analog/cc/simulation/integrator,tb_main_opamp,schematic/history_1/simulation/diff_mode_gain/PrimeSimSPICE/parametric/L=1.58489m/results
              /c  masterResultsDir=/home/argershm/180-voltmeter/Analog/cc/simulation/integrator,tb_main_opamp,schematic/history_1/simulation/diff_mode_gain/PrimeSimSPICE/parametric/results
              /c  databaseDir=/home/argershm/180-voltmeter/Analog/cc/simulation/integrator,tb_main_opamp,schematic/history_1/simulation/diff_mode_gain/PrimeSimSPICE/parametric/results
              /c  UniqueName=saeSession4, isPilot=false
[18:48:35.46] /o 
[18:48:35.47] /o pw_worker child CE begin!
[18:48:35.47] /o pw_worker invokes measurement finished.
[18:48:35.47] /o pw_worker writeSimMap finsied.
[18:48:35.47] /o _simulationDoneAction done without exception!
[18:48:35.57] /o Got file /home/argershm/180-voltmeter/Analog/cc/simulation/integrator,tb_main_opamp,schematic/history_1/simulation/diff_mode_gain/PrimeSimSPICE/parametric/L=1.58489m/results/.ceFinished
[18:48:35.87] /o touch /home/argershm/180-voltmeter/Analog/cc/simulation/integrator,tb_main_opamp,schematic/history_1/simulation/diff_mode_gain/PrimeSimSPICE/parametric/L=1.58489m/results/.unitedSimFinished
[18:48:35.87] /o Calc Job Done!
[18:48:35.87] /o New Worker New CE exit
[18:48:36.07] /o #####New Worker job begin - Self history dir=/home/argershm/180-voltmeter/Analog/cc/simulation/integrator,tb_main_opamp,schematic
[18:48:36.19] /o pw_worker _createCalculateEngine got job!
[18:48:36.19] /o pw_worker _createCalculateEngine OK!
[18:48:37.51] /o New Worker New CE ready proc entered.
[18:48:37.68] /o _getSimulationDetails : 
[18:48:37.68] /o tbName=diff_mode_gain, Mtb=0
[18:48:37.68] /o Got stb tb ok!
[18:48:37.68] /o Self resultsDir: ./simulation
[18:48:37.68] /o Self databaseDir: /home/argershm/180-voltmeter/Analog/cc/simulation/integrator,tb_main_opamp,schematic/history_1/simulation/diff_mode_gain/PrimeSimSPICE/parametric/results
[18:48:37.78] /o _createResultsMap done!
[18:48:37.79] /o ###write_child - resultsDir=/home/argershm/180-voltmeter/Analog/cc/simulation/integrator,tb_main_opamp,schematic/history_1/simulation/diff_mode_gain/PrimeSimSPICE/parametric/L=3.16228m/results
              /c  masterResultsDir=/home/argershm/180-voltmeter/Analog/cc/simulation/integrator,tb_main_opamp,schematic/history_1/simulation/diff_mode_gain/PrimeSimSPICE/parametric/results
              /c  databaseDir=/home/argershm/180-voltmeter/Analog/cc/simulation/integrator,tb_main_opamp,schematic/history_1/simulation/diff_mode_gain/PrimeSimSPICE/parametric/results
              /c  UniqueName=saeSession4, isPilot=false
[18:48:37.79] /o 
[18:48:37.80] /o pw_worker child CE begin!
[18:48:37.80] /o pw_worker invokes measurement finished.
[18:48:37.80] /o pw_worker writeSimMap finsied.
[18:48:37.80] /o _simulationDoneAction done without exception!
[18:48:37.90] /o Got file /home/argershm/180-voltmeter/Analog/cc/simulation/integrator,tb_main_opamp,schematic/history_1/simulation/diff_mode_gain/PrimeSimSPICE/parametric/L=3.16228m/results/.ceFinished
[18:48:38.20] /o touch /home/argershm/180-voltmeter/Analog/cc/simulation/integrator,tb_main_opamp,schematic/history_1/simulation/diff_mode_gain/PrimeSimSPICE/parametric/L=3.16228m/results/.unitedSimFinished
[18:48:38.20] /o Calc Job Done!
[18:48:38.20] /o New Worker New CE exit
[18:48:38.38] /o #####New Worker job begin - Self history dir=/home/argershm/180-voltmeter/Analog/cc/simulation/integrator,tb_main_opamp,schematic
[18:48:38.50] /o pw_worker _createCalculateEngine got job!
[18:48:38.50] /o pw_worker _createCalculateEngine OK!
[18:48:39.71] /o New Worker New CE ready proc entered.
[18:48:39.89] /o _getSimulationDetails : 
[18:48:39.89] /o tbName=diff_mode_gain, Mtb=0
[18:48:39.89] /o Got stb tb ok!
[18:48:39.89] /o Self resultsDir: ./simulation
[18:48:39.89] /o Self databaseDir: /home/argershm/180-voltmeter/Analog/cc/simulation/integrator,tb_main_opamp,schematic/history_1/simulation/diff_mode_gain/PrimeSimSPICE/parametric/results
[18:48:39.97] /o _createResultsMap done!
[18:48:39.98] /o ###write_child - resultsDir=/home/argershm/180-voltmeter/Analog/cc/simulation/integrator,tb_main_opamp,schematic/history_1/simulation/diff_mode_gain/PrimeSimSPICE/parametric/L=7.94328m/results
              /c  masterResultsDir=/home/argershm/180-voltmeter/Analog/cc/simulation/integrator,tb_main_opamp,schematic/history_1/simulation/diff_mode_gain/PrimeSimSPICE/parametric/results
              /c  databaseDir=/home/argershm/180-voltmeter/Analog/cc/simulation/integrator,tb_main_opamp,schematic/history_1/simulation/diff_mode_gain/PrimeSimSPICE/parametric/results
              /c  UniqueName=saeSession4, isPilot=false
[18:48:39.98] /o 
[18:48:39.99] /o pw_worker child CE begin!
[18:48:39.99] /o pw_worker invokes measurement finished.
[18:48:39.99] /o pw_worker writeSimMap finsied.
[18:48:39.99] /o _simulationDoneAction done without exception!
[18:48:40.09] /o Got file /home/argershm/180-voltmeter/Analog/cc/simulation/integrator,tb_main_opamp,schematic/history_1/simulation/diff_mode_gain/PrimeSimSPICE/parametric/L=7.94328m/results/.ceFinished
[18:48:40.39] /o touch /home/argershm/180-voltmeter/Analog/cc/simulation/integrator,tb_main_opamp,schematic/history_1/simulation/diff_mode_gain/PrimeSimSPICE/parametric/L=7.94328m/results/.unitedSimFinished
[18:48:40.39] /o Calc Job Done!
[18:48:40.39] /o New Worker New CE exit
[18:48:40.57] /o #####New Worker job begin - Self history dir=/home/argershm/180-voltmeter/Analog/cc/simulation/integrator,tb_main_opamp,schematic
[18:48:40.70] /o pw_worker _createCalculateEngine got job!
[18:48:40.70] /o pw_worker _createCalculateEngine OK!
[18:48:42.00] /o New Worker New CE ready proc entered.
[18:48:42.18] /o _getSimulationDetails : 
[18:48:42.18] /o tbName=diff_mode_gain, Mtb=0
[18:48:42.18] /o Got stb tb ok!
[18:48:42.18] /o Self resultsDir: ./simulation
[18:48:42.18] /o Self databaseDir: /home/argershm/180-voltmeter/Analog/cc/simulation/integrator,tb_main_opamp,schematic/history_1/simulation/diff_mode_gain/PrimeSimSPICE/parametric/results
[18:48:42.26] /o _createResultsMap done!
[18:48:42.26] /o ###write_child - resultsDir=/home/argershm/180-voltmeter/Analog/cc/simulation/integrator,tb_main_opamp,schematic/history_1/simulation/diff_mode_gain/PrimeSimSPICE/parametric/L=12.5893m/results
              /c  masterResultsDir=/home/argershm/180-voltmeter/Analog/cc/simulation/integrator,tb_main_opamp,schematic/history_1/simulation/diff_mode_gain/PrimeSimSPICE/parametric/results
              /c  databaseDir=/home/argershm/180-voltmeter/Analog/cc/simulation/integrator,tb_main_opamp,schematic/history_1/simulation/diff_mode_gain/PrimeSimSPICE/parametric/results
              /c  UniqueName=saeSession4, isPilot=false
[18:48:42.26] /o 
[18:48:42.27] /o pw_worker child CE begin!
[18:48:42.27] /o pw_worker invokes measurement finished.
[18:48:42.27] /o pw_worker writeSimMap finsied.
[18:48:42.27] /o _simulationDoneAction done without exception!
[18:48:42.37] /o Got file /home/argershm/180-voltmeter/Analog/cc/simulation/integrator,tb_main_opamp,schematic/history_1/simulation/diff_mode_gain/PrimeSimSPICE/parametric/L=12.5893m/results/.ceFinished
[18:48:42.67] /o touch /home/argershm/180-voltmeter/Analog/cc/simulation/integrator,tb_main_opamp,schematic/history_1/simulation/diff_mode_gain/PrimeSimSPICE/parametric/L=12.5893m/results/.unitedSimFinished
[18:48:42.67] /o Calc Job Done!
[18:48:42.67] /o New Worker New CE exit
[18:48:42.87] /o #####New Worker job begin - Self history dir=/home/argershm/180-voltmeter/Analog/cc/simulation/integrator,tb_main_opamp,schematic
[18:48:43.00] /o pw_worker _createCalculateEngine got job!
[18:48:43.00] /o pw_worker _createCalculateEngine OK!
[18:48:44.31] /o New Worker New CE ready proc entered.
[18:48:44.48] /o _getSimulationDetails : 
[18:48:44.48] /o tbName=diff_mode_gain, Mtb=0
[18:48:44.48] /o Got stb tb ok!
[18:48:44.48] /o Self resultsDir: ./simulation
[18:48:44.48] /o Self databaseDir: /home/argershm/180-voltmeter/Analog/cc/simulation/integrator,tb_main_opamp,schematic/history_1/simulation/diff_mode_gain/PrimeSimSPICE/parametric/results
[18:48:44.56] /o _createResultsMap done!
[18:48:44.57] /o ###write_child - resultsDir=/home/argershm/180-voltmeter/Analog/cc/simulation/integrator,tb_main_opamp,schematic/history_1/simulation/diff_mode_gain/PrimeSimSPICE/parametric/L=25.1189m/results
              /c  masterResultsDir=/home/argershm/180-voltmeter/Analog/cc/simulation/integrator,tb_main_opamp,schematic/history_1/simulation/diff_mode_gain/PrimeSimSPICE/parametric/results
              /c  databaseDir=/home/argershm/180-voltmeter/Analog/cc/simulation/integrator,tb_main_opamp,schematic/history_1/simulation/diff_mode_gain/PrimeSimSPICE/parametric/results
              /c  UniqueName=saeSession4, isPilot=false
[18:48:44.57] /o 
[18:48:44.58] /o pw_worker child CE begin!
[18:48:44.58] /o pw_worker invokes measurement finished.
[18:48:44.58] /o pw_worker writeSimMap finsied.
[18:48:44.58] /o _simulationDoneAction done without exception!
[18:48:44.68] /o Got file /home/argershm/180-voltmeter/Analog/cc/simulation/integrator,tb_main_opamp,schematic/history_1/simulation/diff_mode_gain/PrimeSimSPICE/parametric/L=25.1189m/results/.ceFinished
[18:48:44.99] /o touch /home/argershm/180-voltmeter/Analog/cc/simulation/integrator,tb_main_opamp,schematic/history_1/simulation/diff_mode_gain/PrimeSimSPICE/parametric/L=25.1189m/results/.unitedSimFinished
[18:48:44.99] /o Calc Job Done!
[18:48:44.99] /o New Worker New CE exit
[18:48:45.17] /o #####New Worker job begin - Self history dir=/home/argershm/180-voltmeter/Analog/cc/simulation/integrator,tb_main_opamp,schematic
[18:48:45.29] /o pw_worker _createCalculateEngine got job!
[18:48:45.29] /o pw_worker _createCalculateEngine OK!
[18:48:46.50] /o New Worker New CE ready proc entered.
[18:48:46.68] /o _getSimulationDetails : 
[18:48:46.68] /o tbName=diff_mode_gain, Mtb=0
[18:48:46.68] /o Got stb tb ok!
[18:48:46.68] /o Self resultsDir: ./simulation
[18:48:46.68] /o Self databaseDir: /home/argershm/180-voltmeter/Analog/cc/simulation/integrator,tb_main_opamp,schematic/history_1/simulation/diff_mode_gain/PrimeSimSPICE/parametric/results
[18:48:46.76] /o _createResultsMap done!
[18:48:46.77] /o ###write_child - resultsDir=/home/argershm/180-voltmeter/Analog/cc/simulation/integrator,tb_main_opamp,schematic/history_1/simulation/diff_mode_gain/PrimeSimSPICE/parametric/L=63.0957m/results
              /c  masterResultsDir=/home/argershm/180-voltmeter/Analog/cc/simulation/integrator,tb_main_opamp,schematic/history_1/simulation/diff_mode_gain/PrimeSimSPICE/parametric/results
              /c  databaseDir=/home/argershm/180-voltmeter/Analog/cc/simulation/integrator,tb_main_opamp,schematic/history_1/simulation/diff_mode_gain/PrimeSimSPICE/parametric/results
              /c  UniqueName=saeSession4, isPilot=false
[18:48:46.77] /o 
[18:48:46.78] /o pw_worker child CE begin!
[18:48:46.78] /o pw_worker invokes measurement finished.
[18:48:46.78] /o pw_worker writeSimMap finsied.
[18:48:46.78] /o _simulationDoneAction done without exception!
[18:48:46.88] /o Got file /home/argershm/180-voltmeter/Analog/cc/simulation/integrator,tb_main_opamp,schematic/history_1/simulation/diff_mode_gain/PrimeSimSPICE/parametric/L=63.0957m/results/.ceFinished
[18:48:47.18] /o touch /home/argershm/180-voltmeter/Analog/cc/simulation/integrator,tb_main_opamp,schematic/history_1/simulation/diff_mode_gain/PrimeSimSPICE/parametric/L=63.0957m/results/.unitedSimFinished
[18:48:47.18] /o Calc Job Done!
[18:48:47.18] /o New Worker New CE exit
[18:48:47.37] /o #####New Worker job begin - Self history dir=/home/argershm/180-voltmeter/Analog/cc/simulation/integrator,tb_main_opamp,schematic
[18:48:47.50] /o pw_worker _createCalculateEngine got job!
[18:48:47.50] /o pw_worker _createCalculateEngine OK!
[18:48:48.71] /o New Worker New CE ready proc entered.
[18:48:48.89] /o _getSimulationDetails : 
[18:48:48.89] /o tbName=diff_mode_gain, Mtb=0
[18:48:48.89] /o Got stb tb ok!
[18:48:48.89] /o Self resultsDir: ./simulation
[18:48:48.89] /o Self databaseDir: /home/argershm/180-voltmeter/Analog/cc/simulation/integrator,tb_main_opamp,schematic/history_1/simulation/diff_mode_gain/PrimeSimSPICE/parametric/results
[18:48:48.97] /o _createResultsMap done!
[18:48:48.97] /o ###write_child - resultsDir=/home/argershm/180-voltmeter/Analog/cc/simulation/integrator,tb_main_opamp,schematic/history_1/simulation/diff_mode_gain/PrimeSimSPICE/parametric/L=0.125893/results
              /c  masterResultsDir=/home/argershm/180-voltmeter/Analog/cc/simulation/integrator,tb_main_opamp,schematic/history_1/simulation/diff_mode_gain/PrimeSimSPICE/parametric/results
              /c  databaseDir=/home/argershm/180-voltmeter/Analog/cc/simulation/integrator,tb_main_opamp,schematic/history_1/simulation/diff_mode_gain/PrimeSimSPICE/parametric/results
              /c  UniqueName=saeSession4, isPilot=false
[18:48:48.97] /o 
[18:48:48.98] /o pw_worker child CE begin!
[18:48:48.98] /o pw_worker invokes measurement finished.
[18:48:48.98] /o pw_worker writeSimMap finsied.
[18:48:48.98] /o _simulationDoneAction done without exception!
[18:48:49.08] /o Got file /home/argershm/180-voltmeter/Analog/cc/simulation/integrator,tb_main_opamp,schematic/history_1/simulation/diff_mode_gain/PrimeSimSPICE/parametric/L=0.125893/results/.ceFinished
[18:48:49.39] /o touch /home/argershm/180-voltmeter/Analog/cc/simulation/integrator,tb_main_opamp,schematic/history_1/simulation/diff_mode_gain/PrimeSimSPICE/parametric/L=0.125893/results/.unitedSimFinished
[18:48:49.39] /o Calc Job Done!
[18:48:49.39] /o New Worker New CE exit
[18:48:49.57] /o #####New Worker job begin - Self history dir=/home/argershm/180-voltmeter/Analog/cc/simulation/integrator,tb_main_opamp,schematic
[18:48:49.70] /o pw_worker _createCalculateEngine got job!
[18:48:49.70] /o pw_worker _createCalculateEngine OK!
[18:48:51.01] /o New Worker New CE ready proc entered.
[18:48:51.20] /o _getSimulationDetails : 
[18:48:51.20] /o tbName=diff_mode_gain, Mtb=0
[18:48:51.20] /o Got stb tb ok!
[18:48:51.20] /o Self resultsDir: ./simulation
[18:48:51.20] /o Self databaseDir: /home/argershm/180-voltmeter/Analog/cc/simulation/integrator,tb_main_opamp,schematic/history_1/simulation/diff_mode_gain/PrimeSimSPICE/parametric/results
[18:48:51.28] /o _createResultsMap done!
[18:48:51.28] /o ###write_child - resultsDir=/home/argershm/180-voltmeter/Analog/cc/simulation/integrator,tb_main_opamp,schematic/history_1/simulation/diff_mode_gain/PrimeSimSPICE/parametric/L=0.199526/results
              /c  masterResultsDir=/home/argershm/180-voltmeter/Analog/cc/simulation/integrator,tb_main_opamp,schematic/history_1/simulation/diff_mode_gain/PrimeSimSPICE/parametric/results
              /c  databaseDir=/home/argershm/180-voltmeter/Analog/cc/simulation/integrator,tb_main_opamp,schematic/history_1/simulation/diff_mode_gain/PrimeSimSPICE/parametric/results
              /c  UniqueName=saeSession4, isPilot=false
[18:48:51.28] /o 
[18:48:51.29] /o pw_worker child CE begin!
[18:48:51.29] /o pw_worker invokes measurement finished.
[18:48:51.29] /o pw_worker writeSimMap finsied.
[18:48:51.29] /o _simulationDoneAction done without exception!
[18:48:51.39] /o Got file /home/argershm/180-voltmeter/Analog/cc/simulation/integrator,tb_main_opamp,schematic/history_1/simulation/diff_mode_gain/PrimeSimSPICE/parametric/L=0.199526/results/.ceFinished
[18:48:51.70] /o touch /home/argershm/180-voltmeter/Analog/cc/simulation/integrator,tb_main_opamp,schematic/history_1/simulation/diff_mode_gain/PrimeSimSPICE/parametric/L=0.199526/results/.unitedSimFinished
[18:48:51.70] /o Calc Job Done!
[18:48:51.70] /o New Worker New CE exit
[18:48:55.74] /o Shutdown time: Sat Sep  6 18:48:55 2025
[18:48:55.74] /o Elapsed session real time: 1 minutes
[18:48:55.74] /o Session terminated. Log is at /home/argershm/180-voltmeter/Analog/cc/synopsys_custom/pwdp_jobs/saeSession4_diffmodegain.SimulationSimulation_cdpl.2.2931556/logs/w2/logs/pw_worker.argershm.2025_9_6_184754_2984813.log
