1757170562.833726: 1957752-7fac1f13a540: cdpl_log.c:337: in cdpl_log_open(): info: @@start_of_log@@
1757170562.833736: 1957752-7fac1f13a540: cdpl_log.c:1058: in cdpl_log_dump_sysinfo(): info: time: 2025/09/06 10:56:02 EDT -0400
1757170562.833738: 1957752-7fac1f13a540: cdpl_log.c:1060: in cdpl_log_dump_sysinfo(): info: version: W-2024.09-SP1-2 
1757170562.833740: 1957752-7fac1f13a540: cdpl_log.c:1062: in cdpl_log_dump_sysinfo(): info: system: Linux 4.18.0-553.69.1.el8_10.x86_64 #1 SMP Thu Aug 7 18:10:00 EDT 2025
1757170562.833741: 1957752-7fac1f13a540: cdpl_log.c:1067: in cdpl_log_dump_sysinfo(): info: processor: x86_64 64-bits
1757170562.833742: 1957752-7fac1f13a540: cdpl_log.c:1071: in cdpl_log_dump_sysinfo(): info: hostname: claws-compute3.ece.ncsu.edu
1757170562.833744: 1957752-7fac1f13a540: cdpl_log.c:1073: in cdpl_log_dump_sysinfo(): info: program name: custom_shell
1757170562.833746: 1957752-7fac1f13a540: cdpl_log.c:340: in cdpl_log_open(): debug: path: /home/argershm/180-voltmeter/Analog/cc/synopsys_custom/pwdp_jobs/saeSession4_diffmodegain.SimulationSimulation_cdpl.1.1957752/logs/master.claws-compute3.ece.ncsu.edu.1957752.log
1757170562.833748: 1957752-7fac1f13a540: cdpl_log.c:341: in cdpl_log_open(): debug: dir: /home/argershm/180-voltmeter/Analog/cc/synopsys_custom/pwdp_jobs/saeSession4_diffmodegain.SimulationSimulation_cdpl.1.1957752/logs
1757170562.833752: 1957752-7fac1f13a540: cdpl_server.c:536: in cdpl_sv_init(): info: new server S2097828962
1757170562.833755: 1957752-7fac1f13a540: cdpl_ipc.c:3475: in cdpl_ipc_init(): info: requesting IPv4 protocol
1757170562.839453: 1957752-7fac1f13a540: cdpl_ipc.c:837: in _selectaddrfamily(): info: selected IPv4 protocol
1757170562.839469: 1957752-7fac1f13a540: cdpl_ipc.c:1139: in _set_keepalive(): info: TCP keep alive interval: 300
1757170562.843936: 1957752-7fac1f13a540: cdpl_monitor.c:1117: in cdpl_mn_new_server(): info: creating server monitor instance
1757170562.843941: 1957752-7fac1f13a540: cdpl_server.c:650: in cdpl_sv_new_master(): info: new master M1
1757170562.843946: 1957752-7fac1f13a540: cdpl_server.c:6533: in cdpl_sv_ctl_master(): info: Setting worker heartbeat to 120 seconds
1757170562.843948: 1957752-7fac1f13a540: cdpl_server.c:6542: in cdpl_sv_ctl_master(): info: Setting worker heartbeat timeout to 3 heartbeats
1757170562.843949: 1957752-7fac1f13a540: cdpl_compat_master.c:2090: in _parse_hostfile(): info: reading hostfile `/home/argershm/180-voltmeter/Analog/cc/synopsys_custom/pwdp_jobs/saeSession4_diffmodegain.SimulationSimulation_cdpl.1.1957752/host_file'
1757170562.843962: 1957752-7fac1f13a540: cdpl_compat_master.c:1900: in _hostfile_parser(): debug: parsing "1     |localhost|   -1  | /tmp | SH | sh"
1757170562.843966: 1957752-7fac1f13a540: cdpl_farm.c:2578: in cdpl_farm_new_sh(): info: creating SH farm on localhost
1757170562.843969: 1957752-7fac1f13a540: cdpl_compat_master.c:206: in _set_farm_env(): info: exporting CDPL_LOGDIR as `/home/argershm/180-voltmeter/Analog/cc/synopsys_custom/pwdp_jobs/saeSession4_diffmodegain.SimulationSimulation_cdpl.1.1957752/logs'
1757170562.843970: 1957752-7fac1f13a540: cdpl_compat_master.c:212: in _set_farm_env(): info: exporting CDPL_TMPDIR as `/tmp'
1757170562.843972: 1957752-7fac1f13a540: cdpl_compat_master.c:235: in _set_farm_env(): info: exporting SNPSLMD_LICENSE_FILE as `27000@ece-lic-35.ece.ncsu.edu'
1757170562.843974: 1957752-7fac1f13a540: cdpl_compat_master.c:259: in _set_farm_env(): info: exporting CDPL_OPTIONS as `[nowlogs]'
1757170562.843976: 1957752-7fac1f13a540: cdpl_compat_master.c:266: in _set_farm_env(): info: exporting DISPLAY as `unix:19953'
1757170562.843977: 1957752-7fac1f13a540: cdpl_compat_master.c:274: in _set_farm_env(): info: exporting CDPL_HEARTBEAT as `120'
1757170562.843980: 1957752-7fac1f13a540: cdpl_farm.c:3149: in cdpl_farm_add_withdir(): debug: added `localhost' (capacity: unlimited)
1757170562.843982: 1957752-7fac1f13a540: cdpl_compat_parse.c:147: in parsefile(): debug: read `/home/argershm/180-voltmeter/Analog/cc/synopsys_custom/pwdp_jobs/saeSession4_diffmodegain.SimulationSimulation_cdpl.1.1957752/host_file', 2 lines
1757170562.843987: 1957752-7fac1f13a540: cdpl_compat_master.c:2931: in cdplInitMaster(): info: bcast dir is `/home/argershm/180-voltmeter/Analog/cc/synopsys_custom/pwdp_jobs/saeSession4_diffmodegain.SimulationSimulation_cdpl.1.1957752/logs'
1757170562.844017: 1957752-7fac1f13a540: cdpl_server.c:6433: in cdpl_sv_ctl_master(): info: farm worker timeout set to 300
1757170562.844019: 1957752-7fac1f13a540: cdpl_server.c:6486: in cdpl_sv_ctl_master(): info: maximum number of task execution attempts set to 1
1757170562.844022: 1957752-7fac1f13a540: cdpl_server.c:3195: in cdpl_sv_start(): debug: starting server
1757170562.844024: 1957752-7fac1f13a540: cdpl_ipc.c:3632: in cdpl_ipc_start(): debug: starting IPC server 152.14.98.53:36715
1757170562.844237: 1957752-7fabc8ff9700: cdpl_server_ipc.c:1182: in _sv_ipc_thread(): debug: ready
1757170562.844325: 1957752-7faba3fff700: cdpl_monitor.c:426: in cdpl_mn_init_client(): info: creating client monitor instance
1757170562.844349: 1957752-7faba3fff700: cdpl_ipc.c:3475: in cdpl_ipc_init(): info: requesting IPv4 protocol
1757170562.848654: 1957752-7faba3fff700: cdpl_ipc.c:837: in _selectaddrfamily(): info: selected IPv4 protocol
1757170562.848678: 1957752-7faba3fff700: cdpl_ipc.c:1139: in _set_keepalive(): info: TCP keep alive interval: 300
1757170562.851222: 1957752-7faba3fff700: cdpl_ipc.c:3632: in cdpl_ipc_start(): debug: starting IPC server 152.14.98.53:43667
1757170562.851366: 1957752-7faba3fff700: cdpl_monitor.c:471: in cdpl_mn_init_client(): debug: incoming messages in /tmp/cdpl-monitor-svcWvo
1757170562.851436: 1957752-7faba3fff700: cdpl_monitor.c:533: in cdpl_mn_connect(): debug: connecting to 152.14.98.53:36715
1757170562.851438: 1957752-7faba3fff700: cdpl_ipc.c:3789: in cdpl_ipc_connect(): info: connecting to 152.14.98.53:36715
1757170562.851499: 1957752-7faba3fff700: cdpl_ipc.c:3860: in cdpl_ipc_connect(): info: connected as `152.14.98.53:46650'
1757170562.851503: 1957752-7faba3fff700: cdpl_ipc.c:2503: in cdpl_ipc_host_accept(): debug: accepted host `152.14.98.53:36715'
1757170562.851508: 1957752-7faba3fff700: cdpl_monitor.c:579: in cdpl_mn_connect(): debug: ok
1757170562.851518: 1957752-7fac1f13a540: cdpl_server.c:731: in cdpl_sv_new_job(): info: new job J1 in M1
1757170562.851526: 1957752-7fac1f13a540: cdpl_compat_master.c:1581: in _add_worker(): info: new worker type 10, min:1, max:3, cmd:`/home/argershm/180-voltmeter/Analog/cc/synopsys_custom/pwdp_jobs/saeSession4_diffmodegain.SimulationSimulation_cdpl.1.1957752/START_WORKER pw_worker -i /home/argershm/180-voltmeter/Analog/cc/synopsys_custom/pwdp_jobs
1757170562.851531: 1957752-7fac1f13a540: cdpl_server.c:908: in cdpl_sv_new_bin_withfarm(): info: new bin B1 in J1
1757170562.851537: 1957752-7fabc97fa700: cdpl_ipc.c:1862: in _epoll_accept(): debug: new connection from `152.14.98.53:46650'
1757170562.851617: 1957752-7fabc8ff9700: cdpl_server_ipc.c:1225: in _sv_ipc_thread(): debug: received ACCEPT notification
1757170562.851629: 1957752-7fabc8ff9700: cdpl_ipc.c:2503: in cdpl_ipc_host_accept(): debug: accepted host `152.14.98.53:46650'
1757170562.851639: 1957752-7fabc8ff9700: cdpl_server_ipc.c:1256: in _sv_ipc_thread(): debug: received MONITOR message
1757170562.851782: 1957752-7fabc8ff9700: cdpl_monitor.c:1207: in cdpl_mn_accept(): debug: accepted monitor `152.14.98.53:46650'
1757170562.851786: 1957752-7fabc8ff9700: cdpl_server_ipc_mon.c:120: in _globalLOCK(): debug: ENTERTING GLOBAL LOCK
1757170562.851788: 1957752-7fabc8ff9700: cdpl_server_ipc_mon.c:164: in _globalLOCK(): debug: global lock acquired
1757170562.851800: 1957752-7faba17fa700: cdpl_monitor.c:910: in mn_systat(): debug: started
1757170562.852039: 1957752-7faba17fa700: cdpl_monitor.c:937: in mn_systat(): debug: monitor server flush rate: 5
1757170563.660631: 1957752-7fabc8ff9700: cdpl_server_ipc_mon.c:210: in _globalUNLOCK(): debug: LEAVING GLOBAL LOCK
1757170563.660648: 1957752-7fac1f13a540: cdpl_server.c:3249: in cdpl_sv_start_job(): info: starting job J1
1757170563.660669: 1957752-7fac1f13a540: cdpl_server.c:62: in _sv_start_bin(): debug: starting bin B1 (min: 0, max: 3)
1757170563.660800: 1957752-7fab9bfff700: cdpl_server_sched.c:2482: in _sv_scheduler_thread(): debug: scheduler for bin B1 started
1757170563.660817: 1957752-7fac1f13a540: cdpl_server.c:1893: in _sv_gen_task(): info: new task T0 in B1 (prio 0)
1757170563.660825: 1957752-7fac1f13a540: cdpl_server.c:2698: in cdpl_sv_label_task_va(): info: setting task T0 label to "PrimeSim_13|PrimeSim"
1757170563.660834: 1957752-7fab9bfff700: cdpl_server_sched.c:2443: in _scheduler_run(): debug: will start a new worker
1757170563.660857: 1957752-7fab9bfff700: cdpl_farm.c:3977: in cdpl_farm_submit(): debug: 1 running processes
1757170563.660860: 1957752-7fab9bfff700: cdpl_farm.c:3985: in cdpl_farm_submit(): debug: new command C1 in bin B1 assigned to host `localhost'
1757170563.660927: 1957752-7fab9bfff700: cdpl_server_sched.c:705: in _sv_launch_worker(): info: started worker W1 (as C1) in bin B1
1757170563.660964: 1957752-7fab9b7fe700: cdpl_farm.c:2139: in _schedule(): debug: started
1757170563.660979: 1957752-7fab9b7fe700: cdpl_farm.c:2303: in _schedule(): debug: submitting command C1 in bin B1
1757170563.660984: 1957752-7fab9b7fe700: cdpl_sh.c:49: in _sh_detached_submit(): info: SH : /home/argershm/180-voltmeter/Analog/cc/synopsys_custom/pwdp_jobs/saeSession4_diffmodegain.SimulationSimulation_cdpl.1.1957752/START_WORKER pw_worker -i /home/argershm/180-voltmeter/Analog/cc/synopsys_custom/pwdp_jobs/saeSession4_diffmodegain.SimulationSimulation_cdpl.1.1957752 -t 10000
1757170563.667019: 1957752-7fab9b7fe700: cdpl_farm.c:2343: in _schedule(): debug: C1 in bin B1 running on slot 0
1757170563.667038: 1957752-7fab9b7fe700: cdpl_farm.c:2167: in _schedule(): debug: idle
1757170563.667231: 1957752-7fac1f13a540: cdpl_server.c:1893: in _sv_gen_task(): info: new task T1 in B1 (prio 0)
1757170563.667247: 1957752-7fac1f13a540: cdpl_server.c:2698: in cdpl_sv_label_task_va(): info: setting task T1 label to "PrimeSim_14|PrimeSim"
1757170563.667279: 1957752-7fab9bfff700: cdpl_server_sched.c:2443: in _scheduler_run(): debug: will start a new worker
1757170563.667293: 1957752-7fab9bfff700: cdpl_farm.c:3977: in cdpl_farm_submit(): debug: 2 running processes
1757170563.667295: 1957752-7fab9bfff700: cdpl_farm.c:3985: in cdpl_farm_submit(): debug: new command C2 in bin B1 assigned to host `localhost'
1757170563.667303: 1957752-7fab9bfff700: cdpl_server_sched.c:705: in _sv_launch_worker(): info: started worker W2 (as C2) in bin B1
1757170563.667309: 1957752-7fab9b7fe700: cdpl_farm.c:2231: in _schedule(): debug: end of idling
1757170563.667313: 1957752-7fab9b7fe700: cdpl_farm.c:2303: in _schedule(): debug: submitting command C2 in bin B1
1757170563.667316: 1957752-7fab9b7fe700: cdpl_sh.c:49: in _sh_detached_submit(): info: SH : /home/argershm/180-voltmeter/Analog/cc/synopsys_custom/pwdp_jobs/saeSession4_diffmodegain.SimulationSimulation_cdpl.1.1957752/START_WORKER pw_worker -i /home/argershm/180-voltmeter/Analog/cc/synopsys_custom/pwdp_jobs/saeSession4_diffmodegain.SimulationSimulation_cdpl.1.1957752 -t 10000
1757170563.671695: 1957752-7fab9b7fe700: cdpl_farm.c:2343: in _schedule(): debug: C2 in bin B1 running on slot 1
1757170563.671728: 1957752-7fab9b7fe700: cdpl_farm.c:2167: in _schedule(): debug: idle
1757170563.672150: 1957752-7fac1f13a540: cdpl_server.c:1893: in _sv_gen_task(): info: new task T2 in B1 (prio 0)
1757170563.672163: 1957752-7fac1f13a540: cdpl_server.c:2698: in cdpl_sv_label_task_va(): info: setting task T2 label to "PrimeSim_15|PrimeSim"
1757170563.672178: 1957752-7fab9bfff700: cdpl_server_sched.c:2443: in _scheduler_run(): debug: will start a new worker
1757170563.672185: 1957752-7fab9bfff700: cdpl_farm.c:3977: in cdpl_farm_submit(): debug: 3 running processes
1757170563.672188: 1957752-7fab9bfff700: cdpl_farm.c:3985: in cdpl_farm_submit(): debug: new command C3 in bin B1 assigned to host `localhost'
1757170563.672196: 1957752-7fab9bfff700: cdpl_server_sched.c:705: in _sv_launch_worker(): info: started worker W3 (as C3) in bin B1
1757170563.672201: 1957752-7fab9b7fe700: cdpl_farm.c:2231: in _schedule(): debug: end of idling
1757170563.672210: 1957752-7fab9b7fe700: cdpl_farm.c:2303: in _schedule(): debug: submitting command C3 in bin B1
1757170563.672213: 1957752-7fab9b7fe700: cdpl_sh.c:49: in _sh_detached_submit(): info: SH : /home/argershm/180-voltmeter/Analog/cc/synopsys_custom/pwdp_jobs/saeSession4_diffmodegain.SimulationSimulation_cdpl.1.1957752/START_WORKER pw_worker -i /home/argershm/180-voltmeter/Analog/cc/synopsys_custom/pwdp_jobs/saeSession4_diffmodegain.SimulationSimulation_cdpl.1.1957752 -t 10000
1757170563.675778: 1957752-7fab9b7fe700: cdpl_farm.c:2343: in _schedule(): debug: C3 in bin B1 running on slot 2
1757170563.675798: 1957752-7fab9b7fe700: cdpl_farm.c:2167: in _schedule(): debug: idle
1757170563.676148: 1957752-7fac1f13a540: cdpl_server.c:1893: in _sv_gen_task(): info: new task T3 in B1 (prio 0)
1757170563.676162: 1957752-7fac1f13a540: cdpl_server.c:2698: in cdpl_sv_label_task_va(): info: setting task T3 label to "PrimeSim_16|PrimeSim"
1757170563.676333: 1957752-7fac1f13a540: cdpl_server.c:1893: in _sv_gen_task(): info: new task T4 in B1 (prio 0)
1757170563.676336: 1957752-7fac1f13a540: cdpl_server.c:2698: in cdpl_sv_label_task_va(): info: setting task T4 label to "PrimeSim_17|PrimeSim"
1757170563.676444: 1957752-7fac1f13a540: cdpl_server.c:1893: in _sv_gen_task(): info: new task T5 in B1 (prio 0)
1757170563.676446: 1957752-7fac1f13a540: cdpl_server.c:2698: in cdpl_sv_label_task_va(): info: setting task T5 label to "PrimeSim_18|PrimeSim"
1757170563.960316: 1957752-7faba1ffb700: cdpl_compat_master.c:5948: in cdplMasterLogInfo(): info: [non-CDPL log entry] PWDP - no-workers started ok check start!
1757170563.975866: 1957752-7fab9b7fe700: cdpl_farm.c:1193: in _onexit(): debug: C1 in bin B1 exited normally on slot 0
1757170563.975882: 1957752-7fab9b7fe700: cdpl_farm.c:1193: in _onexit(): debug: C2 in bin B1 exited normally on slot 1
1757170563.975888: 1957752-7fab9b7fe700: cdpl_farm.c:1193: in _onexit(): debug: C3 in bin B1 exited normally on slot 2
1757170565.467003: 1957752-7fabc97fa700: cdpl_ipc.c:1862: in _epoll_accept(): debug: new connection from `152.14.98.53:46660'
1757170565.467057: 1957752-7fabc8ff9700: cdpl_server_ipc.c:1225: in _sv_ipc_thread(): debug: received ACCEPT notification
1757170565.467074: 1957752-7fabc8ff9700: cdpl_ipc.c:2503: in cdpl_ipc_host_accept(): debug: accepted host `152.14.98.53:46660'
1757170565.467104: 1957752-7fabc8ff9700: cdpl_server_ipc.c:1246: in _sv_ipc_thread(): debug: received HELLO message
1757170565.467107: 1957752-7fabc8ff9700: cdpl_server_ipc.c:430: in _sv_on_hello(): debug: looking up W3
1757170565.467111: 1957752-7fabc8ff9700: cdpl_server_ipc.c:540: in _sv_on_hello(): info: W3 is `152.14.98.53:46660'
1757170565.467112: 1957752-7fabc8ff9700: cdpl_server_ipc.c:541: in _sv_on_hello(): debug: hello W3 (B1)
1757170565.467114: 1957752-7fabc8ff9700: cdpl_server_ipc.c:542: in _sv_on_hello(): info: W3 log file is /dev/null
1757170565.467134: 1957752-7fabc8ff9700: cdpl_server_ipc.c:602: in _sv_on_hello(): info: up to 1 alive workers in B1
1757170565.467138: 1957752-7fabc8ff9700: cdpl_farm.c:878: in _release_cmd(): debug: freeing command C3 in bin B1
1757170565.467147: 1957752-7fab9bfff700: cdpl_server_sched.c:960: in _assign(): info: assigning task T0 to worker W3
1757170565.468816: 1957752-7fabc97fa700: cdpl_ipc.c:1862: in _epoll_accept(): debug: new connection from `152.14.98.53:46670'
1757170565.468841: 1957752-7fabc8ff9700: cdpl_server_ipc.c:1225: in _sv_ipc_thread(): debug: received ACCEPT notification
1757170565.468850: 1957752-7fabc8ff9700: cdpl_ipc.c:2503: in cdpl_ipc_host_accept(): debug: accepted host `152.14.98.53:46670'
1757170565.469001: 1957752-7fabc8ff9700: cdpl_server_ipc.c:1246: in _sv_ipc_thread(): debug: received HELLO message
1757170565.469009: 1957752-7fabc8ff9700: cdpl_server_ipc.c:430: in _sv_on_hello(): debug: looking up W1
1757170565.469011: 1957752-7fabc8ff9700: cdpl_server_ipc.c:540: in _sv_on_hello(): info: W1 is `152.14.98.53:46670'
1757170565.469013: 1957752-7fabc8ff9700: cdpl_server_ipc.c:541: in _sv_on_hello(): debug: hello W1 (B1)
1757170565.469015: 1957752-7fabc8ff9700: cdpl_server_ipc.c:542: in _sv_on_hello(): info: W1 log file is /dev/null
1757170565.469027: 1957752-7fabc8ff9700: cdpl_server_ipc.c:602: in _sv_on_hello(): info: up to 2 alive workers in B1
1757170565.469031: 1957752-7fabc8ff9700: cdpl_farm.c:878: in _release_cmd(): debug: freeing command C1 in bin B1
1757170565.469035: 1957752-7fab9bfff700: cdpl_server_sched.c:960: in _assign(): info: assigning task T1 to worker W1
1757170565.475672: 1957752-7fabc97fa700: cdpl_ipc.c:1862: in _epoll_accept(): debug: new connection from `152.14.98.53:46680'
1757170565.475689: 1957752-7fabc8ff9700: cdpl_server_ipc.c:1225: in _sv_ipc_thread(): debug: received ACCEPT notification
1757170565.475697: 1957752-7fabc8ff9700: cdpl_ipc.c:2503: in cdpl_ipc_host_accept(): debug: accepted host `152.14.98.53:46680'
1757170565.475778: 1957752-7fabc8ff9700: cdpl_server_ipc.c:1246: in _sv_ipc_thread(): debug: received HELLO message
1757170565.475781: 1957752-7fabc8ff9700: cdpl_server_ipc.c:430: in _sv_on_hello(): debug: looking up W2
1757170565.475783: 1957752-7fabc8ff9700: cdpl_server_ipc.c:540: in _sv_on_hello(): info: W2 is `152.14.98.53:46680'
1757170565.475784: 1957752-7fabc8ff9700: cdpl_server_ipc.c:541: in _sv_on_hello(): debug: hello W2 (B1)
1757170565.475786: 1957752-7fabc8ff9700: cdpl_server_ipc.c:542: in _sv_on_hello(): info: W2 log file is /dev/null
1757170565.475792: 1957752-7fabc8ff9700: cdpl_server_ipc.c:602: in _sv_on_hello(): info: up to 3 alive workers in B1
1757170565.475795: 1957752-7fabc8ff9700: cdpl_farm.c:878: in _release_cmd(): debug: freeing command C2 in bin B1
1757170565.475799: 1957752-7fab9bfff700: cdpl_server_sched.c:960: in _assign(): info: assigning task T2 to worker W2
1757170565.531421: 1957752-7fabc8ff9700: cdpl_server_ipc.c:1268: in _sv_ipc_thread(): debug: received RELAY message
1757170565.531429: 1957752-7fabc8ff9700: cdpl_server_ipc.c:713: in _sv_on_relay(): debug: RELAY message from W3, size = 65
1757170565.531431: 1957752-7fabc8ff9700: cdpl_server_ipc.c:715: in _sv_on_relay(): debug: RELAY message from W3, content = 0$1985262 claws-compute3.ece.ncsu.edu 1985298 RUNNING 1757170565
1757170565.533551: 1957752-7fabc8ff9700: cdpl_server_ipc.c:1268: in _sv_ipc_thread(): debug: received RELAY message
1757170565.533554: 1957752-7fabc8ff9700: cdpl_server_ipc.c:713: in _sv_on_relay(): debug: RELAY message from W1, size = 65
1757170565.533556: 1957752-7fabc8ff9700: cdpl_server_ipc.c:715: in _sv_on_relay(): debug: RELAY message from W1, content = 1$1985260 claws-compute3.ece.ncsu.edu 1985300 RUNNING 1757170565
1757170565.539561: 1957752-7fabc8ff9700: cdpl_server_ipc.c:1268: in _sv_ipc_thread(): debug: received RELAY message
1757170565.539564: 1957752-7fabc8ff9700: cdpl_server_ipc.c:713: in _sv_on_relay(): debug: RELAY message from W2, size = 65
1757170565.539565: 1957752-7fabc8ff9700: cdpl_server_ipc.c:715: in _sv_on_relay(): debug: RELAY message from W2, content = 2$1985261 claws-compute3.ece.ncsu.edu 1985306 RUNNING 1757170565
1757170566.467558: 1957752-7fabc8ff9700: cdpl_server_ipc.c:312: in _sv_on_heartbeat(): debug: received HEARTBEAT from worker W3 at 152.14.98.53:46660
1757170566.469750: 1957752-7fabc8ff9700: cdpl_server_ipc.c:312: in _sv_on_heartbeat(): debug: received HEARTBEAT from worker W1 at 152.14.98.53:46670
1757170566.476078: 1957752-7fabc8ff9700: cdpl_server_ipc.c:312: in _sv_on_heartbeat(): debug: received HEARTBEAT from worker W2 at 152.14.98.53:46680
1757170567.852886: 1957752-7faba3fff700: cdpl_monitor.c:533: in cdpl_mn_connect(): debug: connecting to 152.14.98.53:33033
1757170567.852897: 1957752-7faba3fff700: cdpl_ipc.c:3789: in cdpl_ipc_connect(): info: connecting to 152.14.98.53:33033
1757170567.853011: 1957752-7faba3fff700: cdpl_ipc.c:3860: in cdpl_ipc_connect(): info: connected as `152.14.98.53:33602'
1757170567.853023: 1957752-7faba3fff700: cdpl_ipc.c:2503: in cdpl_ipc_host_accept(): debug: accepted host `152.14.98.53:33033'
1757170567.853028: 1957752-7faba3fff700: cdpl_monitor.c:579: in cdpl_mn_connect(): debug: ok
1757170567.853035: 1957752-7faba3fff700: cdpl_monitor.c:533: in cdpl_mn_connect(): debug: connecting to 152.14.98.53:44547
1757170567.853042: 1957752-7faba3fff700: cdpl_ipc.c:3789: in cdpl_ipc_connect(): info: connecting to 152.14.98.53:44547
1757170567.853134: 1957752-7faba3fff700: cdpl_ipc.c:3860: in cdpl_ipc_connect(): info: connected as `152.14.98.53:42388'
1757170567.853138: 1957752-7faba3fff700: cdpl_ipc.c:2503: in cdpl_ipc_host_accept(): debug: accepted host `152.14.98.53:44547'
1757170567.853141: 1957752-7faba3fff700: cdpl_monitor.c:579: in cdpl_mn_connect(): debug: ok
1757170567.853144: 1957752-7faba3fff700: cdpl_monitor.c:533: in cdpl_mn_connect(): debug: connecting to 152.14.98.53:42767
1757170567.853146: 1957752-7faba3fff700: cdpl_ipc.c:3789: in cdpl_ipc_connect(): info: connecting to 152.14.98.53:42767
1757170567.853190: 1957752-7faba3fff700: cdpl_ipc.c:3860: in cdpl_ipc_connect(): info: connected as `152.14.98.53:46990'
1757170567.853195: 1957752-7faba3fff700: cdpl_ipc.c:2503: in cdpl_ipc_host_accept(): debug: accepted host `152.14.98.53:42767'
1757170567.853198: 1957752-7faba3fff700: cdpl_monitor.c:579: in cdpl_mn_connect(): debug: ok
1757170572.181458: 1957752-7fabc8ff9700: cdpl_server_ipc.c:1268: in _sv_ipc_thread(): debug: received RELAY message
1757170572.181478: 1957752-7fabc8ff9700: cdpl_server_ipc.c:713: in _sv_on_relay(): debug: RELAY message from W2, size = 53
1757170572.181481: 1957752-7fabc8ff9700: cdpl_server_ipc.c:715: in _sv_on_relay(): debug: RELAY message from W2, content = WORKERDU|12932,/dev/mapper/rhel_claws--compute3-home
1757170572.181488: 1957752-7fabc8ff9700: cdpl_server_ipc.c:1268: in _sv_ipc_thread(): debug: received RELAY message
1757170572.181490: 1957752-7fabc8ff9700: cdpl_server_ipc.c:713: in _sv_on_relay(): debug: RELAY message from W2, size = 196
1757170572.181492: 1957752-7fabc8ff9700: cdpl_server_ipc.c:715: in _sv_on_relay(): debug: RELAY message from W2, content = REQPILOT|saeSession4,1,diff_mode_gain|&/home/argershm/180-voltmeter/Analog/cc/simulation/integrator,tb_main_opamp,schematic/history_1/simulation/diff_mode_gain/PrimeSimSPICE/parametric/results|&2
1757170572.181521: 1957752-7faba27fc700: cdpl_compat_master.c:5948: in cdplMasterLogInfo(): info: [non-CDPL log entry] PWDP send back 'DOPILOT' to worker id:2 key: saeSession4,1,diff_mode_gain|&/home/argershm/180-voltmeter/Analog/cc/simulation/integrator,tb_main_opamp,schematic/history_1/simulation/diff_mode_gain/PrimeSimSPICE/parametric/results
1757170572.181674: 1957752-7faba27fc700: cdpl_compat_master.c:5948: in cdplMasterLogInfo(): info: [non-CDPL log entry] PWDP: set pilot doing!
1757170572.184988: 1957752-7fabc8ff9700: cdpl_server_ipc.c:1268: in _sv_ipc_thread(): debug: received RELAY message
1757170572.184993: 1957752-7fabc8ff9700: cdpl_server_ipc.c:713: in _sv_on_relay(): debug: RELAY message from W2, size = 192
1757170572.184996: 1957752-7fabc8ff9700: cdpl_server_ipc.c:715: in _sv_on_relay(): debug: RELAY message from W2, content = PILOTOK|saeSession4,1,diff_mode_gain|&/home/argershm/180-voltmeter/Analog/cc/simulation/integrator,tb_main_opamp,schematic/history_1/simulation/diff_mode_gain/PrimeSimSPICE/parametric/results
1757170572.185008: 1957752-7faba27fc700: cdpl_compat_master.c:5948: in cdplMasterLogInfo(): info: [non-CDPL log entry] PWDP: set pilot done!
1757170572.185080: 1957752-7fabc8ff9700: cdpl_server_ipc.c:1268: in _sv_ipc_thread(): debug: received RELAY message
1757170572.185083: 1957752-7fabc8ff9700: cdpl_server_ipc.c:713: in _sv_on_relay(): debug: RELAY message from W2, size = 18
1757170572.185085: 1957752-7fabc8ff9700: cdpl_server_ipc.c:715: in _sv_on_relay(): debug: RELAY message from W2, content = 2$- - - MEASDOING
1757170572.185764: 1957752-7fabc8ff9700: cdpl_server_ipc.c:1268: in _sv_ipc_thread(): debug: received RELAY message
1757170572.185766: 1957752-7fabc8ff9700: cdpl_server_ipc.c:713: in _sv_on_relay(): debug: RELAY message from W1, size = 53
1757170572.185768: 1957752-7fabc8ff9700: cdpl_server_ipc.c:715: in _sv_on_relay(): debug: RELAY message from W1, content = WORKERDU|12932,/dev/mapper/rhel_claws--compute3-home
1757170572.185787: 1957752-7fabc8ff9700: cdpl_server_ipc.c:1268: in _sv_ipc_thread(): debug: received RELAY message
1757170572.185796: 1957752-7fabc8ff9700: cdpl_server_ipc.c:713: in _sv_on_relay(): debug: RELAY message from W1, size = 196
1757170572.185798: 1957752-7fabc8ff9700: cdpl_server_ipc.c:715: in _sv_on_relay(): debug: RELAY message from W1, content = REQPILOT|saeSession4,1,diff_mode_gain|&/home/argershm/180-voltmeter/Analog/cc/simulation/integrator,tb_main_opamp,schematic/history_1/simulation/diff_mode_gain/PrimeSimSPICE/parametric/results|&1
1757170572.185809: 1957752-7faba27fc700: cdpl_compat_master.c:5948: in cdplMasterLogInfo(): info: [non-CDPL log entry] PWDP send back 'PILOTOK' back to worker id:1 key: saeSession4,1,diff_mode_gain|&/home/argershm/180-voltmeter/Analog/cc/simulation/integrator,tb_main_opamp,schematic/history_1/simulation/diff_mode_gain/PrimeSimSPICE/parametric/results
1757170572.187037: 1957752-7fabc8ff9700: cdpl_server_ipc.c:1268: in _sv_ipc_thread(): debug: received RELAY message
1757170572.187042: 1957752-7fabc8ff9700: cdpl_server_ipc.c:713: in _sv_on_relay(): debug: RELAY message from W3, size = 53
1757170572.187044: 1957752-7fabc8ff9700: cdpl_server_ipc.c:715: in _sv_on_relay(): debug: RELAY message from W3, content = WORKERDU|12932,/dev/mapper/rhel_claws--compute3-home
1757170572.187064: 1957752-7fabc8ff9700: cdpl_server_ipc.c:1268: in _sv_ipc_thread(): debug: received RELAY message
1757170572.187066: 1957752-7fabc8ff9700: cdpl_server_ipc.c:713: in _sv_on_relay(): debug: RELAY message from W3, size = 196
1757170572.187068: 1957752-7fabc8ff9700: cdpl_server_ipc.c:715: in _sv_on_relay(): debug: RELAY message from W3, content = REQPILOT|saeSession4,1,diff_mode_gain|&/home/argershm/180-voltmeter/Analog/cc/simulation/integrator,tb_main_opamp,schematic/history_1/simulation/diff_mode_gain/PrimeSimSPICE/parametric/results|&0
1757170572.187076: 1957752-7faba27fc700: cdpl_compat_master.c:5948: in cdplMasterLogInfo(): info: [non-CDPL log entry] PWDP send back 'PILOTOK' back to worker id:3 key: saeSession4,1,diff_mode_gain|&/home/argershm/180-voltmeter/Analog/cc/simulation/integrator,tb_main_opamp,schematic/history_1/simulation/diff_mode_gain/PrimeSimSPICE/parametric/results
1757170572.187213: 1957752-7fabc8ff9700: cdpl_server_ipc.c:1268: in _sv_ipc_thread(): debug: received RELAY message
1757170572.187216: 1957752-7fabc8ff9700: cdpl_server_ipc.c:713: in _sv_on_relay(): debug: RELAY message from W3, size = 18
1757170572.187218: 1957752-7fabc8ff9700: cdpl_server_ipc.c:715: in _sv_on_relay(): debug: RELAY message from W3, content = 0$- - - MEASDOING
1757170573.570278: 1957752-7fabc8ff9700: cdpl_server_ipc.c:1268: in _sv_ipc_thread(): debug: received RELAY message
1757170573.570296: 1957752-7fabc8ff9700: cdpl_server_ipc.c:713: in _sv_on_relay(): debug: RELAY message from W2, size = 77
1757170573.570299: 1957752-7fabc8ff9700: cdpl_server_ipc.c:715: in _sv_on_relay(): debug: RELAY message from W2, content = 2$1985261 claws-compute3.ece.ncsu.edu 1985306 FINISHED 1757170565|1757170573
1757170573.572358: 1957752-7fabc8ff9700: cdpl_server_ipc.c:1268: in _sv_ipc_thread(): debug: received RELAY message
1757170573.572367: 1957752-7fabc8ff9700: cdpl_server_ipc.c:713: in _sv_on_relay(): debug: RELAY message from W2, size = 194
1757170573.572370: 1957752-7fabc8ff9700: cdpl_server_ipc.c:715: in _sv_on_relay(): debug: RELAY message from W2, content = PILOTDONE|saeSession4,1,diff_mode_gain|&/home/argershm/180-voltmeter/Analog/cc/simulation/integrator,tb_main_opamp,schematic/history_1/simulation/diff_mode_gain/PrimeSimSPICE/parametric/results
1757170573.572413: 1957752-7faba27fc700: cdpl_compat_master.c:5948: in cdplMasterLogInfo(): info: [non-CDPL log entry] saeSession4,1,diff_mode_gain|&/home/argershm/180-voltmeter/Analog/cc/simulation/integrator,tb_main_opamp,schematic/history_1/simulation/diff_mode_gain/PrimeSimSPICE/parametric/results PILOTDONE!
1757170573.572717: 1957752-7fabc8ff9700: cdpl_server_ipc.c:1251: in _sv_ipc_thread(): debug: received FINISH message
1757170573.572724: 1957752-7fabc8ff9700: cdpl_server_ipc.c:983: in _sv_on_finish(): info: worker W2 completed task T2
1757170573.572734: 1957752-7fabc8ff9700: cdpl_server_ipc.c:988: in _sv_on_finish(): debug: stat T2: utime=4110 stime=2239
1757170573.572736: 1957752-7fabc8ff9700: cdpl_server_ipc.c:993: in _sv_on_finish(): debug: statm T2: vsize=3054864 rss=1040832 shared=519492 text=474784 data=710084
1757170573.572765: 1957752-7fab9bfff700: cdpl_server_sched.c:960: in _assign(): info: assigning task T3 to worker W2
1757170573.577806: 1957752-7fabc8ff9700: cdpl_server_ipc.c:1268: in _sv_ipc_thread(): debug: received RELAY message
1757170573.577813: 1957752-7fabc8ff9700: cdpl_server_ipc.c:713: in _sv_on_relay(): debug: RELAY message from W2, size = 50
1757170573.577816: 1957752-7fabc8ff9700: cdpl_server_ipc.c:715: in _sv_on_relay(): debug: RELAY message from W2, content = WORKERDU|40,/dev/mapper/rhel_claws--compute3-home
1757170573.593692: 1957752-7fabc8ff9700: cdpl_server_ipc.c:1268: in _sv_ipc_thread(): debug: received RELAY message
1757170573.593697: 1957752-7fabc8ff9700: cdpl_server_ipc.c:713: in _sv_on_relay(): debug: RELAY message from W3, size = 77
1757170573.593699: 1957752-7fabc8ff9700: cdpl_server_ipc.c:715: in _sv_on_relay(): debug: RELAY message from W3, content = 0$1985262 claws-compute3.ece.ncsu.edu 1985298 FINISHED 1757170565|1757170573
1757170573.593974: 1957752-7fabc8ff9700: cdpl_server_ipc.c:1251: in _sv_ipc_thread(): debug: received FINISH message
1757170573.593977: 1957752-7fabc8ff9700: cdpl_server_ipc.c:983: in _sv_on_finish(): info: worker W3 completed task T0
1757170573.593979: 1957752-7fabc8ff9700: cdpl_server_ipc.c:988: in _sv_on_finish(): debug: stat T0: utime=3998 stime=2242
1757170573.593981: 1957752-7fabc8ff9700: cdpl_server_ipc.c:993: in _sv_on_finish(): debug: statm T0: vsize=3054856 rss=1042512 shared=519132 text=474784 data=710076
1757170573.593999: 1957752-7fab9bfff700: cdpl_server_sched.c:960: in _assign(): info: assigning task T4 to worker W3
1757170573.598664: 1957752-7fabc8ff9700: cdpl_server_ipc.c:1268: in _sv_ipc_thread(): debug: received RELAY message
1757170573.598671: 1957752-7fabc8ff9700: cdpl_server_ipc.c:713: in _sv_on_relay(): debug: RELAY message from W3, size = 50
1757170573.598673: 1957752-7fabc8ff9700: cdpl_server_ipc.c:715: in _sv_on_relay(): debug: RELAY message from W3, content = WORKERDU|56,/dev/mapper/rhel_claws--compute3-home
1757170573.671182: 1957752-7fac1f13a540: cdpl_server.c:227: in _sv_free_task_safe(): debug: freeing task T0
1757170573.696805: 1957752-7fabc8ff9700: cdpl_server_ipc.c:1268: in _sv_ipc_thread(): debug: received RELAY message
1757170573.696813: 1957752-7fabc8ff9700: cdpl_server_ipc.c:713: in _sv_on_relay(): debug: RELAY message from W2, size = 65
1757170573.696815: 1957752-7fabc8ff9700: cdpl_server_ipc.c:715: in _sv_on_relay(): debug: RELAY message from W2, content = 3$1985261 claws-compute3.ece.ncsu.edu 1986346 RUNNING 1757170573
1757170573.793218: 1957752-7fabc8ff9700: cdpl_server_ipc.c:1268: in _sv_ipc_thread(): debug: received RELAY message
1757170573.793241: 1957752-7fabc8ff9700: cdpl_server_ipc.c:713: in _sv_on_relay(): debug: RELAY message from W3, size = 65
1757170573.793244: 1957752-7fabc8ff9700: cdpl_server_ipc.c:715: in _sv_on_relay(): debug: RELAY message from W3, content = 4$1985262 claws-compute3.ece.ncsu.edu 1986509 RUNNING 1757170573
1757170574.908979: 1957752-7fabc8ff9700: cdpl_server_ipc.c:1268: in _sv_ipc_thread(): debug: received RELAY message
1757170574.908992: 1957752-7fabc8ff9700: cdpl_server_ipc.c:713: in _sv_on_relay(): debug: RELAY message from W2, size = 196
1757170574.908995: 1957752-7fabc8ff9700: cdpl_server_ipc.c:715: in _sv_on_relay(): debug: RELAY message from W2, content = REQPILOT|saeSession4,1,diff_mode_gain|&/home/argershm/180-voltmeter/Analog/cc/simulation/integrator,tb_main_opamp,schematic/history_1/simulation/diff_mode_gain/PrimeSimSPICE/parametric/results|&3
1757170574.909026: 1957752-7faba27fc700: cdpl_compat_master.c:5948: in cdplMasterLogInfo(): info: [non-CDPL log entry] PWDP send back 'PILOTOK' back to worker id:2 key: saeSession4,1,diff_mode_gain|&/home/argershm/180-voltmeter/Analog/cc/simulation/integrator,tb_main_opamp,schematic/history_1/simulation/diff_mode_gain/PrimeSimSPICE/parametric/results
1757170574.909185: 1957752-7fabc8ff9700: cdpl_server_ipc.c:1268: in _sv_ipc_thread(): debug: received RELAY message
1757170574.909192: 1957752-7fabc8ff9700: cdpl_server_ipc.c:713: in _sv_on_relay(): debug: RELAY message from W2, size = 18
1757170574.909194: 1957752-7fabc8ff9700: cdpl_server_ipc.c:715: in _sv_on_relay(): debug: RELAY message from W2, content = 3$- - - MEASDOING
1757170575.001318: 1957752-7fabc8ff9700: cdpl_server_ipc.c:1268: in _sv_ipc_thread(): debug: received RELAY message
1757170575.001327: 1957752-7fabc8ff9700: cdpl_server_ipc.c:713: in _sv_on_relay(): debug: RELAY message from W3, size = 196
1757170575.001330: 1957752-7fabc8ff9700: cdpl_server_ipc.c:715: in _sv_on_relay(): debug: RELAY message from W3, content = REQPILOT|saeSession4,1,diff_mode_gain|&/home/argershm/180-voltmeter/Analog/cc/simulation/integrator,tb_main_opamp,schematic/history_1/simulation/diff_mode_gain/PrimeSimSPICE/parametric/results|&4
1757170575.001343: 1957752-7faba27fc700: cdpl_compat_master.c:5948: in cdplMasterLogInfo(): info: [non-CDPL log entry] PWDP send back 'PILOTOK' back to worker id:3 key: saeSession4,1,diff_mode_gain|&/home/argershm/180-voltmeter/Analog/cc/simulation/integrator,tb_main_opamp,schematic/history_1/simulation/diff_mode_gain/PrimeSimSPICE/parametric/results
1757170575.001481: 1957752-7fabc8ff9700: cdpl_server_ipc.c:1268: in _sv_ipc_thread(): debug: received RELAY message
1757170575.001487: 1957752-7fabc8ff9700: cdpl_server_ipc.c:713: in _sv_on_relay(): debug: RELAY message from W3, size = 18
1757170575.001490: 1957752-7fabc8ff9700: cdpl_server_ipc.c:715: in _sv_on_relay(): debug: RELAY message from W3, content = 4$- - - MEASDOING
1757170575.742605: 1957752-7fabc8ff9700: cdpl_server_ipc.c:1268: in _sv_ipc_thread(): debug: received RELAY message
1757170575.742619: 1957752-7fabc8ff9700: cdpl_server_ipc.c:713: in _sv_on_relay(): debug: RELAY message from W2, size = 77
1757170575.742622: 1957752-7fabc8ff9700: cdpl_server_ipc.c:715: in _sv_on_relay(): debug: RELAY message from W2, content = 3$1985261 claws-compute3.ece.ncsu.edu 1986346 FINISHED 1757170573|1757170575
1757170575.742770: 1957752-7fabc8ff9700: cdpl_server_ipc.c:1251: in _sv_ipc_thread(): debug: received FINISH message
1757170575.742776: 1957752-7fabc8ff9700: cdpl_server_ipc.c:983: in _sv_on_finish(): info: worker W2 completed task T3
1757170575.742778: 1957752-7fabc8ff9700: cdpl_server_ipc.c:988: in _sv_on_finish(): debug: stat T3: utime=656 stime=425
1757170575.742780: 1957752-7fabc8ff9700: cdpl_server_ipc.c:993: in _sv_on_finish(): debug: statm T3: vsize=3054864 rss=1040832 shared=519492 text=474784 data=710084
1757170575.742809: 1957752-7fab9bfff700: cdpl_server_sched.c:960: in _assign(): info: assigning task T5 to worker W2
1757170575.747603: 1957752-7fabc8ff9700: cdpl_server_ipc.c:1268: in _sv_ipc_thread(): debug: received RELAY message
1757170575.747612: 1957752-7fabc8ff9700: cdpl_server_ipc.c:713: in _sv_on_relay(): debug: RELAY message from W2, size = 53
1757170575.747614: 1957752-7fabc8ff9700: cdpl_server_ipc.c:715: in _sv_on_relay(): debug: RELAY message from W2, content = WORKERDU|12988,/dev/mapper/rhel_claws--compute3-home
1757170575.771946: 1957752-7fac1f13a540: cdpl_server.c:227: in _sv_free_task_safe(): debug: freeing task T3
1757170575.875639: 1957752-7fabc8ff9700: cdpl_server_ipc.c:1268: in _sv_ipc_thread(): debug: received RELAY message
1757170575.875649: 1957752-7fabc8ff9700: cdpl_server_ipc.c:713: in _sv_on_relay(): debug: RELAY message from W2, size = 65
1757170575.875651: 1957752-7fabc8ff9700: cdpl_server_ipc.c:715: in _sv_on_relay(): debug: RELAY message from W2, content = 5$1985261 claws-compute3.ece.ncsu.edu 1986841 RUNNING 1757170575
1757170575.878165: 1957752-7fabc8ff9700: cdpl_server_ipc.c:1268: in _sv_ipc_thread(): debug: received RELAY message
1757170575.878173: 1957752-7fabc8ff9700: cdpl_server_ipc.c:713: in _sv_on_relay(): debug: RELAY message from W3, size = 77
1757170575.878176: 1957752-7fabc8ff9700: cdpl_server_ipc.c:715: in _sv_on_relay(): debug: RELAY message from W3, content = 4$1985262 claws-compute3.ece.ncsu.edu 1986509 FINISHED 1757170573|1757170575
1757170575.878336: 1957752-7fabc8ff9700: cdpl_server_ipc.c:1251: in _sv_ipc_thread(): debug: received FINISH message
1757170575.878342: 1957752-7fabc8ff9700: cdpl_server_ipc.c:983: in _sv_on_finish(): info: worker W3 completed task T4
1757170575.878344: 1957752-7fabc8ff9700: cdpl_server_ipc.c:988: in _sv_on_finish(): debug: stat T4: utime=674 stime=388
1757170575.878346: 1957752-7fabc8ff9700: cdpl_server_ipc.c:993: in _sv_on_finish(): debug: statm T4: vsize=3054856 rss=1042512 shared=519132 text=474784 data=710076
1757170575.882993: 1957752-7fabc8ff9700: cdpl_server_ipc.c:1268: in _sv_ipc_thread(): debug: received RELAY message
1757170575.883002: 1957752-7fabc8ff9700: cdpl_server_ipc.c:713: in _sv_on_relay(): debug: RELAY message from W3, size = 53
1757170575.883005: 1957752-7fabc8ff9700: cdpl_server_ipc.c:715: in _sv_on_relay(): debug: RELAY message from W3, content = WORKERDU|12988,/dev/mapper/rhel_claws--compute3-home
1757170575.972998: 1957752-7fac1f13a540: cdpl_server.c:227: in _sv_free_task_safe(): debug: freeing task T4
1757170577.186206: 1957752-7fabc8ff9700: cdpl_server_ipc.c:1268: in _sv_ipc_thread(): debug: received RELAY message
1757170577.186219: 1957752-7fabc8ff9700: cdpl_server_ipc.c:713: in _sv_on_relay(): debug: RELAY message from W2, size = 196
1757170577.186221: 1957752-7fabc8ff9700: cdpl_server_ipc.c:715: in _sv_on_relay(): debug: RELAY message from W2, content = REQPILOT|saeSession4,1,diff_mode_gain|&/home/argershm/180-voltmeter/Analog/cc/simulation/integrator,tb_main_opamp,schematic/history_1/simulation/diff_mode_gain/PrimeSimSPICE/parametric/results|&5
1757170577.186257: 1957752-7faba27fc700: cdpl_compat_master.c:5948: in cdplMasterLogInfo(): info: [non-CDPL log entry] PWDP send back 'PILOTOK' back to worker id:2 key: saeSession4,1,diff_mode_gain|&/home/argershm/180-voltmeter/Analog/cc/simulation/integrator,tb_main_opamp,schematic/history_1/simulation/diff_mode_gain/PrimeSimSPICE/parametric/results
1757170577.186403: 1957752-7fabc8ff9700: cdpl_server_ipc.c:1268: in _sv_ipc_thread(): debug: received RELAY message
1757170577.186408: 1957752-7fabc8ff9700: cdpl_server_ipc.c:713: in _sv_on_relay(): debug: RELAY message from W2, size = 18
1757170577.186411: 1957752-7fabc8ff9700: cdpl_server_ipc.c:715: in _sv_on_relay(): debug: RELAY message from W2, content = 5$- - - MEASDOING
1757170578.084004: 1957752-7fabc8ff9700: cdpl_server_ipc.c:1268: in _sv_ipc_thread(): debug: received RELAY message
1757170578.084033: 1957752-7fabc8ff9700: cdpl_server_ipc.c:713: in _sv_on_relay(): debug: RELAY message from W2, size = 53
1757170578.084036: 1957752-7fabc8ff9700: cdpl_server_ipc.c:715: in _sv_on_relay(): debug: RELAY message from W2, content = WORKERDU|12988,/dev/mapper/rhel_claws--compute3-home
1757170578.085746: 1957752-7fabc8ff9700: cdpl_server_ipc.c:1268: in _sv_ipc_thread(): debug: received RELAY message
1757170578.085754: 1957752-7fabc8ff9700: cdpl_server_ipc.c:713: in _sv_on_relay(): debug: RELAY message from W2, size = 77
1757170578.085756: 1957752-7fabc8ff9700: cdpl_server_ipc.c:715: in _sv_on_relay(): debug: RELAY message from W2, content = 5$1985261 claws-compute3.ece.ncsu.edu 1986841 FINISHED 1757170575|1757170578
1757170578.086025: 1957752-7fabc8ff9700: cdpl_server_ipc.c:1251: in _sv_ipc_thread(): debug: received FINISH message
1757170578.086033: 1957752-7fabc8ff9700: cdpl_server_ipc.c:983: in _sv_on_finish(): info: worker W2 completed task T5
1757170578.086035: 1957752-7fabc8ff9700: cdpl_server_ipc.c:988: in _sv_on_finish(): debug: stat T5: utime=668 stime=411
1757170578.086038: 1957752-7fabc8ff9700: cdpl_server_ipc.c:993: in _sv_on_finish(): debug: statm T5: vsize=3054864 rss=1040832 shared=519492 text=474784 data=710084
1757170578.171422: 1957752-7fac1f13a540: cdpl_server.c:227: in _sv_free_task_safe(): debug: freeing task T5
1757170595.972274: 1957752-7faba37fe700: cdpl_ipc.c:775: in _readv(): warning: read(): EOF
1757170595.972293: 1957752-7faba37fe700: cdpl_ipc.c:2100: in _epoll_recv(): debug: _readv(): Broken pipe
1757170595.972302: 1957752-7faba37fe700: cdpl_ipc.c:2424: in _epoll_main(): debug: _epoll_recv(): Broken pipe
1757170595.972304: 1957752-7fabc97fa700: cdpl_ipc.c:775: in _readv(): warning: read(): EOF
1757170595.972313: 1957752-7fabc97fa700: cdpl_ipc.c:2100: in _epoll_recv(): debug: _readv(): Broken pipe
1757170595.972316: 1957752-7fabc97fa700: cdpl_ipc.c:2424: in _epoll_main(): debug: _epoll_recv(): Broken pipe
1757170595.972319: 1957752-7faba37fe700: cdpl_ipc.c:1657: in _host_drop__UNSAFE(): debug: dropping host `152.14.98.53:33033'
1757170595.972322: 1957752-7fabc97fa700: cdpl_ipc.c:1657: in _host_drop__UNSAFE(): debug: dropping host `152.14.98.53:46660'
1757170595.972363: 1957752-7fabc8ff9700: cdpl_server_ipc.c:1236: in _sv_ipc_thread(): debug: received DROP notification
1757170595.972380: 1957752-7fabc8ff9700: cdpl_server_sched.c:2796: in _sv_record_crashed_worker(): debug: dropping worker W3
1757170595.972384: 1957752-7fabc8ff9700: cdpl_server_ipc.c:188: in _sv_on_drop_worker(): debug: down to 2 live workers in B1
1757170595.972455: 1957752-7faba2ffd700: cdpl_monitor.c:290: in mn_listen(): debug: received DROP message
1757170595.972465: 1957752-7fab9bfff700: cdpl_server_sched.c:750: in _empty_trash(): debug: freeing worker W3 while emptying trash list for bin B1
1757170595.972470: 1957752-7fab9bfff700: cdpl_farm.c:4152: in cdpl_farm_dismiss(): debug: down to 2 running processes
1757170595.972474: 1957752-7fab9bfff700: cdpl_server_sched.c:121: in _free_worker_2(): debug: freeing worker W3
1757170595.972476: 1957752-7faba2ffd700: cdpl_ipc.c:2513: in cdpl_ipc_host_release(): debug: releasing host `152.14.98.53:33033'
1757170595.972479: 1957752-7fab9bfff700: cdpl_ipc.c:2513: in cdpl_ipc_host_release(): debug: releasing host `152.14.98.53:46660'
1757170595.972482: 1957752-7fab9bfff700: cdpl_ipc.c:2529: in cdpl_ipc_host_release(): debug: scheduling for immediate release
1757170597.852983: 1957752-7fabc97fa700: cdpl_ipc.c:1582: in _host_free__UNSAFE(): debug: freeing host `152.14.98.53:46660'
1757170597.853004: 1957752-7fabc97fa700: cdpl_ipc.c:1621: in _host_free__UNSAFE(): debug: [0 outq, 0 spR, 0 spW]
1757170597.853006: 1957752-7faba37fe700: cdpl_ipc.c:1582: in _host_free__UNSAFE(): debug: freeing host `152.14.98.53:33033'
1757170597.853012: 1957752-7faba37fe700: cdpl_ipc.c:1621: in _host_free__UNSAFE(): debug: [0 outq, 0 spR, 0 spW]
1757170598.172125: 1957752-7faba37fe700: cdpl_ipc.c:775: in _readv(): warning: read(): EOF
1757170598.172138: 1957752-7faba37fe700: cdpl_ipc.c:2100: in _epoll_recv(): debug: _readv(): Broken pipe
1757170598.172141: 1957752-7faba37fe700: cdpl_ipc.c:2424: in _epoll_main(): debug: _epoll_recv(): Broken pipe
1757170598.172143: 1957752-7fabc97fa700: cdpl_ipc.c:775: in _readv(): warning: read(): EOF
1757170598.172158: 1957752-7faba37fe700: cdpl_ipc.c:1657: in _host_drop__UNSAFE(): debug: dropping host `152.14.98.53:42767'
1757170598.172168: 1957752-7fabc97fa700: cdpl_ipc.c:2100: in _epoll_recv(): debug: _readv(): Broken pipe
1757170598.172172: 1957752-7fabc97fa700: cdpl_ipc.c:2424: in _epoll_main(): debug: _epoll_recv(): Broken pipe
1757170598.172176: 1957752-7fabc97fa700: cdpl_ipc.c:1657: in _host_drop__UNSAFE(): debug: dropping host `152.14.98.53:46680'
1757170598.172302: 1957752-7faba2ffd700: cdpl_monitor.c:290: in mn_listen(): debug: received DROP message
1757170598.172312: 1957752-7fabc8ff9700: cdpl_server_ipc.c:1236: in _sv_ipc_thread(): debug: received DROP notification
1757170598.172318: 1957752-7faba2ffd700: cdpl_ipc.c:2513: in cdpl_ipc_host_release(): debug: releasing host `152.14.98.53:42767'
1757170598.172324: 1957752-7fabc8ff9700: cdpl_server_sched.c:2796: in _sv_record_crashed_worker(): debug: dropping worker W2
1757170598.172328: 1957752-7fabc8ff9700: cdpl_server_ipc.c:188: in _sv_on_drop_worker(): debug: down to 1 live workers in B1
1757170598.172341: 1957752-7fab9bfff700: cdpl_server_sched.c:750: in _empty_trash(): debug: freeing worker W2 while emptying trash list for bin B1
1757170598.172346: 1957752-7fab9bfff700: cdpl_farm.c:4152: in cdpl_farm_dismiss(): debug: down to 1 running processes
1757170598.172355: 1957752-7fab9bfff700: cdpl_server_sched.c:121: in _free_worker_2(): debug: freeing worker W2
1757170598.172358: 1957752-7fab9bfff700: cdpl_ipc.c:2513: in cdpl_ipc_host_release(): debug: releasing host `152.14.98.53:46680'
1757170602.186064: 1957752-7fabc8ff9700: cdpl_server_ipc.c:1268: in _sv_ipc_thread(): debug: received RELAY message
1757170602.186079: 1957752-7fabc8ff9700: cdpl_server_ipc.c:713: in _sv_on_relay(): debug: RELAY message from W1, size = 18
1757170602.186081: 1957752-7fabc8ff9700: cdpl_server_ipc.c:715: in _sv_on_relay(): debug: RELAY message from W1, content = 1$- - - MEASDOING
1757170602.743185: 1957752-7fabc8ff9700: cdpl_server_ipc.c:1268: in _sv_ipc_thread(): debug: received RELAY message
1757170602.743202: 1957752-7fabc8ff9700: cdpl_server_ipc.c:713: in _sv_on_relay(): debug: RELAY message from W1, size = 50
1757170602.743205: 1957752-7fabc8ff9700: cdpl_server_ipc.c:715: in _sv_on_relay(): debug: RELAY message from W1, content = WORKERDU|28,/dev/mapper/rhel_claws--compute3-home
1757170602.853016: 1957752-7faba37fe700: cdpl_ipc.c:1582: in _host_free__UNSAFE(): debug: freeing host `152.14.98.53:42767'
1757170602.853037: 1957752-7faba37fe700: cdpl_ipc.c:1621: in _host_free__UNSAFE(): debug: [0 outq, 0 spR, 0 spW]
1757170603.350782: 1957752-7fabc8ff9700: cdpl_server_ipc.c:1268: in _sv_ipc_thread(): debug: received RELAY message
1757170603.350800: 1957752-7fabc8ff9700: cdpl_server_ipc.c:713: in _sv_on_relay(): debug: RELAY message from W1, size = 77
1757170603.350804: 1957752-7fabc8ff9700: cdpl_server_ipc.c:715: in _sv_on_relay(): debug: RELAY message from W1, content = 1$1985260 claws-compute3.ece.ncsu.edu 1985300 FINISHED 1757170565|1757170603
1757170603.351089: 1957752-7fabc8ff9700: cdpl_server_ipc.c:1251: in _sv_ipc_thread(): debug: received FINISH message
1757170603.351097: 1957752-7fabc8ff9700: cdpl_server_ipc.c:983: in _sv_on_finish(): info: worker W1 completed task T1
1757170603.351099: 1957752-7fabc8ff9700: cdpl_server_ipc.c:988: in _sv_on_finish(): debug: stat T1: utime=4039 stime=2256
1757170603.351102: 1957752-7fabc8ff9700: cdpl_server_ipc.c:993: in _sv_on_finish(): debug: statm T1: vsize=3054856 rss=1036516 shared=518776 text=474784 data=710076
1757170603.356060: 1957752-7fabc8ff9700: cdpl_server_ipc.c:1268: in _sv_ipc_thread(): debug: received RELAY message
1757170603.356067: 1957752-7fabc8ff9700: cdpl_server_ipc.c:713: in _sv_on_relay(): debug: RELAY message from W1, size = 50
1757170603.356070: 1957752-7fabc8ff9700: cdpl_server_ipc.c:715: in _sv_on_relay(): debug: RELAY message from W1, content = WORKERDU|28,/dev/mapper/rhel_claws--compute3-home
1757170603.371496: 1957752-7fac1f13a540: cdpl_server.c:227: in _sv_free_task_safe(): debug: freeing task T1
1757170603.580789: 1957752-7fac1f13a540: cdpl_server.c:3008: in cdpl_sv_halt_job_errno(): info: killing job J1
1757170603.580811: 1957752-7fac1f13a540: cdpl_server.c:3044: in cdpl_sv_halt_job_errno(): debug: signal bin B1 scheduler to stop
1757170603.580836: 1957752-7fab9bfff700: cdpl_server_sched.c:2484: in _sv_scheduler_thread(): debug: scheduler for bin B1 stopped
1757170603.580871: 1957752-7fab9bfff700: cdpl_ipc.c:1657: in _host_drop__UNSAFE(): debug: dropping host `152.14.98.53:46670'
1757170603.580904: 1957752-7fab9bfff700: cdpl_server_sched.c:2830: in _sv_drop_worker(): info: down to 0 alive workers in B1
1757170603.580907: 1957752-7fab9bfff700: cdpl_farm.c:4152: in cdpl_farm_dismiss(): debug: down to 0 running processes
1757170603.580910: 1957752-7fabc8ff9700: cdpl_server_ipc.c:1236: in _sv_ipc_thread(): debug: received DROP notification
1757170603.580925: 1957752-7fab9bfff700: cdpl_server_sched.c:121: in _free_worker_2(): debug: freeing worker W1
1757170603.580928: 1957752-7fab9bfff700: cdpl_ipc.c:2513: in cdpl_ipc_host_release(): debug: releasing host `152.14.98.53:46670'
1757170603.580930: 1957752-7fab9bfff700: cdpl_ipc.c:2529: in cdpl_ipc_host_release(): debug: scheduling for immediate release
1757170603.580959: 1957752-7fac1f13a540: cdpl_server.c:294: in _sv_free_job(): info: freeing job J1
1757170603.580971: 1957752-7fac1f13a540: cdpl_server.c:92: in _sv_free_bin(): debug: freeing bin B1
1757170603.580976: 1957752-7fac1f13a540: cdpl_server.c:184: in _sv_free_task(): debug: freeing task T2
1757170603.581010: 1957752-7fac1f13a540: cdpl_monitor.c:515: in cdpl_mn_kill(): info: killing monitor
1757170603.581018: 1957752-7fac1f13a540: cdpl_ipc.c:3677: in cdpl_ipc_kill(): debug: stopping event server
1757170603.581039: 1957752-7faba37fe700: cdpl_ipc.c:2460: in _epoll_main(): debug: server going down...
1757170603.581089: 1957752-7fabc97fa700: cdpl_ipc.c:775: in _readv(): warning: read(): EOF
1757170603.581098: 1957752-7fabc97fa700: cdpl_ipc.c:2100: in _epoll_recv(): debug: _readv(): Broken pipe
1757170603.581101: 1957752-7fabc97fa700: cdpl_ipc.c:2424: in _epoll_main(): debug: _epoll_recv(): Broken pipe
1757170603.581105: 1957752-7fabc97fa700: cdpl_ipc.c:1657: in _host_drop__UNSAFE(): debug: dropping host `152.14.98.53:46650'
1757170603.581140: 1957752-7fabc97fa700: cdpl_ipc.c:1582: in _host_free__UNSAFE(): debug: freeing host `152.14.98.53:46680'
1757170603.581142: 1957752-7fabc97fa700: cdpl_ipc.c:1621: in _host_free__UNSAFE(): debug: [0 outq, 0 spR, 0 spW]
1757170603.581144: 1957752-7fabc97fa700: cdpl_ipc.c:1582: in _host_free__UNSAFE(): debug: freeing host `152.14.98.53:46670'
1757170603.581146: 1957752-7fabc97fa700: cdpl_ipc.c:1621: in _host_free__UNSAFE(): debug: [0 outq, 0 spR, 0 spW]
1757170603.581230: 1957752-7fabc8ff9700: cdpl_server_ipc.c:1236: in _sv_ipc_thread(): debug: received DROP notification
1757170603.581250: 1957752-7fabc8ff9700: cdpl_monitor.c:1269: in cdpl_mn_drop(): debug: detaching from monitor `152.14.98.53:46650'
1757170603.581255: 1957752-7fabc8ff9700: cdpl_monitor.c:1101: in mn_systat_stop(): debug: joining systat thread
1757170603.581276: 1957752-7faba17fa700: cdpl_monitor.c:1079: in mn_systat(): debug: exiting
1757170603.581280: 1957752-7fabc8ff9700: cdpl_monitor.c:1103: in mn_systat_stop(): debug: systat thread done
1757170603.581283: 1957752-7fabc8ff9700: cdpl_ipc.c:2513: in cdpl_ipc_host_release(): debug: releasing host `152.14.98.53:46650'
1757170603.581366: 1957752-7faba3fff700: cdpl_ipc.c:3728: in cdpl_ipc_free(): debug: releasing IPC handle
1757170603.581371: 1957752-7faba3fff700: cdpl_ipc.c:1582: in _host_free__UNSAFE(): debug: freeing host `152.14.98.53:44547'
1757170603.581373: 1957752-7faba3fff700: cdpl_ipc.c:1621: in _host_free__UNSAFE(): debug: [0 outq, 0 spR, 0 spW]
1757170603.581385: 1957752-7faba3fff700: cdpl_ipc.c:1582: in _host_free__UNSAFE(): debug: freeing host `152.14.98.53:36715'
1757170603.581387: 1957752-7faba3fff700: cdpl_ipc.c:1621: in _host_free__UNSAFE(): debug: [0 outq, 0 spR, 0 spW]
1757170603.581394: 1957752-7faba3fff700: cdpl_ipc.c:3756: in cdpl_ipc_free(): warning: 2 host(s) were not released
1757170603.581406: 1957752-7faba3fff700: cdpl_ipc.c:3767: in cdpl_ipc_free(): debug: done
1757170603.581407: 1957752-7faba3fff700: cdpl_monitor.c:1390: in cdpl_mn_free(): debug: freeing monitor client
1757170603.581556: 1957752-7fac1f13a540: cdpl_farm.c:2740: in cdpl_farm_free(): info: freeing farm
1757170603.581576: 1957752-7fab9b7fe700: cdpl_farm.c:2231: in _schedule(): debug: end of idling
1757170603.581586: 1957752-7fab9b7fe700: cdpl_farm.c:2235: in _schedule(): debug: dying
1757170603.581676: 1957752-7fac1f13a540: cdpl_farm.c:913: in _killall(): debug: killing all remaining commands
1757170603.581694: 1957752-7fac1f13a540: cdpl_server.c:3144: in cdpl_sv_free(): info: freeing server S2097828962
1757170603.581710: 1957752-7fac1f13a540: cdpl_server.c:3109: in cdpl_sv_kill_errno(): info: killing server
1757170603.581712: 1957752-7fac1f13a540: cdpl_ipc.c:3677: in cdpl_ipc_kill(): debug: stopping event server
1757170603.581731: 1957752-7fabc97fa700: cdpl_ipc.c:2460: in _epoll_main(): debug: server going down...
1757170603.581741: 1957752-7fabc8ff9700: cdpl_server_ipc.c:1200: in _sv_ipc_thread(): debug: leaving now
1757170603.581753: 1957752-7fac1f13a540: cdpl_server.c:334: in _sv_free_master(): info: freeing master M1
1757170603.581762: 1957752-7fac1f13a540: cdpl_hash.c:68: in cdpl_h_destroy(): debug: put operations: 3
1757170603.581764: 1957752-7fac1f13a540: cdpl_hash.c:69: in cdpl_h_destroy(): debug: put collisions: 0
1757170603.581765: 1957752-7fac1f13a540: cdpl_hash.c:70: in cdpl_h_destroy(): debug: get operations: 6
1757170603.581766: 1957752-7fac1f13a540: cdpl_hash.c:71: in cdpl_h_destroy(): debug: get iterations: 6
1757170603.581773: 1957752-7fac1f13a540: cdpl_monitor.c:1390: in cdpl_mn_free(): debug: freeing monitor server
1757170603.581775: 1957752-7fac1f13a540: cdpl_ipc.c:3728: in cdpl_ipc_free(): debug: releasing IPC handle
1757170603.581777: 1957752-7fac1f13a540: cdpl_ipc.c:1582: in _host_free__UNSAFE(): debug: freeing host `152.14.98.53:46650'
1757170603.581779: 1957752-7fac1f13a540: cdpl_ipc.c:1621: in _host_free__UNSAFE(): debug: [0 outq, 0 spR, 0 spW]
1757170603.581795: 1957752-7fac1f13a540: cdpl_ipc.c:3767: in cdpl_ipc_free(): debug: done
1757170603.581801: 1957752-7fac1f13a540: cdpl_log.c:481: in cdpl_log_close(): info: @@end_of_log@@
