1757196592.105024: 2804298-7fd49fede540: cdpl_log.c:337: in cdpl_log_open(): info: @@start_of_log@@
1757196592.105054: 2804298-7fd49fede540: cdpl_log.c:1058: in cdpl_log_dump_sysinfo(): info: time: 2025/09/06 18:09:52 EDT -0400
1757196592.105056: 2804298-7fd49fede540: cdpl_log.c:1060: in cdpl_log_dump_sysinfo(): info: version: W-2024.09-SP1-2 
1757196592.105058: 2804298-7fd49fede540: cdpl_log.c:1062: in cdpl_log_dump_sysinfo(): info: system: Linux 4.18.0-553.69.1.el8_10.x86_64 #1 SMP Thu Aug 7 18:10:00 EDT 2025
1757196592.105060: 2804298-7fd49fede540: cdpl_log.c:1067: in cdpl_log_dump_sysinfo(): info: processor: x86_64 64-bits
1757196592.105061: 2804298-7fd49fede540: cdpl_log.c:1071: in cdpl_log_dump_sysinfo(): info: hostname: claws-compute3.ece.ncsu.edu
1757196592.105063: 2804298-7fd49fede540: cdpl_log.c:1073: in cdpl_log_dump_sysinfo(): info: program name: custom_shell
1757196592.105068: 2804298-7fd49fede540: cdpl_log.c:340: in cdpl_log_open(): debug: path: /home/argershm/180-voltmeter/Analog/cc/synopsys_custom/pwdp_jobs/saeSession4_diffmodegain.SimulationSimulation_cdpl.0.2804298/logs/master.claws-compute3.ece.ncsu.edu.2804298.log
1757196592.105069: 2804298-7fd49fede540: cdpl_log.c:341: in cdpl_log_open(): debug: dir: /home/argershm/180-voltmeter/Analog/cc/synopsys_custom/pwdp_jobs/saeSession4_diffmodegain.SimulationSimulation_cdpl.0.2804298/logs
1757196592.105105: 2804298-7fd49fede540: cdpl_server.c:536: in cdpl_sv_init(): info: new server S465092510
1757196592.105113: 2804298-7fd49fede540: cdpl_ipc.c:3475: in cdpl_ipc_init(): info: requesting IPv4 protocol
1757196592.108838: 2804298-7fd49fede540: cdpl_ipc.c:837: in _selectaddrfamily(): info: selected IPv4 protocol
1757196592.108868: 2804298-7fd49fede540: cdpl_ipc.c:1139: in _set_keepalive(): info: TCP keep alive interval: 300
1757196592.113267: 2804298-7fd49fede540: cdpl_monitor.c:1117: in cdpl_mn_new_server(): info: creating server monitor instance
1757196592.113291: 2804298-7fd49fede540: cdpl_server.c:650: in cdpl_sv_new_master(): info: new master M1
1757196592.113302: 2804298-7fd49fede540: cdpl_server.c:6533: in cdpl_sv_ctl_master(): info: Setting worker heartbeat to 120 seconds
1757196592.113304: 2804298-7fd49fede540: cdpl_server.c:6542: in cdpl_sv_ctl_master(): info: Setting worker heartbeat timeout to 3 heartbeats
1757196592.113306: 2804298-7fd49fede540: cdpl_compat_master.c:2090: in _parse_hostfile(): info: reading hostfile `/home/argershm/180-voltmeter/Analog/cc/synopsys_custom/pwdp_jobs/saeSession4_diffmodegain.SimulationSimulation_cdpl.0.2804298/host_file'
1757196592.113335: 2804298-7fd49fede540: cdpl_compat_master.c:1900: in _hostfile_parser(): debug: parsing "1     |localhost|   -1  | /tmp | SH | sh"
1757196592.113352: 2804298-7fd49fede540: cdpl_farm.c:2578: in cdpl_farm_new_sh(): info: creating SH farm on localhost
1757196592.113359: 2804298-7fd49fede540: cdpl_compat_master.c:206: in _set_farm_env(): info: exporting CDPL_LOGDIR as `/home/argershm/180-voltmeter/Analog/cc/synopsys_custom/pwdp_jobs/saeSession4_diffmodegain.SimulationSimulation_cdpl.0.2804298/logs'
1757196592.113361: 2804298-7fd49fede540: cdpl_compat_master.c:212: in _set_farm_env(): info: exporting CDPL_TMPDIR as `/tmp'
1757196592.113363: 2804298-7fd49fede540: cdpl_compat_master.c:235: in _set_farm_env(): info: exporting SNPSLMD_LICENSE_FILE as `27000@ece-lic-35.ece.ncsu.edu'
1757196592.113366: 2804298-7fd49fede540: cdpl_compat_master.c:259: in _set_farm_env(): info: exporting CDPL_OPTIONS as `[nowlogs]'
1757196592.113367: 2804298-7fd49fede540: cdpl_compat_master.c:266: in _set_farm_env(): info: exporting DISPLAY as `unix:20094'
1757196592.113369: 2804298-7fd49fede540: cdpl_compat_master.c:274: in _set_farm_env(): info: exporting CDPL_HEARTBEAT as `120'
1757196592.113381: 2804298-7fd49fede540: cdpl_farm.c:3149: in cdpl_farm_add_withdir(): debug: added `localhost' (capacity: unlimited)
1757196592.113383: 2804298-7fd49fede540: cdpl_compat_parse.c:147: in parsefile(): debug: read `/home/argershm/180-voltmeter/Analog/cc/synopsys_custom/pwdp_jobs/saeSession4_diffmodegain.SimulationSimulation_cdpl.0.2804298/host_file', 2 lines
1757196592.113389: 2804298-7fd49fede540: cdpl_compat_master.c:2931: in cdplInitMaster(): info: bcast dir is `/home/argershm/180-voltmeter/Analog/cc/synopsys_custom/pwdp_jobs/saeSession4_diffmodegain.SimulationSimulation_cdpl.0.2804298/logs'
1757196592.113448: 2804298-7fd49fede540: cdpl_server.c:6433: in cdpl_sv_ctl_master(): info: farm worker timeout set to 300
1757196592.113450: 2804298-7fd49fede540: cdpl_server.c:6486: in cdpl_sv_ctl_master(): info: maximum number of task execution attempts set to 1
1757196592.113469: 2804298-7fd49fede540: cdpl_server.c:3195: in cdpl_sv_start(): debug: starting server
1757196592.113473: 2804298-7fd49fede540: cdpl_ipc.c:3632: in cdpl_ipc_start(): debug: starting IPC server 152.14.98.53:45167
1757196592.113689: 2804298-7fd45f7fe700: cdpl_server_ipc.c:1182: in _sv_ipc_thread(): debug: ready
1757196592.113760: 2804298-7fd45effd700: cdpl_monitor.c:426: in cdpl_mn_init_client(): info: creating client monitor instance
1757196592.113775: 2804298-7fd45effd700: cdpl_ipc.c:3475: in cdpl_ipc_init(): info: requesting IPv4 protocol
1757196592.117618: 2804298-7fd45effd700: cdpl_ipc.c:837: in _selectaddrfamily(): info: selected IPv4 protocol
1757196592.117642: 2804298-7fd45effd700: cdpl_ipc.c:1139: in _set_keepalive(): info: TCP keep alive interval: 300
1757196592.122048: 2804298-7fd45effd700: cdpl_ipc.c:3632: in cdpl_ipc_start(): debug: starting IPC server 152.14.98.53:40981
1757196592.122200: 2804298-7fd45effd700: cdpl_monitor.c:471: in cdpl_mn_init_client(): debug: incoming messages in /tmp/cdpl-monitor-n8unNs
1757196592.122274: 2804298-7fd45effd700: cdpl_monitor.c:533: in cdpl_mn_connect(): debug: connecting to 152.14.98.53:45167
1757196592.122282: 2804298-7fd45effd700: cdpl_ipc.c:3789: in cdpl_ipc_connect(): info: connecting to 152.14.98.53:45167
1757196592.122345: 2804298-7fd45effd700: cdpl_ipc.c:3860: in cdpl_ipc_connect(): info: connected as `152.14.98.53:54198'
1757196592.122362: 2804298-7fd45effd700: cdpl_ipc.c:2503: in cdpl_ipc_host_accept(): debug: accepted host `152.14.98.53:45167'
1757196592.122373: 2804298-7fd45ffff700: cdpl_ipc.c:1862: in _epoll_accept(): debug: new connection from `152.14.98.53:54198'
1757196592.122397: 2804298-7fd45effd700: cdpl_monitor.c:579: in cdpl_mn_connect(): debug: ok
1757196592.122423: 2804298-7fd49fede540: cdpl_server.c:731: in cdpl_sv_new_job(): info: new job J1 in M1
1757196592.122432: 2804298-7fd45f7fe700: cdpl_server_ipc.c:1225: in _sv_ipc_thread(): debug: received ACCEPT notification
1757196592.122443: 2804298-7fd45f7fe700: cdpl_ipc.c:2503: in cdpl_ipc_host_accept(): debug: accepted host `152.14.98.53:54198'
1757196592.122456: 2804298-7fd49fede540: cdpl_compat_master.c:1581: in _add_worker(): info: new worker type 10, min:1, max:3, cmd:`/home/argershm/180-voltmeter/Analog/cc/synopsys_custom/pwdp_jobs/saeSession4_diffmodegain.SimulationSimulation_cdpl.0.2804298/START_WORKER pw_worker -i /home/argershm/180-voltmeter/Analog/cc/synopsys_custom/pwdp_jobs
1757196592.122468: 2804298-7fd45f7fe700: cdpl_server_ipc.c:1256: in _sv_ipc_thread(): debug: received MONITOR message
1757196592.122476: 2804298-7fd49fede540: cdpl_server.c:908: in cdpl_sv_new_bin_withfarm(): info: new bin B1 in J1
1757196592.122652: 2804298-7fd45f7fe700: cdpl_monitor.c:1207: in cdpl_mn_accept(): debug: accepted monitor `152.14.98.53:54198'
1757196592.122656: 2804298-7fd45f7fe700: cdpl_server_ipc_mon.c:120: in _globalLOCK(): debug: ENTERTING GLOBAL LOCK
1757196592.122659: 2804298-7fd45f7fe700: cdpl_server_ipc_mon.c:164: in _globalLOCK(): debug: global lock acquired
1757196592.122671: 2804298-7fd45cff9700: cdpl_monitor.c:910: in mn_systat(): debug: started
1757196592.123008: 2804298-7fd45cff9700: cdpl_monitor.c:937: in mn_systat(): debug: monitor server flush rate: 5
1757196592.923469: 2804298-7fd45f7fe700: cdpl_server_ipc_mon.c:210: in _globalUNLOCK(): debug: LEAVING GLOBAL LOCK
1757196592.923492: 2804298-7fd49fede540: cdpl_server.c:3249: in cdpl_sv_start_job(): info: starting job J1
1757196592.923521: 2804298-7fd49fede540: cdpl_server.c:62: in _sv_start_bin(): debug: starting bin B1 (min: 0, max: 3)
1757196592.923657: 2804298-7fd44affd700: cdpl_server_sched.c:2482: in _sv_scheduler_thread(): debug: scheduler for bin B1 started
1757196592.923682: 2804298-7fd49fede540: cdpl_server.c:1893: in _sv_gen_task(): info: new task T0 in B1 (prio 0)
1757196592.923715: 2804298-7fd49fede540: cdpl_server.c:2698: in cdpl_sv_label_task_va(): info: setting task T0 label to "PrimeSim_1|PrimeSim"
1757196592.923766: 2804298-7fd44affd700: cdpl_server_sched.c:2443: in _scheduler_run(): debug: will start a new worker
1757196592.923810: 2804298-7fd44affd700: cdpl_farm.c:3977: in cdpl_farm_submit(): debug: 1 running processes
1757196592.923813: 2804298-7fd44affd700: cdpl_farm.c:3985: in cdpl_farm_submit(): debug: new command C1 in bin B1 assigned to host `localhost'
1757196592.923878: 2804298-7fd44affd700: cdpl_server_sched.c:705: in _sv_launch_worker(): info: started worker W1 (as C1) in bin B1
1757196592.923908: 2804298-7fd44a7fc700: cdpl_farm.c:2139: in _schedule(): debug: started
1757196592.923916: 2804298-7fd44a7fc700: cdpl_farm.c:2303: in _schedule(): debug: submitting command C1 in bin B1
1757196592.923933: 2804298-7fd44a7fc700: cdpl_sh.c:49: in _sh_detached_submit(): info: SH : /home/argershm/180-voltmeter/Analog/cc/synopsys_custom/pwdp_jobs/saeSession4_diffmodegain.SimulationSimulation_cdpl.0.2804298/START_WORKER pw_worker -i /home/argershm/180-voltmeter/Analog/cc/synopsys_custom/pwdp_jobs/saeSession4_diffmodegain.SimulationSimulation_cdpl.0.2804298 -t 10000
1757196592.931847: 2804298-7fd44a7fc700: cdpl_farm.c:2343: in _schedule(): debug: C1 in bin B1 running on slot 0
1757196592.931863: 2804298-7fd49fede540: cdpl_server.c:1893: in _sv_gen_task(): info: new task T1 in B1 (prio 0)
1757196592.931878: 2804298-7fd44a7fc700: cdpl_farm.c:2167: in _schedule(): debug: idle
1757196592.931886: 2804298-7fd49fede540: cdpl_server.c:2698: in cdpl_sv_label_task_va(): info: setting task T1 label to "PrimeSim_2|PrimeSim"
1757196592.931912: 2804298-7fd44affd700: cdpl_server_sched.c:2443: in _scheduler_run(): debug: will start a new worker
1757196592.931926: 2804298-7fd44affd700: cdpl_farm.c:3977: in cdpl_farm_submit(): debug: 2 running processes
1757196592.931933: 2804298-7fd44affd700: cdpl_farm.c:3985: in cdpl_farm_submit(): debug: new command C2 in bin B1 assigned to host `localhost'
1757196592.931940: 2804298-7fd44affd700: cdpl_server_sched.c:705: in _sv_launch_worker(): info: started worker W2 (as C2) in bin B1
1757196592.931946: 2804298-7fd44a7fc700: cdpl_farm.c:2231: in _schedule(): debug: end of idling
1757196592.931949: 2804298-7fd44a7fc700: cdpl_farm.c:2303: in _schedule(): debug: submitting command C2 in bin B1
1757196592.931955: 2804298-7fd44a7fc700: cdpl_sh.c:49: in _sh_detached_submit(): info: SH : /home/argershm/180-voltmeter/Analog/cc/synopsys_custom/pwdp_jobs/saeSession4_diffmodegain.SimulationSimulation_cdpl.0.2804298/START_WORKER pw_worker -i /home/argershm/180-voltmeter/Analog/cc/synopsys_custom/pwdp_jobs/saeSession4_diffmodegain.SimulationSimulation_cdpl.0.2804298 -t 10000
1757196592.936522: 2804298-7fd44a7fc700: cdpl_farm.c:2343: in _schedule(): debug: C2 in bin B1 running on slot 1
1757196592.936545: 2804298-7fd44a7fc700: cdpl_farm.c:2167: in _schedule(): debug: idle
1757196592.937062: 2804298-7fd49fede540: cdpl_server.c:1893: in _sv_gen_task(): info: new task T2 in B1 (prio 0)
1757196592.937087: 2804298-7fd49fede540: cdpl_server.c:2698: in cdpl_sv_label_task_va(): info: setting task T2 label to "PrimeSim_3|PrimeSim"
1757196592.937111: 2804298-7fd44affd700: cdpl_server_sched.c:2443: in _scheduler_run(): debug: will start a new worker
1757196592.937119: 2804298-7fd44affd700: cdpl_farm.c:3977: in cdpl_farm_submit(): debug: 3 running processes
1757196592.937127: 2804298-7fd44affd700: cdpl_farm.c:3985: in cdpl_farm_submit(): debug: new command C3 in bin B1 assigned to host `localhost'
1757196592.937137: 2804298-7fd44affd700: cdpl_server_sched.c:705: in _sv_launch_worker(): info: started worker W3 (as C3) in bin B1
1757196592.937142: 2804298-7fd44a7fc700: cdpl_farm.c:2231: in _schedule(): debug: end of idling
1757196592.937150: 2804298-7fd44a7fc700: cdpl_farm.c:2303: in _schedule(): debug: submitting command C3 in bin B1
1757196592.937153: 2804298-7fd44a7fc700: cdpl_sh.c:49: in _sh_detached_submit(): info: SH : /home/argershm/180-voltmeter/Analog/cc/synopsys_custom/pwdp_jobs/saeSession4_diffmodegain.SimulationSimulation_cdpl.0.2804298/START_WORKER pw_worker -i /home/argershm/180-voltmeter/Analog/cc/synopsys_custom/pwdp_jobs/saeSession4_diffmodegain.SimulationSimulation_cdpl.0.2804298 -t 10000
1757196592.940996: 2804298-7fd44a7fc700: cdpl_farm.c:2343: in _schedule(): debug: C3 in bin B1 running on slot 2
1757196592.941020: 2804298-7fd44a7fc700: cdpl_farm.c:2167: in _schedule(): debug: idle
1757196592.941560: 2804298-7fd49fede540: cdpl_server.c:1893: in _sv_gen_task(): info: new task T3 in B1 (prio 0)
1757196592.941586: 2804298-7fd49fede540: cdpl_server.c:2698: in cdpl_sv_label_task_va(): info: setting task T3 label to "PrimeSim_4|PrimeSim"
1757196592.941805: 2804298-7fd49fede540: cdpl_server.c:1893: in _sv_gen_task(): info: new task T4 in B1 (prio 0)
1757196592.941809: 2804298-7fd49fede540: cdpl_server.c:2698: in cdpl_sv_label_task_va(): info: setting task T4 label to "PrimeSim_5|PrimeSim"
1757196592.941917: 2804298-7fd49fede540: cdpl_server.c:1893: in _sv_gen_task(): info: new task T5 in B1 (prio 0)
1757196592.941920: 2804298-7fd49fede540: cdpl_server.c:2698: in cdpl_sv_label_task_va(): info: setting task T5 label to "PrimeSim_6|PrimeSim"
1757196592.942011: 2804298-7fd49fede540: cdpl_server.c:1893: in _sv_gen_task(): info: new task T6 in B1 (prio 0)
1757196592.942016: 2804298-7fd49fede540: cdpl_server.c:2698: in cdpl_sv_label_task_va(): info: setting task T6 label to "PrimeSim_7|PrimeSim"
1757196592.942114: 2804298-7fd49fede540: cdpl_server.c:1893: in _sv_gen_task(): info: new task T7 in B1 (prio 0)
1757196592.942117: 2804298-7fd49fede540: cdpl_server.c:2698: in cdpl_sv_label_task_va(): info: setting task T7 label to "PrimeSim_8|PrimeSim"
1757196592.942203: 2804298-7fd49fede540: cdpl_server.c:1893: in _sv_gen_task(): info: new task T8 in B1 (prio 0)
1757196592.942206: 2804298-7fd49fede540: cdpl_server.c:2698: in cdpl_sv_label_task_va(): info: setting task T8 label to "PrimeSim_9|PrimeSim"
1757196592.942300: 2804298-7fd49fede540: cdpl_server.c:1893: in _sv_gen_task(): info: new task T9 in B1 (prio 0)
1757196592.942302: 2804298-7fd49fede540: cdpl_server.c:2698: in cdpl_sv_label_task_va(): info: setting task T9 label to "PrimeSim_10|PrimeSim"
1757196592.942378: 2804298-7fd49fede540: cdpl_server.c:1893: in _sv_gen_task(): info: new task T10 in B1 (prio 0)
1757196592.942381: 2804298-7fd49fede540: cdpl_server.c:2698: in cdpl_sv_label_task_va(): info: setting task T10 label to "PrimeSim_11|PrimeSim"
1757196593.241089: 2804298-7fd44a7fc700: cdpl_farm.c:1193: in _onexit(): debug: C1 in bin B1 exited normally on slot 0
1757196593.241107: 2804298-7fd44a7fc700: cdpl_farm.c:1193: in _onexit(): debug: C2 in bin B1 exited normally on slot 1
1757196593.241112: 2804298-7fd44a7fc700: cdpl_farm.c:1193: in _onexit(): debug: C3 in bin B1 exited normally on slot 2
1757196594.036877: 2804298-7fd44bfff700: cdpl_compat_master.c:5948: in cdplMasterLogInfo(): info: [non-CDPL log entry] PWDP - no-workers started ok check start!
1757196594.881276: 2804298-7fd45ffff700: cdpl_ipc.c:1862: in _epoll_accept(): debug: new connection from `152.14.98.53:54210'
1757196594.881332: 2804298-7fd45f7fe700: cdpl_server_ipc.c:1225: in _sv_ipc_thread(): debug: received ACCEPT notification
1757196594.881348: 2804298-7fd45f7fe700: cdpl_ipc.c:2503: in cdpl_ipc_host_accept(): debug: accepted host `152.14.98.53:54210'
1757196594.881449: 2804298-7fd45f7fe700: cdpl_server_ipc.c:1246: in _sv_ipc_thread(): debug: received HELLO message
1757196594.881455: 2804298-7fd45f7fe700: cdpl_server_ipc.c:430: in _sv_on_hello(): debug: looking up W3
1757196594.881459: 2804298-7fd45f7fe700: cdpl_server_ipc.c:540: in _sv_on_hello(): info: W3 is `152.14.98.53:54210'
1757196594.881461: 2804298-7fd45f7fe700: cdpl_server_ipc.c:541: in _sv_on_hello(): debug: hello W3 (B1)
1757196594.881463: 2804298-7fd45f7fe700: cdpl_server_ipc.c:542: in _sv_on_hello(): info: W3 log file is /dev/null
1757196594.881508: 2804298-7fd45f7fe700: cdpl_server_ipc.c:602: in _sv_on_hello(): info: up to 1 alive workers in B1
1757196594.881515: 2804298-7fd45f7fe700: cdpl_farm.c:878: in _release_cmd(): debug: freeing command C3 in bin B1
1757196594.881541: 2804298-7fd44affd700: cdpl_server_sched.c:960: in _assign(): info: assigning task T0 to worker W3
1757196594.882083: 2804298-7fd45ffff700: cdpl_ipc.c:1862: in _epoll_accept(): debug: new connection from `152.14.98.53:54226'
1757196594.882107: 2804298-7fd45f7fe700: cdpl_server_ipc.c:1225: in _sv_ipc_thread(): debug: received ACCEPT notification
1757196594.882115: 2804298-7fd45f7fe700: cdpl_ipc.c:2503: in cdpl_ipc_host_accept(): debug: accepted host `152.14.98.53:54226'
1757196594.882213: 2804298-7fd45f7fe700: cdpl_server_ipc.c:1246: in _sv_ipc_thread(): debug: received HELLO message
1757196594.882219: 2804298-7fd45f7fe700: cdpl_server_ipc.c:430: in _sv_on_hello(): debug: looking up W2
1757196594.882223: 2804298-7fd45f7fe700: cdpl_server_ipc.c:540: in _sv_on_hello(): info: W2 is `152.14.98.53:54226'
1757196594.882225: 2804298-7fd45f7fe700: cdpl_server_ipc.c:541: in _sv_on_hello(): debug: hello W2 (B1)
1757196594.882227: 2804298-7fd45f7fe700: cdpl_server_ipc.c:542: in _sv_on_hello(): info: W2 log file is /dev/null
1757196594.882237: 2804298-7fd45f7fe700: cdpl_server_ipc.c:602: in _sv_on_hello(): info: up to 2 alive workers in B1
1757196594.882241: 2804298-7fd45f7fe700: cdpl_farm.c:878: in _release_cmd(): debug: freeing command C2 in bin B1
1757196594.882254: 2804298-7fd44affd700: cdpl_server_sched.c:960: in _assign(): info: assigning task T1 to worker W2
1757196594.883793: 2804298-7fd45ffff700: cdpl_ipc.c:1862: in _epoll_accept(): debug: new connection from `152.14.98.53:54236'
1757196594.883816: 2804298-7fd45f7fe700: cdpl_server_ipc.c:1225: in _sv_ipc_thread(): debug: received ACCEPT notification
1757196594.883824: 2804298-7fd45f7fe700: cdpl_ipc.c:2503: in cdpl_ipc_host_accept(): debug: accepted host `152.14.98.53:54236'
1757196594.883890: 2804298-7fd45f7fe700: cdpl_server_ipc.c:1246: in _sv_ipc_thread(): debug: received HELLO message
1757196594.883892: 2804298-7fd45f7fe700: cdpl_server_ipc.c:430: in _sv_on_hello(): debug: looking up W1
1757196594.883894: 2804298-7fd45f7fe700: cdpl_server_ipc.c:540: in _sv_on_hello(): info: W1 is `152.14.98.53:54236'
1757196594.883896: 2804298-7fd45f7fe700: cdpl_server_ipc.c:541: in _sv_on_hello(): debug: hello W1 (B1)
1757196594.883897: 2804298-7fd45f7fe700: cdpl_server_ipc.c:542: in _sv_on_hello(): info: W1 log file is /dev/null
1757196594.883904: 2804298-7fd45f7fe700: cdpl_server_ipc.c:602: in _sv_on_hello(): info: up to 3 alive workers in B1
1757196594.883908: 2804298-7fd45f7fe700: cdpl_farm.c:878: in _release_cmd(): debug: freeing command C1 in bin B1
1757196594.883921: 2804298-7fd44affd700: cdpl_server_sched.c:960: in _assign(): info: assigning task T2 to worker W1
1757196594.945161: 2804298-7fd45f7fe700: cdpl_server_ipc.c:1268: in _sv_ipc_thread(): debug: received RELAY message
1757196594.945184: 2804298-7fd45f7fe700: cdpl_server_ipc.c:713: in _sv_on_relay(): debug: RELAY message from W3, size = 65
1757196594.945187: 2804298-7fd45f7fe700: cdpl_server_ipc.c:715: in _sv_on_relay(): debug: RELAY message from W3, content = 0$2805609 claws-compute3.ece.ncsu.edu 2805649 RUNNING 1757196594
1757196594.946460: 2804298-7fd45f7fe700: cdpl_server_ipc.c:1268: in _sv_ipc_thread(): debug: received RELAY message
1757196594.946463: 2804298-7fd45f7fe700: cdpl_server_ipc.c:713: in _sv_on_relay(): debug: RELAY message from W2, size = 65
1757196594.946464: 2804298-7fd45f7fe700: cdpl_server_ipc.c:715: in _sv_on_relay(): debug: RELAY message from W2, content = 1$2805611 claws-compute3.ece.ncsu.edu 2805650 RUNNING 1757196594
1757196594.948355: 2804298-7fd45f7fe700: cdpl_server_ipc.c:1268: in _sv_ipc_thread(): debug: received RELAY message
1757196594.948358: 2804298-7fd45f7fe700: cdpl_server_ipc.c:713: in _sv_on_relay(): debug: RELAY message from W1, size = 65
1757196594.948363: 2804298-7fd45f7fe700: cdpl_server_ipc.c:715: in _sv_on_relay(): debug: RELAY message from W1, content = 2$2805610 claws-compute3.ece.ncsu.edu 2805651 RUNNING 1757196594
1757196595.881717: 2804298-7fd45f7fe700: cdpl_server_ipc.c:312: in _sv_on_heartbeat(): debug: received HEARTBEAT from worker W3 at 152.14.98.53:54210
1757196595.882431: 2804298-7fd45f7fe700: cdpl_server_ipc.c:312: in _sv_on_heartbeat(): debug: received HEARTBEAT from worker W2 at 152.14.98.53:54226
1757196595.884248: 2804298-7fd45f7fe700: cdpl_server_ipc.c:312: in _sv_on_heartbeat(): debug: received HEARTBEAT from worker W1 at 152.14.98.53:54236
1757196597.123746: 2804298-7fd45effd700: cdpl_monitor.c:533: in cdpl_mn_connect(): debug: connecting to 152.14.98.53:38285
1757196597.123761: 2804298-7fd45effd700: cdpl_ipc.c:3789: in cdpl_ipc_connect(): info: connecting to 152.14.98.53:38285
1757196597.123854: 2804298-7fd45effd700: cdpl_ipc.c:3860: in cdpl_ipc_connect(): info: connected as `152.14.98.53:42944'
1757196597.123861: 2804298-7fd45effd700: cdpl_ipc.c:2503: in cdpl_ipc_host_accept(): debug: accepted host `152.14.98.53:38285'
1757196597.123866: 2804298-7fd45effd700: cdpl_monitor.c:579: in cdpl_mn_connect(): debug: ok
1757196597.123870: 2804298-7fd45effd700: cdpl_monitor.c:533: in cdpl_mn_connect(): debug: connecting to 152.14.98.53:42503
1757196597.123872: 2804298-7fd45effd700: cdpl_ipc.c:3789: in cdpl_ipc_connect(): info: connecting to 152.14.98.53:42503
1757196597.123967: 2804298-7fd45effd700: cdpl_ipc.c:3860: in cdpl_ipc_connect(): info: connected as `152.14.98.53:35006'
1757196597.123972: 2804298-7fd45effd700: cdpl_ipc.c:2503: in cdpl_ipc_host_accept(): debug: accepted host `152.14.98.53:42503'
1757196597.123975: 2804298-7fd45effd700: cdpl_monitor.c:579: in cdpl_mn_connect(): debug: ok
1757196597.123979: 2804298-7fd45effd700: cdpl_monitor.c:533: in cdpl_mn_connect(): debug: connecting to 152.14.98.53:45169
1757196597.123980: 2804298-7fd45effd700: cdpl_ipc.c:3789: in cdpl_ipc_connect(): info: connecting to 152.14.98.53:45169
1757196597.124014: 2804298-7fd45effd700: cdpl_ipc.c:3860: in cdpl_ipc_connect(): info: connected as `152.14.98.53:34822'
1757196597.124018: 2804298-7fd45effd700: cdpl_ipc.c:2503: in cdpl_ipc_host_accept(): debug: accepted host `152.14.98.53:45169'
1757196597.124020: 2804298-7fd45effd700: cdpl_monitor.c:579: in cdpl_mn_connect(): debug: ok
1757196602.280163: 2804298-7fd45f7fe700: cdpl_server_ipc.c:1268: in _sv_ipc_thread(): debug: received RELAY message
1757196602.280176: 2804298-7fd45f7fe700: cdpl_server_ipc.c:713: in _sv_on_relay(): debug: RELAY message from W1, size = 50
1757196602.280179: 2804298-7fd45f7fe700: cdpl_server_ipc.c:715: in _sv_on_relay(): debug: RELAY message from W1, content = WORKERDU|24,/dev/mapper/rhel_claws--compute3-home
1757196602.280184: 2804298-7fd45f7fe700: cdpl_server_ipc.c:1268: in _sv_ipc_thread(): debug: received RELAY message
1757196602.280186: 2804298-7fd45f7fe700: cdpl_server_ipc.c:713: in _sv_on_relay(): debug: RELAY message from W1, size = 18
1757196602.280188: 2804298-7fd45f7fe700: cdpl_server_ipc.c:715: in _sv_on_relay(): debug: RELAY message from W1, content = 2$- - - MEASDOING
1757196602.285461: 2804298-7fd45f7fe700: cdpl_server_ipc.c:1268: in _sv_ipc_thread(): debug: received RELAY message
1757196602.285470: 2804298-7fd45f7fe700: cdpl_server_ipc.c:713: in _sv_on_relay(): debug: RELAY message from W3, size = 50
1757196602.285472: 2804298-7fd45f7fe700: cdpl_server_ipc.c:715: in _sv_on_relay(): debug: RELAY message from W3, content = WORKERDU|24,/dev/mapper/rhel_claws--compute3-home
1757196602.285476: 2804298-7fd45f7fe700: cdpl_server_ipc.c:1268: in _sv_ipc_thread(): debug: received RELAY message
1757196602.285478: 2804298-7fd45f7fe700: cdpl_server_ipc.c:713: in _sv_on_relay(): debug: RELAY message from W3, size = 18
1757196602.285480: 2804298-7fd45f7fe700: cdpl_server_ipc.c:715: in _sv_on_relay(): debug: RELAY message from W3, content = 0$- - - MEASDOING
1757196602.454426: 2804298-7fd45f7fe700: cdpl_server_ipc.c:1268: in _sv_ipc_thread(): debug: received RELAY message
1757196602.454435: 2804298-7fd45f7fe700: cdpl_server_ipc.c:713: in _sv_on_relay(): debug: RELAY message from W1, size = 77
1757196602.454440: 2804298-7fd45f7fe700: cdpl_server_ipc.c:715: in _sv_on_relay(): debug: RELAY message from W1, content = 2$2805610 claws-compute3.ece.ncsu.edu 2805651 FAILED 1757196594|1757196602|5
1757196602.454603: 2804298-7fd45f7fe700: cdpl_server_ipc.c:1251: in _sv_ipc_thread(): debug: received FINISH message
1757196602.454605: 2804298-7fd45f7fe700: cdpl_server_ipc.c:983: in _sv_on_finish(): info: worker W1 completed task T2
1757196602.454608: 2804298-7fd45f7fe700: cdpl_server_ipc.c:988: in _sv_on_finish(): debug: stat T2: utime=3440 stime=1962
1757196602.454610: 2804298-7fd45f7fe700: cdpl_server_ipc.c:993: in _sv_on_finish(): debug: statm T2: vsize=3054820 rss=1033028 shared=515528 text=474784 data=710296
1757196602.454652: 2804298-7fd44affd700: cdpl_server_sched.c:960: in _assign(): info: assigning task T3 to worker W1
1757196602.457156: 2804298-7fd45f7fe700: cdpl_server_ipc.c:1268: in _sv_ipc_thread(): debug: received RELAY message
1757196602.457163: 2804298-7fd45f7fe700: cdpl_server_ipc.c:713: in _sv_on_relay(): debug: RELAY message from W3, size = 77
1757196602.457165: 2804298-7fd45f7fe700: cdpl_server_ipc.c:715: in _sv_on_relay(): debug: RELAY message from W3, content = 0$2805609 claws-compute3.ece.ncsu.edu 2805649 FAILED 1757196594|1757196602|5
1757196602.457289: 2804298-7fd45f7fe700: cdpl_server_ipc.c:1251: in _sv_ipc_thread(): debug: received FINISH message
1757196602.457291: 2804298-7fd45f7fe700: cdpl_server_ipc.c:983: in _sv_on_finish(): info: worker W3 completed task T0
1757196602.457292: 2804298-7fd45f7fe700: cdpl_server_ipc.c:988: in _sv_on_finish(): debug: stat T0: utime=3457 stime=1916
1757196602.457294: 2804298-7fd45f7fe700: cdpl_server_ipc.c:993: in _sv_on_finish(): debug: statm T0: vsize=3054844 rss=1038064 shared=516580 text=474784 data=710320
1757196602.457312: 2804298-7fd44affd700: cdpl_server_sched.c:960: in _assign(): info: assigning task T4 to worker W3
1757196602.459223: 2804298-7fd45f7fe700: cdpl_server_ipc.c:1268: in _sv_ipc_thread(): debug: received RELAY message
1757196602.459228: 2804298-7fd45f7fe700: cdpl_server_ipc.c:713: in _sv_on_relay(): debug: RELAY message from W1, size = 50
1757196602.459230: 2804298-7fd45f7fe700: cdpl_server_ipc.c:715: in _sv_on_relay(): debug: RELAY message from W1, content = WORKERDU|24,/dev/mapper/rhel_claws--compute3-home
1757196602.462035: 2804298-7fd45f7fe700: cdpl_server_ipc.c:1268: in _sv_ipc_thread(): debug: received RELAY message
1757196602.462039: 2804298-7fd45f7fe700: cdpl_server_ipc.c:713: in _sv_on_relay(): debug: RELAY message from W3, size = 50
1757196602.462041: 2804298-7fd45f7fe700: cdpl_server_ipc.c:715: in _sv_on_relay(): debug: RELAY message from W3, content = WORKERDU|24,/dev/mapper/rhel_claws--compute3-home
1757196602.472028: 2804298-7fd49fede540: cdpl_server.c:227: in _sv_free_task_safe(): debug: freeing task T2
1757196602.483744: 2804298-7fd49fede540: cdpl_server.c:227: in _sv_free_task_safe(): debug: freeing task T0
1757196602.579393: 2804298-7fd45f7fe700: cdpl_server_ipc.c:1268: in _sv_ipc_thread(): debug: received RELAY message
1757196602.579403: 2804298-7fd45f7fe700: cdpl_server_ipc.c:713: in _sv_on_relay(): debug: RELAY message from W1, size = 65
1757196602.579405: 2804298-7fd45f7fe700: cdpl_server_ipc.c:715: in _sv_on_relay(): debug: RELAY message from W1, content = 3$2805610 claws-compute3.ece.ncsu.edu 2806427 RUNNING 1757196602
1757196602.583921: 2804298-7fd45f7fe700: cdpl_server_ipc.c:1268: in _sv_ipc_thread(): debug: received RELAY message
1757196602.583924: 2804298-7fd45f7fe700: cdpl_server_ipc.c:713: in _sv_on_relay(): debug: RELAY message from W3, size = 65
1757196602.583926: 2804298-7fd45f7fe700: cdpl_server_ipc.c:715: in _sv_on_relay(): debug: RELAY message from W3, content = 4$2805609 claws-compute3.ece.ncsu.edu 2806428 RUNNING 1757196602
1757196603.891003: 2804298-7fd45f7fe700: cdpl_server_ipc.c:1268: in _sv_ipc_thread(): debug: received RELAY message
1757196603.891019: 2804298-7fd45f7fe700: cdpl_server_ipc.c:713: in _sv_on_relay(): debug: RELAY message from W1, size = 18
1757196603.891027: 2804298-7fd45f7fe700: cdpl_server_ipc.c:715: in _sv_on_relay(): debug: RELAY message from W1, content = 3$- - - MEASDOING
1757196603.996599: 2804298-7fd45f7fe700: cdpl_server_ipc.c:1268: in _sv_ipc_thread(): debug: received RELAY message
1757196603.996610: 2804298-7fd45f7fe700: cdpl_server_ipc.c:713: in _sv_on_relay(): debug: RELAY message from W3, size = 18
1757196603.996612: 2804298-7fd45f7fe700: cdpl_server_ipc.c:715: in _sv_on_relay(): debug: RELAY message from W3, content = 4$- - - MEASDOING
1757196604.186471: 2804298-7fd45f7fe700: cdpl_server_ipc.c:1268: in _sv_ipc_thread(): debug: received RELAY message
1757196604.186483: 2804298-7fd45f7fe700: cdpl_server_ipc.c:713: in _sv_on_relay(): debug: RELAY message from W1, size = 77
1757196604.186486: 2804298-7fd45f7fe700: cdpl_server_ipc.c:715: in _sv_on_relay(): debug: RELAY message from W1, content = 3$2805610 claws-compute3.ece.ncsu.edu 2806427 FAILED 1757196602|1757196604|5
1757196604.186600: 2804298-7fd45f7fe700: cdpl_server_ipc.c:1251: in _sv_ipc_thread(): debug: received FINISH message
1757196604.186602: 2804298-7fd45f7fe700: cdpl_server_ipc.c:983: in _sv_on_finish(): info: worker W1 completed task T3
1757196604.186604: 2804298-7fd45f7fe700: cdpl_server_ipc.c:988: in _sv_on_finish(): debug: stat T3: utime=184 stime=206
1757196604.186606: 2804298-7fd45f7fe700: cdpl_server_ipc.c:993: in _sv_on_finish(): debug: statm T3: vsize=3054820 rss=1033028 shared=515528 text=474784 data=710296
1757196604.186631: 2804298-7fd44affd700: cdpl_server_sched.c:960: in _assign(): info: assigning task T5 to worker W1
1757196604.191273: 2804298-7fd45f7fe700: cdpl_server_ipc.c:1268: in _sv_ipc_thread(): debug: received RELAY message
1757196604.191281: 2804298-7fd45f7fe700: cdpl_server_ipc.c:713: in _sv_on_relay(): debug: RELAY message from W1, size = 50
1757196604.191284: 2804298-7fd45f7fe700: cdpl_server_ipc.c:715: in _sv_on_relay(): debug: RELAY message from W1, content = WORKERDU|52,/dev/mapper/rhel_claws--compute3-home
1757196604.272000: 2804298-7fd49fede540: cdpl_server.c:227: in _sv_free_task_safe(): debug: freeing task T3
1757196604.296227: 2804298-7fd45f7fe700: cdpl_server_ipc.c:1268: in _sv_ipc_thread(): debug: received RELAY message
1757196604.296236: 2804298-7fd45f7fe700: cdpl_server_ipc.c:713: in _sv_on_relay(): debug: RELAY message from W3, size = 77
1757196604.296238: 2804298-7fd45f7fe700: cdpl_server_ipc.c:715: in _sv_on_relay(): debug: RELAY message from W3, content = 4$2805609 claws-compute3.ece.ncsu.edu 2806428 FAILED 1757196602|1757196604|5
1757196604.296344: 2804298-7fd45f7fe700: cdpl_server_ipc.c:1251: in _sv_ipc_thread(): debug: received FINISH message
1757196604.296346: 2804298-7fd45f7fe700: cdpl_server_ipc.c:983: in _sv_on_finish(): info: worker W3 completed task T4
1757196604.296348: 2804298-7fd45f7fe700: cdpl_server_ipc.c:988: in _sv_on_finish(): debug: stat T4: utime=176 stime=227
1757196604.296350: 2804298-7fd45f7fe700: cdpl_server_ipc.c:993: in _sv_on_finish(): debug: statm T4: vsize=3054844 rss=1038064 shared=516580 text=474784 data=710320
1757196604.296367: 2804298-7fd44affd700: cdpl_server_sched.c:960: in _assign(): info: assigning task T6 to worker W3
1757196604.300900: 2804298-7fd45f7fe700: cdpl_server_ipc.c:1268: in _sv_ipc_thread(): debug: received RELAY message
1757196604.300905: 2804298-7fd45f7fe700: cdpl_server_ipc.c:713: in _sv_on_relay(): debug: RELAY message from W3, size = 50
1757196604.300906: 2804298-7fd45f7fe700: cdpl_server_ipc.c:715: in _sv_on_relay(): debug: RELAY message from W3, content = WORKERDU|52,/dev/mapper/rhel_claws--compute3-home
1757196604.309302: 2804298-7fd45f7fe700: cdpl_server_ipc.c:1268: in _sv_ipc_thread(): debug: received RELAY message
1757196604.309306: 2804298-7fd45f7fe700: cdpl_server_ipc.c:713: in _sv_on_relay(): debug: RELAY message from W1, size = 65
1757196604.309307: 2804298-7fd45f7fe700: cdpl_server_ipc.c:715: in _sv_on_relay(): debug: RELAY message from W1, content = 5$2805610 claws-compute3.ece.ncsu.edu 2806973 RUNNING 1757196604
1757196604.371396: 2804298-7fd49fede540: cdpl_server.c:227: in _sv_free_task_safe(): debug: freeing task T4
1757196604.424031: 2804298-7fd45f7fe700: cdpl_server_ipc.c:1268: in _sv_ipc_thread(): debug: received RELAY message
1757196604.424042: 2804298-7fd45f7fe700: cdpl_server_ipc.c:713: in _sv_on_relay(): debug: RELAY message from W3, size = 65
1757196604.424044: 2804298-7fd45f7fe700: cdpl_server_ipc.c:715: in _sv_on_relay(): debug: RELAY message from W3, content = 6$2805609 claws-compute3.ece.ncsu.edu 2807081 RUNNING 1757196604
1757196605.602099: 2804298-7fd45f7fe700: cdpl_server_ipc.c:1268: in _sv_ipc_thread(): debug: received RELAY message
1757196605.602117: 2804298-7fd45f7fe700: cdpl_server_ipc.c:713: in _sv_on_relay(): debug: RELAY message from W1, size = 18
1757196605.602120: 2804298-7fd45f7fe700: cdpl_server_ipc.c:715: in _sv_on_relay(): debug: RELAY message from W1, content = 5$- - - MEASDOING
1757196605.713176: 2804298-7fd45f7fe700: cdpl_server_ipc.c:1268: in _sv_ipc_thread(): debug: received RELAY message
1757196605.713186: 2804298-7fd45f7fe700: cdpl_server_ipc.c:713: in _sv_on_relay(): debug: RELAY message from W3, size = 18
1757196605.713188: 2804298-7fd45f7fe700: cdpl_server_ipc.c:715: in _sv_on_relay(): debug: RELAY message from W3, content = 6$- - - MEASDOING
1757196605.906417: 2804298-7fd45f7fe700: cdpl_server_ipc.c:1268: in _sv_ipc_thread(): debug: received RELAY message
1757196605.906428: 2804298-7fd45f7fe700: cdpl_server_ipc.c:713: in _sv_on_relay(): debug: RELAY message from W1, size = 77
1757196605.906431: 2804298-7fd45f7fe700: cdpl_server_ipc.c:715: in _sv_on_relay(): debug: RELAY message from W1, content = 5$2805610 claws-compute3.ece.ncsu.edu 2806973 FAILED 1757196604|1757196605|5
1757196605.906583: 2804298-7fd45f7fe700: cdpl_server_ipc.c:1251: in _sv_ipc_thread(): debug: received FINISH message
1757196605.906589: 2804298-7fd45f7fe700: cdpl_server_ipc.c:983: in _sv_on_finish(): info: worker W1 completed task T5
1757196605.906591: 2804298-7fd45f7fe700: cdpl_server_ipc.c:988: in _sv_on_finish(): debug: stat T5: utime=179 stime=205
1757196605.906593: 2804298-7fd45f7fe700: cdpl_server_ipc.c:993: in _sv_on_finish(): debug: statm T5: vsize=3054820 rss=1033028 shared=515528 text=474784 data=710296
1757196605.906623: 2804298-7fd44affd700: cdpl_server_sched.c:960: in _assign(): info: assigning task T7 to worker W1
1757196605.911123: 2804298-7fd45f7fe700: cdpl_server_ipc.c:1268: in _sv_ipc_thread(): debug: received RELAY message
1757196605.911132: 2804298-7fd45f7fe700: cdpl_server_ipc.c:713: in _sv_on_relay(): debug: RELAY message from W1, size = 50
1757196605.911134: 2804298-7fd45f7fe700: cdpl_server_ipc.c:715: in _sv_on_relay(): debug: RELAY message from W1, content = WORKERDU|52,/dev/mapper/rhel_claws--compute3-home
1757196605.973125: 2804298-7fd49fede540: cdpl_server.c:227: in _sv_free_task_safe(): debug: freeing task T5
1757196606.003008: 2804298-7fd45f7fe700: cdpl_server_ipc.c:1268: in _sv_ipc_thread(): debug: received RELAY message
1757196606.003018: 2804298-7fd45f7fe700: cdpl_server_ipc.c:713: in _sv_on_relay(): debug: RELAY message from W3, size = 77
1757196606.003020: 2804298-7fd45f7fe700: cdpl_server_ipc.c:715: in _sv_on_relay(): debug: RELAY message from W3, content = 6$2805609 claws-compute3.ece.ncsu.edu 2807081 FAILED 1757196604|1757196605|5
1757196606.003125: 2804298-7fd45f7fe700: cdpl_server_ipc.c:1251: in _sv_ipc_thread(): debug: received FINISH message
1757196606.003128: 2804298-7fd45f7fe700: cdpl_server_ipc.c:983: in _sv_on_finish(): info: worker W3 completed task T6
1757196606.003130: 2804298-7fd45f7fe700: cdpl_server_ipc.c:988: in _sv_on_finish(): debug: stat T6: utime=194 stime=199
1757196606.003132: 2804298-7fd45f7fe700: cdpl_server_ipc.c:993: in _sv_on_finish(): debug: statm T6: vsize=3054844 rss=1038064 shared=516580 text=474784 data=710320
1757196606.003147: 2804298-7fd44affd700: cdpl_server_sched.c:960: in _assign(): info: assigning task T8 to worker W3
1757196606.007837: 2804298-7fd45f7fe700: cdpl_server_ipc.c:1268: in _sv_ipc_thread(): debug: received RELAY message
1757196606.007842: 2804298-7fd45f7fe700: cdpl_server_ipc.c:713: in _sv_on_relay(): debug: RELAY message from W3, size = 50
1757196606.007848: 2804298-7fd45f7fe700: cdpl_server_ipc.c:715: in _sv_on_relay(): debug: RELAY message from W3, content = WORKERDU|52,/dev/mapper/rhel_claws--compute3-home
1757196606.028934: 2804298-7fd45f7fe700: cdpl_server_ipc.c:1268: in _sv_ipc_thread(): debug: received RELAY message
1757196606.028938: 2804298-7fd45f7fe700: cdpl_server_ipc.c:713: in _sv_on_relay(): debug: RELAY message from W1, size = 65
1757196606.028939: 2804298-7fd45f7fe700: cdpl_server_ipc.c:715: in _sv_on_relay(): debug: RELAY message from W1, content = 7$2805610 claws-compute3.ece.ncsu.edu 2807412 RUNNING 1757196605
1757196606.071634: 2804298-7fd49fede540: cdpl_server.c:227: in _sv_free_task_safe(): debug: freeing task T6
1757196606.129069: 2804298-7fd45f7fe700: cdpl_server_ipc.c:1268: in _sv_ipc_thread(): debug: received RELAY message
1757196606.129079: 2804298-7fd45f7fe700: cdpl_server_ipc.c:713: in _sv_on_relay(): debug: RELAY message from W3, size = 65
1757196606.129081: 2804298-7fd45f7fe700: cdpl_server_ipc.c:715: in _sv_on_relay(): debug: RELAY message from W3, content = 8$2805609 claws-compute3.ece.ncsu.edu 2807456 RUNNING 1757196606
1757196607.131386: 2804298-7fd45f7fe700: cdpl_server_ipc.c:1268: in _sv_ipc_thread(): debug: received RELAY message
1757196607.131400: 2804298-7fd45f7fe700: cdpl_server_ipc.c:713: in _sv_on_relay(): debug: RELAY message from W2, size = 50
1757196607.131403: 2804298-7fd45f7fe700: cdpl_server_ipc.c:715: in _sv_on_relay(): debug: RELAY message from W2, content = WORKERDU|24,/dev/mapper/rhel_claws--compute3-home
1757196607.131415: 2804298-7fd45f7fe700: cdpl_server_ipc.c:1268: in _sv_ipc_thread(): debug: received RELAY message
1757196607.131417: 2804298-7fd45f7fe700: cdpl_server_ipc.c:713: in _sv_on_relay(): debug: RELAY message from W2, size = 18
1757196607.131419: 2804298-7fd45f7fe700: cdpl_server_ipc.c:715: in _sv_on_relay(): debug: RELAY message from W2, content = 1$- - - MEASDOING
1757196607.301351: 2804298-7fd45f7fe700: cdpl_server_ipc.c:1268: in _sv_ipc_thread(): debug: received RELAY message
1757196607.301362: 2804298-7fd45f7fe700: cdpl_server_ipc.c:713: in _sv_on_relay(): debug: RELAY message from W2, size = 77
1757196607.301365: 2804298-7fd45f7fe700: cdpl_server_ipc.c:715: in _sv_on_relay(): debug: RELAY message from W2, content = 1$2805611 claws-compute3.ece.ncsu.edu 2805650 FAILED 1757196594|1757196607|5
1757196607.301484: 2804298-7fd45f7fe700: cdpl_server_ipc.c:1251: in _sv_ipc_thread(): debug: received FINISH message
1757196607.301490: 2804298-7fd45f7fe700: cdpl_server_ipc.c:983: in _sv_on_finish(): info: worker W2 completed task T1
1757196607.301492: 2804298-7fd45f7fe700: cdpl_server_ipc.c:988: in _sv_on_finish(): debug: stat T1: utime=3443 stime=1987
1757196607.301494: 2804298-7fd45f7fe700: cdpl_server_ipc.c:993: in _sv_on_finish(): debug: statm T1: vsize=3054824 rss=1037608 shared=515756 text=474784 data=710300
1757196607.301511: 2804298-7fd44affd700: cdpl_server_sched.c:960: in _assign(): info: assigning task T9 to worker W2
1757196607.309403: 2804298-7fd45f7fe700: cdpl_server_ipc.c:1268: in _sv_ipc_thread(): debug: received RELAY message
1757196607.309411: 2804298-7fd45f7fe700: cdpl_server_ipc.c:713: in _sv_on_relay(): debug: RELAY message from W2, size = 50
1757196607.309414: 2804298-7fd45f7fe700: cdpl_server_ipc.c:715: in _sv_on_relay(): debug: RELAY message from W2, content = WORKERDU|24,/dev/mapper/rhel_claws--compute3-home
1757196607.343615: 2804298-7fd45f7fe700: cdpl_server_ipc.c:1268: in _sv_ipc_thread(): debug: received RELAY message
1757196607.343624: 2804298-7fd45f7fe700: cdpl_server_ipc.c:713: in _sv_on_relay(): debug: RELAY message from W1, size = 18
1757196607.343626: 2804298-7fd45f7fe700: cdpl_server_ipc.c:715: in _sv_on_relay(): debug: RELAY message from W1, content = 7$- - - MEASDOING
1757196607.371466: 2804298-7fd49fede540: cdpl_server.c:227: in _sv_free_task_safe(): debug: freeing task T1
1757196607.427172: 2804298-7fd45f7fe700: cdpl_server_ipc.c:1268: in _sv_ipc_thread(): debug: received RELAY message
1757196607.427186: 2804298-7fd45f7fe700: cdpl_server_ipc.c:713: in _sv_on_relay(): debug: RELAY message from W2, size = 65
1757196607.427189: 2804298-7fd45f7fe700: cdpl_server_ipc.c:715: in _sv_on_relay(): debug: RELAY message from W2, content = 9$2805611 claws-compute3.ece.ncsu.edu 2807803 RUNNING 1757196607
1757196607.438800: 2804298-7fd45f7fe700: cdpl_server_ipc.c:1268: in _sv_ipc_thread(): debug: received RELAY message
1757196607.438803: 2804298-7fd45f7fe700: cdpl_server_ipc.c:713: in _sv_on_relay(): debug: RELAY message from W3, size = 18
1757196607.438805: 2804298-7fd45f7fe700: cdpl_server_ipc.c:715: in _sv_on_relay(): debug: RELAY message from W3, content = 8$- - - MEASDOING
1757196607.637548: 2804298-7fd45f7fe700: cdpl_server_ipc.c:1268: in _sv_ipc_thread(): debug: received RELAY message
1757196607.637561: 2804298-7fd45f7fe700: cdpl_server_ipc.c:713: in _sv_on_relay(): debug: RELAY message from W1, size = 77
1757196607.637564: 2804298-7fd45f7fe700: cdpl_server_ipc.c:715: in _sv_on_relay(): debug: RELAY message from W1, content = 7$2805610 claws-compute3.ece.ncsu.edu 2807412 FAILED 1757196605|1757196607|5
1757196607.637681: 2804298-7fd45f7fe700: cdpl_server_ipc.c:1251: in _sv_ipc_thread(): debug: received FINISH message
1757196607.637687: 2804298-7fd45f7fe700: cdpl_server_ipc.c:983: in _sv_on_finish(): info: worker W1 completed task T7
1757196607.637689: 2804298-7fd45f7fe700: cdpl_server_ipc.c:988: in _sv_on_finish(): debug: stat T7: utime=176 stime=214
1757196607.637692: 2804298-7fd45f7fe700: cdpl_server_ipc.c:993: in _sv_on_finish(): debug: statm T7: vsize=3054820 rss=1033032 shared=515528 text=474784 data=710296
1757196607.637721: 2804298-7fd44affd700: cdpl_server_sched.c:960: in _assign(): info: assigning task T10 to worker W1
1757196607.642359: 2804298-7fd45f7fe700: cdpl_server_ipc.c:1268: in _sv_ipc_thread(): debug: received RELAY message
1757196607.642366: 2804298-7fd45f7fe700: cdpl_server_ipc.c:713: in _sv_on_relay(): debug: RELAY message from W1, size = 50
1757196607.642368: 2804298-7fd45f7fe700: cdpl_server_ipc.c:715: in _sv_on_relay(): debug: RELAY message from W1, content = WORKERDU|52,/dev/mapper/rhel_claws--compute3-home
1757196607.671188: 2804298-7fd49fede540: cdpl_server.c:227: in _sv_free_task_safe(): debug: freeing task T7
1757196607.728617: 2804298-7fd45f7fe700: cdpl_server_ipc.c:1268: in _sv_ipc_thread(): debug: received RELAY message
1757196607.728628: 2804298-7fd45f7fe700: cdpl_server_ipc.c:713: in _sv_on_relay(): debug: RELAY message from W3, size = 77
1757196607.728630: 2804298-7fd45f7fe700: cdpl_server_ipc.c:715: in _sv_on_relay(): debug: RELAY message from W3, content = 8$2805609 claws-compute3.ece.ncsu.edu 2807456 FAILED 1757196606|1757196607|5
1757196607.728730: 2804298-7fd45f7fe700: cdpl_server_ipc.c:1251: in _sv_ipc_thread(): debug: received FINISH message
1757196607.728732: 2804298-7fd45f7fe700: cdpl_server_ipc.c:983: in _sv_on_finish(): info: worker W3 completed task T8
1757196607.728734: 2804298-7fd45f7fe700: cdpl_server_ipc.c:988: in _sv_on_finish(): debug: stat T8: utime=172 stime=213
1757196607.728736: 2804298-7fd45f7fe700: cdpl_server_ipc.c:993: in _sv_on_finish(): debug: statm T8: vsize=3054844 rss=1038068 shared=516580 text=474784 data=710320
1757196607.733366: 2804298-7fd45f7fe700: cdpl_server_ipc.c:1268: in _sv_ipc_thread(): debug: received RELAY message
1757196607.733369: 2804298-7fd45f7fe700: cdpl_server_ipc.c:713: in _sv_on_relay(): debug: RELAY message from W3, size = 50
1757196607.733371: 2804298-7fd45f7fe700: cdpl_server_ipc.c:715: in _sv_on_relay(): debug: RELAY message from W3, content = WORKERDU|52,/dev/mapper/rhel_claws--compute3-home
1757196607.760780: 2804298-7fd45f7fe700: cdpl_server_ipc.c:1268: in _sv_ipc_thread(): debug: received RELAY message
1757196607.760789: 2804298-7fd45f7fe700: cdpl_server_ipc.c:713: in _sv_on_relay(): debug: RELAY message from W1, size = 66
1757196607.760792: 2804298-7fd45f7fe700: cdpl_server_ipc.c:715: in _sv_on_relay(): debug: RELAY message from W1, content = 10$2805610 claws-compute3.ece.ncsu.edu 2808014 RUNNING 1757196607
1757196607.773535: 2804298-7fd49fede540: cdpl_server.c:227: in _sv_free_task_safe(): debug: freeing task T8
1757196608.072580: 2804298-7fd45f7fe700: cdpl_server_ipc.c:1268: in _sv_ipc_thread(): debug: received RELAY message
1757196608.072594: 2804298-7fd45f7fe700: cdpl_server_ipc.c:713: in _sv_on_relay(): debug: RELAY message from W1, size = 50
1757196608.072597: 2804298-7fd45f7fe700: cdpl_server_ipc.c:715: in _sv_on_relay(): debug: RELAY message from W1, content = WORKERDU|20,/dev/mapper/rhel_claws--compute3-home
1757196608.735720: 2804298-7fd45f7fe700: cdpl_server_ipc.c:1268: in _sv_ipc_thread(): debug: received RELAY message
1757196608.735733: 2804298-7fd45f7fe700: cdpl_server_ipc.c:713: in _sv_on_relay(): debug: RELAY message from W2, size = 18
1757196608.735736: 2804298-7fd45f7fe700: cdpl_server_ipc.c:715: in _sv_on_relay(): debug: RELAY message from W2, content = 9$- - - MEASDOING
1757196609.068907: 2804298-7fd45f7fe700: cdpl_server_ipc.c:1268: in _sv_ipc_thread(): debug: received RELAY message
1757196609.068919: 2804298-7fd45f7fe700: cdpl_server_ipc.c:713: in _sv_on_relay(): debug: RELAY message from W2, size = 77
1757196609.068921: 2804298-7fd45f7fe700: cdpl_server_ipc.c:715: in _sv_on_relay(): debug: RELAY message from W2, content = 9$2805611 claws-compute3.ece.ncsu.edu 2807803 FAILED 1757196607|1757196609|5
1757196609.069057: 2804298-7fd45f7fe700: cdpl_server_ipc.c:1251: in _sv_ipc_thread(): debug: received FINISH message
1757196609.069065: 2804298-7fd45f7fe700: cdpl_server_ipc.c:983: in _sv_on_finish(): info: worker W2 completed task T9
1757196609.069067: 2804298-7fd45f7fe700: cdpl_server_ipc.c:988: in _sv_on_finish(): debug: stat T9: utime=183 stime=202
1757196609.069070: 2804298-7fd45f7fe700: cdpl_server_ipc.c:993: in _sv_on_finish(): debug: statm T9: vsize=3054824 rss=1037608 shared=515756 text=474784 data=710300
1757196609.071007: 2804298-7fd49fede540: cdpl_server.c:227: in _sv_free_task_safe(): debug: freeing task T9
1757196609.073378: 2804298-7fd45f7fe700: cdpl_server_ipc.c:1268: in _sv_ipc_thread(): debug: received RELAY message
1757196609.073387: 2804298-7fd45f7fe700: cdpl_server_ipc.c:713: in _sv_on_relay(): debug: RELAY message from W1, size = 19
1757196609.073390: 2804298-7fd45f7fe700: cdpl_server_ipc.c:715: in _sv_on_relay(): debug: RELAY message from W1, content = 10$- - - MEASDOING
1757196609.073842: 2804298-7fd45f7fe700: cdpl_server_ipc.c:1268: in _sv_ipc_thread(): debug: received RELAY message
1757196609.073847: 2804298-7fd45f7fe700: cdpl_server_ipc.c:713: in _sv_on_relay(): debug: RELAY message from W2, size = 50
1757196609.073850: 2804298-7fd45f7fe700: cdpl_server_ipc.c:715: in _sv_on_relay(): debug: RELAY message from W2, content = WORKERDU|52,/dev/mapper/rhel_claws--compute3-home
1757196609.344781: 2804298-7fd45f7fe700: cdpl_server_ipc.c:1268: in _sv_ipc_thread(): debug: received RELAY message
1757196609.344794: 2804298-7fd45f7fe700: cdpl_server_ipc.c:713: in _sv_on_relay(): debug: RELAY message from W1, size = 78
1757196609.344796: 2804298-7fd45f7fe700: cdpl_server_ipc.c:715: in _sv_on_relay(): debug: RELAY message from W1, content = 10$2805610 claws-compute3.ece.ncsu.edu 2808014 FAILED 1757196607|1757196609|5
1757196609.344965: 2804298-7fd45f7fe700: cdpl_server_ipc.c:1251: in _sv_ipc_thread(): debug: received FINISH message
1757196609.344972: 2804298-7fd45f7fe700: cdpl_server_ipc.c:983: in _sv_on_finish(): info: worker W1 completed task T10
1757196609.344975: 2804298-7fd45f7fe700: cdpl_server_ipc.c:988: in _sv_on_finish(): debug: stat T10: utime=177 stime=194
1757196609.344977: 2804298-7fd45f7fe700: cdpl_server_ipc.c:993: in _sv_on_finish(): debug: statm T10: vsize=3054820 rss=1033032 shared=515528 text=474784 data=710296
1757196609.349668: 2804298-7fd45f7fe700: cdpl_server_ipc.c:1268: in _sv_ipc_thread(): debug: received RELAY message
1757196609.349676: 2804298-7fd45f7fe700: cdpl_server_ipc.c:713: in _sv_on_relay(): debug: RELAY message from W1, size = 50
1757196609.349678: 2804298-7fd45f7fe700: cdpl_server_ipc.c:715: in _sv_on_relay(): debug: RELAY message from W1, content = WORKERDU|32,/dev/mapper/rhel_claws--compute3-home
1757196609.372081: 2804298-7fd49fede540: cdpl_server.c:227: in _sv_free_task_safe(): debug: freeing task T10
1757196610.345210: 2804298-7fd49fede540: cdpl_server.c:3008: in cdpl_sv_halt_job_errno(): info: killing job J1
1757196610.345242: 2804298-7fd49fede540: cdpl_server.c:3044: in cdpl_sv_halt_job_errno(): debug: signal bin B1 scheduler to stop
1757196610.345269: 2804298-7fd44affd700: cdpl_server_sched.c:2484: in _sv_scheduler_thread(): debug: scheduler for bin B1 stopped
1757196610.345312: 2804298-7fd44affd700: cdpl_ipc.c:1657: in _host_drop__UNSAFE(): debug: dropping host `152.14.98.53:54210'
1757196610.345373: 2804298-7fd44affd700: cdpl_server_sched.c:2830: in _sv_drop_worker(): info: down to 2 alive workers in B1
1757196610.345382: 2804298-7fd45f7fe700: cdpl_server_ipc.c:1236: in _sv_ipc_thread(): debug: received DROP notification
1757196610.345400: 2804298-7fd44affd700: cdpl_farm.c:4152: in cdpl_farm_dismiss(): debug: down to 2 running processes
1757196610.345410: 2804298-7fd44affd700: cdpl_ipc.c:1657: in _host_drop__UNSAFE(): debug: dropping host `152.14.98.53:54226'
1757196610.345426: 2804298-7fd44affd700: cdpl_server_sched.c:2830: in _sv_drop_worker(): info: down to 1 alive workers in B1
1757196610.345428: 2804298-7fd44affd700: cdpl_farm.c:4152: in cdpl_farm_dismiss(): debug: down to 1 running processes
1757196610.345429: 2804298-7fd44affd700: cdpl_ipc.c:1657: in _host_drop__UNSAFE(): debug: dropping host `152.14.98.53:54236'
1757196610.345446: 2804298-7fd44affd700: cdpl_server_sched.c:2830: in _sv_drop_worker(): info: down to 0 alive workers in B1
1757196610.345447: 2804298-7fd44affd700: cdpl_farm.c:4152: in cdpl_farm_dismiss(): debug: down to 0 running processes
1757196610.345456: 2804298-7fd45f7fe700: cdpl_server_ipc.c:1236: in _sv_ipc_thread(): debug: received DROP notification
1757196610.345460: 2804298-7fd45f7fe700: cdpl_server_ipc.c:1236: in _sv_ipc_thread(): debug: received DROP notification
1757196610.345461: 2804298-7fd44affd700: cdpl_server_sched.c:121: in _free_worker_2(): debug: freeing worker W3
1757196610.345474: 2804298-7fd44affd700: cdpl_ipc.c:2513: in cdpl_ipc_host_release(): debug: releasing host `152.14.98.53:54210'
1757196610.345476: 2804298-7fd44affd700: cdpl_ipc.c:2529: in cdpl_ipc_host_release(): debug: scheduling for immediate release
1757196610.345478: 2804298-7fd44affd700: cdpl_server_sched.c:121: in _free_worker_2(): debug: freeing worker W2
1757196610.345480: 2804298-7fd44affd700: cdpl_ipc.c:2513: in cdpl_ipc_host_release(): debug: releasing host `152.14.98.53:54226'
1757196610.345481: 2804298-7fd44affd700: cdpl_ipc.c:2529: in cdpl_ipc_host_release(): debug: scheduling for immediate release
1757196610.345483: 2804298-7fd44affd700: cdpl_server_sched.c:121: in _free_worker_2(): debug: freeing worker W1
1757196610.345484: 2804298-7fd44affd700: cdpl_ipc.c:2513: in cdpl_ipc_host_release(): debug: releasing host `152.14.98.53:54236'
1757196610.345485: 2804298-7fd44affd700: cdpl_ipc.c:2529: in cdpl_ipc_host_release(): debug: scheduling for immediate release
1757196610.345511: 2804298-7fd49fede540: cdpl_server.c:294: in _sv_free_job(): info: freeing job J1
1757196610.345517: 2804298-7fd49fede540: cdpl_server.c:92: in _sv_free_bin(): debug: freeing bin B1
1757196610.345557: 2804298-7fd49fede540: cdpl_monitor.c:515: in cdpl_mn_kill(): info: killing monitor
1757196610.345564: 2804298-7fd49fede540: cdpl_ipc.c:3677: in cdpl_ipc_kill(): debug: stopping event server
1757196610.345832: 2804298-7fd45e7fc700: cdpl_ipc.c:2386: in _epoll_main(): warning: received EPOLLERR/EPOLLHUP
1757196610.345842: 2804298-7fd45ffff700: cdpl_ipc.c:775: in _readv(): warning: read(): EOF
1757196610.345850: 2804298-7fd45e7fc700: cdpl_ipc.c:2320: in _check_socket_error(): info: TCP_KEEPIDLE=7200 seconds TCP_KEEPINTVL=75 seconds TCP_KEEPCNT=9
1757196610.345853: 2804298-7fd45e7fc700: cdpl_ipc.c:1657: in _host_drop__UNSAFE(): debug: dropping host `152.14.98.53:38285'
1757196610.345856: 2804298-7fd45ffff700: cdpl_ipc.c:2100: in _epoll_recv(): debug: _readv(): Broken pipe
1757196610.345866: 2804298-7fd45ffff700: cdpl_ipc.c:2424: in _epoll_main(): debug: _epoll_recv(): Broken pipe
1757196610.345870: 2804298-7fd45ffff700: cdpl_ipc.c:1657: in _host_drop__UNSAFE(): debug: dropping host `152.14.98.53:54198'
1757196610.345874: 2804298-7fd45e7fc700: cdpl_ipc.c:2460: in _epoll_main(): debug: server going down...
1757196610.345904: 2804298-7fd45ffff700: cdpl_ipc.c:1582: in _host_free__UNSAFE(): debug: freeing host `152.14.98.53:54236'
1757196610.345907: 2804298-7fd45ffff700: cdpl_ipc.c:1621: in _host_free__UNSAFE(): debug: [0 outq, 0 spR, 0 spW]
1757196610.345910: 2804298-7fd45ffff700: cdpl_ipc.c:1582: in _host_free__UNSAFE(): debug: freeing host `152.14.98.53:54226'
1757196610.345912: 2804298-7fd45ffff700: cdpl_ipc.c:1621: in _host_free__UNSAFE(): debug: [0 outq, 0 spR, 0 spW]
1757196610.345913: 2804298-7fd45ffff700: cdpl_ipc.c:1582: in _host_free__UNSAFE(): debug: freeing host `152.14.98.53:54210'
1757196610.345915: 2804298-7fd45ffff700: cdpl_ipc.c:1621: in _host_free__UNSAFE(): debug: [0 outq, 0 spR, 0 spW]
1757196610.345920: 2804298-7fd45f7fe700: cdpl_server_ipc.c:1236: in _sv_ipc_thread(): debug: received DROP notification
1757196610.345933: 2804298-7fd45f7fe700: cdpl_monitor.c:1269: in cdpl_mn_drop(): debug: detaching from monitor `152.14.98.53:54198'
1757196610.345938: 2804298-7fd45f7fe700: cdpl_monitor.c:1101: in mn_systat_stop(): debug: joining systat thread
1757196610.345975: 2804298-7fd45cff9700: cdpl_monitor.c:1079: in mn_systat(): debug: exiting
1757196610.345990: 2804298-7fd45f7fe700: cdpl_monitor.c:1103: in mn_systat_stop(): debug: systat thread done
1757196610.345993: 2804298-7fd45f7fe700: cdpl_ipc.c:2513: in cdpl_ipc_host_release(): debug: releasing host `152.14.98.53:54198'
1757196610.346017: 2804298-7fd45effd700: cdpl_ipc.c:3728: in cdpl_ipc_free(): debug: releasing IPC handle
1757196610.346024: 2804298-7fd45effd700: cdpl_ipc.c:1582: in _host_free__UNSAFE(): debug: freeing host `152.14.98.53:45169'
1757196610.346027: 2804298-7fd45effd700: cdpl_ipc.c:1621: in _host_free__UNSAFE(): debug: [0 outq, 0 spR, 0 spW]
1757196610.346045: 2804298-7fd45effd700: cdpl_ipc.c:1582: in _host_free__UNSAFE(): debug: freeing host `152.14.98.53:42503'
1757196610.346047: 2804298-7fd45effd700: cdpl_ipc.c:1621: in _host_free__UNSAFE(): debug: [0 outq, 0 spR, 0 spW]
1757196610.346054: 2804298-7fd45effd700: cdpl_ipc.c:1582: in _host_free__UNSAFE(): debug: freeing host `152.14.98.53:38285'
1757196610.346056: 2804298-7fd45effd700: cdpl_ipc.c:1621: in _host_free__UNSAFE(): debug: [0 outq, 0 spR, 0 spW]
1757196610.346058: 2804298-7fd45effd700: cdpl_ipc.c:1582: in _host_free__UNSAFE(): debug: freeing host `152.14.98.53:45167'
1757196610.346059: 2804298-7fd45effd700: cdpl_ipc.c:1621: in _host_free__UNSAFE(): debug: [0 outq, 0 spR, 0 spW]
1757196610.346067: 2804298-7fd45effd700: cdpl_ipc.c:3756: in cdpl_ipc_free(): warning: 4 host(s) were not released
1757196610.346080: 2804298-7fd45effd700: cdpl_ipc.c:3767: in cdpl_ipc_free(): debug: done
1757196610.346082: 2804298-7fd45effd700: cdpl_monitor.c:1390: in cdpl_mn_free(): debug: freeing monitor client
1757196610.346195: 2804298-7fd49fede540: cdpl_farm.c:2740: in cdpl_farm_free(): info: freeing farm
1757196610.346220: 2804298-7fd44a7fc700: cdpl_farm.c:2231: in _schedule(): debug: end of idling
1757196610.346227: 2804298-7fd44a7fc700: cdpl_farm.c:2235: in _schedule(): debug: dying
1757196610.346273: 2804298-7fd49fede540: cdpl_farm.c:913: in _killall(): debug: killing all remaining commands
1757196610.346284: 2804298-7fd49fede540: cdpl_server.c:3144: in cdpl_sv_free(): info: freeing server S465092510
1757196610.346297: 2804298-7fd49fede540: cdpl_server.c:3109: in cdpl_sv_kill_errno(): info: killing server
1757196610.346299: 2804298-7fd49fede540: cdpl_ipc.c:3677: in cdpl_ipc_kill(): debug: stopping event server
1757196610.346310: 2804298-7fd45f7fe700: cdpl_server_ipc.c:1200: in _sv_ipc_thread(): debug: leaving now
1757196610.346314: 2804298-7fd45ffff700: cdpl_ipc.c:2460: in _epoll_main(): debug: server going down...
1757196610.346319: 2804298-7fd49fede540: cdpl_server.c:334: in _sv_free_master(): info: freeing master M1
1757196610.346331: 2804298-7fd49fede540: cdpl_hash.c:68: in cdpl_h_destroy(): debug: put operations: 3
1757196610.346333: 2804298-7fd49fede540: cdpl_hash.c:69: in cdpl_h_destroy(): debug: put collisions: 0
1757196610.346336: 2804298-7fd49fede540: cdpl_hash.c:70: in cdpl_h_destroy(): debug: get operations: 0
1757196610.346337: 2804298-7fd49fede540: cdpl_hash.c:71: in cdpl_h_destroy(): debug: get iterations: 0
1757196610.346342: 2804298-7fd49fede540: cdpl_monitor.c:1390: in cdpl_mn_free(): debug: freeing monitor server
1757196610.346344: 2804298-7fd49fede540: cdpl_ipc.c:3728: in cdpl_ipc_free(): debug: releasing IPC handle
1757196610.346345: 2804298-7fd49fede540: cdpl_ipc.c:1582: in _host_free__UNSAFE(): debug: freeing host `152.14.98.53:54198'
1757196610.346349: 2804298-7fd49fede540: cdpl_ipc.c:1621: in _host_free__UNSAFE(): debug: [0 outq, 0 spR, 0 spW]
1757196610.346369: 2804298-7fd49fede540: cdpl_ipc.c:3767: in cdpl_ipc_free(): debug: done
1757196610.346374: 2804298-7fd49fede540: cdpl_log.c:481: in cdpl_log_close(): info: @@end_of_log@@
