1757195378.828175: 2725337-7f33d558c540: cdpl_log.c:337: in cdpl_log_open(): info: @@start_of_log@@
1757195378.828184: 2725337-7f33d558c540: cdpl_log.c:1058: in cdpl_log_dump_sysinfo(): info: time: 2025/09/06 17:49:38 EDT -0400
1757195378.828186: 2725337-7f33d558c540: cdpl_log.c:1060: in cdpl_log_dump_sysinfo(): info: version: W-2024.09-SP1-2 
1757195378.828188: 2725337-7f33d558c540: cdpl_log.c:1062: in cdpl_log_dump_sysinfo(): info: system: Linux 4.18.0-553.69.1.el8_10.x86_64 #1 SMP Thu Aug 7 18:10:00 EDT 2025
1757195378.828190: 2725337-7f33d558c540: cdpl_log.c:1067: in cdpl_log_dump_sysinfo(): info: processor: x86_64 64-bits
1757195378.828191: 2725337-7f33d558c540: cdpl_log.c:1071: in cdpl_log_dump_sysinfo(): info: hostname: claws-compute3.ece.ncsu.edu
1757195378.828193: 2725337-7f33d558c540: cdpl_log.c:1073: in cdpl_log_dump_sysinfo(): info: program name: custom_shell
1757195378.828195: 2725337-7f33d558c540: cdpl_log.c:340: in cdpl_log_open(): debug: path: /home/argershm/180-voltmeter/Analog/cc/synopsys_custom/pwdp_jobs/saeSession4_diffmodegain.SimulationSimulation_cdpl.1.2725337/logs/master.claws-compute3.ece.ncsu.edu.2725337.log
1757195378.828197: 2725337-7f33d558c540: cdpl_log.c:341: in cdpl_log_open(): debug: dir: /home/argershm/180-voltmeter/Analog/cc/synopsys_custom/pwdp_jobs/saeSession4_diffmodegain.SimulationSimulation_cdpl.1.2725337/logs
1757195378.828201: 2725337-7f33d558c540: cdpl_server.c:536: in cdpl_sv_init(): info: new server S835680578
1757195378.828203: 2725337-7f33d558c540: cdpl_ipc.c:3475: in cdpl_ipc_init(): info: requesting IPv4 protocol
1757195378.832515: 2725337-7f33d558c540: cdpl_ipc.c:837: in _selectaddrfamily(): info: selected IPv4 protocol
1757195378.832532: 2725337-7f33d558c540: cdpl_ipc.c:1139: in _set_keepalive(): info: TCP keep alive interval: 300
1757195378.835377: 2725337-7f33d558c540: cdpl_monitor.c:1117: in cdpl_mn_new_server(): info: creating server monitor instance
1757195378.835383: 2725337-7f33d558c540: cdpl_server.c:650: in cdpl_sv_new_master(): info: new master M1
1757195378.835387: 2725337-7f33d558c540: cdpl_server.c:6533: in cdpl_sv_ctl_master(): info: Setting worker heartbeat to 120 seconds
1757195378.835388: 2725337-7f33d558c540: cdpl_server.c:6542: in cdpl_sv_ctl_master(): info: Setting worker heartbeat timeout to 3 heartbeats
1757195378.835390: 2725337-7f33d558c540: cdpl_compat_master.c:2090: in _parse_hostfile(): info: reading hostfile `/home/argershm/180-voltmeter/Analog/cc/synopsys_custom/pwdp_jobs/saeSession4_diffmodegain.SimulationSimulation_cdpl.1.2725337/host_file'
1757195378.835399: 2725337-7f33d558c540: cdpl_compat_master.c:1900: in _hostfile_parser(): debug: parsing "1     |localhost|   -1  | /tmp | SH | sh"
1757195378.835403: 2725337-7f33d558c540: cdpl_farm.c:2578: in cdpl_farm_new_sh(): info: creating SH farm on localhost
1757195378.835406: 2725337-7f33d558c540: cdpl_compat_master.c:206: in _set_farm_env(): info: exporting CDPL_LOGDIR as `/home/argershm/180-voltmeter/Analog/cc/synopsys_custom/pwdp_jobs/saeSession4_diffmodegain.SimulationSimulation_cdpl.1.2725337/logs'
1757195378.835408: 2725337-7f33d558c540: cdpl_compat_master.c:212: in _set_farm_env(): info: exporting CDPL_TMPDIR as `/tmp'
1757195378.835410: 2725337-7f33d558c540: cdpl_compat_master.c:235: in _set_farm_env(): info: exporting SNPSLMD_LICENSE_FILE as `27000@ece-lic-35.ece.ncsu.edu'
1757195378.835412: 2725337-7f33d558c540: cdpl_compat_master.c:259: in _set_farm_env(): info: exporting CDPL_OPTIONS as `[nowlogs]'
1757195378.835414: 2725337-7f33d558c540: cdpl_compat_master.c:266: in _set_farm_env(): info: exporting DISPLAY as `unix:11459'
1757195378.835415: 2725337-7f33d558c540: cdpl_compat_master.c:274: in _set_farm_env(): info: exporting CDPL_HEARTBEAT as `120'
1757195378.835418: 2725337-7f33d558c540: cdpl_farm.c:3149: in cdpl_farm_add_withdir(): debug: added `localhost' (capacity: unlimited)
1757195378.835420: 2725337-7f33d558c540: cdpl_compat_parse.c:147: in parsefile(): debug: read `/home/argershm/180-voltmeter/Analog/cc/synopsys_custom/pwdp_jobs/saeSession4_diffmodegain.SimulationSimulation_cdpl.1.2725337/host_file', 2 lines
1757195378.835425: 2725337-7f33d558c540: cdpl_compat_master.c:2931: in cdplInitMaster(): info: bcast dir is `/home/argershm/180-voltmeter/Analog/cc/synopsys_custom/pwdp_jobs/saeSession4_diffmodegain.SimulationSimulation_cdpl.1.2725337/logs'
1757195378.835453: 2725337-7f33d558c540: cdpl_server.c:6433: in cdpl_sv_ctl_master(): info: farm worker timeout set to 300
1757195378.835454: 2725337-7f33d558c540: cdpl_server.c:6486: in cdpl_sv_ctl_master(): info: maximum number of task execution attempts set to 1
1757195378.835458: 2725337-7f33d558c540: cdpl_server.c:3195: in cdpl_sv_start(): debug: starting server
1757195378.835460: 2725337-7f33d558c540: cdpl_ipc.c:3632: in cdpl_ipc_start(): debug: starting IPC server 152.14.98.53:44381
1757195378.835628: 2725337-7f3399427700: cdpl_server_ipc.c:1182: in _sv_ipc_thread(): debug: ready
1757195378.835695: 2725337-7f336bfff700: cdpl_monitor.c:426: in cdpl_mn_init_client(): info: creating client monitor instance
1757195378.835712: 2725337-7f336bfff700: cdpl_ipc.c:3475: in cdpl_ipc_init(): info: requesting IPv4 protocol
1757195378.839889: 2725337-7f336bfff700: cdpl_ipc.c:837: in _selectaddrfamily(): info: selected IPv4 protocol
1757195378.839914: 2725337-7f336bfff700: cdpl_ipc.c:1139: in _set_keepalive(): info: TCP keep alive interval: 300
1757195378.843068: 2725337-7f336bfff700: cdpl_ipc.c:3632: in cdpl_ipc_start(): debug: starting IPC server 152.14.98.53:37887
1757195378.843176: 2725337-7f336bfff700: cdpl_monitor.c:471: in cdpl_mn_init_client(): debug: incoming messages in /tmp/cdpl-monitor-lO5FxN
1757195378.843253: 2725337-7f336bfff700: cdpl_monitor.c:533: in cdpl_mn_connect(): debug: connecting to 152.14.98.53:44381
1757195378.843256: 2725337-7f336bfff700: cdpl_ipc.c:3789: in cdpl_ipc_connect(): info: connecting to 152.14.98.53:44381
1757195378.843372: 2725337-7f336bfff700: cdpl_ipc.c:3860: in cdpl_ipc_connect(): info: connected as `152.14.98.53:54722'
1757195378.843377: 2725337-7f336bfff700: cdpl_ipc.c:2503: in cdpl_ipc_host_accept(): debug: accepted host `152.14.98.53:44381'
1757195378.843381: 2725337-7f336bfff700: cdpl_monitor.c:579: in cdpl_mn_connect(): debug: ok
1757195378.843391: 2725337-7f33d558c540: cdpl_server.c:731: in cdpl_sv_new_job(): info: new job J1 in M1
1757195378.843398: 2725337-7f3399c28700: cdpl_ipc.c:1862: in _epoll_accept(): debug: new connection from `152.14.98.53:54722'
1757195378.843410: 2725337-7f33d558c540: cdpl_compat_master.c:1581: in _add_worker(): info: new worker type 10, min:1, max:3, cmd:`/home/argershm/180-voltmeter/Analog/cc/synopsys_custom/pwdp_jobs/saeSession4_diffmodegain.SimulationSimulation_cdpl.1.2725337/START_WORKER pw_worker -i /home/argershm/180-voltmeter/Analog/cc/synopsys_custom/pwdp_jobs
1757195378.843415: 2725337-7f33d558c540: cdpl_server.c:908: in cdpl_sv_new_bin_withfarm(): info: new bin B1 in J1
1757195378.843430: 2725337-7f3399427700: cdpl_server_ipc.c:1225: in _sv_ipc_thread(): debug: received ACCEPT notification
1757195378.843441: 2725337-7f3399427700: cdpl_ipc.c:2503: in cdpl_ipc_host_accept(): debug: accepted host `152.14.98.53:54722'
1757195378.843453: 2725337-7f3399427700: cdpl_server_ipc.c:1256: in _sv_ipc_thread(): debug: received MONITOR message
1757195378.843574: 2725337-7f3399427700: cdpl_monitor.c:1207: in cdpl_mn_accept(): debug: accepted monitor `152.14.98.53:54722'
1757195378.843578: 2725337-7f3399427700: cdpl_server_ipc_mon.c:120: in _globalLOCK(): debug: ENTERTING GLOBAL LOCK
1757195378.843580: 2725337-7f3399427700: cdpl_server_ipc_mon.c:164: in _globalLOCK(): debug: global lock acquired
1757195378.843586: 2725337-7f338b7fe700: cdpl_monitor.c:910: in mn_systat(): debug: started
1757195378.843808: 2725337-7f338b7fe700: cdpl_monitor.c:937: in mn_systat(): debug: monitor server flush rate: 5
1757195379.645682: 2725337-7f3399427700: cdpl_server_ipc_mon.c:210: in _globalUNLOCK(): debug: LEAVING GLOBAL LOCK
1757195379.645703: 2725337-7f33d558c540: cdpl_server.c:3249: in cdpl_sv_start_job(): info: starting job J1
1757195379.645725: 2725337-7f33d558c540: cdpl_server.c:62: in _sv_start_bin(): debug: starting bin B1 (min: 0, max: 3)
1757195379.645850: 2725337-7f33897fa700: cdpl_server_sched.c:2482: in _sv_scheduler_thread(): debug: scheduler for bin B1 started
1757195379.645868: 2725337-7f33d558c540: cdpl_server.c:1893: in _sv_gen_task(): info: new task T0 in B1 (prio 0)
1757195379.645877: 2725337-7f33d558c540: cdpl_server.c:2698: in cdpl_sv_label_task_va(): info: setting task T0 label to "PrimeSim_2|PrimeSim"
1757195379.645888: 2725337-7f33897fa700: cdpl_server_sched.c:2443: in _scheduler_run(): debug: will start a new worker
1757195379.645898: 2725337-7f33897fa700: cdpl_farm.c:3977: in cdpl_farm_submit(): debug: 1 running processes
1757195379.645901: 2725337-7f33897fa700: cdpl_farm.c:3985: in cdpl_farm_submit(): debug: new command C1 in bin B1 assigned to host `localhost'
1757195379.645982: 2725337-7f33897fa700: cdpl_server_sched.c:705: in _sv_launch_worker(): info: started worker W1 (as C1) in bin B1
1757195379.645996: 2725337-7f3388ff9700: cdpl_farm.c:2139: in _schedule(): debug: started
1757195379.646003: 2725337-7f3388ff9700: cdpl_farm.c:2303: in _schedule(): debug: submitting command C1 in bin B1
1757195379.646008: 2725337-7f3388ff9700: cdpl_sh.c:49: in _sh_detached_submit(): info: SH : /home/argershm/180-voltmeter/Analog/cc/synopsys_custom/pwdp_jobs/saeSession4_diffmodegain.SimulationSimulation_cdpl.1.2725337/START_WORKER pw_worker -i /home/argershm/180-voltmeter/Analog/cc/synopsys_custom/pwdp_jobs/saeSession4_diffmodegain.SimulationSimulation_cdpl.1.2725337 -t 10000
1757195379.654414: 2725337-7f3388ff9700: cdpl_farm.c:2343: in _schedule(): debug: C1 in bin B1 running on slot 0
1757195379.654436: 2725337-7f3388ff9700: cdpl_farm.c:2167: in _schedule(): debug: idle
1757195379.668244: 2725337-7f33d558c540: cdpl_compat_master.c:5948: in cdplMasterLogInfo(): info: [non-CDPL log entry] PWDP3: reset pilot cache succeeded, pilot_key=saeSession4,1,diff_mode_gain|&/home/argershm/180-voltmeter/Analog/cc/simulation/integrator,tb_main_opamp,schematic/history_1/simulation/diff_mode_gain/PrimeSimSPICE/nominal/results
1757195379.954503: 2725337-7f3388ff9700: cdpl_farm.c:1193: in _onexit(): debug: C1 in bin B1 exited normally on slot 0
1757195380.758505: 2725337-7f338affd700: cdpl_compat_master.c:5948: in cdplMasterLogInfo(): info: [non-CDPL log entry] PWDP - no-workers started ok check start!
1757195381.486494: 2725337-7f3399c28700: cdpl_ipc.c:1862: in _epoll_accept(): debug: new connection from `152.14.98.53:54730'
1757195381.486543: 2725337-7f3399427700: cdpl_server_ipc.c:1225: in _sv_ipc_thread(): debug: received ACCEPT notification
1757195381.486556: 2725337-7f3399427700: cdpl_ipc.c:2503: in cdpl_ipc_host_accept(): debug: accepted host `152.14.98.53:54730'
1757195381.486682: 2725337-7f3399427700: cdpl_server_ipc.c:1246: in _sv_ipc_thread(): debug: received HELLO message
1757195381.486688: 2725337-7f3399427700: cdpl_server_ipc.c:430: in _sv_on_hello(): debug: looking up W1
1757195381.486691: 2725337-7f3399427700: cdpl_server_ipc.c:540: in _sv_on_hello(): info: W1 is `152.14.98.53:54730'
1757195381.486693: 2725337-7f3399427700: cdpl_server_ipc.c:541: in _sv_on_hello(): debug: hello W1 (B1)
1757195381.486695: 2725337-7f3399427700: cdpl_server_ipc.c:542: in _sv_on_hello(): info: W1 log file is /dev/null
1757195381.486708: 2725337-7f3399427700: cdpl_server_ipc.c:602: in _sv_on_hello(): info: up to 1 alive workers in B1
1757195381.486713: 2725337-7f3399427700: cdpl_farm.c:878: in _release_cmd(): debug: freeing command C1 in bin B1
1757195381.486722: 2725337-7f33897fa700: cdpl_server_sched.c:960: in _assign(): info: assigning task T0 to worker W1
1757195381.550291: 2725337-7f3399427700: cdpl_server_ipc.c:1268: in _sv_ipc_thread(): debug: received RELAY message
1757195381.550299: 2725337-7f3399427700: cdpl_server_ipc.c:713: in _sv_on_relay(): debug: RELAY message from W1, size = 65
1757195381.550302: 2725337-7f3399427700: cdpl_server_ipc.c:715: in _sv_on_relay(): debug: RELAY message from W1, content = 0$2734032 claws-compute3.ece.ncsu.edu 2734048 RUNNING 1757195381
1757195382.486943: 2725337-7f3399427700: cdpl_server_ipc.c:312: in _sv_on_heartbeat(): debug: received HEARTBEAT from worker W1 at 152.14.98.53:54730
1757195383.844425: 2725337-7f336bfff700: cdpl_monitor.c:533: in cdpl_mn_connect(): debug: connecting to 152.14.98.53:39087
1757195383.844436: 2725337-7f336bfff700: cdpl_ipc.c:3789: in cdpl_ipc_connect(): info: connecting to 152.14.98.53:39087
1757195383.844597: 2725337-7f336bfff700: cdpl_ipc.c:3860: in cdpl_ipc_connect(): info: connected as `152.14.98.53:52908'
1757195383.844605: 2725337-7f336bfff700: cdpl_ipc.c:2503: in cdpl_ipc_host_accept(): debug: accepted host `152.14.98.53:39087'
1757195383.844610: 2725337-7f336bfff700: cdpl_monitor.c:579: in cdpl_mn_connect(): debug: ok
1757195388.118997: 2725337-7f3399427700: cdpl_server_ipc.c:1268: in _sv_ipc_thread(): debug: received RELAY message
1757195388.119012: 2725337-7f3399427700: cdpl_server_ipc.c:713: in _sv_on_relay(): debug: RELAY message from W1, size = 52
1757195388.119014: 2725337-7f3399427700: cdpl_server_ipc.c:715: in _sv_on_relay(): debug: RELAY message from W1, content = WORKERDU|8132,/dev/mapper/rhel_claws--compute3-home
1757195388.119020: 2725337-7f3399427700: cdpl_server_ipc.c:1268: in _sv_ipc_thread(): debug: received RELAY message
1757195388.119022: 2725337-7f3399427700: cdpl_server_ipc.c:713: in _sv_on_relay(): debug: RELAY message from W1, size = 193
1757195388.119023: 2725337-7f3399427700: cdpl_server_ipc.c:715: in _sv_on_relay(): debug: RELAY message from W1, content = REQPILOT|saeSession4,1,diff_mode_gain|&/home/argershm/180-voltmeter/Analog/cc/simulation/integrator,tb_main_opamp,schematic/history_1/simulation/diff_mode_gain/PrimeSimSPICE/nominal/results|&0
1757195388.119381: 2725337-7f338bfff700: cdpl_compat_master.c:5948: in cdplMasterLogInfo(): info: [non-CDPL log entry] PWDP send back 'DOPILOT' to worker id:1 key: saeSession4,1,diff_mode_gain|&/home/argershm/180-voltmeter/Analog/cc/simulation/integrator,tb_main_opamp,schematic/history_1/simulation/diff_mode_gain/PrimeSimSPICE/nominal/results
1757195388.119543: 2725337-7f338bfff700: cdpl_compat_master.c:5948: in cdplMasterLogInfo(): info: [non-CDPL log entry] PWDP: set pilot doing!
1757195388.122945: 2725337-7f3399427700: cdpl_server_ipc.c:1268: in _sv_ipc_thread(): debug: received RELAY message
1757195388.122958: 2725337-7f3399427700: cdpl_server_ipc.c:713: in _sv_on_relay(): debug: RELAY message from W1, size = 189
1757195388.122962: 2725337-7f3399427700: cdpl_server_ipc.c:715: in _sv_on_relay(): debug: RELAY message from W1, content = PILOTOK|saeSession4,1,diff_mode_gain|&/home/argershm/180-voltmeter/Analog/cc/simulation/integrator,tb_main_opamp,schematic/history_1/simulation/diff_mode_gain/PrimeSimSPICE/nominal/results
1757195388.122975: 2725337-7f338bfff700: cdpl_compat_master.c:5948: in cdplMasterLogInfo(): info: [non-CDPL log entry] PWDP: set pilot done!
1757195388.123056: 2725337-7f3399427700: cdpl_server_ipc.c:1268: in _sv_ipc_thread(): debug: received RELAY message
1757195388.123062: 2725337-7f3399427700: cdpl_server_ipc.c:713: in _sv_on_relay(): debug: RELAY message from W1, size = 18
1757195388.123065: 2725337-7f3399427700: cdpl_server_ipc.c:715: in _sv_on_relay(): debug: RELAY message from W1, content = 0$- - - MEASDOING
1757195388.389015: 2725337-7f3399427700: cdpl_server_ipc.c:1268: in _sv_ipc_thread(): debug: received RELAY message
1757195388.389024: 2725337-7f3399427700: cdpl_server_ipc.c:713: in _sv_on_relay(): debug: RELAY message from W1, size = 77
1757195388.389026: 2725337-7f3399427700: cdpl_server_ipc.c:715: in _sv_on_relay(): debug: RELAY message from W1, content = 0$2734032 claws-compute3.ece.ncsu.edu 2734048 FINISHED 1757195381|1757195388
1757195388.390644: 2725337-7f3399427700: cdpl_server_ipc.c:1268: in _sv_ipc_thread(): debug: received RELAY message
1757195388.390652: 2725337-7f3399427700: cdpl_server_ipc.c:713: in _sv_on_relay(): debug: RELAY message from W1, size = 191
1757195388.390654: 2725337-7f3399427700: cdpl_server_ipc.c:715: in _sv_on_relay(): debug: RELAY message from W1, content = PILOTDONE|saeSession4,1,diff_mode_gain|&/home/argershm/180-voltmeter/Analog/cc/simulation/integrator,tb_main_opamp,schematic/history_1/simulation/diff_mode_gain/PrimeSimSPICE/nominal/results
1757195388.390682: 2725337-7f338bfff700: cdpl_compat_master.c:5948: in cdplMasterLogInfo(): info: [non-CDPL log entry] saeSession4,1,diff_mode_gain|&/home/argershm/180-voltmeter/Analog/cc/simulation/integrator,tb_main_opamp,schematic/history_1/simulation/diff_mode_gain/PrimeSimSPICE/nominal/results PILOTDONE!
1757195388.390971: 2725337-7f3399427700: cdpl_server_ipc.c:1251: in _sv_ipc_thread(): debug: received FINISH message
1757195388.390979: 2725337-7f3399427700: cdpl_server_ipc.c:983: in _sv_on_finish(): info: worker W1 completed task T0
1757195388.390981: 2725337-7f3399427700: cdpl_server_ipc.c:988: in _sv_on_finish(): debug: stat T0: utime=3685 stime=1952
1757195388.390983: 2725337-7f3399427700: cdpl_server_ipc.c:993: in _sv_on_finish(): debug: statm T0: vsize=3054916 rss=1037924 shared=518252 text=474784 data=710136
1757195388.396181: 2725337-7f3399427700: cdpl_server_ipc.c:1268: in _sv_ipc_thread(): debug: received RELAY message
1757195388.396189: 2725337-7f3399427700: cdpl_server_ipc.c:713: in _sv_on_relay(): debug: RELAY message from W1, size = 50
1757195388.396191: 2725337-7f3399427700: cdpl_server_ipc.c:715: in _sv_on_relay(): debug: RELAY message from W1, content = WORKERDU|28,/dev/mapper/rhel_claws--compute3-home
1757195388.471983: 2725337-7f33d558c540: cdpl_server.c:227: in _sv_free_task_safe(): debug: freeing task T0
1757195389.391129: 2725337-7f33d558c540: cdpl_server.c:3008: in cdpl_sv_halt_job_errno(): info: killing job J1
1757195389.391148: 2725337-7f33d558c540: cdpl_server.c:3044: in cdpl_sv_halt_job_errno(): debug: signal bin B1 scheduler to stop
1757195389.391172: 2725337-7f33897fa700: cdpl_server_sched.c:2484: in _sv_scheduler_thread(): debug: scheduler for bin B1 stopped
1757195389.391188: 2725337-7f33897fa700: cdpl_ipc.c:1657: in _host_drop__UNSAFE(): debug: dropping host `152.14.98.53:54730'
1757195389.391221: 2725337-7f33897fa700: cdpl_server_sched.c:2830: in _sv_drop_worker(): info: down to 0 alive workers in B1
1757195389.391224: 2725337-7f33897fa700: cdpl_farm.c:4152: in cdpl_farm_dismiss(): debug: down to 0 running processes
1757195389.391227: 2725337-7f3399427700: cdpl_server_ipc.c:1236: in _sv_ipc_thread(): debug: received DROP notification
1757195389.391238: 2725337-7f33897fa700: cdpl_server_sched.c:121: in _free_worker_2(): debug: freeing worker W1
1757195389.391241: 2725337-7f33897fa700: cdpl_ipc.c:2513: in cdpl_ipc_host_release(): debug: releasing host `152.14.98.53:54730'
1757195389.391242: 2725337-7f33897fa700: cdpl_ipc.c:2529: in cdpl_ipc_host_release(): debug: scheduling for immediate release
1757195389.391251: 2725337-7f33d558c540: cdpl_server.c:294: in _sv_free_job(): info: freeing job J1
1757195389.391254: 2725337-7f33d558c540: cdpl_server.c:92: in _sv_free_bin(): debug: freeing bin B1
1757195389.391260: 2725337-7f33d558c540: cdpl_monitor.c:515: in cdpl_mn_kill(): info: killing monitor
1757195389.391269: 2725337-7f33d558c540: cdpl_ipc.c:3677: in cdpl_ipc_kill(): debug: stopping event server
1757195389.391284: 2725337-7f338a7fc700: cdpl_ipc.c:2460: in _epoll_main(): debug: server going down...
1757195389.391308: 2725337-7f3399c28700: cdpl_ipc.c:775: in _readv(): warning: read(): EOF
1757195389.391318: 2725337-7f3399c28700: cdpl_ipc.c:2100: in _epoll_recv(): debug: _readv(): Broken pipe
1757195389.391321: 2725337-7f3399c28700: cdpl_ipc.c:2424: in _epoll_main(): debug: _epoll_recv(): Broken pipe
1757195389.391325: 2725337-7f3399c28700: cdpl_ipc.c:1657: in _host_drop__UNSAFE(): debug: dropping host `152.14.98.53:54722'
1757195389.391351: 2725337-7f3399c28700: cdpl_ipc.c:1582: in _host_free__UNSAFE(): debug: freeing host `152.14.98.53:54730'
1757195389.391354: 2725337-7f3399c28700: cdpl_ipc.c:1621: in _host_free__UNSAFE(): debug: [0 outq, 0 spR, 0 spW]
1757195389.391360: 2725337-7f3399427700: cdpl_server_ipc.c:1236: in _sv_ipc_thread(): debug: received DROP notification
1757195389.391367: 2725337-7f3399427700: cdpl_monitor.c:1269: in cdpl_mn_drop(): debug: detaching from monitor `152.14.98.53:54722'
1757195389.391377: 2725337-7f3399427700: cdpl_monitor.c:1101: in mn_systat_stop(): debug: joining systat thread
1757195389.391400: 2725337-7f338b7fe700: cdpl_monitor.c:1079: in mn_systat(): debug: exiting
1757195389.391409: 2725337-7f3399427700: cdpl_monitor.c:1103: in mn_systat_stop(): debug: systat thread done
1757195389.391411: 2725337-7f3399427700: cdpl_ipc.c:2513: in cdpl_ipc_host_release(): debug: releasing host `152.14.98.53:54722'
1757195389.391490: 2725337-7f336bfff700: cdpl_ipc.c:3728: in cdpl_ipc_free(): debug: releasing IPC handle
1757195389.391500: 2725337-7f336bfff700: cdpl_ipc.c:1582: in _host_free__UNSAFE(): debug: freeing host `152.14.98.53:39087'
1757195389.391503: 2725337-7f336bfff700: cdpl_ipc.c:1621: in _host_free__UNSAFE(): debug: [0 outq, 0 spR, 0 spW]
1757195389.391515: 2725337-7f336bfff700: cdpl_ipc.c:1582: in _host_free__UNSAFE(): debug: freeing host `152.14.98.53:44381'
1757195389.391516: 2725337-7f336bfff700: cdpl_ipc.c:1621: in _host_free__UNSAFE(): debug: [0 outq, 0 spR, 0 spW]
1757195389.391524: 2725337-7f336bfff700: cdpl_ipc.c:3756: in cdpl_ipc_free(): warning: 2 host(s) were not released
1757195389.391533: 2725337-7f336bfff700: cdpl_ipc.c:3767: in cdpl_ipc_free(): debug: done
1757195389.391535: 2725337-7f336bfff700: cdpl_monitor.c:1390: in cdpl_mn_free(): debug: freeing monitor client
1757195389.391598: 2725337-7f33d558c540: cdpl_farm.c:2740: in cdpl_farm_free(): info: freeing farm
1757195389.391609: 2725337-7f3388ff9700: cdpl_farm.c:2231: in _schedule(): debug: end of idling
1757195389.391612: 2725337-7f3388ff9700: cdpl_farm.c:2235: in _schedule(): debug: dying
1757195389.391651: 2725337-7f33d558c540: cdpl_farm.c:913: in _killall(): debug: killing all remaining commands
1757195389.391655: 2725337-7f33d558c540: cdpl_server.c:3144: in cdpl_sv_free(): info: freeing server S835680578
1757195389.391657: 2725337-7f33d558c540: cdpl_server.c:3109: in cdpl_sv_kill_errno(): info: killing server
1757195389.391659: 2725337-7f33d558c540: cdpl_ipc.c:3677: in cdpl_ipc_kill(): debug: stopping event server
1757195389.391669: 2725337-7f3399c28700: cdpl_ipc.c:2460: in _epoll_main(): debug: server going down...
1757195389.391679: 2725337-7f3399427700: cdpl_server_ipc.c:1200: in _sv_ipc_thread(): debug: leaving now
1757195389.391690: 2725337-7f33d558c540: cdpl_server.c:334: in _sv_free_master(): info: freeing master M1
1757195389.391692: 2725337-7f33d558c540: cdpl_hash.c:68: in cdpl_h_destroy(): debug: put operations: 1
1757195389.391696: 2725337-7f33d558c540: cdpl_hash.c:69: in cdpl_h_destroy(): debug: put collisions: 0
1757195389.391697: 2725337-7f33d558c540: cdpl_hash.c:70: in cdpl_h_destroy(): debug: get operations: 1
1757195389.391698: 2725337-7f33d558c540: cdpl_hash.c:71: in cdpl_h_destroy(): debug: get iterations: 1
1757195389.391702: 2725337-7f33d558c540: cdpl_monitor.c:1390: in cdpl_mn_free(): debug: freeing monitor server
1757195389.391704: 2725337-7f33d558c540: cdpl_ipc.c:3728: in cdpl_ipc_free(): debug: releasing IPC handle
1757195389.391706: 2725337-7f33d558c540: cdpl_ipc.c:1582: in _host_free__UNSAFE(): debug: freeing host `152.14.98.53:54722'
1757195389.391708: 2725337-7f33d558c540: cdpl_ipc.c:1621: in _host_free__UNSAFE(): debug: [0 outq, 0 spR, 0 spW]
1757195389.391731: 2725337-7f33d558c540: cdpl_ipc.c:3767: in cdpl_ipc_free(): debug: done
1757195389.391733: 2725337-7f33d558c540: cdpl_log.c:481: in cdpl_log_close(): info: @@end_of_log@@
