1757019831.921939: 3917807-7efe4b75f540: cdpl_log.c:337: in cdpl_log_open(): info: @@start_of_log@@
1757019831.921948: 3917807-7efe4b75f540: cdpl_log.c:1058: in cdpl_log_dump_sysinfo(): info: time: 2025/09/04 17:03:51 EDT -0400
1757019831.921950: 3917807-7efe4b75f540: cdpl_log.c:1060: in cdpl_log_dump_sysinfo(): info: version: W-2024.09-SP1-2 
1757019831.921956: 3917807-7efe4b75f540: cdpl_log.c:1062: in cdpl_log_dump_sysinfo(): info: system: Linux 4.18.0-553.69.1.el8_10.x86_64 #1 SMP Thu Aug 7 18:10:00 EDT 2025
1757019831.921958: 3917807-7efe4b75f540: cdpl_log.c:1067: in cdpl_log_dump_sysinfo(): info: processor: x86_64 64-bits
1757019831.921959: 3917807-7efe4b75f540: cdpl_log.c:1071: in cdpl_log_dump_sysinfo(): info: hostname: claws-compute3.ece.ncsu.edu
1757019831.921960: 3917807-7efe4b75f540: cdpl_log.c:1073: in cdpl_log_dump_sysinfo(): info: program name: custom_shell
1757019831.921963: 3917807-7efe4b75f540: cdpl_log.c:340: in cdpl_log_open(): debug: path: /home/argershm/180-voltmeter/Analog/cc/synopsys_custom/pwdp_jobs/saeSession1_default.SimulationSimulation_cdpl.1.3917807/logs/master.claws-compute3.ece.ncsu.edu.3917807.log
1757019831.921965: 3917807-7efe4b75f540: cdpl_log.c:341: in cdpl_log_open(): debug: dir: /home/argershm/180-voltmeter/Analog/cc/synopsys_custom/pwdp_jobs/saeSession1_default.SimulationSimulation_cdpl.1.3917807/logs
1757019831.921969: 3917807-7efe4b75f540: cdpl_server.c:536: in cdpl_sv_init(): info: new server S400698542
1757019831.921972: 3917807-7efe4b75f540: cdpl_ipc.c:3475: in cdpl_ipc_init(): info: requesting IPv4 protocol
1757019831.926476: 3917807-7efe4b75f540: cdpl_ipc.c:837: in _selectaddrfamily(): info: selected IPv4 protocol
1757019831.926491: 3917807-7efe4b75f540: cdpl_ipc.c:1139: in _set_keepalive(): info: TCP keep alive interval: 300
1757019831.930857: 3917807-7efe4b75f540: cdpl_monitor.c:1117: in cdpl_mn_new_server(): info: creating server monitor instance
1757019831.930862: 3917807-7efe4b75f540: cdpl_server.c:650: in cdpl_sv_new_master(): info: new master M1
1757019831.930867: 3917807-7efe4b75f540: cdpl_server.c:6533: in cdpl_sv_ctl_master(): info: Setting worker heartbeat to 120 seconds
1757019831.930869: 3917807-7efe4b75f540: cdpl_server.c:6542: in cdpl_sv_ctl_master(): info: Setting worker heartbeat timeout to 3 heartbeats
1757019831.930871: 3917807-7efe4b75f540: cdpl_compat_master.c:2090: in _parse_hostfile(): info: reading hostfile `/home/argershm/180-voltmeter/Analog/cc/synopsys_custom/pwdp_jobs/saeSession1_default.SimulationSimulation_cdpl.1.3917807/host_file'
1757019831.930880: 3917807-7efe4b75f540: cdpl_compat_master.c:1900: in _hostfile_parser(): debug: parsing "1     |localhost|   -1  | /tmp | SH | sh"
1757019831.930884: 3917807-7efe4b75f540: cdpl_farm.c:2578: in cdpl_farm_new_sh(): info: creating SH farm on localhost
1757019831.930887: 3917807-7efe4b75f540: cdpl_compat_master.c:206: in _set_farm_env(): info: exporting CDPL_LOGDIR as `/home/argershm/180-voltmeter/Analog/cc/synopsys_custom/pwdp_jobs/saeSession1_default.SimulationSimulation_cdpl.1.3917807/logs'
1757019831.930889: 3917807-7efe4b75f540: cdpl_compat_master.c:212: in _set_farm_env(): info: exporting CDPL_TMPDIR as `/tmp'
1757019831.930891: 3917807-7efe4b75f540: cdpl_compat_master.c:235: in _set_farm_env(): info: exporting SNPSLMD_LICENSE_FILE as `27000@ece-lic-35.ece.ncsu.edu'
1757019831.930894: 3917807-7efe4b75f540: cdpl_compat_master.c:259: in _set_farm_env(): info: exporting CDPL_OPTIONS as `[nowlogs]'
1757019831.930895: 3917807-7efe4b75f540: cdpl_compat_master.c:266: in _set_farm_env(): info: exporting DISPLAY as `unix:17397'
1757019831.930897: 3917807-7efe4b75f540: cdpl_compat_master.c:274: in _set_farm_env(): info: exporting CDPL_HEARTBEAT as `120'
1757019831.930899: 3917807-7efe4b75f540: cdpl_farm.c:3149: in cdpl_farm_add_withdir(): debug: added `localhost' (capacity: unlimited)
1757019831.930901: 3917807-7efe4b75f540: cdpl_compat_parse.c:147: in parsefile(): debug: read `/home/argershm/180-voltmeter/Analog/cc/synopsys_custom/pwdp_jobs/saeSession1_default.SimulationSimulation_cdpl.1.3917807/host_file', 2 lines
1757019831.930906: 3917807-7efe4b75f540: cdpl_compat_master.c:2931: in cdplInitMaster(): info: bcast dir is `/home/argershm/180-voltmeter/Analog/cc/synopsys_custom/pwdp_jobs/saeSession1_default.SimulationSimulation_cdpl.1.3917807/logs'
1757019831.930934: 3917807-7efe4b75f540: cdpl_server.c:6433: in cdpl_sv_ctl_master(): info: farm worker timeout set to 300
1757019831.930936: 3917807-7efe4b75f540: cdpl_server.c:6486: in cdpl_sv_ctl_master(): info: maximum number of task execution attempts set to 1
1757019831.930939: 3917807-7efe4b75f540: cdpl_server.c:3195: in cdpl_sv_start(): debug: starting server
1757019831.930941: 3917807-7efe4b75f540: cdpl_ipc.c:3632: in cdpl_ipc_start(): debug: starting IPC server 152.14.98.53:34735
1757019831.931091: 3917807-7efdf57fa700: cdpl_server_ipc.c:1182: in _sv_ipc_thread(): debug: ready
1757019831.931180: 3917807-7efdf4ff9700: cdpl_monitor.c:426: in cdpl_mn_init_client(): info: creating client monitor instance
1757019831.931195: 3917807-7efdf4ff9700: cdpl_ipc.c:3475: in cdpl_ipc_init(): info: requesting IPv4 protocol
1757019831.935435: 3917807-7efdf4ff9700: cdpl_ipc.c:837: in _selectaddrfamily(): info: selected IPv4 protocol
1757019831.935458: 3917807-7efdf4ff9700: cdpl_ipc.c:1139: in _set_keepalive(): info: TCP keep alive interval: 300
1757019831.938223: 3917807-7efdf4ff9700: cdpl_ipc.c:3632: in cdpl_ipc_start(): debug: starting IPC server 152.14.98.53:39287
1757019831.938371: 3917807-7efdf4ff9700: cdpl_monitor.c:471: in cdpl_mn_init_client(): debug: incoming messages in /tmp/cdpl-monitor-mc3tN0
1757019831.938439: 3917807-7efdf4ff9700: cdpl_monitor.c:533: in cdpl_mn_connect(): debug: connecting to 152.14.98.53:34735
1757019831.938442: 3917807-7efdf4ff9700: cdpl_ipc.c:3789: in cdpl_ipc_connect(): info: connecting to 152.14.98.53:34735
1757019831.938548: 3917807-7efdf4ff9700: cdpl_ipc.c:3860: in cdpl_ipc_connect(): info: connected as `152.14.98.53:59688'
1757019831.938553: 3917807-7efdf4ff9700: cdpl_ipc.c:2503: in cdpl_ipc_host_accept(): debug: accepted host `152.14.98.53:34735'
1757019831.938557: 3917807-7efdf4ff9700: cdpl_monitor.c:579: in cdpl_mn_connect(): debug: ok
1757019831.938568: 3917807-7efe4b75f540: cdpl_server.c:731: in cdpl_sv_new_job(): info: new job J1 in M1
1757019831.938576: 3917807-7efe4b75f540: cdpl_compat_master.c:1581: in _add_worker(): info: new worker type 10, min:1, max:3, cmd:`/home/argershm/180-voltmeter/Analog/cc/synopsys_custom/pwdp_jobs/saeSession1_default.SimulationSimulation_cdpl.1.3917807/START_WORKER pw_worker -i /home/argershm/180-voltmeter/Analog/cc/synopsys_custom/pwdp_jobs/saeS
1757019831.938578: 3917807-7efdf5ffb700: cdpl_ipc.c:1862: in _epoll_accept(): debug: new connection from `152.14.98.53:59688'
1757019831.938593: 3917807-7efe4b75f540: cdpl_server.c:908: in cdpl_sv_new_bin_withfarm(): info: new bin B1 in J1
1757019831.938634: 3917807-7efdf57fa700: cdpl_server_ipc.c:1225: in _sv_ipc_thread(): debug: received ACCEPT notification
1757019831.938645: 3917807-7efdf57fa700: cdpl_ipc.c:2503: in cdpl_ipc_host_accept(): debug: accepted host `152.14.98.53:59688'
1757019831.938657: 3917807-7efdf57fa700: cdpl_server_ipc.c:1256: in _sv_ipc_thread(): debug: received MONITOR message
1757019831.938799: 3917807-7efdf57fa700: cdpl_monitor.c:1207: in cdpl_mn_accept(): debug: accepted monitor `152.14.98.53:59688'
1757019831.938802: 3917807-7efdf57fa700: cdpl_server_ipc_mon.c:120: in _globalLOCK(): debug: ENTERTING GLOBAL LOCK
1757019831.938805: 3917807-7efdf57fa700: cdpl_server_ipc_mon.c:164: in _globalLOCK(): debug: global lock acquired
1757019831.938817: 3917807-7efdd27fc700: cdpl_monitor.c:910: in mn_systat(): debug: started
1757019831.939068: 3917807-7efdd27fc700: cdpl_monitor.c:937: in mn_systat(): debug: monitor server flush rate: 5
1757019832.736744: 3917807-7efdf57fa700: cdpl_server_ipc_mon.c:210: in _globalUNLOCK(): debug: LEAVING GLOBAL LOCK
1757019832.736768: 3917807-7efe4b75f540: cdpl_server.c:3249: in cdpl_sv_start_job(): info: starting job J1
1757019832.736793: 3917807-7efe4b75f540: cdpl_server.c:62: in _sv_start_bin(): debug: starting bin B1 (min: 0, max: 3)
1757019832.736986: 3917807-7efdd0ff9700: cdpl_server_sched.c:2482: in _sv_scheduler_thread(): debug: scheduler for bin B1 started
1757019832.737003: 3917807-7efe4b75f540: cdpl_server.c:1893: in _sv_gen_task(): info: new task T0 in B1 (prio 0)
1757019832.737014: 3917807-7efe4b75f540: cdpl_server.c:2698: in cdpl_sv_label_task_va(): info: setting task T0 label to "PrimeSim_2|PrimeSim"
1757019832.737024: 3917807-7efdd0ff9700: cdpl_server_sched.c:2443: in _scheduler_run(): debug: will start a new worker
1757019832.737055: 3917807-7efdd0ff9700: cdpl_farm.c:3977: in cdpl_farm_submit(): debug: 1 running processes
1757019832.737058: 3917807-7efdd0ff9700: cdpl_farm.c:3985: in cdpl_farm_submit(): debug: new command C1 in bin B1 assigned to host `localhost'
1757019832.737208: 3917807-7efdd0ff9700: cdpl_server_sched.c:705: in _sv_launch_worker(): info: started worker W1 (as C1) in bin B1
1757019832.737224: 3917807-7efdaffff700: cdpl_farm.c:2139: in _schedule(): debug: started
1757019832.737237: 3917807-7efdaffff700: cdpl_farm.c:2303: in _schedule(): debug: submitting command C1 in bin B1
1757019832.737241: 3917807-7efdaffff700: cdpl_sh.c:49: in _sh_detached_submit(): info: SH : /home/argershm/180-voltmeter/Analog/cc/synopsys_custom/pwdp_jobs/saeSession1_default.SimulationSimulation_cdpl.1.3917807/START_WORKER pw_worker -i /home/argershm/180-voltmeter/Analog/cc/synopsys_custom/pwdp_jobs/saeSession1_default.SimulationSimulation_cdpl.1.3917807 -t 10000
1757019832.744292: 3917807-7efdaffff700: cdpl_farm.c:2343: in _schedule(): debug: C1 in bin B1 running on slot 0
1757019832.744317: 3917807-7efdaffff700: cdpl_farm.c:2167: in _schedule(): debug: idle
1757019832.756667: 3917807-7efe4b75f540: cdpl_compat_master.c:5948: in cdplMasterLogInfo(): info: [non-CDPL log entry] PWDP3: reset pilot cache succeeded, pilot_key=saeSession1,1,default|&/home/argershm/180-voltmeter/Analog/cc/simulation/gmid,gmid_nfet_3v3,schematic/history_1/simulation/default/PrimeSimSPICE/nominal/results
1757019833.044391: 3917807-7efdaffff700: cdpl_farm.c:1193: in _onexit(): debug: C1 in bin B1 exited normally on slot 0
1757019833.857642: 3917807-7efdd1ffb700: cdpl_compat_master.c:5948: in cdplMasterLogInfo(): info: [non-CDPL log entry] PWDP - no-workers started ok check start!
1757019834.508718: 3917807-7efdf5ffb700: cdpl_ipc.c:1862: in _epoll_accept(): debug: new connection from `152.14.98.53:59692'
1757019834.508768: 3917807-7efdf57fa700: cdpl_server_ipc.c:1225: in _sv_ipc_thread(): debug: received ACCEPT notification
1757019834.508783: 3917807-7efdf57fa700: cdpl_ipc.c:2503: in cdpl_ipc_host_accept(): debug: accepted host `152.14.98.53:59692'
1757019834.508879: 3917807-7efdf57fa700: cdpl_server_ipc.c:1246: in _sv_ipc_thread(): debug: received HELLO message
1757019834.508884: 3917807-7efdf57fa700: cdpl_server_ipc.c:430: in _sv_on_hello(): debug: looking up W1
1757019834.508888: 3917807-7efdf57fa700: cdpl_server_ipc.c:540: in _sv_on_hello(): info: W1 is `152.14.98.53:59692'
1757019834.508890: 3917807-7efdf57fa700: cdpl_server_ipc.c:541: in _sv_on_hello(): debug: hello W1 (B1)
1757019834.508891: 3917807-7efdf57fa700: cdpl_server_ipc.c:542: in _sv_on_hello(): info: W1 log file is /dev/null
1757019834.508905: 3917807-7efdf57fa700: cdpl_server_ipc.c:602: in _sv_on_hello(): info: up to 1 alive workers in B1
1757019834.508910: 3917807-7efdf57fa700: cdpl_farm.c:878: in _release_cmd(): debug: freeing command C1 in bin B1
1757019834.508926: 3917807-7efdd0ff9700: cdpl_server_sched.c:960: in _assign(): info: assigning task T0 to worker W1
1757019834.572826: 3917807-7efdf57fa700: cdpl_server_ipc.c:1268: in _sv_ipc_thread(): debug: received RELAY message
1757019834.572835: 3917807-7efdf57fa700: cdpl_server_ipc.c:713: in _sv_on_relay(): debug: RELAY message from W1, size = 65
1757019834.572838: 3917807-7efdf57fa700: cdpl_server_ipc.c:715: in _sv_on_relay(): debug: RELAY message from W1, content = 0$3922696 claws-compute3.ece.ncsu.edu 3922712 RUNNING 1757019834
1757019835.509114: 3917807-7efdf57fa700: cdpl_server_ipc.c:312: in _sv_on_heartbeat(): debug: received HEARTBEAT from worker W1 at 152.14.98.53:59692
1757019836.939735: 3917807-7efdf4ff9700: cdpl_monitor.c:533: in cdpl_mn_connect(): debug: connecting to 152.14.98.53:41357
1757019836.939746: 3917807-7efdf4ff9700: cdpl_ipc.c:3789: in cdpl_ipc_connect(): info: connecting to 152.14.98.53:41357
1757019836.939888: 3917807-7efdf4ff9700: cdpl_ipc.c:3860: in cdpl_ipc_connect(): info: connected as `152.14.98.53:43716'
1757019836.939895: 3917807-7efdf4ff9700: cdpl_ipc.c:2503: in cdpl_ipc_host_accept(): debug: accepted host `152.14.98.53:41357'
1757019836.939900: 3917807-7efdf4ff9700: cdpl_monitor.c:579: in cdpl_mn_connect(): debug: ok
1757019841.126441: 3917807-7efdf57fa700: cdpl_server_ipc.c:1268: in _sv_ipc_thread(): debug: received RELAY message
1757019841.126459: 3917807-7efdf57fa700: cdpl_server_ipc.c:713: in _sv_on_relay(): debug: RELAY message from W1, size = 50
1757019841.126461: 3917807-7efdf57fa700: cdpl_server_ipc.c:715: in _sv_on_relay(): debug: RELAY message from W1, content = WORKERDU|72,/dev/mapper/rhel_claws--compute3-home
1757019841.126467: 3917807-7efdf57fa700: cdpl_server_ipc.c:1268: in _sv_ipc_thread(): debug: received RELAY message
1757019841.126469: 3917807-7efdf57fa700: cdpl_server_ipc.c:713: in _sv_on_relay(): debug: RELAY message from W1, size = 173
1757019841.126471: 3917807-7efdf57fa700: cdpl_server_ipc.c:715: in _sv_on_relay(): debug: RELAY message from W1, content = REQPILOT|saeSession1,1,default|&/home/argershm/180-voltmeter/Analog/cc/simulation/gmid,gmid_nfet_3v3,schematic/history_1/simulation/default/PrimeSimSPICE/nominal/results|&0
1757019841.126534: 3917807-7efdd2ffd700: cdpl_compat_master.c:5948: in cdplMasterLogInfo(): info: [non-CDPL log entry] PWDP send back 'DOPILOT' to worker id:1 key: saeSession1,1,default|&/home/argershm/180-voltmeter/Analog/cc/simulation/gmid,gmid_nfet_3v3,schematic/history_1/simulation/default/PrimeSimSPICE/nominal/results
1757019841.126651: 3917807-7efdd2ffd700: cdpl_compat_master.c:5948: in cdplMasterLogInfo(): info: [non-CDPL log entry] PWDP: set pilot doing!
1757019841.129733: 3917807-7efdf57fa700: cdpl_server_ipc.c:1268: in _sv_ipc_thread(): debug: received RELAY message
1757019841.129743: 3917807-7efdf57fa700: cdpl_server_ipc.c:713: in _sv_on_relay(): debug: RELAY message from W1, size = 169
1757019841.129746: 3917807-7efdf57fa700: cdpl_server_ipc.c:715: in _sv_on_relay(): debug: RELAY message from W1, content = PILOTOK|saeSession1,1,default|&/home/argershm/180-voltmeter/Analog/cc/simulation/gmid,gmid_nfet_3v3,schematic/history_1/simulation/default/PrimeSimSPICE/nominal/results
1757019841.129765: 3917807-7efdd2ffd700: cdpl_compat_master.c:5948: in cdplMasterLogInfo(): info: [non-CDPL log entry] PWDP: set pilot done!
1757019841.129829: 3917807-7efdf57fa700: cdpl_server_ipc.c:1268: in _sv_ipc_thread(): debug: received RELAY message
1757019841.129834: 3917807-7efdf57fa700: cdpl_server_ipc.c:713: in _sv_on_relay(): debug: RELAY message from W1, size = 18
1757019841.129836: 3917807-7efdf57fa700: cdpl_server_ipc.c:715: in _sv_on_relay(): debug: RELAY message from W1, content = 0$- - - MEASDOING
1757019848.053504: 3917807-7efdf57fa700: cdpl_server_ipc.c:1268: in _sv_ipc_thread(): debug: received RELAY message
1757019848.053517: 3917807-7efdf57fa700: cdpl_server_ipc.c:713: in _sv_on_relay(): debug: RELAY message from W1, size = 77
1757019848.053520: 3917807-7efdf57fa700: cdpl_server_ipc.c:715: in _sv_on_relay(): debug: RELAY message from W1, content = 0$3922696 claws-compute3.ece.ncsu.edu 3922712 FINISHED 1757019834|1757019848
1757019848.055163: 3917807-7efdf57fa700: cdpl_server_ipc.c:1268: in _sv_ipc_thread(): debug: received RELAY message
1757019848.055170: 3917807-7efdf57fa700: cdpl_server_ipc.c:713: in _sv_on_relay(): debug: RELAY message from W1, size = 171
1757019848.055173: 3917807-7efdf57fa700: cdpl_server_ipc.c:715: in _sv_on_relay(): debug: RELAY message from W1, content = PILOTDONE|saeSession1,1,default|&/home/argershm/180-voltmeter/Analog/cc/simulation/gmid,gmid_nfet_3v3,schematic/history_1/simulation/default/PrimeSimSPICE/nominal/results
1757019848.055196: 3917807-7efdd2ffd700: cdpl_compat_master.c:5948: in cdplMasterLogInfo(): info: [non-CDPL log entry] saeSession1,1,default|&/home/argershm/180-voltmeter/Analog/cc/simulation/gmid,gmid_nfet_3v3,schematic/history_1/simulation/default/PrimeSimSPICE/nominal/results PILOTDONE!
1757019848.055484: 3917807-7efdf57fa700: cdpl_server_ipc.c:1251: in _sv_ipc_thread(): debug: received FINISH message
1757019848.055491: 3917807-7efdf57fa700: cdpl_server_ipc.c:983: in _sv_on_finish(): info: worker W1 completed task T0
1757019848.055494: 3917807-7efdf57fa700: cdpl_server_ipc.c:988: in _sv_on_finish(): debug: stat T0: utime=3910 stime=2082
1757019848.055497: 3917807-7efdf57fa700: cdpl_server_ipc.c:993: in _sv_on_finish(): debug: statm T0: vsize=3054756 rss=1037828 shared=518932 text=474784 data=709784
1757019848.060639: 3917807-7efdf57fa700: cdpl_server_ipc.c:1268: in _sv_ipc_thread(): debug: received RELAY message
1757019848.060644: 3917807-7efdf57fa700: cdpl_server_ipc.c:713: in _sv_on_relay(): debug: RELAY message from W1, size = 50
1757019848.060646: 3917807-7efdf57fa700: cdpl_server_ipc.c:715: in _sv_on_relay(): debug: RELAY message from W1, content = WORKERDU|56,/dev/mapper/rhel_claws--compute3-home
1757019848.071898: 3917807-7efe4b75f540: cdpl_server.c:227: in _sv_free_task_safe(): debug: freeing task T0
1757019849.059431: 3917807-7efe4b75f540: cdpl_server.c:3008: in cdpl_sv_halt_job_errno(): info: killing job J1
1757019849.059450: 3917807-7efe4b75f540: cdpl_server.c:3044: in cdpl_sv_halt_job_errno(): debug: signal bin B1 scheduler to stop
1757019849.059475: 3917807-7efdd0ff9700: cdpl_server_sched.c:2484: in _sv_scheduler_thread(): debug: scheduler for bin B1 stopped
1757019849.059516: 3917807-7efdd0ff9700: cdpl_ipc.c:1657: in _host_drop__UNSAFE(): debug: dropping host `152.14.98.53:59692'
1757019849.059573: 3917807-7efdd0ff9700: cdpl_server_sched.c:2830: in _sv_drop_worker(): info: down to 0 alive workers in B1
1757019849.059577: 3917807-7efdd0ff9700: cdpl_farm.c:4152: in cdpl_farm_dismiss(): debug: down to 0 running processes
1757019849.059580: 3917807-7efdf57fa700: cdpl_server_ipc.c:1236: in _sv_ipc_thread(): debug: received DROP notification
1757019849.059595: 3917807-7efdd0ff9700: cdpl_server_sched.c:121: in _free_worker_2(): debug: freeing worker W1
1757019849.059598: 3917807-7efdd0ff9700: cdpl_ipc.c:2513: in cdpl_ipc_host_release(): debug: releasing host `152.14.98.53:59692'
1757019849.059600: 3917807-7efdd0ff9700: cdpl_ipc.c:2529: in cdpl_ipc_host_release(): debug: scheduling for immediate release
1757019849.059628: 3917807-7efe4b75f540: cdpl_server.c:294: in _sv_free_job(): info: freeing job J1
1757019849.059635: 3917807-7efe4b75f540: cdpl_server.c:92: in _sv_free_bin(): debug: freeing bin B1
1757019849.059671: 3917807-7efe4b75f540: cdpl_monitor.c:515: in cdpl_mn_kill(): info: killing monitor
1757019849.059678: 3917807-7efe4b75f540: cdpl_ipc.c:3677: in cdpl_ipc_kill(): debug: stopping event server
1757019849.059696: 3917807-7efdd3fff700: cdpl_ipc.c:2460: in _epoll_main(): debug: server going down...
1757019849.059722: 3917807-7efdf5ffb700: cdpl_ipc.c:775: in _readv(): warning: read(): EOF
1757019849.059730: 3917807-7efdf5ffb700: cdpl_ipc.c:2100: in _epoll_recv(): debug: _readv(): Broken pipe
1757019849.059733: 3917807-7efdf5ffb700: cdpl_ipc.c:2424: in _epoll_main(): debug: _epoll_recv(): Broken pipe
1757019849.059738: 3917807-7efdf5ffb700: cdpl_ipc.c:1657: in _host_drop__UNSAFE(): debug: dropping host `152.14.98.53:59688'
1757019849.059776: 3917807-7efdf5ffb700: cdpl_ipc.c:1582: in _host_free__UNSAFE(): debug: freeing host `152.14.98.53:59692'
1757019849.059779: 3917807-7efdf5ffb700: cdpl_ipc.c:1621: in _host_free__UNSAFE(): debug: [0 outq, 0 spR, 0 spW]
1757019849.059799: 3917807-7efdf57fa700: cdpl_server_ipc.c:1236: in _sv_ipc_thread(): debug: received DROP notification
1757019849.059822: 3917807-7efdf57fa700: cdpl_monitor.c:1269: in cdpl_mn_drop(): debug: detaching from monitor `152.14.98.53:59688'
1757019849.059827: 3917807-7efdf57fa700: cdpl_monitor.c:1101: in mn_systat_stop(): debug: joining systat thread
1757019849.059884: 3917807-7efdd27fc700: cdpl_monitor.c:1079: in mn_systat(): debug: exiting
1757019849.059900: 3917807-7efdf57fa700: cdpl_monitor.c:1103: in mn_systat_stop(): debug: systat thread done
1757019849.059905: 3917807-7efdf57fa700: cdpl_ipc.c:2513: in cdpl_ipc_host_release(): debug: releasing host `152.14.98.53:59688'
1757019849.059946: 3917807-7efdf4ff9700: cdpl_ipc.c:3728: in cdpl_ipc_free(): debug: releasing IPC handle
1757019849.059956: 3917807-7efdf4ff9700: cdpl_ipc.c:1582: in _host_free__UNSAFE(): debug: freeing host `152.14.98.53:41357'
1757019849.059959: 3917807-7efdf4ff9700: cdpl_ipc.c:1621: in _host_free__UNSAFE(): debug: [0 outq, 0 spR, 0 spW]
1757019849.059974: 3917807-7efdf4ff9700: cdpl_ipc.c:1582: in _host_free__UNSAFE(): debug: freeing host `152.14.98.53:34735'
1757019849.059976: 3917807-7efdf4ff9700: cdpl_ipc.c:1621: in _host_free__UNSAFE(): debug: [0 outq, 0 spR, 0 spW]
1757019849.059986: 3917807-7efdf4ff9700: cdpl_ipc.c:3756: in cdpl_ipc_free(): warning: 2 host(s) were not released
1757019849.060002: 3917807-7efdf4ff9700: cdpl_ipc.c:3767: in cdpl_ipc_free(): debug: done
1757019849.060004: 3917807-7efdf4ff9700: cdpl_monitor.c:1390: in cdpl_mn_free(): debug: freeing monitor client
1757019849.060105: 3917807-7efe4b75f540: cdpl_farm.c:2740: in cdpl_farm_free(): info: freeing farm
1757019849.060131: 3917807-7efdaffff700: cdpl_farm.c:2231: in _schedule(): debug: end of idling
1757019849.060137: 3917807-7efdaffff700: cdpl_farm.c:2235: in _schedule(): debug: dying
1757019849.060230: 3917807-7efe4b75f540: cdpl_farm.c:913: in _killall(): debug: killing all remaining commands
1757019849.060246: 3917807-7efe4b75f540: cdpl_server.c:3144: in cdpl_sv_free(): info: freeing server S400698542
1757019849.060261: 3917807-7efe4b75f540: cdpl_server.c:3109: in cdpl_sv_kill_errno(): info: killing server
1757019849.060263: 3917807-7efe4b75f540: cdpl_ipc.c:3677: in cdpl_ipc_kill(): debug: stopping event server
1757019849.060274: 3917807-7efdf5ffb700: cdpl_ipc.c:2460: in _epoll_main(): debug: server going down...
1757019849.060286: 3917807-7efdf57fa700: cdpl_server_ipc.c:1200: in _sv_ipc_thread(): debug: leaving now
1757019849.060295: 3917807-7efe4b75f540: cdpl_server.c:334: in _sv_free_master(): info: freeing master M1
1757019849.060301: 3917807-7efe4b75f540: cdpl_hash.c:68: in cdpl_h_destroy(): debug: put operations: 1
1757019849.060303: 3917807-7efe4b75f540: cdpl_hash.c:69: in cdpl_h_destroy(): debug: put collisions: 0
1757019849.060305: 3917807-7efe4b75f540: cdpl_hash.c:70: in cdpl_h_destroy(): debug: get operations: 1
1757019849.060306: 3917807-7efe4b75f540: cdpl_hash.c:71: in cdpl_h_destroy(): debug: get iterations: 1
1757019849.060313: 3917807-7efe4b75f540: cdpl_monitor.c:1390: in cdpl_mn_free(): debug: freeing monitor server
1757019849.060320: 3917807-7efe4b75f540: cdpl_ipc.c:3728: in cdpl_ipc_free(): debug: releasing IPC handle
1757019849.060322: 3917807-7efe4b75f540: cdpl_ipc.c:1582: in _host_free__UNSAFE(): debug: freeing host `152.14.98.53:59688'
1757019849.060323: 3917807-7efe4b75f540: cdpl_ipc.c:1621: in _host_free__UNSAFE(): debug: [0 outq, 0 spR, 0 spW]
1757019849.060337: 3917807-7efe4b75f540: cdpl_ipc.c:3767: in cdpl_ipc_free(): debug: done
1757019849.060343: 3917807-7efe4b75f540: cdpl_log.c:481: in cdpl_log_close(): info: @@end_of_log@@
