1757194345.806282: 2646871-7fc7bde14540: cdpl_log.c:337: in cdpl_log_open(): info: @@start_of_log@@
1757194345.806293: 2646871-7fc7bde14540: cdpl_log.c:1058: in cdpl_log_dump_sysinfo(): info: time: 2025/09/06 17:32:25 EDT -0400
1757194345.806295: 2646871-7fc7bde14540: cdpl_log.c:1060: in cdpl_log_dump_sysinfo(): info: version: W-2024.09-SP1-2 
1757194345.806297: 2646871-7fc7bde14540: cdpl_log.c:1062: in cdpl_log_dump_sysinfo(): info: system: Linux 4.18.0-553.69.1.el8_10.x86_64 #1 SMP Thu Aug 7 18:10:00 EDT 2025
1757194345.806298: 2646871-7fc7bde14540: cdpl_log.c:1067: in cdpl_log_dump_sysinfo(): info: processor: x86_64 64-bits
1757194345.806300: 2646871-7fc7bde14540: cdpl_log.c:1071: in cdpl_log_dump_sysinfo(): info: hostname: claws-compute3.ece.ncsu.edu
1757194345.806301: 2646871-7fc7bde14540: cdpl_log.c:1073: in cdpl_log_dump_sysinfo(): info: program name: custom_shell
1757194345.806304: 2646871-7fc7bde14540: cdpl_log.c:340: in cdpl_log_open(): debug: path: /home/argershm/180-voltmeter/Analog/cc/synopsys_custom/pwdp_jobs/saeSession4_diffmodegain.SimulationSimulation_cdpl.2.2646871/logs/master.claws-compute3.ece.ncsu.edu.2646871.log
1757194345.806305: 2646871-7fc7bde14540: cdpl_log.c:341: in cdpl_log_open(): debug: dir: /home/argershm/180-voltmeter/Analog/cc/synopsys_custom/pwdp_jobs/saeSession4_diffmodegain.SimulationSimulation_cdpl.2.2646871/logs
1757194345.806309: 2646871-7fc7bde14540: cdpl_server.c:536: in cdpl_sv_init(): info: new server S1096043535
1757194345.806312: 2646871-7fc7bde14540: cdpl_ipc.c:3475: in cdpl_ipc_init(): info: requesting IPv4 protocol
1757194345.810575: 2646871-7fc7bde14540: cdpl_ipc.c:837: in _selectaddrfamily(): info: selected IPv4 protocol
1757194345.810592: 2646871-7fc7bde14540: cdpl_ipc.c:1139: in _set_keepalive(): info: TCP keep alive interval: 300
1757194345.813730: 2646871-7fc7bde14540: cdpl_monitor.c:1117: in cdpl_mn_new_server(): info: creating server monitor instance
1757194345.813735: 2646871-7fc7bde14540: cdpl_server.c:650: in cdpl_sv_new_master(): info: new master M1
1757194345.813740: 2646871-7fc7bde14540: cdpl_server.c:6533: in cdpl_sv_ctl_master(): info: Setting worker heartbeat to 120 seconds
1757194345.813741: 2646871-7fc7bde14540: cdpl_server.c:6542: in cdpl_sv_ctl_master(): info: Setting worker heartbeat timeout to 3 heartbeats
1757194345.813743: 2646871-7fc7bde14540: cdpl_compat_master.c:2090: in _parse_hostfile(): info: reading hostfile `/home/argershm/180-voltmeter/Analog/cc/synopsys_custom/pwdp_jobs/saeSession4_diffmodegain.SimulationSimulation_cdpl.2.2646871/host_file'
1757194345.813752: 2646871-7fc7bde14540: cdpl_compat_master.c:1900: in _hostfile_parser(): debug: parsing "1     |localhost|   -1  | /tmp | SH | sh"
1757194345.813756: 2646871-7fc7bde14540: cdpl_farm.c:2578: in cdpl_farm_new_sh(): info: creating SH farm on localhost
1757194345.813759: 2646871-7fc7bde14540: cdpl_compat_master.c:206: in _set_farm_env(): info: exporting CDPL_LOGDIR as `/home/argershm/180-voltmeter/Analog/cc/synopsys_custom/pwdp_jobs/saeSession4_diffmodegain.SimulationSimulation_cdpl.2.2646871/logs'
1757194345.813761: 2646871-7fc7bde14540: cdpl_compat_master.c:212: in _set_farm_env(): info: exporting CDPL_TMPDIR as `/tmp'
1757194345.813763: 2646871-7fc7bde14540: cdpl_compat_master.c:235: in _set_farm_env(): info: exporting SNPSLMD_LICENSE_FILE as `27000@ece-lic-35.ece.ncsu.edu'
1757194345.813765: 2646871-7fc7bde14540: cdpl_compat_master.c:259: in _set_farm_env(): info: exporting CDPL_OPTIONS as `[nowlogs]'
1757194345.813767: 2646871-7fc7bde14540: cdpl_compat_master.c:266: in _set_farm_env(): info: exporting DISPLAY as `unix:16933'
1757194345.813768: 2646871-7fc7bde14540: cdpl_compat_master.c:274: in _set_farm_env(): info: exporting CDPL_HEARTBEAT as `120'
1757194345.813771: 2646871-7fc7bde14540: cdpl_farm.c:3149: in cdpl_farm_add_withdir(): debug: added `localhost' (capacity: unlimited)
1757194345.813773: 2646871-7fc7bde14540: cdpl_compat_parse.c:147: in parsefile(): debug: read `/home/argershm/180-voltmeter/Analog/cc/synopsys_custom/pwdp_jobs/saeSession4_diffmodegain.SimulationSimulation_cdpl.2.2646871/host_file', 2 lines
1757194345.813779: 2646871-7fc7bde14540: cdpl_compat_master.c:2931: in cdplInitMaster(): info: bcast dir is `/home/argershm/180-voltmeter/Analog/cc/synopsys_custom/pwdp_jobs/saeSession4_diffmodegain.SimulationSimulation_cdpl.2.2646871/logs'
1757194345.813808: 2646871-7fc7bde14540: cdpl_server.c:6433: in cdpl_sv_ctl_master(): info: farm worker timeout set to 300
1757194345.813810: 2646871-7fc7bde14540: cdpl_server.c:6486: in cdpl_sv_ctl_master(): info: maximum number of task execution attempts set to 1
1757194345.813814: 2646871-7fc7bde14540: cdpl_server.c:3195: in cdpl_sv_start(): debug: starting server
1757194345.813815: 2646871-7fc7bde14540: cdpl_ipc.c:3632: in cdpl_ipc_start(): debug: starting IPC server 152.14.98.53:40147
1757194345.813957: 2646871-7fc7357fa700: cdpl_server_ipc.c:1182: in _sv_ipc_thread(): debug: ready
1757194345.814042: 2646871-7fc734ff9700: cdpl_monitor.c:426: in cdpl_mn_init_client(): info: creating client monitor instance
1757194345.814057: 2646871-7fc734ff9700: cdpl_ipc.c:3475: in cdpl_ipc_init(): info: requesting IPv4 protocol
1757194345.819591: 2646871-7fc734ff9700: cdpl_ipc.c:837: in _selectaddrfamily(): info: selected IPv4 protocol
1757194345.819612: 2646871-7fc734ff9700: cdpl_ipc.c:1139: in _set_keepalive(): info: TCP keep alive interval: 300
1757194345.822360: 2646871-7fc734ff9700: cdpl_ipc.c:3632: in cdpl_ipc_start(): debug: starting IPC server 152.14.98.53:35525
1757194345.822520: 2646871-7fc734ff9700: cdpl_monitor.c:471: in cdpl_mn_init_client(): debug: incoming messages in /tmp/cdpl-monitor-TbAO0K
1757194345.822590: 2646871-7fc734ff9700: cdpl_monitor.c:533: in cdpl_mn_connect(): debug: connecting to 152.14.98.53:40147
1757194345.822593: 2646871-7fc734ff9700: cdpl_ipc.c:3789: in cdpl_ipc_connect(): info: connecting to 152.14.98.53:40147
1757194345.822692: 2646871-7fc734ff9700: cdpl_ipc.c:3860: in cdpl_ipc_connect(): info: connected as `152.14.98.53:51376'
1757194345.822696: 2646871-7fc734ff9700: cdpl_ipc.c:2503: in cdpl_ipc_host_accept(): debug: accepted host `152.14.98.53:40147'
1757194345.822701: 2646871-7fc734ff9700: cdpl_monitor.c:579: in cdpl_mn_connect(): debug: ok
1757194345.822710: 2646871-7fc7bde14540: cdpl_server.c:731: in cdpl_sv_new_job(): info: new job J1 in M1
1757194345.822718: 2646871-7fc7bde14540: cdpl_compat_master.c:1581: in _add_worker(): info: new worker type 10, min:1, max:3, cmd:`/home/argershm/180-voltmeter/Analog/cc/synopsys_custom/pwdp_jobs/saeSession4_diffmodegain.SimulationSimulation_cdpl.2.2646871/START_WORKER pw_worker -i /home/argershm/180-voltmeter/Analog/cc/synopsys_custom/pwdp_jobs
1757194345.822721: 2646871-7fc7bde14540: cdpl_server.c:908: in cdpl_sv_new_bin_withfarm(): info: new bin B1 in J1
1757194345.822723: 2646871-7fc735ffb700: cdpl_ipc.c:1862: in _epoll_accept(): debug: new connection from `152.14.98.53:51376'
1757194345.822806: 2646871-7fc7357fa700: cdpl_server_ipc.c:1225: in _sv_ipc_thread(): debug: received ACCEPT notification
1757194345.822818: 2646871-7fc7357fa700: cdpl_ipc.c:2503: in cdpl_ipc_host_accept(): debug: accepted host `152.14.98.53:51376'
1757194345.822830: 2646871-7fc7357fa700: cdpl_server_ipc.c:1256: in _sv_ipc_thread(): debug: received MONITOR message
1757194345.822992: 2646871-7fc7357fa700: cdpl_monitor.c:1207: in cdpl_mn_accept(): debug: accepted monitor `152.14.98.53:51376'
1757194345.822998: 2646871-7fc7357fa700: cdpl_server_ipc_mon.c:120: in _globalLOCK(): debug: ENTERTING GLOBAL LOCK
1757194345.823001: 2646871-7fc7357fa700: cdpl_server_ipc_mon.c:164: in _globalLOCK(): debug: global lock acquired
1757194345.823009: 2646871-7fc70dffb700: cdpl_monitor.c:910: in mn_systat(): debug: started
1757194345.823247: 2646871-7fc70dffb700: cdpl_monitor.c:937: in mn_systat(): debug: monitor server flush rate: 5
1757194346.617369: 2646871-7fc7357fa700: cdpl_server_ipc_mon.c:210: in _globalUNLOCK(): debug: LEAVING GLOBAL LOCK
1757194346.617391: 2646871-7fc7bde14540: cdpl_server.c:3249: in cdpl_sv_start_job(): info: starting job J1
1757194346.617408: 2646871-7fc7bde14540: cdpl_server.c:62: in _sv_start_bin(): debug: starting bin B1 (min: 0, max: 3)
1757194346.617509: 2646871-7fc7bde14540: cdpl_server.c:1893: in _sv_gen_task(): info: new task T0 in B1 (prio 0)
1757194346.617515: 2646871-7fc7bde14540: cdpl_server.c:2698: in cdpl_sv_label_task_va(): info: setting task T0 label to "PrimeSim_3|PrimeSim"
1757194346.617628: 2646871-7fc70cff9700: cdpl_server_sched.c:2482: in _sv_scheduler_thread(): debug: scheduler for bin B1 started
1757194346.617643: 2646871-7fc70cff9700: cdpl_server_sched.c:2443: in _scheduler_run(): debug: will start a new worker
1757194346.617666: 2646871-7fc70cff9700: cdpl_farm.c:3977: in cdpl_farm_submit(): debug: 1 running processes
1757194346.617669: 2646871-7fc70cff9700: cdpl_farm.c:3985: in cdpl_farm_submit(): debug: new command C1 in bin B1 assigned to host `localhost'
1757194346.617776: 2646871-7fc70cff9700: cdpl_server_sched.c:705: in _sv_launch_worker(): info: started worker W1 (as C1) in bin B1
1757194346.617803: 2646871-7fc6effff700: cdpl_farm.c:2139: in _schedule(): debug: started
1757194346.617818: 2646871-7fc6effff700: cdpl_farm.c:2303: in _schedule(): debug: submitting command C1 in bin B1
1757194346.617822: 2646871-7fc6effff700: cdpl_sh.c:49: in _sh_detached_submit(): info: SH : /home/argershm/180-voltmeter/Analog/cc/synopsys_custom/pwdp_jobs/saeSession4_diffmodegain.SimulationSimulation_cdpl.2.2646871/START_WORKER pw_worker -i /home/argershm/180-voltmeter/Analog/cc/synopsys_custom/pwdp_jobs/saeSession4_diffmodegain.SimulationSimulation_cdpl.2.2646871 -t 10000
1757194346.624434: 2646871-7fc6effff700: cdpl_farm.c:2343: in _schedule(): debug: C1 in bin B1 running on slot 0
1757194346.624459: 2646871-7fc6effff700: cdpl_farm.c:2167: in _schedule(): debug: idle
1757194346.655256: 2646871-7fc7bde14540: cdpl_compat_master.c:5948: in cdplMasterLogInfo(): info: [non-CDPL log entry] PWDP3: reset pilot cache succeeded, pilot_key=saeSession4,1,diff_mode_gain|&/home/argershm/180-voltmeter/Analog/cc/simulation/integrator,tb_main_opamp,schematic/history_1/simulation/diff_mode_gain/PrimeSimSPICE/nominal/results
1757194346.924525: 2646871-7fc6effff700: cdpl_farm.c:1193: in _onexit(): debug: C1 in bin B1 exited normally on slot 0
1757194346.931613: 2646871-7fc70e7fc700: cdpl_compat_master.c:5948: in cdplMasterLogInfo(): info: [non-CDPL log entry] PWDP - no-workers started ok check start!
1757194348.437446: 2646871-7fc735ffb700: cdpl_ipc.c:1862: in _epoll_accept(): debug: new connection from `152.14.98.53:54278'
1757194348.437492: 2646871-7fc7357fa700: cdpl_server_ipc.c:1225: in _sv_ipc_thread(): debug: received ACCEPT notification
1757194348.437510: 2646871-7fc7357fa700: cdpl_ipc.c:2503: in cdpl_ipc_host_accept(): debug: accepted host `152.14.98.53:54278'
1757194348.437562: 2646871-7fc7357fa700: cdpl_server_ipc.c:1246: in _sv_ipc_thread(): debug: received HELLO message
1757194348.437564: 2646871-7fc7357fa700: cdpl_server_ipc.c:430: in _sv_on_hello(): debug: looking up W1
1757194348.437568: 2646871-7fc7357fa700: cdpl_server_ipc.c:540: in _sv_on_hello(): info: W1 is `152.14.98.53:54278'
1757194348.437569: 2646871-7fc7357fa700: cdpl_server_ipc.c:541: in _sv_on_hello(): debug: hello W1 (B1)
1757194348.437571: 2646871-7fc7357fa700: cdpl_server_ipc.c:542: in _sv_on_hello(): info: W1 log file is /dev/null
1757194348.437584: 2646871-7fc7357fa700: cdpl_server_ipc.c:602: in _sv_on_hello(): info: up to 1 alive workers in B1
1757194348.437589: 2646871-7fc7357fa700: cdpl_farm.c:878: in _release_cmd(): debug: freeing command C1 in bin B1
1757194348.437612: 2646871-7fc70cff9700: cdpl_server_sched.c:960: in _assign(): info: assigning task T0 to worker W1
1757194348.501759: 2646871-7fc7357fa700: cdpl_server_ipc.c:1268: in _sv_ipc_thread(): debug: received RELAY message
1757194348.501768: 2646871-7fc7357fa700: cdpl_server_ipc.c:713: in _sv_on_relay(): debug: RELAY message from W1, size = 65
1757194348.501770: 2646871-7fc7357fa700: cdpl_server_ipc.c:715: in _sv_on_relay(): debug: RELAY message from W1, content = 0$2666832 claws-compute3.ece.ncsu.edu 2666848 RUNNING 1757194348
1757194349.437793: 2646871-7fc7357fa700: cdpl_server_ipc.c:312: in _sv_on_heartbeat(): debug: received HEARTBEAT from worker W1 at 152.14.98.53:54278
1757194350.823881: 2646871-7fc734ff9700: cdpl_monitor.c:533: in cdpl_mn_connect(): debug: connecting to 152.14.98.53:35557
1757194350.823896: 2646871-7fc734ff9700: cdpl_ipc.c:3789: in cdpl_ipc_connect(): info: connecting to 152.14.98.53:35557
1757194350.824051: 2646871-7fc734ff9700: cdpl_ipc.c:3860: in cdpl_ipc_connect(): info: connected as `152.14.98.53:58594'
1757194350.824060: 2646871-7fc734ff9700: cdpl_ipc.c:2503: in cdpl_ipc_host_accept(): debug: accepted host `152.14.98.53:35557'
1757194350.824065: 2646871-7fc734ff9700: cdpl_monitor.c:579: in cdpl_mn_connect(): debug: ok
1757194354.604630: 2646871-7fc7357fa700: cdpl_server_ipc.c:1268: in _sv_ipc_thread(): debug: received RELAY message
1757194354.604647: 2646871-7fc7357fa700: cdpl_server_ipc.c:713: in _sv_on_relay(): debug: RELAY message from W1, size = 50
1757194354.604650: 2646871-7fc7357fa700: cdpl_server_ipc.c:715: in _sv_on_relay(): debug: RELAY message from W1, content = WORKERDU|20,/dev/mapper/rhel_claws--compute3-home
1757194354.604668: 2646871-7fc7357fa700: cdpl_server_ipc.c:1268: in _sv_ipc_thread(): debug: received RELAY message
1757194354.604670: 2646871-7fc7357fa700: cdpl_server_ipc.c:713: in _sv_on_relay(): debug: RELAY message from W1, size = 18
1757194354.604671: 2646871-7fc7357fa700: cdpl_server_ipc.c:715: in _sv_on_relay(): debug: RELAY message from W1, content = 0$- - - MEASDOING
1757194354.837262: 2646871-7fc7357fa700: cdpl_server_ipc.c:1268: in _sv_ipc_thread(): debug: received RELAY message
1757194354.837275: 2646871-7fc7357fa700: cdpl_server_ipc.c:713: in _sv_on_relay(): debug: RELAY message from W1, size = 77
1757194354.837277: 2646871-7fc7357fa700: cdpl_server_ipc.c:715: in _sv_on_relay(): debug: RELAY message from W1, content = 0$2666832 claws-compute3.ece.ncsu.edu 2666848 FAILED 1757194348|1757194354|5
1757194354.837455: 2646871-7fc7357fa700: cdpl_server_ipc.c:1251: in _sv_ipc_thread(): debug: received FINISH message
1757194354.837461: 2646871-7fc7357fa700: cdpl_server_ipc.c:983: in _sv_on_finish(): info: worker W1 completed task T0
1757194354.837463: 2646871-7fc7357fa700: cdpl_server_ipc.c:988: in _sv_on_finish(): debug: stat T0: utime=3462 stime=1847
1757194354.837466: 2646871-7fc7357fa700: cdpl_server_ipc.c:993: in _sv_on_finish(): debug: statm T0: vsize=3054752 rss=1036756 shared=517184 text=474784 data=709972
1757194354.842434: 2646871-7fc7357fa700: cdpl_server_ipc.c:1268: in _sv_ipc_thread(): debug: received RELAY message
1757194354.842442: 2646871-7fc7357fa700: cdpl_server_ipc.c:713: in _sv_on_relay(): debug: RELAY message from W1, size = 49
1757194354.842445: 2646871-7fc7357fa700: cdpl_server_ipc.c:715: in _sv_on_relay(): debug: RELAY message from W1, content = WORKERDU|8,/dev/mapper/rhel_claws--compute3-home
1757194354.871173: 2646871-7fc7bde14540: cdpl_server.c:227: in _sv_free_task_safe(): debug: freeing task T0
1757194374.843262: 2646871-7fc70ffff700: cdpl_ipc.c:775: in _readv(): warning: read(): EOF
1757194374.843282: 2646871-7fc735ffb700: cdpl_ipc.c:775: in _readv(): warning: read(): EOF
1757194374.843296: 2646871-7fc70ffff700: cdpl_ipc.c:2100: in _epoll_recv(): debug: _readv(): Broken pipe
1757194374.843302: 2646871-7fc70ffff700: cdpl_ipc.c:2424: in _epoll_main(): debug: _epoll_recv(): Broken pipe
1757194374.843306: 2646871-7fc735ffb700: cdpl_ipc.c:2100: in _epoll_recv(): debug: _readv(): Broken pipe
1757194374.843312: 2646871-7fc735ffb700: cdpl_ipc.c:2424: in _epoll_main(): debug: _epoll_recv(): Broken pipe
1757194374.843317: 2646871-7fc70ffff700: cdpl_ipc.c:1657: in _host_drop__UNSAFE(): debug: dropping host `152.14.98.53:35557'
1757194374.843323: 2646871-7fc735ffb700: cdpl_ipc.c:1657: in _host_drop__UNSAFE(): debug: dropping host `152.14.98.53:54278'
1757194374.843368: 2646871-7fc7357fa700: cdpl_server_ipc.c:1236: in _sv_ipc_thread(): debug: received DROP notification
1757194374.843381: 2646871-7fc7357fa700: cdpl_server_sched.c:2796: in _sv_record_crashed_worker(): debug: dropping worker W1
1757194374.843384: 2646871-7fc7357fa700: cdpl_server_ipc.c:188: in _sv_on_drop_worker(): debug: down to 0 live workers in B1
1757194374.843394: 2646871-7fc70f7fe700: cdpl_monitor.c:290: in mn_listen(): debug: received DROP message
1757194374.843406: 2646871-7fc70cff9700: cdpl_server_sched.c:750: in _empty_trash(): debug: freeing worker W1 while emptying trash list for bin B1
1757194374.843414: 2646871-7fc70cff9700: cdpl_farm.c:4152: in cdpl_farm_dismiss(): debug: down to 0 running processes
1757194374.843418: 2646871-7fc70f7fe700: cdpl_ipc.c:2513: in cdpl_ipc_host_release(): debug: releasing host `152.14.98.53:35557'
1757194374.843425: 2646871-7fc70cff9700: cdpl_server_sched.c:121: in _free_worker_2(): debug: freeing worker W1
1757194374.843429: 2646871-7fc70cff9700: cdpl_ipc.c:2513: in cdpl_ipc_host_release(): debug: releasing host `152.14.98.53:54278'
1757194374.843432: 2646871-7fc70cff9700: cdpl_ipc.c:2529: in cdpl_ipc_host_release(): debug: scheduling for immediate release
1757194375.824080: 2646871-7fc70ffff700: cdpl_ipc.c:1582: in _host_free__UNSAFE(): debug: freeing host `152.14.98.53:35557'
1757194375.824093: 2646871-7fc70ffff700: cdpl_ipc.c:1621: in _host_free__UNSAFE(): debug: [0 outq, 0 spR, 0 spW]
1757194375.824095: 2646871-7fc735ffb700: cdpl_ipc.c:1582: in _host_free__UNSAFE(): debug: freeing host `152.14.98.53:54278'
1757194375.824105: 2646871-7fc735ffb700: cdpl_ipc.c:1621: in _host_free__UNSAFE(): debug: [0 outq, 0 spR, 0 spW]
1757194406.924671: 2646871-7fc6effff700: cdpl_farm.c:2173: in _schedule(): debug: idle
1757194415.224684: 2646871-7fc70effd700: cdpl_compat_master.c:5971: in cdplMasterLogWarning(): warning: [non-CDPL log entry] PWDP: master does not receive message over 60 seconds!
1757194460.639149: 2646871-7fc7bde14540: cdpl_server.c:3008: in cdpl_sv_halt_job_errno(): info: killing job J1
1757194460.639182: 2646871-7fc7bde14540: cdpl_server.c:3044: in cdpl_sv_halt_job_errno(): debug: signal bin B1 scheduler to stop
1757194460.639205: 2646871-7fc70cff9700: cdpl_server_sched.c:2484: in _sv_scheduler_thread(): debug: scheduler for bin B1 stopped
1757194460.639226: 2646871-7fc7bde14540: cdpl_server.c:294: in _sv_free_job(): info: freeing job J1
1757194460.639229: 2646871-7fc7bde14540: cdpl_server.c:92: in _sv_free_bin(): debug: freeing bin B1
1757194460.639288: 2646871-7fc7bde14540: cdpl_monitor.c:515: in cdpl_mn_kill(): info: killing monitor
1757194460.639302: 2646871-7fc7bde14540: cdpl_ipc.c:3677: in cdpl_ipc_kill(): debug: stopping event server
1757194460.639321: 2646871-7fc70ffff700: cdpl_ipc.c:2460: in _epoll_main(): debug: server going down...
1757194460.639374: 2646871-7fc735ffb700: cdpl_ipc.c:775: in _readv(): warning: read(): EOF
1757194460.639385: 2646871-7fc735ffb700: cdpl_ipc.c:2100: in _epoll_recv(): debug: _readv(): Broken pipe
1757194460.639388: 2646871-7fc735ffb700: cdpl_ipc.c:2424: in _epoll_main(): debug: _epoll_recv(): Broken pipe
1757194460.639393: 2646871-7fc735ffb700: cdpl_ipc.c:1657: in _host_drop__UNSAFE(): debug: dropping host `152.14.98.53:51376'
1757194460.639441: 2646871-7fc7357fa700: cdpl_server_ipc.c:1236: in _sv_ipc_thread(): debug: received DROP notification
1757194460.639453: 2646871-7fc7357fa700: cdpl_monitor.c:1269: in cdpl_mn_drop(): debug: detaching from monitor `152.14.98.53:51376'
1757194460.639459: 2646871-7fc7357fa700: cdpl_monitor.c:1101: in mn_systat_stop(): debug: joining systat thread
1757194460.639479: 2646871-7fc70dffb700: cdpl_monitor.c:1079: in mn_systat(): debug: exiting
1757194460.639489: 2646871-7fc7357fa700: cdpl_monitor.c:1103: in mn_systat_stop(): debug: systat thread done
1757194460.639492: 2646871-7fc7357fa700: cdpl_ipc.c:2513: in cdpl_ipc_host_release(): debug: releasing host `152.14.98.53:51376'
1757194460.639585: 2646871-7fc734ff9700: cdpl_ipc.c:3728: in cdpl_ipc_free(): debug: releasing IPC handle
1757194460.639590: 2646871-7fc734ff9700: cdpl_ipc.c:1582: in _host_free__UNSAFE(): debug: freeing host `152.14.98.53:40147'
1757194460.639592: 2646871-7fc734ff9700: cdpl_ipc.c:1621: in _host_free__UNSAFE(): debug: [0 outq, 0 spR, 0 spW]
1757194460.639608: 2646871-7fc734ff9700: cdpl_ipc.c:3756: in cdpl_ipc_free(): warning: 1 host(s) were not released
1757194460.639620: 2646871-7fc734ff9700: cdpl_ipc.c:3767: in cdpl_ipc_free(): debug: done
1757194460.639622: 2646871-7fc734ff9700: cdpl_monitor.c:1390: in cdpl_mn_free(): debug: freeing monitor client
1757194460.639675: 2646871-7fc7bde14540: cdpl_farm.c:2740: in cdpl_farm_free(): info: freeing farm
1757194460.639695: 2646871-7fc6effff700: cdpl_farm.c:2231: in _schedule(): debug: end of idling
1757194460.639700: 2646871-7fc6effff700: cdpl_farm.c:2235: in _schedule(): debug: dying
1757194460.639785: 2646871-7fc7bde14540: cdpl_farm.c:913: in _killall(): debug: killing all remaining commands
1757194460.639792: 2646871-7fc7bde14540: cdpl_server.c:3144: in cdpl_sv_free(): info: freeing server S1096043535
1757194460.639795: 2646871-7fc7bde14540: cdpl_server.c:3109: in cdpl_sv_kill_errno(): info: killing server
1757194460.639797: 2646871-7fc7bde14540: cdpl_ipc.c:3677: in cdpl_ipc_kill(): debug: stopping event server
1757194460.639815: 2646871-7fc735ffb700: cdpl_ipc.c:2460: in _epoll_main(): debug: server going down...
1757194460.639826: 2646871-7fc7357fa700: cdpl_server_ipc.c:1200: in _sv_ipc_thread(): debug: leaving now
1757194460.639838: 2646871-7fc7bde14540: cdpl_server.c:334: in _sv_free_master(): info: freeing master M1
1757194460.639840: 2646871-7fc7bde14540: cdpl_hash.c:68: in cdpl_h_destroy(): debug: put operations: 1
1757194460.639842: 2646871-7fc7bde14540: cdpl_hash.c:69: in cdpl_h_destroy(): debug: put collisions: 0
1757194460.639843: 2646871-7fc7bde14540: cdpl_hash.c:70: in cdpl_h_destroy(): debug: get operations: 0
1757194460.639845: 2646871-7fc7bde14540: cdpl_hash.c:71: in cdpl_h_destroy(): debug: get iterations: 0
1757194460.639849: 2646871-7fc7bde14540: cdpl_monitor.c:1390: in cdpl_mn_free(): debug: freeing monitor server
1757194460.639852: 2646871-7fc7bde14540: cdpl_ipc.c:3728: in cdpl_ipc_free(): debug: releasing IPC handle
1757194460.639854: 2646871-7fc7bde14540: cdpl_ipc.c:1582: in _host_free__UNSAFE(): debug: freeing host `152.14.98.53:51376'
1757194460.639857: 2646871-7fc7bde14540: cdpl_ipc.c:1621: in _host_free__UNSAFE(): debug: [0 outq, 0 spR, 0 spW]
1757194460.639872: 2646871-7fc7bde14540: cdpl_ipc.c:3767: in cdpl_ipc_free(): debug: done
1757194460.639874: 2646871-7fc7bde14540: cdpl_log.c:481: in cdpl_log_close(): info: @@end_of_log@@
