[18:21:57.68] /o 
              /c                                    pw_worker™ 
              /c 
              /c                Version W-2024.09-SP1-2 for linux64 - Jan 15, 2025
              /c              Based on Custom Infrastructure
              /c Version W-2024.09-SP1-2
              /c 
              /c                     Copyright (c) 2004 - 2025 Synopsys, Inc.
              /c    This software and the associated documentation are proprietary to Synopsys,
              /c  Inc. This software may only be used in accordance with the terms and conditions
              /c  of a written license agreement with Synopsys, Inc. All other use, reproduction,
              /c    or distribution of this software is strictly prohibited.  Licensed Products
              /c      communicate with Synopsys servers for the purpose of providing software
              /c     updates, detecting software piracy and verifying that customers are using
              /c     Licensed Products in conformity with the applicable License Key for such
              /c   Licensed Products. Synopsys will use information gathered in connection with
              /c     this process to deliver software updates and pursue software pirates and
              /c                                    infringers.
              /c 
              /c  Inclusivity & Diversity - Visit SolvNetPlus to read the "Synopsys Statement on
              /c             Inclusivity and Diversity" (Refer to article 000036315 at
              /c                         https://solvnetplus.synopsys.com)
              /c 
              /c Build  (OPT) Config 11252589 compiled on Wed Jan 15 11:01:36 2025 for AlmaLinux 8.4
              /c Invocation: /mnt/apps/public/COE/synopsys_apps/primewave/W-2024.09-SP1-2/linux64/platform/bin/custom_shell -application pw_worker -gui 0 -localDir /home/argershm/180-voltmeter/Analog/cc/synopsys_custom/pwdp_jobs/saeSession4_diffmodegain.SimulationSimulation_cdpl.2.2853530/logs/w2
              /c Execution time: Sat Sep  6 18:21:56 2025
              /c Host: claws-compute3.ece.ncsu.edu
              /c Working directory: /home/argershm/180-voltmeter/Analog/cc
              /c 
[18:22:08.07] /m Information: Registering ICV PERC package...
[18:22:08.07] /w Warning: Error: "Job group named 'PrimeWave' already exists under this parent." (IPC-100)
[18:22:08.37] /o #####New Worker job begin - Self history dir=/home/argershm/180-voltmeter/Analog/cc/simulation/integrator,tb_main_opamp,schematic
[18:22:08.56] /o source /home/argershm/180-voltmeter/Analog/cc/synopsys_custom/pwdp_jobs/saeSession4_diffmodegain.SimulationSimulation_cdpl.2.2853530/ccFile.tcl OK
[18:22:08.56] /o LibDefs : /home/argershm/180-voltmeter/Analog/cc/lib.defs
[18:22:08.85] /o new worker create session at loading state!
[18:22:08.85] /o history_1
[18:22:08.89] /m Information: Info: Waveform format selected is PSF. Synopsys recommends using the WDF format with the <HSPICE/FineSim> simulator.
              /c WDF is an optimal format that improves viewing performance and reduces disk usage while PSF is a 3rd party format and support "as-is".
              /c To change the format, open the Setup -> Environment menu and select the WDF format. (PW-642)
[18:22:09.08] /o Loading: Callback files...
[18:22:09.08] /o 
              /c [INFO] : Loading display.tcl from /mnt/designkits/gf180MCU/dk_ncsu/gf180mcu_cc_0.1/Models_HSPICE
              /c 
              /c  if you wish to Load other display.tcl, please set shell environment valiable "iPDK_load_display_gf180mcu" to value = 0
[18:22:09.08] /o 
[18:22:09.13] /w Warning: Could not set the value of preference xtEMIRLPEStarTcadGrdFile because it does not exist. (PREFERENCE-016)
[18:22:09.13] /o 	#######################################
[18:22:09.13] /o 	CC-PDK Library Name	: gf180MCU Open
[18:22:09.13] /o 	#######################################
[18:22:09.13] /o 
[18:22:09.25] /o source /home/argershm/180-voltmeter/Analog/cc/simulation/integrator,tb_main_opamp,schematic/history_1/.nw_preference_script.tcl OK!
[18:22:09.25] /o DSPF Options: {hierDelim==|}||{termDelim==:}||{fingerChar==@}||{multiplierString==_nettran_}||{aggregateCurrent==1}||{MOSTermNames==d g s b}||{MOSTermOrder==D G S B}||{MOSTermDspfNames==DRC GATE SRC BULK}||{firstChars==XM}||{probeHierDelim==/}||{caseSensitive==1}||{firstChar==M}||{hierPrefix==X}||{nodePrefix==M}||{plotTermVoltageForNet==0}||{mapNetToMosTerminal==}||{mapSlashDelimToDot==1}||{probePortCurrent==1}||{busBit==[]}||{removeNodePrefix==1}||{nlConDelim==.}||{mosModelType==auto}||{keepSchName==0}
[18:22:09.25] /o _workerLoadStateAction done!
[18:22:09.27] /o pw_worker _createCalculateEngine got job!
[18:22:09.27] /o pw_worker _createCalculateEngine OK!
[18:22:09.28] /o _getSimulationDetails : 
[18:22:09.28] /o tbName=diff_mode_gain, Mtb=0
[18:22:09.28] /o Got stb tb ok!
[18:22:09.28] /o Self resultsDir: ./simulation
[18:22:09.28] /o Self databaseDir: /home/argershm/180-voltmeter/Analog/cc/simulation/integrator,tb_main_opamp,schematic/history_1/simulation/diff_mode_gain/PrimeSimSPICE/parametric/results
[18:22:09.28] /o source /mnt/apps/public/COE/synopsys_apps/primewave/W-2024.09-SP1-2/auxx/sae/matlab_script.tcl OK
[18:22:09.43] /o _createResultsMap done!
[18:22:09.43] /o ###write_child - resultsDir=/home/argershm/180-voltmeter/Analog/cc/simulation/integrator,tb_main_opamp,schematic/history_1/simulation/diff_mode_gain/PrimeSimSPICE/parametric/L=0/results
              /c  masterResultsDir=/home/argershm/180-voltmeter/Analog/cc/simulation/integrator,tb_main_opamp,schematic/history_1/simulation/diff_mode_gain/PrimeSimSPICE/parametric/results
              /c  databaseDir=/home/argershm/180-voltmeter/Analog/cc/simulation/integrator,tb_main_opamp,schematic/history_1/simulation/diff_mode_gain/PrimeSimSPICE/parametric/results
              /c  UniqueName=saeSession4, isPilot=false
[18:22:09.43] /o 
[18:22:09.49] /o pw_worker child CE begin!
[18:22:09.49] /o pw_worker invokes measurement finished.
[18:22:09.49] /o pw_worker writeSimMap finsied.
[18:22:09.49] /o _simulationDoneAction done without exception!
[18:22:10.00] /o New Worker New CE ready proc entered.
[18:22:10.69] /o touch /home/argershm/180-voltmeter/Analog/cc/simulation/integrator,tb_main_opamp,schematic/history_1/simulation/diff_mode_gain/PrimeSimSPICE/parametric/L=0/results/.unitedSimFinished
[18:22:10.69] /o Calc Job Done!
[18:22:10.69] /o New Worker New CE exit
[18:22:10.87] /o #####New Worker job begin - Self history dir=/home/argershm/180-voltmeter/Analog/cc/simulation/integrator,tb_main_opamp,schematic
[18:22:11.00] /o pw_worker _createCalculateEngine got job!
[18:22:11.00] /o pw_worker _createCalculateEngine OK!
[18:22:12.41] /o New Worker New CE ready proc entered.
[18:22:12.58] /o _getSimulationDetails : 
[18:22:12.58] /o tbName=diff_mode_gain, Mtb=0
[18:22:12.58] /o Got stb tb ok!
[18:22:12.58] /o Self resultsDir: ./simulation
[18:22:12.58] /o Self databaseDir: /home/argershm/180-voltmeter/Analog/cc/simulation/integrator,tb_main_opamp,schematic/history_1/simulation/diff_mode_gain/PrimeSimSPICE/parametric/results
[18:22:12.66] /o _createResultsMap done!
[18:22:12.67] /o ###write_child - resultsDir=/home/argershm/180-voltmeter/Analog/cc/simulation/integrator,tb_main_opamp,schematic/history_1/simulation/diff_mode_gain/PrimeSimSPICE/parametric/L=40u/results
              /c  masterResultsDir=/home/argershm/180-voltmeter/Analog/cc/simulation/integrator,tb_main_opamp,schematic/history_1/simulation/diff_mode_gain/PrimeSimSPICE/parametric/results
              /c  databaseDir=/home/argershm/180-voltmeter/Analog/cc/simulation/integrator,tb_main_opamp,schematic/history_1/simulation/diff_mode_gain/PrimeSimSPICE/parametric/results
              /c  UniqueName=saeSession4, isPilot=false
[18:22:12.67] /o 
[18:22:12.68] /o pw_worker child CE begin!
[18:22:12.68] /o pw_worker invokes measurement finished.
[18:22:12.68] /o pw_worker writeSimMap finsied.
[18:22:12.68] /o _simulationDoneAction done without exception!
[18:22:12.78] /o Got file /home/argershm/180-voltmeter/Analog/cc/simulation/integrator,tb_main_opamp,schematic/history_1/simulation/diff_mode_gain/PrimeSimSPICE/parametric/L=40u/results/.ceFinished
[18:22:13.08] /o touch /home/argershm/180-voltmeter/Analog/cc/simulation/integrator,tb_main_opamp,schematic/history_1/simulation/diff_mode_gain/PrimeSimSPICE/parametric/L=40u/results/.unitedSimFinished
[18:22:13.08] /o Calc Job Done!
[18:22:13.08] /o New Worker New CE exit
[18:22:13.27] /o #####New Worker job begin - Self history dir=/home/argershm/180-voltmeter/Analog/cc/simulation/integrator,tb_main_opamp,schematic
[18:22:13.40] /o pw_worker _createCalculateEngine got job!
[18:22:13.40] /o pw_worker _createCalculateEngine OK!
[18:22:20.71] /o New Worker New CE ready proc entered.
[18:22:20.88] /o _getSimulationDetails : 
[18:22:20.88] /o tbName=diff_mode_gain, Mtb=0
[18:22:20.88] /o Got stb tb ok!
[18:22:20.88] /o Self resultsDir: ./simulation
[18:22:20.88] /o Self databaseDir: /home/argershm/180-voltmeter/Analog/cc/simulation/integrator,tb_main_opamp,schematic/history_1/simulation/diff_mode_gain/PrimeSimSPICE/parametric/results
[18:22:20.97] /o _createResultsMap done!
[18:22:20.97] /o ###write_child - resultsDir=/home/argershm/180-voltmeter/Analog/cc/simulation/integrator,tb_main_opamp,schematic/history_1/simulation/diff_mode_gain/PrimeSimSPICE/parametric/L=80u/results
              /c  masterResultsDir=/home/argershm/180-voltmeter/Analog/cc/simulation/integrator,tb_main_opamp,schematic/history_1/simulation/diff_mode_gain/PrimeSimSPICE/parametric/results
              /c  databaseDir=/home/argershm/180-voltmeter/Analog/cc/simulation/integrator,tb_main_opamp,schematic/history_1/simulation/diff_mode_gain/PrimeSimSPICE/parametric/results
              /c  UniqueName=saeSession4, isPilot=false
[18:22:20.97] /o 
[18:22:20.98] /o pw_worker child CE begin!
[18:22:20.98] /o pw_worker invokes measurement finished.
[18:22:20.98] /o pw_worker writeSimMap finsied.
[18:22:20.98] /o _simulationDoneAction done without exception!
[18:22:21.18] /o Got file /home/argershm/180-voltmeter/Analog/cc/simulation/integrator,tb_main_opamp,schematic/history_1/simulation/diff_mode_gain/PrimeSimSPICE/parametric/L=80u/results/.ceFinished
[18:22:21.39] /o touch /home/argershm/180-voltmeter/Analog/cc/simulation/integrator,tb_main_opamp,schematic/history_1/simulation/diff_mode_gain/PrimeSimSPICE/parametric/L=80u/results/.unitedSimFinished
[18:22:21.39] /o Calc Job Done!
[18:22:21.39] /o New Worker New CE exit
[18:22:42.55] /o Shutdown time: Sat Sep  6 18:22:42 2025
[18:22:42.55] /o Elapsed session real time: 0.75 minutes
[18:22:42.55] /o Session terminated. Log is at /home/argershm/180-voltmeter/Analog/cc/synopsys_custom/pwdp_jobs/saeSession4_diffmodegain.SimulationSimulation_cdpl.2.2853530/logs/w2/logs/pw_worker.argershm.2025_9_6_182156_2899047.log
