[13:56:11.35] /o 
              /c                                    pw_worker™ 
              /c 
              /c                Version W-2024.09-SP1-2 for linux64 - Jan 15, 2025
              /c              Based on Custom Infrastructure
              /c Version W-2024.09-SP1-2
              /c 
              /c                     Copyright (c) 2004 - 2025 Synopsys, Inc.
              /c    This software and the associated documentation are proprietary to Synopsys,
              /c  Inc. This software may only be used in accordance with the terms and conditions
              /c  of a written license agreement with Synopsys, Inc. All other use, reproduction,
              /c    or distribution of this software is strictly prohibited.  Licensed Products
              /c      communicate with Synopsys servers for the purpose of providing software
              /c     updates, detecting software piracy and verifying that customers are using
              /c     Licensed Products in conformity with the applicable License Key for such
              /c   Licensed Products. Synopsys will use information gathered in connection with
              /c     this process to deliver software updates and pursue software pirates and
              /c                                    infringers.
              /c 
              /c  Inclusivity & Diversity - Visit SolvNetPlus to read the "Synopsys Statement on
              /c             Inclusivity and Diversity" (Refer to article 000036315 at
              /c                         https://solvnetplus.synopsys.com)
              /c 
              /c Build  (OPT) Config 11252589 compiled on Wed Jan 15 11:01:36 2025 for AlmaLinux 8.4
              /c Invocation: /mnt/apps/public/COE/synopsys_apps/primewave/W-2024.09-SP1-2/linux64/platform/bin/custom_shell -application pw_worker -gui 0 -localDir /home/argershm/180-voltmeter/Analog/cc/synopsys_custom/pwdp_jobs/saeSession0_diffmodegain.SimulationSimulation_cdpl.1.302098/logs/w1
              /c Execution time: Wed Aug 27 13:56:09 2025
              /c Host: claws-compute3.ece.ncsu.edu
              /c Working directory: /home/argershm/180-voltmeter/Analog/cc
              /c 
[13:56:15.28] /m Information: Registering ICV PERC package...
[13:56:15.37] /o #####New Worker job begin - Self history dir=/home/argershm/180-voltmeter/Analog/cc/simulation/integrator,tb_main_opamp,schematic
[13:56:15.56] /o source /home/argershm/180-voltmeter/Analog/cc/synopsys_custom/pwdp_jobs/saeSession0_diffmodegain.SimulationSimulation_cdpl.1.302098/ccFile.tcl OK
[13:56:15.56] /o LibDefs : /home/argershm/180-voltmeter/Analog/cc/lib.defs
[13:56:15.74] /o new worker create session at loading state!
[13:56:15.74] /o history_1
[13:56:15.94] /o Loading: Callback files...
[13:56:15.94] /o 
              /c [INFO] : Loading display.tcl from /mnt/designkits/gf180MCU/dk_ncsu/gf180mcu_cc_0.1/Models_HSPICE
              /c 
              /c  if you wish to Load other display.tcl, please set shell environment valiable "iPDK_load_display_gf180mcu" to value = 0
[13:56:15.94] /o 
[13:56:15.98] /o 	#######################################
[13:56:15.98] /o 	CC-PDK Library Name	: gf180MCU Open
[13:56:15.98] /o 	#######################################
[13:56:15.98] /o 
[13:56:16.09] /o source /home/argershm/180-voltmeter/Analog/cc/simulation/integrator,tb_main_opamp,schematic/history_1/.nw_preference_script.tcl OK!
[13:56:16.09] /o DSPF Options: {hierDelim==|}||{termDelim==:}||{fingerChar==@}||{multiplierString==_nettran_}||{aggregateCurrent==1}||{MOSTermNames==d g s b}||{MOSTermOrder==D G S B}||{MOSTermDspfNames==DRC GATE SRC BULK}||{firstChars==XM}||{probeHierDelim==/}||{caseSensitive==1}||{firstChar==M}||{hierPrefix==X}||{nodePrefix==M}||{plotTermVoltageForNet==0}||{mapNetToMosTerminal==}||{mapSlashDelimToDot==1}||{probePortCurrent==1}||{busBit==[]}||{removeNodePrefix==1}||{nlConDelim==.}||{mosModelType==auto}||{keepSchName==0}
[13:56:16.09] /o _workerLoadStateAction done!
[13:56:16.10] /o _getSimulationDetails : 
[13:56:16.10] /o tbName=diff_mode_gain, Mtb=0
[13:56:16.10] /o Got stb tb ok!
[13:56:16.10] /o Self resultsDir: ./simulation
[13:56:16.10] /o Self databaseDir: /home/argershm/180-voltmeter/Analog/cc/simulation/integrator,tb_main_opamp,schematic/history_1/simulation/diff_mode_gain/PrimeSimSPICE/nominal/results
[13:56:16.10] /o source /mnt/apps/public/COE/synopsys_apps/primewave/W-2024.09-SP1-2/auxx/sae/matlab_script.tcl OK
[13:56:16.16] /o Nominal run.
[13:56:16.24] /o _createResultsMap done!
[13:56:16.24] /o New worker simulation done for nomial run.
[13:56:16.24] /o >>>resultsDir=/home/argershm/180-voltmeter/Analog/cc/simulation/integrator,tb_main_opamp,schematic/history_1/simulation/diff_mode_gain/PrimeSimSPICE/nominal/results,masterResultsDir=/home/argershm/180-voltmeter/Analog/cc/simulation/integrator,tb_main_opamp,schematic/history_1/simulation/diff_mode_gain/PrimeSimSPICE/nominal/results
[13:56:16.24] /m Information: Evaluating and plotting outputs...
[13:56:16.29] /o Tracing diode_p
[13:56:16.29] /o Tracing diode_p (Found 0)
[13:56:16.29] /o Tracing collected globals
[13:56:16.29] /o Tracing tail
[13:56:16.29] /o Tracing tail (Found 0)
[13:56:16.29] /o Tracing collected globals
[13:56:16.30] /o Tracing ibias_100u
[13:56:16.30] /o Tracing ibias_100u (Found 0)
[13:56:16.30] /o Tracing collected globals
[13:56:16.31] /o Tracing out
[13:56:16.31] /o Tracing out (Found 0)
[13:56:16.31] /o Tracing collected globals
[13:56:16.32] /o touch /home/argershm/180-voltmeter/Analog/cc/simulation/integrator,tb_main_opamp,schematic/history_1/simulation/diff_mode_gain/PrimeSimSPICE/nominal/results/.unitedSimFinished
[13:56:16.32] /o touch /home/argershm/180-voltmeter/Analog/cc/simulation/integrator,tb_main_opamp,schematic/history_1/simulation/diff_mode_gain/PrimeSimSPICE/nominal/results/.unitedSimFinished
[13:56:16.38] /o New worker simulation done for nomial run finished!
[13:56:16.38] /o _simulationDoneAction done without exception!
[13:56:16.38] /o touch pilot meas done flag file: /home/argershm/180-voltmeter/Analog/cc/simulation/integrator,tb_main_opamp,schematic/history_1/simulation/diff_mode_gain/PrimeSimSPICE/nominal/results/.pw_nw_meas_done
[13:56:17.83] /o Shutdown time: Wed Aug 27 13:56:17 2025
[13:56:17.83] /o Elapsed session real time: 0.11 minutes
[13:56:17.83] /o Session terminated. Log is at /home/argershm/180-voltmeter/Analog/cc/synopsys_custom/pwdp_jobs/saeSession0_diffmodegain.SimulationSimulation_cdpl.1.302098/logs/w1/logs/pw_worker.argershm.2025_8_27_135609_321537.log
