1757171686.180648: 2060432-7f455c10d540: cdpl_log.c:337: in cdpl_log_open(): info: @@start_of_log@@
1757171686.180673: 2060432-7f455c10d540: cdpl_log.c:1058: in cdpl_log_dump_sysinfo(): info: time: 2025/09/06 11:14:46 EDT -0400
1757171686.180675: 2060432-7f455c10d540: cdpl_log.c:1060: in cdpl_log_dump_sysinfo(): info: version: W-2024.09-SP1-2 
1757171686.180677: 2060432-7f455c10d540: cdpl_log.c:1062: in cdpl_log_dump_sysinfo(): info: system: Linux 4.18.0-553.69.1.el8_10.x86_64 #1 SMP Thu Aug 7 18:10:00 EDT 2025
1757171686.180678: 2060432-7f455c10d540: cdpl_log.c:1067: in cdpl_log_dump_sysinfo(): info: processor: x86_64 64-bits
1757171686.180680: 2060432-7f455c10d540: cdpl_log.c:1071: in cdpl_log_dump_sysinfo(): info: hostname: claws-compute3.ece.ncsu.edu
1757171686.180681: 2060432-7f455c10d540: cdpl_log.c:1073: in cdpl_log_dump_sysinfo(): info: program name: custom_shell
1757171686.180685: 2060432-7f455c10d540: cdpl_log.c:340: in cdpl_log_open(): debug: path: /home/argershm/180-voltmeter/Analog/cc/synopsys_custom/pwdp_jobs/saeSession4_diffmodegain.SimulationSimulation_cdpl.0.2060432/logs/master.claws-compute3.ece.ncsu.edu.2060432.log
1757171686.180687: 2060432-7f455c10d540: cdpl_log.c:341: in cdpl_log_open(): debug: dir: /home/argershm/180-voltmeter/Analog/cc/synopsys_custom/pwdp_jobs/saeSession4_diffmodegain.SimulationSimulation_cdpl.0.2060432/logs
1757171686.180716: 2060432-7f455c10d540: cdpl_server.c:536: in cdpl_sv_init(): info: new server S1312338485
1757171686.180723: 2060432-7f455c10d540: cdpl_ipc.c:3475: in cdpl_ipc_init(): info: requesting IPv4 protocol
1757171686.186348: 2060432-7f455c10d540: cdpl_ipc.c:837: in _selectaddrfamily(): info: selected IPv4 protocol
1757171686.186372: 2060432-7f455c10d540: cdpl_ipc.c:1139: in _set_keepalive(): info: TCP keep alive interval: 300
1757171686.189094: 2060432-7f455c10d540: cdpl_monitor.c:1117: in cdpl_mn_new_server(): info: creating server monitor instance
1757171686.189109: 2060432-7f455c10d540: cdpl_server.c:650: in cdpl_sv_new_master(): info: new master M1
1757171686.189124: 2060432-7f455c10d540: cdpl_server.c:6533: in cdpl_sv_ctl_master(): info: Setting worker heartbeat to 120 seconds
1757171686.189125: 2060432-7f455c10d540: cdpl_server.c:6542: in cdpl_sv_ctl_master(): info: Setting worker heartbeat timeout to 3 heartbeats
1757171686.189127: 2060432-7f455c10d540: cdpl_compat_master.c:2090: in _parse_hostfile(): info: reading hostfile `/home/argershm/180-voltmeter/Analog/cc/synopsys_custom/pwdp_jobs/saeSession4_diffmodegain.SimulationSimulation_cdpl.0.2060432/host_file'
1757171686.189149: 2060432-7f455c10d540: cdpl_compat_master.c:1900: in _hostfile_parser(): debug: parsing "1     |localhost|   -1  | /tmp | SH | sh"
1757171686.189163: 2060432-7f455c10d540: cdpl_farm.c:2578: in cdpl_farm_new_sh(): info: creating SH farm on localhost
1757171686.189168: 2060432-7f455c10d540: cdpl_compat_master.c:206: in _set_farm_env(): info: exporting CDPL_LOGDIR as `/home/argershm/180-voltmeter/Analog/cc/synopsys_custom/pwdp_jobs/saeSession4_diffmodegain.SimulationSimulation_cdpl.0.2060432/logs'
1757171686.189170: 2060432-7f455c10d540: cdpl_compat_master.c:212: in _set_farm_env(): info: exporting CDPL_TMPDIR as `/tmp'
1757171686.189172: 2060432-7f455c10d540: cdpl_compat_master.c:235: in _set_farm_env(): info: exporting SNPSLMD_LICENSE_FILE as `27000@ece-lic-35.ece.ncsu.edu'
1757171686.189174: 2060432-7f455c10d540: cdpl_compat_master.c:259: in _set_farm_env(): info: exporting CDPL_OPTIONS as `[nowlogs]'
1757171686.189175: 2060432-7f455c10d540: cdpl_compat_master.c:266: in _set_farm_env(): info: exporting DISPLAY as `unix:18668'
1757171686.189177: 2060432-7f455c10d540: cdpl_compat_master.c:274: in _set_farm_env(): info: exporting CDPL_HEARTBEAT as `120'
1757171686.189187: 2060432-7f455c10d540: cdpl_farm.c:3149: in cdpl_farm_add_withdir(): debug: added `localhost' (capacity: unlimited)
1757171686.189189: 2060432-7f455c10d540: cdpl_compat_parse.c:147: in parsefile(): debug: read `/home/argershm/180-voltmeter/Analog/cc/synopsys_custom/pwdp_jobs/saeSession4_diffmodegain.SimulationSimulation_cdpl.0.2060432/host_file', 2 lines
1757171686.189195: 2060432-7f455c10d540: cdpl_compat_master.c:2931: in cdplInitMaster(): info: bcast dir is `/home/argershm/180-voltmeter/Analog/cc/synopsys_custom/pwdp_jobs/saeSession4_diffmodegain.SimulationSimulation_cdpl.0.2060432/logs'
1757171686.189241: 2060432-7f455c10d540: cdpl_server.c:6433: in cdpl_sv_ctl_master(): info: farm worker timeout set to 300
1757171686.189243: 2060432-7f455c10d540: cdpl_server.c:6486: in cdpl_sv_ctl_master(): info: maximum number of task execution attempts set to 1
1757171686.189257: 2060432-7f455c10d540: cdpl_server.c:3195: in cdpl_sv_start(): debug: starting server
1757171686.189260: 2060432-7f455c10d540: cdpl_ipc.c:3632: in cdpl_ipc_start(): debug: starting IPC server 152.14.98.53:40927
1757171686.189423: 2060432-7f45177fe700: cdpl_server_ipc.c:1182: in _sv_ipc_thread(): debug: ready
1757171686.189563: 2060432-7f4516ffd700: cdpl_monitor.c:426: in cdpl_mn_init_client(): info: creating client monitor instance
1757171686.189579: 2060432-7f4516ffd700: cdpl_ipc.c:3475: in cdpl_ipc_init(): info: requesting IPv4 protocol
1757171686.195232: 2060432-7f4516ffd700: cdpl_ipc.c:837: in _selectaddrfamily(): info: selected IPv4 protocol
1757171686.195253: 2060432-7f4516ffd700: cdpl_ipc.c:1139: in _set_keepalive(): info: TCP keep alive interval: 300
1757171686.198034: 2060432-7f4516ffd700: cdpl_ipc.c:3632: in cdpl_ipc_start(): debug: starting IPC server 152.14.98.53:45935
1757171686.198162: 2060432-7f4516ffd700: cdpl_monitor.c:471: in cdpl_mn_init_client(): debug: incoming messages in /tmp/cdpl-monitor-G5ed80
1757171686.198236: 2060432-7f4516ffd700: cdpl_monitor.c:533: in cdpl_mn_connect(): debug: connecting to 152.14.98.53:40927
1757171686.198244: 2060432-7f4516ffd700: cdpl_ipc.c:3789: in cdpl_ipc_connect(): info: connecting to 152.14.98.53:40927
1757171686.198351: 2060432-7f4516ffd700: cdpl_ipc.c:3860: in cdpl_ipc_connect(): info: connected as `152.14.98.53:39678'
1757171686.198366: 2060432-7f4516ffd700: cdpl_ipc.c:2503: in cdpl_ipc_host_accept(): debug: accepted host `152.14.98.53:40927'
1757171686.198388: 2060432-7f4517fff700: cdpl_ipc.c:1862: in _epoll_accept(): debug: new connection from `152.14.98.53:39678'
1757171686.198402: 2060432-7f4516ffd700: cdpl_monitor.c:579: in cdpl_mn_connect(): debug: ok
1757171686.198425: 2060432-7f455c10d540: cdpl_server.c:731: in cdpl_sv_new_job(): info: new job J1 in M1
1757171686.198437: 2060432-7f45177fe700: cdpl_server_ipc.c:1225: in _sv_ipc_thread(): debug: received ACCEPT notification
1757171686.198448: 2060432-7f45177fe700: cdpl_ipc.c:2503: in cdpl_ipc_host_accept(): debug: accepted host `152.14.98.53:39678'
1757171686.198450: 2060432-7f455c10d540: cdpl_compat_master.c:1581: in _add_worker(): info: new worker type 10, min:1, max:3, cmd:`/home/argershm/180-voltmeter/Analog/cc/synopsys_custom/pwdp_jobs/saeSession4_diffmodegain.SimulationSimulation_cdpl.0.2060432/START_WORKER pw_worker -i /home/argershm/180-voltmeter/Analog/cc/synopsys_custom/pwdp_jobs
1757171686.198463: 2060432-7f45177fe700: cdpl_server_ipc.c:1256: in _sv_ipc_thread(): debug: received MONITOR message
1757171686.198470: 2060432-7f455c10d540: cdpl_server.c:908: in cdpl_sv_new_bin_withfarm(): info: new bin B1 in J1
1757171686.198623: 2060432-7f45177fe700: cdpl_monitor.c:1207: in cdpl_mn_accept(): debug: accepted monitor `152.14.98.53:39678'
1757171686.198627: 2060432-7f45177fe700: cdpl_server_ipc_mon.c:120: in _globalLOCK(): debug: ENTERTING GLOBAL LOCK
1757171686.198630: 2060432-7f45177fe700: cdpl_server_ipc_mon.c:164: in _globalLOCK(): debug: global lock acquired
1757171686.198639: 2060432-7f4514ff9700: cdpl_monitor.c:910: in mn_systat(): debug: started
1757171686.198900: 2060432-7f4514ff9700: cdpl_monitor.c:937: in mn_systat(): debug: monitor server flush rate: 5
1757171686.999358: 2060432-7f45177fe700: cdpl_server_ipc_mon.c:210: in _globalUNLOCK(): debug: LEAVING GLOBAL LOCK
1757171686.999380: 2060432-7f455c10d540: cdpl_server.c:3249: in cdpl_sv_start_job(): info: starting job J1
1757171686.999405: 2060432-7f455c10d540: cdpl_server.c:62: in _sv_start_bin(): debug: starting bin B1 (min: 0, max: 3)
1757171686.999575: 2060432-7f455c10d540: cdpl_server.c:1893: in _sv_gen_task(): info: new task T0 in B1 (prio 0)
1757171686.999597: 2060432-7f4506ffd700: cdpl_server_sched.c:2482: in _sv_scheduler_thread(): debug: scheduler for bin B1 started
1757171686.999611: 2060432-7f455c10d540: cdpl_server.c:2698: in cdpl_sv_label_task_va(): info: setting task T0 label to "PrimeSim_1|PrimeSim"
1757171686.999664: 2060432-7f4506ffd700: cdpl_server_sched.c:2443: in _scheduler_run(): debug: will start a new worker
1757171686.999705: 2060432-7f4506ffd700: cdpl_farm.c:3977: in cdpl_farm_submit(): debug: 1 running processes
1757171686.999708: 2060432-7f4506ffd700: cdpl_farm.c:3985: in cdpl_farm_submit(): debug: new command C1 in bin B1 assigned to host `localhost'
1757171686.999785: 2060432-7f4506ffd700: cdpl_server_sched.c:705: in _sv_launch_worker(): info: started worker W1 (as C1) in bin B1
1757171686.999804: 2060432-7f45067fc700: cdpl_farm.c:2139: in _schedule(): debug: started
1757171686.999817: 2060432-7f45067fc700: cdpl_farm.c:2303: in _schedule(): debug: submitting command C1 in bin B1
1757171686.999835: 2060432-7f45067fc700: cdpl_sh.c:49: in _sh_detached_submit(): info: SH : /home/argershm/180-voltmeter/Analog/cc/synopsys_custom/pwdp_jobs/saeSession4_diffmodegain.SimulationSimulation_cdpl.0.2060432/START_WORKER pw_worker -i /home/argershm/180-voltmeter/Analog/cc/synopsys_custom/pwdp_jobs/saeSession4_diffmodegain.SimulationSimulation_cdpl.0.2060432 -t 10000
1757171687.006004: 2060432-7f45067fc700: cdpl_farm.c:2343: in _schedule(): debug: C1 in bin B1 running on slot 0
1757171687.006035: 2060432-7f45067fc700: cdpl_farm.c:2167: in _schedule(): debug: idle
1757171687.006176: 2060432-7f455c10d540: cdpl_server.c:1893: in _sv_gen_task(): info: new task T1 in B1 (prio 0)
1757171687.006192: 2060432-7f455c10d540: cdpl_server.c:2698: in cdpl_sv_label_task_va(): info: setting task T1 label to "PrimeSim_2|PrimeSim"
1757171687.006224: 2060432-7f4506ffd700: cdpl_server_sched.c:2443: in _scheduler_run(): debug: will start a new worker
1757171687.006242: 2060432-7f4506ffd700: cdpl_farm.c:3977: in cdpl_farm_submit(): debug: 2 running processes
1757171687.006251: 2060432-7f4506ffd700: cdpl_farm.c:3985: in cdpl_farm_submit(): debug: new command C2 in bin B1 assigned to host `localhost'
1757171687.006258: 2060432-7f4506ffd700: cdpl_server_sched.c:705: in _sv_launch_worker(): info: started worker W2 (as C2) in bin B1
1757171687.006264: 2060432-7f45067fc700: cdpl_farm.c:2231: in _schedule(): debug: end of idling
1757171687.006266: 2060432-7f45067fc700: cdpl_farm.c:2303: in _schedule(): debug: submitting command C2 in bin B1
1757171687.006268: 2060432-7f45067fc700: cdpl_sh.c:49: in _sh_detached_submit(): info: SH : /home/argershm/180-voltmeter/Analog/cc/synopsys_custom/pwdp_jobs/saeSession4_diffmodegain.SimulationSimulation_cdpl.0.2060432/START_WORKER pw_worker -i /home/argershm/180-voltmeter/Analog/cc/synopsys_custom/pwdp_jobs/saeSession4_diffmodegain.SimulationSimulation_cdpl.0.2060432 -t 10000
1757171687.011043: 2060432-7f45067fc700: cdpl_farm.c:2343: in _schedule(): debug: C2 in bin B1 running on slot 1
1757171687.011060: 2060432-7f45067fc700: cdpl_farm.c:2167: in _schedule(): debug: idle
1757171687.311128: 2060432-7f45067fc700: cdpl_farm.c:1193: in _onexit(): debug: C1 in bin B1 exited normally on slot 0
1757171687.311147: 2060432-7f45067fc700: cdpl_farm.c:1193: in _onexit(): debug: C2 in bin B1 exited normally on slot 1
1757171688.110322: 2060432-7f4507fff700: cdpl_compat_master.c:5948: in cdplMasterLogInfo(): info: [non-CDPL log entry] PWDP - no-workers started ok check start!
1757171688.837483: 2060432-7f4517fff700: cdpl_ipc.c:1862: in _epoll_accept(): debug: new connection from `152.14.98.53:40140'
1757171688.837527: 2060432-7f45177fe700: cdpl_server_ipc.c:1225: in _sv_ipc_thread(): debug: received ACCEPT notification
1757171688.837540: 2060432-7f45177fe700: cdpl_ipc.c:2503: in cdpl_ipc_host_accept(): debug: accepted host `152.14.98.53:40140'
1757171688.837603: 2060432-7f45177fe700: cdpl_server_ipc.c:1246: in _sv_ipc_thread(): debug: received HELLO message
1757171688.837611: 2060432-7f45177fe700: cdpl_server_ipc.c:430: in _sv_on_hello(): debug: looking up W2
1757171688.837614: 2060432-7f45177fe700: cdpl_server_ipc.c:540: in _sv_on_hello(): info: W2 is `152.14.98.53:40140'
1757171688.837616: 2060432-7f45177fe700: cdpl_server_ipc.c:541: in _sv_on_hello(): debug: hello W2 (B1)
1757171688.837617: 2060432-7f45177fe700: cdpl_server_ipc.c:542: in _sv_on_hello(): info: W2 log file is /dev/null
1757171688.837667: 2060432-7f45177fe700: cdpl_server_ipc.c:602: in _sv_on_hello(): info: up to 1 alive workers in B1
1757171688.837677: 2060432-7f45177fe700: cdpl_farm.c:878: in _release_cmd(): debug: freeing command C2 in bin B1
1757171688.837690: 2060432-7f4506ffd700: cdpl_server_sched.c:960: in _assign(): info: assigning task T0 to worker W2
1757171688.837861: 2060432-7f4517fff700: cdpl_ipc.c:1862: in _epoll_accept(): debug: new connection from `152.14.98.53:40152'
1757171688.837881: 2060432-7f45177fe700: cdpl_server_ipc.c:1225: in _sv_ipc_thread(): debug: received ACCEPT notification
1757171688.837888: 2060432-7f45177fe700: cdpl_ipc.c:2503: in cdpl_ipc_host_accept(): debug: accepted host `152.14.98.53:40152'
1757171688.837996: 2060432-7f45177fe700: cdpl_server_ipc.c:1246: in _sv_ipc_thread(): debug: received HELLO message
1757171688.838006: 2060432-7f45177fe700: cdpl_server_ipc.c:430: in _sv_on_hello(): debug: looking up W1
1757171688.838009: 2060432-7f45177fe700: cdpl_server_ipc.c:540: in _sv_on_hello(): info: W1 is `152.14.98.53:40152'
1757171688.838011: 2060432-7f45177fe700: cdpl_server_ipc.c:541: in _sv_on_hello(): debug: hello W1 (B1)
1757171688.838012: 2060432-7f45177fe700: cdpl_server_ipc.c:542: in _sv_on_hello(): info: W1 log file is /dev/null
1757171688.838018: 2060432-7f45177fe700: cdpl_server_ipc.c:602: in _sv_on_hello(): info: up to 2 alive workers in B1
1757171688.838022: 2060432-7f45177fe700: cdpl_farm.c:878: in _release_cmd(): debug: freeing command C1 in bin B1
1757171688.838034: 2060432-7f4506ffd700: cdpl_server_sched.c:960: in _assign(): info: assigning task T1 to worker W1
1757171688.902196: 2060432-7f45177fe700: cdpl_server_ipc.c:1268: in _sv_ipc_thread(): debug: received RELAY message
1757171688.902210: 2060432-7f45177fe700: cdpl_server_ipc.c:713: in _sv_on_relay(): debug: RELAY message from W1, size = 65
1757171688.902212: 2060432-7f45177fe700: cdpl_server_ipc.c:715: in _sv_on_relay(): debug: RELAY message from W1, content = 1$2061414 claws-compute3.ece.ncsu.edu 2061442 RUNNING 1757171688
1757171688.902777: 2060432-7f45177fe700: cdpl_server_ipc.c:1268: in _sv_ipc_thread(): debug: received RELAY message
1757171688.902779: 2060432-7f45177fe700: cdpl_server_ipc.c:713: in _sv_on_relay(): debug: RELAY message from W2, size = 65
1757171688.902781: 2060432-7f45177fe700: cdpl_server_ipc.c:715: in _sv_on_relay(): debug: RELAY message from W2, content = 0$2061415 claws-compute3.ece.ncsu.edu 2061443 RUNNING 1757171688
1757171689.837908: 2060432-7f45177fe700: cdpl_server_ipc.c:312: in _sv_on_heartbeat(): debug: received HEARTBEAT from worker W2 at 152.14.98.53:40140
1757171689.838213: 2060432-7f45177fe700: cdpl_server_ipc.c:312: in _sv_on_heartbeat(): debug: received HEARTBEAT from worker W1 at 152.14.98.53:40152
1757171691.199608: 2060432-7f4516ffd700: cdpl_monitor.c:533: in cdpl_mn_connect(): debug: connecting to 152.14.98.53:39157
1757171691.199620: 2060432-7f4516ffd700: cdpl_ipc.c:3789: in cdpl_ipc_connect(): info: connecting to 152.14.98.53:39157
1757171691.199778: 2060432-7f4516ffd700: cdpl_ipc.c:3860: in cdpl_ipc_connect(): info: connected as `152.14.98.53:55580'
1757171691.199786: 2060432-7f4516ffd700: cdpl_ipc.c:2503: in cdpl_ipc_host_accept(): debug: accepted host `152.14.98.53:39157'
1757171691.199791: 2060432-7f4516ffd700: cdpl_monitor.c:579: in cdpl_mn_connect(): debug: ok
1757171691.199795: 2060432-7f4516ffd700: cdpl_monitor.c:533: in cdpl_mn_connect(): debug: connecting to 152.14.98.53:39161
1757171691.199797: 2060432-7f4516ffd700: cdpl_ipc.c:3789: in cdpl_ipc_connect(): info: connecting to 152.14.98.53:39161
1757171691.199846: 2060432-7f4516ffd700: cdpl_ipc.c:3860: in cdpl_ipc_connect(): info: connected as `152.14.98.53:60442'
1757171691.199851: 2060432-7f4516ffd700: cdpl_ipc.c:2503: in cdpl_ipc_host_accept(): debug: accepted host `152.14.98.53:39161'
1757171691.199853: 2060432-7f4516ffd700: cdpl_monitor.c:579: in cdpl_mn_connect(): debug: ok
1757171695.673448: 2060432-7f45177fe700: cdpl_server_ipc.c:1268: in _sv_ipc_thread(): debug: received RELAY message
1757171695.673461: 2060432-7f45177fe700: cdpl_server_ipc.c:713: in _sv_on_relay(): debug: RELAY message from W1, size = 50
1757171695.673464: 2060432-7f45177fe700: cdpl_server_ipc.c:715: in _sv_on_relay(): debug: RELAY message from W1, content = WORKERDU|40,/dev/mapper/rhel_claws--compute3-home
1757171695.673470: 2060432-7f45177fe700: cdpl_server_ipc.c:1268: in _sv_ipc_thread(): debug: received RELAY message
1757171695.673471: 2060432-7f45177fe700: cdpl_server_ipc.c:713: in _sv_on_relay(): debug: RELAY message from W1, size = 18
1757171695.673473: 2060432-7f45177fe700: cdpl_server_ipc.c:715: in _sv_on_relay(): debug: RELAY message from W1, content = 1$- - - MEASDOING
1757171695.678170: 2060432-7f45177fe700: cdpl_server_ipc.c:1268: in _sv_ipc_thread(): debug: received RELAY message
1757171695.678174: 2060432-7f45177fe700: cdpl_server_ipc.c:713: in _sv_on_relay(): debug: RELAY message from W2, size = 50
1757171695.678175: 2060432-7f45177fe700: cdpl_server_ipc.c:715: in _sv_on_relay(): debug: RELAY message from W2, content = WORKERDU|40,/dev/mapper/rhel_claws--compute3-home
1757171695.678188: 2060432-7f45177fe700: cdpl_server_ipc.c:1268: in _sv_ipc_thread(): debug: received RELAY message
1757171695.678189: 2060432-7f45177fe700: cdpl_server_ipc.c:713: in _sv_on_relay(): debug: RELAY message from W2, size = 18
1757171695.678191: 2060432-7f45177fe700: cdpl_server_ipc.c:715: in _sv_on_relay(): debug: RELAY message from W2, content = 0$- - - MEASDOING
1757171695.857935: 2060432-7f45177fe700: cdpl_server_ipc.c:1268: in _sv_ipc_thread(): debug: received RELAY message
1757171695.857946: 2060432-7f45177fe700: cdpl_server_ipc.c:713: in _sv_on_relay(): debug: RELAY message from W1, size = 77
1757171695.857948: 2060432-7f45177fe700: cdpl_server_ipc.c:715: in _sv_on_relay(): debug: RELAY message from W1, content = 1$2061414 claws-compute3.ece.ncsu.edu 2061442 FAILED 1757171688|1757171695|8
1757171695.858108: 2060432-7f45177fe700: cdpl_server_ipc.c:1251: in _sv_ipc_thread(): debug: received FINISH message
1757171695.858112: 2060432-7f45177fe700: cdpl_server_ipc.c:983: in _sv_on_finish(): info: worker W1 completed task T1
1757171695.858113: 2060432-7f45177fe700: cdpl_server_ipc.c:988: in _sv_on_finish(): debug: stat T1: utime=3456 stime=1955
1757171695.858115: 2060432-7f45177fe700: cdpl_server_ipc.c:993: in _sv_on_finish(): debug: statm T1: vsize=3054712 rss=1033668 shared=516032 text=474784 data=710116
1757171695.861175: 2060432-7f45177fe700: cdpl_server_ipc.c:1268: in _sv_ipc_thread(): debug: received RELAY message
1757171695.861180: 2060432-7f45177fe700: cdpl_server_ipc.c:713: in _sv_on_relay(): debug: RELAY message from W2, size = 77
1757171695.861182: 2060432-7f45177fe700: cdpl_server_ipc.c:715: in _sv_on_relay(): debug: RELAY message from W2, content = 0$2061415 claws-compute3.ece.ncsu.edu 2061443 FAILED 1757171688|1757171695|8
1757171695.861314: 2060432-7f45177fe700: cdpl_server_ipc.c:1251: in _sv_ipc_thread(): debug: received FINISH message
1757171695.861316: 2060432-7f45177fe700: cdpl_server_ipc.c:983: in _sv_on_finish(): info: worker W2 completed task T0
1757171695.861318: 2060432-7f45177fe700: cdpl_server_ipc.c:988: in _sv_on_finish(): debug: stat T0: utime=3419 stime=2007
1757171695.861319: 2060432-7f45177fe700: cdpl_server_ipc.c:993: in _sv_on_finish(): debug: statm T0: vsize=3054724 rss=1035604 shared=516052 text=474784 data=710128
1757171695.862666: 2060432-7f45177fe700: cdpl_server_ipc.c:1268: in _sv_ipc_thread(): debug: received RELAY message
1757171695.862673: 2060432-7f45177fe700: cdpl_server_ipc.c:713: in _sv_on_relay(): debug: RELAY message from W1, size = 50
1757171695.862675: 2060432-7f45177fe700: cdpl_server_ipc.c:715: in _sv_on_relay(): debug: RELAY message from W1, content = WORKERDU|24,/dev/mapper/rhel_claws--compute3-home
1757171695.865937: 2060432-7f45177fe700: cdpl_server_ipc.c:1268: in _sv_ipc_thread(): debug: received RELAY message
1757171695.865943: 2060432-7f45177fe700: cdpl_server_ipc.c:713: in _sv_on_relay(): debug: RELAY message from W2, size = 50
1757171695.865945: 2060432-7f45177fe700: cdpl_server_ipc.c:715: in _sv_on_relay(): debug: RELAY message from W2, content = WORKERDU|24,/dev/mapper/rhel_claws--compute3-home
1757171695.872114: 2060432-7f455c10d540: cdpl_server.c:227: in _sv_free_task_safe(): debug: freeing task T1
1757171695.884866: 2060432-7f455c10d540: cdpl_server.c:227: in _sv_free_task_safe(): debug: freeing task T0
1757171696.811505: 2060432-7f455c10d540: cdpl_server.c:3008: in cdpl_sv_halt_job_errno(): info: killing job J1
1757171696.811526: 2060432-7f455c10d540: cdpl_server.c:3044: in cdpl_sv_halt_job_errno(): debug: signal bin B1 scheduler to stop
1757171696.811543: 2060432-7f4506ffd700: cdpl_server_sched.c:2484: in _sv_scheduler_thread(): debug: scheduler for bin B1 stopped
1757171696.811579: 2060432-7f4506ffd700: cdpl_ipc.c:1657: in _host_drop__UNSAFE(): debug: dropping host `152.14.98.53:40152'
1757171696.811612: 2060432-7f4506ffd700: cdpl_server_sched.c:2830: in _sv_drop_worker(): info: down to 1 alive workers in B1
1757171696.811619: 2060432-7f4506ffd700: cdpl_farm.c:4152: in cdpl_farm_dismiss(): debug: down to 1 running processes
1757171696.811628: 2060432-7f4506ffd700: cdpl_ipc.c:1657: in _host_drop__UNSAFE(): debug: dropping host `152.14.98.53:40140'
1757171696.811646: 2060432-7f4506ffd700: cdpl_server_sched.c:2830: in _sv_drop_worker(): info: down to 0 alive workers in B1
1757171696.811648: 2060432-7f4506ffd700: cdpl_farm.c:4152: in cdpl_farm_dismiss(): debug: down to 0 running processes
1757171696.811652: 2060432-7f4506ffd700: cdpl_server_sched.c:121: in _free_worker_2(): debug: freeing worker W1
1757171696.811668: 2060432-7f4506ffd700: cdpl_ipc.c:2513: in cdpl_ipc_host_release(): debug: releasing host `152.14.98.53:40152'
1757171696.811671: 2060432-7f4506ffd700: cdpl_server_sched.c:121: in _free_worker_2(): debug: freeing worker W2
1757171696.811673: 2060432-7f4506ffd700: cdpl_ipc.c:2513: in cdpl_ipc_host_release(): debug: releasing host `152.14.98.53:40140'
1757171696.812030: 2060432-7f45177fe700: cdpl_server_ipc.c:1236: in _sv_ipc_thread(): debug: received DROP notification
1757171696.812039: 2060432-7f45177fe700: cdpl_server_ipc.c:1236: in _sv_ipc_thread(): debug: received DROP notification
1757171696.812046: 2060432-7f455c10d540: cdpl_server.c:294: in _sv_free_job(): info: freeing job J1
1757171696.812053: 2060432-7f455c10d540: cdpl_server.c:92: in _sv_free_bin(): debug: freeing bin B1
1757171696.812089: 2060432-7f455c10d540: cdpl_monitor.c:515: in cdpl_mn_kill(): info: killing monitor
1757171696.812094: 2060432-7f455c10d540: cdpl_ipc.c:3677: in cdpl_ipc_kill(): debug: stopping event server
1757171696.812113: 2060432-7f45167fc700: cdpl_ipc.c:775: in _readv(): warning: read(): EOF
1757171696.812128: 2060432-7f45167fc700: cdpl_ipc.c:2100: in _epoll_recv(): debug: _readv(): Broken pipe
1757171696.812131: 2060432-7f45167fc700: cdpl_ipc.c:2424: in _epoll_main(): debug: _epoll_recv(): Broken pipe
1757171696.812154: 2060432-7f4517fff700: cdpl_ipc.c:775: in _readv(): warning: read(): EOF
1757171696.812162: 2060432-7f45167fc700: cdpl_ipc.c:1657: in _host_drop__UNSAFE(): debug: dropping host `152.14.98.53:39157'
1757171696.812166: 2060432-7f4517fff700: cdpl_ipc.c:2100: in _epoll_recv(): debug: _readv(): Broken pipe
1757171696.812170: 2060432-7f4517fff700: cdpl_ipc.c:2424: in _epoll_main(): debug: _epoll_recv(): Broken pipe
1757171696.812173: 2060432-7f4517fff700: cdpl_ipc.c:1657: in _host_drop__UNSAFE(): debug: dropping host `152.14.98.53:39678'
1757171696.812177: 2060432-7f45167fc700: cdpl_ipc.c:2460: in _epoll_main(): debug: server going down...
1757171696.812210: 2060432-7f4517fff700: cdpl_ipc.c:1582: in _host_free__UNSAFE(): debug: freeing host `152.14.98.53:40140'
1757171696.812216: 2060432-7f4517fff700: cdpl_ipc.c:1621: in _host_free__UNSAFE(): debug: [0 outq, 0 spR, 0 spW]
1757171696.812219: 2060432-7f4517fff700: cdpl_ipc.c:1582: in _host_free__UNSAFE(): debug: freeing host `152.14.98.53:40152'
1757171696.812221: 2060432-7f4517fff700: cdpl_ipc.c:1621: in _host_free__UNSAFE(): debug: [0 outq, 0 spR, 0 spW]
1757171696.812227: 2060432-7f45177fe700: cdpl_server_ipc.c:1236: in _sv_ipc_thread(): debug: received DROP notification
1757171696.812239: 2060432-7f45177fe700: cdpl_monitor.c:1269: in cdpl_mn_drop(): debug: detaching from monitor `152.14.98.53:39678'
1757171696.812244: 2060432-7f45177fe700: cdpl_monitor.c:1101: in mn_systat_stop(): debug: joining systat thread
1757171696.812267: 2060432-7f4514ff9700: cdpl_monitor.c:1079: in mn_systat(): debug: exiting
1757171696.812277: 2060432-7f45177fe700: cdpl_monitor.c:1103: in mn_systat_stop(): debug: systat thread done
1757171696.812281: 2060432-7f45177fe700: cdpl_ipc.c:2513: in cdpl_ipc_host_release(): debug: releasing host `152.14.98.53:39678'
1757171696.812289: 2060432-7f4516ffd700: cdpl_ipc.c:3728: in cdpl_ipc_free(): debug: releasing IPC handle
1757171696.812294: 2060432-7f4516ffd700: cdpl_ipc.c:1582: in _host_free__UNSAFE(): debug: freeing host `152.14.98.53:39161'
1757171696.812296: 2060432-7f4516ffd700: cdpl_ipc.c:1621: in _host_free__UNSAFE(): debug: [0 outq, 0 spR, 0 spW]
1757171696.812306: 2060432-7f4516ffd700: cdpl_ipc.c:1582: in _host_free__UNSAFE(): debug: freeing host `152.14.98.53:39157'
1757171696.812309: 2060432-7f4516ffd700: cdpl_ipc.c:1621: in _host_free__UNSAFE(): debug: [0 outq, 0 spR, 0 spW]
1757171696.812310: 2060432-7f4516ffd700: cdpl_ipc.c:1582: in _host_free__UNSAFE(): debug: freeing host `152.14.98.53:40927'
1757171696.812312: 2060432-7f4516ffd700: cdpl_ipc.c:1621: in _host_free__UNSAFE(): debug: [0 outq, 0 spR, 0 spW]
1757171696.812320: 2060432-7f4516ffd700: cdpl_ipc.c:3756: in cdpl_ipc_free(): warning: 3 host(s) were not released
1757171696.812333: 2060432-7f4516ffd700: cdpl_ipc.c:3767: in cdpl_ipc_free(): debug: done
1757171696.812334: 2060432-7f4516ffd700: cdpl_monitor.c:1390: in cdpl_mn_free(): debug: freeing monitor client
1757171696.812416: 2060432-7f455c10d540: cdpl_farm.c:2740: in cdpl_farm_free(): info: freeing farm
1757171696.812434: 2060432-7f45067fc700: cdpl_farm.c:2231: in _schedule(): debug: end of idling
1757171696.812443: 2060432-7f45067fc700: cdpl_farm.c:2235: in _schedule(): debug: dying
1757171696.812504: 2060432-7f455c10d540: cdpl_farm.c:913: in _killall(): debug: killing all remaining commands
1757171696.812516: 2060432-7f455c10d540: cdpl_server.c:3144: in cdpl_sv_free(): info: freeing server S1312338485
1757171696.812530: 2060432-7f455c10d540: cdpl_server.c:3109: in cdpl_sv_kill_errno(): info: killing server
1757171696.812532: 2060432-7f455c10d540: cdpl_ipc.c:3677: in cdpl_ipc_kill(): debug: stopping event server
1757171696.812543: 2060432-7f4517fff700: cdpl_ipc.c:2460: in _epoll_main(): debug: server going down...
1757171696.812547: 2060432-7f45177fe700: cdpl_server_ipc.c:1200: in _sv_ipc_thread(): debug: leaving now
1757171696.812554: 2060432-7f455c10d540: cdpl_server.c:334: in _sv_free_master(): info: freeing master M1
1757171696.812561: 2060432-7f455c10d540: cdpl_hash.c:68: in cdpl_h_destroy(): debug: put operations: 2
1757171696.812562: 2060432-7f455c10d540: cdpl_hash.c:69: in cdpl_h_destroy(): debug: put collisions: 0
1757171696.812564: 2060432-7f455c10d540: cdpl_hash.c:70: in cdpl_h_destroy(): debug: get operations: 0
1757171696.812565: 2060432-7f455c10d540: cdpl_hash.c:71: in cdpl_h_destroy(): debug: get iterations: 0
1757171696.812575: 2060432-7f455c10d540: cdpl_monitor.c:1390: in cdpl_mn_free(): debug: freeing monitor server
1757171696.812577: 2060432-7f455c10d540: cdpl_ipc.c:3728: in cdpl_ipc_free(): debug: releasing IPC handle
1757171696.812579: 2060432-7f455c10d540: cdpl_ipc.c:1582: in _host_free__UNSAFE(): debug: freeing host `152.14.98.53:39678'
1757171696.812581: 2060432-7f455c10d540: cdpl_ipc.c:1621: in _host_free__UNSAFE(): debug: [0 outq, 0 spR, 0 spW]
1757171696.812600: 2060432-7f455c10d540: cdpl_ipc.c:3767: in cdpl_ipc_free(): debug: done
1757171696.812605: 2060432-7f455c10d540: cdpl_log.c:481: in cdpl_log_close(): info: @@end_of_log@@
