1757188921.984109: 2278101-7f04a2b36540: cdpl_log.c:337: in cdpl_log_open(): info: @@start_of_log@@
1757188921.984118: 2278101-7f04a2b36540: cdpl_log.c:1058: in cdpl_log_dump_sysinfo(): info: time: 2025/09/06 16:02:01 EDT -0400
1757188921.984121: 2278101-7f04a2b36540: cdpl_log.c:1060: in cdpl_log_dump_sysinfo(): info: version: W-2024.09-SP1-2 
1757188921.984122: 2278101-7f04a2b36540: cdpl_log.c:1062: in cdpl_log_dump_sysinfo(): info: system: Linux 4.18.0-553.69.1.el8_10.x86_64 #1 SMP Thu Aug 7 18:10:00 EDT 2025
1757188921.984124: 2278101-7f04a2b36540: cdpl_log.c:1067: in cdpl_log_dump_sysinfo(): info: processor: x86_64 64-bits
1757188921.984125: 2278101-7f04a2b36540: cdpl_log.c:1071: in cdpl_log_dump_sysinfo(): info: hostname: claws-compute3.ece.ncsu.edu
1757188921.984127: 2278101-7f04a2b36540: cdpl_log.c:1073: in cdpl_log_dump_sysinfo(): info: program name: custom_shell
1757188921.984129: 2278101-7f04a2b36540: cdpl_log.c:340: in cdpl_log_open(): debug: path: /home/argershm/180-voltmeter/Analog/cc/synopsys_custom/pwdp_jobs/saeSession4_diffmodegain.SimulationSimulation_cdpl.1.2278101/logs/master.claws-compute3.ece.ncsu.edu.2278101.log
1757188921.984131: 2278101-7f04a2b36540: cdpl_log.c:341: in cdpl_log_open(): debug: dir: /home/argershm/180-voltmeter/Analog/cc/synopsys_custom/pwdp_jobs/saeSession4_diffmodegain.SimulationSimulation_cdpl.1.2278101/logs
1757188921.984135: 2278101-7f04a2b36540: cdpl_server.c:536: in cdpl_sv_init(): info: new server S172867684
1757188921.984138: 2278101-7f04a2b36540: cdpl_ipc.c:3475: in cdpl_ipc_init(): info: requesting IPv4 protocol
1757188921.988016: 2278101-7f04a2b36540: cdpl_ipc.c:837: in _selectaddrfamily(): info: selected IPv4 protocol
1757188921.988032: 2278101-7f04a2b36540: cdpl_ipc.c:1139: in _set_keepalive(): info: TCP keep alive interval: 300
1757188921.992407: 2278101-7f04a2b36540: cdpl_monitor.c:1117: in cdpl_mn_new_server(): info: creating server monitor instance
1757188921.992413: 2278101-7f04a2b36540: cdpl_server.c:650: in cdpl_sv_new_master(): info: new master M1
1757188921.992417: 2278101-7f04a2b36540: cdpl_server.c:6533: in cdpl_sv_ctl_master(): info: Setting worker heartbeat to 120 seconds
1757188921.992419: 2278101-7f04a2b36540: cdpl_server.c:6542: in cdpl_sv_ctl_master(): info: Setting worker heartbeat timeout to 3 heartbeats
1757188921.992420: 2278101-7f04a2b36540: cdpl_compat_master.c:2090: in _parse_hostfile(): info: reading hostfile `/home/argershm/180-voltmeter/Analog/cc/synopsys_custom/pwdp_jobs/saeSession4_diffmodegain.SimulationSimulation_cdpl.1.2278101/host_file'
1757188921.992430: 2278101-7f04a2b36540: cdpl_compat_master.c:1900: in _hostfile_parser(): debug: parsing "1     |localhost|   -1  | /tmp | SH | sh"
1757188921.992434: 2278101-7f04a2b36540: cdpl_farm.c:2578: in cdpl_farm_new_sh(): info: creating SH farm on localhost
1757188921.992438: 2278101-7f04a2b36540: cdpl_compat_master.c:206: in _set_farm_env(): info: exporting CDPL_LOGDIR as `/home/argershm/180-voltmeter/Analog/cc/synopsys_custom/pwdp_jobs/saeSession4_diffmodegain.SimulationSimulation_cdpl.1.2278101/logs'
1757188921.992440: 2278101-7f04a2b36540: cdpl_compat_master.c:212: in _set_farm_env(): info: exporting CDPL_TMPDIR as `/tmp'
1757188921.992442: 2278101-7f04a2b36540: cdpl_compat_master.c:235: in _set_farm_env(): info: exporting SNPSLMD_LICENSE_FILE as `27000@ece-lic-35.ece.ncsu.edu'
1757188921.992444: 2278101-7f04a2b36540: cdpl_compat_master.c:259: in _set_farm_env(): info: exporting CDPL_OPTIONS as `[nowlogs]'
1757188921.992445: 2278101-7f04a2b36540: cdpl_compat_master.c:266: in _set_farm_env(): info: exporting DISPLAY as `unix:16725'
1757188921.992447: 2278101-7f04a2b36540: cdpl_compat_master.c:274: in _set_farm_env(): info: exporting CDPL_HEARTBEAT as `120'
1757188921.992450: 2278101-7f04a2b36540: cdpl_farm.c:3149: in cdpl_farm_add_withdir(): debug: added `localhost' (capacity: unlimited)
1757188921.992452: 2278101-7f04a2b36540: cdpl_compat_parse.c:147: in parsefile(): debug: read `/home/argershm/180-voltmeter/Analog/cc/synopsys_custom/pwdp_jobs/saeSession4_diffmodegain.SimulationSimulation_cdpl.1.2278101/host_file', 2 lines
1757188921.992457: 2278101-7f04a2b36540: cdpl_compat_master.c:2931: in cdplInitMaster(): info: bcast dir is `/home/argershm/180-voltmeter/Analog/cc/synopsys_custom/pwdp_jobs/saeSession4_diffmodegain.SimulationSimulation_cdpl.1.2278101/logs'
1757188921.992485: 2278101-7f04a2b36540: cdpl_server.c:6433: in cdpl_sv_ctl_master(): info: farm worker timeout set to 300
1757188921.992487: 2278101-7f04a2b36540: cdpl_server.c:6486: in cdpl_sv_ctl_master(): info: maximum number of task execution attempts set to 1
1757188921.992490: 2278101-7f04a2b36540: cdpl_server.c:3195: in cdpl_sv_start(): debug: starting server
1757188921.992492: 2278101-7f04a2b36540: cdpl_ipc.c:3632: in cdpl_ipc_start(): debug: starting IPC server 152.14.98.53:33239
1757188921.992657: 2278101-7f045f15a700: cdpl_server_ipc.c:1182: in _sv_ipc_thread(): debug: ready
1757188921.992699: 2278101-7f044e7fc700: cdpl_monitor.c:426: in cdpl_mn_init_client(): info: creating client monitor instance
1757188921.992714: 2278101-7f044e7fc700: cdpl_ipc.c:3475: in cdpl_ipc_init(): info: requesting IPv4 protocol
1757188921.996714: 2278101-7f044e7fc700: cdpl_ipc.c:837: in _selectaddrfamily(): info: selected IPv4 protocol
1757188921.996735: 2278101-7f044e7fc700: cdpl_ipc.c:1139: in _set_keepalive(): info: TCP keep alive interval: 300
1757188921.999546: 2278101-7f044e7fc700: cdpl_ipc.c:3632: in cdpl_ipc_start(): debug: starting IPC server 152.14.98.53:42297
1757188921.999661: 2278101-7f044e7fc700: cdpl_monitor.c:471: in cdpl_mn_init_client(): debug: incoming messages in /tmp/cdpl-monitor-uy2uKp
1757188921.999738: 2278101-7f044e7fc700: cdpl_monitor.c:533: in cdpl_mn_connect(): debug: connecting to 152.14.98.53:33239
1757188921.999740: 2278101-7f044e7fc700: cdpl_ipc.c:3789: in cdpl_ipc_connect(): info: connecting to 152.14.98.53:33239
1757188921.999843: 2278101-7f044e7fc700: cdpl_ipc.c:3860: in cdpl_ipc_connect(): info: connected as `152.14.98.53:60820'
1757188921.999847: 2278101-7f044e7fc700: cdpl_ipc.c:2503: in cdpl_ipc_host_accept(): debug: accepted host `152.14.98.53:33239'
1757188921.999851: 2278101-7f044e7fc700: cdpl_monitor.c:579: in cdpl_mn_connect(): debug: ok
1757188921.999860: 2278101-7f04a2b36540: cdpl_server.c:731: in cdpl_sv_new_job(): info: new job J1 in M1
1757188921.999867: 2278101-7f045e959700: cdpl_ipc.c:1862: in _epoll_accept(): debug: new connection from `152.14.98.53:60820'
1757188921.999879: 2278101-7f04a2b36540: cdpl_compat_master.c:1581: in _add_worker(): info: new worker type 10, min:1, max:3, cmd:`/home/argershm/180-voltmeter/Analog/cc/synopsys_custom/pwdp_jobs/saeSession4_diffmodegain.SimulationSimulation_cdpl.1.2278101/START_WORKER pw_worker -i /home/argershm/180-voltmeter/Analog/cc/synopsys_custom/pwdp_jobs
1757188921.999883: 2278101-7f04a2b36540: cdpl_server.c:908: in cdpl_sv_new_bin_withfarm(): info: new bin B1 in J1
1757188921.999894: 2278101-7f045f15a700: cdpl_server_ipc.c:1225: in _sv_ipc_thread(): debug: received ACCEPT notification
1757188921.999905: 2278101-7f045f15a700: cdpl_ipc.c:2503: in cdpl_ipc_host_accept(): debug: accepted host `152.14.98.53:60820'
1757188921.999920: 2278101-7f045f15a700: cdpl_server_ipc.c:1256: in _sv_ipc_thread(): debug: received MONITOR message
1757188922.000094: 2278101-7f045f15a700: cdpl_monitor.c:1207: in cdpl_mn_accept(): debug: accepted monitor `152.14.98.53:60820'
1757188922.000103: 2278101-7f045f15a700: cdpl_server_ipc_mon.c:120: in _globalLOCK(): debug: ENTERTING GLOBAL LOCK
1757188922.000105: 2278101-7f045f15a700: cdpl_server_ipc_mon.c:164: in _globalLOCK(): debug: global lock acquired
1757188922.000109: 2278101-7f045c955700: cdpl_monitor.c:910: in mn_systat(): debug: started
1757188922.000333: 2278101-7f045c955700: cdpl_monitor.c:937: in mn_systat(): debug: monitor server flush rate: 5
1757188922.779258: 2278101-7f045f15a700: cdpl_server_ipc_mon.c:210: in _globalUNLOCK(): debug: LEAVING GLOBAL LOCK
1757188922.779286: 2278101-7f04a2b36540: cdpl_server.c:3249: in cdpl_sv_start_job(): info: starting job J1
1757188922.779306: 2278101-7f04a2b36540: cdpl_server.c:62: in _sv_start_bin(): debug: starting bin B1 (min: 0, max: 3)
1757188922.779409: 2278101-7f04a2b36540: cdpl_server.c:1893: in _sv_gen_task(): info: new task T0 in B1 (prio 0)
1757188922.779415: 2278101-7f044effd700: cdpl_server_sched.c:2482: in _sv_scheduler_thread(): debug: scheduler for bin B1 started
1757188922.779428: 2278101-7f04a2b36540: cdpl_server.c:2698: in cdpl_sv_label_task_va(): info: setting task T0 label to "PrimeSim_2|PrimeSim"
1757188922.779439: 2278101-7f044effd700: cdpl_server_sched.c:2443: in _scheduler_run(): debug: will start a new worker
1757188922.779448: 2278101-7f044effd700: cdpl_farm.c:3977: in cdpl_farm_submit(): debug: 1 running processes
1757188922.779451: 2278101-7f044effd700: cdpl_farm.c:3985: in cdpl_farm_submit(): debug: new command C1 in bin B1 assigned to host `localhost'
1757188922.779525: 2278101-7f044effd700: cdpl_server_sched.c:705: in _sv_launch_worker(): info: started worker W1 (as C1) in bin B1
1757188922.779762: 2278101-7f044dffb700: cdpl_farm.c:2139: in _schedule(): debug: started
1757188922.779770: 2278101-7f044dffb700: cdpl_farm.c:2303: in _schedule(): debug: submitting command C1 in bin B1
1757188922.779775: 2278101-7f044dffb700: cdpl_sh.c:49: in _sh_detached_submit(): info: SH : /home/argershm/180-voltmeter/Analog/cc/synopsys_custom/pwdp_jobs/saeSession4_diffmodegain.SimulationSimulation_cdpl.1.2278101/START_WORKER pw_worker -i /home/argershm/180-voltmeter/Analog/cc/synopsys_custom/pwdp_jobs/saeSession4_diffmodegain.SimulationSimulation_cdpl.1.2278101 -t 10000
1757188922.786702: 2278101-7f044dffb700: cdpl_farm.c:2343: in _schedule(): debug: C1 in bin B1 running on slot 0
1757188922.786728: 2278101-7f044dffb700: cdpl_farm.c:2167: in _schedule(): debug: idle
1757188922.868534: 2278101-7f04a2b36540: cdpl_compat_master.c:5948: in cdplMasterLogInfo(): info: [non-CDPL log entry] PWDP3: reset pilot cache succeeded, pilot_key=saeSession4,1,diff_mode_gain|&/home/argershm/180-voltmeter/Analog/cc/simulation/integrator,tb_main_opamp,schematic/history_1/simulation/diff_mode_gain/PrimeSimSPICE/nominal/results
1757188923.086796: 2278101-7f044dffb700: cdpl_farm.c:1193: in _onexit(): debug: C1 in bin B1 exited normally on slot 0
1757188923.891131: 2278101-7f044ffff700: cdpl_compat_master.c:5948: in cdplMasterLogInfo(): info: [non-CDPL log entry] PWDP - no-workers started ok check start!
1757188924.611537: 2278101-7f045e959700: cdpl_ipc.c:1862: in _epoll_accept(): debug: new connection from `152.14.98.53:60832'
1757188924.611584: 2278101-7f045f15a700: cdpl_server_ipc.c:1225: in _sv_ipc_thread(): debug: received ACCEPT notification
1757188924.611600: 2278101-7f045f15a700: cdpl_ipc.c:2503: in cdpl_ipc_host_accept(): debug: accepted host `152.14.98.53:60832'
1757188924.611847: 2278101-7f045f15a700: cdpl_server_ipc.c:1246: in _sv_ipc_thread(): debug: received HELLO message
1757188924.611854: 2278101-7f045f15a700: cdpl_server_ipc.c:430: in _sv_on_hello(): debug: looking up W1
1757188924.611860: 2278101-7f045f15a700: cdpl_server_ipc.c:540: in _sv_on_hello(): info: W1 is `152.14.98.53:60832'
1757188924.611862: 2278101-7f045f15a700: cdpl_server_ipc.c:541: in _sv_on_hello(): debug: hello W1 (B1)
1757188924.611863: 2278101-7f045f15a700: cdpl_server_ipc.c:542: in _sv_on_hello(): info: W1 log file is /dev/null
1757188924.611876: 2278101-7f045f15a700: cdpl_server_ipc.c:602: in _sv_on_hello(): info: up to 1 alive workers in B1
1757188924.611880: 2278101-7f045f15a700: cdpl_farm.c:878: in _release_cmd(): debug: freeing command C1 in bin B1
1757188924.611955: 2278101-7f044effd700: cdpl_server_sched.c:960: in _assign(): info: assigning task T0 to worker W1
1757188924.675509: 2278101-7f045f15a700: cdpl_server_ipc.c:1268: in _sv_ipc_thread(): debug: received RELAY message
1757188924.675517: 2278101-7f045f15a700: cdpl_server_ipc.c:713: in _sv_on_relay(): debug: RELAY message from W1, size = 65
1757188924.675520: 2278101-7f045f15a700: cdpl_server_ipc.c:715: in _sv_on_relay(): debug: RELAY message from W1, content = 0$2294297 claws-compute3.ece.ncsu.edu 2294313 RUNNING 1757188924
1757188925.612034: 2278101-7f045f15a700: cdpl_server_ipc.c:312: in _sv_on_heartbeat(): debug: received HEARTBEAT from worker W1 at 152.14.98.53:60832
1757188927.000992: 2278101-7f044e7fc700: cdpl_monitor.c:533: in cdpl_mn_connect(): debug: connecting to 152.14.98.53:33869
1757188927.001006: 2278101-7f044e7fc700: cdpl_ipc.c:3789: in cdpl_ipc_connect(): info: connecting to 152.14.98.53:33869
1757188927.001157: 2278101-7f044e7fc700: cdpl_ipc.c:3860: in cdpl_ipc_connect(): info: connected as `152.14.98.53:54638'
1757188927.001165: 2278101-7f044e7fc700: cdpl_ipc.c:2503: in cdpl_ipc_host_accept(): debug: accepted host `152.14.98.53:33869'
1757188927.001169: 2278101-7f044e7fc700: cdpl_monitor.c:579: in cdpl_mn_connect(): debug: ok
1757188931.118739: 2278101-7f045f15a700: cdpl_server_ipc.c:1268: in _sv_ipc_thread(): debug: received RELAY message
1757188931.118757: 2278101-7f045f15a700: cdpl_server_ipc.c:713: in _sv_on_relay(): debug: RELAY message from W1, size = 52
1757188931.118760: 2278101-7f045f15a700: cdpl_server_ipc.c:715: in _sv_on_relay(): debug: RELAY message from W1, content = WORKERDU|8132,/dev/mapper/rhel_claws--compute3-home
1757188931.118765: 2278101-7f045f15a700: cdpl_server_ipc.c:1268: in _sv_ipc_thread(): debug: received RELAY message
1757188931.118767: 2278101-7f045f15a700: cdpl_server_ipc.c:713: in _sv_on_relay(): debug: RELAY message from W1, size = 193
1757188931.118769: 2278101-7f045f15a700: cdpl_server_ipc.c:715: in _sv_on_relay(): debug: RELAY message from W1, content = REQPILOT|saeSession4,1,diff_mode_gain|&/home/argershm/180-voltmeter/Analog/cc/simulation/integrator,tb_main_opamp,schematic/history_1/simulation/diff_mode_gain/PrimeSimSPICE/nominal/results|&0
1757188931.118813: 2278101-7f045d156700: cdpl_compat_master.c:5948: in cdplMasterLogInfo(): info: [non-CDPL log entry] PWDP send back 'DOPILOT' to worker id:1 key: saeSession4,1,diff_mode_gain|&/home/argershm/180-voltmeter/Analog/cc/simulation/integrator,tb_main_opamp,schematic/history_1/simulation/diff_mode_gain/PrimeSimSPICE/nominal/results
1757188931.118973: 2278101-7f045d156700: cdpl_compat_master.c:5948: in cdplMasterLogInfo(): info: [non-CDPL log entry] PWDP: set pilot doing!
1757188931.122302: 2278101-7f045f15a700: cdpl_server_ipc.c:1268: in _sv_ipc_thread(): debug: received RELAY message
1757188931.122311: 2278101-7f045f15a700: cdpl_server_ipc.c:713: in _sv_on_relay(): debug: RELAY message from W1, size = 189
1757188931.122313: 2278101-7f045f15a700: cdpl_server_ipc.c:715: in _sv_on_relay(): debug: RELAY message from W1, content = PILOTOK|saeSession4,1,diff_mode_gain|&/home/argershm/180-voltmeter/Analog/cc/simulation/integrator,tb_main_opamp,schematic/history_1/simulation/diff_mode_gain/PrimeSimSPICE/nominal/results
1757188931.122332: 2278101-7f045d156700: cdpl_compat_master.c:5948: in cdplMasterLogInfo(): info: [non-CDPL log entry] PWDP: set pilot done!
1757188931.122380: 2278101-7f045f15a700: cdpl_server_ipc.c:1268: in _sv_ipc_thread(): debug: received RELAY message
1757188931.122382: 2278101-7f045f15a700: cdpl_server_ipc.c:713: in _sv_on_relay(): debug: RELAY message from W1, size = 18
1757188931.122384: 2278101-7f045f15a700: cdpl_server_ipc.c:715: in _sv_on_relay(): debug: RELAY message from W1, content = 0$- - - MEASDOING
1757188931.378518: 2278101-7f045f15a700: cdpl_server_ipc.c:1268: in _sv_ipc_thread(): debug: received RELAY message
1757188931.378526: 2278101-7f045f15a700: cdpl_server_ipc.c:713: in _sv_on_relay(): debug: RELAY message from W1, size = 77
1757188931.378528: 2278101-7f045f15a700: cdpl_server_ipc.c:715: in _sv_on_relay(): debug: RELAY message from W1, content = 0$2294297 claws-compute3.ece.ncsu.edu 2294313 FINISHED 1757188924|1757188931
1757188931.380243: 2278101-7f045f15a700: cdpl_server_ipc.c:1268: in _sv_ipc_thread(): debug: received RELAY message
1757188931.380250: 2278101-7f045f15a700: cdpl_server_ipc.c:713: in _sv_on_relay(): debug: RELAY message from W1, size = 191
1757188931.380253: 2278101-7f045f15a700: cdpl_server_ipc.c:715: in _sv_on_relay(): debug: RELAY message from W1, content = PILOTDONE|saeSession4,1,diff_mode_gain|&/home/argershm/180-voltmeter/Analog/cc/simulation/integrator,tb_main_opamp,schematic/history_1/simulation/diff_mode_gain/PrimeSimSPICE/nominal/results
1757188931.380277: 2278101-7f045d156700: cdpl_compat_master.c:5948: in cdplMasterLogInfo(): info: [non-CDPL log entry] saeSession4,1,diff_mode_gain|&/home/argershm/180-voltmeter/Analog/cc/simulation/integrator,tb_main_opamp,schematic/history_1/simulation/diff_mode_gain/PrimeSimSPICE/nominal/results PILOTDONE!
1757188931.380525: 2278101-7f045f15a700: cdpl_server_ipc.c:1251: in _sv_ipc_thread(): debug: received FINISH message
1757188931.380531: 2278101-7f045f15a700: cdpl_server_ipc.c:983: in _sv_on_finish(): info: worker W1 completed task T0
1757188931.380534: 2278101-7f045f15a700: cdpl_server_ipc.c:988: in _sv_on_finish(): debug: stat T0: utime=3612 stime=1900
1757188931.380536: 2278101-7f045f15a700: cdpl_server_ipc.c:993: in _sv_on_finish(): debug: statm T0: vsize=3054808 rss=1034928 shared=519256 text=474784 data=710028
1757188931.385861: 2278101-7f045f15a700: cdpl_server_ipc.c:1268: in _sv_ipc_thread(): debug: received RELAY message
1757188931.385869: 2278101-7f045f15a700: cdpl_server_ipc.c:713: in _sv_on_relay(): debug: RELAY message from W1, size = 50
1757188931.385871: 2278101-7f045f15a700: cdpl_server_ipc.c:715: in _sv_on_relay(): debug: RELAY message from W1, content = WORKERDU|20,/dev/mapper/rhel_claws--compute3-home
1757188931.471090: 2278101-7f04a2b36540: cdpl_server.c:227: in _sv_free_task_safe(): debug: freeing task T0
1757188932.492173: 2278101-7f04a2b36540: cdpl_server.c:3008: in cdpl_sv_halt_job_errno(): info: killing job J1
1757188932.492202: 2278101-7f04a2b36540: cdpl_server.c:3044: in cdpl_sv_halt_job_errno(): debug: signal bin B1 scheduler to stop
1757188932.492216: 2278101-7f044effd700: cdpl_server_sched.c:2484: in _sv_scheduler_thread(): debug: scheduler for bin B1 stopped
1757188932.492225: 2278101-7f044effd700: cdpl_ipc.c:1657: in _host_drop__UNSAFE(): debug: dropping host `152.14.98.53:60832'
1757188932.492255: 2278101-7f044effd700: cdpl_server_sched.c:2830: in _sv_drop_worker(): info: down to 0 alive workers in B1
1757188932.492258: 2278101-7f044effd700: cdpl_farm.c:4152: in cdpl_farm_dismiss(): debug: down to 0 running processes
1757188932.492262: 2278101-7f045f15a700: cdpl_server_ipc.c:1236: in _sv_ipc_thread(): debug: received DROP notification
1757188932.492280: 2278101-7f044effd700: cdpl_server_sched.c:121: in _free_worker_2(): debug: freeing worker W1
1757188932.492283: 2278101-7f044effd700: cdpl_ipc.c:2513: in cdpl_ipc_host_release(): debug: releasing host `152.14.98.53:60832'
1757188932.492285: 2278101-7f044effd700: cdpl_ipc.c:2529: in cdpl_ipc_host_release(): debug: scheduling for immediate release
1757188932.492301: 2278101-7f04a2b36540: cdpl_server.c:294: in _sv_free_job(): info: freeing job J1
1757188932.492306: 2278101-7f04a2b36540: cdpl_server.c:92: in _sv_free_bin(): debug: freeing bin B1
1757188932.492315: 2278101-7f04a2b36540: cdpl_monitor.c:515: in cdpl_mn_kill(): info: killing monitor
1757188932.492317: 2278101-7f04a2b36540: cdpl_ipc.c:3677: in cdpl_ipc_kill(): debug: stopping event server
1757188932.492331: 2278101-7f045e158700: cdpl_ipc.c:2460: in _epoll_main(): debug: server going down...
1757188932.492366: 2278101-7f045e959700: cdpl_ipc.c:775: in _readv(): warning: read(): EOF
1757188932.492377: 2278101-7f045e959700: cdpl_ipc.c:2100: in _epoll_recv(): debug: _readv(): Broken pipe
1757188932.492380: 2278101-7f045e959700: cdpl_ipc.c:2424: in _epoll_main(): debug: _epoll_recv(): Broken pipe
1757188932.492385: 2278101-7f045e959700: cdpl_ipc.c:1657: in _host_drop__UNSAFE(): debug: dropping host `152.14.98.53:60820'
1757188932.492425: 2278101-7f045e959700: cdpl_ipc.c:1582: in _host_free__UNSAFE(): debug: freeing host `152.14.98.53:60832'
1757188932.492427: 2278101-7f045e959700: cdpl_ipc.c:1621: in _host_free__UNSAFE(): debug: [0 outq, 0 spR, 0 spW]
1757188932.492435: 2278101-7f045f15a700: cdpl_server_ipc.c:1236: in _sv_ipc_thread(): debug: received DROP notification
1757188932.492439: 2278101-7f045f15a700: cdpl_monitor.c:1269: in cdpl_mn_drop(): debug: detaching from monitor `152.14.98.53:60820'
1757188932.492450: 2278101-7f045f15a700: cdpl_monitor.c:1101: in mn_systat_stop(): debug: joining systat thread
1757188932.492461: 2278101-7f045c955700: cdpl_monitor.c:1079: in mn_systat(): debug: exiting
1757188932.492469: 2278101-7f045f15a700: cdpl_monitor.c:1103: in mn_systat_stop(): debug: systat thread done
1757188932.492471: 2278101-7f045f15a700: cdpl_ipc.c:2513: in cdpl_ipc_host_release(): debug: releasing host `152.14.98.53:60820'
1757188932.492533: 2278101-7f044e7fc700: cdpl_ipc.c:3728: in cdpl_ipc_free(): debug: releasing IPC handle
1757188932.492543: 2278101-7f044e7fc700: cdpl_ipc.c:1582: in _host_free__UNSAFE(): debug: freeing host `152.14.98.53:33869'
1757188932.492546: 2278101-7f044e7fc700: cdpl_ipc.c:1621: in _host_free__UNSAFE(): debug: [0 outq, 0 spR, 0 spW]
1757188932.492561: 2278101-7f044e7fc700: cdpl_ipc.c:1582: in _host_free__UNSAFE(): debug: freeing host `152.14.98.53:33239'
1757188932.492563: 2278101-7f044e7fc700: cdpl_ipc.c:1621: in _host_free__UNSAFE(): debug: [0 outq, 0 spR, 0 spW]
1757188932.492570: 2278101-7f044e7fc700: cdpl_ipc.c:3756: in cdpl_ipc_free(): warning: 2 host(s) were not released
1757188932.492578: 2278101-7f044e7fc700: cdpl_ipc.c:3767: in cdpl_ipc_free(): debug: done
1757188932.492579: 2278101-7f044e7fc700: cdpl_monitor.c:1390: in cdpl_mn_free(): debug: freeing monitor client
1757188932.492660: 2278101-7f04a2b36540: cdpl_farm.c:2740: in cdpl_farm_free(): info: freeing farm
1757188932.492677: 2278101-7f044dffb700: cdpl_farm.c:2231: in _schedule(): debug: end of idling
1757188932.492685: 2278101-7f044dffb700: cdpl_farm.c:2235: in _schedule(): debug: dying
1757188932.492729: 2278101-7f04a2b36540: cdpl_farm.c:913: in _killall(): debug: killing all remaining commands
1757188932.492734: 2278101-7f04a2b36540: cdpl_server.c:3144: in cdpl_sv_free(): info: freeing server S172867684
1757188932.492737: 2278101-7f04a2b36540: cdpl_server.c:3109: in cdpl_sv_kill_errno(): info: killing server
1757188932.492738: 2278101-7f04a2b36540: cdpl_ipc.c:3677: in cdpl_ipc_kill(): debug: stopping event server
1757188932.492747: 2278101-7f045e959700: cdpl_ipc.c:2460: in _epoll_main(): debug: server going down...
1757188932.492749: 2278101-7f045f15a700: cdpl_server_ipc.c:1200: in _sv_ipc_thread(): debug: leaving now
1757188932.492757: 2278101-7f04a2b36540: cdpl_server.c:334: in _sv_free_master(): info: freeing master M1
1757188932.492760: 2278101-7f04a2b36540: cdpl_hash.c:68: in cdpl_h_destroy(): debug: put operations: 1
1757188932.492762: 2278101-7f04a2b36540: cdpl_hash.c:69: in cdpl_h_destroy(): debug: put collisions: 0
1757188932.492763: 2278101-7f04a2b36540: cdpl_hash.c:70: in cdpl_h_destroy(): debug: get operations: 1
1757188932.492765: 2278101-7f04a2b36540: cdpl_hash.c:71: in cdpl_h_destroy(): debug: get iterations: 1
1757188932.492768: 2278101-7f04a2b36540: cdpl_monitor.c:1390: in cdpl_mn_free(): debug: freeing monitor server
1757188932.492770: 2278101-7f04a2b36540: cdpl_ipc.c:3728: in cdpl_ipc_free(): debug: releasing IPC handle
1757188932.492772: 2278101-7f04a2b36540: cdpl_ipc.c:1582: in _host_free__UNSAFE(): debug: freeing host `152.14.98.53:60820'
1757188932.492773: 2278101-7f04a2b36540: cdpl_ipc.c:1621: in _host_free__UNSAFE(): debug: [0 outq, 0 spR, 0 spW]
1757188932.492794: 2278101-7f04a2b36540: cdpl_ipc.c:3767: in cdpl_ipc_free(): debug: done
1757188932.492796: 2278101-7f04a2b36540: cdpl_log.c:481: in cdpl_log_close(): info: @@end_of_log@@
