1757196999.241346: 2853530-7fe8215a0540: cdpl_log.c:337: in cdpl_log_open(): info: @@start_of_log@@
1757196999.241371: 2853530-7fe8215a0540: cdpl_log.c:1058: in cdpl_log_dump_sysinfo(): info: time: 2025/09/06 18:16:39 EDT -0400
1757196999.241374: 2853530-7fe8215a0540: cdpl_log.c:1060: in cdpl_log_dump_sysinfo(): info: version: W-2024.09-SP1-2 
1757196999.241375: 2853530-7fe8215a0540: cdpl_log.c:1062: in cdpl_log_dump_sysinfo(): info: system: Linux 4.18.0-553.69.1.el8_10.x86_64 #1 SMP Thu Aug 7 18:10:00 EDT 2025
1757196999.241377: 2853530-7fe8215a0540: cdpl_log.c:1067: in cdpl_log_dump_sysinfo(): info: processor: x86_64 64-bits
1757196999.241378: 2853530-7fe8215a0540: cdpl_log.c:1071: in cdpl_log_dump_sysinfo(): info: hostname: claws-compute3.ece.ncsu.edu
1757196999.241380: 2853530-7fe8215a0540: cdpl_log.c:1073: in cdpl_log_dump_sysinfo(): info: program name: custom_shell
1757196999.241382: 2853530-7fe8215a0540: cdpl_log.c:340: in cdpl_log_open(): debug: path: /home/argershm/180-voltmeter/Analog/cc/synopsys_custom/pwdp_jobs/saeSession4_diffmodegain.SimulationSimulation_cdpl.0.2853530/logs/master.claws-compute3.ece.ncsu.edu.2853530.log
1757196999.241384: 2853530-7fe8215a0540: cdpl_log.c:341: in cdpl_log_open(): debug: dir: /home/argershm/180-voltmeter/Analog/cc/synopsys_custom/pwdp_jobs/saeSession4_diffmodegain.SimulationSimulation_cdpl.0.2853530/logs
1757196999.241416: 2853530-7fe8215a0540: cdpl_server.c:536: in cdpl_sv_init(): info: new server S202546093
1757196999.241426: 2853530-7fe8215a0540: cdpl_ipc.c:3475: in cdpl_ipc_init(): info: requesting IPv4 protocol
1757196999.246282: 2853530-7fe8215a0540: cdpl_ipc.c:837: in _selectaddrfamily(): info: selected IPv4 protocol
1757196999.246307: 2853530-7fe8215a0540: cdpl_ipc.c:1139: in _set_keepalive(): info: TCP keep alive interval: 300
1757196999.249580: 2853530-7fe8215a0540: cdpl_monitor.c:1117: in cdpl_mn_new_server(): info: creating server monitor instance
1757196999.249596: 2853530-7fe8215a0540: cdpl_server.c:650: in cdpl_sv_new_master(): info: new master M1
1757196999.249605: 2853530-7fe8215a0540: cdpl_server.c:6533: in cdpl_sv_ctl_master(): info: Setting worker heartbeat to 120 seconds
1757196999.249608: 2853530-7fe8215a0540: cdpl_server.c:6542: in cdpl_sv_ctl_master(): info: Setting worker heartbeat timeout to 3 heartbeats
1757196999.249609: 2853530-7fe8215a0540: cdpl_compat_master.c:2090: in _parse_hostfile(): info: reading hostfile `/home/argershm/180-voltmeter/Analog/cc/synopsys_custom/pwdp_jobs/saeSession4_diffmodegain.SimulationSimulation_cdpl.0.2853530/host_file'
1757196999.249633: 2853530-7fe8215a0540: cdpl_compat_master.c:1900: in _hostfile_parser(): debug: parsing "1     |localhost|   -1  | /tmp | SH | sh"
1757196999.249646: 2853530-7fe8215a0540: cdpl_farm.c:2578: in cdpl_farm_new_sh(): info: creating SH farm on localhost
1757196999.249652: 2853530-7fe8215a0540: cdpl_compat_master.c:206: in _set_farm_env(): info: exporting CDPL_LOGDIR as `/home/argershm/180-voltmeter/Analog/cc/synopsys_custom/pwdp_jobs/saeSession4_diffmodegain.SimulationSimulation_cdpl.0.2853530/logs'
1757196999.249654: 2853530-7fe8215a0540: cdpl_compat_master.c:212: in _set_farm_env(): info: exporting CDPL_TMPDIR as `/tmp'
1757196999.249656: 2853530-7fe8215a0540: cdpl_compat_master.c:235: in _set_farm_env(): info: exporting SNPSLMD_LICENSE_FILE as `27000@ece-lic-35.ece.ncsu.edu'
1757196999.249658: 2853530-7fe8215a0540: cdpl_compat_master.c:259: in _set_farm_env(): info: exporting CDPL_OPTIONS as `[nowlogs]'
1757196999.249660: 2853530-7fe8215a0540: cdpl_compat_master.c:266: in _set_farm_env(): info: exporting DISPLAY as `unix:22484'
1757196999.249661: 2853530-7fe8215a0540: cdpl_compat_master.c:274: in _set_farm_env(): info: exporting CDPL_HEARTBEAT as `120'
1757196999.249671: 2853530-7fe8215a0540: cdpl_farm.c:3149: in cdpl_farm_add_withdir(): debug: added `localhost' (capacity: unlimited)
1757196999.249673: 2853530-7fe8215a0540: cdpl_compat_parse.c:147: in parsefile(): debug: read `/home/argershm/180-voltmeter/Analog/cc/synopsys_custom/pwdp_jobs/saeSession4_diffmodegain.SimulationSimulation_cdpl.0.2853530/host_file', 2 lines
1757196999.249678: 2853530-7fe8215a0540: cdpl_compat_master.c:2931: in cdplInitMaster(): info: bcast dir is `/home/argershm/180-voltmeter/Analog/cc/synopsys_custom/pwdp_jobs/saeSession4_diffmodegain.SimulationSimulation_cdpl.0.2853530/logs'
1757196999.249727: 2853530-7fe8215a0540: cdpl_server.c:6433: in cdpl_sv_ctl_master(): info: farm worker timeout set to 300
1757196999.249729: 2853530-7fe8215a0540: cdpl_server.c:6486: in cdpl_sv_ctl_master(): info: maximum number of task execution attempts set to 1
1757196999.249744: 2853530-7fe8215a0540: cdpl_server.c:3195: in cdpl_sv_start(): debug: starting server
1757196999.249748: 2853530-7fe8215a0540: cdpl_ipc.c:3632: in cdpl_ipc_start(): debug: starting IPC server 152.14.98.53:36343
1757196999.249986: 2853530-7fe7e543d700: cdpl_server_ipc.c:1182: in _sv_ipc_thread(): debug: ready
1757196999.250085: 2853530-7fe7e4c3c700: cdpl_monitor.c:426: in cdpl_mn_init_client(): info: creating client monitor instance
1757196999.250101: 2853530-7fe7e4c3c700: cdpl_ipc.c:3475: in cdpl_ipc_init(): info: requesting IPv4 protocol
1757196999.253988: 2853530-7fe7e4c3c700: cdpl_ipc.c:837: in _selectaddrfamily(): info: selected IPv4 protocol
1757196999.254011: 2853530-7fe7e4c3c700: cdpl_ipc.c:1139: in _set_keepalive(): info: TCP keep alive interval: 300
1757196999.258384: 2853530-7fe7e4c3c700: cdpl_ipc.c:3632: in cdpl_ipc_start(): debug: starting IPC server 152.14.98.53:44421
1757196999.258559: 2853530-7fe7e4c3c700: cdpl_monitor.c:471: in cdpl_mn_init_client(): debug: incoming messages in /tmp/cdpl-monitor-1LwIgf
1757196999.258635: 2853530-7fe7e4c3c700: cdpl_monitor.c:533: in cdpl_mn_connect(): debug: connecting to 152.14.98.53:36343
1757196999.258643: 2853530-7fe7e4c3c700: cdpl_ipc.c:3789: in cdpl_ipc_connect(): info: connecting to 152.14.98.53:36343
1757196999.258705: 2853530-7fe7e4c3c700: cdpl_ipc.c:3860: in cdpl_ipc_connect(): info: connected as `152.14.98.53:36340'
1757196999.258722: 2853530-7fe7e4c3c700: cdpl_ipc.c:2503: in cdpl_ipc_host_accept(): debug: accepted host `152.14.98.53:36343'
1757196999.258749: 2853530-7fe7e5c3e700: cdpl_ipc.c:1862: in _epoll_accept(): debug: new connection from `152.14.98.53:36340'
1757196999.258765: 2853530-7fe7e4c3c700: cdpl_monitor.c:579: in cdpl_mn_connect(): debug: ok
1757196999.258788: 2853530-7fe8215a0540: cdpl_server.c:731: in cdpl_sv_new_job(): info: new job J1 in M1
1757196999.258813: 2853530-7fe8215a0540: cdpl_compat_master.c:1581: in _add_worker(): info: new worker type 10, min:1, max:3, cmd:`/home/argershm/180-voltmeter/Analog/cc/synopsys_custom/pwdp_jobs/saeSession4_diffmodegain.SimulationSimulation_cdpl.0.2853530/START_WORKER pw_worker -i /home/argershm/180-voltmeter/Analog/cc/synopsys_custom/pwdp_jobs
1757196999.258826: 2853530-7fe8215a0540: cdpl_server.c:908: in cdpl_sv_new_bin_withfarm(): info: new bin B1 in J1
1757196999.258828: 2853530-7fe7e543d700: cdpl_server_ipc.c:1225: in _sv_ipc_thread(): debug: received ACCEPT notification
1757196999.258838: 2853530-7fe7e543d700: cdpl_ipc.c:2503: in cdpl_ipc_host_accept(): debug: accepted host `152.14.98.53:36340'
1757196999.258851: 2853530-7fe7e543d700: cdpl_server_ipc.c:1256: in _sv_ipc_thread(): debug: received MONITOR message
1757196999.259055: 2853530-7fe7e543d700: cdpl_monitor.c:1207: in cdpl_mn_accept(): debug: accepted monitor `152.14.98.53:36340'
1757196999.259061: 2853530-7fe7e543d700: cdpl_server_ipc_mon.c:120: in _globalLOCK(): debug: ENTERTING GLOBAL LOCK
1757196999.259064: 2853530-7fe7e543d700: cdpl_server_ipc_mon.c:164: in _globalLOCK(): debug: global lock acquired
1757196999.259075: 2853530-7fe7d67fc700: cdpl_monitor.c:910: in mn_systat(): debug: started
1757196999.259350: 2853530-7fe7d67fc700: cdpl_monitor.c:937: in mn_systat(): debug: monitor server flush rate: 5
1757197000.067911: 2853530-7fe7e543d700: cdpl_server_ipc_mon.c:210: in _globalUNLOCK(): debug: LEAVING GLOBAL LOCK
1757197000.067935: 2853530-7fe8215a0540: cdpl_server.c:3249: in cdpl_sv_start_job(): info: starting job J1
1757197000.067970: 2853530-7fe8215a0540: cdpl_server.c:62: in _sv_start_bin(): debug: starting bin B1 (min: 0, max: 3)
1757197000.068106: 2853530-7fe7d4ff9700: cdpl_server_sched.c:2482: in _sv_scheduler_thread(): debug: scheduler for bin B1 started
1757197000.068128: 2853530-7fe8215a0540: cdpl_server.c:1893: in _sv_gen_task(): info: new task T0 in B1 (prio 0)
1757197000.068163: 2853530-7fe8215a0540: cdpl_server.c:2698: in cdpl_sv_label_task_va(): info: setting task T0 label to "PrimeSim_1|PrimeSim"
1757197000.068218: 2853530-7fe7d4ff9700: cdpl_server_sched.c:2443: in _scheduler_run(): debug: will start a new worker
1757197000.068259: 2853530-7fe7d4ff9700: cdpl_farm.c:3977: in cdpl_farm_submit(): debug: 1 running processes
1757197000.068262: 2853530-7fe7d4ff9700: cdpl_farm.c:3985: in cdpl_farm_submit(): debug: new command C1 in bin B1 assigned to host `localhost'
1757197000.068354: 2853530-7fe7d4ff9700: cdpl_server_sched.c:705: in _sv_launch_worker(): info: started worker W1 (as C1) in bin B1
1757197000.068372: 2853530-7fe7b7fff700: cdpl_farm.c:2139: in _schedule(): debug: started
1757197000.068381: 2853530-7fe7b7fff700: cdpl_farm.c:2303: in _schedule(): debug: submitting command C1 in bin B1
1757197000.068395: 2853530-7fe7b7fff700: cdpl_sh.c:49: in _sh_detached_submit(): info: SH : /home/argershm/180-voltmeter/Analog/cc/synopsys_custom/pwdp_jobs/saeSession4_diffmodegain.SimulationSimulation_cdpl.0.2853530/START_WORKER pw_worker -i /home/argershm/180-voltmeter/Analog/cc/synopsys_custom/pwdp_jobs/saeSession4_diffmodegain.SimulationSimulation_cdpl.0.2853530 -t 10000
1757197000.076769: 2853530-7fe7b7fff700: cdpl_farm.c:2343: in _schedule(): debug: C1 in bin B1 running on slot 0
1757197000.076799: 2853530-7fe7b7fff700: cdpl_farm.c:2167: in _schedule(): debug: idle
1757197000.076955: 2853530-7fe8215a0540: cdpl_server.c:1893: in _sv_gen_task(): info: new task T1 in B1 (prio 0)
1757197000.076972: 2853530-7fe8215a0540: cdpl_server.c:2698: in cdpl_sv_label_task_va(): info: setting task T1 label to "PrimeSim_2|PrimeSim"
1757197000.077000: 2853530-7fe7d4ff9700: cdpl_server_sched.c:2443: in _scheduler_run(): debug: will start a new worker
1757197000.077020: 2853530-7fe7d4ff9700: cdpl_farm.c:3977: in cdpl_farm_submit(): debug: 2 running processes
1757197000.077028: 2853530-7fe7d4ff9700: cdpl_farm.c:3985: in cdpl_farm_submit(): debug: new command C2 in bin B1 assigned to host `localhost'
1757197000.077037: 2853530-7fe7d4ff9700: cdpl_server_sched.c:705: in _sv_launch_worker(): info: started worker W2 (as C2) in bin B1
1757197000.077043: 2853530-7fe7b7fff700: cdpl_farm.c:2231: in _schedule(): debug: end of idling
1757197000.077047: 2853530-7fe7b7fff700: cdpl_farm.c:2303: in _schedule(): debug: submitting command C2 in bin B1
1757197000.077049: 2853530-7fe7b7fff700: cdpl_sh.c:49: in _sh_detached_submit(): info: SH : /home/argershm/180-voltmeter/Analog/cc/synopsys_custom/pwdp_jobs/saeSession4_diffmodegain.SimulationSimulation_cdpl.0.2853530/START_WORKER pw_worker -i /home/argershm/180-voltmeter/Analog/cc/synopsys_custom/pwdp_jobs/saeSession4_diffmodegain.SimulationSimulation_cdpl.0.2853530 -t 10000
1757197000.081433: 2853530-7fe7b7fff700: cdpl_farm.c:2343: in _schedule(): debug: C2 in bin B1 running on slot 1
1757197000.081461: 2853530-7fe7b7fff700: cdpl_farm.c:2167: in _schedule(): debug: idle
1757197000.081726: 2853530-7fe8215a0540: cdpl_server.c:1893: in _sv_gen_task(): info: new task T2 in B1 (prio 0)
1757197000.081737: 2853530-7fe8215a0540: cdpl_server.c:2698: in cdpl_sv_label_task_va(): info: setting task T2 label to "PrimeSim_3|PrimeSim"
1757197000.081762: 2853530-7fe7d4ff9700: cdpl_server_sched.c:2443: in _scheduler_run(): debug: will start a new worker
1757197000.081773: 2853530-7fe7d4ff9700: cdpl_farm.c:3977: in cdpl_farm_submit(): debug: 3 running processes
1757197000.081780: 2853530-7fe7d4ff9700: cdpl_farm.c:3985: in cdpl_farm_submit(): debug: new command C3 in bin B1 assigned to host `localhost'
1757197000.081787: 2853530-7fe7d4ff9700: cdpl_server_sched.c:705: in _sv_launch_worker(): info: started worker W3 (as C3) in bin B1
1757197000.081792: 2853530-7fe7b7fff700: cdpl_farm.c:2231: in _schedule(): debug: end of idling
1757197000.081802: 2853530-7fe7b7fff700: cdpl_farm.c:2303: in _schedule(): debug: submitting command C3 in bin B1
1757197000.081806: 2853530-7fe7b7fff700: cdpl_sh.c:49: in _sh_detached_submit(): info: SH : /home/argershm/180-voltmeter/Analog/cc/synopsys_custom/pwdp_jobs/saeSession4_diffmodegain.SimulationSimulation_cdpl.0.2853530/START_WORKER pw_worker -i /home/argershm/180-voltmeter/Analog/cc/synopsys_custom/pwdp_jobs/saeSession4_diffmodegain.SimulationSimulation_cdpl.0.2853530 -t 10000
1757197000.085861: 2853530-7fe7b7fff700: cdpl_farm.c:2343: in _schedule(): debug: C3 in bin B1 running on slot 2
1757197000.085892: 2853530-7fe7b7fff700: cdpl_farm.c:2167: in _schedule(): debug: idle
1757197000.085998: 2853530-7fe8215a0540: cdpl_server.c:1893: in _sv_gen_task(): info: new task T3 in B1 (prio 0)
1757197000.086015: 2853530-7fe8215a0540: cdpl_server.c:2698: in cdpl_sv_label_task_va(): info: setting task T3 label to "PrimeSim_4|PrimeSim"
1757197000.086189: 2853530-7fe8215a0540: cdpl_server.c:1893: in _sv_gen_task(): info: new task T4 in B1 (prio 0)
1757197000.086192: 2853530-7fe8215a0540: cdpl_server.c:2698: in cdpl_sv_label_task_va(): info: setting task T4 label to "PrimeSim_5|PrimeSim"
1757197000.086269: 2853530-7fe8215a0540: cdpl_server.c:1893: in _sv_gen_task(): info: new task T5 in B1 (prio 0)
1757197000.086272: 2853530-7fe8215a0540: cdpl_server.c:2698: in cdpl_sv_label_task_va(): info: setting task T5 label to "PrimeSim_6|PrimeSim"
1757197000.086352: 2853530-7fe8215a0540: cdpl_server.c:1893: in _sv_gen_task(): info: new task T6 in B1 (prio 0)
1757197000.086355: 2853530-7fe8215a0540: cdpl_server.c:2698: in cdpl_sv_label_task_va(): info: setting task T6 label to "PrimeSim_7|PrimeSim"
1757197000.086429: 2853530-7fe8215a0540: cdpl_server.c:1893: in _sv_gen_task(): info: new task T7 in B1 (prio 0)
1757197000.086432: 2853530-7fe8215a0540: cdpl_server.c:2698: in cdpl_sv_label_task_va(): info: setting task T7 label to "PrimeSim_8|PrimeSim"
1757197000.086505: 2853530-7fe8215a0540: cdpl_server.c:1893: in _sv_gen_task(): info: new task T8 in B1 (prio 0)
1757197000.086508: 2853530-7fe8215a0540: cdpl_server.c:2698: in cdpl_sv_label_task_va(): info: setting task T8 label to "PrimeSim_9|PrimeSim"
1757197000.086587: 2853530-7fe8215a0540: cdpl_server.c:1893: in _sv_gen_task(): info: new task T9 in B1 (prio 0)
1757197000.086590: 2853530-7fe8215a0540: cdpl_server.c:2698: in cdpl_sv_label_task_va(): info: setting task T9 label to "PrimeSim_10|PrimeSim"
1757197000.086659: 2853530-7fe8215a0540: cdpl_server.c:1893: in _sv_gen_task(): info: new task T10 in B1 (prio 0)
1757197000.086663: 2853530-7fe8215a0540: cdpl_server.c:2698: in cdpl_sv_label_task_va(): info: setting task T10 label to "PrimeSim_11|PrimeSim"
1757197000.385967: 2853530-7fe7b7fff700: cdpl_farm.c:1193: in _onexit(): debug: C1 in bin B1 exited normally on slot 0
1757197000.385982: 2853530-7fe7b7fff700: cdpl_farm.c:1193: in _onexit(): debug: C2 in bin B1 exited normally on slot 1
1757197000.385988: 2853530-7fe7b7fff700: cdpl_farm.c:1193: in _onexit(): debug: C3 in bin B1 exited normally on slot 2
1757197001.181333: 2853530-7fe7d5ffb700: cdpl_compat_master.c:5948: in cdplMasterLogInfo(): info: [non-CDPL log entry] PWDP - no-workers started ok check start!
1757197002.029890: 2853530-7fe7e5c3e700: cdpl_ipc.c:1862: in _epoll_accept(): debug: new connection from `152.14.98.53:36356'
1757197002.029935: 2853530-7fe7e543d700: cdpl_server_ipc.c:1225: in _sv_ipc_thread(): debug: received ACCEPT notification
1757197002.029957: 2853530-7fe7e543d700: cdpl_ipc.c:2503: in cdpl_ipc_host_accept(): debug: accepted host `152.14.98.53:36356'
1757197002.030090: 2853530-7fe7e543d700: cdpl_server_ipc.c:1246: in _sv_ipc_thread(): debug: received HELLO message
1757197002.030095: 2853530-7fe7e543d700: cdpl_server_ipc.c:430: in _sv_on_hello(): debug: looking up W1
1757197002.030099: 2853530-7fe7e543d700: cdpl_server_ipc.c:540: in _sv_on_hello(): info: W1 is `152.14.98.53:36356'
1757197002.030101: 2853530-7fe7e543d700: cdpl_server_ipc.c:541: in _sv_on_hello(): debug: hello W1 (B1)
1757197002.030102: 2853530-7fe7e543d700: cdpl_server_ipc.c:542: in _sv_on_hello(): info: W1 log file is /dev/null
1757197002.030147: 2853530-7fe7e543d700: cdpl_server_ipc.c:602: in _sv_on_hello(): info: up to 1 alive workers in B1
1757197002.030154: 2853530-7fe7e543d700: cdpl_farm.c:878: in _release_cmd(): debug: freeing command C1 in bin B1
1757197002.030176: 2853530-7fe7d4ff9700: cdpl_server_sched.c:960: in _assign(): info: assigning task T0 to worker W1
1757197002.031852: 2853530-7fe7e5c3e700: cdpl_ipc.c:1862: in _epoll_accept(): debug: new connection from `152.14.98.53:36368'
1757197002.031883: 2853530-7fe7e543d700: cdpl_server_ipc.c:1225: in _sv_ipc_thread(): debug: received ACCEPT notification
1757197002.031892: 2853530-7fe7e543d700: cdpl_ipc.c:2503: in cdpl_ipc_host_accept(): debug: accepted host `152.14.98.53:36368'
1757197002.031994: 2853530-7fe7e543d700: cdpl_server_ipc.c:1246: in _sv_ipc_thread(): debug: received HELLO message
1757197002.032002: 2853530-7fe7e543d700: cdpl_server_ipc.c:430: in _sv_on_hello(): debug: looking up W3
1757197002.032006: 2853530-7fe7e543d700: cdpl_server_ipc.c:540: in _sv_on_hello(): info: W3 is `152.14.98.53:36368'
1757197002.032008: 2853530-7fe7e543d700: cdpl_server_ipc.c:541: in _sv_on_hello(): debug: hello W3 (B1)
1757197002.032009: 2853530-7fe7e543d700: cdpl_server_ipc.c:542: in _sv_on_hello(): info: W3 log file is /dev/null
1757197002.032017: 2853530-7fe7e543d700: cdpl_server_ipc.c:602: in _sv_on_hello(): info: up to 2 alive workers in B1
1757197002.032021: 2853530-7fe7e543d700: cdpl_farm.c:878: in _release_cmd(): debug: freeing command C3 in bin B1
1757197002.032033: 2853530-7fe7d4ff9700: cdpl_server_sched.c:960: in _assign(): info: assigning task T1 to worker W3
1757197002.032412: 2853530-7fe7e5c3e700: cdpl_ipc.c:1862: in _epoll_accept(): debug: new connection from `152.14.98.53:36382'
1757197002.032430: 2853530-7fe7e543d700: cdpl_server_ipc.c:1225: in _sv_ipc_thread(): debug: received ACCEPT notification
1757197002.032437: 2853530-7fe7e543d700: cdpl_ipc.c:2503: in cdpl_ipc_host_accept(): debug: accepted host `152.14.98.53:36382'
1757197002.032566: 2853530-7fe7e543d700: cdpl_server_ipc.c:1246: in _sv_ipc_thread(): debug: received HELLO message
1757197002.032568: 2853530-7fe7e543d700: cdpl_server_ipc.c:430: in _sv_on_hello(): debug: looking up W2
1757197002.032570: 2853530-7fe7e543d700: cdpl_server_ipc.c:540: in _sv_on_hello(): info: W2 is `152.14.98.53:36382'
1757197002.032572: 2853530-7fe7e543d700: cdpl_server_ipc.c:541: in _sv_on_hello(): debug: hello W2 (B1)
1757197002.032573: 2853530-7fe7e543d700: cdpl_server_ipc.c:542: in _sv_on_hello(): info: W2 log file is /dev/null
1757197002.032577: 2853530-7fe7e543d700: cdpl_server_ipc.c:602: in _sv_on_hello(): info: up to 3 alive workers in B1
1757197002.032580: 2853530-7fe7e543d700: cdpl_farm.c:878: in _release_cmd(): debug: freeing command C2 in bin B1
1757197002.032592: 2853530-7fe7d4ff9700: cdpl_server_sched.c:960: in _assign(): info: assigning task T2 to worker W2
1757197002.094644: 2853530-7fe7e543d700: cdpl_server_ipc.c:1268: in _sv_ipc_thread(): debug: received RELAY message
1757197002.094659: 2853530-7fe7e543d700: cdpl_server_ipc.c:713: in _sv_on_relay(): debug: RELAY message from W1, size = 65
1757197002.094662: 2853530-7fe7e543d700: cdpl_server_ipc.c:715: in _sv_on_relay(): debug: RELAY message from W1, content = 0$2854588 claws-compute3.ece.ncsu.edu 2854629 RUNNING 1757197002
1757197002.096577: 2853530-7fe7e543d700: cdpl_server_ipc.c:1268: in _sv_ipc_thread(): debug: received RELAY message
1757197002.096580: 2853530-7fe7e543d700: cdpl_server_ipc.c:713: in _sv_on_relay(): debug: RELAY message from W3, size = 65
1757197002.096581: 2853530-7fe7e543d700: cdpl_server_ipc.c:715: in _sv_on_relay(): debug: RELAY message from W3, content = 1$2854590 claws-compute3.ece.ncsu.edu 2854630 RUNNING 1757197002
1757197002.096737: 2853530-7fe7e543d700: cdpl_server_ipc.c:1268: in _sv_ipc_thread(): debug: received RELAY message
1757197002.096739: 2853530-7fe7e543d700: cdpl_server_ipc.c:713: in _sv_on_relay(): debug: RELAY message from W2, size = 65
1757197002.096744: 2853530-7fe7e543d700: cdpl_server_ipc.c:715: in _sv_on_relay(): debug: RELAY message from W2, content = 2$2854589 claws-compute3.ece.ncsu.edu 2854631 RUNNING 1757197002
1757197003.030273: 2853530-7fe7e543d700: cdpl_server_ipc.c:312: in _sv_on_heartbeat(): debug: received HEARTBEAT from worker W1 at 152.14.98.53:36356
1757197003.032198: 2853530-7fe7e543d700: cdpl_server_ipc.c:312: in _sv_on_heartbeat(): debug: received HEARTBEAT from worker W3 at 152.14.98.53:36368
1757197003.032863: 2853530-7fe7e543d700: cdpl_server_ipc.c:312: in _sv_on_heartbeat(): debug: received HEARTBEAT from worker W2 at 152.14.98.53:36382
1757197004.260119: 2853530-7fe7e4c3c700: cdpl_monitor.c:533: in cdpl_mn_connect(): debug: connecting to 152.14.98.53:40681
1757197004.260132: 2853530-7fe7e4c3c700: cdpl_ipc.c:3789: in cdpl_ipc_connect(): info: connecting to 152.14.98.53:40681
1757197004.260278: 2853530-7fe7e4c3c700: cdpl_ipc.c:3860: in cdpl_ipc_connect(): info: connected as `152.14.98.53:47204'
1757197004.260285: 2853530-7fe7e4c3c700: cdpl_ipc.c:2503: in cdpl_ipc_host_accept(): debug: accepted host `152.14.98.53:40681'
1757197004.260291: 2853530-7fe7e4c3c700: cdpl_monitor.c:579: in cdpl_mn_connect(): debug: ok
1757197004.260295: 2853530-7fe7e4c3c700: cdpl_monitor.c:533: in cdpl_mn_connect(): debug: connecting to 152.14.98.53:43557
1757197004.260297: 2853530-7fe7e4c3c700: cdpl_ipc.c:3789: in cdpl_ipc_connect(): info: connecting to 152.14.98.53:43557
1757197004.260341: 2853530-7fe7e4c3c700: cdpl_ipc.c:3860: in cdpl_ipc_connect(): info: connected as `152.14.98.53:40852'
1757197004.260344: 2853530-7fe7e4c3c700: cdpl_ipc.c:2503: in cdpl_ipc_host_accept(): debug: accepted host `152.14.98.53:43557'
1757197004.260347: 2853530-7fe7e4c3c700: cdpl_monitor.c:579: in cdpl_mn_connect(): debug: ok
1757197004.260352: 2853530-7fe7e4c3c700: cdpl_monitor.c:533: in cdpl_mn_connect(): debug: connecting to 152.14.98.53:34843
1757197004.260354: 2853530-7fe7e4c3c700: cdpl_ipc.c:3789: in cdpl_ipc_connect(): info: connecting to 152.14.98.53:34843
1757197004.260392: 2853530-7fe7e4c3c700: cdpl_ipc.c:3860: in cdpl_ipc_connect(): info: connected as `152.14.98.53:38408'
1757197004.260396: 2853530-7fe7e4c3c700: cdpl_ipc.c:2503: in cdpl_ipc_host_accept(): debug: accepted host `152.14.98.53:34843'
1757197004.260398: 2853530-7fe7e4c3c700: cdpl_monitor.c:579: in cdpl_mn_connect(): debug: ok
1757197009.231772: 2853530-7fe7e543d700: cdpl_server_ipc.c:1268: in _sv_ipc_thread(): debug: received RELAY message
1757197009.231789: 2853530-7fe7e543d700: cdpl_server_ipc.c:713: in _sv_on_relay(): debug: RELAY message from W3, size = 52
1757197009.231792: 2853530-7fe7e543d700: cdpl_server_ipc.c:715: in _sv_on_relay(): debug: RELAY message from W3, content = WORKERDU|8584,/dev/mapper/rhel_claws--compute3-home
1757197009.231798: 2853530-7fe7e543d700: cdpl_server_ipc.c:1268: in _sv_ipc_thread(): debug: received RELAY message
1757197009.231801: 2853530-7fe7e543d700: cdpl_server_ipc.c:713: in _sv_on_relay(): debug: RELAY message from W3, size = 196
1757197009.231803: 2853530-7fe7e543d700: cdpl_server_ipc.c:715: in _sv_on_relay(): debug: RELAY message from W3, content = REQPILOT|saeSession4,1,diff_mode_gain|&/home/argershm/180-voltmeter/Analog/cc/simulation/integrator,tb_main_opamp,schematic/history_1/simulation/diff_mode_gain/PrimeSimSPICE/parametric/results|&1
1757197009.231878: 2853530-7fe7d6ffd700: cdpl_compat_master.c:5948: in cdplMasterLogInfo(): info: [non-CDPL log entry] PWDP send back 'DOPILOT' to worker id:3 key: saeSession4,1,diff_mode_gain|&/home/argershm/180-voltmeter/Analog/cc/simulation/integrator,tb_main_opamp,schematic/history_1/simulation/diff_mode_gain/PrimeSimSPICE/parametric/results
1757197009.232086: 2853530-7fe7d6ffd700: cdpl_compat_master.c:5948: in cdplMasterLogInfo(): info: [non-CDPL log entry] PWDP: set pilot doing!
1757197009.235247: 2853530-7fe7e543d700: cdpl_server_ipc.c:1268: in _sv_ipc_thread(): debug: received RELAY message
1757197009.235253: 2853530-7fe7e543d700: cdpl_server_ipc.c:713: in _sv_on_relay(): debug: RELAY message from W2, size = 52
1757197009.235254: 2853530-7fe7e543d700: cdpl_server_ipc.c:715: in _sv_on_relay(): debug: RELAY message from W2, content = WORKERDU|8584,/dev/mapper/rhel_claws--compute3-home
1757197009.235271: 2853530-7fe7e543d700: cdpl_server_ipc.c:1268: in _sv_ipc_thread(): debug: received RELAY message
1757197009.235274: 2853530-7fe7e543d700: cdpl_server_ipc.c:713: in _sv_on_relay(): debug: RELAY message from W2, size = 196
1757197009.235275: 2853530-7fe7e543d700: cdpl_server_ipc.c:715: in _sv_on_relay(): debug: RELAY message from W2, content = REQPILOT|saeSession4,1,diff_mode_gain|&/home/argershm/180-voltmeter/Analog/cc/simulation/integrator,tb_main_opamp,schematic/history_1/simulation/diff_mode_gain/PrimeSimSPICE/parametric/results|&2
1757197009.235283: 2853530-7fe7d6ffd700: cdpl_compat_master.c:5948: in cdplMasterLogInfo(): info: [non-CDPL log entry] PWDP meet doing pilot, so cache worker id:2 key: saeSession4,1,diff_mode_gain|&/home/argershm/180-voltmeter/Analog/cc/simulation/integrator,tb_main_opamp,schematic/history_1/simulation/diff_mode_gain/PrimeSimSPICE/parametric/results
1757197009.235618: 2853530-7fe7e543d700: cdpl_server_ipc.c:1268: in _sv_ipc_thread(): debug: received RELAY message
1757197009.235621: 2853530-7fe7e543d700: cdpl_server_ipc.c:713: in _sv_on_relay(): debug: RELAY message from W3, size = 192
1757197009.235623: 2853530-7fe7e543d700: cdpl_server_ipc.c:715: in _sv_on_relay(): debug: RELAY message from W3, content = PILOTOK|saeSession4,1,diff_mode_gain|&/home/argershm/180-voltmeter/Analog/cc/simulation/integrator,tb_main_opamp,schematic/history_1/simulation/diff_mode_gain/PrimeSimSPICE/parametric/results
1757197009.235641: 2853530-7fe7d6ffd700: cdpl_compat_master.c:5948: in cdplMasterLogInfo(): info: [non-CDPL log entry] PWDP: set pilot done!
1757197009.235657: 2853530-7fe7d6ffd700: cdpl_compat_master.c:5948: in cdplMasterLogInfo(): info: [non-CDPL log entry] PWDP send back 'PILOTOK' to cacheed worker id:2 key: saeSession4,1,diff_mode_gain|&/home/argershm/180-voltmeter/Analog/cc/simulation/integrator,tb_main_opamp,schematic/history_1/simulation/diff_mode_gain/PrimeSimSPICE/parametric/results
1757197009.235705: 2853530-7fe7e543d700: cdpl_server_ipc.c:1268: in _sv_ipc_thread(): debug: received RELAY message
1757197009.235708: 2853530-7fe7e543d700: cdpl_server_ipc.c:713: in _sv_on_relay(): debug: RELAY message from W3, size = 18
1757197009.235710: 2853530-7fe7e543d700: cdpl_server_ipc.c:715: in _sv_on_relay(): debug: RELAY message from W3, content = 1$- - - MEASDOING
1757197009.235785: 2853530-7fe7e543d700: cdpl_server_ipc.c:1268: in _sv_ipc_thread(): debug: received RELAY message
1757197009.235787: 2853530-7fe7e543d700: cdpl_server_ipc.c:713: in _sv_on_relay(): debug: RELAY message from W2, size = 18
1757197009.235789: 2853530-7fe7e543d700: cdpl_server_ipc.c:715: in _sv_on_relay(): debug: RELAY message from W2, content = 2$- - - MEASDOING
1757197010.739692: 2853530-7fe7e543d700: cdpl_server_ipc.c:1268: in _sv_ipc_thread(): debug: received RELAY message
1757197010.739706: 2853530-7fe7e543d700: cdpl_server_ipc.c:713: in _sv_on_relay(): debug: RELAY message from W3, size = 77
1757197010.739708: 2853530-7fe7e543d700: cdpl_server_ipc.c:715: in _sv_on_relay(): debug: RELAY message from W3, content = 1$2854590 claws-compute3.ece.ncsu.edu 2854630 FINISHED 1757197002|1757197010
1757197010.741193: 2853530-7fe7e543d700: cdpl_server_ipc.c:1268: in _sv_ipc_thread(): debug: received RELAY message
1757197010.741200: 2853530-7fe7e543d700: cdpl_server_ipc.c:713: in _sv_on_relay(): debug: RELAY message from W3, size = 194
1757197010.741203: 2853530-7fe7e543d700: cdpl_server_ipc.c:715: in _sv_on_relay(): debug: RELAY message from W3, content = PILOTDONE|saeSession4,1,diff_mode_gain|&/home/argershm/180-voltmeter/Analog/cc/simulation/integrator,tb_main_opamp,schematic/history_1/simulation/diff_mode_gain/PrimeSimSPICE/parametric/results
1757197010.741237: 2853530-7fe7d6ffd700: cdpl_compat_master.c:5948: in cdplMasterLogInfo(): info: [non-CDPL log entry] saeSession4,1,diff_mode_gain|&/home/argershm/180-voltmeter/Analog/cc/simulation/integrator,tb_main_opamp,schematic/history_1/simulation/diff_mode_gain/PrimeSimSPICE/parametric/results PILOTDONE!
1757197010.741563: 2853530-7fe7e543d700: cdpl_server_ipc.c:1251: in _sv_ipc_thread(): debug: received FINISH message
1757197010.741569: 2853530-7fe7e543d700: cdpl_server_ipc.c:983: in _sv_on_finish(): info: worker W3 completed task T1
1757197010.741571: 2853530-7fe7e543d700: cdpl_server_ipc.c:988: in _sv_on_finish(): debug: stat T1: utime=3944 stime=2257
1757197010.741574: 2853530-7fe7e543d700: cdpl_server_ipc.c:993: in _sv_on_finish(): debug: statm T1: vsize=3054968 rss=1035748 shared=520288 text=474784 data=710188
1757197010.741614: 2853530-7fe7d4ff9700: cdpl_server_sched.c:960: in _assign(): info: assigning task T3 to worker W3
1757197010.746482: 2853530-7fe7e543d700: cdpl_server_ipc.c:1268: in _sv_ipc_thread(): debug: received RELAY message
1757197010.746490: 2853530-7fe7e543d700: cdpl_server_ipc.c:713: in _sv_on_relay(): debug: RELAY message from W3, size = 50
1757197010.746492: 2853530-7fe7e543d700: cdpl_server_ipc.c:715: in _sv_on_relay(): debug: RELAY message from W3, content = WORKERDU|48,/dev/mapper/rhel_claws--compute3-home
1757197010.771305: 2853530-7fe8215a0540: cdpl_server.c:227: in _sv_free_task_safe(): debug: freeing task T1
1757197010.852798: 2853530-7fe7e543d700: cdpl_server_ipc.c:1268: in _sv_ipc_thread(): debug: received RELAY message
1757197010.852808: 2853530-7fe7e543d700: cdpl_server_ipc.c:713: in _sv_on_relay(): debug: RELAY message from W2, size = 77
1757197010.852811: 2853530-7fe7e543d700: cdpl_server_ipc.c:715: in _sv_on_relay(): debug: RELAY message from W2, content = 2$2854589 claws-compute3.ece.ncsu.edu 2854631 FINISHED 1757197002|1757197010
1757197010.853020: 2853530-7fe7e543d700: cdpl_server_ipc.c:1251: in _sv_ipc_thread(): debug: received FINISH message
1757197010.853024: 2853530-7fe7e543d700: cdpl_server_ipc.c:983: in _sv_on_finish(): info: worker W2 completed task T2
1757197010.853026: 2853530-7fe7e543d700: cdpl_server_ipc.c:988: in _sv_on_finish(): debug: stat T2: utime=3856 stime=2189
1757197010.853028: 2853530-7fe7e543d700: cdpl_server_ipc.c:993: in _sv_on_finish(): debug: statm T2: vsize=3054956 rss=1041268 shared=519612 text=474784 data=710176
1757197010.853049: 2853530-7fe7d4ff9700: cdpl_server_sched.c:960: in _assign(): info: assigning task T4 to worker W2
1757197010.857816: 2853530-7fe7e543d700: cdpl_server_ipc.c:1268: in _sv_ipc_thread(): debug: received RELAY message
1757197010.857820: 2853530-7fe7e543d700: cdpl_server_ipc.c:713: in _sv_on_relay(): debug: RELAY message from W2, size = 50
1757197010.857821: 2853530-7fe7e543d700: cdpl_server_ipc.c:715: in _sv_on_relay(): debug: RELAY message from W2, content = WORKERDU|64,/dev/mapper/rhel_claws--compute3-home
1757197010.871553: 2853530-7fe8215a0540: cdpl_server.c:227: in _sv_free_task_safe(): debug: freeing task T2
1757197010.884245: 2853530-7fe7e543d700: cdpl_server_ipc.c:1268: in _sv_ipc_thread(): debug: received RELAY message
1757197010.884251: 2853530-7fe7e543d700: cdpl_server_ipc.c:713: in _sv_on_relay(): debug: RELAY message from W3, size = 65
1757197010.884253: 2853530-7fe7e543d700: cdpl_server_ipc.c:715: in _sv_on_relay(): debug: RELAY message from W3, content = 3$2854590 claws-compute3.ece.ncsu.edu 2855560 RUNNING 1757197010
1757197010.992807: 2853530-7fe7e543d700: cdpl_server_ipc.c:1268: in _sv_ipc_thread(): debug: received RELAY message
1757197010.992823: 2853530-7fe7e543d700: cdpl_server_ipc.c:713: in _sv_on_relay(): debug: RELAY message from W2, size = 65
1757197010.992825: 2853530-7fe7e543d700: cdpl_server_ipc.c:715: in _sv_on_relay(): debug: RELAY message from W2, content = 4$2854589 claws-compute3.ece.ncsu.edu 2855600 RUNNING 1757197010
1757197012.195944: 2853530-7fe7e543d700: cdpl_server_ipc.c:1268: in _sv_ipc_thread(): debug: received RELAY message
1757197012.195964: 2853530-7fe7e543d700: cdpl_server_ipc.c:713: in _sv_on_relay(): debug: RELAY message from W3, size = 196
1757197012.195967: 2853530-7fe7e543d700: cdpl_server_ipc.c:715: in _sv_on_relay(): debug: RELAY message from W3, content = REQPILOT|saeSession4,1,diff_mode_gain|&/home/argershm/180-voltmeter/Analog/cc/simulation/integrator,tb_main_opamp,schematic/history_1/simulation/diff_mode_gain/PrimeSimSPICE/parametric/results|&3
1757197012.196041: 2853530-7fe7d6ffd700: cdpl_compat_master.c:5948: in cdplMasterLogInfo(): info: [non-CDPL log entry] PWDP send back 'PILOTOK' back to worker id:3 key: saeSession4,1,diff_mode_gain|&/home/argershm/180-voltmeter/Analog/cc/simulation/integrator,tb_main_opamp,schematic/history_1/simulation/diff_mode_gain/PrimeSimSPICE/parametric/results
1757197012.196258: 2853530-7fe7e543d700: cdpl_server_ipc.c:1268: in _sv_ipc_thread(): debug: received RELAY message
1757197012.196264: 2853530-7fe7e543d700: cdpl_server_ipc.c:713: in _sv_on_relay(): debug: RELAY message from W3, size = 18
1757197012.196266: 2853530-7fe7e543d700: cdpl_server_ipc.c:715: in _sv_on_relay(): debug: RELAY message from W3, content = 3$- - - MEASDOING
1757197012.304259: 2853530-7fe7e543d700: cdpl_server_ipc.c:1268: in _sv_ipc_thread(): debug: received RELAY message
1757197012.304270: 2853530-7fe7e543d700: cdpl_server_ipc.c:713: in _sv_on_relay(): debug: RELAY message from W2, size = 196
1757197012.304272: 2853530-7fe7e543d700: cdpl_server_ipc.c:715: in _sv_on_relay(): debug: RELAY message from W2, content = REQPILOT|saeSession4,1,diff_mode_gain|&/home/argershm/180-voltmeter/Analog/cc/simulation/integrator,tb_main_opamp,schematic/history_1/simulation/diff_mode_gain/PrimeSimSPICE/parametric/results|&4
1757197012.304295: 2853530-7fe7d6ffd700: cdpl_compat_master.c:5948: in cdplMasterLogInfo(): info: [non-CDPL log entry] PWDP send back 'PILOTOK' back to worker id:2 key: saeSession4,1,diff_mode_gain|&/home/argershm/180-voltmeter/Analog/cc/simulation/integrator,tb_main_opamp,schematic/history_1/simulation/diff_mode_gain/PrimeSimSPICE/parametric/results
1757197012.304442: 2853530-7fe7e543d700: cdpl_server_ipc.c:1268: in _sv_ipc_thread(): debug: received RELAY message
1757197012.304448: 2853530-7fe7e543d700: cdpl_server_ipc.c:713: in _sv_on_relay(): debug: RELAY message from W2, size = 18
1757197012.304450: 2853530-7fe7e543d700: cdpl_server_ipc.c:715: in _sv_on_relay(): debug: RELAY message from W2, content = 4$- - - MEASDOING
1757197012.983566: 2853530-7fe7e543d700: cdpl_server_ipc.c:1268: in _sv_ipc_thread(): debug: received RELAY message
1757197012.983587: 2853530-7fe7e543d700: cdpl_server_ipc.c:713: in _sv_on_relay(): debug: RELAY message from W2, size = 77
1757197012.983589: 2853530-7fe7e543d700: cdpl_server_ipc.c:715: in _sv_on_relay(): debug: RELAY message from W2, content = 4$2854589 claws-compute3.ece.ncsu.edu 2855600 FINISHED 1757197010|1757197012
1757197012.983767: 2853530-7fe7e543d700: cdpl_server_ipc.c:1251: in _sv_ipc_thread(): debug: received FINISH message
1757197012.983769: 2853530-7fe7e543d700: cdpl_server_ipc.c:983: in _sv_on_finish(): info: worker W2 completed task T4
1757197012.983771: 2853530-7fe7e543d700: cdpl_server_ipc.c:988: in _sv_on_finish(): debug: stat T4: utime=553 stime=445
1757197012.983773: 2853530-7fe7e543d700: cdpl_server_ipc.c:993: in _sv_on_finish(): debug: statm T4: vsize=3054956 rss=1041268 shared=519612 text=474784 data=710176
1757197012.983796: 2853530-7fe7d4ff9700: cdpl_server_sched.c:960: in _assign(): info: assigning task T5 to worker W2
1757197012.988541: 2853530-7fe7e543d700: cdpl_server_ipc.c:1268: in _sv_ipc_thread(): debug: received RELAY message
1757197012.988549: 2853530-7fe7e543d700: cdpl_server_ipc.c:713: in _sv_on_relay(): debug: RELAY message from W2, size = 52
1757197012.988551: 2853530-7fe7e543d700: cdpl_server_ipc.c:715: in _sv_on_relay(): debug: RELAY message from W2, content = WORKERDU|8648,/dev/mapper/rhel_claws--compute3-home
1757197013.018885: 2853530-7fe7e543d700: cdpl_server_ipc.c:1268: in _sv_ipc_thread(): debug: received RELAY message
1757197013.018893: 2853530-7fe7e543d700: cdpl_server_ipc.c:713: in _sv_on_relay(): debug: RELAY message from W3, size = 77
1757197013.018895: 2853530-7fe7e543d700: cdpl_server_ipc.c:715: in _sv_on_relay(): debug: RELAY message from W3, content = 3$2854590 claws-compute3.ece.ncsu.edu 2855560 FINISHED 1757197010|1757197013
1757197013.019073: 2853530-7fe7e543d700: cdpl_server_ipc.c:1251: in _sv_ipc_thread(): debug: received FINISH message
1757197013.019081: 2853530-7fe7e543d700: cdpl_server_ipc.c:983: in _sv_on_finish(): info: worker W3 completed task T3
1757197013.019083: 2853530-7fe7e543d700: cdpl_server_ipc.c:988: in _sv_on_finish(): debug: stat T3: utime=563 stime=438
1757197013.019085: 2853530-7fe7e543d700: cdpl_server_ipc.c:993: in _sv_on_finish(): debug: statm T3: vsize=3054968 rss=1035748 shared=520288 text=474784 data=710188
1757197013.019104: 2853530-7fe7d4ff9700: cdpl_server_sched.c:960: in _assign(): info: assigning task T6 to worker W3
1757197013.023787: 2853530-7fe7e543d700: cdpl_server_ipc.c:1268: in _sv_ipc_thread(): debug: received RELAY message
1757197013.023795: 2853530-7fe7e543d700: cdpl_server_ipc.c:713: in _sv_on_relay(): debug: RELAY message from W3, size = 52
1757197013.023797: 2853530-7fe7e543d700: cdpl_server_ipc.c:715: in _sv_on_relay(): debug: RELAY message from W3, content = WORKERDU|8648,/dev/mapper/rhel_claws--compute3-home
1757197013.071673: 2853530-7fe8215a0540: cdpl_server.c:227: in _sv_free_task_safe(): debug: freeing task T4
1757197013.082573: 2853530-7fe8215a0540: cdpl_server.c:227: in _sv_free_task_safe(): debug: freeing task T3
1757197013.189925: 2853530-7fe7e543d700: cdpl_server_ipc.c:1268: in _sv_ipc_thread(): debug: received RELAY message
1757197013.189936: 2853530-7fe7e543d700: cdpl_server_ipc.c:713: in _sv_on_relay(): debug: RELAY message from W2, size = 65
1757197013.189939: 2853530-7fe7e543d700: cdpl_server_ipc.c:715: in _sv_on_relay(): debug: RELAY message from W2, content = 5$2854589 claws-compute3.ece.ncsu.edu 2856063 RUNNING 1757197013
1757197013.210633: 2853530-7fe7e543d700: cdpl_server_ipc.c:1268: in _sv_ipc_thread(): debug: received RELAY message
1757197013.210643: 2853530-7fe7e543d700: cdpl_server_ipc.c:713: in _sv_on_relay(): debug: RELAY message from W3, size = 65
1757197013.210646: 2853530-7fe7e543d700: cdpl_server_ipc.c:715: in _sv_on_relay(): debug: RELAY message from W3, content = 6$2854590 claws-compute3.ece.ncsu.edu 2856078 RUNNING 1757197013
1757197014.401518: 2853530-7fe7e543d700: cdpl_server_ipc.c:1268: in _sv_ipc_thread(): debug: received RELAY message
1757197014.401541: 2853530-7fe7e543d700: cdpl_server_ipc.c:713: in _sv_on_relay(): debug: RELAY message from W2, size = 196
1757197014.401544: 2853530-7fe7e543d700: cdpl_server_ipc.c:715: in _sv_on_relay(): debug: RELAY message from W2, content = REQPILOT|saeSession4,1,diff_mode_gain|&/home/argershm/180-voltmeter/Analog/cc/simulation/integrator,tb_main_opamp,schematic/history_1/simulation/diff_mode_gain/PrimeSimSPICE/parametric/results|&5
1757197014.401564: 2853530-7fe7d6ffd700: cdpl_compat_master.c:5948: in cdplMasterLogInfo(): info: [non-CDPL log entry] PWDP send back 'PILOTOK' back to worker id:2 key: saeSession4,1,diff_mode_gain|&/home/argershm/180-voltmeter/Analog/cc/simulation/integrator,tb_main_opamp,schematic/history_1/simulation/diff_mode_gain/PrimeSimSPICE/parametric/results
1757197014.401711: 2853530-7fe7e543d700: cdpl_server_ipc.c:1268: in _sv_ipc_thread(): debug: received RELAY message
1757197014.401713: 2853530-7fe7e543d700: cdpl_server_ipc.c:713: in _sv_on_relay(): debug: RELAY message from W2, size = 18
1757197014.401715: 2853530-7fe7e543d700: cdpl_server_ipc.c:715: in _sv_on_relay(): debug: RELAY message from W2, content = 5$- - - MEASDOING
1757197014.520874: 2853530-7fe7e543d700: cdpl_server_ipc.c:1268: in _sv_ipc_thread(): debug: received RELAY message
1757197014.520886: 2853530-7fe7e543d700: cdpl_server_ipc.c:713: in _sv_on_relay(): debug: RELAY message from W3, size = 196
1757197014.520889: 2853530-7fe7e543d700: cdpl_server_ipc.c:715: in _sv_on_relay(): debug: RELAY message from W3, content = REQPILOT|saeSession4,1,diff_mode_gain|&/home/argershm/180-voltmeter/Analog/cc/simulation/integrator,tb_main_opamp,schematic/history_1/simulation/diff_mode_gain/PrimeSimSPICE/parametric/results|&6
1757197014.520908: 2853530-7fe7d6ffd700: cdpl_compat_master.c:5948: in cdplMasterLogInfo(): info: [non-CDPL log entry] PWDP send back 'PILOTOK' back to worker id:3 key: saeSession4,1,diff_mode_gain|&/home/argershm/180-voltmeter/Analog/cc/simulation/integrator,tb_main_opamp,schematic/history_1/simulation/diff_mode_gain/PrimeSimSPICE/parametric/results
1757197014.521051: 2853530-7fe7e543d700: cdpl_server_ipc.c:1268: in _sv_ipc_thread(): debug: received RELAY message
1757197014.521060: 2853530-7fe7e543d700: cdpl_server_ipc.c:713: in _sv_on_relay(): debug: RELAY message from W3, size = 18
1757197014.521062: 2853530-7fe7e543d700: cdpl_server_ipc.c:715: in _sv_on_relay(): debug: RELAY message from W3, content = 6$- - - MEASDOING
1757197014.649310: 2853530-7fe7e543d700: cdpl_server_ipc.c:1268: in _sv_ipc_thread(): debug: received RELAY message
1757197014.649325: 2853530-7fe7e543d700: cdpl_server_ipc.c:713: in _sv_on_relay(): debug: RELAY message from W1, size = 52
1757197014.649328: 2853530-7fe7e543d700: cdpl_server_ipc.c:715: in _sv_on_relay(): debug: RELAY message from W1, content = WORKERDU|8584,/dev/mapper/rhel_claws--compute3-home
1757197014.649334: 2853530-7fe7e543d700: cdpl_server_ipc.c:1268: in _sv_ipc_thread(): debug: received RELAY message
1757197014.649335: 2853530-7fe7e543d700: cdpl_server_ipc.c:713: in _sv_on_relay(): debug: RELAY message from W1, size = 196
1757197014.649337: 2853530-7fe7e543d700: cdpl_server_ipc.c:715: in _sv_on_relay(): debug: RELAY message from W1, content = REQPILOT|saeSession4,1,diff_mode_gain|&/home/argershm/180-voltmeter/Analog/cc/simulation/integrator,tb_main_opamp,schematic/history_1/simulation/diff_mode_gain/PrimeSimSPICE/parametric/results|&0
1757197014.649356: 2853530-7fe7d6ffd700: cdpl_compat_master.c:5948: in cdplMasterLogInfo(): info: [non-CDPL log entry] PWDP send back 'PILOTOK' back to worker id:1 key: saeSession4,1,diff_mode_gain|&/home/argershm/180-voltmeter/Analog/cc/simulation/integrator,tb_main_opamp,schematic/history_1/simulation/diff_mode_gain/PrimeSimSPICE/parametric/results
1757197014.649562: 2853530-7fe7e543d700: cdpl_server_ipc.c:1268: in _sv_ipc_thread(): debug: received RELAY message
1757197014.649568: 2853530-7fe7e543d700: cdpl_server_ipc.c:713: in _sv_on_relay(): debug: RELAY message from W1, size = 18
1757197014.649570: 2853530-7fe7e543d700: cdpl_server_ipc.c:715: in _sv_on_relay(): debug: RELAY message from W1, content = 0$- - - MEASDOING
1757197015.006114: 2853530-7fe7e543d700: cdpl_server_ipc.c:1268: in _sv_ipc_thread(): debug: received RELAY message
1757197015.006127: 2853530-7fe7e543d700: cdpl_server_ipc.c:713: in _sv_on_relay(): debug: RELAY message from W3, size = 52
1757197015.006129: 2853530-7fe7e543d700: cdpl_server_ipc.c:715: in _sv_on_relay(): debug: RELAY message from W3, content = WORKERDU|8648,/dev/mapper/rhel_claws--compute3-home
1757197015.080860: 2853530-7fe7e543d700: cdpl_server_ipc.c:1268: in _sv_ipc_thread(): debug: received RELAY message
1757197015.080867: 2853530-7fe7e543d700: cdpl_server_ipc.c:713: in _sv_on_relay(): debug: RELAY message from W2, size = 52
1757197015.080869: 2853530-7fe7e543d700: cdpl_server_ipc.c:715: in _sv_on_relay(): debug: RELAY message from W2, content = WORKERDU|8648,/dev/mapper/rhel_claws--compute3-home
1757197015.183813: 2853530-7fe7e543d700: cdpl_server_ipc.c:1268: in _sv_ipc_thread(): debug: received RELAY message
1757197015.183822: 2853530-7fe7e543d700: cdpl_server_ipc.c:713: in _sv_on_relay(): debug: RELAY message from W2, size = 77
1757197015.183824: 2853530-7fe7e543d700: cdpl_server_ipc.c:715: in _sv_on_relay(): debug: RELAY message from W2, content = 5$2854589 claws-compute3.ece.ncsu.edu 2856063 FINISHED 1757197013|1757197015
1757197015.183995: 2853530-7fe7e543d700: cdpl_server_ipc.c:1251: in _sv_ipc_thread(): debug: received FINISH message
1757197015.183999: 2853530-7fe7e543d700: cdpl_server_ipc.c:983: in _sv_on_finish(): info: worker W2 completed task T5
1757197015.184000: 2853530-7fe7e543d700: cdpl_server_ipc.c:988: in _sv_on_finish(): debug: stat T5: utime=562 stime=436
1757197015.184002: 2853530-7fe7e543d700: cdpl_server_ipc.c:993: in _sv_on_finish(): debug: statm T5: vsize=3054956 rss=1041268 shared=519612 text=474784 data=710176
1757197015.184029: 2853530-7fe7d4ff9700: cdpl_server_sched.c:960: in _assign(): info: assigning task T7 to worker W2
1757197015.271567: 2853530-7fe8215a0540: cdpl_server.c:227: in _sv_free_task_safe(): debug: freeing task T5
1757197015.310347: 2853530-7fe7e543d700: cdpl_server_ipc.c:1268: in _sv_ipc_thread(): debug: received RELAY message
1757197015.310358: 2853530-7fe7e543d700: cdpl_server_ipc.c:713: in _sv_on_relay(): debug: RELAY message from W3, size = 77
1757197015.310361: 2853530-7fe7e543d700: cdpl_server_ipc.c:715: in _sv_on_relay(): debug: RELAY message from W3, content = 6$2854590 claws-compute3.ece.ncsu.edu 2856078 FINISHED 1757197013|1757197015
1757197015.310555: 2853530-7fe7e543d700: cdpl_server_ipc.c:1251: in _sv_ipc_thread(): debug: received FINISH message
1757197015.310557: 2853530-7fe7e543d700: cdpl_server_ipc.c:983: in _sv_on_finish(): info: worker W3 completed task T6
1757197015.310559: 2853530-7fe7e543d700: cdpl_server_ipc.c:988: in _sv_on_finish(): debug: stat T6: utime=561 stime=446
1757197015.310561: 2853530-7fe7e543d700: cdpl_server_ipc.c:993: in _sv_on_finish(): debug: statm T6: vsize=3054968 rss=1035748 shared=520288 text=474784 data=710188
1757197015.310583: 2853530-7fe7d4ff9700: cdpl_server_sched.c:960: in _assign(): info: assigning task T8 to worker W3
1757197015.371714: 2853530-7fe8215a0540: cdpl_server.c:227: in _sv_free_task_safe(): debug: freeing task T6
1757197015.396999: 2853530-7fe7e543d700: cdpl_server_ipc.c:1268: in _sv_ipc_thread(): debug: received RELAY message
1757197015.397007: 2853530-7fe7e543d700: cdpl_server_ipc.c:713: in _sv_on_relay(): debug: RELAY message from W2, size = 65
1757197015.397009: 2853530-7fe7e543d700: cdpl_server_ipc.c:715: in _sv_on_relay(): debug: RELAY message from W2, content = 7$2854589 claws-compute3.ece.ncsu.edu 2856609 RUNNING 1757197015
1757197015.502409: 2853530-7fe7e543d700: cdpl_server_ipc.c:1268: in _sv_ipc_thread(): debug: received RELAY message
1757197015.502417: 2853530-7fe7e543d700: cdpl_server_ipc.c:713: in _sv_on_relay(): debug: RELAY message from W3, size = 65
1757197015.502420: 2853530-7fe7e543d700: cdpl_server_ipc.c:715: in _sv_on_relay(): debug: RELAY message from W3, content = 8$2854590 claws-compute3.ece.ncsu.edu 2856648 RUNNING 1757197015
1757197015.983942: 2853530-7fe7e543d700: cdpl_server_ipc.c:1268: in _sv_ipc_thread(): debug: received RELAY message
1757197015.983960: 2853530-7fe7e543d700: cdpl_server_ipc.c:713: in _sv_on_relay(): debug: RELAY message from W1, size = 77
1757197015.983964: 2853530-7fe7e543d700: cdpl_server_ipc.c:715: in _sv_on_relay(): debug: RELAY message from W1, content = 0$2854588 claws-compute3.ece.ncsu.edu 2854629 FINISHED 1757197002|1757197015
1757197015.984254: 2853530-7fe7e543d700: cdpl_server_ipc.c:1251: in _sv_ipc_thread(): debug: received FINISH message
1757197015.984259: 2853530-7fe7e543d700: cdpl_server_ipc.c:983: in _sv_on_finish(): info: worker W1 completed task T0
1757197015.984262: 2853530-7fe7e543d700: cdpl_server_ipc.c:988: in _sv_on_finish(): debug: stat T0: utime=3914 stime=2212
1757197015.984264: 2853530-7fe7e543d700: cdpl_server_ipc.c:993: in _sv_on_finish(): debug: statm T0: vsize=3054988 rss=1037796 shared=519996 text=474784 data=710208
1757197015.984288: 2853530-7fe7d4ff9700: cdpl_server_sched.c:960: in _assign(): info: assigning task T9 to worker W1
1757197015.988903: 2853530-7fe7e543d700: cdpl_server_ipc.c:1268: in _sv_ipc_thread(): debug: received RELAY message
1757197015.988911: 2853530-7fe7e543d700: cdpl_server_ipc.c:713: in _sv_on_relay(): debug: RELAY message from W1, size = 50
1757197015.988913: 2853530-7fe7e543d700: cdpl_server_ipc.c:715: in _sv_on_relay(): debug: RELAY message from W1, content = WORKERDU|64,/dev/mapper/rhel_claws--compute3-home
1757197016.071723: 2853530-7fe8215a0540: cdpl_server.c:227: in _sv_free_task_safe(): debug: freeing task T0
1757197016.189651: 2853530-7fe7e543d700: cdpl_server_ipc.c:1268: in _sv_ipc_thread(): debug: received RELAY message
1757197016.189665: 2853530-7fe7e543d700: cdpl_server_ipc.c:713: in _sv_on_relay(): debug: RELAY message from W1, size = 65
1757197016.189672: 2853530-7fe7e543d700: cdpl_server_ipc.c:715: in _sv_on_relay(): debug: RELAY message from W1, content = 9$2854588 claws-compute3.ece.ncsu.edu 2857088 RUNNING 1757197016
1757197016.708547: 2853530-7fe7e543d700: cdpl_server_ipc.c:1268: in _sv_ipc_thread(): debug: received RELAY message
1757197016.708559: 2853530-7fe7e543d700: cdpl_server_ipc.c:713: in _sv_on_relay(): debug: RELAY message from W2, size = 196
1757197016.708561: 2853530-7fe7e543d700: cdpl_server_ipc.c:715: in _sv_on_relay(): debug: RELAY message from W2, content = REQPILOT|saeSession4,1,diff_mode_gain|&/home/argershm/180-voltmeter/Analog/cc/simulation/integrator,tb_main_opamp,schematic/history_1/simulation/diff_mode_gain/PrimeSimSPICE/parametric/results|&7
1757197016.708598: 2853530-7fe7d6ffd700: cdpl_compat_master.c:5948: in cdplMasterLogInfo(): info: [non-CDPL log entry] PWDP send back 'PILOTOK' back to worker id:2 key: saeSession4,1,diff_mode_gain|&/home/argershm/180-voltmeter/Analog/cc/simulation/integrator,tb_main_opamp,schematic/history_1/simulation/diff_mode_gain/PrimeSimSPICE/parametric/results
1757197016.708701: 2853530-7fe7e543d700: cdpl_server_ipc.c:1268: in _sv_ipc_thread(): debug: received RELAY message
1757197016.708707: 2853530-7fe7e543d700: cdpl_server_ipc.c:713: in _sv_on_relay(): debug: RELAY message from W2, size = 18
1757197016.708709: 2853530-7fe7e543d700: cdpl_server_ipc.c:715: in _sv_on_relay(): debug: RELAY message from W2, content = 7$- - - MEASDOING
1757197016.811184: 2853530-7fe7e543d700: cdpl_server_ipc.c:1268: in _sv_ipc_thread(): debug: received RELAY message
1757197016.811194: 2853530-7fe7e543d700: cdpl_server_ipc.c:713: in _sv_on_relay(): debug: RELAY message from W3, size = 196
1757197016.811196: 2853530-7fe7e543d700: cdpl_server_ipc.c:715: in _sv_on_relay(): debug: RELAY message from W3, content = REQPILOT|saeSession4,1,diff_mode_gain|&/home/argershm/180-voltmeter/Analog/cc/simulation/integrator,tb_main_opamp,schematic/history_1/simulation/diff_mode_gain/PrimeSimSPICE/parametric/results|&8
1757197016.811234: 2853530-7fe7d6ffd700: cdpl_compat_master.c:5948: in cdplMasterLogInfo(): info: [non-CDPL log entry] PWDP send back 'PILOTOK' back to worker id:3 key: saeSession4,1,diff_mode_gain|&/home/argershm/180-voltmeter/Analog/cc/simulation/integrator,tb_main_opamp,schematic/history_1/simulation/diff_mode_gain/PrimeSimSPICE/parametric/results
1757197016.811358: 2853530-7fe7e543d700: cdpl_server_ipc.c:1268: in _sv_ipc_thread(): debug: received RELAY message
1757197016.811364: 2853530-7fe7e543d700: cdpl_server_ipc.c:713: in _sv_on_relay(): debug: RELAY message from W3, size = 18
1757197016.811366: 2853530-7fe7e543d700: cdpl_server_ipc.c:715: in _sv_on_relay(): debug: RELAY message from W3, content = 8$- - - MEASDOING
1757197017.499287: 2853530-7fe7e543d700: cdpl_server_ipc.c:1268: in _sv_ipc_thread(): debug: received RELAY message
1757197017.499300: 2853530-7fe7e543d700: cdpl_server_ipc.c:713: in _sv_on_relay(): debug: RELAY message from W1, size = 196
1757197017.499302: 2853530-7fe7e543d700: cdpl_server_ipc.c:715: in _sv_on_relay(): debug: RELAY message from W1, content = REQPILOT|saeSession4,1,diff_mode_gain|&/home/argershm/180-voltmeter/Analog/cc/simulation/integrator,tb_main_opamp,schematic/history_1/simulation/diff_mode_gain/PrimeSimSPICE/parametric/results|&9
1757197017.499335: 2853530-7fe7d6ffd700: cdpl_compat_master.c:5948: in cdplMasterLogInfo(): info: [non-CDPL log entry] PWDP send back 'PILOTOK' back to worker id:1 key: saeSession4,1,diff_mode_gain|&/home/argershm/180-voltmeter/Analog/cc/simulation/integrator,tb_main_opamp,schematic/history_1/simulation/diff_mode_gain/PrimeSimSPICE/parametric/results
1757197017.499455: 2853530-7fe7e543d700: cdpl_server_ipc.c:1268: in _sv_ipc_thread(): debug: received RELAY message
1757197017.499457: 2853530-7fe7e543d700: cdpl_server_ipc.c:713: in _sv_on_relay(): debug: RELAY message from W1, size = 18
1757197017.499459: 2853530-7fe7e543d700: cdpl_server_ipc.c:715: in _sv_on_relay(): debug: RELAY message from W1, content = 9$- - - MEASDOING
1757197017.530047: 2853530-7fe7e543d700: cdpl_server_ipc.c:1268: in _sv_ipc_thread(): debug: received RELAY message
1757197017.530053: 2853530-7fe7e543d700: cdpl_server_ipc.c:713: in _sv_on_relay(): debug: RELAY message from W2, size = 77
1757197017.530055: 2853530-7fe7e543d700: cdpl_server_ipc.c:715: in _sv_on_relay(): debug: RELAY message from W2, content = 7$2854589 claws-compute3.ece.ncsu.edu 2856609 FINISHED 1757197015|1757197017
1757197017.530222: 2853530-7fe7e543d700: cdpl_server_ipc.c:1251: in _sv_ipc_thread(): debug: received FINISH message
1757197017.530224: 2853530-7fe7e543d700: cdpl_server_ipc.c:983: in _sv_on_finish(): info: worker W2 completed task T7
1757197017.530226: 2853530-7fe7e543d700: cdpl_server_ipc.c:988: in _sv_on_finish(): debug: stat T7: utime=564 stime=437
1757197017.530228: 2853530-7fe7e543d700: cdpl_server_ipc.c:993: in _sv_on_finish(): debug: statm T7: vsize=3054956 rss=1041272 shared=519612 text=474784 data=710176
1757197017.530250: 2853530-7fe7d4ff9700: cdpl_server_sched.c:960: in _assign(): info: assigning task T10 to worker W2
1757197017.534882: 2853530-7fe7e543d700: cdpl_server_ipc.c:1268: in _sv_ipc_thread(): debug: received RELAY message
1757197017.534886: 2853530-7fe7e543d700: cdpl_server_ipc.c:713: in _sv_on_relay(): debug: RELAY message from W2, size = 52
1757197017.534887: 2853530-7fe7e543d700: cdpl_server_ipc.c:715: in _sv_on_relay(): debug: RELAY message from W2, content = WORKERDU|8648,/dev/mapper/rhel_claws--compute3-home
1757197017.571897: 2853530-7fe8215a0540: cdpl_server.c:227: in _sv_free_task_safe(): debug: freeing task T7
1757197017.600541: 2853530-7fe7e543d700: cdpl_server_ipc.c:1268: in _sv_ipc_thread(): debug: received RELAY message
1757197017.600549: 2853530-7fe7e543d700: cdpl_server_ipc.c:713: in _sv_on_relay(): debug: RELAY message from W3, size = 77
1757197017.600552: 2853530-7fe7e543d700: cdpl_server_ipc.c:715: in _sv_on_relay(): debug: RELAY message from W3, content = 8$2854590 claws-compute3.ece.ncsu.edu 2856648 FINISHED 1757197015|1757197017
1757197017.600686: 2853530-7fe7e543d700: cdpl_server_ipc.c:1251: in _sv_ipc_thread(): debug: received FINISH message
1757197017.600688: 2853530-7fe7e543d700: cdpl_server_ipc.c:983: in _sv_on_finish(): info: worker W3 completed task T8
1757197017.600690: 2853530-7fe7e543d700: cdpl_server_ipc.c:988: in _sv_on_finish(): debug: stat T8: utime=564 stime=425
1757197017.600692: 2853530-7fe7e543d700: cdpl_server_ipc.c:993: in _sv_on_finish(): debug: statm T8: vsize=3054968 rss=1035752 shared=520288 text=474784 data=710188
1757197017.605484: 2853530-7fe7e543d700: cdpl_server_ipc.c:1268: in _sv_ipc_thread(): debug: received RELAY message
1757197017.605490: 2853530-7fe7e543d700: cdpl_server_ipc.c:713: in _sv_on_relay(): debug: RELAY message from W3, size = 52
1757197017.605492: 2853530-7fe7e543d700: cdpl_server_ipc.c:715: in _sv_on_relay(): debug: RELAY message from W3, content = WORKERDU|8648,/dev/mapper/rhel_claws--compute3-home
1757197017.663872: 2853530-7fe7e543d700: cdpl_server_ipc.c:1268: in _sv_ipc_thread(): debug: received RELAY message
1757197017.663882: 2853530-7fe7e543d700: cdpl_server_ipc.c:713: in _sv_on_relay(): debug: RELAY message from W2, size = 66
1757197017.663884: 2853530-7fe7e543d700: cdpl_server_ipc.c:715: in _sv_on_relay(): debug: RELAY message from W2, content = 10$2854589 claws-compute3.ece.ncsu.edu 2857404 RUNNING 1757197017
1757197017.671818: 2853530-7fe8215a0540: cdpl_server.c:227: in _sv_free_task_safe(): debug: freeing task T8
1757197018.317937: 2853530-7fe7e543d700: cdpl_server_ipc.c:1268: in _sv_ipc_thread(): debug: received RELAY message
1757197018.317955: 2853530-7fe7e543d700: cdpl_server_ipc.c:713: in _sv_on_relay(): debug: RELAY message from W1, size = 77
1757197018.317959: 2853530-7fe7e543d700: cdpl_server_ipc.c:715: in _sv_on_relay(): debug: RELAY message from W1, content = 9$2854588 claws-compute3.ece.ncsu.edu 2857088 FINISHED 1757197016|1757197018
1757197018.318107: 2853530-7fe7e543d700: cdpl_server_ipc.c:1251: in _sv_ipc_thread(): debug: received FINISH message
1757197018.318109: 2853530-7fe7e543d700: cdpl_server_ipc.c:983: in _sv_on_finish(): info: worker W1 completed task T9
1757197018.318117: 2853530-7fe7e543d700: cdpl_server_ipc.c:988: in _sv_on_finish(): debug: stat T9: utime=581 stime=416
1757197018.318119: 2853530-7fe7e543d700: cdpl_server_ipc.c:993: in _sv_on_finish(): debug: statm T9: vsize=3054988 rss=1037796 shared=519996 text=474784 data=710208
1757197018.322796: 2853530-7fe7e543d700: cdpl_server_ipc.c:1268: in _sv_ipc_thread(): debug: received RELAY message
1757197018.322803: 2853530-7fe7e543d700: cdpl_server_ipc.c:713: in _sv_on_relay(): debug: RELAY message from W1, size = 52
1757197018.322805: 2853530-7fe7e543d700: cdpl_server_ipc.c:715: in _sv_on_relay(): debug: RELAY message from W1, content = WORKERDU|8648,/dev/mapper/rhel_claws--compute3-home
1757197018.371678: 2853530-7fe8215a0540: cdpl_server.c:227: in _sv_free_task_safe(): debug: freeing task T9
1757197018.972347: 2853530-7fe7e543d700: cdpl_server_ipc.c:1268: in _sv_ipc_thread(): debug: received RELAY message
1757197018.972365: 2853530-7fe7e543d700: cdpl_server_ipc.c:713: in _sv_on_relay(): debug: RELAY message from W2, size = 197
1757197018.972368: 2853530-7fe7e543d700: cdpl_server_ipc.c:715: in _sv_on_relay(): debug: RELAY message from W2, content = REQPILOT|saeSession4,1,diff_mode_gain|&/home/argershm/180-voltmeter/Analog/cc/simulation/integrator,tb_main_opamp,schematic/history_1/simulation/diff_mode_gain/PrimeSimSPICE/parametric/results|&10
1757197018.972398: 2853530-7fe7d6ffd700: cdpl_compat_master.c:5948: in cdplMasterLogInfo(): info: [non-CDPL log entry] PWDP send back 'PILOTOK' back to worker id:2 key: saeSession4,1,diff_mode_gain|&/home/argershm/180-voltmeter/Analog/cc/simulation/integrator,tb_main_opamp,schematic/history_1/simulation/diff_mode_gain/PrimeSimSPICE/parametric/results
1757197018.972522: 2853530-7fe7e543d700: cdpl_server_ipc.c:1268: in _sv_ipc_thread(): debug: received RELAY message
1757197018.972524: 2853530-7fe7e543d700: cdpl_server_ipc.c:713: in _sv_on_relay(): debug: RELAY message from W2, size = 19
1757197018.972526: 2853530-7fe7e543d700: cdpl_server_ipc.c:715: in _sv_on_relay(): debug: RELAY message from W2, content = 10$- - - MEASDOING
1757197019.787033: 2853530-7fe7e543d700: cdpl_server_ipc.c:1268: in _sv_ipc_thread(): debug: received RELAY message
1757197019.787047: 2853530-7fe7e543d700: cdpl_server_ipc.c:713: in _sv_on_relay(): debug: RELAY message from W2, size = 78
1757197019.787050: 2853530-7fe7e543d700: cdpl_server_ipc.c:715: in _sv_on_relay(): debug: RELAY message from W2, content = 10$2854589 claws-compute3.ece.ncsu.edu 2857404 FINISHED 1757197017|1757197019
1757197019.787517: 2853530-7fe7e543d700: cdpl_server_ipc.c:1251: in _sv_ipc_thread(): debug: received FINISH message
1757197019.787522: 2853530-7fe7e543d700: cdpl_server_ipc.c:983: in _sv_on_finish(): info: worker W2 completed task T10
1757197019.787525: 2853530-7fe7e543d700: cdpl_server_ipc.c:988: in _sv_on_finish(): debug: stat T10: utime=560 stime=423
1757197019.787527: 2853530-7fe7e543d700: cdpl_server_ipc.c:993: in _sv_on_finish(): debug: statm T10: vsize=3054956 rss=1041272 shared=519612 text=474784 data=710176
1757197019.792525: 2853530-7fe7e543d700: cdpl_server_ipc.c:1268: in _sv_ipc_thread(): debug: received RELAY message
1757197019.792531: 2853530-7fe7e543d700: cdpl_server_ipc.c:713: in _sv_on_relay(): debug: RELAY message from W2, size = 52
1757197019.792533: 2853530-7fe7e543d700: cdpl_server_ipc.c:715: in _sv_on_relay(): debug: RELAY message from W2, content = WORKERDU|8648,/dev/mapper/rhel_claws--compute3-home
1757197019.871948: 2853530-7fe8215a0540: cdpl_server.c:227: in _sv_free_task_safe(): debug: freeing task T10
1757197020.787718: 2853530-7fe8215a0540: cdpl_server.c:3008: in cdpl_sv_halt_job_errno(): info: killing job J1
1757197020.787749: 2853530-7fe8215a0540: cdpl_server.c:3044: in cdpl_sv_halt_job_errno(): debug: signal bin B1 scheduler to stop
1757197020.787772: 2853530-7fe7d4ff9700: cdpl_server_sched.c:2484: in _sv_scheduler_thread(): debug: scheduler for bin B1 stopped
1757197020.787811: 2853530-7fe7d4ff9700: cdpl_ipc.c:1657: in _host_drop__UNSAFE(): debug: dropping host `152.14.98.53:36368'
1757197020.787854: 2853530-7fe7d4ff9700: cdpl_server_sched.c:2830: in _sv_drop_worker(): info: down to 2 alive workers in B1
1757197020.787863: 2853530-7fe7d4ff9700: cdpl_farm.c:4152: in cdpl_farm_dismiss(): debug: down to 2 running processes
1757197020.787866: 2853530-7fe7e543d700: cdpl_server_ipc.c:1236: in _sv_ipc_thread(): debug: received DROP notification
1757197020.787872: 2853530-7fe7d4ff9700: cdpl_ipc.c:1657: in _host_drop__UNSAFE(): debug: dropping host `152.14.98.53:36356'
1757197020.787889: 2853530-7fe7d4ff9700: cdpl_server_sched.c:2830: in _sv_drop_worker(): info: down to 1 alive workers in B1
1757197020.787890: 2853530-7fe7d4ff9700: cdpl_farm.c:4152: in cdpl_farm_dismiss(): debug: down to 1 running processes
1757197020.787892: 2853530-7fe7d4ff9700: cdpl_ipc.c:1657: in _host_drop__UNSAFE(): debug: dropping host `152.14.98.53:36382'
1757197020.787906: 2853530-7fe7d4ff9700: cdpl_server_sched.c:2830: in _sv_drop_worker(): info: down to 0 alive workers in B1
1757197020.787908: 2853530-7fe7d4ff9700: cdpl_farm.c:4152: in cdpl_farm_dismiss(): debug: down to 0 running processes
1757197020.788229: 2853530-7fe7e543d700: cdpl_server_ipc.c:1236: in _sv_ipc_thread(): debug: received DROP notification
1757197020.788243: 2853530-7fe7e543d700: cdpl_server_ipc.c:1236: in _sv_ipc_thread(): debug: received DROP notification
1757197020.788247: 2853530-7fe7d4ff9700: cdpl_server_sched.c:121: in _free_worker_2(): debug: freeing worker W3
1757197020.788266: 2853530-7fe7d4ff9700: cdpl_ipc.c:2513: in cdpl_ipc_host_release(): debug: releasing host `152.14.98.53:36368'
1757197020.788268: 2853530-7fe7d4ff9700: cdpl_ipc.c:2529: in cdpl_ipc_host_release(): debug: scheduling for immediate release
1757197020.788271: 2853530-7fe7d4ff9700: cdpl_server_sched.c:121: in _free_worker_2(): debug: freeing worker W1
1757197020.788272: 2853530-7fe7d4ff9700: cdpl_ipc.c:2513: in cdpl_ipc_host_release(): debug: releasing host `152.14.98.53:36356'
1757197020.788274: 2853530-7fe7d4ff9700: cdpl_ipc.c:2529: in cdpl_ipc_host_release(): debug: scheduling for immediate release
1757197020.788275: 2853530-7fe7d4ff9700: cdpl_server_sched.c:121: in _free_worker_2(): debug: freeing worker W2
1757197020.788277: 2853530-7fe7d4ff9700: cdpl_ipc.c:2513: in cdpl_ipc_host_release(): debug: releasing host `152.14.98.53:36382'
1757197020.788278: 2853530-7fe7d4ff9700: cdpl_ipc.c:2529: in cdpl_ipc_host_release(): debug: scheduling for immediate release
1757197020.788295: 2853530-7fe8215a0540: cdpl_server.c:294: in _sv_free_job(): info: freeing job J1
1757197020.788298: 2853530-7fe8215a0540: cdpl_server.c:92: in _sv_free_bin(): debug: freeing bin B1
1757197020.788300: 2853530-7fe7d7fff700: cdpl_ipc.c:775: in _readv(): warning: read(): EOF
1757197020.788324: 2853530-7fe7d7fff700: cdpl_ipc.c:2100: in _epoll_recv(): debug: _readv(): Broken pipe
1757197020.788328: 2853530-7fe7d7fff700: cdpl_ipc.c:2424: in _epoll_main(): debug: _epoll_recv(): Broken pipe
1757197020.788331: 2853530-7fe7d7fff700: cdpl_ipc.c:1657: in _host_drop__UNSAFE(): debug: dropping host `152.14.98.53:40681'
1757197020.788342: 2853530-7fe8215a0540: cdpl_monitor.c:515: in cdpl_mn_kill(): info: killing monitor
1757197020.788377: 2853530-7fe7d7fff700: cdpl_ipc.c:775: in _readv(): warning: read(): EOF
1757197020.788379: 2853530-7fe7d7fff700: cdpl_ipc.c:2100: in _epoll_recv(): debug: _readv(): Broken pipe
1757197020.788382: 2853530-7fe8215a0540: cdpl_ipc.c:3677: in cdpl_ipc_kill(): debug: stopping event server
1757197020.788386: 2853530-7fe7d77fe700: cdpl_monitor.c:290: in mn_listen(): debug: received DROP message
1757197020.788401: 2853530-7fe7d7fff700: cdpl_ipc.c:2424: in _epoll_main(): debug: _epoll_recv(): Broken pipe
1757197020.788437: 2853530-7fe7d7fff700: cdpl_ipc.c:1657: in _host_drop__UNSAFE(): debug: dropping host `152.14.98.53:34843'
1757197020.788447: 2853530-7fe7d7fff700: cdpl_ipc.c:2460: in _epoll_main(): debug: server going down...
1757197020.788450: 2853530-7fe7d77fe700: cdpl_ipc.c:2513: in cdpl_ipc_host_release(): debug: releasing host `152.14.98.53:40681'
1757197020.788472: 2853530-7fe7e5c3e700: cdpl_ipc.c:775: in _readv(): warning: read(): EOF
1757197020.788484: 2853530-7fe7e5c3e700: cdpl_ipc.c:2100: in _epoll_recv(): debug: _readv(): Broken pipe
1757197020.788486: 2853530-7fe7e5c3e700: cdpl_ipc.c:2424: in _epoll_main(): debug: _epoll_recv(): Broken pipe
1757197020.788490: 2853530-7fe7e5c3e700: cdpl_ipc.c:1657: in _host_drop__UNSAFE(): debug: dropping host `152.14.98.53:36340'
1757197020.788524: 2853530-7fe7e5c3e700: cdpl_ipc.c:1582: in _host_free__UNSAFE(): debug: freeing host `152.14.98.53:36382'
1757197020.788526: 2853530-7fe7e5c3e700: cdpl_ipc.c:1621: in _host_free__UNSAFE(): debug: [0 outq, 0 spR, 0 spW]
1757197020.788530: 2853530-7fe7e5c3e700: cdpl_ipc.c:1582: in _host_free__UNSAFE(): debug: freeing host `152.14.98.53:36356'
1757197020.788531: 2853530-7fe7e5c3e700: cdpl_ipc.c:1621: in _host_free__UNSAFE(): debug: [0 outq, 0 spR, 0 spW]
1757197020.788533: 2853530-7fe7e5c3e700: cdpl_ipc.c:1582: in _host_free__UNSAFE(): debug: freeing host `152.14.98.53:36368'
1757197020.788534: 2853530-7fe7e5c3e700: cdpl_ipc.c:1621: in _host_free__UNSAFE(): debug: [0 outq, 0 spR, 0 spW]
1757197020.788541: 2853530-7fe7e543d700: cdpl_server_ipc.c:1236: in _sv_ipc_thread(): debug: received DROP notification
1757197020.788553: 2853530-7fe7e543d700: cdpl_monitor.c:1269: in cdpl_mn_drop(): debug: detaching from monitor `152.14.98.53:36340'
1757197020.788560: 2853530-7fe7e543d700: cdpl_monitor.c:1101: in mn_systat_stop(): debug: joining systat thread
1757197020.788589: 2853530-7fe7d67fc700: cdpl_monitor.c:1079: in mn_systat(): debug: exiting
1757197020.788601: 2853530-7fe7e543d700: cdpl_monitor.c:1103: in mn_systat_stop(): debug: systat thread done
1757197020.788604: 2853530-7fe7e543d700: cdpl_ipc.c:2513: in cdpl_ipc_host_release(): debug: releasing host `152.14.98.53:36340'
1757197020.788727: 2853530-7fe7e4c3c700: cdpl_ipc.c:3728: in cdpl_ipc_free(): debug: releasing IPC handle
1757197020.788736: 2853530-7fe7e4c3c700: cdpl_ipc.c:1582: in _host_free__UNSAFE(): debug: freeing host `152.14.98.53:34843'
1757197020.788739: 2853530-7fe7e4c3c700: cdpl_ipc.c:1621: in _host_free__UNSAFE(): debug: [0 outq, 0 spR, 0 spW]
1757197020.788741: 2853530-7fe7e4c3c700: cdpl_ipc.c:1582: in _host_free__UNSAFE(): debug: freeing host `152.14.98.53:43557'
1757197020.788742: 2853530-7fe7e4c3c700: cdpl_ipc.c:1621: in _host_free__UNSAFE(): debug: [0 outq, 0 spR, 0 spW]
1757197020.788762: 2853530-7fe7e4c3c700: cdpl_ipc.c:1582: in _host_free__UNSAFE(): debug: freeing host `152.14.98.53:40681'
1757197020.788763: 2853530-7fe7e4c3c700: cdpl_ipc.c:1621: in _host_free__UNSAFE(): debug: [0 outq, 0 spR, 0 spW]
1757197020.788765: 2853530-7fe7e4c3c700: cdpl_ipc.c:1582: in _host_free__UNSAFE(): debug: freeing host `152.14.98.53:36343'
1757197020.788766: 2853530-7fe7e4c3c700: cdpl_ipc.c:1621: in _host_free__UNSAFE(): debug: [0 outq, 0 spR, 0 spW]
1757197020.788775: 2853530-7fe7e4c3c700: cdpl_ipc.c:3756: in cdpl_ipc_free(): warning: 3 host(s) were not released
1757197020.788791: 2853530-7fe7e4c3c700: cdpl_ipc.c:3767: in cdpl_ipc_free(): debug: done
1757197020.788793: 2853530-7fe7e4c3c700: cdpl_monitor.c:1390: in cdpl_mn_free(): debug: freeing monitor client
1757197020.788884: 2853530-7fe8215a0540: cdpl_farm.c:2740: in cdpl_farm_free(): info: freeing farm
1757197020.788899: 2853530-7fe7b7fff700: cdpl_farm.c:2231: in _schedule(): debug: end of idling
1757197020.788904: 2853530-7fe7b7fff700: cdpl_farm.c:2235: in _schedule(): debug: dying
1757197020.789003: 2853530-7fe8215a0540: cdpl_farm.c:913: in _killall(): debug: killing all remaining commands
1757197020.789021: 2853530-7fe8215a0540: cdpl_server.c:3144: in cdpl_sv_free(): info: freeing server S202546093
1757197020.789037: 2853530-7fe8215a0540: cdpl_server.c:3109: in cdpl_sv_kill_errno(): info: killing server
1757197020.789040: 2853530-7fe8215a0540: cdpl_ipc.c:3677: in cdpl_ipc_kill(): debug: stopping event server
1757197020.789054: 2853530-7fe7e543d700: cdpl_server_ipc.c:1200: in _sv_ipc_thread(): debug: leaving now
1757197020.789060: 2853530-7fe7e5c3e700: cdpl_ipc.c:2460: in _epoll_main(): debug: server going down...
1757197020.789074: 2853530-7fe8215a0540: cdpl_server.c:334: in _sv_free_master(): info: freeing master M1
1757197020.789083: 2853530-7fe8215a0540: cdpl_hash.c:68: in cdpl_h_destroy(): debug: put operations: 3
1757197020.789086: 2853530-7fe8215a0540: cdpl_hash.c:69: in cdpl_h_destroy(): debug: put collisions: 0
1757197020.789089: 2853530-7fe8215a0540: cdpl_hash.c:70: in cdpl_h_destroy(): debug: get operations: 11
1757197020.789093: 2853530-7fe8215a0540: cdpl_hash.c:71: in cdpl_h_destroy(): debug: get iterations: 11
1757197020.789099: 2853530-7fe8215a0540: cdpl_monitor.c:1390: in cdpl_mn_free(): debug: freeing monitor server
1757197020.789102: 2853530-7fe8215a0540: cdpl_ipc.c:3728: in cdpl_ipc_free(): debug: releasing IPC handle
1757197020.789104: 2853530-7fe8215a0540: cdpl_ipc.c:1582: in _host_free__UNSAFE(): debug: freeing host `152.14.98.53:36340'
1757197020.789106: 2853530-7fe8215a0540: cdpl_ipc.c:1621: in _host_free__UNSAFE(): debug: [0 outq, 0 spR, 0 spW]
1757197020.789124: 2853530-7fe8215a0540: cdpl_ipc.c:3767: in cdpl_ipc_free(): debug: done
1757197020.789129: 2853530-7fe8215a0540: cdpl_log.c:481: in cdpl_log_close(): info: @@end_of_log@@
