1757109978.464470: 1396453-7fcae9fba540: cdpl_log.c:337: in cdpl_log_open(): info: @@start_of_log@@
1757109978.464491: 1396453-7fcae9fba540: cdpl_log.c:1058: in cdpl_log_dump_sysinfo(): info: time: 2025/09/05 18:06:18 EDT -0400
1757109978.464494: 1396453-7fcae9fba540: cdpl_log.c:1060: in cdpl_log_dump_sysinfo(): info: version: W-2024.09-SP1-2 
1757109978.464495: 1396453-7fcae9fba540: cdpl_log.c:1062: in cdpl_log_dump_sysinfo(): info: system: Linux 4.18.0-553.69.1.el8_10.x86_64 #1 SMP Thu Aug 7 18:10:00 EDT 2025
1757109978.464497: 1396453-7fcae9fba540: cdpl_log.c:1067: in cdpl_log_dump_sysinfo(): info: processor: x86_64 64-bits
1757109978.464498: 1396453-7fcae9fba540: cdpl_log.c:1071: in cdpl_log_dump_sysinfo(): info: hostname: claws-compute3.ece.ncsu.edu
1757109978.464500: 1396453-7fcae9fba540: cdpl_log.c:1073: in cdpl_log_dump_sysinfo(): info: program name: custom_shell
1757109978.464502: 1396453-7fcae9fba540: cdpl_log.c:340: in cdpl_log_open(): debug: path: /home/argershm/180-voltmeter/Analog/cc/synopsys_custom/pwdp_jobs/saeSession0_diffmodegain.SimulationSimulation_cdpl.0.1396453/logs/master.claws-compute3.ece.ncsu.edu.1396453.log
1757109978.464504: 1396453-7fcae9fba540: cdpl_log.c:341: in cdpl_log_open(): debug: dir: /home/argershm/180-voltmeter/Analog/cc/synopsys_custom/pwdp_jobs/saeSession0_diffmodegain.SimulationSimulation_cdpl.0.1396453/logs
1757109978.464531: 1396453-7fcae9fba540: cdpl_server.c:536: in cdpl_sv_init(): info: new server S131429095
1757109978.464540: 1396453-7fcae9fba540: cdpl_ipc.c:3475: in cdpl_ipc_init(): info: requesting IPv4 protocol
1757109978.468407: 1396453-7fcae9fba540: cdpl_ipc.c:837: in _selectaddrfamily(): info: selected IPv4 protocol
1757109978.468430: 1396453-7fcae9fba540: cdpl_ipc.c:1139: in _set_keepalive(): info: TCP keep alive interval: 300
1757109978.471329: 1396453-7fcae9fba540: cdpl_monitor.c:1117: in cdpl_mn_new_server(): info: creating server monitor instance
1757109978.471344: 1396453-7fcae9fba540: cdpl_server.c:650: in cdpl_sv_new_master(): info: new master M1
1757109978.471352: 1396453-7fcae9fba540: cdpl_server.c:6533: in cdpl_sv_ctl_master(): info: Setting worker heartbeat to 120 seconds
1757109978.471354: 1396453-7fcae9fba540: cdpl_server.c:6542: in cdpl_sv_ctl_master(): info: Setting worker heartbeat timeout to 3 heartbeats
1757109978.471356: 1396453-7fcae9fba540: cdpl_compat_master.c:2090: in _parse_hostfile(): info: reading hostfile `/home/argershm/180-voltmeter/Analog/cc/synopsys_custom/pwdp_jobs/saeSession0_diffmodegain.SimulationSimulation_cdpl.0.1396453/host_file'
1757109978.471378: 1396453-7fcae9fba540: cdpl_compat_master.c:1900: in _hostfile_parser(): debug: parsing "1     |localhost|   -1  | /tmp | SH | sh"
1757109978.471391: 1396453-7fcae9fba540: cdpl_farm.c:2578: in cdpl_farm_new_sh(): info: creating SH farm on localhost
1757109978.471397: 1396453-7fcae9fba540: cdpl_compat_master.c:206: in _set_farm_env(): info: exporting CDPL_LOGDIR as `/home/argershm/180-voltmeter/Analog/cc/synopsys_custom/pwdp_jobs/saeSession0_diffmodegain.SimulationSimulation_cdpl.0.1396453/logs'
1757109978.471399: 1396453-7fcae9fba540: cdpl_compat_master.c:212: in _set_farm_env(): info: exporting CDPL_TMPDIR as `/tmp'
1757109978.471401: 1396453-7fcae9fba540: cdpl_compat_master.c:235: in _set_farm_env(): info: exporting SNPSLMD_LICENSE_FILE as `27000@ece-lic-35.ece.ncsu.edu'
1757109978.471404: 1396453-7fcae9fba540: cdpl_compat_master.c:259: in _set_farm_env(): info: exporting CDPL_OPTIONS as `[nowlogs]'
1757109978.471405: 1396453-7fcae9fba540: cdpl_compat_master.c:266: in _set_farm_env(): info: exporting DISPLAY as `unix:1876'
1757109978.471407: 1396453-7fcae9fba540: cdpl_compat_master.c:274: in _set_farm_env(): info: exporting CDPL_HEARTBEAT as `120'
1757109978.471416: 1396453-7fcae9fba540: cdpl_farm.c:3149: in cdpl_farm_add_withdir(): debug: added `localhost' (capacity: unlimited)
1757109978.471418: 1396453-7fcae9fba540: cdpl_compat_parse.c:147: in parsefile(): debug: read `/home/argershm/180-voltmeter/Analog/cc/synopsys_custom/pwdp_jobs/saeSession0_diffmodegain.SimulationSimulation_cdpl.0.1396453/host_file', 2 lines
1757109978.471423: 1396453-7fcae9fba540: cdpl_compat_master.c:2931: in cdplInitMaster(): info: bcast dir is `/home/argershm/180-voltmeter/Analog/cc/synopsys_custom/pwdp_jobs/saeSession0_diffmodegain.SimulationSimulation_cdpl.0.1396453/logs'
1757109978.471468: 1396453-7fcae9fba540: cdpl_server.c:6433: in cdpl_sv_ctl_master(): info: farm worker timeout set to 300
1757109978.471471: 1396453-7fcae9fba540: cdpl_server.c:6486: in cdpl_sv_ctl_master(): info: maximum number of task execution attempts set to 1
1757109978.471486: 1396453-7fcae9fba540: cdpl_server.c:3195: in cdpl_sv_start(): debug: starting server
1757109978.471490: 1396453-7fcae9fba540: cdpl_ipc.c:3632: in cdpl_ipc_start(): debug: starting IPC server 152.14.98.53:45953
1757109978.471626: 1396453-7fcaa5e52700: cdpl_server_ipc.c:1182: in _sv_ipc_thread(): debug: ready
1757109978.471783: 1396453-7fcaa5651700: cdpl_monitor.c:426: in cdpl_mn_init_client(): info: creating client monitor instance
1757109978.471801: 1396453-7fcaa5651700: cdpl_ipc.c:3475: in cdpl_ipc_init(): info: requesting IPv4 protocol
1757109978.476282: 1396453-7fcaa5651700: cdpl_ipc.c:837: in _selectaddrfamily(): info: selected IPv4 protocol
1757109978.476305: 1396453-7fcaa5651700: cdpl_ipc.c:1139: in _set_keepalive(): info: TCP keep alive interval: 300
1757109978.480680: 1396453-7fcaa5651700: cdpl_ipc.c:3632: in cdpl_ipc_start(): debug: starting IPC server 152.14.98.53:45899
1757109978.480821: 1396453-7fcaa5651700: cdpl_monitor.c:471: in cdpl_mn_init_client(): debug: incoming messages in /tmp/cdpl-monitor-HwURQI
1757109978.480921: 1396453-7fcaa5651700: cdpl_monitor.c:533: in cdpl_mn_connect(): debug: connecting to 152.14.98.53:45953
1757109978.480929: 1396453-7fcaa5651700: cdpl_ipc.c:3789: in cdpl_ipc_connect(): info: connecting to 152.14.98.53:45953
1757109978.481034: 1396453-7fcaa5651700: cdpl_ipc.c:3860: in cdpl_ipc_connect(): info: connected as `152.14.98.53:54284'
1757109978.481051: 1396453-7fcaa5651700: cdpl_ipc.c:2503: in cdpl_ipc_host_accept(): debug: accepted host `152.14.98.53:45953'
1757109978.481073: 1396453-7fcaa6653700: cdpl_ipc.c:1862: in _epoll_accept(): debug: new connection from `152.14.98.53:54284'
1757109978.481088: 1396453-7fcaa5651700: cdpl_monitor.c:579: in cdpl_mn_connect(): debug: ok
1757109978.481111: 1396453-7fcae9fba540: cdpl_server.c:731: in cdpl_sv_new_job(): info: new job J1 in M1
1757109978.481134: 1396453-7fcae9fba540: cdpl_compat_master.c:1581: in _add_worker(): info: new worker type 10, min:1, max:3, cmd:`/home/argershm/180-voltmeter/Analog/cc/synopsys_custom/pwdp_jobs/saeSession0_diffmodegain.SimulationSimulation_cdpl.0.1396453/START_WORKER pw_worker -i /home/argershm/180-voltmeter/Analog/cc/synopsys_custom/pwdp_jobs
1757109978.481143: 1396453-7fcaa5e52700: cdpl_server_ipc.c:1225: in _sv_ipc_thread(): debug: received ACCEPT notification
1757109978.481153: 1396453-7fcae9fba540: cdpl_server.c:908: in cdpl_sv_new_bin_withfarm(): info: new bin B1 in J1
1757109978.481157: 1396453-7fcaa5e52700: cdpl_ipc.c:2503: in cdpl_ipc_host_accept(): debug: accepted host `152.14.98.53:54284'
1757109978.481170: 1396453-7fcaa5e52700: cdpl_server_ipc.c:1256: in _sv_ipc_thread(): debug: received MONITOR message
1757109978.481310: 1396453-7fcaa5e52700: cdpl_monitor.c:1207: in cdpl_mn_accept(): debug: accepted monitor `152.14.98.53:54284'
1757109978.481314: 1396453-7fcaa5e52700: cdpl_server_ipc_mon.c:120: in _globalLOCK(): debug: ENTERTING GLOBAL LOCK
1757109978.481316: 1396453-7fcaa5e52700: cdpl_server_ipc_mon.c:164: in _globalLOCK(): debug: global lock acquired
1757109978.481326: 1396453-7fca9effd700: cdpl_monitor.c:910: in mn_systat(): debug: started
1757109978.481621: 1396453-7fca9effd700: cdpl_monitor.c:937: in mn_systat(): debug: monitor server flush rate: 5
1757109979.257422: 1396453-7fcaa5e52700: cdpl_server_ipc_mon.c:210: in _globalUNLOCK(): debug: LEAVING GLOBAL LOCK
1757109979.257443: 1396453-7fcae9fba540: cdpl_server.c:3249: in cdpl_sv_start_job(): info: starting job J1
1757109979.257465: 1396453-7fcae9fba540: cdpl_server.c:62: in _sv_start_bin(): debug: starting bin B1 (min: 0, max: 3)
1757109979.257567: 1396453-7fca9d7fa700: cdpl_server_sched.c:2482: in _sv_scheduler_thread(): debug: scheduler for bin B1 started
1757109979.257596: 1396453-7fcae9fba540: cdpl_server.c:1893: in _sv_gen_task(): info: new task T0 in B1 (prio 0)
1757109979.257626: 1396453-7fcae9fba540: cdpl_server.c:2698: in cdpl_sv_label_task_va(): info: setting task T0 label to "PrimeSim_1|PrimeSim"
1757109979.257671: 1396453-7fca9d7fa700: cdpl_server_sched.c:2443: in _scheduler_run(): debug: will start a new worker
1757109979.257711: 1396453-7fca9d7fa700: cdpl_farm.c:3977: in cdpl_farm_submit(): debug: 1 running processes
1757109979.257714: 1396453-7fca9d7fa700: cdpl_farm.c:3985: in cdpl_farm_submit(): debug: new command C1 in bin B1 assigned to host `localhost'
1757109979.257852: 1396453-7fca9d7fa700: cdpl_server_sched.c:705: in _sv_launch_worker(): info: started worker W1 (as C1) in bin B1
1757109979.257871: 1396453-7fca9cff9700: cdpl_farm.c:2139: in _schedule(): debug: started
1757109979.257877: 1396453-7fca9cff9700: cdpl_farm.c:2303: in _schedule(): debug: submitting command C1 in bin B1
1757109979.257893: 1396453-7fca9cff9700: cdpl_sh.c:49: in _sh_detached_submit(): info: SH : /home/argershm/180-voltmeter/Analog/cc/synopsys_custom/pwdp_jobs/saeSession0_diffmodegain.SimulationSimulation_cdpl.0.1396453/START_WORKER pw_worker -i /home/argershm/180-voltmeter/Analog/cc/synopsys_custom/pwdp_jobs/saeSession0_diffmodegain.SimulationSimulation_cdpl.0.1396453 -t 10000
1757109979.267255: 1396453-7fca9cff9700: cdpl_farm.c:2343: in _schedule(): debug: C1 in bin B1 running on slot 0
1757109979.267291: 1396453-7fca9cff9700: cdpl_farm.c:2167: in _schedule(): debug: idle
1757109979.275969: 1396453-7fcae9fba540: cdpl_compat_master.c:5948: in cdplMasterLogInfo(): info: [non-CDPL log entry] PWDP3: reset pilot cache succeeded, pilot_key=saeSession0,1,diff_mode_gain|&/home/argershm/180-voltmeter/Analog/cc/simulation/integrator,tb_main_opamp,schematic/history_1/simulation/diff_mode_gain/PrimeSimSPICE/nominal/results
1757109979.567340: 1396453-7fca9cff9700: cdpl_farm.c:1193: in _onexit(): debug: C1 in bin B1 exited normally on slot 0
1757109980.372352: 1396453-7fca9e7fc700: cdpl_compat_master.c:5948: in cdplMasterLogInfo(): info: [non-CDPL log entry] PWDP - no-workers started ok check start!
1757109981.187718: 1396453-7fcaa6653700: cdpl_ipc.c:1862: in _epoll_accept(): debug: new connection from `152.14.98.53:54286'
1757109981.187767: 1396453-7fcaa5e52700: cdpl_server_ipc.c:1225: in _sv_ipc_thread(): debug: received ACCEPT notification
1757109981.187783: 1396453-7fcaa5e52700: cdpl_ipc.c:2503: in cdpl_ipc_host_accept(): debug: accepted host `152.14.98.53:54286'
1757109981.187876: 1396453-7fcaa5e52700: cdpl_server_ipc.c:1246: in _sv_ipc_thread(): debug: received HELLO message
1757109981.187881: 1396453-7fcaa5e52700: cdpl_server_ipc.c:430: in _sv_on_hello(): debug: looking up W1
1757109981.187884: 1396453-7fcaa5e52700: cdpl_server_ipc.c:540: in _sv_on_hello(): info: W1 is `152.14.98.53:54286'
1757109981.187885: 1396453-7fcaa5e52700: cdpl_server_ipc.c:541: in _sv_on_hello(): debug: hello W1 (B1)
1757109981.187887: 1396453-7fcaa5e52700: cdpl_server_ipc.c:542: in _sv_on_hello(): info: W1 log file is /dev/null
1757109981.187947: 1396453-7fcaa5e52700: cdpl_server_ipc.c:602: in _sv_on_hello(): info: up to 1 alive workers in B1
1757109981.187965: 1396453-7fcaa5e52700: cdpl_farm.c:878: in _release_cmd(): debug: freeing command C1 in bin B1
1757109981.187985: 1396453-7fca9d7fa700: cdpl_server_sched.c:960: in _assign(): info: assigning task T0 to worker W1
1757109981.251789: 1396453-7fcaa5e52700: cdpl_server_ipc.c:1268: in _sv_ipc_thread(): debug: received RELAY message
1757109981.251804: 1396453-7fcaa5e52700: cdpl_server_ipc.c:713: in _sv_on_relay(): debug: RELAY message from W1, size = 65
1757109981.251807: 1396453-7fcaa5e52700: cdpl_server_ipc.c:715: in _sv_on_relay(): debug: RELAY message from W1, content = 0$1397168 claws-compute3.ece.ncsu.edu 1397184 RUNNING 1757109981
1757109982.188092: 1396453-7fcaa5e52700: cdpl_server_ipc.c:312: in _sv_on_heartbeat(): debug: received HEARTBEAT from worker W1 at 152.14.98.53:54286
1757109983.482309: 1396453-7fcaa5651700: cdpl_monitor.c:533: in cdpl_mn_connect(): debug: connecting to 152.14.98.53:41559
1757109983.482322: 1396453-7fcaa5651700: cdpl_ipc.c:3789: in cdpl_ipc_connect(): info: connecting to 152.14.98.53:41559
1757109983.482452: 1396453-7fcaa5651700: cdpl_ipc.c:3860: in cdpl_ipc_connect(): info: connected as `152.14.98.53:36504'
1757109983.482460: 1396453-7fcaa5651700: cdpl_ipc.c:2503: in cdpl_ipc_host_accept(): debug: accepted host `152.14.98.53:41559'
1757109983.482465: 1396453-7fcaa5651700: cdpl_monitor.c:579: in cdpl_mn_connect(): debug: ok
1757109988.191745: 1396453-7fcaa5e52700: cdpl_server_ipc.c:1268: in _sv_ipc_thread(): debug: received RELAY message
1757109988.191763: 1396453-7fcaa5e52700: cdpl_server_ipc.c:713: in _sv_on_relay(): debug: RELAY message from W1, size = 50
1757109988.191765: 1396453-7fcaa5e52700: cdpl_server_ipc.c:715: in _sv_on_relay(): debug: RELAY message from W1, content = WORKERDU|28,/dev/mapper/rhel_claws--compute3-home
1757109988.191772: 1396453-7fcaa5e52700: cdpl_server_ipc.c:1268: in _sv_ipc_thread(): debug: received RELAY message
1757109988.191773: 1396453-7fcaa5e52700: cdpl_server_ipc.c:713: in _sv_on_relay(): debug: RELAY message from W1, size = 18
1757109988.191775: 1396453-7fcaa5e52700: cdpl_server_ipc.c:715: in _sv_on_relay(): debug: RELAY message from W1, content = 0$- - - MEASDOING
1757109988.428541: 1396453-7fcaa5e52700: cdpl_server_ipc.c:1268: in _sv_ipc_thread(): debug: received RELAY message
1757109988.428555: 1396453-7fcaa5e52700: cdpl_server_ipc.c:713: in _sv_on_relay(): debug: RELAY message from W1, size = 77
1757109988.428558: 1396453-7fcaa5e52700: cdpl_server_ipc.c:715: in _sv_on_relay(): debug: RELAY message from W1, content = 0$1397168 claws-compute3.ece.ncsu.edu 1397184 FAILED 1757109981|1757109988|8
1757109988.428710: 1396453-7fcaa5e52700: cdpl_server_ipc.c:1251: in _sv_ipc_thread(): debug: received FINISH message
1757109988.428716: 1396453-7fcaa5e52700: cdpl_server_ipc.c:983: in _sv_on_finish(): info: worker W1 completed task T0
1757109988.428718: 1396453-7fcaa5e52700: cdpl_server_ipc.c:988: in _sv_on_finish(): debug: stat T0: utime=3457 stime=1837
1757109988.428721: 1396453-7fcaa5e52700: cdpl_server_ipc.c:993: in _sv_on_finish(): debug: statm T0: vsize=3054628 rss=1039016 shared=517420 text=474784 data=709848
1757109988.435724: 1396453-7fcaa5e52700: cdpl_server_ipc.c:1268: in _sv_ipc_thread(): debug: received RELAY message
1757109988.435733: 1396453-7fcaa5e52700: cdpl_server_ipc.c:713: in _sv_on_relay(): debug: RELAY message from W1, size = 49
1757109988.435735: 1396453-7fcaa5e52700: cdpl_server_ipc.c:715: in _sv_on_relay(): debug: RELAY message from W1, content = WORKERDU|4,/dev/mapper/rhel_claws--compute3-home
1757109988.487086: 1396453-7fcae9fba540: cdpl_server.c:227: in _sv_free_task_safe(): debug: freeing task T0
1757110008.436671: 1396453-7fcaa4e50700: cdpl_ipc.c:775: in _readv(): warning: read(): EOF
1757110008.436692: 1396453-7fcaa6653700: cdpl_ipc.c:775: in _readv(): warning: read(): EOF
1757110008.436724: 1396453-7fcaa4e50700: cdpl_ipc.c:2100: in _epoll_recv(): debug: _readv(): Broken pipe
1757110008.436728: 1396453-7fcaa4e50700: cdpl_ipc.c:2424: in _epoll_main(): debug: _epoll_recv(): Broken pipe
1757110008.436731: 1396453-7fcaa6653700: cdpl_ipc.c:2100: in _epoll_recv(): debug: _readv(): Broken pipe
1757110008.436736: 1396453-7fcaa6653700: cdpl_ipc.c:2424: in _epoll_main(): debug: _epoll_recv(): Broken pipe
1757110008.436738: 1396453-7fcaa4e50700: cdpl_ipc.c:1657: in _host_drop__UNSAFE(): debug: dropping host `152.14.98.53:41559'
1757110008.436744: 1396453-7fcaa6653700: cdpl_ipc.c:1657: in _host_drop__UNSAFE(): debug: dropping host `152.14.98.53:54286'
1757110008.436797: 1396453-7fca9ffff700: cdpl_monitor.c:290: in mn_listen(): debug: received DROP message
1757110008.436828: 1396453-7fca9ffff700: cdpl_ipc.c:2513: in cdpl_ipc_host_release(): debug: releasing host `152.14.98.53:41559'
1757110008.437070: 1396453-7fcaa5e52700: cdpl_server_ipc.c:1236: in _sv_ipc_thread(): debug: received DROP notification
1757110008.437137: 1396453-7fcaa5e52700: cdpl_server_sched.c:2796: in _sv_record_crashed_worker(): debug: dropping worker W1
1757110008.437139: 1396453-7fcaa5e52700: cdpl_server_ipc.c:188: in _sv_on_drop_worker(): debug: down to 0 live workers in B1
1757110008.437160: 1396453-7fca9d7fa700: cdpl_server_sched.c:750: in _empty_trash(): debug: freeing worker W1 while emptying trash list for bin B1
1757110008.437174: 1396453-7fca9d7fa700: cdpl_farm.c:4152: in cdpl_farm_dismiss(): debug: down to 0 running processes
1757110008.437183: 1396453-7fca9d7fa700: cdpl_server_sched.c:121: in _free_worker_2(): debug: freeing worker W1
1757110008.437192: 1396453-7fca9d7fa700: cdpl_ipc.c:2513: in cdpl_ipc_host_release(): debug: releasing host `152.14.98.53:54286'
1757110008.437194: 1396453-7fca9d7fa700: cdpl_ipc.c:2529: in cdpl_ipc_host_release(): debug: scheduling for immediate release
1757110008.482648: 1396453-7fcaa6653700: cdpl_ipc.c:1582: in _host_free__UNSAFE(): debug: freeing host `152.14.98.53:54286'
1757110008.482669: 1396453-7fcaa6653700: cdpl_ipc.c:1621: in _host_free__UNSAFE(): debug: [0 outq, 0 spR, 0 spW]
1757110008.482671: 1396453-7fcaa4e50700: cdpl_ipc.c:1582: in _host_free__UNSAFE(): debug: freeing host `152.14.98.53:41559'
1757110008.482678: 1396453-7fcaa4e50700: cdpl_ipc.c:1621: in _host_free__UNSAFE(): debug: [0 outq, 0 spR, 0 spW]
1757110039.567508: 1396453-7fca9cff9700: cdpl_farm.c:2173: in _schedule(): debug: idle
1757110048.924647: 1396453-7fca9f7fe700: cdpl_compat_master.c:5971: in cdplMasterLogWarning(): warning: [non-CDPL log entry] PWDP: master does not receive message over 60 seconds!
1757110099.567668: 1396453-7fca9cff9700: cdpl_farm.c:2173: in _schedule(): debug: idle
1757110100.173499: 1396453-7fca9f7fe700: cdpl_compat_master.c:5948: in cdplMasterLogInfo(): info: [non-CDPL log entry] PWDP: message receiver is alive.
1757110101.081083: 1396453-7fca9e7fc700: cdpl_compat_master.c:5948: in cdplMasterLogInfo(): info: [non-CDPL log entry] PWDP: master status watchdog is alive.
1757110109.426076: 1396453-7fca9f7fe700: cdpl_compat_master.c:5971: in cdplMasterLogWarning(): warning: [non-CDPL log entry] PWDP: master does not receive message over 60 seconds!
1757110159.567832: 1396453-7fca9cff9700: cdpl_farm.c:2173: in _schedule(): debug: idle
1757110169.983836: 1396453-7fca9f7fe700: cdpl_compat_master.c:5971: in cdplMasterLogWarning(): warning: [non-CDPL log entry] PWDP: master does not receive message over 60 seconds!
1757110219.568032: 1396453-7fca9cff9700: cdpl_farm.c:2173: in _schedule(): debug: idle
1757110221.193801: 1396453-7fca9f7fe700: cdpl_compat_master.c:5948: in cdplMasterLogInfo(): info: [non-CDPL log entry] PWDP: message receiver is alive.
1757110222.091189: 1396453-7fca9e7fc700: cdpl_compat_master.c:5948: in cdplMasterLogInfo(): info: [non-CDPL log entry] PWDP: master status watchdog is alive.
1757110230.447850: 1396453-7fca9f7fe700: cdpl_compat_master.c:5971: in cdplMasterLogWarning(): warning: [non-CDPL log entry] PWDP: master does not receive message over 60 seconds!
1757110279.568195: 1396453-7fca9cff9700: cdpl_farm.c:2173: in _schedule(): debug: idle
1757110290.929100: 1396453-7fca9f7fe700: cdpl_compat_master.c:5971: in cdplMasterLogWarning(): warning: [non-CDPL log entry] PWDP: master does not receive message over 60 seconds!
1757110339.568348: 1396453-7fca9cff9700: cdpl_farm.c:2173: in _schedule(): debug: idle
1757110342.160759: 1396453-7fca9f7fe700: cdpl_compat_master.c:5948: in cdplMasterLogInfo(): info: [non-CDPL log entry] PWDP: message receiver is alive.
1757110343.100469: 1396453-7fca9e7fc700: cdpl_compat_master.c:5948: in cdplMasterLogInfo(): info: [non-CDPL log entry] PWDP: master status watchdog is alive.
1757110351.426659: 1396453-7fca9f7fe700: cdpl_compat_master.c:5971: in cdplMasterLogWarning(): warning: [non-CDPL log entry] PWDP: master does not receive message over 60 seconds!
1757110399.568480: 1396453-7fca9cff9700: cdpl_farm.c:2173: in _schedule(): debug: idle
1757110411.935615: 1396453-7fca9f7fe700: cdpl_compat_master.c:5971: in cdplMasterLogWarning(): warning: [non-CDPL log entry] PWDP: master does not receive message over 60 seconds!
1757110459.568600: 1396453-7fca9cff9700: cdpl_farm.c:2173: in _schedule(): debug: idle
1757110463.180055: 1396453-7fca9f7fe700: cdpl_compat_master.c:5948: in cdplMasterLogInfo(): info: [non-CDPL log entry] PWDP: message receiver is alive.
1757110464.110115: 1396453-7fca9e7fc700: cdpl_compat_master.c:5948: in cdplMasterLogInfo(): info: [non-CDPL log entry] PWDP: master status watchdog is alive.
1757110472.453980: 1396453-7fca9f7fe700: cdpl_compat_master.c:5971: in cdplMasterLogWarning(): warning: [non-CDPL log entry] PWDP: master does not receive message over 60 seconds!
1757110475.111065: 1396453-7fcae9fba540: cdpl_server.c:3008: in cdpl_sv_halt_job_errno(): info: killing job J1
1757110475.111101: 1396453-7fcae9fba540: cdpl_server.c:3044: in cdpl_sv_halt_job_errno(): debug: signal bin B1 scheduler to stop
1757110475.111125: 1396453-7fca9d7fa700: cdpl_server_sched.c:2484: in _sv_scheduler_thread(): debug: scheduler for bin B1 stopped
1757110475.111137: 1396453-7fcae9fba540: cdpl_server.c:294: in _sv_free_job(): info: freeing job J1
1757110475.111139: 1396453-7fcae9fba540: cdpl_server.c:92: in _sv_free_bin(): debug: freeing bin B1
1757110475.111203: 1396453-7fcae9fba540: cdpl_monitor.c:515: in cdpl_mn_kill(): info: killing monitor
1757110475.111206: 1396453-7fcae9fba540: cdpl_ipc.c:3677: in cdpl_ipc_kill(): debug: stopping event server
1757110475.111285: 1396453-7fcaa6653700: cdpl_ipc.c:775: in _readv(): warning: read(): EOF
1757110475.111302: 1396453-7fcaa4e50700: cdpl_ipc.c:2386: in _epoll_main(): warning: received EPOLLERR/EPOLLHUP
1757110475.111325: 1396453-7fcaa6653700: cdpl_ipc.c:2100: in _epoll_recv(): debug: _readv(): Broken pipe
1757110475.111330: 1396453-7fcaa6653700: cdpl_ipc.c:2424: in _epoll_main(): debug: _epoll_recv(): Broken pipe
1757110475.111335: 1396453-7fcaa6653700: cdpl_ipc.c:1657: in _host_drop__UNSAFE(): debug: dropping host `152.14.98.53:54284'
1757110475.111343: 1396453-7fcaa4e50700: cdpl_ipc.c:2320: in _check_socket_error(): info: TCP_KEEPIDLE=7200 seconds TCP_KEEPINTVL=75 seconds TCP_KEEPCNT=9
1757110475.111347: 1396453-7fcaa4e50700: cdpl_ipc.c:1657: in _host_drop__UNSAFE(): debug: dropping host `152.14.98.53:45953'
1757110475.111384: 1396453-7fcaa4e50700: cdpl_ipc.c:2460: in _epoll_main(): debug: server going down...
1757110475.111390: 1396453-7fcaa5e52700: cdpl_server_ipc.c:1236: in _sv_ipc_thread(): debug: received DROP notification
1757110475.111397: 1396453-7fcaa5e52700: cdpl_monitor.c:1269: in cdpl_mn_drop(): debug: detaching from monitor `152.14.98.53:54284'
1757110475.111402: 1396453-7fcaa5e52700: cdpl_monitor.c:1101: in mn_systat_stop(): debug: joining systat thread
1757110475.111427: 1396453-7fca9effd700: cdpl_monitor.c:1079: in mn_systat(): debug: exiting
1757110475.111438: 1396453-7fcaa5e52700: cdpl_monitor.c:1103: in mn_systat_stop(): debug: systat thread done
1757110475.111442: 1396453-7fcaa5e52700: cdpl_ipc.c:2513: in cdpl_ipc_host_release(): debug: releasing host `152.14.98.53:54284'
1757110475.111651: 1396453-7fcaa5651700: cdpl_ipc.c:3728: in cdpl_ipc_free(): debug: releasing IPC handle
1757110475.111664: 1396453-7fcaa5651700: cdpl_ipc.c:3742: in cdpl_ipc_free(): debug: 1 unread messages
1757110475.111666: 1396453-7fcaa5651700: cdpl_ipc.c:1582: in _host_free__UNSAFE(): debug: freeing host `152.14.98.53:45953'
1757110475.111668: 1396453-7fcaa5651700: cdpl_ipc.c:1621: in _host_free__UNSAFE(): debug: [0 outq, 0 spR, 0 spW]
1757110475.111670: 1396453-7fcaa5651700: cdpl_ipc.c:3756: in cdpl_ipc_free(): warning: 1 host(s) were not released
1757110475.111681: 1396453-7fcaa5651700: cdpl_ipc.c:3767: in cdpl_ipc_free(): debug: done
1757110475.111682: 1396453-7fcaa5651700: cdpl_monitor.c:1390: in cdpl_mn_free(): debug: freeing monitor client
1757110475.111744: 1396453-7fcae9fba540: cdpl_farm.c:2740: in cdpl_farm_free(): info: freeing farm
1757110475.111767: 1396453-7fca9cff9700: cdpl_farm.c:2231: in _schedule(): debug: end of idling
1757110475.111773: 1396453-7fca9cff9700: cdpl_farm.c:2235: in _schedule(): debug: dying
1757110475.111817: 1396453-7fcae9fba540: cdpl_farm.c:913: in _killall(): debug: killing all remaining commands
1757110475.111821: 1396453-7fcae9fba540: cdpl_server.c:3144: in cdpl_sv_free(): info: freeing server S131429095
1757110475.111823: 1396453-7fcae9fba540: cdpl_server.c:3109: in cdpl_sv_kill_errno(): info: killing server
1757110475.111825: 1396453-7fcae9fba540: cdpl_ipc.c:3677: in cdpl_ipc_kill(): debug: stopping event server
1757110475.111843: 1396453-7fcaa6653700: cdpl_ipc.c:2460: in _epoll_main(): debug: server going down...
1757110475.111854: 1396453-7fcaa5e52700: cdpl_server_ipc.c:1200: in _sv_ipc_thread(): debug: leaving now
1757110475.111864: 1396453-7fcae9fba540: cdpl_server.c:334: in _sv_free_master(): info: freeing master M1
1757110475.111866: 1396453-7fcae9fba540: cdpl_hash.c:68: in cdpl_h_destroy(): debug: put operations: 1
1757110475.111867: 1396453-7fcae9fba540: cdpl_hash.c:69: in cdpl_h_destroy(): debug: put collisions: 0
1757110475.111869: 1396453-7fcae9fba540: cdpl_hash.c:70: in cdpl_h_destroy(): debug: get operations: 0
1757110475.111870: 1396453-7fcae9fba540: cdpl_hash.c:71: in cdpl_h_destroy(): debug: get iterations: 0
1757110475.111873: 1396453-7fcae9fba540: cdpl_monitor.c:1390: in cdpl_mn_free(): debug: freeing monitor server
1757110475.111875: 1396453-7fcae9fba540: cdpl_ipc.c:3728: in cdpl_ipc_free(): debug: releasing IPC handle
1757110475.111877: 1396453-7fcae9fba540: cdpl_ipc.c:1582: in _host_free__UNSAFE(): debug: freeing host `152.14.98.53:54284'
1757110475.111880: 1396453-7fcae9fba540: cdpl_ipc.c:1621: in _host_free__UNSAFE(): debug: [0 outq, 0 spR, 0 spW]
1757110475.111898: 1396453-7fcae9fba540: cdpl_ipc.c:3767: in cdpl_ipc_free(): debug: done
1757110475.111900: 1396453-7fcae9fba540: cdpl_log.c:481: in cdpl_log_close(): info: @@end_of_log@@
