1756315647.397039: 198282-7fbf58997540: cdpl_log.c:337: in cdpl_log_open(): info: @@start_of_log@@
1756315647.397049: 198282-7fbf58997540: cdpl_log.c:1058: in cdpl_log_dump_sysinfo(): info: time: 2025/08/27 13:27:27 EDT -0400
1756315647.397051: 198282-7fbf58997540: cdpl_log.c:1060: in cdpl_log_dump_sysinfo(): info: version: W-2024.09-SP1-2 
1756315647.397053: 198282-7fbf58997540: cdpl_log.c:1062: in cdpl_log_dump_sysinfo(): info: system: Linux 4.18.0-553.69.1.el8_10.x86_64 #1 SMP Thu Aug 7 18:10:00 EDT 2025
1756315647.397054: 198282-7fbf58997540: cdpl_log.c:1067: in cdpl_log_dump_sysinfo(): info: processor: x86_64 64-bits
1756315647.397055: 198282-7fbf58997540: cdpl_log.c:1071: in cdpl_log_dump_sysinfo(): info: hostname: claws-compute3.ece.ncsu.edu
1756315647.397057: 198282-7fbf58997540: cdpl_log.c:1073: in cdpl_log_dump_sysinfo(): info: program name: custom_shell
1756315647.397059: 198282-7fbf58997540: cdpl_log.c:340: in cdpl_log_open(): debug: path: /home/argershm/180-voltmeter/Analog/cc/synopsys_custom/pwdp_jobs/saeSession0_diffmodegain.SimulationSimulation_cdpl.1.198282/logs/master.claws-compute3.ece.ncsu.edu.198282.log
1756315647.397061: 198282-7fbf58997540: cdpl_log.c:341: in cdpl_log_open(): debug: dir: /home/argershm/180-voltmeter/Analog/cc/synopsys_custom/pwdp_jobs/saeSession0_diffmodegain.SimulationSimulation_cdpl.1.198282/logs
1756315647.397065: 198282-7fbf58997540: cdpl_server.c:536: in cdpl_sv_init(): info: new server S385386131
1756315647.397068: 198282-7fbf58997540: cdpl_ipc.c:3475: in cdpl_ipc_init(): info: requesting IPv4 protocol
1756315647.401311: 198282-7fbf58997540: cdpl_ipc.c:837: in _selectaddrfamily(): info: selected IPv4 protocol
1756315647.401326: 198282-7fbf58997540: cdpl_ipc.c:1139: in _set_keepalive(): info: TCP keep alive interval: 300
1756315647.405706: 198282-7fbf58997540: cdpl_monitor.c:1117: in cdpl_mn_new_server(): info: creating server monitor instance
1756315647.405711: 198282-7fbf58997540: cdpl_server.c:650: in cdpl_sv_new_master(): info: new master M1
1756315647.405715: 198282-7fbf58997540: cdpl_server.c:6533: in cdpl_sv_ctl_master(): info: Setting worker heartbeat to 120 seconds
1756315647.405717: 198282-7fbf58997540: cdpl_server.c:6542: in cdpl_sv_ctl_master(): info: Setting worker heartbeat timeout to 3 heartbeats
1756315647.405719: 198282-7fbf58997540: cdpl_compat_master.c:2090: in _parse_hostfile(): info: reading hostfile `/home/argershm/180-voltmeter/Analog/cc/synopsys_custom/pwdp_jobs/saeSession0_diffmodegain.SimulationSimulation_cdpl.1.198282/host_file'
1756315647.405729: 198282-7fbf58997540: cdpl_compat_master.c:1900: in _hostfile_parser(): debug: parsing "1     |localhost|   -1  | /tmp | SH | sh"
1756315647.405733: 198282-7fbf58997540: cdpl_farm.c:2578: in cdpl_farm_new_sh(): info: creating SH farm on localhost
1756315647.405736: 198282-7fbf58997540: cdpl_compat_master.c:206: in _set_farm_env(): info: exporting CDPL_LOGDIR as `/home/argershm/180-voltmeter/Analog/cc/synopsys_custom/pwdp_jobs/saeSession0_diffmodegain.SimulationSimulation_cdpl.1.198282/logs'
1756315647.405737: 198282-7fbf58997540: cdpl_compat_master.c:212: in _set_farm_env(): info: exporting CDPL_TMPDIR as `/tmp'
1756315647.405739: 198282-7fbf58997540: cdpl_compat_master.c:235: in _set_farm_env(): info: exporting SNPSLMD_LICENSE_FILE as `27000@ece-lic-35.ece.ncsu.edu'
1756315647.405741: 198282-7fbf58997540: cdpl_compat_master.c:259: in _set_farm_env(): info: exporting CDPL_OPTIONS as `[nowlogs]'
1756315647.405743: 198282-7fbf58997540: cdpl_compat_master.c:266: in _set_farm_env(): info: exporting DISPLAY as `unix:10273'
1756315647.405744: 198282-7fbf58997540: cdpl_compat_master.c:274: in _set_farm_env(): info: exporting CDPL_HEARTBEAT as `120'
1756315647.405747: 198282-7fbf58997540: cdpl_farm.c:3149: in cdpl_farm_add_withdir(): debug: added `localhost' (capacity: unlimited)
1756315647.405749: 198282-7fbf58997540: cdpl_compat_parse.c:147: in parsefile(): debug: read `/home/argershm/180-voltmeter/Analog/cc/synopsys_custom/pwdp_jobs/saeSession0_diffmodegain.SimulationSimulation_cdpl.1.198282/host_file', 2 lines
1756315647.405750: 198282-7fbf58997540: cdpl_compat_master.c:2931: in cdplInitMaster(): info: bcast dir is `/home/argershm/180-voltmeter/Analog/cc/synopsys_custom/pwdp_jobs/saeSession0_diffmodegain.SimulationSimulation_cdpl.1.198282/logs'
1756315647.405785: 198282-7fbf58997540: cdpl_server.c:6433: in cdpl_sv_ctl_master(): info: farm worker timeout set to 300
1756315647.405787: 198282-7fbf58997540: cdpl_server.c:6486: in cdpl_sv_ctl_master(): info: maximum number of task execution attempts set to 1
1756315647.405790: 198282-7fbf58997540: cdpl_server.c:3195: in cdpl_sv_start(): debug: starting server
1756315647.405792: 198282-7fbf58997540: cdpl_ipc.c:3632: in cdpl_ipc_start(): debug: starting IPC server 152.14.98.53:45735
1756315647.405925: 198282-7fbefe7fc700: cdpl_server_ipc.c:1182: in _sv_ipc_thread(): debug: ready
1756315647.406041: 198282-7fbefdffb700: cdpl_monitor.c:426: in cdpl_mn_init_client(): info: creating client monitor instance
1756315647.406059: 198282-7fbefdffb700: cdpl_ipc.c:3475: in cdpl_ipc_init(): info: requesting IPv4 protocol
1756315647.410358: 198282-7fbefdffb700: cdpl_ipc.c:837: in _selectaddrfamily(): info: selected IPv4 protocol
1756315647.410378: 198282-7fbefdffb700: cdpl_ipc.c:1139: in _set_keepalive(): info: TCP keep alive interval: 300
1756315647.413789: 198282-7fbefdffb700: cdpl_ipc.c:3632: in cdpl_ipc_start(): debug: starting IPC server 152.14.98.53:41949
1756315647.413913: 198282-7fbefdffb700: cdpl_monitor.c:471: in cdpl_mn_init_client(): debug: incoming messages in /tmp/cdpl-monitor-uHfMe2
1756315647.413989: 198282-7fbefdffb700: cdpl_monitor.c:533: in cdpl_mn_connect(): debug: connecting to 152.14.98.53:45735
1756315647.413992: 198282-7fbefdffb700: cdpl_ipc.c:3789: in cdpl_ipc_connect(): info: connecting to 152.14.98.53:45735
1756315647.414097: 198282-7fbefdffb700: cdpl_ipc.c:3860: in cdpl_ipc_connect(): info: connected as `152.14.98.53:44450'
1756315647.414102: 198282-7fbefdffb700: cdpl_ipc.c:2503: in cdpl_ipc_host_accept(): debug: accepted host `152.14.98.53:45735'
1756315647.414106: 198282-7fbefdffb700: cdpl_monitor.c:579: in cdpl_mn_connect(): debug: ok
1756315647.414116: 198282-7fbf58997540: cdpl_server.c:731: in cdpl_sv_new_job(): info: new job J1 in M1
1756315647.414124: 198282-7fbf58997540: cdpl_compat_master.c:1581: in _add_worker(): info: new worker type 10, min:1, max:3, cmd:`/home/argershm/180-voltmeter/Analog/cc/synopsys_custom/pwdp_jobs/saeSession0_diffmodegain.SimulationSimulation_cdpl.1.198282/START_WORKER pw_worker -i /home/argershm/180-voltmeter/Analog/cc/synopsys_custom/pwdp_jobs/
1756315647.414129: 198282-7fbf58997540: cdpl_server.c:908: in cdpl_sv_new_bin_withfarm(): info: new bin B1 in J1
1756315647.414131: 198282-7fbefeffd700: cdpl_ipc.c:1862: in _epoll_accept(): debug: new connection from `152.14.98.53:44450'
1756315647.414258: 198282-7fbefe7fc700: cdpl_server_ipc.c:1225: in _sv_ipc_thread(): debug: received ACCEPT notification
1756315647.414266: 198282-7fbefe7fc700: cdpl_ipc.c:2503: in cdpl_ipc_host_accept(): debug: accepted host `152.14.98.53:44450'
1756315647.414278: 198282-7fbefe7fc700: cdpl_server_ipc.c:1256: in _sv_ipc_thread(): debug: received MONITOR message
1756315647.414384: 198282-7fbefe7fc700: cdpl_monitor.c:1207: in cdpl_mn_accept(): debug: accepted monitor `152.14.98.53:44450'
1756315647.414388: 198282-7fbefe7fc700: cdpl_server_ipc_mon.c:120: in _globalLOCK(): debug: ENTERTING GLOBAL LOCK
1756315647.414390: 198282-7fbefe7fc700: cdpl_server_ipc_mon.c:164: in _globalLOCK(): debug: global lock acquired
1756315647.414393: 198282-7fbedeffd700: cdpl_monitor.c:910: in mn_systat(): debug: started
1756315647.414629: 198282-7fbedeffd700: cdpl_monitor.c:937: in mn_systat(): debug: monitor server flush rate: 5
1756315648.218531: 198282-7fbefe7fc700: cdpl_server_ipc_mon.c:210: in _globalUNLOCK(): debug: LEAVING GLOBAL LOCK
1756315648.218552: 198282-7fbf58997540: cdpl_server.c:3249: in cdpl_sv_start_job(): info: starting job J1
1756315648.218570: 198282-7fbf58997540: cdpl_server.c:62: in _sv_start_bin(): debug: starting bin B1 (min: 0, max: 3)
1756315648.218677: 198282-7fbf58997540: cdpl_server.c:1893: in _sv_gen_task(): info: new task T0 in B1 (prio 0)
1756315648.218688: 198282-7fbf58997540: cdpl_server.c:2698: in cdpl_sv_label_task_va(): info: setting task T0 label to "PrimeSim_2|PrimeSim"
1756315648.218724: 198282-7fbeddffb700: cdpl_server_sched.c:2482: in _sv_scheduler_thread(): debug: scheduler for bin B1 started
1756315648.218740: 198282-7fbeddffb700: cdpl_server_sched.c:2443: in _scheduler_run(): debug: will start a new worker
1756315648.218773: 198282-7fbeddffb700: cdpl_farm.c:3977: in cdpl_farm_submit(): debug: 1 running processes
1756315648.218776: 198282-7fbeddffb700: cdpl_farm.c:3985: in cdpl_farm_submit(): debug: new command C1 in bin B1 assigned to host `localhost'
1756315648.218856: 198282-7fbeddffb700: cdpl_server_sched.c:705: in _sv_launch_worker(): info: started worker W1 (as C1) in bin B1
1756315648.218884: 198282-7fbedd7fa700: cdpl_farm.c:2139: in _schedule(): debug: started
1756315648.218893: 198282-7fbedd7fa700: cdpl_farm.c:2303: in _schedule(): debug: submitting command C1 in bin B1
1756315648.218898: 198282-7fbedd7fa700: cdpl_sh.c:49: in _sh_detached_submit(): info: SH : /home/argershm/180-voltmeter/Analog/cc/synopsys_custom/pwdp_jobs/saeSession0_diffmodegain.SimulationSimulation_cdpl.1.198282/START_WORKER pw_worker -i /home/argershm/180-voltmeter/Analog/cc/synopsys_custom/pwdp_jobs/saeSession0_diffmodegain.SimulationSimulation_cdpl.1.198282 -t 10000
1756315648.226063: 198282-7fbedd7fa700: cdpl_farm.c:2343: in _schedule(): debug: C1 in bin B1 running on slot 0
1756315648.226084: 198282-7fbedd7fa700: cdpl_farm.c:2167: in _schedule(): debug: idle
1756315648.366091: 198282-7fbf58997540: cdpl_compat_master.c:5948: in cdplMasterLogInfo(): info: [non-CDPL log entry] PWDP3: reset pilot cache succeeded, pilot_key=saeSession0,1,diff_mode_gain|&/home/argershm/180-voltmeter/Analog/cc/simulation/integrator,tb_main_opamp,schematic/history_1/simulation/diff_mode_gain/PrimeSimSPICE/nominal/results
1756315648.522888: 198282-7fbedf7fe700: cdpl_compat_master.c:5948: in cdplMasterLogInfo(): info: [non-CDPL log entry] PWDP - no-workers started ok check start!
1756315648.526148: 198282-7fbedd7fa700: cdpl_farm.c:1193: in _onexit(): debug: C1 in bin B1 exited normally on slot 0
1756315649.978498: 198282-7fbefeffd700: cdpl_ipc.c:1862: in _epoll_accept(): debug: new connection from `152.14.98.53:44464'
1756315649.978549: 198282-7fbefe7fc700: cdpl_server_ipc.c:1225: in _sv_ipc_thread(): debug: received ACCEPT notification
1756315649.978564: 198282-7fbefe7fc700: cdpl_ipc.c:2503: in cdpl_ipc_host_accept(): debug: accepted host `152.14.98.53:44464'
1756315649.978634: 198282-7fbefe7fc700: cdpl_server_ipc.c:1246: in _sv_ipc_thread(): debug: received HELLO message
1756315649.978636: 198282-7fbefe7fc700: cdpl_server_ipc.c:430: in _sv_on_hello(): debug: looking up W1
1756315649.978642: 198282-7fbefe7fc700: cdpl_server_ipc.c:540: in _sv_on_hello(): info: W1 is `152.14.98.53:44464'
1756315649.978643: 198282-7fbefe7fc700: cdpl_server_ipc.c:541: in _sv_on_hello(): debug: hello W1 (B1)
1756315649.978645: 198282-7fbefe7fc700: cdpl_server_ipc.c:542: in _sv_on_hello(): info: W1 log file is /dev/null
1756315649.978656: 198282-7fbefe7fc700: cdpl_server_ipc.c:602: in _sv_on_hello(): info: up to 1 alive workers in B1
1756315649.978662: 198282-7fbefe7fc700: cdpl_farm.c:878: in _release_cmd(): debug: freeing command C1 in bin B1
1756315649.978732: 198282-7fbeddffb700: cdpl_server_sched.c:960: in _assign(): info: assigning task T0 to worker W1
1756315650.041897: 198282-7fbefe7fc700: cdpl_server_ipc.c:1268: in _sv_ipc_thread(): debug: received RELAY message
1756315650.041907: 198282-7fbefe7fc700: cdpl_server_ipc.c:713: in _sv_on_relay(): debug: RELAY message from W1, size = 63
1756315650.041909: 198282-7fbefe7fc700: cdpl_server_ipc.c:715: in _sv_on_relay(): debug: RELAY message from W1, content = 0$208710 claws-compute3.ece.ncsu.edu 208791 RUNNING 1756315649
1756315650.978876: 198282-7fbefe7fc700: cdpl_server_ipc.c:312: in _sv_on_heartbeat(): debug: received HEARTBEAT from worker W1 at 152.14.98.53:44464
1756315652.415206: 198282-7fbefdffb700: cdpl_monitor.c:533: in cdpl_mn_connect(): debug: connecting to 152.14.98.53:44053
1756315652.415222: 198282-7fbefdffb700: cdpl_ipc.c:3789: in cdpl_ipc_connect(): info: connecting to 152.14.98.53:44053
1756315652.415363: 198282-7fbefdffb700: cdpl_ipc.c:3860: in cdpl_ipc_connect(): info: connected as `152.14.98.53:56860'
1756315652.415373: 198282-7fbefdffb700: cdpl_ipc.c:2503: in cdpl_ipc_host_accept(): debug: accepted host `152.14.98.53:44053'
1756315652.415378: 198282-7fbefdffb700: cdpl_monitor.c:579: in cdpl_mn_connect(): debug: ok
1756315656.095144: 198282-7fbefe7fc700: cdpl_server_ipc.c:1268: in _sv_ipc_thread(): debug: received RELAY message
1756315656.095160: 198282-7fbefe7fc700: cdpl_server_ipc.c:713: in _sv_on_relay(): debug: RELAY message from W1, size = 50
1756315656.095163: 198282-7fbefe7fc700: cdpl_server_ipc.c:715: in _sv_on_relay(): debug: RELAY message from W1, content = WORKERDU|36,/dev/mapper/rhel_claws--compute3-home
1756315656.095169: 198282-7fbefe7fc700: cdpl_server_ipc.c:1268: in _sv_ipc_thread(): debug: received RELAY message
1756315656.095171: 198282-7fbefe7fc700: cdpl_server_ipc.c:713: in _sv_on_relay(): debug: RELAY message from W1, size = 18
1756315656.095173: 198282-7fbefe7fc700: cdpl_server_ipc.c:715: in _sv_on_relay(): debug: RELAY message from W1, content = 0$- - - MEASDOING
1756315656.327185: 198282-7fbefe7fc700: cdpl_server_ipc.c:1268: in _sv_ipc_thread(): debug: received RELAY message
1756315656.327196: 198282-7fbefe7fc700: cdpl_server_ipc.c:713: in _sv_on_relay(): debug: RELAY message from W1, size = 75
1756315656.327198: 198282-7fbefe7fc700: cdpl_server_ipc.c:715: in _sv_on_relay(): debug: RELAY message from W1, content = 0$208710 claws-compute3.ece.ncsu.edu 208791 FAILED 1756315649|1756315656|8
1756315656.327352: 198282-7fbefe7fc700: cdpl_server_ipc.c:1251: in _sv_ipc_thread(): debug: received FINISH message
1756315656.327358: 198282-7fbefe7fc700: cdpl_server_ipc.c:983: in _sv_on_finish(): info: worker W1 completed task T0
1756315656.327360: 198282-7fbefe7fc700: cdpl_server_ipc.c:988: in _sv_on_finish(): debug: stat T0: utime=3397 stime=1864
1756315656.327363: 198282-7fbefe7fc700: cdpl_server_ipc.c:993: in _sv_on_finish(): debug: statm T0: vsize=3054208 rss=1033944 shared=516888 text=474784 data=709240
1756315656.331925: 198282-7fbefe7fc700: cdpl_server_ipc.c:1268: in _sv_ipc_thread(): debug: received RELAY message
1756315656.331932: 198282-7fbefe7fc700: cdpl_server_ipc.c:713: in _sv_on_relay(): debug: RELAY message from W1, size = 49
1756315656.331934: 198282-7fbefe7fc700: cdpl_server_ipc.c:715: in _sv_on_relay(): debug: RELAY message from W1, content = WORKERDU|4,/dev/mapper/rhel_claws--compute3-home
1756315656.371936: 198282-7fbf58997540: cdpl_server.c:227: in _sv_free_task_safe(): debug: freeing task T0
1756315676.333093: 198282-7fbefd7fa700: cdpl_ipc.c:775: in _readv(): warning: read(): EOF
1756315676.333120: 198282-7fbefd7fa700: cdpl_ipc.c:2100: in _epoll_recv(): debug: _readv(): Broken pipe
1756315676.333123: 198282-7fbefd7fa700: cdpl_ipc.c:2424: in _epoll_main(): debug: _epoll_recv(): Broken pipe
1756315676.333127: 198282-7fbefd7fa700: cdpl_ipc.c:1657: in _host_drop__UNSAFE(): debug: dropping host `152.14.98.53:44053'
1756315676.333130: 198282-7fbefeffd700: cdpl_ipc.c:775: in _readv(): warning: read(): EOF
1756315676.333155: 198282-7fbefeffd700: cdpl_ipc.c:2100: in _epoll_recv(): debug: _readv(): Broken pipe
1756315676.333158: 198282-7fbefeffd700: cdpl_ipc.c:2424: in _epoll_main(): debug: _epoll_recv(): Broken pipe
1756315676.333163: 198282-7fbefeffd700: cdpl_ipc.c:1657: in _host_drop__UNSAFE(): debug: dropping host `152.14.98.53:44464'
1756315676.333182: 198282-7fbefcff9700: cdpl_monitor.c:290: in mn_listen(): debug: received DROP message
1756315676.333205: 198282-7fbefcff9700: cdpl_ipc.c:2513: in cdpl_ipc_host_release(): debug: releasing host `152.14.98.53:44053'
1756315676.333288: 198282-7fbefe7fc700: cdpl_server_ipc.c:1236: in _sv_ipc_thread(): debug: received DROP notification
1756315676.333295: 198282-7fbefe7fc700: cdpl_server_sched.c:2796: in _sv_record_crashed_worker(): debug: dropping worker W1
1756315676.333306: 198282-7fbefe7fc700: cdpl_server_ipc.c:188: in _sv_on_drop_worker(): debug: down to 0 live workers in B1
1756315676.333349: 198282-7fbeddffb700: cdpl_server_sched.c:750: in _empty_trash(): debug: freeing worker W1 while emptying trash list for bin B1
1756315676.333363: 198282-7fbeddffb700: cdpl_farm.c:4152: in cdpl_farm_dismiss(): debug: down to 0 running processes
1756315676.333366: 198282-7fbeddffb700: cdpl_server_sched.c:121: in _free_worker_2(): debug: freeing worker W1
1756315676.333370: 198282-7fbeddffb700: cdpl_ipc.c:2513: in cdpl_ipc_host_release(): debug: releasing host `152.14.98.53:44464'
1756315676.333372: 198282-7fbeddffb700: cdpl_ipc.c:2529: in cdpl_ipc_host_release(): debug: scheduling for immediate release
1756315677.415470: 198282-7fbefeffd700: cdpl_ipc.c:1582: in _host_free__UNSAFE(): debug: freeing host `152.14.98.53:44464'
1756315677.415487: 198282-7fbefeffd700: cdpl_ipc.c:1621: in _host_free__UNSAFE(): debug: [0 outq, 0 spR, 0 spW]
1756315677.415494: 198282-7fbefd7fa700: cdpl_ipc.c:1582: in _host_free__UNSAFE(): debug: freeing host `152.14.98.53:44053'
1756315677.415511: 198282-7fbefd7fa700: cdpl_ipc.c:1621: in _host_free__UNSAFE(): debug: [0 outq, 0 spR, 0 spW]
1756315705.228264: 198282-7fbf58997540: cdpl_server.c:3008: in cdpl_sv_halt_job_errno(): info: killing job J1
1756315705.228301: 198282-7fbf58997540: cdpl_server.c:3044: in cdpl_sv_halt_job_errno(): debug: signal bin B1 scheduler to stop
1756315705.228320: 198282-7fbeddffb700: cdpl_server_sched.c:2484: in _sv_scheduler_thread(): debug: scheduler for bin B1 stopped
1756315705.228346: 198282-7fbf58997540: cdpl_server.c:294: in _sv_free_job(): info: freeing job J1
1756315705.228349: 198282-7fbf58997540: cdpl_server.c:92: in _sv_free_bin(): debug: freeing bin B1
1756315705.228360: 198282-7fbf58997540: cdpl_monitor.c:515: in cdpl_mn_kill(): info: killing monitor
1756315705.228362: 198282-7fbf58997540: cdpl_ipc.c:3677: in cdpl_ipc_kill(): debug: stopping event server
1756315705.228374: 198282-7fbefd7fa700: cdpl_ipc.c:2460: in _epoll_main(): debug: server going down...
1756315705.228393: 198282-7fbefeffd700: cdpl_ipc.c:775: in _readv(): warning: read(): EOF
1756315705.228405: 198282-7fbefeffd700: cdpl_ipc.c:2100: in _epoll_recv(): debug: _readv(): Broken pipe
1756315705.228408: 198282-7fbefeffd700: cdpl_ipc.c:2424: in _epoll_main(): debug: _epoll_recv(): Broken pipe
1756315705.228412: 198282-7fbefeffd700: cdpl_ipc.c:1657: in _host_drop__UNSAFE(): debug: dropping host `152.14.98.53:44450'
1756315705.228456: 198282-7fbefe7fc700: cdpl_server_ipc.c:1236: in _sv_ipc_thread(): debug: received DROP notification
1756315705.228462: 198282-7fbefe7fc700: cdpl_monitor.c:1269: in cdpl_mn_drop(): debug: detaching from monitor `152.14.98.53:44450'
1756315705.228467: 198282-7fbefe7fc700: cdpl_monitor.c:1101: in mn_systat_stop(): debug: joining systat thread
1756315705.228487: 198282-7fbedeffd700: cdpl_monitor.c:1079: in mn_systat(): debug: exiting
1756315705.228507: 198282-7fbefe7fc700: cdpl_monitor.c:1103: in mn_systat_stop(): debug: systat thread done
1756315705.228510: 198282-7fbefe7fc700: cdpl_ipc.c:2513: in cdpl_ipc_host_release(): debug: releasing host `152.14.98.53:44450'
1756315705.228623: 198282-7fbefdffb700: cdpl_ipc.c:3728: in cdpl_ipc_free(): debug: releasing IPC handle
1756315705.228634: 198282-7fbefdffb700: cdpl_ipc.c:3742: in cdpl_ipc_free(): debug: 1 unread messages
1756315705.228636: 198282-7fbefdffb700: cdpl_ipc.c:1582: in _host_free__UNSAFE(): debug: freeing host `152.14.98.53:45735'
1756315705.228638: 198282-7fbefdffb700: cdpl_ipc.c:1621: in _host_free__UNSAFE(): debug: [0 outq, 0 spR, 0 spW]
1756315705.228654: 198282-7fbefdffb700: cdpl_ipc.c:3756: in cdpl_ipc_free(): warning: 1 host(s) were not released
1756315705.228663: 198282-7fbefdffb700: cdpl_ipc.c:3767: in cdpl_ipc_free(): debug: done
1756315705.228665: 198282-7fbefdffb700: cdpl_monitor.c:1390: in cdpl_mn_free(): debug: freeing monitor client
1756315705.228715: 198282-7fbf58997540: cdpl_farm.c:2740: in cdpl_farm_free(): info: freeing farm
1756315705.228730: 198282-7fbedd7fa700: cdpl_farm.c:2231: in _schedule(): debug: end of idling
1756315705.228735: 198282-7fbedd7fa700: cdpl_farm.c:2235: in _schedule(): debug: dying
1756315705.228768: 198282-7fbf58997540: cdpl_farm.c:913: in _killall(): debug: killing all remaining commands
1756315705.228773: 198282-7fbf58997540: cdpl_server.c:3144: in cdpl_sv_free(): info: freeing server S385386131
1756315705.228775: 198282-7fbf58997540: cdpl_server.c:3109: in cdpl_sv_kill_errno(): info: killing server
1756315705.228777: 198282-7fbf58997540: cdpl_ipc.c:3677: in cdpl_ipc_kill(): debug: stopping event server
1756315705.228785: 198282-7fbefeffd700: cdpl_ipc.c:2460: in _epoll_main(): debug: server going down...
1756315705.228789: 198282-7fbefe7fc700: cdpl_server_ipc.c:1200: in _sv_ipc_thread(): debug: leaving now
1756315705.228795: 198282-7fbf58997540: cdpl_server.c:334: in _sv_free_master(): info: freeing master M1
1756315705.228797: 198282-7fbf58997540: cdpl_hash.c:68: in cdpl_h_destroy(): debug: put operations: 1
1756315705.228799: 198282-7fbf58997540: cdpl_hash.c:69: in cdpl_h_destroy(): debug: put collisions: 0
1756315705.228800: 198282-7fbf58997540: cdpl_hash.c:70: in cdpl_h_destroy(): debug: get operations: 0
1756315705.228801: 198282-7fbf58997540: cdpl_hash.c:71: in cdpl_h_destroy(): debug: get iterations: 0
1756315705.228804: 198282-7fbf58997540: cdpl_monitor.c:1390: in cdpl_mn_free(): debug: freeing monitor server
1756315705.228809: 198282-7fbf58997540: cdpl_ipc.c:3728: in cdpl_ipc_free(): debug: releasing IPC handle
1756315705.228811: 198282-7fbf58997540: cdpl_ipc.c:1582: in _host_free__UNSAFE(): debug: freeing host `152.14.98.53:44450'
1756315705.228813: 198282-7fbf58997540: cdpl_ipc.c:1621: in _host_free__UNSAFE(): debug: [0 outq, 0 spR, 0 spW]
1756315705.228830: 198282-7fbf58997540: cdpl_ipc.c:3767: in cdpl_ipc_free(): debug: done
1756315705.228833: 198282-7fbf58997540: cdpl_log.c:481: in cdpl_log_close(): info: @@end_of_log@@
