[18:45:31.30] /o 
              /c                                    pw_worker™ 
              /c 
              /c                Version W-2024.09-SP1-2 for linux64 - Jan 15, 2025
              /c              Based on Custom Infrastructure
              /c Version W-2024.09-SP1-2
              /c 
              /c                     Copyright (c) 2004 - 2025 Synopsys, Inc.
              /c    This software and the associated documentation are proprietary to Synopsys,
              /c  Inc. This software may only be used in accordance with the terms and conditions
              /c  of a written license agreement with Synopsys, Inc. All other use, reproduction,
              /c    or distribution of this software is strictly prohibited.  Licensed Products
              /c      communicate with Synopsys servers for the purpose of providing software
              /c     updates, detecting software piracy and verifying that customers are using
              /c     Licensed Products in conformity with the applicable License Key for such
              /c   Licensed Products. Synopsys will use information gathered in connection with
              /c     this process to deliver software updates and pursue software pirates and
              /c                                    infringers.
              /c 
              /c  Inclusivity & Diversity - Visit SolvNetPlus to read the "Synopsys Statement on
              /c             Inclusivity and Diversity" (Refer to article 000036315 at
              /c                         https://solvnetplus.synopsys.com)
              /c 
              /c Build  (OPT) Config 11252589 compiled on Wed Jan 15 11:01:36 2025 for AlmaLinux 8.4
              /c Invocation: /mnt/apps/public/COE/synopsys_apps/primewave/W-2024.09-SP1-2/linux64/platform/bin/custom_shell -application pw_worker -gui 0 -localDir /home/argershm/180-voltmeter/Analog/cc/synopsys_custom/pwdp_jobs/saeSession0_diffmodegain.SimulationSimulation_cdpl.0.1498937/logs/w1
              /c Execution time: Fri Sep  5 18:45:29 2025
              /c Host: claws-compute3.ece.ncsu.edu
              /c Working directory: /home/argershm/180-voltmeter/Analog/cc
              /c 
[18:45:35.72] /m Information: Registering ICV PERC package...
[18:45:35.72] /w Warning: Error: "Job group named 'PrimeWave' already exists under this parent." (IPC-100)
[18:45:35.88] /o #####New Worker job begin - Self history dir=/home/argershm/180-voltmeter/Analog/cc/simulation/integrator,tb_main_opamp,schematic
[18:45:36.07] /o source /home/argershm/180-voltmeter/Analog/cc/synopsys_custom/pwdp_jobs/saeSession0_diffmodegain.SimulationSimulation_cdpl.0.1498937/ccFile.tcl OK
[18:45:36.07] /o LibDefs : /home/argershm/180-voltmeter/Analog/cc/lib.defs
[18:45:36.30] /o new worker create session at loading state!
[18:45:36.30] /o history_1
[18:45:36.34] /m Information: Info: Waveform format selected is PSF. Synopsys recommends using the WDF format with the <HSPICE/FineSim> simulator.
              /c WDF is an optimal format that improves viewing performance and reduces disk usage while PSF is a 3rd party format and support "as-is".
              /c To change the format, open the Setup -> Environment menu and select the WDF format. (PW-642)
[18:45:36.50] /o Loading: Callback files...
[18:45:36.50] /o 
              /c [INFO] : Loading display.tcl from /mnt/designkits/gf180MCU/dk_ncsu/gf180mcu_cc_0.1/Models_HSPICE
              /c 
              /c  if you wish to Load other display.tcl, please set shell environment valiable "iPDK_load_display_gf180mcu" to value = 0
[18:45:36.50] /o 
[18:45:36.54] /w Warning: Could not set the value of preference xtEMIRLPEStarTcadGrdFile because it does not exist. (PREFERENCE-016)
[18:45:36.54] /o 	#######################################
[18:45:36.54] /o 	CC-PDK Library Name	: gf180MCU Open
[18:45:36.54] /o 	#######################################
[18:45:36.54] /o 
[18:45:36.65] /o source /home/argershm/180-voltmeter/Analog/cc/simulation/integrator,tb_main_opamp,schematic/history_1/.nw_preference_script.tcl OK!
[18:45:36.65] /o DSPF Options: {hierDelim==|}||{termDelim==:}||{fingerChar==@}||{multiplierString==_nettran_}||{aggregateCurrent==1}||{MOSTermNames==d g s b}||{MOSTermOrder==D G S B}||{MOSTermDspfNames==DRC GATE SRC BULK}||{firstChars==XM}||{probeHierDelim==/}||{caseSensitive==1}||{firstChar==M}||{hierPrefix==X}||{nodePrefix==M}||{plotTermVoltageForNet==0}||{mapNetToMosTerminal==}||{mapSlashDelimToDot==1}||{probePortCurrent==1}||{busBit==[]}||{removeNodePrefix==1}||{nlConDelim==.}||{mosModelType==auto}||{keepSchName==0}
[18:45:36.65] /o _workerLoadStateAction done!
[18:45:36.67] /o _getSimulationDetails : 
[18:45:36.67] /o tbName=diff_mode_gain, Mtb=0
[18:45:36.67] /o Got stb tb ok!
[18:45:36.67] /o Self resultsDir: ./simulation
[18:45:36.67] /o Self databaseDir: /home/argershm/180-voltmeter/Analog/cc/simulation/integrator,tb_main_opamp,schematic/history_1/simulation/diff_mode_gain/PrimeSimSPICE/nominal/results
[18:45:36.67] /o source /mnt/apps/public/COE/synopsys_apps/primewave/W-2024.09-SP1-2/auxx/sae/matlab_script.tcl OK
[18:45:36.72] /o Nominal run.
[18:45:36.80] /o _createResultsMap done!
[18:45:36.80] /o New worker simulation done for nomial run.
[18:45:36.80] /o >>>resultsDir=/home/argershm/180-voltmeter/Analog/cc/simulation/integrator,tb_main_opamp,schematic/history_1/simulation/diff_mode_gain/PrimeSimSPICE/nominal/results,masterResultsDir=/home/argershm/180-voltmeter/Analog/cc/simulation/integrator,tb_main_opamp,schematic/history_1/simulation/diff_mode_gain/PrimeSimSPICE/nominal/results
[18:45:36.80] /m Information: Evaluating and plotting outputs...
[18:45:36.85] /o Tracing out
[18:45:36.85] /o Tracing out (Found 0)
[18:45:36.86] /o Tracing collected globals
[18:45:37.13] /o Tracing S
[18:45:37.13] /o Tracing S (Found 0)
[18:45:37.13] /o Tracing collected globals
[18:45:37.29] /o 
[18:45:37.94] /o Tracing D
[18:45:37.94] /o Tracing D (Found 0)
[18:45:37.94] /o Tracing collected globals
[18:45:38.71] /o Tracing S
[18:45:38.71] /o Tracing S (Found 0)
[18:45:38.71] /o Tracing collected globals
[18:45:39.49] /o Tracing S
[18:45:39.49] /o Tracing S (Found 0)
[18:45:39.49] /o Tracing collected globals
[18:45:40.24] /o Tracing S
[18:45:40.24] /o Tracing S (Found 0)
[18:45:40.24] /o Tracing collected globals
[18:45:41.12] /o Tracing D
[18:45:41.12] /o Tracing D (Found 0)
[18:45:41.12] /o Tracing collected globals
[18:45:41.88] /o Tracing D
[18:45:41.88] /o Tracing D (Found 0)
[18:45:41.88] /o Tracing collected globals
[18:45:42.65] /o Tracing D
[18:45:42.65] /o Tracing D (Found 0)
[18:45:42.65] /o Tracing collected globals
[18:45:43.19] /o touch /home/argershm/180-voltmeter/Analog/cc/simulation/integrator,tb_main_opamp,schematic/history_1/simulation/diff_mode_gain/PrimeSimSPICE/nominal/results/.unitedSimFinished
[18:45:43.19] /o touch /home/argershm/180-voltmeter/Analog/cc/simulation/integrator,tb_main_opamp,schematic/history_1/simulation/diff_mode_gain/PrimeSimSPICE/nominal/results/.unitedSimFinished
[18:45:43.25] /o New worker simulation done for nomial run finished!
[18:45:43.25] /o _simulationDoneAction done without exception!
[18:45:43.25] /o touch pilot meas done flag file: /home/argershm/180-voltmeter/Analog/cc/simulation/integrator,tb_main_opamp,schematic/history_1/simulation/diff_mode_gain/PrimeSimSPICE/nominal/results/.pw_nw_meas_done
[18:45:45.25] /o Shutdown time: Fri Sep  5 18:45:45 2025
[18:45:45.25] /o Elapsed session real time: 0.25 minutes
[18:45:45.25] /o Session terminated. Log is at /home/argershm/180-voltmeter/Analog/cc/synopsys_custom/pwdp_jobs/saeSession0_diffmodegain.SimulationSimulation_cdpl.0.1498937/logs/w1/logs/pw_worker.argershm.2025_9_5_184529_1499835.log
