   *** running Tcl script ... ***
   ***   -*- Tcl script done -*- ***
  -*- memory usage : 756.46MB -*-
  -*- CPU Time :     0.10s -*-
   *** running Tcl script ... ***
   ***   -*- Tcl script done -*- ***
  -*- memory usage : 756.46MB -*-
  -*- CPU Time :     0.10s -*-
   *** running Tcl script ... ***
   ***   -*- Tcl script done -*- ***
  -*- memory usage : 759.42MB -*-
  -*- CPU Time :     0.10s -*-
   *** running Tcl script ... ***
   ***   -*- Tcl script done -*- ***
  -*- memory usage : 759.42MB -*-
  -*- CPU Time :     0.10s -*-
   *** running Tcl script ... ***
   ***   -*- Tcl script done -*- ***
  -*- memory usage : 759.42MB -*-
  -*- CPU Time :     0.10s -*-
sx_set_data_directory {/home/argershm/180-voltmeter/Analog/cc/simulation/argershm,tb_main_opamp,schematic/history_1/simulation/diff_mode_gain/PrimeSimSPICE/parametric/results}
   *** running Tcl script ... ***
   ***   -*- Tcl script done -*- ***
  -*- memory usage : 759.82MB -*-
  -*- CPU Time :     0.10s -*-
   *** running Tcl script ... ***
   ***   -*- Tcl script done -*- ***
  -*- memory usage : 759.82MB -*-
  -*- CPU Time :     0.10s -*-
   *** running Tcl script ... ***
   ***   -*- Tcl script done -*- ***
  -*- memory usage : 759.82MB -*-
  -*- CPU Time :     0.10s -*-
   *** running Tcl script ... ***
   ***   -*- Tcl script done -*- ***
  -*- memory usage : 759.82MB -*-
  -*- CPU Time :     0.10s -*-
[17:49:29.010] I| Setup simulation complete: 
    results directory: /home/argershm/180-voltmeter/Analog/cc/simulation/argershm,tb_main_opamp,schematic/history_1/simulation/diff_mode_gain/PrimeSimSPICE/parametric/results 
    post database directory: /home/argershm/180-voltmeter/Analog/cc/simulation/argershm,tb_main_opamp,schematic/history_1/simulation/diff_mode_gain/PrimeSimSPICE/parametric/results
[17:49:39.050] I| Setup simulation complete: 
    results directory: /home/argershm/180-voltmeter/Analog/cc/simulation/argershm,tb_main_opamp,schematic/history_1/simulation/diff_mode_gain/PrimeSimSPICE/parametric/results 
    post database directory: /home/argershm/180-voltmeter/Analog/cc/simulation/argershm,tb_main_opamp,schematic/history_1/simulation/diff_mode_gain/PrimeSimSPICE/parametric/results
Start to post process[17:49:53.240] I| Pilot Wave is empty.

[17:49:53.240] I| Start converting postResultsMap.xml...
   *** loading waveform file /home/argershm/180-voltmeter/Analog/cc/simulation/argershm,tb_main_opamp,schematic/history_1/simulation/diff_mode_gain/PrimeSimSPICE/parametric/results/postResultsMap.xml ... ***
   *** loading waveform file /home/argershm/180-voltmeter/Analog/cc/simulation/argershm,tb_main_opamp,schematic/history_1/simulation/diff_mode_gain/PrimeSimSPICE/parametric/L=1u/results/post1.wave ... ***
   *** loading waveform file /home/argershm/180-voltmeter/Analog/cc/simulation/argershm,tb_main_opamp,schematic/history_1/simulation/diff_mode_gain/PrimeSimSPICE/parametric/L=1.5u/results/post1.wave ... ***
   *** loading waveform file /home/argershm/180-voltmeter/Analog/cc/simulation/argershm,tb_main_opamp,schematic/history_1/simulation/diff_mode_gain/PrimeSimSPICE/parametric/L=2u/results/post1.wave ... ***
   *** loading waveform file /home/argershm/180-voltmeter/Analog/cc/simulation/argershm,tb_main_opamp,schematic/history_1/simulation/diff_mode_gain/PrimeSimSPICE/parametric/L=2.5u/results/post1.wave ... ***
   *** loading waveform file /home/argershm/180-voltmeter/Analog/cc/simulation/argershm,tb_main_opamp,schematic/history_1/simulation/diff_mode_gain/PrimeSimSPICE/parametric/L=3u/results/post1.wave ... ***
   *** loading waveform file /home/argershm/180-voltmeter/Analog/cc/simulation/argershm,tb_main_opamp,schematic/history_1/simulation/diff_mode_gain/PrimeSimSPICE/parametric/L=3.5u/results/post1.wave ... ***
   *** loading waveform file /home/argershm/180-voltmeter/Analog/cc/simulation/argershm,tb_main_opamp,schematic/history_1/simulation/diff_mode_gain/PrimeSimSPICE/parametric/L=4u/results/post1.wave ... ***
   *** loading waveform file /home/argershm/180-voltmeter/Analog/cc/simulation/argershm,tb_main_opamp,schematic/history_1/simulation/diff_mode_gain/PrimeSimSPICE/parametric/L=4.5u/results/post1.wave ... ***
   *** loading waveform file /home/argershm/180-voltmeter/Analog/cc/simulation/argershm,tb_main_opamp,schematic/history_1/simulation/diff_mode_gain/PrimeSimSPICE/parametric/L=5u/results/post1.wave ... ***
   *** loading waveform file /home/argershm/180-voltmeter/Analog/cc/simulation/argershm,tb_main_opamp,schematic/history_1/simulation/diff_mode_gain/PrimeSimSPICE/parametric/L=5.5u/results/post1.wave ... ***
   *** loading waveform file /home/argershm/180-voltmeter/Analog/cc/simulation/argershm,tb_main_opamp,schematic/history_1/simulation/diff_mode_gain/PrimeSimSPICE/parametric/L=6u/results/post1.wave ... ***
   *** loading waveform file /home/argershm/180-voltmeter/Analog/cc/simulation/argershm,tb_main_opamp,schematic/history_1/simulation/diff_mode_gain/PrimeSimSPICE/parametric/L=6.5u/results/post1.wave ... ***
   *** loading waveform file /home/argershm/180-voltmeter/Analog/cc/simulation/argershm,tb_main_opamp,schematic/history_1/simulation/diff_mode_gain/PrimeSimSPICE/parametric/L=7u/results/post1.wave ... ***
   *** loading waveform file /home/argershm/180-voltmeter/Analog/cc/simulation/argershm,tb_main_opamp,schematic/history_1/simulation/diff_mode_gain/PrimeSimSPICE/parametric/L=7.5u/results/post1.wave ... ***
   *** loading waveform file /home/argershm/180-voltmeter/Analog/cc/simulation/argershm,tb_main_opamp,schematic/history_1/simulation/diff_mode_gain/PrimeSimSPICE/parametric/L=8u/results/post1.wave ... ***
   *** loading waveform file /home/argershm/180-voltmeter/Analog/cc/simulation/argershm,tb_main_opamp,schematic/history_1/simulation/diff_mode_gain/PrimeSimSPICE/parametric/L=8.5u/results/post1.wave ... ***
   *** loading waveform file /home/argershm/180-voltmeter/Analog/cc/simulation/argershm,tb_main_opamp,schematic/history_1/simulation/diff_mode_gain/PrimeSimSPICE/parametric/L=9u/results/post1.wave ... ***
   *** loading waveform file /home/argershm/180-voltmeter/Analog/cc/simulation/argershm,tb_main_opamp,schematic/history_1/simulation/diff_mode_gain/PrimeSimSPICE/parametric/L=9.5u/results/post1.wave ... ***
   *** loading waveform file /home/argershm/180-voltmeter/Analog/cc/simulation/argershm,tb_main_opamp,schematic/history_1/simulation/diff_mode_gain/PrimeSimSPICE/parametric/L=10u/results/post1.wave ... ***
[17:49:53.250] I| Load waveform file complete
[17:49:53.260] I| Convert postResultsMap.xml complete.
[17:49:53.260] I| Delete temporary database file /home/argershm/180-voltmeter/Analog/cc/simulation/argershm,tb_main_opamp,schematic/history_1/simulation/diff_mode_gain/PrimeSimSPICE/parametric/results/.post_results.db.pilot
