 ** SX started using preference settings in '/tmp/tmp_sae_spxrc_YKiEpx'
   *** running Tcl script ... ***
   ***   -*- Tcl script done -*- ***
  -*- memory usage : 989.80MB -*-
  -*- CPU Time :     0.17s -*-
   *** running Tcl script ... ***
   ***   -*- Tcl script done -*- ***
  -*- memory usage : 989.80MB -*-
  -*- CPU Time :     0.17s -*-
   *** running Tcl script ... ***
   ***   -*- Tcl script done -*- ***
  -*- memory usage : 992.76MB -*-
  -*- CPU Time :     0.18s -*-
   *** running Tcl script ... ***
   ***   -*- Tcl script done -*- ***
  -*- memory usage : 992.89MB -*-
  -*- CPU Time :     0.18s -*-
   *** running Tcl script ... ***
   ***   -*- Tcl script done -*- ***
  -*- memory usage : 992.89MB -*-
  -*- CPU Time :     0.18s -*-
   *** [ERROR] command failure ***
sx_set_data_directory {/home/argershm/180-voltmeter/Analog/cc/simulation/argershm,tb_main_opamp,schematic/history_1/simulation/diff_mode_gain/PrimeSimSPICE/nominal/results}
   *** running Tcl script ... ***
   ***   -*- Tcl script done -*- ***
  -*- memory usage : 1066.84MB -*-
  -*- CPU Time :     0.19s -*-
   *** running Tcl script ... ***
   ***   -*- Tcl script done -*- ***
  -*- memory usage : 1066.84MB -*-
  -*- CPU Time :     0.19s -*-
   *** running Tcl script ... ***
   ***   -*- Tcl script done -*- ***
  -*- memory usage : 1066.84MB -*-
  -*- CPU Time :     0.19s -*-
   *** running Tcl script ... ***
   ***   -*- Tcl script done -*- ***
  -*- memory usage : 1066.84MB -*-
  -*- CPU Time :     0.19s -*-
[18:29:47.860] I| Old version of database is found in directory: /home/argershm/180-voltmeter/Analog/cc/simulation/argershm,tb_main_opamp,schematic/history_1/simulation/diff_mode_gain/PrimeSimSPICE/nominal/results
[18:29:47.860] I| Setup simulation complete: 
    results directory: /home/argershm/180-voltmeter/Analog/cc/simulation/argershm,tb_main_opamp,schematic/history_1/simulation/diff_mode_gain/PrimeSimSPICE/nominal/results 
    post database directory: /home/argershm/180-voltmeter/Analog/cc/simulation/argershm,tb_main_opamp,schematic/history_1/simulation/diff_mode_gain/PrimeSimSPICE/nominal/results
   *** loading waveform file /home/argershm/180-voltmeter/Analog/cc/simulation/argershm,tb_main_opamp,schematic/history_1/simulation/diff_mode_gain/PrimeSimSPICE/nominal/results/resultsMap.xml ... ***
   *** loading waveform file /home/argershm/180-voltmeter/Analog/cc/simulation/argershm,tb_main_opamp,schematic/history_1/simulation/diff_mode_gain/PrimeSimSPICE/nominal/results/ac.ac ... ***
[18:29:47.890] I| Open section (null) for /home/argershm/180-voltmeter/Analog/cc/simulation/argershm,tb_main_opamp,schematic/history_1/simulation/diff_mode_gain/PrimeSimSPICE/nominal/results/resultsMap.xml, ref:/home/argershm/180-voltmeter/Analog/cc/simulation/argershm,tb_main_opamp,schematic/history_1/simulation/diff_mode_gain/PrimeSimSPICE/nominal/results/ac.ac
   *** Loading waveform file finished ***
   *** Evaluating Equations... ***
sx_exit
