### WaveView ADV log file, revision X-2025.06-1 (build Jun 19, ) ###
### created at 18:48:51 on Sun Sep  7 2025 (Linux AMD64) ###
### Host Name: claws-compute3.ece.ncsu.edu   User ID: argershm   PID: 3706475   ###
wv_start_log
# (0) running in waveview only mode
# (0) SW_SX_PERL_LIB defined
# (0) SW_SX_TCL_LIB defined
# (0) HOME defined
#source {/mnt/apps/public/COE/synopsys_apps/customcompiler/X-2025.06-1/auxx/../packages/swv/packages/SX-SNPSCUST-Link/snps_custom_link.tcl}
#   *** running Tcl script ... ***
#   ***   -*- Tcl script done -*- ***
#  -*- memory usage : 989.20MB -*-
#  -*- CPU Time :     0.16s -*-
#source TCL files from directory {/mnt/apps/public/COE/synopsys_apps/customcompiler/X-2025.06-1/auxx}
#   *** running Tcl script ... ***
#   ***   -*- Tcl script done -*- ***
#  -*- memory usage : 989.20MB -*-
#  -*- CPU Time :     0.16s -*-
#   *** running Tcl script ... ***
#   ***   -*- Tcl script done -*- ***
#  -*- memory usage : 992.16MB -*-
#  -*- CPU Time :     0.16s -*-
#   *** running Tcl script ... ***
#   ***   -*- Tcl script done -*- ***
#  -*- memory usage : 992.29MB -*-
#  -*- CPU Time :     0.17s -*-
#   *** running Tcl script ... ***
#   ***   -*- Tcl script done -*- ***
#  -*- memory usage : 992.29MB -*-
#  -*- CPU Time :     0.17s -*-
#   *** [ERROR] command failure ***
#sx_set_data_directory {/home/argershm/180-voltmeter/Analog/cc/simulation/simulation/default/PrimeSimSPICE/nominal/results}#
#   *** running Tcl script ... ***
#   ***   -*- Tcl script done -*- ***
#  -*- memory usage : 1066.30MB -*-
#  -*- CPU Time :     0.18s -*-
#   *** running Tcl script ... ***
#   ***   -*- Tcl script done -*- ***
#  -*- memory usage : 1066.30MB -*-
#  -*- CPU Time :     0.18s -*-
#   *** running Tcl script ... ***
#   ***   -*- Tcl script done -*- ***
#  -*- memory usage : 1066.30MB -*-
#  -*- CPU Time :     0.18s -*-
#   *** running Tcl script ... ***
#   ***   -*- Tcl script done -*- ***
#  -*- memory usage : 1066.30MB -*-
#  -*- CPU Time :     0.18s -*-
#[18:50:46.650] I| Created new database /home/argershm/180-voltmeter/Analog/cc/simulation/argershm,tb_main_opamp,schematic/history_1/simulation/diff_mode_gain/PrimeSimSPICE/nominal/results/post_results.db
#[18:50:46.650] I| Setup simulation complete: 
#    results directory: /home/argershm/180-voltmeter/Analog/cc/simulation/argershm,tb_main_opamp,schematic/history_1/simulation/diff_mode_gain/PrimeSimSPICE/nominal/results 
#    post database directory: /home/argershm/180-voltmeter/Analog/cc/simulation/argershm,tb_main_opamp,schematic/history_1/simulation/diff_mode_gain/PrimeSimSPICE/nominal/results
# -history_name
#   *** loading waveform file /home/argershm/180-voltmeter/Analog/cc/simulation/argershm,tb_main_opamp,schematic/history_1/simulation/diff_mode_gain/PrimeSimSPICE/nominal/results/resultsMap.xml ... ***
#   *** loading waveform file /home/argershm/180-voltmeter/Analog/cc/simulation/argershm,tb_main_opamp,schematic/history_1/simulation/diff_mode_gain/PrimeSimSPICE/nominal/results/ac.ac ... ***
#[18:50:46.680] I| Open section (null) for /home/argershm/180-voltmeter/Analog/cc/simulation/argershm,tb_main_opamp,schematic/history_1/simulation/diff_mode_gain/PrimeSimSPICE/nominal/results/resultsMap.xml, ref:/home/argershm/180-voltmeter/Analog/cc/simulation/argershm,tb_main_opamp,schematic/history_1/simulation/diff_mode_gain/PrimeSimSPICE/nominal/results/ac.ac
#   *** Loading waveform file finished ***
#   *** Evaluating Equations... ***
#  no 'sx_apx' license found.
#  trying 'spice_explorer' and 'cx_ultra' license ...
#  'spice_explorer' license found.
