 ** SX started using preference settings in '/tmp/tmp_sae_spxrc_QY0zHQ'
   *** running Tcl script ... ***
   ***   -*- Tcl script done -*- ***
  -*- memory usage : 989.20MB -*-
  -*- CPU Time :     0.16s -*-
   *** running Tcl script ... ***
   ***   -*- Tcl script done -*- ***
  -*- memory usage : 989.20MB -*-
  -*- CPU Time :     0.16s -*-
   *** running Tcl script ... ***
   ***   -*- Tcl script done -*- ***
  -*- memory usage : 992.16MB -*-
  -*- CPU Time :     0.16s -*-
   *** running Tcl script ... ***
   ***   -*- Tcl script done -*- ***
  -*- memory usage : 992.29MB -*-
  -*- CPU Time :     0.17s -*-
   *** running Tcl script ... ***
   ***   -*- Tcl script done -*- ***
  -*- memory usage : 992.29MB -*-
  -*- CPU Time :     0.17s -*-
   *** [ERROR] command failure ***
sx_set_data_directory {/home/argershm/180-voltmeter/Analog/cc/simulation/simulation/default/PrimeSimSPICE/nominal/results}
   *** running Tcl script ... ***
   ***   -*- Tcl script done -*- ***
  -*- memory usage : 1066.30MB -*-
  -*- CPU Time :     0.18s -*-
   *** running Tcl script ... ***
   ***   -*- Tcl script done -*- ***
  -*- memory usage : 1066.30MB -*-
  -*- CPU Time :     0.18s -*-
   *** running Tcl script ... ***
   ***   -*- Tcl script done -*- ***
  -*- memory usage : 1066.30MB -*-
  -*- CPU Time :     0.18s -*-
   *** running Tcl script ... ***
   ***   -*- Tcl script done -*- ***
  -*- memory usage : 1066.30MB -*-
  -*- CPU Time :     0.18s -*-
[18:50:46.650] I| Created new database /home/argershm/180-voltmeter/Analog/cc/simulation/argershm,tb_main_opamp,schematic/history_1/simulation/diff_mode_gain/PrimeSimSPICE/nominal/results/post_results.db
[18:50:46.650] I| Setup simulation complete: 
    results directory: /home/argershm/180-voltmeter/Analog/cc/simulation/argershm,tb_main_opamp,schematic/history_1/simulation/diff_mode_gain/PrimeSimSPICE/nominal/results 
    post database directory: /home/argershm/180-voltmeter/Analog/cc/simulation/argershm,tb_main_opamp,schematic/history_1/simulation/diff_mode_gain/PrimeSimSPICE/nominal/results
   *** loading waveform file /home/argershm/180-voltmeter/Analog/cc/simulation/argershm,tb_main_opamp,schematic/history_1/simulation/diff_mode_gain/PrimeSimSPICE/nominal/results/resultsMap.xml ... ***
   *** loading waveform file /home/argershm/180-voltmeter/Analog/cc/simulation/argershm,tb_main_opamp,schematic/history_1/simulation/diff_mode_gain/PrimeSimSPICE/nominal/results/ac.ac ... ***
[18:50:46.680] I| Open section (null) for /home/argershm/180-voltmeter/Analog/cc/simulation/argershm,tb_main_opamp,schematic/history_1/simulation/diff_mode_gain/PrimeSimSPICE/nominal/results/resultsMap.xml, ref:/home/argershm/180-voltmeter/Analog/cc/simulation/argershm,tb_main_opamp,schematic/history_1/simulation/diff_mode_gain/PrimeSimSPICE/nominal/results/ac.ac
   *** Loading waveform file finished ***
   *** Evaluating Equations... ***
  no 'sx_apx' license found.
  trying 'spice_explorer' and 'cx_ultra' license ...
  'spice_explorer' license found.
