1757112327.128151: 1498937-7fddc50a9540: cdpl_log.c:337: in cdpl_log_open(): info: @@start_of_log@@
1757112327.128172: 1498937-7fddc50a9540: cdpl_log.c:1058: in cdpl_log_dump_sysinfo(): info: time: 2025/09/05 18:45:27 EDT -0400
1757112327.128174: 1498937-7fddc50a9540: cdpl_log.c:1060: in cdpl_log_dump_sysinfo(): info: version: W-2024.09-SP1-2 
1757112327.128176: 1498937-7fddc50a9540: cdpl_log.c:1062: in cdpl_log_dump_sysinfo(): info: system: Linux 4.18.0-553.69.1.el8_10.x86_64 #1 SMP Thu Aug 7 18:10:00 EDT 2025
1757112327.128177: 1498937-7fddc50a9540: cdpl_log.c:1067: in cdpl_log_dump_sysinfo(): info: processor: x86_64 64-bits
1757112327.128179: 1498937-7fddc50a9540: cdpl_log.c:1071: in cdpl_log_dump_sysinfo(): info: hostname: claws-compute3.ece.ncsu.edu
1757112327.128180: 1498937-7fddc50a9540: cdpl_log.c:1073: in cdpl_log_dump_sysinfo(): info: program name: custom_shell
1757112327.128182: 1498937-7fddc50a9540: cdpl_log.c:340: in cdpl_log_open(): debug: path: /home/argershm/180-voltmeter/Analog/cc/synopsys_custom/pwdp_jobs/saeSession0_diffmodegain.SimulationSimulation_cdpl.0.1498937/logs/master.claws-compute3.ece.ncsu.edu.1498937.log
1757112327.128184: 1498937-7fddc50a9540: cdpl_log.c:341: in cdpl_log_open(): debug: dir: /home/argershm/180-voltmeter/Analog/cc/synopsys_custom/pwdp_jobs/saeSession0_diffmodegain.SimulationSimulation_cdpl.0.1498937/logs
1757112327.128210: 1498937-7fddc50a9540: cdpl_server.c:536: in cdpl_sv_init(): info: new server S1605495935
1757112327.128219: 1498937-7fddc50a9540: cdpl_ipc.c:3475: in cdpl_ipc_init(): info: requesting IPv4 protocol
1757112327.132716: 1498937-7fddc50a9540: cdpl_ipc.c:837: in _selectaddrfamily(): info: selected IPv4 protocol
1757112327.132739: 1498937-7fddc50a9540: cdpl_ipc.c:1139: in _set_keepalive(): info: TCP keep alive interval: 300
1757112327.135512: 1498937-7fddc50a9540: cdpl_monitor.c:1117: in cdpl_mn_new_server(): info: creating server monitor instance
1757112327.135526: 1498937-7fddc50a9540: cdpl_server.c:650: in cdpl_sv_new_master(): info: new master M1
1757112327.135533: 1498937-7fddc50a9540: cdpl_server.c:6533: in cdpl_sv_ctl_master(): info: Setting worker heartbeat to 120 seconds
1757112327.135535: 1498937-7fddc50a9540: cdpl_server.c:6542: in cdpl_sv_ctl_master(): info: Setting worker heartbeat timeout to 3 heartbeats
1757112327.135537: 1498937-7fddc50a9540: cdpl_compat_master.c:2090: in _parse_hostfile(): info: reading hostfile `/home/argershm/180-voltmeter/Analog/cc/synopsys_custom/pwdp_jobs/saeSession0_diffmodegain.SimulationSimulation_cdpl.0.1498937/host_file'
1757112327.135558: 1498937-7fddc50a9540: cdpl_compat_master.c:1900: in _hostfile_parser(): debug: parsing "1     |localhost|   -1  | /tmp | SH | sh"
1757112327.135570: 1498937-7fddc50a9540: cdpl_farm.c:2578: in cdpl_farm_new_sh(): info: creating SH farm on localhost
1757112327.135576: 1498937-7fddc50a9540: cdpl_compat_master.c:206: in _set_farm_env(): info: exporting CDPL_LOGDIR as `/home/argershm/180-voltmeter/Analog/cc/synopsys_custom/pwdp_jobs/saeSession0_diffmodegain.SimulationSimulation_cdpl.0.1498937/logs'
1757112327.135577: 1498937-7fddc50a9540: cdpl_compat_master.c:212: in _set_farm_env(): info: exporting CDPL_TMPDIR as `/tmp'
1757112327.135579: 1498937-7fddc50a9540: cdpl_compat_master.c:235: in _set_farm_env(): info: exporting SNPSLMD_LICENSE_FILE as `27000@ece-lic-35.ece.ncsu.edu'
1757112327.135581: 1498937-7fddc50a9540: cdpl_compat_master.c:259: in _set_farm_env(): info: exporting CDPL_OPTIONS as `[nowlogs]'
1757112327.135582: 1498937-7fddc50a9540: cdpl_compat_master.c:266: in _set_farm_env(): info: exporting DISPLAY as `unix:10196'
1757112327.135584: 1498937-7fddc50a9540: cdpl_compat_master.c:274: in _set_farm_env(): info: exporting CDPL_HEARTBEAT as `120'
1757112327.135593: 1498937-7fddc50a9540: cdpl_farm.c:3149: in cdpl_farm_add_withdir(): debug: added `localhost' (capacity: unlimited)
1757112327.135595: 1498937-7fddc50a9540: cdpl_compat_parse.c:147: in parsefile(): debug: read `/home/argershm/180-voltmeter/Analog/cc/synopsys_custom/pwdp_jobs/saeSession0_diffmodegain.SimulationSimulation_cdpl.0.1498937/host_file', 2 lines
1757112327.135600: 1498937-7fddc50a9540: cdpl_compat_master.c:2931: in cdplInitMaster(): info: bcast dir is `/home/argershm/180-voltmeter/Analog/cc/synopsys_custom/pwdp_jobs/saeSession0_diffmodegain.SimulationSimulation_cdpl.0.1498937/logs'
1757112327.135644: 1498937-7fddc50a9540: cdpl_server.c:6433: in cdpl_sv_ctl_master(): info: farm worker timeout set to 300
1757112327.135646: 1498937-7fddc50a9540: cdpl_server.c:6486: in cdpl_sv_ctl_master(): info: maximum number of task execution attempts set to 1
1757112327.135659: 1498937-7fddc50a9540: cdpl_server.c:3195: in cdpl_sv_start(): debug: starting server
1757112327.135663: 1498937-7fddc50a9540: cdpl_ipc.c:3632: in cdpl_ipc_start(): debug: starting IPC server 152.14.98.53:45267
1757112327.135861: 1498937-7fdd88f46700: cdpl_server_ipc.c:1182: in _sv_ipc_thread(): debug: ready
1757112327.135982: 1498937-7fdd7bfff700: cdpl_monitor.c:426: in cdpl_mn_init_client(): info: creating client monitor instance
1757112327.136013: 1498937-7fdd7bfff700: cdpl_ipc.c:3475: in cdpl_ipc_init(): info: requesting IPv4 protocol
1757112327.140016: 1498937-7fdd7bfff700: cdpl_ipc.c:837: in _selectaddrfamily(): info: selected IPv4 protocol
1757112327.140039: 1498937-7fdd7bfff700: cdpl_ipc.c:1139: in _set_keepalive(): info: TCP keep alive interval: 300
1757112327.142969: 1498937-7fdd7bfff700: cdpl_ipc.c:3632: in cdpl_ipc_start(): debug: starting IPC server 152.14.98.53:45923
1757112327.143125: 1498937-7fdd7bfff700: cdpl_monitor.c:471: in cdpl_mn_init_client(): debug: incoming messages in /tmp/cdpl-monitor-JTInGC
1757112327.143211: 1498937-7fdd7bfff700: cdpl_monitor.c:533: in cdpl_mn_connect(): debug: connecting to 152.14.98.53:45267
1757112327.143219: 1498937-7fdd7bfff700: cdpl_ipc.c:3789: in cdpl_ipc_connect(): info: connecting to 152.14.98.53:45267
1757112327.143328: 1498937-7fdd7bfff700: cdpl_ipc.c:3860: in cdpl_ipc_connect(): info: connected as `152.14.98.53:39430'
1757112327.143345: 1498937-7fdd7bfff700: cdpl_ipc.c:2503: in cdpl_ipc_host_accept(): debug: accepted host `152.14.98.53:45267'
1757112327.143356: 1498937-7fdd89747700: cdpl_ipc.c:1862: in _epoll_accept(): debug: new connection from `152.14.98.53:39430'
1757112327.143381: 1498937-7fdd7bfff700: cdpl_monitor.c:579: in cdpl_mn_connect(): debug: ok
1757112327.143402: 1498937-7fddc50a9540: cdpl_server.c:731: in cdpl_sv_new_job(): info: new job J1 in M1
1757112327.143410: 1498937-7fdd88f46700: cdpl_server_ipc.c:1225: in _sv_ipc_thread(): debug: received ACCEPT notification
1757112327.143421: 1498937-7fdd88f46700: cdpl_ipc.c:2503: in cdpl_ipc_host_accept(): debug: accepted host `152.14.98.53:39430'
1757112327.143426: 1498937-7fddc50a9540: cdpl_compat_master.c:1581: in _add_worker(): info: new worker type 10, min:1, max:3, cmd:`/home/argershm/180-voltmeter/Analog/cc/synopsys_custom/pwdp_jobs/saeSession0_diffmodegain.SimulationSimulation_cdpl.0.1498937/START_WORKER pw_worker -i /home/argershm/180-voltmeter/Analog/cc/synopsys_custom/pwdp_jobs
1757112327.143434: 1498937-7fdd88f46700: cdpl_server_ipc.c:1256: in _sv_ipc_thread(): debug: received MONITOR message
1757112327.143439: 1498937-7fddc50a9540: cdpl_server.c:908: in cdpl_sv_new_bin_withfarm(): info: new bin B1 in J1
1757112327.143668: 1498937-7fdd88f46700: cdpl_monitor.c:1207: in cdpl_mn_accept(): debug: accepted monitor `152.14.98.53:39430'
1757112327.143672: 1498937-7fdd88f46700: cdpl_server_ipc_mon.c:120: in _globalLOCK(): debug: ENTERTING GLOBAL LOCK
1757112327.143675: 1498937-7fdd88f46700: cdpl_server_ipc_mon.c:164: in _globalLOCK(): debug: global lock acquired
1757112327.143677: 1498937-7fdd79ffb700: cdpl_monitor.c:910: in mn_systat(): debug: started
1757112327.143945: 1498937-7fdd79ffb700: cdpl_monitor.c:937: in mn_systat(): debug: monitor server flush rate: 5
1757112327.931426: 1498937-7fdd88f46700: cdpl_server_ipc_mon.c:210: in _globalUNLOCK(): debug: LEAVING GLOBAL LOCK
1757112327.931607: 1498937-7fddc50a9540: cdpl_server.c:3249: in cdpl_sv_start_job(): info: starting job J1
1757112327.931626: 1498937-7fddc50a9540: cdpl_server.c:62: in _sv_start_bin(): debug: starting bin B1 (min: 0, max: 3)
1757112327.931817: 1498937-7fddc50a9540: cdpl_server.c:1893: in _sv_gen_task(): info: new task T0 in B1 (prio 0)
1757112327.931832: 1498937-7fdd63fff700: cdpl_server_sched.c:2482: in _sv_scheduler_thread(): debug: scheduler for bin B1 started
1757112327.931846: 1498937-7fddc50a9540: cdpl_server.c:2698: in cdpl_sv_label_task_va(): info: setting task T0 label to "PrimeSim_1|PrimeSim"
1757112327.931889: 1498937-7fdd63fff700: cdpl_server_sched.c:2443: in _scheduler_run(): debug: will start a new worker
1757112327.931948: 1498937-7fdd63fff700: cdpl_farm.c:3977: in cdpl_farm_submit(): debug: 1 running processes
1757112327.931955: 1498937-7fdd63fff700: cdpl_farm.c:3985: in cdpl_farm_submit(): debug: new command C1 in bin B1 assigned to host `localhost'
1757112327.932036: 1498937-7fdd63fff700: cdpl_server_sched.c:705: in _sv_launch_worker(): info: started worker W1 (as C1) in bin B1
1757112327.932051: 1498937-7fdd637fe700: cdpl_farm.c:2139: in _schedule(): debug: started
1757112327.932063: 1498937-7fdd637fe700: cdpl_farm.c:2303: in _schedule(): debug: submitting command C1 in bin B1
1757112327.932088: 1498937-7fdd637fe700: cdpl_sh.c:49: in _sh_detached_submit(): info: SH : /home/argershm/180-voltmeter/Analog/cc/synopsys_custom/pwdp_jobs/saeSession0_diffmodegain.SimulationSimulation_cdpl.0.1498937/START_WORKER pw_worker -i /home/argershm/180-voltmeter/Analog/cc/synopsys_custom/pwdp_jobs/saeSession0_diffmodegain.SimulationSimulation_cdpl.0.1498937 -t 10000
1757112327.939317: 1498937-7fdd637fe700: cdpl_farm.c:2343: in _schedule(): debug: C1 in bin B1 running on slot 0
1757112327.939346: 1498937-7fdd637fe700: cdpl_farm.c:2167: in _schedule(): debug: idle
1757112327.957495: 1498937-7fddc50a9540: cdpl_compat_master.c:5948: in cdplMasterLogInfo(): info: [non-CDPL log entry] PWDP3: reset pilot cache succeeded, pilot_key=saeSession0,1,diff_mode_gain|&/home/argershm/180-voltmeter/Analog/cc/simulation/integrator,tb_main_opamp,schematic/history_1/simulation/diff_mode_gain/PrimeSimSPICE/nominal/results
1757112328.239411: 1498937-7fdd637fe700: cdpl_farm.c:1193: in _onexit(): debug: C1 in bin B1 exited normally on slot 0
1757112329.044459: 1498937-7fdd797fa700: cdpl_compat_master.c:5948: in cdplMasterLogInfo(): info: [non-CDPL log entry] PWDP - no-workers started ok check start!
1757112329.849260: 1498937-7fdd89747700: cdpl_ipc.c:1862: in _epoll_accept(): debug: new connection from `152.14.98.53:39442'
1757112329.849306: 1498937-7fdd88f46700: cdpl_server_ipc.c:1225: in _sv_ipc_thread(): debug: received ACCEPT notification
1757112329.849323: 1498937-7fdd88f46700: cdpl_ipc.c:2503: in cdpl_ipc_host_accept(): debug: accepted host `152.14.98.53:39442'
1757112329.849388: 1498937-7fdd88f46700: cdpl_server_ipc.c:1246: in _sv_ipc_thread(): debug: received HELLO message
1757112329.849390: 1498937-7fdd88f46700: cdpl_server_ipc.c:430: in _sv_on_hello(): debug: looking up W1
1757112329.849393: 1498937-7fdd88f46700: cdpl_server_ipc.c:540: in _sv_on_hello(): info: W1 is `152.14.98.53:39442'
1757112329.849394: 1498937-7fdd88f46700: cdpl_server_ipc.c:541: in _sv_on_hello(): debug: hello W1 (B1)
1757112329.849396: 1498937-7fdd88f46700: cdpl_server_ipc.c:542: in _sv_on_hello(): info: W1 log file is /dev/null
1757112329.849436: 1498937-7fdd88f46700: cdpl_server_ipc.c:602: in _sv_on_hello(): info: up to 1 alive workers in B1
1757112329.849443: 1498937-7fdd88f46700: cdpl_farm.c:878: in _release_cmd(): debug: freeing command C1 in bin B1
1757112329.849466: 1498937-7fdd63fff700: cdpl_server_sched.c:960: in _assign(): info: assigning task T0 to worker W1
1757112329.913230: 1498937-7fdd88f46700: cdpl_server_ipc.c:1268: in _sv_ipc_thread(): debug: received RELAY message
1757112329.913243: 1498937-7fdd88f46700: cdpl_server_ipc.c:713: in _sv_on_relay(): debug: RELAY message from W1, size = 65
1757112329.913246: 1498937-7fdd88f46700: cdpl_server_ipc.c:715: in _sv_on_relay(): debug: RELAY message from W1, content = 0$1499835 claws-compute3.ece.ncsu.edu 1499851 RUNNING 1757112329
1757112330.849642: 1498937-7fdd88f46700: cdpl_server_ipc.c:312: in _sv_on_heartbeat(): debug: received HEARTBEAT from worker W1 at 152.14.98.53:39442
1757112332.144684: 1498937-7fdd7bfff700: cdpl_monitor.c:533: in cdpl_mn_connect(): debug: connecting to 152.14.98.53:33065
1757112332.144695: 1498937-7fdd7bfff700: cdpl_ipc.c:3789: in cdpl_ipc_connect(): info: connecting to 152.14.98.53:33065
1757112332.144788: 1498937-7fdd7bfff700: cdpl_ipc.c:3860: in cdpl_ipc_connect(): info: connected as `152.14.98.53:48070'
1757112332.144795: 1498937-7fdd7bfff700: cdpl_ipc.c:2503: in cdpl_ipc_host_accept(): debug: accepted host `152.14.98.53:33065'
1757112332.144800: 1498937-7fdd7bfff700: cdpl_monitor.c:579: in cdpl_mn_connect(): debug: ok
1757112336.663912: 1498937-7fdd88f46700: cdpl_server_ipc.c:1268: in _sv_ipc_thread(): debug: received RELAY message
1757112336.663930: 1498937-7fdd88f46700: cdpl_server_ipc.c:713: in _sv_on_relay(): debug: RELAY message from W1, size = 53
1757112336.663933: 1498937-7fdd88f46700: cdpl_server_ipc.c:715: in _sv_on_relay(): debug: RELAY message from W1, content = WORKERDU|12928,/dev/mapper/rhel_claws--compute3-home
1757112336.663940: 1498937-7fdd88f46700: cdpl_server_ipc.c:1268: in _sv_ipc_thread(): debug: received RELAY message
1757112336.663941: 1498937-7fdd88f46700: cdpl_server_ipc.c:713: in _sv_on_relay(): debug: RELAY message from W1, size = 193
1757112336.663943: 1498937-7fdd88f46700: cdpl_server_ipc.c:715: in _sv_on_relay(): debug: RELAY message from W1, content = REQPILOT|saeSession0,1,diff_mode_gain|&/home/argershm/180-voltmeter/Analog/cc/simulation/integrator,tb_main_opamp,schematic/history_1/simulation/diff_mode_gain/PrimeSimSPICE/nominal/results|&0
1757112336.664026: 1498937-7fdd7a7fc700: cdpl_compat_master.c:5948: in cdplMasterLogInfo(): info: [non-CDPL log entry] PWDP send back 'DOPILOT' to worker id:1 key: saeSession0,1,diff_mode_gain|&/home/argershm/180-voltmeter/Analog/cc/simulation/integrator,tb_main_opamp,schematic/history_1/simulation/diff_mode_gain/PrimeSimSPICE/nominal/results
1757112336.664228: 1498937-7fdd7a7fc700: cdpl_compat_master.c:5948: in cdplMasterLogInfo(): info: [non-CDPL log entry] PWDP: set pilot doing!
1757112336.667549: 1498937-7fdd88f46700: cdpl_server_ipc.c:1268: in _sv_ipc_thread(): debug: received RELAY message
1757112336.667558: 1498937-7fdd88f46700: cdpl_server_ipc.c:713: in _sv_on_relay(): debug: RELAY message from W1, size = 189
1757112336.667560: 1498937-7fdd88f46700: cdpl_server_ipc.c:715: in _sv_on_relay(): debug: RELAY message from W1, content = PILOTOK|saeSession0,1,diff_mode_gain|&/home/argershm/180-voltmeter/Analog/cc/simulation/integrator,tb_main_opamp,schematic/history_1/simulation/diff_mode_gain/PrimeSimSPICE/nominal/results
1757112336.667578: 1498937-7fdd7a7fc700: cdpl_compat_master.c:5948: in cdplMasterLogInfo(): info: [non-CDPL log entry] PWDP: set pilot done!
1757112336.667646: 1498937-7fdd88f46700: cdpl_server_ipc.c:1268: in _sv_ipc_thread(): debug: received RELAY message
1757112336.667652: 1498937-7fdd88f46700: cdpl_server_ipc.c:713: in _sv_on_relay(): debug: RELAY message from W1, size = 18
1757112336.667654: 1498937-7fdd88f46700: cdpl_server_ipc.c:715: in _sv_on_relay(): debug: RELAY message from W1, content = 0$- - - MEASDOING
1757112343.253717: 1498937-7fdd88f46700: cdpl_server_ipc.c:1268: in _sv_ipc_thread(): debug: received RELAY message
1757112343.253729: 1498937-7fdd88f46700: cdpl_server_ipc.c:713: in _sv_on_relay(): debug: RELAY message from W1, size = 77
1757112343.253732: 1498937-7fdd88f46700: cdpl_server_ipc.c:715: in _sv_on_relay(): debug: RELAY message from W1, content = 0$1499835 claws-compute3.ece.ncsu.edu 1499851 FINISHED 1757112329|1757112343
1757112343.255178: 1498937-7fdd88f46700: cdpl_server_ipc.c:1268: in _sv_ipc_thread(): debug: received RELAY message
1757112343.255186: 1498937-7fdd88f46700: cdpl_server_ipc.c:713: in _sv_on_relay(): debug: RELAY message from W1, size = 191
1757112343.255189: 1498937-7fdd88f46700: cdpl_server_ipc.c:715: in _sv_on_relay(): debug: RELAY message from W1, content = PILOTDONE|saeSession0,1,diff_mode_gain|&/home/argershm/180-voltmeter/Analog/cc/simulation/integrator,tb_main_opamp,schematic/history_1/simulation/diff_mode_gain/PrimeSimSPICE/nominal/results
1757112343.255214: 1498937-7fdd7a7fc700: cdpl_compat_master.c:5948: in cdplMasterLogInfo(): info: [non-CDPL log entry] saeSession0,1,diff_mode_gain|&/home/argershm/180-voltmeter/Analog/cc/simulation/integrator,tb_main_opamp,schematic/history_1/simulation/diff_mode_gain/PrimeSimSPICE/nominal/results PILOTDONE!
1757112343.255471: 1498937-7fdd88f46700: cdpl_server_ipc.c:1251: in _sv_ipc_thread(): debug: received FINISH message
1757112343.255477: 1498937-7fdd88f46700: cdpl_server_ipc.c:983: in _sv_on_finish(): info: worker W1 completed task T0
1757112343.255480: 1498937-7fdd88f46700: cdpl_server_ipc.c:988: in _sv_on_finish(): debug: stat T0: utime=4102 stime=2056
1757112343.255482: 1498937-7fdd88f46700: cdpl_server_ipc.c:993: in _sv_on_finish(): debug: statm T0: vsize=3055228 rss=1037364 shared=519368 text=474784 data=710572
1757112343.260403: 1498937-7fdd88f46700: cdpl_server_ipc.c:1268: in _sv_ipc_thread(): debug: received RELAY message
1757112343.260410: 1498937-7fdd88f46700: cdpl_server_ipc.c:713: in _sv_on_relay(): debug: RELAY message from W1, size = 50
1757112343.260413: 1498937-7fdd88f46700: cdpl_server_ipc.c:715: in _sv_on_relay(): debug: RELAY message from W1, content = WORKERDU|16,/dev/mapper/rhel_claws--compute3-home
1757112343.271080: 1498937-7fddc50a9540: cdpl_server.c:227: in _sv_free_task_safe(): debug: freeing task T0
1757112344.255698: 1498937-7fddc50a9540: cdpl_server.c:3008: in cdpl_sv_halt_job_errno(): info: killing job J1
1757112344.255722: 1498937-7fddc50a9540: cdpl_server.c:3044: in cdpl_sv_halt_job_errno(): debug: signal bin B1 scheduler to stop
1757112344.255863: 1498937-7fdd63fff700: cdpl_server_sched.c:2484: in _sv_scheduler_thread(): debug: scheduler for bin B1 stopped
1757112344.255880: 1498937-7fdd63fff700: cdpl_ipc.c:1657: in _host_drop__UNSAFE(): debug: dropping host `152.14.98.53:39442'
1757112344.255918: 1498937-7fdd63fff700: cdpl_server_sched.c:2830: in _sv_drop_worker(): info: down to 0 alive workers in B1
1757112344.255922: 1498937-7fdd88f46700: cdpl_server_ipc.c:1236: in _sv_ipc_thread(): debug: received DROP notification
1757112344.255929: 1498937-7fdd63fff700: cdpl_farm.c:4152: in cdpl_farm_dismiss(): debug: down to 0 running processes
1757112344.255942: 1498937-7fdd63fff700: cdpl_server_sched.c:121: in _free_worker_2(): debug: freeing worker W1
1757112344.255960: 1498937-7fdd63fff700: cdpl_ipc.c:2513: in cdpl_ipc_host_release(): debug: releasing host `152.14.98.53:39442'
1757112344.255965: 1498937-7fdd63fff700: cdpl_ipc.c:2529: in cdpl_ipc_host_release(): debug: scheduling for immediate release
1757112344.256152: 1498937-7fddc50a9540: cdpl_server.c:294: in _sv_free_job(): info: freeing job J1
1757112344.256157: 1498937-7fddc50a9540: cdpl_server.c:92: in _sv_free_bin(): debug: freeing bin B1
1757112344.256190: 1498937-7fddc50a9540: cdpl_monitor.c:515: in cdpl_mn_kill(): info: killing monitor
1757112344.256213: 1498937-7fddc50a9540: cdpl_ipc.c:3677: in cdpl_ipc_kill(): debug: stopping event server
1757112344.256229: 1498937-7fdd7b7fe700: cdpl_ipc.c:2460: in _epoll_main(): debug: server going down...
1757112344.256259: 1498937-7fdd89747700: cdpl_ipc.c:775: in _readv(): warning: read(): EOF
1757112344.256273: 1498937-7fdd89747700: cdpl_ipc.c:2100: in _epoll_recv(): debug: _readv(): Broken pipe
1757112344.256275: 1498937-7fdd89747700: cdpl_ipc.c:2424: in _epoll_main(): debug: _epoll_recv(): Broken pipe
1757112344.256279: 1498937-7fdd89747700: cdpl_ipc.c:1657: in _host_drop__UNSAFE(): debug: dropping host `152.14.98.53:39430'
1757112344.256312: 1498937-7fdd89747700: cdpl_ipc.c:1582: in _host_free__UNSAFE(): debug: freeing host `152.14.98.53:39442'
1757112344.256315: 1498937-7fdd89747700: cdpl_ipc.c:1621: in _host_free__UNSAFE(): debug: [0 outq, 0 spR, 0 spW]
1757112344.256322: 1498937-7fdd88f46700: cdpl_server_ipc.c:1236: in _sv_ipc_thread(): debug: received DROP notification
1757112344.256328: 1498937-7fdd88f46700: cdpl_monitor.c:1269: in cdpl_mn_drop(): debug: detaching from monitor `152.14.98.53:39430'
1757112344.256339: 1498937-7fdd88f46700: cdpl_monitor.c:1101: in mn_systat_stop(): debug: joining systat thread
1757112344.256393: 1498937-7fdd79ffb700: cdpl_monitor.c:1079: in mn_systat(): debug: exiting
1757112344.256411: 1498937-7fdd88f46700: cdpl_monitor.c:1103: in mn_systat_stop(): debug: systat thread done
1757112344.256414: 1498937-7fdd88f46700: cdpl_ipc.c:2513: in cdpl_ipc_host_release(): debug: releasing host `152.14.98.53:39430'
1757112344.256436: 1498937-7fdd7bfff700: cdpl_ipc.c:3728: in cdpl_ipc_free(): debug: releasing IPC handle
1757112344.256444: 1498937-7fdd7bfff700: cdpl_ipc.c:1582: in _host_free__UNSAFE(): debug: freeing host `152.14.98.53:33065'
1757112344.256446: 1498937-7fdd7bfff700: cdpl_ipc.c:1621: in _host_free__UNSAFE(): debug: [0 outq, 0 spR, 0 spW]
1757112344.256466: 1498937-7fdd7bfff700: cdpl_ipc.c:1582: in _host_free__UNSAFE(): debug: freeing host `152.14.98.53:45267'
1757112344.256468: 1498937-7fdd7bfff700: cdpl_ipc.c:1621: in _host_free__UNSAFE(): debug: [0 outq, 0 spR, 0 spW]
1757112344.256476: 1498937-7fdd7bfff700: cdpl_ipc.c:3756: in cdpl_ipc_free(): warning: 2 host(s) were not released
1757112344.256490: 1498937-7fdd7bfff700: cdpl_ipc.c:3767: in cdpl_ipc_free(): debug: done
1757112344.256492: 1498937-7fdd7bfff700: cdpl_monitor.c:1390: in cdpl_mn_free(): debug: freeing monitor client
1757112344.256625: 1498937-7fddc50a9540: cdpl_farm.c:2740: in cdpl_farm_free(): info: freeing farm
1757112344.256640: 1498937-7fdd637fe700: cdpl_farm.c:2231: in _schedule(): debug: end of idling
1757112344.256645: 1498937-7fdd637fe700: cdpl_farm.c:2235: in _schedule(): debug: dying
1757112344.256680: 1498937-7fddc50a9540: cdpl_farm.c:913: in _killall(): debug: killing all remaining commands
1757112344.256691: 1498937-7fddc50a9540: cdpl_server.c:3144: in cdpl_sv_free(): info: freeing server S1605495935
1757112344.256705: 1498937-7fddc50a9540: cdpl_server.c:3109: in cdpl_sv_kill_errno(): info: killing server
1757112344.256706: 1498937-7fddc50a9540: cdpl_ipc.c:3677: in cdpl_ipc_kill(): debug: stopping event server
1757112344.256714: 1498937-7fdd88f46700: cdpl_server_ipc.c:1200: in _sv_ipc_thread(): debug: leaving now
1757112344.256720: 1498937-7fddc50a9540: cdpl_server.c:334: in _sv_free_master(): info: freeing master M1
1757112344.256723: 1498937-7fdd89747700: cdpl_ipc.c:2460: in _epoll_main(): debug: server going down...
1757112344.256731: 1498937-7fddc50a9540: cdpl_hash.c:68: in cdpl_h_destroy(): debug: put operations: 1
1757112344.256733: 1498937-7fddc50a9540: cdpl_hash.c:69: in cdpl_h_destroy(): debug: put collisions: 0
1757112344.256735: 1498937-7fddc50a9540: cdpl_hash.c:70: in cdpl_h_destroy(): debug: get operations: 1
1757112344.256736: 1498937-7fddc50a9540: cdpl_hash.c:71: in cdpl_h_destroy(): debug: get iterations: 1
1757112344.256745: 1498937-7fddc50a9540: cdpl_monitor.c:1390: in cdpl_mn_free(): debug: freeing monitor server
1757112344.256748: 1498937-7fddc50a9540: cdpl_ipc.c:3728: in cdpl_ipc_free(): debug: releasing IPC handle
1757112344.256749: 1498937-7fddc50a9540: cdpl_ipc.c:1582: in _host_free__UNSAFE(): debug: freeing host `152.14.98.53:39430'
1757112344.256751: 1498937-7fddc50a9540: cdpl_ipc.c:1621: in _host_free__UNSAFE(): debug: [0 outq, 0 spR, 0 spW]
1757112344.256764: 1498937-7fddc50a9540: cdpl_ipc.c:3767: in cdpl_ipc_free(): debug: done
1757112344.256769: 1498937-7fddc50a9540: cdpl_log.c:481: in cdpl_log_close(): info: @@end_of_log@@
