1757110044.126181: 1396453-7fcae9fba540: cdpl_log.c:337: in cdpl_log_open(): info: @@start_of_log@@
1757110044.126190: 1396453-7fcae9fba540: cdpl_log.c:1058: in cdpl_log_dump_sysinfo(): info: time: 2025/09/05 18:07:24 EDT -0400
1757110044.126192: 1396453-7fcae9fba540: cdpl_log.c:1060: in cdpl_log_dump_sysinfo(): info: version: W-2024.09-SP1-2 
1757110044.126194: 1396453-7fcae9fba540: cdpl_log.c:1062: in cdpl_log_dump_sysinfo(): info: system: Linux 4.18.0-553.69.1.el8_10.x86_64 #1 SMP Thu Aug 7 18:10:00 EDT 2025
1757110044.126196: 1396453-7fcae9fba540: cdpl_log.c:1067: in cdpl_log_dump_sysinfo(): info: processor: x86_64 64-bits
1757110044.126197: 1396453-7fcae9fba540: cdpl_log.c:1071: in cdpl_log_dump_sysinfo(): info: hostname: claws-compute3.ece.ncsu.edu
1757110044.126199: 1396453-7fcae9fba540: cdpl_log.c:1073: in cdpl_log_dump_sysinfo(): info: program name: custom_shell
1757110044.126201: 1396453-7fcae9fba540: cdpl_log.c:340: in cdpl_log_open(): debug: path: /home/argershm/180-voltmeter/Analog/cc/synopsys_custom/pwdp_jobs/saeSession0_diffmodegain.SimulationSimulation_cdpl.1.1396453/logs/master.claws-compute3.ece.ncsu.edu.1396453.log
1757110044.126203: 1396453-7fcae9fba540: cdpl_log.c:341: in cdpl_log_open(): debug: dir: /home/argershm/180-voltmeter/Analog/cc/synopsys_custom/pwdp_jobs/saeSession0_diffmodegain.SimulationSimulation_cdpl.1.1396453/logs
1757110044.126207: 1396453-7fcae9fba540: cdpl_server.c:536: in cdpl_sv_init(): info: new server S2045238911
1757110044.126210: 1396453-7fcae9fba540: cdpl_ipc.c:3475: in cdpl_ipc_init(): info: requesting IPv4 protocol
1757110044.130555: 1396453-7fcae9fba540: cdpl_ipc.c:837: in _selectaddrfamily(): info: selected IPv4 protocol
1757110044.130571: 1396453-7fcae9fba540: cdpl_ipc.c:1139: in _set_keepalive(): info: TCP keep alive interval: 300
1757110044.133354: 1396453-7fcae9fba540: cdpl_monitor.c:1117: in cdpl_mn_new_server(): info: creating server monitor instance
1757110044.133359: 1396453-7fcae9fba540: cdpl_server.c:650: in cdpl_sv_new_master(): info: new master M1
1757110044.133363: 1396453-7fcae9fba540: cdpl_server.c:6533: in cdpl_sv_ctl_master(): info: Setting worker heartbeat to 120 seconds
1757110044.133365: 1396453-7fcae9fba540: cdpl_server.c:6542: in cdpl_sv_ctl_master(): info: Setting worker heartbeat timeout to 3 heartbeats
1757110044.133367: 1396453-7fcae9fba540: cdpl_compat_master.c:2090: in _parse_hostfile(): info: reading hostfile `/home/argershm/180-voltmeter/Analog/cc/synopsys_custom/pwdp_jobs/saeSession0_diffmodegain.SimulationSimulation_cdpl.1.1396453/host_file'
1757110044.133376: 1396453-7fcae9fba540: cdpl_compat_master.c:1900: in _hostfile_parser(): debug: parsing "1     |localhost|   -1  | /tmp | SH | sh"
1757110044.133380: 1396453-7fcae9fba540: cdpl_farm.c:2578: in cdpl_farm_new_sh(): info: creating SH farm on localhost
1757110044.133383: 1396453-7fcae9fba540: cdpl_compat_master.c:206: in _set_farm_env(): info: exporting CDPL_LOGDIR as `/home/argershm/180-voltmeter/Analog/cc/synopsys_custom/pwdp_jobs/saeSession0_diffmodegain.SimulationSimulation_cdpl.1.1396453/logs'
1757110044.133385: 1396453-7fcae9fba540: cdpl_compat_master.c:212: in _set_farm_env(): info: exporting CDPL_TMPDIR as `/tmp'
1757110044.133387: 1396453-7fcae9fba540: cdpl_compat_master.c:235: in _set_farm_env(): info: exporting SNPSLMD_LICENSE_FILE as `27000@ece-lic-35.ece.ncsu.edu'
1757110044.133389: 1396453-7fcae9fba540: cdpl_compat_master.c:259: in _set_farm_env(): info: exporting CDPL_OPTIONS as `[nowlogs]'
1757110044.133390: 1396453-7fcae9fba540: cdpl_compat_master.c:266: in _set_farm_env(): info: exporting DISPLAY as `unix:1876'
1757110044.133392: 1396453-7fcae9fba540: cdpl_compat_master.c:274: in _set_farm_env(): info: exporting CDPL_HEARTBEAT as `120'
1757110044.133395: 1396453-7fcae9fba540: cdpl_farm.c:3149: in cdpl_farm_add_withdir(): debug: added `localhost' (capacity: unlimited)
1757110044.133396: 1396453-7fcae9fba540: cdpl_compat_parse.c:147: in parsefile(): debug: read `/home/argershm/180-voltmeter/Analog/cc/synopsys_custom/pwdp_jobs/saeSession0_diffmodegain.SimulationSimulation_cdpl.1.1396453/host_file', 2 lines
1757110044.133401: 1396453-7fcae9fba540: cdpl_compat_master.c:2931: in cdplInitMaster(): info: bcast dir is `/home/argershm/180-voltmeter/Analog/cc/synopsys_custom/pwdp_jobs/saeSession0_diffmodegain.SimulationSimulation_cdpl.1.1396453/logs'
1757110044.133432: 1396453-7fcae9fba540: cdpl_server.c:6433: in cdpl_sv_ctl_master(): info: farm worker timeout set to 300
1757110044.133434: 1396453-7fcae9fba540: cdpl_server.c:6486: in cdpl_sv_ctl_master(): info: maximum number of task execution attempts set to 1
1757110044.133437: 1396453-7fcae9fba540: cdpl_server.c:3195: in cdpl_sv_start(): debug: starting server
1757110044.133438: 1396453-7fcae9fba540: cdpl_ipc.c:3632: in cdpl_ipc_start(): debug: starting IPC server 152.14.98.53:46373
1757110044.133642: 1396453-7fca777fe700: cdpl_server_ipc.c:1182: in _sv_ipc_thread(): debug: ready
1757110044.133707: 1396453-7fca76ffd700: cdpl_monitor.c:426: in cdpl_mn_init_client(): info: creating client monitor instance
1757110044.133725: 1396453-7fca76ffd700: cdpl_ipc.c:3475: in cdpl_ipc_init(): info: requesting IPv4 protocol
1757110044.137690: 1396453-7fca76ffd700: cdpl_ipc.c:837: in _selectaddrfamily(): info: selected IPv4 protocol
1757110044.137712: 1396453-7fca76ffd700: cdpl_ipc.c:1139: in _set_keepalive(): info: TCP keep alive interval: 300
1757110044.140440: 1396453-7fca76ffd700: cdpl_ipc.c:3632: in cdpl_ipc_start(): debug: starting IPC server 152.14.98.53:34053
1757110044.140568: 1396453-7fca76ffd700: cdpl_monitor.c:471: in cdpl_mn_init_client(): debug: incoming messages in /tmp/cdpl-monitor-5Zmz7O
1757110044.140629: 1396453-7fca76ffd700: cdpl_monitor.c:533: in cdpl_mn_connect(): debug: connecting to 152.14.98.53:46373
1757110044.140632: 1396453-7fca76ffd700: cdpl_ipc.c:3789: in cdpl_ipc_connect(): info: connecting to 152.14.98.53:46373
1757110044.140743: 1396453-7fca76ffd700: cdpl_ipc.c:3860: in cdpl_ipc_connect(): info: connected as `152.14.98.53:43948'
1757110044.140748: 1396453-7fca76ffd700: cdpl_ipc.c:2503: in cdpl_ipc_host_accept(): debug: accepted host `152.14.98.53:46373'
1757110044.140752: 1396453-7fca76ffd700: cdpl_monitor.c:579: in cdpl_mn_connect(): debug: ok
1757110044.140762: 1396453-7fcae9fba540: cdpl_server.c:731: in cdpl_sv_new_job(): info: new job J1 in M1
1757110044.140770: 1396453-7fcae9fba540: cdpl_compat_master.c:1581: in _add_worker(): info: new worker type 10, min:1, max:3, cmd:`/home/argershm/180-voltmeter/Analog/cc/synopsys_custom/pwdp_jobs/saeSession0_diffmodegain.SimulationSimulation_cdpl.1.1396453/START_WORKER pw_worker -i /home/argershm/180-voltmeter/Analog/cc/synopsys_custom/pwdp_jobs
1757110044.140773: 1396453-7fca77fff700: cdpl_ipc.c:1862: in _epoll_accept(): debug: new connection from `152.14.98.53:43948'
1757110044.140785: 1396453-7fcae9fba540: cdpl_server.c:908: in cdpl_sv_new_bin_withfarm(): info: new bin B1 in J1
1757110044.140829: 1396453-7fca777fe700: cdpl_server_ipc.c:1225: in _sv_ipc_thread(): debug: received ACCEPT notification
1757110044.140841: 1396453-7fca777fe700: cdpl_ipc.c:2503: in cdpl_ipc_host_accept(): debug: accepted host `152.14.98.53:43948'
1757110044.140851: 1396453-7fca777fe700: cdpl_server_ipc.c:1256: in _sv_ipc_thread(): debug: received MONITOR message
1757110044.141040: 1396453-7fca777fe700: cdpl_monitor.c:1207: in cdpl_mn_accept(): debug: accepted monitor `152.14.98.53:43948'
1757110044.141048: 1396453-7fca777fe700: cdpl_server_ipc_mon.c:120: in _globalLOCK(): debug: ENTERTING GLOBAL LOCK
1757110044.141051: 1396453-7fca777fe700: cdpl_server_ipc_mon.c:164: in _globalLOCK(): debug: global lock acquired
1757110044.141054: 1396453-7fca74ff9700: cdpl_monitor.c:910: in mn_systat(): debug: started
1757110044.141282: 1396453-7fca74ff9700: cdpl_monitor.c:937: in mn_systat(): debug: monitor server flush rate: 5
1757110044.933549: 1396453-7fca777fe700: cdpl_server_ipc_mon.c:210: in _globalUNLOCK(): debug: LEAVING GLOBAL LOCK
1757110044.934305: 1396453-7fcae9fba540: cdpl_server.c:3249: in cdpl_sv_start_job(): info: starting job J1
1757110044.934333: 1396453-7fcae9fba540: cdpl_server.c:62: in _sv_start_bin(): debug: starting bin B1 (min: 0, max: 3)
1757110044.934449: 1396453-7fcae9fba540: cdpl_server.c:1893: in _sv_gen_task(): info: new task T0 in B1 (prio 0)
1757110044.934454: 1396453-7fca62ffd700: cdpl_server_sched.c:2482: in _sv_scheduler_thread(): debug: scheduler for bin B1 started
1757110044.934470: 1396453-7fcae9fba540: cdpl_server.c:2698: in cdpl_sv_label_task_va(): info: setting task T0 label to "PrimeSim_2|PrimeSim"
1757110044.934481: 1396453-7fca62ffd700: cdpl_server_sched.c:2443: in _scheduler_run(): debug: will start a new worker
1757110044.934504: 1396453-7fca62ffd700: cdpl_farm.c:3977: in cdpl_farm_submit(): debug: 1 running processes
1757110044.934507: 1396453-7fca62ffd700: cdpl_farm.c:3985: in cdpl_farm_submit(): debug: new command C1 in bin B1 assigned to host `localhost'
1757110044.934577: 1396453-7fca62ffd700: cdpl_server_sched.c:705: in _sv_launch_worker(): info: started worker W1 (as C1) in bin B1
1757110044.934614: 1396453-7fca627fc700: cdpl_farm.c:2139: in _schedule(): debug: started
1757110044.934627: 1396453-7fca627fc700: cdpl_farm.c:2303: in _schedule(): debug: submitting command C1 in bin B1
1757110044.934632: 1396453-7fca627fc700: cdpl_sh.c:49: in _sh_detached_submit(): info: SH : /home/argershm/180-voltmeter/Analog/cc/synopsys_custom/pwdp_jobs/saeSession0_diffmodegain.SimulationSimulation_cdpl.1.1396453/START_WORKER pw_worker -i /home/argershm/180-voltmeter/Analog/cc/synopsys_custom/pwdp_jobs/saeSession0_diffmodegain.SimulationSimulation_cdpl.1.1396453 -t 10000
1757110044.941690: 1396453-7fca627fc700: cdpl_farm.c:2343: in _schedule(): debug: C1 in bin B1 running on slot 0
1757110044.941711: 1396453-7fca627fc700: cdpl_farm.c:2167: in _schedule(): debug: idle
1757110044.951228: 1396453-7fcae9fba540: cdpl_compat_master.c:5948: in cdplMasterLogInfo(): info: [non-CDPL log entry] PWDP3: reset pilot cache succeeded, pilot_key=saeSession0,1,diff_mode_gain|&/home/argershm/180-voltmeter/Analog/cc/simulation/integrator,tb_main_opamp,schematic/history_1/simulation/diff_mode_gain/PrimeSimSPICE/nominal/results
1757110045.241789: 1396453-7fca627fc700: cdpl_farm.c:1193: in _onexit(): debug: C1 in bin B1 exited normally on slot 0
1757110045.249632: 1396453-7fca63fff700: cdpl_compat_master.c:5948: in cdplMasterLogInfo(): info: [non-CDPL log entry] PWDP - no-workers started ok check start!
1757110046.891574: 1396453-7fca77fff700: cdpl_ipc.c:1862: in _epoll_accept(): debug: new connection from `152.14.98.53:43950'
1757110046.891624: 1396453-7fca777fe700: cdpl_server_ipc.c:1225: in _sv_ipc_thread(): debug: received ACCEPT notification
1757110046.891641: 1396453-7fca777fe700: cdpl_ipc.c:2503: in cdpl_ipc_host_accept(): debug: accepted host `152.14.98.53:43950'
1757110046.891762: 1396453-7fca777fe700: cdpl_server_ipc.c:1246: in _sv_ipc_thread(): debug: received HELLO message
1757110046.891767: 1396453-7fca777fe700: cdpl_server_ipc.c:430: in _sv_on_hello(): debug: looking up W1
1757110046.891770: 1396453-7fca777fe700: cdpl_server_ipc.c:540: in _sv_on_hello(): info: W1 is `152.14.98.53:43950'
1757110046.891772: 1396453-7fca777fe700: cdpl_server_ipc.c:541: in _sv_on_hello(): debug: hello W1 (B1)
1757110046.891774: 1396453-7fca777fe700: cdpl_server_ipc.c:542: in _sv_on_hello(): info: W1 log file is /dev/null
1757110046.891789: 1396453-7fca777fe700: cdpl_server_ipc.c:602: in _sv_on_hello(): info: up to 1 alive workers in B1
1757110046.891794: 1396453-7fca777fe700: cdpl_farm.c:878: in _release_cmd(): debug: freeing command C1 in bin B1
1757110046.891844: 1396453-7fca62ffd700: cdpl_server_sched.c:960: in _assign(): info: assigning task T0 to worker W1
1757110046.955582: 1396453-7fca777fe700: cdpl_server_ipc.c:1268: in _sv_ipc_thread(): debug: received RELAY message
1757110046.955592: 1396453-7fca777fe700: cdpl_server_ipc.c:713: in _sv_on_relay(): debug: RELAY message from W1, size = 65
1757110046.955595: 1396453-7fca777fe700: cdpl_server_ipc.c:715: in _sv_on_relay(): debug: RELAY message from W1, content = 0$1400958 claws-compute3.ece.ncsu.edu 1400974 RUNNING 1757110046
1757110047.891944: 1396453-7fca777fe700: cdpl_server_ipc.c:312: in _sv_on_heartbeat(): debug: received HEARTBEAT from worker W1 at 152.14.98.53:43950
1757110049.141847: 1396453-7fca76ffd700: cdpl_monitor.c:533: in cdpl_mn_connect(): debug: connecting to 152.14.98.53:38681
1757110049.141856: 1396453-7fca76ffd700: cdpl_ipc.c:3789: in cdpl_ipc_connect(): info: connecting to 152.14.98.53:38681
1757110049.142007: 1396453-7fca76ffd700: cdpl_ipc.c:3860: in cdpl_ipc_connect(): info: connected as `152.14.98.53:36720'
1757110049.142017: 1396453-7fca76ffd700: cdpl_ipc.c:2503: in cdpl_ipc_host_accept(): debug: accepted host `152.14.98.53:38681'
1757110049.142024: 1396453-7fca76ffd700: cdpl_monitor.c:579: in cdpl_mn_connect(): debug: ok
1757110054.170905: 1396453-7fca777fe700: cdpl_server_ipc.c:1268: in _sv_ipc_thread(): debug: received RELAY message
1757110054.170918: 1396453-7fca777fe700: cdpl_server_ipc.c:713: in _sv_on_relay(): debug: RELAY message from W1, size = 50
1757110054.170921: 1396453-7fca777fe700: cdpl_server_ipc.c:715: in _sv_on_relay(): debug: RELAY message from W1, content = WORKERDU|28,/dev/mapper/rhel_claws--compute3-home
1757110054.170926: 1396453-7fca777fe700: cdpl_server_ipc.c:1268: in _sv_ipc_thread(): debug: received RELAY message
1757110054.170928: 1396453-7fca777fe700: cdpl_server_ipc.c:713: in _sv_on_relay(): debug: RELAY message from W1, size = 18
1757110054.170930: 1396453-7fca777fe700: cdpl_server_ipc.c:715: in _sv_on_relay(): debug: RELAY message from W1, content = 0$- - - MEASDOING
1757110054.406883: 1396453-7fca777fe700: cdpl_server_ipc.c:1268: in _sv_ipc_thread(): debug: received RELAY message
1757110054.406897: 1396453-7fca777fe700: cdpl_server_ipc.c:713: in _sv_on_relay(): debug: RELAY message from W1, size = 77
1757110054.406900: 1396453-7fca777fe700: cdpl_server_ipc.c:715: in _sv_on_relay(): debug: RELAY message from W1, content = 0$1400958 claws-compute3.ece.ncsu.edu 1400974 FAILED 1757110046|1757110054|8
1757110054.407055: 1396453-7fca777fe700: cdpl_server_ipc.c:1251: in _sv_ipc_thread(): debug: received FINISH message
1757110054.407063: 1396453-7fca777fe700: cdpl_server_ipc.c:983: in _sv_on_finish(): info: worker W1 completed task T0
1757110054.407066: 1396453-7fca777fe700: cdpl_server_ipc.c:988: in _sv_on_finish(): debug: stat T0: utime=3465 stime=1813
1757110054.407068: 1396453-7fca777fe700: cdpl_server_ipc.c:993: in _sv_on_finish(): debug: statm T0: vsize=3054640 rss=1032896 shared=517276 text=474784 data=709860
1757110054.411882: 1396453-7fca777fe700: cdpl_server_ipc.c:1268: in _sv_ipc_thread(): debug: received RELAY message
1757110054.411890: 1396453-7fca777fe700: cdpl_server_ipc.c:713: in _sv_on_relay(): debug: RELAY message from W1, size = 49
1757110054.411893: 1396453-7fca777fe700: cdpl_server_ipc.c:715: in _sv_on_relay(): debug: RELAY message from W1, content = WORKERDU|8,/dev/mapper/rhel_claws--compute3-home
1757110054.471333: 1396453-7fcae9fba540: cdpl_server.c:227: in _sv_free_task_safe(): debug: freeing task T0
1757110074.412889: 1396453-7fca767fc700: cdpl_ipc.c:775: in _readv(): warning: read(): EOF
1757110074.412913: 1396453-7fca77fff700: cdpl_ipc.c:775: in _readv(): warning: read(): EOF
1757110074.412922: 1396453-7fca77fff700: cdpl_ipc.c:2100: in _epoll_recv(): debug: _readv(): Broken pipe
1757110074.412925: 1396453-7fca77fff700: cdpl_ipc.c:2424: in _epoll_main(): debug: _epoll_recv(): Broken pipe
1757110074.412929: 1396453-7fca767fc700: cdpl_ipc.c:2100: in _epoll_recv(): debug: _readv(): Broken pipe
1757110074.412933: 1396453-7fca767fc700: cdpl_ipc.c:2424: in _epoll_main(): debug: _epoll_recv(): Broken pipe
1757110074.412937: 1396453-7fca77fff700: cdpl_ipc.c:1657: in _host_drop__UNSAFE(): debug: dropping host `152.14.98.53:43950'
1757110074.412941: 1396453-7fca767fc700: cdpl_ipc.c:1657: in _host_drop__UNSAFE(): debug: dropping host `152.14.98.53:38681'
1757110074.412993: 1396453-7fca75ffb700: cdpl_monitor.c:290: in mn_listen(): debug: received DROP message
1757110074.413010: 1396453-7fca777fe700: cdpl_server_ipc.c:1236: in _sv_ipc_thread(): debug: received DROP notification
1757110074.413016: 1396453-7fca75ffb700: cdpl_ipc.c:2513: in cdpl_ipc_host_release(): debug: releasing host `152.14.98.53:38681'
1757110074.413024: 1396453-7fca777fe700: cdpl_server_sched.c:2796: in _sv_record_crashed_worker(): debug: dropping worker W1
1757110074.413026: 1396453-7fca777fe700: cdpl_server_ipc.c:188: in _sv_on_drop_worker(): debug: down to 0 live workers in B1
1757110074.413120: 1396453-7fca62ffd700: cdpl_server_sched.c:750: in _empty_trash(): debug: freeing worker W1 while emptying trash list for bin B1
1757110074.413130: 1396453-7fca62ffd700: cdpl_farm.c:4152: in cdpl_farm_dismiss(): debug: down to 0 running processes
1757110074.413133: 1396453-7fca62ffd700: cdpl_server_sched.c:121: in _free_worker_2(): debug: freeing worker W1
1757110074.413136: 1396453-7fca62ffd700: cdpl_ipc.c:2513: in cdpl_ipc_host_release(): debug: releasing host `152.14.98.53:43950'
1757110074.413138: 1396453-7fca62ffd700: cdpl_ipc.c:2529: in cdpl_ipc_host_release(): debug: scheduling for immediate release
1757110079.142287: 1396453-7fca77fff700: cdpl_ipc.c:1582: in _host_free__UNSAFE(): debug: freeing host `152.14.98.53:43950'
1757110079.142313: 1396453-7fca77fff700: cdpl_ipc.c:1621: in _host_free__UNSAFE(): debug: [0 outq, 0 spR, 0 spW]
1757110079.142316: 1396453-7fca767fc700: cdpl_ipc.c:1582: in _host_free__UNSAFE(): debug: freeing host `152.14.98.53:38681'
1757110079.142322: 1396453-7fca767fc700: cdpl_ipc.c:1621: in _host_free__UNSAFE(): debug: [0 outq, 0 spR, 0 spW]
1757110105.241928: 1396453-7fca627fc700: cdpl_farm.c:2173: in _schedule(): debug: idle
1757110114.936077: 1396453-7fca757fa700: cdpl_compat_master.c:5971: in cdplMasterLogWarning(): warning: [non-CDPL log entry] PWDP: master does not receive message over 60 seconds!
1757110165.242091: 1396453-7fca627fc700: cdpl_farm.c:2173: in _schedule(): debug: idle
1757110165.942938: 1396453-7fca757fa700: cdpl_compat_master.c:5948: in cdplMasterLogInfo(): info: [non-CDPL log entry] PWDP: message receiver is alive.
1757110166.059784: 1396453-7fca63fff700: cdpl_compat_master.c:5948: in cdplMasterLogInfo(): info: [non-CDPL log entry] PWDP: master status watchdog is alive.
1757110175.483272: 1396453-7fca757fa700: cdpl_compat_master.c:5971: in cdplMasterLogWarning(): warning: [non-CDPL log entry] PWDP: master does not receive message over 60 seconds!
1757110225.242198: 1396453-7fca627fc700: cdpl_farm.c:2173: in _schedule(): debug: idle
1757110235.950632: 1396453-7fca757fa700: cdpl_compat_master.c:5971: in cdplMasterLogWarning(): warning: [non-CDPL log entry] PWDP: master does not receive message over 60 seconds!
1757110285.242339: 1396453-7fca627fc700: cdpl_farm.c:2173: in _schedule(): debug: idle
1757110286.877151: 1396453-7fca757fa700: cdpl_compat_master.c:5948: in cdplMasterLogInfo(): info: [non-CDPL log entry] PWDP: message receiver is alive.
1757110287.068377: 1396453-7fca63fff700: cdpl_compat_master.c:5948: in cdplMasterLogInfo(): info: [non-CDPL log entry] PWDP: master status watchdog is alive.
1757110296.432266: 1396453-7fca757fa700: cdpl_compat_master.c:5971: in cdplMasterLogWarning(): warning: [non-CDPL log entry] PWDP: master does not receive message over 60 seconds!
1757110345.242513: 1396453-7fca627fc700: cdpl_farm.c:2173: in _schedule(): debug: idle
1757110356.932778: 1396453-7fca757fa700: cdpl_compat_master.c:5971: in cdplMasterLogWarning(): warning: [non-CDPL log entry] PWDP: master does not receive message over 60 seconds!
1757110405.243006: 1396453-7fca627fc700: cdpl_farm.c:2173: in _schedule(): debug: idle
1757110407.872735: 1396453-7fca757fa700: cdpl_compat_master.c:5948: in cdplMasterLogInfo(): info: [non-CDPL log entry] PWDP: message receiver is alive.
1757110408.076968: 1396453-7fca63fff700: cdpl_compat_master.c:5948: in cdplMasterLogInfo(): info: [non-CDPL log entry] PWDP: master status watchdog is alive.
1757110417.440959: 1396453-7fca757fa700: cdpl_compat_master.c:5971: in cdplMasterLogWarning(): warning: [non-CDPL log entry] PWDP: master does not receive message over 60 seconds!
1757110465.243161: 1396453-7fca627fc700: cdpl_farm.c:2173: in _schedule(): debug: idle
1757110476.082488: 1396453-7fcae9fba540: cdpl_server.c:3008: in cdpl_sv_halt_job_errno(): info: killing job J1
1757110476.082511: 1396453-7fcae9fba540: cdpl_server.c:3044: in cdpl_sv_halt_job_errno(): debug: signal bin B1 scheduler to stop
1757110476.082543: 1396453-7fca62ffd700: cdpl_server_sched.c:2484: in _sv_scheduler_thread(): debug: scheduler for bin B1 stopped
1757110476.082570: 1396453-7fcae9fba540: cdpl_server.c:294: in _sv_free_job(): info: freeing job J1
1757110476.082573: 1396453-7fcae9fba540: cdpl_server.c:92: in _sv_free_bin(): debug: freeing bin B1
1757110476.082582: 1396453-7fcae9fba540: cdpl_monitor.c:515: in cdpl_mn_kill(): info: killing monitor
1757110476.082584: 1396453-7fcae9fba540: cdpl_ipc.c:3677: in cdpl_ipc_kill(): debug: stopping event server
1757110476.082613: 1396453-7fca767fc700: cdpl_ipc.c:2460: in _epoll_main(): debug: server going down...
1757110476.082654: 1396453-7fca77fff700: cdpl_ipc.c:775: in _readv(): warning: read(): EOF
1757110476.082690: 1396453-7fca77fff700: cdpl_ipc.c:2100: in _epoll_recv(): debug: _readv(): Broken pipe
1757110476.082692: 1396453-7fca77fff700: cdpl_ipc.c:2424: in _epoll_main(): debug: _epoll_recv(): Broken pipe
1757110476.082700: 1396453-7fca77fff700: cdpl_ipc.c:1657: in _host_drop__UNSAFE(): debug: dropping host `152.14.98.53:43948'
1757110476.082736: 1396453-7fca777fe700: cdpl_server_ipc.c:1236: in _sv_ipc_thread(): debug: received DROP notification
1757110476.082752: 1396453-7fca777fe700: cdpl_monitor.c:1269: in cdpl_mn_drop(): debug: detaching from monitor `152.14.98.53:43948'
1757110476.082757: 1396453-7fca777fe700: cdpl_monitor.c:1101: in mn_systat_stop(): debug: joining systat thread
1757110476.082790: 1396453-7fca74ff9700: cdpl_monitor.c:1079: in mn_systat(): debug: exiting
1757110476.082801: 1396453-7fca777fe700: cdpl_monitor.c:1103: in mn_systat_stop(): debug: systat thread done
1757110476.082804: 1396453-7fca777fe700: cdpl_ipc.c:2513: in cdpl_ipc_host_release(): debug: releasing host `152.14.98.53:43948'
1757110476.082902: 1396453-7fca76ffd700: cdpl_ipc.c:3728: in cdpl_ipc_free(): debug: releasing IPC handle
1757110476.082906: 1396453-7fca76ffd700: cdpl_ipc.c:1582: in _host_free__UNSAFE(): debug: freeing host `152.14.98.53:46373'
1757110476.082909: 1396453-7fca76ffd700: cdpl_ipc.c:1621: in _host_free__UNSAFE(): debug: [0 outq, 0 spR, 0 spW]
1757110476.082925: 1396453-7fca76ffd700: cdpl_ipc.c:3756: in cdpl_ipc_free(): warning: 1 host(s) were not released
1757110476.082934: 1396453-7fca76ffd700: cdpl_ipc.c:3767: in cdpl_ipc_free(): debug: done
1757110476.082935: 1396453-7fca76ffd700: cdpl_monitor.c:1390: in cdpl_mn_free(): debug: freeing monitor client
1757110476.082996: 1396453-7fcae9fba540: cdpl_farm.c:2740: in cdpl_farm_free(): info: freeing farm
1757110476.083036: 1396453-7fca627fc700: cdpl_farm.c:2231: in _schedule(): debug: end of idling
1757110476.083043: 1396453-7fca627fc700: cdpl_farm.c:2235: in _schedule(): debug: dying
1757110476.083085: 1396453-7fcae9fba540: cdpl_farm.c:913: in _killall(): debug: killing all remaining commands
1757110476.083090: 1396453-7fcae9fba540: cdpl_server.c:3144: in cdpl_sv_free(): info: freeing server S2045238911
1757110476.083093: 1396453-7fcae9fba540: cdpl_server.c:3109: in cdpl_sv_kill_errno(): info: killing server
1757110476.083094: 1396453-7fcae9fba540: cdpl_ipc.c:3677: in cdpl_ipc_kill(): debug: stopping event server
1757110476.083114: 1396453-7fca77fff700: cdpl_ipc.c:2460: in _epoll_main(): debug: server going down...
1757110476.083126: 1396453-7fca777fe700: cdpl_server_ipc.c:1200: in _sv_ipc_thread(): debug: leaving now
1757110476.083138: 1396453-7fcae9fba540: cdpl_server.c:334: in _sv_free_master(): info: freeing master M1
1757110476.083140: 1396453-7fcae9fba540: cdpl_hash.c:68: in cdpl_h_destroy(): debug: put operations: 1
1757110476.083142: 1396453-7fcae9fba540: cdpl_hash.c:69: in cdpl_h_destroy(): debug: put collisions: 0
1757110476.083143: 1396453-7fcae9fba540: cdpl_hash.c:70: in cdpl_h_destroy(): debug: get operations: 0
1757110476.083145: 1396453-7fcae9fba540: cdpl_hash.c:71: in cdpl_h_destroy(): debug: get iterations: 0
1757110476.083148: 1396453-7fcae9fba540: cdpl_monitor.c:1390: in cdpl_mn_free(): debug: freeing monitor server
1757110476.083155: 1396453-7fcae9fba540: cdpl_ipc.c:3728: in cdpl_ipc_free(): debug: releasing IPC handle
1757110476.083157: 1396453-7fcae9fba540: cdpl_ipc.c:1582: in _host_free__UNSAFE(): debug: freeing host `152.14.98.53:43948'
1757110476.083160: 1396453-7fcae9fba540: cdpl_ipc.c:1621: in _host_free__UNSAFE(): debug: [0 outq, 0 spR, 0 spW]
1757110476.083181: 1396453-7fcae9fba540: cdpl_ipc.c:3767: in cdpl_ipc_free(): debug: done
1757110476.083183: 1396453-7fcae9fba540: cdpl_log.c:481: in cdpl_log_close(): info: @@end_of_log@@
