1757173495.145002: 2157423-7f50a11fc540: cdpl_log.c:337: in cdpl_log_open(): info: @@start_of_log@@
1757173495.145025: 2157423-7f50a11fc540: cdpl_log.c:1058: in cdpl_log_dump_sysinfo(): info: time: 2025/09/06 11:44:55 EDT -0400
1757173495.145031: 2157423-7f50a11fc540: cdpl_log.c:1060: in cdpl_log_dump_sysinfo(): info: version: W-2024.09-SP1-2 
1757173495.145032: 2157423-7f50a11fc540: cdpl_log.c:1062: in cdpl_log_dump_sysinfo(): info: system: Linux 4.18.0-553.69.1.el8_10.x86_64 #1 SMP Thu Aug 7 18:10:00 EDT 2025
1757173495.145034: 2157423-7f50a11fc540: cdpl_log.c:1067: in cdpl_log_dump_sysinfo(): info: processor: x86_64 64-bits
1757173495.145035: 2157423-7f50a11fc540: cdpl_log.c:1071: in cdpl_log_dump_sysinfo(): info: hostname: claws-compute3.ece.ncsu.edu
1757173495.145037: 2157423-7f50a11fc540: cdpl_log.c:1073: in cdpl_log_dump_sysinfo(): info: program name: custom_shell
1757173495.145039: 2157423-7f50a11fc540: cdpl_log.c:340: in cdpl_log_open(): debug: path: /home/argershm/180-voltmeter/Analog/cc/synopsys_custom/pwdp_jobs/saeSession4_diffmodegain.SimulationSimulation_cdpl.0.2157423/logs/master.claws-compute3.ece.ncsu.edu.2157423.log
1757173495.145041: 2157423-7f50a11fc540: cdpl_log.c:341: in cdpl_log_open(): debug: dir: /home/argershm/180-voltmeter/Analog/cc/synopsys_custom/pwdp_jobs/saeSession4_diffmodegain.SimulationSimulation_cdpl.0.2157423/logs
1757173495.145069: 2157423-7f50a11fc540: cdpl_server.c:536: in cdpl_sv_init(): info: new server S973236731
1757173495.145076: 2157423-7f50a11fc540: cdpl_ipc.c:3475: in cdpl_ipc_init(): info: requesting IPv4 protocol
1757173495.150717: 2157423-7f50a11fc540: cdpl_ipc.c:837: in _selectaddrfamily(): info: selected IPv4 protocol
1757173495.150742: 2157423-7f50a11fc540: cdpl_ipc.c:1139: in _set_keepalive(): info: TCP keep alive interval: 300
1757173495.153733: 2157423-7f50a11fc540: cdpl_monitor.c:1117: in cdpl_mn_new_server(): info: creating server monitor instance
1757173495.153748: 2157423-7f50a11fc540: cdpl_server.c:650: in cdpl_sv_new_master(): info: new master M1
1757173495.153759: 2157423-7f50a11fc540: cdpl_server.c:6533: in cdpl_sv_ctl_master(): info: Setting worker heartbeat to 120 seconds
1757173495.153761: 2157423-7f50a11fc540: cdpl_server.c:6542: in cdpl_sv_ctl_master(): info: Setting worker heartbeat timeout to 3 heartbeats
1757173495.153763: 2157423-7f50a11fc540: cdpl_compat_master.c:2090: in _parse_hostfile(): info: reading hostfile `/home/argershm/180-voltmeter/Analog/cc/synopsys_custom/pwdp_jobs/saeSession4_diffmodegain.SimulationSimulation_cdpl.0.2157423/host_file'
1757173495.153786: 2157423-7f50a11fc540: cdpl_compat_master.c:1900: in _hostfile_parser(): debug: parsing "1     |localhost|   -1  | /tmp | SH | sh"
1757173495.153799: 2157423-7f50a11fc540: cdpl_farm.c:2578: in cdpl_farm_new_sh(): info: creating SH farm on localhost
1757173495.153804: 2157423-7f50a11fc540: cdpl_compat_master.c:206: in _set_farm_env(): info: exporting CDPL_LOGDIR as `/home/argershm/180-voltmeter/Analog/cc/synopsys_custom/pwdp_jobs/saeSession4_diffmodegain.SimulationSimulation_cdpl.0.2157423/logs'
1757173495.153806: 2157423-7f50a11fc540: cdpl_compat_master.c:212: in _set_farm_env(): info: exporting CDPL_TMPDIR as `/tmp'
1757173495.153808: 2157423-7f50a11fc540: cdpl_compat_master.c:235: in _set_farm_env(): info: exporting SNPSLMD_LICENSE_FILE as `27000@ece-lic-35.ece.ncsu.edu'
1757173495.153810: 2157423-7f50a11fc540: cdpl_compat_master.c:259: in _set_farm_env(): info: exporting CDPL_OPTIONS as `[nowlogs]'
1757173495.153811: 2157423-7f50a11fc540: cdpl_compat_master.c:266: in _set_farm_env(): info: exporting DISPLAY as `unix:18279'
1757173495.153813: 2157423-7f50a11fc540: cdpl_compat_master.c:274: in _set_farm_env(): info: exporting CDPL_HEARTBEAT as `120'
1757173495.153822: 2157423-7f50a11fc540: cdpl_farm.c:3149: in cdpl_farm_add_withdir(): debug: added `localhost' (capacity: unlimited)
1757173495.153824: 2157423-7f50a11fc540: cdpl_compat_parse.c:147: in parsefile(): debug: read `/home/argershm/180-voltmeter/Analog/cc/synopsys_custom/pwdp_jobs/saeSession4_diffmodegain.SimulationSimulation_cdpl.0.2157423/host_file', 2 lines
1757173495.153830: 2157423-7f50a11fc540: cdpl_compat_master.c:2931: in cdplInitMaster(): info: bcast dir is `/home/argershm/180-voltmeter/Analog/cc/synopsys_custom/pwdp_jobs/saeSession4_diffmodegain.SimulationSimulation_cdpl.0.2157423/logs'
1757173495.153875: 2157423-7f50a11fc540: cdpl_server.c:6433: in cdpl_sv_ctl_master(): info: farm worker timeout set to 300
1757173495.153877: 2157423-7f50a11fc540: cdpl_server.c:6486: in cdpl_sv_ctl_master(): info: maximum number of task execution attempts set to 1
1757173495.153890: 2157423-7f50a11fc540: cdpl_server.c:3195: in cdpl_sv_start(): debug: starting server
1757173495.153894: 2157423-7f50a11fc540: cdpl_ipc.c:3632: in cdpl_ipc_start(): debug: starting IPC server 152.14.98.53:33507
1757173495.154025: 2157423-7f5069071700: cdpl_server_ipc.c:1182: in _sv_ipc_thread(): debug: ready
1757173495.154189: 2157423-7f5068870700: cdpl_monitor.c:426: in cdpl_mn_init_client(): info: creating client monitor instance
1757173495.154204: 2157423-7f5068870700: cdpl_ipc.c:3475: in cdpl_ipc_init(): info: requesting IPv4 protocol
1757173495.159668: 2157423-7f5068870700: cdpl_ipc.c:837: in _selectaddrfamily(): info: selected IPv4 protocol
1757173495.159690: 2157423-7f5068870700: cdpl_ipc.c:1139: in _set_keepalive(): info: TCP keep alive interval: 300
1757173495.162983: 2157423-7f5068870700: cdpl_ipc.c:3632: in cdpl_ipc_start(): debug: starting IPC server 152.14.98.53:35003
1757173495.163158: 2157423-7f5068870700: cdpl_monitor.c:471: in cdpl_mn_init_client(): debug: incoming messages in /tmp/cdpl-monitor-zEXUhY
1757173495.163234: 2157423-7f5068870700: cdpl_monitor.c:533: in cdpl_mn_connect(): debug: connecting to 152.14.98.53:33507
1757173495.163242: 2157423-7f5068870700: cdpl_ipc.c:3789: in cdpl_ipc_connect(): info: connecting to 152.14.98.53:33507
1757173495.163349: 2157423-7f5068870700: cdpl_ipc.c:3860: in cdpl_ipc_connect(): info: connected as `152.14.98.53:40250'
1757173495.163366: 2157423-7f5068870700: cdpl_ipc.c:2503: in cdpl_ipc_host_accept(): debug: accepted host `152.14.98.53:33507'
1757173495.163390: 2157423-7f5069872700: cdpl_ipc.c:1862: in _epoll_accept(): debug: new connection from `152.14.98.53:40250'
1757173495.163404: 2157423-7f5068870700: cdpl_monitor.c:579: in cdpl_mn_connect(): debug: ok
1757173495.163426: 2157423-7f50a11fc540: cdpl_server.c:731: in cdpl_sv_new_job(): info: new job J1 in M1
1757173495.163451: 2157423-7f50a11fc540: cdpl_compat_master.c:1581: in _add_worker(): info: new worker type 10, min:1, max:3, cmd:`/home/argershm/180-voltmeter/Analog/cc/synopsys_custom/pwdp_jobs/saeSession4_diffmodegain.SimulationSimulation_cdpl.0.2157423/START_WORKER pw_worker -i /home/argershm/180-voltmeter/Analog/cc/synopsys_custom/pwdp_jobs
1757173495.163457: 2157423-7f5069071700: cdpl_server_ipc.c:1225: in _sv_ipc_thread(): debug: received ACCEPT notification
1757173495.163464: 2157423-7f50a11fc540: cdpl_server.c:908: in cdpl_sv_new_bin_withfarm(): info: new bin B1 in J1
1757173495.163467: 2157423-7f5069071700: cdpl_ipc.c:2503: in cdpl_ipc_host_accept(): debug: accepted host `152.14.98.53:40250'
1757173495.163480: 2157423-7f5069071700: cdpl_server_ipc.c:1256: in _sv_ipc_thread(): debug: received MONITOR message
1757173495.163612: 2157423-7f5069071700: cdpl_monitor.c:1207: in cdpl_mn_accept(): debug: accepted monitor `152.14.98.53:40250'
1757173495.163616: 2157423-7f5069071700: cdpl_server_ipc_mon.c:120: in _globalLOCK(): debug: ENTERTING GLOBAL LOCK
1757173495.163618: 2157423-7f5069071700: cdpl_server_ipc_mon.c:164: in _globalLOCK(): debug: global lock acquired
1757173495.163630: 2157423-7f50567fc700: cdpl_monitor.c:910: in mn_systat(): debug: started
1757173495.163938: 2157423-7f50567fc700: cdpl_monitor.c:937: in mn_systat(): debug: monitor server flush rate: 5
1757173495.963668: 2157423-7f5069071700: cdpl_server_ipc_mon.c:210: in _globalUNLOCK(): debug: LEAVING GLOBAL LOCK
1757173495.963699: 2157423-7f50a11fc540: cdpl_server.c:3249: in cdpl_sv_start_job(): info: starting job J1
1757173495.963737: 2157423-7f50a11fc540: cdpl_server.c:62: in _sv_start_bin(): debug: starting bin B1 (min: 0, max: 3)
1757173495.963864: 2157423-7f5054ff9700: cdpl_server_sched.c:2482: in _sv_scheduler_thread(): debug: scheduler for bin B1 started
1757173495.963898: 2157423-7f50a11fc540: cdpl_server.c:1893: in _sv_gen_task(): info: new task T0 in B1 (prio 0)
1757173495.963935: 2157423-7f50a11fc540: cdpl_server.c:2698: in cdpl_sv_label_task_va(): info: setting task T0 label to "PrimeSim_1|PrimeSim"
1757173495.963994: 2157423-7f5054ff9700: cdpl_server_sched.c:2443: in _scheduler_run(): debug: will start a new worker
1757173495.964037: 2157423-7f5054ff9700: cdpl_farm.c:3977: in cdpl_farm_submit(): debug: 1 running processes
1757173495.964041: 2157423-7f5054ff9700: cdpl_farm.c:3985: in cdpl_farm_submit(): debug: new command C1 in bin B1 assigned to host `localhost'
1757173495.964182: 2157423-7f5054ff9700: cdpl_server_sched.c:705: in _sv_launch_worker(): info: started worker W1 (as C1) in bin B1
1757173495.964204: 2157423-7f5037fff700: cdpl_farm.c:2139: in _schedule(): debug: started
1757173495.964214: 2157423-7f5037fff700: cdpl_farm.c:2303: in _schedule(): debug: submitting command C1 in bin B1
1757173495.964235: 2157423-7f5037fff700: cdpl_sh.c:49: in _sh_detached_submit(): info: SH : /home/argershm/180-voltmeter/Analog/cc/synopsys_custom/pwdp_jobs/saeSession4_diffmodegain.SimulationSimulation_cdpl.0.2157423/START_WORKER pw_worker -i /home/argershm/180-voltmeter/Analog/cc/synopsys_custom/pwdp_jobs/saeSession4_diffmodegain.SimulationSimulation_cdpl.0.2157423 -t 10000
1757173495.970987: 2157423-7f5037fff700: cdpl_farm.c:2343: in _schedule(): debug: C1 in bin B1 running on slot 0
1757173495.971016: 2157423-7f5037fff700: cdpl_farm.c:2167: in _schedule(): debug: idle
1757173496.036034: 2157423-7f50a11fc540: cdpl_compat_master.c:5948: in cdplMasterLogInfo(): info: [non-CDPL log entry] PWDP3: reset pilot cache succeeded, pilot_key=saeSession4,1,diff_mode_gain|&/home/argershm/180-voltmeter/Analog/cc/simulation/integrator,tb_main_opamp,schematic/history_1/simulation/diff_mode_gain/PrimeSimSPICE/nominal/results
1757173496.271078: 2157423-7f5037fff700: cdpl_farm.c:1193: in _onexit(): debug: C1 in bin B1 exited normally on slot 0
1757173497.076004: 2157423-7f5055ffb700: cdpl_compat_master.c:5948: in cdplMasterLogInfo(): info: [non-CDPL log entry] PWDP - no-workers started ok check start!
1757173497.817687: 2157423-7f5069872700: cdpl_ipc.c:1862: in _epoll_accept(): debug: new connection from `152.14.98.53:45586'
1757173497.817730: 2157423-7f5069071700: cdpl_server_ipc.c:1225: in _sv_ipc_thread(): debug: received ACCEPT notification
1757173497.817743: 2157423-7f5069071700: cdpl_ipc.c:2503: in cdpl_ipc_host_accept(): debug: accepted host `152.14.98.53:45586'
1757173497.817835: 2157423-7f5069071700: cdpl_server_ipc.c:1246: in _sv_ipc_thread(): debug: received HELLO message
1757173497.817841: 2157423-7f5069071700: cdpl_server_ipc.c:430: in _sv_on_hello(): debug: looking up W1
1757173497.817844: 2157423-7f5069071700: cdpl_server_ipc.c:540: in _sv_on_hello(): info: W1 is `152.14.98.53:45586'
1757173497.817846: 2157423-7f5069071700: cdpl_server_ipc.c:541: in _sv_on_hello(): debug: hello W1 (B1)
1757173497.817847: 2157423-7f5069071700: cdpl_server_ipc.c:542: in _sv_on_hello(): info: W1 log file is /dev/null
1757173497.817896: 2157423-7f5069071700: cdpl_server_ipc.c:602: in _sv_on_hello(): info: up to 1 alive workers in B1
1757173497.817906: 2157423-7f5069071700: cdpl_farm.c:878: in _release_cmd(): debug: freeing command C1 in bin B1
1757173497.817921: 2157423-7f5054ff9700: cdpl_server_sched.c:960: in _assign(): info: assigning task T0 to worker W1
1757173497.880620: 2157423-7f5069071700: cdpl_server_ipc.c:1268: in _sv_ipc_thread(): debug: received RELAY message
1757173497.880634: 2157423-7f5069071700: cdpl_server_ipc.c:713: in _sv_on_relay(): debug: RELAY message from W1, size = 65
1757173497.880636: 2157423-7f5069071700: cdpl_server_ipc.c:715: in _sv_on_relay(): debug: RELAY message from W1, content = 0$2158557 claws-compute3.ece.ncsu.edu 2158573 RUNNING 1757173497
1757173498.818059: 2157423-7f5069071700: cdpl_server_ipc.c:312: in _sv_on_heartbeat(): debug: received HEARTBEAT from worker W1 at 152.14.98.53:45586
1757173500.164639: 2157423-7f5068870700: cdpl_monitor.c:533: in cdpl_mn_connect(): debug: connecting to 152.14.98.53:44015
1757173500.164651: 2157423-7f5068870700: cdpl_ipc.c:3789: in cdpl_ipc_connect(): info: connecting to 152.14.98.53:44015
1757173500.164795: 2157423-7f5068870700: cdpl_ipc.c:3860: in cdpl_ipc_connect(): info: connected as `152.14.98.53:33644'
1757173500.164802: 2157423-7f5068870700: cdpl_ipc.c:2503: in cdpl_ipc_host_accept(): debug: accepted host `152.14.98.53:44015'
1757173500.164806: 2157423-7f5068870700: cdpl_monitor.c:579: in cdpl_mn_connect(): debug: ok
1757173504.110331: 2157423-7f5069071700: cdpl_server_ipc.c:1268: in _sv_ipc_thread(): debug: received RELAY message
1757173504.110345: 2157423-7f5069071700: cdpl_server_ipc.c:713: in _sv_on_relay(): debug: RELAY message from W1, size = 53
1757173504.110347: 2157423-7f5069071700: cdpl_server_ipc.c:715: in _sv_on_relay(): debug: RELAY message from W1, content = WORKERDU|12716,/dev/mapper/rhel_claws--compute3-home
1757173504.110353: 2157423-7f5069071700: cdpl_server_ipc.c:1268: in _sv_ipc_thread(): debug: received RELAY message
1757173504.110355: 2157423-7f5069071700: cdpl_server_ipc.c:713: in _sv_on_relay(): debug: RELAY message from W1, size = 193
1757173504.110357: 2157423-7f5069071700: cdpl_server_ipc.c:715: in _sv_on_relay(): debug: RELAY message from W1, content = REQPILOT|saeSession4,1,diff_mode_gain|&/home/argershm/180-voltmeter/Analog/cc/simulation/integrator,tb_main_opamp,schematic/history_1/simulation/diff_mode_gain/PrimeSimSPICE/nominal/results|&0
1757173504.110508: 2157423-7f5056ffd700: cdpl_compat_master.c:5948: in cdplMasterLogInfo(): info: [non-CDPL log entry] PWDP send back 'DOPILOT' to worker id:1 key: saeSession4,1,diff_mode_gain|&/home/argershm/180-voltmeter/Analog/cc/simulation/integrator,tb_main_opamp,schematic/history_1/simulation/diff_mode_gain/PrimeSimSPICE/nominal/results
1757173504.110719: 2157423-7f5056ffd700: cdpl_compat_master.c:5948: in cdplMasterLogInfo(): info: [non-CDPL log entry] PWDP: set pilot doing!
1757173504.114118: 2157423-7f5069071700: cdpl_server_ipc.c:1268: in _sv_ipc_thread(): debug: received RELAY message
1757173504.114126: 2157423-7f5069071700: cdpl_server_ipc.c:713: in _sv_on_relay(): debug: RELAY message from W1, size = 189
1757173504.114129: 2157423-7f5069071700: cdpl_server_ipc.c:715: in _sv_on_relay(): debug: RELAY message from W1, content = PILOTOK|saeSession4,1,diff_mode_gain|&/home/argershm/180-voltmeter/Analog/cc/simulation/integrator,tb_main_opamp,schematic/history_1/simulation/diff_mode_gain/PrimeSimSPICE/nominal/results
1757173504.114148: 2157423-7f5056ffd700: cdpl_compat_master.c:5948: in cdplMasterLogInfo(): info: [non-CDPL log entry] PWDP: set pilot done!
1757173504.114213: 2157423-7f5069071700: cdpl_server_ipc.c:1268: in _sv_ipc_thread(): debug: received RELAY message
1757173504.114219: 2157423-7f5069071700: cdpl_server_ipc.c:713: in _sv_on_relay(): debug: RELAY message from W1, size = 18
1757173504.114221: 2157423-7f5069071700: cdpl_server_ipc.c:715: in _sv_on_relay(): debug: RELAY message from W1, content = 0$- - - MEASDOING
1757173504.369303: 2157423-7f5069071700: cdpl_server_ipc.c:1268: in _sv_ipc_thread(): debug: received RELAY message
1757173504.369317: 2157423-7f5069071700: cdpl_server_ipc.c:713: in _sv_on_relay(): debug: RELAY message from W1, size = 77
1757173504.369320: 2157423-7f5069071700: cdpl_server_ipc.c:715: in _sv_on_relay(): debug: RELAY message from W1, content = 0$2158557 claws-compute3.ece.ncsu.edu 2158573 FINISHED 1757173497|1757173504
1757173504.370739: 2157423-7f5069071700: cdpl_server_ipc.c:1268: in _sv_ipc_thread(): debug: received RELAY message
1757173504.370747: 2157423-7f5069071700: cdpl_server_ipc.c:713: in _sv_on_relay(): debug: RELAY message from W1, size = 191
1757173504.370749: 2157423-7f5069071700: cdpl_server_ipc.c:715: in _sv_on_relay(): debug: RELAY message from W1, content = PILOTDONE|saeSession4,1,diff_mode_gain|&/home/argershm/180-voltmeter/Analog/cc/simulation/integrator,tb_main_opamp,schematic/history_1/simulation/diff_mode_gain/PrimeSimSPICE/nominal/results
1757173504.370776: 2157423-7f5056ffd700: cdpl_compat_master.c:5948: in cdplMasterLogInfo(): info: [non-CDPL log entry] saeSession4,1,diff_mode_gain|&/home/argershm/180-voltmeter/Analog/cc/simulation/integrator,tb_main_opamp,schematic/history_1/simulation/diff_mode_gain/PrimeSimSPICE/nominal/results PILOTDONE!
1757173504.371065: 2157423-7f5069071700: cdpl_server_ipc.c:1251: in _sv_ipc_thread(): debug: received FINISH message
1757173504.371073: 2157423-7f5069071700: cdpl_server_ipc.c:983: in _sv_on_finish(): info: worker W1 completed task T0
1757173504.371075: 2157423-7f5069071700: cdpl_server_ipc.c:988: in _sv_on_finish(): debug: stat T0: utime=3752 stime=1857
1757173504.371077: 2157423-7f5069071700: cdpl_server_ipc.c:993: in _sv_on_finish(): debug: statm T0: vsize=3054824 rss=1037876 shared=518652 text=474784 data=710248
1757173504.371723: 2157423-7f50a11fc540: cdpl_server.c:227: in _sv_free_task_safe(): debug: freeing task T0
1757173504.376643: 2157423-7f5069071700: cdpl_server_ipc.c:1268: in _sv_ipc_thread(): debug: received RELAY message
1757173504.376651: 2157423-7f5069071700: cdpl_server_ipc.c:713: in _sv_on_relay(): debug: RELAY message from W1, size = 50
1757173504.376654: 2157423-7f5069071700: cdpl_server_ipc.c:715: in _sv_on_relay(): debug: RELAY message from W1, content = WORKERDU|20,/dev/mapper/rhel_claws--compute3-home
1757173504.751270: 2157423-7f50a11fc540: cdpl_server.c:3008: in cdpl_sv_halt_job_errno(): info: killing job J1
1757173504.751297: 2157423-7f50a11fc540: cdpl_server.c:3044: in cdpl_sv_halt_job_errno(): debug: signal bin B1 scheduler to stop
1757173504.751321: 2157423-7f5054ff9700: cdpl_server_sched.c:2484: in _sv_scheduler_thread(): debug: scheduler for bin B1 stopped
1757173504.751361: 2157423-7f5054ff9700: cdpl_ipc.c:1657: in _host_drop__UNSAFE(): debug: dropping host `152.14.98.53:45586'
1757173504.751399: 2157423-7f5054ff9700: cdpl_server_sched.c:2830: in _sv_drop_worker(): info: down to 0 alive workers in B1
1757173504.751404: 2157423-7f5069071700: cdpl_server_ipc.c:1236: in _sv_ipc_thread(): debug: received DROP notification
1757173504.751416: 2157423-7f5054ff9700: cdpl_farm.c:4152: in cdpl_farm_dismiss(): debug: down to 0 running processes
1757173504.751435: 2157423-7f5054ff9700: cdpl_server_sched.c:121: in _free_worker_2(): debug: freeing worker W1
1757173504.751448: 2157423-7f5054ff9700: cdpl_ipc.c:2513: in cdpl_ipc_host_release(): debug: releasing host `152.14.98.53:45586'
1757173504.751449: 2157423-7f5054ff9700: cdpl_ipc.c:2529: in cdpl_ipc_host_release(): debug: scheduling for immediate release
1757173504.751475: 2157423-7f50a11fc540: cdpl_server.c:294: in _sv_free_job(): info: freeing job J1
1757173504.751481: 2157423-7f50a11fc540: cdpl_server.c:92: in _sv_free_bin(): debug: freeing bin B1
1757173504.751520: 2157423-7f50a11fc540: cdpl_monitor.c:515: in cdpl_mn_kill(): info: killing monitor
1757173504.751527: 2157423-7f50a11fc540: cdpl_ipc.c:3677: in cdpl_ipc_kill(): debug: stopping event server
1757173504.751553: 2157423-7f5057fff700: cdpl_ipc.c:2460: in _epoll_main(): debug: server going down...
1757173504.751587: 2157423-7f5069872700: cdpl_ipc.c:775: in _readv(): warning: read(): EOF
1757173504.751605: 2157423-7f5069872700: cdpl_ipc.c:2100: in _epoll_recv(): debug: _readv(): Broken pipe
1757173504.751609: 2157423-7f5069872700: cdpl_ipc.c:2424: in _epoll_main(): debug: _epoll_recv(): Broken pipe
1757173504.751613: 2157423-7f5069872700: cdpl_ipc.c:1657: in _host_drop__UNSAFE(): debug: dropping host `152.14.98.53:40250'
1757173504.751649: 2157423-7f5069872700: cdpl_ipc.c:1582: in _host_free__UNSAFE(): debug: freeing host `152.14.98.53:45586'
1757173504.751652: 2157423-7f5069872700: cdpl_ipc.c:1621: in _host_free__UNSAFE(): debug: [0 outq, 0 spR, 0 spW]
1757173504.751740: 2157423-7f5069071700: cdpl_server_ipc.c:1236: in _sv_ipc_thread(): debug: received DROP notification
1757173504.751751: 2157423-7f5069071700: cdpl_monitor.c:1269: in cdpl_mn_drop(): debug: detaching from monitor `152.14.98.53:40250'
1757173504.751760: 2157423-7f5069071700: cdpl_monitor.c:1101: in mn_systat_stop(): debug: joining systat thread
1757173504.751792: 2157423-7f50567fc700: cdpl_monitor.c:1079: in mn_systat(): debug: exiting
1757173504.751801: 2157423-7f5069071700: cdpl_monitor.c:1103: in mn_systat_stop(): debug: systat thread done
1757173504.751803: 2157423-7f5069071700: cdpl_ipc.c:2513: in cdpl_ipc_host_release(): debug: releasing host `152.14.98.53:40250'
1757173504.751855: 2157423-7f5068870700: cdpl_ipc.c:3728: in cdpl_ipc_free(): debug: releasing IPC handle
1757173504.751861: 2157423-7f5068870700: cdpl_ipc.c:1582: in _host_free__UNSAFE(): debug: freeing host `152.14.98.53:44015'
1757173504.751864: 2157423-7f5068870700: cdpl_ipc.c:1621: in _host_free__UNSAFE(): debug: [0 outq, 0 spR, 0 spW]
1757173504.751875: 2157423-7f5068870700: cdpl_ipc.c:1582: in _host_free__UNSAFE(): debug: freeing host `152.14.98.53:33507'
1757173504.751876: 2157423-7f5068870700: cdpl_ipc.c:1621: in _host_free__UNSAFE(): debug: [0 outq, 0 spR, 0 spW]
1757173504.751884: 2157423-7f5068870700: cdpl_ipc.c:3756: in cdpl_ipc_free(): warning: 2 host(s) were not released
1757173504.751898: 2157423-7f5068870700: cdpl_ipc.c:3767: in cdpl_ipc_free(): debug: done
1757173504.751899: 2157423-7f5068870700: cdpl_monitor.c:1390: in cdpl_mn_free(): debug: freeing monitor client
1757173504.752018: 2157423-7f50a11fc540: cdpl_farm.c:2740: in cdpl_farm_free(): info: freeing farm
1757173504.752045: 2157423-7f5037fff700: cdpl_farm.c:2231: in _schedule(): debug: end of idling
1757173504.752052: 2157423-7f5037fff700: cdpl_farm.c:2235: in _schedule(): debug: dying
1757173504.752151: 2157423-7f50a11fc540: cdpl_farm.c:913: in _killall(): debug: killing all remaining commands
1757173504.752167: 2157423-7f50a11fc540: cdpl_server.c:3144: in cdpl_sv_free(): info: freeing server S973236731
1757173504.752182: 2157423-7f50a11fc540: cdpl_server.c:3109: in cdpl_sv_kill_errno(): info: killing server
1757173504.752184: 2157423-7f50a11fc540: cdpl_ipc.c:3677: in cdpl_ipc_kill(): debug: stopping event server
1757173504.752197: 2157423-7f5069872700: cdpl_ipc.c:2460: in _epoll_main(): debug: server going down...
1757173504.752205: 2157423-7f5069071700: cdpl_server_ipc.c:1200: in _sv_ipc_thread(): debug: leaving now
1757173504.752218: 2157423-7f50a11fc540: cdpl_server.c:334: in _sv_free_master(): info: freeing master M1
1757173504.752225: 2157423-7f50a11fc540: cdpl_hash.c:68: in cdpl_h_destroy(): debug: put operations: 1
1757173504.752226: 2157423-7f50a11fc540: cdpl_hash.c:69: in cdpl_h_destroy(): debug: put collisions: 0
1757173504.752228: 2157423-7f50a11fc540: cdpl_hash.c:70: in cdpl_h_destroy(): debug: get operations: 1
1757173504.752232: 2157423-7f50a11fc540: cdpl_hash.c:71: in cdpl_h_destroy(): debug: get iterations: 1
1757173504.752241: 2157423-7f50a11fc540: cdpl_monitor.c:1390: in cdpl_mn_free(): debug: freeing monitor server
1757173504.752243: 2157423-7f50a11fc540: cdpl_ipc.c:3728: in cdpl_ipc_free(): debug: releasing IPC handle
1757173504.752245: 2157423-7f50a11fc540: cdpl_ipc.c:1582: in _host_free__UNSAFE(): debug: freeing host `152.14.98.53:40250'
1757173504.752247: 2157423-7f50a11fc540: cdpl_ipc.c:1621: in _host_free__UNSAFE(): debug: [0 outq, 0 spR, 0 spW]
1757173504.752266: 2157423-7f50a11fc540: cdpl_ipc.c:3767: in cdpl_ipc_free(): debug: done
1757173504.752272: 2157423-7f50a11fc540: cdpl_log.c:481: in cdpl_log_close(): info: @@end_of_log@@
