1757122648.116356: 1836153-7f51b4228540: cdpl_log.c:337: in cdpl_log_open(): info: @@start_of_log@@
1757122648.116381: 1836153-7f51b4228540: cdpl_log.c:1058: in cdpl_log_dump_sysinfo(): info: time: 2025/09/05 21:37:28 EDT -0400
1757122648.116383: 1836153-7f51b4228540: cdpl_log.c:1060: in cdpl_log_dump_sysinfo(): info: version: W-2024.09-SP1-2 
1757122648.116385: 1836153-7f51b4228540: cdpl_log.c:1062: in cdpl_log_dump_sysinfo(): info: system: Linux 4.18.0-553.69.1.el8_10.x86_64 #1 SMP Thu Aug 7 18:10:00 EDT 2025
1757122648.116386: 1836153-7f51b4228540: cdpl_log.c:1067: in cdpl_log_dump_sysinfo(): info: processor: x86_64 64-bits
1757122648.116388: 1836153-7f51b4228540: cdpl_log.c:1071: in cdpl_log_dump_sysinfo(): info: hostname: claws-compute3.ece.ncsu.edu
1757122648.116389: 1836153-7f51b4228540: cdpl_log.c:1073: in cdpl_log_dump_sysinfo(): info: program name: custom_shell
1757122648.116392: 1836153-7f51b4228540: cdpl_log.c:340: in cdpl_log_open(): debug: path: /home/argershm/180-voltmeter/Analog/cc/synopsys_custom/pwdp_jobs/saeSession0_diffmodegain.SimulationSimulation_cdpl.0.1836153/logs/master.claws-compute3.ece.ncsu.edu.1836153.log
1757122648.116393: 1836153-7f51b4228540: cdpl_log.c:341: in cdpl_log_open(): debug: dir: /home/argershm/180-voltmeter/Analog/cc/synopsys_custom/pwdp_jobs/saeSession0_diffmodegain.SimulationSimulation_cdpl.0.1836153/logs
1757122648.116426: 1836153-7f51b4228540: cdpl_server.c:536: in cdpl_sv_init(): info: new server S2092083432
1757122648.116433: 1836153-7f51b4228540: cdpl_ipc.c:3475: in cdpl_ipc_init(): info: requesting IPv4 protocol
1757122648.121984: 1836153-7f51b4228540: cdpl_ipc.c:837: in _selectaddrfamily(): info: selected IPv4 protocol
1757122648.122009: 1836153-7f51b4228540: cdpl_ipc.c:1139: in _set_keepalive(): info: TCP keep alive interval: 300
1757122648.126065: 1836153-7f51b4228540: cdpl_monitor.c:1117: in cdpl_mn_new_server(): info: creating server monitor instance
1757122648.126081: 1836153-7f51b4228540: cdpl_server.c:650: in cdpl_sv_new_master(): info: new master M1
1757122648.126091: 1836153-7f51b4228540: cdpl_server.c:6533: in cdpl_sv_ctl_master(): info: Setting worker heartbeat to 120 seconds
1757122648.126093: 1836153-7f51b4228540: cdpl_server.c:6542: in cdpl_sv_ctl_master(): info: Setting worker heartbeat timeout to 3 heartbeats
1757122648.126094: 1836153-7f51b4228540: cdpl_compat_master.c:2090: in _parse_hostfile(): info: reading hostfile `/home/argershm/180-voltmeter/Analog/cc/synopsys_custom/pwdp_jobs/saeSession0_diffmodegain.SimulationSimulation_cdpl.0.1836153/host_file'
1757122648.126115: 1836153-7f51b4228540: cdpl_compat_master.c:1900: in _hostfile_parser(): debug: parsing "1     |localhost|   -1  | /tmp | SH | sh"
1757122648.126130: 1836153-7f51b4228540: cdpl_farm.c:2578: in cdpl_farm_new_sh(): info: creating SH farm on localhost
1757122648.126136: 1836153-7f51b4228540: cdpl_compat_master.c:206: in _set_farm_env(): info: exporting CDPL_LOGDIR as `/home/argershm/180-voltmeter/Analog/cc/synopsys_custom/pwdp_jobs/saeSession0_diffmodegain.SimulationSimulation_cdpl.0.1836153/logs'
1757122648.126138: 1836153-7f51b4228540: cdpl_compat_master.c:212: in _set_farm_env(): info: exporting CDPL_TMPDIR as `/tmp'
1757122648.126140: 1836153-7f51b4228540: cdpl_compat_master.c:235: in _set_farm_env(): info: exporting SNPSLMD_LICENSE_FILE as `27000@ece-lic-35.ece.ncsu.edu'
1757122648.126142: 1836153-7f51b4228540: cdpl_compat_master.c:259: in _set_farm_env(): info: exporting CDPL_OPTIONS as `[nowlogs]'
1757122648.126144: 1836153-7f51b4228540: cdpl_compat_master.c:266: in _set_farm_env(): info: exporting DISPLAY as `unix:11268'
1757122648.126145: 1836153-7f51b4228540: cdpl_compat_master.c:274: in _set_farm_env(): info: exporting CDPL_HEARTBEAT as `120'
1757122648.126155: 1836153-7f51b4228540: cdpl_farm.c:3149: in cdpl_farm_add_withdir(): debug: added `localhost' (capacity: unlimited)
1757122648.126158: 1836153-7f51b4228540: cdpl_compat_parse.c:147: in parsefile(): debug: read `/home/argershm/180-voltmeter/Analog/cc/synopsys_custom/pwdp_jobs/saeSession0_diffmodegain.SimulationSimulation_cdpl.0.1836153/host_file', 2 lines
1757122648.126162: 1836153-7f51b4228540: cdpl_compat_master.c:2931: in cdplInitMaster(): info: bcast dir is `/home/argershm/180-voltmeter/Analog/cc/synopsys_custom/pwdp_jobs/saeSession0_diffmodegain.SimulationSimulation_cdpl.0.1836153/logs'
1757122648.126214: 1836153-7f51b4228540: cdpl_server.c:6433: in cdpl_sv_ctl_master(): info: farm worker timeout set to 300
1757122648.126216: 1836153-7f51b4228540: cdpl_server.c:6486: in cdpl_sv_ctl_master(): info: maximum number of task execution attempts set to 1
1757122648.126231: 1836153-7f51b4228540: cdpl_server.c:3195: in cdpl_sv_start(): debug: starting server
1757122648.126236: 1836153-7f51b4228540: cdpl_ipc.c:3632: in cdpl_ipc_start(): debug: starting IPC server 152.14.98.53:33567
1757122648.126477: 1836153-7f516bfff700: cdpl_server_ipc.c:1182: in _sv_ipc_thread(): debug: ready
1757122648.126590: 1836153-7f516b7fe700: cdpl_monitor.c:426: in cdpl_mn_init_client(): info: creating client monitor instance
1757122648.126605: 1836153-7f516b7fe700: cdpl_ipc.c:3475: in cdpl_ipc_init(): info: requesting IPv4 protocol
1757122648.131283: 1836153-7f516b7fe700: cdpl_ipc.c:837: in _selectaddrfamily(): info: selected IPv4 protocol
1757122648.131305: 1836153-7f516b7fe700: cdpl_ipc.c:1139: in _set_keepalive(): info: TCP keep alive interval: 300
1757122648.134568: 1836153-7f516b7fe700: cdpl_ipc.c:3632: in cdpl_ipc_start(): debug: starting IPC server 152.14.98.53:39361
1757122648.134703: 1836153-7f516b7fe700: cdpl_monitor.c:471: in cdpl_mn_init_client(): debug: incoming messages in /tmp/cdpl-monitor-5cJiet
1757122648.134829: 1836153-7f516b7fe700: cdpl_monitor.c:533: in cdpl_mn_connect(): debug: connecting to 152.14.98.53:33567
1757122648.134838: 1836153-7f516b7fe700: cdpl_ipc.c:3789: in cdpl_ipc_connect(): info: connecting to 152.14.98.53:33567
1757122648.134943: 1836153-7f516b7fe700: cdpl_ipc.c:3860: in cdpl_ipc_connect(): info: connected as `152.14.98.53:58840'
1757122648.134963: 1836153-7f516b7fe700: cdpl_ipc.c:2503: in cdpl_ipc_host_accept(): debug: accepted host `152.14.98.53:33567'
1757122648.134984: 1836153-7f517c8c5700: cdpl_ipc.c:1862: in _epoll_accept(): debug: new connection from `152.14.98.53:58840'
1757122648.135003: 1836153-7f516b7fe700: cdpl_monitor.c:579: in cdpl_mn_connect(): debug: ok
1757122648.135027: 1836153-7f51b4228540: cdpl_server.c:731: in cdpl_sv_new_job(): info: new job J1 in M1
1757122648.135031: 1836153-7f516bfff700: cdpl_server_ipc.c:1225: in _sv_ipc_thread(): debug: received ACCEPT notification
1757122648.135043: 1836153-7f516bfff700: cdpl_ipc.c:2503: in cdpl_ipc_host_accept(): debug: accepted host `152.14.98.53:58840'
1757122648.135057: 1836153-7f516bfff700: cdpl_server_ipc.c:1256: in _sv_ipc_thread(): debug: received MONITOR message
1757122648.135062: 1836153-7f51b4228540: cdpl_compat_master.c:1581: in _add_worker(): info: new worker type 10, min:1, max:3, cmd:`/home/argershm/180-voltmeter/Analog/cc/synopsys_custom/pwdp_jobs/saeSession0_diffmodegain.SimulationSimulation_cdpl.0.1836153/START_WORKER pw_worker -i /home/argershm/180-voltmeter/Analog/cc/synopsys_custom/pwdp_jobs
1757122648.135077: 1836153-7f51b4228540: cdpl_server.c:908: in cdpl_sv_new_bin_withfarm(): info: new bin B1 in J1
1757122648.135160: 1836153-7f516bfff700: cdpl_monitor.c:1207: in cdpl_mn_accept(): debug: accepted monitor `152.14.98.53:58840'
1757122648.135164: 1836153-7f516bfff700: cdpl_server_ipc_mon.c:120: in _globalLOCK(): debug: ENTERTING GLOBAL LOCK
1757122648.135166: 1836153-7f516bfff700: cdpl_server_ipc_mon.c:164: in _globalLOCK(): debug: global lock acquired
1757122648.135171: 1836153-7f5169ffb700: cdpl_monitor.c:910: in mn_systat(): debug: started
1757122648.135424: 1836153-7f5169ffb700: cdpl_monitor.c:937: in mn_systat(): debug: monitor server flush rate: 5
1757122648.916919: 1836153-7f516bfff700: cdpl_server_ipc_mon.c:210: in _globalUNLOCK(): debug: LEAVING GLOBAL LOCK
1757122648.916948: 1836153-7f51b4228540: cdpl_server.c:3249: in cdpl_sv_start_job(): info: starting job J1
1757122648.916985: 1836153-7f51b4228540: cdpl_server.c:62: in _sv_start_bin(): debug: starting bin B1 (min: 0, max: 3)
1757122648.917134: 1836153-7f515b7fe700: cdpl_server_sched.c:2482: in _sv_scheduler_thread(): debug: scheduler for bin B1 started
1757122648.917153: 1836153-7f51b4228540: cdpl_server.c:1893: in _sv_gen_task(): info: new task T0 in B1 (prio 0)
1757122648.917197: 1836153-7f51b4228540: cdpl_server.c:2698: in cdpl_sv_label_task_va(): info: setting task T0 label to "PrimeSim_1|PrimeSim"
1757122648.917248: 1836153-7f515b7fe700: cdpl_server_sched.c:2443: in _scheduler_run(): debug: will start a new worker
1757122648.917302: 1836153-7f515b7fe700: cdpl_farm.c:3977: in cdpl_farm_submit(): debug: 1 running processes
1757122648.917305: 1836153-7f515b7fe700: cdpl_farm.c:3985: in cdpl_farm_submit(): debug: new command C1 in bin B1 assigned to host `localhost'
1757122648.917381: 1836153-7f515b7fe700: cdpl_server_sched.c:705: in _sv_launch_worker(): info: started worker W1 (as C1) in bin B1
1757122648.917412: 1836153-7f515affd700: cdpl_farm.c:2139: in _schedule(): debug: started
1757122648.917424: 1836153-7f515affd700: cdpl_farm.c:2303: in _schedule(): debug: submitting command C1 in bin B1
1757122648.917444: 1836153-7f515affd700: cdpl_sh.c:49: in _sh_detached_submit(): info: SH : /home/argershm/180-voltmeter/Analog/cc/synopsys_custom/pwdp_jobs/saeSession0_diffmodegain.SimulationSimulation_cdpl.0.1836153/START_WORKER pw_worker -i /home/argershm/180-voltmeter/Analog/cc/synopsys_custom/pwdp_jobs/saeSession0_diffmodegain.SimulationSimulation_cdpl.0.1836153 -t 10000
1757122648.926739: 1836153-7f515affd700: cdpl_farm.c:2343: in _schedule(): debug: C1 in bin B1 running on slot 0
1757122648.926775: 1836153-7f515affd700: cdpl_farm.c:2167: in _schedule(): debug: idle
1757122648.926988: 1836153-7f51b4228540: cdpl_server.c:1893: in _sv_gen_task(): info: new task T1 in B1 (prio 0)
1757122648.927005: 1836153-7f51b4228540: cdpl_server.c:2698: in cdpl_sv_label_task_va(): info: setting task T1 label to "PrimeSim_2|PrimeSim"
1757122648.927039: 1836153-7f515b7fe700: cdpl_server_sched.c:2443: in _scheduler_run(): debug: will start a new worker
1757122648.927059: 1836153-7f515b7fe700: cdpl_farm.c:3977: in cdpl_farm_submit(): debug: 2 running processes
1757122648.927068: 1836153-7f515b7fe700: cdpl_farm.c:3985: in cdpl_farm_submit(): debug: new command C2 in bin B1 assigned to host `localhost'
1757122648.927075: 1836153-7f515b7fe700: cdpl_server_sched.c:705: in _sv_launch_worker(): info: started worker W2 (as C2) in bin B1
1757122648.927081: 1836153-7f515affd700: cdpl_farm.c:2231: in _schedule(): debug: end of idling
1757122648.927085: 1836153-7f515affd700: cdpl_farm.c:2303: in _schedule(): debug: submitting command C2 in bin B1
1757122648.927087: 1836153-7f515affd700: cdpl_sh.c:49: in _sh_detached_submit(): info: SH : /home/argershm/180-voltmeter/Analog/cc/synopsys_custom/pwdp_jobs/saeSession0_diffmodegain.SimulationSimulation_cdpl.0.1836153/START_WORKER pw_worker -i /home/argershm/180-voltmeter/Analog/cc/synopsys_custom/pwdp_jobs/saeSession0_diffmodegain.SimulationSimulation_cdpl.0.1836153 -t 10000
1757122648.932424: 1836153-7f515affd700: cdpl_farm.c:2343: in _schedule(): debug: C2 in bin B1 running on slot 1
1757122648.932454: 1836153-7f515affd700: cdpl_farm.c:2167: in _schedule(): debug: idle
1757122648.932845: 1836153-7f51b4228540: cdpl_server.c:1893: in _sv_gen_task(): info: new task T2 in B1 (prio 0)
1757122648.932861: 1836153-7f51b4228540: cdpl_server.c:2698: in cdpl_sv_label_task_va(): info: setting task T2 label to "PrimeSim_3|PrimeSim"
1757122648.932891: 1836153-7f515b7fe700: cdpl_server_sched.c:2443: in _scheduler_run(): debug: will start a new worker
1757122648.932902: 1836153-7f515b7fe700: cdpl_farm.c:3977: in cdpl_farm_submit(): debug: 3 running processes
1757122648.932911: 1836153-7f515b7fe700: cdpl_farm.c:3985: in cdpl_farm_submit(): debug: new command C3 in bin B1 assigned to host `localhost'
1757122648.932920: 1836153-7f515b7fe700: cdpl_server_sched.c:705: in _sv_launch_worker(): info: started worker W3 (as C3) in bin B1
1757122648.932925: 1836153-7f515affd700: cdpl_farm.c:2231: in _schedule(): debug: end of idling
1757122648.932937: 1836153-7f515affd700: cdpl_farm.c:2303: in _schedule(): debug: submitting command C3 in bin B1
1757122648.932940: 1836153-7f515affd700: cdpl_sh.c:49: in _sh_detached_submit(): info: SH : /home/argershm/180-voltmeter/Analog/cc/synopsys_custom/pwdp_jobs/saeSession0_diffmodegain.SimulationSimulation_cdpl.0.1836153/START_WORKER pw_worker -i /home/argershm/180-voltmeter/Analog/cc/synopsys_custom/pwdp_jobs/saeSession0_diffmodegain.SimulationSimulation_cdpl.0.1836153 -t 10000
1757122648.937143: 1836153-7f515affd700: cdpl_farm.c:2343: in _schedule(): debug: C3 in bin B1 running on slot 2
1757122648.937176: 1836153-7f515affd700: cdpl_farm.c:2167: in _schedule(): debug: idle
1757122648.937537: 1836153-7f51b4228540: cdpl_server.c:1893: in _sv_gen_task(): info: new task T3 in B1 (prio 0)
1757122648.937549: 1836153-7f51b4228540: cdpl_server.c:2698: in cdpl_sv_label_task_va(): info: setting task T3 label to "PrimeSim_4|PrimeSim"
1757122648.937699: 1836153-7f51b4228540: cdpl_server.c:1893: in _sv_gen_task(): info: new task T4 in B1 (prio 0)
1757122648.937702: 1836153-7f51b4228540: cdpl_server.c:2698: in cdpl_sv_label_task_va(): info: setting task T4 label to "PrimeSim_5|PrimeSim"
1757122648.937787: 1836153-7f51b4228540: cdpl_server.c:1893: in _sv_gen_task(): info: new task T5 in B1 (prio 0)
1757122648.937790: 1836153-7f51b4228540: cdpl_server.c:2698: in cdpl_sv_label_task_va(): info: setting task T5 label to "PrimeSim_6|PrimeSim"
1757122648.937879: 1836153-7f51b4228540: cdpl_server.c:1893: in _sv_gen_task(): info: new task T6 in B1 (prio 0)
1757122648.937881: 1836153-7f51b4228540: cdpl_server.c:2698: in cdpl_sv_label_task_va(): info: setting task T6 label to "PrimeSim_7|PrimeSim"
1757122648.937962: 1836153-7f51b4228540: cdpl_server.c:1893: in _sv_gen_task(): info: new task T7 in B1 (prio 0)
1757122648.937967: 1836153-7f51b4228540: cdpl_server.c:2698: in cdpl_sv_label_task_va(): info: setting task T7 label to "PrimeSim_8|PrimeSim"
1757122648.938058: 1836153-7f51b4228540: cdpl_server.c:1893: in _sv_gen_task(): info: new task T8 in B1 (prio 0)
1757122648.938060: 1836153-7f51b4228540: cdpl_server.c:2698: in cdpl_sv_label_task_va(): info: setting task T8 label to "PrimeSim_9|PrimeSim"
1757122648.938151: 1836153-7f51b4228540: cdpl_server.c:1893: in _sv_gen_task(): info: new task T9 in B1 (prio 0)
1757122648.938154: 1836153-7f51b4228540: cdpl_server.c:2698: in cdpl_sv_label_task_va(): info: setting task T9 label to "PrimeSim_10|PrimeSim"
1757122648.938247: 1836153-7f51b4228540: cdpl_server.c:1893: in _sv_gen_task(): info: new task T10 in B1 (prio 0)
1757122648.938250: 1836153-7f51b4228540: cdpl_server.c:2698: in cdpl_sv_label_task_va(): info: setting task T10 label to "PrimeSim_11|PrimeSim"
1757122648.938330: 1836153-7f51b4228540: cdpl_server.c:1893: in _sv_gen_task(): info: new task T11 in B1 (prio 0)
1757122648.938332: 1836153-7f51b4228540: cdpl_server.c:2698: in cdpl_sv_label_task_va(): info: setting task T11 label to "PrimeSim_12|PrimeSim"
1757122649.237250: 1836153-7f515affd700: cdpl_farm.c:1193: in _onexit(): debug: C1 in bin B1 exited normally on slot 0
1757122649.237264: 1836153-7f515affd700: cdpl_farm.c:1193: in _onexit(): debug: C2 in bin B1 exited normally on slot 1
1757122649.237270: 1836153-7f515affd700: cdpl_farm.c:1193: in _onexit(): debug: C3 in bin B1 exited normally on slot 2
1757122650.031703: 1836153-7f5168ff9700: cdpl_compat_master.c:5948: in cdplMasterLogInfo(): info: [non-CDPL log entry] PWDP - no-workers started ok check start!
1757122650.749978: 1836153-7f517c8c5700: cdpl_ipc.c:1862: in _epoll_accept(): debug: new connection from `152.14.98.53:58846'
1757122650.750027: 1836153-7f516bfff700: cdpl_server_ipc.c:1225: in _sv_ipc_thread(): debug: received ACCEPT notification
1757122650.750043: 1836153-7f516bfff700: cdpl_ipc.c:2503: in cdpl_ipc_host_accept(): debug: accepted host `152.14.98.53:58846'
1757122650.750141: 1836153-7f516bfff700: cdpl_server_ipc.c:1246: in _sv_ipc_thread(): debug: received HELLO message
1757122650.750148: 1836153-7f516bfff700: cdpl_server_ipc.c:430: in _sv_on_hello(): debug: looking up W2
1757122650.750156: 1836153-7f516bfff700: cdpl_server_ipc.c:540: in _sv_on_hello(): info: W2 is `152.14.98.53:58846'
1757122650.750158: 1836153-7f516bfff700: cdpl_server_ipc.c:541: in _sv_on_hello(): debug: hello W2 (B1)
1757122650.750160: 1836153-7f516bfff700: cdpl_server_ipc.c:542: in _sv_on_hello(): info: W2 log file is /dev/null
1757122650.750205: 1836153-7f516bfff700: cdpl_server_ipc.c:602: in _sv_on_hello(): info: up to 1 alive workers in B1
1757122650.750215: 1836153-7f516bfff700: cdpl_farm.c:878: in _release_cmd(): debug: freeing command C2 in bin B1
1757122650.750232: 1836153-7f515b7fe700: cdpl_server_sched.c:960: in _assign(): info: assigning task T0 to worker W2
1757122650.750695: 1836153-7f517c8c5700: cdpl_ipc.c:1862: in _epoll_accept(): debug: new connection from `152.14.98.53:58860'
1757122650.750720: 1836153-7f516bfff700: cdpl_server_ipc.c:1225: in _sv_ipc_thread(): debug: received ACCEPT notification
1757122650.750729: 1836153-7f516bfff700: cdpl_ipc.c:2503: in cdpl_ipc_host_accept(): debug: accepted host `152.14.98.53:58860'
1757122650.750805: 1836153-7f517c8c5700: cdpl_ipc.c:1862: in _epoll_accept(): debug: new connection from `152.14.98.53:58864'
1757122650.750823: 1836153-7f516bfff700: cdpl_server_ipc.c:1225: in _sv_ipc_thread(): debug: received ACCEPT notification
1757122650.750832: 1836153-7f516bfff700: cdpl_ipc.c:2503: in cdpl_ipc_host_accept(): debug: accepted host `152.14.98.53:58864'
1757122650.750834: 1836153-7f516bfff700: cdpl_server_ipc.c:1246: in _sv_ipc_thread(): debug: received HELLO message
1757122650.750836: 1836153-7f516bfff700: cdpl_server_ipc.c:430: in _sv_on_hello(): debug: looking up W3
1757122650.750838: 1836153-7f516bfff700: cdpl_server_ipc.c:540: in _sv_on_hello(): info: W3 is `152.14.98.53:58860'
1757122650.750840: 1836153-7f516bfff700: cdpl_server_ipc.c:541: in _sv_on_hello(): debug: hello W3 (B1)
1757122650.750841: 1836153-7f516bfff700: cdpl_server_ipc.c:542: in _sv_on_hello(): info: W3 log file is /dev/null
1757122650.750846: 1836153-7f516bfff700: cdpl_server_ipc.c:602: in _sv_on_hello(): info: up to 2 alive workers in B1
1757122650.750849: 1836153-7f516bfff700: cdpl_farm.c:878: in _release_cmd(): debug: freeing command C3 in bin B1
1757122650.750862: 1836153-7f515b7fe700: cdpl_server_sched.c:960: in _assign(): info: assigning task T1 to worker W3
1757122650.750925: 1836153-7f516bfff700: cdpl_server_ipc.c:1246: in _sv_ipc_thread(): debug: received HELLO message
1757122650.750930: 1836153-7f516bfff700: cdpl_server_ipc.c:430: in _sv_on_hello(): debug: looking up W1
1757122650.750933: 1836153-7f516bfff700: cdpl_server_ipc.c:540: in _sv_on_hello(): info: W1 is `152.14.98.53:58864'
1757122650.750935: 1836153-7f516bfff700: cdpl_server_ipc.c:541: in _sv_on_hello(): debug: hello W1 (B1)
1757122650.750937: 1836153-7f516bfff700: cdpl_server_ipc.c:542: in _sv_on_hello(): info: W1 log file is /dev/null
1757122650.750943: 1836153-7f516bfff700: cdpl_server_ipc.c:602: in _sv_on_hello(): info: up to 3 alive workers in B1
1757122650.750948: 1836153-7f516bfff700: cdpl_farm.c:878: in _release_cmd(): debug: freeing command C1 in bin B1
1757122650.750960: 1836153-7f515b7fe700: cdpl_server_sched.c:960: in _assign(): info: assigning task T2 to worker W1
1757122650.814145: 1836153-7f516bfff700: cdpl_server_ipc.c:1268: in _sv_ipc_thread(): debug: received RELAY message
1757122650.814168: 1836153-7f516bfff700: cdpl_server_ipc.c:713: in _sv_on_relay(): debug: RELAY message from W2, size = 65
1757122650.814170: 1836153-7f516bfff700: cdpl_server_ipc.c:715: in _sv_on_relay(): debug: RELAY message from W2, content = 0$1837139 claws-compute3.ece.ncsu.edu 1837178 RUNNING 1757122650
1757122650.814928: 1836153-7f516bfff700: cdpl_server_ipc.c:1268: in _sv_ipc_thread(): debug: received RELAY message
1757122650.814930: 1836153-7f516bfff700: cdpl_server_ipc.c:713: in _sv_on_relay(): debug: RELAY message from W1, size = 65
1757122650.814932: 1836153-7f516bfff700: cdpl_server_ipc.c:715: in _sv_on_relay(): debug: RELAY message from W1, content = 2$1837138 claws-compute3.ece.ncsu.edu 1837179 RUNNING 1757122650
1757122650.815271: 1836153-7f516bfff700: cdpl_server_ipc.c:1268: in _sv_ipc_thread(): debug: received RELAY message
1757122650.815274: 1836153-7f516bfff700: cdpl_server_ipc.c:713: in _sv_on_relay(): debug: RELAY message from W3, size = 65
1757122650.815276: 1836153-7f516bfff700: cdpl_server_ipc.c:715: in _sv_on_relay(): debug: RELAY message from W3, content = 1$1837140 claws-compute3.ece.ncsu.edu 1837180 RUNNING 1757122650
1757122651.750336: 1836153-7f516bfff700: cdpl_server_ipc.c:312: in _sv_on_heartbeat(): debug: received HEARTBEAT from worker W2 at 152.14.98.53:58846
1757122651.751040: 1836153-7f516bfff700: cdpl_server_ipc.c:312: in _sv_on_heartbeat(): debug: received HEARTBEAT from worker W3 at 152.14.98.53:58860
1757122651.751151: 1836153-7f516bfff700: cdpl_server_ipc.c:312: in _sv_on_heartbeat(): debug: received HEARTBEAT from worker W1 at 152.14.98.53:58864
1757122653.136113: 1836153-7f516b7fe700: cdpl_monitor.c:533: in cdpl_mn_connect(): debug: connecting to 152.14.98.53:43231
1757122653.136127: 1836153-7f516b7fe700: cdpl_ipc.c:3789: in cdpl_ipc_connect(): info: connecting to 152.14.98.53:43231
1757122653.136254: 1836153-7f516b7fe700: cdpl_ipc.c:3860: in cdpl_ipc_connect(): info: connected as `152.14.98.53:55932'
1757122653.136259: 1836153-7f516b7fe700: cdpl_ipc.c:2503: in cdpl_ipc_host_accept(): debug: accepted host `152.14.98.53:43231'
1757122653.136264: 1836153-7f516b7fe700: cdpl_monitor.c:579: in cdpl_mn_connect(): debug: ok
1757122653.136269: 1836153-7f516b7fe700: cdpl_monitor.c:533: in cdpl_mn_connect(): debug: connecting to 152.14.98.53:40017
1757122653.136270: 1836153-7f516b7fe700: cdpl_ipc.c:3789: in cdpl_ipc_connect(): info: connecting to 152.14.98.53:40017
1757122653.136312: 1836153-7f516b7fe700: cdpl_ipc.c:3860: in cdpl_ipc_connect(): info: connected as `152.14.98.53:38086'
1757122653.136316: 1836153-7f516b7fe700: cdpl_ipc.c:2503: in cdpl_ipc_host_accept(): debug: accepted host `152.14.98.53:40017'
1757122653.136319: 1836153-7f516b7fe700: cdpl_monitor.c:579: in cdpl_mn_connect(): debug: ok
1757122653.136322: 1836153-7f516b7fe700: cdpl_monitor.c:533: in cdpl_mn_connect(): debug: connecting to 152.14.98.53:42535
1757122653.136324: 1836153-7f516b7fe700: cdpl_ipc.c:3789: in cdpl_ipc_connect(): info: connecting to 152.14.98.53:42535
1757122653.136363: 1836153-7f516b7fe700: cdpl_ipc.c:3860: in cdpl_ipc_connect(): info: connected as `152.14.98.53:56394'
1757122653.136369: 1836153-7f516b7fe700: cdpl_ipc.c:2503: in cdpl_ipc_host_accept(): debug: accepted host `152.14.98.53:42535'
1757122653.136372: 1836153-7f516b7fe700: cdpl_monitor.c:579: in cdpl_mn_connect(): debug: ok
1757122657.165692: 1836153-7f516bfff700: cdpl_server_ipc.c:1268: in _sv_ipc_thread(): debug: received RELAY message
1757122657.165708: 1836153-7f516bfff700: cdpl_server_ipc.c:713: in _sv_on_relay(): debug: RELAY message from W1, size = 53
1757122657.165710: 1836153-7f516bfff700: cdpl_server_ipc.c:715: in _sv_on_relay(): debug: RELAY message from W1, content = WORKERDU|12932,/dev/mapper/rhel_claws--compute3-home
1757122657.165717: 1836153-7f516bfff700: cdpl_server_ipc.c:1268: in _sv_ipc_thread(): debug: received RELAY message
1757122657.165719: 1836153-7f516bfff700: cdpl_server_ipc.c:713: in _sv_on_relay(): debug: RELAY message from W1, size = 196
1757122657.165720: 1836153-7f516bfff700: cdpl_server_ipc.c:715: in _sv_on_relay(): debug: RELAY message from W1, content = REQPILOT|saeSession0,1,diff_mode_gain|&/home/argershm/180-voltmeter/Analog/cc/simulation/integrator,tb_main_opamp,schematic/history_1/simulation/diff_mode_gain/PrimeSimSPICE/parametric/results|&2
1757122657.165794: 1836153-7f51697fa700: cdpl_compat_master.c:5948: in cdplMasterLogInfo(): info: [non-CDPL log entry] PWDP send back 'DOPILOT' to worker id:1 key: saeSession0,1,diff_mode_gain|&/home/argershm/180-voltmeter/Analog/cc/simulation/integrator,tb_main_opamp,schematic/history_1/simulation/diff_mode_gain/PrimeSimSPICE/parametric/results
1757122657.165982: 1836153-7f51697fa700: cdpl_compat_master.c:5948: in cdplMasterLogInfo(): info: [non-CDPL log entry] PWDP: set pilot doing!
1757122657.166138: 1836153-7f516bfff700: cdpl_server_ipc.c:1268: in _sv_ipc_thread(): debug: received RELAY message
1757122657.166140: 1836153-7f516bfff700: cdpl_server_ipc.c:713: in _sv_on_relay(): debug: RELAY message from W2, size = 53
1757122657.166141: 1836153-7f516bfff700: cdpl_server_ipc.c:715: in _sv_on_relay(): debug: RELAY message from W2, content = WORKERDU|12932,/dev/mapper/rhel_claws--compute3-home
1757122657.166174: 1836153-7f516bfff700: cdpl_server_ipc.c:1268: in _sv_ipc_thread(): debug: received RELAY message
1757122657.166176: 1836153-7f516bfff700: cdpl_server_ipc.c:713: in _sv_on_relay(): debug: RELAY message from W2, size = 196
1757122657.166178: 1836153-7f516bfff700: cdpl_server_ipc.c:715: in _sv_on_relay(): debug: RELAY message from W2, content = REQPILOT|saeSession0,1,diff_mode_gain|&/home/argershm/180-voltmeter/Analog/cc/simulation/integrator,tb_main_opamp,schematic/history_1/simulation/diff_mode_gain/PrimeSimSPICE/parametric/results|&0
1757122657.166186: 1836153-7f51697fa700: cdpl_compat_master.c:5948: in cdplMasterLogInfo(): info: [non-CDPL log entry] PWDP meet doing pilot, so cache worker id:2 key: saeSession0,1,diff_mode_gain|&/home/argershm/180-voltmeter/Analog/cc/simulation/integrator,tb_main_opamp,schematic/history_1/simulation/diff_mode_gain/PrimeSimSPICE/parametric/results
1757122657.167276: 1836153-7f516bfff700: cdpl_server_ipc.c:1268: in _sv_ipc_thread(): debug: received RELAY message
1757122657.167279: 1836153-7f516bfff700: cdpl_server_ipc.c:713: in _sv_on_relay(): debug: RELAY message from W3, size = 53
1757122657.167281: 1836153-7f516bfff700: cdpl_server_ipc.c:715: in _sv_on_relay(): debug: RELAY message from W3, content = WORKERDU|12932,/dev/mapper/rhel_claws--compute3-home
1757122657.167307: 1836153-7f516bfff700: cdpl_server_ipc.c:1268: in _sv_ipc_thread(): debug: received RELAY message
1757122657.167308: 1836153-7f516bfff700: cdpl_server_ipc.c:713: in _sv_on_relay(): debug: RELAY message from W3, size = 196
1757122657.167310: 1836153-7f516bfff700: cdpl_server_ipc.c:715: in _sv_on_relay(): debug: RELAY message from W3, content = REQPILOT|saeSession0,1,diff_mode_gain|&/home/argershm/180-voltmeter/Analog/cc/simulation/integrator,tb_main_opamp,schematic/history_1/simulation/diff_mode_gain/PrimeSimSPICE/parametric/results|&1
1757122657.167315: 1836153-7f51697fa700: cdpl_compat_master.c:5948: in cdplMasterLogInfo(): info: [non-CDPL log entry] PWDP meet doing pilot, so cache worker id:3 key: saeSession0,1,diff_mode_gain|&/home/argershm/180-voltmeter/Analog/cc/simulation/integrator,tb_main_opamp,schematic/history_1/simulation/diff_mode_gain/PrimeSimSPICE/parametric/results
1757122657.169272: 1836153-7f516bfff700: cdpl_server_ipc.c:1268: in _sv_ipc_thread(): debug: received RELAY message
1757122657.169274: 1836153-7f516bfff700: cdpl_server_ipc.c:713: in _sv_on_relay(): debug: RELAY message from W1, size = 192
1757122657.169276: 1836153-7f516bfff700: cdpl_server_ipc.c:715: in _sv_on_relay(): debug: RELAY message from W1, content = PILOTOK|saeSession0,1,diff_mode_gain|&/home/argershm/180-voltmeter/Analog/cc/simulation/integrator,tb_main_opamp,schematic/history_1/simulation/diff_mode_gain/PrimeSimSPICE/parametric/results
1757122657.169281: 1836153-7f51697fa700: cdpl_compat_master.c:5948: in cdplMasterLogInfo(): info: [non-CDPL log entry] PWDP: set pilot done!
1757122657.169284: 1836153-7f51697fa700: cdpl_compat_master.c:5948: in cdplMasterLogInfo(): info: [non-CDPL log entry] PWDP send back 'PILOTOK' to cacheed worker id:2 key: saeSession0,1,diff_mode_gain|&/home/argershm/180-voltmeter/Analog/cc/simulation/integrator,tb_main_opamp,schematic/history_1/simulation/diff_mode_gain/PrimeSimSPICE/parametric/results
1757122657.169288: 1836153-7f51697fa700: cdpl_compat_master.c:5948: in cdplMasterLogInfo(): info: [non-CDPL log entry] PWDP send back 'PILOTOK' to cacheed worker id:3 key: saeSession0,1,diff_mode_gain|&/home/argershm/180-voltmeter/Analog/cc/simulation/integrator,tb_main_opamp,schematic/history_1/simulation/diff_mode_gain/PrimeSimSPICE/parametric/results
1757122657.169377: 1836153-7f516bfff700: cdpl_server_ipc.c:1268: in _sv_ipc_thread(): debug: received RELAY message
1757122657.169381: 1836153-7f516bfff700: cdpl_server_ipc.c:713: in _sv_on_relay(): debug: RELAY message from W1, size = 18
1757122657.169383: 1836153-7f516bfff700: cdpl_server_ipc.c:715: in _sv_on_relay(): debug: RELAY message from W1, content = 2$- - - MEASDOING
1757122657.169403: 1836153-7f516bfff700: cdpl_server_ipc.c:1268: in _sv_ipc_thread(): debug: received RELAY message
1757122657.169405: 1836153-7f516bfff700: cdpl_server_ipc.c:713: in _sv_on_relay(): debug: RELAY message from W2, size = 18
1757122657.169406: 1836153-7f516bfff700: cdpl_server_ipc.c:715: in _sv_on_relay(): debug: RELAY message from W2, content = 0$- - - MEASDOING
1757122657.169457: 1836153-7f516bfff700: cdpl_server_ipc.c:1268: in _sv_ipc_thread(): debug: received RELAY message
1757122657.169458: 1836153-7f516bfff700: cdpl_server_ipc.c:713: in _sv_on_relay(): debug: RELAY message from W3, size = 18
1757122657.169460: 1836153-7f516bfff700: cdpl_server_ipc.c:715: in _sv_on_relay(): debug: RELAY message from W3, content = 1$- - - MEASDOING
1757122658.552422: 1836153-7f516bfff700: cdpl_server_ipc.c:1268: in _sv_ipc_thread(): debug: received RELAY message
1757122658.552435: 1836153-7f516bfff700: cdpl_server_ipc.c:713: in _sv_on_relay(): debug: RELAY message from W1, size = 77
1757122658.552437: 1836153-7f516bfff700: cdpl_server_ipc.c:715: in _sv_on_relay(): debug: RELAY message from W1, content = 2$1837138 claws-compute3.ece.ncsu.edu 1837179 FINISHED 1757122650|1757122658
1757122658.553940: 1836153-7f516bfff700: cdpl_server_ipc.c:1268: in _sv_ipc_thread(): debug: received RELAY message
1757122658.553948: 1836153-7f516bfff700: cdpl_server_ipc.c:713: in _sv_on_relay(): debug: RELAY message from W1, size = 194
1757122658.553951: 1836153-7f516bfff700: cdpl_server_ipc.c:715: in _sv_on_relay(): debug: RELAY message from W1, content = PILOTDONE|saeSession0,1,diff_mode_gain|&/home/argershm/180-voltmeter/Analog/cc/simulation/integrator,tb_main_opamp,schematic/history_1/simulation/diff_mode_gain/PrimeSimSPICE/parametric/results
1757122658.554033: 1836153-7f51697fa700: cdpl_compat_master.c:5948: in cdplMasterLogInfo(): info: [non-CDPL log entry] saeSession0,1,diff_mode_gain|&/home/argershm/180-voltmeter/Analog/cc/simulation/integrator,tb_main_opamp,schematic/history_1/simulation/diff_mode_gain/PrimeSimSPICE/parametric/results PILOTDONE!
1757122658.554277: 1836153-7f516bfff700: cdpl_server_ipc.c:1251: in _sv_ipc_thread(): debug: received FINISH message
1757122658.554282: 1836153-7f516bfff700: cdpl_server_ipc.c:983: in _sv_on_finish(): info: worker W1 completed task T2
1757122658.554285: 1836153-7f516bfff700: cdpl_server_ipc.c:988: in _sv_on_finish(): debug: stat T2: utime=4166 stime=2246
1757122658.554287: 1836153-7f516bfff700: cdpl_server_ipc.c:993: in _sv_on_finish(): debug: statm T2: vsize=3054868 rss=1031992 shared=514672 text=474784 data=710240
1757122658.554327: 1836153-7f515b7fe700: cdpl_server_sched.c:960: in _assign(): info: assigning task T3 to worker W1
1757122658.559054: 1836153-7f516bfff700: cdpl_server_ipc.c:1268: in _sv_ipc_thread(): debug: received RELAY message
1757122658.559062: 1836153-7f516bfff700: cdpl_server_ipc.c:713: in _sv_on_relay(): debug: RELAY message from W1, size = 50
1757122658.559065: 1836153-7f516bfff700: cdpl_server_ipc.c:715: in _sv_on_relay(): debug: RELAY message from W1, content = WORKERDU|40,/dev/mapper/rhel_claws--compute3-home
1757122658.571340: 1836153-7f51b4228540: cdpl_server.c:227: in _sv_free_task_safe(): debug: freeing task T2
1757122658.578499: 1836153-7f516bfff700: cdpl_server_ipc.c:1268: in _sv_ipc_thread(): debug: received RELAY message
1757122658.578508: 1836153-7f516bfff700: cdpl_server_ipc.c:713: in _sv_on_relay(): debug: RELAY message from W2, size = 77
1757122658.578511: 1836153-7f516bfff700: cdpl_server_ipc.c:715: in _sv_on_relay(): debug: RELAY message from W2, content = 0$1837139 claws-compute3.ece.ncsu.edu 1837178 FINISHED 1757122650|1757122658
1757122658.578763: 1836153-7f516bfff700: cdpl_server_ipc.c:1251: in _sv_ipc_thread(): debug: received FINISH message
1757122658.578773: 1836153-7f516bfff700: cdpl_server_ipc.c:983: in _sv_on_finish(): info: worker W2 completed task T0
1757122658.578775: 1836153-7f516bfff700: cdpl_server_ipc.c:988: in _sv_on_finish(): debug: stat T0: utime=4043 stime=2230
1757122658.578777: 1836153-7f516bfff700: cdpl_server_ipc.c:993: in _sv_on_finish(): debug: statm T0: vsize=3054860 rss=1035976 shared=518884 text=474784 data=710232
1757122658.578790: 1836153-7f515b7fe700: cdpl_server_sched.c:960: in _assign(): info: assigning task T4 to worker W2
1757122658.582075: 1836153-7f516bfff700: cdpl_server_ipc.c:1268: in _sv_ipc_thread(): debug: received RELAY message
1757122658.582081: 1836153-7f516bfff700: cdpl_server_ipc.c:713: in _sv_on_relay(): debug: RELAY message from W3, size = 77
1757122658.582083: 1836153-7f516bfff700: cdpl_server_ipc.c:715: in _sv_on_relay(): debug: RELAY message from W3, content = 1$1837140 claws-compute3.ece.ncsu.edu 1837180 FINISHED 1757122650|1757122658
1757122658.582310: 1836153-7f516bfff700: cdpl_server_ipc.c:1251: in _sv_ipc_thread(): debug: received FINISH message
1757122658.582312: 1836153-7f516bfff700: cdpl_server_ipc.c:983: in _sv_on_finish(): info: worker W3 completed task T1
1757122658.582314: 1836153-7f516bfff700: cdpl_server_ipc.c:988: in _sv_on_finish(): debug: stat T1: utime=4056 stime=2203
1757122658.582316: 1836153-7f516bfff700: cdpl_server_ipc.c:993: in _sv_on_finish(): debug: statm T1: vsize=3054860 rss=1035604 shared=514348 text=474784 data=710232
1757122658.582328: 1836153-7f515b7fe700: cdpl_server_sched.c:960: in _assign(): info: assigning task T5 to worker W3
1757122658.583642: 1836153-7f516bfff700: cdpl_server_ipc.c:1268: in _sv_ipc_thread(): debug: received RELAY message
1757122658.583646: 1836153-7f516bfff700: cdpl_server_ipc.c:713: in _sv_on_relay(): debug: RELAY message from W2, size = 50
1757122658.583647: 1836153-7f516bfff700: cdpl_server_ipc.c:715: in _sv_on_relay(): debug: RELAY message from W2, content = WORKERDU|56,/dev/mapper/rhel_claws--compute3-home
1757122658.586892: 1836153-7f516bfff700: cdpl_server_ipc.c:1268: in _sv_ipc_thread(): debug: received RELAY message
1757122658.586896: 1836153-7f516bfff700: cdpl_server_ipc.c:713: in _sv_on_relay(): debug: RELAY message from W3, size = 50
1757122658.586898: 1836153-7f516bfff700: cdpl_server_ipc.c:715: in _sv_on_relay(): debug: RELAY message from W3, content = WORKERDU|56,/dev/mapper/rhel_claws--compute3-home
1757122658.671047: 1836153-7f51b4228540: cdpl_server.c:227: in _sv_free_task_safe(): debug: freeing task T0
1757122658.682964: 1836153-7f51b4228540: cdpl_server.c:227: in _sv_free_task_safe(): debug: freeing task T1
1757122658.691313: 1836153-7f516bfff700: cdpl_server_ipc.c:1268: in _sv_ipc_thread(): debug: received RELAY message
1757122658.691322: 1836153-7f516bfff700: cdpl_server_ipc.c:713: in _sv_on_relay(): debug: RELAY message from W1, size = 65
1757122658.691324: 1836153-7f516bfff700: cdpl_server_ipc.c:715: in _sv_on_relay(): debug: RELAY message from W1, content = 3$1837138 claws-compute3.ece.ncsu.edu 1838287 RUNNING 1757122658
1757122658.792707: 1836153-7f516bfff700: cdpl_server_ipc.c:1268: in _sv_ipc_thread(): debug: received RELAY message
1757122658.792719: 1836153-7f516bfff700: cdpl_server_ipc.c:713: in _sv_on_relay(): debug: RELAY message from W3, size = 65
1757122658.792721: 1836153-7f516bfff700: cdpl_server_ipc.c:715: in _sv_on_relay(): debug: RELAY message from W3, content = 5$1837140 claws-compute3.ece.ncsu.edu 1838330 RUNNING 1757122658
1757122658.794403: 1836153-7f516bfff700: cdpl_server_ipc.c:1268: in _sv_ipc_thread(): debug: received RELAY message
1757122658.794406: 1836153-7f516bfff700: cdpl_server_ipc.c:713: in _sv_on_relay(): debug: RELAY message from W2, size = 65
1757122658.794408: 1836153-7f516bfff700: cdpl_server_ipc.c:715: in _sv_on_relay(): debug: RELAY message from W2, content = 4$1837139 claws-compute3.ece.ncsu.edu 1838331 RUNNING 1757122658
1757122659.904388: 1836153-7f516bfff700: cdpl_server_ipc.c:1268: in _sv_ipc_thread(): debug: received RELAY message
1757122659.904400: 1836153-7f516bfff700: cdpl_server_ipc.c:713: in _sv_on_relay(): debug: RELAY message from W1, size = 196
1757122659.904406: 1836153-7f516bfff700: cdpl_server_ipc.c:715: in _sv_on_relay(): debug: RELAY message from W1, content = REQPILOT|saeSession0,1,diff_mode_gain|&/home/argershm/180-voltmeter/Analog/cc/simulation/integrator,tb_main_opamp,schematic/history_1/simulation/diff_mode_gain/PrimeSimSPICE/parametric/results|&3
1757122659.904436: 1836153-7f51697fa700: cdpl_compat_master.c:5948: in cdplMasterLogInfo(): info: [non-CDPL log entry] PWDP send back 'PILOTOK' back to worker id:1 key: saeSession0,1,diff_mode_gain|&/home/argershm/180-voltmeter/Analog/cc/simulation/integrator,tb_main_opamp,schematic/history_1/simulation/diff_mode_gain/PrimeSimSPICE/parametric/results
1757122659.904590: 1836153-7f516bfff700: cdpl_server_ipc.c:1268: in _sv_ipc_thread(): debug: received RELAY message
1757122659.904595: 1836153-7f516bfff700: cdpl_server_ipc.c:713: in _sv_on_relay(): debug: RELAY message from W1, size = 18
1757122659.904597: 1836153-7f516bfff700: cdpl_server_ipc.c:715: in _sv_on_relay(): debug: RELAY message from W1, content = 3$- - - MEASDOING
1757122660.004209: 1836153-7f516bfff700: cdpl_server_ipc.c:1268: in _sv_ipc_thread(): debug: received RELAY message
1757122660.004221: 1836153-7f516bfff700: cdpl_server_ipc.c:713: in _sv_on_relay(): debug: RELAY message from W3, size = 196
1757122660.004223: 1836153-7f516bfff700: cdpl_server_ipc.c:715: in _sv_on_relay(): debug: RELAY message from W3, content = REQPILOT|saeSession0,1,diff_mode_gain|&/home/argershm/180-voltmeter/Analog/cc/simulation/integrator,tb_main_opamp,schematic/history_1/simulation/diff_mode_gain/PrimeSimSPICE/parametric/results|&5
1757122660.004243: 1836153-7f51697fa700: cdpl_compat_master.c:5948: in cdplMasterLogInfo(): info: [non-CDPL log entry] PWDP send back 'PILOTOK' back to worker id:3 key: saeSession0,1,diff_mode_gain|&/home/argershm/180-voltmeter/Analog/cc/simulation/integrator,tb_main_opamp,schematic/history_1/simulation/diff_mode_gain/PrimeSimSPICE/parametric/results
1757122660.004373: 1836153-7f516bfff700: cdpl_server_ipc.c:1268: in _sv_ipc_thread(): debug: received RELAY message
1757122660.004375: 1836153-7f516bfff700: cdpl_server_ipc.c:713: in _sv_on_relay(): debug: RELAY message from W3, size = 18
1757122660.004376: 1836153-7f516bfff700: cdpl_server_ipc.c:715: in _sv_on_relay(): debug: RELAY message from W3, content = 5$- - - MEASDOING
1757122660.006791: 1836153-7f516bfff700: cdpl_server_ipc.c:1268: in _sv_ipc_thread(): debug: received RELAY message
1757122660.006797: 1836153-7f516bfff700: cdpl_server_ipc.c:713: in _sv_on_relay(): debug: RELAY message from W2, size = 196
1757122660.006799: 1836153-7f516bfff700: cdpl_server_ipc.c:715: in _sv_on_relay(): debug: RELAY message from W2, content = REQPILOT|saeSession0,1,diff_mode_gain|&/home/argershm/180-voltmeter/Analog/cc/simulation/integrator,tb_main_opamp,schematic/history_1/simulation/diff_mode_gain/PrimeSimSPICE/parametric/results|&4
1757122660.006810: 1836153-7f51697fa700: cdpl_compat_master.c:5948: in cdplMasterLogInfo(): info: [non-CDPL log entry] PWDP send back 'PILOTOK' back to worker id:2 key: saeSession0,1,diff_mode_gain|&/home/argershm/180-voltmeter/Analog/cc/simulation/integrator,tb_main_opamp,schematic/history_1/simulation/diff_mode_gain/PrimeSimSPICE/parametric/results
1757122660.006918: 1836153-7f516bfff700: cdpl_server_ipc.c:1268: in _sv_ipc_thread(): debug: received RELAY message
1757122660.006920: 1836153-7f516bfff700: cdpl_server_ipc.c:713: in _sv_on_relay(): debug: RELAY message from W2, size = 18
1757122660.006922: 1836153-7f516bfff700: cdpl_server_ipc.c:715: in _sv_on_relay(): debug: RELAY message from W2, content = 4$- - - MEASDOING
1757122660.714587: 1836153-7f516bfff700: cdpl_server_ipc.c:1268: in _sv_ipc_thread(): debug: received RELAY message
1757122660.714607: 1836153-7f516bfff700: cdpl_server_ipc.c:713: in _sv_on_relay(): debug: RELAY message from W1, size = 77
1757122660.714610: 1836153-7f516bfff700: cdpl_server_ipc.c:715: in _sv_on_relay(): debug: RELAY message from W1, content = 3$1837138 claws-compute3.ece.ncsu.edu 1838287 FINISHED 1757122658|1757122660
1757122660.714792: 1836153-7f516bfff700: cdpl_server_ipc.c:1251: in _sv_ipc_thread(): debug: received FINISH message
1757122660.714797: 1836153-7f516bfff700: cdpl_server_ipc.c:983: in _sv_on_finish(): info: worker W1 completed task T3
1757122660.714799: 1836153-7f516bfff700: cdpl_server_ipc.c:988: in _sv_on_finish(): debug: stat T3: utime=686 stime=417
1757122660.714801: 1836153-7f516bfff700: cdpl_server_ipc.c:993: in _sv_on_finish(): debug: statm T3: vsize=3054868 rss=1031992 shared=514672 text=474784 data=710240
1757122660.714824: 1836153-7f515b7fe700: cdpl_server_sched.c:960: in _assign(): info: assigning task T6 to worker W1
1757122660.719634: 1836153-7f516bfff700: cdpl_server_ipc.c:1268: in _sv_ipc_thread(): debug: received RELAY message
1757122660.719642: 1836153-7f516bfff700: cdpl_server_ipc.c:713: in _sv_on_relay(): debug: RELAY message from W1, size = 53
1757122660.719644: 1836153-7f516bfff700: cdpl_server_ipc.c:715: in _sv_on_relay(): debug: RELAY message from W1, content = WORKERDU|12988,/dev/mapper/rhel_claws--compute3-home
1757122660.771751: 1836153-7f51b4228540: cdpl_server.c:227: in _sv_free_task_safe(): debug: freeing task T3
1757122660.794169: 1836153-7f516bfff700: cdpl_server_ipc.c:1268: in _sv_ipc_thread(): debug: received RELAY message
1757122660.794179: 1836153-7f516bfff700: cdpl_server_ipc.c:713: in _sv_on_relay(): debug: RELAY message from W3, size = 77
1757122660.794181: 1836153-7f516bfff700: cdpl_server_ipc.c:715: in _sv_on_relay(): debug: RELAY message from W3, content = 5$1837140 claws-compute3.ece.ncsu.edu 1838330 FINISHED 1757122658|1757122660
1757122660.794379: 1836153-7f516bfff700: cdpl_server_ipc.c:1251: in _sv_ipc_thread(): debug: received FINISH message
1757122660.794385: 1836153-7f516bfff700: cdpl_server_ipc.c:983: in _sv_on_finish(): info: worker W3 completed task T5
1757122660.794387: 1836153-7f516bfff700: cdpl_server_ipc.c:988: in _sv_on_finish(): debug: stat T5: utime=683 stime=410
1757122660.794389: 1836153-7f516bfff700: cdpl_server_ipc.c:993: in _sv_on_finish(): debug: statm T5: vsize=3054860 rss=1035604 shared=514348 text=474784 data=710232
1757122660.794405: 1836153-7f515b7fe700: cdpl_server_sched.c:960: in _assign(): info: assigning task T7 to worker W3
1757122660.799141: 1836153-7f516bfff700: cdpl_server_ipc.c:1268: in _sv_ipc_thread(): debug: received RELAY message
1757122660.799150: 1836153-7f516bfff700: cdpl_server_ipc.c:713: in _sv_on_relay(): debug: RELAY message from W3, size = 53
1757122660.799153: 1836153-7f516bfff700: cdpl_server_ipc.c:715: in _sv_on_relay(): debug: RELAY message from W3, content = WORKERDU|12988,/dev/mapper/rhel_claws--compute3-home
1757122660.800508: 1836153-7f516bfff700: cdpl_server_ipc.c:1268: in _sv_ipc_thread(): debug: received RELAY message
1757122660.800516: 1836153-7f516bfff700: cdpl_server_ipc.c:713: in _sv_on_relay(): debug: RELAY message from W2, size = 77
1757122660.800518: 1836153-7f516bfff700: cdpl_server_ipc.c:715: in _sv_on_relay(): debug: RELAY message from W2, content = 4$1837139 claws-compute3.ece.ncsu.edu 1838331 FINISHED 1757122658|1757122660
1757122660.800676: 1836153-7f516bfff700: cdpl_server_ipc.c:1251: in _sv_ipc_thread(): debug: received FINISH message
1757122660.800678: 1836153-7f516bfff700: cdpl_server_ipc.c:983: in _sv_on_finish(): info: worker W2 completed task T4
1757122660.800680: 1836153-7f516bfff700: cdpl_server_ipc.c:988: in _sv_on_finish(): debug: stat T4: utime=660 stime=435
1757122660.800682: 1836153-7f516bfff700: cdpl_server_ipc.c:993: in _sv_on_finish(): debug: statm T4: vsize=3054860 rss=1035984 shared=518892 text=474784 data=710232
1757122660.800697: 1836153-7f515b7fe700: cdpl_server_sched.c:960: in _assign(): info: assigning task T8 to worker W2
1757122660.805269: 1836153-7f516bfff700: cdpl_server_ipc.c:1268: in _sv_ipc_thread(): debug: received RELAY message
1757122660.805275: 1836153-7f516bfff700: cdpl_server_ipc.c:713: in _sv_on_relay(): debug: RELAY message from W2, size = 53
1757122660.805277: 1836153-7f516bfff700: cdpl_server_ipc.c:715: in _sv_on_relay(): debug: RELAY message from W2, content = WORKERDU|12988,/dev/mapper/rhel_claws--compute3-home
1757122660.871164: 1836153-7f51b4228540: cdpl_server.c:227: in _sv_free_task_safe(): debug: freeing task T5
1757122660.883054: 1836153-7f51b4228540: cdpl_server.c:227: in _sv_free_task_safe(): debug: freeing task T4
1757122660.904510: 1836153-7f516bfff700: cdpl_server_ipc.c:1268: in _sv_ipc_thread(): debug: received RELAY message
1757122660.904522: 1836153-7f516bfff700: cdpl_server_ipc.c:713: in _sv_on_relay(): debug: RELAY message from W1, size = 65
1757122660.904525: 1836153-7f516bfff700: cdpl_server_ipc.c:715: in _sv_on_relay(): debug: RELAY message from W1, content = 6$1837138 claws-compute3.ece.ncsu.edu 1838876 RUNNING 1757122660
1757122660.992846: 1836153-7f516bfff700: cdpl_server_ipc.c:1268: in _sv_ipc_thread(): debug: received RELAY message
1757122660.992862: 1836153-7f516bfff700: cdpl_server_ipc.c:713: in _sv_on_relay(): debug: RELAY message from W3, size = 65
1757122660.992864: 1836153-7f516bfff700: cdpl_server_ipc.c:715: in _sv_on_relay(): debug: RELAY message from W3, content = 7$1837140 claws-compute3.ece.ncsu.edu 1838981 RUNNING 1757122660
1757122660.994084: 1836153-7f516bfff700: cdpl_server_ipc.c:1268: in _sv_ipc_thread(): debug: received RELAY message
1757122660.994088: 1836153-7f516bfff700: cdpl_server_ipc.c:713: in _sv_on_relay(): debug: RELAY message from W2, size = 65
1757122660.994090: 1836153-7f516bfff700: cdpl_server_ipc.c:715: in _sv_on_relay(): debug: RELAY message from W2, content = 8$1837139 claws-compute3.ece.ncsu.edu 1838983 RUNNING 1757122660
1757122662.119349: 1836153-7f516bfff700: cdpl_server_ipc.c:1268: in _sv_ipc_thread(): debug: received RELAY message
1757122662.119362: 1836153-7f516bfff700: cdpl_server_ipc.c:713: in _sv_on_relay(): debug: RELAY message from W1, size = 196
1757122662.119364: 1836153-7f516bfff700: cdpl_server_ipc.c:715: in _sv_on_relay(): debug: RELAY message from W1, content = REQPILOT|saeSession0,1,diff_mode_gain|&/home/argershm/180-voltmeter/Analog/cc/simulation/integrator,tb_main_opamp,schematic/history_1/simulation/diff_mode_gain/PrimeSimSPICE/parametric/results|&6
1757122662.119395: 1836153-7f51697fa700: cdpl_compat_master.c:5948: in cdplMasterLogInfo(): info: [non-CDPL log entry] PWDP send back 'PILOTOK' back to worker id:1 key: saeSession0,1,diff_mode_gain|&/home/argershm/180-voltmeter/Analog/cc/simulation/integrator,tb_main_opamp,schematic/history_1/simulation/diff_mode_gain/PrimeSimSPICE/parametric/results
1757122662.119570: 1836153-7f516bfff700: cdpl_server_ipc.c:1268: in _sv_ipc_thread(): debug: received RELAY message
1757122662.119577: 1836153-7f516bfff700: cdpl_server_ipc.c:713: in _sv_on_relay(): debug: RELAY message from W1, size = 18
1757122662.119579: 1836153-7f516bfff700: cdpl_server_ipc.c:715: in _sv_on_relay(): debug: RELAY message from W1, content = 6$- - - MEASDOING
1757122662.204434: 1836153-7f516bfff700: cdpl_server_ipc.c:1268: in _sv_ipc_thread(): debug: received RELAY message
1757122662.204446: 1836153-7f516bfff700: cdpl_server_ipc.c:713: in _sv_on_relay(): debug: RELAY message from W3, size = 196
1757122662.204448: 1836153-7f516bfff700: cdpl_server_ipc.c:715: in _sv_on_relay(): debug: RELAY message from W3, content = REQPILOT|saeSession0,1,diff_mode_gain|&/home/argershm/180-voltmeter/Analog/cc/simulation/integrator,tb_main_opamp,schematic/history_1/simulation/diff_mode_gain/PrimeSimSPICE/parametric/results|&7
1757122662.204468: 1836153-7f51697fa700: cdpl_compat_master.c:5948: in cdplMasterLogInfo(): info: [non-CDPL log entry] PWDP send back 'PILOTOK' back to worker id:3 key: saeSession0,1,diff_mode_gain|&/home/argershm/180-voltmeter/Analog/cc/simulation/integrator,tb_main_opamp,schematic/history_1/simulation/diff_mode_gain/PrimeSimSPICE/parametric/results
1757122662.204646: 1836153-7f516bfff700: cdpl_server_ipc.c:1268: in _sv_ipc_thread(): debug: received RELAY message
1757122662.204652: 1836153-7f516bfff700: cdpl_server_ipc.c:713: in _sv_on_relay(): debug: RELAY message from W3, size = 18
1757122662.204654: 1836153-7f516bfff700: cdpl_server_ipc.c:715: in _sv_on_relay(): debug: RELAY message from W3, content = 7$- - - MEASDOING
1757122662.206913: 1836153-7f516bfff700: cdpl_server_ipc.c:1268: in _sv_ipc_thread(): debug: received RELAY message
1757122662.206920: 1836153-7f516bfff700: cdpl_server_ipc.c:713: in _sv_on_relay(): debug: RELAY message from W2, size = 196
1757122662.206922: 1836153-7f516bfff700: cdpl_server_ipc.c:715: in _sv_on_relay(): debug: RELAY message from W2, content = REQPILOT|saeSession0,1,diff_mode_gain|&/home/argershm/180-voltmeter/Analog/cc/simulation/integrator,tb_main_opamp,schematic/history_1/simulation/diff_mode_gain/PrimeSimSPICE/parametric/results|&8
1757122662.206941: 1836153-7f51697fa700: cdpl_compat_master.c:5948: in cdplMasterLogInfo(): info: [non-CDPL log entry] PWDP send back 'PILOTOK' back to worker id:2 key: saeSession0,1,diff_mode_gain|&/home/argershm/180-voltmeter/Analog/cc/simulation/integrator,tb_main_opamp,schematic/history_1/simulation/diff_mode_gain/PrimeSimSPICE/parametric/results
1757122662.207486: 1836153-7f516bfff700: cdpl_server_ipc.c:1268: in _sv_ipc_thread(): debug: received RELAY message
1757122662.207495: 1836153-7f516bfff700: cdpl_server_ipc.c:713: in _sv_on_relay(): debug: RELAY message from W2, size = 18
1757122662.207497: 1836153-7f516bfff700: cdpl_server_ipc.c:715: in _sv_on_relay(): debug: RELAY message from W2, content = 8$- - - MEASDOING
1757122662.908688: 1836153-7f516bfff700: cdpl_server_ipc.c:1268: in _sv_ipc_thread(): debug: received RELAY message
1757122662.908702: 1836153-7f516bfff700: cdpl_server_ipc.c:713: in _sv_on_relay(): debug: RELAY message from W1, size = 77
1757122662.908705: 1836153-7f516bfff700: cdpl_server_ipc.c:715: in _sv_on_relay(): debug: RELAY message from W1, content = 6$1837138 claws-compute3.ece.ncsu.edu 1838876 FINISHED 1757122660|1757122662
1757122662.908861: 1836153-7f516bfff700: cdpl_server_ipc.c:1251: in _sv_ipc_thread(): debug: received FINISH message
1757122662.908866: 1836153-7f516bfff700: cdpl_server_ipc.c:983: in _sv_on_finish(): info: worker W1 completed task T6
1757122662.908869: 1836153-7f516bfff700: cdpl_server_ipc.c:988: in _sv_on_finish(): debug: stat T6: utime=669 stime=424
1757122662.908871: 1836153-7f516bfff700: cdpl_server_ipc.c:993: in _sv_on_finish(): debug: statm T6: vsize=3054868 rss=1031992 shared=514672 text=474784 data=710240
1757122662.908916: 1836153-7f515b7fe700: cdpl_server_sched.c:960: in _assign(): info: assigning task T9 to worker W1
1757122662.913619: 1836153-7f516bfff700: cdpl_server_ipc.c:1268: in _sv_ipc_thread(): debug: received RELAY message
1757122662.913627: 1836153-7f516bfff700: cdpl_server_ipc.c:713: in _sv_on_relay(): debug: RELAY message from W1, size = 53
1757122662.913629: 1836153-7f516bfff700: cdpl_server_ipc.c:715: in _sv_on_relay(): debug: RELAY message from W1, content = WORKERDU|12988,/dev/mapper/rhel_claws--compute3-home
1757122662.971369: 1836153-7f51b4228540: cdpl_server.c:227: in _sv_free_task_safe(): debug: freeing task T6
1757122662.991885: 1836153-7f516bfff700: cdpl_server_ipc.c:1268: in _sv_ipc_thread(): debug: received RELAY message
1757122662.991894: 1836153-7f516bfff700: cdpl_server_ipc.c:713: in _sv_on_relay(): debug: RELAY message from W3, size = 77
1757122662.991897: 1836153-7f516bfff700: cdpl_server_ipc.c:715: in _sv_on_relay(): debug: RELAY message from W3, content = 7$1837140 claws-compute3.ece.ncsu.edu 1838981 FINISHED 1757122660|1757122662
1757122662.992165: 1836153-7f516bfff700: cdpl_server_ipc.c:1251: in _sv_ipc_thread(): debug: received FINISH message
1757122662.992173: 1836153-7f516bfff700: cdpl_server_ipc.c:983: in _sv_on_finish(): info: worker W3 completed task T7
1757122662.992175: 1836153-7f516bfff700: cdpl_server_ipc.c:988: in _sv_on_finish(): debug: stat T7: utime=667 stime=429
1757122662.992177: 1836153-7f516bfff700: cdpl_server_ipc.c:993: in _sv_on_finish(): debug: statm T7: vsize=3054860 rss=1035604 shared=514348 text=474784 data=710232
1757122662.992195: 1836153-7f515b7fe700: cdpl_server_sched.c:960: in _assign(): info: assigning task T10 to worker W3
1757122662.993317: 1836153-7f516bfff700: cdpl_server_ipc.c:1268: in _sv_ipc_thread(): debug: received RELAY message
1757122662.993329: 1836153-7f516bfff700: cdpl_server_ipc.c:713: in _sv_on_relay(): debug: RELAY message from W2, size = 77
1757122662.993331: 1836153-7f516bfff700: cdpl_server_ipc.c:715: in _sv_on_relay(): debug: RELAY message from W2, content = 8$1837139 claws-compute3.ece.ncsu.edu 1838983 FINISHED 1757122660|1757122662
1757122662.993456: 1836153-7f516bfff700: cdpl_server_ipc.c:1251: in _sv_ipc_thread(): debug: received FINISH message
1757122662.993458: 1836153-7f516bfff700: cdpl_server_ipc.c:983: in _sv_on_finish(): info: worker W2 completed task T8
1757122662.993459: 1836153-7f516bfff700: cdpl_server_ipc.c:988: in _sv_on_finish(): debug: stat T8: utime=684 stime=411
1757122662.993461: 1836153-7f516bfff700: cdpl_server_ipc.c:993: in _sv_on_finish(): debug: statm T8: vsize=3054860 rss=1035984 shared=518892 text=474784 data=710232
1757122662.993477: 1836153-7f515b7fe700: cdpl_server_sched.c:960: in _assign(): info: assigning task T11 to worker W2
1757122662.996947: 1836153-7f516bfff700: cdpl_server_ipc.c:1268: in _sv_ipc_thread(): debug: received RELAY message
1757122662.996955: 1836153-7f516bfff700: cdpl_server_ipc.c:713: in _sv_on_relay(): debug: RELAY message from W3, size = 53
1757122662.996957: 1836153-7f516bfff700: cdpl_server_ipc.c:715: in _sv_on_relay(): debug: RELAY message from W3, content = WORKERDU|12988,/dev/mapper/rhel_claws--compute3-home
1757122662.998200: 1836153-7f516bfff700: cdpl_server_ipc.c:1268: in _sv_ipc_thread(): debug: received RELAY message
1757122662.998203: 1836153-7f516bfff700: cdpl_server_ipc.c:713: in _sv_on_relay(): debug: RELAY message from W2, size = 53
1757122662.998205: 1836153-7f516bfff700: cdpl_server_ipc.c:715: in _sv_on_relay(): debug: RELAY message from W2, content = WORKERDU|12988,/dev/mapper/rhel_claws--compute3-home
1757122663.071701: 1836153-7f51b4228540: cdpl_server.c:227: in _sv_free_task_safe(): debug: freeing task T7
1757122663.083241: 1836153-7f51b4228540: cdpl_server.c:227: in _sv_free_task_safe(): debug: freeing task T8
1757122663.105131: 1836153-7f516bfff700: cdpl_server_ipc.c:1268: in _sv_ipc_thread(): debug: received RELAY message
1757122663.105146: 1836153-7f516bfff700: cdpl_server_ipc.c:713: in _sv_on_relay(): debug: RELAY message from W1, size = 65
1757122663.105148: 1836153-7f516bfff700: cdpl_server_ipc.c:715: in _sv_on_relay(): debug: RELAY message from W1, content = 9$1837138 claws-compute3.ece.ncsu.edu 1839524 RUNNING 1757122663
1757122663.198759: 1836153-7f516bfff700: cdpl_server_ipc.c:1268: in _sv_ipc_thread(): debug: received RELAY message
1757122663.198779: 1836153-7f516bfff700: cdpl_server_ipc.c:713: in _sv_on_relay(): debug: RELAY message from W2, size = 66
1757122663.198781: 1836153-7f516bfff700: cdpl_server_ipc.c:715: in _sv_on_relay(): debug: RELAY message from W2, content = 11$1837139 claws-compute3.ece.ncsu.edu 1839671 RUNNING 1757122663
1757122663.200131: 1836153-7f516bfff700: cdpl_server_ipc.c:1268: in _sv_ipc_thread(): debug: received RELAY message
1757122663.200134: 1836153-7f516bfff700: cdpl_server_ipc.c:713: in _sv_on_relay(): debug: RELAY message from W3, size = 66
1757122663.200136: 1836153-7f516bfff700: cdpl_server_ipc.c:715: in _sv_on_relay(): debug: RELAY message from W3, content = 10$1837140 claws-compute3.ece.ncsu.edu 1839696 RUNNING 1757122663
1757122664.318429: 1836153-7f516bfff700: cdpl_server_ipc.c:1268: in _sv_ipc_thread(): debug: received RELAY message
1757122664.318442: 1836153-7f516bfff700: cdpl_server_ipc.c:713: in _sv_on_relay(): debug: RELAY message from W1, size = 196
1757122664.318445: 1836153-7f516bfff700: cdpl_server_ipc.c:715: in _sv_on_relay(): debug: RELAY message from W1, content = REQPILOT|saeSession0,1,diff_mode_gain|&/home/argershm/180-voltmeter/Analog/cc/simulation/integrator,tb_main_opamp,schematic/history_1/simulation/diff_mode_gain/PrimeSimSPICE/parametric/results|&9
1757122664.318472: 1836153-7f51697fa700: cdpl_compat_master.c:5948: in cdplMasterLogInfo(): info: [non-CDPL log entry] PWDP send back 'PILOTOK' back to worker id:1 key: saeSession0,1,diff_mode_gain|&/home/argershm/180-voltmeter/Analog/cc/simulation/integrator,tb_main_opamp,schematic/history_1/simulation/diff_mode_gain/PrimeSimSPICE/parametric/results
1757122664.318674: 1836153-7f516bfff700: cdpl_server_ipc.c:1268: in _sv_ipc_thread(): debug: received RELAY message
1757122664.318679: 1836153-7f516bfff700: cdpl_server_ipc.c:713: in _sv_on_relay(): debug: RELAY message from W1, size = 18
1757122664.318682: 1836153-7f516bfff700: cdpl_server_ipc.c:715: in _sv_on_relay(): debug: RELAY message from W1, content = 9$- - - MEASDOING
1757122664.410766: 1836153-7f516bfff700: cdpl_server_ipc.c:1268: in _sv_ipc_thread(): debug: received RELAY message
1757122664.410775: 1836153-7f516bfff700: cdpl_server_ipc.c:713: in _sv_on_relay(): debug: RELAY message from W2, size = 197
1757122664.410777: 1836153-7f516bfff700: cdpl_server_ipc.c:715: in _sv_on_relay(): debug: RELAY message from W2, content = REQPILOT|saeSession0,1,diff_mode_gain|&/home/argershm/180-voltmeter/Analog/cc/simulation/integrator,tb_main_opamp,schematic/history_1/simulation/diff_mode_gain/PrimeSimSPICE/parametric/results|&11
1757122664.410867: 1836153-7f51697fa700: cdpl_compat_master.c:5948: in cdplMasterLogInfo(): info: [non-CDPL log entry] PWDP send back 'PILOTOK' back to worker id:2 key: saeSession0,1,diff_mode_gain|&/home/argershm/180-voltmeter/Analog/cc/simulation/integrator,tb_main_opamp,schematic/history_1/simulation/diff_mode_gain/PrimeSimSPICE/parametric/results
1757122664.411218: 1836153-7f516bfff700: cdpl_server_ipc.c:1268: in _sv_ipc_thread(): debug: received RELAY message
1757122664.411225: 1836153-7f516bfff700: cdpl_server_ipc.c:713: in _sv_on_relay(): debug: RELAY message from W2, size = 19
1757122664.411228: 1836153-7f516bfff700: cdpl_server_ipc.c:715: in _sv_on_relay(): debug: RELAY message from W2, content = 11$- - - MEASDOING
1757122664.411980: 1836153-7f516bfff700: cdpl_server_ipc.c:1268: in _sv_ipc_thread(): debug: received RELAY message
1757122664.411983: 1836153-7f516bfff700: cdpl_server_ipc.c:713: in _sv_on_relay(): debug: RELAY message from W3, size = 197
1757122664.411985: 1836153-7f516bfff700: cdpl_server_ipc.c:715: in _sv_on_relay(): debug: RELAY message from W3, content = REQPILOT|saeSession0,1,diff_mode_gain|&/home/argershm/180-voltmeter/Analog/cc/simulation/integrator,tb_main_opamp,schematic/history_1/simulation/diff_mode_gain/PrimeSimSPICE/parametric/results|&10
1757122664.412004: 1836153-7f51697fa700: cdpl_compat_master.c:5948: in cdplMasterLogInfo(): info: [non-CDPL log entry] PWDP send back 'PILOTOK' back to worker id:3 key: saeSession0,1,diff_mode_gain|&/home/argershm/180-voltmeter/Analog/cc/simulation/integrator,tb_main_opamp,schematic/history_1/simulation/diff_mode_gain/PrimeSimSPICE/parametric/results
1757122664.412122: 1836153-7f516bfff700: cdpl_server_ipc.c:1268: in _sv_ipc_thread(): debug: received RELAY message
1757122664.412124: 1836153-7f516bfff700: cdpl_server_ipc.c:713: in _sv_on_relay(): debug: RELAY message from W3, size = 19
1757122664.412126: 1836153-7f516bfff700: cdpl_server_ipc.c:715: in _sv_on_relay(): debug: RELAY message from W3, content = 10$- - - MEASDOING
1757122665.115258: 1836153-7f516bfff700: cdpl_server_ipc.c:1268: in _sv_ipc_thread(): debug: received RELAY message
1757122665.115276: 1836153-7f516bfff700: cdpl_server_ipc.c:713: in _sv_on_relay(): debug: RELAY message from W1, size = 77
1757122665.115279: 1836153-7f516bfff700: cdpl_server_ipc.c:715: in _sv_on_relay(): debug: RELAY message from W1, content = 9$1837138 claws-compute3.ece.ncsu.edu 1839524 FINISHED 1757122663|1757122665
1757122665.115423: 1836153-7f516bfff700: cdpl_server_ipc.c:1251: in _sv_ipc_thread(): debug: received FINISH message
1757122665.115429: 1836153-7f516bfff700: cdpl_server_ipc.c:983: in _sv_on_finish(): info: worker W1 completed task T9
1757122665.115431: 1836153-7f516bfff700: cdpl_server_ipc.c:988: in _sv_on_finish(): debug: stat T9: utime=658 stime=433
1757122665.115433: 1836153-7f516bfff700: cdpl_server_ipc.c:993: in _sv_on_finish(): debug: statm T9: vsize=3054868 rss=1031996 shared=514672 text=474784 data=710240
1757122665.120432: 1836153-7f516bfff700: cdpl_server_ipc.c:1268: in _sv_ipc_thread(): debug: received RELAY message
1757122665.120440: 1836153-7f516bfff700: cdpl_server_ipc.c:713: in _sv_on_relay(): debug: RELAY message from W1, size = 53
1757122665.120442: 1836153-7f516bfff700: cdpl_server_ipc.c:715: in _sv_on_relay(): debug: RELAY message from W1, content = WORKERDU|12988,/dev/mapper/rhel_claws--compute3-home
1757122665.171933: 1836153-7f51b4228540: cdpl_server.c:227: in _sv_free_task_safe(): debug: freeing task T9
1757122665.204267: 1836153-7f516bfff700: cdpl_server_ipc.c:1268: in _sv_ipc_thread(): debug: received RELAY message
1757122665.204276: 1836153-7f516bfff700: cdpl_server_ipc.c:713: in _sv_on_relay(): debug: RELAY message from W3, size = 78
1757122665.204278: 1836153-7f516bfff700: cdpl_server_ipc.c:715: in _sv_on_relay(): debug: RELAY message from W3, content = 10$1837140 claws-compute3.ece.ncsu.edu 1839696 FINISHED 1757122663|1757122665
1757122665.204508: 1836153-7f516bfff700: cdpl_server_ipc.c:1251: in _sv_ipc_thread(): debug: received FINISH message
1757122665.204513: 1836153-7f516bfff700: cdpl_server_ipc.c:983: in _sv_on_finish(): info: worker W3 completed task T10
1757122665.204515: 1836153-7f516bfff700: cdpl_server_ipc.c:988: in _sv_on_finish(): debug: stat T10: utime=666 stime=433
1757122665.204517: 1836153-7f516bfff700: cdpl_server_ipc.c:993: in _sv_on_finish(): debug: statm T10: vsize=3054860 rss=1035608 shared=514348 text=474784 data=710232
1757122665.209066: 1836153-7f516bfff700: cdpl_server_ipc.c:1268: in _sv_ipc_thread(): debug: received RELAY message
1757122665.209072: 1836153-7f516bfff700: cdpl_server_ipc.c:713: in _sv_on_relay(): debug: RELAY message from W3, size = 53
1757122665.209074: 1836153-7f516bfff700: cdpl_server_ipc.c:715: in _sv_on_relay(): debug: RELAY message from W3, content = WORKERDU|12988,/dev/mapper/rhel_claws--compute3-home
1757122665.271716: 1836153-7f51b4228540: cdpl_server.c:227: in _sv_free_task_safe(): debug: freeing task T10
1757122665.376664: 1836153-7f516bfff700: cdpl_server_ipc.c:1268: in _sv_ipc_thread(): debug: received RELAY message
1757122665.376689: 1836153-7f516bfff700: cdpl_server_ipc.c:713: in _sv_on_relay(): debug: RELAY message from W2, size = 78
1757122665.376692: 1836153-7f516bfff700: cdpl_server_ipc.c:715: in _sv_on_relay(): debug: RELAY message from W2, content = 11$1837139 claws-compute3.ece.ncsu.edu 1839671 FINISHED 1757122663|1757122665
1757122665.376842: 1836153-7f516bfff700: cdpl_server_ipc.c:1251: in _sv_ipc_thread(): debug: received FINISH message
1757122665.376844: 1836153-7f516bfff700: cdpl_server_ipc.c:983: in _sv_on_finish(): info: worker W2 completed task T11
1757122665.376846: 1836153-7f516bfff700: cdpl_server_ipc.c:988: in _sv_on_finish(): debug: stat T11: utime=668 stime=433
1757122665.376848: 1836153-7f516bfff700: cdpl_server_ipc.c:993: in _sv_on_finish(): debug: statm T11: vsize=3054860 rss=1035988 shared=518892 text=474784 data=710232
1757122665.382206: 1836153-7f516bfff700: cdpl_server_ipc.c:1268: in _sv_ipc_thread(): debug: received RELAY message
1757122665.382214: 1836153-7f516bfff700: cdpl_server_ipc.c:713: in _sv_on_relay(): debug: RELAY message from W2, size = 53
1757122665.382216: 1836153-7f516bfff700: cdpl_server_ipc.c:715: in _sv_on_relay(): debug: RELAY message from W2, content = WORKERDU|12988,/dev/mapper/rhel_claws--compute3-home
1757122665.471367: 1836153-7f51b4228540: cdpl_server.c:227: in _sv_free_task_safe(): debug: freeing task T11
1757122666.377043: 1836153-7f51b4228540: cdpl_server.c:3008: in cdpl_sv_halt_job_errno(): info: killing job J1
1757122666.377064: 1836153-7f51b4228540: cdpl_server.c:3044: in cdpl_sv_halt_job_errno(): debug: signal bin B1 scheduler to stop
1757122666.377087: 1836153-7f515b7fe700: cdpl_server_sched.c:2484: in _sv_scheduler_thread(): debug: scheduler for bin B1 stopped
1757122666.377126: 1836153-7f515b7fe700: cdpl_ipc.c:1657: in _host_drop__UNSAFE(): debug: dropping host `152.14.98.53:58864'
1757122666.377169: 1836153-7f515b7fe700: cdpl_server_sched.c:2830: in _sv_drop_worker(): info: down to 2 alive workers in B1
1757122666.377184: 1836153-7f516bfff700: cdpl_server_ipc.c:1236: in _sv_ipc_thread(): debug: received DROP notification
1757122666.377192: 1836153-7f515b7fe700: cdpl_farm.c:4152: in cdpl_farm_dismiss(): debug: down to 2 running processes
1757122666.377201: 1836153-7f515b7fe700: cdpl_ipc.c:1657: in _host_drop__UNSAFE(): debug: dropping host `152.14.98.53:58860'
1757122666.377217: 1836153-7f515b7fe700: cdpl_server_sched.c:2830: in _sv_drop_worker(): info: down to 1 alive workers in B1
1757122666.377218: 1836153-7f515b7fe700: cdpl_farm.c:4152: in cdpl_farm_dismiss(): debug: down to 1 running processes
1757122666.377220: 1836153-7f515b7fe700: cdpl_ipc.c:1657: in _host_drop__UNSAFE(): debug: dropping host `152.14.98.53:58846'
1757122666.377236: 1836153-7f515b7fe700: cdpl_server_sched.c:2830: in _sv_drop_worker(): info: down to 0 alive workers in B1
1757122666.377237: 1836153-7f515b7fe700: cdpl_farm.c:4152: in cdpl_farm_dismiss(): debug: down to 0 running processes
1757122666.377243: 1836153-7f516bfff700: cdpl_server_ipc.c:1236: in _sv_ipc_thread(): debug: received DROP notification
1757122666.377246: 1836153-7f516bfff700: cdpl_server_ipc.c:1236: in _sv_ipc_thread(): debug: received DROP notification
1757122666.377250: 1836153-7f515b7fe700: cdpl_server_sched.c:121: in _free_worker_2(): debug: freeing worker W1
1757122666.377262: 1836153-7f515b7fe700: cdpl_ipc.c:2513: in cdpl_ipc_host_release(): debug: releasing host `152.14.98.53:58864'
1757122666.377264: 1836153-7f515b7fe700: cdpl_ipc.c:2529: in cdpl_ipc_host_release(): debug: scheduling for immediate release
1757122666.377266: 1836153-7f515b7fe700: cdpl_server_sched.c:121: in _free_worker_2(): debug: freeing worker W3
1757122666.377268: 1836153-7f515b7fe700: cdpl_ipc.c:2513: in cdpl_ipc_host_release(): debug: releasing host `152.14.98.53:58860'
1757122666.377269: 1836153-7f515b7fe700: cdpl_ipc.c:2529: in cdpl_ipc_host_release(): debug: scheduling for immediate release
1757122666.377271: 1836153-7f515b7fe700: cdpl_server_sched.c:121: in _free_worker_2(): debug: freeing worker W2
1757122666.377272: 1836153-7f515b7fe700: cdpl_ipc.c:2513: in cdpl_ipc_host_release(): debug: releasing host `152.14.98.53:58846'
1757122666.377273: 1836153-7f515b7fe700: cdpl_ipc.c:2529: in cdpl_ipc_host_release(): debug: scheduling for immediate release
1757122666.377292: 1836153-7f51b4228540: cdpl_server.c:294: in _sv_free_job(): info: freeing job J1
1757122666.377298: 1836153-7f51b4228540: cdpl_server.c:92: in _sv_free_bin(): debug: freeing bin B1
1757122666.377341: 1836153-7f516affd700: cdpl_ipc.c:775: in _readv(): warning: read(): EOF
1757122666.377354: 1836153-7f51b4228540: cdpl_monitor.c:515: in cdpl_mn_kill(): info: killing monitor
1757122666.377361: 1836153-7f51b4228540: cdpl_ipc.c:3677: in cdpl_ipc_kill(): debug: stopping event server
1757122666.377373: 1836153-7f516affd700: cdpl_ipc.c:2100: in _epoll_recv(): debug: _readv(): Broken pipe
1757122666.377376: 1836153-7f516affd700: cdpl_ipc.c:2424: in _epoll_main(): debug: _epoll_recv(): Broken pipe
1757122666.377444: 1836153-7f517c8c5700: cdpl_ipc.c:775: in _readv(): warning: read(): EOF
1757122666.377454: 1836153-7f516affd700: cdpl_ipc.c:1657: in _host_drop__UNSAFE(): debug: dropping host `152.14.98.53:42535'
1757122666.377462: 1836153-7f517c8c5700: cdpl_ipc.c:2100: in _epoll_recv(): debug: _readv(): Broken pipe
1757122666.377467: 1836153-7f517c8c5700: cdpl_ipc.c:2424: in _epoll_main(): debug: _epoll_recv(): Broken pipe
1757122666.377471: 1836153-7f517c8c5700: cdpl_ipc.c:1657: in _host_drop__UNSAFE(): debug: dropping host `152.14.98.53:58840'
1757122666.377476: 1836153-7f516affd700: cdpl_ipc.c:2460: in _epoll_main(): debug: server going down...
1757122666.377500: 1836153-7f517c8c5700: cdpl_ipc.c:1582: in _host_free__UNSAFE(): debug: freeing host `152.14.98.53:58846'
1757122666.377503: 1836153-7f517c8c5700: cdpl_ipc.c:1621: in _host_free__UNSAFE(): debug: [0 outq, 0 spR, 0 spW]
1757122666.377507: 1836153-7f517c8c5700: cdpl_ipc.c:1582: in _host_free__UNSAFE(): debug: freeing host `152.14.98.53:58860'
1757122666.377513: 1836153-7f517c8c5700: cdpl_ipc.c:1621: in _host_free__UNSAFE(): debug: [0 outq, 0 spR, 0 spW]
1757122666.377515: 1836153-7f517c8c5700: cdpl_ipc.c:1582: in _host_free__UNSAFE(): debug: freeing host `152.14.98.53:58864'
1757122666.377517: 1836153-7f517c8c5700: cdpl_ipc.c:1621: in _host_free__UNSAFE(): debug: [0 outq, 0 spR, 0 spW]
1757122666.377522: 1836153-7f516bfff700: cdpl_server_ipc.c:1236: in _sv_ipc_thread(): debug: received DROP notification
1757122666.377533: 1836153-7f516bfff700: cdpl_monitor.c:1269: in cdpl_mn_drop(): debug: detaching from monitor `152.14.98.53:58840'
1757122666.377538: 1836153-7f516bfff700: cdpl_monitor.c:1101: in mn_systat_stop(): debug: joining systat thread
1757122666.377633: 1836153-7f5169ffb700: cdpl_monitor.c:1079: in mn_systat(): debug: exiting
1757122666.377640: 1836153-7f516bfff700: cdpl_monitor.c:1103: in mn_systat_stop(): debug: systat thread done
1757122666.377642: 1836153-7f516bfff700: cdpl_ipc.c:2513: in cdpl_ipc_host_release(): debug: releasing host `152.14.98.53:58840'
1757122666.377815: 1836153-7f516b7fe700: cdpl_ipc.c:3728: in cdpl_ipc_free(): debug: releasing IPC handle
1757122666.377822: 1836153-7f516b7fe700: cdpl_ipc.c:1582: in _host_free__UNSAFE(): debug: freeing host `152.14.98.53:42535'
1757122666.377825: 1836153-7f516b7fe700: cdpl_ipc.c:1621: in _host_free__UNSAFE(): debug: [0 outq, 0 spR, 0 spW]
1757122666.377827: 1836153-7f516b7fe700: cdpl_ipc.c:1582: in _host_free__UNSAFE(): debug: freeing host `152.14.98.53:40017'
1757122666.377829: 1836153-7f516b7fe700: cdpl_ipc.c:1621: in _host_free__UNSAFE(): debug: [0 outq, 0 spR, 0 spW]
1757122666.377845: 1836153-7f516b7fe700: cdpl_ipc.c:1582: in _host_free__UNSAFE(): debug: freeing host `152.14.98.53:43231'
1757122666.377847: 1836153-7f516b7fe700: cdpl_ipc.c:1621: in _host_free__UNSAFE(): debug: [0 outq, 0 spR, 0 spW]
1757122666.377855: 1836153-7f516b7fe700: cdpl_ipc.c:1582: in _host_free__UNSAFE(): debug: freeing host `152.14.98.53:33567'
1757122666.377856: 1836153-7f516b7fe700: cdpl_ipc.c:1621: in _host_free__UNSAFE(): debug: [0 outq, 0 spR, 0 spW]
1757122666.377865: 1836153-7f516b7fe700: cdpl_ipc.c:3756: in cdpl_ipc_free(): warning: 4 host(s) were not released
1757122666.377878: 1836153-7f516b7fe700: cdpl_ipc.c:3767: in cdpl_ipc_free(): debug: done
1757122666.377880: 1836153-7f516b7fe700: cdpl_monitor.c:1390: in cdpl_mn_free(): debug: freeing monitor client
1757122666.377972: 1836153-7f51b4228540: cdpl_farm.c:2740: in cdpl_farm_free(): info: freeing farm
1757122666.378002: 1836153-7f515affd700: cdpl_farm.c:2231: in _schedule(): debug: end of idling
1757122666.378014: 1836153-7f515affd700: cdpl_farm.c:2235: in _schedule(): debug: dying
1757122666.378063: 1836153-7f51b4228540: cdpl_farm.c:913: in _killall(): debug: killing all remaining commands
1757122666.378075: 1836153-7f51b4228540: cdpl_server.c:3144: in cdpl_sv_free(): info: freeing server S2092083432
1757122666.378088: 1836153-7f51b4228540: cdpl_server.c:3109: in cdpl_sv_kill_errno(): info: killing server
1757122666.378090: 1836153-7f51b4228540: cdpl_ipc.c:3677: in cdpl_ipc_kill(): debug: stopping event server
1757122666.378101: 1836153-7f517c8c5700: cdpl_ipc.c:2460: in _epoll_main(): debug: server going down...
1757122666.378107: 1836153-7f516bfff700: cdpl_server_ipc.c:1200: in _sv_ipc_thread(): debug: leaving now
1757122666.378115: 1836153-7f51b4228540: cdpl_server.c:334: in _sv_free_master(): info: freeing master M1
1757122666.378121: 1836153-7f51b4228540: cdpl_hash.c:68: in cdpl_h_destroy(): debug: put operations: 3
1757122666.378123: 1836153-7f51b4228540: cdpl_hash.c:69: in cdpl_h_destroy(): debug: put collisions: 0
1757122666.378125: 1836153-7f51b4228540: cdpl_hash.c:70: in cdpl_h_destroy(): debug: get operations: 12
1757122666.378126: 1836153-7f51b4228540: cdpl_hash.c:71: in cdpl_h_destroy(): debug: get iterations: 12
1757122666.378136: 1836153-7f51b4228540: cdpl_monitor.c:1390: in cdpl_mn_free(): debug: freeing monitor server
1757122666.378138: 1836153-7f51b4228540: cdpl_ipc.c:3728: in cdpl_ipc_free(): debug: releasing IPC handle
1757122666.378143: 1836153-7f51b4228540: cdpl_ipc.c:1582: in _host_free__UNSAFE(): debug: freeing host `152.14.98.53:58840'
1757122666.378145: 1836153-7f51b4228540: cdpl_ipc.c:1621: in _host_free__UNSAFE(): debug: [0 outq, 0 spR, 0 spW]
1757122666.378196: 1836153-7f51b4228540: cdpl_ipc.c:3767: in cdpl_ipc_free(): debug: done
1757122666.378202: 1836153-7f51b4228540: cdpl_log.c:481: in cdpl_log_close(): info: @@end_of_log@@
