[Sat Sep  6 22:44:01 UTC 2025]Running pw_worker -i /home/argershm/180-voltmeter/Analog/cc/synopsys_custom/pwdp_jobs/saeSession4_diffmodegain.SimulationSimulation_cdpl.1.2931556 -t 10000
/mnt/apps/public/COE/synopsys_apps/primewave/W-2024.09-SP1-2/bin/custom_shell

PWDP2: start1: [09-06-2025 18:44:03] \ 
 -- args: /home/argershm/180-voltmeter/Analog/cc/synopsys_custom/pwdp_jobs/saeSession4_diffmodegain.SimulationSimulation_cdpl.1.2931556:10000
 -- New worker cdpl started... /home/argershm/180-voltmeter/Analog/cc/synopsys_custom/pwdp_jobs/saeSession4_diffmodegain.SimulationSimulation_cdpl.1.2931556 10000
PWDP: new worker flow start...

New worker log dir:/home/argershm/180-voltmeter/Analog/cc/synopsys_custom/pwdp_jobs/saeSession4_diffmodegain.SimulationSimulation_cdpl.1.2931556/logs/w3

[09-06-2025 18:44:03] New Worker Job Details:
isReRun=0
simulator=PrimeSim
workingDir=/home/argershm/180-voltmeter/Analog/cc
historyName=history_1
stateType=0
sweep=L=0.794328
nominal=0
uniqueName=saeSession4
testbench=diff_mode_gain
resultsDir=/home/argershm/180-voltmeter/Analog/cc/simulation/integrator,tb_main_opamp,schematic/history_1/simulation/diff_mode_gain/PrimeSimSPICE/parametric/L=0.794328/results
runMode=new
historyIndex=1
preRun=0
session=saeSession4
masterResultsDir=/home/argershm/180-voltmeter/Analog/cc/simulation/integrator,tb_main_opamp,schematic/history_1/simulation/diff_mode_gain/PrimeSimSPICE/parametric/results
logInfo={point: L=0.794328}
diskTestSuiteName,integrator,tb_main_opamp,schematic

JobData-keys: 0,PrimeSim,history_1,1,/home/argershm/180-voltmeter/Analog/cc/simulation/integrator,tb_main_opamp,schematic/history_1/simulation/diff_mode_gain/PrimeSimSPICE/parametric/results,

 -- New worker cdpl initialized finished. [09-06-2025 18:44:03]

PWDP2: start2: [09-06-2025 18:44:14]
#####New Worker job begin - Self history dir=/home/argershm/180-voltmeter/Analog/cc/simulation/integrator,tb_main_opamp,schematic
> 
 -- New worker ci side loading finished.

source /home/argershm/180-voltmeter/Analog/cc/synopsys_custom/pwdp_jobs/saeSession4_diffmodegain.SimulationSimulation_cdpl.1.2931556/ccFile.tcl OK
> 
LibDefs : /home/argershm/180-voltmeter/Analog/cc/lib.defs
> 
 open lib.defs:/home/argershm/180-voltmeter/Analog/cc/lib.defs
new worker create session at loading state!
> 
history_1
> 
Information: Info: Waveform format selected is PSF. Synopsys recommends using the WDF format with the <HSPICE/FineSim> simulator.
WDF is an optimal format that improves viewing performance and reduces disk usage while PSF is a 3rd party format and support "as-is".
To change the format, open the Setup -> Environment menu and select the WDF format. (PW-642)
> 
Loading: Callback files...
> 

[INFO] : Loading display.tcl from /mnt/designkits/gf180MCU/dk_ncsu/gf180mcu_cc_0.1/Models_HSPICE

 if you wish to Load other display.tcl, please set shell environment valiable "iPDK_load_display_gf180mcu" to value = 0
> 

> 
Warning: Could not set the value of preference xtEMIRLPEStarTcadGrdFile because it does not exist. (PREFERENCE-016)
> 
	#######################################
> 
	CC-PDK Library Name	: gf180MCU Open
> 
	#######################################
> 

> 
source /home/argershm/180-voltmeter/Analog/cc/simulation/integrator,tb_main_opamp,schematic/history_1/.nw_preference_script.tcl OK!
> 
DSPF Options: {hierDelim==|}||{termDelim==:}||{fingerChar==@}||{multiplierString==_nettran_}||{aggregateCurrent==1}||{MOSTermNames==d g s b}||{MOSTermOrder==D G S B}||{MOSTermDspfNames==DRC GATE SRC BULK}||{firstChars==XM}||{probeHierDelim==/}||{caseSensitive==1}||{firstChar==M}||{hierPrefix==X}||{nodePrefix==M}||{plotTermVoltageForNet==0}||{mapNetToMosTerminal==}||{mapSlashDelimToDot==1}||{probePortCurrent==1}||{busBit==[]}||{removeNodePrefix==1}||{nlConDelim==.}||{mosModelType==auto}||{keepSchName==0}
> 
_workerLoadStateAction done!
> 
New worker app start done.
PWDP: **information** Worker instantiate primewave handle success!
pw_worker _createCalculateEngine got job!
> 
pw_worker _createCalculateEngine OK!
> 
PWDP: job [2] exit code :[0].
PWDP: task runs done or quit!
PWDP: PWDP: **info** task process exit ok:PrimeSim_14
PWDP: request pilot begin ... 
PWDP: got PILOTOK.
PWDP: request pilot done.
_getSimulationDetails : 
> 
tbName=diff_mode_gain, Mtb=0
> 
Got stb tb ok!
> 
Self resultsDir: ./simulation
> 
Self databaseDir: /home/argershm/180-voltmeter/Analog/cc/simulation/integrator,tb_main_opamp,schematic/history_1/simulation/diff_mode_gain/PrimeSimSPICE/parametric/results
> 
source /mnt/apps/public/COE/synopsys_apps/primewave/W-2024.09-SP1-2/auxx/sae/matlab_script.tcl OK
> 
_createResultsMap done!
> 
###write_child - resultsDir=/home/argershm/180-voltmeter/Analog/cc/simulation/integrator,tb_main_opamp,schematic/history_1/simulation/diff_mode_gain/PrimeSimSPICE/parametric/L=0.794328/results
 masterResultsDir=/home/argershm/180-voltmeter/Analog/cc/simulation/integrator,tb_main_opamp,schematic/history_1/simulation/diff_mode_gain/PrimeSimSPICE/parametric/results
 databaseDir=/home/argershm/180-voltmeter/Analog/cc/simulation/integrator,tb_main_opamp,schematic/history_1/simulation/diff_mode_gain/PrimeSimSPICE/parametric/results
 UniqueName=saeSession4, isPilot=false
> 

> 
pw_worker child CE begin!
> 
pw_worker invokes measurement finished.
> 
pw_worker writeSimMap finsied.
> 
_simulationDoneAction done without exception!
> 
New Worker New CE ready proc entered.
> 
Got file /home/argershm/180-voltmeter/Analog/cc/simulation/integrator,tb_main_opamp,schematic/history_1/simulation/diff_mode_gain/PrimeSimSPICE/parametric/L=0.794328/results/.ceFinished
> 
touch /home/argershm/180-voltmeter/Analog/cc/simulation/integrator,tb_main_opamp,schematic/history_1/simulation/diff_mode_gain/PrimeSimSPICE/parametric/L=0.794328/results/.unitedSimFinished
> 
Calc Job Done!
> 
New Worker New CE exit
> worker W3 task time :13.
[09-06-2025 18:44:16] New Worker Job Details:
isReRun=0
simulator=PrimeSim
workingDir=/home/argershm/180-voltmeter/Analog/cc
historyName=history_1
stateType=0
sweep=L=0.251189
nominal=0
uniqueName=saeSession4
testbench=diff_mode_gain
resultsDir=/home/argershm/180-voltmeter/Analog/cc/simulation/integrator,tb_main_opamp,schematic/history_1/simulation/diff_mode_gain/PrimeSimSPICE/parametric/L=0.251189/results
runMode=new
historyIndex=1
preRun=0
session=saeSession4
masterResultsDir=/home/argershm/180-voltmeter/Analog/cc/simulation/integrator,tb_main_opamp,schematic/history_1/simulation/diff_mode_gain/PrimeSimSPICE/parametric/results
logInfo={point: L=0.251189}
diskTestSuiteName,integrator,tb_main_opamp,schematic

#####New Worker job begin - Self history dir=/home/argershm/180-voltmeter/Analog/cc/simulation/integrator,tb_main_opamp,schematic
> 
JobData-keys: 0,PrimeSim,history_1,1,/home/argershm/180-voltmeter/Analog/cc/simulation/integrator,tb_main_opamp,schematic/history_1/simulation/diff_mode_gain/PrimeSimSPICE/parametric/results,/home/argershm/180-voltmeter/Analog/cc/simulation/integrator,tb_main_opamp,schematic

pw_worker _createCalculateEngine got job!
> 
pw_worker _createCalculateEngine OK!
> 
PWDP: job [9] exit code :[0].
PWDP: task runs done or quit!
PWDP: PWDP: **info** task process exit ok:PrimeSim_21
PWDP: request pilot begin ... 
PWDP: got PILOTOK.
PWDP: request pilot done.
New Worker New CE ready proc entered.
> 
_getSimulationDetails : 
> 
tbName=diff_mode_gain, Mtb=0
> 
Got stb tb ok!
> 
Self resultsDir: ./simulation
> 
Self databaseDir: /home/argershm/180-voltmeter/Analog/cc/simulation/integrator,tb_main_opamp,schematic/history_1/simulation/diff_mode_gain/PrimeSimSPICE/parametric/results
> 
_createResultsMap done!
> 
###write_child - resultsDir=/home/argershm/180-voltmeter/Analog/cc/simulation/integrator,tb_main_opamp,schematic/history_1/simulation/diff_mode_gain/PrimeSimSPICE/parametric/L=0.251189/results
 masterResultsDir=/home/argershm/180-voltmeter/Analog/cc/simulation/integrator,tb_main_opamp,schematic/history_1/simulation/diff_mode_gain/PrimeSimSPICE/parametric/results
 databaseDir=/home/argershm/180-voltmeter/Analog/cc/simulation/integrator,tb_main_opamp,schematic/history_1/simulation/diff_mode_gain/PrimeSimSPICE/parametric/results
 UniqueName=saeSession4, isPilot=false
> 

> 
pw_worker child CE begin!
> 
pw_worker invokes measurement finished.
> 
pw_worker writeSimMap finsied.
> 
_simulationDoneAction done without exception!
> 
Got file /home/argershm/180-voltmeter/Analog/cc/simulation/integrator,tb_main_opamp,schematic/history_1/simulation/diff_mode_gain/PrimeSimSPICE/parametric/L=0.251189/results/.ceFinished
> 
touch /home/argershm/180-voltmeter/Analog/cc/simulation/integrator,tb_main_opamp,schematic/history_1/simulation/diff_mode_gain/PrimeSimSPICE/parametric/L=0.251189/results/.unitedSimFinished
> 
Calc Job Done!
> 
New Worker New CE exit
> 
[09-06-2025 18:44:19] New Worker Job Details:
isReRun=0
simulator=PrimeSim
workingDir=/home/argershm/180-voltmeter/Analog/cc
historyName=history_1
stateType=0
sweep=L=1
nominal=0
uniqueName=saeSession4
testbench=diff_mode_gain
resultsDir=/home/argershm/180-voltmeter/Analog/cc/simulation/integrator,tb_main_opamp,schematic/history_1/simulation/diff_mode_gain/PrimeSimSPICE/parametric/L=1/results
runMode=new
historyIndex=1
preRun=0
session=saeSession4
masterResultsDir=/home/argershm/180-voltmeter/Analog/cc/simulation/integrator,tb_main_opamp,schematic/history_1/simulation/diff_mode_gain/PrimeSimSPICE/parametric/results
logInfo={point: L=1}
diskTestSuiteName,integrator,tb_main_opamp,schematic

#####New Worker job begin - Self history dir=/home/argershm/180-voltmeter/Analog/cc/simulation/integrator,tb_main_opamp,schematic
> 
JobData-keys: 0,PrimeSim,history_1,1,/home/argershm/180-voltmeter/Analog/cc/simulation/integrator,tb_main_opamp,schematic/history_1/simulation/diff_mode_gain/PrimeSimSPICE/parametric/results,/home/argershm/180-voltmeter/Analog/cc/simulation/integrator,tb_main_opamp,schematic

pw_worker _createCalculateEngine got job!
> 
pw_worker _createCalculateEngine OK!
> 
PWDP: job [12] exit code :[0].
PWDP: task runs done or quit!
PWDP: PWDP: **info** task process exit ok:PrimeSim_24
PWDP: request pilot begin ... 
PWDP: got PILOTOK.
PWDP: request pilot done.
New Worker New CE ready proc entered.
> 
_getSimulationDetails : 
> 
tbName=diff_mode_gain, Mtb=0
> 
Got stb tb ok!
> 
Self resultsDir: ./simulation
> 
Self databaseDir: /home/argershm/180-voltmeter/Analog/cc/simulation/integrator,tb_main_opamp,schematic/history_1/simulation/diff_mode_gain/PrimeSimSPICE/parametric/results
> 
_createResultsMap done!
> 
###write_child - resultsDir=/home/argershm/180-voltmeter/Analog/cc/simulation/integrator,tb_main_opamp,schematic/history_1/simulation/diff_mode_gain/PrimeSimSPICE/parametric/L=1/results
 masterResultsDir=/home/argershm/180-voltmeter/Analog/cc/simulation/integrator,tb_main_opamp,schematic/history_1/simulation/diff_mode_gain/PrimeSimSPICE/parametric/results
 databaseDir=/home/argershm/180-voltmeter/Analog/cc/simulation/integrator,tb_main_opamp,schematic/history_1/simulation/diff_mode_gain/PrimeSimSPICE/parametric/results
 UniqueName=saeSession4, isPilot=false
> 

> 
pw_worker child CE begin!
> 
pw_worker invokes measurement finished.
> 
pw_worker writeSimMap finsied.
> 
_simulationDoneAction done without exception!
> 
Got file /home/argershm/180-voltmeter/Analog/cc/simulation/integrator,tb_main_opamp,schematic/history_1/simulation/diff_mode_gain/PrimeSimSPICE/parametric/L=1/results/.ceFinished
> 
touch /home/argershm/180-voltmeter/Analog/cc/simulation/integrator,tb_main_opamp,schematic/history_1/simulation/diff_mode_gain/PrimeSimSPICE/parametric/L=1/results/.unitedSimFinished
> 
Calc Job Done!
> 
New Worker New CE exit
> 
[09-06-2025 18:44:21] New Worker Job Details:
isReRun=0
simulator=PrimeSim
workingDir=/home/argershm/180-voltmeter/Analog/cc
historyName=history_1
stateType=0
sweep=L=1.99526u
nominal=0
uniqueName=saeSession4
testbench=diff_mode_gain
resultsDir=/home/argershm/180-voltmeter/Analog/cc/simulation/integrator,tb_main_opamp,schematic/history_1/simulation/diff_mode_gain/PrimeSimSPICE/parametric/L=1.99526u/results
runMode=new
historyIndex=1
preRun=0
session=saeSession4
masterResultsDir=/home/argershm/180-voltmeter/Analog/cc/simulation/integrator,tb_main_opamp,schematic/history_1/simulation/diff_mode_gain/PrimeSimSPICE/parametric/results
logInfo={point: L=1.99526u}
diskTestSuiteName,integrator,tb_main_opamp,schematic

#####New Worker job begin - Self history dir=/home/argershm/180-voltmeter/Analog/cc/simulation/integrator,tb_main_opamp,schematic
> 
JobData-keys: 0,PrimeSim,history_1,1,/home/argershm/180-voltmeter/Analog/cc/simulation/integrator,tb_main_opamp,schematic/history_1/simulation/diff_mode_gain/PrimeSimSPICE/parametric/results,/home/argershm/180-voltmeter/Analog/cc/simulation/integrator,tb_main_opamp,schematic

pw_worker _createCalculateEngine got job!
> 
pw_worker _createCalculateEngine OK!
> 
PWDP: job [15] exit code :[0].
PWDP: task runs done or quit!
PWDP: PWDP: **info** task process exit ok:PrimeSim_27
PWDP: request pilot begin ... 
PWDP: got PILOTOK.
PWDP: request pilot done.
New Worker New CE ready proc entered.
> 
_getSimulationDetails : 
> 
tbName=diff_mode_gain, Mtb=0
> 
Got stb tb ok!
> 
Self resultsDir: ./simulation
> 
Self databaseDir: /home/argershm/180-voltmeter/Analog/cc/simulation/integrator,tb_main_opamp,schematic/history_1/simulation/diff_mode_gain/PrimeSimSPICE/parametric/results
> 
_createResultsMap done!
> 
###write_child - resultsDir=/home/argershm/180-voltmeter/Analog/cc/simulation/integrator,tb_main_opamp,schematic/history_1/simulation/diff_mode_gain/PrimeSimSPICE/parametric/L=1.99526u/results
 masterResultsDir=/home/argershm/180-voltmeter/Analog/cc/simulation/integrator,tb_main_opamp,schematic/history_1/simulation/diff_mode_gain/PrimeSimSPICE/parametric/results
 databaseDir=/home/argershm/180-voltmeter/Analog/cc/simulation/integrator,tb_main_opamp,schematic/history_1/simulation/diff_mode_gain/PrimeSimSPICE/parametric/results
 UniqueName=saeSession4, isPilot=false
> 

> 
pw_worker child CE begin!
> 
pw_worker invokes measurement finished.
> 
pw_worker writeSimMap finsied.
> 
_simulationDoneAction done without exception!
> 
Got file /home/argershm/180-voltmeter/Analog/cc/simulation/integrator,tb_main_opamp,schematic/history_1/simulation/diff_mode_gain/PrimeSimSPICE/parametric/L=1.99526u/results/.ceFinished
> 
touch /home/argershm/180-voltmeter/Analog/cc/simulation/integrator,tb_main_opamp,schematic/history_1/simulation/diff_mode_gain/PrimeSimSPICE/parametric/L=1.99526u/results/.unitedSimFinished
> 
Calc Job Done!
> 
New Worker New CE exit
> 
[09-06-2025 18:44:23] New Worker Job Details:
isReRun=0
simulator=PrimeSim
workingDir=/home/argershm/180-voltmeter/Analog/cc
historyName=history_1
stateType=0
sweep=L=3.98107u
nominal=0
uniqueName=saeSession4
testbench=diff_mode_gain
resultsDir=/home/argershm/180-voltmeter/Analog/cc/simulation/integrator,tb_main_opamp,schematic/history_1/simulation/diff_mode_gain/PrimeSimSPICE/parametric/L=3.98107u/results
runMode=new
historyIndex=1
preRun=0
session=saeSession4
masterResultsDir=/home/argershm/180-voltmeter/Analog/cc/simulation/integrator,tb_main_opamp,schematic/history_1/simulation/diff_mode_gain/PrimeSimSPICE/parametric/results
logInfo={point: L=3.98107u}
diskTestSuiteName,integrator,tb_main_opamp,schematic

#####New Worker job begin - Self history dir=/home/argershm/180-voltmeter/Analog/cc/simulation/integrator,tb_main_opamp,schematic
> 
JobData-keys: 0,PrimeSim,history_1,1,/home/argershm/180-voltmeter/Analog/cc/simulation/integrator,tb_main_opamp,schematic/history_1/simulation/diff_mode_gain/PrimeSimSPICE/parametric/results,/home/argershm/180-voltmeter/Analog/cc/simulation/integrator,tb_main_opamp,schematic

pw_worker _createCalculateEngine got job!
> 
pw_worker _createCalculateEngine OK!
> 
PWDP: job [18] exit code :[0].
PWDP: task runs done or quit!
PWDP: PWDP: **info** task process exit ok:PrimeSim_30
PWDP: request pilot begin ... 
PWDP: got PILOTOK.
PWDP: request pilot done.
New Worker New CE ready proc entered.
> 
_getSimulationDetails : 
> 
tbName=diff_mode_gain, Mtb=0
> 
Got stb tb ok!
> 
Self resultsDir: ./simulation
> 
Self databaseDir: /home/argershm/180-voltmeter/Analog/cc/simulation/integrator,tb_main_opamp,schematic/history_1/simulation/diff_mode_gain/PrimeSimSPICE/parametric/results
> 
_createResultsMap done!
> 
###write_child - resultsDir=/home/argershm/180-voltmeter/Analog/cc/simulation/integrator,tb_main_opamp,schematic/history_1/simulation/diff_mode_gain/PrimeSimSPICE/parametric/L=3.98107u/results
 masterResultsDir=/home/argershm/180-voltmeter/Analog/cc/simulation/integrator,tb_main_opamp,schematic/history_1/simulation/diff_mode_gain/PrimeSimSPICE/parametric/results
 databaseDir=/home/argershm/180-voltmeter/Analog/cc/simulation/integrator,tb_main_opamp,schematic/history_1/simulation/diff_mode_gain/PrimeSimSPICE/parametric/results
 UniqueName=saeSession4, isPilot=false
> 

> 
pw_worker child CE begin!
> 
pw_worker invokes measurement finished.
> 
pw_worker writeSimMap finsied.
> 
_simulationDoneAction done without exception!
> 
Got file /home/argershm/180-voltmeter/Analog/cc/simulation/integrator,tb_main_opamp,schematic/history_1/simulation/diff_mode_gain/PrimeSimSPICE/parametric/L=3.98107u/results/.ceFinished
> 
touch /home/argershm/180-voltmeter/Analog/cc/simulation/integrator,tb_main_opamp,schematic/history_1/simulation/diff_mode_gain/PrimeSimSPICE/parametric/L=3.98107u/results/.unitedSimFinished
> 
Calc Job Done!
> 
New Worker New CE exit
> 
[09-06-2025 18:44:25] New Worker Job Details:
isReRun=0
simulator=PrimeSim
workingDir=/home/argershm/180-voltmeter/Analog/cc
historyName=history_1
stateType=0
sweep=L=7.94328u
nominal=0
uniqueName=saeSession4
testbench=diff_mode_gain
resultsDir=/home/argershm/180-voltmeter/Analog/cc/simulation/integrator,tb_main_opamp,schematic/history_1/simulation/diff_mode_gain/PrimeSimSPICE/parametric/L=7.94328u/results
runMode=new
historyIndex=1
preRun=0
session=saeSession4
masterResultsDir=/home/argershm/180-voltmeter/Analog/cc/simulation/integrator,tb_main_opamp,schematic/history_1/simulation/diff_mode_gain/PrimeSimSPICE/parametric/results
logInfo={point: L=7.94328u}
diskTestSuiteName,integrator,tb_main_opamp,schematic

#####New Worker job begin - Self history dir=/home/argershm/180-voltmeter/Analog/cc/simulation/integrator,tb_main_opamp,schematic
> 
JobData-keys: 0,PrimeSim,history_1,1,/home/argershm/180-voltmeter/Analog/cc/simulation/integrator,tb_main_opamp,schematic/history_1/simulation/diff_mode_gain/PrimeSimSPICE/parametric/results,/home/argershm/180-voltmeter/Analog/cc/simulation/integrator,tb_main_opamp,schematic

pw_worker _createCalculateEngine got job!
> 
pw_worker _createCalculateEngine OK!
> 
PWDP: job [21] exit code :[0].
PWDP: task runs done or quit!
PWDP: PWDP: **info** task process exit ok:PrimeSim_33
PWDP: request pilot begin ... 
PWDP: got PILOTOK.
PWDP: request pilot done.
New Worker New CE ready proc entered.
> 
_getSimulationDetails : 
> 
tbName=diff_mode_gain, Mtb=0
> 
Got stb tb ok!
> 
Self resultsDir: ./simulation
> 
Self databaseDir: /home/argershm/180-voltmeter/Analog/cc/simulation/integrator,tb_main_opamp,schematic/history_1/simulation/diff_mode_gain/PrimeSimSPICE/parametric/results
> 
_createResultsMap done!
> 
###write_child - resultsDir=/home/argershm/180-voltmeter/Analog/cc/simulation/integrator,tb_main_opamp,schematic/history_1/simulation/diff_mode_gain/PrimeSimSPICE/parametric/L=7.94328u/results
 masterResultsDir=/home/argershm/180-voltmeter/Analog/cc/simulation/integrator,tb_main_opamp,schematic/history_1/simulation/diff_mode_gain/PrimeSimSPICE/parametric/results
 databaseDir=/home/argershm/180-voltmeter/Analog/cc/simulation/integrator,tb_main_opamp,schematic/history_1/simulation/diff_mode_gain/PrimeSimSPICE/parametric/results
 UniqueName=saeSession4, isPilot=false
> 

> 
pw_worker child CE begin!
> 
pw_worker invokes measurement finished.
> 
pw_worker writeSimMap finsied.
> 
_simulationDoneAction done without exception!
> 
Got file /home/argershm/180-voltmeter/Analog/cc/simulation/integrator,tb_main_opamp,schematic/history_1/simulation/diff_mode_gain/PrimeSimSPICE/parametric/L=7.94328u/results/.ceFinished
> 
touch /home/argershm/180-voltmeter/Analog/cc/simulation/integrator,tb_main_opamp,schematic/history_1/simulation/diff_mode_gain/PrimeSimSPICE/parametric/L=7.94328u/results/.unitedSimFinished
> 
Calc Job Done!
> 
New Worker New CE exit
> 
[09-06-2025 18:44:28] New Worker Job Details:
isReRun=0
simulator=PrimeSim
workingDir=/home/argershm/180-voltmeter/Analog/cc
historyName=history_1
stateType=0
sweep=L=15.8489u
nominal=0
uniqueName=saeSession4
testbench=diff_mode_gain
resultsDir=/home/argershm/180-voltmeter/Analog/cc/simulation/integrator,tb_main_opamp,schematic/history_1/simulation/diff_mode_gain/PrimeSimSPICE/parametric/L=15.8489u/results
runMode=new
historyIndex=1
preRun=0
session=saeSession4
masterResultsDir=/home/argershm/180-voltmeter/Analog/cc/simulation/integrator,tb_main_opamp,schematic/history_1/simulation/diff_mode_gain/PrimeSimSPICE/parametric/results
logInfo={point: L=15.8489u}
diskTestSuiteName,integrator,tb_main_opamp,schematic

#####New Worker job begin - Self history dir=/home/argershm/180-voltmeter/Analog/cc/simulation/integrator,tb_main_opamp,schematic
> 
JobData-keys: 0,PrimeSim,history_1,1,/home/argershm/180-voltmeter/Analog/cc/simulation/integrator,tb_main_opamp,schematic/history_1/simulation/diff_mode_gain/PrimeSimSPICE/parametric/results,/home/argershm/180-voltmeter/Analog/cc/simulation/integrator,tb_main_opamp,schematic

pw_worker _createCalculateEngine got job!
> 
pw_worker _createCalculateEngine OK!
> 
PWDP: job [24] exit code :[0].
PWDP: task runs done or quit!
PWDP: PWDP: **info** task process exit ok:PrimeSim_36
PWDP: request pilot begin ... 
PWDP: got PILOTOK.
PWDP: request pilot done.
New Worker New CE ready proc entered.
> 
_getSimulationDetails : 
> 
tbName=diff_mode_gain, Mtb=0
> 
Got stb tb ok!
> 
Self resultsDir: ./simulation
> 
Self databaseDir: /home/argershm/180-voltmeter/Analog/cc/simulation/integrator,tb_main_opamp,schematic/history_1/simulation/diff_mode_gain/PrimeSimSPICE/parametric/results
> 
_createResultsMap done!
> 
###write_child - resultsDir=/home/argershm/180-voltmeter/Analog/cc/simulation/integrator,tb_main_opamp,schematic/history_1/simulation/diff_mode_gain/PrimeSimSPICE/parametric/L=15.8489u/results
 masterResultsDir=/home/argershm/180-voltmeter/Analog/cc/simulation/integrator,tb_main_opamp,schematic/history_1/simulation/diff_mode_gain/PrimeSimSPICE/parametric/results
 databaseDir=/home/argershm/180-voltmeter/Analog/cc/simulation/integrator,tb_main_opamp,schematic/history_1/simulation/diff_mode_gain/PrimeSimSPICE/parametric/results
 UniqueName=saeSession4, isPilot=false
> 

> 
pw_worker child CE begin!
> 
pw_worker invokes measurement finished.
> 
pw_worker writeSimMap finsied.
> 
_simulationDoneAction done without exception!
> 
Got file /home/argershm/180-voltmeter/Analog/cc/simulation/integrator,tb_main_opamp,schematic/history_1/simulation/diff_mode_gain/PrimeSimSPICE/parametric/L=15.8489u/results/.ceFinished
> 
touch /home/argershm/180-voltmeter/Analog/cc/simulation/integrator,tb_main_opamp,schematic/history_1/simulation/diff_mode_gain/PrimeSimSPICE/parametric/L=15.8489u/results/.unitedSimFinished
> 
Calc Job Done!
> 
New Worker New CE exit
> 
[09-06-2025 18:44:30] New Worker Job Details:
isReRun=0
simulator=PrimeSim
workingDir=/home/argershm/180-voltmeter/Analog/cc
historyName=history_1
stateType=0
sweep=L=31.6228u
nominal=0
uniqueName=saeSession4
testbench=diff_mode_gain
resultsDir=/home/argershm/180-voltmeter/Analog/cc/simulation/integrator,tb_main_opamp,schematic/history_1/simulation/diff_mode_gain/PrimeSimSPICE/parametric/L=31.6228u/results
runMode=new
historyIndex=1
preRun=0
session=saeSession4
masterResultsDir=/home/argershm/180-voltmeter/Analog/cc/simulation/integrator,tb_main_opamp,schematic/history_1/simulation/diff_mode_gain/PrimeSimSPICE/parametric/results
logInfo={point: L=31.6228u}
diskTestSuiteName,integrator,tb_main_opamp,schematic

#####New Worker job begin - Self history dir=/home/argershm/180-voltmeter/Analog/cc/simulation/integrator,tb_main_opamp,schematic
> 
JobData-keys: 0,PrimeSim,history_1,1,/home/argershm/180-voltmeter/Analog/cc/simulation/integrator,tb_main_opamp,schematic/history_1/simulation/diff_mode_gain/PrimeSimSPICE/parametric/results,/home/argershm/180-voltmeter/Analog/cc/simulation/integrator,tb_main_opamp,schematic

pw_worker _createCalculateEngine got job!
> 
pw_worker _createCalculateEngine OK!
> 
PWDP: job [27] exit code :[0].
PWDP: task runs done or quit!
PWDP: PWDP: **info** task process exit ok:PrimeSim_39
PWDP: request pilot begin ... 
PWDP: got PILOTOK.
PWDP: request pilot done.
New Worker New CE ready proc entered.
> 
_getSimulationDetails : 
> 
tbName=diff_mode_gain, Mtb=0
> 
Got stb tb ok!
> 
Self resultsDir: ./simulation
> 
Self databaseDir: /home/argershm/180-voltmeter/Analog/cc/simulation/integrator,tb_main_opamp,schematic/history_1/simulation/diff_mode_gain/PrimeSimSPICE/parametric/results
> 
_createResultsMap done!
> 
###write_child - resultsDir=/home/argershm/180-voltmeter/Analog/cc/simulation/integrator,tb_main_opamp,schematic/history_1/simulation/diff_mode_gain/PrimeSimSPICE/parametric/L=31.6228u/results
 masterResultsDir=/home/argershm/180-voltmeter/Analog/cc/simulation/integrator,tb_main_opamp,schematic/history_1/simulation/diff_mode_gain/PrimeSimSPICE/parametric/results
 databaseDir=/home/argershm/180-voltmeter/Analog/cc/simulation/integrator,tb_main_opamp,schematic/history_1/simulation/diff_mode_gain/PrimeSimSPICE/parametric/results
 UniqueName=saeSession4, isPilot=false
> 

> 
pw_worker child CE begin!
> 
pw_worker invokes measurement finished.
> 
pw_worker writeSimMap finsied.
> 
_simulationDoneAction done without exception!
> 
Got file /home/argershm/180-voltmeter/Analog/cc/simulation/integrator,tb_main_opamp,schematic/history_1/simulation/diff_mode_gain/PrimeSimSPICE/parametric/L=31.6228u/results/.ceFinished
> 
touch /home/argershm/180-voltmeter/Analog/cc/simulation/integrator,tb_main_opamp,schematic/history_1/simulation/diff_mode_gain/PrimeSimSPICE/parametric/L=31.6228u/results/.unitedSimFinished
> 
Calc Job Done!
> 
New Worker New CE exit
> 
[09-06-2025 18:44:32] New Worker Job Details:
isReRun=0
simulator=PrimeSim
workingDir=/home/argershm/180-voltmeter/Analog/cc
historyName=history_1
stateType=0
sweep=L=63.0957u
nominal=0
uniqueName=saeSession4
testbench=diff_mode_gain
resultsDir=/home/argershm/180-voltmeter/Analog/cc/simulation/integrator,tb_main_opamp,schematic/history_1/simulation/diff_mode_gain/PrimeSimSPICE/parametric/L=63.0957u/results
runMode=new
historyIndex=1
preRun=0
session=saeSession4
masterResultsDir=/home/argershm/180-voltmeter/Analog/cc/simulation/integrator,tb_main_opamp,schematic/history_1/simulation/diff_mode_gain/PrimeSimSPICE/parametric/results
logInfo={point: L=63.0957u}
diskTestSuiteName,integrator,tb_main_opamp,schematic

#####New Worker job begin - Self history dir=/home/argershm/180-voltmeter/Analog/cc/simulation/integrator,tb_main_opamp,schematic
> 
JobData-keys: 0,PrimeSim,history_1,1,/home/argershm/180-voltmeter/Analog/cc/simulation/integrator,tb_main_opamp,schematic/history_1/simulation/diff_mode_gain/PrimeSimSPICE/parametric/results,/home/argershm/180-voltmeter/Analog/cc/simulation/integrator,tb_main_opamp,schematic

pw_worker _createCalculateEngine got job!
> 
pw_worker _createCalculateEngine OK!
> 
PWDP: job [30] exit code :[0].
PWDP: task runs done or quit!
PWDP: PWDP: **info** task process exit ok:PrimeSim_42
PWDP: request pilot begin ... 
PWDP: got PILOTOK.
PWDP: request pilot done.
New Worker New CE ready proc entered.
> 
_getSimulationDetails : 
> 
tbName=diff_mode_gain, Mtb=0
> 
Got stb tb ok!
> 
Self resultsDir: ./simulation
> 
Self databaseDir: /home/argershm/180-voltmeter/Analog/cc/simulation/integrator,tb_main_opamp,schematic/history_1/simulation/diff_mode_gain/PrimeSimSPICE/parametric/results
> 
_createResultsMap done!
> 
###write_child - resultsDir=/home/argershm/180-voltmeter/Analog/cc/simulation/integrator,tb_main_opamp,schematic/history_1/simulation/diff_mode_gain/PrimeSimSPICE/parametric/L=63.0957u/results
 masterResultsDir=/home/argershm/180-voltmeter/Analog/cc/simulation/integrator,tb_main_opamp,schematic/history_1/simulation/diff_mode_gain/PrimeSimSPICE/parametric/results
 databaseDir=/home/argershm/180-voltmeter/Analog/cc/simulation/integrator,tb_main_opamp,schematic/history_1/simulation/diff_mode_gain/PrimeSimSPICE/parametric/results
 UniqueName=saeSession4, isPilot=false
> 

> 
pw_worker child CE begin!
> 
pw_worker invokes measurement finished.
> 
pw_worker writeSimMap finsied.
> 
_simulationDoneAction done without exception!
> 
Got file /home/argershm/180-voltmeter/Analog/cc/simulation/integrator,tb_main_opamp,schematic/history_1/simulation/diff_mode_gain/PrimeSimSPICE/parametric/L=63.0957u/results/.ceFinished
> 
touch /home/argershm/180-voltmeter/Analog/cc/simulation/integrator,tb_main_opamp,schematic/history_1/simulation/diff_mode_gain/PrimeSimSPICE/parametric/L=63.0957u/results/.unitedSimFinished
> 
Calc Job Done!
> 
New Worker New CE exit
> 
[09-06-2025 18:44:34] New Worker Job Details:
isReRun=0
simulator=PrimeSim
workingDir=/home/argershm/180-voltmeter/Analog/cc
historyName=history_1
stateType=0
sweep=L=0.125893m
nominal=0
uniqueName=saeSession4
testbench=diff_mode_gain
resultsDir=/home/argershm/180-voltmeter/Analog/cc/simulation/integrator,tb_main_opamp,schematic/history_1/simulation/diff_mode_gain/PrimeSimSPICE/parametric/L=0.125893m/results
runMode=new
historyIndex=1
preRun=0
session=saeSession4
masterResultsDir=/home/argershm/180-voltmeter/Analog/cc/simulation/integrator,tb_main_opamp,schematic/history_1/simulation/diff_mode_gain/PrimeSimSPICE/parametric/results
logInfo={point: L=0.125893m}
diskTestSuiteName,integrator,tb_main_opamp,schematic

#####New Worker job begin - Self history dir=/home/argershm/180-voltmeter/Analog/cc/simulation/integrator,tb_main_opamp,schematic
> 
JobData-keys: 0,PrimeSim,history_1,1,/home/argershm/180-voltmeter/Analog/cc/simulation/integrator,tb_main_opamp,schematic/history_1/simulation/diff_mode_gain/PrimeSimSPICE/parametric/results,/home/argershm/180-voltmeter/Analog/cc/simulation/integrator,tb_main_opamp,schematic

pw_worker _createCalculateEngine got job!
> 
pw_worker _createCalculateEngine OK!
> 
PWDP: job [33] exit code :[0].
PWDP: task runs done or quit!
PWDP: PWDP: **info** task process exit ok:PrimeSim_45
PWDP: request pilot begin ... 
PWDP: got PILOTOK.
PWDP: request pilot done.
New Worker New CE ready proc entered.
> 
_getSimulationDetails : 
> 
tbName=diff_mode_gain, Mtb=0
> 
Got stb tb ok!
> 
Self resultsDir: ./simulation
> 
Self databaseDir: /home/argershm/180-voltmeter/Analog/cc/simulation/integrator,tb_main_opamp,schematic/history_1/simulation/diff_mode_gain/PrimeSimSPICE/parametric/results
> 
_createResultsMap done!
> 
###write_child - resultsDir=/home/argershm/180-voltmeter/Analog/cc/simulation/integrator,tb_main_opamp,schematic/history_1/simulation/diff_mode_gain/PrimeSimSPICE/parametric/L=0.125893m/results
 masterResultsDir=/home/argershm/180-voltmeter/Analog/cc/simulation/integrator,tb_main_opamp,schematic/history_1/simulation/diff_mode_gain/PrimeSimSPICE/parametric/results
 databaseDir=/home/argershm/180-voltmeter/Analog/cc/simulation/integrator,tb_main_opamp,schematic/history_1/simulation/diff_mode_gain/PrimeSimSPICE/parametric/results
 UniqueName=saeSession4, isPilot=false
> 

> 
pw_worker child CE begin!
> 
pw_worker invokes measurement finished.
> 
pw_worker writeSimMap finsied.
> 
_simulationDoneAction done without exception!
> 
Got file /home/argershm/180-voltmeter/Analog/cc/simulation/integrator,tb_main_opamp,schematic/history_1/simulation/diff_mode_gain/PrimeSimSPICE/parametric/L=0.125893m/results/.ceFinished
> 
touch /home/argershm/180-voltmeter/Analog/cc/simulation/integrator,tb_main_opamp,schematic/history_1/simulation/diff_mode_gain/PrimeSimSPICE/parametric/L=0.125893m/results/.unitedSimFinished
> 
Calc Job Done!
> 
New Worker New CE exit
> 
[09-06-2025 18:44:37] New Worker Job Details:
isReRun=0
simulator=PrimeSim
workingDir=/home/argershm/180-voltmeter/Analog/cc
historyName=history_1
stateType=0
sweep=L=0.251189m
nominal=0
uniqueName=saeSession4
testbench=diff_mode_gain
resultsDir=/home/argershm/180-voltmeter/Analog/cc/simulation/integrator,tb_main_opamp,schematic/history_1/simulation/diff_mode_gain/PrimeSimSPICE/parametric/L=0.251189m/results
runMode=new
historyIndex=1
preRun=0
session=saeSession4
masterResultsDir=/home/argershm/180-voltmeter/Analog/cc/simulation/integrator,tb_main_opamp,schematic/history_1/simulation/diff_mode_gain/PrimeSimSPICE/parametric/results
logInfo={point: L=0.251189m}
diskTestSuiteName,integrator,tb_main_opamp,schematic

#####New Worker job begin - Self history dir=/home/argershm/180-voltmeter/Analog/cc/simulation/integrator,tb_main_opamp,schematic
> 
JobData-keys: 0,PrimeSim,history_1,1,/home/argershm/180-voltmeter/Analog/cc/simulation/integrator,tb_main_opamp,schematic/history_1/simulation/diff_mode_gain/PrimeSimSPICE/parametric/results,/home/argershm/180-voltmeter/Analog/cc/simulation/integrator,tb_main_opamp,schematic

pw_worker _createCalculateEngine got job!
> 
pw_worker _createCalculateEngine OK!
> 
PWDP: job [36] exit code :[0].
PWDP: task runs done or quit!
PWDP: PWDP: **info** task process exit ok:PrimeSim_48
PWDP: request pilot begin ... 
PWDP: got PILOTOK.
PWDP: request pilot done.
New Worker New CE ready proc entered.
> 
_getSimulationDetails : 
> 
tbName=diff_mode_gain, Mtb=0
> 
Got stb tb ok!
> 
Self resultsDir: ./simulation
> 
Self databaseDir: /home/argershm/180-voltmeter/Analog/cc/simulation/integrator,tb_main_opamp,schematic/history_1/simulation/diff_mode_gain/PrimeSimSPICE/parametric/results
> 
_createResultsMap done!
> 
###write_child - resultsDir=/home/argershm/180-voltmeter/Analog/cc/simulation/integrator,tb_main_opamp,schematic/history_1/simulation/diff_mode_gain/PrimeSimSPICE/parametric/L=0.251189m/results
 masterResultsDir=/home/argershm/180-voltmeter/Analog/cc/simulation/integrator,tb_main_opamp,schematic/history_1/simulation/diff_mode_gain/PrimeSimSPICE/parametric/results
 databaseDir=/home/argershm/180-voltmeter/Analog/cc/simulation/integrator,tb_main_opamp,schematic/history_1/simulation/diff_mode_gain/PrimeSimSPICE/parametric/results
 UniqueName=saeSession4, isPilot=false
> 

> 
pw_worker child CE begin!
> 
pw_worker invokes measurement finished.
> 
pw_worker writeSimMap finsied.
> 
_simulationDoneAction done without exception!
> 
Got file /home/argershm/180-voltmeter/Analog/cc/simulation/integrator,tb_main_opamp,schematic/history_1/simulation/diff_mode_gain/PrimeSimSPICE/parametric/L=0.251189m/results/.ceFinished
> 
touch /home/argershm/180-voltmeter/Analog/cc/simulation/integrator,tb_main_opamp,schematic/history_1/simulation/diff_mode_gain/PrimeSimSPICE/parametric/L=0.251189m/results/.unitedSimFinished
> 
Calc Job Done!
> 
New Worker New CE exit
> 
[09-06-2025 18:44:39] New Worker Job Details:
isReRun=0
simulator=PrimeSim
workingDir=/home/argershm/180-voltmeter/Analog/cc
historyName=history_1
stateType=0
sweep=L=0.501187m
nominal=0
uniqueName=saeSession4
testbench=diff_mode_gain
resultsDir=/home/argershm/180-voltmeter/Analog/cc/simulation/integrator,tb_main_opamp,schematic/history_1/simulation/diff_mode_gain/PrimeSimSPICE/parametric/L=0.501187m/results
runMode=new
historyIndex=1
preRun=0
session=saeSession4
masterResultsDir=/home/argershm/180-voltmeter/Analog/cc/simulation/integrator,tb_main_opamp,schematic/history_1/simulation/diff_mode_gain/PrimeSimSPICE/parametric/results
logInfo={point: L=0.501187m}
diskTestSuiteName,integrator,tb_main_opamp,schematic

#####New Worker job begin - Self history dir=/home/argershm/180-voltmeter/Analog/cc/simulation/integrator,tb_main_opamp,schematic
> 
JobData-keys: 0,PrimeSim,history_1,1,/home/argershm/180-voltmeter/Analog/cc/simulation/integrator,tb_main_opamp,schematic/history_1/simulation/diff_mode_gain/PrimeSimSPICE/parametric/results,/home/argershm/180-voltmeter/Analog/cc/simulation/integrator,tb_main_opamp,schematic

pw_worker _createCalculateEngine got job!
> 
pw_worker _createCalculateEngine OK!
> 
PWDP: job [39] exit code :[0].
PWDP: task runs done or quit!
PWDP: PWDP: **info** task process exit ok:PrimeSim_51
PWDP: request pilot begin ... 
PWDP: got PILOTOK.
PWDP: request pilot done.
New Worker New CE ready proc entered.
> 
_getSimulationDetails : 
> 
tbName=diff_mode_gain, Mtb=0
> 
Got stb tb ok!
> 
Self resultsDir: ./simulation
> 
Self databaseDir: /home/argershm/180-voltmeter/Analog/cc/simulation/integrator,tb_main_opamp,schematic/history_1/simulation/diff_mode_gain/PrimeSimSPICE/parametric/results
> 
_createResultsMap done!
> 
###write_child - resultsDir=/home/argershm/180-voltmeter/Analog/cc/simulation/integrator,tb_main_opamp,schematic/history_1/simulation/diff_mode_gain/PrimeSimSPICE/parametric/L=0.501187m/results
 masterResultsDir=/home/argershm/180-voltmeter/Analog/cc/simulation/integrator,tb_main_opamp,schematic/history_1/simulation/diff_mode_gain/PrimeSimSPICE/parametric/results
 databaseDir=/home/argershm/180-voltmeter/Analog/cc/simulation/integrator,tb_main_opamp,schematic/history_1/simulation/diff_mode_gain/PrimeSimSPICE/parametric/results
 UniqueName=saeSession4, isPilot=false
> 

> 
pw_worker child CE begin!
> 
pw_worker invokes measurement finished.
> 
pw_worker writeSimMap finsied.
> 
_simulationDoneAction done without exception!
> 
Got file /home/argershm/180-voltmeter/Analog/cc/simulation/integrator,tb_main_opamp,schematic/history_1/simulation/diff_mode_gain/PrimeSimSPICE/parametric/L=0.501187m/results/.ceFinished
> 
touch /home/argershm/180-voltmeter/Analog/cc/simulation/integrator,tb_main_opamp,schematic/history_1/simulation/diff_mode_gain/PrimeSimSPICE/parametric/L=0.501187m/results/.unitedSimFinished
> 
Calc Job Done!
> 
New Worker New CE exit
> 
[09-06-2025 18:44:41] New Worker Job Details:
isReRun=0
simulator=PrimeSim
workingDir=/home/argershm/180-voltmeter/Analog/cc
historyName=history_1
stateType=0
sweep=L=1m
nominal=0
uniqueName=saeSession4
testbench=diff_mode_gain
resultsDir=/home/argershm/180-voltmeter/Analog/cc/simulation/integrator,tb_main_opamp,schematic/history_1/simulation/diff_mode_gain/PrimeSimSPICE/parametric/L=1m/results
runMode=new
historyIndex=1
preRun=0
session=saeSession4
masterResultsDir=/home/argershm/180-voltmeter/Analog/cc/simulation/integrator,tb_main_opamp,schematic/history_1/simulation/diff_mode_gain/PrimeSimSPICE/parametric/results
logInfo={point: L=1m}
diskTestSuiteName,integrator,tb_main_opamp,schematic

#####New Worker job begin - Self history dir=/home/argershm/180-voltmeter/Analog/cc/simulation/integrator,tb_main_opamp,schematic
> 
JobData-keys: 0,PrimeSim,history_1,1,/home/argershm/180-voltmeter/Analog/cc/simulation/integrator,tb_main_opamp,schematic/history_1/simulation/diff_mode_gain/PrimeSimSPICE/parametric/results,/home/argershm/180-voltmeter/Analog/cc/simulation/integrator,tb_main_opamp,schematic

pw_worker _createCalculateEngine got job!
> 
pw_worker _createCalculateEngine OK!
> 
PWDP: job [42] exit code :[0].
PWDP: task runs done or quit!
PWDP: PWDP: **info** task process exit ok:PrimeSim_54
PWDP: request pilot begin ... 
PWDP: got PILOTOK.
PWDP: request pilot done.
New Worker New CE ready proc entered.
> 
_getSimulationDetails : 
> 
tbName=diff_mode_gain, Mtb=0
> 
Got stb tb ok!
> 
Self resultsDir: ./simulation
> 
Self databaseDir: /home/argershm/180-voltmeter/Analog/cc/simulation/integrator,tb_main_opamp,schematic/history_1/simulation/diff_mode_gain/PrimeSimSPICE/parametric/results
> 
_createResultsMap done!
> 
###write_child - resultsDir=/home/argershm/180-voltmeter/Analog/cc/simulation/integrator,tb_main_opamp,schematic/history_1/simulation/diff_mode_gain/PrimeSimSPICE/parametric/L=1m/results
 masterResultsDir=/home/argershm/180-voltmeter/Analog/cc/simulation/integrator,tb_main_opamp,schematic/history_1/simulation/diff_mode_gain/PrimeSimSPICE/parametric/results
 databaseDir=/home/argershm/180-voltmeter/Analog/cc/simulation/integrator,tb_main_opamp,schematic/history_1/simulation/diff_mode_gain/PrimeSimSPICE/parametric/results
 UniqueName=saeSession4, isPilot=false
> 

> 
pw_worker child CE begin!
> 
pw_worker invokes measurement finished.
> 
pw_worker writeSimMap finsied.
> 
_simulationDoneAction done without exception!
> 
Got file /home/argershm/180-voltmeter/Analog/cc/simulation/integrator,tb_main_opamp,schematic/history_1/simulation/diff_mode_gain/PrimeSimSPICE/parametric/L=1m/results/.ceFinished
> 
touch /home/argershm/180-voltmeter/Analog/cc/simulation/integrator,tb_main_opamp,schematic/history_1/simulation/diff_mode_gain/PrimeSimSPICE/parametric/L=1m/results/.unitedSimFinished
> 
Calc Job Done!
> 
New Worker New CE exit
> 
[09-06-2025 18:44:44] New Worker Job Details:
isReRun=0
simulator=PrimeSim
workingDir=/home/argershm/180-voltmeter/Analog/cc
historyName=history_1
stateType=0
sweep=L=1.99526m
nominal=0
uniqueName=saeSession4
testbench=diff_mode_gain
resultsDir=/home/argershm/180-voltmeter/Analog/cc/simulation/integrator,tb_main_opamp,schematic/history_1/simulation/diff_mode_gain/PrimeSimSPICE/parametric/L=1.99526m/results
runMode=new
historyIndex=1
preRun=0
session=saeSession4
masterResultsDir=/home/argershm/180-voltmeter/Analog/cc/simulation/integrator,tb_main_opamp,schematic/history_1/simulation/diff_mode_gain/PrimeSimSPICE/parametric/results
logInfo={point: L=1.99526m}
diskTestSuiteName,integrator,tb_main_opamp,schematic

#####New Worker job begin - Self history dir=/home/argershm/180-voltmeter/Analog/cc/simulation/integrator,tb_main_opamp,schematic
> 
JobData-keys: 0,PrimeSim,history_1,1,/home/argershm/180-voltmeter/Analog/cc/simulation/integrator,tb_main_opamp,schematic/history_1/simulation/diff_mode_gain/PrimeSimSPICE/parametric/results,/home/argershm/180-voltmeter/Analog/cc/simulation/integrator,tb_main_opamp,schematic

pw_worker _createCalculateEngine got job!
> 
pw_worker _createCalculateEngine OK!
> 
PWDP: job [45] exit code :[0].
PWDP: task runs done or quit!
PWDP: PWDP: **info** task process exit ok:PrimeSim_57
PWDP: request pilot begin ... 
PWDP: got PILOTOK.
PWDP: request pilot done.
New Worker New CE ready proc entered.
> 
_getSimulationDetails : 
> 
tbName=diff_mode_gain, Mtb=0
> 
Got stb tb ok!
> 
Self resultsDir: ./simulation
> 
Self databaseDir: /home/argershm/180-voltmeter/Analog/cc/simulation/integrator,tb_main_opamp,schematic/history_1/simulation/diff_mode_gain/PrimeSimSPICE/parametric/results
> 
_createResultsMap done!
> 
###write_child - resultsDir=/home/argershm/180-voltmeter/Analog/cc/simulation/integrator,tb_main_opamp,schematic/history_1/simulation/diff_mode_gain/PrimeSimSPICE/parametric/L=1.99526m/results
 masterResultsDir=/home/argershm/180-voltmeter/Analog/cc/simulation/integrator,tb_main_opamp,schematic/history_1/simulation/diff_mode_gain/PrimeSimSPICE/parametric/results
 databaseDir=/home/argershm/180-voltmeter/Analog/cc/simulation/integrator,tb_main_opamp,schematic/history_1/simulation/diff_mode_gain/PrimeSimSPICE/parametric/results
 UniqueName=saeSession4, isPilot=false
> 

> 
pw_worker child CE begin!
> 
pw_worker invokes measurement finished.
> 
pw_worker writeSimMap finsied.
> 
_simulationDoneAction done without exception!
> 
Got file /home/argershm/180-voltmeter/Analog/cc/simulation/integrator,tb_main_opamp,schematic/history_1/simulation/diff_mode_gain/PrimeSimSPICE/parametric/L=1.99526m/results/.ceFinished
> 
touch /home/argershm/180-voltmeter/Analog/cc/simulation/integrator,tb_main_opamp,schematic/history_1/simulation/diff_mode_gain/PrimeSimSPICE/parametric/L=1.99526m/results/.unitedSimFinished
> 
Calc Job Done!
> 
New Worker New CE exit
> 
[09-06-2025 18:44:46] New Worker Job Details:
isReRun=0
simulator=PrimeSim
workingDir=/home/argershm/180-voltmeter/Analog/cc
historyName=history_1
stateType=0
sweep=L=3.98107m
nominal=0
uniqueName=saeSession4
testbench=diff_mode_gain
resultsDir=/home/argershm/180-voltmeter/Analog/cc/simulation/integrator,tb_main_opamp,schematic/history_1/simulation/diff_mode_gain/PrimeSimSPICE/parametric/L=3.98107m/results
runMode=new
historyIndex=1
preRun=0
session=saeSession4
masterResultsDir=/home/argershm/180-voltmeter/Analog/cc/simulation/integrator,tb_main_opamp,schematic/history_1/simulation/diff_mode_gain/PrimeSimSPICE/parametric/results
logInfo={point: L=3.98107m}
diskTestSuiteName,integrator,tb_main_opamp,schematic

#####New Worker job begin - Self history dir=/home/argershm/180-voltmeter/Analog/cc/simulation/integrator,tb_main_opamp,schematic
> 
JobData-keys: 0,PrimeSim,history_1,1,/home/argershm/180-voltmeter/Analog/cc/simulation/integrator,tb_main_opamp,schematic/history_1/simulation/diff_mode_gain/PrimeSimSPICE/parametric/results,/home/argershm/180-voltmeter/Analog/cc/simulation/integrator,tb_main_opamp,schematic

pw_worker _createCalculateEngine got job!
> 
pw_worker _createCalculateEngine OK!
> 
PWDP: job [48] exit code :[0].
PWDP: task runs done or quit!
PWDP: PWDP: **info** task process exit ok:PrimeSim_60
PWDP: request pilot begin ... 
PWDP: got PILOTOK.
PWDP: request pilot done.
New Worker New CE ready proc entered.
> 
_getSimulationDetails : 
> 
tbName=diff_mode_gain, Mtb=0
> 
Got stb tb ok!
> 
Self resultsDir: ./simulation
> 
Self databaseDir: /home/argershm/180-voltmeter/Analog/cc/simulation/integrator,tb_main_opamp,schematic/history_1/simulation/diff_mode_gain/PrimeSimSPICE/parametric/results
> 
_createResultsMap done!
> 
###write_child - resultsDir=/home/argershm/180-voltmeter/Analog/cc/simulation/integrator,tb_main_opamp,schematic/history_1/simulation/diff_mode_gain/PrimeSimSPICE/parametric/L=3.98107m/results
 masterResultsDir=/home/argershm/180-voltmeter/Analog/cc/simulation/integrator,tb_main_opamp,schematic/history_1/simulation/diff_mode_gain/PrimeSimSPICE/parametric/results
 databaseDir=/home/argershm/180-voltmeter/Analog/cc/simulation/integrator,tb_main_opamp,schematic/history_1/simulation/diff_mode_gain/PrimeSimSPICE/parametric/results
 UniqueName=saeSession4, isPilot=false
> 

> 
pw_worker child CE begin!
> 
pw_worker invokes measurement finished.
> 
pw_worker writeSimMap finsied.
> 
_simulationDoneAction done without exception!
> 
Got file /home/argershm/180-voltmeter/Analog/cc/simulation/integrator,tb_main_opamp,schematic/history_1/simulation/diff_mode_gain/PrimeSimSPICE/parametric/L=3.98107m/results/.ceFinished
> 
touch /home/argershm/180-voltmeter/Analog/cc/simulation/integrator,tb_main_opamp,schematic/history_1/simulation/diff_mode_gain/PrimeSimSPICE/parametric/L=3.98107m/results/.unitedSimFinished
> 
Calc Job Done!
> 
New Worker New CE exit
> 
[09-06-2025 18:44:48] New Worker Job Details:
isReRun=0
simulator=PrimeSim
workingDir=/home/argershm/180-voltmeter/Analog/cc
historyName=history_1
stateType=0
sweep=L=7.94328m
nominal=0
uniqueName=saeSession4
testbench=diff_mode_gain
resultsDir=/home/argershm/180-voltmeter/Analog/cc/simulation/integrator,tb_main_opamp,schematic/history_1/simulation/diff_mode_gain/PrimeSimSPICE/parametric/L=7.94328m/results
runMode=new
historyIndex=1
preRun=0
session=saeSession4
masterResultsDir=/home/argershm/180-voltmeter/Analog/cc/simulation/integrator,tb_main_opamp,schematic/history_1/simulation/diff_mode_gain/PrimeSimSPICE/parametric/results
logInfo={point: L=7.94328m}
diskTestSuiteName,integrator,tb_main_opamp,schematic

#####New Worker job begin - Self history dir=/home/argershm/180-voltmeter/Analog/cc/simulation/integrator,tb_main_opamp,schematic
> 
JobData-keys: 0,PrimeSim,history_1,1,/home/argershm/180-voltmeter/Analog/cc/simulation/integrator,tb_main_opamp,schematic/history_1/simulation/diff_mode_gain/PrimeSimSPICE/parametric/results,/home/argershm/180-voltmeter/Analog/cc/simulation/integrator,tb_main_opamp,schematic

pw_worker _createCalculateEngine got job!
> 
pw_worker _createCalculateEngine OK!
> 
PWDP: job [51] exit code :[0].
PWDP: task runs done or quit!
PWDP: PWDP: **info** task process exit ok:PrimeSim_63
PWDP: request pilot begin ... 
PWDP: got PILOTOK.
PWDP: request pilot done.
New Worker New CE ready proc entered.
> 
_getSimulationDetails : 
> 
tbName=diff_mode_gain, Mtb=0
> 
Got stb tb ok!
> 
Self resultsDir: ./simulation
> 
Self databaseDir: /home/argershm/180-voltmeter/Analog/cc/simulation/integrator,tb_main_opamp,schematic/history_1/simulation/diff_mode_gain/PrimeSimSPICE/parametric/results
> 
_createResultsMap done!
> 
###write_child - resultsDir=/home/argershm/180-voltmeter/Analog/cc/simulation/integrator,tb_main_opamp,schematic/history_1/simulation/diff_mode_gain/PrimeSimSPICE/parametric/L=7.94328m/results
 masterResultsDir=/home/argershm/180-voltmeter/Analog/cc/simulation/integrator,tb_main_opamp,schematic/history_1/simulation/diff_mode_gain/PrimeSimSPICE/parametric/results
 databaseDir=/home/argershm/180-voltmeter/Analog/cc/simulation/integrator,tb_main_opamp,schematic/history_1/simulation/diff_mode_gain/PrimeSimSPICE/parametric/results
 UniqueName=saeSession4, isPilot=false
> 

> 
pw_worker child CE begin!
> 
pw_worker invokes measurement finished.
> 
pw_worker writeSimMap finsied.
> 
_simulationDoneAction done without exception!
> 
Got file /home/argershm/180-voltmeter/Analog/cc/simulation/integrator,tb_main_opamp,schematic/history_1/simulation/diff_mode_gain/PrimeSimSPICE/parametric/L=7.94328m/results/.ceFinished
> 
touch /home/argershm/180-voltmeter/Analog/cc/simulation/integrator,tb_main_opamp,schematic/history_1/simulation/diff_mode_gain/PrimeSimSPICE/parametric/L=7.94328m/results/.unitedSimFinished
> 
Calc Job Done!
> 
New Worker New CE exit
> 
[09-06-2025 18:44:51] New Worker Job Details:
isReRun=0
simulator=PrimeSim
workingDir=/home/argershm/180-voltmeter/Analog/cc
historyName=history_1
stateType=0
sweep=L=15.8489m
nominal=0
uniqueName=saeSession4
testbench=diff_mode_gain
resultsDir=/home/argershm/180-voltmeter/Analog/cc/simulation/integrator,tb_main_opamp,schematic/history_1/simulation/diff_mode_gain/PrimeSimSPICE/parametric/L=15.8489m/results
runMode=new
historyIndex=1
preRun=0
session=saeSession4
masterResultsDir=/home/argershm/180-voltmeter/Analog/cc/simulation/integrator,tb_main_opamp,schematic/history_1/simulation/diff_mode_gain/PrimeSimSPICE/parametric/results
logInfo={point: L=15.8489m}
diskTestSuiteName,integrator,tb_main_opamp,schematic

#####New Worker job begin - Self history dir=/home/argershm/180-voltmeter/Analog/cc/simulation/integrator,tb_main_opamp,schematic
> 
JobData-keys: 0,PrimeSim,history_1,1,/home/argershm/180-voltmeter/Analog/cc/simulation/integrator,tb_main_opamp,schematic/history_1/simulation/diff_mode_gain/PrimeSimSPICE/parametric/results,/home/argershm/180-voltmeter/Analog/cc/simulation/integrator,tb_main_opamp,schematic

pw_worker _createCalculateEngine got job!
> 
pw_worker _createCalculateEngine OK!
> 
PWDP: job [54] exit code :[0].
PWDP: task runs done or quit!
PWDP: PWDP: **info** task process exit ok:PrimeSim_66
PWDP: request pilot begin ... 
PWDP: got PILOTOK.
PWDP: request pilot done.
New Worker New CE ready proc entered.
> 
_getSimulationDetails : 
> 
tbName=diff_mode_gain, Mtb=0
> 
Got stb tb ok!
> 
Self resultsDir: ./simulation
> 
Self databaseDir: /home/argershm/180-voltmeter/Analog/cc/simulation/integrator,tb_main_opamp,schematic/history_1/simulation/diff_mode_gain/PrimeSimSPICE/parametric/results
> 
_createResultsMap done!
> 
###write_child - resultsDir=/home/argershm/180-voltmeter/Analog/cc/simulation/integrator,tb_main_opamp,schematic/history_1/simulation/diff_mode_gain/PrimeSimSPICE/parametric/L=15.8489m/results
 masterResultsDir=/home/argershm/180-voltmeter/Analog/cc/simulation/integrator,tb_main_opamp,schematic/history_1/simulation/diff_mode_gain/PrimeSimSPICE/parametric/results
 databaseDir=/home/argershm/180-voltmeter/Analog/cc/simulation/integrator,tb_main_opamp,schematic/history_1/simulation/diff_mode_gain/PrimeSimSPICE/parametric/results
 UniqueName=saeSession4, isPilot=false
> 

> 
pw_worker child CE begin!
> 
pw_worker invokes measurement finished.
> 
pw_worker writeSimMap finsied.
> 
_simulationDoneAction done without exception!
> 
Got file /home/argershm/180-voltmeter/Analog/cc/simulation/integrator,tb_main_opamp,schematic/history_1/simulation/diff_mode_gain/PrimeSimSPICE/parametric/L=15.8489m/results/.ceFinished
> 
touch /home/argershm/180-voltmeter/Analog/cc/simulation/integrator,tb_main_opamp,schematic/history_1/simulation/diff_mode_gain/PrimeSimSPICE/parametric/L=15.8489m/results/.unitedSimFinished
> 
Calc Job Done!
> 
New Worker New CE exit
> 
[09-06-2025 18:44:53] New Worker Job Details:
isReRun=0
simulator=PrimeSim
workingDir=/home/argershm/180-voltmeter/Analog/cc
historyName=history_1
stateType=0
sweep=L=31.6228m
nominal=0
uniqueName=saeSession4
testbench=diff_mode_gain
resultsDir=/home/argershm/180-voltmeter/Analog/cc/simulation/integrator,tb_main_opamp,schematic/history_1/simulation/diff_mode_gain/PrimeSimSPICE/parametric/L=31.6228m/results
runMode=new
historyIndex=1
preRun=0
session=saeSession4
masterResultsDir=/home/argershm/180-voltmeter/Analog/cc/simulation/integrator,tb_main_opamp,schematic/history_1/simulation/diff_mode_gain/PrimeSimSPICE/parametric/results
logInfo={point: L=31.6228m}
diskTestSuiteName,integrator,tb_main_opamp,schematic

#####New Worker job begin - Self history dir=/home/argershm/180-voltmeter/Analog/cc/simulation/integrator,tb_main_opamp,schematic
> 
JobData-keys: 0,PrimeSim,history_1,1,/home/argershm/180-voltmeter/Analog/cc/simulation/integrator,tb_main_opamp,schematic/history_1/simulation/diff_mode_gain/PrimeSimSPICE/parametric/results,/home/argershm/180-voltmeter/Analog/cc/simulation/integrator,tb_main_opamp,schematic

pw_worker _createCalculateEngine got job!
> 
pw_worker _createCalculateEngine OK!
> 
PWDP: job [57] exit code :[0].
PWDP: task runs done or quit!
PWDP: PWDP: **info** task process exit ok:PrimeSim_69
PWDP: request pilot begin ... 
PWDP: got PILOTOK.
PWDP: request pilot done.
New Worker New CE ready proc entered.
> 
_getSimulationDetails : 
> 
tbName=diff_mode_gain, Mtb=0
> 
Got stb tb ok!
> 
Self resultsDir: ./simulation
> 
Self databaseDir: /home/argershm/180-voltmeter/Analog/cc/simulation/integrator,tb_main_opamp,schematic/history_1/simulation/diff_mode_gain/PrimeSimSPICE/parametric/results
> 
_createResultsMap done!
> 
###write_child - resultsDir=/home/argershm/180-voltmeter/Analog/cc/simulation/integrator,tb_main_opamp,schematic/history_1/simulation/diff_mode_gain/PrimeSimSPICE/parametric/L=31.6228m/results
 masterResultsDir=/home/argershm/180-voltmeter/Analog/cc/simulation/integrator,tb_main_opamp,schematic/history_1/simulation/diff_mode_gain/PrimeSimSPICE/parametric/results
 databaseDir=/home/argershm/180-voltmeter/Analog/cc/simulation/integrator,tb_main_opamp,schematic/history_1/simulation/diff_mode_gain/PrimeSimSPICE/parametric/results
 UniqueName=saeSession4, isPilot=false
> 

> 
pw_worker child CE begin!
> 
pw_worker invokes measurement finished.
> 
pw_worker writeSimMap finsied.
> 
_simulationDoneAction done without exception!
> 
Got file /home/argershm/180-voltmeter/Analog/cc/simulation/integrator,tb_main_opamp,schematic/history_1/simulation/diff_mode_gain/PrimeSimSPICE/parametric/L=31.6228m/results/.ceFinished
> 
touch /home/argershm/180-voltmeter/Analog/cc/simulation/integrator,tb_main_opamp,schematic/history_1/simulation/diff_mode_gain/PrimeSimSPICE/parametric/L=31.6228m/results/.unitedSimFinished
> 
Calc Job Done!
> 
New Worker New CE exit
> 
[09-06-2025 18:44:55] New Worker Job Details:
isReRun=0
simulator=PrimeSim
workingDir=/home/argershm/180-voltmeter/Analog/cc
historyName=history_1
stateType=0
sweep=L=0.199526
nominal=0
uniqueName=saeSession4
testbench=diff_mode_gain
resultsDir=/home/argershm/180-voltmeter/Analog/cc/simulation/integrator,tb_main_opamp,schematic/history_1/simulation/diff_mode_gain/PrimeSimSPICE/parametric/L=0.199526/results
runMode=new
historyIndex=1
preRun=0
session=saeSession4
masterResultsDir=/home/argershm/180-voltmeter/Analog/cc/simulation/integrator,tb_main_opamp,schematic/history_1/simulation/diff_mode_gain/PrimeSimSPICE/parametric/results
logInfo={point: L=0.199526}
diskTestSuiteName,integrator,tb_main_opamp,schematic

#####New Worker job begin - Self history dir=/home/argershm/180-voltmeter/Analog/cc/simulation/integrator,tb_main_opamp,schematic
> 
JobData-keys: 0,PrimeSim,history_1,1,/home/argershm/180-voltmeter/Analog/cc/simulation/integrator,tb_main_opamp,schematic/history_1/simulation/diff_mode_gain/PrimeSimSPICE/parametric/results,/home/argershm/180-voltmeter/Analog/cc/simulation/integrator,tb_main_opamp,schematic

pw_worker _createCalculateEngine got job!
> 
pw_worker _createCalculateEngine OK!
> 
PWDP: job [60] exit code :[0].
PWDP: task runs done or quit!
PWDP: PWDP: **info** task process exit ok:PrimeSim_72
PWDP: request pilot begin ... 
PWDP: got PILOTOK.
PWDP: request pilot done.
New Worker New CE ready proc entered.
> 
_getSimulationDetails : 
> 
tbName=diff_mode_gain, Mtb=0
> 
Got stb tb ok!
> 
Self resultsDir: ./simulation
> 
Self databaseDir: /home/argershm/180-voltmeter/Analog/cc/simulation/integrator,tb_main_opamp,schematic/history_1/simulation/diff_mode_gain/PrimeSimSPICE/parametric/results
> 
_createResultsMap done!
> 
###write_child - resultsDir=/home/argershm/180-voltmeter/Analog/cc/simulation/integrator,tb_main_opamp,schematic/history_1/simulation/diff_mode_gain/PrimeSimSPICE/parametric/L=0.199526/results
 masterResultsDir=/home/argershm/180-voltmeter/Analog/cc/simulation/integrator,tb_main_opamp,schematic/history_1/simulation/diff_mode_gain/PrimeSimSPICE/parametric/results
 databaseDir=/home/argershm/180-voltmeter/Analog/cc/simulation/integrator,tb_main_opamp,schematic/history_1/simulation/diff_mode_gain/PrimeSimSPICE/parametric/results
 UniqueName=saeSession4, isPilot=false
> 

> 
pw_worker child CE begin!
> 
pw_worker invokes measurement finished.
> 
pw_worker writeSimMap finsied.
> 
_simulationDoneAction done without exception!
> 
Got file /home/argershm/180-voltmeter/Analog/cc/simulation/integrator,tb_main_opamp,schematic/history_1/simulation/diff_mode_gain/PrimeSimSPICE/parametric/L=0.199526/results/.ceFinished
> 
touch /home/argershm/180-voltmeter/Analog/cc/simulation/integrator,tb_main_opamp,schematic/history_1/simulation/diff_mode_gain/PrimeSimSPICE/parametric/L=0.199526/results/.unitedSimFinished
> 
Calc Job Done!
> 
New Worker New CE exit
> 
Shutdown time: Sat Sep  6 18:44:59 2025
> 
Elapsed session real time: 0.93 minutes
> 
Session terminated. Log is at /home/argershm/180-voltmeter/Analog/cc/synopsys_custom/pwdp_jobs/saeSession4_diffmodegain.SimulationSimulation_cdpl.1.2931556/logs/w3/logs/pw_worker.argershm.2025_9_6_184403_2942907.log
> 
PWDP: new worker flow quit.

Information: Feature 'SynopsysCustomLayout' checked in. (LICENSE-004)
> 
Information: Feature 'CustomInfrastructure' checked in. (LICENSE-004)
> 