1757110902.669757: 1441557-7f9357045540: cdpl_log.c:337: in cdpl_log_open(): info: @@start_of_log@@
1757110902.669780: 1441557-7f9357045540: cdpl_log.c:1058: in cdpl_log_dump_sysinfo(): info: time: 2025/09/05 18:21:42 EDT -0400
1757110902.669782: 1441557-7f9357045540: cdpl_log.c:1060: in cdpl_log_dump_sysinfo(): info: version: W-2024.09-SP1-2 
1757110902.669784: 1441557-7f9357045540: cdpl_log.c:1062: in cdpl_log_dump_sysinfo(): info: system: Linux 4.18.0-553.69.1.el8_10.x86_64 #1 SMP Thu Aug 7 18:10:00 EDT 2025
1757110902.669785: 1441557-7f9357045540: cdpl_log.c:1067: in cdpl_log_dump_sysinfo(): info: processor: x86_64 64-bits
1757110902.669787: 1441557-7f9357045540: cdpl_log.c:1071: in cdpl_log_dump_sysinfo(): info: hostname: claws-compute3.ece.ncsu.edu
1757110902.669788: 1441557-7f9357045540: cdpl_log.c:1073: in cdpl_log_dump_sysinfo(): info: program name: custom_shell
1757110902.669791: 1441557-7f9357045540: cdpl_log.c:340: in cdpl_log_open(): debug: path: /home/argershm/180-voltmeter/Analog/cc/synopsys_custom/pwdp_jobs/saeSession0_diffmodegain.SimulationSimulation_cdpl.0.1441557/logs/master.claws-compute3.ece.ncsu.edu.1441557.log
1757110902.669792: 1441557-7f9357045540: cdpl_log.c:341: in cdpl_log_open(): debug: dir: /home/argershm/180-voltmeter/Analog/cc/synopsys_custom/pwdp_jobs/saeSession0_diffmodegain.SimulationSimulation_cdpl.0.1441557/logs
1757110902.669820: 1441557-7f9357045540: cdpl_server.c:536: in cdpl_sv_init(): info: new server S1827606668
1757110902.669829: 1441557-7f9357045540: cdpl_ipc.c:3475: in cdpl_ipc_init(): info: requesting IPv4 protocol
1757110902.673689: 1441557-7f9357045540: cdpl_ipc.c:837: in _selectaddrfamily(): info: selected IPv4 protocol
1757110902.673713: 1441557-7f9357045540: cdpl_ipc.c:1139: in _set_keepalive(): info: TCP keep alive interval: 300
1757110902.677245: 1441557-7f9357045540: cdpl_monitor.c:1117: in cdpl_mn_new_server(): info: creating server monitor instance
1757110902.677259: 1441557-7f9357045540: cdpl_server.c:650: in cdpl_sv_new_master(): info: new master M1
1757110902.677268: 1441557-7f9357045540: cdpl_server.c:6533: in cdpl_sv_ctl_master(): info: Setting worker heartbeat to 120 seconds
1757110902.677269: 1441557-7f9357045540: cdpl_server.c:6542: in cdpl_sv_ctl_master(): info: Setting worker heartbeat timeout to 3 heartbeats
1757110902.677271: 1441557-7f9357045540: cdpl_compat_master.c:2090: in _parse_hostfile(): info: reading hostfile `/home/argershm/180-voltmeter/Analog/cc/synopsys_custom/pwdp_jobs/saeSession0_diffmodegain.SimulationSimulation_cdpl.0.1441557/host_file'
1757110902.677293: 1441557-7f9357045540: cdpl_compat_master.c:1900: in _hostfile_parser(): debug: parsing "1     |localhost|   -1  | /tmp | SH | sh"
1757110902.677306: 1441557-7f9357045540: cdpl_farm.c:2578: in cdpl_farm_new_sh(): info: creating SH farm on localhost
1757110902.677311: 1441557-7f9357045540: cdpl_compat_master.c:206: in _set_farm_env(): info: exporting CDPL_LOGDIR as `/home/argershm/180-voltmeter/Analog/cc/synopsys_custom/pwdp_jobs/saeSession0_diffmodegain.SimulationSimulation_cdpl.0.1441557/logs'
1757110902.677313: 1441557-7f9357045540: cdpl_compat_master.c:212: in _set_farm_env(): info: exporting CDPL_TMPDIR as `/tmp'
1757110902.677315: 1441557-7f9357045540: cdpl_compat_master.c:235: in _set_farm_env(): info: exporting SNPSLMD_LICENSE_FILE as `27000@ece-lic-35.ece.ncsu.edu'
1757110902.677317: 1441557-7f9357045540: cdpl_compat_master.c:259: in _set_farm_env(): info: exporting CDPL_OPTIONS as `[nowlogs]'
1757110902.677318: 1441557-7f9357045540: cdpl_compat_master.c:266: in _set_farm_env(): info: exporting DISPLAY as `unix:12556'
1757110902.677320: 1441557-7f9357045540: cdpl_compat_master.c:274: in _set_farm_env(): info: exporting CDPL_HEARTBEAT as `120'
1757110902.677329: 1441557-7f9357045540: cdpl_farm.c:3149: in cdpl_farm_add_withdir(): debug: added `localhost' (capacity: unlimited)
1757110902.677331: 1441557-7f9357045540: cdpl_compat_parse.c:147: in parsefile(): debug: read `/home/argershm/180-voltmeter/Analog/cc/synopsys_custom/pwdp_jobs/saeSession0_diffmodegain.SimulationSimulation_cdpl.0.1441557/host_file', 2 lines
1757110902.677337: 1441557-7f9357045540: cdpl_compat_master.c:2931: in cdplInitMaster(): info: bcast dir is `/home/argershm/180-voltmeter/Analog/cc/synopsys_custom/pwdp_jobs/saeSession0_diffmodegain.SimulationSimulation_cdpl.0.1441557/logs'
1757110902.677383: 1441557-7f9357045540: cdpl_server.c:6433: in cdpl_sv_ctl_master(): info: farm worker timeout set to 300
1757110902.677385: 1441557-7f9357045540: cdpl_server.c:6486: in cdpl_sv_ctl_master(): info: maximum number of task execution attempts set to 1
1757110902.677399: 1441557-7f9357045540: cdpl_server.c:3195: in cdpl_sv_start(): debug: starting server
1757110902.677403: 1441557-7f9357045540: cdpl_ipc.c:3632: in cdpl_ipc_start(): debug: starting IPC server 152.14.98.53:45543
1757110902.677552: 1441557-7f9316e21700: cdpl_server_ipc.c:1182: in _sv_ipc_thread(): debug: ready
1757110902.677668: 1441557-7f9316620700: cdpl_monitor.c:426: in cdpl_mn_init_client(): info: creating client monitor instance
1757110902.677689: 1441557-7f9316620700: cdpl_ipc.c:3475: in cdpl_ipc_init(): info: requesting IPv4 protocol
1757110902.683380: 1441557-7f9316620700: cdpl_ipc.c:837: in _selectaddrfamily(): info: selected IPv4 protocol
1757110902.683406: 1441557-7f9316620700: cdpl_ipc.c:1139: in _set_keepalive(): info: TCP keep alive interval: 300
1757110902.687830: 1441557-7f9316620700: cdpl_ipc.c:3632: in cdpl_ipc_start(): debug: starting IPC server 152.14.98.53:45013
1757110902.688030: 1441557-7f9316620700: cdpl_monitor.c:471: in cdpl_mn_init_client(): debug: incoming messages in /tmp/cdpl-monitor-jmvgb8
1757110902.688115: 1441557-7f9316620700: cdpl_monitor.c:533: in cdpl_mn_connect(): debug: connecting to 152.14.98.53:45543
1757110902.688124: 1441557-7f9316620700: cdpl_ipc.c:3789: in cdpl_ipc_connect(): info: connecting to 152.14.98.53:45543
1757110902.688244: 1441557-7f9316620700: cdpl_ipc.c:3860: in cdpl_ipc_connect(): info: connected as `152.14.98.53:41354'
1757110902.688261: 1441557-7f9316620700: cdpl_ipc.c:2503: in cdpl_ipc_host_accept(): debug: accepted host `152.14.98.53:45543'
1757110902.688272: 1441557-7f9317622700: cdpl_ipc.c:1862: in _epoll_accept(): debug: new connection from `152.14.98.53:41354'
1757110902.688296: 1441557-7f9316620700: cdpl_monitor.c:579: in cdpl_mn_connect(): debug: ok
1757110902.688317: 1441557-7f9357045540: cdpl_server.c:731: in cdpl_sv_new_job(): info: new job J1 in M1
1757110902.688324: 1441557-7f9316e21700: cdpl_server_ipc.c:1225: in _sv_ipc_thread(): debug: received ACCEPT notification
1757110902.688334: 1441557-7f9316e21700: cdpl_ipc.c:2503: in cdpl_ipc_host_accept(): debug: accepted host `152.14.98.53:41354'
1757110902.688340: 1441557-7f9357045540: cdpl_compat_master.c:1581: in _add_worker(): info: new worker type 10, min:1, max:3, cmd:`/home/argershm/180-voltmeter/Analog/cc/synopsys_custom/pwdp_jobs/saeSession0_diffmodegain.SimulationSimulation_cdpl.0.1441557/START_WORKER pw_worker -i /home/argershm/180-voltmeter/Analog/cc/synopsys_custom/pwdp_jobs
1757110902.688348: 1441557-7f9316e21700: cdpl_server_ipc.c:1256: in _sv_ipc_thread(): debug: received MONITOR message
1757110902.688352: 1441557-7f9357045540: cdpl_server.c:908: in cdpl_sv_new_bin_withfarm(): info: new bin B1 in J1
1757110902.688532: 1441557-7f9316e21700: cdpl_monitor.c:1207: in cdpl_mn_accept(): debug: accepted monitor `152.14.98.53:41354'
1757110902.688537: 1441557-7f9316e21700: cdpl_server_ipc_mon.c:120: in _globalLOCK(): debug: ENTERTING GLOBAL LOCK
1757110902.688540: 1441557-7f9316e21700: cdpl_server_ipc_mon.c:164: in _globalLOCK(): debug: global lock acquired
1757110902.688546: 1441557-7f9303fff700: cdpl_monitor.c:910: in mn_systat(): debug: started
1757110902.688872: 1441557-7f9303fff700: cdpl_monitor.c:937: in mn_systat(): debug: monitor server flush rate: 5
1757110903.496254: 1441557-7f9316e21700: cdpl_server_ipc_mon.c:210: in _globalUNLOCK(): debug: LEAVING GLOBAL LOCK
1757110903.496285: 1441557-7f9357045540: cdpl_server.c:3249: in cdpl_sv_start_job(): info: starting job J1
1757110903.496314: 1441557-7f9357045540: cdpl_server.c:62: in _sv_start_bin(): debug: starting bin B1 (min: 0, max: 3)
1757110903.496466: 1441557-7f93027fc700: cdpl_server_sched.c:2482: in _sv_scheduler_thread(): debug: scheduler for bin B1 started
1757110903.496494: 1441557-7f9357045540: cdpl_server.c:1893: in _sv_gen_task(): info: new task T0 in B1 (prio 0)
1757110903.496530: 1441557-7f9357045540: cdpl_server.c:2698: in cdpl_sv_label_task_va(): info: setting task T0 label to "PrimeSim_1|PrimeSim"
1757110903.496578: 1441557-7f93027fc700: cdpl_server_sched.c:2443: in _scheduler_run(): debug: will start a new worker
1757110903.496614: 1441557-7f93027fc700: cdpl_farm.c:3977: in cdpl_farm_submit(): debug: 1 running processes
1757110903.496617: 1441557-7f93027fc700: cdpl_farm.c:3985: in cdpl_farm_submit(): debug: new command C1 in bin B1 assigned to host `localhost'
1757110903.496684: 1441557-7f93027fc700: cdpl_server_sched.c:705: in _sv_launch_worker(): info: started worker W1 (as C1) in bin B1
1757110903.496699: 1441557-7f9301ffb700: cdpl_farm.c:2139: in _schedule(): debug: started
1757110903.496705: 1441557-7f9301ffb700: cdpl_farm.c:2303: in _schedule(): debug: submitting command C1 in bin B1
1757110903.496723: 1441557-7f9301ffb700: cdpl_sh.c:49: in _sh_detached_submit(): info: SH : /home/argershm/180-voltmeter/Analog/cc/synopsys_custom/pwdp_jobs/saeSession0_diffmodegain.SimulationSimulation_cdpl.0.1441557/START_WORKER pw_worker -i /home/argershm/180-voltmeter/Analog/cc/synopsys_custom/pwdp_jobs/saeSession0_diffmodegain.SimulationSimulation_cdpl.0.1441557 -t 10000
1757110903.505305: 1441557-7f9301ffb700: cdpl_farm.c:2343: in _schedule(): debug: C1 in bin B1 running on slot 0
1757110903.505335: 1441557-7f9301ffb700: cdpl_farm.c:2167: in _schedule(): debug: idle
1757110903.514695: 1441557-7f9357045540: cdpl_compat_master.c:5948: in cdplMasterLogInfo(): info: [non-CDPL log entry] PWDP3: reset pilot cache succeeded, pilot_key=saeSession0,1,diff_mode_gain|&/home/argershm/180-voltmeter/Analog/cc/simulation/integrator,tb_main_opamp,schematic/history_1/simulation/diff_mode_gain/PrimeSimSPICE/nominal/results
1757110903.805409: 1441557-7f9301ffb700: cdpl_farm.c:1193: in _onexit(): debug: C1 in bin B1 exited normally on slot 0
1757110904.610088: 1441557-7f93037fe700: cdpl_compat_master.c:5948: in cdplMasterLogInfo(): info: [non-CDPL log entry] PWDP - no-workers started ok check start!
1757110905.447669: 1441557-7f9317622700: cdpl_ipc.c:1862: in _epoll_accept(): debug: new connection from `152.14.98.53:41356'
1757110905.447716: 1441557-7f9316e21700: cdpl_server_ipc.c:1225: in _sv_ipc_thread(): debug: received ACCEPT notification
1757110905.447732: 1441557-7f9316e21700: cdpl_ipc.c:2503: in cdpl_ipc_host_accept(): debug: accepted host `152.14.98.53:41356'
1757110905.447767: 1441557-7f9316e21700: cdpl_server_ipc.c:1246: in _sv_ipc_thread(): debug: received HELLO message
1757110905.447770: 1441557-7f9316e21700: cdpl_server_ipc.c:430: in _sv_on_hello(): debug: looking up W1
1757110905.447772: 1441557-7f9316e21700: cdpl_server_ipc.c:540: in _sv_on_hello(): info: W1 is `152.14.98.53:41356'
1757110905.447774: 1441557-7f9316e21700: cdpl_server_ipc.c:541: in _sv_on_hello(): debug: hello W1 (B1)
1757110905.447775: 1441557-7f9316e21700: cdpl_server_ipc.c:542: in _sv_on_hello(): info: W1 log file is /dev/null
1757110905.447828: 1441557-7f9316e21700: cdpl_server_ipc.c:602: in _sv_on_hello(): info: up to 1 alive workers in B1
1757110905.447839: 1441557-7f9316e21700: cdpl_farm.c:878: in _release_cmd(): debug: freeing command C1 in bin B1
1757110905.447855: 1441557-7f93027fc700: cdpl_server_sched.c:960: in _assign(): info: assigning task T0 to worker W1
1757110905.511442: 1441557-7f9316e21700: cdpl_server_ipc.c:1268: in _sv_ipc_thread(): debug: received RELAY message
1757110905.511458: 1441557-7f9316e21700: cdpl_server_ipc.c:713: in _sv_on_relay(): debug: RELAY message from W1, size = 65
1757110905.511461: 1441557-7f9316e21700: cdpl_server_ipc.c:715: in _sv_on_relay(): debug: RELAY message from W1, content = 0$1442273 claws-compute3.ece.ncsu.edu 1442290 RUNNING 1757110905
1757110906.448041: 1441557-7f9316e21700: cdpl_server_ipc.c:312: in _sv_on_heartbeat(): debug: received HEARTBEAT from worker W1 at 152.14.98.53:41356
1757110907.689580: 1441557-7f9316620700: cdpl_monitor.c:533: in cdpl_mn_connect(): debug: connecting to 152.14.98.53:40937
1757110907.689591: 1441557-7f9316620700: cdpl_ipc.c:3789: in cdpl_ipc_connect(): info: connecting to 152.14.98.53:40937
1757110907.689734: 1441557-7f9316620700: cdpl_ipc.c:3860: in cdpl_ipc_connect(): info: connected as `152.14.98.53:33608'
1757110907.689741: 1441557-7f9316620700: cdpl_ipc.c:2503: in cdpl_ipc_host_accept(): debug: accepted host `152.14.98.53:40937'
1757110907.689745: 1441557-7f9316620700: cdpl_monitor.c:579: in cdpl_mn_connect(): debug: ok
1757110912.654835: 1441557-7f9316e21700: cdpl_server_ipc.c:1268: in _sv_ipc_thread(): debug: received RELAY message
1757110912.654849: 1441557-7f9316e21700: cdpl_server_ipc.c:713: in _sv_on_relay(): debug: RELAY message from W1, size = 52
1757110912.654851: 1441557-7f9316e21700: cdpl_server_ipc.c:715: in _sv_on_relay(): debug: RELAY message from W1, content = WORKERDU|4332,/dev/mapper/rhel_claws--compute3-home
1757110912.654857: 1441557-7f9316e21700: cdpl_server_ipc.c:1268: in _sv_ipc_thread(): debug: received RELAY message
1757110912.654859: 1441557-7f9316e21700: cdpl_server_ipc.c:713: in _sv_on_relay(): debug: RELAY message from W1, size = 193
1757110912.654860: 1441557-7f9316e21700: cdpl_server_ipc.c:715: in _sv_on_relay(): debug: RELAY message from W1, content = REQPILOT|saeSession0,1,diff_mode_gain|&/home/argershm/180-voltmeter/Analog/cc/simulation/integrator,tb_main_opamp,schematic/history_1/simulation/diff_mode_gain/PrimeSimSPICE/nominal/results|&0
1757110912.654939: 1441557-7f9314e1d700: cdpl_compat_master.c:5948: in cdplMasterLogInfo(): info: [non-CDPL log entry] PWDP send back 'DOPILOT' to worker id:1 key: saeSession0,1,diff_mode_gain|&/home/argershm/180-voltmeter/Analog/cc/simulation/integrator,tb_main_opamp,schematic/history_1/simulation/diff_mode_gain/PrimeSimSPICE/nominal/results
1757110912.655151: 1441557-7f9314e1d700: cdpl_compat_master.c:5948: in cdplMasterLogInfo(): info: [non-CDPL log entry] PWDP: set pilot doing!
1757110912.660543: 1441557-7f9316e21700: cdpl_server_ipc.c:1268: in _sv_ipc_thread(): debug: received RELAY message
1757110912.660551: 1441557-7f9316e21700: cdpl_server_ipc.c:713: in _sv_on_relay(): debug: RELAY message from W1, size = 189
1757110912.660554: 1441557-7f9316e21700: cdpl_server_ipc.c:715: in _sv_on_relay(): debug: RELAY message from W1, content = PILOTOK|saeSession0,1,diff_mode_gain|&/home/argershm/180-voltmeter/Analog/cc/simulation/integrator,tb_main_opamp,schematic/history_1/simulation/diff_mode_gain/PrimeSimSPICE/nominal/results
1757110912.660572: 1441557-7f9314e1d700: cdpl_compat_master.c:5948: in cdplMasterLogInfo(): info: [non-CDPL log entry] PWDP: set pilot done!
1757110912.660648: 1441557-7f9316e21700: cdpl_server_ipc.c:1268: in _sv_ipc_thread(): debug: received RELAY message
1757110912.660654: 1441557-7f9316e21700: cdpl_server_ipc.c:713: in _sv_on_relay(): debug: RELAY message from W1, size = 18
1757110912.660656: 1441557-7f9316e21700: cdpl_server_ipc.c:715: in _sv_on_relay(): debug: RELAY message from W1, content = 0$- - - MEASDOING
1757110920.617316: 1441557-7f9316e21700: cdpl_server_ipc.c:1268: in _sv_ipc_thread(): debug: received RELAY message
1757110920.617329: 1441557-7f9316e21700: cdpl_server_ipc.c:713: in _sv_on_relay(): debug: RELAY message from W1, size = 77
1757110920.617331: 1441557-7f9316e21700: cdpl_server_ipc.c:715: in _sv_on_relay(): debug: RELAY message from W1, content = 0$1442273 claws-compute3.ece.ncsu.edu 1442290 FINISHED 1757110905|1757110920
1757110920.618940: 1441557-7f9316e21700: cdpl_server_ipc.c:1268: in _sv_ipc_thread(): debug: received RELAY message
1757110920.618948: 1441557-7f9316e21700: cdpl_server_ipc.c:713: in _sv_on_relay(): debug: RELAY message from W1, size = 191
1757110920.618954: 1441557-7f9316e21700: cdpl_server_ipc.c:715: in _sv_on_relay(): debug: RELAY message from W1, content = PILOTDONE|saeSession0,1,diff_mode_gain|&/home/argershm/180-voltmeter/Analog/cc/simulation/integrator,tb_main_opamp,schematic/history_1/simulation/diff_mode_gain/PrimeSimSPICE/nominal/results
1757110920.618976: 1441557-7f9314e1d700: cdpl_compat_master.c:5948: in cdplMasterLogInfo(): info: [non-CDPL log entry] saeSession0,1,diff_mode_gain|&/home/argershm/180-voltmeter/Analog/cc/simulation/integrator,tb_main_opamp,schematic/history_1/simulation/diff_mode_gain/PrimeSimSPICE/nominal/results PILOTDONE!
1757110920.619188: 1441557-7f9316e21700: cdpl_server_ipc.c:1251: in _sv_ipc_thread(): debug: received FINISH message
1757110920.619194: 1441557-7f9316e21700: cdpl_server_ipc.c:983: in _sv_on_finish(): info: worker W1 completed task T0
1757110920.619197: 1441557-7f9316e21700: cdpl_server_ipc.c:988: in _sv_on_finish(): debug: stat T0: utime=4314 stime=2055
1757110920.619199: 1441557-7f9316e21700: cdpl_server_ipc.c:993: in _sv_on_finish(): debug: statm T0: vsize=3055212 rss=1041556 shared=519624 text=474784 data=710548
1757110920.624208: 1441557-7f9316e21700: cdpl_server_ipc.c:1268: in _sv_ipc_thread(): debug: received RELAY message
1757110920.624219: 1441557-7f9316e21700: cdpl_server_ipc.c:713: in _sv_on_relay(): debug: RELAY message from W1, size = 50
1757110920.624221: 1441557-7f9316e21700: cdpl_server_ipc.c:715: in _sv_on_relay(): debug: RELAY message from W1, content = WORKERDU|44,/dev/mapper/rhel_claws--compute3-home
1757110920.671402: 1441557-7f9357045540: cdpl_server.c:227: in _sv_free_task_safe(): debug: freeing task T0
1757110922.025010: 1441557-7f9357045540: cdpl_server.c:3008: in cdpl_sv_halt_job_errno(): info: killing job J1
1757110922.025042: 1441557-7f9357045540: cdpl_server.c:3044: in cdpl_sv_halt_job_errno(): debug: signal bin B1 scheduler to stop
1757110922.025062: 1441557-7f93027fc700: cdpl_server_sched.c:2484: in _sv_scheduler_thread(): debug: scheduler for bin B1 stopped
1757110922.025082: 1441557-7f93027fc700: cdpl_ipc.c:1657: in _host_drop__UNSAFE(): debug: dropping host `152.14.98.53:41356'
1757110922.025160: 1441557-7f93027fc700: cdpl_server_sched.c:2830: in _sv_drop_worker(): info: down to 0 alive workers in B1
1757110922.025167: 1441557-7f93027fc700: cdpl_farm.c:4152: in cdpl_farm_dismiss(): debug: down to 0 running processes
1757110922.025179: 1441557-7f9316e21700: cdpl_server_ipc.c:1236: in _sv_ipc_thread(): debug: received DROP notification
1757110922.025216: 1441557-7f93027fc700: cdpl_server_sched.c:121: in _free_worker_2(): debug: freeing worker W1
1757110922.025228: 1441557-7f93027fc700: cdpl_ipc.c:2513: in cdpl_ipc_host_release(): debug: releasing host `152.14.98.53:41356'
1757110922.025229: 1441557-7f93027fc700: cdpl_ipc.c:2529: in cdpl_ipc_host_release(): debug: scheduling for immediate release
1757110922.025273: 1441557-7f9357045540: cdpl_server.c:294: in _sv_free_job(): info: freeing job J1
1757110922.025279: 1441557-7f9357045540: cdpl_server.c:92: in _sv_free_bin(): debug: freeing bin B1
1757110922.025315: 1441557-7f9357045540: cdpl_monitor.c:515: in cdpl_mn_kill(): info: killing monitor
1757110922.025322: 1441557-7f9357045540: cdpl_ipc.c:3677: in cdpl_ipc_kill(): debug: stopping event server
1757110922.025370: 1441557-7f9315e1f700: cdpl_ipc.c:775: in _readv(): warning: read(): EOF
1757110922.025387: 1441557-7f9317622700: cdpl_ipc.c:775: in _readv(): warning: read(): EOF
1757110922.025412: 1441557-7f9317622700: cdpl_ipc.c:2100: in _epoll_recv(): debug: _readv(): Broken pipe
1757110922.025415: 1441557-7f9317622700: cdpl_ipc.c:2424: in _epoll_main(): debug: _epoll_recv(): Broken pipe
1757110922.025418: 1441557-7f9315e1f700: cdpl_ipc.c:2100: in _epoll_recv(): debug: _readv(): Broken pipe
1757110922.025423: 1441557-7f9315e1f700: cdpl_ipc.c:2424: in _epoll_main(): debug: _epoll_recv(): Broken pipe
1757110922.025426: 1441557-7f9315e1f700: cdpl_ipc.c:1657: in _host_drop__UNSAFE(): debug: dropping host `152.14.98.53:40937'
1757110922.025431: 1441557-7f9317622700: cdpl_ipc.c:1657: in _host_drop__UNSAFE(): debug: dropping host `152.14.98.53:41354'
1757110922.025450: 1441557-7f9315e1f700: cdpl_ipc.c:2460: in _epoll_main(): debug: server going down...
1757110922.025476: 1441557-7f9317622700: cdpl_ipc.c:1582: in _host_free__UNSAFE(): debug: freeing host `152.14.98.53:41356'
1757110922.025486: 1441557-7f9317622700: cdpl_ipc.c:1621: in _host_free__UNSAFE(): debug: [0 outq, 0 spR, 0 spW]
1757110922.025494: 1441557-7f9316e21700: cdpl_server_ipc.c:1236: in _sv_ipc_thread(): debug: received DROP notification
1757110922.025509: 1441557-7f9316e21700: cdpl_monitor.c:1269: in cdpl_mn_drop(): debug: detaching from monitor `152.14.98.53:41354'
1757110922.025514: 1441557-7f9316e21700: cdpl_monitor.c:1101: in mn_systat_stop(): debug: joining systat thread
1757110922.025549: 1441557-7f9303fff700: cdpl_monitor.c:1079: in mn_systat(): debug: exiting
1757110922.025560: 1441557-7f9316e21700: cdpl_monitor.c:1103: in mn_systat_stop(): debug: systat thread done
1757110922.025563: 1441557-7f9316e21700: cdpl_ipc.c:2513: in cdpl_ipc_host_release(): debug: releasing host `152.14.98.53:41354'
1757110922.025567: 1441557-7f9316620700: cdpl_ipc.c:3728: in cdpl_ipc_free(): debug: releasing IPC handle
1757110922.025573: 1441557-7f9316620700: cdpl_ipc.c:1582: in _host_free__UNSAFE(): debug: freeing host `152.14.98.53:40937'
1757110922.025576: 1441557-7f9316620700: cdpl_ipc.c:1621: in _host_free__UNSAFE(): debug: [0 outq, 0 spR, 0 spW]
1757110922.025578: 1441557-7f9316620700: cdpl_ipc.c:1582: in _host_free__UNSAFE(): debug: freeing host `152.14.98.53:45543'
1757110922.025579: 1441557-7f9316620700: cdpl_ipc.c:1621: in _host_free__UNSAFE(): debug: [0 outq, 0 spR, 0 spW]
1757110922.025588: 1441557-7f9316620700: cdpl_ipc.c:3756: in cdpl_ipc_free(): warning: 2 host(s) were not released
1757110922.025602: 1441557-7f9316620700: cdpl_ipc.c:3767: in cdpl_ipc_free(): debug: done
1757110922.025604: 1441557-7f9316620700: cdpl_monitor.c:1390: in cdpl_mn_free(): debug: freeing monitor client
1757110922.025714: 1441557-7f9357045540: cdpl_farm.c:2740: in cdpl_farm_free(): info: freeing farm
1757110922.025738: 1441557-7f9301ffb700: cdpl_farm.c:2231: in _schedule(): debug: end of idling
1757110922.025744: 1441557-7f9301ffb700: cdpl_farm.c:2235: in _schedule(): debug: dying
1757110922.025790: 1441557-7f9357045540: cdpl_farm.c:913: in _killall(): debug: killing all remaining commands
1757110922.025801: 1441557-7f9357045540: cdpl_server.c:3144: in cdpl_sv_free(): info: freeing server S1827606668
1757110922.025815: 1441557-7f9357045540: cdpl_server.c:3109: in cdpl_sv_kill_errno(): info: killing server
1757110922.025817: 1441557-7f9357045540: cdpl_ipc.c:3677: in cdpl_ipc_kill(): debug: stopping event server
1757110922.025829: 1441557-7f9316e21700: cdpl_server_ipc.c:1200: in _sv_ipc_thread(): debug: leaving now
1757110922.025836: 1441557-7f9317622700: cdpl_ipc.c:2460: in _epoll_main(): debug: server going down...
1757110922.025845: 1441557-7f9357045540: cdpl_server.c:334: in _sv_free_master(): info: freeing master M1
1757110922.025852: 1441557-7f9357045540: cdpl_hash.c:68: in cdpl_h_destroy(): debug: put operations: 1
1757110922.025854: 1441557-7f9357045540: cdpl_hash.c:69: in cdpl_h_destroy(): debug: put collisions: 0
1757110922.025855: 1441557-7f9357045540: cdpl_hash.c:70: in cdpl_h_destroy(): debug: get operations: 1
1757110922.025857: 1441557-7f9357045540: cdpl_hash.c:71: in cdpl_h_destroy(): debug: get iterations: 1
1757110922.025865: 1441557-7f9357045540: cdpl_monitor.c:1390: in cdpl_mn_free(): debug: freeing monitor server
1757110922.025868: 1441557-7f9357045540: cdpl_ipc.c:3728: in cdpl_ipc_free(): debug: releasing IPC handle
1757110922.025870: 1441557-7f9357045540: cdpl_ipc.c:1582: in _host_free__UNSAFE(): debug: freeing host `152.14.98.53:41354'
1757110922.025872: 1441557-7f9357045540: cdpl_ipc.c:1621: in _host_free__UNSAFE(): debug: [0 outq, 0 spR, 0 spW]
1757110922.025894: 1441557-7f9357045540: cdpl_ipc.c:3767: in cdpl_ipc_free(): debug: done
1757110922.025900: 1441557-7f9357045540: cdpl_log.c:481: in cdpl_log_close(): info: @@end_of_log@@
