1757110171.175146: 1396453-7fcae9fba540: cdpl_log.c:337: in cdpl_log_open(): info: @@start_of_log@@
1757110171.175155: 1396453-7fcae9fba540: cdpl_log.c:1058: in cdpl_log_dump_sysinfo(): info: time: 2025/09/05 18:09:31 EDT -0400
1757110171.175157: 1396453-7fcae9fba540: cdpl_log.c:1060: in cdpl_log_dump_sysinfo(): info: version: W-2024.09-SP1-2 
1757110171.175159: 1396453-7fcae9fba540: cdpl_log.c:1062: in cdpl_log_dump_sysinfo(): info: system: Linux 4.18.0-553.69.1.el8_10.x86_64 #1 SMP Thu Aug 7 18:10:00 EDT 2025
1757110171.175160: 1396453-7fcae9fba540: cdpl_log.c:1067: in cdpl_log_dump_sysinfo(): info: processor: x86_64 64-bits
1757110171.175162: 1396453-7fcae9fba540: cdpl_log.c:1071: in cdpl_log_dump_sysinfo(): info: hostname: claws-compute3.ece.ncsu.edu
1757110171.175163: 1396453-7fcae9fba540: cdpl_log.c:1073: in cdpl_log_dump_sysinfo(): info: program name: custom_shell
1757110171.175166: 1396453-7fcae9fba540: cdpl_log.c:340: in cdpl_log_open(): debug: path: /home/argershm/180-voltmeter/Analog/cc/synopsys_custom/pwdp_jobs/saeSession0_diffmodegain.SimulationSimulation_cdpl.2.1396453/logs/master.claws-compute3.ece.ncsu.edu.1396453.log
1757110171.175167: 1396453-7fcae9fba540: cdpl_log.c:341: in cdpl_log_open(): debug: dir: /home/argershm/180-voltmeter/Analog/cc/synopsys_custom/pwdp_jobs/saeSession0_diffmodegain.SimulationSimulation_cdpl.2.1396453/logs
1757110171.175172: 1396453-7fcae9fba540: cdpl_server.c:536: in cdpl_sv_init(): info: new server S1399446076
1757110171.175174: 1396453-7fcae9fba540: cdpl_ipc.c:3475: in cdpl_ipc_init(): info: requesting IPv4 protocol
1757110171.180716: 1396453-7fcae9fba540: cdpl_ipc.c:837: in _selectaddrfamily(): info: selected IPv4 protocol
1757110171.180733: 1396453-7fcae9fba540: cdpl_ipc.c:1139: in _set_keepalive(): info: TCP keep alive interval: 300
1757110171.183887: 1396453-7fcae9fba540: cdpl_monitor.c:1117: in cdpl_mn_new_server(): info: creating server monitor instance
1757110171.183892: 1396453-7fcae9fba540: cdpl_server.c:650: in cdpl_sv_new_master(): info: new master M1
1757110171.183896: 1396453-7fcae9fba540: cdpl_server.c:6533: in cdpl_sv_ctl_master(): info: Setting worker heartbeat to 120 seconds
1757110171.183898: 1396453-7fcae9fba540: cdpl_server.c:6542: in cdpl_sv_ctl_master(): info: Setting worker heartbeat timeout to 3 heartbeats
1757110171.183899: 1396453-7fcae9fba540: cdpl_compat_master.c:2090: in _parse_hostfile(): info: reading hostfile `/home/argershm/180-voltmeter/Analog/cc/synopsys_custom/pwdp_jobs/saeSession0_diffmodegain.SimulationSimulation_cdpl.2.1396453/host_file'
1757110171.183909: 1396453-7fcae9fba540: cdpl_compat_master.c:1900: in _hostfile_parser(): debug: parsing "1     |localhost|   -1  | /tmp | SH | sh"
1757110171.183913: 1396453-7fcae9fba540: cdpl_farm.c:2578: in cdpl_farm_new_sh(): info: creating SH farm on localhost
1757110171.183916: 1396453-7fcae9fba540: cdpl_compat_master.c:206: in _set_farm_env(): info: exporting CDPL_LOGDIR as `/home/argershm/180-voltmeter/Analog/cc/synopsys_custom/pwdp_jobs/saeSession0_diffmodegain.SimulationSimulation_cdpl.2.1396453/logs'
1757110171.183917: 1396453-7fcae9fba540: cdpl_compat_master.c:212: in _set_farm_env(): info: exporting CDPL_TMPDIR as `/tmp'
1757110171.183919: 1396453-7fcae9fba540: cdpl_compat_master.c:235: in _set_farm_env(): info: exporting SNPSLMD_LICENSE_FILE as `27000@ece-lic-35.ece.ncsu.edu'
1757110171.183921: 1396453-7fcae9fba540: cdpl_compat_master.c:259: in _set_farm_env(): info: exporting CDPL_OPTIONS as `[nowlogs]'
1757110171.183923: 1396453-7fcae9fba540: cdpl_compat_master.c:266: in _set_farm_env(): info: exporting DISPLAY as `unix:1876'
1757110171.183924: 1396453-7fcae9fba540: cdpl_compat_master.c:274: in _set_farm_env(): info: exporting CDPL_HEARTBEAT as `120'
1757110171.183927: 1396453-7fcae9fba540: cdpl_farm.c:3149: in cdpl_farm_add_withdir(): debug: added `localhost' (capacity: unlimited)
1757110171.183929: 1396453-7fcae9fba540: cdpl_compat_parse.c:147: in parsefile(): debug: read `/home/argershm/180-voltmeter/Analog/cc/synopsys_custom/pwdp_jobs/saeSession0_diffmodegain.SimulationSimulation_cdpl.2.1396453/host_file', 2 lines
1757110171.183934: 1396453-7fcae9fba540: cdpl_compat_master.c:2931: in cdplInitMaster(): info: bcast dir is `/home/argershm/180-voltmeter/Analog/cc/synopsys_custom/pwdp_jobs/saeSession0_diffmodegain.SimulationSimulation_cdpl.2.1396453/logs'
1757110171.183966: 1396453-7fcae9fba540: cdpl_server.c:6433: in cdpl_sv_ctl_master(): info: farm worker timeout set to 300
1757110171.183968: 1396453-7fcae9fba540: cdpl_server.c:6486: in cdpl_sv_ctl_master(): info: maximum number of task execution attempts set to 1
1757110171.183972: 1396453-7fcae9fba540: cdpl_server.c:3195: in cdpl_sv_start(): debug: starting server
1757110171.183974: 1396453-7fcae9fba540: cdpl_ipc.c:3632: in cdpl_ipc_start(): debug: starting IPC server 152.14.98.53:34987
1757110171.184105: 1396453-7fca617fa700: cdpl_server_ipc.c:1182: in _sv_ipc_thread(): debug: ready
1757110171.184218: 1396453-7fca60ff9700: cdpl_monitor.c:426: in cdpl_mn_init_client(): info: creating client monitor instance
1757110171.184236: 1396453-7fca60ff9700: cdpl_ipc.c:3475: in cdpl_ipc_init(): info: requesting IPv4 protocol
1757110171.188201: 1396453-7fca60ff9700: cdpl_ipc.c:837: in _selectaddrfamily(): info: selected IPv4 protocol
1757110171.188224: 1396453-7fca60ff9700: cdpl_ipc.c:1139: in _set_keepalive(): info: TCP keep alive interval: 300
1757110171.191417: 1396453-7fca60ff9700: cdpl_ipc.c:3632: in cdpl_ipc_start(): debug: starting IPC server 152.14.98.53:34421
1757110171.191579: 1396453-7fca60ff9700: cdpl_monitor.c:471: in cdpl_mn_init_client(): debug: incoming messages in /tmp/cdpl-monitor-YVTsfb
1757110171.191648: 1396453-7fca60ff9700: cdpl_monitor.c:533: in cdpl_mn_connect(): debug: connecting to 152.14.98.53:34987
1757110171.191651: 1396453-7fca60ff9700: cdpl_ipc.c:3789: in cdpl_ipc_connect(): info: connecting to 152.14.98.53:34987
1757110171.191755: 1396453-7fca60ff9700: cdpl_ipc.c:3860: in cdpl_ipc_connect(): info: connected as `152.14.98.53:53182'
1757110171.191760: 1396453-7fca60ff9700: cdpl_ipc.c:2503: in cdpl_ipc_host_accept(): debug: accepted host `152.14.98.53:34987'
1757110171.191764: 1396453-7fca60ff9700: cdpl_monitor.c:579: in cdpl_mn_connect(): debug: ok
1757110171.191773: 1396453-7fcae9fba540: cdpl_server.c:731: in cdpl_sv_new_job(): info: new job J1 in M1
1757110171.191782: 1396453-7fca61ffb700: cdpl_ipc.c:1862: in _epoll_accept(): debug: new connection from `152.14.98.53:53182'
1757110171.191793: 1396453-7fcae9fba540: cdpl_compat_master.c:1581: in _add_worker(): info: new worker type 10, min:1, max:3, cmd:`/home/argershm/180-voltmeter/Analog/cc/synopsys_custom/pwdp_jobs/saeSession0_diffmodegain.SimulationSimulation_cdpl.2.1396453/START_WORKER pw_worker -i /home/argershm/180-voltmeter/Analog/cc/synopsys_custom/pwdp_jobs
1757110171.191797: 1396453-7fcae9fba540: cdpl_server.c:908: in cdpl_sv_new_bin_withfarm(): info: new bin B1 in J1
1757110171.191831: 1396453-7fca617fa700: cdpl_server_ipc.c:1225: in _sv_ipc_thread(): debug: received ACCEPT notification
1757110171.191842: 1396453-7fca617fa700: cdpl_ipc.c:2503: in cdpl_ipc_host_accept(): debug: accepted host `152.14.98.53:53182'
1757110171.191855: 1396453-7fca617fa700: cdpl_server_ipc.c:1256: in _sv_ipc_thread(): debug: received MONITOR message
1757110171.191948: 1396453-7fca617fa700: cdpl_monitor.c:1207: in cdpl_mn_accept(): debug: accepted monitor `152.14.98.53:53182'
1757110171.191955: 1396453-7fca617fa700: cdpl_server_ipc_mon.c:120: in _globalLOCK(): debug: ENTERTING GLOBAL LOCK
1757110171.191963: 1396453-7fca617fa700: cdpl_server_ipc_mon.c:164: in _globalLOCK(): debug: global lock acquired
1757110171.191964: 1396453-7fca3a7fc700: cdpl_monitor.c:910: in mn_systat(): debug: started
1757110171.192201: 1396453-7fca3a7fc700: cdpl_monitor.c:937: in mn_systat(): debug: monitor server flush rate: 5
1757110171.985474: 1396453-7fca617fa700: cdpl_server_ipc_mon.c:210: in _globalUNLOCK(): debug: LEAVING GLOBAL LOCK
1757110171.985494: 1396453-7fcae9fba540: cdpl_server.c:3249: in cdpl_sv_start_job(): info: starting job J1
1757110171.985513: 1396453-7fcae9fba540: cdpl_server.c:62: in _sv_start_bin(): debug: starting bin B1 (min: 0, max: 3)
1757110171.985619: 1396453-7fcae9fba540: cdpl_server.c:1893: in _sv_gen_task(): info: new task T0 in B1 (prio 0)
1757110171.985630: 1396453-7fcae9fba540: cdpl_server.c:2698: in cdpl_sv_label_task_va(): info: setting task T0 label to "PrimeSim_3|PrimeSim"
1757110171.985634: 1396453-7fca38ff9700: cdpl_server_sched.c:2482: in _sv_scheduler_thread(): debug: scheduler for bin B1 started
1757110171.985650: 1396453-7fca38ff9700: cdpl_server_sched.c:2443: in _scheduler_run(): debug: will start a new worker
1757110171.985681: 1396453-7fca38ff9700: cdpl_farm.c:3977: in cdpl_farm_submit(): debug: 1 running processes
1757110171.985684: 1396453-7fca38ff9700: cdpl_farm.c:3985: in cdpl_farm_submit(): debug: new command C1 in bin B1 assigned to host `localhost'
1757110171.985784: 1396453-7fca38ff9700: cdpl_server_sched.c:705: in _sv_launch_worker(): info: started worker W1 (as C1) in bin B1
1757110171.985798: 1396453-7fca1bfff700: cdpl_farm.c:2139: in _schedule(): debug: started
1757110171.985804: 1396453-7fca1bfff700: cdpl_farm.c:2303: in _schedule(): debug: submitting command C1 in bin B1
1757110171.985807: 1396453-7fca1bfff700: cdpl_sh.c:49: in _sh_detached_submit(): info: SH : /home/argershm/180-voltmeter/Analog/cc/synopsys_custom/pwdp_jobs/saeSession0_diffmodegain.SimulationSimulation_cdpl.2.1396453/START_WORKER pw_worker -i /home/argershm/180-voltmeter/Analog/cc/synopsys_custom/pwdp_jobs/saeSession0_diffmodegain.SimulationSimulation_cdpl.2.1396453 -t 10000
1757110171.996510: 1396453-7fca1bfff700: cdpl_farm.c:2343: in _schedule(): debug: C1 in bin B1 running on slot 0
1757110171.996536: 1396453-7fca1bfff700: cdpl_farm.c:2167: in _schedule(): debug: idle
1757110172.010172: 1396453-7fcae9fba540: cdpl_compat_master.c:5948: in cdplMasterLogInfo(): info: [non-CDPL log entry] PWDP3: reset pilot cache succeeded, pilot_key=saeSession0,1,diff_mode_gain|&/home/argershm/180-voltmeter/Analog/cc/simulation/integrator,tb_main_opamp,schematic/history_1/simulation/diff_mode_gain/PrimeSimSPICE/nominal/results
1757110172.296603: 1396453-7fca1bfff700: cdpl_farm.c:1193: in _onexit(): debug: C1 in bin B1 exited normally on slot 0
1757110173.100851: 1396453-7fca39ffb700: cdpl_compat_master.c:5948: in cdplMasterLogInfo(): info: [non-CDPL log entry] PWDP - no-workers started ok check start!
1757110173.898661: 1396453-7fca61ffb700: cdpl_ipc.c:1862: in _epoll_accept(): debug: new connection from `152.14.98.53:53190'
1757110173.898704: 1396453-7fca617fa700: cdpl_server_ipc.c:1225: in _sv_ipc_thread(): debug: received ACCEPT notification
1757110173.898721: 1396453-7fca617fa700: cdpl_ipc.c:2503: in cdpl_ipc_host_accept(): debug: accepted host `152.14.98.53:53190'
1757110173.898825: 1396453-7fca617fa700: cdpl_server_ipc.c:1246: in _sv_ipc_thread(): debug: received HELLO message
1757110173.898830: 1396453-7fca617fa700: cdpl_server_ipc.c:430: in _sv_on_hello(): debug: looking up W1
1757110173.898834: 1396453-7fca617fa700: cdpl_server_ipc.c:540: in _sv_on_hello(): info: W1 is `152.14.98.53:53190'
1757110173.898836: 1396453-7fca617fa700: cdpl_server_ipc.c:541: in _sv_on_hello(): debug: hello W1 (B1)
1757110173.898837: 1396453-7fca617fa700: cdpl_server_ipc.c:542: in _sv_on_hello(): info: W1 log file is /dev/null
1757110173.898855: 1396453-7fca617fa700: cdpl_server_ipc.c:602: in _sv_on_hello(): info: up to 1 alive workers in B1
1757110173.898860: 1396453-7fca617fa700: cdpl_farm.c:878: in _release_cmd(): debug: freeing command C1 in bin B1
1757110173.898882: 1396453-7fca38ff9700: cdpl_server_sched.c:960: in _assign(): info: assigning task T0 to worker W1
1757110173.962427: 1396453-7fca617fa700: cdpl_server_ipc.c:1268: in _sv_ipc_thread(): debug: received RELAY message
1757110173.962437: 1396453-7fca617fa700: cdpl_server_ipc.c:713: in _sv_on_relay(): debug: RELAY message from W1, size = 65
1757110173.962440: 1396453-7fca617fa700: cdpl_server_ipc.c:715: in _sv_on_relay(): debug: RELAY message from W1, content = 0$1406343 claws-compute3.ece.ncsu.edu 1406359 RUNNING 1757110173
1757110174.899111: 1396453-7fca617fa700: cdpl_server_ipc.c:312: in _sv_on_heartbeat(): debug: received HEARTBEAT from worker W1 at 152.14.98.53:53190
1757110176.192803: 1396453-7fca60ff9700: cdpl_monitor.c:533: in cdpl_mn_connect(): debug: connecting to 152.14.98.53:42169
1757110176.192812: 1396453-7fca60ff9700: cdpl_ipc.c:3789: in cdpl_ipc_connect(): info: connecting to 152.14.98.53:42169
1757110176.192888: 1396453-7fca60ff9700: cdpl_ipc.c:3860: in cdpl_ipc_connect(): info: connected as `152.14.98.53:50736'
1757110176.192894: 1396453-7fca60ff9700: cdpl_ipc.c:2503: in cdpl_ipc_host_accept(): debug: accepted host `152.14.98.53:42169'
1757110176.192899: 1396453-7fca60ff9700: cdpl_monitor.c:579: in cdpl_mn_connect(): debug: ok
1757110180.687067: 1396453-7fca617fa700: cdpl_server_ipc.c:1268: in _sv_ipc_thread(): debug: received RELAY message
1757110180.687087: 1396453-7fca617fa700: cdpl_server_ipc.c:713: in _sv_on_relay(): debug: RELAY message from W1, size = 52
1757110180.687090: 1396453-7fca617fa700: cdpl_server_ipc.c:715: in _sv_on_relay(): debug: RELAY message from W1, content = WORKERDU|4332,/dev/mapper/rhel_claws--compute3-home
1757110180.687096: 1396453-7fca617fa700: cdpl_server_ipc.c:1268: in _sv_ipc_thread(): debug: received RELAY message
1757110180.687098: 1396453-7fca617fa700: cdpl_server_ipc.c:713: in _sv_on_relay(): debug: RELAY message from W1, size = 193
1757110180.687099: 1396453-7fca617fa700: cdpl_server_ipc.c:715: in _sv_on_relay(): debug: RELAY message from W1, content = REQPILOT|saeSession0,1,diff_mode_gain|&/home/argershm/180-voltmeter/Analog/cc/simulation/integrator,tb_main_opamp,schematic/history_1/simulation/diff_mode_gain/PrimeSimSPICE/nominal/results|&0
1757110180.687160: 1396453-7fca3affd700: cdpl_compat_master.c:5948: in cdplMasterLogInfo(): info: [non-CDPL log entry] PWDP send back 'DOPILOT' to worker id:1 key: saeSession0,1,diff_mode_gain|&/home/argershm/180-voltmeter/Analog/cc/simulation/integrator,tb_main_opamp,schematic/history_1/simulation/diff_mode_gain/PrimeSimSPICE/nominal/results
1757110180.687385: 1396453-7fca3affd700: cdpl_compat_master.c:5948: in cdplMasterLogInfo(): info: [non-CDPL log entry] PWDP: set pilot doing!
1757110180.690663: 1396453-7fca617fa700: cdpl_server_ipc.c:1268: in _sv_ipc_thread(): debug: received RELAY message
1757110180.690671: 1396453-7fca617fa700: cdpl_server_ipc.c:713: in _sv_on_relay(): debug: RELAY message from W1, size = 189
1757110180.690673: 1396453-7fca617fa700: cdpl_server_ipc.c:715: in _sv_on_relay(): debug: RELAY message from W1, content = PILOTOK|saeSession0,1,diff_mode_gain|&/home/argershm/180-voltmeter/Analog/cc/simulation/integrator,tb_main_opamp,schematic/history_1/simulation/diff_mode_gain/PrimeSimSPICE/nominal/results
1757110180.690692: 1396453-7fca3affd700: cdpl_compat_master.c:5948: in cdplMasterLogInfo(): info: [non-CDPL log entry] PWDP: set pilot done!
1757110180.690822: 1396453-7fca617fa700: cdpl_server_ipc.c:1268: in _sv_ipc_thread(): debug: received RELAY message
1757110180.690828: 1396453-7fca617fa700: cdpl_server_ipc.c:713: in _sv_on_relay(): debug: RELAY message from W1, size = 18
1757110180.690830: 1396453-7fca617fa700: cdpl_server_ipc.c:715: in _sv_on_relay(): debug: RELAY message from W1, content = 0$- - - MEASDOING
1757110180.953253: 1396453-7fca617fa700: cdpl_server_ipc.c:1268: in _sv_ipc_thread(): debug: received RELAY message
1757110180.953262: 1396453-7fca617fa700: cdpl_server_ipc.c:713: in _sv_on_relay(): debug: RELAY message from W1, size = 77
1757110180.953264: 1396453-7fca617fa700: cdpl_server_ipc.c:715: in _sv_on_relay(): debug: RELAY message from W1, content = 0$1406343 claws-compute3.ece.ncsu.edu 1406359 FINISHED 1757110173|1757110180
1757110180.954694: 1396453-7fca617fa700: cdpl_server_ipc.c:1268: in _sv_ipc_thread(): debug: received RELAY message
1757110180.954701: 1396453-7fca617fa700: cdpl_server_ipc.c:713: in _sv_on_relay(): debug: RELAY message from W1, size = 191
1757110180.954704: 1396453-7fca617fa700: cdpl_server_ipc.c:715: in _sv_on_relay(): debug: RELAY message from W1, content = PILOTDONE|saeSession0,1,diff_mode_gain|&/home/argershm/180-voltmeter/Analog/cc/simulation/integrator,tb_main_opamp,schematic/history_1/simulation/diff_mode_gain/PrimeSimSPICE/nominal/results
1757110180.954728: 1396453-7fca3affd700: cdpl_compat_master.c:5948: in cdplMasterLogInfo(): info: [non-CDPL log entry] saeSession0,1,diff_mode_gain|&/home/argershm/180-voltmeter/Analog/cc/simulation/integrator,tb_main_opamp,schematic/history_1/simulation/diff_mode_gain/PrimeSimSPICE/nominal/results PILOTDONE!
1757110180.954961: 1396453-7fca617fa700: cdpl_server_ipc.c:1251: in _sv_ipc_thread(): debug: received FINISH message
1757110180.954968: 1396453-7fca617fa700: cdpl_server_ipc.c:983: in _sv_on_finish(): info: worker W1 completed task T0
1757110180.954971: 1396453-7fca617fa700: cdpl_server_ipc.c:988: in _sv_on_finish(): debug: stat T0: utime=3728 stime=1880
1757110180.954973: 1396453-7fca617fa700: cdpl_server_ipc.c:993: in _sv_on_finish(): debug: statm T0: vsize=3054808 rss=1036648 shared=519296 text=474784 data=710028
1757110180.959571: 1396453-7fca617fa700: cdpl_server_ipc.c:1268: in _sv_ipc_thread(): debug: received RELAY message
1757110180.959577: 1396453-7fca617fa700: cdpl_server_ipc.c:713: in _sv_on_relay(): debug: RELAY message from W1, size = 50
1757110180.959579: 1396453-7fca617fa700: cdpl_server_ipc.c:715: in _sv_on_relay(): debug: RELAY message from W1, content = WORKERDU|24,/dev/mapper/rhel_claws--compute3-home
1757110180.971885: 1396453-7fcae9fba540: cdpl_server.c:227: in _sv_free_task_safe(): debug: freeing task T0
1757110181.802023: 1396453-7fcae9fba540: cdpl_server.c:3008: in cdpl_sv_halt_job_errno(): info: killing job J1
1757110181.802051: 1396453-7fcae9fba540: cdpl_server.c:3044: in cdpl_sv_halt_job_errno(): debug: signal bin B1 scheduler to stop
1757110181.802073: 1396453-7fca38ff9700: cdpl_server_sched.c:2484: in _sv_scheduler_thread(): debug: scheduler for bin B1 stopped
1757110181.802113: 1396453-7fca38ff9700: cdpl_ipc.c:1657: in _host_drop__UNSAFE(): debug: dropping host `152.14.98.53:53190'
1757110181.802153: 1396453-7fca38ff9700: cdpl_server_sched.c:2830: in _sv_drop_worker(): info: down to 0 alive workers in B1
1757110181.802156: 1396453-7fca38ff9700: cdpl_farm.c:4152: in cdpl_farm_dismiss(): debug: down to 0 running processes
1757110181.802161: 1396453-7fca38ff9700: cdpl_server_sched.c:121: in _free_worker_2(): debug: freeing worker W1
1757110181.802163: 1396453-7fca38ff9700: cdpl_ipc.c:2513: in cdpl_ipc_host_release(): debug: releasing host `152.14.98.53:53190'
1757110181.802180: 1396453-7fcae9fba540: cdpl_server.c:294: in _sv_free_job(): info: freeing job J1
1757110181.802183: 1396453-7fcae9fba540: cdpl_server.c:92: in _sv_free_bin(): debug: freeing bin B1
1757110181.802195: 1396453-7fca617fa700: cdpl_server_ipc.c:1236: in _sv_ipc_thread(): debug: received DROP notification
1757110181.802218: 1396453-7fcae9fba540: cdpl_monitor.c:515: in cdpl_mn_kill(): info: killing monitor
1757110181.802226: 1396453-7fcae9fba540: cdpl_ipc.c:3677: in cdpl_ipc_kill(): debug: stopping event server
1757110181.802365: 1396453-7fca3bfff700: cdpl_ipc.c:2460: in _epoll_main(): debug: server going down...
1757110181.802375: 1396453-7fca61ffb700: cdpl_ipc.c:775: in _readv(): warning: read(): EOF
1757110181.802386: 1396453-7fca61ffb700: cdpl_ipc.c:2100: in _epoll_recv(): debug: _readv(): Broken pipe
1757110181.802391: 1396453-7fca61ffb700: cdpl_ipc.c:2424: in _epoll_main(): debug: _epoll_recv(): Broken pipe
1757110181.802396: 1396453-7fca61ffb700: cdpl_ipc.c:1657: in _host_drop__UNSAFE(): debug: dropping host `152.14.98.53:53182'
1757110181.802406: 1396453-7fca60ff9700: cdpl_ipc.c:3728: in cdpl_ipc_free(): debug: releasing IPC handle
1757110181.802410: 1396453-7fca60ff9700: cdpl_ipc.c:1582: in _host_free__UNSAFE(): debug: freeing host `152.14.98.53:42169'
1757110181.802412: 1396453-7fca60ff9700: cdpl_ipc.c:1621: in _host_free__UNSAFE(): debug: [0 outq, 0 spR, 0 spW]
1757110181.802424: 1396453-7fca60ff9700: cdpl_ipc.c:1582: in _host_free__UNSAFE(): debug: freeing host `152.14.98.53:34987'
1757110181.802426: 1396453-7fca60ff9700: cdpl_ipc.c:1621: in _host_free__UNSAFE(): debug: [0 outq, 0 spR, 0 spW]
1757110181.802427: 1396453-7fca61ffb700: cdpl_ipc.c:1582: in _host_free__UNSAFE(): debug: freeing host `152.14.98.53:53190'
1757110181.802436: 1396453-7fca61ffb700: cdpl_ipc.c:1621: in _host_free__UNSAFE(): debug: [0 outq, 0 spR, 0 spW]
1757110181.802438: 1396453-7fca60ff9700: cdpl_ipc.c:3756: in cdpl_ipc_free(): warning: 2 host(s) were not released
1757110181.802452: 1396453-7fca60ff9700: cdpl_ipc.c:3767: in cdpl_ipc_free(): debug: done
1757110181.802456: 1396453-7fca60ff9700: cdpl_monitor.c:1390: in cdpl_mn_free(): debug: freeing monitor client
1757110181.802520: 1396453-7fca617fa700: cdpl_server_ipc.c:1236: in _sv_ipc_thread(): debug: received DROP notification
1757110181.802538: 1396453-7fcae9fba540: cdpl_farm.c:2740: in cdpl_farm_free(): info: freeing farm
1757110181.802546: 1396453-7fca617fa700: cdpl_monitor.c:1269: in cdpl_mn_drop(): debug: detaching from monitor `152.14.98.53:53182'
1757110181.802551: 1396453-7fca617fa700: cdpl_monitor.c:1101: in mn_systat_stop(): debug: joining systat thread
1757110181.802558: 1396453-7fca1bfff700: cdpl_farm.c:2231: in _schedule(): debug: end of idling
1757110181.802564: 1396453-7fca1bfff700: cdpl_farm.c:2235: in _schedule(): debug: dying
1757110181.802604: 1396453-7fca3a7fc700: cdpl_monitor.c:1079: in mn_systat(): debug: exiting
1757110181.802625: 1396453-7fca617fa700: cdpl_monitor.c:1103: in mn_systat_stop(): debug: systat thread done
1757110181.802628: 1396453-7fca617fa700: cdpl_ipc.c:2513: in cdpl_ipc_host_release(): debug: releasing host `152.14.98.53:53182'
1757110181.802652: 1396453-7fcae9fba540: cdpl_farm.c:913: in _killall(): debug: killing all remaining commands
1757110181.802665: 1396453-7fcae9fba540: cdpl_server.c:3144: in cdpl_sv_free(): info: freeing server S1399446076
1757110181.802680: 1396453-7fcae9fba540: cdpl_server.c:3109: in cdpl_sv_kill_errno(): info: killing server
1757110181.802682: 1396453-7fcae9fba540: cdpl_ipc.c:3677: in cdpl_ipc_kill(): debug: stopping event server
1757110181.802699: 1396453-7fca61ffb700: cdpl_ipc.c:2460: in _epoll_main(): debug: server going down...
1757110181.802705: 1396453-7fca617fa700: cdpl_server_ipc.c:1200: in _sv_ipc_thread(): debug: leaving now
1757110181.802716: 1396453-7fcae9fba540: cdpl_server.c:334: in _sv_free_master(): info: freeing master M1
1757110181.802722: 1396453-7fcae9fba540: cdpl_hash.c:68: in cdpl_h_destroy(): debug: put operations: 1
1757110181.802724: 1396453-7fcae9fba540: cdpl_hash.c:69: in cdpl_h_destroy(): debug: put collisions: 0
1757110181.802725: 1396453-7fcae9fba540: cdpl_hash.c:70: in cdpl_h_destroy(): debug: get operations: 1
1757110181.802727: 1396453-7fcae9fba540: cdpl_hash.c:71: in cdpl_h_destroy(): debug: get iterations: 1
1757110181.802733: 1396453-7fcae9fba540: cdpl_monitor.c:1390: in cdpl_mn_free(): debug: freeing monitor server
1757110181.802736: 1396453-7fcae9fba540: cdpl_ipc.c:3728: in cdpl_ipc_free(): debug: releasing IPC handle
1757110181.802738: 1396453-7fcae9fba540: cdpl_ipc.c:1582: in _host_free__UNSAFE(): debug: freeing host `152.14.98.53:53182'
1757110181.802739: 1396453-7fcae9fba540: cdpl_ipc.c:1621: in _host_free__UNSAFE(): debug: [0 outq, 0 spR, 0 spW]
1757110181.802749: 1396453-7fcae9fba540: cdpl_ipc.c:3767: in cdpl_ipc_free(): debug: done
1757110181.802754: 1396453-7fcae9fba540: cdpl_log.c:481: in cdpl_log_close(): info: @@end_of_log@@
