1757196111.699818: 2768712-7f3b40aed540: cdpl_log.c:337: in cdpl_log_open(): info: @@start_of_log@@
1757196111.699840: 2768712-7f3b40aed540: cdpl_log.c:1058: in cdpl_log_dump_sysinfo(): info: time: 2025/09/06 18:01:51 EDT -0400
1757196111.699842: 2768712-7f3b40aed540: cdpl_log.c:1060: in cdpl_log_dump_sysinfo(): info: version: W-2024.09-SP1-2 
1757196111.699844: 2768712-7f3b40aed540: cdpl_log.c:1062: in cdpl_log_dump_sysinfo(): info: system: Linux 4.18.0-553.69.1.el8_10.x86_64 #1 SMP Thu Aug 7 18:10:00 EDT 2025
1757196111.699846: 2768712-7f3b40aed540: cdpl_log.c:1067: in cdpl_log_dump_sysinfo(): info: processor: x86_64 64-bits
1757196111.699847: 2768712-7f3b40aed540: cdpl_log.c:1071: in cdpl_log_dump_sysinfo(): info: hostname: claws-compute3.ece.ncsu.edu
1757196111.699849: 2768712-7f3b40aed540: cdpl_log.c:1073: in cdpl_log_dump_sysinfo(): info: program name: custom_shell
1757196111.699853: 2768712-7f3b40aed540: cdpl_log.c:340: in cdpl_log_open(): debug: path: /home/argershm/180-voltmeter/Analog/cc/synopsys_custom/pwdp_jobs/saeSession4_diffmodegain.SimulationSimulation_cdpl.0.2768712/logs/master.claws-compute3.ece.ncsu.edu.2768712.log
1757196111.699855: 2768712-7f3b40aed540: cdpl_log.c:341: in cdpl_log_open(): debug: dir: /home/argershm/180-voltmeter/Analog/cc/synopsys_custom/pwdp_jobs/saeSession4_diffmodegain.SimulationSimulation_cdpl.0.2768712/logs
1757196111.699881: 2768712-7f3b40aed540: cdpl_server.c:536: in cdpl_sv_init(): info: new server S1503523420
1757196111.699887: 2768712-7f3b40aed540: cdpl_ipc.c:3475: in cdpl_ipc_init(): info: requesting IPv4 protocol
1757196111.705449: 2768712-7f3b40aed540: cdpl_ipc.c:837: in _selectaddrfamily(): info: selected IPv4 protocol
1757196111.705473: 2768712-7f3b40aed540: cdpl_ipc.c:1139: in _set_keepalive(): info: TCP keep alive interval: 300
1757196111.708277: 2768712-7f3b40aed540: cdpl_monitor.c:1117: in cdpl_mn_new_server(): info: creating server monitor instance
1757196111.708291: 2768712-7f3b40aed540: cdpl_server.c:650: in cdpl_sv_new_master(): info: new master M1
1757196111.708302: 2768712-7f3b40aed540: cdpl_server.c:6533: in cdpl_sv_ctl_master(): info: Setting worker heartbeat to 120 seconds
1757196111.708303: 2768712-7f3b40aed540: cdpl_server.c:6542: in cdpl_sv_ctl_master(): info: Setting worker heartbeat timeout to 3 heartbeats
1757196111.708305: 2768712-7f3b40aed540: cdpl_compat_master.c:2090: in _parse_hostfile(): info: reading hostfile `/home/argershm/180-voltmeter/Analog/cc/synopsys_custom/pwdp_jobs/saeSession4_diffmodegain.SimulationSimulation_cdpl.0.2768712/host_file'
1757196111.708327: 2768712-7f3b40aed540: cdpl_compat_master.c:1900: in _hostfile_parser(): debug: parsing "1     |localhost|   -1  | /tmp | SH | sh"
1757196111.708340: 2768712-7f3b40aed540: cdpl_farm.c:2578: in cdpl_farm_new_sh(): info: creating SH farm on localhost
1757196111.708345: 2768712-7f3b40aed540: cdpl_compat_master.c:206: in _set_farm_env(): info: exporting CDPL_LOGDIR as `/home/argershm/180-voltmeter/Analog/cc/synopsys_custom/pwdp_jobs/saeSession4_diffmodegain.SimulationSimulation_cdpl.0.2768712/logs'
1757196111.708347: 2768712-7f3b40aed540: cdpl_compat_master.c:212: in _set_farm_env(): info: exporting CDPL_TMPDIR as `/tmp'
1757196111.708349: 2768712-7f3b40aed540: cdpl_compat_master.c:235: in _set_farm_env(): info: exporting SNPSLMD_LICENSE_FILE as `27000@ece-lic-35.ece.ncsu.edu'
1757196111.708351: 2768712-7f3b40aed540: cdpl_compat_master.c:259: in _set_farm_env(): info: exporting CDPL_OPTIONS as `[nowlogs]'
1757196111.708353: 2768712-7f3b40aed540: cdpl_compat_master.c:266: in _set_farm_env(): info: exporting DISPLAY as `unix:3487'
1757196111.708354: 2768712-7f3b40aed540: cdpl_compat_master.c:274: in _set_farm_env(): info: exporting CDPL_HEARTBEAT as `120'
1757196111.708364: 2768712-7f3b40aed540: cdpl_farm.c:3149: in cdpl_farm_add_withdir(): debug: added `localhost' (capacity: unlimited)
1757196111.708366: 2768712-7f3b40aed540: cdpl_compat_parse.c:147: in parsefile(): debug: read `/home/argershm/180-voltmeter/Analog/cc/synopsys_custom/pwdp_jobs/saeSession4_diffmodegain.SimulationSimulation_cdpl.0.2768712/host_file', 2 lines
1757196111.708371: 2768712-7f3b40aed540: cdpl_compat_master.c:2931: in cdplInitMaster(): info: bcast dir is `/home/argershm/180-voltmeter/Analog/cc/synopsys_custom/pwdp_jobs/saeSession4_diffmodegain.SimulationSimulation_cdpl.0.2768712/logs'
1757196111.708417: 2768712-7f3b40aed540: cdpl_server.c:6433: in cdpl_sv_ctl_master(): info: farm worker timeout set to 300
1757196111.708419: 2768712-7f3b40aed540: cdpl_server.c:6486: in cdpl_sv_ctl_master(): info: maximum number of task execution attempts set to 1
1757196111.708432: 2768712-7f3b40aed540: cdpl_server.c:3195: in cdpl_sv_start(): debug: starting server
1757196111.708436: 2768712-7f3b40aed540: cdpl_ipc.c:3632: in cdpl_ipc_start(): debug: starting IPC server 152.14.98.53:32909
1757196111.708569: 2768712-7f3b1898e700: cdpl_server_ipc.c:1182: in _sv_ipc_thread(): debug: ready
1757196111.708732: 2768712-7f3afbfff700: cdpl_monitor.c:426: in cdpl_mn_init_client(): info: creating client monitor instance
1757196111.708752: 2768712-7f3afbfff700: cdpl_ipc.c:3475: in cdpl_ipc_init(): info: requesting IPv4 protocol
1757196111.713075: 2768712-7f3afbfff700: cdpl_ipc.c:837: in _selectaddrfamily(): info: selected IPv4 protocol
1757196111.713099: 2768712-7f3afbfff700: cdpl_ipc.c:1139: in _set_keepalive(): info: TCP keep alive interval: 300
1757196111.715921: 2768712-7f3afbfff700: cdpl_ipc.c:3632: in cdpl_ipc_start(): debug: starting IPC server 152.14.98.53:45717
1757196111.716066: 2768712-7f3afbfff700: cdpl_monitor.c:471: in cdpl_mn_init_client(): debug: incoming messages in /tmp/cdpl-monitor-dxvgho
1757196111.716142: 2768712-7f3afbfff700: cdpl_monitor.c:533: in cdpl_mn_connect(): debug: connecting to 152.14.98.53:32909
1757196111.716151: 2768712-7f3afbfff700: cdpl_ipc.c:3789: in cdpl_ipc_connect(): info: connecting to 152.14.98.53:32909
1757196111.716259: 2768712-7f3afbfff700: cdpl_ipc.c:3860: in cdpl_ipc_connect(): info: connected as `152.14.98.53:54650'
1757196111.716276: 2768712-7f3afbfff700: cdpl_ipc.c:2503: in cdpl_ipc_host_accept(): debug: accepted host `152.14.98.53:32909'
1757196111.716306: 2768712-7f3b1918f700: cdpl_ipc.c:1862: in _epoll_accept(): debug: new connection from `152.14.98.53:54650'
1757196111.716325: 2768712-7f3afbfff700: cdpl_monitor.c:579: in cdpl_mn_connect(): debug: ok
1757196111.716347: 2768712-7f3b40aed540: cdpl_server.c:731: in cdpl_sv_new_job(): info: new job J1 in M1
1757196111.716369: 2768712-7f3b1898e700: cdpl_server_ipc.c:1225: in _sv_ipc_thread(): debug: received ACCEPT notification
1757196111.716379: 2768712-7f3b40aed540: cdpl_compat_master.c:1581: in _add_worker(): info: new worker type 10, min:1, max:3, cmd:`/home/argershm/180-voltmeter/Analog/cc/synopsys_custom/pwdp_jobs/saeSession4_diffmodegain.SimulationSimulation_cdpl.0.2768712/START_WORKER pw_worker -i /home/argershm/180-voltmeter/Analog/cc/synopsys_custom/pwdp_jobs
1757196111.716382: 2768712-7f3b1898e700: cdpl_ipc.c:2503: in cdpl_ipc_host_accept(): debug: accepted host `152.14.98.53:54650'
1757196111.716392: 2768712-7f3b40aed540: cdpl_server.c:908: in cdpl_sv_new_bin_withfarm(): info: new bin B1 in J1
1757196111.716395: 2768712-7f3b1898e700: cdpl_server_ipc.c:1256: in _sv_ipc_thread(): debug: received MONITOR message
1757196111.716557: 2768712-7f3b1898e700: cdpl_monitor.c:1207: in cdpl_mn_accept(): debug: accepted monitor `152.14.98.53:54650'
1757196111.716561: 2768712-7f3b1898e700: cdpl_server_ipc_mon.c:120: in _globalLOCK(): debug: ENTERTING GLOBAL LOCK
1757196111.716563: 2768712-7f3b1898e700: cdpl_server_ipc_mon.c:164: in _globalLOCK(): debug: global lock acquired
1757196111.716575: 2768712-7f3af9ffb700: cdpl_monitor.c:910: in mn_systat(): debug: started
1757196111.716889: 2768712-7f3af9ffb700: cdpl_monitor.c:937: in mn_systat(): debug: monitor server flush rate: 5
1757196112.514636: 2768712-7f3b1898e700: cdpl_server_ipc_mon.c:210: in _globalUNLOCK(): debug: LEAVING GLOBAL LOCK
1757196112.514665: 2768712-7f3b40aed540: cdpl_server.c:3249: in cdpl_sv_start_job(): info: starting job J1
1757196112.514688: 2768712-7f3b40aed540: cdpl_server.c:62: in _sv_start_bin(): debug: starting bin B1 (min: 0, max: 3)
1757196112.514830: 2768712-7f3adffff700: cdpl_server_sched.c:2482: in _sv_scheduler_thread(): debug: scheduler for bin B1 started
1757196112.514858: 2768712-7f3b40aed540: cdpl_server.c:1893: in _sv_gen_task(): info: new task T0 in B1 (prio 0)
1757196112.514892: 2768712-7f3b40aed540: cdpl_server.c:2698: in cdpl_sv_label_task_va(): info: setting task T0 label to "PrimeSim_1|PrimeSim"
1757196112.514944: 2768712-7f3adffff700: cdpl_server_sched.c:2443: in _scheduler_run(): debug: will start a new worker
1757196112.514991: 2768712-7f3adffff700: cdpl_farm.c:3977: in cdpl_farm_submit(): debug: 1 running processes
1757196112.514999: 2768712-7f3adffff700: cdpl_farm.c:3985: in cdpl_farm_submit(): debug: new command C1 in bin B1 assigned to host `localhost'
1757196112.515066: 2768712-7f3adffff700: cdpl_server_sched.c:705: in _sv_launch_worker(): info: started worker W1 (as C1) in bin B1
1757196112.515085: 2768712-7f3adf7fe700: cdpl_farm.c:2139: in _schedule(): debug: started
1757196112.515093: 2768712-7f3adf7fe700: cdpl_farm.c:2303: in _schedule(): debug: submitting command C1 in bin B1
1757196112.515110: 2768712-7f3adf7fe700: cdpl_sh.c:49: in _sh_detached_submit(): info: SH : /home/argershm/180-voltmeter/Analog/cc/synopsys_custom/pwdp_jobs/saeSession4_diffmodegain.SimulationSimulation_cdpl.0.2768712/START_WORKER pw_worker -i /home/argershm/180-voltmeter/Analog/cc/synopsys_custom/pwdp_jobs/saeSession4_diffmodegain.SimulationSimulation_cdpl.0.2768712 -t 10000
1757196112.523192: 2768712-7f3adf7fe700: cdpl_farm.c:2343: in _schedule(): debug: C1 in bin B1 running on slot 0
1757196112.523220: 2768712-7f3adf7fe700: cdpl_farm.c:2167: in _schedule(): debug: idle
1757196112.532524: 2768712-7f3b40aed540: cdpl_compat_master.c:5948: in cdplMasterLogInfo(): info: [non-CDPL log entry] PWDP3: reset pilot cache succeeded, pilot_key=saeSession4,1,diff_mode_gain|&/home/argershm/180-voltmeter/Analog/cc/simulation/integrator,tb_main_opamp,schematic/history_1/simulation/diff_mode_gain/PrimeSimSPICE/nominal/results
1757196112.823295: 2768712-7f3adf7fe700: cdpl_farm.c:1193: in _onexit(): debug: C1 in bin B1 exited normally on slot 0
1757196113.628857: 2768712-7f3af97fa700: cdpl_compat_master.c:5948: in cdplMasterLogInfo(): info: [non-CDPL log entry] PWDP - no-workers started ok check start!
1757196114.383306: 2768712-7f3b1918f700: cdpl_ipc.c:1862: in _epoll_accept(): debug: new connection from `152.14.98.53:54652'
1757196114.383360: 2768712-7f3b1898e700: cdpl_server_ipc.c:1225: in _sv_ipc_thread(): debug: received ACCEPT notification
1757196114.383377: 2768712-7f3b1898e700: cdpl_ipc.c:2503: in cdpl_ipc_host_accept(): debug: accepted host `152.14.98.53:54652'
1757196114.383431: 2768712-7f3b1898e700: cdpl_server_ipc.c:1246: in _sv_ipc_thread(): debug: received HELLO message
1757196114.383433: 2768712-7f3b1898e700: cdpl_server_ipc.c:430: in _sv_on_hello(): debug: looking up W1
1757196114.383436: 2768712-7f3b1898e700: cdpl_server_ipc.c:540: in _sv_on_hello(): info: W1 is `152.14.98.53:54652'
1757196114.383437: 2768712-7f3b1898e700: cdpl_server_ipc.c:541: in _sv_on_hello(): debug: hello W1 (B1)
1757196114.383439: 2768712-7f3b1898e700: cdpl_server_ipc.c:542: in _sv_on_hello(): info: W1 log file is /dev/null
1757196114.383484: 2768712-7f3b1898e700: cdpl_server_ipc.c:602: in _sv_on_hello(): info: up to 1 alive workers in B1
1757196114.383494: 2768712-7f3b1898e700: cdpl_farm.c:878: in _release_cmd(): debug: freeing command C1 in bin B1
1757196114.383534: 2768712-7f3adffff700: cdpl_server_sched.c:960: in _assign(): info: assigning task T0 to worker W1
1757196114.447885: 2768712-7f3b1898e700: cdpl_server_ipc.c:1268: in _sv_ipc_thread(): debug: received RELAY message
1757196114.447901: 2768712-7f3b1898e700: cdpl_server_ipc.c:713: in _sv_on_relay(): debug: RELAY message from W1, size = 65
1757196114.447903: 2768712-7f3b1898e700: cdpl_server_ipc.c:715: in _sv_on_relay(): debug: RELAY message from W1, content = 0$2769687 claws-compute3.ece.ncsu.edu 2769704 RUNNING 1757196114
1757196115.383683: 2768712-7f3b1898e700: cdpl_server_ipc.c:312: in _sv_on_heartbeat(): debug: received HEARTBEAT from worker W1 at 152.14.98.53:54652
1757196116.717579: 2768712-7f3afbfff700: cdpl_monitor.c:533: in cdpl_mn_connect(): debug: connecting to 152.14.98.53:42635
1757196116.717589: 2768712-7f3afbfff700: cdpl_ipc.c:3789: in cdpl_ipc_connect(): info: connecting to 152.14.98.53:42635
1757196116.717725: 2768712-7f3afbfff700: cdpl_ipc.c:3860: in cdpl_ipc_connect(): info: connected as `152.14.98.53:45762'
1757196116.717732: 2768712-7f3afbfff700: cdpl_ipc.c:2503: in cdpl_ipc_host_accept(): debug: accepted host `152.14.98.53:42635'
1757196116.717737: 2768712-7f3afbfff700: cdpl_monitor.c:579: in cdpl_mn_connect(): debug: ok
1757196121.150669: 2768712-7f3b1898e700: cdpl_server_ipc.c:1268: in _sv_ipc_thread(): debug: received RELAY message
1757196121.150684: 2768712-7f3b1898e700: cdpl_server_ipc.c:713: in _sv_on_relay(): debug: RELAY message from W1, size = 52
1757196121.150687: 2768712-7f3b1898e700: cdpl_server_ipc.c:715: in _sv_on_relay(): debug: RELAY message from W1, content = WORKERDU|8388,/dev/mapper/rhel_claws--compute3-home
1757196121.150692: 2768712-7f3b1898e700: cdpl_server_ipc.c:1268: in _sv_ipc_thread(): debug: received RELAY message
1757196121.150694: 2768712-7f3b1898e700: cdpl_server_ipc.c:713: in _sv_on_relay(): debug: RELAY message from W1, size = 193
1757196121.150696: 2768712-7f3b1898e700: cdpl_server_ipc.c:715: in _sv_on_relay(): debug: RELAY message from W1, content = REQPILOT|saeSession4,1,diff_mode_gain|&/home/argershm/180-voltmeter/Analog/cc/simulation/integrator,tb_main_opamp,schematic/history_1/simulation/diff_mode_gain/PrimeSimSPICE/nominal/results|&0
1757196121.150774: 2768712-7f3afa7fc700: cdpl_compat_master.c:5948: in cdplMasterLogInfo(): info: [non-CDPL log entry] PWDP send back 'DOPILOT' to worker id:1 key: saeSession4,1,diff_mode_gain|&/home/argershm/180-voltmeter/Analog/cc/simulation/integrator,tb_main_opamp,schematic/history_1/simulation/diff_mode_gain/PrimeSimSPICE/nominal/results
1757196121.150971: 2768712-7f3afa7fc700: cdpl_compat_master.c:5948: in cdplMasterLogInfo(): info: [non-CDPL log entry] PWDP: set pilot doing!
1757196121.154271: 2768712-7f3b1898e700: cdpl_server_ipc.c:1268: in _sv_ipc_thread(): debug: received RELAY message
1757196121.154280: 2768712-7f3b1898e700: cdpl_server_ipc.c:713: in _sv_on_relay(): debug: RELAY message from W1, size = 189
1757196121.154283: 2768712-7f3b1898e700: cdpl_server_ipc.c:715: in _sv_on_relay(): debug: RELAY message from W1, content = PILOTOK|saeSession4,1,diff_mode_gain|&/home/argershm/180-voltmeter/Analog/cc/simulation/integrator,tb_main_opamp,schematic/history_1/simulation/diff_mode_gain/PrimeSimSPICE/nominal/results
1757196121.154313: 2768712-7f3afa7fc700: cdpl_compat_master.c:5948: in cdplMasterLogInfo(): info: [non-CDPL log entry] PWDP: set pilot done!
1757196121.154436: 2768712-7f3b1898e700: cdpl_server_ipc.c:1268: in _sv_ipc_thread(): debug: received RELAY message
1757196121.154442: 2768712-7f3b1898e700: cdpl_server_ipc.c:713: in _sv_on_relay(): debug: RELAY message from W1, size = 18
1757196121.154445: 2768712-7f3b1898e700: cdpl_server_ipc.c:715: in _sv_on_relay(): debug: RELAY message from W1, content = 0$- - - MEASDOING
1757196121.418014: 2768712-7f3b1898e700: cdpl_server_ipc.c:1268: in _sv_ipc_thread(): debug: received RELAY message
1757196121.418028: 2768712-7f3b1898e700: cdpl_server_ipc.c:713: in _sv_on_relay(): debug: RELAY message from W1, size = 77
1757196121.418030: 2768712-7f3b1898e700: cdpl_server_ipc.c:715: in _sv_on_relay(): debug: RELAY message from W1, content = 0$2769687 claws-compute3.ece.ncsu.edu 2769704 FINISHED 1757196114|1757196121
1757196121.419755: 2768712-7f3b1898e700: cdpl_server_ipc.c:1268: in _sv_ipc_thread(): debug: received RELAY message
1757196121.419763: 2768712-7f3b1898e700: cdpl_server_ipc.c:713: in _sv_on_relay(): debug: RELAY message from W1, size = 191
1757196121.419766: 2768712-7f3b1898e700: cdpl_server_ipc.c:715: in _sv_on_relay(): debug: RELAY message from W1, content = PILOTDONE|saeSession4,1,diff_mode_gain|&/home/argershm/180-voltmeter/Analog/cc/simulation/integrator,tb_main_opamp,schematic/history_1/simulation/diff_mode_gain/PrimeSimSPICE/nominal/results
1757196121.419799: 2768712-7f3afa7fc700: cdpl_compat_master.c:5948: in cdplMasterLogInfo(): info: [non-CDPL log entry] saeSession4,1,diff_mode_gain|&/home/argershm/180-voltmeter/Analog/cc/simulation/integrator,tb_main_opamp,schematic/history_1/simulation/diff_mode_gain/PrimeSimSPICE/nominal/results PILOTDONE!
1757196121.420056: 2768712-7f3b1898e700: cdpl_server_ipc.c:1251: in _sv_ipc_thread(): debug: received FINISH message
1757196121.420064: 2768712-7f3b1898e700: cdpl_server_ipc.c:983: in _sv_on_finish(): info: worker W1 completed task T0
1757196121.420067: 2768712-7f3b1898e700: cdpl_server_ipc.c:988: in _sv_on_finish(): debug: stat T0: utime=3699 stime=1852
1757196121.420071: 2768712-7f3b1898e700: cdpl_server_ipc.c:993: in _sv_on_finish(): debug: statm T0: vsize=3054956 rss=1035776 shared=519852 text=474784 data=710432
1757196121.425518: 2768712-7f3b1898e700: cdpl_server_ipc.c:1268: in _sv_ipc_thread(): debug: received RELAY message
1757196121.425525: 2768712-7f3b1898e700: cdpl_server_ipc.c:713: in _sv_on_relay(): debug: RELAY message from W1, size = 50
1757196121.425528: 2768712-7f3b1898e700: cdpl_server_ipc.c:715: in _sv_on_relay(): debug: RELAY message from W1, content = WORKERDU|28,/dev/mapper/rhel_claws--compute3-home
1757196121.471766: 2768712-7f3b40aed540: cdpl_server.c:227: in _sv_free_task_safe(): debug: freeing task T0
1757196122.329966: 2768712-7f3b40aed540: cdpl_server.c:3008: in cdpl_sv_halt_job_errno(): info: killing job J1
1757196122.329993: 2768712-7f3b40aed540: cdpl_server.c:3044: in cdpl_sv_halt_job_errno(): debug: signal bin B1 scheduler to stop
1757196122.330015: 2768712-7f3adffff700: cdpl_server_sched.c:2484: in _sv_scheduler_thread(): debug: scheduler for bin B1 stopped
1757196122.330036: 2768712-7f3adffff700: cdpl_ipc.c:1657: in _host_drop__UNSAFE(): debug: dropping host `152.14.98.53:54652'
1757196122.330090: 2768712-7f3adffff700: cdpl_server_sched.c:2830: in _sv_drop_worker(): info: down to 0 alive workers in B1
1757196122.330099: 2768712-7f3adffff700: cdpl_farm.c:4152: in cdpl_farm_dismiss(): debug: down to 0 running processes
1757196122.330103: 2768712-7f3b1898e700: cdpl_server_ipc.c:1236: in _sv_ipc_thread(): debug: received DROP notification
1757196122.330140: 2768712-7f3adffff700: cdpl_server_sched.c:121: in _free_worker_2(): debug: freeing worker W1
1757196122.330152: 2768712-7f3adffff700: cdpl_ipc.c:2513: in cdpl_ipc_host_release(): debug: releasing host `152.14.98.53:54652'
1757196122.330153: 2768712-7f3adffff700: cdpl_ipc.c:2529: in cdpl_ipc_host_release(): debug: scheduling for immediate release
1757196122.330223: 2768712-7f3b40aed540: cdpl_server.c:294: in _sv_free_job(): info: freeing job J1
1757196122.330228: 2768712-7f3b40aed540: cdpl_server.c:92: in _sv_free_bin(): debug: freeing bin B1
1757196122.330261: 2768712-7f3b40aed540: cdpl_monitor.c:515: in cdpl_mn_kill(): info: killing monitor
1757196122.330273: 2768712-7f3b40aed540: cdpl_ipc.c:3677: in cdpl_ipc_kill(): debug: stopping event server
1757196122.330511: 2768712-7f3b1918f700: cdpl_ipc.c:775: in _readv(): warning: read(): EOF
1757196122.330525: 2768712-7f3afb7fe700: cdpl_ipc.c:2460: in _epoll_main(): debug: server going down...
1757196122.330546: 2768712-7f3b1918f700: cdpl_ipc.c:2100: in _epoll_recv(): debug: _readv(): Broken pipe
1757196122.330549: 2768712-7f3b1918f700: cdpl_ipc.c:2424: in _epoll_main(): debug: _epoll_recv(): Broken pipe
1757196122.330553: 2768712-7f3b1918f700: cdpl_ipc.c:1657: in _host_drop__UNSAFE(): debug: dropping host `152.14.98.53:54650'
1757196122.330602: 2768712-7f3b1918f700: cdpl_ipc.c:1582: in _host_free__UNSAFE(): debug: freeing host `152.14.98.53:54652'
1757196122.330604: 2768712-7f3b1918f700: cdpl_ipc.c:1621: in _host_free__UNSAFE(): debug: [0 outq, 0 spR, 0 spW]
1757196122.330614: 2768712-7f3b1898e700: cdpl_server_ipc.c:1236: in _sv_ipc_thread(): debug: received DROP notification
1757196122.330628: 2768712-7f3b1898e700: cdpl_monitor.c:1269: in cdpl_mn_drop(): debug: detaching from monitor `152.14.98.53:54650'
1757196122.330637: 2768712-7f3b1898e700: cdpl_monitor.c:1101: in mn_systat_stop(): debug: joining systat thread
1757196122.330650: 2768712-7f3afbfff700: cdpl_ipc.c:3728: in cdpl_ipc_free(): debug: releasing IPC handle
1757196122.330657: 2768712-7f3afbfff700: cdpl_ipc.c:1582: in _host_free__UNSAFE(): debug: freeing host `152.14.98.53:42635'
1757196122.330659: 2768712-7f3afbfff700: cdpl_ipc.c:1621: in _host_free__UNSAFE(): debug: [0 outq, 0 spR, 0 spW]
1757196122.330664: 2768712-7f3af9ffb700: cdpl_monitor.c:1079: in mn_systat(): debug: exiting
1757196122.330676: 2768712-7f3afbfff700: cdpl_ipc.c:1582: in _host_free__UNSAFE(): debug: freeing host `152.14.98.53:32909'
1757196122.330678: 2768712-7f3b1898e700: cdpl_monitor.c:1103: in mn_systat_stop(): debug: systat thread done
1757196122.330683: 2768712-7f3b1898e700: cdpl_ipc.c:2513: in cdpl_ipc_host_release(): debug: releasing host `152.14.98.53:54650'
1757196122.330685: 2768712-7f3afbfff700: cdpl_ipc.c:1621: in _host_free__UNSAFE(): debug: [0 outq, 0 spR, 0 spW]
1757196122.330695: 2768712-7f3afbfff700: cdpl_ipc.c:3756: in cdpl_ipc_free(): warning: 2 host(s) were not released
1757196122.330709: 2768712-7f3afbfff700: cdpl_ipc.c:3767: in cdpl_ipc_free(): debug: done
1757196122.330711: 2768712-7f3afbfff700: cdpl_monitor.c:1390: in cdpl_mn_free(): debug: freeing monitor client
1757196122.330835: 2768712-7f3b40aed540: cdpl_farm.c:2740: in cdpl_farm_free(): info: freeing farm
1757196122.330848: 2768712-7f3adf7fe700: cdpl_farm.c:2231: in _schedule(): debug: end of idling
1757196122.330854: 2768712-7f3adf7fe700: cdpl_farm.c:2235: in _schedule(): debug: dying
1757196122.330909: 2768712-7f3b40aed540: cdpl_farm.c:913: in _killall(): debug: killing all remaining commands
1757196122.330918: 2768712-7f3b40aed540: cdpl_server.c:3144: in cdpl_sv_free(): info: freeing server S1503523420
1757196122.330931: 2768712-7f3b40aed540: cdpl_server.c:3109: in cdpl_sv_kill_errno(): info: killing server
1757196122.330933: 2768712-7f3b40aed540: cdpl_ipc.c:3677: in cdpl_ipc_kill(): debug: stopping event server
1757196122.330944: 2768712-7f3b1898e700: cdpl_server_ipc.c:1200: in _sv_ipc_thread(): debug: leaving now
1757196122.330952: 2768712-7f3b40aed540: cdpl_server.c:334: in _sv_free_master(): info: freeing master M1
1757196122.330964: 2768712-7f3b1918f700: cdpl_ipc.c:2460: in _epoll_main(): debug: server going down...
1757196122.330974: 2768712-7f3b40aed540: cdpl_hash.c:68: in cdpl_h_destroy(): debug: put operations: 1
1757196122.330977: 2768712-7f3b40aed540: cdpl_hash.c:69: in cdpl_h_destroy(): debug: put collisions: 0
1757196122.330979: 2768712-7f3b40aed540: cdpl_hash.c:70: in cdpl_h_destroy(): debug: get operations: 1
1757196122.330981: 2768712-7f3b40aed540: cdpl_hash.c:71: in cdpl_h_destroy(): debug: get iterations: 1
1757196122.330985: 2768712-7f3b40aed540: cdpl_monitor.c:1390: in cdpl_mn_free(): debug: freeing monitor server
1757196122.330988: 2768712-7f3b40aed540: cdpl_ipc.c:3728: in cdpl_ipc_free(): debug: releasing IPC handle
1757196122.330990: 2768712-7f3b40aed540: cdpl_ipc.c:1582: in _host_free__UNSAFE(): debug: freeing host `152.14.98.53:54650'
1757196122.330993: 2768712-7f3b40aed540: cdpl_ipc.c:1621: in _host_free__UNSAFE(): debug: [0 outq, 0 spR, 0 spW]
1757196122.331010: 2768712-7f3b40aed540: cdpl_ipc.c:3767: in cdpl_ipc_free(): debug: done
1757196122.331015: 2768712-7f3b40aed540: cdpl_log.c:481: in cdpl_log_close(): info: @@end_of_log@@
