1757173829.095712: 2163584-7f045c6b9540: cdpl_log.c:337: in cdpl_log_open(): info: @@start_of_log@@
1757173829.095721: 2163584-7f045c6b9540: cdpl_log.c:1058: in cdpl_log_dump_sysinfo(): info: time: 2025/09/06 11:50:29 EDT -0400
1757173829.095724: 2163584-7f045c6b9540: cdpl_log.c:1060: in cdpl_log_dump_sysinfo(): info: version: W-2024.09-SP1-2 
1757173829.095725: 2163584-7f045c6b9540: cdpl_log.c:1062: in cdpl_log_dump_sysinfo(): info: system: Linux 4.18.0-553.69.1.el8_10.x86_64 #1 SMP Thu Aug 7 18:10:00 EDT 2025
1757173829.095727: 2163584-7f045c6b9540: cdpl_log.c:1067: in cdpl_log_dump_sysinfo(): info: processor: x86_64 64-bits
1757173829.095728: 2163584-7f045c6b9540: cdpl_log.c:1071: in cdpl_log_dump_sysinfo(): info: hostname: claws-compute3.ece.ncsu.edu
1757173829.095730: 2163584-7f045c6b9540: cdpl_log.c:1073: in cdpl_log_dump_sysinfo(): info: program name: custom_shell
1757173829.095732: 2163584-7f045c6b9540: cdpl_log.c:340: in cdpl_log_open(): debug: path: /home/argershm/180-voltmeter/Analog/cc/synopsys_custom/pwdp_jobs/saeSession4_diffmodegain.SimulationSimulation_cdpl.1.2163584/logs/master.claws-compute3.ece.ncsu.edu.2163584.log
1757173829.095734: 2163584-7f045c6b9540: cdpl_log.c:341: in cdpl_log_open(): debug: dir: /home/argershm/180-voltmeter/Analog/cc/synopsys_custom/pwdp_jobs/saeSession4_diffmodegain.SimulationSimulation_cdpl.1.2163584/logs
1757173829.095738: 2163584-7f045c6b9540: cdpl_server.c:536: in cdpl_sv_init(): info: new server S646926029
1757173829.095740: 2163584-7f045c6b9540: cdpl_ipc.c:3475: in cdpl_ipc_init(): info: requesting IPv4 protocol
1757173829.100225: 2163584-7f045c6b9540: cdpl_ipc.c:837: in _selectaddrfamily(): info: selected IPv4 protocol
1757173829.100241: 2163584-7f045c6b9540: cdpl_ipc.c:1139: in _set_keepalive(): info: TCP keep alive interval: 300
1757173829.102967: 2163584-7f045c6b9540: cdpl_monitor.c:1117: in cdpl_mn_new_server(): info: creating server monitor instance
1757173829.102972: 2163584-7f045c6b9540: cdpl_server.c:650: in cdpl_sv_new_master(): info: new master M1
1757173829.102977: 2163584-7f045c6b9540: cdpl_server.c:6533: in cdpl_sv_ctl_master(): info: Setting worker heartbeat to 120 seconds
1757173829.102978: 2163584-7f045c6b9540: cdpl_server.c:6542: in cdpl_sv_ctl_master(): info: Setting worker heartbeat timeout to 3 heartbeats
1757173829.102980: 2163584-7f045c6b9540: cdpl_compat_master.c:2090: in _parse_hostfile(): info: reading hostfile `/home/argershm/180-voltmeter/Analog/cc/synopsys_custom/pwdp_jobs/saeSession4_diffmodegain.SimulationSimulation_cdpl.1.2163584/host_file'
1757173829.102990: 2163584-7f045c6b9540: cdpl_compat_master.c:1900: in _hostfile_parser(): debug: parsing "1     |localhost|   -1  | /tmp | SH | sh"
1757173829.102993: 2163584-7f045c6b9540: cdpl_farm.c:2578: in cdpl_farm_new_sh(): info: creating SH farm on localhost
1757173829.102997: 2163584-7f045c6b9540: cdpl_compat_master.c:206: in _set_farm_env(): info: exporting CDPL_LOGDIR as `/home/argershm/180-voltmeter/Analog/cc/synopsys_custom/pwdp_jobs/saeSession4_diffmodegain.SimulationSimulation_cdpl.1.2163584/logs'
1757173829.102998: 2163584-7f045c6b9540: cdpl_compat_master.c:212: in _set_farm_env(): info: exporting CDPL_TMPDIR as `/tmp'
1757173829.103000: 2163584-7f045c6b9540: cdpl_compat_master.c:235: in _set_farm_env(): info: exporting SNPSLMD_LICENSE_FILE as `27000@ece-lic-35.ece.ncsu.edu'
1757173829.103002: 2163584-7f045c6b9540: cdpl_compat_master.c:259: in _set_farm_env(): info: exporting CDPL_OPTIONS as `[nowlogs]'
1757173829.103004: 2163584-7f045c6b9540: cdpl_compat_master.c:266: in _set_farm_env(): info: exporting DISPLAY as `unix:4030'
1757173829.103005: 2163584-7f045c6b9540: cdpl_compat_master.c:274: in _set_farm_env(): info: exporting CDPL_HEARTBEAT as `120'
1757173829.103008: 2163584-7f045c6b9540: cdpl_farm.c:3149: in cdpl_farm_add_withdir(): debug: added `localhost' (capacity: unlimited)
1757173829.103010: 2163584-7f045c6b9540: cdpl_compat_parse.c:147: in parsefile(): debug: read `/home/argershm/180-voltmeter/Analog/cc/synopsys_custom/pwdp_jobs/saeSession4_diffmodegain.SimulationSimulation_cdpl.1.2163584/host_file', 2 lines
1757173829.103015: 2163584-7f045c6b9540: cdpl_compat_master.c:2931: in cdplInitMaster(): info: bcast dir is `/home/argershm/180-voltmeter/Analog/cc/synopsys_custom/pwdp_jobs/saeSession4_diffmodegain.SimulationSimulation_cdpl.1.2163584/logs'
1757173829.103045: 2163584-7f045c6b9540: cdpl_server.c:6433: in cdpl_sv_ctl_master(): info: farm worker timeout set to 300
1757173829.103047: 2163584-7f045c6b9540: cdpl_server.c:6486: in cdpl_sv_ctl_master(): info: maximum number of task execution attempts set to 1
1757173829.103050: 2163584-7f045c6b9540: cdpl_server.c:3195: in cdpl_sv_start(): debug: starting server
1757173829.103052: 2163584-7f045c6b9540: cdpl_ipc.c:3632: in cdpl_ipc_start(): debug: starting IPC server 152.14.98.53:33949
1757173829.103225: 2163584-7f0424d57700: cdpl_server_ipc.c:1182: in _sv_ipc_thread(): debug: ready
1757173829.103274: 2163584-7f0402ffd700: cdpl_monitor.c:426: in cdpl_mn_init_client(): info: creating client monitor instance
1757173829.103292: 2163584-7f0402ffd700: cdpl_ipc.c:3475: in cdpl_ipc_init(): info: requesting IPv4 protocol
1757173829.107266: 2163584-7f0402ffd700: cdpl_ipc.c:837: in _selectaddrfamily(): info: selected IPv4 protocol
1757173829.107290: 2163584-7f0402ffd700: cdpl_ipc.c:1139: in _set_keepalive(): info: TCP keep alive interval: 300
1757173829.110027: 2163584-7f0402ffd700: cdpl_ipc.c:3632: in cdpl_ipc_start(): debug: starting IPC server 152.14.98.53:37387
1757173829.110147: 2163584-7f0402ffd700: cdpl_monitor.c:471: in cdpl_mn_init_client(): debug: incoming messages in /tmp/cdpl-monitor-S2cra1
1757173829.110229: 2163584-7f0402ffd700: cdpl_monitor.c:533: in cdpl_mn_connect(): debug: connecting to 152.14.98.53:33949
1757173829.110231: 2163584-7f0402ffd700: cdpl_ipc.c:3789: in cdpl_ipc_connect(): info: connecting to 152.14.98.53:33949
1757173829.110284: 2163584-7f0402ffd700: cdpl_ipc.c:3860: in cdpl_ipc_connect(): info: connected as `152.14.98.53:42658'
1757173829.110288: 2163584-7f0402ffd700: cdpl_ipc.c:2503: in cdpl_ipc_host_accept(): debug: accepted host `152.14.98.53:33949'
1757173829.110292: 2163584-7f0402ffd700: cdpl_monitor.c:579: in cdpl_mn_connect(): debug: ok
1757173829.110301: 2163584-7f045c6b9540: cdpl_server.c:731: in cdpl_sv_new_job(): info: new job J1 in M1
1757173829.110310: 2163584-7f045c6b9540: cdpl_compat_master.c:1581: in _add_worker(): info: new worker type 10, min:1, max:3, cmd:`/home/argershm/180-voltmeter/Analog/cc/synopsys_custom/pwdp_jobs/saeSession4_diffmodegain.SimulationSimulation_cdpl.1.2163584/START_WORKER pw_worker -i /home/argershm/180-voltmeter/Analog/cc/synopsys_custom/pwdp_jobs
1757173829.110313: 2163584-7f0413fff700: cdpl_ipc.c:1862: in _epoll_accept(): debug: new connection from `152.14.98.53:42658'
1757173829.110328: 2163584-7f045c6b9540: cdpl_server.c:908: in cdpl_sv_new_bin_withfarm(): info: new bin B1 in J1
1757173829.110345: 2163584-7f0424d57700: cdpl_server_ipc.c:1225: in _sv_ipc_thread(): debug: received ACCEPT notification
1757173829.110356: 2163584-7f0424d57700: cdpl_ipc.c:2503: in cdpl_ipc_host_accept(): debug: accepted host `152.14.98.53:42658'
1757173829.110371: 2163584-7f0424d57700: cdpl_server_ipc.c:1256: in _sv_ipc_thread(): debug: received MONITOR message
1757173829.110470: 2163584-7f0424d57700: cdpl_monitor.c:1207: in cdpl_mn_accept(): debug: accepted monitor `152.14.98.53:42658'
1757173829.110474: 2163584-7f0424d57700: cdpl_server_ipc_mon.c:120: in _globalLOCK(): debug: ENTERTING GLOBAL LOCK
1757173829.110476: 2163584-7f0424d57700: cdpl_server_ipc_mon.c:164: in _globalLOCK(): debug: global lock acquired
1757173829.110482: 2163584-7f0411ffb700: cdpl_monitor.c:910: in mn_systat(): debug: started
1757173829.110698: 2163584-7f0411ffb700: cdpl_monitor.c:937: in mn_systat(): debug: monitor server flush rate: 5
1757173829.909302: 2163584-7f0424d57700: cdpl_server_ipc_mon.c:210: in _globalUNLOCK(): debug: LEAVING GLOBAL LOCK
1757173829.909326: 2163584-7f045c6b9540: cdpl_server.c:3249: in cdpl_sv_start_job(): info: starting job J1
1757173829.909343: 2163584-7f045c6b9540: cdpl_server.c:62: in _sv_start_bin(): debug: starting bin B1 (min: 0, max: 3)
1757173829.909551: 2163584-7f045c6b9540: cdpl_server.c:1893: in _sv_gen_task(): info: new task T0 in B1 (prio 0)
1757173829.909559: 2163584-7f0403fff700: cdpl_server_sched.c:2482: in _sv_scheduler_thread(): debug: scheduler for bin B1 started
1757173829.909574: 2163584-7f045c6b9540: cdpl_server.c:2698: in cdpl_sv_label_task_va(): info: setting task T0 label to "PrimeSim_2|PrimeSim"
1757173829.909585: 2163584-7f0403fff700: cdpl_server_sched.c:2443: in _scheduler_run(): debug: will start a new worker
1757173829.909600: 2163584-7f0403fff700: cdpl_farm.c:3977: in cdpl_farm_submit(): debug: 1 running processes
1757173829.909603: 2163584-7f0403fff700: cdpl_farm.c:3985: in cdpl_farm_submit(): debug: new command C1 in bin B1 assigned to host `localhost'
1757173829.909675: 2163584-7f0403fff700: cdpl_server_sched.c:705: in _sv_launch_worker(): info: started worker W1 (as C1) in bin B1
1757173829.909699: 2163584-7f04037fe700: cdpl_farm.c:2139: in _schedule(): debug: started
1757173829.909710: 2163584-7f04037fe700: cdpl_farm.c:2303: in _schedule(): debug: submitting command C1 in bin B1
1757173829.909715: 2163584-7f04037fe700: cdpl_sh.c:49: in _sh_detached_submit(): info: SH : /home/argershm/180-voltmeter/Analog/cc/synopsys_custom/pwdp_jobs/saeSession4_diffmodegain.SimulationSimulation_cdpl.1.2163584/START_WORKER pw_worker -i /home/argershm/180-voltmeter/Analog/cc/synopsys_custom/pwdp_jobs/saeSession4_diffmodegain.SimulationSimulation_cdpl.1.2163584 -t 10000
1757173829.917105: 2163584-7f04037fe700: cdpl_farm.c:2343: in _schedule(): debug: C1 in bin B1 running on slot 0
1757173829.917125: 2163584-7f04037fe700: cdpl_farm.c:2167: in _schedule(): debug: idle
1757173829.941097: 2163584-7f045c6b9540: cdpl_compat_master.c:5948: in cdplMasterLogInfo(): info: [non-CDPL log entry] PWDP3: reset pilot cache succeeded, pilot_key=saeSession4,1,diff_mode_gain|&/home/argershm/180-voltmeter/Analog/cc/simulation/integrator,tb_main_opamp,schematic/history_1/simulation/diff_mode_gain/PrimeSimSPICE/nominal/results
1757173830.217203: 2163584-7f04037fe700: cdpl_farm.c:1193: in _onexit(): debug: C1 in bin B1 exited normally on slot 0
1757173831.022167: 2163584-7f04117fa700: cdpl_compat_master.c:5948: in cdplMasterLogInfo(): info: [non-CDPL log entry] PWDP - no-workers started ok check start!
1757173831.730237: 2163584-7f0413fff700: cdpl_ipc.c:1862: in _epoll_accept(): debug: new connection from `152.14.98.53:42664'
1757173831.730285: 2163584-7f0424d57700: cdpl_server_ipc.c:1225: in _sv_ipc_thread(): debug: received ACCEPT notification
1757173831.730301: 2163584-7f0424d57700: cdpl_ipc.c:2503: in cdpl_ipc_host_accept(): debug: accepted host `152.14.98.53:42664'
1757173831.730350: 2163584-7f0424d57700: cdpl_server_ipc.c:1246: in _sv_ipc_thread(): debug: received HELLO message
1757173831.730352: 2163584-7f0424d57700: cdpl_server_ipc.c:430: in _sv_on_hello(): debug: looking up W1
1757173831.730355: 2163584-7f0424d57700: cdpl_server_ipc.c:540: in _sv_on_hello(): info: W1 is `152.14.98.53:42664'
1757173831.730357: 2163584-7f0424d57700: cdpl_server_ipc.c:541: in _sv_on_hello(): debug: hello W1 (B1)
1757173831.730358: 2163584-7f0424d57700: cdpl_server_ipc.c:542: in _sv_on_hello(): info: W1 log file is /dev/null
1757173831.730370: 2163584-7f0424d57700: cdpl_server_ipc.c:602: in _sv_on_hello(): info: up to 1 alive workers in B1
1757173831.730374: 2163584-7f0424d57700: cdpl_farm.c:878: in _release_cmd(): debug: freeing command C1 in bin B1
1757173831.730432: 2163584-7f0403fff700: cdpl_server_sched.c:960: in _assign(): info: assigning task T0 to worker W1
1757173831.793641: 2163584-7f0424d57700: cdpl_server_ipc.c:1268: in _sv_ipc_thread(): debug: received RELAY message
1757173831.793650: 2163584-7f0424d57700: cdpl_server_ipc.c:713: in _sv_on_relay(): debug: RELAY message from W1, size = 65
1757173831.793653: 2163584-7f0424d57700: cdpl_server_ipc.c:715: in _sv_on_relay(): debug: RELAY message from W1, content = 0$2169976 claws-compute3.ece.ncsu.edu 2169993 RUNNING 1757173831
1757173832.730557: 2163584-7f0424d57700: cdpl_server_ipc.c:312: in _sv_on_heartbeat(): debug: received HEARTBEAT from worker W1 at 152.14.98.53:42664
1757173834.111271: 2163584-7f0402ffd700: cdpl_monitor.c:533: in cdpl_mn_connect(): debug: connecting to 152.14.98.53:35753
1757173834.111280: 2163584-7f0402ffd700: cdpl_ipc.c:3789: in cdpl_ipc_connect(): info: connecting to 152.14.98.53:35753
1757173834.111399: 2163584-7f0402ffd700: cdpl_ipc.c:3860: in cdpl_ipc_connect(): info: connected as `152.14.98.53:34322'
1757173834.111405: 2163584-7f0402ffd700: cdpl_ipc.c:2503: in cdpl_ipc_host_accept(): debug: accepted host `152.14.98.53:35753'
1757173834.111409: 2163584-7f0402ffd700: cdpl_monitor.c:579: in cdpl_mn_connect(): debug: ok
1757173838.113449: 2163584-7f0424d57700: cdpl_server_ipc.c:1268: in _sv_ipc_thread(): debug: received RELAY message
1757173838.113467: 2163584-7f0424d57700: cdpl_server_ipc.c:713: in _sv_on_relay(): debug: RELAY message from W1, size = 53
1757173838.113470: 2163584-7f0424d57700: cdpl_server_ipc.c:715: in _sv_on_relay(): debug: RELAY message from W1, content = WORKERDU|12716,/dev/mapper/rhel_claws--compute3-home
1757173838.113476: 2163584-7f0424d57700: cdpl_server_ipc.c:1268: in _sv_ipc_thread(): debug: received RELAY message
1757173838.113478: 2163584-7f0424d57700: cdpl_server_ipc.c:713: in _sv_on_relay(): debug: RELAY message from W1, size = 193
1757173838.113479: 2163584-7f0424d57700: cdpl_server_ipc.c:715: in _sv_on_relay(): debug: RELAY message from W1, content = REQPILOT|saeSession4,1,diff_mode_gain|&/home/argershm/180-voltmeter/Analog/cc/simulation/integrator,tb_main_opamp,schematic/history_1/simulation/diff_mode_gain/PrimeSimSPICE/nominal/results|&0
1757173838.113512: 2163584-7f04127fc700: cdpl_compat_master.c:5948: in cdplMasterLogInfo(): info: [non-CDPL log entry] PWDP send back 'DOPILOT' to worker id:1 key: saeSession4,1,diff_mode_gain|&/home/argershm/180-voltmeter/Analog/cc/simulation/integrator,tb_main_opamp,schematic/history_1/simulation/diff_mode_gain/PrimeSimSPICE/nominal/results
1757173838.113648: 2163584-7f04127fc700: cdpl_compat_master.c:5948: in cdplMasterLogInfo(): info: [non-CDPL log entry] PWDP: set pilot doing!
1757173838.116782: 2163584-7f0424d57700: cdpl_server_ipc.c:1268: in _sv_ipc_thread(): debug: received RELAY message
1757173838.116790: 2163584-7f0424d57700: cdpl_server_ipc.c:713: in _sv_on_relay(): debug: RELAY message from W1, size = 189
1757173838.116793: 2163584-7f0424d57700: cdpl_server_ipc.c:715: in _sv_on_relay(): debug: RELAY message from W1, content = PILOTOK|saeSession4,1,diff_mode_gain|&/home/argershm/180-voltmeter/Analog/cc/simulation/integrator,tb_main_opamp,schematic/history_1/simulation/diff_mode_gain/PrimeSimSPICE/nominal/results
1757173838.116812: 2163584-7f04127fc700: cdpl_compat_master.c:5948: in cdplMasterLogInfo(): info: [non-CDPL log entry] PWDP: set pilot done!
1757173838.116881: 2163584-7f0424d57700: cdpl_server_ipc.c:1268: in _sv_ipc_thread(): debug: received RELAY message
1757173838.116886: 2163584-7f0424d57700: cdpl_server_ipc.c:713: in _sv_on_relay(): debug: RELAY message from W1, size = 18
1757173838.116889: 2163584-7f0424d57700: cdpl_server_ipc.c:715: in _sv_on_relay(): debug: RELAY message from W1, content = 0$- - - MEASDOING
1757173838.370254: 2163584-7f0424d57700: cdpl_server_ipc.c:1268: in _sv_ipc_thread(): debug: received RELAY message
1757173838.370265: 2163584-7f0424d57700: cdpl_server_ipc.c:713: in _sv_on_relay(): debug: RELAY message from W1, size = 77
1757173838.370268: 2163584-7f0424d57700: cdpl_server_ipc.c:715: in _sv_on_relay(): debug: RELAY message from W1, content = 0$2169976 claws-compute3.ece.ncsu.edu 2169993 FINISHED 1757173831|1757173838
1757173838.371907: 2163584-7f0424d57700: cdpl_server_ipc.c:1268: in _sv_ipc_thread(): debug: received RELAY message
1757173838.371915: 2163584-7f0424d57700: cdpl_server_ipc.c:713: in _sv_on_relay(): debug: RELAY message from W1, size = 191
1757173838.371918: 2163584-7f0424d57700: cdpl_server_ipc.c:715: in _sv_on_relay(): debug: RELAY message from W1, content = PILOTDONE|saeSession4,1,diff_mode_gain|&/home/argershm/180-voltmeter/Analog/cc/simulation/integrator,tb_main_opamp,schematic/history_1/simulation/diff_mode_gain/PrimeSimSPICE/nominal/results
1757173838.371935: 2163584-7f04127fc700: cdpl_compat_master.c:5948: in cdplMasterLogInfo(): info: [non-CDPL log entry] saeSession4,1,diff_mode_gain|&/home/argershm/180-voltmeter/Analog/cc/simulation/integrator,tb_main_opamp,schematic/history_1/simulation/diff_mode_gain/PrimeSimSPICE/nominal/results PILOTDONE!
1757173838.372288: 2163584-7f0424d57700: cdpl_server_ipc.c:1251: in _sv_ipc_thread(): debug: received FINISH message
1757173838.372296: 2163584-7f0424d57700: cdpl_server_ipc.c:983: in _sv_on_finish(): info: worker W1 completed task T0
1757173838.372299: 2163584-7f0424d57700: cdpl_server_ipc.c:988: in _sv_on_finish(): debug: stat T0: utime=3827 stime=1827
1757173838.372301: 2163584-7f0424d57700: cdpl_server_ipc.c:993: in _sv_on_finish(): debug: statm T0: vsize=3054784 rss=1033596 shared=518124 text=474784 data=710004
1757173838.377419: 2163584-7f0424d57700: cdpl_server_ipc.c:1268: in _sv_ipc_thread(): debug: received RELAY message
1757173838.377428: 2163584-7f0424d57700: cdpl_server_ipc.c:713: in _sv_on_relay(): debug: RELAY message from W1, size = 50
1757173838.377430: 2163584-7f0424d57700: cdpl_server_ipc.c:715: in _sv_on_relay(): debug: RELAY message from W1, content = WORKERDU|20,/dev/mapper/rhel_claws--compute3-home
1757173838.710251: 2163584-7f045c6b9540: cdpl_server.c:3008: in cdpl_sv_halt_job_errno(): info: killing job J1
1757173838.710269: 2163584-7f045c6b9540: cdpl_server.c:3044: in cdpl_sv_halt_job_errno(): debug: signal bin B1 scheduler to stop
1757173838.710295: 2163584-7f0403fff700: cdpl_server_sched.c:2484: in _sv_scheduler_thread(): debug: scheduler for bin B1 stopped
1757173838.710309: 2163584-7f0403fff700: cdpl_ipc.c:1657: in _host_drop__UNSAFE(): debug: dropping host `152.14.98.53:42664'
1757173838.710341: 2163584-7f0403fff700: cdpl_server_sched.c:2830: in _sv_drop_worker(): info: down to 0 alive workers in B1
1757173838.710344: 2163584-7f0403fff700: cdpl_farm.c:4152: in cdpl_farm_dismiss(): debug: down to 0 running processes
1757173838.710348: 2163584-7f0424d57700: cdpl_server_ipc.c:1236: in _sv_ipc_thread(): debug: received DROP notification
1757173838.710360: 2163584-7f0403fff700: cdpl_server_sched.c:121: in _free_worker_2(): debug: freeing worker W1
1757173838.710363: 2163584-7f0403fff700: cdpl_ipc.c:2513: in cdpl_ipc_host_release(): debug: releasing host `152.14.98.53:42664'
1757173838.710433: 2163584-7f045c6b9540: cdpl_server.c:294: in _sv_free_job(): info: freeing job J1
1757173838.710440: 2163584-7f045c6b9540: cdpl_server.c:92: in _sv_free_bin(): debug: freeing bin B1
1757173838.710443: 2163584-7f045c6b9540: cdpl_server.c:184: in _sv_free_task(): debug: freeing task T0
1757173838.710452: 2163584-7f045c6b9540: cdpl_monitor.c:515: in cdpl_mn_kill(): info: killing monitor
1757173838.710455: 2163584-7f045c6b9540: cdpl_ipc.c:3677: in cdpl_ipc_kill(): debug: stopping event server
1757173838.710476: 2163584-7f04137fe700: cdpl_ipc.c:2460: in _epoll_main(): debug: server going down...
1757173838.710731: 2163584-7f0413fff700: cdpl_ipc.c:775: in _readv(): warning: read(): EOF
1757173838.710746: 2163584-7f0413fff700: cdpl_ipc.c:2100: in _epoll_recv(): debug: _readv(): Broken pipe
1757173838.710749: 2163584-7f0413fff700: cdpl_ipc.c:2424: in _epoll_main(): debug: _epoll_recv(): Broken pipe
1757173838.710753: 2163584-7f0413fff700: cdpl_ipc.c:1657: in _host_drop__UNSAFE(): debug: dropping host `152.14.98.53:42658'
1757173838.710786: 2163584-7f0413fff700: cdpl_ipc.c:1582: in _host_free__UNSAFE(): debug: freeing host `152.14.98.53:42664'
1757173838.710788: 2163584-7f0413fff700: cdpl_ipc.c:1621: in _host_free__UNSAFE(): debug: [0 outq, 0 spR, 0 spW]
1757173838.710795: 2163584-7f0424d57700: cdpl_server_ipc.c:1236: in _sv_ipc_thread(): debug: received DROP notification
1757173838.710802: 2163584-7f0424d57700: cdpl_monitor.c:1269: in cdpl_mn_drop(): debug: detaching from monitor `152.14.98.53:42658'
1757173838.710808: 2163584-7f0424d57700: cdpl_monitor.c:1101: in mn_systat_stop(): debug: joining systat thread
1757173838.710830: 2163584-7f0411ffb700: cdpl_monitor.c:1079: in mn_systat(): debug: exiting
1757173838.710841: 2163584-7f0424d57700: cdpl_monitor.c:1103: in mn_systat_stop(): debug: systat thread done
1757173838.710845: 2163584-7f0424d57700: cdpl_ipc.c:2513: in cdpl_ipc_host_release(): debug: releasing host `152.14.98.53:42658'
1757173838.710871: 2163584-7f0402ffd700: cdpl_ipc.c:3728: in cdpl_ipc_free(): debug: releasing IPC handle
1757173838.710876: 2163584-7f0402ffd700: cdpl_ipc.c:1582: in _host_free__UNSAFE(): debug: freeing host `152.14.98.53:35753'
1757173838.710879: 2163584-7f0402ffd700: cdpl_ipc.c:1621: in _host_free__UNSAFE(): debug: [0 outq, 0 spR, 0 spW]
1757173838.710891: 2163584-7f0402ffd700: cdpl_ipc.c:1582: in _host_free__UNSAFE(): debug: freeing host `152.14.98.53:33949'
1757173838.710893: 2163584-7f0402ffd700: cdpl_ipc.c:1621: in _host_free__UNSAFE(): debug: [0 outq, 0 spR, 0 spW]
1757173838.710901: 2163584-7f0402ffd700: cdpl_ipc.c:3756: in cdpl_ipc_free(): warning: 2 host(s) were not released
1757173838.710908: 2163584-7f0402ffd700: cdpl_ipc.c:3767: in cdpl_ipc_free(): debug: done
1757173838.710910: 2163584-7f0402ffd700: cdpl_monitor.c:1390: in cdpl_mn_free(): debug: freeing monitor client
1757173838.710979: 2163584-7f045c6b9540: cdpl_farm.c:2740: in cdpl_farm_free(): info: freeing farm
1757173838.711003: 2163584-7f04037fe700: cdpl_farm.c:2231: in _schedule(): debug: end of idling
1757173838.711011: 2163584-7f04037fe700: cdpl_farm.c:2235: in _schedule(): debug: dying
1757173838.711061: 2163584-7f045c6b9540: cdpl_farm.c:913: in _killall(): debug: killing all remaining commands
1757173838.711066: 2163584-7f045c6b9540: cdpl_server.c:3144: in cdpl_sv_free(): info: freeing server S646926029
1757173838.711069: 2163584-7f045c6b9540: cdpl_server.c:3109: in cdpl_sv_kill_errno(): info: killing server
1757173838.711070: 2163584-7f045c6b9540: cdpl_ipc.c:3677: in cdpl_ipc_kill(): debug: stopping event server
1757173838.711082: 2163584-7f0424d57700: cdpl_server_ipc.c:1200: in _sv_ipc_thread(): debug: leaving now
1757173838.711089: 2163584-7f0413fff700: cdpl_ipc.c:2460: in _epoll_main(): debug: server going down...
1757173838.711099: 2163584-7f045c6b9540: cdpl_server.c:334: in _sv_free_master(): info: freeing master M1
1757173838.711102: 2163584-7f045c6b9540: cdpl_hash.c:68: in cdpl_h_destroy(): debug: put operations: 1
1757173838.711104: 2163584-7f045c6b9540: cdpl_hash.c:69: in cdpl_h_destroy(): debug: put collisions: 0
1757173838.711106: 2163584-7f045c6b9540: cdpl_hash.c:70: in cdpl_h_destroy(): debug: get operations: 1
1757173838.711107: 2163584-7f045c6b9540: cdpl_hash.c:71: in cdpl_h_destroy(): debug: get iterations: 1
1757173838.711112: 2163584-7f045c6b9540: cdpl_monitor.c:1390: in cdpl_mn_free(): debug: freeing monitor server
1757173838.711115: 2163584-7f045c6b9540: cdpl_ipc.c:3728: in cdpl_ipc_free(): debug: releasing IPC handle
1757173838.711116: 2163584-7f045c6b9540: cdpl_ipc.c:1582: in _host_free__UNSAFE(): debug: freeing host `152.14.98.53:42658'
1757173838.711118: 2163584-7f045c6b9540: cdpl_ipc.c:1621: in _host_free__UNSAFE(): debug: [0 outq, 0 spR, 0 spW]
1757173838.711133: 2163584-7f045c6b9540: cdpl_ipc.c:3767: in cdpl_ipc_free(): debug: done
1757173838.711135: 2163584-7f045c6b9540: cdpl_log.c:481: in cdpl_log_close(): info: @@end_of_log@@
