1757103703.241723: 703792-7f5a14372540: cdpl_log.c:337: in cdpl_log_open(): info: @@start_of_log@@
1757103703.241731: 703792-7f5a14372540: cdpl_log.c:1058: in cdpl_log_dump_sysinfo(): info: time: 2025/09/05 16:21:43 EDT -0400
1757103703.241734: 703792-7f5a14372540: cdpl_log.c:1060: in cdpl_log_dump_sysinfo(): info: version: W-2024.09-SP1-2 
1757103703.241735: 703792-7f5a14372540: cdpl_log.c:1062: in cdpl_log_dump_sysinfo(): info: system: Linux 4.18.0-553.69.1.el8_10.x86_64 #1 SMP Thu Aug 7 18:10:00 EDT 2025
1757103703.241736: 703792-7f5a14372540: cdpl_log.c:1067: in cdpl_log_dump_sysinfo(): info: processor: x86_64 64-bits
1757103703.241738: 703792-7f5a14372540: cdpl_log.c:1071: in cdpl_log_dump_sysinfo(): info: hostname: claws-compute3.ece.ncsu.edu
1757103703.241739: 703792-7f5a14372540: cdpl_log.c:1073: in cdpl_log_dump_sysinfo(): info: program name: custom_shell
1757103703.241741: 703792-7f5a14372540: cdpl_log.c:340: in cdpl_log_open(): debug: path: /home/argershm/180-voltmeter/Analog/cc/synopsys_custom/pwdp_jobs/saeSession0_diffmodegain.SimulationSimulation_cdpl.1.703792/logs/master.claws-compute3.ece.ncsu.edu.703792.log
1757103703.241743: 703792-7f5a14372540: cdpl_log.c:341: in cdpl_log_open(): debug: dir: /home/argershm/180-voltmeter/Analog/cc/synopsys_custom/pwdp_jobs/saeSession0_diffmodegain.SimulationSimulation_cdpl.1.703792/logs
1757103703.241747: 703792-7f5a14372540: cdpl_server.c:536: in cdpl_sv_init(): info: new server S698391566
1757103703.241750: 703792-7f5a14372540: cdpl_ipc.c:3475: in cdpl_ipc_init(): info: requesting IPv4 protocol
1757103703.247256: 703792-7f5a14372540: cdpl_ipc.c:837: in _selectaddrfamily(): info: selected IPv4 protocol
1757103703.247272: 703792-7f5a14372540: cdpl_ipc.c:1139: in _set_keepalive(): info: TCP keep alive interval: 300
1757103703.250098: 703792-7f5a14372540: cdpl_monitor.c:1117: in cdpl_mn_new_server(): info: creating server monitor instance
1757103703.250103: 703792-7f5a14372540: cdpl_server.c:650: in cdpl_sv_new_master(): info: new master M1
1757103703.250107: 703792-7f5a14372540: cdpl_server.c:6533: in cdpl_sv_ctl_master(): info: Setting worker heartbeat to 120 seconds
1757103703.250108: 703792-7f5a14372540: cdpl_server.c:6542: in cdpl_sv_ctl_master(): info: Setting worker heartbeat timeout to 3 heartbeats
1757103703.250110: 703792-7f5a14372540: cdpl_compat_master.c:2090: in _parse_hostfile(): info: reading hostfile `/home/argershm/180-voltmeter/Analog/cc/synopsys_custom/pwdp_jobs/saeSession0_diffmodegain.SimulationSimulation_cdpl.1.703792/host_file'
1757103703.250119: 703792-7f5a14372540: cdpl_compat_master.c:1900: in _hostfile_parser(): debug: parsing "1     |localhost|   -1  | /tmp | SH | sh"
1757103703.250123: 703792-7f5a14372540: cdpl_farm.c:2578: in cdpl_farm_new_sh(): info: creating SH farm on localhost
1757103703.250125: 703792-7f5a14372540: cdpl_compat_master.c:206: in _set_farm_env(): info: exporting CDPL_LOGDIR as `/home/argershm/180-voltmeter/Analog/cc/synopsys_custom/pwdp_jobs/saeSession0_diffmodegain.SimulationSimulation_cdpl.1.703792/logs'
1757103703.250127: 703792-7f5a14372540: cdpl_compat_master.c:212: in _set_farm_env(): info: exporting CDPL_TMPDIR as `/tmp'
1757103703.250129: 703792-7f5a14372540: cdpl_compat_master.c:235: in _set_farm_env(): info: exporting SNPSLMD_LICENSE_FILE as `27000@ece-lic-35.ece.ncsu.edu'
1757103703.250131: 703792-7f5a14372540: cdpl_compat_master.c:259: in _set_farm_env(): info: exporting CDPL_OPTIONS as `[nowlogs]'
1757103703.250133: 703792-7f5a14372540: cdpl_compat_master.c:266: in _set_farm_env(): info: exporting DISPLAY as `unix:10342'
1757103703.250134: 703792-7f5a14372540: cdpl_compat_master.c:274: in _set_farm_env(): info: exporting CDPL_HEARTBEAT as `120'
1757103703.250137: 703792-7f5a14372540: cdpl_farm.c:3149: in cdpl_farm_add_withdir(): debug: added `localhost' (capacity: unlimited)
1757103703.250139: 703792-7f5a14372540: cdpl_compat_parse.c:147: in parsefile(): debug: read `/home/argershm/180-voltmeter/Analog/cc/synopsys_custom/pwdp_jobs/saeSession0_diffmodegain.SimulationSimulation_cdpl.1.703792/host_file', 2 lines
1757103703.250141: 703792-7f5a14372540: cdpl_compat_master.c:2931: in cdplInitMaster(): info: bcast dir is `/home/argershm/180-voltmeter/Analog/cc/synopsys_custom/pwdp_jobs/saeSession0_diffmodegain.SimulationSimulation_cdpl.1.703792/logs'
1757103703.250173: 703792-7f5a14372540: cdpl_server.c:6433: in cdpl_sv_ctl_master(): info: farm worker timeout set to 300
1757103703.250174: 703792-7f5a14372540: cdpl_server.c:6486: in cdpl_sv_ctl_master(): info: maximum number of task execution attempts set to 1
1757103703.250177: 703792-7f5a14372540: cdpl_server.c:3195: in cdpl_sv_start(): debug: starting server
1757103703.250179: 703792-7f5a14372540: cdpl_ipc.c:3632: in cdpl_ipc_start(): debug: starting IPC server 152.14.98.53:35849
1757103703.250367: 703792-7f59b9ffb700: cdpl_server_ipc.c:1182: in _sv_ipc_thread(): debug: ready
1757103703.250427: 703792-7f59b97fa700: cdpl_monitor.c:426: in cdpl_mn_init_client(): info: creating client monitor instance
1757103703.250444: 703792-7f59b97fa700: cdpl_ipc.c:3475: in cdpl_ipc_init(): info: requesting IPv4 protocol
1757103703.254832: 703792-7f59b97fa700: cdpl_ipc.c:837: in _selectaddrfamily(): info: selected IPv4 protocol
1757103703.254855: 703792-7f59b97fa700: cdpl_ipc.c:1139: in _set_keepalive(): info: TCP keep alive interval: 300
1757103703.257657: 703792-7f59b97fa700: cdpl_ipc.c:3632: in cdpl_ipc_start(): debug: starting IPC server 152.14.98.53:42317
1757103703.257793: 703792-7f59b97fa700: cdpl_monitor.c:471: in cdpl_mn_init_client(): debug: incoming messages in /tmp/cdpl-monitor-2WFpKh
1757103703.257946: 703792-7f59b97fa700: cdpl_monitor.c:533: in cdpl_mn_connect(): debug: connecting to 152.14.98.53:35849
1757103703.257949: 703792-7f59b97fa700: cdpl_ipc.c:3789: in cdpl_ipc_connect(): info: connecting to 152.14.98.53:35849
1757103703.258059: 703792-7f59b97fa700: cdpl_ipc.c:3860: in cdpl_ipc_connect(): info: connected as `152.14.98.53:43668'
1757103703.258065: 703792-7f59b97fa700: cdpl_ipc.c:2503: in cdpl_ipc_host_accept(): debug: accepted host `152.14.98.53:35849'
1757103703.258069: 703792-7f59b97fa700: cdpl_monitor.c:579: in cdpl_mn_connect(): debug: ok
1757103703.258079: 703792-7f5a14372540: cdpl_server.c:731: in cdpl_sv_new_job(): info: new job J1 in M1
1757103703.258085: 703792-7f59ba7fc700: cdpl_ipc.c:1862: in _epoll_accept(): debug: new connection from `152.14.98.53:43668'
1757103703.258100: 703792-7f5a14372540: cdpl_compat_master.c:1581: in _add_worker(): info: new worker type 10, min:1, max:3, cmd:`/home/argershm/180-voltmeter/Analog/cc/synopsys_custom/pwdp_jobs/saeSession0_diffmodegain.SimulationSimulation_cdpl.1.703792/START_WORKER pw_worker -i /home/argershm/180-voltmeter/Analog/cc/synopsys_custom/pwdp_jobs/
1757103703.258104: 703792-7f5a14372540: cdpl_server.c:908: in cdpl_sv_new_bin_withfarm(): info: new bin B1 in J1
1757103703.258131: 703792-7f59b9ffb700: cdpl_server_ipc.c:1225: in _sv_ipc_thread(): debug: received ACCEPT notification
1757103703.258141: 703792-7f59b9ffb700: cdpl_ipc.c:2503: in cdpl_ipc_host_accept(): debug: accepted host `152.14.98.53:43668'
1757103703.258153: 703792-7f59b9ffb700: cdpl_server_ipc.c:1256: in _sv_ipc_thread(): debug: received MONITOR message
1757103703.258248: 703792-7f59b9ffb700: cdpl_monitor.c:1207: in cdpl_mn_accept(): debug: accepted monitor `152.14.98.53:43668'
1757103703.258252: 703792-7f59b9ffb700: cdpl_server_ipc_mon.c:120: in _globalLOCK(): debug: ENTERTING GLOBAL LOCK
1757103703.258255: 703792-7f59b9ffb700: cdpl_server_ipc_mon.c:164: in _globalLOCK(): debug: global lock acquired
1757103703.258258: 703792-7f599affd700: cdpl_monitor.c:910: in mn_systat(): debug: started
1757103703.258504: 703792-7f599affd700: cdpl_monitor.c:937: in mn_systat(): debug: monitor server flush rate: 5
1757103704.079031: 703792-7f59b9ffb700: cdpl_server_ipc_mon.c:210: in _globalUNLOCK(): debug: LEAVING GLOBAL LOCK
1757103704.079058: 703792-7f5a14372540: cdpl_server.c:3249: in cdpl_sv_start_job(): info: starting job J1
1757103704.079080: 703792-7f5a14372540: cdpl_server.c:62: in _sv_start_bin(): debug: starting bin B1 (min: 0, max: 3)
1757103704.079214: 703792-7f5a14372540: cdpl_server.c:1893: in _sv_gen_task(): info: new task T0 in B1 (prio 0)
1757103704.079226: 703792-7f5a14372540: cdpl_server.c:2698: in cdpl_sv_label_task_va(): info: setting task T0 label to "PrimeSim_2|PrimeSim"
1757103704.079308: 703792-7f59997fa700: cdpl_server_sched.c:2482: in _sv_scheduler_thread(): debug: scheduler for bin B1 started
1757103704.079314: 703792-7f59997fa700: cdpl_server_sched.c:2443: in _scheduler_run(): debug: will start a new worker
1757103704.079335: 703792-7f59997fa700: cdpl_farm.c:3977: in cdpl_farm_submit(): debug: 1 running processes
1757103704.079338: 703792-7f59997fa700: cdpl_farm.c:3985: in cdpl_farm_submit(): debug: new command C1 in bin B1 assigned to host `localhost'
1757103704.079405: 703792-7f59997fa700: cdpl_server_sched.c:705: in _sv_launch_worker(): info: started worker W1 (as C1) in bin B1
1757103704.079425: 703792-7f5998ff9700: cdpl_farm.c:2139: in _schedule(): debug: started
1757103704.079433: 703792-7f5998ff9700: cdpl_farm.c:2303: in _schedule(): debug: submitting command C1 in bin B1
1757103704.079438: 703792-7f5998ff9700: cdpl_sh.c:49: in _sh_detached_submit(): info: SH : /home/argershm/180-voltmeter/Analog/cc/synopsys_custom/pwdp_jobs/saeSession0_diffmodegain.SimulationSimulation_cdpl.1.703792/START_WORKER pw_worker -i /home/argershm/180-voltmeter/Analog/cc/synopsys_custom/pwdp_jobs/saeSession0_diffmodegain.SimulationSimulation_cdpl.1.703792 -t 10000
1757103704.085041: 703792-7f5998ff9700: cdpl_farm.c:2343: in _schedule(): debug: C1 in bin B1 running on slot 0
1757103704.085064: 703792-7f5998ff9700: cdpl_farm.c:2167: in _schedule(): debug: idle
1757103704.096531: 703792-7f5a14372540: cdpl_compat_master.c:5948: in cdplMasterLogInfo(): info: [non-CDPL log entry] PWDP3: reset pilot cache succeeded, pilot_key=saeSession0,1,diff_mode_gain|&/home/argershm/180-voltmeter/Analog/cc/simulation/integrator,tb_main_opamp,schematic/history_1/simulation/diff_mode_gain/PrimeSimSPICE/nominal/results
1757103704.385129: 703792-7f5998ff9700: cdpl_farm.c:1193: in _onexit(): debug: C1 in bin B1 exited normally on slot 0
1757103705.192123: 703792-7f599a7fc700: cdpl_compat_master.c:5948: in cdplMasterLogInfo(): info: [non-CDPL log entry] PWDP - no-workers started ok check start!
1757103705.827045: 703792-7f59ba7fc700: cdpl_ipc.c:1862: in _epoll_accept(): debug: new connection from `152.14.98.53:43678'
1757103705.827098: 703792-7f59b9ffb700: cdpl_server_ipc.c:1225: in _sv_ipc_thread(): debug: received ACCEPT notification
1757103705.827115: 703792-7f59b9ffb700: cdpl_ipc.c:2503: in cdpl_ipc_host_accept(): debug: accepted host `152.14.98.53:43678'
1757103705.827142: 703792-7f59b9ffb700: cdpl_server_ipc.c:1246: in _sv_ipc_thread(): debug: received HELLO message
1757103705.827145: 703792-7f59b9ffb700: cdpl_server_ipc.c:430: in _sv_on_hello(): debug: looking up W1
1757103705.827151: 703792-7f59b9ffb700: cdpl_server_ipc.c:540: in _sv_on_hello(): info: W1 is `152.14.98.53:43678'
1757103705.827153: 703792-7f59b9ffb700: cdpl_server_ipc.c:541: in _sv_on_hello(): debug: hello W1 (B1)
1757103705.827154: 703792-7f59b9ffb700: cdpl_server_ipc.c:542: in _sv_on_hello(): info: W1 log file is /dev/null
1757103705.827169: 703792-7f59b9ffb700: cdpl_server_ipc.c:602: in _sv_on_hello(): info: up to 1 alive workers in B1
1757103705.827174: 703792-7f59b9ffb700: cdpl_farm.c:878: in _release_cmd(): debug: freeing command C1 in bin B1
1757103705.827187: 703792-7f59997fa700: cdpl_server_sched.c:960: in _assign(): info: assigning task T0 to worker W1
1757103705.890801: 703792-7f59b9ffb700: cdpl_server_ipc.c:1268: in _sv_ipc_thread(): debug: received RELAY message
1757103705.890811: 703792-7f59b9ffb700: cdpl_server_ipc.c:713: in _sv_on_relay(): debug: RELAY message from W1, size = 63
1757103705.890814: 703792-7f59b9ffb700: cdpl_server_ipc.c:715: in _sv_on_relay(): debug: RELAY message from W1, content = 0$826364 claws-compute3.ece.ncsu.edu 826380 RUNNING 1757103705
1757103706.827390: 703792-7f59b9ffb700: cdpl_server_ipc.c:312: in _sv_on_heartbeat(): debug: received HEARTBEAT from worker W1 at 152.14.98.53:43678
1757103708.259122: 703792-7f59b97fa700: cdpl_monitor.c:533: in cdpl_mn_connect(): debug: connecting to 152.14.98.53:34279
1757103708.259137: 703792-7f59b97fa700: cdpl_ipc.c:3789: in cdpl_ipc_connect(): info: connecting to 152.14.98.53:34279
1757103708.259291: 703792-7f59b97fa700: cdpl_ipc.c:3860: in cdpl_ipc_connect(): info: connected as `152.14.98.53:51298'
1757103708.259299: 703792-7f59b97fa700: cdpl_ipc.c:2503: in cdpl_ipc_host_accept(): debug: accepted host `152.14.98.53:34279'
1757103708.259304: 703792-7f59b97fa700: cdpl_monitor.c:579: in cdpl_mn_connect(): debug: ok
1757103712.112938: 703792-7f59b9ffb700: cdpl_server_ipc.c:1268: in _sv_ipc_thread(): debug: received RELAY message
1757103712.112957: 703792-7f59b9ffb700: cdpl_server_ipc.c:713: in _sv_on_relay(): debug: RELAY message from W1, size = 52
1757103712.112961: 703792-7f59b9ffb700: cdpl_server_ipc.c:715: in _sv_on_relay(): debug: RELAY message from W1, content = WORKERDU|4452,/dev/mapper/rhel_claws--compute3-home
1757103712.112967: 703792-7f59b9ffb700: cdpl_server_ipc.c:1268: in _sv_ipc_thread(): debug: received RELAY message
1757103712.112969: 703792-7f59b9ffb700: cdpl_server_ipc.c:713: in _sv_on_relay(): debug: RELAY message from W1, size = 193
1757103712.112971: 703792-7f59b9ffb700: cdpl_server_ipc.c:715: in _sv_on_relay(): debug: RELAY message from W1, content = REQPILOT|saeSession0,1,diff_mode_gain|&/home/argershm/180-voltmeter/Analog/cc/simulation/integrator,tb_main_opamp,schematic/history_1/simulation/diff_mode_gain/PrimeSimSPICE/nominal/results|&0
1757103712.113027: 703792-7f599b7fe700: cdpl_compat_master.c:5948: in cdplMasterLogInfo(): info: [non-CDPL log entry] PWDP send back 'DOPILOT' to worker id:1 key: saeSession0,1,diff_mode_gain|&/home/argershm/180-voltmeter/Analog/cc/simulation/integrator,tb_main_opamp,schematic/history_1/simulation/diff_mode_gain/PrimeSimSPICE/nominal/results
1757103712.113231: 703792-7f599b7fe700: cdpl_compat_master.c:5948: in cdplMasterLogInfo(): info: [non-CDPL log entry] PWDP: set pilot doing!
1757103712.116478: 703792-7f59b9ffb700: cdpl_server_ipc.c:1268: in _sv_ipc_thread(): debug: received RELAY message
1757103712.116485: 703792-7f59b9ffb700: cdpl_server_ipc.c:713: in _sv_on_relay(): debug: RELAY message from W1, size = 189
1757103712.116487: 703792-7f59b9ffb700: cdpl_server_ipc.c:715: in _sv_on_relay(): debug: RELAY message from W1, content = PILOTOK|saeSession0,1,diff_mode_gain|&/home/argershm/180-voltmeter/Analog/cc/simulation/integrator,tb_main_opamp,schematic/history_1/simulation/diff_mode_gain/PrimeSimSPICE/nominal/results
1757103712.116506: 703792-7f599b7fe700: cdpl_compat_master.c:5948: in cdplMasterLogInfo(): info: [non-CDPL log entry] PWDP: set pilot done!
1757103712.116566: 703792-7f59b9ffb700: cdpl_server_ipc.c:1268: in _sv_ipc_thread(): debug: received RELAY message
1757103712.116569: 703792-7f59b9ffb700: cdpl_server_ipc.c:713: in _sv_on_relay(): debug: RELAY message from W1, size = 18
1757103712.116571: 703792-7f59b9ffb700: cdpl_server_ipc.c:715: in _sv_on_relay(): debug: RELAY message from W1, content = 0$- - - MEASDOING
1757103712.540440: 703792-7f59b9ffb700: cdpl_server_ipc.c:1268: in _sv_ipc_thread(): debug: received RELAY message
1757103712.540450: 703792-7f59b9ffb700: cdpl_server_ipc.c:713: in _sv_on_relay(): debug: RELAY message from W1, size = 75
1757103712.540452: 703792-7f59b9ffb700: cdpl_server_ipc.c:715: in _sv_on_relay(): debug: RELAY message from W1, content = 0$826364 claws-compute3.ece.ncsu.edu 826380 FINISHED 1757103705|1757103712
1757103712.542004: 703792-7f59b9ffb700: cdpl_server_ipc.c:1268: in _sv_ipc_thread(): debug: received RELAY message
1757103712.542012: 703792-7f59b9ffb700: cdpl_server_ipc.c:713: in _sv_on_relay(): debug: RELAY message from W1, size = 191
1757103712.542015: 703792-7f59b9ffb700: cdpl_server_ipc.c:715: in _sv_on_relay(): debug: RELAY message from W1, content = PILOTDONE|saeSession0,1,diff_mode_gain|&/home/argershm/180-voltmeter/Analog/cc/simulation/integrator,tb_main_opamp,schematic/history_1/simulation/diff_mode_gain/PrimeSimSPICE/nominal/results
1757103712.542038: 703792-7f599b7fe700: cdpl_compat_master.c:5948: in cdplMasterLogInfo(): info: [non-CDPL log entry] saeSession0,1,diff_mode_gain|&/home/argershm/180-voltmeter/Analog/cc/simulation/integrator,tb_main_opamp,schematic/history_1/simulation/diff_mode_gain/PrimeSimSPICE/nominal/results PILOTDONE!
1757103712.542341: 703792-7f59b9ffb700: cdpl_server_ipc.c:1251: in _sv_ipc_thread(): debug: received FINISH message
1757103712.542347: 703792-7f59b9ffb700: cdpl_server_ipc.c:983: in _sv_on_finish(): info: worker W1 completed task T0
1757103712.542350: 703792-7f59b9ffb700: cdpl_server_ipc.c:988: in _sv_on_finish(): debug: stat T0: utime=3843 stime=1925
1757103712.542352: 703792-7f59b9ffb700: cdpl_server_ipc.c:993: in _sv_on_finish(): debug: statm T0: vsize=3054964 rss=1037428 shared=519588 text=474784 data=709992
1757103712.547291: 703792-7f59b9ffb700: cdpl_server_ipc.c:1268: in _sv_ipc_thread(): debug: received RELAY message
1757103712.547299: 703792-7f59b9ffb700: cdpl_server_ipc.c:713: in _sv_on_relay(): debug: RELAY message from W1, size = 50
1757103712.547302: 703792-7f59b9ffb700: cdpl_server_ipc.c:715: in _sv_on_relay(): debug: RELAY message from W1, content = WORKERDU|24,/dev/mapper/rhel_claws--compute3-home
1757103712.571747: 703792-7f5a14372540: cdpl_server.c:227: in _sv_free_task_safe(): debug: freeing task T0
1757103713.793114: 703792-7f5a14372540: cdpl_server.c:3008: in cdpl_sv_halt_job_errno(): info: killing job J1
1757103713.793138: 703792-7f5a14372540: cdpl_server.c:3044: in cdpl_sv_halt_job_errno(): debug: signal bin B1 scheduler to stop
1757103713.793157: 703792-7f59997fa700: cdpl_server_sched.c:2484: in _sv_scheduler_thread(): debug: scheduler for bin B1 stopped
1757103713.793177: 703792-7f59997fa700: cdpl_ipc.c:1657: in _host_drop__UNSAFE(): debug: dropping host `152.14.98.53:43678'
1757103713.793223: 703792-7f59997fa700: cdpl_server_sched.c:2830: in _sv_drop_worker(): info: down to 0 alive workers in B1
1757103713.793226: 703792-7f59997fa700: cdpl_farm.c:4152: in cdpl_farm_dismiss(): debug: down to 0 running processes
1757103713.793231: 703792-7f59997fa700: cdpl_server_sched.c:121: in _free_worker_2(): debug: freeing worker W1
1757103713.793233: 703792-7f59997fa700: cdpl_ipc.c:2513: in cdpl_ipc_host_release(): debug: releasing host `152.14.98.53:43678'
1757103713.793247: 703792-7f5a14372540: cdpl_server.c:294: in _sv_free_job(): info: freeing job J1
1757103713.793249: 703792-7f5a14372540: cdpl_server.c:92: in _sv_free_bin(): debug: freeing bin B1
1757103713.793282: 703792-7f5a14372540: cdpl_monitor.c:515: in cdpl_mn_kill(): info: killing monitor
1757103713.793289: 703792-7f5a14372540: cdpl_ipc.c:3677: in cdpl_ipc_kill(): debug: stopping event server
1757103713.793596: 703792-7f59ba7fc700: cdpl_ipc.c:775: in _readv(): warning: read(): EOF
1757103713.793609: 703792-7f59b8ff9700: cdpl_ipc.c:2386: in _epoll_main(): warning: received EPOLLERR/EPOLLHUP
1757103713.793620: 703792-7f59b9ffb700: cdpl_server_ipc.c:1236: in _sv_ipc_thread(): debug: received DROP notification
1757103713.793638: 703792-7f59b8ff9700: cdpl_ipc.c:2320: in _check_socket_error(): info: TCP_KEEPIDLE=7200 seconds TCP_KEEPINTVL=75 seconds TCP_KEEPCNT=9
1757103713.793643: 703792-7f59b8ff9700: cdpl_ipc.c:1657: in _host_drop__UNSAFE(): debug: dropping host `152.14.98.53:35849'
1757103713.793647: 703792-7f59ba7fc700: cdpl_ipc.c:2100: in _epoll_recv(): debug: _readv(): Broken pipe
1757103713.793650: 703792-7f59ba7fc700: cdpl_ipc.c:2424: in _epoll_main(): debug: _epoll_recv(): Broken pipe
1757103713.793654: 703792-7f59ba7fc700: cdpl_ipc.c:1657: in _host_drop__UNSAFE(): debug: dropping host `152.14.98.53:43668'
1757103713.793671: 703792-7f59b8ff9700: cdpl_ipc.c:2460: in _epoll_main(): debug: server going down...
1757103713.793690: 703792-7f59ba7fc700: cdpl_ipc.c:1582: in _host_free__UNSAFE(): debug: freeing host `152.14.98.53:43678'
1757103713.793692: 703792-7f59ba7fc700: cdpl_ipc.c:1621: in _host_free__UNSAFE(): debug: [0 outq, 0 spR, 0 spW]
1757103713.793699: 703792-7f59b9ffb700: cdpl_server_ipc.c:1236: in _sv_ipc_thread(): debug: received DROP notification
1757103713.793722: 703792-7f59b9ffb700: cdpl_monitor.c:1269: in cdpl_mn_drop(): debug: detaching from monitor `152.14.98.53:43668'
1757103713.793734: 703792-7f59b9ffb700: cdpl_monitor.c:1101: in mn_systat_stop(): debug: joining systat thread
1757103713.793741: 703792-7f59b97fa700: cdpl_ipc.c:3728: in cdpl_ipc_free(): debug: releasing IPC handle
1757103713.793748: 703792-7f59b97fa700: cdpl_ipc.c:1582: in _host_free__UNSAFE(): debug: freeing host `152.14.98.53:34279'
1757103713.793750: 703792-7f59b97fa700: cdpl_ipc.c:1621: in _host_free__UNSAFE(): debug: [0 outq, 0 spR, 0 spW]
1757103713.793760: 703792-7f599affd700: cdpl_monitor.c:1079: in mn_systat(): debug: exiting
1757103713.793770: 703792-7f59b97fa700: cdpl_ipc.c:1582: in _host_free__UNSAFE(): debug: freeing host `152.14.98.53:35849'
1757103713.793775: 703792-7f59b97fa700: cdpl_ipc.c:1621: in _host_free__UNSAFE(): debug: [0 outq, 0 spR, 0 spW]
1757103713.793777: 703792-7f59b9ffb700: cdpl_monitor.c:1103: in mn_systat_stop(): debug: systat thread done
1757103713.793782: 703792-7f59b9ffb700: cdpl_ipc.c:2513: in cdpl_ipc_host_release(): debug: releasing host `152.14.98.53:43668'
1757103713.793784: 703792-7f59b97fa700: cdpl_ipc.c:3756: in cdpl_ipc_free(): warning: 2 host(s) were not released
1757103713.793802: 703792-7f59b97fa700: cdpl_ipc.c:3767: in cdpl_ipc_free(): debug: done
1757103713.793804: 703792-7f59b97fa700: cdpl_monitor.c:1390: in cdpl_mn_free(): debug: freeing monitor client
1757103713.793897: 703792-7f5a14372540: cdpl_farm.c:2740: in cdpl_farm_free(): info: freeing farm
1757103713.793919: 703792-7f5998ff9700: cdpl_farm.c:2231: in _schedule(): debug: end of idling
1757103713.793926: 703792-7f5998ff9700: cdpl_farm.c:2235: in _schedule(): debug: dying
1757103713.793972: 703792-7f5a14372540: cdpl_farm.c:913: in _killall(): debug: killing all remaining commands
1757103713.793987: 703792-7f5a14372540: cdpl_server.c:3144: in cdpl_sv_free(): info: freeing server S698391566
1757103713.794000: 703792-7f5a14372540: cdpl_server.c:3109: in cdpl_sv_kill_errno(): info: killing server
1757103713.794002: 703792-7f5a14372540: cdpl_ipc.c:3677: in cdpl_ipc_kill(): debug: stopping event server
1757103713.794013: 703792-7f59b9ffb700: cdpl_server_ipc.c:1200: in _sv_ipc_thread(): debug: leaving now
1757103713.794019: 703792-7f59ba7fc700: cdpl_ipc.c:2460: in _epoll_main(): debug: server going down...
1757103713.794022: 703792-7f5a14372540: cdpl_server.c:334: in _sv_free_master(): info: freeing master M1
1757103713.794028: 703792-7f5a14372540: cdpl_hash.c:68: in cdpl_h_destroy(): debug: put operations: 1
1757103713.794030: 703792-7f5a14372540: cdpl_hash.c:69: in cdpl_h_destroy(): debug: put collisions: 0
1757103713.794031: 703792-7f5a14372540: cdpl_hash.c:70: in cdpl_h_destroy(): debug: get operations: 1
1757103713.794033: 703792-7f5a14372540: cdpl_hash.c:71: in cdpl_h_destroy(): debug: get iterations: 1
1757103713.794039: 703792-7f5a14372540: cdpl_monitor.c:1390: in cdpl_mn_free(): debug: freeing monitor server
1757103713.794041: 703792-7f5a14372540: cdpl_ipc.c:3728: in cdpl_ipc_free(): debug: releasing IPC handle
1757103713.794042: 703792-7f5a14372540: cdpl_ipc.c:1582: in _host_free__UNSAFE(): debug: freeing host `152.14.98.53:43668'
1757103713.794044: 703792-7f5a14372540: cdpl_ipc.c:1621: in _host_free__UNSAFE(): debug: [0 outq, 0 spR, 0 spW]
1757103713.794060: 703792-7f5a14372540: cdpl_ipc.c:3767: in cdpl_ipc_free(): debug: done
1757103713.794064: 703792-7f5a14372540: cdpl_log.c:481: in cdpl_log_close(): info: @@end_of_log@@
