1757369112.981979: 3874231-7f1849598ac0: cdpl_log.c:522: in cdpl_log_open(): info: @@start_of_log@@
1757369112.981989: 3874231-7f1849598ac0: cdpl_log.c:1425: in cdpl_log_dump_sysinfo(): info: time: 2025/09/08 18:05:12 EDT -0400
1757369112.981991: 3874231-7f1849598ac0: cdpl_log.c:1427: in cdpl_log_dump_sysinfo(): info: version: X-2025.06 
1757369112.981992: 3874231-7f1849598ac0: cdpl_log.c:1429: in cdpl_log_dump_sysinfo(): info: system: Linux 4.18.0-553.69.1.el8_10.x86_64 #1 SMP Thu Aug 7 18:10:00 EDT 2025
1757369112.981994: 3874231-7f1849598ac0: cdpl_log.c:1434: in cdpl_log_dump_sysinfo(): info: processor: x86_64 64-bits
1757369112.981995: 3874231-7f1849598ac0: cdpl_log.c:1438: in cdpl_log_dump_sysinfo(): info: hostname: claws-compute3.ece.ncsu.edu
1757369112.981997: 3874231-7f1849598ac0: cdpl_log.c:1440: in cdpl_log_dump_sysinfo(): info: program name: custom_shell
1757369112.982000: 3874231-7f1849598ac0: cdpl_log.c:525: in cdpl_log_open(): debug: path: /home/argershm/180-voltmeter/Analog/cc/synopsys_custom/pwdp_jobs/saeSession0_diffmodegain.SimulationSimulation_cdpl.7.3874231/logs/master.claws-compute3.ece.ncsu.edu.3874231.log
1757369112.982001: 3874231-7f1849598ac0: cdpl_log.c:526: in cdpl_log_open(): debug: dir: /home/argershm/180-voltmeter/Analog/cc/synopsys_custom/pwdp_jobs/saeSession0_diffmodegain.SimulationSimulation_cdpl.7.3874231/logs
1757369112.982005: 3874231-7f1849598ac0: cdpl_server.c:537: in cdpl_sv_init(): info: new server S1602251138
1757369112.982008: 3874231-7f1849598ac0: cdpl_ipc.c:3475: in cdpl_ipc_init(): info: requesting IPv4 protocol
1757369112.987561: 3874231-7f1849598ac0: cdpl_ipc.c:837: in _selectaddrfamily(): info: selected IPv4 protocol
1757369112.987620: 3874231-7f1849598ac0: cdpl_ipc.c:1139: in _set_keepalive(): info: TCP keep alive interval: 300
1757369112.992027: 3874231-7f1849598ac0: cdpl_monitor.c:1117: in cdpl_mn_new_server(): info: creating server monitor instance
1757369112.992042: 3874231-7f1849598ac0: cdpl_server.c:651: in cdpl_sv_new_master(): info: new master M1
1757369112.992053: 3874231-7f1849598ac0: cdpl_server.c:6474: in cdpl_sv_ctl_master(): info: farm submit command timeout set to 600
1757369112.992055: 3874231-7f1849598ac0: cdpl_server.c:6537: in cdpl_sv_ctl_master(): info: Setting worker heartbeat to 120 seconds
1757369112.992057: 3874231-7f1849598ac0: cdpl_server.c:6546: in cdpl_sv_ctl_master(): info: Setting worker heartbeat timeout to 3 heartbeats
1757369112.992059: 3874231-7f1849598ac0: cdpl_compat_master.c:2108: in _parse_hostfile(): info: reading hostfile `/home/argershm/180-voltmeter/Analog/cc/synopsys_custom/pwdp_jobs/saeSession0_diffmodegain.SimulationSimulation_cdpl.7.3874231/host_file'
1757369112.992085: 3874231-7f1849598ac0: cdpl_compat_master.c:1918: in _hostfile_parser(): debug: parsing "1     |localhost|   -1  | /tmp | SH | sh"
1757369112.992089: 3874231-7f1849598ac0: cdpl_farm.c:2603: in cdpl_farm_new_sh(): info: creating SH farm on localhost
1757369112.992098: 3874231-7f1849598ac0: cdpl_compat_master.c:209: in _set_farm_env(): info: exporting CDPL_LOGDIR as `/home/argershm/180-voltmeter/Analog/cc/synopsys_custom/pwdp_jobs/saeSession0_diffmodegain.SimulationSimulation_cdpl.7.3874231/logs'
1757369112.992100: 3874231-7f1849598ac0: cdpl_compat_master.c:215: in _set_farm_env(): info: exporting CDPL_TMPDIR as `/tmp'
1757369112.992101: 3874231-7f1849598ac0: cdpl_compat_master.c:222: in _set_farm_env(): info: exporting CDPL_HOME as `/mnt/apps/public/COE/synopsys_apps/hspice/X-2025.06/hspice/cdpl'
1757369112.992103: 3874231-7f1849598ac0: cdpl_compat_master.c:238: in _set_farm_env(): info: exporting SNPSLMD_LICENSE_FILE as `27000@ece-lic-35.ece.ncsu.edu'
1757369112.992105: 3874231-7f1849598ac0: cdpl_compat_master.c:263: in _set_farm_env(): info: exporting CDPL_OPTIONS as `[nowlogs]'
1757369112.992107: 3874231-7f1849598ac0: cdpl_compat_master.c:270: in _set_farm_env(): info: exporting DISPLAY as `localhost:10.0'
1757369112.992108: 3874231-7f1849598ac0: cdpl_compat_master.c:278: in _set_farm_env(): info: exporting CDPL_HEARTBEAT as `120'
1757369112.992112: 3874231-7f1849598ac0: cdpl_farm.c:3166: in cdpl_farm_add_withdir(): debug: added `localhost' (capacity: unlimited)
1757369112.992121: 3874231-7f1849598ac0: cdpl_compat_parse.c:147: in parsefile(): debug: read `/home/argershm/180-voltmeter/Analog/cc/synopsys_custom/pwdp_jobs/saeSession0_diffmodegain.SimulationSimulation_cdpl.7.3874231/host_file', 2 lines
1757369112.992123: 3874231-7f1849598ac0: cdpl_compat_master.c:2975: in cdplInitMaster(): info: bcast dir is `/home/argershm/180-voltmeter/Analog/cc/synopsys_custom/pwdp_jobs/saeSession0_diffmodegain.SimulationSimulation_cdpl.7.3874231/logs'
1757369112.992184: 3874231-7f1849598ac0: cdpl_server.c:6437: in cdpl_sv_ctl_master(): info: farm worker timeout set to 300
1757369112.992185: 3874231-7f1849598ac0: cdpl_server.c:6474: in cdpl_sv_ctl_master(): info: farm submit command timeout set to 600
1757369112.992187: 3874231-7f1849598ac0: cdpl_server.c:6490: in cdpl_sv_ctl_master(): info: maximum number of task execution attempts set to 1
1757369112.992192: 3874231-7f1849598ac0: cdpl_server.c:3201: in cdpl_sv_start(): debug: starting server
1757369112.992193: 3874231-7f1849598ac0: cdpl_ipc.c:3632: in cdpl_ipc_start(): debug: starting IPC server 152.14.98.53:44055
1757369112.992382: 3874231-7f17b77fe700: cdpl_server_ipc.c:1182: in _sv_ipc_thread(): debug: ready
1757369112.992410: 3874231-7f17b7fff700: cdpl_monitor.c:426: in cdpl_mn_init_client(): info: creating client monitor instance
1757369112.992421: 3874231-7f17b7fff700: cdpl_ipc.c:3475: in cdpl_ipc_init(): info: requesting IPv4 protocol
1757369112.996684: 3874231-7f17b7fff700: cdpl_ipc.c:837: in _selectaddrfamily(): info: selected IPv4 protocol
1757369112.996708: 3874231-7f17b7fff700: cdpl_ipc.c:1139: in _set_keepalive(): info: TCP keep alive interval: 300
1757369112.999352: 3874231-7f17b7fff700: cdpl_ipc.c:3632: in cdpl_ipc_start(): debug: starting IPC server 152.14.98.53:35767
1757369112.999434: 3874231-7f17b7fff700: cdpl_monitor.c:471: in cdpl_mn_init_client(): debug: incoming messages in /tmp/cdpl-monitor-ppj215
1757369112.999606: 3874231-7f17b7fff700: cdpl_monitor.c:533: in cdpl_mn_connect(): debug: connecting to 152.14.98.53:44055
1757369112.999609: 3874231-7f17b7fff700: cdpl_ipc.c:3789: in cdpl_ipc_connect(): info: connecting to 152.14.98.53:44055
1757369112.999667: 3874231-7f17b7fff700: cdpl_ipc.c:3860: in cdpl_ipc_connect(): info: connected as `152.14.98.53:56682'
1757369112.999672: 3874231-7f17b7fff700: cdpl_ipc.c:2503: in cdpl_ipc_host_accept(): debug: accepted host `152.14.98.53:44055'
1757369112.999676: 3874231-7f17b7fff700: cdpl_monitor.c:579: in cdpl_mn_connect(): debug: ok
1757369112.999697: 3874231-7f17b67fc700: cdpl_ipc.c:1862: in _epoll_accept(): debug: new connection from `152.14.98.53:56682'
1757369112.999769: 3874231-7f17b77fe700: cdpl_server_ipc.c:1225: in _sv_ipc_thread(): debug: received ACCEPT notification
1757369112.999779: 3874231-7f1849598ac0: cdpl_server.c:732: in cdpl_sv_new_job(): info: new job J1 in M1
1757369112.999790: 3874231-7f17b77fe700: cdpl_ipc.c:2503: in cdpl_ipc_host_accept(): debug: accepted host `152.14.98.53:56682'
1757369112.999810: 3874231-7f17b77fe700: cdpl_server_ipc.c:1256: in _sv_ipc_thread(): debug: received MONITOR message
1757369112.999907: 3874231-7f1849598ac0: cdpl_compat_master.c:1599: in _add_worker(): info: new worker type 10, min:1, max:3, cmd:`/home/argershm/180-voltmeter/Analog/cc/synopsys_custom/pwdp_jobs/saeSession0_diffmodegain.SimulationSimulation_cdpl.7.3874231/START_WORKER pw_worker -i /home/argershm/180-voltmeter/Analog/cc/synopsys_custom/pwdp_jobs
1757369112.999914: 3874231-7f1849598ac0: cdpl_server.c:909: in cdpl_sv_new_bin_withfarm(): info: new bin B1 in J1
1757369112.999944: 3874231-7f17b77fe700: cdpl_monitor.c:1207: in cdpl_mn_accept(): debug: accepted monitor `152.14.98.53:56682'
1757369112.999949: 3874231-7f17b77fe700: cdpl_server_ipc_mon.c:120: in _globalLOCK(): debug: ENTERTING GLOBAL LOCK
1757369112.999955: 3874231-7f17b77fe700: cdpl_server_ipc_mon.c:164: in _globalLOCK(): debug: global lock acquired
1757369113.000258: 3874231-7f17faffd700: cdpl_monitor.c:910: in mn_systat(): debug: started
1757369113.000483: 3874231-7f17faffd700: cdpl_monitor.c:937: in mn_systat(): debug: monitor server flush rate: 5
1757369113.803916: 3874231-7f17b77fe700: cdpl_server_ipc_mon.c:210: in _globalUNLOCK(): debug: LEAVING GLOBAL LOCK
1757369113.803937: 3874231-7f1849598ac0: cdpl_server.c:3255: in cdpl_sv_start_job(): info: starting job J1
1757369113.803963: 3874231-7f1849598ac0: cdpl_server.c:63: in _sv_start_bin(): debug: starting bin B1 (min: 0, max: 3)
1757369113.804125: 3874231-7f1849598ac0: cdpl_server.c:1899: in _sv_gen_task(): info: new task T0 in B1 (prio 0)
1757369113.804131: 3874231-7f1849598ac0: cdpl_server.c:2704: in cdpl_sv_label_task_va(): info: setting task T0 label to "PrimeSim_26|PrimeSim"
1757369113.804141: 3874231-7f1849598ac0: cdpl_compat_master.c:6059: in cdplMasterLogInfo(): info: [non-CDPL log entry] PWDP: add new job job_name=PrimeSim_26 assigned task T0 vector_id=0.
1757369113.804355: 3874231-7f17f97fa700: cdpl_server_sched.c:2483: in _sv_scheduler_thread(): debug: scheduler for bin B1 started
1757369113.804361: 3874231-7f17f97fa700: cdpl_server_sched.c:2444: in _scheduler_run(): debug: will start a new worker
1757369113.804368: 3874231-7f17f97fa700: cdpl_farm.c:3994: in cdpl_farm_submit(): debug: 1 running processes
1757369113.804371: 3874231-7f17f97fa700: cdpl_farm.c:4002: in cdpl_farm_submit(): debug: new command C1 in bin B1 assigned to host `localhost'
1757369113.804447: 3874231-7f17f97fa700: cdpl_server_sched.c:705: in _sv_launch_worker(): info: started worker W1 (as C1) in bin B1
1757369113.804641: 3874231-7f17f8ff9700: cdpl_farm.c:2164: in _schedule(): debug: started
1757369113.804647: 3874231-7f17f8ff9700: cdpl_farm.c:2169: in _schedule(): info: worker submit command timeout set to 600 seconds
1757369113.804651: 3874231-7f17f8ff9700: cdpl_farm.c:2328: in _schedule(): debug: submitting command C1 in bin B1
1757369113.804653: 3874231-7f17f8ff9700: cdpl_sh.c:50: in _sh_detached_submit(): info: SH : /home/argershm/180-voltmeter/Analog/cc/synopsys_custom/pwdp_jobs/saeSession0_diffmodegain.SimulationSimulation_cdpl.7.3874231/START_WORKER pw_worker -i /home/argershm/180-voltmeter/Analog/cc/synopsys_custom/pwdp_jobs/saeSession0_diffmodegain.SimulationSimulation_cdpl.7.3874231 -t 10000
1757369113.805220: 3874231-7f17f8ff9700: cdpl_farm.c:2368: in _schedule(): debug: C1 in bin B1 running on slot 0
1757369113.805230: 3874231-7f17f8ff9700: cdpl_farm.c:2192: in _schedule(): debug: idle
1757369113.978491: 3874231-7f1849598ac0: cdpl_compat_master.c:6059: in cdplMasterLogInfo(): info: [non-CDPL log entry] PWDP3: reset pilot cache succeeded, pilot_key=saeSession0,1,diff_mode_gain|&/home/argershm/180-voltmeter/Analog/cc/simulation/argershm,tb_main_opamp,schematic/history_1/simulation/diff_mode_gain/PrimeSimSPICE/nominal/results
1757369114.105301: 3874231-7f17f8ff9700: cdpl_farm.c:1212: in _onexit(): debug: C1 in bin B1 exited normally on slot 0
1757369114.913466: 3874231-7f17f9ffb700: cdpl_compat_master.c:6059: in cdplMasterLogInfo(): info: [non-CDPL log entry] PWDP - no-workers started ok check start!
1757369115.756175: 3874231-7f17b67fc700: cdpl_ipc.c:1862: in _epoll_accept(): debug: new connection from `152.14.98.53:56698'
1757369115.756205: 3874231-7f17b77fe700: cdpl_server_ipc.c:1225: in _sv_ipc_thread(): debug: received ACCEPT notification
1757369115.756224: 3874231-7f17b77fe700: cdpl_ipc.c:2503: in cdpl_ipc_host_accept(): debug: accepted host `152.14.98.53:56698'
1757369115.756388: 3874231-7f17b77fe700: cdpl_server_ipc.c:1246: in _sv_ipc_thread(): debug: received HELLO message
1757369115.756391: 3874231-7f17b77fe700: cdpl_server_ipc.c:430: in _sv_on_hello(): debug: looking up W1
1757369115.756394: 3874231-7f17b77fe700: cdpl_server_ipc.c:540: in _sv_on_hello(): info: W1 is `152.14.98.53:56698'
1757369115.756396: 3874231-7f17b77fe700: cdpl_server_ipc.c:541: in _sv_on_hello(): debug: hello W1 (B1)
1757369115.756397: 3874231-7f17b77fe700: cdpl_server_ipc.c:542: in _sv_on_hello(): info: W1 log file is /dev/null
1757369115.756413: 3874231-7f17b77fe700: cdpl_server_ipc.c:602: in _sv_on_hello(): info: up to 1 alive workers in B1
1757369115.756423: 3874231-7f17b77fe700: cdpl_farm.c:897: in _release_cmd(): debug: freeing command C1 in bin B1
1757369115.756713: 3874231-7f17f97fa700: cdpl_server_sched.c:960: in _assign(): info: assigning task T0 to worker W1
1757369115.821739: 3874231-7f17b77fe700: cdpl_server_ipc.c:1268: in _sv_ipc_thread(): debug: received RELAY message
1757369115.821748: 3874231-7f17b77fe700: cdpl_server_ipc.c:713: in _sv_on_relay(): debug: RELAY message from W1, size = 65
1757369115.821751: 3874231-7f17b77fe700: cdpl_server_ipc.c:715: in _sv_on_relay(): debug: RELAY message from W1, content = 0$3969365 claws-compute3.ece.ncsu.edu 3969420 RUNNING 1757369115
1757369116.756908: 3874231-7f17b77fe700: cdpl_server_ipc.c:312: in _sv_on_heartbeat(): debug: received HEARTBEAT from worker W1 at 152.14.98.53:56698
1757369118.001224: 3874231-7f17b7fff700: cdpl_monitor.c:533: in cdpl_mn_connect(): debug: connecting to 152.14.98.53:34785
1757369118.001238: 3874231-7f17b7fff700: cdpl_ipc.c:3789: in cdpl_ipc_connect(): info: connecting to 152.14.98.53:34785
1757369118.001326: 3874231-7f17b7fff700: cdpl_ipc.c:3860: in cdpl_ipc_connect(): info: connected as `152.14.98.53:38822'
1757369118.001335: 3874231-7f17b7fff700: cdpl_ipc.c:2503: in cdpl_ipc_host_accept(): debug: accepted host `152.14.98.53:34785'
1757369118.001340: 3874231-7f17b7fff700: cdpl_monitor.c:579: in cdpl_mn_connect(): debug: ok
1757369123.693078: 3874231-7f17b77fe700: cdpl_server_ipc.c:1268: in _sv_ipc_thread(): debug: received RELAY message
1757369123.693090: 3874231-7f17b77fe700: cdpl_server_ipc.c:713: in _sv_on_relay(): debug: RELAY message from W1, size = 52
1757369123.693093: 3874231-7f17b77fe700: cdpl_server_ipc.c:715: in _sv_on_relay(): debug: RELAY message from W1, content = WORKERDU|8384,/dev/mapper/rhel_claws--compute3-home
1757369123.693097: 3874231-7f17b77fe700: cdpl_server_ipc.c:1268: in _sv_ipc_thread(): debug: received RELAY message
1757369123.693099: 3874231-7f17b77fe700: cdpl_server_ipc.c:713: in _sv_on_relay(): debug: RELAY message from W1, size = 191
1757369123.693101: 3874231-7f17b77fe700: cdpl_server_ipc.c:715: in _sv_on_relay(): debug: RELAY message from W1, content = REQPILOT|saeSession0,1,diff_mode_gain|&/home/argershm/180-voltmeter/Analog/cc/simulation/argershm,tb_main_opamp,schematic/history_1/simulation/diff_mode_gain/PrimeSimSPICE/nominal/results|&0
1757369123.693116: 3874231-7f17fa7fc700: cdpl_compat_master.c:6059: in cdplMasterLogInfo(): info: [non-CDPL log entry] PWDP send back 'DOPILOT' to worker id:1 key: saeSession0,1,diff_mode_gain|&/home/argershm/180-voltmeter/Analog/cc/simulation/argershm,tb_main_opamp,schematic/history_1/simulation/diff_mode_gain/PrimeSimSPICE/nominal/results
1757369123.693249: 3874231-7f17fa7fc700: cdpl_compat_master.c:6059: in cdplMasterLogInfo(): info: [non-CDPL log entry] PWDP: set pilot doing!
1757369123.696538: 3874231-7f17b77fe700: cdpl_server_ipc.c:1268: in _sv_ipc_thread(): debug: received RELAY message
1757369123.696546: 3874231-7f17b77fe700: cdpl_server_ipc.c:713: in _sv_on_relay(): debug: RELAY message from W1, size = 187
1757369123.696548: 3874231-7f17b77fe700: cdpl_server_ipc.c:715: in _sv_on_relay(): debug: RELAY message from W1, content = PILOTOK|saeSession0,1,diff_mode_gain|&/home/argershm/180-voltmeter/Analog/cc/simulation/argershm,tb_main_opamp,schematic/history_1/simulation/diff_mode_gain/PrimeSimSPICE/nominal/results
1757369123.696555: 3874231-7f17fa7fc700: cdpl_compat_master.c:6059: in cdplMasterLogInfo(): info: [non-CDPL log entry] PWDP: set pilot done!
1757369123.715342: 3874231-7f17b77fe700: cdpl_server_ipc.c:1268: in _sv_ipc_thread(): debug: received RELAY message
1757369123.715350: 3874231-7f17b77fe700: cdpl_server_ipc.c:713: in _sv_on_relay(): debug: RELAY message from W1, size = 40
1757369123.715353: 3874231-7f17b77fe700: cdpl_server_ipc.c:715: in _sv_on_relay(): debug: RELAY message from W1, content = 0$- - - MEASDOING 1757369115|1757369123
1757369124.178965: 3874231-7f17b77fe700: cdpl_server_ipc.c:1268: in _sv_ipc_thread(): debug: received RELAY message
1757369124.178981: 3874231-7f17b77fe700: cdpl_server_ipc.c:713: in _sv_on_relay(): debug: RELAY message from W1, size = 77
1757369124.178984: 3874231-7f17b77fe700: cdpl_server_ipc.c:715: in _sv_on_relay(): debug: RELAY message from W1, content = 0$3969365 claws-compute3.ece.ncsu.edu 3969420 FINISHED 1757369115|1757369124
1757369124.197785: 3874231-7f17b77fe700: cdpl_server_ipc.c:1268: in _sv_ipc_thread(): debug: received RELAY message
1757369124.197793: 3874231-7f17b77fe700: cdpl_server_ipc.c:713: in _sv_on_relay(): debug: RELAY message from W1, size = 189
1757369124.197796: 3874231-7f17b77fe700: cdpl_server_ipc.c:715: in _sv_on_relay(): debug: RELAY message from W1, content = PILOTDONE|saeSession0,1,diff_mode_gain|&/home/argershm/180-voltmeter/Analog/cc/simulation/argershm,tb_main_opamp,schematic/history_1/simulation/diff_mode_gain/PrimeSimSPICE/nominal/results
1757369124.197808: 3874231-7f17fa7fc700: cdpl_compat_master.c:6059: in cdplMasterLogInfo(): info: [non-CDPL log entry] saeSession0,1,diff_mode_gain|&/home/argershm/180-voltmeter/Analog/cc/simulation/argershm,tb_main_opamp,schematic/history_1/simulation/diff_mode_gain/PrimeSimSPICE/nominal/results PILOTDONE!
1757369124.216892: 3874231-7f17b77fe700: cdpl_server_ipc.c:1251: in _sv_ipc_thread(): debug: received FINISH message
1757369124.216900: 3874231-7f17b77fe700: cdpl_server_ipc.c:983: in _sv_on_finish(): info: worker W1 completed task T0
1757369124.216902: 3874231-7f17b77fe700: cdpl_server_ipc.c:988: in _sv_on_finish(): debug: stat T0: utime=4112 stime=2320
1757369124.216904: 3874231-7f17b77fe700: cdpl_server_ipc.c:993: in _sv_on_finish(): debug: statm T0: vsize=3171648 rss=1060188 shared=541092 text=493304 data=717564
1757369124.277770: 3874231-7f17b77fe700: cdpl_server_ipc.c:1268: in _sv_ipc_thread(): debug: received RELAY message
1757369124.277780: 3874231-7f17b77fe700: cdpl_server_ipc.c:713: in _sv_on_relay(): debug: RELAY message from W1, size = 50
1757369124.277782: 3874231-7f17b77fe700: cdpl_server_ipc.c:715: in _sv_on_relay(): debug: RELAY message from W1, content = WORKERDU|40,/dev/mapper/rhel_claws--compute3-home
1757369124.279231: 3874231-7f1849598ac0: cdpl_server.c:228: in _sv_free_task_safe(): debug: freeing task T0
1757369124.714591: 3874231-7f1849598ac0: cdpl_server.c:3014: in cdpl_sv_halt_job_errno(): info: killing job J1
1757369124.714609: 3874231-7f1849598ac0: cdpl_server.c:3050: in cdpl_sv_halt_job_errno(): debug: signal bin B1 scheduler to stop
1757369124.714629: 3874231-7f17f97fa700: cdpl_server_sched.c:2485: in _sv_scheduler_thread(): debug: scheduler for bin B1 stopped
1757369124.714641: 3874231-7f17f97fa700: cdpl_ipc.c:1657: in _host_drop__UNSAFE(): debug: dropping host `152.14.98.53:56698'
1757369124.714672: 3874231-7f17f97fa700: cdpl_server_sched.c:2831: in _sv_drop_worker(): info: down to 0 alive workers in B1
1757369124.714675: 3874231-7f17f97fa700: cdpl_farm.c:4174: in cdpl_farm_dismiss(): debug: down to 0 running processes
1757369124.714678: 3874231-7f17f97fa700: cdpl_server_sched.c:121: in _free_worker_2(): debug: freeing worker W1
1757369124.714681: 3874231-7f17f97fa700: cdpl_ipc.c:2513: in cdpl_ipc_host_release(): debug: releasing host `152.14.98.53:56698'
1757369124.714824: 3874231-7f1849598ac0: cdpl_server.c:295: in _sv_free_job(): info: freeing job J1
1757369124.714832: 3874231-7f1849598ac0: cdpl_server.c:93: in _sv_free_bin(): debug: freeing bin B1
1757369124.714837: 3874231-7f17b77fe700: cdpl_server_ipc.c:1236: in _sv_ipc_thread(): debug: received DROP notification
1757369124.714848: 3874231-7f1849598ac0: cdpl_monitor.c:515: in cdpl_mn_kill(): info: killing monitor
1757369124.714852: 3874231-7f1849598ac0: cdpl_ipc.c:3677: in cdpl_ipc_kill(): debug: stopping event server
1757369124.715067: 3874231-7f17b67fc700: cdpl_ipc.c:1582: in _host_free__UNSAFE(): debug: freeing host `152.14.98.53:56698'
1757369124.715077: 3874231-7f17b67fc700: cdpl_ipc.c:1621: in _host_free__UNSAFE(): debug: [0 outq, 0 spR, 0 spW]
1757369124.715080: 3874231-7f17bcff9700: cdpl_ipc.c:2460: in _epoll_main(): debug: server going down...
1757369124.715087: 3874231-7f17b67fc700: cdpl_ipc.c:775: in _readv(): warning: read(): EOF
1757369124.715097: 3874231-7f17b67fc700: cdpl_ipc.c:2100: in _epoll_recv(): debug: _readv(): Broken pipe
1757369124.715099: 3874231-7f17b67fc700: cdpl_ipc.c:2424: in _epoll_main(): debug: _epoll_recv(): Broken pipe
1757369124.715103: 3874231-7f17b67fc700: cdpl_ipc.c:1657: in _host_drop__UNSAFE(): debug: dropping host `152.14.98.53:56682'
1757369124.715147: 3874231-7f17b77fe700: cdpl_server_ipc.c:1236: in _sv_ipc_thread(): debug: received DROP notification
1757369124.715154: 3874231-7f17b77fe700: cdpl_monitor.c:1269: in cdpl_mn_drop(): debug: detaching from monitor `152.14.98.53:56682'
1757369124.715160: 3874231-7f17b77fe700: cdpl_monitor.c:1101: in mn_systat_stop(): debug: joining systat thread
1757369124.715179: 3874231-7f17faffd700: cdpl_monitor.c:1079: in mn_systat(): debug: exiting
1757369124.715189: 3874231-7f17b77fe700: cdpl_monitor.c:1103: in mn_systat_stop(): debug: systat thread done
1757369124.715193: 3874231-7f17b77fe700: cdpl_ipc.c:2513: in cdpl_ipc_host_release(): debug: releasing host `152.14.98.53:56682'
1757369124.715241: 3874231-7f17b7fff700: cdpl_ipc.c:3728: in cdpl_ipc_free(): debug: releasing IPC handle
1757369124.715252: 3874231-7f17b7fff700: cdpl_ipc.c:1582: in _host_free__UNSAFE(): debug: freeing host `152.14.98.53:34785'
1757369124.715254: 3874231-7f17b7fff700: cdpl_ipc.c:1621: in _host_free__UNSAFE(): debug: [0 outq, 0 spR, 0 spW]
1757369124.715269: 3874231-7f17b7fff700: cdpl_ipc.c:1582: in _host_free__UNSAFE(): debug: freeing host `152.14.98.53:44055'
1757369124.715271: 3874231-7f17b7fff700: cdpl_ipc.c:1621: in _host_free__UNSAFE(): debug: [0 outq, 0 spR, 0 spW]
1757369124.715278: 3874231-7f17b7fff700: cdpl_ipc.c:3756: in cdpl_ipc_free(): warning: 2 host(s) were not released
1757369124.715287: 3874231-7f17b7fff700: cdpl_ipc.c:3767: in cdpl_ipc_free(): debug: done
1757369124.715289: 3874231-7f17b7fff700: cdpl_monitor.c:1390: in cdpl_mn_free(): debug: freeing monitor client
1757369124.715373: 3874231-7f1849598ac0: cdpl_farm.c:2765: in cdpl_farm_free(): info: freeing farm
1757369124.715395: 3874231-7f17f8ff9700: cdpl_farm.c:2256: in _schedule(): debug: end of idling
1757369124.715401: 3874231-7f17f8ff9700: cdpl_farm.c:2260: in _schedule(): debug: dying
1757369124.715434: 3874231-7f1849598ac0: cdpl_farm.c:932: in _killall(): debug: killing all remaining commands
1757369124.715438: 3874231-7f1849598ac0: cdpl_server.c:3150: in cdpl_sv_free(): info: freeing server S1602251138
1757369124.715440: 3874231-7f1849598ac0: cdpl_server.c:3115: in cdpl_sv_kill_errno(): info: killing server
1757369124.715442: 3874231-7f1849598ac0: cdpl_ipc.c:3677: in cdpl_ipc_kill(): debug: stopping event server
1757369124.715458: 3874231-7f17b67fc700: cdpl_ipc.c:2460: in _epoll_main(): debug: server going down...
1757369124.715468: 3874231-7f17b77fe700: cdpl_server_ipc.c:1200: in _sv_ipc_thread(): debug: leaving now
1757369124.715480: 3874231-7f1849598ac0: cdpl_server.c:335: in _sv_free_master(): info: freeing master M1
1757369124.715483: 3874231-7f1849598ac0: cdpl_hash.c:68: in cdpl_h_destroy(): debug: put operations: 1
1757369124.715484: 3874231-7f1849598ac0: cdpl_hash.c:69: in cdpl_h_destroy(): debug: put collisions: 0
1757369124.715486: 3874231-7f1849598ac0: cdpl_hash.c:70: in cdpl_h_destroy(): debug: get operations: 1
1757369124.715487: 3874231-7f1849598ac0: cdpl_hash.c:71: in cdpl_h_destroy(): debug: get iterations: 1
1757369124.715491: 3874231-7f1849598ac0: cdpl_monitor.c:1390: in cdpl_mn_free(): debug: freeing monitor server
1757369124.715494: 3874231-7f1849598ac0: cdpl_ipc.c:3728: in cdpl_ipc_free(): debug: releasing IPC handle
1757369124.715496: 3874231-7f1849598ac0: cdpl_ipc.c:1582: in _host_free__UNSAFE(): debug: freeing host `152.14.98.53:56682'
1757369124.715498: 3874231-7f1849598ac0: cdpl_ipc.c:1621: in _host_free__UNSAFE(): debug: [0 outq, 0 spR, 0 spW]
1757369124.715510: 3874231-7f1849598ac0: cdpl_ipc.c:3767: in cdpl_ipc_free(): debug: done
1757369124.715512: 3874231-7f1849598ac0: cdpl_log.c:688: in cdpl_log_close(): info: @@end_of_log@@
