1757109012.638262: 1338572-7f825cea2540: cdpl_log.c:337: in cdpl_log_open(): info: @@start_of_log@@
1757109012.638285: 1338572-7f825cea2540: cdpl_log.c:1058: in cdpl_log_dump_sysinfo(): info: time: 2025/09/05 17:50:12 EDT -0400
1757109012.638288: 1338572-7f825cea2540: cdpl_log.c:1060: in cdpl_log_dump_sysinfo(): info: version: W-2024.09-SP1-2 
1757109012.638289: 1338572-7f825cea2540: cdpl_log.c:1062: in cdpl_log_dump_sysinfo(): info: system: Linux 4.18.0-553.69.1.el8_10.x86_64 #1 SMP Thu Aug 7 18:10:00 EDT 2025
1757109012.638291: 1338572-7f825cea2540: cdpl_log.c:1067: in cdpl_log_dump_sysinfo(): info: processor: x86_64 64-bits
1757109012.638292: 1338572-7f825cea2540: cdpl_log.c:1071: in cdpl_log_dump_sysinfo(): info: hostname: claws-compute3.ece.ncsu.edu
1757109012.638294: 1338572-7f825cea2540: cdpl_log.c:1073: in cdpl_log_dump_sysinfo(): info: program name: custom_shell
1757109012.638298: 1338572-7f825cea2540: cdpl_log.c:340: in cdpl_log_open(): debug: path: /home/argershm/180-voltmeter/Analog/cc/synopsys_custom/pwdp_jobs/saeSession1_PrimeSimdefault.SimulationSimulation_cdpl.0.1338572/logs/master.claws-compute3.ece.ncsu.edu.1338572.log
1757109012.638300: 1338572-7f825cea2540: cdpl_log.c:341: in cdpl_log_open(): debug: dir: /home/argershm/180-voltmeter/Analog/cc/synopsys_custom/pwdp_jobs/saeSession1_PrimeSimdefault.SimulationSimulation_cdpl.0.1338572/logs
1757109012.638325: 1338572-7f825cea2540: cdpl_server.c:536: in cdpl_sv_init(): info: new server S652995481
1757109012.638331: 1338572-7f825cea2540: cdpl_ipc.c:3475: in cdpl_ipc_init(): info: requesting IPv4 protocol
1757109012.642200: 1338572-7f825cea2540: cdpl_ipc.c:837: in _selectaddrfamily(): info: selected IPv4 protocol
1757109012.642223: 1338572-7f825cea2540: cdpl_ipc.c:1139: in _set_keepalive(): info: TCP keep alive interval: 300
1757109012.644884: 1338572-7f825cea2540: cdpl_monitor.c:1117: in cdpl_mn_new_server(): info: creating server monitor instance
1757109012.644902: 1338572-7f825cea2540: cdpl_server.c:650: in cdpl_sv_new_master(): info: new master M1
1757109012.644909: 1338572-7f825cea2540: cdpl_server.c:6533: in cdpl_sv_ctl_master(): info: Setting worker heartbeat to 120 seconds
1757109012.644910: 1338572-7f825cea2540: cdpl_server.c:6542: in cdpl_sv_ctl_master(): info: Setting worker heartbeat timeout to 3 heartbeats
1757109012.644912: 1338572-7f825cea2540: cdpl_compat_master.c:2090: in _parse_hostfile(): info: reading hostfile `/home/argershm/180-voltmeter/Analog/cc/synopsys_custom/pwdp_jobs/saeSession1_PrimeSimdefault.SimulationSimulation_cdpl.0.1338572/host_file'
1757109012.644934: 1338572-7f825cea2540: cdpl_compat_master.c:1900: in _hostfile_parser(): debug: parsing "1     |localhost|   -1  | /tmp | SH | sh"
1757109012.644947: 1338572-7f825cea2540: cdpl_farm.c:2578: in cdpl_farm_new_sh(): info: creating SH farm on localhost
1757109012.644956: 1338572-7f825cea2540: cdpl_compat_master.c:206: in _set_farm_env(): info: exporting CDPL_LOGDIR as `/home/argershm/180-voltmeter/Analog/cc/synopsys_custom/pwdp_jobs/saeSession1_PrimeSimdefault.SimulationSimulation_cdpl.0.1338572/logs'
1757109012.644959: 1338572-7f825cea2540: cdpl_compat_master.c:212: in _set_farm_env(): info: exporting CDPL_TMPDIR as `/tmp'
1757109012.644961: 1338572-7f825cea2540: cdpl_compat_master.c:235: in _set_farm_env(): info: exporting SNPSLMD_LICENSE_FILE as `27000@ece-lic-35.ece.ncsu.edu'
1757109012.644963: 1338572-7f825cea2540: cdpl_compat_master.c:259: in _set_farm_env(): info: exporting CDPL_OPTIONS as `[nowlogs]'
1757109012.644964: 1338572-7f825cea2540: cdpl_compat_master.c:266: in _set_farm_env(): info: exporting DISPLAY as `unix:9569'
1757109012.644966: 1338572-7f825cea2540: cdpl_compat_master.c:274: in _set_farm_env(): info: exporting CDPL_HEARTBEAT as `120'
1757109012.644975: 1338572-7f825cea2540: cdpl_farm.c:3149: in cdpl_farm_add_withdir(): debug: added `localhost' (capacity: unlimited)
1757109012.644977: 1338572-7f825cea2540: cdpl_compat_parse.c:147: in parsefile(): debug: read `/home/argershm/180-voltmeter/Analog/cc/synopsys_custom/pwdp_jobs/saeSession1_PrimeSimdefault.SimulationSimulation_cdpl.0.1338572/host_file', 2 lines
1757109012.644982: 1338572-7f825cea2540: cdpl_compat_master.c:2931: in cdplInitMaster(): info: bcast dir is `/home/argershm/180-voltmeter/Analog/cc/synopsys_custom/pwdp_jobs/saeSession1_PrimeSimdefault.SimulationSimulation_cdpl.0.1338572/logs'
1757109012.645027: 1338572-7f825cea2540: cdpl_server.c:6433: in cdpl_sv_ctl_master(): info: farm worker timeout set to 300
1757109012.645029: 1338572-7f825cea2540: cdpl_server.c:6486: in cdpl_sv_ctl_master(): info: maximum number of task execution attempts set to 1
1757109012.645042: 1338572-7f825cea2540: cdpl_server.c:3195: in cdpl_sv_start(): debug: starting server
1757109012.645046: 1338572-7f825cea2540: cdpl_ipc.c:3632: in cdpl_ipc_start(): debug: starting IPC server 152.14.98.53:38683
1757109012.645177: 1338572-7f8220d39700: cdpl_server_ipc.c:1182: in _sv_ipc_thread(): debug: ready
1757109012.645309: 1338572-7f8213fff700: cdpl_monitor.c:426: in cdpl_mn_init_client(): info: creating client monitor instance
1757109012.645327: 1338572-7f8213fff700: cdpl_ipc.c:3475: in cdpl_ipc_init(): info: requesting IPv4 protocol
1757109012.649818: 1338572-7f8213fff700: cdpl_ipc.c:837: in _selectaddrfamily(): info: selected IPv4 protocol
1757109012.649840: 1338572-7f8213fff700: cdpl_ipc.c:1139: in _set_keepalive(): info: TCP keep alive interval: 300
1757109012.653127: 1338572-7f8213fff700: cdpl_ipc.c:3632: in cdpl_ipc_start(): debug: starting IPC server 152.14.98.53:34509
1757109012.653262: 1338572-7f8213fff700: cdpl_monitor.c:471: in cdpl_mn_init_client(): debug: incoming messages in /tmp/cdpl-monitor-B0UCJT
1757109012.653339: 1338572-7f8213fff700: cdpl_monitor.c:533: in cdpl_mn_connect(): debug: connecting to 152.14.98.53:38683
1757109012.653346: 1338572-7f8213fff700: cdpl_ipc.c:3789: in cdpl_ipc_connect(): info: connecting to 152.14.98.53:38683
1757109012.653453: 1338572-7f8213fff700: cdpl_ipc.c:3860: in cdpl_ipc_connect(): info: connected as `152.14.98.53:41650'
1757109012.653467: 1338572-7f8213fff700: cdpl_ipc.c:2503: in cdpl_ipc_host_accept(): debug: accepted host `152.14.98.53:38683'
1757109012.653488: 1338572-7f822153a700: cdpl_ipc.c:1862: in _epoll_accept(): debug: new connection from `152.14.98.53:41650'
1757109012.653499: 1338572-7f8213fff700: cdpl_monitor.c:579: in cdpl_mn_connect(): debug: ok
1757109012.653521: 1338572-7f825cea2540: cdpl_server.c:731: in cdpl_sv_new_job(): info: new job J1 in M1
1757109012.653544: 1338572-7f825cea2540: cdpl_compat_master.c:1581: in _add_worker(): info: new worker type 10, min:1, max:3, cmd:`/home/argershm/180-voltmeter/Analog/cc/synopsys_custom/pwdp_jobs/saeSession1_PrimeSimdefault.SimulationSimulation_cdpl.0.1338572/START_WORKER pw_worker -i /home/argershm/180-voltmeter/Analog/cc/synopsys_custom/pwdp_j
1757109012.653552: 1338572-7f8220d39700: cdpl_server_ipc.c:1225: in _sv_ipc_thread(): debug: received ACCEPT notification
1757109012.653557: 1338572-7f825cea2540: cdpl_server.c:908: in cdpl_sv_new_bin_withfarm(): info: new bin B1 in J1
1757109012.653562: 1338572-7f8220d39700: cdpl_ipc.c:2503: in cdpl_ipc_host_accept(): debug: accepted host `152.14.98.53:41650'
1757109012.653574: 1338572-7f8220d39700: cdpl_server_ipc.c:1256: in _sv_ipc_thread(): debug: received MONITOR message
1757109012.653707: 1338572-7f8220d39700: cdpl_monitor.c:1207: in cdpl_mn_accept(): debug: accepted monitor `152.14.98.53:41650'
1757109012.653711: 1338572-7f8220d39700: cdpl_server_ipc_mon.c:120: in _globalLOCK(): debug: ENTERTING GLOBAL LOCK
1757109012.653713: 1338572-7f8220d39700: cdpl_server_ipc_mon.c:164: in _globalLOCK(): debug: global lock acquired
1757109012.653724: 1338572-7f8211ffb700: cdpl_monitor.c:910: in mn_systat(): debug: started
1757109012.654008: 1338572-7f8211ffb700: cdpl_monitor.c:937: in mn_systat(): debug: monitor server flush rate: 5
1757109013.480465: 1338572-7f8220d39700: cdpl_server_ipc_mon.c:210: in _globalUNLOCK(): debug: LEAVING GLOBAL LOCK
1757109013.480480: 1338572-7f825cea2540: cdpl_server.c:3249: in cdpl_sv_start_job(): info: starting job J1
1757109013.480505: 1338572-7f825cea2540: cdpl_server.c:62: in _sv_start_bin(): debug: starting bin B1 (min: 0, max: 3)
1757109013.480668: 1338572-7f81fbfff700: cdpl_server_sched.c:2482: in _sv_scheduler_thread(): debug: scheduler for bin B1 started
1757109013.480691: 1338572-7f825cea2540: cdpl_server.c:1893: in _sv_gen_task(): info: new task T0 in B1 (prio 0)
1757109013.480727: 1338572-7f825cea2540: cdpl_server.c:2698: in cdpl_sv_label_task_va(): info: setting task T0 label to "PrimeSim_1|PrimeSim"
1757109013.480774: 1338572-7f81fbfff700: cdpl_server_sched.c:2443: in _scheduler_run(): debug: will start a new worker
1757109013.480831: 1338572-7f81fbfff700: cdpl_farm.c:3977: in cdpl_farm_submit(): debug: 1 running processes
1757109013.480834: 1338572-7f81fbfff700: cdpl_farm.c:3985: in cdpl_farm_submit(): debug: new command C1 in bin B1 assigned to host `localhost'
1757109013.480902: 1338572-7f81fbfff700: cdpl_server_sched.c:705: in _sv_launch_worker(): info: started worker W1 (as C1) in bin B1
1757109013.480915: 1338572-7f81fb7fe700: cdpl_farm.c:2139: in _schedule(): debug: started
1757109013.480921: 1338572-7f81fb7fe700: cdpl_farm.c:2303: in _schedule(): debug: submitting command C1 in bin B1
1757109013.480938: 1338572-7f81fb7fe700: cdpl_sh.c:49: in _sh_detached_submit(): info: SH : /home/argershm/180-voltmeter/Analog/cc/synopsys_custom/pwdp_jobs/saeSession1_PrimeSimdefault.SimulationSimulation_cdpl.0.1338572/START_WORKER pw_worker -i /home/argershm/180-voltmeter/Analog/cc/synopsys_custom/pwdp_jobs/saeSession1_PrimeSimdefault.SimulationSimulation_cdpl.0.1338572 -t 10000
1757109013.487674: 1338572-7f81fb7fe700: cdpl_farm.c:2343: in _schedule(): debug: C1 in bin B1 running on slot 0
1757109013.487705: 1338572-7f81fb7fe700: cdpl_farm.c:2167: in _schedule(): debug: idle
1757109013.494501: 1338572-7f825cea2540: cdpl_compat_master.c:5948: in cdplMasterLogInfo(): info: [non-CDPL log entry] PWDP3: reset pilot cache succeeded, pilot_key=saeSession1,1,PrimeSim_default|&/home/argershm/180-voltmeter/Analog/cc/simulation/gmid,gmid_nfet_3v3,schematic/history_1/simulation/PrimeSim_default/PrimeSimSPICE/parametric/results
1757109013.787780: 1338572-7f81fb7fe700: cdpl_farm.c:1193: in _onexit(): debug: C1 in bin B1 exited normally on slot 0
1757109014.592014: 1338572-7f82117fa700: cdpl_compat_master.c:5948: in cdplMasterLogInfo(): info: [non-CDPL log entry] PWDP - no-workers started ok check start!
1757109015.238091: 1338572-7f822153a700: cdpl_ipc.c:1862: in _epoll_accept(): debug: new connection from `152.14.98.53:41666'
1757109015.238137: 1338572-7f8220d39700: cdpl_server_ipc.c:1225: in _sv_ipc_thread(): debug: received ACCEPT notification
1757109015.238150: 1338572-7f8220d39700: cdpl_ipc.c:2503: in cdpl_ipc_host_accept(): debug: accepted host `152.14.98.53:41666'
1757109015.238221: 1338572-7f8220d39700: cdpl_server_ipc.c:1246: in _sv_ipc_thread(): debug: received HELLO message
1757109015.238223: 1338572-7f8220d39700: cdpl_server_ipc.c:430: in _sv_on_hello(): debug: looking up W1
1757109015.238226: 1338572-7f8220d39700: cdpl_server_ipc.c:540: in _sv_on_hello(): info: W1 is `152.14.98.53:41666'
1757109015.238228: 1338572-7f8220d39700: cdpl_server_ipc.c:541: in _sv_on_hello(): debug: hello W1 (B1)
1757109015.238230: 1338572-7f8220d39700: cdpl_server_ipc.c:542: in _sv_on_hello(): info: W1 log file is /dev/null
1757109015.238279: 1338572-7f8220d39700: cdpl_server_ipc.c:602: in _sv_on_hello(): info: up to 1 alive workers in B1
1757109015.238289: 1338572-7f8220d39700: cdpl_farm.c:878: in _release_cmd(): debug: freeing command C1 in bin B1
1757109015.238315: 1338572-7f81fbfff700: cdpl_server_sched.c:960: in _assign(): info: assigning task T0 to worker W1
1757109015.302287: 1338572-7f8220d39700: cdpl_server_ipc.c:1268: in _sv_ipc_thread(): debug: received RELAY message
1757109015.302303: 1338572-7f8220d39700: cdpl_server_ipc.c:713: in _sv_on_relay(): debug: RELAY message from W1, size = 65
1757109015.302306: 1338572-7f8220d39700: cdpl_server_ipc.c:715: in _sv_on_relay(): debug: RELAY message from W1, content = 0$1341395 claws-compute3.ece.ncsu.edu 1341481 RUNNING 1757109015
1757109016.238464: 1338572-7f8220d39700: cdpl_server_ipc.c:312: in _sv_on_heartbeat(): debug: received HEARTBEAT from worker W1 at 152.14.98.53:41666
1757109017.654728: 1338572-7f8213fff700: cdpl_monitor.c:533: in cdpl_mn_connect(): debug: connecting to 152.14.98.53:40713
1757109017.654742: 1338572-7f8213fff700: cdpl_ipc.c:3789: in cdpl_ipc_connect(): info: connecting to 152.14.98.53:40713
1757109017.654884: 1338572-7f8213fff700: cdpl_ipc.c:3860: in cdpl_ipc_connect(): info: connected as `152.14.98.53:45060'
1757109017.654891: 1338572-7f8213fff700: cdpl_ipc.c:2503: in cdpl_ipc_host_accept(): debug: accepted host `152.14.98.53:40713'
1757109017.654896: 1338572-7f8213fff700: cdpl_monitor.c:579: in cdpl_mn_connect(): debug: ok
1757109021.609970: 1338572-7f8220d39700: cdpl_server_ipc.c:1268: in _sv_ipc_thread(): debug: received RELAY message
1757109021.609987: 1338572-7f8220d39700: cdpl_server_ipc.c:713: in _sv_on_relay(): debug: RELAY message from W1, size = 52
1757109021.609990: 1338572-7f8220d39700: cdpl_server_ipc.c:715: in _sv_on_relay(): debug: RELAY message from W1, content = WORKERDU|1464,/dev/mapper/rhel_claws--compute3-home
1757109021.609997: 1338572-7f8220d39700: cdpl_server_ipc.c:1268: in _sv_ipc_thread(): debug: received RELAY message
1757109021.609999: 1338572-7f8220d39700: cdpl_server_ipc.c:713: in _sv_on_relay(): debug: RELAY message from W1, size = 194
1757109021.610001: 1338572-7f8220d39700: cdpl_server_ipc.c:715: in _sv_on_relay(): debug: RELAY message from W1, content = REQPILOT|saeSession1,1,PrimeSim_default|&/home/argershm/180-voltmeter/Analog/cc/simulation/gmid,gmid_nfet_3v3,schematic/history_1/simulation/PrimeSim_default/PrimeSimSPICE/parametric/results|&0
1757109021.610065: 1338572-7f82127fc700: cdpl_compat_master.c:5948: in cdplMasterLogInfo(): info: [non-CDPL log entry] PWDP send back 'DOPILOT' to worker id:1 key: saeSession1,1,PrimeSim_default|&/home/argershm/180-voltmeter/Analog/cc/simulation/gmid,gmid_nfet_3v3,schematic/history_1/simulation/PrimeSim_default/PrimeSimSPICE/parametric/results
1757109021.610263: 1338572-7f82127fc700: cdpl_compat_master.c:5948: in cdplMasterLogInfo(): info: [non-CDPL log entry] PWDP: set pilot doing!
1757109021.613663: 1338572-7f8220d39700: cdpl_server_ipc.c:1268: in _sv_ipc_thread(): debug: received RELAY message
1757109021.613672: 1338572-7f8220d39700: cdpl_server_ipc.c:713: in _sv_on_relay(): debug: RELAY message from W1, size = 190
1757109021.613675: 1338572-7f8220d39700: cdpl_server_ipc.c:715: in _sv_on_relay(): debug: RELAY message from W1, content = PILOTOK|saeSession1,1,PrimeSim_default|&/home/argershm/180-voltmeter/Analog/cc/simulation/gmid,gmid_nfet_3v3,schematic/history_1/simulation/PrimeSim_default/PrimeSimSPICE/parametric/results
1757109021.613684: 1338572-7f82127fc700: cdpl_compat_master.c:5948: in cdplMasterLogInfo(): info: [non-CDPL log entry] PWDP: set pilot done!
1757109021.613745: 1338572-7f8220d39700: cdpl_server_ipc.c:1268: in _sv_ipc_thread(): debug: received RELAY message
1757109021.613748: 1338572-7f8220d39700: cdpl_server_ipc.c:713: in _sv_on_relay(): debug: RELAY message from W1, size = 18
1757109021.613749: 1338572-7f8220d39700: cdpl_server_ipc.c:715: in _sv_on_relay(): debug: RELAY message from W1, content = 0$- - - MEASDOING
1757109022.811326: 1338572-7f8220d39700: cdpl_server_ipc.c:1268: in _sv_ipc_thread(): debug: received RELAY message
1757109022.811340: 1338572-7f8220d39700: cdpl_server_ipc.c:713: in _sv_on_relay(): debug: RELAY message from W1, size = 77
1757109022.811343: 1338572-7f8220d39700: cdpl_server_ipc.c:715: in _sv_on_relay(): debug: RELAY message from W1, content = 0$1341395 claws-compute3.ece.ncsu.edu 1341481 FINISHED 1757109015|1757109022
1757109022.813008: 1338572-7f8220d39700: cdpl_server_ipc.c:1268: in _sv_ipc_thread(): debug: received RELAY message
1757109022.813016: 1338572-7f8220d39700: cdpl_server_ipc.c:713: in _sv_on_relay(): debug: RELAY message from W1, size = 192
1757109022.813019: 1338572-7f8220d39700: cdpl_server_ipc.c:715: in _sv_on_relay(): debug: RELAY message from W1, content = PILOTDONE|saeSession1,1,PrimeSim_default|&/home/argershm/180-voltmeter/Analog/cc/simulation/gmid,gmid_nfet_3v3,schematic/history_1/simulation/PrimeSim_default/PrimeSimSPICE/parametric/results
1757109022.813036: 1338572-7f82127fc700: cdpl_compat_master.c:5948: in cdplMasterLogInfo(): info: [non-CDPL log entry] saeSession1,1,PrimeSim_default|&/home/argershm/180-voltmeter/Analog/cc/simulation/gmid,gmid_nfet_3v3,schematic/history_1/simulation/PrimeSim_default/PrimeSimSPICE/parametric/results PILOTDONE!
1757109022.813314: 1338572-7f8220d39700: cdpl_server_ipc.c:1251: in _sv_ipc_thread(): debug: received FINISH message
1757109022.813320: 1338572-7f8220d39700: cdpl_server_ipc.c:983: in _sv_on_finish(): info: worker W1 completed task T0
1757109022.813323: 1338572-7f8220d39700: cdpl_server_ipc.c:988: in _sv_on_finish(): debug: stat T0: utime=3827 stime=2067
1757109022.813325: 1338572-7f8220d39700: cdpl_server_ipc.c:993: in _sv_on_finish(): debug: statm T0: vsize=3054828 rss=1042108 shared=518708 text=474784 data=709856
1757109022.818436: 1338572-7f8220d39700: cdpl_server_ipc.c:1268: in _sv_ipc_thread(): debug: received RELAY message
1757109022.818444: 1338572-7f8220d39700: cdpl_server_ipc.c:713: in _sv_on_relay(): debug: RELAY message from W1, size = 50
1757109022.818446: 1338572-7f8220d39700: cdpl_server_ipc.c:715: in _sv_on_relay(): debug: RELAY message from W1, content = WORKERDU|16,/dev/mapper/rhel_claws--compute3-home
1757109022.871553: 1338572-7f825cea2540: cdpl_server.c:227: in _sv_free_task_safe(): debug: freeing task T0
1757109023.293010: 1338572-7f825cea2540: cdpl_server.c:3008: in cdpl_sv_halt_job_errno(): info: killing job J1
1757109023.293027: 1338572-7f825cea2540: cdpl_server.c:3044: in cdpl_sv_halt_job_errno(): debug: signal bin B1 scheduler to stop
1757109023.293072: 1338572-7f81fbfff700: cdpl_server_sched.c:2484: in _sv_scheduler_thread(): debug: scheduler for bin B1 stopped
1757109023.293110: 1338572-7f81fbfff700: cdpl_ipc.c:1657: in _host_drop__UNSAFE(): debug: dropping host `152.14.98.53:41666'
1757109023.293151: 1338572-7f81fbfff700: cdpl_server_sched.c:2830: in _sv_drop_worker(): info: down to 0 alive workers in B1
1757109023.293160: 1338572-7f81fbfff700: cdpl_farm.c:4152: in cdpl_farm_dismiss(): debug: down to 0 running processes
1757109023.293163: 1338572-7f8220d39700: cdpl_server_ipc.c:1236: in _sv_ipc_thread(): debug: received DROP notification
1757109023.293220: 1338572-7f81fbfff700: cdpl_server_sched.c:121: in _free_worker_2(): debug: freeing worker W1
1757109023.293234: 1338572-7f81fbfff700: cdpl_ipc.c:2513: in cdpl_ipc_host_release(): debug: releasing host `152.14.98.53:41666'
1757109023.293238: 1338572-7f81fbfff700: cdpl_ipc.c:2529: in cdpl_ipc_host_release(): debug: scheduling for immediate release
1757109023.293254: 1338572-7f825cea2540: cdpl_server.c:294: in _sv_free_job(): info: freeing job J1
1757109023.293257: 1338572-7f825cea2540: cdpl_server.c:92: in _sv_free_bin(): debug: freeing bin B1
1757109023.293289: 1338572-7f825cea2540: cdpl_monitor.c:515: in cdpl_mn_kill(): info: killing monitor
1757109023.293295: 1338572-7f825cea2540: cdpl_ipc.c:3677: in cdpl_ipc_kill(): debug: stopping event server
1757109023.293317: 1338572-7f82137fe700: cdpl_ipc.c:2460: in _epoll_main(): debug: server going down...
1757109023.293483: 1338572-7f822153a700: cdpl_ipc.c:775: in _readv(): warning: read(): EOF
1757109023.293504: 1338572-7f822153a700: cdpl_ipc.c:2100: in _epoll_recv(): debug: _readv(): Broken pipe
1757109023.293507: 1338572-7f822153a700: cdpl_ipc.c:2424: in _epoll_main(): debug: _epoll_recv(): Broken pipe
1757109023.293512: 1338572-7f822153a700: cdpl_ipc.c:1657: in _host_drop__UNSAFE(): debug: dropping host `152.14.98.53:41650'
1757109023.293550: 1338572-7f822153a700: cdpl_ipc.c:1582: in _host_free__UNSAFE(): debug: freeing host `152.14.98.53:41666'
1757109023.293553: 1338572-7f822153a700: cdpl_ipc.c:1621: in _host_free__UNSAFE(): debug: [0 outq, 0 spR, 0 spW]
1757109023.293562: 1338572-7f8220d39700: cdpl_server_ipc.c:1236: in _sv_ipc_thread(): debug: received DROP notification
1757109023.293578: 1338572-7f8220d39700: cdpl_monitor.c:1269: in cdpl_mn_drop(): debug: detaching from monitor `152.14.98.53:41650'
1757109023.293596: 1338572-7f8220d39700: cdpl_monitor.c:1101: in mn_systat_stop(): debug: joining systat thread
1757109023.293602: 1338572-7f8213fff700: cdpl_ipc.c:3728: in cdpl_ipc_free(): debug: releasing IPC handle
1757109023.293608: 1338572-7f8213fff700: cdpl_ipc.c:1582: in _host_free__UNSAFE(): debug: freeing host `152.14.98.53:40713'
1757109023.293611: 1338572-7f8213fff700: cdpl_ipc.c:1621: in _host_free__UNSAFE(): debug: [0 outq, 0 spR, 0 spW]
1757109023.293628: 1338572-7f8213fff700: cdpl_ipc.c:1582: in _host_free__UNSAFE(): debug: freeing host `152.14.98.53:38683'
1757109023.293631: 1338572-7f8213fff700: cdpl_ipc.c:1621: in _host_free__UNSAFE(): debug: [0 outq, 0 spR, 0 spW]
1757109023.293634: 1338572-7f8211ffb700: cdpl_monitor.c:1079: in mn_systat(): debug: exiting
1757109023.293638: 1338572-7f8213fff700: cdpl_ipc.c:3756: in cdpl_ipc_free(): warning: 2 host(s) were not released
1757109023.293644: 1338572-7f8220d39700: cdpl_monitor.c:1103: in mn_systat_stop(): debug: systat thread done
1757109023.293648: 1338572-7f8220d39700: cdpl_ipc.c:2513: in cdpl_ipc_host_release(): debug: releasing host `152.14.98.53:41650'
1757109023.293651: 1338572-7f8213fff700: cdpl_ipc.c:3767: in cdpl_ipc_free(): debug: done
1757109023.293654: 1338572-7f8213fff700: cdpl_monitor.c:1390: in cdpl_mn_free(): debug: freeing monitor client
1757109023.293785: 1338572-7f825cea2540: cdpl_farm.c:2740: in cdpl_farm_free(): info: freeing farm
1757109023.293804: 1338572-7f81fb7fe700: cdpl_farm.c:2231: in _schedule(): debug: end of idling
1757109023.293811: 1338572-7f81fb7fe700: cdpl_farm.c:2235: in _schedule(): debug: dying
1757109023.293851: 1338572-7f825cea2540: cdpl_farm.c:913: in _killall(): debug: killing all remaining commands
1757109023.293861: 1338572-7f825cea2540: cdpl_server.c:3144: in cdpl_sv_free(): info: freeing server S652995481
1757109023.293874: 1338572-7f825cea2540: cdpl_server.c:3109: in cdpl_sv_kill_errno(): info: killing server
1757109023.293875: 1338572-7f825cea2540: cdpl_ipc.c:3677: in cdpl_ipc_kill(): debug: stopping event server
1757109023.293887: 1338572-7f8220d39700: cdpl_server_ipc.c:1200: in _sv_ipc_thread(): debug: leaving now
1757109023.293892: 1338572-7f822153a700: cdpl_ipc.c:2460: in _epoll_main(): debug: server going down...
1757109023.293901: 1338572-7f825cea2540: cdpl_server.c:334: in _sv_free_master(): info: freeing master M1
1757109023.293906: 1338572-7f825cea2540: cdpl_hash.c:68: in cdpl_h_destroy(): debug: put operations: 1
1757109023.293908: 1338572-7f825cea2540: cdpl_hash.c:69: in cdpl_h_destroy(): debug: put collisions: 0
1757109023.293909: 1338572-7f825cea2540: cdpl_hash.c:70: in cdpl_h_destroy(): debug: get operations: 1
1757109023.293911: 1338572-7f825cea2540: cdpl_hash.c:71: in cdpl_h_destroy(): debug: get iterations: 1
1757109023.293917: 1338572-7f825cea2540: cdpl_monitor.c:1390: in cdpl_mn_free(): debug: freeing monitor server
1757109023.293918: 1338572-7f825cea2540: cdpl_ipc.c:3728: in cdpl_ipc_free(): debug: releasing IPC handle
1757109023.293920: 1338572-7f825cea2540: cdpl_ipc.c:1582: in _host_free__UNSAFE(): debug: freeing host `152.14.98.53:41650'
1757109023.293922: 1338572-7f825cea2540: cdpl_ipc.c:1621: in _host_free__UNSAFE(): debug: [0 outq, 0 spR, 0 spW]
1757109023.293936: 1338572-7f825cea2540: cdpl_ipc.c:3767: in cdpl_ipc_free(): debug: done
1757109023.293943: 1338572-7f825cea2540: cdpl_log.c:481: in cdpl_log_close(): info: @@end_of_log@@
