[Sat Sep  6 22:47:53 UTC 2025]Running pw_worker -i /home/argershm/180-voltmeter/Analog/cc/synopsys_custom/pwdp_jobs/saeSession4_diffmodegain.SimulationSimulation_cdpl.2.2931556 -t 10000
/mnt/apps/public/COE/synopsys_apps/primewave/W-2024.09-SP1-2/bin/custom_shell

PWDP2: start1: [09-06-2025 18:47:54] \ 
 -- args: /home/argershm/180-voltmeter/Analog/cc/synopsys_custom/pwdp_jobs/saeSession4_diffmodegain.SimulationSimulation_cdpl.2.2931556:10000
 -- New worker cdpl started... /home/argershm/180-voltmeter/Analog/cc/synopsys_custom/pwdp_jobs/saeSession4_diffmodegain.SimulationSimulation_cdpl.2.2931556 10000
PWDP: new worker flow start...

New worker log dir:/home/argershm/180-voltmeter/Analog/cc/synopsys_custom/pwdp_jobs/saeSession4_diffmodegain.SimulationSimulation_cdpl.2.2931556/logs/w1

[09-06-2025 18:47:54] New Worker Job Details:
isReRun=0
simulator=PrimeSim
workingDir=/home/argershm/180-voltmeter/Analog/cc
historyName=history_1
stateType=0
sweep=L=0.398107
nominal=0
uniqueName=saeSession4
testbench=diff_mode_gain
resultsDir=/home/argershm/180-voltmeter/Analog/cc/simulation/integrator,tb_main_opamp,schematic/history_1/simulation/diff_mode_gain/PrimeSimSPICE/parametric/L=0.398107/results
runMode=new
historyIndex=1
preRun=0
session=saeSession4
masterResultsDir=/home/argershm/180-voltmeter/Analog/cc/simulation/integrator,tb_main_opamp,schematic/history_1/simulation/diff_mode_gain/PrimeSimSPICE/parametric/results
logInfo={point: L=0.398107}
diskTestSuiteName,integrator,tb_main_opamp,schematic

JobData-keys: 0,PrimeSim,history_1,1,/home/argershm/180-voltmeter/Analog/cc/simulation/integrator,tb_main_opamp,schematic/history_1/simulation/diff_mode_gain/PrimeSimSPICE/parametric/results,

 -- New worker cdpl initialized finished. [09-06-2025 18:47:54]

PWDP2: start2: [09-06-2025 18:48:06]
#####New Worker job begin - Self history dir=/home/argershm/180-voltmeter/Analog/cc/simulation/integrator,tb_main_opamp,schematic
> 
 -- New worker ci side loading finished.

source /home/argershm/180-voltmeter/Analog/cc/synopsys_custom/pwdp_jobs/saeSession4_diffmodegain.SimulationSimulation_cdpl.2.2931556/ccFile.tcl OK
> 
LibDefs : /home/argershm/180-voltmeter/Analog/cc/lib.defs
> 
 open lib.defs:/home/argershm/180-voltmeter/Analog/cc/lib.defs
new worker create session at loading state!
> 
history_1
> 
Information: Info: Waveform format selected is PSF. Synopsys recommends using the WDF format with the <HSPICE/FineSim> simulator.
WDF is an optimal format that improves viewing performance and reduces disk usage while PSF is a 3rd party format and support "as-is".
To change the format, open the Setup -> Environment menu and select the WDF format. (PW-642)
> 
Loading: Callback files...
> 

[INFO] : Loading display.tcl from /mnt/designkits/gf180MCU/dk_ncsu/gf180mcu_cc_0.1/Models_HSPICE

 if you wish to Load other display.tcl, please set shell environment valiable "iPDK_load_display_gf180mcu" to value = 0
> 

> 
Warning: Could not set the value of preference xtEMIRLPEStarTcadGrdFile because it does not exist. (PREFERENCE-016)
> 
	#######################################
> 
	CC-PDK Library Name	: gf180MCU Open
> 
	#######################################
> 

> 
source /home/argershm/180-voltmeter/Analog/cc/simulation/integrator,tb_main_opamp,schematic/history_1/.nw_preference_script.tcl OK!
> 
DSPF Options: {hierDelim==|}||{termDelim==:}||{fingerChar==@}||{multiplierString==_nettran_}||{aggregateCurrent==1}||{MOSTermNames==d g s b}||{MOSTermOrder==D G S B}||{MOSTermDspfNames==DRC GATE SRC BULK}||{firstChars==XM}||{probeHierDelim==/}||{caseSensitive==1}||{firstChar==M}||{hierPrefix==X}||{nodePrefix==M}||{plotTermVoltageForNet==0}||{mapNetToMosTerminal==}||{mapSlashDelimToDot==1}||{probePortCurrent==1}||{busBit==[]}||{removeNodePrefix==1}||{nlConDelim==.}||{mosModelType==auto}||{keepSchName==0}
> 
_workerLoadStateAction done!
> 
New worker app start done.
PWDP: **information** Worker instantiate primewave handle success!
pw_worker _createCalculateEngine got job!
> 
pw_worker _createCalculateEngine OK!
> 
PWDP: job [2] exit code :[0].
PWDP: task runs done or quit!
PWDP: PWDP: **info** task process exit ok:PrimeSim_75
PWDP: request pilot begin ... 
PWDP: got DOPILOT.
PWDP: request pilot done.
PWDP: send back PILOTOK.
_getSimulationDetails : 
> 
tbName=diff_mode_gain, Mtb=0
> 
Got stb tb ok!
> 
Self resultsDir: ./simulation
> 
Self databaseDir: /home/argershm/180-voltmeter/Analog/cc/simulation/integrator,tb_main_opamp,schematic/history_1/simulation/diff_mode_gain/PrimeSimSPICE/parametric/results
> 
source /mnt/apps/public/COE/synopsys_apps/primewave/W-2024.09-SP1-2/auxx/sae/matlab_script.tcl OK
> 
_createResultsMap done!
> 
###write_child - resultsDir=/home/argershm/180-voltmeter/Analog/cc/simulation/integrator,tb_main_opamp,schematic/history_1/simulation/diff_mode_gain/PrimeSimSPICE/parametric/L=0.398107/results
 masterResultsDir=/home/argershm/180-voltmeter/Analog/cc/simulation/integrator,tb_main_opamp,schematic/history_1/simulation/diff_mode_gain/PrimeSimSPICE/parametric/results
 databaseDir=/home/argershm/180-voltmeter/Analog/cc/simulation/integrator,tb_main_opamp,schematic/history_1/simulation/diff_mode_gain/PrimeSimSPICE/parametric/results
 UniqueName=saeSession4, isPilot=true
> 

> 
pw_worker child CE begin!
> 
###write_master - histName=history_1 masterResultsDir=/home/argershm/180-voltmeter/Analog/cc/simulation/integrator,tb_main_opamp,schematic/history_1/simulation/diff_mode_gain/PrimeSimSPICE/parametric/results
 incompleteType=, resultsDirectory=./simulation
> 

> 
pw_worker invokes measurement finished.
> 
pw_worker writeSimMap finsied.
> 
_simulationDoneAction done without exception!
> 
New Worker New CE ready proc entered.
> 
Got file /home/argershm/180-voltmeter/Analog/cc/simulation/integrator,tb_main_opamp,schematic/history_1/simulation/diff_mode_gain/PrimeSimSPICE/parametric/L=0.398107/results/.ceFinished
> 
touch /home/argershm/180-voltmeter/Analog/cc/simulation/integrator,tb_main_opamp,schematic/history_1/simulation/diff_mode_gain/PrimeSimSPICE/parametric/L=0.398107/results/.unitedSimFinished
> 
Calc Job Done!
> 
New Worker New CE exit
> 
touch pilot meas done flag file: /home/argershm/180-voltmeter/Analog/cc/simulation/integrator,tb_main_opamp,schematic/history_1/simulation/diff_mode_gain/PrimeSimSPICE/parametric/results/.pw_nw_meas_done
> worker W1 task time :15.
[09-06-2025 18:48:09] New Worker Job Details:
isReRun=0
simulator=PrimeSim
workingDir=/home/argershm/180-voltmeter/Analog/cc
historyName=history_1
stateType=0
sweep=L=0.630957
nominal=0
uniqueName=saeSession4
testbench=diff_mode_gain
resultsDir=/home/argershm/180-voltmeter/Analog/cc/simulation/integrator,tb_main_opamp,schematic/history_1/simulation/diff_mode_gain/PrimeSimSPICE/parametric/L=0.630957/results
runMode=new
historyIndex=1
preRun=0
session=saeSession4
masterResultsDir=/home/argershm/180-voltmeter/Analog/cc/simulation/integrator,tb_main_opamp,schematic/history_1/simulation/diff_mode_gain/PrimeSimSPICE/parametric/results
logInfo={point: L=0.630957}
diskTestSuiteName,integrator,tb_main_opamp,schematic

#####New Worker job begin - Self history dir=/home/argershm/180-voltmeter/Analog/cc/simulation/integrator,tb_main_opamp,schematic
> 
JobData-keys: 0,PrimeSim,history_1,1,/home/argershm/180-voltmeter/Analog/cc/simulation/integrator,tb_main_opamp,schematic/history_1/simulation/diff_mode_gain/PrimeSimSPICE/parametric/results,/home/argershm/180-voltmeter/Analog/cc/simulation/integrator,tb_main_opamp,schematic

pw_worker _createCalculateEngine got job!
> 
pw_worker _createCalculateEngine OK!
> 
PWDP: job [3] exit code :[0].
PWDP: task runs done or quit!
PWDP: PWDP: **info** task process exit ok:PrimeSim_76
PWDP: request pilot begin ... 
PWDP: got PILOTOK.
PWDP: request pilot done.
New Worker New CE ready proc entered.
> 
_getSimulationDetails : 
> 
tbName=diff_mode_gain, Mtb=0
> 
Got stb tb ok!
> 
Self resultsDir: ./simulation
> 
Self databaseDir: /home/argershm/180-voltmeter/Analog/cc/simulation/integrator,tb_main_opamp,schematic/history_1/simulation/diff_mode_gain/PrimeSimSPICE/parametric/results
> 
_createResultsMap done!
> 
###write_child - resultsDir=/home/argershm/180-voltmeter/Analog/cc/simulation/integrator,tb_main_opamp,schematic/history_1/simulation/diff_mode_gain/PrimeSimSPICE/parametric/L=0.630957/results
 masterResultsDir=/home/argershm/180-voltmeter/Analog/cc/simulation/integrator,tb_main_opamp,schematic/history_1/simulation/diff_mode_gain/PrimeSimSPICE/parametric/results
 databaseDir=/home/argershm/180-voltmeter/Analog/cc/simulation/integrator,tb_main_opamp,schematic/history_1/simulation/diff_mode_gain/PrimeSimSPICE/parametric/results
 UniqueName=saeSession4, isPilot=false
> 

> 
pw_worker child CE begin!
> 
pw_worker invokes measurement finished.
> 
pw_worker writeSimMap finsied.
> 
_simulationDoneAction done without exception!
> 
Got file /home/argershm/180-voltmeter/Analog/cc/simulation/integrator,tb_main_opamp,schematic/history_1/simulation/diff_mode_gain/PrimeSimSPICE/parametric/L=0.630957/results/.ceFinished
> 
touch /home/argershm/180-voltmeter/Analog/cc/simulation/integrator,tb_main_opamp,schematic/history_1/simulation/diff_mode_gain/PrimeSimSPICE/parametric/L=0.630957/results/.unitedSimFinished
> 
Calc Job Done!
> 
New Worker New CE exit
> 
[09-06-2025 18:48:11] New Worker Job Details:
isReRun=0
simulator=PrimeSim
workingDir=/home/argershm/180-voltmeter/Analog/cc
historyName=history_1
stateType=0
sweep=L=1.58489u
nominal=0
uniqueName=saeSession4
testbench=diff_mode_gain
resultsDir=/home/argershm/180-voltmeter/Analog/cc/simulation/integrator,tb_main_opamp,schematic/history_1/simulation/diff_mode_gain/PrimeSimSPICE/parametric/L=1.58489u/results
runMode=new
historyIndex=1
preRun=0
session=saeSession4
masterResultsDir=/home/argershm/180-voltmeter/Analog/cc/simulation/integrator,tb_main_opamp,schematic/history_1/simulation/diff_mode_gain/PrimeSimSPICE/parametric/results
logInfo={point: L=1.58489u}
diskTestSuiteName,integrator,tb_main_opamp,schematic

#####New Worker job begin - Self history dir=/home/argershm/180-voltmeter/Analog/cc/simulation/integrator,tb_main_opamp,schematic
> 
JobData-keys: 0,PrimeSim,history_1,1,/home/argershm/180-voltmeter/Analog/cc/simulation/integrator,tb_main_opamp,schematic/history_1/simulation/diff_mode_gain/PrimeSimSPICE/parametric/results,/home/argershm/180-voltmeter/Analog/cc/simulation/integrator,tb_main_opamp,schematic

pw_worker _createCalculateEngine got job!
> 
pw_worker _createCalculateEngine OK!
> 
PWDP: job [6] exit code :[0].
PWDP: task runs done or quit!
PWDP: PWDP: **info** task process exit ok:PrimeSim_79
PWDP: request pilot begin ... 
PWDP: got PILOTOK.
PWDP: request pilot done.
New Worker New CE ready proc entered.
> 
_getSimulationDetails : 
> 
tbName=diff_mode_gain, Mtb=0
> 
Got stb tb ok!
> 
Self resultsDir: ./simulation
> 
Self databaseDir: /home/argershm/180-voltmeter/Analog/cc/simulation/integrator,tb_main_opamp,schematic/history_1/simulation/diff_mode_gain/PrimeSimSPICE/parametric/results
> 
_createResultsMap done!
> 
###write_child - resultsDir=/home/argershm/180-voltmeter/Analog/cc/simulation/integrator,tb_main_opamp,schematic/history_1/simulation/diff_mode_gain/PrimeSimSPICE/parametric/L=1.58489u/results
 masterResultsDir=/home/argershm/180-voltmeter/Analog/cc/simulation/integrator,tb_main_opamp,schematic/history_1/simulation/diff_mode_gain/PrimeSimSPICE/parametric/results
 databaseDir=/home/argershm/180-voltmeter/Analog/cc/simulation/integrator,tb_main_opamp,schematic/history_1/simulation/diff_mode_gain/PrimeSimSPICE/parametric/results
 UniqueName=saeSession4, isPilot=false
> 

> 
pw_worker child CE begin!
> 
pw_worker invokes measurement finished.
> 
pw_worker writeSimMap finsied.
> 
_simulationDoneAction done without exception!
> 
Got file /home/argershm/180-voltmeter/Analog/cc/simulation/integrator,tb_main_opamp,schematic/history_1/simulation/diff_mode_gain/PrimeSimSPICE/parametric/L=1.58489u/results/.ceFinished
> 
touch /home/argershm/180-voltmeter/Analog/cc/simulation/integrator,tb_main_opamp,schematic/history_1/simulation/diff_mode_gain/PrimeSimSPICE/parametric/L=1.58489u/results/.unitedSimFinished
> 
Calc Job Done!
> 
New Worker New CE exit
> 
[09-06-2025 18:48:13] New Worker Job Details:
isReRun=0
simulator=PrimeSim
workingDir=/home/argershm/180-voltmeter/Analog/cc
historyName=history_1
stateType=0
sweep=L=3.16228u
nominal=0
uniqueName=saeSession4
testbench=diff_mode_gain
resultsDir=/home/argershm/180-voltmeter/Analog/cc/simulation/integrator,tb_main_opamp,schematic/history_1/simulation/diff_mode_gain/PrimeSimSPICE/parametric/L=3.16228u/results
runMode=new
historyIndex=1
preRun=0
session=saeSession4
masterResultsDir=/home/argershm/180-voltmeter/Analog/cc/simulation/integrator,tb_main_opamp,schematic/history_1/simulation/diff_mode_gain/PrimeSimSPICE/parametric/results
logInfo={point: L=3.16228u}
diskTestSuiteName,integrator,tb_main_opamp,schematic

#####New Worker job begin - Self history dir=/home/argershm/180-voltmeter/Analog/cc/simulation/integrator,tb_main_opamp,schematic
> 
JobData-keys: 0,PrimeSim,history_1,1,/home/argershm/180-voltmeter/Analog/cc/simulation/integrator,tb_main_opamp,schematic/history_1/simulation/diff_mode_gain/PrimeSimSPICE/parametric/results,/home/argershm/180-voltmeter/Analog/cc/simulation/integrator,tb_main_opamp,schematic

pw_worker _createCalculateEngine got job!
> 
pw_worker _createCalculateEngine OK!
> 
PWDP: job [9] exit code :[0].
PWDP: task runs done or quit!
PWDP: PWDP: **info** task process exit ok:PrimeSim_82
PWDP: request pilot begin ... 
PWDP: got PILOTOK.
PWDP: request pilot done.
New Worker New CE ready proc entered.
> 
_getSimulationDetails : 
> 
tbName=diff_mode_gain, Mtb=0
> 
Got stb tb ok!
> 
Self resultsDir: ./simulation
> 
Self databaseDir: /home/argershm/180-voltmeter/Analog/cc/simulation/integrator,tb_main_opamp,schematic/history_1/simulation/diff_mode_gain/PrimeSimSPICE/parametric/results
> 
_createResultsMap done!
> 
###write_child - resultsDir=/home/argershm/180-voltmeter/Analog/cc/simulation/integrator,tb_main_opamp,schematic/history_1/simulation/diff_mode_gain/PrimeSimSPICE/parametric/L=3.16228u/results
 masterResultsDir=/home/argershm/180-voltmeter/Analog/cc/simulation/integrator,tb_main_opamp,schematic/history_1/simulation/diff_mode_gain/PrimeSimSPICE/parametric/results
 databaseDir=/home/argershm/180-voltmeter/Analog/cc/simulation/integrator,tb_main_opamp,schematic/history_1/simulation/diff_mode_gain/PrimeSimSPICE/parametric/results
 UniqueName=saeSession4, isPilot=false
> 

> 
pw_worker child CE begin!
> 
pw_worker invokes measurement finished.
> 
pw_worker writeSimMap finsied.
> 
_simulationDoneAction done without exception!
> 
Got file /home/argershm/180-voltmeter/Analog/cc/simulation/integrator,tb_main_opamp,schematic/history_1/simulation/diff_mode_gain/PrimeSimSPICE/parametric/L=3.16228u/results/.ceFinished
> 
touch /home/argershm/180-voltmeter/Analog/cc/simulation/integrator,tb_main_opamp,schematic/history_1/simulation/diff_mode_gain/PrimeSimSPICE/parametric/L=3.16228u/results/.unitedSimFinished
> 
Calc Job Done!
> 
New Worker New CE exit
> 
[09-06-2025 18:48:15] New Worker Job Details:
isReRun=0
simulator=PrimeSim
workingDir=/home/argershm/180-voltmeter/Analog/cc
historyName=history_1
stateType=0
sweep=L=6.30957u
nominal=0
uniqueName=saeSession4
testbench=diff_mode_gain
resultsDir=/home/argershm/180-voltmeter/Analog/cc/simulation/integrator,tb_main_opamp,schematic/history_1/simulation/diff_mode_gain/PrimeSimSPICE/parametric/L=6.30957u/results
runMode=new
historyIndex=1
preRun=0
session=saeSession4
masterResultsDir=/home/argershm/180-voltmeter/Analog/cc/simulation/integrator,tb_main_opamp,schematic/history_1/simulation/diff_mode_gain/PrimeSimSPICE/parametric/results
logInfo={point: L=6.30957u}
diskTestSuiteName,integrator,tb_main_opamp,schematic

#####New Worker job begin - Self history dir=/home/argershm/180-voltmeter/Analog/cc/simulation/integrator,tb_main_opamp,schematic
> 
JobData-keys: 0,PrimeSim,history_1,1,/home/argershm/180-voltmeter/Analog/cc/simulation/integrator,tb_main_opamp,schematic/history_1/simulation/diff_mode_gain/PrimeSimSPICE/parametric/results,/home/argershm/180-voltmeter/Analog/cc/simulation/integrator,tb_main_opamp,schematic

pw_worker _createCalculateEngine got job!
> 
pw_worker _createCalculateEngine OK!
> 
PWDP: job [12] exit code :[0].
PWDP: task runs done or quit!
PWDP: PWDP: **info** task process exit ok:PrimeSim_85
PWDP: request pilot begin ... 
PWDP: got PILOTOK.
PWDP: request pilot done.
New Worker New CE ready proc entered.
> 
_getSimulationDetails : 
> 
tbName=diff_mode_gain, Mtb=0
> 
Got stb tb ok!
> 
Self resultsDir: ./simulation
> 
Self databaseDir: /home/argershm/180-voltmeter/Analog/cc/simulation/integrator,tb_main_opamp,schematic/history_1/simulation/diff_mode_gain/PrimeSimSPICE/parametric/results
> 
_createResultsMap done!
> 
###write_child - resultsDir=/home/argershm/180-voltmeter/Analog/cc/simulation/integrator,tb_main_opamp,schematic/history_1/simulation/diff_mode_gain/PrimeSimSPICE/parametric/L=6.30957u/results
 masterResultsDir=/home/argershm/180-voltmeter/Analog/cc/simulation/integrator,tb_main_opamp,schematic/history_1/simulation/diff_mode_gain/PrimeSimSPICE/parametric/results
 databaseDir=/home/argershm/180-voltmeter/Analog/cc/simulation/integrator,tb_main_opamp,schematic/history_1/simulation/diff_mode_gain/PrimeSimSPICE/parametric/results
 UniqueName=saeSession4, isPilot=false
> 

> 
pw_worker child CE begin!
> 
pw_worker invokes measurement finished.
> 
pw_worker writeSimMap finsied.
> 
_simulationDoneAction done without exception!
> 
Got file /home/argershm/180-voltmeter/Analog/cc/simulation/integrator,tb_main_opamp,schematic/history_1/simulation/diff_mode_gain/PrimeSimSPICE/parametric/L=6.30957u/results/.ceFinished
> 
touch /home/argershm/180-voltmeter/Analog/cc/simulation/integrator,tb_main_opamp,schematic/history_1/simulation/diff_mode_gain/PrimeSimSPICE/parametric/L=6.30957u/results/.unitedSimFinished
> 
Calc Job Done!
> 
New Worker New CE exit
> 
[09-06-2025 18:48:18] New Worker Job Details:
isReRun=0
simulator=PrimeSim
workingDir=/home/argershm/180-voltmeter/Analog/cc
historyName=history_1
stateType=0
sweep=L=12.5893u
nominal=0
uniqueName=saeSession4
testbench=diff_mode_gain
resultsDir=/home/argershm/180-voltmeter/Analog/cc/simulation/integrator,tb_main_opamp,schematic/history_1/simulation/diff_mode_gain/PrimeSimSPICE/parametric/L=12.5893u/results
runMode=new
historyIndex=1
preRun=0
session=saeSession4
masterResultsDir=/home/argershm/180-voltmeter/Analog/cc/simulation/integrator,tb_main_opamp,schematic/history_1/simulation/diff_mode_gain/PrimeSimSPICE/parametric/results
logInfo={point: L=12.5893u}
diskTestSuiteName,integrator,tb_main_opamp,schematic

#####New Worker job begin - Self history dir=/home/argershm/180-voltmeter/Analog/cc/simulation/integrator,tb_main_opamp,schematic
> 
JobData-keys: 0,PrimeSim,history_1,1,/home/argershm/180-voltmeter/Analog/cc/simulation/integrator,tb_main_opamp,schematic/history_1/simulation/diff_mode_gain/PrimeSimSPICE/parametric/results,/home/argershm/180-voltmeter/Analog/cc/simulation/integrator,tb_main_opamp,schematic

pw_worker _createCalculateEngine got job!
> 
pw_worker _createCalculateEngine OK!
> 
PWDP: job [15] exit code :[0].
PWDP: task runs done or quit!
PWDP: PWDP: **info** task process exit ok:PrimeSim_88
PWDP: request pilot begin ... 
PWDP: got PILOTOK.
PWDP: request pilot done.
New Worker New CE ready proc entered.
> 
_getSimulationDetails : 
> 
tbName=diff_mode_gain, Mtb=0
> 
Got stb tb ok!
> 
Self resultsDir: ./simulation
> 
Self databaseDir: /home/argershm/180-voltmeter/Analog/cc/simulation/integrator,tb_main_opamp,schematic/history_1/simulation/diff_mode_gain/PrimeSimSPICE/parametric/results
> 
_createResultsMap done!
> 
###write_child - resultsDir=/home/argershm/180-voltmeter/Analog/cc/simulation/integrator,tb_main_opamp,schematic/history_1/simulation/diff_mode_gain/PrimeSimSPICE/parametric/L=12.5893u/results
 masterResultsDir=/home/argershm/180-voltmeter/Analog/cc/simulation/integrator,tb_main_opamp,schematic/history_1/simulation/diff_mode_gain/PrimeSimSPICE/parametric/results
 databaseDir=/home/argershm/180-voltmeter/Analog/cc/simulation/integrator,tb_main_opamp,schematic/history_1/simulation/diff_mode_gain/PrimeSimSPICE/parametric/results
 UniqueName=saeSession4, isPilot=false
> 

> 
pw_worker child CE begin!
> 
pw_worker invokes measurement finished.
> 
pw_worker writeSimMap finsied.
> 
_simulationDoneAction done without exception!
> 
Got file /home/argershm/180-voltmeter/Analog/cc/simulation/integrator,tb_main_opamp,schematic/history_1/simulation/diff_mode_gain/PrimeSimSPICE/parametric/L=12.5893u/results/.ceFinished
> 
touch /home/argershm/180-voltmeter/Analog/cc/simulation/integrator,tb_main_opamp,schematic/history_1/simulation/diff_mode_gain/PrimeSimSPICE/parametric/L=12.5893u/results/.unitedSimFinished
> 
Calc Job Done!
> 
New Worker New CE exit
> 
[09-06-2025 18:48:20] New Worker Job Details:
isReRun=0
simulator=PrimeSim
workingDir=/home/argershm/180-voltmeter/Analog/cc
historyName=history_1
stateType=0
sweep=L=25.1189u
nominal=0
uniqueName=saeSession4
testbench=diff_mode_gain
resultsDir=/home/argershm/180-voltmeter/Analog/cc/simulation/integrator,tb_main_opamp,schematic/history_1/simulation/diff_mode_gain/PrimeSimSPICE/parametric/L=25.1189u/results
runMode=new
historyIndex=1
preRun=0
session=saeSession4
masterResultsDir=/home/argershm/180-voltmeter/Analog/cc/simulation/integrator,tb_main_opamp,schematic/history_1/simulation/diff_mode_gain/PrimeSimSPICE/parametric/results
logInfo={point: L=25.1189u}
diskTestSuiteName,integrator,tb_main_opamp,schematic

#####New Worker job begin - Self history dir=/home/argershm/180-voltmeter/Analog/cc/simulation/integrator,tb_main_opamp,schematic
> 
JobData-keys: 0,PrimeSim,history_1,1,/home/argershm/180-voltmeter/Analog/cc/simulation/integrator,tb_main_opamp,schematic/history_1/simulation/diff_mode_gain/PrimeSimSPICE/parametric/results,/home/argershm/180-voltmeter/Analog/cc/simulation/integrator,tb_main_opamp,schematic

pw_worker _createCalculateEngine got job!
> 
pw_worker _createCalculateEngine OK!
> 
PWDP: job [18] exit code :[0].
PWDP: task runs done or quit!
PWDP: PWDP: **info** task process exit ok:PrimeSim_91
PWDP: request pilot begin ... 
PWDP: got PILOTOK.
PWDP: request pilot done.
New Worker New CE ready proc entered.
> 
_getSimulationDetails : 
> 
tbName=diff_mode_gain, Mtb=0
> 
Got stb tb ok!
> 
Self resultsDir: ./simulation
> 
Self databaseDir: /home/argershm/180-voltmeter/Analog/cc/simulation/integrator,tb_main_opamp,schematic/history_1/simulation/diff_mode_gain/PrimeSimSPICE/parametric/results
> 
_createResultsMap done!
> 
###write_child - resultsDir=/home/argershm/180-voltmeter/Analog/cc/simulation/integrator,tb_main_opamp,schematic/history_1/simulation/diff_mode_gain/PrimeSimSPICE/parametric/L=25.1189u/results
 masterResultsDir=/home/argershm/180-voltmeter/Analog/cc/simulation/integrator,tb_main_opamp,schematic/history_1/simulation/diff_mode_gain/PrimeSimSPICE/parametric/results
 databaseDir=/home/argershm/180-voltmeter/Analog/cc/simulation/integrator,tb_main_opamp,schematic/history_1/simulation/diff_mode_gain/PrimeSimSPICE/parametric/results
 UniqueName=saeSession4, isPilot=false
> 

> 
pw_worker child CE begin!
> 
pw_worker invokes measurement finished.
> 
pw_worker writeSimMap finsied.
> 
_simulationDoneAction done without exception!
> 
Got file /home/argershm/180-voltmeter/Analog/cc/simulation/integrator,tb_main_opamp,schematic/history_1/simulation/diff_mode_gain/PrimeSimSPICE/parametric/L=25.1189u/results/.ceFinished
> 
touch /home/argershm/180-voltmeter/Analog/cc/simulation/integrator,tb_main_opamp,schematic/history_1/simulation/diff_mode_gain/PrimeSimSPICE/parametric/L=25.1189u/results/.unitedSimFinished
> 
Calc Job Done!
> 
New Worker New CE exit
> 
[09-06-2025 18:48:22] New Worker Job Details:
isReRun=0
simulator=PrimeSim
workingDir=/home/argershm/180-voltmeter/Analog/cc
historyName=history_1
stateType=0
sweep=L=63.0957u
nominal=0
uniqueName=saeSession4
testbench=diff_mode_gain
resultsDir=/home/argershm/180-voltmeter/Analog/cc/simulation/integrator,tb_main_opamp,schematic/history_1/simulation/diff_mode_gain/PrimeSimSPICE/parametric/L=63.0957u/results
runMode=new
historyIndex=1
preRun=0
session=saeSession4
masterResultsDir=/home/argershm/180-voltmeter/Analog/cc/simulation/integrator,tb_main_opamp,schematic/history_1/simulation/diff_mode_gain/PrimeSimSPICE/parametric/results
logInfo={point: L=63.0957u}
diskTestSuiteName,integrator,tb_main_opamp,schematic

#####New Worker job begin - Self history dir=/home/argershm/180-voltmeter/Analog/cc/simulation/integrator,tb_main_opamp,schematic
> 
JobData-keys: 0,PrimeSim,history_1,1,/home/argershm/180-voltmeter/Analog/cc/simulation/integrator,tb_main_opamp,schematic/history_1/simulation/diff_mode_gain/PrimeSimSPICE/parametric/results,/home/argershm/180-voltmeter/Analog/cc/simulation/integrator,tb_main_opamp,schematic

pw_worker _createCalculateEngine got job!
> 
pw_worker _createCalculateEngine OK!
> 
PWDP: job [22] exit code :[0].
PWDP: task runs done or quit!
PWDP: PWDP: **info** task process exit ok:PrimeSim_95
PWDP: request pilot begin ... 
PWDP: got PILOTOK.
PWDP: request pilot done.
New Worker New CE ready proc entered.
> 
_getSimulationDetails : 
> 
tbName=diff_mode_gain, Mtb=0
> 
Got stb tb ok!
> 
Self resultsDir: ./simulation
> 
Self databaseDir: /home/argershm/180-voltmeter/Analog/cc/simulation/integrator,tb_main_opamp,schematic/history_1/simulation/diff_mode_gain/PrimeSimSPICE/parametric/results
> 
_createResultsMap done!
> 
###write_child - resultsDir=/home/argershm/180-voltmeter/Analog/cc/simulation/integrator,tb_main_opamp,schematic/history_1/simulation/diff_mode_gain/PrimeSimSPICE/parametric/L=63.0957u/results
 masterResultsDir=/home/argershm/180-voltmeter/Analog/cc/simulation/integrator,tb_main_opamp,schematic/history_1/simulation/diff_mode_gain/PrimeSimSPICE/parametric/results
 databaseDir=/home/argershm/180-voltmeter/Analog/cc/simulation/integrator,tb_main_opamp,schematic/history_1/simulation/diff_mode_gain/PrimeSimSPICE/parametric/results
 UniqueName=saeSession4, isPilot=false
> 

> 
pw_worker child CE begin!
> 
pw_worker invokes measurement finished.
> 
pw_worker writeSimMap finsied.
> 
_simulationDoneAction done without exception!
> 
Got file /home/argershm/180-voltmeter/Analog/cc/simulation/integrator,tb_main_opamp,schematic/history_1/simulation/diff_mode_gain/PrimeSimSPICE/parametric/L=63.0957u/results/.ceFinished
> 
touch /home/argershm/180-voltmeter/Analog/cc/simulation/integrator,tb_main_opamp,schematic/history_1/simulation/diff_mode_gain/PrimeSimSPICE/parametric/L=63.0957u/results/.unitedSimFinished
> 
Calc Job Done!
> 
New Worker New CE exit
> 
[09-06-2025 18:48:24] New Worker Job Details:
isReRun=0
simulator=PrimeSim
workingDir=/home/argershm/180-voltmeter/Analog/cc
historyName=history_1
stateType=0
sweep=L=0.125893m
nominal=0
uniqueName=saeSession4
testbench=diff_mode_gain
resultsDir=/home/argershm/180-voltmeter/Analog/cc/simulation/integrator,tb_main_opamp,schematic/history_1/simulation/diff_mode_gain/PrimeSimSPICE/parametric/L=0.125893m/results
runMode=new
historyIndex=1
preRun=0
session=saeSession4
masterResultsDir=/home/argershm/180-voltmeter/Analog/cc/simulation/integrator,tb_main_opamp,schematic/history_1/simulation/diff_mode_gain/PrimeSimSPICE/parametric/results
logInfo={point: L=0.125893m}
diskTestSuiteName,integrator,tb_main_opamp,schematic

#####New Worker job begin - Self history dir=/home/argershm/180-voltmeter/Analog/cc/simulation/integrator,tb_main_opamp,schematic
> 
JobData-keys: 0,PrimeSim,history_1,1,/home/argershm/180-voltmeter/Analog/cc/simulation/integrator,tb_main_opamp,schematic/history_1/simulation/diff_mode_gain/PrimeSimSPICE/parametric/results,/home/argershm/180-voltmeter/Analog/cc/simulation/integrator,tb_main_opamp,schematic

pw_worker _createCalculateEngine got job!
> 
pw_worker _createCalculateEngine OK!
> 
PWDP: job [25] exit code :[0].
PWDP: task runs done or quit!
PWDP: PWDP: **info** task process exit ok:PrimeSim_98
PWDP: request pilot begin ... 
PWDP: got PILOTOK.
PWDP: request pilot done.
New Worker New CE ready proc entered.
> 
_getSimulationDetails : 
> 
tbName=diff_mode_gain, Mtb=0
> 
Got stb tb ok!
> 
Self resultsDir: ./simulation
> 
Self databaseDir: /home/argershm/180-voltmeter/Analog/cc/simulation/integrator,tb_main_opamp,schematic/history_1/simulation/diff_mode_gain/PrimeSimSPICE/parametric/results
> 
_createResultsMap done!
> 
###write_child - resultsDir=/home/argershm/180-voltmeter/Analog/cc/simulation/integrator,tb_main_opamp,schematic/history_1/simulation/diff_mode_gain/PrimeSimSPICE/parametric/L=0.125893m/results
 masterResultsDir=/home/argershm/180-voltmeter/Analog/cc/simulation/integrator,tb_main_opamp,schematic/history_1/simulation/diff_mode_gain/PrimeSimSPICE/parametric/results
 databaseDir=/home/argershm/180-voltmeter/Analog/cc/simulation/integrator,tb_main_opamp,schematic/history_1/simulation/diff_mode_gain/PrimeSimSPICE/parametric/results
 UniqueName=saeSession4, isPilot=false
> 

> 
pw_worker child CE begin!
> 
pw_worker invokes measurement finished.
> 
pw_worker writeSimMap finsied.
> 
_simulationDoneAction done without exception!
> 
Got file /home/argershm/180-voltmeter/Analog/cc/simulation/integrator,tb_main_opamp,schematic/history_1/simulation/diff_mode_gain/PrimeSimSPICE/parametric/L=0.125893m/results/.ceFinished
> 
touch /home/argershm/180-voltmeter/Analog/cc/simulation/integrator,tb_main_opamp,schematic/history_1/simulation/diff_mode_gain/PrimeSimSPICE/parametric/L=0.125893m/results/.unitedSimFinished
> 
Calc Job Done!
> 
New Worker New CE exit
> 
[09-06-2025 18:48:27] New Worker Job Details:
isReRun=0
simulator=PrimeSim
workingDir=/home/argershm/180-voltmeter/Analog/cc
historyName=history_1
stateType=0
sweep=L=0.251189m
nominal=0
uniqueName=saeSession4
testbench=diff_mode_gain
resultsDir=/home/argershm/180-voltmeter/Analog/cc/simulation/integrator,tb_main_opamp,schematic/history_1/simulation/diff_mode_gain/PrimeSimSPICE/parametric/L=0.251189m/results
runMode=new
historyIndex=1
preRun=0
session=saeSession4
masterResultsDir=/home/argershm/180-voltmeter/Analog/cc/simulation/integrator,tb_main_opamp,schematic/history_1/simulation/diff_mode_gain/PrimeSimSPICE/parametric/results
logInfo={point: L=0.251189m}
diskTestSuiteName,integrator,tb_main_opamp,schematic

#####New Worker job begin - Self history dir=/home/argershm/180-voltmeter/Analog/cc/simulation/integrator,tb_main_opamp,schematic
> 
JobData-keys: 0,PrimeSim,history_1,1,/home/argershm/180-voltmeter/Analog/cc/simulation/integrator,tb_main_opamp,schematic/history_1/simulation/diff_mode_gain/PrimeSimSPICE/parametric/results,/home/argershm/180-voltmeter/Analog/cc/simulation/integrator,tb_main_opamp,schematic

pw_worker _createCalculateEngine got job!
> 
pw_worker _createCalculateEngine OK!
> 
PWDP: job [28] exit code :[0].
PWDP: task runs done or quit!
PWDP: PWDP: **info** task process exit ok:PrimeSim_101
PWDP: request pilot begin ... 
PWDP: got PILOTOK.
PWDP: request pilot done.
New Worker New CE ready proc entered.
> 
_getSimulationDetails : 
> 
tbName=diff_mode_gain, Mtb=0
> 
Got stb tb ok!
> 
Self resultsDir: ./simulation
> 
Self databaseDir: /home/argershm/180-voltmeter/Analog/cc/simulation/integrator,tb_main_opamp,schematic/history_1/simulation/diff_mode_gain/PrimeSimSPICE/parametric/results
> 
_createResultsMap done!
> 
###write_child - resultsDir=/home/argershm/180-voltmeter/Analog/cc/simulation/integrator,tb_main_opamp,schematic/history_1/simulation/diff_mode_gain/PrimeSimSPICE/parametric/L=0.251189m/results
 masterResultsDir=/home/argershm/180-voltmeter/Analog/cc/simulation/integrator,tb_main_opamp,schematic/history_1/simulation/diff_mode_gain/PrimeSimSPICE/parametric/results
 databaseDir=/home/argershm/180-voltmeter/Analog/cc/simulation/integrator,tb_main_opamp,schematic/history_1/simulation/diff_mode_gain/PrimeSimSPICE/parametric/results
 UniqueName=saeSession4, isPilot=false
> 

> 
pw_worker child CE begin!
> 
pw_worker invokes measurement finished.
> 
pw_worker writeSimMap finsied.
> 
_simulationDoneAction done without exception!
> 
Got file /home/argershm/180-voltmeter/Analog/cc/simulation/integrator,tb_main_opamp,schematic/history_1/simulation/diff_mode_gain/PrimeSimSPICE/parametric/L=0.251189m/results/.ceFinished
> 
touch /home/argershm/180-voltmeter/Analog/cc/simulation/integrator,tb_main_opamp,schematic/history_1/simulation/diff_mode_gain/PrimeSimSPICE/parametric/L=0.251189m/results/.unitedSimFinished
> 
Calc Job Done!
> 
New Worker New CE exit
> 
[09-06-2025 18:48:29] New Worker Job Details:
isReRun=0
simulator=PrimeSim
workingDir=/home/argershm/180-voltmeter/Analog/cc
historyName=history_1
stateType=0
sweep=L=0.501187m
nominal=0
uniqueName=saeSession4
testbench=diff_mode_gain
resultsDir=/home/argershm/180-voltmeter/Analog/cc/simulation/integrator,tb_main_opamp,schematic/history_1/simulation/diff_mode_gain/PrimeSimSPICE/parametric/L=0.501187m/results
runMode=new
historyIndex=1
preRun=0
session=saeSession4
masterResultsDir=/home/argershm/180-voltmeter/Analog/cc/simulation/integrator,tb_main_opamp,schematic/history_1/simulation/diff_mode_gain/PrimeSimSPICE/parametric/results
logInfo={point: L=0.501187m}
diskTestSuiteName,integrator,tb_main_opamp,schematic

#####New Worker job begin - Self history dir=/home/argershm/180-voltmeter/Analog/cc/simulation/integrator,tb_main_opamp,schematic
> 
JobData-keys: 0,PrimeSim,history_1,1,/home/argershm/180-voltmeter/Analog/cc/simulation/integrator,tb_main_opamp,schematic/history_1/simulation/diff_mode_gain/PrimeSimSPICE/parametric/results,/home/argershm/180-voltmeter/Analog/cc/simulation/integrator,tb_main_opamp,schematic

pw_worker _createCalculateEngine got job!
> 
pw_worker _createCalculateEngine OK!
> 
PWDP: job [31] exit code :[0].
PWDP: task runs done or quit!
PWDP: PWDP: **info** task process exit ok:PrimeSim_104
PWDP: request pilot begin ... 
PWDP: got PILOTOK.
PWDP: request pilot done.
New Worker New CE ready proc entered.
> 
_getSimulationDetails : 
> 
tbName=diff_mode_gain, Mtb=0
> 
Got stb tb ok!
> 
Self resultsDir: ./simulation
> 
Self databaseDir: /home/argershm/180-voltmeter/Analog/cc/simulation/integrator,tb_main_opamp,schematic/history_1/simulation/diff_mode_gain/PrimeSimSPICE/parametric/results
> 
_createResultsMap done!
> 
###write_child - resultsDir=/home/argershm/180-voltmeter/Analog/cc/simulation/integrator,tb_main_opamp,schematic/history_1/simulation/diff_mode_gain/PrimeSimSPICE/parametric/L=0.501187m/results
 masterResultsDir=/home/argershm/180-voltmeter/Analog/cc/simulation/integrator,tb_main_opamp,schematic/history_1/simulation/diff_mode_gain/PrimeSimSPICE/parametric/results
 databaseDir=/home/argershm/180-voltmeter/Analog/cc/simulation/integrator,tb_main_opamp,schematic/history_1/simulation/diff_mode_gain/PrimeSimSPICE/parametric/results
 UniqueName=saeSession4, isPilot=false
> 

> 
pw_worker child CE begin!
> 
pw_worker invokes measurement finished.
> 
pw_worker writeSimMap finsied.
> 
_simulationDoneAction done without exception!
> 
Got file /home/argershm/180-voltmeter/Analog/cc/simulation/integrator,tb_main_opamp,schematic/history_1/simulation/diff_mode_gain/PrimeSimSPICE/parametric/L=0.501187m/results/.ceFinished
> 
touch /home/argershm/180-voltmeter/Analog/cc/simulation/integrator,tb_main_opamp,schematic/history_1/simulation/diff_mode_gain/PrimeSimSPICE/parametric/L=0.501187m/results/.unitedSimFinished
> 
Calc Job Done!
> 
New Worker New CE exit
> 
[09-06-2025 18:48:31] New Worker Job Details:
isReRun=0
simulator=PrimeSim
workingDir=/home/argershm/180-voltmeter/Analog/cc
historyName=history_1
stateType=0
sweep=L=1m
nominal=0
uniqueName=saeSession4
testbench=diff_mode_gain
resultsDir=/home/argershm/180-voltmeter/Analog/cc/simulation/integrator,tb_main_opamp,schematic/history_1/simulation/diff_mode_gain/PrimeSimSPICE/parametric/L=1m/results
runMode=new
historyIndex=1
preRun=0
session=saeSession4
masterResultsDir=/home/argershm/180-voltmeter/Analog/cc/simulation/integrator,tb_main_opamp,schematic/history_1/simulation/diff_mode_gain/PrimeSimSPICE/parametric/results
logInfo={point: L=1m}
diskTestSuiteName,integrator,tb_main_opamp,schematic

#####New Worker job begin - Self history dir=/home/argershm/180-voltmeter/Analog/cc/simulation/integrator,tb_main_opamp,schematic
> 
JobData-keys: 0,PrimeSim,history_1,1,/home/argershm/180-voltmeter/Analog/cc/simulation/integrator,tb_main_opamp,schematic/history_1/simulation/diff_mode_gain/PrimeSimSPICE/parametric/results,/home/argershm/180-voltmeter/Analog/cc/simulation/integrator,tb_main_opamp,schematic

pw_worker _createCalculateEngine got job!
> 
pw_worker _createCalculateEngine OK!
> 
PWDP: job [34] exit code :[0].
PWDP: task runs done or quit!
PWDP: PWDP: **info** task process exit ok:PrimeSim_107
PWDP: request pilot begin ... 
PWDP: got PILOTOK.
PWDP: request pilot done.
New Worker New CE ready proc entered.
> 
_getSimulationDetails : 
> 
tbName=diff_mode_gain, Mtb=0
> 
Got stb tb ok!
> 
Self resultsDir: ./simulation
> 
Self databaseDir: /home/argershm/180-voltmeter/Analog/cc/simulation/integrator,tb_main_opamp,schematic/history_1/simulation/diff_mode_gain/PrimeSimSPICE/parametric/results
> 
_createResultsMap done!
> 
###write_child - resultsDir=/home/argershm/180-voltmeter/Analog/cc/simulation/integrator,tb_main_opamp,schematic/history_1/simulation/diff_mode_gain/PrimeSimSPICE/parametric/L=1m/results
 masterResultsDir=/home/argershm/180-voltmeter/Analog/cc/simulation/integrator,tb_main_opamp,schematic/history_1/simulation/diff_mode_gain/PrimeSimSPICE/parametric/results
 databaseDir=/home/argershm/180-voltmeter/Analog/cc/simulation/integrator,tb_main_opamp,schematic/history_1/simulation/diff_mode_gain/PrimeSimSPICE/parametric/results
 UniqueName=saeSession4, isPilot=false
> 

> 
pw_worker child CE begin!
> 
pw_worker invokes measurement finished.
> 
pw_worker writeSimMap finsied.
> 
_simulationDoneAction done without exception!
> 
Got file /home/argershm/180-voltmeter/Analog/cc/simulation/integrator,tb_main_opamp,schematic/history_1/simulation/diff_mode_gain/PrimeSimSPICE/parametric/L=1m/results/.ceFinished
> 
touch /home/argershm/180-voltmeter/Analog/cc/simulation/integrator,tb_main_opamp,schematic/history_1/simulation/diff_mode_gain/PrimeSimSPICE/parametric/L=1m/results/.unitedSimFinished
> 
Calc Job Done!
> 
New Worker New CE exit
> 
[09-06-2025 18:48:33] New Worker Job Details:
isReRun=0
simulator=PrimeSim
workingDir=/home/argershm/180-voltmeter/Analog/cc
historyName=history_1
stateType=0
sweep=L=1.99526m
nominal=0
uniqueName=saeSession4
testbench=diff_mode_gain
resultsDir=/home/argershm/180-voltmeter/Analog/cc/simulation/integrator,tb_main_opamp,schematic/history_1/simulation/diff_mode_gain/PrimeSimSPICE/parametric/L=1.99526m/results
runMode=new
historyIndex=1
preRun=0
session=saeSession4
masterResultsDir=/home/argershm/180-voltmeter/Analog/cc/simulation/integrator,tb_main_opamp,schematic/history_1/simulation/diff_mode_gain/PrimeSimSPICE/parametric/results
logInfo={point: L=1.99526m}
diskTestSuiteName,integrator,tb_main_opamp,schematic

#####New Worker job begin - Self history dir=/home/argershm/180-voltmeter/Analog/cc/simulation/integrator,tb_main_opamp,schematic
> 
JobData-keys: 0,PrimeSim,history_1,1,/home/argershm/180-voltmeter/Analog/cc/simulation/integrator,tb_main_opamp,schematic/history_1/simulation/diff_mode_gain/PrimeSimSPICE/parametric/results,/home/argershm/180-voltmeter/Analog/cc/simulation/integrator,tb_main_opamp,schematic

pw_worker _createCalculateEngine got job!
> 
pw_worker _createCalculateEngine OK!
> 
PWDP: job [37] exit code :[0].
PWDP: task runs done or quit!
PWDP: PWDP: **info** task process exit ok:PrimeSim_110
PWDP: request pilot begin ... 
PWDP: got PILOTOK.
PWDP: request pilot done.
New Worker New CE ready proc entered.
> 
_getSimulationDetails : 
> 
tbName=diff_mode_gain, Mtb=0
> 
Got stb tb ok!
> 
Self resultsDir: ./simulation
> 
Self databaseDir: /home/argershm/180-voltmeter/Analog/cc/simulation/integrator,tb_main_opamp,schematic/history_1/simulation/diff_mode_gain/PrimeSimSPICE/parametric/results
> 
_createResultsMap done!
> 
###write_child - resultsDir=/home/argershm/180-voltmeter/Analog/cc/simulation/integrator,tb_main_opamp,schematic/history_1/simulation/diff_mode_gain/PrimeSimSPICE/parametric/L=1.99526m/results
 masterResultsDir=/home/argershm/180-voltmeter/Analog/cc/simulation/integrator,tb_main_opamp,schematic/history_1/simulation/diff_mode_gain/PrimeSimSPICE/parametric/results
 databaseDir=/home/argershm/180-voltmeter/Analog/cc/simulation/integrator,tb_main_opamp,schematic/history_1/simulation/diff_mode_gain/PrimeSimSPICE/parametric/results
 UniqueName=saeSession4, isPilot=false
> 

> 
pw_worker child CE begin!
> 
pw_worker invokes measurement finished.
> 
pw_worker writeSimMap finsied.
> 
_simulationDoneAction done without exception!
> 
Got file /home/argershm/180-voltmeter/Analog/cc/simulation/integrator,tb_main_opamp,schematic/history_1/simulation/diff_mode_gain/PrimeSimSPICE/parametric/L=1.99526m/results/.ceFinished
> 
touch /home/argershm/180-voltmeter/Analog/cc/simulation/integrator,tb_main_opamp,schematic/history_1/simulation/diff_mode_gain/PrimeSimSPICE/parametric/L=1.99526m/results/.unitedSimFinished
> 
Calc Job Done!
> 
New Worker New CE exit
> 
[09-06-2025 18:48:36] New Worker Job Details:
isReRun=0
simulator=PrimeSim
workingDir=/home/argershm/180-voltmeter/Analog/cc
historyName=history_1
stateType=0
sweep=L=3.98107m
nominal=0
uniqueName=saeSession4
testbench=diff_mode_gain
resultsDir=/home/argershm/180-voltmeter/Analog/cc/simulation/integrator,tb_main_opamp,schematic/history_1/simulation/diff_mode_gain/PrimeSimSPICE/parametric/L=3.98107m/results
runMode=new
historyIndex=1
preRun=0
session=saeSession4
masterResultsDir=/home/argershm/180-voltmeter/Analog/cc/simulation/integrator,tb_main_opamp,schematic/history_1/simulation/diff_mode_gain/PrimeSimSPICE/parametric/results
logInfo={point: L=3.98107m}
diskTestSuiteName,integrator,tb_main_opamp,schematic

#####New Worker job begin - Self history dir=/home/argershm/180-voltmeter/Analog/cc/simulation/integrator,tb_main_opamp,schematic
> 
JobData-keys: 0,PrimeSim,history_1,1,/home/argershm/180-voltmeter/Analog/cc/simulation/integrator,tb_main_opamp,schematic/history_1/simulation/diff_mode_gain/PrimeSimSPICE/parametric/results,/home/argershm/180-voltmeter/Analog/cc/simulation/integrator,tb_main_opamp,schematic

pw_worker _createCalculateEngine got job!
> 
pw_worker _createCalculateEngine OK!
> 
PWDP: job [40] exit code :[0].
PWDP: task runs done or quit!
PWDP: PWDP: **info** task process exit ok:PrimeSim_113
PWDP: request pilot begin ... 
PWDP: got PILOTOK.
PWDP: request pilot done.
New Worker New CE ready proc entered.
> 
_getSimulationDetails : 
> 
tbName=diff_mode_gain, Mtb=0
> 
Got stb tb ok!
> 
Self resultsDir: ./simulation
> 
Self databaseDir: /home/argershm/180-voltmeter/Analog/cc/simulation/integrator,tb_main_opamp,schematic/history_1/simulation/diff_mode_gain/PrimeSimSPICE/parametric/results
> 
_createResultsMap done!
> 
###write_child - resultsDir=/home/argershm/180-voltmeter/Analog/cc/simulation/integrator,tb_main_opamp,schematic/history_1/simulation/diff_mode_gain/PrimeSimSPICE/parametric/L=3.98107m/results
 masterResultsDir=/home/argershm/180-voltmeter/Analog/cc/simulation/integrator,tb_main_opamp,schematic/history_1/simulation/diff_mode_gain/PrimeSimSPICE/parametric/results
 databaseDir=/home/argershm/180-voltmeter/Analog/cc/simulation/integrator,tb_main_opamp,schematic/history_1/simulation/diff_mode_gain/PrimeSimSPICE/parametric/results
 UniqueName=saeSession4, isPilot=false
> 

> 
pw_worker child CE begin!
> 
pw_worker invokes measurement finished.
> 
pw_worker writeSimMap finsied.
> 
_simulationDoneAction done without exception!
> 
Got file /home/argershm/180-voltmeter/Analog/cc/simulation/integrator,tb_main_opamp,schematic/history_1/simulation/diff_mode_gain/PrimeSimSPICE/parametric/L=3.98107m/results/.ceFinished
> 
touch /home/argershm/180-voltmeter/Analog/cc/simulation/integrator,tb_main_opamp,schematic/history_1/simulation/diff_mode_gain/PrimeSimSPICE/parametric/L=3.98107m/results/.unitedSimFinished
> 
Calc Job Done!
> 
New Worker New CE exit
> 
[09-06-2025 18:48:38] New Worker Job Details:
isReRun=0
simulator=PrimeSim
workingDir=/home/argershm/180-voltmeter/Analog/cc
historyName=history_1
stateType=0
sweep=L=6.30957m
nominal=0
uniqueName=saeSession4
testbench=diff_mode_gain
resultsDir=/home/argershm/180-voltmeter/Analog/cc/simulation/integrator,tb_main_opamp,schematic/history_1/simulation/diff_mode_gain/PrimeSimSPICE/parametric/L=6.30957m/results
runMode=new
historyIndex=1
preRun=0
session=saeSession4
masterResultsDir=/home/argershm/180-voltmeter/Analog/cc/simulation/integrator,tb_main_opamp,schematic/history_1/simulation/diff_mode_gain/PrimeSimSPICE/parametric/results
logInfo={point: L=6.30957m}
diskTestSuiteName,integrator,tb_main_opamp,schematic

#####New Worker job begin - Self history dir=/home/argershm/180-voltmeter/Analog/cc/simulation/integrator,tb_main_opamp,schematic
> 
JobData-keys: 0,PrimeSim,history_1,1,/home/argershm/180-voltmeter/Analog/cc/simulation/integrator,tb_main_opamp,schematic/history_1/simulation/diff_mode_gain/PrimeSimSPICE/parametric/results,/home/argershm/180-voltmeter/Analog/cc/simulation/integrator,tb_main_opamp,schematic

pw_worker _createCalculateEngine got job!
> 
pw_worker _createCalculateEngine OK!
> 
PWDP: job [42] exit code :[0].
PWDP: task runs done or quit!
PWDP: PWDP: **info** task process exit ok:PrimeSim_115
PWDP: request pilot begin ... 
PWDP: got PILOTOK.
PWDP: request pilot done.
New Worker New CE ready proc entered.
> 
_getSimulationDetails : 
> 
tbName=diff_mode_gain, Mtb=0
> 
Got stb tb ok!
> 
Self resultsDir: ./simulation
> 
Self databaseDir: /home/argershm/180-voltmeter/Analog/cc/simulation/integrator,tb_main_opamp,schematic/history_1/simulation/diff_mode_gain/PrimeSimSPICE/parametric/results
> 
_createResultsMap done!
> 
###write_child - resultsDir=/home/argershm/180-voltmeter/Analog/cc/simulation/integrator,tb_main_opamp,schematic/history_1/simulation/diff_mode_gain/PrimeSimSPICE/parametric/L=6.30957m/results
 masterResultsDir=/home/argershm/180-voltmeter/Analog/cc/simulation/integrator,tb_main_opamp,schematic/history_1/simulation/diff_mode_gain/PrimeSimSPICE/parametric/results
 databaseDir=/home/argershm/180-voltmeter/Analog/cc/simulation/integrator,tb_main_opamp,schematic/history_1/simulation/diff_mode_gain/PrimeSimSPICE/parametric/results
 UniqueName=saeSession4, isPilot=false
> 

> 
pw_worker child CE begin!
> 
pw_worker invokes measurement finished.
> 
pw_worker writeSimMap finsied.
> 
_simulationDoneAction done without exception!
> 
Got file /home/argershm/180-voltmeter/Analog/cc/simulation/integrator,tb_main_opamp,schematic/history_1/simulation/diff_mode_gain/PrimeSimSPICE/parametric/L=6.30957m/results/.ceFinished
> 
touch /home/argershm/180-voltmeter/Analog/cc/simulation/integrator,tb_main_opamp,schematic/history_1/simulation/diff_mode_gain/PrimeSimSPICE/parametric/L=6.30957m/results/.unitedSimFinished
> 
Calc Job Done!
> 
New Worker New CE exit
> 
[09-06-2025 18:48:40] New Worker Job Details:
isReRun=0
simulator=PrimeSim
workingDir=/home/argershm/180-voltmeter/Analog/cc
historyName=history_1
stateType=0
sweep=L=15.8489m
nominal=0
uniqueName=saeSession4
testbench=diff_mode_gain
resultsDir=/home/argershm/180-voltmeter/Analog/cc/simulation/integrator,tb_main_opamp,schematic/history_1/simulation/diff_mode_gain/PrimeSimSPICE/parametric/L=15.8489m/results
runMode=new
historyIndex=1
preRun=0
session=saeSession4
masterResultsDir=/home/argershm/180-voltmeter/Analog/cc/simulation/integrator,tb_main_opamp,schematic/history_1/simulation/diff_mode_gain/PrimeSimSPICE/parametric/results
logInfo={point: L=15.8489m}
diskTestSuiteName,integrator,tb_main_opamp,schematic

#####New Worker job begin - Self history dir=/home/argershm/180-voltmeter/Analog/cc/simulation/integrator,tb_main_opamp,schematic
> 
JobData-keys: 0,PrimeSim,history_1,1,/home/argershm/180-voltmeter/Analog/cc/simulation/integrator,tb_main_opamp,schematic/history_1/simulation/diff_mode_gain/PrimeSimSPICE/parametric/results,/home/argershm/180-voltmeter/Analog/cc/simulation/integrator,tb_main_opamp,schematic

pw_worker _createCalculateEngine got job!
> 
pw_worker _createCalculateEngine OK!
> 
PWDP: job [46] exit code :[0].
PWDP: task runs done or quit!
PWDP: PWDP: **info** task process exit ok:PrimeSim_119
PWDP: request pilot begin ... 
PWDP: got PILOTOK.
PWDP: request pilot done.
New Worker New CE ready proc entered.
> 
_getSimulationDetails : 
> 
tbName=diff_mode_gain, Mtb=0
> 
Got stb tb ok!
> 
Self resultsDir: ./simulation
> 
Self databaseDir: /home/argershm/180-voltmeter/Analog/cc/simulation/integrator,tb_main_opamp,schematic/history_1/simulation/diff_mode_gain/PrimeSimSPICE/parametric/results
> 
_createResultsMap done!
> 
###write_child - resultsDir=/home/argershm/180-voltmeter/Analog/cc/simulation/integrator,tb_main_opamp,schematic/history_1/simulation/diff_mode_gain/PrimeSimSPICE/parametric/L=15.8489m/results
 masterResultsDir=/home/argershm/180-voltmeter/Analog/cc/simulation/integrator,tb_main_opamp,schematic/history_1/simulation/diff_mode_gain/PrimeSimSPICE/parametric/results
 databaseDir=/home/argershm/180-voltmeter/Analog/cc/simulation/integrator,tb_main_opamp,schematic/history_1/simulation/diff_mode_gain/PrimeSimSPICE/parametric/results
 UniqueName=saeSession4, isPilot=false
> 

> 
pw_worker child CE begin!
> 
pw_worker invokes measurement finished.
> 
pw_worker writeSimMap finsied.
> 
_simulationDoneAction done without exception!
> 
Got file /home/argershm/180-voltmeter/Analog/cc/simulation/integrator,tb_main_opamp,schematic/history_1/simulation/diff_mode_gain/PrimeSimSPICE/parametric/L=15.8489m/results/.ceFinished
> 
touch /home/argershm/180-voltmeter/Analog/cc/simulation/integrator,tb_main_opamp,schematic/history_1/simulation/diff_mode_gain/PrimeSimSPICE/parametric/L=15.8489m/results/.unitedSimFinished
> 
Calc Job Done!
> 
New Worker New CE exit
> 
[09-06-2025 18:48:42] New Worker Job Details:
isReRun=0
simulator=PrimeSim
workingDir=/home/argershm/180-voltmeter/Analog/cc
historyName=history_1
stateType=0
sweep=L=31.6228m
nominal=0
uniqueName=saeSession4
testbench=diff_mode_gain
resultsDir=/home/argershm/180-voltmeter/Analog/cc/simulation/integrator,tb_main_opamp,schematic/history_1/simulation/diff_mode_gain/PrimeSimSPICE/parametric/L=31.6228m/results
runMode=new
historyIndex=1
preRun=0
session=saeSession4
masterResultsDir=/home/argershm/180-voltmeter/Analog/cc/simulation/integrator,tb_main_opamp,schematic/history_1/simulation/diff_mode_gain/PrimeSimSPICE/parametric/results
logInfo={point: L=31.6228m}
diskTestSuiteName,integrator,tb_main_opamp,schematic

#####New Worker job begin - Self history dir=/home/argershm/180-voltmeter/Analog/cc/simulation/integrator,tb_main_opamp,schematic
> 
JobData-keys: 0,PrimeSim,history_1,1,/home/argershm/180-voltmeter/Analog/cc/simulation/integrator,tb_main_opamp,schematic/history_1/simulation/diff_mode_gain/PrimeSimSPICE/parametric/results,/home/argershm/180-voltmeter/Analog/cc/simulation/integrator,tb_main_opamp,schematic

pw_worker _createCalculateEngine got job!
> 
pw_worker _createCalculateEngine OK!
> 
PWDP: job [49] exit code :[0].
PWDP: task runs done or quit!
PWDP: PWDP: **info** task process exit ok:PrimeSim_122
PWDP: request pilot begin ... 
PWDP: got PILOTOK.
PWDP: request pilot done.
New Worker New CE ready proc entered.
> 
_getSimulationDetails : 
> 
tbName=diff_mode_gain, Mtb=0
> 
Got stb tb ok!
> 
Self resultsDir: ./simulation
> 
Self databaseDir: /home/argershm/180-voltmeter/Analog/cc/simulation/integrator,tb_main_opamp,schematic/history_1/simulation/diff_mode_gain/PrimeSimSPICE/parametric/results
> 
_createResultsMap done!
> 
###write_child - resultsDir=/home/argershm/180-voltmeter/Analog/cc/simulation/integrator,tb_main_opamp,schematic/history_1/simulation/diff_mode_gain/PrimeSimSPICE/parametric/L=31.6228m/results
 masterResultsDir=/home/argershm/180-voltmeter/Analog/cc/simulation/integrator,tb_main_opamp,schematic/history_1/simulation/diff_mode_gain/PrimeSimSPICE/parametric/results
 databaseDir=/home/argershm/180-voltmeter/Analog/cc/simulation/integrator,tb_main_opamp,schematic/history_1/simulation/diff_mode_gain/PrimeSimSPICE/parametric/results
 UniqueName=saeSession4, isPilot=false
> 

> 
pw_worker child CE begin!
> 
pw_worker invokes measurement finished.
> 
pw_worker writeSimMap finsied.
> 
_simulationDoneAction done without exception!
> 
Got file /home/argershm/180-voltmeter/Analog/cc/simulation/integrator,tb_main_opamp,schematic/history_1/simulation/diff_mode_gain/PrimeSimSPICE/parametric/L=31.6228m/results/.ceFinished
> 
touch /home/argershm/180-voltmeter/Analog/cc/simulation/integrator,tb_main_opamp,schematic/history_1/simulation/diff_mode_gain/PrimeSimSPICE/parametric/L=31.6228m/results/.unitedSimFinished
> 
Calc Job Done!
> 
New Worker New CE exit
> 
[09-06-2025 18:48:45] New Worker Job Details:
isReRun=0
simulator=PrimeSim
workingDir=/home/argershm/180-voltmeter/Analog/cc
historyName=history_1
stateType=0
sweep=L=50.1187m
nominal=0
uniqueName=saeSession4
testbench=diff_mode_gain
resultsDir=/home/argershm/180-voltmeter/Analog/cc/simulation/integrator,tb_main_opamp,schematic/history_1/simulation/diff_mode_gain/PrimeSimSPICE/parametric/L=50.1187m/results
runMode=new
historyIndex=1
preRun=0
session=saeSession4
masterResultsDir=/home/argershm/180-voltmeter/Analog/cc/simulation/integrator,tb_main_opamp,schematic/history_1/simulation/diff_mode_gain/PrimeSimSPICE/parametric/results
logInfo={point: L=50.1187m}
diskTestSuiteName,integrator,tb_main_opamp,schematic

#####New Worker job begin - Self history dir=/home/argershm/180-voltmeter/Analog/cc/simulation/integrator,tb_main_opamp,schematic
> 
JobData-keys: 0,PrimeSim,history_1,1,/home/argershm/180-voltmeter/Analog/cc/simulation/integrator,tb_main_opamp,schematic/history_1/simulation/diff_mode_gain/PrimeSimSPICE/parametric/results,/home/argershm/180-voltmeter/Analog/cc/simulation/integrator,tb_main_opamp,schematic

pw_worker _createCalculateEngine got job!
> 
pw_worker _createCalculateEngine OK!
> 
PWDP: job [51] exit code :[0].
PWDP: task runs done or quit!
PWDP: PWDP: **info** task process exit ok:PrimeSim_124
PWDP: request pilot begin ... 
PWDP: got PILOTOK.
PWDP: request pilot done.
New Worker New CE ready proc entered.
> 
_getSimulationDetails : 
> 
tbName=diff_mode_gain, Mtb=0
> 
Got stb tb ok!
> 
Self resultsDir: ./simulation
> 
Self databaseDir: /home/argershm/180-voltmeter/Analog/cc/simulation/integrator,tb_main_opamp,schematic/history_1/simulation/diff_mode_gain/PrimeSimSPICE/parametric/results
> 
_createResultsMap done!
> 
###write_child - resultsDir=/home/argershm/180-voltmeter/Analog/cc/simulation/integrator,tb_main_opamp,schematic/history_1/simulation/diff_mode_gain/PrimeSimSPICE/parametric/L=50.1187m/results
 masterResultsDir=/home/argershm/180-voltmeter/Analog/cc/simulation/integrator,tb_main_opamp,schematic/history_1/simulation/diff_mode_gain/PrimeSimSPICE/parametric/results
 databaseDir=/home/argershm/180-voltmeter/Analog/cc/simulation/integrator,tb_main_opamp,schematic/history_1/simulation/diff_mode_gain/PrimeSimSPICE/parametric/results
 UniqueName=saeSession4, isPilot=false
> 

> 
pw_worker child CE begin!
> 
pw_worker invokes measurement finished.
> 
pw_worker writeSimMap finsied.
> 
_simulationDoneAction done without exception!
> 
Got file /home/argershm/180-voltmeter/Analog/cc/simulation/integrator,tb_main_opamp,schematic/history_1/simulation/diff_mode_gain/PrimeSimSPICE/parametric/L=50.1187m/results/.ceFinished
> 
touch /home/argershm/180-voltmeter/Analog/cc/simulation/integrator,tb_main_opamp,schematic/history_1/simulation/diff_mode_gain/PrimeSimSPICE/parametric/L=50.1187m/results/.unitedSimFinished
> 
Calc Job Done!
> 
New Worker New CE exit
> 
[09-06-2025 18:48:47] New Worker Job Details:
isReRun=0
simulator=PrimeSim
workingDir=/home/argershm/180-voltmeter/Analog/cc
historyName=history_1
stateType=0
sweep=L=0.1
nominal=0
uniqueName=saeSession4
testbench=diff_mode_gain
resultsDir=/home/argershm/180-voltmeter/Analog/cc/simulation/integrator,tb_main_opamp,schematic/history_1/simulation/diff_mode_gain/PrimeSimSPICE/parametric/L=0.1/results
runMode=new
historyIndex=1
preRun=0
session=saeSession4
masterResultsDir=/home/argershm/180-voltmeter/Analog/cc/simulation/integrator,tb_main_opamp,schematic/history_1/simulation/diff_mode_gain/PrimeSimSPICE/parametric/results
logInfo={point: L=0.1}
diskTestSuiteName,integrator,tb_main_opamp,schematic

#####New Worker job begin - Self history dir=/home/argershm/180-voltmeter/Analog/cc/simulation/integrator,tb_main_opamp,schematic
> 
JobData-keys: 0,PrimeSim,history_1,1,/home/argershm/180-voltmeter/Analog/cc/simulation/integrator,tb_main_opamp,schematic/history_1/simulation/diff_mode_gain/PrimeSimSPICE/parametric/results,/home/argershm/180-voltmeter/Analog/cc/simulation/integrator,tb_main_opamp,schematic

pw_worker _createCalculateEngine got job!
> 
pw_worker _createCalculateEngine OK!
> 
PWDP: job [54] exit code :[0].
PWDP: task runs done or quit!
PWDP: PWDP: **info** task process exit ok:PrimeSim_127
PWDP: request pilot begin ... 
PWDP: got PILOTOK.
PWDP: request pilot done.
New Worker New CE ready proc entered.
> 
_getSimulationDetails : 
> 
tbName=diff_mode_gain, Mtb=0
> 
Got stb tb ok!
> 
Self resultsDir: ./simulation
> 
Self databaseDir: /home/argershm/180-voltmeter/Analog/cc/simulation/integrator,tb_main_opamp,schematic/history_1/simulation/diff_mode_gain/PrimeSimSPICE/parametric/results
> 
_createResultsMap done!
> 
###write_child - resultsDir=/home/argershm/180-voltmeter/Analog/cc/simulation/integrator,tb_main_opamp,schematic/history_1/simulation/diff_mode_gain/PrimeSimSPICE/parametric/L=0.1/results
 masterResultsDir=/home/argershm/180-voltmeter/Analog/cc/simulation/integrator,tb_main_opamp,schematic/history_1/simulation/diff_mode_gain/PrimeSimSPICE/parametric/results
 databaseDir=/home/argershm/180-voltmeter/Analog/cc/simulation/integrator,tb_main_opamp,schematic/history_1/simulation/diff_mode_gain/PrimeSimSPICE/parametric/results
 UniqueName=saeSession4, isPilot=false
> 

> 
pw_worker child CE begin!
> 
pw_worker invokes measurement finished.
> 
pw_worker writeSimMap finsied.
> 
_simulationDoneAction done without exception!
> 
Got file /home/argershm/180-voltmeter/Analog/cc/simulation/integrator,tb_main_opamp,schematic/history_1/simulation/diff_mode_gain/PrimeSimSPICE/parametric/L=0.1/results/.ceFinished
> 
touch /home/argershm/180-voltmeter/Analog/cc/simulation/integrator,tb_main_opamp,schematic/history_1/simulation/diff_mode_gain/PrimeSimSPICE/parametric/L=0.1/results/.unitedSimFinished
> 
Calc Job Done!
> 
New Worker New CE exit
> 
[09-06-2025 18:48:49] New Worker Job Details:
isReRun=0
simulator=PrimeSim
workingDir=/home/argershm/180-voltmeter/Analog/cc
historyName=history_1
stateType=0
sweep=L=0.316228
nominal=0
uniqueName=saeSession4
testbench=diff_mode_gain
resultsDir=/home/argershm/180-voltmeter/Analog/cc/simulation/integrator,tb_main_opamp,schematic/history_1/simulation/diff_mode_gain/PrimeSimSPICE/parametric/L=0.316228/results
runMode=new
historyIndex=1
preRun=0
session=saeSession4
masterResultsDir=/home/argershm/180-voltmeter/Analog/cc/simulation/integrator,tb_main_opamp,schematic/history_1/simulation/diff_mode_gain/PrimeSimSPICE/parametric/results
logInfo={point: L=0.316228}
diskTestSuiteName,integrator,tb_main_opamp,schematic

#####New Worker job begin - Self history dir=/home/argershm/180-voltmeter/Analog/cc/simulation/integrator,tb_main_opamp,schematic
> 
JobData-keys: 0,PrimeSim,history_1,1,/home/argershm/180-voltmeter/Analog/cc/simulation/integrator,tb_main_opamp,schematic/history_1/simulation/diff_mode_gain/PrimeSimSPICE/parametric/results,/home/argershm/180-voltmeter/Analog/cc/simulation/integrator,tb_main_opamp,schematic

pw_worker _createCalculateEngine got job!
> 
pw_worker _createCalculateEngine OK!
> 
PWDP: job [58] exit code :[0].
PWDP: task runs done or quit!
PWDP: PWDP: **info** task process exit ok:PrimeSim_131
PWDP: request pilot begin ... 
PWDP: got PILOTOK.
PWDP: request pilot done.
New Worker New CE ready proc entered.
> 
_getSimulationDetails : 
> 
tbName=diff_mode_gain, Mtb=0
> 
Got stb tb ok!
> 
Self resultsDir: ./simulation
> 
Self databaseDir: /home/argershm/180-voltmeter/Analog/cc/simulation/integrator,tb_main_opamp,schematic/history_1/simulation/diff_mode_gain/PrimeSimSPICE/parametric/results
> 
_createResultsMap done!
> 
###write_child - resultsDir=/home/argershm/180-voltmeter/Analog/cc/simulation/integrator,tb_main_opamp,schematic/history_1/simulation/diff_mode_gain/PrimeSimSPICE/parametric/L=0.316228/results
 masterResultsDir=/home/argershm/180-voltmeter/Analog/cc/simulation/integrator,tb_main_opamp,schematic/history_1/simulation/diff_mode_gain/PrimeSimSPICE/parametric/results
 databaseDir=/home/argershm/180-voltmeter/Analog/cc/simulation/integrator,tb_main_opamp,schematic/history_1/simulation/diff_mode_gain/PrimeSimSPICE/parametric/results
 UniqueName=saeSession4, isPilot=false
> 

> 
pw_worker child CE begin!
> 
pw_worker invokes measurement finished.
> 
pw_worker writeSimMap finsied.
> 
_simulationDoneAction done without exception!
> 
Got file /home/argershm/180-voltmeter/Analog/cc/simulation/integrator,tb_main_opamp,schematic/history_1/simulation/diff_mode_gain/PrimeSimSPICE/parametric/L=0.316228/results/.ceFinished
> 
touch /home/argershm/180-voltmeter/Analog/cc/simulation/integrator,tb_main_opamp,schematic/history_1/simulation/diff_mode_gain/PrimeSimSPICE/parametric/L=0.316228/results/.unitedSimFinished
> 
Calc Job Done!
> 
New Worker New CE exit
> 
[09-06-2025 18:48:51] New Worker Job Details:
isReRun=0
simulator=PrimeSim
workingDir=/home/argershm/180-voltmeter/Analog/cc
historyName=history_1
stateType=0
sweep=L=0.794328
nominal=0
uniqueName=saeSession4
testbench=diff_mode_gain
resultsDir=/home/argershm/180-voltmeter/Analog/cc/simulation/integrator,tb_main_opamp,schematic/history_1/simulation/diff_mode_gain/PrimeSimSPICE/parametric/L=0.794328/results
runMode=new
historyIndex=1
preRun=0
session=saeSession4
masterResultsDir=/home/argershm/180-voltmeter/Analog/cc/simulation/integrator,tb_main_opamp,schematic/history_1/simulation/diff_mode_gain/PrimeSimSPICE/parametric/results
logInfo={point: L=0.794328}
diskTestSuiteName,integrator,tb_main_opamp,schematic

#####New Worker job begin - Self history dir=/home/argershm/180-voltmeter/Analog/cc/simulation/integrator,tb_main_opamp,schematic
> 
JobData-keys: 0,PrimeSim,history_1,1,/home/argershm/180-voltmeter/Analog/cc/simulation/integrator,tb_main_opamp,schematic/history_1/simulation/diff_mode_gain/PrimeSimSPICE/parametric/results,/home/argershm/180-voltmeter/Analog/cc/simulation/integrator,tb_main_opamp,schematic

pw_worker _createCalculateEngine got job!
> 
pw_worker _createCalculateEngine OK!
> 
PWDP: job [60] exit code :[0].
PWDP: task runs done or quit!
PWDP: PWDP: **info** task process exit ok:PrimeSim_133
PWDP: request pilot begin ... 
PWDP: got PILOTOK.
PWDP: request pilot done.
New Worker New CE ready proc entered.
> 
_getSimulationDetails : 
> 
tbName=diff_mode_gain, Mtb=0
> 
Got stb tb ok!
> 
Self resultsDir: ./simulation
> 
Self databaseDir: /home/argershm/180-voltmeter/Analog/cc/simulation/integrator,tb_main_opamp,schematic/history_1/simulation/diff_mode_gain/PrimeSimSPICE/parametric/results
> 
_createResultsMap done!
> 
###write_child - resultsDir=/home/argershm/180-voltmeter/Analog/cc/simulation/integrator,tb_main_opamp,schematic/history_1/simulation/diff_mode_gain/PrimeSimSPICE/parametric/L=0.794328/results
 masterResultsDir=/home/argershm/180-voltmeter/Analog/cc/simulation/integrator,tb_main_opamp,schematic/history_1/simulation/diff_mode_gain/PrimeSimSPICE/parametric/results
 databaseDir=/home/argershm/180-voltmeter/Analog/cc/simulation/integrator,tb_main_opamp,schematic/history_1/simulation/diff_mode_gain/PrimeSimSPICE/parametric/results
 UniqueName=saeSession4, isPilot=false
> 

> 
pw_worker child CE begin!
> 
pw_worker invokes measurement finished.
> 
pw_worker writeSimMap finsied.
> 
_simulationDoneAction done without exception!
> 
Got file /home/argershm/180-voltmeter/Analog/cc/simulation/integrator,tb_main_opamp,schematic/history_1/simulation/diff_mode_gain/PrimeSimSPICE/parametric/L=0.794328/results/.ceFinished
> 
touch /home/argershm/180-voltmeter/Analog/cc/simulation/integrator,tb_main_opamp,schematic/history_1/simulation/diff_mode_gain/PrimeSimSPICE/parametric/L=0.794328/results/.unitedSimFinished
> 
Calc Job Done!
> 
New Worker New CE exit
> 
Shutdown time: Sat Sep  6 18:48:55 2025
> 
Elapsed session real time: 1 minutes
> 
Session terminated. Log is at /home/argershm/180-voltmeter/Analog/cc/synopsys_custom/pwdp_jobs/saeSession4_diffmodegain.SimulationSimulation_cdpl.2.2931556/logs/w1/logs/pw_worker.argershm.2025_9_6_184754_2984816.log
> 
PWDP: new worker flow quit.

Information: Feature 'SynopsysCustomLayout' checked in. (LICENSE-004)
> 
Information: Feature 'CustomInfrastructure' checked in. (LICENSE-004)
> 