1756317801.412982: 347396-7ffb3eb53540: cdpl_log.c:337: in cdpl_log_open(): info: @@start_of_log@@
1756317801.413003: 347396-7ffb3eb53540: cdpl_log.c:1058: in cdpl_log_dump_sysinfo(): info: time: 2025/08/27 14:03:21 EDT -0400
1756317801.413006: 347396-7ffb3eb53540: cdpl_log.c:1060: in cdpl_log_dump_sysinfo(): info: version: W-2024.09-SP1-2 
1756317801.413007: 347396-7ffb3eb53540: cdpl_log.c:1062: in cdpl_log_dump_sysinfo(): info: system: Linux 4.18.0-553.69.1.el8_10.x86_64 #1 SMP Thu Aug 7 18:10:00 EDT 2025
1756317801.413009: 347396-7ffb3eb53540: cdpl_log.c:1067: in cdpl_log_dump_sysinfo(): info: processor: x86_64 64-bits
1756317801.413010: 347396-7ffb3eb53540: cdpl_log.c:1071: in cdpl_log_dump_sysinfo(): info: hostname: claws-compute3.ece.ncsu.edu
1756317801.413012: 347396-7ffb3eb53540: cdpl_log.c:1073: in cdpl_log_dump_sysinfo(): info: program name: custom_shell
1756317801.413014: 347396-7ffb3eb53540: cdpl_log.c:340: in cdpl_log_open(): debug: path: /home/argershm/180-voltmeter/Analog/cc/synopsys_custom/pwdp_jobs/saeSession0_diffmodegain.SimulationSimulation_cdpl.0.347396/logs/master.claws-compute3.ece.ncsu.edu.347396.log
1756317801.413016: 347396-7ffb3eb53540: cdpl_log.c:341: in cdpl_log_open(): debug: dir: /home/argershm/180-voltmeter/Analog/cc/synopsys_custom/pwdp_jobs/saeSession0_diffmodegain.SimulationSimulation_cdpl.0.347396/logs
1756317801.413043: 347396-7ffb3eb53540: cdpl_server.c:536: in cdpl_sv_init(): info: new server S2074799634
1756317801.413050: 347396-7ffb3eb53540: cdpl_ipc.c:3475: in cdpl_ipc_init(): info: requesting IPv4 protocol
1756317801.416887: 347396-7ffb3eb53540: cdpl_ipc.c:837: in _selectaddrfamily(): info: selected IPv4 protocol
1756317801.416910: 347396-7ffb3eb53540: cdpl_ipc.c:1139: in _set_keepalive(): info: TCP keep alive interval: 300
1756317801.420040: 347396-7ffb3eb53540: cdpl_monitor.c:1117: in cdpl_mn_new_server(): info: creating server monitor instance
1756317801.420055: 347396-7ffb3eb53540: cdpl_server.c:650: in cdpl_sv_new_master(): info: new master M1
1756317801.420063: 347396-7ffb3eb53540: cdpl_server.c:6533: in cdpl_sv_ctl_master(): info: Setting worker heartbeat to 120 seconds
1756317801.420065: 347396-7ffb3eb53540: cdpl_server.c:6542: in cdpl_sv_ctl_master(): info: Setting worker heartbeat timeout to 3 heartbeats
1756317801.420067: 347396-7ffb3eb53540: cdpl_compat_master.c:2090: in _parse_hostfile(): info: reading hostfile `/home/argershm/180-voltmeter/Analog/cc/synopsys_custom/pwdp_jobs/saeSession0_diffmodegain.SimulationSimulation_cdpl.0.347396/host_file'
1756317801.420090: 347396-7ffb3eb53540: cdpl_compat_master.c:1900: in _hostfile_parser(): debug: parsing "1     |localhost|   -1  | /tmp | SH | sh"
1756317801.420103: 347396-7ffb3eb53540: cdpl_farm.c:2578: in cdpl_farm_new_sh(): info: creating SH farm on localhost
1756317801.420108: 347396-7ffb3eb53540: cdpl_compat_master.c:206: in _set_farm_env(): info: exporting CDPL_LOGDIR as `/home/argershm/180-voltmeter/Analog/cc/synopsys_custom/pwdp_jobs/saeSession0_diffmodegain.SimulationSimulation_cdpl.0.347396/logs'
1756317801.420110: 347396-7ffb3eb53540: cdpl_compat_master.c:212: in _set_farm_env(): info: exporting CDPL_TMPDIR as `/tmp'
1756317801.420112: 347396-7ffb3eb53540: cdpl_compat_master.c:235: in _set_farm_env(): info: exporting SNPSLMD_LICENSE_FILE as `27000@ece-lic-35.ece.ncsu.edu'
1756317801.420114: 347396-7ffb3eb53540: cdpl_compat_master.c:259: in _set_farm_env(): info: exporting CDPL_OPTIONS as `[nowlogs]'
1756317801.420115: 347396-7ffb3eb53540: cdpl_compat_master.c:266: in _set_farm_env(): info: exporting DISPLAY as `unix:26559'
1756317801.420117: 347396-7ffb3eb53540: cdpl_compat_master.c:274: in _set_farm_env(): info: exporting CDPL_HEARTBEAT as `120'
1756317801.420125: 347396-7ffb3eb53540: cdpl_farm.c:3149: in cdpl_farm_add_withdir(): debug: added `localhost' (capacity: unlimited)
1756317801.420127: 347396-7ffb3eb53540: cdpl_compat_parse.c:147: in parsefile(): debug: read `/home/argershm/180-voltmeter/Analog/cc/synopsys_custom/pwdp_jobs/saeSession0_diffmodegain.SimulationSimulation_cdpl.0.347396/host_file', 2 lines
1756317801.420130: 347396-7ffb3eb53540: cdpl_compat_master.c:2931: in cdplInitMaster(): info: bcast dir is `/home/argershm/180-voltmeter/Analog/cc/synopsys_custom/pwdp_jobs/saeSession0_diffmodegain.SimulationSimulation_cdpl.0.347396/logs'
1756317801.420179: 347396-7ffb3eb53540: cdpl_server.c:6433: in cdpl_sv_ctl_master(): info: farm worker timeout set to 300
1756317801.420181: 347396-7ffb3eb53540: cdpl_server.c:6486: in cdpl_sv_ctl_master(): info: maximum number of task execution attempts set to 1
1756317801.420194: 347396-7ffb3eb53540: cdpl_server.c:3195: in cdpl_sv_start(): debug: starting server
1756317801.420198: 347396-7ffb3eb53540: cdpl_ipc.c:3632: in cdpl_ipc_start(): debug: starting IPC server 152.14.98.53:32897
1756317801.420329: 347396-7ffafa959700: cdpl_server_ipc.c:1182: in _sv_ipc_thread(): debug: ready
1756317801.420479: 347396-7ffafa158700: cdpl_monitor.c:426: in cdpl_mn_init_client(): info: creating client monitor instance
1756317801.420497: 347396-7ffafa158700: cdpl_ipc.c:3475: in cdpl_ipc_init(): info: requesting IPv4 protocol
1756317801.424739: 347396-7ffafa158700: cdpl_ipc.c:837: in _selectaddrfamily(): info: selected IPv4 protocol
1756317801.424763: 347396-7ffafa158700: cdpl_ipc.c:1139: in _set_keepalive(): info: TCP keep alive interval: 300
1756317801.427513: 347396-7ffafa158700: cdpl_ipc.c:3632: in cdpl_ipc_start(): debug: starting IPC server 152.14.98.53:33247
1756317801.427657: 347396-7ffafa158700: cdpl_monitor.c:471: in cdpl_mn_init_client(): debug: incoming messages in /tmp/cdpl-monitor-6tcULE
1756317801.427734: 347396-7ffafa158700: cdpl_monitor.c:533: in cdpl_mn_connect(): debug: connecting to 152.14.98.53:32897
1756317801.427742: 347396-7ffafa158700: cdpl_ipc.c:3789: in cdpl_ipc_connect(): info: connecting to 152.14.98.53:32897
1756317801.427796: 347396-7ffafa158700: cdpl_ipc.c:3860: in cdpl_ipc_connect(): info: connected as `152.14.98.53:44506'
1756317801.427812: 347396-7ffafa158700: cdpl_ipc.c:2503: in cdpl_ipc_host_accept(): debug: accepted host `152.14.98.53:32897'
1756317801.427836: 347396-7ffafb15a700: cdpl_ipc.c:1862: in _epoll_accept(): debug: new connection from `152.14.98.53:44506'
1756317801.427849: 347396-7ffafa158700: cdpl_monitor.c:579: in cdpl_mn_connect(): debug: ok
1756317801.427871: 347396-7ffb3eb53540: cdpl_server.c:731: in cdpl_sv_new_job(): info: new job J1 in M1
1756317801.427892: 347396-7ffb3eb53540: cdpl_compat_master.c:1581: in _add_worker(): info: new worker type 10, min:1, max:3, cmd:`/home/argershm/180-voltmeter/Analog/cc/synopsys_custom/pwdp_jobs/saeSession0_diffmodegain.SimulationSimulation_cdpl.0.347396/START_WORKER pw_worker -i /home/argershm/180-voltmeter/Analog/cc/synopsys_custom/pwdp_jobs/
1756317801.427898: 347396-7ffafa959700: cdpl_server_ipc.c:1225: in _sv_ipc_thread(): debug: received ACCEPT notification
1756317801.427904: 347396-7ffb3eb53540: cdpl_server.c:908: in cdpl_sv_new_bin_withfarm(): info: new bin B1 in J1
1756317801.427910: 347396-7ffafa959700: cdpl_ipc.c:2503: in cdpl_ipc_host_accept(): debug: accepted host `152.14.98.53:44506'
1756317801.427923: 347396-7ffafa959700: cdpl_server_ipc.c:1256: in _sv_ipc_thread(): debug: received MONITOR message
1756317801.428092: 347396-7ffafa959700: cdpl_monitor.c:1207: in cdpl_mn_accept(): debug: accepted monitor `152.14.98.53:44506'
1756317801.428102: 347396-7ffafa959700: cdpl_server_ipc_mon.c:120: in _globalLOCK(): debug: ENTERTING GLOBAL LOCK
1756317801.428106: 347396-7ffafa959700: cdpl_server_ipc_mon.c:164: in _globalLOCK(): debug: global lock acquired
1756317801.428107: 347396-7ffaebfff700: cdpl_monitor.c:910: in mn_systat(): debug: started
1756317801.428395: 347396-7ffaebfff700: cdpl_monitor.c:937: in mn_systat(): debug: monitor server flush rate: 5
1756317802.215851: 347396-7ffafa959700: cdpl_server_ipc_mon.c:210: in _globalUNLOCK(): debug: LEAVING GLOBAL LOCK
1756317802.215873: 347396-7ffb3eb53540: cdpl_server.c:3249: in cdpl_sv_start_job(): info: starting job J1
1756317802.215897: 347396-7ffb3eb53540: cdpl_server.c:62: in _sv_start_bin(): debug: starting bin B1 (min: 0, max: 3)
1756317802.216027: 347396-7ffaea7fc700: cdpl_server_sched.c:2482: in _sv_scheduler_thread(): debug: scheduler for bin B1 started
1756317802.216054: 347396-7ffb3eb53540: cdpl_server.c:1893: in _sv_gen_task(): info: new task T0 in B1 (prio 0)
1756317802.216091: 347396-7ffb3eb53540: cdpl_server.c:2698: in cdpl_sv_label_task_va(): info: setting task T0 label to "PrimeSim_1|PrimeSim"
1756317802.216140: 347396-7ffaea7fc700: cdpl_server_sched.c:2443: in _scheduler_run(): debug: will start a new worker
1756317802.216177: 347396-7ffaea7fc700: cdpl_farm.c:3977: in cdpl_farm_submit(): debug: 1 running processes
1756317802.216180: 347396-7ffaea7fc700: cdpl_farm.c:3985: in cdpl_farm_submit(): debug: new command C1 in bin B1 assigned to host `localhost'
1756317802.216247: 347396-7ffaea7fc700: cdpl_server_sched.c:705: in _sv_launch_worker(): info: started worker W1 (as C1) in bin B1
1756317802.216272: 347396-7ffae9ffb700: cdpl_farm.c:2139: in _schedule(): debug: started
1756317802.216280: 347396-7ffae9ffb700: cdpl_farm.c:2303: in _schedule(): debug: submitting command C1 in bin B1
1756317802.216298: 347396-7ffae9ffb700: cdpl_sh.c:49: in _sh_detached_submit(): info: SH : /home/argershm/180-voltmeter/Analog/cc/synopsys_custom/pwdp_jobs/saeSession0_diffmodegain.SimulationSimulation_cdpl.0.347396/START_WORKER pw_worker -i /home/argershm/180-voltmeter/Analog/cc/synopsys_custom/pwdp_jobs/saeSession0_diffmodegain.SimulationSimulation_cdpl.0.347396 -t 10000
1756317802.223065: 347396-7ffae9ffb700: cdpl_farm.c:2343: in _schedule(): debug: C1 in bin B1 running on slot 0
1756317802.223090: 347396-7ffae9ffb700: cdpl_farm.c:2167: in _schedule(): debug: idle
1756317802.284131: 347396-7ffb3eb53540: cdpl_compat_master.c:5948: in cdplMasterLogInfo(): info: [non-CDPL log entry] PWDP3: reset pilot cache succeeded, pilot_key=saeSession0,1,diff_mode_gain|&/home/argershm/180-voltmeter/Analog/cc/simulation/integrator,tb_main_opamp,schematic/history_1/simulation/diff_mode_gain/PrimeSimSPICE/nominal/results
1756317802.523167: 347396-7ffae9ffb700: cdpl_farm.c:1193: in _onexit(): debug: C1 in bin B1 exited normally on slot 0
1756317803.333957: 347396-7ffaeb7fe700: cdpl_compat_master.c:5948: in cdplMasterLogInfo(): info: [non-CDPL log entry] PWDP - no-workers started ok check start!
1756317803.979621: 347396-7ffafb15a700: cdpl_ipc.c:1862: in _epoll_accept(): debug: new connection from `152.14.98.53:44520'
1756317803.979670: 347396-7ffafa959700: cdpl_server_ipc.c:1225: in _sv_ipc_thread(): debug: received ACCEPT notification
1756317803.979686: 347396-7ffafa959700: cdpl_ipc.c:2503: in cdpl_ipc_host_accept(): debug: accepted host `152.14.98.53:44520'
1756317803.979723: 347396-7ffafa959700: cdpl_server_ipc.c:1246: in _sv_ipc_thread(): debug: received HELLO message
1756317803.979725: 347396-7ffafa959700: cdpl_server_ipc.c:430: in _sv_on_hello(): debug: looking up W1
1756317803.979728: 347396-7ffafa959700: cdpl_server_ipc.c:540: in _sv_on_hello(): info: W1 is `152.14.98.53:44520'
1756317803.979730: 347396-7ffafa959700: cdpl_server_ipc.c:541: in _sv_on_hello(): debug: hello W1 (B1)
1756317803.979731: 347396-7ffafa959700: cdpl_server_ipc.c:542: in _sv_on_hello(): info: W1 log file is /dev/null
1756317803.979771: 347396-7ffafa959700: cdpl_server_ipc.c:602: in _sv_on_hello(): info: up to 1 alive workers in B1
1756317803.979778: 347396-7ffafa959700: cdpl_farm.c:878: in _release_cmd(): debug: freeing command C1 in bin B1
1756317803.979822: 347396-7ffaea7fc700: cdpl_server_sched.c:960: in _assign(): info: assigning task T0 to worker W1
1756317804.043109: 347396-7ffafa959700: cdpl_server_ipc.c:1268: in _sv_ipc_thread(): debug: received RELAY message
1756317804.043123: 347396-7ffafa959700: cdpl_server_ipc.c:713: in _sv_on_relay(): debug: RELAY message from W1, size = 63
1756317804.043126: 347396-7ffafa959700: cdpl_server_ipc.c:715: in _sv_on_relay(): debug: RELAY message from W1, content = 0$348980 claws-compute3.ece.ncsu.edu 348996 RUNNING 1756317803
1756317804.979930: 347396-7ffafa959700: cdpl_server_ipc.c:312: in _sv_on_heartbeat(): debug: received HEARTBEAT from worker W1 at 152.14.98.53:44520
1756317806.429101: 347396-7ffafa158700: cdpl_monitor.c:533: in cdpl_mn_connect(): debug: connecting to 152.14.98.53:41545
1756317806.429118: 347396-7ffafa158700: cdpl_ipc.c:3789: in cdpl_ipc_connect(): info: connecting to 152.14.98.53:41545
1756317806.429203: 347396-7ffafa158700: cdpl_ipc.c:3860: in cdpl_ipc_connect(): info: connected as `152.14.98.53:47952'
1756317806.429209: 347396-7ffafa158700: cdpl_ipc.c:2503: in cdpl_ipc_host_accept(): debug: accepted host `152.14.98.53:41545'
1756317806.429213: 347396-7ffafa158700: cdpl_monitor.c:579: in cdpl_mn_connect(): debug: ok
1756317810.097846: 347396-7ffafa959700: cdpl_server_ipc.c:1268: in _sv_ipc_thread(): debug: received RELAY message
1756317810.097862: 347396-7ffafa959700: cdpl_server_ipc.c:713: in _sv_on_relay(): debug: RELAY message from W1, size = 51
1756317810.097864: 347396-7ffafa959700: cdpl_server_ipc.c:715: in _sv_on_relay(): debug: RELAY message from W1, content = WORKERDU|992,/dev/mapper/rhel_claws--compute3-home
1756317810.097870: 347396-7ffafa959700: cdpl_server_ipc.c:1268: in _sv_ipc_thread(): debug: received RELAY message
1756317810.097872: 347396-7ffafa959700: cdpl_server_ipc.c:713: in _sv_on_relay(): debug: RELAY message from W1, size = 193
1756317810.097873: 347396-7ffafa959700: cdpl_server_ipc.c:715: in _sv_on_relay(): debug: RELAY message from W1, content = REQPILOT|saeSession0,1,diff_mode_gain|&/home/argershm/180-voltmeter/Analog/cc/simulation/integrator,tb_main_opamp,schematic/history_1/simulation/diff_mode_gain/PrimeSimSPICE/nominal/results|&0
1756317810.097939: 347396-7ffaf8955700: cdpl_compat_master.c:5948: in cdplMasterLogInfo(): info: [non-CDPL log entry] PWDP send back 'DOPILOT' to worker id:1 key: saeSession0,1,diff_mode_gain|&/home/argershm/180-voltmeter/Analog/cc/simulation/integrator,tb_main_opamp,schematic/history_1/simulation/diff_mode_gain/PrimeSimSPICE/nominal/results
1756317810.098133: 347396-7ffaf8955700: cdpl_compat_master.c:5948: in cdplMasterLogInfo(): info: [non-CDPL log entry] PWDP: set pilot doing!
1756317810.101317: 347396-7ffafa959700: cdpl_server_ipc.c:1268: in _sv_ipc_thread(): debug: received RELAY message
1756317810.101324: 347396-7ffafa959700: cdpl_server_ipc.c:713: in _sv_on_relay(): debug: RELAY message from W1, size = 189
1756317810.101327: 347396-7ffafa959700: cdpl_server_ipc.c:715: in _sv_on_relay(): debug: RELAY message from W1, content = PILOTOK|saeSession0,1,diff_mode_gain|&/home/argershm/180-voltmeter/Analog/cc/simulation/integrator,tb_main_opamp,schematic/history_1/simulation/diff_mode_gain/PrimeSimSPICE/nominal/results
1756317810.101344: 347396-7ffaf8955700: cdpl_compat_master.c:5948: in cdplMasterLogInfo(): info: [non-CDPL log entry] PWDP: set pilot done!
1756317810.101417: 347396-7ffafa959700: cdpl_server_ipc.c:1268: in _sv_ipc_thread(): debug: received RELAY message
1756317810.101422: 347396-7ffafa959700: cdpl_server_ipc.c:713: in _sv_on_relay(): debug: RELAY message from W1, size = 18
1756317810.101425: 347396-7ffafa959700: cdpl_server_ipc.c:715: in _sv_on_relay(): debug: RELAY message from W1, content = 0$- - - MEASDOING
1756317810.392615: 347396-7ffafa959700: cdpl_server_ipc.c:1268: in _sv_ipc_thread(): debug: received RELAY message
1756317810.392627: 347396-7ffafa959700: cdpl_server_ipc.c:713: in _sv_on_relay(): debug: RELAY message from W1, size = 75
1756317810.392629: 347396-7ffafa959700: cdpl_server_ipc.c:715: in _sv_on_relay(): debug: RELAY message from W1, content = 0$348980 claws-compute3.ece.ncsu.edu 348996 FINISHED 1756317803|1756317810
1756317810.394029: 347396-7ffafa959700: cdpl_server_ipc.c:1268: in _sv_ipc_thread(): debug: received RELAY message
1756317810.394037: 347396-7ffafa959700: cdpl_server_ipc.c:713: in _sv_on_relay(): debug: RELAY message from W1, size = 191
1756317810.394039: 347396-7ffafa959700: cdpl_server_ipc.c:715: in _sv_on_relay(): debug: RELAY message from W1, content = PILOTDONE|saeSession0,1,diff_mode_gain|&/home/argershm/180-voltmeter/Analog/cc/simulation/integrator,tb_main_opamp,schematic/history_1/simulation/diff_mode_gain/PrimeSimSPICE/nominal/results
1756317810.394059: 347396-7ffaf8955700: cdpl_compat_master.c:5948: in cdplMasterLogInfo(): info: [non-CDPL log entry] saeSession0,1,diff_mode_gain|&/home/argershm/180-voltmeter/Analog/cc/simulation/integrator,tb_main_opamp,schematic/history_1/simulation/diff_mode_gain/PrimeSimSPICE/nominal/results PILOTDONE!
1756317810.394278: 347396-7ffafa959700: cdpl_server_ipc.c:1251: in _sv_ipc_thread(): debug: received FINISH message
1756317810.394284: 347396-7ffafa959700: cdpl_server_ipc.c:983: in _sv_on_finish(): info: worker W1 completed task T0
1756317810.394287: 347396-7ffafa959700: cdpl_server_ipc.c:988: in _sv_on_finish(): debug: stat T0: utime=3496 stime=1887
1756317810.394289: 347396-7ffafa959700: cdpl_server_ipc.c:993: in _sv_on_finish(): debug: statm T0: vsize=3054644 rss=1033984 shared=518696 text=474784 data=709676
1756317810.398784: 347396-7ffafa959700: cdpl_server_ipc.c:1268: in _sv_ipc_thread(): debug: received RELAY message
1756317810.398791: 347396-7ffafa959700: cdpl_server_ipc.c:713: in _sv_on_relay(): debug: RELAY message from W1, size = 50
1756317810.398793: 347396-7ffafa959700: cdpl_server_ipc.c:715: in _sv_on_relay(): debug: RELAY message from W1, content = WORKERDU|20,/dev/mapper/rhel_claws--compute3-home
1756317810.471510: 347396-7ffb3eb53540: cdpl_server.c:227: in _sv_free_task_safe(): debug: freeing task T0
1756317810.934938: 347396-7ffb3eb53540: cdpl_server.c:3008: in cdpl_sv_halt_job_errno(): info: killing job J1
1756317810.934981: 347396-7ffb3eb53540: cdpl_server.c:3044: in cdpl_sv_halt_job_errno(): debug: signal bin B1 scheduler to stop
1756317810.935000: 347396-7ffaea7fc700: cdpl_server_sched.c:2484: in _sv_scheduler_thread(): debug: scheduler for bin B1 stopped
1756317810.935039: 347396-7ffaea7fc700: cdpl_ipc.c:1657: in _host_drop__UNSAFE(): debug: dropping host `152.14.98.53:44520'
1756317810.935083: 347396-7ffaea7fc700: cdpl_server_sched.c:2830: in _sv_drop_worker(): info: down to 0 alive workers in B1
1756317810.935092: 347396-7ffaea7fc700: cdpl_farm.c:4152: in cdpl_farm_dismiss(): debug: down to 0 running processes
1756317810.935095: 347396-7ffafa959700: cdpl_server_ipc.c:1236: in _sv_ipc_thread(): debug: received DROP notification
1756317810.935116: 347396-7ffaea7fc700: cdpl_server_sched.c:121: in _free_worker_2(): debug: freeing worker W1
1756317810.935129: 347396-7ffaea7fc700: cdpl_ipc.c:2513: in cdpl_ipc_host_release(): debug: releasing host `152.14.98.53:44520'
1756317810.935131: 347396-7ffaea7fc700: cdpl_ipc.c:2529: in cdpl_ipc_host_release(): debug: scheduling for immediate release
1756317810.935150: 347396-7ffb3eb53540: cdpl_server.c:294: in _sv_free_job(): info: freeing job J1
1756317810.935156: 347396-7ffb3eb53540: cdpl_server.c:92: in _sv_free_bin(): debug: freeing bin B1
1756317810.935205: 347396-7ffb3eb53540: cdpl_monitor.c:515: in cdpl_mn_kill(): info: killing monitor
1756317810.935212: 347396-7ffb3eb53540: cdpl_ipc.c:3677: in cdpl_ipc_kill(): debug: stopping event server
1756317810.935241: 347396-7ffaf9957700: cdpl_ipc.c:2460: in _epoll_main(): debug: server going down...
1756317810.935313: 347396-7ffafb15a700: cdpl_ipc.c:775: in _readv(): warning: read(): EOF
1756317810.935333: 347396-7ffafb15a700: cdpl_ipc.c:2100: in _epoll_recv(): debug: _readv(): Broken pipe
1756317810.935336: 347396-7ffafb15a700: cdpl_ipc.c:2424: in _epoll_main(): debug: _epoll_recv(): Broken pipe
1756317810.935339: 347396-7ffafb15a700: cdpl_ipc.c:1657: in _host_drop__UNSAFE(): debug: dropping host `152.14.98.53:44506'
1756317810.935363: 347396-7ffafb15a700: cdpl_ipc.c:1582: in _host_free__UNSAFE(): debug: freeing host `152.14.98.53:44520'
1756317810.935365: 347396-7ffafb15a700: cdpl_ipc.c:1621: in _host_free__UNSAFE(): debug: [0 outq, 0 spR, 0 spW]
1756317810.935472: 347396-7ffafa959700: cdpl_server_ipc.c:1236: in _sv_ipc_thread(): debug: received DROP notification
1756317810.935487: 347396-7ffafa959700: cdpl_monitor.c:1269: in cdpl_mn_drop(): debug: detaching from monitor `152.14.98.53:44506'
1756317810.935493: 347396-7ffafa959700: cdpl_monitor.c:1101: in mn_systat_stop(): debug: joining systat thread
1756317810.935503: 347396-7ffafa158700: cdpl_ipc.c:3728: in cdpl_ipc_free(): debug: releasing IPC handle
1756317810.935519: 347396-7ffafa158700: cdpl_ipc.c:1582: in _host_free__UNSAFE(): debug: freeing host `152.14.98.53:41545'
1756317810.935521: 347396-7ffafa158700: cdpl_ipc.c:1621: in _host_free__UNSAFE(): debug: [0 outq, 0 spR, 0 spW]
1756317810.935533: 347396-7ffaebfff700: cdpl_monitor.c:1079: in mn_systat(): debug: exiting
1756317810.935542: 347396-7ffafa158700: cdpl_ipc.c:1582: in _host_free__UNSAFE(): debug: freeing host `152.14.98.53:32897'
1756317810.935544: 347396-7ffafa158700: cdpl_ipc.c:1621: in _host_free__UNSAFE(): debug: [0 outq, 0 spR, 0 spW]
1756317810.935551: 347396-7ffafa959700: cdpl_monitor.c:1103: in mn_systat_stop(): debug: systat thread done
1756317810.935554: 347396-7ffafa158700: cdpl_ipc.c:3756: in cdpl_ipc_free(): warning: 2 host(s) were not released
1756317810.935561: 347396-7ffafa959700: cdpl_ipc.c:2513: in cdpl_ipc_host_release(): debug: releasing host `152.14.98.53:44506'
1756317810.935573: 347396-7ffafa158700: cdpl_ipc.c:3767: in cdpl_ipc_free(): debug: done
1756317810.935576: 347396-7ffafa158700: cdpl_monitor.c:1390: in cdpl_mn_free(): debug: freeing monitor client
1756317810.935685: 347396-7ffb3eb53540: cdpl_farm.c:2740: in cdpl_farm_free(): info: freeing farm
1756317810.935706: 347396-7ffae9ffb700: cdpl_farm.c:2231: in _schedule(): debug: end of idling
1756317810.935711: 347396-7ffae9ffb700: cdpl_farm.c:2235: in _schedule(): debug: dying
1756317810.935756: 347396-7ffb3eb53540: cdpl_farm.c:913: in _killall(): debug: killing all remaining commands
1756317810.935766: 347396-7ffb3eb53540: cdpl_server.c:3144: in cdpl_sv_free(): info: freeing server S2074799634
1756317810.935780: 347396-7ffb3eb53540: cdpl_server.c:3109: in cdpl_sv_kill_errno(): info: killing server
1756317810.935782: 347396-7ffb3eb53540: cdpl_ipc.c:3677: in cdpl_ipc_kill(): debug: stopping event server
1756317810.935793: 347396-7ffafa959700: cdpl_server_ipc.c:1200: in _sv_ipc_thread(): debug: leaving now
1756317810.935799: 347396-7ffb3eb53540: cdpl_server.c:334: in _sv_free_master(): info: freeing master M1
1756317810.935801: 347396-7ffafb15a700: cdpl_ipc.c:2460: in _epoll_main(): debug: server going down...
1756317810.935812: 347396-7ffb3eb53540: cdpl_hash.c:68: in cdpl_h_destroy(): debug: put operations: 1
1756317810.935816: 347396-7ffb3eb53540: cdpl_hash.c:69: in cdpl_h_destroy(): debug: put collisions: 0
1756317810.935817: 347396-7ffb3eb53540: cdpl_hash.c:70: in cdpl_h_destroy(): debug: get operations: 1
1756317810.935819: 347396-7ffb3eb53540: cdpl_hash.c:71: in cdpl_h_destroy(): debug: get iterations: 1
1756317810.935825: 347396-7ffb3eb53540: cdpl_monitor.c:1390: in cdpl_mn_free(): debug: freeing monitor server
1756317810.935827: 347396-7ffb3eb53540: cdpl_ipc.c:3728: in cdpl_ipc_free(): debug: releasing IPC handle
1756317810.935830: 347396-7ffb3eb53540: cdpl_ipc.c:1582: in _host_free__UNSAFE(): debug: freeing host `152.14.98.53:44506'
1756317810.935832: 347396-7ffb3eb53540: cdpl_ipc.c:1621: in _host_free__UNSAFE(): debug: [0 outq, 0 spR, 0 spW]
1756317810.935848: 347396-7ffb3eb53540: cdpl_ipc.c:3767: in cdpl_ipc_free(): debug: done
1756317810.935852: 347396-7ffb3eb53540: cdpl_log.c:481: in cdpl_log_close(): info: @@end_of_log@@
