1757190165.513715: 2361411-7f47a13ba540: cdpl_log.c:337: in cdpl_log_open(): info: @@start_of_log@@
1757190165.513724: 2361411-7f47a13ba540: cdpl_log.c:1058: in cdpl_log_dump_sysinfo(): info: time: 2025/09/06 16:22:45 EDT -0400
1757190165.513726: 2361411-7f47a13ba540: cdpl_log.c:1060: in cdpl_log_dump_sysinfo(): info: version: W-2024.09-SP1-2 
1757190165.513728: 2361411-7f47a13ba540: cdpl_log.c:1062: in cdpl_log_dump_sysinfo(): info: system: Linux 4.18.0-553.69.1.el8_10.x86_64 #1 SMP Thu Aug 7 18:10:00 EDT 2025
1757190165.513729: 2361411-7f47a13ba540: cdpl_log.c:1067: in cdpl_log_dump_sysinfo(): info: processor: x86_64 64-bits
1757190165.513730: 2361411-7f47a13ba540: cdpl_log.c:1071: in cdpl_log_dump_sysinfo(): info: hostname: claws-compute3.ece.ncsu.edu
1757190165.513732: 2361411-7f47a13ba540: cdpl_log.c:1073: in cdpl_log_dump_sysinfo(): info: program name: custom_shell
1757190165.513735: 2361411-7f47a13ba540: cdpl_log.c:340: in cdpl_log_open(): debug: path: /home/argershm/180-voltmeter/Analog/cc/synopsys_custom/pwdp_jobs/saeSession4_diffmodegain.SimulationSimulation_cdpl.4.2361411/logs/master.claws-compute3.ece.ncsu.edu.2361411.log
1757190165.513736: 2361411-7f47a13ba540: cdpl_log.c:341: in cdpl_log_open(): debug: dir: /home/argershm/180-voltmeter/Analog/cc/synopsys_custom/pwdp_jobs/saeSession4_diffmodegain.SimulationSimulation_cdpl.4.2361411/logs
1757190165.513741: 2361411-7f47a13ba540: cdpl_server.c:536: in cdpl_sv_init(): info: new server S335870862
1757190165.513744: 2361411-7f47a13ba540: cdpl_ipc.c:3475: in cdpl_ipc_init(): info: requesting IPv4 protocol
1757190165.517678: 2361411-7f47a13ba540: cdpl_ipc.c:837: in _selectaddrfamily(): info: selected IPv4 protocol
1757190165.517694: 2361411-7f47a13ba540: cdpl_ipc.c:1139: in _set_keepalive(): info: TCP keep alive interval: 300
1757190165.520342: 2361411-7f47a13ba540: cdpl_monitor.c:1117: in cdpl_mn_new_server(): info: creating server monitor instance
1757190165.520347: 2361411-7f47a13ba540: cdpl_server.c:650: in cdpl_sv_new_master(): info: new master M1
1757190165.520351: 2361411-7f47a13ba540: cdpl_server.c:6533: in cdpl_sv_ctl_master(): info: Setting worker heartbeat to 120 seconds
1757190165.520353: 2361411-7f47a13ba540: cdpl_server.c:6542: in cdpl_sv_ctl_master(): info: Setting worker heartbeat timeout to 3 heartbeats
1757190165.520355: 2361411-7f47a13ba540: cdpl_compat_master.c:2090: in _parse_hostfile(): info: reading hostfile `/home/argershm/180-voltmeter/Analog/cc/synopsys_custom/pwdp_jobs/saeSession4_diffmodegain.SimulationSimulation_cdpl.4.2361411/host_file'
1757190165.520364: 2361411-7f47a13ba540: cdpl_compat_master.c:1900: in _hostfile_parser(): debug: parsing "1     |localhost|   -1  | /tmp | SH | sh"
1757190165.520368: 2361411-7f47a13ba540: cdpl_farm.c:2578: in cdpl_farm_new_sh(): info: creating SH farm on localhost
1757190165.520371: 2361411-7f47a13ba540: cdpl_compat_master.c:206: in _set_farm_env(): info: exporting CDPL_LOGDIR as `/home/argershm/180-voltmeter/Analog/cc/synopsys_custom/pwdp_jobs/saeSession4_diffmodegain.SimulationSimulation_cdpl.4.2361411/logs'
1757190165.520372: 2361411-7f47a13ba540: cdpl_compat_master.c:212: in _set_farm_env(): info: exporting CDPL_TMPDIR as `/tmp'
1757190165.520374: 2361411-7f47a13ba540: cdpl_compat_master.c:235: in _set_farm_env(): info: exporting SNPSLMD_LICENSE_FILE as `27000@ece-lic-35.ece.ncsu.edu'
1757190165.520376: 2361411-7f47a13ba540: cdpl_compat_master.c:259: in _set_farm_env(): info: exporting CDPL_OPTIONS as `[nowlogs]'
1757190165.520377: 2361411-7f47a13ba540: cdpl_compat_master.c:266: in _set_farm_env(): info: exporting DISPLAY as `unix:19310'
1757190165.520379: 2361411-7f47a13ba540: cdpl_compat_master.c:274: in _set_farm_env(): info: exporting CDPL_HEARTBEAT as `120'
1757190165.520382: 2361411-7f47a13ba540: cdpl_farm.c:3149: in cdpl_farm_add_withdir(): debug: added `localhost' (capacity: unlimited)
1757190165.520384: 2361411-7f47a13ba540: cdpl_compat_parse.c:147: in parsefile(): debug: read `/home/argershm/180-voltmeter/Analog/cc/synopsys_custom/pwdp_jobs/saeSession4_diffmodegain.SimulationSimulation_cdpl.4.2361411/host_file', 2 lines
1757190165.520389: 2361411-7f47a13ba540: cdpl_compat_master.c:2931: in cdplInitMaster(): info: bcast dir is `/home/argershm/180-voltmeter/Analog/cc/synopsys_custom/pwdp_jobs/saeSession4_diffmodegain.SimulationSimulation_cdpl.4.2361411/logs'
1757190165.520417: 2361411-7f47a13ba540: cdpl_server.c:6433: in cdpl_sv_ctl_master(): info: farm worker timeout set to 300
1757190165.520419: 2361411-7f47a13ba540: cdpl_server.c:6486: in cdpl_sv_ctl_master(): info: maximum number of task execution attempts set to 1
1757190165.520422: 2361411-7f47a13ba540: cdpl_server.c:3195: in cdpl_sv_start(): debug: starting server
1757190165.520424: 2361411-7f47a13ba540: cdpl_ipc.c:3632: in cdpl_ipc_start(): debug: starting IPC server 152.14.98.53:34219
1757190165.520520: 2361411-7f4769228700: cdpl_server_ipc.c:1182: in _sv_ipc_thread(): debug: ready
1757190165.520660: 2361411-7f4747fff700: cdpl_monitor.c:426: in cdpl_mn_init_client(): info: creating client monitor instance
1757190165.520673: 2361411-7f4747fff700: cdpl_ipc.c:3475: in cdpl_ipc_init(): info: requesting IPv4 protocol
1757190165.526190: 2361411-7f4747fff700: cdpl_ipc.c:837: in _selectaddrfamily(): info: selected IPv4 protocol
1757190165.526210: 2361411-7f4747fff700: cdpl_ipc.c:1139: in _set_keepalive(): info: TCP keep alive interval: 300
1757190165.528837: 2361411-7f4747fff700: cdpl_ipc.c:3632: in cdpl_ipc_start(): debug: starting IPC server 152.14.98.53:38931
1757190165.528950: 2361411-7f4747fff700: cdpl_monitor.c:471: in cdpl_mn_init_client(): debug: incoming messages in /tmp/cdpl-monitor-7mmgOf
1757190165.529063: 2361411-7f4747fff700: cdpl_monitor.c:533: in cdpl_mn_connect(): debug: connecting to 152.14.98.53:34219
1757190165.529066: 2361411-7f4747fff700: cdpl_ipc.c:3789: in cdpl_ipc_connect(): info: connecting to 152.14.98.53:34219
1757190165.529165: 2361411-7f4747fff700: cdpl_ipc.c:3860: in cdpl_ipc_connect(): info: connected as `152.14.98.53:39104'
1757190165.529169: 2361411-7f4747fff700: cdpl_ipc.c:2503: in cdpl_ipc_host_accept(): debug: accepted host `152.14.98.53:34219'
1757190165.529174: 2361411-7f4747fff700: cdpl_monitor.c:579: in cdpl_mn_connect(): debug: ok
1757190165.529182: 2361411-7f47a13ba540: cdpl_server.c:731: in cdpl_sv_new_job(): info: new job J1 in M1
1757190165.529191: 2361411-7f47a13ba540: cdpl_compat_master.c:1581: in _add_worker(): info: new worker type 10, min:1, max:3, cmd:`/home/argershm/180-voltmeter/Analog/cc/synopsys_custom/pwdp_jobs/saeSession4_diffmodegain.SimulationSimulation_cdpl.4.2361411/START_WORKER pw_worker -i /home/argershm/180-voltmeter/Analog/cc/synopsys_custom/pwdp_jobs
1757190165.529194: 2361411-7f47a13ba540: cdpl_server.c:908: in cdpl_sv_new_bin_withfarm(): info: new bin B1 in J1
1757190165.529199: 2361411-7f4769a29700: cdpl_ipc.c:1862: in _epoll_accept(): debug: new connection from `152.14.98.53:39104'
1757190165.529234: 2361411-7f4769228700: cdpl_server_ipc.c:1225: in _sv_ipc_thread(): debug: received ACCEPT notification
1757190165.529245: 2361411-7f4769228700: cdpl_ipc.c:2503: in cdpl_ipc_host_accept(): debug: accepted host `152.14.98.53:39104'
1757190165.529256: 2361411-7f4769228700: cdpl_server_ipc.c:1256: in _sv_ipc_thread(): debug: received MONITOR message
1757190165.529424: 2361411-7f4769228700: cdpl_monitor.c:1207: in cdpl_mn_accept(): debug: accepted monitor `152.14.98.53:39104'
1757190165.529431: 2361411-7f4769228700: cdpl_server_ipc_mon.c:120: in _globalLOCK(): debug: ENTERTING GLOBAL LOCK
1757190165.529434: 2361411-7f4769228700: cdpl_server_ipc_mon.c:164: in _globalLOCK(): debug: global lock acquired
1757190165.529444: 2361411-7f4756ffd700: cdpl_monitor.c:910: in mn_systat(): debug: started
1757190165.529673: 2361411-7f4756ffd700: cdpl_monitor.c:937: in mn_systat(): debug: monitor server flush rate: 5
1757190166.327577: 2361411-7f4769228700: cdpl_server_ipc_mon.c:210: in _globalUNLOCK(): debug: LEAVING GLOBAL LOCK
1757190166.327608: 2361411-7f47a13ba540: cdpl_server.c:3249: in cdpl_sv_start_job(): info: starting job J1
1757190166.327629: 2361411-7f47a13ba540: cdpl_server.c:62: in _sv_start_bin(): debug: starting bin B1 (min: 0, max: 3)
1757190166.327756: 2361411-7f47557fa700: cdpl_server_sched.c:2482: in _sv_scheduler_thread(): debug: scheduler for bin B1 started
1757190166.327765: 2361411-7f47a13ba540: cdpl_server.c:1893: in _sv_gen_task(): info: new task T0 in B1 (prio 0)
1757190166.327775: 2361411-7f47a13ba540: cdpl_server.c:2698: in cdpl_sv_label_task_va(): info: setting task T0 label to "PrimeSim_5|PrimeSim"
1757190166.327784: 2361411-7f47557fa700: cdpl_server_sched.c:2443: in _scheduler_run(): debug: will start a new worker
1757190166.327792: 2361411-7f47557fa700: cdpl_farm.c:3977: in cdpl_farm_submit(): debug: 1 running processes
1757190166.327795: 2361411-7f47557fa700: cdpl_farm.c:3985: in cdpl_farm_submit(): debug: new command C1 in bin B1 assigned to host `localhost'
1757190166.327866: 2361411-7f47557fa700: cdpl_server_sched.c:705: in _sv_launch_worker(): info: started worker W1 (as C1) in bin B1
1757190166.327898: 2361411-7f4754ff9700: cdpl_farm.c:2139: in _schedule(): debug: started
1757190166.327910: 2361411-7f4754ff9700: cdpl_farm.c:2303: in _schedule(): debug: submitting command C1 in bin B1
1757190166.327915: 2361411-7f4754ff9700: cdpl_sh.c:49: in _sh_detached_submit(): info: SH : /home/argershm/180-voltmeter/Analog/cc/synopsys_custom/pwdp_jobs/saeSession4_diffmodegain.SimulationSimulation_cdpl.4.2361411/START_WORKER pw_worker -i /home/argershm/180-voltmeter/Analog/cc/synopsys_custom/pwdp_jobs/saeSession4_diffmodegain.SimulationSimulation_cdpl.4.2361411 -t 10000
1757190166.335054: 2361411-7f4754ff9700: cdpl_farm.c:2343: in _schedule(): debug: C1 in bin B1 running on slot 0
1757190166.335084: 2361411-7f4754ff9700: cdpl_farm.c:2167: in _schedule(): debug: idle
1757190166.400648: 2361411-7f47a13ba540: cdpl_compat_master.c:5948: in cdplMasterLogInfo(): info: [non-CDPL log entry] PWDP3: reset pilot cache succeeded, pilot_key=saeSession4,1,diff_mode_gain|&/home/argershm/180-voltmeter/Analog/cc/simulation/integrator,tb_main_opamp,schematic/history_1/simulation/diff_mode_gain/PrimeSimSPICE/nominal/results
1757190166.635148: 2361411-7f4754ff9700: cdpl_farm.c:1193: in _onexit(): debug: C1 in bin B1 exited normally on slot 0
1757190167.439786: 2361411-7f47567fc700: cdpl_compat_master.c:5948: in cdplMasterLogInfo(): info: [non-CDPL log entry] PWDP - no-workers started ok check start!
1757190168.136961: 2361411-7f4769a29700: cdpl_ipc.c:1862: in _epoll_accept(): debug: new connection from `152.14.98.53:40100'
1757190168.137006: 2361411-7f4769228700: cdpl_server_ipc.c:1225: in _sv_ipc_thread(): debug: received ACCEPT notification
1757190168.137024: 2361411-7f4769228700: cdpl_ipc.c:2503: in cdpl_ipc_host_accept(): debug: accepted host `152.14.98.53:40100'
1757190168.137086: 2361411-7f4769228700: cdpl_server_ipc.c:1246: in _sv_ipc_thread(): debug: received HELLO message
1757190168.137088: 2361411-7f4769228700: cdpl_server_ipc.c:430: in _sv_on_hello(): debug: looking up W1
1757190168.137092: 2361411-7f4769228700: cdpl_server_ipc.c:540: in _sv_on_hello(): info: W1 is `152.14.98.53:40100'
1757190168.137093: 2361411-7f4769228700: cdpl_server_ipc.c:541: in _sv_on_hello(): debug: hello W1 (B1)
1757190168.137095: 2361411-7f4769228700: cdpl_server_ipc.c:542: in _sv_on_hello(): info: W1 log file is /dev/null
1757190168.137113: 2361411-7f4769228700: cdpl_server_ipc.c:602: in _sv_on_hello(): info: up to 1 alive workers in B1
1757190168.137118: 2361411-7f4769228700: cdpl_farm.c:878: in _release_cmd(): debug: freeing command C1 in bin B1
1757190168.137138: 2361411-7f47557fa700: cdpl_server_sched.c:960: in _assign(): info: assigning task T0 to worker W1
1757190168.200620: 2361411-7f4769228700: cdpl_server_ipc.c:1268: in _sv_ipc_thread(): debug: received RELAY message
1757190168.200633: 2361411-7f4769228700: cdpl_server_ipc.c:713: in _sv_on_relay(): debug: RELAY message from W1, size = 65
1757190168.200636: 2361411-7f4769228700: cdpl_server_ipc.c:715: in _sv_on_relay(): debug: RELAY message from W1, content = 0$2391683 claws-compute3.ece.ncsu.edu 2391699 RUNNING 1757190168
1757190169.137269: 2361411-7f4769228700: cdpl_server_ipc.c:312: in _sv_on_heartbeat(): debug: received HEARTBEAT from worker W1 at 152.14.98.53:40100
1757190170.530263: 2361411-7f4747fff700: cdpl_monitor.c:533: in cdpl_mn_connect(): debug: connecting to 152.14.98.53:46667
1757190170.530274: 2361411-7f4747fff700: cdpl_ipc.c:3789: in cdpl_ipc_connect(): info: connecting to 152.14.98.53:46667
1757190170.530416: 2361411-7f4747fff700: cdpl_ipc.c:3860: in cdpl_ipc_connect(): info: connected as `152.14.98.53:46720'
1757190170.530423: 2361411-7f4747fff700: cdpl_ipc.c:2503: in cdpl_ipc_host_accept(): debug: accepted host `152.14.98.53:46667'
1757190170.530428: 2361411-7f4747fff700: cdpl_monitor.c:579: in cdpl_mn_connect(): debug: ok
1757190174.621365: 2361411-7f4769228700: cdpl_server_ipc.c:1268: in _sv_ipc_thread(): debug: received RELAY message
1757190174.621381: 2361411-7f4769228700: cdpl_server_ipc.c:713: in _sv_on_relay(): debug: RELAY message from W1, size = 52
1757190174.621383: 2361411-7f4769228700: cdpl_server_ipc.c:715: in _sv_on_relay(): debug: RELAY message from W1, content = WORKERDU|8132,/dev/mapper/rhel_claws--compute3-home
1757190174.621389: 2361411-7f4769228700: cdpl_server_ipc.c:1268: in _sv_ipc_thread(): debug: received RELAY message
1757190174.621391: 2361411-7f4769228700: cdpl_server_ipc.c:713: in _sv_on_relay(): debug: RELAY message from W1, size = 193
1757190174.621392: 2361411-7f4769228700: cdpl_server_ipc.c:715: in _sv_on_relay(): debug: RELAY message from W1, content = REQPILOT|saeSession4,1,diff_mode_gain|&/home/argershm/180-voltmeter/Analog/cc/simulation/integrator,tb_main_opamp,schematic/history_1/simulation/diff_mode_gain/PrimeSimSPICE/nominal/results|&0
1757190174.621424: 2361411-7f4757fff700: cdpl_compat_master.c:5948: in cdplMasterLogInfo(): info: [non-CDPL log entry] PWDP send back 'DOPILOT' to worker id:1 key: saeSession4,1,diff_mode_gain|&/home/argershm/180-voltmeter/Analog/cc/simulation/integrator,tb_main_opamp,schematic/history_1/simulation/diff_mode_gain/PrimeSimSPICE/nominal/results
1757190174.621564: 2361411-7f4757fff700: cdpl_compat_master.c:5948: in cdplMasterLogInfo(): info: [non-CDPL log entry] PWDP: set pilot doing!
1757190174.625345: 2361411-7f4769228700: cdpl_server_ipc.c:1268: in _sv_ipc_thread(): debug: received RELAY message
1757190174.625354: 2361411-7f4769228700: cdpl_server_ipc.c:713: in _sv_on_relay(): debug: RELAY message from W1, size = 189
1757190174.625356: 2361411-7f4769228700: cdpl_server_ipc.c:715: in _sv_on_relay(): debug: RELAY message from W1, content = PILOTOK|saeSession4,1,diff_mode_gain|&/home/argershm/180-voltmeter/Analog/cc/simulation/integrator,tb_main_opamp,schematic/history_1/simulation/diff_mode_gain/PrimeSimSPICE/nominal/results
1757190174.625376: 2361411-7f4757fff700: cdpl_compat_master.c:5948: in cdplMasterLogInfo(): info: [non-CDPL log entry] PWDP: set pilot done!
1757190174.625447: 2361411-7f4769228700: cdpl_server_ipc.c:1268: in _sv_ipc_thread(): debug: received RELAY message
1757190174.625453: 2361411-7f4769228700: cdpl_server_ipc.c:713: in _sv_on_relay(): debug: RELAY message from W1, size = 18
1757190174.625455: 2361411-7f4769228700: cdpl_server_ipc.c:715: in _sv_on_relay(): debug: RELAY message from W1, content = 0$- - - MEASDOING
1757190174.884736: 2361411-7f4769228700: cdpl_server_ipc.c:1268: in _sv_ipc_thread(): debug: received RELAY message
1757190174.884751: 2361411-7f4769228700: cdpl_server_ipc.c:713: in _sv_on_relay(): debug: RELAY message from W1, size = 77
1757190174.884754: 2361411-7f4769228700: cdpl_server_ipc.c:715: in _sv_on_relay(): debug: RELAY message from W1, content = 0$2391683 claws-compute3.ece.ncsu.edu 2391699 FINISHED 1757190168|1757190174
1757190174.886179: 2361411-7f4769228700: cdpl_server_ipc.c:1268: in _sv_ipc_thread(): debug: received RELAY message
1757190174.886188: 2361411-7f4769228700: cdpl_server_ipc.c:713: in _sv_on_relay(): debug: RELAY message from W1, size = 191
1757190174.886190: 2361411-7f4769228700: cdpl_server_ipc.c:715: in _sv_on_relay(): debug: RELAY message from W1, content = PILOTDONE|saeSession4,1,diff_mode_gain|&/home/argershm/180-voltmeter/Analog/cc/simulation/integrator,tb_main_opamp,schematic/history_1/simulation/diff_mode_gain/PrimeSimSPICE/nominal/results
1757190174.886215: 2361411-7f4757fff700: cdpl_compat_master.c:5948: in cdplMasterLogInfo(): info: [non-CDPL log entry] saeSession4,1,diff_mode_gain|&/home/argershm/180-voltmeter/Analog/cc/simulation/integrator,tb_main_opamp,schematic/history_1/simulation/diff_mode_gain/PrimeSimSPICE/nominal/results PILOTDONE!
1757190174.886464: 2361411-7f4769228700: cdpl_server_ipc.c:1251: in _sv_ipc_thread(): debug: received FINISH message
1757190174.886470: 2361411-7f4769228700: cdpl_server_ipc.c:983: in _sv_on_finish(): info: worker W1 completed task T0
1757190174.886472: 2361411-7f4769228700: cdpl_server_ipc.c:988: in _sv_on_finish(): debug: stat T0: utime=3644 stime=1858
1757190174.886474: 2361411-7f4769228700: cdpl_server_ipc.c:993: in _sv_on_finish(): debug: statm T0: vsize=3054856 rss=1038380 shared=519284 text=474784 data=710076
1757190174.891815: 2361411-7f4769228700: cdpl_server_ipc.c:1268: in _sv_ipc_thread(): debug: received RELAY message
1757190174.891821: 2361411-7f4769228700: cdpl_server_ipc.c:713: in _sv_on_relay(): debug: RELAY message from W1, size = 50
1757190174.891824: 2361411-7f4769228700: cdpl_server_ipc.c:715: in _sv_on_relay(): debug: RELAY message from W1, content = WORKERDU|28,/dev/mapper/rhel_claws--compute3-home
1757190174.971333: 2361411-7f47a13ba540: cdpl_server.c:227: in _sv_free_task_safe(): debug: freeing task T0
1757190176.040830: 2361411-7f47a13ba540: cdpl_server.c:3008: in cdpl_sv_halt_job_errno(): info: killing job J1
1757190176.040855: 2361411-7f47a13ba540: cdpl_server.c:3044: in cdpl_sv_halt_job_errno(): debug: signal bin B1 scheduler to stop
1757190176.040875: 2361411-7f47557fa700: cdpl_server_sched.c:2484: in _sv_scheduler_thread(): debug: scheduler for bin B1 stopped
1757190176.040885: 2361411-7f47557fa700: cdpl_ipc.c:1657: in _host_drop__UNSAFE(): debug: dropping host `152.14.98.53:40100'
1757190176.040939: 2361411-7f47557fa700: cdpl_server_sched.c:2830: in _sv_drop_worker(): info: down to 0 alive workers in B1
1757190176.040942: 2361411-7f47557fa700: cdpl_farm.c:4152: in cdpl_farm_dismiss(): debug: down to 0 running processes
1757190176.040948: 2361411-7f4769228700: cdpl_server_ipc.c:1236: in _sv_ipc_thread(): debug: received DROP notification
1757190176.040979: 2361411-7f47557fa700: cdpl_server_sched.c:121: in _free_worker_2(): debug: freeing worker W1
1757190176.040982: 2361411-7f47557fa700: cdpl_ipc.c:2513: in cdpl_ipc_host_release(): debug: releasing host `152.14.98.53:40100'
1757190176.040983: 2361411-7f47557fa700: cdpl_ipc.c:2529: in cdpl_ipc_host_release(): debug: scheduling for immediate release
1757190176.040999: 2361411-7f47a13ba540: cdpl_server.c:294: in _sv_free_job(): info: freeing job J1
1757190176.041007: 2361411-7f47a13ba540: cdpl_server.c:92: in _sv_free_bin(): debug: freeing bin B1
1757190176.041017: 2361411-7f47a13ba540: cdpl_monitor.c:515: in cdpl_mn_kill(): info: killing monitor
1757190176.041031: 2361411-7f47a13ba540: cdpl_ipc.c:3677: in cdpl_ipc_kill(): debug: stopping event server
1757190176.041043: 2361411-7f47577fe700: cdpl_ipc.c:2460: in _epoll_main(): debug: server going down...
1757190176.041075: 2361411-7f4769a29700: cdpl_ipc.c:775: in _readv(): warning: read(): EOF
1757190176.041084: 2361411-7f4769a29700: cdpl_ipc.c:2100: in _epoll_recv(): debug: _readv(): Broken pipe
1757190176.041087: 2361411-7f4769a29700: cdpl_ipc.c:2424: in _epoll_main(): debug: _epoll_recv(): Broken pipe
1757190176.041091: 2361411-7f4769a29700: cdpl_ipc.c:1657: in _host_drop__UNSAFE(): debug: dropping host `152.14.98.53:39104'
1757190176.041122: 2361411-7f4769a29700: cdpl_ipc.c:1582: in _host_free__UNSAFE(): debug: freeing host `152.14.98.53:40100'
1757190176.041126: 2361411-7f4769a29700: cdpl_ipc.c:1621: in _host_free__UNSAFE(): debug: [0 outq, 0 spR, 0 spW]
1757190176.041145: 2361411-7f4769228700: cdpl_server_ipc.c:1236: in _sv_ipc_thread(): debug: received DROP notification
1757190176.041152: 2361411-7f4769228700: cdpl_monitor.c:1269: in cdpl_mn_drop(): debug: detaching from monitor `152.14.98.53:39104'
1757190176.041168: 2361411-7f4769228700: cdpl_monitor.c:1101: in mn_systat_stop(): debug: joining systat thread
1757190176.041184: 2361411-7f4756ffd700: cdpl_monitor.c:1079: in mn_systat(): debug: exiting
1757190176.041191: 2361411-7f4769228700: cdpl_monitor.c:1103: in mn_systat_stop(): debug: systat thread done
1757190176.041194: 2361411-7f4769228700: cdpl_ipc.c:2513: in cdpl_ipc_host_release(): debug: releasing host `152.14.98.53:39104'
1757190176.041260: 2361411-7f4747fff700: cdpl_ipc.c:3728: in cdpl_ipc_free(): debug: releasing IPC handle
1757190176.041269: 2361411-7f4747fff700: cdpl_ipc.c:1582: in _host_free__UNSAFE(): debug: freeing host `152.14.98.53:46667'
1757190176.041272: 2361411-7f4747fff700: cdpl_ipc.c:1621: in _host_free__UNSAFE(): debug: [0 outq, 0 spR, 0 spW]
1757190176.041288: 2361411-7f4747fff700: cdpl_ipc.c:1582: in _host_free__UNSAFE(): debug: freeing host `152.14.98.53:34219'
1757190176.041290: 2361411-7f4747fff700: cdpl_ipc.c:1621: in _host_free__UNSAFE(): debug: [0 outq, 0 spR, 0 spW]
1757190176.041298: 2361411-7f4747fff700: cdpl_ipc.c:3756: in cdpl_ipc_free(): warning: 2 host(s) were not released
1757190176.041306: 2361411-7f4747fff700: cdpl_ipc.c:3767: in cdpl_ipc_free(): debug: done
1757190176.041308: 2361411-7f4747fff700: cdpl_monitor.c:1390: in cdpl_mn_free(): debug: freeing monitor client
1757190176.041377: 2361411-7f47a13ba540: cdpl_farm.c:2740: in cdpl_farm_free(): info: freeing farm
1757190176.041390: 2361411-7f4754ff9700: cdpl_farm.c:2231: in _schedule(): debug: end of idling
1757190176.041394: 2361411-7f4754ff9700: cdpl_farm.c:2235: in _schedule(): debug: dying
1757190176.041431: 2361411-7f47a13ba540: cdpl_farm.c:913: in _killall(): debug: killing all remaining commands
1757190176.041435: 2361411-7f47a13ba540: cdpl_server.c:3144: in cdpl_sv_free(): info: freeing server S335870862
1757190176.041438: 2361411-7f47a13ba540: cdpl_server.c:3109: in cdpl_sv_kill_errno(): info: killing server
1757190176.041440: 2361411-7f47a13ba540: cdpl_ipc.c:3677: in cdpl_ipc_kill(): debug: stopping event server
1757190176.041451: 2361411-7f4769228700: cdpl_server_ipc.c:1200: in _sv_ipc_thread(): debug: leaving now
1757190176.041457: 2361411-7f4769a29700: cdpl_ipc.c:2460: in _epoll_main(): debug: server going down...
1757190176.041466: 2361411-7f47a13ba540: cdpl_server.c:334: in _sv_free_master(): info: freeing master M1
1757190176.041468: 2361411-7f47a13ba540: cdpl_hash.c:68: in cdpl_h_destroy(): debug: put operations: 1
1757190176.041470: 2361411-7f47a13ba540: cdpl_hash.c:69: in cdpl_h_destroy(): debug: put collisions: 0
1757190176.041471: 2361411-7f47a13ba540: cdpl_hash.c:70: in cdpl_h_destroy(): debug: get operations: 1
1757190176.041473: 2361411-7f47a13ba540: cdpl_hash.c:71: in cdpl_h_destroy(): debug: get iterations: 1
1757190176.041478: 2361411-7f47a13ba540: cdpl_monitor.c:1390: in cdpl_mn_free(): debug: freeing monitor server
1757190176.041480: 2361411-7f47a13ba540: cdpl_ipc.c:3728: in cdpl_ipc_free(): debug: releasing IPC handle
1757190176.041482: 2361411-7f47a13ba540: cdpl_ipc.c:1582: in _host_free__UNSAFE(): debug: freeing host `152.14.98.53:39104'
1757190176.041483: 2361411-7f47a13ba540: cdpl_ipc.c:1621: in _host_free__UNSAFE(): debug: [0 outq, 0 spR, 0 spW]
1757190176.041497: 2361411-7f47a13ba540: cdpl_ipc.c:3767: in cdpl_ipc_free(): debug: done
1757190176.041500: 2361411-7f47a13ba540: cdpl_log.c:481: in cdpl_log_close(): info: @@end_of_log@@
