1757104903.218330: 967811-7f429e026540: cdpl_log.c:337: in cdpl_log_open(): info: @@start_of_log@@
1757104903.218339: 967811-7f429e026540: cdpl_log.c:1058: in cdpl_log_dump_sysinfo(): info: time: 2025/09/05 16:41:43 EDT -0400
1757104903.218341: 967811-7f429e026540: cdpl_log.c:1060: in cdpl_log_dump_sysinfo(): info: version: W-2024.09-SP1-2 
1757104903.218342: 967811-7f429e026540: cdpl_log.c:1062: in cdpl_log_dump_sysinfo(): info: system: Linux 4.18.0-553.69.1.el8_10.x86_64 #1 SMP Thu Aug 7 18:10:00 EDT 2025
1757104903.218343: 967811-7f429e026540: cdpl_log.c:1067: in cdpl_log_dump_sysinfo(): info: processor: x86_64 64-bits
1757104903.218345: 967811-7f429e026540: cdpl_log.c:1071: in cdpl_log_dump_sysinfo(): info: hostname: claws-compute3.ece.ncsu.edu
1757104903.218346: 967811-7f429e026540: cdpl_log.c:1073: in cdpl_log_dump_sysinfo(): info: program name: custom_shell
1757104903.218348: 967811-7f429e026540: cdpl_log.c:340: in cdpl_log_open(): debug: path: /home/argershm/180-voltmeter/Analog/cc/synopsys_custom/pwdp_jobs/saeSession0_diffmodegain.SimulationSimulation_cdpl.1.967811/logs/master.claws-compute3.ece.ncsu.edu.967811.log
1757104903.218350: 967811-7f429e026540: cdpl_log.c:341: in cdpl_log_open(): debug: dir: /home/argershm/180-voltmeter/Analog/cc/synopsys_custom/pwdp_jobs/saeSession0_diffmodegain.SimulationSimulation_cdpl.1.967811/logs
1757104903.218354: 967811-7f429e026540: cdpl_server.c:536: in cdpl_sv_init(): info: new server S966253782
1757104903.218357: 967811-7f429e026540: cdpl_ipc.c:3475: in cdpl_ipc_init(): info: requesting IPv4 protocol
1757104903.222588: 967811-7f429e026540: cdpl_ipc.c:837: in _selectaddrfamily(): info: selected IPv4 protocol
1757104903.222607: 967811-7f429e026540: cdpl_ipc.c:1139: in _set_keepalive(): info: TCP keep alive interval: 300
1757104903.226468: 967811-7f429e026540: cdpl_monitor.c:1117: in cdpl_mn_new_server(): info: creating server monitor instance
1757104903.226473: 967811-7f429e026540: cdpl_server.c:650: in cdpl_sv_new_master(): info: new master M1
1757104903.226477: 967811-7f429e026540: cdpl_server.c:6533: in cdpl_sv_ctl_master(): info: Setting worker heartbeat to 120 seconds
1757104903.226478: 967811-7f429e026540: cdpl_server.c:6542: in cdpl_sv_ctl_master(): info: Setting worker heartbeat timeout to 3 heartbeats
1757104903.226480: 967811-7f429e026540: cdpl_compat_master.c:2090: in _parse_hostfile(): info: reading hostfile `/home/argershm/180-voltmeter/Analog/cc/synopsys_custom/pwdp_jobs/saeSession0_diffmodegain.SimulationSimulation_cdpl.1.967811/host_file'
1757104903.226489: 967811-7f429e026540: cdpl_compat_master.c:1900: in _hostfile_parser(): debug: parsing "1     |localhost|   -1  | /tmp | SH | sh"
1757104903.226493: 967811-7f429e026540: cdpl_farm.c:2578: in cdpl_farm_new_sh(): info: creating SH farm on localhost
1757104903.226496: 967811-7f429e026540: cdpl_compat_master.c:206: in _set_farm_env(): info: exporting CDPL_LOGDIR as `/home/argershm/180-voltmeter/Analog/cc/synopsys_custom/pwdp_jobs/saeSession0_diffmodegain.SimulationSimulation_cdpl.1.967811/logs'
1757104903.226498: 967811-7f429e026540: cdpl_compat_master.c:212: in _set_farm_env(): info: exporting CDPL_TMPDIR as `/tmp'
1757104903.226500: 967811-7f429e026540: cdpl_compat_master.c:235: in _set_farm_env(): info: exporting SNPSLMD_LICENSE_FILE as `27000@ece-lic-35.ece.ncsu.edu'
1757104903.226502: 967811-7f429e026540: cdpl_compat_master.c:259: in _set_farm_env(): info: exporting CDPL_OPTIONS as `[nowlogs]'
1757104903.226503: 967811-7f429e026540: cdpl_compat_master.c:266: in _set_farm_env(): info: exporting DISPLAY as `unix:28904'
1757104903.226505: 967811-7f429e026540: cdpl_compat_master.c:274: in _set_farm_env(): info: exporting CDPL_HEARTBEAT as `120'
1757104903.226508: 967811-7f429e026540: cdpl_farm.c:3149: in cdpl_farm_add_withdir(): debug: added `localhost' (capacity: unlimited)
1757104903.226510: 967811-7f429e026540: cdpl_compat_parse.c:147: in parsefile(): debug: read `/home/argershm/180-voltmeter/Analog/cc/synopsys_custom/pwdp_jobs/saeSession0_diffmodegain.SimulationSimulation_cdpl.1.967811/host_file', 2 lines
1757104903.226512: 967811-7f429e026540: cdpl_compat_master.c:2931: in cdplInitMaster(): info: bcast dir is `/home/argershm/180-voltmeter/Analog/cc/synopsys_custom/pwdp_jobs/saeSession0_diffmodegain.SimulationSimulation_cdpl.1.967811/logs'
1757104903.226545: 967811-7f429e026540: cdpl_server.c:6433: in cdpl_sv_ctl_master(): info: farm worker timeout set to 300
1757104903.226548: 967811-7f429e026540: cdpl_server.c:6486: in cdpl_sv_ctl_master(): info: maximum number of task execution attempts set to 1
1757104903.226551: 967811-7f429e026540: cdpl_server.c:3195: in cdpl_sv_start(): debug: starting server
1757104903.226552: 967811-7f429e026540: cdpl_ipc.c:3632: in cdpl_ipc_start(): debug: starting IPC server 152.14.98.53:42383
1757104903.226769: 967811-7f4259ec7700: cdpl_server_ipc.c:1182: in _sv_ipc_thread(): debug: ready
1757104903.226785: 967811-7f4250ff9700: cdpl_monitor.c:426: in cdpl_mn_init_client(): info: creating client monitor instance
1757104903.226798: 967811-7f4250ff9700: cdpl_ipc.c:3475: in cdpl_ipc_init(): info: requesting IPv4 protocol
1757104903.230600: 967811-7f4250ff9700: cdpl_ipc.c:837: in _selectaddrfamily(): info: selected IPv4 protocol
1757104903.230623: 967811-7f4250ff9700: cdpl_ipc.c:1139: in _set_keepalive(): info: TCP keep alive interval: 300
1757104903.233723: 967811-7f4250ff9700: cdpl_ipc.c:3632: in cdpl_ipc_start(): debug: starting IPC server 152.14.98.53:44549
1757104903.233805: 967811-7f4250ff9700: cdpl_monitor.c:471: in cdpl_mn_init_client(): debug: incoming messages in /tmp/cdpl-monitor-csFVor
1757104903.233875: 967811-7f4250ff9700: cdpl_monitor.c:533: in cdpl_mn_connect(): debug: connecting to 152.14.98.53:42383
1757104903.233878: 967811-7f4250ff9700: cdpl_ipc.c:3789: in cdpl_ipc_connect(): info: connecting to 152.14.98.53:42383
1757104903.233931: 967811-7f4250ff9700: cdpl_ipc.c:3860: in cdpl_ipc_connect(): info: connected as `152.14.98.53:55778'
1757104903.233937: 967811-7f4250ff9700: cdpl_ipc.c:2503: in cdpl_ipc_host_accept(): debug: accepted host `152.14.98.53:42383'
1757104903.233941: 967811-7f4250ff9700: cdpl_monitor.c:579: in cdpl_mn_connect(): debug: ok
1757104903.233954: 967811-7f429e026540: cdpl_server.c:731: in cdpl_sv_new_job(): info: new job J1 in M1
1757104903.233964: 967811-7f425a6c8700: cdpl_ipc.c:1862: in _epoll_accept(): debug: new connection from `152.14.98.53:55778'
1757104903.233974: 967811-7f429e026540: cdpl_compat_master.c:1581: in _add_worker(): info: new worker type 10, min:1, max:3, cmd:`/home/argershm/180-voltmeter/Analog/cc/synopsys_custom/pwdp_jobs/saeSession0_diffmodegain.SimulationSimulation_cdpl.1.967811/START_WORKER pw_worker -i /home/argershm/180-voltmeter/Analog/cc/synopsys_custom/pwdp_jobs/
1757104903.233979: 967811-7f429e026540: cdpl_server.c:908: in cdpl_sv_new_bin_withfarm(): info: new bin B1 in J1
1757104903.233992: 967811-7f4259ec7700: cdpl_server_ipc.c:1225: in _sv_ipc_thread(): debug: received ACCEPT notification
1757104903.234005: 967811-7f4259ec7700: cdpl_ipc.c:2503: in cdpl_ipc_host_accept(): debug: accepted host `152.14.98.53:55778'
1757104903.234017: 967811-7f4259ec7700: cdpl_server_ipc.c:1256: in _sv_ipc_thread(): debug: received MONITOR message
1757104903.234140: 967811-7f4259ec7700: cdpl_monitor.c:1207: in cdpl_mn_accept(): debug: accepted monitor `152.14.98.53:55778'
1757104903.234143: 967811-7f4259ec7700: cdpl_server_ipc_mon.c:120: in _globalLOCK(): debug: ENTERTING GLOBAL LOCK
1757104903.234146: 967811-7f4259ec7700: cdpl_server_ipc_mon.c:164: in _globalLOCK(): debug: global lock acquired
1757104903.234151: 967811-7f42537fe700: cdpl_monitor.c:910: in mn_systat(): debug: started
1757104903.234368: 967811-7f42537fe700: cdpl_monitor.c:937: in mn_systat(): debug: monitor server flush rate: 5
1757104904.063709: 967811-7f4259ec7700: cdpl_server_ipc_mon.c:210: in _globalUNLOCK(): debug: LEAVING GLOBAL LOCK
1757104904.063732: 967811-7f429e026540: cdpl_server.c:3249: in cdpl_sv_start_job(): info: starting job J1
1757104904.063752: 967811-7f429e026540: cdpl_server.c:62: in _sv_start_bin(): debug: starting bin B1 (min: 0, max: 3)
1757104904.063849: 967811-7f429e026540: cdpl_server.c:1893: in _sv_gen_task(): info: new task T0 in B1 (prio 0)
1757104904.063859: 967811-7f4251ffb700: cdpl_server_sched.c:2482: in _sv_scheduler_thread(): debug: scheduler for bin B1 started
1757104904.063867: 967811-7f429e026540: cdpl_server.c:2698: in cdpl_sv_label_task_va(): info: setting task T0 label to "PrimeSim_2|PrimeSim"
1757104904.063879: 967811-7f4251ffb700: cdpl_server_sched.c:2443: in _scheduler_run(): debug: will start a new worker
1757104904.063888: 967811-7f4251ffb700: cdpl_farm.c:3977: in cdpl_farm_submit(): debug: 1 running processes
1757104904.063891: 967811-7f4251ffb700: cdpl_farm.c:3985: in cdpl_farm_submit(): debug: new command C1 in bin B1 assigned to host `localhost'
1757104904.063992: 967811-7f4251ffb700: cdpl_server_sched.c:705: in _sv_launch_worker(): info: started worker W1 (as C1) in bin B1
1757104904.064027: 967811-7f42517fa700: cdpl_farm.c:2139: in _schedule(): debug: started
1757104904.064039: 967811-7f42517fa700: cdpl_farm.c:2303: in _schedule(): debug: submitting command C1 in bin B1
1757104904.064044: 967811-7f42517fa700: cdpl_sh.c:49: in _sh_detached_submit(): info: SH : /home/argershm/180-voltmeter/Analog/cc/synopsys_custom/pwdp_jobs/saeSession0_diffmodegain.SimulationSimulation_cdpl.1.967811/START_WORKER pw_worker -i /home/argershm/180-voltmeter/Analog/cc/synopsys_custom/pwdp_jobs/saeSession0_diffmodegain.SimulationSimulation_cdpl.1.967811 -t 10000
1757104904.070028: 967811-7f42517fa700: cdpl_farm.c:2343: in _schedule(): debug: C1 in bin B1 running on slot 0
1757104904.070051: 967811-7f42517fa700: cdpl_farm.c:2167: in _schedule(): debug: idle
1757104904.081299: 967811-7f429e026540: cdpl_compat_master.c:5948: in cdplMasterLogInfo(): info: [non-CDPL log entry] PWDP3: reset pilot cache succeeded, pilot_key=saeSession0,1,diff_mode_gain|&/home/argershm/180-voltmeter/Analog/cc/simulation/integrator,tb_main_opamp,schematic/history_1/simulation/diff_mode_gain/PrimeSimSPICE/nominal/results
1757104904.370121: 967811-7f42517fa700: cdpl_farm.c:1193: in _onexit(): debug: C1 in bin B1 exited normally on slot 0
1757104905.182037: 967811-7f4252ffd700: cdpl_compat_master.c:5948: in cdplMasterLogInfo(): info: [non-CDPL log entry] PWDP - no-workers started ok check start!
1757104905.823229: 967811-7f425a6c8700: cdpl_ipc.c:1862: in _epoll_accept(): debug: new connection from `152.14.98.53:55788'
1757104905.823272: 967811-7f4259ec7700: cdpl_server_ipc.c:1225: in _sv_ipc_thread(): debug: received ACCEPT notification
1757104905.823286: 967811-7f4259ec7700: cdpl_ipc.c:2503: in cdpl_ipc_host_accept(): debug: accepted host `152.14.98.53:55788'
1757104905.823353: 967811-7f4259ec7700: cdpl_server_ipc.c:1246: in _sv_ipc_thread(): debug: received HELLO message
1757104905.823356: 967811-7f4259ec7700: cdpl_server_ipc.c:430: in _sv_on_hello(): debug: looking up W1
1757104905.823359: 967811-7f4259ec7700: cdpl_server_ipc.c:540: in _sv_on_hello(): info: W1 is `152.14.98.53:55788'
1757104905.823360: 967811-7f4259ec7700: cdpl_server_ipc.c:541: in _sv_on_hello(): debug: hello W1 (B1)
1757104905.823362: 967811-7f4259ec7700: cdpl_server_ipc.c:542: in _sv_on_hello(): info: W1 log file is /dev/null
1757104905.823378: 967811-7f4259ec7700: cdpl_server_ipc.c:602: in _sv_on_hello(): info: up to 1 alive workers in B1
1757104905.823383: 967811-7f4259ec7700: cdpl_farm.c:878: in _release_cmd(): debug: freeing command C1 in bin B1
1757104905.823406: 967811-7f4251ffb700: cdpl_server_sched.c:960: in _assign(): info: assigning task T0 to worker W1
1757104905.886935: 967811-7f4259ec7700: cdpl_server_ipc.c:1268: in _sv_ipc_thread(): debug: received RELAY message
1757104905.886942: 967811-7f4259ec7700: cdpl_server_ipc.c:713: in _sv_on_relay(): debug: RELAY message from W1, size = 63
1757104905.886945: 967811-7f4259ec7700: cdpl_server_ipc.c:715: in _sv_on_relay(): debug: RELAY message from W1, content = 0$996540 claws-compute3.ece.ncsu.edu 996582 RUNNING 1757104905
1757104906.823592: 967811-7f4259ec7700: cdpl_server_ipc.c:312: in _sv_on_heartbeat(): debug: received HEARTBEAT from worker W1 at 152.14.98.53:55788
1757104908.234950: 967811-7f4250ff9700: cdpl_monitor.c:533: in cdpl_mn_connect(): debug: connecting to 152.14.98.53:42869
1757104908.234969: 967811-7f4250ff9700: cdpl_ipc.c:3789: in cdpl_ipc_connect(): info: connecting to 152.14.98.53:42869
1757104908.235091: 967811-7f4250ff9700: cdpl_ipc.c:3860: in cdpl_ipc_connect(): info: connected as `152.14.98.53:40746'
1757104908.235099: 967811-7f4250ff9700: cdpl_ipc.c:2503: in cdpl_ipc_host_accept(): debug: accepted host `152.14.98.53:42869'
1757104908.235103: 967811-7f4250ff9700: cdpl_monitor.c:579: in cdpl_mn_connect(): debug: ok
1757104912.107383: 967811-7f4259ec7700: cdpl_server_ipc.c:1268: in _sv_ipc_thread(): debug: received RELAY message
1757104912.107397: 967811-7f4259ec7700: cdpl_server_ipc.c:713: in _sv_on_relay(): debug: RELAY message from W1, size = 52
1757104912.107400: 967811-7f4259ec7700: cdpl_server_ipc.c:715: in _sv_on_relay(): debug: RELAY message from W1, content = WORKERDU|4452,/dev/mapper/rhel_claws--compute3-home
1757104912.107406: 967811-7f4259ec7700: cdpl_server_ipc.c:1268: in _sv_ipc_thread(): debug: received RELAY message
1757104912.107408: 967811-7f4259ec7700: cdpl_server_ipc.c:713: in _sv_on_relay(): debug: RELAY message from W1, size = 193
1757104912.107410: 967811-7f4259ec7700: cdpl_server_ipc.c:715: in _sv_on_relay(): debug: RELAY message from W1, content = REQPILOT|saeSession0,1,diff_mode_gain|&/home/argershm/180-voltmeter/Analog/cc/simulation/integrator,tb_main_opamp,schematic/history_1/simulation/diff_mode_gain/PrimeSimSPICE/nominal/results|&0
1757104912.107450: 967811-7f4253fff700: cdpl_compat_master.c:5948: in cdplMasterLogInfo(): info: [non-CDPL log entry] PWDP send back 'DOPILOT' to worker id:1 key: saeSession0,1,diff_mode_gain|&/home/argershm/180-voltmeter/Analog/cc/simulation/integrator,tb_main_opamp,schematic/history_1/simulation/diff_mode_gain/PrimeSimSPICE/nominal/results
1757104912.107623: 967811-7f4253fff700: cdpl_compat_master.c:5948: in cdplMasterLogInfo(): info: [non-CDPL log entry] PWDP: set pilot doing!
1757104912.110976: 967811-7f4259ec7700: cdpl_server_ipc.c:1268: in _sv_ipc_thread(): debug: received RELAY message
1757104912.110985: 967811-7f4259ec7700: cdpl_server_ipc.c:713: in _sv_on_relay(): debug: RELAY message from W1, size = 189
1757104912.110988: 967811-7f4259ec7700: cdpl_server_ipc.c:715: in _sv_on_relay(): debug: RELAY message from W1, content = PILOTOK|saeSession0,1,diff_mode_gain|&/home/argershm/180-voltmeter/Analog/cc/simulation/integrator,tb_main_opamp,schematic/history_1/simulation/diff_mode_gain/PrimeSimSPICE/nominal/results
1757104912.110998: 967811-7f4253fff700: cdpl_compat_master.c:5948: in cdplMasterLogInfo(): info: [non-CDPL log entry] PWDP: set pilot done!
1757104912.111064: 967811-7f4259ec7700: cdpl_server_ipc.c:1268: in _sv_ipc_thread(): debug: received RELAY message
1757104912.111067: 967811-7f4259ec7700: cdpl_server_ipc.c:713: in _sv_on_relay(): debug: RELAY message from W1, size = 18
1757104912.111068: 967811-7f4259ec7700: cdpl_server_ipc.c:715: in _sv_on_relay(): debug: RELAY message from W1, content = 0$- - - MEASDOING
1757104912.384187: 967811-7f4259ec7700: cdpl_server_ipc.c:1268: in _sv_ipc_thread(): debug: received RELAY message
1757104912.384198: 967811-7f4259ec7700: cdpl_server_ipc.c:713: in _sv_on_relay(): debug: RELAY message from W1, size = 75
1757104912.384201: 967811-7f4259ec7700: cdpl_server_ipc.c:715: in _sv_on_relay(): debug: RELAY message from W1, content = 0$996540 claws-compute3.ece.ncsu.edu 996582 FINISHED 1757104905|1757104912
1757104912.385759: 967811-7f4259ec7700: cdpl_server_ipc.c:1268: in _sv_ipc_thread(): debug: received RELAY message
1757104912.385767: 967811-7f4259ec7700: cdpl_server_ipc.c:713: in _sv_on_relay(): debug: RELAY message from W1, size = 191
1757104912.385769: 967811-7f4259ec7700: cdpl_server_ipc.c:715: in _sv_on_relay(): debug: RELAY message from W1, content = PILOTDONE|saeSession0,1,diff_mode_gain|&/home/argershm/180-voltmeter/Analog/cc/simulation/integrator,tb_main_opamp,schematic/history_1/simulation/diff_mode_gain/PrimeSimSPICE/nominal/results
1757104912.385791: 967811-7f4253fff700: cdpl_compat_master.c:5948: in cdplMasterLogInfo(): info: [non-CDPL log entry] saeSession0,1,diff_mode_gain|&/home/argershm/180-voltmeter/Analog/cc/simulation/integrator,tb_main_opamp,schematic/history_1/simulation/diff_mode_gain/PrimeSimSPICE/nominal/results PILOTDONE!
1757104912.385991: 967811-7f4259ec7700: cdpl_server_ipc.c:1251: in _sv_ipc_thread(): debug: received FINISH message
1757104912.385997: 967811-7f4259ec7700: cdpl_server_ipc.c:983: in _sv_on_finish(): info: worker W1 completed task T0
1757104912.385999: 967811-7f4259ec7700: cdpl_server_ipc.c:988: in _sv_on_finish(): debug: stat T0: utime=3800 stime=1922
1757104912.386002: 967811-7f4259ec7700: cdpl_server_ipc.c:993: in _sv_on_finish(): debug: statm T0: vsize=3054748 rss=1036436 shared=519216 text=474784 data=709776
1757104912.390944: 967811-7f4259ec7700: cdpl_server_ipc.c:1268: in _sv_ipc_thread(): debug: received RELAY message
1757104912.390950: 967811-7f4259ec7700: cdpl_server_ipc.c:713: in _sv_on_relay(): debug: RELAY message from W1, size = 50
1757104912.390960: 967811-7f4259ec7700: cdpl_server_ipc.c:715: in _sv_on_relay(): debug: RELAY message from W1, content = WORKERDU|20,/dev/mapper/rhel_claws--compute3-home
1757104912.471582: 967811-7f429e026540: cdpl_server.c:227: in _sv_free_task_safe(): debug: freeing task T0
1757104912.782944: 967811-7f429e026540: cdpl_server.c:3008: in cdpl_sv_halt_job_errno(): info: killing job J1
1757104912.782970: 967811-7f429e026540: cdpl_server.c:3044: in cdpl_sv_halt_job_errno(): debug: signal bin B1 scheduler to stop
1757104912.782989: 967811-7f4251ffb700: cdpl_server_sched.c:2484: in _sv_scheduler_thread(): debug: scheduler for bin B1 stopped
1757104912.782999: 967811-7f4251ffb700: cdpl_ipc.c:1657: in _host_drop__UNSAFE(): debug: dropping host `152.14.98.53:55788'
1757104912.783061: 967811-7f4251ffb700: cdpl_server_sched.c:2830: in _sv_drop_worker(): info: down to 0 alive workers in B1
1757104912.783065: 967811-7f4251ffb700: cdpl_farm.c:4152: in cdpl_farm_dismiss(): debug: down to 0 running processes
1757104912.783068: 967811-7f4251ffb700: cdpl_server_sched.c:121: in _free_worker_2(): debug: freeing worker W1
1757104912.783071: 967811-7f4251ffb700: cdpl_ipc.c:2513: in cdpl_ipc_host_release(): debug: releasing host `152.14.98.53:55788'
1757104912.783075: 967811-7f4259ec7700: cdpl_server_ipc.c:1236: in _sv_ipc_thread(): debug: received DROP notification
1757104912.783087: 967811-7f429e026540: cdpl_server.c:294: in _sv_free_job(): info: freeing job J1
1757104912.783093: 967811-7f429e026540: cdpl_server.c:92: in _sv_free_bin(): debug: freeing bin B1
1757104912.783100: 967811-7f429e026540: cdpl_monitor.c:515: in cdpl_mn_kill(): info: killing monitor
1757104912.783103: 967811-7f429e026540: cdpl_ipc.c:3677: in cdpl_ipc_kill(): debug: stopping event server
1757104912.783125: 967811-7f42596c6700: cdpl_ipc.c:2460: in _epoll_main(): debug: server going down...
1757104912.783146: 967811-7f425a6c8700: cdpl_ipc.c:775: in _readv(): warning: read(): EOF
1757104912.783156: 967811-7f425a6c8700: cdpl_ipc.c:2100: in _epoll_recv(): debug: _readv(): Broken pipe
1757104912.783158: 967811-7f425a6c8700: cdpl_ipc.c:2424: in _epoll_main(): debug: _epoll_recv(): Broken pipe
1757104912.783163: 967811-7f425a6c8700: cdpl_ipc.c:1657: in _host_drop__UNSAFE(): debug: dropping host `152.14.98.53:55778'
1757104912.783201: 967811-7f425a6c8700: cdpl_ipc.c:1582: in _host_free__UNSAFE(): debug: freeing host `152.14.98.53:55788'
1757104912.783205: 967811-7f425a6c8700: cdpl_ipc.c:1621: in _host_free__UNSAFE(): debug: [0 outq, 0 spR, 0 spW]
1757104912.783211: 967811-7f4259ec7700: cdpl_server_ipc.c:1236: in _sv_ipc_thread(): debug: received DROP notification
1757104912.783217: 967811-7f4259ec7700: cdpl_monitor.c:1269: in cdpl_mn_drop(): debug: detaching from monitor `152.14.98.53:55778'
1757104912.783221: 967811-7f4259ec7700: cdpl_monitor.c:1101: in mn_systat_stop(): debug: joining systat thread
1757104912.783237: 967811-7f42537fe700: cdpl_monitor.c:1079: in mn_systat(): debug: exiting
1757104912.783248: 967811-7f4259ec7700: cdpl_monitor.c:1103: in mn_systat_stop(): debug: systat thread done
1757104912.783256: 967811-7f4259ec7700: cdpl_ipc.c:2513: in cdpl_ipc_host_release(): debug: releasing host `152.14.98.53:55778'
1757104912.783297: 967811-7f4250ff9700: cdpl_ipc.c:3728: in cdpl_ipc_free(): debug: releasing IPC handle
1757104912.783303: 967811-7f4250ff9700: cdpl_ipc.c:1582: in _host_free__UNSAFE(): debug: freeing host `152.14.98.53:42869'
1757104912.783306: 967811-7f4250ff9700: cdpl_ipc.c:1621: in _host_free__UNSAFE(): debug: [0 outq, 0 spR, 0 spW]
1757104912.783320: 967811-7f4250ff9700: cdpl_ipc.c:1582: in _host_free__UNSAFE(): debug: freeing host `152.14.98.53:42383'
1757104912.783322: 967811-7f4250ff9700: cdpl_ipc.c:1621: in _host_free__UNSAFE(): debug: [0 outq, 0 spR, 0 spW]
1757104912.783329: 967811-7f4250ff9700: cdpl_ipc.c:3756: in cdpl_ipc_free(): warning: 2 host(s) were not released
1757104912.783337: 967811-7f4250ff9700: cdpl_ipc.c:3767: in cdpl_ipc_free(): debug: done
1757104912.783339: 967811-7f4250ff9700: cdpl_monitor.c:1390: in cdpl_mn_free(): debug: freeing monitor client
1757104912.783403: 967811-7f429e026540: cdpl_farm.c:2740: in cdpl_farm_free(): info: freeing farm
1757104912.783417: 967811-7f42517fa700: cdpl_farm.c:2231: in _schedule(): debug: end of idling
1757104912.783421: 967811-7f42517fa700: cdpl_farm.c:2235: in _schedule(): debug: dying
1757104912.783459: 967811-7f429e026540: cdpl_farm.c:913: in _killall(): debug: killing all remaining commands
1757104912.783463: 967811-7f429e026540: cdpl_server.c:3144: in cdpl_sv_free(): info: freeing server S966253782
1757104912.783466: 967811-7f429e026540: cdpl_server.c:3109: in cdpl_sv_kill_errno(): info: killing server
1757104912.783467: 967811-7f429e026540: cdpl_ipc.c:3677: in cdpl_ipc_kill(): debug: stopping event server
1757104912.783476: 967811-7f4259ec7700: cdpl_server_ipc.c:1200: in _sv_ipc_thread(): debug: leaving now
1757104912.783481: 967811-7f429e026540: cdpl_server.c:334: in _sv_free_master(): info: freeing master M1
1757104912.783483: 967811-7f429e026540: cdpl_hash.c:68: in cdpl_h_destroy(): debug: put operations: 1
1757104912.783486: 967811-7f429e026540: cdpl_hash.c:69: in cdpl_h_destroy(): debug: put collisions: 0
1757104912.783489: 967811-7f429e026540: cdpl_hash.c:70: in cdpl_h_destroy(): debug: get operations: 1
1757104912.783491: 967811-7f429e026540: cdpl_hash.c:71: in cdpl_h_destroy(): debug: get iterations: 1
1757104912.783494: 967811-7f425a6c8700: cdpl_ipc.c:2460: in _epoll_main(): debug: server going down...
1757104912.783502: 967811-7f429e026540: cdpl_monitor.c:1390: in cdpl_mn_free(): debug: freeing monitor server
1757104912.783506: 967811-7f429e026540: cdpl_ipc.c:3728: in cdpl_ipc_free(): debug: releasing IPC handle
1757104912.783507: 967811-7f429e026540: cdpl_ipc.c:1582: in _host_free__UNSAFE(): debug: freeing host `152.14.98.53:55778'
1757104912.783509: 967811-7f429e026540: cdpl_ipc.c:1621: in _host_free__UNSAFE(): debug: [0 outq, 0 spR, 0 spW]
1757104912.783527: 967811-7f429e026540: cdpl_ipc.c:3767: in cdpl_ipc_free(): debug: done
1757104912.783528: 967811-7f429e026540: cdpl_log.c:481: in cdpl_log_close(): info: @@end_of_log@@
