1757192286.246247: 2541899-7f49a2045540: cdpl_log.c:337: in cdpl_log_open(): info: @@start_of_log@@
1757192286.246273: 2541899-7f49a2045540: cdpl_log.c:1058: in cdpl_log_dump_sysinfo(): info: time: 2025/09/06 16:58:06 EDT -0400
1757192286.246275: 2541899-7f49a2045540: cdpl_log.c:1060: in cdpl_log_dump_sysinfo(): info: version: W-2024.09-SP1-2 
1757192286.246277: 2541899-7f49a2045540: cdpl_log.c:1062: in cdpl_log_dump_sysinfo(): info: system: Linux 4.18.0-553.69.1.el8_10.x86_64 #1 SMP Thu Aug 7 18:10:00 EDT 2025
1757192286.246278: 2541899-7f49a2045540: cdpl_log.c:1067: in cdpl_log_dump_sysinfo(): info: processor: x86_64 64-bits
1757192286.246280: 2541899-7f49a2045540: cdpl_log.c:1071: in cdpl_log_dump_sysinfo(): info: hostname: claws-compute3.ece.ncsu.edu
1757192286.246281: 2541899-7f49a2045540: cdpl_log.c:1073: in cdpl_log_dump_sysinfo(): info: program name: custom_shell
1757192286.246284: 2541899-7f49a2045540: cdpl_log.c:340: in cdpl_log_open(): debug: path: /home/argershm/180-voltmeter/Analog/cc/synopsys_custom/pwdp_jobs/saeSession4_diffmodegain.SimulationSimulation_cdpl.0.2541899/logs/master.claws-compute3.ece.ncsu.edu.2541899.log
1757192286.246285: 2541899-7f49a2045540: cdpl_log.c:341: in cdpl_log_open(): debug: dir: /home/argershm/180-voltmeter/Analog/cc/synopsys_custom/pwdp_jobs/saeSession4_diffmodegain.SimulationSimulation_cdpl.0.2541899/logs
1757192286.246315: 2541899-7f49a2045540: cdpl_server.c:536: in cdpl_sv_init(): info: new server S200359859
1757192286.246325: 2541899-7f49a2045540: cdpl_ipc.c:3475: in cdpl_ipc_init(): info: requesting IPv4 protocol
1757192286.251942: 2541899-7f49a2045540: cdpl_ipc.c:837: in _selectaddrfamily(): info: selected IPv4 protocol
1757192286.251968: 2541899-7f49a2045540: cdpl_ipc.c:1139: in _set_keepalive(): info: TCP keep alive interval: 300
1757192286.256476: 2541899-7f49a2045540: cdpl_monitor.c:1117: in cdpl_mn_new_server(): info: creating server monitor instance
1757192286.256491: 2541899-7f49a2045540: cdpl_server.c:650: in cdpl_sv_new_master(): info: new master M1
1757192286.256500: 2541899-7f49a2045540: cdpl_server.c:6533: in cdpl_sv_ctl_master(): info: Setting worker heartbeat to 120 seconds
1757192286.256501: 2541899-7f49a2045540: cdpl_server.c:6542: in cdpl_sv_ctl_master(): info: Setting worker heartbeat timeout to 3 heartbeats
1757192286.256504: 2541899-7f49a2045540: cdpl_compat_master.c:2090: in _parse_hostfile(): info: reading hostfile `/home/argershm/180-voltmeter/Analog/cc/synopsys_custom/pwdp_jobs/saeSession4_diffmodegain.SimulationSimulation_cdpl.0.2541899/host_file'
1757192286.256527: 2541899-7f49a2045540: cdpl_compat_master.c:1900: in _hostfile_parser(): debug: parsing "1     |localhost|   -1  | /tmp | SH | sh"
1757192286.256540: 2541899-7f49a2045540: cdpl_farm.c:2578: in cdpl_farm_new_sh(): info: creating SH farm on localhost
1757192286.256546: 2541899-7f49a2045540: cdpl_compat_master.c:206: in _set_farm_env(): info: exporting CDPL_LOGDIR as `/home/argershm/180-voltmeter/Analog/cc/synopsys_custom/pwdp_jobs/saeSession4_diffmodegain.SimulationSimulation_cdpl.0.2541899/logs'
1757192286.256549: 2541899-7f49a2045540: cdpl_compat_master.c:212: in _set_farm_env(): info: exporting CDPL_TMPDIR as `/tmp'
1757192286.256550: 2541899-7f49a2045540: cdpl_compat_master.c:235: in _set_farm_env(): info: exporting SNPSLMD_LICENSE_FILE as `27000@ece-lic-35.ece.ncsu.edu'
1757192286.256553: 2541899-7f49a2045540: cdpl_compat_master.c:259: in _set_farm_env(): info: exporting CDPL_OPTIONS as `[nowlogs]'
1757192286.256554: 2541899-7f49a2045540: cdpl_compat_master.c:266: in _set_farm_env(): info: exporting DISPLAY as `unix:30506'
1757192286.256555: 2541899-7f49a2045540: cdpl_compat_master.c:274: in _set_farm_env(): info: exporting CDPL_HEARTBEAT as `120'
1757192286.256565: 2541899-7f49a2045540: cdpl_farm.c:3149: in cdpl_farm_add_withdir(): debug: added `localhost' (capacity: unlimited)
1757192286.256567: 2541899-7f49a2045540: cdpl_compat_parse.c:147: in parsefile(): debug: read `/home/argershm/180-voltmeter/Analog/cc/synopsys_custom/pwdp_jobs/saeSession4_diffmodegain.SimulationSimulation_cdpl.0.2541899/host_file', 2 lines
1757192286.256573: 2541899-7f49a2045540: cdpl_compat_master.c:2931: in cdplInitMaster(): info: bcast dir is `/home/argershm/180-voltmeter/Analog/cc/synopsys_custom/pwdp_jobs/saeSession4_diffmodegain.SimulationSimulation_cdpl.0.2541899/logs'
1757192286.256622: 2541899-7f49a2045540: cdpl_server.c:6433: in cdpl_sv_ctl_master(): info: farm worker timeout set to 300
1757192286.256624: 2541899-7f49a2045540: cdpl_server.c:6486: in cdpl_sv_ctl_master(): info: maximum number of task execution attempts set to 1
1757192286.256639: 2541899-7f49a2045540: cdpl_server.c:3195: in cdpl_sv_start(): debug: starting server
1757192286.256642: 2541899-7f49a2045540: cdpl_ipc.c:3632: in cdpl_ipc_start(): debug: starting IPC server 152.14.98.53:33783
1757192286.256837: 2541899-7f4965ece700: cdpl_server_ipc.c:1182: in _sv_ipc_thread(): debug: ready
1757192286.256942: 2541899-7f49656cd700: cdpl_monitor.c:426: in cdpl_mn_init_client(): info: creating client monitor instance
1757192286.256962: 2541899-7f49656cd700: cdpl_ipc.c:3475: in cdpl_ipc_init(): info: requesting IPv4 protocol
1757192286.262554: 2541899-7f49656cd700: cdpl_ipc.c:837: in _selectaddrfamily(): info: selected IPv4 protocol
1757192286.262576: 2541899-7f49656cd700: cdpl_ipc.c:1139: in _set_keepalive(): info: TCP keep alive interval: 300
1757192286.265690: 2541899-7f49656cd700: cdpl_ipc.c:3632: in cdpl_ipc_start(): debug: starting IPC server 152.14.98.53:34797
1757192286.265852: 2541899-7f49656cd700: cdpl_monitor.c:471: in cdpl_mn_init_client(): debug: incoming messages in /tmp/cdpl-monitor-g1Ycae
1757192286.265956: 2541899-7f49656cd700: cdpl_monitor.c:533: in cdpl_mn_connect(): debug: connecting to 152.14.98.53:33783
1757192286.265966: 2541899-7f49656cd700: cdpl_ipc.c:3789: in cdpl_ipc_connect(): info: connecting to 152.14.98.53:33783
1757192286.266077: 2541899-7f49656cd700: cdpl_ipc.c:3860: in cdpl_ipc_connect(): info: connected as `152.14.98.53:41300'
1757192286.266094: 2541899-7f49656cd700: cdpl_ipc.c:2503: in cdpl_ipc_host_accept(): debug: accepted host `152.14.98.53:33783'
1757192286.266115: 2541899-7f49666cf700: cdpl_ipc.c:1862: in _epoll_accept(): debug: new connection from `152.14.98.53:41300'
1757192286.266131: 2541899-7f49656cd700: cdpl_monitor.c:579: in cdpl_mn_connect(): debug: ok
1757192286.266154: 2541899-7f49a2045540: cdpl_server.c:731: in cdpl_sv_new_job(): info: new job J1 in M1
1757192286.266169: 2541899-7f4965ece700: cdpl_server_ipc.c:1225: in _sv_ipc_thread(): debug: received ACCEPT notification
1757192286.266178: 2541899-7f49a2045540: cdpl_compat_master.c:1581: in _add_worker(): info: new worker type 10, min:1, max:3, cmd:`/home/argershm/180-voltmeter/Analog/cc/synopsys_custom/pwdp_jobs/saeSession4_diffmodegain.SimulationSimulation_cdpl.0.2541899/START_WORKER pw_worker -i /home/argershm/180-voltmeter/Analog/cc/synopsys_custom/pwdp_jobs
1757192286.266182: 2541899-7f4965ece700: cdpl_ipc.c:2503: in cdpl_ipc_host_accept(): debug: accepted host `152.14.98.53:41300'
1757192286.266192: 2541899-7f49a2045540: cdpl_server.c:908: in cdpl_sv_new_bin_withfarm(): info: new bin B1 in J1
1757192286.266195: 2541899-7f4965ece700: cdpl_server_ipc.c:1256: in _sv_ipc_thread(): debug: received MONITOR message
1757192286.266356: 2541899-7f4965ece700: cdpl_monitor.c:1207: in cdpl_mn_accept(): debug: accepted monitor `152.14.98.53:41300'
1757192286.266360: 2541899-7f4965ece700: cdpl_server_ipc_mon.c:120: in _globalLOCK(): debug: ENTERTING GLOBAL LOCK
1757192286.266363: 2541899-7f4965ece700: cdpl_server_ipc_mon.c:164: in _globalLOCK(): debug: global lock acquired
1757192286.266373: 2541899-7f495affd700: cdpl_monitor.c:910: in mn_systat(): debug: started
1757192286.266667: 2541899-7f495affd700: cdpl_monitor.c:937: in mn_systat(): debug: monitor server flush rate: 5
1757192287.050599: 2541899-7f4965ece700: cdpl_server_ipc_mon.c:210: in _globalUNLOCK(): debug: LEAVING GLOBAL LOCK
1757192287.050632: 2541899-7f49a2045540: cdpl_server.c:3249: in cdpl_sv_start_job(): info: starting job J1
1757192287.050664: 2541899-7f49a2045540: cdpl_server.c:62: in _sv_start_bin(): debug: starting bin B1 (min: 0, max: 3)
1757192287.050823: 2541899-7f49597fa700: cdpl_server_sched.c:2482: in _sv_scheduler_thread(): debug: scheduler for bin B1 started
1757192287.050864: 2541899-7f49a2045540: cdpl_server.c:1893: in _sv_gen_task(): info: new task T0 in B1 (prio 0)
1757192287.050901: 2541899-7f49a2045540: cdpl_server.c:2698: in cdpl_sv_label_task_va(): info: setting task T0 label to "PrimeSim_1|PrimeSim"
1757192287.050949: 2541899-7f49597fa700: cdpl_server_sched.c:2443: in _scheduler_run(): debug: will start a new worker
1757192287.050990: 2541899-7f49597fa700: cdpl_farm.c:3977: in cdpl_farm_submit(): debug: 1 running processes
1757192287.050998: 2541899-7f49597fa700: cdpl_farm.c:3985: in cdpl_farm_submit(): debug: new command C1 in bin B1 assigned to host `localhost'
1757192287.051063: 2541899-7f49597fa700: cdpl_server_sched.c:705: in _sv_launch_worker(): info: started worker W1 (as C1) in bin B1
1757192287.051087: 2541899-7f4958ff9700: cdpl_farm.c:2139: in _schedule(): debug: started
1757192287.051095: 2541899-7f4958ff9700: cdpl_farm.c:2303: in _schedule(): debug: submitting command C1 in bin B1
1757192287.051112: 2541899-7f4958ff9700: cdpl_sh.c:49: in _sh_detached_submit(): info: SH : /home/argershm/180-voltmeter/Analog/cc/synopsys_custom/pwdp_jobs/saeSession4_diffmodegain.SimulationSimulation_cdpl.0.2541899/START_WORKER pw_worker -i /home/argershm/180-voltmeter/Analog/cc/synopsys_custom/pwdp_jobs/saeSession4_diffmodegain.SimulationSimulation_cdpl.0.2541899 -t 10000
1757192287.058763: 2541899-7f4958ff9700: cdpl_farm.c:2343: in _schedule(): debug: C1 in bin B1 running on slot 0
1757192287.058790: 2541899-7f4958ff9700: cdpl_farm.c:2167: in _schedule(): debug: idle
1757192287.078660: 2541899-7f49a2045540: cdpl_compat_master.c:5948: in cdplMasterLogInfo(): info: [non-CDPL log entry] PWDP3: reset pilot cache succeeded, pilot_key=saeSession4,1,diff_mode_gain|&/home/argershm/180-voltmeter/Analog/cc/simulation/integrator,tb_main_opamp,schematic/history_1/simulation/diff_mode_gain/PrimeSimSPICE/nominal/results
1757192287.358859: 2541899-7f4958ff9700: cdpl_farm.c:1193: in _onexit(): debug: C1 in bin B1 exited normally on slot 0
1757192288.163824: 2541899-7f495a7fc700: cdpl_compat_master.c:5948: in cdplMasterLogInfo(): info: [non-CDPL log entry] PWDP - no-workers started ok check start!
1757192288.883081: 2541899-7f49666cf700: cdpl_ipc.c:1862: in _epoll_accept(): debug: new connection from `152.14.98.53:36842'
1757192288.883125: 2541899-7f4965ece700: cdpl_server_ipc.c:1225: in _sv_ipc_thread(): debug: received ACCEPT notification
1757192288.883142: 2541899-7f4965ece700: cdpl_ipc.c:2503: in cdpl_ipc_host_accept(): debug: accepted host `152.14.98.53:36842'
1757192288.883193: 2541899-7f4965ece700: cdpl_server_ipc.c:1246: in _sv_ipc_thread(): debug: received HELLO message
1757192288.883196: 2541899-7f4965ece700: cdpl_server_ipc.c:430: in _sv_on_hello(): debug: looking up W1
1757192288.883199: 2541899-7f4965ece700: cdpl_server_ipc.c:540: in _sv_on_hello(): info: W1 is `152.14.98.53:36842'
1757192288.883201: 2541899-7f4965ece700: cdpl_server_ipc.c:541: in _sv_on_hello(): debug: hello W1 (B1)
1757192288.883203: 2541899-7f4965ece700: cdpl_server_ipc.c:542: in _sv_on_hello(): info: W1 log file is /dev/null
1757192288.883250: 2541899-7f4965ece700: cdpl_server_ipc.c:602: in _sv_on_hello(): info: up to 1 alive workers in B1
1757192288.883259: 2541899-7f4965ece700: cdpl_farm.c:878: in _release_cmd(): debug: freeing command C1 in bin B1
1757192288.883274: 2541899-7f49597fa700: cdpl_server_sched.c:960: in _assign(): info: assigning task T0 to worker W1
1757192288.946540: 2541899-7f4965ece700: cdpl_server_ipc.c:1268: in _sv_ipc_thread(): debug: received RELAY message
1757192288.946558: 2541899-7f4965ece700: cdpl_server_ipc.c:713: in _sv_on_relay(): debug: RELAY message from W1, size = 65
1757192288.946560: 2541899-7f4965ece700: cdpl_server_ipc.c:715: in _sv_on_relay(): debug: RELAY message from W1, content = 0$2550752 claws-compute3.ece.ncsu.edu 2550767 RUNNING 1757192288
1757192289.883459: 2541899-7f4965ece700: cdpl_server_ipc.c:312: in _sv_on_heartbeat(): debug: received HEARTBEAT from worker W1 at 152.14.98.53:36842
1757192291.267366: 2541899-7f49656cd700: cdpl_monitor.c:533: in cdpl_mn_connect(): debug: connecting to 152.14.98.53:46227
1757192291.267376: 2541899-7f49656cd700: cdpl_ipc.c:3789: in cdpl_ipc_connect(): info: connecting to 152.14.98.53:46227
1757192291.267506: 2541899-7f49656cd700: cdpl_ipc.c:3860: in cdpl_ipc_connect(): info: connected as `152.14.98.53:48280'
1757192291.267513: 2541899-7f49656cd700: cdpl_ipc.c:2503: in cdpl_ipc_host_accept(): debug: accepted host `152.14.98.53:46227'
1757192291.267517: 2541899-7f49656cd700: cdpl_monitor.c:579: in cdpl_mn_connect(): debug: ok
1757192295.106369: 2541899-7f4965ece700: cdpl_server_ipc.c:1268: in _sv_ipc_thread(): debug: received RELAY message
1757192295.106387: 2541899-7f4965ece700: cdpl_server_ipc.c:713: in _sv_on_relay(): debug: RELAY message from W1, size = 52
1757192295.106389: 2541899-7f4965ece700: cdpl_server_ipc.c:715: in _sv_on_relay(): debug: RELAY message from W1, content = WORKERDU|8132,/dev/mapper/rhel_claws--compute3-home
1757192295.106395: 2541899-7f4965ece700: cdpl_server_ipc.c:1268: in _sv_ipc_thread(): debug: received RELAY message
1757192295.106397: 2541899-7f4965ece700: cdpl_server_ipc.c:713: in _sv_on_relay(): debug: RELAY message from W1, size = 193
1757192295.106398: 2541899-7f4965ece700: cdpl_server_ipc.c:715: in _sv_on_relay(): debug: RELAY message from W1, content = REQPILOT|saeSession4,1,diff_mode_gain|&/home/argershm/180-voltmeter/Analog/cc/simulation/integrator,tb_main_opamp,schematic/history_1/simulation/diff_mode_gain/PrimeSimSPICE/nominal/results|&0
1757192295.106471: 2541899-7f495b7fe700: cdpl_compat_master.c:5948: in cdplMasterLogInfo(): info: [non-CDPL log entry] PWDP send back 'DOPILOT' to worker id:1 key: saeSession4,1,diff_mode_gain|&/home/argershm/180-voltmeter/Analog/cc/simulation/integrator,tb_main_opamp,schematic/history_1/simulation/diff_mode_gain/PrimeSimSPICE/nominal/results
1757192295.106678: 2541899-7f495b7fe700: cdpl_compat_master.c:5948: in cdplMasterLogInfo(): info: [non-CDPL log entry] PWDP: set pilot doing!
1757192295.109819: 2541899-7f4965ece700: cdpl_server_ipc.c:1268: in _sv_ipc_thread(): debug: received RELAY message
1757192295.109826: 2541899-7f4965ece700: cdpl_server_ipc.c:713: in _sv_on_relay(): debug: RELAY message from W1, size = 189
1757192295.109828: 2541899-7f4965ece700: cdpl_server_ipc.c:715: in _sv_on_relay(): debug: RELAY message from W1, content = PILOTOK|saeSession4,1,diff_mode_gain|&/home/argershm/180-voltmeter/Analog/cc/simulation/integrator,tb_main_opamp,schematic/history_1/simulation/diff_mode_gain/PrimeSimSPICE/nominal/results
1757192295.109837: 2541899-7f495b7fe700: cdpl_compat_master.c:5948: in cdplMasterLogInfo(): info: [non-CDPL log entry] PWDP: set pilot done!
1757192295.109901: 2541899-7f4965ece700: cdpl_server_ipc.c:1268: in _sv_ipc_thread(): debug: received RELAY message
1757192295.109904: 2541899-7f4965ece700: cdpl_server_ipc.c:713: in _sv_on_relay(): debug: RELAY message from W1, size = 18
1757192295.109905: 2541899-7f4965ece700: cdpl_server_ipc.c:715: in _sv_on_relay(): debug: RELAY message from W1, content = 0$- - - MEASDOING
1757192295.375464: 2541899-7f4965ece700: cdpl_server_ipc.c:1268: in _sv_ipc_thread(): debug: received RELAY message
1757192295.375474: 2541899-7f4965ece700: cdpl_server_ipc.c:713: in _sv_on_relay(): debug: RELAY message from W1, size = 77
1757192295.375476: 2541899-7f4965ece700: cdpl_server_ipc.c:715: in _sv_on_relay(): debug: RELAY message from W1, content = 0$2550752 claws-compute3.ece.ncsu.edu 2550767 FINISHED 1757192288|1757192295
1757192295.376944: 2541899-7f4965ece700: cdpl_server_ipc.c:1268: in _sv_ipc_thread(): debug: received RELAY message
1757192295.376954: 2541899-7f4965ece700: cdpl_server_ipc.c:713: in _sv_on_relay(): debug: RELAY message from W1, size = 191
1757192295.376958: 2541899-7f4965ece700: cdpl_server_ipc.c:715: in _sv_on_relay(): debug: RELAY message from W1, content = PILOTDONE|saeSession4,1,diff_mode_gain|&/home/argershm/180-voltmeter/Analog/cc/simulation/integrator,tb_main_opamp,schematic/history_1/simulation/diff_mode_gain/PrimeSimSPICE/nominal/results
1757192295.377032: 2541899-7f495b7fe700: cdpl_compat_master.c:5948: in cdplMasterLogInfo(): info: [non-CDPL log entry] saeSession4,1,diff_mode_gain|&/home/argershm/180-voltmeter/Analog/cc/simulation/integrator,tb_main_opamp,schematic/history_1/simulation/diff_mode_gain/PrimeSimSPICE/nominal/results PILOTDONE!
1757192295.377264: 2541899-7f4965ece700: cdpl_server_ipc.c:1251: in _sv_ipc_thread(): debug: received FINISH message
1757192295.377267: 2541899-7f4965ece700: cdpl_server_ipc.c:983: in _sv_on_finish(): info: worker W1 completed task T0
1757192295.377269: 2541899-7f4965ece700: cdpl_server_ipc.c:988: in _sv_on_finish(): debug: stat T0: utime=3671 stime=1871
1757192295.377271: 2541899-7f4965ece700: cdpl_server_ipc.c:993: in _sv_on_finish(): debug: statm T0: vsize=3055004 rss=1041400 shared=519488 text=474784 data=710460
1757192295.382467: 2541899-7f4965ece700: cdpl_server_ipc.c:1268: in _sv_ipc_thread(): debug: received RELAY message
1757192295.382470: 2541899-7f4965ece700: cdpl_server_ipc.c:713: in _sv_on_relay(): debug: RELAY message from W1, size = 50
1757192295.382472: 2541899-7f4965ece700: cdpl_server_ipc.c:715: in _sv_on_relay(): debug: RELAY message from W1, content = WORKERDU|28,/dev/mapper/rhel_claws--compute3-home
1757192295.471871: 2541899-7f49a2045540: cdpl_server.c:227: in _sv_free_task_safe(): debug: freeing task T0
1757192295.845415: 2541899-7f49a2045540: cdpl_server.c:3008: in cdpl_sv_halt_job_errno(): info: killing job J1
1757192295.845434: 2541899-7f49a2045540: cdpl_server.c:3044: in cdpl_sv_halt_job_errno(): debug: signal bin B1 scheduler to stop
1757192295.845452: 2541899-7f49597fa700: cdpl_server_sched.c:2484: in _sv_scheduler_thread(): debug: scheduler for bin B1 stopped
1757192295.845488: 2541899-7f49597fa700: cdpl_ipc.c:1657: in _host_drop__UNSAFE(): debug: dropping host `152.14.98.53:36842'
1757192295.845527: 2541899-7f49597fa700: cdpl_server_sched.c:2830: in _sv_drop_worker(): info: down to 0 alive workers in B1
1757192295.845534: 2541899-7f4965ece700: cdpl_server_ipc.c:1236: in _sv_ipc_thread(): debug: received DROP notification
1757192295.845549: 2541899-7f49597fa700: cdpl_farm.c:4152: in cdpl_farm_dismiss(): debug: down to 0 running processes
1757192295.845562: 2541899-7f49597fa700: cdpl_server_sched.c:121: in _free_worker_2(): debug: freeing worker W1
1757192295.845574: 2541899-7f49597fa700: cdpl_ipc.c:2513: in cdpl_ipc_host_release(): debug: releasing host `152.14.98.53:36842'
1757192295.845576: 2541899-7f49597fa700: cdpl_ipc.c:2529: in cdpl_ipc_host_release(): debug: scheduling for immediate release
1757192295.845591: 2541899-7f49a2045540: cdpl_server.c:294: in _sv_free_job(): info: freeing job J1
1757192295.845594: 2541899-7f49a2045540: cdpl_server.c:92: in _sv_free_bin(): debug: freeing bin B1
1757192295.845627: 2541899-7f49a2045540: cdpl_monitor.c:515: in cdpl_mn_kill(): info: killing monitor
1757192295.845635: 2541899-7f49a2045540: cdpl_ipc.c:3677: in cdpl_ipc_kill(): debug: stopping event server
1757192295.845650: 2541899-7f4964ecc700: cdpl_ipc.c:2460: in _epoll_main(): debug: server going down...
1757192295.845697: 2541899-7f49666cf700: cdpl_ipc.c:775: in _readv(): warning: read(): EOF
1757192295.845712: 2541899-7f49666cf700: cdpl_ipc.c:2100: in _epoll_recv(): debug: _readv(): Broken pipe
1757192295.845715: 2541899-7f49666cf700: cdpl_ipc.c:2424: in _epoll_main(): debug: _epoll_recv(): Broken pipe
1757192295.845718: 2541899-7f49666cf700: cdpl_ipc.c:1657: in _host_drop__UNSAFE(): debug: dropping host `152.14.98.53:41300'
1757192295.845748: 2541899-7f49666cf700: cdpl_ipc.c:1582: in _host_free__UNSAFE(): debug: freeing host `152.14.98.53:36842'
1757192295.845751: 2541899-7f49666cf700: cdpl_ipc.c:1621: in _host_free__UNSAFE(): debug: [0 outq, 0 spR, 0 spW]
1757192295.845759: 2541899-7f4965ece700: cdpl_server_ipc.c:1236: in _sv_ipc_thread(): debug: received DROP notification
1757192295.845771: 2541899-7f4965ece700: cdpl_monitor.c:1269: in cdpl_mn_drop(): debug: detaching from monitor `152.14.98.53:41300'
1757192295.845783: 2541899-7f4965ece700: cdpl_monitor.c:1101: in mn_systat_stop(): debug: joining systat thread
1757192295.845815: 2541899-7f495affd700: cdpl_monitor.c:1079: in mn_systat(): debug: exiting
1757192295.845833: 2541899-7f4965ece700: cdpl_monitor.c:1103: in mn_systat_stop(): debug: systat thread done
1757192295.845837: 2541899-7f4965ece700: cdpl_ipc.c:2513: in cdpl_ipc_host_release(): debug: releasing host `152.14.98.53:41300'
1757192295.845928: 2541899-7f49656cd700: cdpl_ipc.c:3728: in cdpl_ipc_free(): debug: releasing IPC handle
1757192295.845934: 2541899-7f49656cd700: cdpl_ipc.c:1582: in _host_free__UNSAFE(): debug: freeing host `152.14.98.53:46227'
1757192295.845936: 2541899-7f49656cd700: cdpl_ipc.c:1621: in _host_free__UNSAFE(): debug: [0 outq, 0 spR, 0 spW]
1757192295.845949: 2541899-7f49656cd700: cdpl_ipc.c:1582: in _host_free__UNSAFE(): debug: freeing host `152.14.98.53:33783'
1757192295.845955: 2541899-7f49656cd700: cdpl_ipc.c:1621: in _host_free__UNSAFE(): debug: [0 outq, 0 spR, 0 spW]
1757192295.845965: 2541899-7f49656cd700: cdpl_ipc.c:3756: in cdpl_ipc_free(): warning: 2 host(s) were not released
1757192295.845977: 2541899-7f49656cd700: cdpl_ipc.c:3767: in cdpl_ipc_free(): debug: done
1757192295.845979: 2541899-7f49656cd700: cdpl_monitor.c:1390: in cdpl_mn_free(): debug: freeing monitor client
1757192295.846055: 2541899-7f49a2045540: cdpl_farm.c:2740: in cdpl_farm_free(): info: freeing farm
1757192295.846067: 2541899-7f4958ff9700: cdpl_farm.c:2231: in _schedule(): debug: end of idling
1757192295.846072: 2541899-7f4958ff9700: cdpl_farm.c:2235: in _schedule(): debug: dying
1757192295.846107: 2541899-7f49a2045540: cdpl_farm.c:913: in _killall(): debug: killing all remaining commands
1757192295.846117: 2541899-7f49a2045540: cdpl_server.c:3144: in cdpl_sv_free(): info: freeing server S200359859
1757192295.846131: 2541899-7f49a2045540: cdpl_server.c:3109: in cdpl_sv_kill_errno(): info: killing server
1757192295.846132: 2541899-7f49a2045540: cdpl_ipc.c:3677: in cdpl_ipc_kill(): debug: stopping event server
1757192295.846142: 2541899-7f49666cf700: cdpl_ipc.c:2460: in _epoll_main(): debug: server going down...
1757192295.846147: 2541899-7f4965ece700: cdpl_server_ipc.c:1200: in _sv_ipc_thread(): debug: leaving now
1757192295.846155: 2541899-7f49a2045540: cdpl_server.c:334: in _sv_free_master(): info: freeing master M1
1757192295.846160: 2541899-7f49a2045540: cdpl_hash.c:68: in cdpl_h_destroy(): debug: put operations: 1
1757192295.846162: 2541899-7f49a2045540: cdpl_hash.c:69: in cdpl_h_destroy(): debug: put collisions: 0
1757192295.846163: 2541899-7f49a2045540: cdpl_hash.c:70: in cdpl_h_destroy(): debug: get operations: 1
1757192295.846165: 2541899-7f49a2045540: cdpl_hash.c:71: in cdpl_h_destroy(): debug: get iterations: 1
1757192295.846177: 2541899-7f49a2045540: cdpl_monitor.c:1390: in cdpl_mn_free(): debug: freeing monitor server
1757192295.846179: 2541899-7f49a2045540: cdpl_ipc.c:3728: in cdpl_ipc_free(): debug: releasing IPC handle
1757192295.846181: 2541899-7f49a2045540: cdpl_ipc.c:1582: in _host_free__UNSAFE(): debug: freeing host `152.14.98.53:41300'
1757192295.846183: 2541899-7f49a2045540: cdpl_ipc.c:1621: in _host_free__UNSAFE(): debug: [0 outq, 0 spR, 0 spW]
1757192295.846200: 2541899-7f49a2045540: cdpl_ipc.c:3767: in cdpl_ipc_free(): debug: done
1757192295.846205: 2541899-7f49a2045540: cdpl_log.c:481: in cdpl_log_close(): info: @@end_of_log@@
