1757197637.741893: 2853530-7fe8215a0540: cdpl_log.c:337: in cdpl_log_open(): info: @@start_of_log@@
1757197637.741902: 2853530-7fe8215a0540: cdpl_log.c:1058: in cdpl_log_dump_sysinfo(): info: time: 2025/09/06 18:27:17 EDT -0400
1757197637.741904: 2853530-7fe8215a0540: cdpl_log.c:1060: in cdpl_log_dump_sysinfo(): info: version: W-2024.09-SP1-2 
1757197637.741906: 2853530-7fe8215a0540: cdpl_log.c:1062: in cdpl_log_dump_sysinfo(): info: system: Linux 4.18.0-553.69.1.el8_10.x86_64 #1 SMP Thu Aug 7 18:10:00 EDT 2025
1757197637.741907: 2853530-7fe8215a0540: cdpl_log.c:1067: in cdpl_log_dump_sysinfo(): info: processor: x86_64 64-bits
1757197637.741909: 2853530-7fe8215a0540: cdpl_log.c:1071: in cdpl_log_dump_sysinfo(): info: hostname: claws-compute3.ece.ncsu.edu
1757197637.741910: 2853530-7fe8215a0540: cdpl_log.c:1073: in cdpl_log_dump_sysinfo(): info: program name: custom_shell
1757197637.741912: 2853530-7fe8215a0540: cdpl_log.c:340: in cdpl_log_open(): debug: path: /home/argershm/180-voltmeter/Analog/cc/synopsys_custom/pwdp_jobs/saeSession4_diffmodegain.SimulationSimulation_cdpl.3.2853530/logs/master.claws-compute3.ece.ncsu.edu.2853530.log
1757197637.741914: 2853530-7fe8215a0540: cdpl_log.c:341: in cdpl_log_open(): debug: dir: /home/argershm/180-voltmeter/Analog/cc/synopsys_custom/pwdp_jobs/saeSession4_diffmodegain.SimulationSimulation_cdpl.3.2853530/logs
1757197637.741918: 2853530-7fe8215a0540: cdpl_server.c:536: in cdpl_sv_init(): info: new server S1647174952
1757197637.741921: 2853530-7fe8215a0540: cdpl_ipc.c:3475: in cdpl_ipc_init(): info: requesting IPv4 protocol
1757197637.747668: 2853530-7fe8215a0540: cdpl_ipc.c:837: in _selectaddrfamily(): info: selected IPv4 protocol
1757197637.747684: 2853530-7fe8215a0540: cdpl_ipc.c:1139: in _set_keepalive(): info: TCP keep alive interval: 300
1757197637.752123: 2853530-7fe8215a0540: cdpl_monitor.c:1117: in cdpl_mn_new_server(): info: creating server monitor instance
1757197637.752129: 2853530-7fe8215a0540: cdpl_server.c:650: in cdpl_sv_new_master(): info: new master M1
1757197637.752133: 2853530-7fe8215a0540: cdpl_server.c:6533: in cdpl_sv_ctl_master(): info: Setting worker heartbeat to 120 seconds
1757197637.752135: 2853530-7fe8215a0540: cdpl_server.c:6542: in cdpl_sv_ctl_master(): info: Setting worker heartbeat timeout to 3 heartbeats
1757197637.752137: 2853530-7fe8215a0540: cdpl_compat_master.c:2090: in _parse_hostfile(): info: reading hostfile `/home/argershm/180-voltmeter/Analog/cc/synopsys_custom/pwdp_jobs/saeSession4_diffmodegain.SimulationSimulation_cdpl.3.2853530/host_file'
1757197637.752146: 2853530-7fe8215a0540: cdpl_compat_master.c:1900: in _hostfile_parser(): debug: parsing "1     |localhost|   -1  | /tmp | SH | sh"
1757197637.752151: 2853530-7fe8215a0540: cdpl_farm.c:2578: in cdpl_farm_new_sh(): info: creating SH farm on localhost
1757197637.752154: 2853530-7fe8215a0540: cdpl_compat_master.c:206: in _set_farm_env(): info: exporting CDPL_LOGDIR as `/home/argershm/180-voltmeter/Analog/cc/synopsys_custom/pwdp_jobs/saeSession4_diffmodegain.SimulationSimulation_cdpl.3.2853530/logs'
1757197637.752156: 2853530-7fe8215a0540: cdpl_compat_master.c:212: in _set_farm_env(): info: exporting CDPL_TMPDIR as `/tmp'
1757197637.752158: 2853530-7fe8215a0540: cdpl_compat_master.c:235: in _set_farm_env(): info: exporting SNPSLMD_LICENSE_FILE as `27000@ece-lic-35.ece.ncsu.edu'
1757197637.752161: 2853530-7fe8215a0540: cdpl_compat_master.c:259: in _set_farm_env(): info: exporting CDPL_OPTIONS as `[nowlogs]'
1757197637.752162: 2853530-7fe8215a0540: cdpl_compat_master.c:266: in _set_farm_env(): info: exporting DISPLAY as `unix:22484'
1757197637.752164: 2853530-7fe8215a0540: cdpl_compat_master.c:274: in _set_farm_env(): info: exporting CDPL_HEARTBEAT as `120'
1757197637.752167: 2853530-7fe8215a0540: cdpl_farm.c:3149: in cdpl_farm_add_withdir(): debug: added `localhost' (capacity: unlimited)
1757197637.752168: 2853530-7fe8215a0540: cdpl_compat_parse.c:147: in parsefile(): debug: read `/home/argershm/180-voltmeter/Analog/cc/synopsys_custom/pwdp_jobs/saeSession4_diffmodegain.SimulationSimulation_cdpl.3.2853530/host_file', 2 lines
1757197637.752173: 2853530-7fe8215a0540: cdpl_compat_master.c:2931: in cdplInitMaster(): info: bcast dir is `/home/argershm/180-voltmeter/Analog/cc/synopsys_custom/pwdp_jobs/saeSession4_diffmodegain.SimulationSimulation_cdpl.3.2853530/logs'
1757197637.752202: 2853530-7fe8215a0540: cdpl_server.c:6433: in cdpl_sv_ctl_master(): info: farm worker timeout set to 300
1757197637.752204: 2853530-7fe8215a0540: cdpl_server.c:6486: in cdpl_sv_ctl_master(): info: maximum number of task execution attempts set to 1
1757197637.752207: 2853530-7fe8215a0540: cdpl_server.c:3195: in cdpl_sv_start(): debug: starting server
1757197637.752209: 2853530-7fe8215a0540: cdpl_ipc.c:3632: in cdpl_ipc_start(): debug: starting IPC server 152.14.98.53:45955
1757197637.752421: 2853530-7fe7b6ffd700: cdpl_server_ipc.c:1182: in _sv_ipc_thread(): debug: ready
1757197637.752494: 2853530-7fe7b67fc700: cdpl_monitor.c:426: in cdpl_mn_init_client(): info: creating client monitor instance
1757197637.752509: 2853530-7fe7b67fc700: cdpl_ipc.c:3475: in cdpl_ipc_init(): info: requesting IPv4 protocol
1757197637.756416: 2853530-7fe7b67fc700: cdpl_ipc.c:837: in _selectaddrfamily(): info: selected IPv4 protocol
1757197637.756440: 2853530-7fe7b67fc700: cdpl_ipc.c:1139: in _set_keepalive(): info: TCP keep alive interval: 300
1757197637.759166: 2853530-7fe7b67fc700: cdpl_ipc.c:3632: in cdpl_ipc_start(): debug: starting IPC server 152.14.98.53:40247
1757197637.759310: 2853530-7fe7b67fc700: cdpl_monitor.c:471: in cdpl_mn_init_client(): debug: incoming messages in /tmp/cdpl-monitor-ylXprc
1757197637.759385: 2853530-7fe7b67fc700: cdpl_monitor.c:533: in cdpl_mn_connect(): debug: connecting to 152.14.98.53:45955
1757197637.759388: 2853530-7fe7b67fc700: cdpl_ipc.c:3789: in cdpl_ipc_connect(): info: connecting to 152.14.98.53:45955
1757197637.759444: 2853530-7fe7b67fc700: cdpl_ipc.c:3860: in cdpl_ipc_connect(): info: connected as `152.14.98.53:38314'
1757197637.759449: 2853530-7fe7b67fc700: cdpl_ipc.c:2503: in cdpl_ipc_host_accept(): debug: accepted host `152.14.98.53:45955'
1757197637.759453: 2853530-7fe7b67fc700: cdpl_monitor.c:579: in cdpl_mn_connect(): debug: ok
1757197637.759462: 2853530-7fe8215a0540: cdpl_server.c:731: in cdpl_sv_new_job(): info: new job J1 in M1
1757197637.759473: 2853530-7fe8215a0540: cdpl_compat_master.c:1581: in _add_worker(): info: new worker type 10, min:1, max:3, cmd:`/home/argershm/180-voltmeter/Analog/cc/synopsys_custom/pwdp_jobs/saeSession4_diffmodegain.SimulationSimulation_cdpl.3.2853530/START_WORKER pw_worker -i /home/argershm/180-voltmeter/Analog/cc/synopsys_custom/pwdp_jobs
1757197637.759476: 2853530-7fe7b77fe700: cdpl_ipc.c:1862: in _epoll_accept(): debug: new connection from `152.14.98.53:38314'
1757197637.759491: 2853530-7fe8215a0540: cdpl_server.c:908: in cdpl_sv_new_bin_withfarm(): info: new bin B1 in J1
1757197637.759536: 2853530-7fe7b6ffd700: cdpl_server_ipc.c:1225: in _sv_ipc_thread(): debug: received ACCEPT notification
1757197637.759543: 2853530-7fe7b6ffd700: cdpl_ipc.c:2503: in cdpl_ipc_host_accept(): debug: accepted host `152.14.98.53:38314'
1757197637.759555: 2853530-7fe7b6ffd700: cdpl_server_ipc.c:1256: in _sv_ipc_thread(): debug: received MONITOR message
1757197637.759673: 2853530-7fe7b6ffd700: cdpl_monitor.c:1207: in cdpl_mn_accept(): debug: accepted monitor `152.14.98.53:38314'
1757197637.759677: 2853530-7fe7b6ffd700: cdpl_server_ipc_mon.c:120: in _globalLOCK(): debug: ENTERTING GLOBAL LOCK
1757197637.759680: 2853530-7fe7b6ffd700: cdpl_server_ipc_mon.c:164: in _globalLOCK(): debug: global lock acquired
1757197637.759685: 2853530-7fe79bfff700: cdpl_monitor.c:910: in mn_systat(): debug: started
1757197637.759927: 2853530-7fe79bfff700: cdpl_monitor.c:937: in mn_systat(): debug: monitor server flush rate: 5
1757197638.567476: 2853530-7fe7b6ffd700: cdpl_server_ipc_mon.c:210: in _globalUNLOCK(): debug: LEAVING GLOBAL LOCK
1757197638.567510: 2853530-7fe8215a0540: cdpl_server.c:3249: in cdpl_sv_start_job(): info: starting job J1
1757197638.567537: 2853530-7fe8215a0540: cdpl_server.c:62: in _sv_start_bin(): debug: starting bin B1 (min: 0, max: 3)
1757197638.567666: 2853530-7fe8215a0540: cdpl_server.c:1893: in _sv_gen_task(): info: new task T0 in B1 (prio 0)
1757197638.567673: 2853530-7fe8215a0540: cdpl_server.c:2698: in cdpl_sv_label_task_va(): info: setting task T0 label to "PrimeSim_34|PrimeSim"
1757197638.567950: 2853530-7fe8215a0540: cdpl_server.c:1893: in _sv_gen_task(): info: new task T1 in B1 (prio 0)
1757197638.567962: 2853530-7fe8215a0540: cdpl_server.c:2698: in cdpl_sv_label_task_va(): info: setting task T1 label to "PrimeSim_35|PrimeSim"
1757197638.567982: 2853530-7fe79a7fc700: cdpl_server_sched.c:2482: in _sv_scheduler_thread(): debug: scheduler for bin B1 started
1757197638.567988: 2853530-7fe79a7fc700: cdpl_server_sched.c:2443: in _scheduler_run(): debug: will start a new worker
1757197638.568007: 2853530-7fe79a7fc700: cdpl_farm.c:3977: in cdpl_farm_submit(): debug: 1 running processes
1757197638.568010: 2853530-7fe79a7fc700: cdpl_farm.c:3985: in cdpl_farm_submit(): debug: new command C1 in bin B1 assigned to host `localhost'
1757197638.568048: 2853530-7fe8215a0540: cdpl_server.c:1893: in _sv_gen_task(): info: new task T2 in B1 (prio 0)
1757197638.568133: 2853530-7fe79a7fc700: cdpl_server_sched.c:705: in _sv_launch_worker(): info: started worker W1 (as C1) in bin B1
1757197638.568136: 2853530-7fe79a7fc700: cdpl_server_sched.c:2443: in _scheduler_run(): debug: will start a new worker
1757197638.568139: 2853530-7fe79a7fc700: cdpl_farm.c:3977: in cdpl_farm_submit(): debug: 2 running processes
1757197638.568141: 2853530-7fe79a7fc700: cdpl_farm.c:3985: in cdpl_farm_submit(): debug: new command C2 in bin B1 assigned to host `localhost'
1757197638.568142: 2853530-7fe79a7fc700: cdpl_server_sched.c:705: in _sv_launch_worker(): info: started worker W2 (as C2) in bin B1
1757197638.568161: 2853530-7fe8215a0540: cdpl_server.c:2698: in cdpl_sv_label_task_va(): info: setting task T2 label to "PrimeSim_36|PrimeSim"
1757197638.568170: 2853530-7fe799ffb700: cdpl_farm.c:2139: in _schedule(): debug: started
1757197638.568178: 2853530-7fe799ffb700: cdpl_farm.c:2303: in _schedule(): debug: submitting command C1 in bin B1
1757197638.568185: 2853530-7fe79a7fc700: cdpl_server_sched.c:2443: in _scheduler_run(): debug: will start a new worker
1757197638.568191: 2853530-7fe799ffb700: cdpl_sh.c:49: in _sh_detached_submit(): info: SH : /home/argershm/180-voltmeter/Analog/cc/synopsys_custom/pwdp_jobs/saeSession4_diffmodegain.SimulationSimulation_cdpl.3.2853530/START_WORKER pw_worker -i /home/argershm/180-voltmeter/Analog/cc/synopsys_custom/pwdp_jobs/saeSession4_diffmodegain.SimulationSimulation_cdpl.3.2853530 -t 10000
1757197638.577481: 2853530-7fe799ffb700: cdpl_farm.c:2343: in _schedule(): debug: C1 in bin B1 running on slot 0
1757197638.577507: 2853530-7fe799ffb700: cdpl_farm.c:2303: in _schedule(): debug: submitting command C2 in bin B1
1757197638.577514: 2853530-7fe799ffb700: cdpl_sh.c:49: in _sh_detached_submit(): info: SH : /home/argershm/180-voltmeter/Analog/cc/synopsys_custom/pwdp_jobs/saeSession4_diffmodegain.SimulationSimulation_cdpl.3.2853530/START_WORKER pw_worker -i /home/argershm/180-voltmeter/Analog/cc/synopsys_custom/pwdp_jobs/saeSession4_diffmodegain.SimulationSimulation_cdpl.3.2853530 -t 10000
1757197638.583816: 2853530-7fe799ffb700: cdpl_farm.c:2343: in _schedule(): debug: C2 in bin B1 running on slot 1
1757197638.583833: 2853530-7fe799ffb700: cdpl_farm.c:2167: in _schedule(): debug: idle
1757197638.583851: 2853530-7fe79a7fc700: cdpl_farm.c:3977: in cdpl_farm_submit(): debug: 3 running processes
1757197638.583867: 2853530-7fe79a7fc700: cdpl_farm.c:3985: in cdpl_farm_submit(): debug: new command C3 in bin B1 assigned to host `localhost'
1757197638.583881: 2853530-7fe79a7fc700: cdpl_server_sched.c:705: in _sv_launch_worker(): info: started worker W3 (as C3) in bin B1
1757197638.583885: 2853530-7fe799ffb700: cdpl_farm.c:2231: in _schedule(): debug: end of idling
1757197638.583888: 2853530-7fe799ffb700: cdpl_farm.c:2303: in _schedule(): debug: submitting command C3 in bin B1
1757197638.583894: 2853530-7fe799ffb700: cdpl_sh.c:49: in _sh_detached_submit(): info: SH : /home/argershm/180-voltmeter/Analog/cc/synopsys_custom/pwdp_jobs/saeSession4_diffmodegain.SimulationSimulation_cdpl.3.2853530/START_WORKER pw_worker -i /home/argershm/180-voltmeter/Analog/cc/synopsys_custom/pwdp_jobs/saeSession4_diffmodegain.SimulationSimulation_cdpl.3.2853530 -t 10000
1757197638.588655: 2853530-7fe799ffb700: cdpl_farm.c:2343: in _schedule(): debug: C3 in bin B1 running on slot 2
1757197638.588672: 2853530-7fe799ffb700: cdpl_farm.c:2167: in _schedule(): debug: idle
1757197638.588993: 2853530-7fe8215a0540: cdpl_server.c:1893: in _sv_gen_task(): info: new task T3 in B1 (prio 0)
1757197638.589012: 2853530-7fe8215a0540: cdpl_server.c:2698: in cdpl_sv_label_task_va(): info: setting task T3 label to "PrimeSim_37|PrimeSim"
1757197638.589260: 2853530-7fe8215a0540: cdpl_server.c:1893: in _sv_gen_task(): info: new task T4 in B1 (prio 0)
1757197638.589264: 2853530-7fe8215a0540: cdpl_server.c:2698: in cdpl_sv_label_task_va(): info: setting task T4 label to "PrimeSim_38|PrimeSim"
1757197638.589360: 2853530-7fe8215a0540: cdpl_server.c:1893: in _sv_gen_task(): info: new task T5 in B1 (prio 0)
1757197638.589363: 2853530-7fe8215a0540: cdpl_server.c:2698: in cdpl_sv_label_task_va(): info: setting task T5 label to "PrimeSim_39|PrimeSim"
1757197638.589485: 2853530-7fe8215a0540: cdpl_server.c:1893: in _sv_gen_task(): info: new task T6 in B1 (prio 0)
1757197638.589488: 2853530-7fe8215a0540: cdpl_server.c:2698: in cdpl_sv_label_task_va(): info: setting task T6 label to "PrimeSim_40|PrimeSim"
1757197638.589566: 2853530-7fe8215a0540: cdpl_server.c:1893: in _sv_gen_task(): info: new task T7 in B1 (prio 0)
1757197638.589569: 2853530-7fe8215a0540: cdpl_server.c:2698: in cdpl_sv_label_task_va(): info: setting task T7 label to "PrimeSim_41|PrimeSim"
1757197638.589647: 2853530-7fe8215a0540: cdpl_server.c:1893: in _sv_gen_task(): info: new task T8 in B1 (prio 0)
1757197638.589649: 2853530-7fe8215a0540: cdpl_server.c:2698: in cdpl_sv_label_task_va(): info: setting task T8 label to "PrimeSim_42|PrimeSim"
1757197638.589730: 2853530-7fe8215a0540: cdpl_server.c:1893: in _sv_gen_task(): info: new task T9 in B1 (prio 0)
1757197638.589733: 2853530-7fe8215a0540: cdpl_server.c:2698: in cdpl_sv_label_task_va(): info: setting task T9 label to "PrimeSim_43|PrimeSim"
1757197638.589806: 2853530-7fe8215a0540: cdpl_server.c:1893: in _sv_gen_task(): info: new task T10 in B1 (prio 0)
1757197638.589809: 2853530-7fe8215a0540: cdpl_server.c:2698: in cdpl_sv_label_task_va(): info: setting task T10 label to "PrimeSim_44|PrimeSim"
1757197638.888741: 2853530-7fe799ffb700: cdpl_farm.c:1193: in _onexit(): debug: C1 in bin B1 exited normally on slot 0
1757197638.888756: 2853530-7fe799ffb700: cdpl_farm.c:1193: in _onexit(): debug: C2 in bin B1 exited normally on slot 1
1757197638.888762: 2853530-7fe799ffb700: cdpl_farm.c:1193: in _onexit(): debug: C3 in bin B1 exited normally on slot 2
1757197639.688451: 2853530-7fe79b7fe700: cdpl_compat_master.c:5948: in cdplMasterLogInfo(): info: [non-CDPL log entry] PWDP - no-workers started ok check start!
1757197640.463513: 2853530-7fe7b77fe700: cdpl_ipc.c:1862: in _epoll_accept(): debug: new connection from `152.14.98.53:38324'
1757197640.463551: 2853530-7fe7b6ffd700: cdpl_server_ipc.c:1225: in _sv_ipc_thread(): debug: received ACCEPT notification
1757197640.463564: 2853530-7fe7b6ffd700: cdpl_ipc.c:2503: in cdpl_ipc_host_accept(): debug: accepted host `152.14.98.53:38324'
1757197640.463622: 2853530-7fe7b6ffd700: cdpl_server_ipc.c:1246: in _sv_ipc_thread(): debug: received HELLO message
1757197640.463625: 2853530-7fe7b6ffd700: cdpl_server_ipc.c:430: in _sv_on_hello(): debug: looking up W3
1757197640.463628: 2853530-7fe7b6ffd700: cdpl_server_ipc.c:540: in _sv_on_hello(): info: W3 is `152.14.98.53:38324'
1757197640.463630: 2853530-7fe7b6ffd700: cdpl_server_ipc.c:541: in _sv_on_hello(): debug: hello W3 (B1)
1757197640.463631: 2853530-7fe7b6ffd700: cdpl_server_ipc.c:542: in _sv_on_hello(): info: W3 log file is /dev/null
1757197640.463646: 2853530-7fe7b6ffd700: cdpl_server_ipc.c:602: in _sv_on_hello(): info: up to 1 alive workers in B1
1757197640.463655: 2853530-7fe7b6ffd700: cdpl_farm.c:878: in _release_cmd(): debug: freeing command C3 in bin B1
1757197640.463673: 2853530-7fe79a7fc700: cdpl_server_sched.c:960: in _assign(): info: assigning task T0 to worker W3
1757197640.465507: 2853530-7fe7b77fe700: cdpl_ipc.c:1862: in _epoll_accept(): debug: new connection from `152.14.98.53:38334'
1757197640.465518: 2853530-7fe7b6ffd700: cdpl_server_ipc.c:1225: in _sv_ipc_thread(): debug: received ACCEPT notification
1757197640.465522: 2853530-7fe7b6ffd700: cdpl_ipc.c:2503: in cdpl_ipc_host_accept(): debug: accepted host `152.14.98.53:38334'
1757197640.465650: 2853530-7fe7b6ffd700: cdpl_server_ipc.c:1246: in _sv_ipc_thread(): debug: received HELLO message
1757197640.465652: 2853530-7fe7b6ffd700: cdpl_server_ipc.c:430: in _sv_on_hello(): debug: looking up W1
1757197640.465654: 2853530-7fe7b6ffd700: cdpl_server_ipc.c:540: in _sv_on_hello(): info: W1 is `152.14.98.53:38334'
1757197640.465656: 2853530-7fe7b6ffd700: cdpl_server_ipc.c:541: in _sv_on_hello(): debug: hello W1 (B1)
1757197640.465657: 2853530-7fe7b6ffd700: cdpl_server_ipc.c:542: in _sv_on_hello(): info: W1 log file is /dev/null
1757197640.465661: 2853530-7fe7b6ffd700: cdpl_server_ipc.c:602: in _sv_on_hello(): info: up to 2 alive workers in B1
1757197640.465664: 2853530-7fe7b6ffd700: cdpl_farm.c:878: in _release_cmd(): debug: freeing command C1 in bin B1
1757197640.465676: 2853530-7fe79a7fc700: cdpl_server_sched.c:960: in _assign(): info: assigning task T1 to worker W1
1757197640.466709: 2853530-7fe7b77fe700: cdpl_ipc.c:1862: in _epoll_accept(): debug: new connection from `152.14.98.53:38350'
1757197640.466728: 2853530-7fe7b6ffd700: cdpl_server_ipc.c:1225: in _sv_ipc_thread(): debug: received ACCEPT notification
1757197640.466736: 2853530-7fe7b6ffd700: cdpl_ipc.c:2503: in cdpl_ipc_host_accept(): debug: accepted host `152.14.98.53:38350'
1757197640.466813: 2853530-7fe7b6ffd700: cdpl_server_ipc.c:1246: in _sv_ipc_thread(): debug: received HELLO message
1757197640.466815: 2853530-7fe7b6ffd700: cdpl_server_ipc.c:430: in _sv_on_hello(): debug: looking up W2
1757197640.466818: 2853530-7fe7b6ffd700: cdpl_server_ipc.c:540: in _sv_on_hello(): info: W2 is `152.14.98.53:38350'
1757197640.466820: 2853530-7fe7b6ffd700: cdpl_server_ipc.c:541: in _sv_on_hello(): debug: hello W2 (B1)
1757197640.466822: 2853530-7fe7b6ffd700: cdpl_server_ipc.c:542: in _sv_on_hello(): info: W2 log file is /dev/null
1757197640.466828: 2853530-7fe7b6ffd700: cdpl_server_ipc.c:602: in _sv_on_hello(): info: up to 3 alive workers in B1
1757197640.466832: 2853530-7fe7b6ffd700: cdpl_farm.c:878: in _release_cmd(): debug: freeing command C2 in bin B1
1757197640.466834: 2853530-7fe79a7fc700: cdpl_server_sched.c:960: in _assign(): info: assigning task T2 to worker W2
1757197640.528160: 2853530-7fe7b6ffd700: cdpl_server_ipc.c:1268: in _sv_ipc_thread(): debug: received RELAY message
1757197640.528167: 2853530-7fe7b6ffd700: cdpl_server_ipc.c:713: in _sv_on_relay(): debug: RELAY message from W3, size = 65
1757197640.528170: 2853530-7fe7b6ffd700: cdpl_server_ipc.c:715: in _sv_on_relay(): debug: RELAY message from W3, content = 0$2908736 claws-compute3.ece.ncsu.edu 2908775 RUNNING 1757197640
1757197640.530278: 2853530-7fe7b6ffd700: cdpl_server_ipc.c:1268: in _sv_ipc_thread(): debug: received RELAY message
1757197640.530286: 2853530-7fe7b6ffd700: cdpl_server_ipc.c:713: in _sv_on_relay(): debug: RELAY message from W1, size = 65
1757197640.530288: 2853530-7fe7b6ffd700: cdpl_server_ipc.c:715: in _sv_on_relay(): debug: RELAY message from W1, content = 1$2908734 claws-compute3.ece.ncsu.edu 2908776 RUNNING 1757197640
1757197640.531419: 2853530-7fe7b6ffd700: cdpl_server_ipc.c:1268: in _sv_ipc_thread(): debug: received RELAY message
1757197640.531426: 2853530-7fe7b6ffd700: cdpl_server_ipc.c:713: in _sv_on_relay(): debug: RELAY message from W2, size = 65
1757197640.531429: 2853530-7fe7b6ffd700: cdpl_server_ipc.c:715: in _sv_on_relay(): debug: RELAY message from W2, content = 2$2908735 claws-compute3.ece.ncsu.edu 2908777 RUNNING 1757197640
1757197641.463920: 2853530-7fe7b6ffd700: cdpl_server_ipc.c:312: in _sv_on_heartbeat(): debug: received HEARTBEAT from worker W3 at 152.14.98.53:38324
1757197641.465897: 2853530-7fe7b6ffd700: cdpl_server_ipc.c:312: in _sv_on_heartbeat(): debug: received HEARTBEAT from worker W1 at 152.14.98.53:38334
1757197641.467108: 2853530-7fe7b6ffd700: cdpl_server_ipc.c:312: in _sv_on_heartbeat(): debug: received HEARTBEAT from worker W2 at 152.14.98.53:38350
1757197642.760597: 2853530-7fe7b67fc700: cdpl_monitor.c:533: in cdpl_mn_connect(): debug: connecting to 152.14.98.53:37997
1757197642.760610: 2853530-7fe7b67fc700: cdpl_ipc.c:3789: in cdpl_ipc_connect(): info: connecting to 152.14.98.53:37997
1757197642.760757: 2853530-7fe7b67fc700: cdpl_ipc.c:3860: in cdpl_ipc_connect(): info: connected as `152.14.98.53:42886'
1757197642.760767: 2853530-7fe7b67fc700: cdpl_ipc.c:2503: in cdpl_ipc_host_accept(): debug: accepted host `152.14.98.53:37997'
1757197642.760772: 2853530-7fe7b67fc700: cdpl_monitor.c:579: in cdpl_mn_connect(): debug: ok
1757197642.760779: 2853530-7fe7b67fc700: cdpl_monitor.c:533: in cdpl_mn_connect(): debug: connecting to 152.14.98.53:45681
1757197642.760780: 2853530-7fe7b67fc700: cdpl_ipc.c:3789: in cdpl_ipc_connect(): info: connecting to 152.14.98.53:45681
1757197642.760821: 2853530-7fe7b67fc700: cdpl_ipc.c:3860: in cdpl_ipc_connect(): info: connected as `152.14.98.53:43208'
1757197642.760826: 2853530-7fe7b67fc700: cdpl_ipc.c:2503: in cdpl_ipc_host_accept(): debug: accepted host `152.14.98.53:45681'
1757197642.760829: 2853530-7fe7b67fc700: cdpl_monitor.c:579: in cdpl_mn_connect(): debug: ok
1757197642.760832: 2853530-7fe7b67fc700: cdpl_monitor.c:533: in cdpl_mn_connect(): debug: connecting to 152.14.98.53:46545
1757197642.760833: 2853530-7fe7b67fc700: cdpl_ipc.c:3789: in cdpl_ipc_connect(): info: connecting to 152.14.98.53:46545
1757197642.760873: 2853530-7fe7b67fc700: cdpl_ipc.c:3860: in cdpl_ipc_connect(): info: connected as `152.14.98.53:43910'
1757197642.760877: 2853530-7fe7b67fc700: cdpl_ipc.c:2503: in cdpl_ipc_host_accept(): debug: accepted host `152.14.98.53:46545'
1757197642.760880: 2853530-7fe7b67fc700: cdpl_monitor.c:579: in cdpl_mn_connect(): debug: ok
1757197647.697628: 2853530-7fe7b6ffd700: cdpl_server_ipc.c:1268: in _sv_ipc_thread(): debug: received RELAY message
1757197647.697643: 2853530-7fe7b6ffd700: cdpl_server_ipc.c:713: in _sv_on_relay(): debug: RELAY message from W1, size = 52
1757197647.697646: 2853530-7fe7b6ffd700: cdpl_server_ipc.c:715: in _sv_on_relay(): debug: RELAY message from W1, content = WORKERDU|9072,/dev/mapper/rhel_claws--compute3-home
1757197647.697652: 2853530-7fe7b6ffd700: cdpl_server_ipc.c:1268: in _sv_ipc_thread(): debug: received RELAY message
1757197647.697654: 2853530-7fe7b6ffd700: cdpl_server_ipc.c:713: in _sv_on_relay(): debug: RELAY message from W1, size = 196
1757197647.697656: 2853530-7fe7b6ffd700: cdpl_server_ipc.c:715: in _sv_on_relay(): debug: RELAY message from W1, content = REQPILOT|saeSession4,1,diff_mode_gain|&/home/argershm/180-voltmeter/Analog/cc/simulation/integrator,tb_main_opamp,schematic/history_1/simulation/diff_mode_gain/PrimeSimSPICE/parametric/results|&1
1757197647.697678: 2853530-7fe7b4ff9700: cdpl_compat_master.c:5948: in cdplMasterLogInfo(): info: [non-CDPL log entry] PWDP send back 'DOPILOT' to worker id:1 key: saeSession4,1,diff_mode_gain|&/home/argershm/180-voltmeter/Analog/cc/simulation/integrator,tb_main_opamp,schematic/history_1/simulation/diff_mode_gain/PrimeSimSPICE/parametric/results
1757197647.697808: 2853530-7fe7b4ff9700: cdpl_compat_master.c:5948: in cdplMasterLogInfo(): info: [non-CDPL log entry] PWDP: set pilot doing!
1757197647.701063: 2853530-7fe7b6ffd700: cdpl_server_ipc.c:1268: in _sv_ipc_thread(): debug: received RELAY message
1757197647.701071: 2853530-7fe7b6ffd700: cdpl_server_ipc.c:713: in _sv_on_relay(): debug: RELAY message from W1, size = 192
1757197647.701074: 2853530-7fe7b6ffd700: cdpl_server_ipc.c:715: in _sv_on_relay(): debug: RELAY message from W1, content = PILOTOK|saeSession4,1,diff_mode_gain|&/home/argershm/180-voltmeter/Analog/cc/simulation/integrator,tb_main_opamp,schematic/history_1/simulation/diff_mode_gain/PrimeSimSPICE/parametric/results
1757197647.701086: 2853530-7fe7b4ff9700: cdpl_compat_master.c:5948: in cdplMasterLogInfo(): info: [non-CDPL log entry] PWDP: set pilot done!
1757197647.701155: 2853530-7fe7b6ffd700: cdpl_server_ipc.c:1268: in _sv_ipc_thread(): debug: received RELAY message
1757197647.701157: 2853530-7fe7b6ffd700: cdpl_server_ipc.c:713: in _sv_on_relay(): debug: RELAY message from W1, size = 18
1757197647.701159: 2853530-7fe7b6ffd700: cdpl_server_ipc.c:715: in _sv_on_relay(): debug: RELAY message from W1, content = 1$- - - MEASDOING
1757197647.701491: 2853530-7fe7b6ffd700: cdpl_server_ipc.c:1268: in _sv_ipc_thread(): debug: received RELAY message
1757197647.701493: 2853530-7fe7b6ffd700: cdpl_server_ipc.c:713: in _sv_on_relay(): debug: RELAY message from W3, size = 52
1757197647.701495: 2853530-7fe7b6ffd700: cdpl_server_ipc.c:715: in _sv_on_relay(): debug: RELAY message from W3, content = WORKERDU|9072,/dev/mapper/rhel_claws--compute3-home
1757197647.701519: 2853530-7fe7b6ffd700: cdpl_server_ipc.c:1268: in _sv_ipc_thread(): debug: received RELAY message
1757197647.701521: 2853530-7fe7b6ffd700: cdpl_server_ipc.c:713: in _sv_on_relay(): debug: RELAY message from W3, size = 196
1757197647.701522: 2853530-7fe7b6ffd700: cdpl_server_ipc.c:715: in _sv_on_relay(): debug: RELAY message from W3, content = REQPILOT|saeSession4,1,diff_mode_gain|&/home/argershm/180-voltmeter/Analog/cc/simulation/integrator,tb_main_opamp,schematic/history_1/simulation/diff_mode_gain/PrimeSimSPICE/parametric/results|&0
1757197647.701529: 2853530-7fe7b4ff9700: cdpl_compat_master.c:5948: in cdplMasterLogInfo(): info: [non-CDPL log entry] PWDP send back 'PILOTOK' back to worker id:3 key: saeSession4,1,diff_mode_gain|&/home/argershm/180-voltmeter/Analog/cc/simulation/integrator,tb_main_opamp,schematic/history_1/simulation/diff_mode_gain/PrimeSimSPICE/parametric/results
1757197647.701684: 2853530-7fe7b6ffd700: cdpl_server_ipc.c:1268: in _sv_ipc_thread(): debug: received RELAY message
1757197647.701686: 2853530-7fe7b6ffd700: cdpl_server_ipc.c:713: in _sv_on_relay(): debug: RELAY message from W3, size = 18
1757197647.701687: 2853530-7fe7b6ffd700: cdpl_server_ipc.c:715: in _sv_on_relay(): debug: RELAY message from W3, content = 0$- - - MEASDOING
1757197647.701968: 2853530-7fe7b6ffd700: cdpl_server_ipc.c:1268: in _sv_ipc_thread(): debug: received RELAY message
1757197647.701972: 2853530-7fe7b6ffd700: cdpl_server_ipc.c:713: in _sv_on_relay(): debug: RELAY message from W2, size = 52
1757197647.701974: 2853530-7fe7b6ffd700: cdpl_server_ipc.c:715: in _sv_on_relay(): debug: RELAY message from W2, content = WORKERDU|9072,/dev/mapper/rhel_claws--compute3-home
1757197647.701989: 2853530-7fe7b6ffd700: cdpl_server_ipc.c:1268: in _sv_ipc_thread(): debug: received RELAY message
1757197647.701991: 2853530-7fe7b6ffd700: cdpl_server_ipc.c:713: in _sv_on_relay(): debug: RELAY message from W2, size = 196
1757197647.701992: 2853530-7fe7b6ffd700: cdpl_server_ipc.c:715: in _sv_on_relay(): debug: RELAY message from W2, content = REQPILOT|saeSession4,1,diff_mode_gain|&/home/argershm/180-voltmeter/Analog/cc/simulation/integrator,tb_main_opamp,schematic/history_1/simulation/diff_mode_gain/PrimeSimSPICE/parametric/results|&2
1757197647.701998: 2853530-7fe7b4ff9700: cdpl_compat_master.c:5948: in cdplMasterLogInfo(): info: [non-CDPL log entry] PWDP send back 'PILOTOK' back to worker id:2 key: saeSession4,1,diff_mode_gain|&/home/argershm/180-voltmeter/Analog/cc/simulation/integrator,tb_main_opamp,schematic/history_1/simulation/diff_mode_gain/PrimeSimSPICE/parametric/results
1757197649.083013: 2853530-7fe7b6ffd700: cdpl_server_ipc.c:1268: in _sv_ipc_thread(): debug: received RELAY message
1757197649.083028: 2853530-7fe7b6ffd700: cdpl_server_ipc.c:713: in _sv_on_relay(): debug: RELAY message from W1, size = 77
1757197649.083030: 2853530-7fe7b6ffd700: cdpl_server_ipc.c:715: in _sv_on_relay(): debug: RELAY message from W1, content = 1$2908734 claws-compute3.ece.ncsu.edu 2908776 FINISHED 1757197640|1757197649
1757197649.084442: 2853530-7fe7b6ffd700: cdpl_server_ipc.c:1268: in _sv_ipc_thread(): debug: received RELAY message
1757197649.084450: 2853530-7fe7b6ffd700: cdpl_server_ipc.c:713: in _sv_on_relay(): debug: RELAY message from W1, size = 194
1757197649.084452: 2853530-7fe7b6ffd700: cdpl_server_ipc.c:715: in _sv_on_relay(): debug: RELAY message from W1, content = PILOTDONE|saeSession4,1,diff_mode_gain|&/home/argershm/180-voltmeter/Analog/cc/simulation/integrator,tb_main_opamp,schematic/history_1/simulation/diff_mode_gain/PrimeSimSPICE/parametric/results
1757197649.084472: 2853530-7fe7b4ff9700: cdpl_compat_master.c:5948: in cdplMasterLogInfo(): info: [non-CDPL log entry] saeSession4,1,diff_mode_gain|&/home/argershm/180-voltmeter/Analog/cc/simulation/integrator,tb_main_opamp,schematic/history_1/simulation/diff_mode_gain/PrimeSimSPICE/parametric/results PILOTDONE!
1757197649.084742: 2853530-7fe7b6ffd700: cdpl_server_ipc.c:1251: in _sv_ipc_thread(): debug: received FINISH message
1757197649.084747: 2853530-7fe7b6ffd700: cdpl_server_ipc.c:983: in _sv_on_finish(): info: worker W1 completed task T1
1757197649.084750: 2853530-7fe7b6ffd700: cdpl_server_ipc.c:988: in _sv_on_finish(): debug: stat T1: utime=3973 stime=2331
1757197649.084752: 2853530-7fe7b6ffd700: cdpl_server_ipc.c:993: in _sv_on_finish(): debug: statm T1: vsize=3054972 rss=1041120 shared=519232 text=474784 data=710192
1757197649.084777: 2853530-7fe79a7fc700: cdpl_server_sched.c:960: in _assign(): info: assigning task T3 to worker W1
1757197649.089210: 2853530-7fe7b6ffd700: cdpl_server_ipc.c:1268: in _sv_ipc_thread(): debug: received RELAY message
1757197649.089217: 2853530-7fe7b6ffd700: cdpl_server_ipc.c:713: in _sv_on_relay(): debug: RELAY message from W1, size = 50
1757197649.089220: 2853530-7fe7b6ffd700: cdpl_server_ipc.c:715: in _sv_on_relay(): debug: RELAY message from W1, content = WORKERDU|48,/dev/mapper/rhel_claws--compute3-home
1757197649.118246: 2853530-7fe7b6ffd700: cdpl_server_ipc.c:1268: in _sv_ipc_thread(): debug: received RELAY message
1757197649.118255: 2853530-7fe7b6ffd700: cdpl_server_ipc.c:713: in _sv_on_relay(): debug: RELAY message from W3, size = 77
1757197649.118257: 2853530-7fe7b6ffd700: cdpl_server_ipc.c:715: in _sv_on_relay(): debug: RELAY message from W3, content = 0$2908736 claws-compute3.ece.ncsu.edu 2908775 FINISHED 1757197640|1757197649
1757197649.118511: 2853530-7fe7b6ffd700: cdpl_server_ipc.c:1251: in _sv_ipc_thread(): debug: received FINISH message
1757197649.118517: 2853530-7fe7b6ffd700: cdpl_server_ipc.c:983: in _sv_on_finish(): info: worker W3 completed task T0
1757197649.118519: 2853530-7fe7b6ffd700: cdpl_server_ipc.c:988: in _sv_on_finish(): debug: stat T0: utime=3908 stime=2298
1757197649.118521: 2853530-7fe7b6ffd700: cdpl_server_ipc.c:993: in _sv_on_finish(): debug: statm T0: vsize=3054972 rss=1037656 shared=519812 text=474784 data=710192
1757197649.118540: 2853530-7fe79a7fc700: cdpl_server_sched.c:960: in _assign(): info: assigning task T4 to worker W3
1757197649.123331: 2853530-7fe7b6ffd700: cdpl_server_ipc.c:1268: in _sv_ipc_thread(): debug: received RELAY message
1757197649.123338: 2853530-7fe7b6ffd700: cdpl_server_ipc.c:713: in _sv_on_relay(): debug: RELAY message from W3, size = 50
1757197649.123340: 2853530-7fe7b6ffd700: cdpl_server_ipc.c:715: in _sv_on_relay(): debug: RELAY message from W3, content = WORKERDU|64,/dev/mapper/rhel_claws--compute3-home
1757197649.171843: 2853530-7fe8215a0540: cdpl_server.c:227: in _sv_free_task_safe(): debug: freeing task T1
1757197649.199306: 2853530-7fe8215a0540: cdpl_server.c:227: in _sv_free_task_safe(): debug: freeing task T0
1757197649.291913: 2853530-7fe7b6ffd700: cdpl_server_ipc.c:1268: in _sv_ipc_thread(): debug: received RELAY message
1757197649.291922: 2853530-7fe7b6ffd700: cdpl_server_ipc.c:713: in _sv_on_relay(): debug: RELAY message from W1, size = 65
1757197649.291925: 2853530-7fe7b6ffd700: cdpl_server_ipc.c:715: in _sv_on_relay(): debug: RELAY message from W1, content = 3$2908734 claws-compute3.ece.ncsu.edu 2909853 RUNNING 1757197649
1757197649.300317: 2853530-7fe7b6ffd700: cdpl_server_ipc.c:1268: in _sv_ipc_thread(): debug: received RELAY message
1757197649.300324: 2853530-7fe7b6ffd700: cdpl_server_ipc.c:713: in _sv_on_relay(): debug: RELAY message from W3, size = 65
1757197649.300326: 2853530-7fe7b6ffd700: cdpl_server_ipc.c:715: in _sv_on_relay(): debug: RELAY message from W3, content = 4$2908736 claws-compute3.ece.ncsu.edu 2909855 RUNNING 1757197649
1757197650.510475: 2853530-7fe7b6ffd700: cdpl_server_ipc.c:1268: in _sv_ipc_thread(): debug: received RELAY message
1757197650.510487: 2853530-7fe7b6ffd700: cdpl_server_ipc.c:713: in _sv_on_relay(): debug: RELAY message from W3, size = 196
1757197650.510490: 2853530-7fe7b6ffd700: cdpl_server_ipc.c:715: in _sv_on_relay(): debug: RELAY message from W3, content = REQPILOT|saeSession4,1,diff_mode_gain|&/home/argershm/180-voltmeter/Analog/cc/simulation/integrator,tb_main_opamp,schematic/history_1/simulation/diff_mode_gain/PrimeSimSPICE/parametric/results|&4
1757197650.510516: 2853530-7fe7b4ff9700: cdpl_compat_master.c:5948: in cdplMasterLogInfo(): info: [non-CDPL log entry] PWDP send back 'PILOTOK' back to worker id:3 key: saeSession4,1,diff_mode_gain|&/home/argershm/180-voltmeter/Analog/cc/simulation/integrator,tb_main_opamp,schematic/history_1/simulation/diff_mode_gain/PrimeSimSPICE/parametric/results
1757197650.510707: 2853530-7fe7b6ffd700: cdpl_server_ipc.c:1268: in _sv_ipc_thread(): debug: received RELAY message
1757197650.510712: 2853530-7fe7b6ffd700: cdpl_server_ipc.c:713: in _sv_on_relay(): debug: RELAY message from W3, size = 18
1757197650.510714: 2853530-7fe7b6ffd700: cdpl_server_ipc.c:715: in _sv_on_relay(): debug: RELAY message from W3, content = 4$- - - MEASDOING
1757197650.603772: 2853530-7fe7b6ffd700: cdpl_server_ipc.c:1268: in _sv_ipc_thread(): debug: received RELAY message
1757197650.603780: 2853530-7fe7b6ffd700: cdpl_server_ipc.c:713: in _sv_on_relay(): debug: RELAY message from W1, size = 196
1757197650.603783: 2853530-7fe7b6ffd700: cdpl_server_ipc.c:715: in _sv_on_relay(): debug: RELAY message from W1, content = REQPILOT|saeSession4,1,diff_mode_gain|&/home/argershm/180-voltmeter/Analog/cc/simulation/integrator,tb_main_opamp,schematic/history_1/simulation/diff_mode_gain/PrimeSimSPICE/parametric/results|&3
1757197650.603803: 2853530-7fe7b4ff9700: cdpl_compat_master.c:5948: in cdplMasterLogInfo(): info: [non-CDPL log entry] PWDP send back 'PILOTOK' back to worker id:1 key: saeSession4,1,diff_mode_gain|&/home/argershm/180-voltmeter/Analog/cc/simulation/integrator,tb_main_opamp,schematic/history_1/simulation/diff_mode_gain/PrimeSimSPICE/parametric/results
1757197650.603937: 2853530-7fe7b6ffd700: cdpl_server_ipc.c:1268: in _sv_ipc_thread(): debug: received RELAY message
1757197650.603938: 2853530-7fe7b6ffd700: cdpl_server_ipc.c:713: in _sv_on_relay(): debug: RELAY message from W1, size = 18
1757197650.603940: 2853530-7fe7b6ffd700: cdpl_server_ipc.c:715: in _sv_on_relay(): debug: RELAY message from W1, content = 3$- - - MEASDOING
1757197651.329105: 2853530-7fe7b6ffd700: cdpl_server_ipc.c:1268: in _sv_ipc_thread(): debug: received RELAY message
1757197651.329116: 2853530-7fe7b6ffd700: cdpl_server_ipc.c:713: in _sv_on_relay(): debug: RELAY message from W3, size = 77
1757197651.329119: 2853530-7fe7b6ffd700: cdpl_server_ipc.c:715: in _sv_on_relay(): debug: RELAY message from W3, content = 4$2908736 claws-compute3.ece.ncsu.edu 2909855 FINISHED 1757197649|1757197651
1757197651.329348: 2853530-7fe7b6ffd700: cdpl_server_ipc.c:1251: in _sv_ipc_thread(): debug: received FINISH message
1757197651.329353: 2853530-7fe7b6ffd700: cdpl_server_ipc.c:983: in _sv_on_finish(): info: worker W3 completed task T4
1757197651.329356: 2853530-7fe7b6ffd700: cdpl_server_ipc.c:988: in _sv_on_finish(): debug: stat T4: utime=559 stime=443
1757197651.329358: 2853530-7fe7b6ffd700: cdpl_server_ipc.c:993: in _sv_on_finish(): debug: statm T4: vsize=3054972 rss=1037656 shared=519812 text=474784 data=710192
1757197651.329381: 2853530-7fe79a7fc700: cdpl_server_sched.c:960: in _assign(): info: assigning task T5 to worker W3
1757197651.334027: 2853530-7fe7b6ffd700: cdpl_server_ipc.c:1268: in _sv_ipc_thread(): debug: received RELAY message
1757197651.334042: 2853530-7fe7b6ffd700: cdpl_server_ipc.c:713: in _sv_on_relay(): debug: RELAY message from W3, size = 52
1757197651.334045: 2853530-7fe7b6ffd700: cdpl_server_ipc.c:715: in _sv_on_relay(): debug: RELAY message from W3, content = WORKERDU|9136,/dev/mapper/rhel_claws--compute3-home
1757197651.372749: 2853530-7fe8215a0540: cdpl_server.c:227: in _sv_free_task_safe(): debug: freeing task T4
1757197651.402611: 2853530-7fe7b6ffd700: cdpl_server_ipc.c:1268: in _sv_ipc_thread(): debug: received RELAY message
1757197651.402619: 2853530-7fe7b6ffd700: cdpl_server_ipc.c:713: in _sv_on_relay(): debug: RELAY message from W1, size = 77
1757197651.402621: 2853530-7fe7b6ffd700: cdpl_server_ipc.c:715: in _sv_on_relay(): debug: RELAY message from W1, content = 3$2908734 claws-compute3.ece.ncsu.edu 2909853 FINISHED 1757197649|1757197651
1757197651.402816: 2853530-7fe7b6ffd700: cdpl_server_ipc.c:1251: in _sv_ipc_thread(): debug: received FINISH message
1757197651.402819: 2853530-7fe7b6ffd700: cdpl_server_ipc.c:983: in _sv_on_finish(): info: worker W1 completed task T3
1757197651.402820: 2853530-7fe7b6ffd700: cdpl_server_ipc.c:988: in _sv_on_finish(): debug: stat T3: utime=558 stime=443
1757197651.402822: 2853530-7fe7b6ffd700: cdpl_server_ipc.c:993: in _sv_on_finish(): debug: statm T3: vsize=3054972 rss=1041120 shared=519232 text=474784 data=710192
1757197651.402846: 2853530-7fe79a7fc700: cdpl_server_sched.c:960: in _assign(): info: assigning task T6 to worker W1
1757197651.407624: 2853530-7fe7b6ffd700: cdpl_server_ipc.c:1268: in _sv_ipc_thread(): debug: received RELAY message
1757197651.407631: 2853530-7fe7b6ffd700: cdpl_server_ipc.c:713: in _sv_on_relay(): debug: RELAY message from W1, size = 52
1757197651.407633: 2853530-7fe7b6ffd700: cdpl_server_ipc.c:715: in _sv_on_relay(): debug: RELAY message from W1, content = WORKERDU|9136,/dev/mapper/rhel_claws--compute3-home
1757197651.463466: 2853530-7fe7b6ffd700: cdpl_server_ipc.c:1268: in _sv_ipc_thread(): debug: received RELAY message
1757197651.463473: 2853530-7fe7b6ffd700: cdpl_server_ipc.c:713: in _sv_on_relay(): debug: RELAY message from W3, size = 65
1757197651.463475: 2853530-7fe7b6ffd700: cdpl_server_ipc.c:715: in _sv_on_relay(): debug: RELAY message from W3, content = 5$2908736 claws-compute3.ece.ncsu.edu 2910298 RUNNING 1757197651
1757197651.471273: 2853530-7fe8215a0540: cdpl_server.c:227: in _sv_free_task_safe(): debug: freeing task T3
1757197651.594212: 2853530-7fe7b6ffd700: cdpl_server_ipc.c:1268: in _sv_ipc_thread(): debug: received RELAY message
1757197651.594222: 2853530-7fe7b6ffd700: cdpl_server_ipc.c:713: in _sv_on_relay(): debug: RELAY message from W1, size = 65
1757197651.594224: 2853530-7fe7b6ffd700: cdpl_server_ipc.c:715: in _sv_on_relay(): debug: RELAY message from W1, content = 6$2908734 claws-compute3.ece.ncsu.edu 2910339 RUNNING 1757197651
1757197652.776309: 2853530-7fe7b6ffd700: cdpl_server_ipc.c:1268: in _sv_ipc_thread(): debug: received RELAY message
1757197652.776323: 2853530-7fe7b6ffd700: cdpl_server_ipc.c:713: in _sv_on_relay(): debug: RELAY message from W3, size = 196
1757197652.776325: 2853530-7fe7b6ffd700: cdpl_server_ipc.c:715: in _sv_on_relay(): debug: RELAY message from W3, content = REQPILOT|saeSession4,1,diff_mode_gain|&/home/argershm/180-voltmeter/Analog/cc/simulation/integrator,tb_main_opamp,schematic/history_1/simulation/diff_mode_gain/PrimeSimSPICE/parametric/results|&5
1757197652.776355: 2853530-7fe7b4ff9700: cdpl_compat_master.c:5948: in cdplMasterLogInfo(): info: [non-CDPL log entry] PWDP send back 'PILOTOK' back to worker id:3 key: saeSession4,1,diff_mode_gain|&/home/argershm/180-voltmeter/Analog/cc/simulation/integrator,tb_main_opamp,schematic/history_1/simulation/diff_mode_gain/PrimeSimSPICE/parametric/results
1757197652.776550: 2853530-7fe7b6ffd700: cdpl_server_ipc.c:1268: in _sv_ipc_thread(): debug: received RELAY message
1757197652.776555: 2853530-7fe7b6ffd700: cdpl_server_ipc.c:713: in _sv_on_relay(): debug: RELAY message from W3, size = 18
1757197652.776561: 2853530-7fe7b6ffd700: cdpl_server_ipc.c:715: in _sv_on_relay(): debug: RELAY message from W3, content = 5$- - - MEASDOING
1757197652.905695: 2853530-7fe7b6ffd700: cdpl_server_ipc.c:1268: in _sv_ipc_thread(): debug: received RELAY message
1757197652.905704: 2853530-7fe7b6ffd700: cdpl_server_ipc.c:713: in _sv_on_relay(): debug: RELAY message from W1, size = 196
1757197652.905706: 2853530-7fe7b6ffd700: cdpl_server_ipc.c:715: in _sv_on_relay(): debug: RELAY message from W1, content = REQPILOT|saeSession4,1,diff_mode_gain|&/home/argershm/180-voltmeter/Analog/cc/simulation/integrator,tb_main_opamp,schematic/history_1/simulation/diff_mode_gain/PrimeSimSPICE/parametric/results|&6
1757197652.905728: 2853530-7fe7b4ff9700: cdpl_compat_master.c:5948: in cdplMasterLogInfo(): info: [non-CDPL log entry] PWDP send back 'PILOTOK' back to worker id:1 key: saeSession4,1,diff_mode_gain|&/home/argershm/180-voltmeter/Analog/cc/simulation/integrator,tb_main_opamp,schematic/history_1/simulation/diff_mode_gain/PrimeSimSPICE/parametric/results
1757197652.905878: 2853530-7fe7b6ffd700: cdpl_server_ipc.c:1268: in _sv_ipc_thread(): debug: received RELAY message
1757197652.905883: 2853530-7fe7b6ffd700: cdpl_server_ipc.c:713: in _sv_on_relay(): debug: RELAY message from W1, size = 18
1757197652.905886: 2853530-7fe7b6ffd700: cdpl_server_ipc.c:715: in _sv_on_relay(): debug: RELAY message from W1, content = 6$- - - MEASDOING
1757197653.151635: 2853530-7fe7b6ffd700: cdpl_server_ipc.c:1268: in _sv_ipc_thread(): debug: received RELAY message
1757197653.151644: 2853530-7fe7b6ffd700: cdpl_server_ipc.c:713: in _sv_on_relay(): debug: RELAY message from W3, size = 52
1757197653.151646: 2853530-7fe7b6ffd700: cdpl_server_ipc.c:715: in _sv_on_relay(): debug: RELAY message from W3, content = WORKERDU|9136,/dev/mapper/rhel_claws--compute3-home
1757197653.280695: 2853530-7fe7b6ffd700: cdpl_server_ipc.c:1268: in _sv_ipc_thread(): debug: received RELAY message
1757197653.280704: 2853530-7fe7b6ffd700: cdpl_server_ipc.c:713: in _sv_on_relay(): debug: RELAY message from W1, size = 52
1757197653.280707: 2853530-7fe7b6ffd700: cdpl_server_ipc.c:715: in _sv_on_relay(): debug: RELAY message from W1, content = WORKERDU|9136,/dev/mapper/rhel_claws--compute3-home
1757197653.659704: 2853530-7fe7b6ffd700: cdpl_server_ipc.c:1268: in _sv_ipc_thread(): debug: received RELAY message
1757197653.659718: 2853530-7fe7b6ffd700: cdpl_server_ipc.c:713: in _sv_on_relay(): debug: RELAY message from W3, size = 77
1757197653.659721: 2853530-7fe7b6ffd700: cdpl_server_ipc.c:715: in _sv_on_relay(): debug: RELAY message from W3, content = 5$2908736 claws-compute3.ece.ncsu.edu 2910298 FINISHED 1757197651|1757197653
1757197653.659909: 2853530-7fe7b6ffd700: cdpl_server_ipc.c:1251: in _sv_ipc_thread(): debug: received FINISH message
1757197653.659915: 2853530-7fe7b6ffd700: cdpl_server_ipc.c:983: in _sv_on_finish(): info: worker W3 completed task T5
1757197653.659917: 2853530-7fe7b6ffd700: cdpl_server_ipc.c:988: in _sv_on_finish(): debug: stat T5: utime=562 stime=434
1757197653.659919: 2853530-7fe7b6ffd700: cdpl_server_ipc.c:993: in _sv_on_finish(): debug: statm T5: vsize=3054972 rss=1037656 shared=519812 text=474784 data=710192
1757197653.659941: 2853530-7fe79a7fc700: cdpl_server_sched.c:960: in _assign(): info: assigning task T7 to worker W3
1757197653.673473: 2853530-7fe8215a0540: cdpl_server.c:227: in _sv_free_task_safe(): debug: freeing task T5
1757197653.685353: 2853530-7fe7b6ffd700: cdpl_server_ipc.c:1268: in _sv_ipc_thread(): debug: received RELAY message
1757197653.685361: 2853530-7fe7b6ffd700: cdpl_server_ipc.c:713: in _sv_on_relay(): debug: RELAY message from W1, size = 77
1757197653.685364: 2853530-7fe7b6ffd700: cdpl_server_ipc.c:715: in _sv_on_relay(): debug: RELAY message from W1, content = 6$2908734 claws-compute3.ece.ncsu.edu 2910339 FINISHED 1757197651|1757197653
1757197653.685591: 2853530-7fe7b6ffd700: cdpl_server_ipc.c:1251: in _sv_ipc_thread(): debug: received FINISH message
1757197653.685597: 2853530-7fe7b6ffd700: cdpl_server_ipc.c:983: in _sv_on_finish(): info: worker W1 completed task T6
1757197653.685605: 2853530-7fe7b6ffd700: cdpl_server_ipc.c:988: in _sv_on_finish(): debug: stat T6: utime=555 stime=442
1757197653.685607: 2853530-7fe7b6ffd700: cdpl_server_ipc.c:993: in _sv_on_finish(): debug: statm T6: vsize=3054972 rss=1041120 shared=519232 text=474784 data=710192
1757197653.685618: 2853530-7fe79a7fc700: cdpl_server_sched.c:960: in _assign(): info: assigning task T8 to worker W1
1757197653.771783: 2853530-7fe8215a0540: cdpl_server.c:227: in _sv_free_task_safe(): debug: freeing task T6
1757197653.790485: 2853530-7fe7b6ffd700: cdpl_server_ipc.c:1268: in _sv_ipc_thread(): debug: received RELAY message
1757197653.790494: 2853530-7fe7b6ffd700: cdpl_server_ipc.c:713: in _sv_on_relay(): debug: RELAY message from W3, size = 65
1757197653.790496: 2853530-7fe7b6ffd700: cdpl_server_ipc.c:715: in _sv_on_relay(): debug: RELAY message from W3, content = 7$2908736 claws-compute3.ece.ncsu.edu 2910823 RUNNING 1757197653
1757197653.895978: 2853530-7fe7b6ffd700: cdpl_server_ipc.c:1268: in _sv_ipc_thread(): debug: received RELAY message
1757197653.895994: 2853530-7fe7b6ffd700: cdpl_server_ipc.c:713: in _sv_on_relay(): debug: RELAY message from W1, size = 65
1757197653.895997: 2853530-7fe7b6ffd700: cdpl_server_ipc.c:715: in _sv_on_relay(): debug: RELAY message from W1, content = 8$2908734 claws-compute3.ece.ncsu.edu 2910859 RUNNING 1757197653
1757197655.101613: 2853530-7fe7b6ffd700: cdpl_server_ipc.c:1268: in _sv_ipc_thread(): debug: received RELAY message
1757197655.101626: 2853530-7fe7b6ffd700: cdpl_server_ipc.c:713: in _sv_on_relay(): debug: RELAY message from W3, size = 196
1757197655.101629: 2853530-7fe7b6ffd700: cdpl_server_ipc.c:715: in _sv_on_relay(): debug: RELAY message from W3, content = REQPILOT|saeSession4,1,diff_mode_gain|&/home/argershm/180-voltmeter/Analog/cc/simulation/integrator,tb_main_opamp,schematic/history_1/simulation/diff_mode_gain/PrimeSimSPICE/parametric/results|&7
1757197655.101672: 2853530-7fe7b4ff9700: cdpl_compat_master.c:5948: in cdplMasterLogInfo(): info: [non-CDPL log entry] PWDP send back 'PILOTOK' back to worker id:3 key: saeSession4,1,diff_mode_gain|&/home/argershm/180-voltmeter/Analog/cc/simulation/integrator,tb_main_opamp,schematic/history_1/simulation/diff_mode_gain/PrimeSimSPICE/parametric/results
1757197655.101859: 2853530-7fe7b6ffd700: cdpl_server_ipc.c:1268: in _sv_ipc_thread(): debug: received RELAY message
1757197655.101861: 2853530-7fe7b6ffd700: cdpl_server_ipc.c:713: in _sv_on_relay(): debug: RELAY message from W3, size = 18
1757197655.101862: 2853530-7fe7b6ffd700: cdpl_server_ipc.c:715: in _sv_on_relay(): debug: RELAY message from W3, content = 7$- - - MEASDOING
1757197655.205476: 2853530-7fe7b6ffd700: cdpl_server_ipc.c:1268: in _sv_ipc_thread(): debug: received RELAY message
1757197655.205499: 2853530-7fe7b6ffd700: cdpl_server_ipc.c:713: in _sv_on_relay(): debug: RELAY message from W1, size = 196
1757197655.205502: 2853530-7fe7b6ffd700: cdpl_server_ipc.c:715: in _sv_on_relay(): debug: RELAY message from W1, content = REQPILOT|saeSession4,1,diff_mode_gain|&/home/argershm/180-voltmeter/Analog/cc/simulation/integrator,tb_main_opamp,schematic/history_1/simulation/diff_mode_gain/PrimeSimSPICE/parametric/results|&8
1757197655.205539: 2853530-7fe7b4ff9700: cdpl_compat_master.c:5948: in cdplMasterLogInfo(): info: [non-CDPL log entry] PWDP send back 'PILOTOK' back to worker id:1 key: saeSession4,1,diff_mode_gain|&/home/argershm/180-voltmeter/Analog/cc/simulation/integrator,tb_main_opamp,schematic/history_1/simulation/diff_mode_gain/PrimeSimSPICE/parametric/results
1757197655.205676: 2853530-7fe7b6ffd700: cdpl_server_ipc.c:1268: in _sv_ipc_thread(): debug: received RELAY message
1757197655.205681: 2853530-7fe7b6ffd700: cdpl_server_ipc.c:713: in _sv_on_relay(): debug: RELAY message from W1, size = 18
1757197655.205683: 2853530-7fe7b6ffd700: cdpl_server_ipc.c:715: in _sv_on_relay(): debug: RELAY message from W1, content = 8$- - - MEASDOING
1757197655.905400: 2853530-7fe7b6ffd700: cdpl_server_ipc.c:1268: in _sv_ipc_thread(): debug: received RELAY message
1757197655.905429: 2853530-7fe7b6ffd700: cdpl_server_ipc.c:713: in _sv_on_relay(): debug: RELAY message from W3, size = 77
1757197655.905431: 2853530-7fe7b6ffd700: cdpl_server_ipc.c:715: in _sv_on_relay(): debug: RELAY message from W3, content = 7$2908736 claws-compute3.ece.ncsu.edu 2910823 FINISHED 1757197653|1757197655
1757197655.905646: 2853530-7fe7b6ffd700: cdpl_server_ipc.c:1251: in _sv_ipc_thread(): debug: received FINISH message
1757197655.905651: 2853530-7fe7b6ffd700: cdpl_server_ipc.c:983: in _sv_on_finish(): info: worker W3 completed task T7
1757197655.905653: 2853530-7fe7b6ffd700: cdpl_server_ipc.c:988: in _sv_on_finish(): debug: stat T7: utime=569 stime=434
1757197655.905655: 2853530-7fe7b6ffd700: cdpl_server_ipc.c:993: in _sv_on_finish(): debug: statm T7: vsize=3054972 rss=1037660 shared=519812 text=474784 data=710192
1757197655.905680: 2853530-7fe79a7fc700: cdpl_server_sched.c:960: in _assign(): info: assigning task T9 to worker W3
1757197655.910657: 2853530-7fe7b6ffd700: cdpl_server_ipc.c:1268: in _sv_ipc_thread(): debug: received RELAY message
1757197655.910667: 2853530-7fe7b6ffd700: cdpl_server_ipc.c:713: in _sv_on_relay(): debug: RELAY message from W3, size = 52
1757197655.910669: 2853530-7fe7b6ffd700: cdpl_server_ipc.c:715: in _sv_on_relay(): debug: RELAY message from W3, content = WORKERDU|9136,/dev/mapper/rhel_claws--compute3-home
1757197655.974408: 2853530-7fe8215a0540: cdpl_server.c:227: in _sv_free_task_safe(): debug: freeing task T7
1757197655.997765: 2853530-7fe7b6ffd700: cdpl_server_ipc.c:1268: in _sv_ipc_thread(): debug: received RELAY message
1757197655.997774: 2853530-7fe7b6ffd700: cdpl_server_ipc.c:713: in _sv_on_relay(): debug: RELAY message from W1, size = 77
1757197655.997776: 2853530-7fe7b6ffd700: cdpl_server_ipc.c:715: in _sv_on_relay(): debug: RELAY message from W1, content = 8$2908734 claws-compute3.ece.ncsu.edu 2910859 FINISHED 1757197653|1757197655
1757197655.998020: 2853530-7fe7b6ffd700: cdpl_server_ipc.c:1251: in _sv_ipc_thread(): debug: received FINISH message
1757197655.998028: 2853530-7fe7b6ffd700: cdpl_server_ipc.c:983: in _sv_on_finish(): info: worker W1 completed task T8
1757197655.998030: 2853530-7fe7b6ffd700: cdpl_server_ipc.c:988: in _sv_on_finish(): debug: stat T8: utime=568 stime=428
1757197655.998032: 2853530-7fe7b6ffd700: cdpl_server_ipc.c:993: in _sv_on_finish(): debug: statm T8: vsize=3054972 rss=1041124 shared=519232 text=474784 data=710192
1757197655.998053: 2853530-7fe79a7fc700: cdpl_server_sched.c:960: in _assign(): info: assigning task T10 to worker W1
1757197656.002730: 2853530-7fe7b6ffd700: cdpl_server_ipc.c:1268: in _sv_ipc_thread(): debug: received RELAY message
1757197656.002738: 2853530-7fe7b6ffd700: cdpl_server_ipc.c:713: in _sv_on_relay(): debug: RELAY message from W1, size = 52
1757197656.002741: 2853530-7fe7b6ffd700: cdpl_server_ipc.c:715: in _sv_on_relay(): debug: RELAY message from W1, content = WORKERDU|9136,/dev/mapper/rhel_claws--compute3-home
1757197656.071867: 2853530-7fe8215a0540: cdpl_server.c:227: in _sv_free_task_safe(): debug: freeing task T8
1757197656.092260: 2853530-7fe7b6ffd700: cdpl_server_ipc.c:1268: in _sv_ipc_thread(): debug: received RELAY message
1757197656.092269: 2853530-7fe7b6ffd700: cdpl_server_ipc.c:713: in _sv_on_relay(): debug: RELAY message from W3, size = 65
1757197656.092271: 2853530-7fe7b6ffd700: cdpl_server_ipc.c:715: in _sv_on_relay(): debug: RELAY message from W3, content = 9$2908736 claws-compute3.ece.ncsu.edu 2911274 RUNNING 1757197656
1757197656.192077: 2853530-7fe7b6ffd700: cdpl_server_ipc.c:1268: in _sv_ipc_thread(): debug: received RELAY message
1757197656.192089: 2853530-7fe7b6ffd700: cdpl_server_ipc.c:713: in _sv_on_relay(): debug: RELAY message from W1, size = 66
1757197656.192091: 2853530-7fe7b6ffd700: cdpl_server_ipc.c:715: in _sv_on_relay(): debug: RELAY message from W1, content = 10$2908734 claws-compute3.ece.ncsu.edu 2911440 RUNNING 1757197656
1757197657.406980: 2853530-7fe7b6ffd700: cdpl_server_ipc.c:1268: in _sv_ipc_thread(): debug: received RELAY message
1757197657.406992: 2853530-7fe7b6ffd700: cdpl_server_ipc.c:713: in _sv_on_relay(): debug: RELAY message from W3, size = 196
1757197657.407001: 2853530-7fe7b6ffd700: cdpl_server_ipc.c:715: in _sv_on_relay(): debug: RELAY message from W3, content = REQPILOT|saeSession4,1,diff_mode_gain|&/home/argershm/180-voltmeter/Analog/cc/simulation/integrator,tb_main_opamp,schematic/history_1/simulation/diff_mode_gain/PrimeSimSPICE/parametric/results|&9
1757197657.407028: 2853530-7fe7b4ff9700: cdpl_compat_master.c:5948: in cdplMasterLogInfo(): info: [non-CDPL log entry] PWDP send back 'PILOTOK' back to worker id:3 key: saeSession4,1,diff_mode_gain|&/home/argershm/180-voltmeter/Analog/cc/simulation/integrator,tb_main_opamp,schematic/history_1/simulation/diff_mode_gain/PrimeSimSPICE/parametric/results
1757197657.407143: 2853530-7fe7b6ffd700: cdpl_server_ipc.c:1268: in _sv_ipc_thread(): debug: received RELAY message
1757197657.407145: 2853530-7fe7b6ffd700: cdpl_server_ipc.c:713: in _sv_on_relay(): debug: RELAY message from W3, size = 18
1757197657.407147: 2853530-7fe7b6ffd700: cdpl_server_ipc.c:715: in _sv_on_relay(): debug: RELAY message from W3, content = 9$- - - MEASDOING
1757197657.504265: 2853530-7fe7b6ffd700: cdpl_server_ipc.c:1268: in _sv_ipc_thread(): debug: received RELAY message
1757197657.504276: 2853530-7fe7b6ffd700: cdpl_server_ipc.c:713: in _sv_on_relay(): debug: RELAY message from W1, size = 197
1757197657.504278: 2853530-7fe7b6ffd700: cdpl_server_ipc.c:715: in _sv_on_relay(): debug: RELAY message from W1, content = REQPILOT|saeSession4,1,diff_mode_gain|&/home/argershm/180-voltmeter/Analog/cc/simulation/integrator,tb_main_opamp,schematic/history_1/simulation/diff_mode_gain/PrimeSimSPICE/parametric/results|&10
1757197657.504300: 2853530-7fe7b4ff9700: cdpl_compat_master.c:5948: in cdplMasterLogInfo(): info: [non-CDPL log entry] PWDP send back 'PILOTOK' back to worker id:1 key: saeSession4,1,diff_mode_gain|&/home/argershm/180-voltmeter/Analog/cc/simulation/integrator,tb_main_opamp,schematic/history_1/simulation/diff_mode_gain/PrimeSimSPICE/parametric/results
1757197657.504429: 2853530-7fe7b6ffd700: cdpl_server_ipc.c:1268: in _sv_ipc_thread(): debug: received RELAY message
1757197657.504434: 2853530-7fe7b6ffd700: cdpl_server_ipc.c:713: in _sv_on_relay(): debug: RELAY message from W1, size = 19
1757197657.504436: 2853530-7fe7b6ffd700: cdpl_server_ipc.c:715: in _sv_on_relay(): debug: RELAY message from W1, content = 10$- - - MEASDOING
1757197658.193395: 2853530-7fe7b6ffd700: cdpl_server_ipc.c:1268: in _sv_ipc_thread(): debug: received RELAY message
1757197658.193411: 2853530-7fe7b6ffd700: cdpl_server_ipc.c:713: in _sv_on_relay(): debug: RELAY message from W3, size = 77
1757197658.193413: 2853530-7fe7b6ffd700: cdpl_server_ipc.c:715: in _sv_on_relay(): debug: RELAY message from W3, content = 9$2908736 claws-compute3.ece.ncsu.edu 2911274 FINISHED 1757197656|1757197658
1757197658.193597: 2853530-7fe7b6ffd700: cdpl_server_ipc.c:1251: in _sv_ipc_thread(): debug: received FINISH message
1757197658.193602: 2853530-7fe7b6ffd700: cdpl_server_ipc.c:983: in _sv_on_finish(): info: worker W3 completed task T9
1757197658.193604: 2853530-7fe7b6ffd700: cdpl_server_ipc.c:988: in _sv_on_finish(): debug: stat T9: utime=568 stime=457
1757197658.193607: 2853530-7fe7b6ffd700: cdpl_server_ipc.c:993: in _sv_on_finish(): debug: statm T9: vsize=3054972 rss=1037660 shared=519812 text=474784 data=710192
1757197658.198608: 2853530-7fe7b6ffd700: cdpl_server_ipc.c:1268: in _sv_ipc_thread(): debug: received RELAY message
1757197658.198616: 2853530-7fe7b6ffd700: cdpl_server_ipc.c:713: in _sv_on_relay(): debug: RELAY message from W3, size = 52
1757197658.198618: 2853530-7fe7b6ffd700: cdpl_server_ipc.c:715: in _sv_on_relay(): debug: RELAY message from W3, content = WORKERDU|9136,/dev/mapper/rhel_claws--compute3-home
1757197658.273788: 2853530-7fe8215a0540: cdpl_server.c:227: in _sv_free_task_safe(): debug: freeing task T9
1757197658.316366: 2853530-7fe7b6ffd700: cdpl_server_ipc.c:1268: in _sv_ipc_thread(): debug: received RELAY message
1757197658.316380: 2853530-7fe7b6ffd700: cdpl_server_ipc.c:713: in _sv_on_relay(): debug: RELAY message from W1, size = 78
1757197658.316389: 2853530-7fe7b6ffd700: cdpl_server_ipc.c:715: in _sv_on_relay(): debug: RELAY message from W1, content = 10$2908734 claws-compute3.ece.ncsu.edu 2911440 FINISHED 1757197656|1757197658
1757197658.316554: 2853530-7fe7b6ffd700: cdpl_server_ipc.c:1251: in _sv_ipc_thread(): debug: received FINISH message
1757197658.316556: 2853530-7fe7b6ffd700: cdpl_server_ipc.c:983: in _sv_on_finish(): info: worker W1 completed task T10
1757197658.316558: 2853530-7fe7b6ffd700: cdpl_server_ipc.c:988: in _sv_on_finish(): debug: stat T10: utime=578 stime=434
1757197658.316560: 2853530-7fe7b6ffd700: cdpl_server_ipc.c:993: in _sv_on_finish(): debug: statm T10: vsize=3054972 rss=1041124 shared=519232 text=474784 data=710192
1757197658.321532: 2853530-7fe7b6ffd700: cdpl_server_ipc.c:1268: in _sv_ipc_thread(): debug: received RELAY message
1757197658.321536: 2853530-7fe7b6ffd700: cdpl_server_ipc.c:713: in _sv_on_relay(): debug: RELAY message from W1, size = 52
1757197658.321537: 2853530-7fe7b6ffd700: cdpl_server_ipc.c:715: in _sv_on_relay(): debug: RELAY message from W1, content = WORKERDU|9136,/dev/mapper/rhel_claws--compute3-home
1757197658.371119: 2853530-7fe8215a0540: cdpl_server.c:227: in _sv_free_task_safe(): debug: freeing task T10
1757197677.702292: 2853530-7fe7b6ffd700: cdpl_server_ipc.c:1268: in _sv_ipc_thread(): debug: received RELAY message
1757197677.702327: 2853530-7fe7b6ffd700: cdpl_server_ipc.c:713: in _sv_on_relay(): debug: RELAY message from W2, size = 18
1757197677.702329: 2853530-7fe7b6ffd700: cdpl_server_ipc.c:715: in _sv_on_relay(): debug: RELAY message from W2, content = 2$- - - MEASDOING
1757197678.259612: 2853530-7fe7b6ffd700: cdpl_server_ipc.c:1268: in _sv_ipc_thread(): debug: received RELAY message
1757197678.259625: 2853530-7fe7b6ffd700: cdpl_server_ipc.c:713: in _sv_on_relay(): debug: RELAY message from W2, size = 50
1757197678.259627: 2853530-7fe7b6ffd700: cdpl_server_ipc.c:715: in _sv_on_relay(): debug: RELAY message from W2, content = WORKERDU|36,/dev/mapper/rhel_claws--compute3-home
1757197678.271824: 2853530-7fe7b5ffb700: cdpl_ipc.c:775: in _readv(): warning: read(): EOF
1757197678.271844: 2853530-7fe7b5ffb700: cdpl_ipc.c:2100: in _epoll_recv(): debug: _readv(): Broken pipe
1757197678.271847: 2853530-7fe7b5ffb700: cdpl_ipc.c:2424: in _epoll_main(): debug: _epoll_recv(): Broken pipe
1757197678.271852: 2853530-7fe7b5ffb700: cdpl_ipc.c:1657: in _host_drop__UNSAFE(): debug: dropping host `152.14.98.53:37997'
1757197678.271976: 2853530-7fe7b57fa700: cdpl_monitor.c:290: in mn_listen(): debug: received DROP message
1757197678.271990: 2853530-7fe7b77fe700: cdpl_ipc.c:775: in _readv(): warning: read(): EOF
1757197678.271999: 2853530-7fe7b57fa700: cdpl_ipc.c:2513: in cdpl_ipc_host_release(): debug: releasing host `152.14.98.53:37997'
1757197678.272004: 2853530-7fe7b77fe700: cdpl_ipc.c:2100: in _epoll_recv(): debug: _readv(): Broken pipe
1757197678.272007: 2853530-7fe7b77fe700: cdpl_ipc.c:2424: in _epoll_main(): debug: _epoll_recv(): Broken pipe
1757197678.272012: 2853530-7fe7b77fe700: cdpl_ipc.c:1657: in _host_drop__UNSAFE(): debug: dropping host `152.14.98.53:38324'
1757197678.272058: 2853530-7fe7b6ffd700: cdpl_server_ipc.c:1236: in _sv_ipc_thread(): debug: received DROP notification
1757197678.272065: 2853530-7fe7b6ffd700: cdpl_server_sched.c:2796: in _sv_record_crashed_worker(): debug: dropping worker W3
1757197678.272068: 2853530-7fe7b6ffd700: cdpl_server_ipc.c:188: in _sv_on_drop_worker(): debug: down to 2 live workers in B1
1757197678.272081: 2853530-7fe79a7fc700: cdpl_server_sched.c:750: in _empty_trash(): debug: freeing worker W3 while emptying trash list for bin B1
1757197678.272088: 2853530-7fe79a7fc700: cdpl_farm.c:4152: in cdpl_farm_dismiss(): debug: down to 2 running processes
1757197678.272091: 2853530-7fe79a7fc700: cdpl_server_sched.c:121: in _free_worker_2(): debug: freeing worker W3
1757197678.272095: 2853530-7fe79a7fc700: cdpl_ipc.c:2513: in cdpl_ipc_host_release(): debug: releasing host `152.14.98.53:38324'
1757197678.272097: 2853530-7fe79a7fc700: cdpl_ipc.c:2529: in cdpl_ipc_host_release(): debug: scheduling for immediate release
1757197678.385622: 2853530-7fe7b5ffb700: cdpl_ipc.c:775: in _readv(): warning: read(): EOF
1757197678.385635: 2853530-7fe7b5ffb700: cdpl_ipc.c:2100: in _epoll_recv(): debug: _readv(): Broken pipe
1757197678.385639: 2853530-7fe7b5ffb700: cdpl_ipc.c:2424: in _epoll_main(): debug: _epoll_recv(): Broken pipe
1757197678.385641: 2853530-7fe7b77fe700: cdpl_ipc.c:775: in _readv(): warning: read(): EOF
1757197678.385651: 2853530-7fe7b77fe700: cdpl_ipc.c:2100: in _epoll_recv(): debug: _readv(): Broken pipe
1757197678.385655: 2853530-7fe7b77fe700: cdpl_ipc.c:2424: in _epoll_main(): debug: _epoll_recv(): Broken pipe
1757197678.385657: 2853530-7fe7b5ffb700: cdpl_ipc.c:1657: in _host_drop__UNSAFE(): debug: dropping host `152.14.98.53:45681'
1757197678.385664: 2853530-7fe7b77fe700: cdpl_ipc.c:1657: in _host_drop__UNSAFE(): debug: dropping host `152.14.98.53:38334'
1757197678.385693: 2853530-7fe7b5ffb700: cdpl_ipc.c:1582: in _host_free__UNSAFE(): debug: freeing host `152.14.98.53:37997'
1757197678.385696: 2853530-7fe7b5ffb700: cdpl_ipc.c:1621: in _host_free__UNSAFE(): debug: [0 outq, 0 spR, 0 spW]
1757197678.385698: 2853530-7fe7b77fe700: cdpl_ipc.c:1582: in _host_free__UNSAFE(): debug: freeing host `152.14.98.53:38324'
1757197678.385701: 2853530-7fe7b77fe700: cdpl_ipc.c:1621: in _host_free__UNSAFE(): debug: [0 outq, 0 spR, 0 spW]
1757197678.385704: 2853530-7fe7b57fa700: cdpl_monitor.c:290: in mn_listen(): debug: received DROP message
1757197678.385718: 2853530-7fe7b57fa700: cdpl_ipc.c:2513: in cdpl_ipc_host_release(): debug: releasing host `152.14.98.53:45681'
1757197678.385891: 2853530-7fe7b6ffd700: cdpl_server_ipc.c:1236: in _sv_ipc_thread(): debug: received DROP notification
1757197678.385897: 2853530-7fe7b6ffd700: cdpl_server_sched.c:2796: in _sv_record_crashed_worker(): debug: dropping worker W1
1757197678.385900: 2853530-7fe7b6ffd700: cdpl_server_ipc.c:188: in _sv_on_drop_worker(): debug: down to 1 live workers in B1
1757197678.386041: 2853530-7fe79a7fc700: cdpl_server_sched.c:750: in _empty_trash(): debug: freeing worker W1 while emptying trash list for bin B1
1757197678.386050: 2853530-7fe79a7fc700: cdpl_farm.c:4152: in cdpl_farm_dismiss(): debug: down to 1 running processes
1757197678.386053: 2853530-7fe79a7fc700: cdpl_server_sched.c:121: in _free_worker_2(): debug: freeing worker W1
1757197678.386055: 2853530-7fe79a7fc700: cdpl_ipc.c:2513: in cdpl_ipc_host_release(): debug: releasing host `152.14.98.53:38334'
1757197678.386057: 2853530-7fe79a7fc700: cdpl_ipc.c:2529: in cdpl_ipc_host_release(): debug: scheduling for immediate release
1757197678.865662: 2853530-7fe7b77fe700: cdpl_ipc.c:1582: in _host_free__UNSAFE(): debug: freeing host `152.14.98.53:38334'
1757197678.865672: 2853530-7fe7b77fe700: cdpl_ipc.c:1621: in _host_free__UNSAFE(): debug: [0 outq, 0 spR, 0 spW]
1757197678.865679: 2853530-7fe7b6ffd700: cdpl_server_ipc.c:1268: in _sv_ipc_thread(): debug: received RELAY message
1757197678.865685: 2853530-7fe7b6ffd700: cdpl_server_ipc.c:713: in _sv_on_relay(): debug: RELAY message from W2, size = 77
1757197678.865688: 2853530-7fe7b6ffd700: cdpl_server_ipc.c:715: in _sv_on_relay(): debug: RELAY message from W2, content = 2$2908735 claws-compute3.ece.ncsu.edu 2908777 FINISHED 1757197640|1757197678
1757197678.866095: 2853530-7fe7b6ffd700: cdpl_server_ipc.c:1251: in _sv_ipc_thread(): debug: received FINISH message
1757197678.866107: 2853530-7fe7b6ffd700: cdpl_server_ipc.c:983: in _sv_on_finish(): info: worker W2 completed task T2
1757197678.866109: 2853530-7fe7b6ffd700: cdpl_server_ipc.c:988: in _sv_on_finish(): debug: stat T2: utime=3925 stime=2294
1757197678.866112: 2853530-7fe7b6ffd700: cdpl_server_ipc.c:993: in _sv_on_finish(): debug: statm T2: vsize=3054988 rss=1035440 shared=519880 text=474784 data=710208
1757197678.871553: 2853530-7fe7b6ffd700: cdpl_server_ipc.c:1268: in _sv_ipc_thread(): debug: received RELAY message
1757197678.871560: 2853530-7fe7b6ffd700: cdpl_server_ipc.c:713: in _sv_on_relay(): debug: RELAY message from W2, size = 50
1757197678.871569: 2853530-7fe7b6ffd700: cdpl_server_ipc.c:715: in _sv_on_relay(): debug: RELAY message from W2, content = WORKERDU|28,/dev/mapper/rhel_claws--compute3-home
1757197678.871976: 2853530-7fe8215a0540: cdpl_server.c:227: in _sv_free_task_safe(): debug: freeing task T2
1757197679.193253: 2853530-7fe8215a0540: cdpl_server.c:3008: in cdpl_sv_halt_job_errno(): info: killing job J1
1757197679.193277: 2853530-7fe8215a0540: cdpl_server.c:3044: in cdpl_sv_halt_job_errno(): debug: signal bin B1 scheduler to stop
1757197679.193310: 2853530-7fe79a7fc700: cdpl_server_sched.c:2484: in _sv_scheduler_thread(): debug: scheduler for bin B1 stopped
1757197679.193335: 2853530-7fe79a7fc700: cdpl_ipc.c:1657: in _host_drop__UNSAFE(): debug: dropping host `152.14.98.53:38350'
1757197679.193349: 2853530-7fe7b5ffb700: cdpl_ipc.c:1582: in _host_free__UNSAFE(): debug: freeing host `152.14.98.53:45681'
1757197679.193356: 2853530-7fe7b5ffb700: cdpl_ipc.c:1621: in _host_free__UNSAFE(): debug: [0 outq, 0 spR, 0 spW]
1757197679.193416: 2853530-7fe79a7fc700: cdpl_server_sched.c:2830: in _sv_drop_worker(): info: down to 0 alive workers in B1
1757197679.193421: 2853530-7fe79a7fc700: cdpl_farm.c:4152: in cdpl_farm_dismiss(): debug: down to 0 running processes
1757197679.193424: 2853530-7fe79a7fc700: cdpl_server_sched.c:121: in _free_worker_2(): debug: freeing worker W2
1757197679.193427: 2853530-7fe79a7fc700: cdpl_ipc.c:2513: in cdpl_ipc_host_release(): debug: releasing host `152.14.98.53:38350'
1757197679.193429: 2853530-7fe7b6ffd700: cdpl_server_ipc.c:1236: in _sv_ipc_thread(): debug: received DROP notification
1757197679.193437: 2853530-7fe8215a0540: cdpl_server.c:294: in _sv_free_job(): info: freeing job J1
1757197679.193441: 2853530-7fe8215a0540: cdpl_server.c:92: in _sv_free_bin(): debug: freeing bin B1
1757197679.193450: 2853530-7fe8215a0540: cdpl_monitor.c:515: in cdpl_mn_kill(): info: killing monitor
1757197679.193452: 2853530-7fe8215a0540: cdpl_ipc.c:3677: in cdpl_ipc_kill(): debug: stopping event server
1757197679.193474: 2853530-7fe7b5ffb700: cdpl_ipc.c:2460: in _epoll_main(): debug: server going down...
1757197679.193503: 2853530-7fe7b77fe700: cdpl_ipc.c:775: in _readv(): warning: read(): EOF
1757197679.193512: 2853530-7fe7b77fe700: cdpl_ipc.c:2100: in _epoll_recv(): debug: _readv(): Broken pipe
1757197679.193515: 2853530-7fe7b77fe700: cdpl_ipc.c:2424: in _epoll_main(): debug: _epoll_recv(): Broken pipe
1757197679.193519: 2853530-7fe7b77fe700: cdpl_ipc.c:1657: in _host_drop__UNSAFE(): debug: dropping host `152.14.98.53:38314'
1757197679.193560: 2853530-7fe7b77fe700: cdpl_ipc.c:1582: in _host_free__UNSAFE(): debug: freeing host `152.14.98.53:38350'
1757197679.193563: 2853530-7fe7b77fe700: cdpl_ipc.c:1621: in _host_free__UNSAFE(): debug: [0 outq, 0 spR, 0 spW]
1757197679.193568: 2853530-7fe7b6ffd700: cdpl_server_ipc.c:1236: in _sv_ipc_thread(): debug: received DROP notification
1757197679.193571: 2853530-7fe7b6ffd700: cdpl_monitor.c:1269: in cdpl_mn_drop(): debug: detaching from monitor `152.14.98.53:38314'
1757197679.193574: 2853530-7fe7b6ffd700: cdpl_monitor.c:1101: in mn_systat_stop(): debug: joining systat thread
1757197679.193607: 2853530-7fe79bfff700: cdpl_monitor.c:1079: in mn_systat(): debug: exiting
1757197679.193627: 2853530-7fe7b6ffd700: cdpl_monitor.c:1103: in mn_systat_stop(): debug: systat thread done
1757197679.193631: 2853530-7fe7b6ffd700: cdpl_ipc.c:2513: in cdpl_ipc_host_release(): debug: releasing host `152.14.98.53:38314'
1757197679.193716: 2853530-7fe7b67fc700: cdpl_ipc.c:3728: in cdpl_ipc_free(): debug: releasing IPC handle
1757197679.193721: 2853530-7fe7b67fc700: cdpl_ipc.c:1582: in _host_free__UNSAFE(): debug: freeing host `152.14.98.53:46545'
1757197679.193723: 2853530-7fe7b67fc700: cdpl_ipc.c:1621: in _host_free__UNSAFE(): debug: [0 outq, 0 spR, 0 spW]
1757197679.193736: 2853530-7fe7b67fc700: cdpl_ipc.c:1582: in _host_free__UNSAFE(): debug: freeing host `152.14.98.53:45955'
1757197679.193738: 2853530-7fe7b67fc700: cdpl_ipc.c:1621: in _host_free__UNSAFE(): debug: [0 outq, 0 spR, 0 spW]
1757197679.193745: 2853530-7fe7b67fc700: cdpl_ipc.c:3756: in cdpl_ipc_free(): warning: 2 host(s) were not released
1757197679.193756: 2853530-7fe7b67fc700: cdpl_ipc.c:3767: in cdpl_ipc_free(): debug: done
1757197679.193758: 2853530-7fe7b67fc700: cdpl_monitor.c:1390: in cdpl_mn_free(): debug: freeing monitor client
1757197679.193814: 2853530-7fe8215a0540: cdpl_farm.c:2740: in cdpl_farm_free(): info: freeing farm
1757197679.193835: 2853530-7fe799ffb700: cdpl_farm.c:2231: in _schedule(): debug: end of idling
1757197679.193842: 2853530-7fe799ffb700: cdpl_farm.c:2235: in _schedule(): debug: dying
1757197679.193885: 2853530-7fe8215a0540: cdpl_farm.c:913: in _killall(): debug: killing all remaining commands
1757197679.193889: 2853530-7fe8215a0540: cdpl_server.c:3144: in cdpl_sv_free(): info: freeing server S1647174952
1757197679.193891: 2853530-7fe8215a0540: cdpl_server.c:3109: in cdpl_sv_kill_errno(): info: killing server
1757197679.193892: 2853530-7fe8215a0540: cdpl_ipc.c:3677: in cdpl_ipc_kill(): debug: stopping event server
1757197679.193900: 2853530-7fe7b6ffd700: cdpl_server_ipc.c:1200: in _sv_ipc_thread(): debug: leaving now
1757197679.193906: 2853530-7fe8215a0540: cdpl_server.c:334: in _sv_free_master(): info: freeing master M1
1757197679.193908: 2853530-7fe8215a0540: cdpl_hash.c:68: in cdpl_h_destroy(): debug: put operations: 3
1757197679.193911: 2853530-7fe8215a0540: cdpl_hash.c:69: in cdpl_h_destroy(): debug: put collisions: 0
1757197679.193913: 2853530-7fe8215a0540: cdpl_hash.c:70: in cdpl_h_destroy(): debug: get operations: 11
1757197679.193916: 2853530-7fe8215a0540: cdpl_hash.c:71: in cdpl_h_destroy(): debug: get iterations: 11
1757197679.193919: 2853530-7fe7b77fe700: cdpl_ipc.c:2460: in _epoll_main(): debug: server going down...
1757197679.193927: 2853530-7fe8215a0540: cdpl_monitor.c:1390: in cdpl_mn_free(): debug: freeing monitor server
1757197679.193941: 2853530-7fe8215a0540: cdpl_ipc.c:3728: in cdpl_ipc_free(): debug: releasing IPC handle
1757197679.193943: 2853530-7fe8215a0540: cdpl_ipc.c:1582: in _host_free__UNSAFE(): debug: freeing host `152.14.98.53:38314'
1757197679.193945: 2853530-7fe8215a0540: cdpl_ipc.c:1621: in _host_free__UNSAFE(): debug: [0 outq, 0 spR, 0 spW]
1757197679.193963: 2853530-7fe8215a0540: cdpl_ipc.c:3767: in cdpl_ipc_free(): debug: done
1757197679.193969: 2853530-7fe8215a0540: cdpl_log.c:481: in cdpl_log_close(): info: @@end_of_log@@
