### WaveView ADV log file, revision W-2024.09-SP1-2 (build Jan 15, ) ###
### created at 18:10:18 on Thu Sep  4 2025 (Linux AMD64) ###
### Host Name: claws-compute3.ece.ncsu.edu   User ID: argershm   PID: 3953038   ###
wv_start_log
# (0) running in waveview only mode
# (0) SW_SX_PERL_LIB defined
# (0) SW_SX_TCL_LIB defined
# (0) HOME defined
#source {/mnt/apps/public/COE/synopsys_apps/primewave/W-2024.09-SP1-2/auxx/../linux64/swv/packages/SX-SNPSCUST-Link/snps_custom_link.tcl}
#source TCL files from directory {/mnt/apps/public/COE/synopsys_apps/primewave/W-2024.09-SP1-2/bin/../auxx/auxx_for_cc}
#sx_set_data_directory {/home/argershm/180-voltmeter/Analog/cc/simulation/simulation/default/PrimeSimSPICE/nominal/results}#
#[18:11:09.460] I| Created new database /home/argershm/180-voltmeter/Analog/cc/simulation/gmid,gmid_nfet_3v3,schematic/history_1/simulation/PrimeSim_default/PrimeSimSPICE/parametric/results/post_results.db
#[18:11:09.460] I| Setup simulation complete: 
#    results directory: /home/argershm/180-voltmeter/Analog/cc/simulation/gmid,gmid_nfet_3v3,schematic/history_1/simulation/PrimeSim_default/PrimeSimSPICE/parametric/results 
#    post database directory: /home/argershm/180-voltmeter/Analog/cc/simulation/gmid,gmid_nfet_3v3,schematic/history_1/simulation/PrimeSim_default/PrimeSimSPICE/parametric/results
# -history_name
#[18:11:09.480] I| Pilot Wave is empty.
#
#[18:13:14.210] I| Created new database /home/argershm/180-voltmeter/Analog/cc/simulation/gmid,gmid_nfet_3v3,schematic/history_1/simulation/PrimeSim_default/PrimeSimSPICE/parametric/results/post_results.db
#[18:13:14.210] I| Setup simulation complete: 
#    results directory: /home/argershm/180-voltmeter/Analog/cc/simulation/gmid,gmid_nfet_3v3,schematic/history_1/simulation/PrimeSim_default/PrimeSimSPICE/parametric/results 
#    post database directory: /home/argershm/180-voltmeter/Analog/cc/simulation/gmid,gmid_nfet_3v3,schematic/history_1/simulation/PrimeSim_default/PrimeSimSPICE/parametric/results
# -history_name
#[18:13:14.260] I| Open section (null) for /home/argershm/180-voltmeter/Analog/cc/simulation/gmid,gmid_nfet_3v3,schematic/history_1/simulation/PrimeSim_default/PrimeSimSPICE/parametric/results/resultsMap.xml, ref:/home/argershm/180-voltmeter/Analog/cc/simulation/gmid,gmid_nfet_3v3,schematic/history_1/simulation/PrimeSim_default/PrimeSimSPICE/parametric/results/primesim_wdf/dc_s0.dc
#[18:15:25.310] I| Created new database /home/argershm/180-voltmeter/Analog/cc/simulation/gmid,gmid_nfet_3v3,schematic/history_1/simulation/PrimeSim_default/PrimeSimSPICE/parametric/results/post_results.db
#[18:15:25.310] I| Setup simulation complete: 
#    results directory: /home/argershm/180-voltmeter/Analog/cc/simulation/gmid,gmid_nfet_3v3,schematic/history_1/simulation/PrimeSim_default/PrimeSimSPICE/parametric/results 
#    post database directory: /home/argershm/180-voltmeter/Analog/cc/simulation/gmid,gmid_nfet_3v3,schematic/history_1/simulation/PrimeSim_default/PrimeSimSPICE/parametric/results
# -history_name
#[18:15:25.360] I| Open section (null) for /home/argershm/180-voltmeter/Analog/cc/simulation/gmid,gmid_nfet_3v3,schematic/history_1/simulation/PrimeSim_default/PrimeSimSPICE/parametric/results/resultsMap.xml, ref:/home/argershm/180-voltmeter/Analog/cc/simulation/gmid,gmid_nfet_3v3,schematic/history_1/simulation/PrimeSim_default/PrimeSimSPICE/parametric/results/primesim_wdf/dc_s0.dc
