1757190039.246488: 2361411-7f47a13ba540: cdpl_log.c:337: in cdpl_log_open(): info: @@start_of_log@@
1757190039.246496: 2361411-7f47a13ba540: cdpl_log.c:1058: in cdpl_log_dump_sysinfo(): info: time: 2025/09/06 16:20:39 EDT -0400
1757190039.246498: 2361411-7f47a13ba540: cdpl_log.c:1060: in cdpl_log_dump_sysinfo(): info: version: W-2024.09-SP1-2 
1757190039.246500: 2361411-7f47a13ba540: cdpl_log.c:1062: in cdpl_log_dump_sysinfo(): info: system: Linux 4.18.0-553.69.1.el8_10.x86_64 #1 SMP Thu Aug 7 18:10:00 EDT 2025
1757190039.246501: 2361411-7f47a13ba540: cdpl_log.c:1067: in cdpl_log_dump_sysinfo(): info: processor: x86_64 64-bits
1757190039.246502: 2361411-7f47a13ba540: cdpl_log.c:1071: in cdpl_log_dump_sysinfo(): info: hostname: claws-compute3.ece.ncsu.edu
1757190039.246504: 2361411-7f47a13ba540: cdpl_log.c:1073: in cdpl_log_dump_sysinfo(): info: program name: custom_shell
1757190039.246507: 2361411-7f47a13ba540: cdpl_log.c:340: in cdpl_log_open(): debug: path: /home/argershm/180-voltmeter/Analog/cc/synopsys_custom/pwdp_jobs/saeSession4_diffmodegain.SimulationSimulation_cdpl.3.2361411/logs/master.claws-compute3.ece.ncsu.edu.2361411.log
1757190039.246508: 2361411-7f47a13ba540: cdpl_log.c:341: in cdpl_log_open(): debug: dir: /home/argershm/180-voltmeter/Analog/cc/synopsys_custom/pwdp_jobs/saeSession4_diffmodegain.SimulationSimulation_cdpl.3.2361411/logs
1757190039.246513: 2361411-7f47a13ba540: cdpl_server.c:536: in cdpl_sv_init(): info: new server S468034924
1757190039.246516: 2361411-7f47a13ba540: cdpl_ipc.c:3475: in cdpl_ipc_init(): info: requesting IPv4 protocol
1757190039.250391: 2361411-7f47a13ba540: cdpl_ipc.c:837: in _selectaddrfamily(): info: selected IPv4 protocol
1757190039.250408: 2361411-7f47a13ba540: cdpl_ipc.c:1139: in _set_keepalive(): info: TCP keep alive interval: 300
1757190039.252985: 2361411-7f47a13ba540: cdpl_monitor.c:1117: in cdpl_mn_new_server(): info: creating server monitor instance
1757190039.252990: 2361411-7f47a13ba540: cdpl_server.c:650: in cdpl_sv_new_master(): info: new master M1
1757190039.252994: 2361411-7f47a13ba540: cdpl_server.c:6533: in cdpl_sv_ctl_master(): info: Setting worker heartbeat to 120 seconds
1757190039.252996: 2361411-7f47a13ba540: cdpl_server.c:6542: in cdpl_sv_ctl_master(): info: Setting worker heartbeat timeout to 3 heartbeats
1757190039.252998: 2361411-7f47a13ba540: cdpl_compat_master.c:2090: in _parse_hostfile(): info: reading hostfile `/home/argershm/180-voltmeter/Analog/cc/synopsys_custom/pwdp_jobs/saeSession4_diffmodegain.SimulationSimulation_cdpl.3.2361411/host_file'
1757190039.253007: 2361411-7f47a13ba540: cdpl_compat_master.c:1900: in _hostfile_parser(): debug: parsing "1     |localhost|   -1  | /tmp | SH | sh"
1757190039.253011: 2361411-7f47a13ba540: cdpl_farm.c:2578: in cdpl_farm_new_sh(): info: creating SH farm on localhost
1757190039.253014: 2361411-7f47a13ba540: cdpl_compat_master.c:206: in _set_farm_env(): info: exporting CDPL_LOGDIR as `/home/argershm/180-voltmeter/Analog/cc/synopsys_custom/pwdp_jobs/saeSession4_diffmodegain.SimulationSimulation_cdpl.3.2361411/logs'
1757190039.253016: 2361411-7f47a13ba540: cdpl_compat_master.c:212: in _set_farm_env(): info: exporting CDPL_TMPDIR as `/tmp'
1757190039.253018: 2361411-7f47a13ba540: cdpl_compat_master.c:235: in _set_farm_env(): info: exporting SNPSLMD_LICENSE_FILE as `27000@ece-lic-35.ece.ncsu.edu'
1757190039.253020: 2361411-7f47a13ba540: cdpl_compat_master.c:259: in _set_farm_env(): info: exporting CDPL_OPTIONS as `[nowlogs]'
1757190039.253021: 2361411-7f47a13ba540: cdpl_compat_master.c:266: in _set_farm_env(): info: exporting DISPLAY as `unix:19310'
1757190039.253023: 2361411-7f47a13ba540: cdpl_compat_master.c:274: in _set_farm_env(): info: exporting CDPL_HEARTBEAT as `120'
1757190039.253026: 2361411-7f47a13ba540: cdpl_farm.c:3149: in cdpl_farm_add_withdir(): debug: added `localhost' (capacity: unlimited)
1757190039.253027: 2361411-7f47a13ba540: cdpl_compat_parse.c:147: in parsefile(): debug: read `/home/argershm/180-voltmeter/Analog/cc/synopsys_custom/pwdp_jobs/saeSession4_diffmodegain.SimulationSimulation_cdpl.3.2361411/host_file', 2 lines
1757190039.253032: 2361411-7f47a13ba540: cdpl_compat_master.c:2931: in cdplInitMaster(): info: bcast dir is `/home/argershm/180-voltmeter/Analog/cc/synopsys_custom/pwdp_jobs/saeSession4_diffmodegain.SimulationSimulation_cdpl.3.2361411/logs'
1757190039.253064: 2361411-7f47a13ba540: cdpl_server.c:6433: in cdpl_sv_ctl_master(): info: farm worker timeout set to 300
1757190039.253066: 2361411-7f47a13ba540: cdpl_server.c:6486: in cdpl_sv_ctl_master(): info: maximum number of task execution attempts set to 1
1757190039.253069: 2361411-7f47a13ba540: cdpl_server.c:3195: in cdpl_sv_start(): debug: starting server
1757190039.253070: 2361411-7f47a13ba540: cdpl_ipc.c:3632: in cdpl_ipc_start(): debug: starting IPC server 152.14.98.53:41541
1757190039.253231: 2361411-7f4769a29700: cdpl_server_ipc.c:1182: in _sv_ipc_thread(): debug: ready
1757190039.253290: 2361411-7f47557fa700: cdpl_monitor.c:426: in cdpl_mn_init_client(): info: creating client monitor instance
1757190039.253309: 2361411-7f47557fa700: cdpl_ipc.c:3475: in cdpl_ipc_init(): info: requesting IPv4 protocol
1757190039.258737: 2361411-7f47557fa700: cdpl_ipc.c:837: in _selectaddrfamily(): info: selected IPv4 protocol
1757190039.258761: 2361411-7f47557fa700: cdpl_ipc.c:1139: in _set_keepalive(): info: TCP keep alive interval: 300
1757190039.262004: 2361411-7f47557fa700: cdpl_ipc.c:3632: in cdpl_ipc_start(): debug: starting IPC server 152.14.98.53:38447
1757190039.262120: 2361411-7f47557fa700: cdpl_monitor.c:471: in cdpl_mn_init_client(): debug: incoming messages in /tmp/cdpl-monitor-U7kYt4
1757190039.262195: 2361411-7f47557fa700: cdpl_monitor.c:533: in cdpl_mn_connect(): debug: connecting to 152.14.98.53:41541
1757190039.262197: 2361411-7f47557fa700: cdpl_ipc.c:3789: in cdpl_ipc_connect(): info: connecting to 152.14.98.53:41541
1757190039.262251: 2361411-7f47557fa700: cdpl_ipc.c:3860: in cdpl_ipc_connect(): info: connected as `152.14.98.53:51568'
1757190039.262255: 2361411-7f47557fa700: cdpl_ipc.c:2503: in cdpl_ipc_host_accept(): debug: accepted host `152.14.98.53:41541'
1757190039.262259: 2361411-7f47557fa700: cdpl_monitor.c:579: in cdpl_mn_connect(): debug: ok
1757190039.262268: 2361411-7f47a13ba540: cdpl_server.c:731: in cdpl_sv_new_job(): info: new job J1 in M1
1757190039.262276: 2361411-7f47a13ba540: cdpl_compat_master.c:1581: in _add_worker(): info: new worker type 10, min:1, max:3, cmd:`/home/argershm/180-voltmeter/Analog/cc/synopsys_custom/pwdp_jobs/saeSession4_diffmodegain.SimulationSimulation_cdpl.3.2361411/START_WORKER pw_worker -i /home/argershm/180-voltmeter/Analog/cc/synopsys_custom/pwdp_jobs
1757190039.262280: 2361411-7f47a13ba540: cdpl_server.c:908: in cdpl_sv_new_bin_withfarm(): info: new bin B1 in J1
1757190039.262282: 2361411-7f4769228700: cdpl_ipc.c:1862: in _epoll_accept(): debug: new connection from `152.14.98.53:51568'
1757190039.262310: 2361411-7f4769a29700: cdpl_server_ipc.c:1225: in _sv_ipc_thread(): debug: received ACCEPT notification
1757190039.262322: 2361411-7f4769a29700: cdpl_ipc.c:2503: in cdpl_ipc_host_accept(): debug: accepted host `152.14.98.53:51568'
1757190039.262333: 2361411-7f4769a29700: cdpl_server_ipc.c:1256: in _sv_ipc_thread(): debug: received MONITOR message
1757190039.262446: 2361411-7f4769a29700: cdpl_monitor.c:1207: in cdpl_mn_accept(): debug: accepted monitor `152.14.98.53:51568'
1757190039.262451: 2361411-7f4769a29700: cdpl_server_ipc_mon.c:120: in _globalLOCK(): debug: ENTERTING GLOBAL LOCK
1757190039.262453: 2361411-7f4769a29700: cdpl_server_ipc_mon.c:164: in _globalLOCK(): debug: global lock acquired
1757190039.262458: 2361411-7f47577fe700: cdpl_monitor.c:910: in mn_systat(): debug: started
1757190039.262681: 2361411-7f47577fe700: cdpl_monitor.c:937: in mn_systat(): debug: monitor server flush rate: 5
1757190040.064354: 2361411-7f4769a29700: cdpl_server_ipc_mon.c:210: in _globalUNLOCK(): debug: LEAVING GLOBAL LOCK
1757190040.064377: 2361411-7f47a13ba540: cdpl_server.c:3249: in cdpl_sv_start_job(): info: starting job J1
1757190040.064401: 2361411-7f47a13ba540: cdpl_server.c:62: in _sv_start_bin(): debug: starting bin B1 (min: 0, max: 3)
1757190040.064535: 2361411-7f4755ffb700: cdpl_server_sched.c:2482: in _sv_scheduler_thread(): debug: scheduler for bin B1 started
1757190040.064550: 2361411-7f47a13ba540: cdpl_server.c:1893: in _sv_gen_task(): info: new task T0 in B1 (prio 0)
1757190040.064558: 2361411-7f47a13ba540: cdpl_server.c:2698: in cdpl_sv_label_task_va(): info: setting task T0 label to "PrimeSim_4|PrimeSim"
1757190040.064569: 2361411-7f4755ffb700: cdpl_server_sched.c:2443: in _scheduler_run(): debug: will start a new worker
1757190040.064578: 2361411-7f4755ffb700: cdpl_farm.c:3977: in cdpl_farm_submit(): debug: 1 running processes
1757190040.064582: 2361411-7f4755ffb700: cdpl_farm.c:3985: in cdpl_farm_submit(): debug: new command C1 in bin B1 assigned to host `localhost'
1757190040.064691: 2361411-7f4755ffb700: cdpl_server_sched.c:705: in _sv_launch_worker(): info: started worker W1 (as C1) in bin B1
1757190040.064715: 2361411-7f4747fff700: cdpl_farm.c:2139: in _schedule(): debug: started
1757190040.064721: 2361411-7f4747fff700: cdpl_farm.c:2303: in _schedule(): debug: submitting command C1 in bin B1
1757190040.064724: 2361411-7f4747fff700: cdpl_sh.c:49: in _sh_detached_submit(): info: SH : /home/argershm/180-voltmeter/Analog/cc/synopsys_custom/pwdp_jobs/saeSession4_diffmodegain.SimulationSimulation_cdpl.3.2361411/START_WORKER pw_worker -i /home/argershm/180-voltmeter/Analog/cc/synopsys_custom/pwdp_jobs/saeSession4_diffmodegain.SimulationSimulation_cdpl.3.2361411 -t 10000
1757190040.071467: 2361411-7f4747fff700: cdpl_farm.c:2343: in _schedule(): debug: C1 in bin B1 running on slot 0
1757190040.071488: 2361411-7f4747fff700: cdpl_farm.c:2167: in _schedule(): debug: idle
1757190040.137460: 2361411-7f47a13ba540: cdpl_compat_master.c:5948: in cdplMasterLogInfo(): info: [non-CDPL log entry] PWDP3: reset pilot cache succeeded, pilot_key=saeSession4,1,diff_mode_gain|&/home/argershm/180-voltmeter/Analog/cc/simulation/integrator,tb_main_opamp,schematic/history_1/simulation/diff_mode_gain/PrimeSimSPICE/nominal/results
1757190040.371556: 2361411-7f4747fff700: cdpl_farm.c:1193: in _onexit(): debug: C1 in bin B1 exited normally on slot 0
1757190041.177972: 2361411-7f4756ffd700: cdpl_compat_master.c:5948: in cdplMasterLogInfo(): info: [non-CDPL log entry] PWDP - no-workers started ok check start!
1757190041.891394: 2361411-7f4769228700: cdpl_ipc.c:1862: in _epoll_accept(): debug: new connection from `152.14.98.53:51584'
1757190041.891427: 2361411-7f4769a29700: cdpl_server_ipc.c:1225: in _sv_ipc_thread(): debug: received ACCEPT notification
1757190041.891443: 2361411-7f4769a29700: cdpl_ipc.c:2503: in cdpl_ipc_host_accept(): debug: accepted host `152.14.98.53:51584'
1757190041.891493: 2361411-7f4769a29700: cdpl_server_ipc.c:1246: in _sv_ipc_thread(): debug: received HELLO message
1757190041.891495: 2361411-7f4769a29700: cdpl_server_ipc.c:430: in _sv_on_hello(): debug: looking up W1
1757190041.891499: 2361411-7f4769a29700: cdpl_server_ipc.c:540: in _sv_on_hello(): info: W1 is `152.14.98.53:51584'
1757190041.891500: 2361411-7f4769a29700: cdpl_server_ipc.c:541: in _sv_on_hello(): debug: hello W1 (B1)
1757190041.891502: 2361411-7f4769a29700: cdpl_server_ipc.c:542: in _sv_on_hello(): info: W1 log file is /dev/null
1757190041.891519: 2361411-7f4769a29700: cdpl_server_ipc.c:602: in _sv_on_hello(): info: up to 1 alive workers in B1
1757190041.891524: 2361411-7f4769a29700: cdpl_farm.c:878: in _release_cmd(): debug: freeing command C1 in bin B1
1757190041.891532: 2361411-7f4755ffb700: cdpl_server_sched.c:960: in _assign(): info: assigning task T0 to worker W1
1757190041.954388: 2361411-7f4769a29700: cdpl_server_ipc.c:1268: in _sv_ipc_thread(): debug: received RELAY message
1757190041.954396: 2361411-7f4769a29700: cdpl_server_ipc.c:713: in _sv_on_relay(): debug: RELAY message from W1, size = 65
1757190041.954399: 2361411-7f4769a29700: cdpl_server_ipc.c:715: in _sv_on_relay(): debug: RELAY message from W1, content = 0$2385988 claws-compute3.ece.ncsu.edu 2386004 RUNNING 1757190041
1757190042.891742: 2361411-7f4769a29700: cdpl_server_ipc.c:312: in _sv_on_heartbeat(): debug: received HEARTBEAT from worker W1 at 152.14.98.53:51584
1757190044.263279: 2361411-7f47557fa700: cdpl_monitor.c:533: in cdpl_mn_connect(): debug: connecting to 152.14.98.53:38745
1757190044.263292: 2361411-7f47557fa700: cdpl_ipc.c:3789: in cdpl_ipc_connect(): info: connecting to 152.14.98.53:38745
1757190044.263420: 2361411-7f47557fa700: cdpl_ipc.c:3860: in cdpl_ipc_connect(): info: connected as `152.14.98.53:49690'
1757190044.263425: 2361411-7f47557fa700: cdpl_ipc.c:2503: in cdpl_ipc_host_accept(): debug: accepted host `152.14.98.53:38745'
1757190044.263430: 2361411-7f47557fa700: cdpl_monitor.c:579: in cdpl_mn_connect(): debug: ok
1757190048.103856: 2361411-7f4769a29700: cdpl_server_ipc.c:1268: in _sv_ipc_thread(): debug: received RELAY message
1757190048.103870: 2361411-7f4769a29700: cdpl_server_ipc.c:713: in _sv_on_relay(): debug: RELAY message from W1, size = 52
1757190048.103873: 2361411-7f4769a29700: cdpl_server_ipc.c:715: in _sv_on_relay(): debug: RELAY message from W1, content = WORKERDU|8132,/dev/mapper/rhel_claws--compute3-home
1757190048.103879: 2361411-7f4769a29700: cdpl_server_ipc.c:1268: in _sv_ipc_thread(): debug: received RELAY message
1757190048.103880: 2361411-7f4769a29700: cdpl_server_ipc.c:713: in _sv_on_relay(): debug: RELAY message from W1, size = 193
1757190048.103882: 2361411-7f4769a29700: cdpl_server_ipc.c:715: in _sv_on_relay(): debug: RELAY message from W1, content = REQPILOT|saeSession4,1,diff_mode_gain|&/home/argershm/180-voltmeter/Analog/cc/simulation/integrator,tb_main_opamp,schematic/history_1/simulation/diff_mode_gain/PrimeSimSPICE/nominal/results|&0
1757190048.103906: 2361411-7f4757fff700: cdpl_compat_master.c:5948: in cdplMasterLogInfo(): info: [non-CDPL log entry] PWDP send back 'DOPILOT' to worker id:1 key: saeSession4,1,diff_mode_gain|&/home/argershm/180-voltmeter/Analog/cc/simulation/integrator,tb_main_opamp,schematic/history_1/simulation/diff_mode_gain/PrimeSimSPICE/nominal/results
1757190048.104042: 2361411-7f4757fff700: cdpl_compat_master.c:5948: in cdplMasterLogInfo(): info: [non-CDPL log entry] PWDP: set pilot doing!
1757190048.107841: 2361411-7f4769a29700: cdpl_server_ipc.c:1268: in _sv_ipc_thread(): debug: received RELAY message
1757190048.107849: 2361411-7f4769a29700: cdpl_server_ipc.c:713: in _sv_on_relay(): debug: RELAY message from W1, size = 189
1757190048.107852: 2361411-7f4769a29700: cdpl_server_ipc.c:715: in _sv_on_relay(): debug: RELAY message from W1, content = PILOTOK|saeSession4,1,diff_mode_gain|&/home/argershm/180-voltmeter/Analog/cc/simulation/integrator,tb_main_opamp,schematic/history_1/simulation/diff_mode_gain/PrimeSimSPICE/nominal/results
1757190048.107861: 2361411-7f4757fff700: cdpl_compat_master.c:5948: in cdplMasterLogInfo(): info: [non-CDPL log entry] PWDP: set pilot done!
1757190048.107947: 2361411-7f4769a29700: cdpl_server_ipc.c:1268: in _sv_ipc_thread(): debug: received RELAY message
1757190048.107957: 2361411-7f4769a29700: cdpl_server_ipc.c:713: in _sv_on_relay(): debug: RELAY message from W1, size = 18
1757190048.107961: 2361411-7f4769a29700: cdpl_server_ipc.c:715: in _sv_on_relay(): debug: RELAY message from W1, content = 0$- - - MEASDOING
1757190048.367357: 2361411-7f4769a29700: cdpl_server_ipc.c:1268: in _sv_ipc_thread(): debug: received RELAY message
1757190048.367370: 2361411-7f4769a29700: cdpl_server_ipc.c:713: in _sv_on_relay(): debug: RELAY message from W1, size = 77
1757190048.367372: 2361411-7f4769a29700: cdpl_server_ipc.c:715: in _sv_on_relay(): debug: RELAY message from W1, content = 0$2385988 claws-compute3.ece.ncsu.edu 2386004 FINISHED 1757190041|1757190048
1757190048.368918: 2361411-7f4769a29700: cdpl_server_ipc.c:1268: in _sv_ipc_thread(): debug: received RELAY message
1757190048.368926: 2361411-7f4769a29700: cdpl_server_ipc.c:713: in _sv_on_relay(): debug: RELAY message from W1, size = 191
1757190048.368929: 2361411-7f4769a29700: cdpl_server_ipc.c:715: in _sv_on_relay(): debug: RELAY message from W1, content = PILOTDONE|saeSession4,1,diff_mode_gain|&/home/argershm/180-voltmeter/Analog/cc/simulation/integrator,tb_main_opamp,schematic/history_1/simulation/diff_mode_gain/PrimeSimSPICE/nominal/results
1757190048.368946: 2361411-7f4757fff700: cdpl_compat_master.c:5948: in cdplMasterLogInfo(): info: [non-CDPL log entry] saeSession4,1,diff_mode_gain|&/home/argershm/180-voltmeter/Analog/cc/simulation/integrator,tb_main_opamp,schematic/history_1/simulation/diff_mode_gain/PrimeSimSPICE/nominal/results PILOTDONE!
1757190048.369384: 2361411-7f4769a29700: cdpl_server_ipc.c:1251: in _sv_ipc_thread(): debug: received FINISH message
1757190048.369392: 2361411-7f4769a29700: cdpl_server_ipc.c:983: in _sv_on_finish(): info: worker W1 completed task T0
1757190048.369395: 2361411-7f4769a29700: cdpl_server_ipc.c:988: in _sv_on_finish(): debug: stat T0: utime=3699 stime=1806
1757190048.369397: 2361411-7f4769a29700: cdpl_server_ipc.c:993: in _sv_on_finish(): debug: statm T0: vsize=3054808 rss=1032280 shared=519068 text=474784 data=710028
1757190048.371498: 2361411-7f47a13ba540: cdpl_server.c:227: in _sv_free_task_safe(): debug: freeing task T0
1757190048.374519: 2361411-7f4769a29700: cdpl_server_ipc.c:1268: in _sv_ipc_thread(): debug: received RELAY message
1757190048.374528: 2361411-7f4769a29700: cdpl_server_ipc.c:713: in _sv_on_relay(): debug: RELAY message from W1, size = 50
1757190048.374530: 2361411-7f4769a29700: cdpl_server_ipc.c:715: in _sv_on_relay(): debug: RELAY message from W1, content = WORKERDU|20,/dev/mapper/rhel_claws--compute3-home
1757190048.778867: 2361411-7f47a13ba540: cdpl_server.c:3008: in cdpl_sv_halt_job_errno(): info: killing job J1
1757190048.778902: 2361411-7f47a13ba540: cdpl_server.c:3044: in cdpl_sv_halt_job_errno(): debug: signal bin B1 scheduler to stop
1757190048.778924: 2361411-7f4755ffb700: cdpl_server_sched.c:2484: in _sv_scheduler_thread(): debug: scheduler for bin B1 stopped
1757190048.778936: 2361411-7f4755ffb700: cdpl_ipc.c:1657: in _host_drop__UNSAFE(): debug: dropping host `152.14.98.53:51584'
1757190048.779032: 2361411-7f4755ffb700: cdpl_server_sched.c:2830: in _sv_drop_worker(): info: down to 0 alive workers in B1
1757190048.779040: 2361411-7f4755ffb700: cdpl_farm.c:4152: in cdpl_farm_dismiss(): debug: down to 0 running processes
1757190048.779045: 2361411-7f4769a29700: cdpl_server_ipc.c:1236: in _sv_ipc_thread(): debug: received DROP notification
1757190048.779065: 2361411-7f4755ffb700: cdpl_server_sched.c:121: in _free_worker_2(): debug: freeing worker W1
1757190048.779069: 2361411-7f4755ffb700: cdpl_ipc.c:2513: in cdpl_ipc_host_release(): debug: releasing host `152.14.98.53:51584'
1757190048.779071: 2361411-7f4755ffb700: cdpl_ipc.c:2529: in cdpl_ipc_host_release(): debug: scheduling for immediate release
1757190048.779087: 2361411-7f47a13ba540: cdpl_server.c:294: in _sv_free_job(): info: freeing job J1
1757190048.779092: 2361411-7f47a13ba540: cdpl_server.c:92: in _sv_free_bin(): debug: freeing bin B1
1757190048.779107: 2361411-7f47a13ba540: cdpl_monitor.c:515: in cdpl_mn_kill(): info: killing monitor
1757190048.779109: 2361411-7f47a13ba540: cdpl_ipc.c:3677: in cdpl_ipc_kill(): debug: stopping event server
1757190048.779133: 2361411-7f4754ff9700: cdpl_ipc.c:2460: in _epoll_main(): debug: server going down...
1757190048.779162: 2361411-7f4769228700: cdpl_ipc.c:775: in _readv(): warning: read(): EOF
1757190048.779171: 2361411-7f4769228700: cdpl_ipc.c:2100: in _epoll_recv(): debug: _readv(): Broken pipe
1757190048.779174: 2361411-7f4769228700: cdpl_ipc.c:2424: in _epoll_main(): debug: _epoll_recv(): Broken pipe
1757190048.779178: 2361411-7f4769228700: cdpl_ipc.c:1657: in _host_drop__UNSAFE(): debug: dropping host `152.14.98.53:51568'
1757190048.779210: 2361411-7f4769228700: cdpl_ipc.c:1582: in _host_free__UNSAFE(): debug: freeing host `152.14.98.53:51584'
1757190048.779213: 2361411-7f4769228700: cdpl_ipc.c:1621: in _host_free__UNSAFE(): debug: [0 outq, 0 spR, 0 spW]
1757190048.779339: 2361411-7f47557fa700: cdpl_ipc.c:3728: in cdpl_ipc_free(): debug: releasing IPC handle
1757190048.779347: 2361411-7f47557fa700: cdpl_ipc.c:1582: in _host_free__UNSAFE(): debug: freeing host `152.14.98.53:38745'
1757190048.779355: 2361411-7f47557fa700: cdpl_ipc.c:1621: in _host_free__UNSAFE(): debug: [0 outq, 0 spR, 0 spW]
1757190048.779369: 2361411-7f47557fa700: cdpl_ipc.c:1582: in _host_free__UNSAFE(): debug: freeing host `152.14.98.53:41541'
1757190048.779371: 2361411-7f47557fa700: cdpl_ipc.c:1621: in _host_free__UNSAFE(): debug: [0 outq, 0 spR, 0 spW]
1757190048.779378: 2361411-7f47557fa700: cdpl_ipc.c:3756: in cdpl_ipc_free(): warning: 2 host(s) were not released
1757190048.779386: 2361411-7f47557fa700: cdpl_ipc.c:3767: in cdpl_ipc_free(): debug: done
1757190048.779388: 2361411-7f47557fa700: cdpl_monitor.c:1390: in cdpl_mn_free(): debug: freeing monitor client
1757190048.779566: 2361411-7f4769a29700: cdpl_server_ipc.c:1236: in _sv_ipc_thread(): debug: received DROP notification
1757190048.779572: 2361411-7f4769a29700: cdpl_monitor.c:1269: in cdpl_mn_drop(): debug: detaching from monitor `152.14.98.53:51568'
1757190048.779577: 2361411-7f4769a29700: cdpl_monitor.c:1101: in mn_systat_stop(): debug: joining systat thread
1757190048.779599: 2361411-7f47577fe700: cdpl_monitor.c:1079: in mn_systat(): debug: exiting
1757190048.779610: 2361411-7f47a13ba540: cdpl_farm.c:2740: in cdpl_farm_free(): info: freeing farm
1757190048.779621: 2361411-7f4769a29700: cdpl_monitor.c:1103: in mn_systat_stop(): debug: systat thread done
1757190048.779625: 2361411-7f4769a29700: cdpl_ipc.c:2513: in cdpl_ipc_host_release(): debug: releasing host `152.14.98.53:51568'
1757190048.779628: 2361411-7f4747fff700: cdpl_farm.c:2231: in _schedule(): debug: end of idling
1757190048.779634: 2361411-7f4747fff700: cdpl_farm.c:2235: in _schedule(): debug: dying
1757190048.779738: 2361411-7f47a13ba540: cdpl_farm.c:913: in _killall(): debug: killing all remaining commands
1757190048.779746: 2361411-7f47a13ba540: cdpl_server.c:3144: in cdpl_sv_free(): info: freeing server S468034924
1757190048.779749: 2361411-7f47a13ba540: cdpl_server.c:3109: in cdpl_sv_kill_errno(): info: killing server
1757190048.779750: 2361411-7f47a13ba540: cdpl_ipc.c:3677: in cdpl_ipc_kill(): debug: stopping event server
1757190048.779762: 2361411-7f4769228700: cdpl_ipc.c:2460: in _epoll_main(): debug: server going down...
1757190048.779776: 2361411-7f4769a29700: cdpl_server_ipc.c:1200: in _sv_ipc_thread(): debug: leaving now
1757190048.779788: 2361411-7f47a13ba540: cdpl_server.c:334: in _sv_free_master(): info: freeing master M1
1757190048.779791: 2361411-7f47a13ba540: cdpl_hash.c:68: in cdpl_h_destroy(): debug: put operations: 1
1757190048.779794: 2361411-7f47a13ba540: cdpl_hash.c:69: in cdpl_h_destroy(): debug: put collisions: 0
1757190048.779796: 2361411-7f47a13ba540: cdpl_hash.c:70: in cdpl_h_destroy(): debug: get operations: 1
1757190048.779797: 2361411-7f47a13ba540: cdpl_hash.c:71: in cdpl_h_destroy(): debug: get iterations: 1
1757190048.779800: 2361411-7f47a13ba540: cdpl_monitor.c:1390: in cdpl_mn_free(): debug: freeing monitor server
1757190048.779802: 2361411-7f47a13ba540: cdpl_ipc.c:3728: in cdpl_ipc_free(): debug: releasing IPC handle
1757190048.779805: 2361411-7f47a13ba540: cdpl_ipc.c:1582: in _host_free__UNSAFE(): debug: freeing host `152.14.98.53:51568'
1757190048.779807: 2361411-7f47a13ba540: cdpl_ipc.c:1621: in _host_free__UNSAFE(): debug: [0 outq, 0 spR, 0 spW]
1757190048.779823: 2361411-7f47a13ba540: cdpl_ipc.c:3767: in cdpl_ipc_free(): debug: done
1757190048.779825: 2361411-7f47a13ba540: cdpl_log.c:481: in cdpl_log_close(): info: @@end_of_log@@
