[10:51:23.15] /o 
              /c                                    pw_worker™ 
              /c 
              /c                Version W-2024.09-SP1-2 for linux64 - Jan 15, 2025
              /c              Based on Custom Infrastructure
              /c Version W-2024.09-SP1-2
              /c 
              /c                     Copyright (c) 2004 - 2025 Synopsys, Inc.
              /c    This software and the associated documentation are proprietary to Synopsys,
              /c  Inc. This software may only be used in accordance with the terms and conditions
              /c  of a written license agreement with Synopsys, Inc. All other use, reproduction,
              /c    or distribution of this software is strictly prohibited.  Licensed Products
              /c      communicate with Synopsys servers for the purpose of providing software
              /c     updates, detecting software piracy and verifying that customers are using
              /c     Licensed Products in conformity with the applicable License Key for such
              /c   Licensed Products. Synopsys will use information gathered in connection with
              /c     this process to deliver software updates and pursue software pirates and
              /c                                    infringers.
              /c 
              /c  Inclusivity & Diversity - Visit SolvNetPlus to read the "Synopsys Statement on
              /c             Inclusivity and Diversity" (Refer to article 000036315 at
              /c                         https://solvnetplus.synopsys.com)
              /c 
              /c Build  (OPT) Config 11252589 compiled on Wed Jan 15 11:01:36 2025 for AlmaLinux 8.4
              /c Invocation: /mnt/apps/public/COE/synopsys_apps/primewave/W-2024.09-SP1-2/linux64/platform/bin/custom_shell -application pw_worker -gui 0 -localDir /home/argershm/180-voltmeter/Analog/cc/synopsys_custom/pwdp_jobs/saeSession4_diffmodegain.SimulationSimulation_cdpl.0.1957752/logs/w1
              /c Execution time: Sat Sep  6 10:51:21 2025
              /c Host: claws-compute3.ece.ncsu.edu
              /c Working directory: /home/argershm/180-voltmeter/Analog/cc
              /c 
[10:51:27.35] /m Information: Registering ICV PERC package...
[10:51:27.35] /w Warning: Error: "Job group named 'PrimeWave' already exists under this parent." (IPC-100)
[10:51:27.87] /o #####New Worker job begin - Self history dir=/home/argershm/180-voltmeter/Analog/cc/simulation/integrator,tb_main_opamp,schematic
[10:51:28.06] /o source /home/argershm/180-voltmeter/Analog/cc/synopsys_custom/pwdp_jobs/saeSession4_diffmodegain.SimulationSimulation_cdpl.0.1957752/ccFile.tcl OK
[10:51:28.06] /o LibDefs : /home/argershm/180-voltmeter/Analog/cc/lib.defs
[10:51:28.27] /o new worker create session at loading state!
[10:51:28.27] /o history_1
[10:51:28.31] /m Information: Info: Waveform format selected is PSF. Synopsys recommends using the WDF format with the <HSPICE/FineSim> simulator.
              /c WDF is an optimal format that improves viewing performance and reduces disk usage while PSF is a 3rd party format and support "as-is".
              /c To change the format, open the Setup -> Environment menu and select the WDF format. (PW-642)
[10:51:28.47] /o Loading: Callback files...
[10:51:28.47] /o 
              /c [INFO] : Loading display.tcl from /mnt/designkits/gf180MCU/dk_ncsu/gf180mcu_cc_0.1/Models_HSPICE
              /c 
              /c  if you wish to Load other display.tcl, please set shell environment valiable "iPDK_load_display_gf180mcu" to value = 0
[10:51:28.47] /o 
[10:51:28.51] /w Warning: Could not set the value of preference xtEMIRLPEStarTcadGrdFile because it does not exist. (PREFERENCE-016)
[10:51:28.51] /o 	#######################################
[10:51:28.51] /o 	CC-PDK Library Name	: gf180MCU Open
[10:51:28.51] /o 	#######################################
[10:51:28.51] /o 
[10:51:28.62] /o source /home/argershm/180-voltmeter/Analog/cc/simulation/integrator,tb_main_opamp,schematic/history_1/.nw_preference_script.tcl OK!
[10:51:28.62] /o DSPF Options: {hierDelim==|}||{termDelim==:}||{fingerChar==@}||{multiplierString==_nettran_}||{aggregateCurrent==1}||{MOSTermNames==d g s b}||{MOSTermOrder==D G S B}||{MOSTermDspfNames==DRC GATE SRC BULK}||{firstChars==XM}||{probeHierDelim==/}||{caseSensitive==1}||{firstChar==M}||{hierPrefix==X}||{nodePrefix==M}||{plotTermVoltageForNet==0}||{mapNetToMosTerminal==}||{mapSlashDelimToDot==1}||{probePortCurrent==1}||{busBit==[]}||{removeNodePrefix==1}||{nlConDelim==.}||{mosModelType==auto}||{keepSchName==0}
[10:51:28.62] /o _workerLoadStateAction done!
[10:51:28.64] /o pw_worker _createCalculateEngine got job!
[10:51:28.64] /o pw_worker _createCalculateEngine OK!
[10:51:28.65] /o _getSimulationDetails : 
[10:51:28.65] /o tbName=diff_mode_gain, Mtb=0
[10:51:28.65] /o Got stb tb ok!
[10:51:28.65] /o Self resultsDir: ./simulation
[10:51:28.65] /o Self databaseDir: /home/argershm/180-voltmeter/Analog/cc/simulation/integrator,tb_main_opamp,schematic/history_1/simulation/diff_mode_gain/PrimeSimSPICE/parametric/results
[10:51:28.66] /o source /mnt/apps/public/COE/synopsys_apps/primewave/W-2024.09-SP1-2/auxx/sae/matlab_script.tcl OK
[10:51:28.81] /o _createResultsMap done!
[10:51:28.81] /o ###write_child - resultsDir=/home/argershm/180-voltmeter/Analog/cc/simulation/integrator,tb_main_opamp,schematic/history_1/simulation/diff_mode_gain/PrimeSimSPICE/parametric/L_bias=0.6u,L_gm=0.28u,W_gm=20u/results
              /c  masterResultsDir=/home/argershm/180-voltmeter/Analog/cc/simulation/integrator,tb_main_opamp,schematic/history_1/simulation/diff_mode_gain/PrimeSimSPICE/parametric/results
              /c  databaseDir=/home/argershm/180-voltmeter/Analog/cc/simulation/integrator,tb_main_opamp,schematic/history_1/simulation/diff_mode_gain/PrimeSimSPICE/parametric/results
              /c  UniqueName=saeSession4, isPilot=true
[10:51:28.81] /o 
[10:51:28.86] /o pw_worker child CE begin!
[10:51:28.87] /o ###write_master - histName=history_1 masterResultsDir=/home/argershm/180-voltmeter/Analog/cc/simulation/integrator,tb_main_opamp,schematic/history_1/simulation/diff_mode_gain/PrimeSimSPICE/parametric/results
              /c  incompleteType=, resultsDirectory=./simulation
[10:51:28.87] /o 
[10:51:28.94] /o pw_worker invokes measurement finished.
[10:51:28.94] /o pw_worker writeSimMap finsied.
[10:51:28.94] /o _simulationDoneAction done without exception!
[10:51:29.25] /o New Worker New CE ready proc entered.
[10:51:29.64] /o Got file /home/argershm/180-voltmeter/Analog/cc/simulation/integrator,tb_main_opamp,schematic/history_1/simulation/diff_mode_gain/PrimeSimSPICE/parametric/L_bias=0.6u,L_gm=0.28u,W_gm=20u/results/.ceFinished
[10:51:29.95] /o touch /home/argershm/180-voltmeter/Analog/cc/simulation/integrator,tb_main_opamp,schematic/history_1/simulation/diff_mode_gain/PrimeSimSPICE/parametric/L_bias=0.6u,L_gm=0.28u,W_gm=20u/results/.unitedSimFinished
[10:51:29.95] /o Calc Job Done!
[10:51:29.95] /o New Worker New CE exit
[10:51:30.05] /o touch pilot meas done flag file: /home/argershm/180-voltmeter/Analog/cc/simulation/integrator,tb_main_opamp,schematic/history_1/simulation/diff_mode_gain/PrimeSimSPICE/parametric/results/.pw_nw_meas_done
[10:51:30.07] /o #####New Worker job begin - Self history dir=/home/argershm/180-voltmeter/Analog/cc/simulation/integrator,tb_main_opamp,schematic
[10:51:30.19] /o pw_worker _createCalculateEngine got job!
[10:51:30.19] /o pw_worker _createCalculateEngine OK!
[10:51:31.50] /o New Worker New CE ready proc entered.
[10:51:31.68] /o _getSimulationDetails : 
[10:51:31.68] /o tbName=diff_mode_gain, Mtb=0
[10:51:31.68] /o Got stb tb ok!
[10:51:31.68] /o Self resultsDir: ./simulation
[10:51:31.68] /o Self databaseDir: /home/argershm/180-voltmeter/Analog/cc/simulation/integrator,tb_main_opamp,schematic/history_1/simulation/diff_mode_gain/PrimeSimSPICE/parametric/results
[10:51:31.80] /o _createResultsMap done!
[10:51:31.81] /o ###write_child - resultsDir=/home/argershm/180-voltmeter/Analog/cc/simulation/integrator,tb_main_opamp,schematic/history_1/simulation/diff_mode_gain/PrimeSimSPICE/parametric/L_bias=0.6u,L_gm=0.28u,W_gm=40u/results
              /c  masterResultsDir=/home/argershm/180-voltmeter/Analog/cc/simulation/integrator,tb_main_opamp,schematic/history_1/simulation/diff_mode_gain/PrimeSimSPICE/parametric/results
              /c  databaseDir=/home/argershm/180-voltmeter/Analog/cc/simulation/integrator,tb_main_opamp,schematic/history_1/simulation/diff_mode_gain/PrimeSimSPICE/parametric/results
              /c  UniqueName=saeSession4, isPilot=false
[10:51:31.81] /o 
[10:51:31.82] /o pw_worker child CE begin!
[10:51:31.82] /o pw_worker invokes measurement finished.
[10:51:31.82] /o pw_worker writeSimMap finsied.
[10:51:31.82] /o _simulationDoneAction done without exception!
[10:51:32.02] /o Got file /home/argershm/180-voltmeter/Analog/cc/simulation/integrator,tb_main_opamp,schematic/history_1/simulation/diff_mode_gain/PrimeSimSPICE/parametric/L_bias=0.6u,L_gm=0.28u,W_gm=40u/results/.ceFinished
[10:51:32.22] /o touch /home/argershm/180-voltmeter/Analog/cc/simulation/integrator,tb_main_opamp,schematic/history_1/simulation/diff_mode_gain/PrimeSimSPICE/parametric/L_bias=0.6u,L_gm=0.28u,W_gm=40u/results/.unitedSimFinished
[10:51:32.22] /o Calc Job Done!
[10:51:32.22] /o New Worker New CE exit
[10:51:32.34] /o #####New Worker job begin - Self history dir=/home/argershm/180-voltmeter/Analog/cc/simulation/integrator,tb_main_opamp,schematic
[10:51:32.47] /o pw_worker _createCalculateEngine got job!
[10:51:32.47] /o pw_worker _createCalculateEngine OK!
[10:51:33.68] /o New Worker New CE ready proc entered.
[10:51:33.86] /o _getSimulationDetails : 
[10:51:33.86] /o tbName=diff_mode_gain, Mtb=0
[10:51:33.86] /o Got stb tb ok!
[10:51:33.86] /o Self resultsDir: ./simulation
[10:51:33.86] /o Self databaseDir: /home/argershm/180-voltmeter/Analog/cc/simulation/integrator,tb_main_opamp,schematic/history_1/simulation/diff_mode_gain/PrimeSimSPICE/parametric/results
[10:51:33.93] /o _createResultsMap done!
[10:51:33.94] /o ###write_child - resultsDir=/home/argershm/180-voltmeter/Analog/cc/simulation/integrator,tb_main_opamp,schematic/history_1/simulation/diff_mode_gain/PrimeSimSPICE/parametric/L_bias=1u,L_gm=0.28u,W_gm=20u/results
              /c  masterResultsDir=/home/argershm/180-voltmeter/Analog/cc/simulation/integrator,tb_main_opamp,schematic/history_1/simulation/diff_mode_gain/PrimeSimSPICE/parametric/results
              /c  databaseDir=/home/argershm/180-voltmeter/Analog/cc/simulation/integrator,tb_main_opamp,schematic/history_1/simulation/diff_mode_gain/PrimeSimSPICE/parametric/results
              /c  UniqueName=saeSession4, isPilot=false
[10:51:33.94] /o 
[10:51:33.95] /o pw_worker child CE begin!
[10:51:33.95] /o pw_worker invokes measurement finished.
[10:51:33.95] /o pw_worker writeSimMap finsied.
[10:51:33.95] /o _simulationDoneAction done without exception!
[10:51:34.16] /o Got file /home/argershm/180-voltmeter/Analog/cc/simulation/integrator,tb_main_opamp,schematic/history_1/simulation/diff_mode_gain/PrimeSimSPICE/parametric/L_bias=1u,L_gm=0.28u,W_gm=20u/results/.ceFinished
[10:51:34.56] /o touch /home/argershm/180-voltmeter/Analog/cc/simulation/integrator,tb_main_opamp,schematic/history_1/simulation/diff_mode_gain/PrimeSimSPICE/parametric/L_bias=1u,L_gm=0.28u,W_gm=20u/results/.unitedSimFinished
[10:51:34.56] /o Calc Job Done!
[10:51:34.56] /o New Worker New CE exit
[10:51:34.68] /o #####New Worker job begin - Self history dir=/home/argershm/180-voltmeter/Analog/cc/simulation/integrator,tb_main_opamp,schematic
[10:51:34.80] /o pw_worker _createCalculateEngine got job!
[10:51:34.80] /o pw_worker _createCalculateEngine OK!
[10:51:36.01] /o New Worker New CE ready proc entered.
[10:51:36.19] /o _getSimulationDetails : 
[10:51:36.19] /o tbName=diff_mode_gain, Mtb=0
[10:51:36.19] /o Got stb tb ok!
[10:51:36.19] /o Self resultsDir: ./simulation
[10:51:36.19] /o Self databaseDir: /home/argershm/180-voltmeter/Analog/cc/simulation/integrator,tb_main_opamp,schematic/history_1/simulation/diff_mode_gain/PrimeSimSPICE/parametric/results
[10:51:36.28] /o _createResultsMap done!
[10:51:36.28] /o ###write_child - resultsDir=/home/argershm/180-voltmeter/Analog/cc/simulation/integrator,tb_main_opamp,schematic/history_1/simulation/diff_mode_gain/PrimeSimSPICE/parametric/L_bias=1u,L_gm=0.28u,W_gm=50u/results
              /c  masterResultsDir=/home/argershm/180-voltmeter/Analog/cc/simulation/integrator,tb_main_opamp,schematic/history_1/simulation/diff_mode_gain/PrimeSimSPICE/parametric/results
              /c  databaseDir=/home/argershm/180-voltmeter/Analog/cc/simulation/integrator,tb_main_opamp,schematic/history_1/simulation/diff_mode_gain/PrimeSimSPICE/parametric/results
              /c  UniqueName=saeSession4, isPilot=false
[10:51:36.28] /o 
[10:51:36.29] /o pw_worker child CE begin!
[10:51:36.29] /o pw_worker invokes measurement finished.
[10:51:36.29] /o pw_worker writeSimMap finsied.
[10:51:36.29] /o _simulationDoneAction done without exception!
[10:51:36.49] /o Got file /home/argershm/180-voltmeter/Analog/cc/simulation/integrator,tb_main_opamp,schematic/history_1/simulation/diff_mode_gain/PrimeSimSPICE/parametric/L_bias=1u,L_gm=0.28u,W_gm=50u/results/.ceFinished
[10:51:36.70] /o touch /home/argershm/180-voltmeter/Analog/cc/simulation/integrator,tb_main_opamp,schematic/history_1/simulation/diff_mode_gain/PrimeSimSPICE/parametric/L_bias=1u,L_gm=0.28u,W_gm=50u/results/.unitedSimFinished
[10:51:36.70] /o Calc Job Done!
[10:51:36.70] /o New Worker New CE exit
[10:51:57.87] /o Shutdown time: Sat Sep  6 10:51:57 2025
[10:51:57.87] /o Elapsed session real time: 0.58 minutes
[10:51:57.87] /o Session terminated. Log is at /home/argershm/180-voltmeter/Analog/cc/synopsys_custom/pwdp_jobs/saeSession4_diffmodegain.SimulationSimulation_cdpl.0.1957752/logs/w1/logs/pw_worker.argershm.2025_9_6_105121_1959748.log
