1757200158.662109: 3047060-7fbedf60f540: cdpl_log.c:337: in cdpl_log_open(): info: @@start_of_log@@
1757200158.662130: 3047060-7fbedf60f540: cdpl_log.c:1058: in cdpl_log_dump_sysinfo(): info: time: 2025/09/06 19:09:18 EDT -0400
1757200158.662133: 3047060-7fbedf60f540: cdpl_log.c:1060: in cdpl_log_dump_sysinfo(): info: version: W-2024.09-SP1-2 
1757200158.662134: 3047060-7fbedf60f540: cdpl_log.c:1062: in cdpl_log_dump_sysinfo(): info: system: Linux 4.18.0-553.69.1.el8_10.x86_64 #1 SMP Thu Aug 7 18:10:00 EDT 2025
1757200158.662136: 3047060-7fbedf60f540: cdpl_log.c:1067: in cdpl_log_dump_sysinfo(): info: processor: x86_64 64-bits
1757200158.662137: 3047060-7fbedf60f540: cdpl_log.c:1071: in cdpl_log_dump_sysinfo(): info: hostname: claws-compute3.ece.ncsu.edu
1757200158.662139: 3047060-7fbedf60f540: cdpl_log.c:1073: in cdpl_log_dump_sysinfo(): info: program name: custom_shell
1757200158.662141: 3047060-7fbedf60f540: cdpl_log.c:340: in cdpl_log_open(): debug: path: /home/argershm/180-voltmeter/Analog/cc/synopsys_custom/pwdp_jobs/saeSession4_diffmodegain.SimulationSimulation_cdpl.0.3047060/logs/master.claws-compute3.ece.ncsu.edu.3047060.log
1757200158.662143: 3047060-7fbedf60f540: cdpl_log.c:341: in cdpl_log_open(): debug: dir: /home/argershm/180-voltmeter/Analog/cc/synopsys_custom/pwdp_jobs/saeSession4_diffmodegain.SimulationSimulation_cdpl.0.3047060/logs
1757200158.662170: 3047060-7fbedf60f540: cdpl_server.c:536: in cdpl_sv_init(): info: new server S283701804
1757200158.662176: 3047060-7fbedf60f540: cdpl_ipc.c:3475: in cdpl_ipc_init(): info: requesting IPv4 protocol
1757200158.666194: 3047060-7fbedf60f540: cdpl_ipc.c:837: in _selectaddrfamily(): info: selected IPv4 protocol
1757200158.666217: 3047060-7fbedf60f540: cdpl_ipc.c:1139: in _set_keepalive(): info: TCP keep alive interval: 300
1757200158.668924: 3047060-7fbedf60f540: cdpl_monitor.c:1117: in cdpl_mn_new_server(): info: creating server monitor instance
1757200158.668938: 3047060-7fbedf60f540: cdpl_server.c:650: in cdpl_sv_new_master(): info: new master M1
1757200158.668945: 3047060-7fbedf60f540: cdpl_server.c:6533: in cdpl_sv_ctl_master(): info: Setting worker heartbeat to 120 seconds
1757200158.668947: 3047060-7fbedf60f540: cdpl_server.c:6542: in cdpl_sv_ctl_master(): info: Setting worker heartbeat timeout to 3 heartbeats
1757200158.668949: 3047060-7fbedf60f540: cdpl_compat_master.c:2090: in _parse_hostfile(): info: reading hostfile `/home/argershm/180-voltmeter/Analog/cc/synopsys_custom/pwdp_jobs/saeSession4_diffmodegain.SimulationSimulation_cdpl.0.3047060/host_file'
1757200158.668973: 3047060-7fbedf60f540: cdpl_compat_master.c:1900: in _hostfile_parser(): debug: parsing "1     |localhost|   -1  | /tmp | SH | sh"
1757200158.668986: 3047060-7fbedf60f540: cdpl_farm.c:2578: in cdpl_farm_new_sh(): info: creating SH farm on localhost
1757200158.668991: 3047060-7fbedf60f540: cdpl_compat_master.c:206: in _set_farm_env(): info: exporting CDPL_LOGDIR as `/home/argershm/180-voltmeter/Analog/cc/synopsys_custom/pwdp_jobs/saeSession4_diffmodegain.SimulationSimulation_cdpl.0.3047060/logs'
1757200158.668993: 3047060-7fbedf60f540: cdpl_compat_master.c:212: in _set_farm_env(): info: exporting CDPL_TMPDIR as `/tmp'
1757200158.668995: 3047060-7fbedf60f540: cdpl_compat_master.c:235: in _set_farm_env(): info: exporting SNPSLMD_LICENSE_FILE as `27000@ece-lic-35.ece.ncsu.edu'
1757200158.668997: 3047060-7fbedf60f540: cdpl_compat_master.c:259: in _set_farm_env(): info: exporting CDPL_OPTIONS as `[nowlogs]'
1757200158.668999: 3047060-7fbedf60f540: cdpl_compat_master.c:266: in _set_farm_env(): info: exporting DISPLAY as `unix:8575'
1757200158.669000: 3047060-7fbedf60f540: cdpl_compat_master.c:274: in _set_farm_env(): info: exporting CDPL_HEARTBEAT as `120'
1757200158.669010: 3047060-7fbedf60f540: cdpl_farm.c:3149: in cdpl_farm_add_withdir(): debug: added `localhost' (capacity: unlimited)
1757200158.669012: 3047060-7fbedf60f540: cdpl_compat_parse.c:147: in parsefile(): debug: read `/home/argershm/180-voltmeter/Analog/cc/synopsys_custom/pwdp_jobs/saeSession4_diffmodegain.SimulationSimulation_cdpl.0.3047060/host_file', 2 lines
1757200158.669017: 3047060-7fbedf60f540: cdpl_compat_master.c:2931: in cdplInitMaster(): info: bcast dir is `/home/argershm/180-voltmeter/Analog/cc/synopsys_custom/pwdp_jobs/saeSession4_diffmodegain.SimulationSimulation_cdpl.0.3047060/logs'
1757200158.669061: 3047060-7fbedf60f540: cdpl_server.c:6433: in cdpl_sv_ctl_master(): info: farm worker timeout set to 300
1757200158.669063: 3047060-7fbedf60f540: cdpl_server.c:6486: in cdpl_sv_ctl_master(): info: maximum number of task execution attempts set to 1
1757200158.669075: 3047060-7fbedf60f540: cdpl_server.c:3195: in cdpl_sv_start(): debug: starting server
1757200158.669079: 3047060-7fbedf60f540: cdpl_ipc.c:3632: in cdpl_ipc_start(): debug: starting IPC server 152.14.98.53:40805
1757200158.669219: 3047060-7fbe9f2c5700: cdpl_server_ipc.c:1182: in _sv_ipc_thread(): debug: ready
1757200158.669379: 3047060-7fbe9eac4700: cdpl_monitor.c:426: in cdpl_mn_init_client(): info: creating client monitor instance
1757200158.669399: 3047060-7fbe9eac4700: cdpl_ipc.c:3475: in cdpl_ipc_init(): info: requesting IPv4 protocol
1757200158.673549: 3047060-7fbe9eac4700: cdpl_ipc.c:837: in _selectaddrfamily(): info: selected IPv4 protocol
1757200158.673574: 3047060-7fbe9eac4700: cdpl_ipc.c:1139: in _set_keepalive(): info: TCP keep alive interval: 300
1757200158.676341: 3047060-7fbe9eac4700: cdpl_ipc.c:3632: in cdpl_ipc_start(): debug: starting IPC server 152.14.98.53:46755
1757200158.676488: 3047060-7fbe9eac4700: cdpl_monitor.c:471: in cdpl_mn_init_client(): debug: incoming messages in /tmp/cdpl-monitor-pd4S6T
1757200158.676572: 3047060-7fbe9eac4700: cdpl_monitor.c:533: in cdpl_mn_connect(): debug: connecting to 152.14.98.53:40805
1757200158.676580: 3047060-7fbe9eac4700: cdpl_ipc.c:3789: in cdpl_ipc_connect(): info: connecting to 152.14.98.53:40805
1757200158.676636: 3047060-7fbe9eac4700: cdpl_ipc.c:3860: in cdpl_ipc_connect(): info: connected as `152.14.98.53:49998'
1757200158.676652: 3047060-7fbe9eac4700: cdpl_ipc.c:2503: in cdpl_ipc_host_accept(): debug: accepted host `152.14.98.53:40805'
1757200158.676673: 3047060-7fbe9fac6700: cdpl_ipc.c:1862: in _epoll_accept(): debug: new connection from `152.14.98.53:49998'
1757200158.676692: 3047060-7fbe9eac4700: cdpl_monitor.c:579: in cdpl_mn_connect(): debug: ok
1757200158.676713: 3047060-7fbedf60f540: cdpl_server.c:731: in cdpl_sv_new_job(): info: new job J1 in M1
1757200158.676729: 3047060-7fbe9f2c5700: cdpl_server_ipc.c:1225: in _sv_ipc_thread(): debug: received ACCEPT notification
1757200158.676735: 3047060-7fbedf60f540: cdpl_compat_master.c:1581: in _add_worker(): info: new worker type 10, min:1, max:3, cmd:`/home/argershm/180-voltmeter/Analog/cc/synopsys_custom/pwdp_jobs/saeSession4_diffmodegain.SimulationSimulation_cdpl.0.3047060/START_WORKER pw_worker -i /home/argershm/180-voltmeter/Analog/cc/synopsys_custom/pwdp_jobs
1757200158.676740: 3047060-7fbe9f2c5700: cdpl_ipc.c:2503: in cdpl_ipc_host_accept(): debug: accepted host `152.14.98.53:49998'
1757200158.676748: 3047060-7fbedf60f540: cdpl_server.c:908: in cdpl_sv_new_bin_withfarm(): info: new bin B1 in J1
1757200158.676751: 3047060-7fbe9f2c5700: cdpl_server_ipc.c:1256: in _sv_ipc_thread(): debug: received MONITOR message
1757200158.676901: 3047060-7fbe9f2c5700: cdpl_monitor.c:1207: in cdpl_mn_accept(): debug: accepted monitor `152.14.98.53:49998'
1757200158.676906: 3047060-7fbe9f2c5700: cdpl_server_ipc_mon.c:120: in _globalLOCK(): debug: ENTERTING GLOBAL LOCK
1757200158.676908: 3047060-7fbe9f2c5700: cdpl_server_ipc_mon.c:164: in _globalLOCK(): debug: global lock acquired
1757200158.676920: 3047060-7fbe9cac0700: cdpl_monitor.c:910: in mn_systat(): debug: started
1757200158.677208: 3047060-7fbe9cac0700: cdpl_monitor.c:937: in mn_systat(): debug: monitor server flush rate: 5
1757200159.488802: 3047060-7fbe9f2c5700: cdpl_server_ipc_mon.c:210: in _globalUNLOCK(): debug: LEAVING GLOBAL LOCK
1757200159.488867: 3047060-7fbedf60f540: cdpl_server.c:3249: in cdpl_sv_start_job(): info: starting job J1
1757200159.488899: 3047060-7fbedf60f540: cdpl_server.c:62: in _sv_start_bin(): debug: starting bin B1 (min: 0, max: 3)
1757200159.489031: 3047060-7fbe8affd700: cdpl_server_sched.c:2482: in _sv_scheduler_thread(): debug: scheduler for bin B1 started
1757200159.489059: 3047060-7fbedf60f540: cdpl_server.c:1893: in _sv_gen_task(): info: new task T0 in B1 (prio 0)
1757200159.489096: 3047060-7fbedf60f540: cdpl_server.c:2698: in cdpl_sv_label_task_va(): info: setting task T0 label to "PrimeSim_1|PrimeSim"
1757200159.489155: 3047060-7fbe8affd700: cdpl_server_sched.c:2443: in _scheduler_run(): debug: will start a new worker
1757200159.489200: 3047060-7fbe8affd700: cdpl_farm.c:3977: in cdpl_farm_submit(): debug: 1 running processes
1757200159.489204: 3047060-7fbe8affd700: cdpl_farm.c:3985: in cdpl_farm_submit(): debug: new command C1 in bin B1 assigned to host `localhost'
1757200159.489286: 3047060-7fbe8affd700: cdpl_server_sched.c:705: in _sv_launch_worker(): info: started worker W1 (as C1) in bin B1
1757200159.489309: 3047060-7fbe8a7fc700: cdpl_farm.c:2139: in _schedule(): debug: started
1757200159.489317: 3047060-7fbe8a7fc700: cdpl_farm.c:2303: in _schedule(): debug: submitting command C1 in bin B1
1757200159.489333: 3047060-7fbe8a7fc700: cdpl_sh.c:49: in _sh_detached_submit(): info: SH : /home/argershm/180-voltmeter/Analog/cc/synopsys_custom/pwdp_jobs/saeSession4_diffmodegain.SimulationSimulation_cdpl.0.3047060/START_WORKER pw_worker -i /home/argershm/180-voltmeter/Analog/cc/synopsys_custom/pwdp_jobs/saeSession4_diffmodegain.SimulationSimulation_cdpl.0.3047060 -t 10000
1757200159.498193: 3047060-7fbe8a7fc700: cdpl_farm.c:2343: in _schedule(): debug: C1 in bin B1 running on slot 0
1757200159.498226: 3047060-7fbe8a7fc700: cdpl_farm.c:2167: in _schedule(): debug: idle
1757200159.554046: 3047060-7fbedf60f540: cdpl_compat_master.c:5948: in cdplMasterLogInfo(): info: [non-CDPL log entry] PWDP3: reset pilot cache succeeded, pilot_key=saeSession4,1,diff_mode_gain|&/home/argershm/180-voltmeter/Analog/cc/simulation/integrator,tb_main_opamp,schematic/history_1/simulation/diff_mode_gain/PrimeSimSPICE/nominal/results
1757200159.798301: 3047060-7fbe8a7fc700: cdpl_farm.c:1193: in _onexit(): debug: C1 in bin B1 exited normally on slot 0
1757200160.602929: 3047060-7fbe8bfff700: cdpl_compat_master.c:5948: in cdplMasterLogInfo(): info: [non-CDPL log entry] PWDP - no-workers started ok check start!
1757200161.366785: 3047060-7fbe9fac6700: cdpl_ipc.c:1862: in _epoll_accept(): debug: new connection from `152.14.98.53:50004'
1757200161.366831: 3047060-7fbe9f2c5700: cdpl_server_ipc.c:1225: in _sv_ipc_thread(): debug: received ACCEPT notification
1757200161.366844: 3047060-7fbe9f2c5700: cdpl_ipc.c:2503: in cdpl_ipc_host_accept(): debug: accepted host `152.14.98.53:50004'
1757200161.366932: 3047060-7fbe9f2c5700: cdpl_server_ipc.c:1246: in _sv_ipc_thread(): debug: received HELLO message
1757200161.366937: 3047060-7fbe9f2c5700: cdpl_server_ipc.c:430: in _sv_on_hello(): debug: looking up W1
1757200161.366940: 3047060-7fbe9f2c5700: cdpl_server_ipc.c:540: in _sv_on_hello(): info: W1 is `152.14.98.53:50004'
1757200161.366942: 3047060-7fbe9f2c5700: cdpl_server_ipc.c:541: in _sv_on_hello(): debug: hello W1 (B1)
1757200161.366944: 3047060-7fbe9f2c5700: cdpl_server_ipc.c:542: in _sv_on_hello(): info: W1 log file is /dev/null
1757200161.366998: 3047060-7fbe9f2c5700: cdpl_server_ipc.c:602: in _sv_on_hello(): info: up to 1 alive workers in B1
1757200161.367010: 3047060-7fbe9f2c5700: cdpl_farm.c:878: in _release_cmd(): debug: freeing command C1 in bin B1
1757200161.367024: 3047060-7fbe8affd700: cdpl_server_sched.c:960: in _assign(): info: assigning task T0 to worker W1
1757200161.430921: 3047060-7fbe9f2c5700: cdpl_server_ipc.c:1268: in _sv_ipc_thread(): debug: received RELAY message
1757200161.430937: 3047060-7fbe9f2c5700: cdpl_server_ipc.c:713: in _sv_on_relay(): debug: RELAY message from W1, size = 65
1757200161.430939: 3047060-7fbe9f2c5700: cdpl_server_ipc.c:715: in _sv_on_relay(): debug: RELAY message from W1, content = 0$3047837 claws-compute3.ece.ncsu.edu 3047853 RUNNING 1757200161
1757200162.367214: 3047060-7fbe9f2c5700: cdpl_server_ipc.c:312: in _sv_on_heartbeat(): debug: received HEARTBEAT from worker W1 at 152.14.98.53:50004
1757200163.677932: 3047060-7fbe9eac4700: cdpl_monitor.c:533: in cdpl_mn_connect(): debug: connecting to 152.14.98.53:45897
1757200163.677945: 3047060-7fbe9eac4700: cdpl_ipc.c:3789: in cdpl_ipc_connect(): info: connecting to 152.14.98.53:45897
1757200163.678091: 3047060-7fbe9eac4700: cdpl_ipc.c:3860: in cdpl_ipc_connect(): info: connected as `152.14.98.53:49632'
1757200163.678099: 3047060-7fbe9eac4700: cdpl_ipc.c:2503: in cdpl_ipc_host_accept(): debug: accepted host `152.14.98.53:45897'
1757200163.678105: 3047060-7fbe9eac4700: cdpl_monitor.c:579: in cdpl_mn_connect(): debug: ok
1757200168.160944: 3047060-7fbe9f2c5700: cdpl_server_ipc.c:1268: in _sv_ipc_thread(): debug: received RELAY message
1757200168.160964: 3047060-7fbe9f2c5700: cdpl_server_ipc.c:713: in _sv_on_relay(): debug: RELAY message from W1, size = 50
1757200168.160967: 3047060-7fbe9f2c5700: cdpl_server_ipc.c:715: in _sv_on_relay(): debug: RELAY message from W1, content = WORKERDU|28,/dev/mapper/rhel_claws--compute3-home
1757200168.160972: 3047060-7fbe9f2c5700: cdpl_server_ipc.c:1268: in _sv_ipc_thread(): debug: received RELAY message
1757200168.160974: 3047060-7fbe9f2c5700: cdpl_server_ipc.c:713: in _sv_on_relay(): debug: RELAY message from W1, size = 18
1757200168.160975: 3047060-7fbe9f2c5700: cdpl_server_ipc.c:715: in _sv_on_relay(): debug: RELAY message from W1, content = 0$- - - MEASDOING
1757200168.384352: 3047060-7fbe9f2c5700: cdpl_server_ipc.c:1268: in _sv_ipc_thread(): debug: received RELAY message
1757200168.384365: 3047060-7fbe9f2c5700: cdpl_server_ipc.c:713: in _sv_on_relay(): debug: RELAY message from W1, size = 77
1757200168.384367: 3047060-7fbe9f2c5700: cdpl_server_ipc.c:715: in _sv_on_relay(): debug: RELAY message from W1, content = 0$3047837 claws-compute3.ece.ncsu.edu 3047853 FAILED 1757200161|1757200168|9
1757200168.384539: 3047060-7fbe9f2c5700: cdpl_server_ipc.c:1251: in _sv_ipc_thread(): debug: received FINISH message
1757200168.384542: 3047060-7fbe9f2c5700: cdpl_server_ipc.c:983: in _sv_on_finish(): info: worker W1 completed task T0
1757200168.384544: 3047060-7fbe9f2c5700: cdpl_server_ipc.c:988: in _sv_on_finish(): debug: stat T0: utime=3426 stime=1889
1757200168.384546: 3047060-7fbe9f2c5700: cdpl_server_ipc.c:993: in _sv_on_finish(): debug: statm T0: vsize=3054884 rss=1039576 shared=517672 text=474784 data=710376
1757200168.389683: 3047060-7fbe9f2c5700: cdpl_server_ipc.c:1268: in _sv_ipc_thread(): debug: received RELAY message
1757200168.389689: 3047060-7fbe9f2c5700: cdpl_server_ipc.c:713: in _sv_on_relay(): debug: RELAY message from W1, size = 49
1757200168.389691: 3047060-7fbe9f2c5700: cdpl_server_ipc.c:715: in _sv_on_relay(): debug: RELAY message from W1, content = WORKERDU|4,/dev/mapper/rhel_claws--compute3-home
1757200168.472566: 3047060-7fbedf60f540: cdpl_server.c:227: in _sv_free_task_safe(): debug: freeing task T0
1757200188.390622: 3047060-7fbe9e2c3700: cdpl_ipc.c:775: in _readv(): warning: read(): EOF
1757200188.390645: 3047060-7fbe9fac6700: cdpl_ipc.c:775: in _readv(): warning: read(): EOF
1757200188.390668: 3047060-7fbe9e2c3700: cdpl_ipc.c:2100: in _epoll_recv(): debug: _readv(): Broken pipe
1757200188.390672: 3047060-7fbe9e2c3700: cdpl_ipc.c:2424: in _epoll_main(): debug: _epoll_recv(): Broken pipe
1757200188.390677: 3047060-7fbe9e2c3700: cdpl_ipc.c:1657: in _host_drop__UNSAFE(): debug: dropping host `152.14.98.53:45897'
1757200188.390680: 3047060-7fbe9fac6700: cdpl_ipc.c:2100: in _epoll_recv(): debug: _readv(): Broken pipe
1757200188.390683: 3047060-7fbe9fac6700: cdpl_ipc.c:2424: in _epoll_main(): debug: _epoll_recv(): Broken pipe
1757200188.390689: 3047060-7fbe9fac6700: cdpl_ipc.c:1657: in _host_drop__UNSAFE(): debug: dropping host `152.14.98.53:50004'
1757200188.390737: 3047060-7fbe9f2c5700: cdpl_server_ipc.c:1236: in _sv_ipc_thread(): debug: received DROP notification
1757200188.390756: 3047060-7fbe9f2c5700: cdpl_server_sched.c:2796: in _sv_record_crashed_worker(): debug: dropping worker W1
1757200188.390759: 3047060-7fbe9f2c5700: cdpl_server_ipc.c:188: in _sv_on_drop_worker(): debug: down to 0 live workers in B1
1757200188.390779: 3047060-7fbe8affd700: cdpl_server_sched.c:750: in _empty_trash(): debug: freeing worker W1 while emptying trash list for bin B1
1757200188.390788: 3047060-7fbe8affd700: cdpl_farm.c:4152: in cdpl_farm_dismiss(): debug: down to 0 running processes
1757200188.390796: 3047060-7fbe8affd700: cdpl_server_sched.c:121: in _free_worker_2(): debug: freeing worker W1
1757200188.390809: 3047060-7fbe8affd700: cdpl_ipc.c:2513: in cdpl_ipc_host_release(): debug: releasing host `152.14.98.53:50004'
1757200188.390810: 3047060-7fbe8affd700: cdpl_ipc.c:2529: in cdpl_ipc_host_release(): debug: scheduling for immediate release
1757200188.390869: 3047060-7fbe9dac2700: cdpl_monitor.c:290: in mn_listen(): debug: received DROP message
1757200188.390894: 3047060-7fbe9dac2700: cdpl_ipc.c:2513: in cdpl_ipc_host_release(): debug: releasing host `152.14.98.53:45897'
1757200188.678077: 3047060-7fbe9fac6700: cdpl_ipc.c:1582: in _host_free__UNSAFE(): debug: freeing host `152.14.98.53:50004'
1757200188.678101: 3047060-7fbe9fac6700: cdpl_ipc.c:1621: in _host_free__UNSAFE(): debug: [0 outq, 0 spR, 0 spW]
1757200188.678104: 3047060-7fbe9e2c3700: cdpl_ipc.c:1582: in _host_free__UNSAFE(): debug: freeing host `152.14.98.53:45897'
1757200188.678112: 3047060-7fbe9e2c3700: cdpl_ipc.c:1621: in _host_free__UNSAFE(): debug: [0 outq, 0 spR, 0 spW]
1757200219.798446: 3047060-7fbe8a7fc700: cdpl_farm.c:2173: in _schedule(): debug: idle
1757200228.902562: 3047060-7fbe9d2c1700: cdpl_compat_master.c:5971: in cdplMasterLogWarning(): warning: [non-CDPL log entry] PWDP: master does not receive message over 60 seconds!
1757200279.798615: 3047060-7fbe8a7fc700: cdpl_farm.c:2173: in _schedule(): debug: idle
1757200280.447284: 3047060-7fbe9d2c1700: cdpl_compat_master.c:5948: in cdplMasterLogInfo(): info: [non-CDPL log entry] PWDP: message receiver is alive.
1757200281.313634: 3047060-7fbe8bfff700: cdpl_compat_master.c:5948: in cdplMasterLogInfo(): info: [non-CDPL log entry] PWDP: master status watchdog is alive.
1757200289.432846: 3047060-7fbe9d2c1700: cdpl_compat_master.c:5971: in cdplMasterLogWarning(): warning: [non-CDPL log entry] PWDP: master does not receive message over 60 seconds!
1757200339.798807: 3047060-7fbe8a7fc700: cdpl_farm.c:2173: in _schedule(): debug: idle
1757200349.983626: 3047060-7fbe9d2c1700: cdpl_compat_master.c:5971: in cdplMasterLogWarning(): warning: [non-CDPL log entry] PWDP: master does not receive message over 60 seconds!
1757200399.798997: 3047060-7fbe8a7fc700: cdpl_farm.c:2173: in _schedule(): debug: idle
1757200401.524905: 3047060-7fbe9d2c1700: cdpl_compat_master.c:5948: in cdplMasterLogInfo(): info: [non-CDPL log entry] PWDP: message receiver is alive.
1757200402.324013: 3047060-7fbe8bfff700: cdpl_compat_master.c:5948: in cdplMasterLogInfo(): info: [non-CDPL log entry] PWDP: master status watchdog is alive.
1757200410.523378: 3047060-7fbe9d2c1700: cdpl_compat_master.c:5971: in cdplMasterLogWarning(): warning: [non-CDPL log entry] PWDP: master does not receive message over 60 seconds!
1757200453.330258: 3047060-7fbedf60f540: cdpl_server.c:3008: in cdpl_sv_halt_job_errno(): info: killing job J1
1757200453.330305: 3047060-7fbedf60f540: cdpl_server.c:3044: in cdpl_sv_halt_job_errno(): debug: signal bin B1 scheduler to stop
1757200453.330356: 3047060-7fbe8affd700: cdpl_server_sched.c:2484: in _sv_scheduler_thread(): debug: scheduler for bin B1 stopped
1757200453.330397: 3047060-7fbedf60f540: cdpl_server.c:294: in _sv_free_job(): info: freeing job J1
1757200453.330400: 3047060-7fbedf60f540: cdpl_server.c:92: in _sv_free_bin(): debug: freeing bin B1
1757200453.330437: 3047060-7fbedf60f540: cdpl_monitor.c:515: in cdpl_mn_kill(): info: killing monitor
1757200453.330445: 3047060-7fbedf60f540: cdpl_ipc.c:3677: in cdpl_ipc_kill(): debug: stopping event server
1757200453.330459: 3047060-7fbe9e2c3700: cdpl_ipc.c:2460: in _epoll_main(): debug: server going down...
1757200453.330490: 3047060-7fbe9fac6700: cdpl_ipc.c:775: in _readv(): warning: read(): EOF
1757200453.330501: 3047060-7fbe9fac6700: cdpl_ipc.c:2100: in _epoll_recv(): debug: _readv(): Broken pipe
1757200453.330511: 3047060-7fbe9fac6700: cdpl_ipc.c:2424: in _epoll_main(): debug: _epoll_recv(): Broken pipe
1757200453.330518: 3047060-7fbe9fac6700: cdpl_ipc.c:1657: in _host_drop__UNSAFE(): debug: dropping host `152.14.98.53:49998'
1757200453.330573: 3047060-7fbe9f2c5700: cdpl_server_ipc.c:1236: in _sv_ipc_thread(): debug: received DROP notification
1757200453.330584: 3047060-7fbe9f2c5700: cdpl_monitor.c:1269: in cdpl_mn_drop(): debug: detaching from monitor `152.14.98.53:49998'
1757200453.330590: 3047060-7fbe9f2c5700: cdpl_monitor.c:1101: in mn_systat_stop(): debug: joining systat thread
1757200453.330634: 3047060-7fbe9cac0700: cdpl_monitor.c:1079: in mn_systat(): debug: exiting
1757200453.330646: 3047060-7fbe9f2c5700: cdpl_monitor.c:1103: in mn_systat_stop(): debug: systat thread done
1757200453.330649: 3047060-7fbe9f2c5700: cdpl_ipc.c:2513: in cdpl_ipc_host_release(): debug: releasing host `152.14.98.53:49998'
1757200453.330813: 3047060-7fbe9eac4700: cdpl_ipc.c:3728: in cdpl_ipc_free(): debug: releasing IPC handle
1757200453.330818: 3047060-7fbe9eac4700: cdpl_ipc.c:3742: in cdpl_ipc_free(): debug: 1 unread messages
1757200453.330821: 3047060-7fbe9eac4700: cdpl_ipc.c:1582: in _host_free__UNSAFE(): debug: freeing host `152.14.98.53:40805'
1757200453.330823: 3047060-7fbe9eac4700: cdpl_ipc.c:1621: in _host_free__UNSAFE(): debug: [0 outq, 0 spR, 0 spW]
1757200453.330832: 3047060-7fbe9eac4700: cdpl_ipc.c:3756: in cdpl_ipc_free(): warning: 1 host(s) were not released
1757200453.330845: 3047060-7fbe9eac4700: cdpl_ipc.c:3767: in cdpl_ipc_free(): debug: done
1757200453.330847: 3047060-7fbe9eac4700: cdpl_monitor.c:1390: in cdpl_mn_free(): debug: freeing monitor client
1757200453.330925: 3047060-7fbedf60f540: cdpl_farm.c:2740: in cdpl_farm_free(): info: freeing farm
1757200453.330945: 3047060-7fbe8a7fc700: cdpl_farm.c:2231: in _schedule(): debug: end of idling
1757200453.330948: 3047060-7fbe8a7fc700: cdpl_farm.c:2235: in _schedule(): debug: dying
1757200453.330990: 3047060-7fbedf60f540: cdpl_farm.c:913: in _killall(): debug: killing all remaining commands
1757200453.331004: 3047060-7fbedf60f540: cdpl_server.c:3144: in cdpl_sv_free(): info: freeing server S283701804
1757200453.331020: 3047060-7fbedf60f540: cdpl_server.c:3109: in cdpl_sv_kill_errno(): info: killing server
1757200453.331021: 3047060-7fbedf60f540: cdpl_ipc.c:3677: in cdpl_ipc_kill(): debug: stopping event server
1757200453.331030: 3047060-7fbe9fac6700: cdpl_ipc.c:2460: in _epoll_main(): debug: server going down...
1757200453.331040: 3047060-7fbe9f2c5700: cdpl_server_ipc.c:1200: in _sv_ipc_thread(): debug: leaving now
1757200453.331049: 3047060-7fbedf60f540: cdpl_server.c:334: in _sv_free_master(): info: freeing master M1
1757200453.331056: 3047060-7fbedf60f540: cdpl_hash.c:68: in cdpl_h_destroy(): debug: put operations: 1
1757200453.331057: 3047060-7fbedf60f540: cdpl_hash.c:69: in cdpl_h_destroy(): debug: put collisions: 0
1757200453.331060: 3047060-7fbedf60f540: cdpl_hash.c:70: in cdpl_h_destroy(): debug: get operations: 0
1757200453.331062: 3047060-7fbedf60f540: cdpl_hash.c:71: in cdpl_h_destroy(): debug: get iterations: 0
1757200453.331069: 3047060-7fbedf60f540: cdpl_monitor.c:1390: in cdpl_mn_free(): debug: freeing monitor server
1757200453.331071: 3047060-7fbedf60f540: cdpl_ipc.c:3728: in cdpl_ipc_free(): debug: releasing IPC handle
1757200453.331073: 3047060-7fbedf60f540: cdpl_ipc.c:1582: in _host_free__UNSAFE(): debug: freeing host `152.14.98.53:49998'
1757200453.331074: 3047060-7fbedf60f540: cdpl_ipc.c:1621: in _host_free__UNSAFE(): debug: [0 outq, 0 spR, 0 spW]
1757200453.331124: 3047060-7fbedf60f540: cdpl_ipc.c:3767: in cdpl_ipc_free(): debug: done
1757200453.331130: 3047060-7fbedf60f540: cdpl_log.c:481: in cdpl_log_close(): info: @@end_of_log@@
