1756317367.369047: 302098-7f7996875540: cdpl_log.c:337: in cdpl_log_open(): info: @@start_of_log@@
1756317367.369056: 302098-7f7996875540: cdpl_log.c:1058: in cdpl_log_dump_sysinfo(): info: time: 2025/08/27 13:56:07 EDT -0400
1756317367.369059: 302098-7f7996875540: cdpl_log.c:1060: in cdpl_log_dump_sysinfo(): info: version: W-2024.09-SP1-2 
1756317367.369060: 302098-7f7996875540: cdpl_log.c:1062: in cdpl_log_dump_sysinfo(): info: system: Linux 4.18.0-553.69.1.el8_10.x86_64 #1 SMP Thu Aug 7 18:10:00 EDT 2025
1756317367.369062: 302098-7f7996875540: cdpl_log.c:1067: in cdpl_log_dump_sysinfo(): info: processor: x86_64 64-bits
1756317367.369063: 302098-7f7996875540: cdpl_log.c:1071: in cdpl_log_dump_sysinfo(): info: hostname: claws-compute3.ece.ncsu.edu
1756317367.369064: 302098-7f7996875540: cdpl_log.c:1073: in cdpl_log_dump_sysinfo(): info: program name: custom_shell
1756317367.369067: 302098-7f7996875540: cdpl_log.c:340: in cdpl_log_open(): debug: path: /home/argershm/180-voltmeter/Analog/cc/synopsys_custom/pwdp_jobs/saeSession0_diffmodegain.SimulationSimulation_cdpl.1.302098/logs/master.claws-compute3.ece.ncsu.edu.302098.log
1756317367.369068: 302098-7f7996875540: cdpl_log.c:341: in cdpl_log_open(): debug: dir: /home/argershm/180-voltmeter/Analog/cc/synopsys_custom/pwdp_jobs/saeSession0_diffmodegain.SimulationSimulation_cdpl.1.302098/logs
1756317367.369073: 302098-7f7996875540: cdpl_server.c:536: in cdpl_sv_init(): info: new server S97275160
1756317367.369076: 302098-7f7996875540: cdpl_ipc.c:3475: in cdpl_ipc_init(): info: requesting IPv4 protocol
1756317367.373038: 302098-7f7996875540: cdpl_ipc.c:837: in _selectaddrfamily(): info: selected IPv4 protocol
1756317367.373054: 302098-7f7996875540: cdpl_ipc.c:1139: in _set_keepalive(): info: TCP keep alive interval: 300
1756317367.376210: 302098-7f7996875540: cdpl_monitor.c:1117: in cdpl_mn_new_server(): info: creating server monitor instance
1756317367.376215: 302098-7f7996875540: cdpl_server.c:650: in cdpl_sv_new_master(): info: new master M1
1756317367.376219: 302098-7f7996875540: cdpl_server.c:6533: in cdpl_sv_ctl_master(): info: Setting worker heartbeat to 120 seconds
1756317367.376221: 302098-7f7996875540: cdpl_server.c:6542: in cdpl_sv_ctl_master(): info: Setting worker heartbeat timeout to 3 heartbeats
1756317367.376223: 302098-7f7996875540: cdpl_compat_master.c:2090: in _parse_hostfile(): info: reading hostfile `/home/argershm/180-voltmeter/Analog/cc/synopsys_custom/pwdp_jobs/saeSession0_diffmodegain.SimulationSimulation_cdpl.1.302098/host_file'
1756317367.376232: 302098-7f7996875540: cdpl_compat_master.c:1900: in _hostfile_parser(): debug: parsing "1     |localhost|   -1  | /tmp | SH | sh"
1756317367.376236: 302098-7f7996875540: cdpl_farm.c:2578: in cdpl_farm_new_sh(): info: creating SH farm on localhost
1756317367.376240: 302098-7f7996875540: cdpl_compat_master.c:206: in _set_farm_env(): info: exporting CDPL_LOGDIR as `/home/argershm/180-voltmeter/Analog/cc/synopsys_custom/pwdp_jobs/saeSession0_diffmodegain.SimulationSimulation_cdpl.1.302098/logs'
1756317367.376241: 302098-7f7996875540: cdpl_compat_master.c:212: in _set_farm_env(): info: exporting CDPL_TMPDIR as `/tmp'
1756317367.376243: 302098-7f7996875540: cdpl_compat_master.c:235: in _set_farm_env(): info: exporting SNPSLMD_LICENSE_FILE as `27000@ece-lic-35.ece.ncsu.edu'
1756317367.376245: 302098-7f7996875540: cdpl_compat_master.c:259: in _set_farm_env(): info: exporting CDPL_OPTIONS as `[nowlogs]'
1756317367.376247: 302098-7f7996875540: cdpl_compat_master.c:266: in _set_farm_env(): info: exporting DISPLAY as `unix:30329'
1756317367.376248: 302098-7f7996875540: cdpl_compat_master.c:274: in _set_farm_env(): info: exporting CDPL_HEARTBEAT as `120'
1756317367.376251: 302098-7f7996875540: cdpl_farm.c:3149: in cdpl_farm_add_withdir(): debug: added `localhost' (capacity: unlimited)
1756317367.376253: 302098-7f7996875540: cdpl_compat_parse.c:147: in parsefile(): debug: read `/home/argershm/180-voltmeter/Analog/cc/synopsys_custom/pwdp_jobs/saeSession0_diffmodegain.SimulationSimulation_cdpl.1.302098/host_file', 2 lines
1756317367.376255: 302098-7f7996875540: cdpl_compat_master.c:2931: in cdplInitMaster(): info: bcast dir is `/home/argershm/180-voltmeter/Analog/cc/synopsys_custom/pwdp_jobs/saeSession0_diffmodegain.SimulationSimulation_cdpl.1.302098/logs'
1756317367.376288: 302098-7f7996875540: cdpl_server.c:6433: in cdpl_sv_ctl_master(): info: farm worker timeout set to 300
1756317367.376290: 302098-7f7996875540: cdpl_server.c:6486: in cdpl_sv_ctl_master(): info: maximum number of task execution attempts set to 1
1756317367.376293: 302098-7f7996875540: cdpl_server.c:3195: in cdpl_sv_start(): debug: starting server
1756317367.376295: 302098-7f7996875540: cdpl_ipc.c:3632: in cdpl_ipc_start(): debug: starting IPC server 152.14.98.53:33303
1756317367.376461: 302098-7f7952efd700: cdpl_server_ipc.c:1182: in _sv_ipc_thread(): debug: ready
1756317367.376494: 302098-7f79417fa700: cdpl_monitor.c:426: in cdpl_mn_init_client(): info: creating client monitor instance
1756317367.376508: 302098-7f79417fa700: cdpl_ipc.c:3475: in cdpl_ipc_init(): info: requesting IPv4 protocol
1756317367.380713: 302098-7f79417fa700: cdpl_ipc.c:837: in _selectaddrfamily(): info: selected IPv4 protocol
1756317367.380737: 302098-7f79417fa700: cdpl_ipc.c:1139: in _set_keepalive(): info: TCP keep alive interval: 300
1756317367.383464: 302098-7f79417fa700: cdpl_ipc.c:3632: in cdpl_ipc_start(): debug: starting IPC server 152.14.98.53:41223
1756317367.383561: 302098-7f79417fa700: cdpl_monitor.c:471: in cdpl_mn_init_client(): debug: incoming messages in /tmp/cdpl-monitor-Fui5W7
1756317367.383637: 302098-7f79417fa700: cdpl_monitor.c:533: in cdpl_mn_connect(): debug: connecting to 152.14.98.53:33303
1756317367.383639: 302098-7f79417fa700: cdpl_ipc.c:3789: in cdpl_ipc_connect(): info: connecting to 152.14.98.53:33303
1756317367.383746: 302098-7f79417fa700: cdpl_ipc.c:3860: in cdpl_ipc_connect(): info: connected as `152.14.98.53:50564'
1756317367.383751: 302098-7f79417fa700: cdpl_ipc.c:2503: in cdpl_ipc_host_accept(): debug: accepted host `152.14.98.53:33303'
1756317367.383755: 302098-7f79417fa700: cdpl_monitor.c:579: in cdpl_mn_connect(): debug: ok
1756317367.383764: 302098-7f7996875540: cdpl_server.c:731: in cdpl_sv_new_job(): info: new job J1 in M1
1756317367.383772: 302098-7f7996875540: cdpl_compat_master.c:1581: in _add_worker(): info: new worker type 10, min:1, max:3, cmd:`/home/argershm/180-voltmeter/Analog/cc/synopsys_custom/pwdp_jobs/saeSession0_diffmodegain.SimulationSimulation_cdpl.1.302098/START_WORKER pw_worker -i /home/argershm/180-voltmeter/Analog/cc/synopsys_custom/pwdp_jobs/
1756317367.383774: 302098-7f79526fc700: cdpl_ipc.c:1862: in _epoll_accept(): debug: new connection from `152.14.98.53:50564'
1756317367.383789: 302098-7f7996875540: cdpl_server.c:908: in cdpl_sv_new_bin_withfarm(): info: new bin B1 in J1
1756317367.383809: 302098-7f7952efd700: cdpl_server_ipc.c:1225: in _sv_ipc_thread(): debug: received ACCEPT notification
1756317367.383820: 302098-7f7952efd700: cdpl_ipc.c:2503: in cdpl_ipc_host_accept(): debug: accepted host `152.14.98.53:50564'
1756317367.383832: 302098-7f7952efd700: cdpl_server_ipc.c:1256: in _sv_ipc_thread(): debug: received MONITOR message
1756317367.383968: 302098-7f7952efd700: cdpl_monitor.c:1207: in cdpl_mn_accept(): debug: accepted monitor `152.14.98.53:50564'
1756317367.383981: 302098-7f7952efd700: cdpl_server_ipc_mon.c:120: in _globalLOCK(): debug: ENTERTING GLOBAL LOCK
1756317367.383984: 302098-7f7952efd700: cdpl_server_ipc_mon.c:164: in _globalLOCK(): debug: global lock acquired
1756317367.383986: 302098-7f7943fff700: cdpl_monitor.c:910: in mn_systat(): debug: started
1756317367.384202: 302098-7f7943fff700: cdpl_monitor.c:937: in mn_systat(): debug: monitor server flush rate: 5
1756317368.168006: 302098-7f7952efd700: cdpl_server_ipc_mon.c:210: in _globalUNLOCK(): debug: LEAVING GLOBAL LOCK
1756317368.168029: 302098-7f7996875540: cdpl_server.c:3249: in cdpl_sv_start_job(): info: starting job J1
1756317368.168045: 302098-7f7996875540: cdpl_server.c:62: in _sv_start_bin(): debug: starting bin B1 (min: 0, max: 3)
1756317368.168136: 302098-7f79427fc700: cdpl_server_sched.c:2482: in _sv_scheduler_thread(): debug: scheduler for bin B1 started
1756317368.168148: 302098-7f7996875540: cdpl_server.c:1893: in _sv_gen_task(): info: new task T0 in B1 (prio 0)
1756317368.168156: 302098-7f7996875540: cdpl_server.c:2698: in cdpl_sv_label_task_va(): info: setting task T0 label to "PrimeSim_2|PrimeSim"
1756317368.168165: 302098-7f79427fc700: cdpl_server_sched.c:2443: in _scheduler_run(): debug: will start a new worker
1756317368.168175: 302098-7f79427fc700: cdpl_farm.c:3977: in cdpl_farm_submit(): debug: 1 running processes
1756317368.168178: 302098-7f79427fc700: cdpl_farm.c:3985: in cdpl_farm_submit(): debug: new command C1 in bin B1 assigned to host `localhost'
1756317368.168250: 302098-7f79427fc700: cdpl_server_sched.c:705: in _sv_launch_worker(): info: started worker W1 (as C1) in bin B1
1756317368.168280: 302098-7f7941ffb700: cdpl_farm.c:2139: in _schedule(): debug: started
1756317368.168294: 302098-7f7941ffb700: cdpl_farm.c:2303: in _schedule(): debug: submitting command C1 in bin B1
1756317368.168299: 302098-7f7941ffb700: cdpl_sh.c:49: in _sh_detached_submit(): info: SH : /home/argershm/180-voltmeter/Analog/cc/synopsys_custom/pwdp_jobs/saeSession0_diffmodegain.SimulationSimulation_cdpl.1.302098/START_WORKER pw_worker -i /home/argershm/180-voltmeter/Analog/cc/synopsys_custom/pwdp_jobs/saeSession0_diffmodegain.SimulationSimulation_cdpl.1.302098 -t 10000
1756317368.173685: 302098-7f7941ffb700: cdpl_farm.c:2343: in _schedule(): debug: C1 in bin B1 running on slot 0
1756317368.173712: 302098-7f7941ffb700: cdpl_farm.c:2167: in _schedule(): debug: idle
1756317368.236155: 302098-7f7996875540: cdpl_compat_master.c:5948: in cdplMasterLogInfo(): info: [non-CDPL log entry] PWDP3: reset pilot cache succeeded, pilot_key=saeSession0,1,diff_mode_gain|&/home/argershm/180-voltmeter/Analog/cc/simulation/integrator,tb_main_opamp,schematic/history_1/simulation/diff_mode_gain/PrimeSimSPICE/nominal/results
1756317368.473778: 302098-7f7941ffb700: cdpl_farm.c:1193: in _onexit(): debug: C1 in bin B1 exited normally on slot 0
1756317369.278455: 302098-7f79437fe700: cdpl_compat_master.c:5948: in cdplMasterLogInfo(): info: [non-CDPL log entry] PWDP - no-workers started ok check start!
1756317369.904812: 302098-7f79526fc700: cdpl_ipc.c:1862: in _epoll_accept(): debug: new connection from `152.14.98.53:50570'
1756317369.904860: 302098-7f7952efd700: cdpl_server_ipc.c:1225: in _sv_ipc_thread(): debug: received ACCEPT notification
1756317369.904876: 302098-7f7952efd700: cdpl_ipc.c:2503: in cdpl_ipc_host_accept(): debug: accepted host `152.14.98.53:50570'
1756317369.904904: 302098-7f7952efd700: cdpl_server_ipc.c:1246: in _sv_ipc_thread(): debug: received HELLO message
1756317369.904906: 302098-7f7952efd700: cdpl_server_ipc.c:430: in _sv_on_hello(): debug: looking up W1
1756317369.904909: 302098-7f7952efd700: cdpl_server_ipc.c:540: in _sv_on_hello(): info: W1 is `152.14.98.53:50570'
1756317369.904910: 302098-7f7952efd700: cdpl_server_ipc.c:541: in _sv_on_hello(): debug: hello W1 (B1)
1756317369.904912: 302098-7f7952efd700: cdpl_server_ipc.c:542: in _sv_on_hello(): info: W1 log file is /dev/null
1756317369.904925: 302098-7f7952efd700: cdpl_server_ipc.c:602: in _sv_on_hello(): info: up to 1 alive workers in B1
1756317369.904930: 302098-7f7952efd700: cdpl_farm.c:878: in _release_cmd(): debug: freeing command C1 in bin B1
1756317369.904948: 302098-7f79427fc700: cdpl_server_sched.c:960: in _assign(): info: assigning task T0 to worker W1
1756317369.968417: 302098-7f7952efd700: cdpl_server_ipc.c:1268: in _sv_ipc_thread(): debug: received RELAY message
1756317369.968427: 302098-7f7952efd700: cdpl_server_ipc.c:713: in _sv_on_relay(): debug: RELAY message from W1, size = 63
1756317369.968429: 302098-7f7952efd700: cdpl_server_ipc.c:715: in _sv_on_relay(): debug: RELAY message from W1, content = 0$321537 claws-compute3.ece.ncsu.edu 321553 RUNNING 1756317369
1756317370.905167: 302098-7f7952efd700: cdpl_server_ipc.c:312: in _sv_on_heartbeat(): debug: received HEARTBEAT from worker W1 at 152.14.98.53:50570
1756317372.384780: 302098-7f79417fa700: cdpl_monitor.c:533: in cdpl_mn_connect(): debug: connecting to 152.14.98.53:46503
1756317372.384793: 302098-7f79417fa700: cdpl_ipc.c:3789: in cdpl_ipc_connect(): info: connecting to 152.14.98.53:46503
1756317372.384872: 302098-7f79417fa700: cdpl_ipc.c:3860: in cdpl_ipc_connect(): info: connected as `152.14.98.53:51860'
1756317372.384878: 302098-7f79417fa700: cdpl_ipc.c:2503: in cdpl_ipc_host_accept(): debug: accepted host `152.14.98.53:46503'
1756317372.384882: 302098-7f79417fa700: cdpl_monitor.c:579: in cdpl_mn_connect(): debug: ok
1756317376.097288: 302098-7f7952efd700: cdpl_server_ipc.c:1268: in _sv_ipc_thread(): debug: received RELAY message
1756317376.097303: 302098-7f7952efd700: cdpl_server_ipc.c:713: in _sv_on_relay(): debug: RELAY message from W1, size = 51
1756317376.097306: 302098-7f7952efd700: cdpl_server_ipc.c:715: in _sv_on_relay(): debug: RELAY message from W1, content = WORKERDU|224,/dev/mapper/rhel_claws--compute3-home
1756317376.097327: 302098-7f7952efd700: cdpl_server_ipc.c:1268: in _sv_ipc_thread(): debug: received RELAY message
1756317376.097329: 302098-7f7952efd700: cdpl_server_ipc.c:713: in _sv_on_relay(): debug: RELAY message from W1, size = 193
1756317376.097331: 302098-7f7952efd700: cdpl_server_ipc.c:715: in _sv_on_relay(): debug: RELAY message from W1, content = REQPILOT|saeSession0,1,diff_mode_gain|&/home/argershm/180-voltmeter/Analog/cc/simulation/integrator,tb_main_opamp,schematic/history_1/simulation/diff_mode_gain/PrimeSimSPICE/nominal/results|&0
1756317376.097361: 302098-7f7950ef9700: cdpl_compat_master.c:5948: in cdplMasterLogInfo(): info: [non-CDPL log entry] PWDP send back 'DOPILOT' to worker id:1 key: saeSession0,1,diff_mode_gain|&/home/argershm/180-voltmeter/Analog/cc/simulation/integrator,tb_main_opamp,schematic/history_1/simulation/diff_mode_gain/PrimeSimSPICE/nominal/results
1756317376.097510: 302098-7f7950ef9700: cdpl_compat_master.c:5948: in cdplMasterLogInfo(): info: [non-CDPL log entry] PWDP: set pilot doing!
1756317376.101724: 302098-7f7952efd700: cdpl_server_ipc.c:1268: in _sv_ipc_thread(): debug: received RELAY message
1756317376.101732: 302098-7f7952efd700: cdpl_server_ipc.c:713: in _sv_on_relay(): debug: RELAY message from W1, size = 189
1756317376.101734: 302098-7f7952efd700: cdpl_server_ipc.c:715: in _sv_on_relay(): debug: RELAY message from W1, content = PILOTOK|saeSession0,1,diff_mode_gain|&/home/argershm/180-voltmeter/Analog/cc/simulation/integrator,tb_main_opamp,schematic/history_1/simulation/diff_mode_gain/PrimeSimSPICE/nominal/results
1756317376.101753: 302098-7f7950ef9700: cdpl_compat_master.c:5948: in cdplMasterLogInfo(): info: [non-CDPL log entry] PWDP: set pilot done!
1756317376.101829: 302098-7f7952efd700: cdpl_server_ipc.c:1268: in _sv_ipc_thread(): debug: received RELAY message
1756317376.101834: 302098-7f7952efd700: cdpl_server_ipc.c:713: in _sv_on_relay(): debug: RELAY message from W1, size = 18
1756317376.101836: 302098-7f7952efd700: cdpl_server_ipc.c:715: in _sv_on_relay(): debug: RELAY message from W1, content = 0$- - - MEASDOING
1756317376.388728: 302098-7f7952efd700: cdpl_server_ipc.c:1268: in _sv_ipc_thread(): debug: received RELAY message
1756317376.388742: 302098-7f7952efd700: cdpl_server_ipc.c:713: in _sv_on_relay(): debug: RELAY message from W1, size = 75
1756317376.388744: 302098-7f7952efd700: cdpl_server_ipc.c:715: in _sv_on_relay(): debug: RELAY message from W1, content = 0$321537 claws-compute3.ece.ncsu.edu 321553 FINISHED 1756317369|1756317376
1756317376.390222: 302098-7f7952efd700: cdpl_server_ipc.c:1268: in _sv_ipc_thread(): debug: received RELAY message
1756317376.390229: 302098-7f7952efd700: cdpl_server_ipc.c:713: in _sv_on_relay(): debug: RELAY message from W1, size = 191
1756317376.390232: 302098-7f7952efd700: cdpl_server_ipc.c:715: in _sv_on_relay(): debug: RELAY message from W1, content = PILOTDONE|saeSession0,1,diff_mode_gain|&/home/argershm/180-voltmeter/Analog/cc/simulation/integrator,tb_main_opamp,schematic/history_1/simulation/diff_mode_gain/PrimeSimSPICE/nominal/results
1756317376.390253: 302098-7f7950ef9700: cdpl_compat_master.c:5948: in cdplMasterLogInfo(): info: [non-CDPL log entry] saeSession0,1,diff_mode_gain|&/home/argershm/180-voltmeter/Analog/cc/simulation/integrator,tb_main_opamp,schematic/history_1/simulation/diff_mode_gain/PrimeSimSPICE/nominal/results PILOTDONE!
1756317376.390522: 302098-7f7952efd700: cdpl_server_ipc.c:1251: in _sv_ipc_thread(): debug: received FINISH message
1756317376.390528: 302098-7f7952efd700: cdpl_server_ipc.c:983: in _sv_on_finish(): info: worker W1 completed task T0
1756317376.390530: 302098-7f7952efd700: cdpl_server_ipc.c:988: in _sv_on_finish(): debug: stat T0: utime=3542 stime=1863
1756317376.390532: 302098-7f7952efd700: cdpl_server_ipc.c:993: in _sv_on_finish(): debug: statm T0: vsize=3054656 rss=1040012 shared=518656 text=474784 data=709688
1756317376.395427: 302098-7f7952efd700: cdpl_server_ipc.c:1268: in _sv_ipc_thread(): debug: received RELAY message
1756317376.395434: 302098-7f7952efd700: cdpl_server_ipc.c:713: in _sv_on_relay(): debug: RELAY message from W1, size = 50
1756317376.395436: 302098-7f7952efd700: cdpl_server_ipc.c:715: in _sv_on_relay(): debug: RELAY message from W1, content = WORKERDU|20,/dev/mapper/rhel_claws--compute3-home
1756317376.471350: 302098-7f7996875540: cdpl_server.c:227: in _sv_free_task_safe(): debug: freeing task T0
1756317376.879427: 302098-7f7996875540: cdpl_server.c:3008: in cdpl_sv_halt_job_errno(): info: killing job J1
1756317376.879458: 302098-7f7996875540: cdpl_server.c:3044: in cdpl_sv_halt_job_errno(): debug: signal bin B1 scheduler to stop
1756317376.879483: 302098-7f79427fc700: cdpl_server_sched.c:2484: in _sv_scheduler_thread(): debug: scheduler for bin B1 stopped
1756317376.879500: 302098-7f79427fc700: cdpl_ipc.c:1657: in _host_drop__UNSAFE(): debug: dropping host `152.14.98.53:50570'
1756317376.879543: 302098-7f79427fc700: cdpl_server_sched.c:2830: in _sv_drop_worker(): info: down to 0 alive workers in B1
1756317376.879546: 302098-7f79427fc700: cdpl_farm.c:4152: in cdpl_farm_dismiss(): debug: down to 0 running processes
1756317376.879549: 302098-7f7952efd700: cdpl_server_ipc.c:1236: in _sv_ipc_thread(): debug: received DROP notification
1756317376.879559: 302098-7f79427fc700: cdpl_server_sched.c:121: in _free_worker_2(): debug: freeing worker W1
1756317376.879562: 302098-7f79427fc700: cdpl_ipc.c:2513: in cdpl_ipc_host_release(): debug: releasing host `152.14.98.53:50570'
1756317376.879563: 302098-7f79427fc700: cdpl_ipc.c:2529: in cdpl_ipc_host_release(): debug: scheduling for immediate release
1756317376.879572: 302098-7f7996875540: cdpl_server.c:294: in _sv_free_job(): info: freeing job J1
1756317376.879575: 302098-7f7996875540: cdpl_server.c:92: in _sv_free_bin(): debug: freeing bin B1
1756317376.879584: 302098-7f7996875540: cdpl_monitor.c:515: in cdpl_mn_kill(): info: killing monitor
1756317376.879586: 302098-7f7996875540: cdpl_ipc.c:3677: in cdpl_ipc_kill(): debug: stopping event server
1756317376.879698: 302098-7f7951efb700: cdpl_ipc.c:2460: in _epoll_main(): debug: server going down...
1756317376.879706: 302098-7f79526fc700: cdpl_ipc.c:775: in _readv(): warning: read(): EOF
1756317376.879717: 302098-7f79526fc700: cdpl_ipc.c:2100: in _epoll_recv(): debug: _readv(): Broken pipe
1756317376.879720: 302098-7f79526fc700: cdpl_ipc.c:2424: in _epoll_main(): debug: _epoll_recv(): Broken pipe
1756317376.879724: 302098-7f79526fc700: cdpl_ipc.c:1657: in _host_drop__UNSAFE(): debug: dropping host `152.14.98.53:50564'
1756317376.879769: 302098-7f79526fc700: cdpl_ipc.c:1582: in _host_free__UNSAFE(): debug: freeing host `152.14.98.53:50570'
1756317376.879771: 302098-7f79526fc700: cdpl_ipc.c:1621: in _host_free__UNSAFE(): debug: [0 outq, 0 spR, 0 spW]
1756317376.879774: 302098-7f79417fa700: cdpl_ipc.c:3728: in cdpl_ipc_free(): debug: releasing IPC handle
1756317376.879785: 302098-7f79417fa700: cdpl_ipc.c:1582: in _host_free__UNSAFE(): debug: freeing host `152.14.98.53:46503'
1756317376.879788: 302098-7f7952efd700: cdpl_server_ipc.c:1236: in _sv_ipc_thread(): debug: received DROP notification
1756317376.879797: 302098-7f7952efd700: cdpl_monitor.c:1269: in cdpl_mn_drop(): debug: detaching from monitor `152.14.98.53:50564'
1756317376.879810: 302098-7f7952efd700: cdpl_monitor.c:1101: in mn_systat_stop(): debug: joining systat thread
1756317376.879815: 302098-7f79417fa700: cdpl_ipc.c:1621: in _host_free__UNSAFE(): debug: [0 outq, 0 spR, 0 spW]
1756317376.879832: 302098-7f79417fa700: cdpl_ipc.c:1582: in _host_free__UNSAFE(): debug: freeing host `152.14.98.53:33303'
1756317376.879834: 302098-7f79417fa700: cdpl_ipc.c:1621: in _host_free__UNSAFE(): debug: [0 outq, 0 spR, 0 spW]
1756317376.879842: 302098-7f79417fa700: cdpl_ipc.c:3756: in cdpl_ipc_free(): warning: 2 host(s) were not released
1756317376.879851: 302098-7f79417fa700: cdpl_ipc.c:3767: in cdpl_ipc_free(): debug: done
1756317376.879852: 302098-7f79417fa700: cdpl_monitor.c:1390: in cdpl_mn_free(): debug: freeing monitor client
1756317376.879870: 302098-7f7943fff700: cdpl_monitor.c:1079: in mn_systat(): debug: exiting
1756317376.879881: 302098-7f7952efd700: cdpl_monitor.c:1103: in mn_systat_stop(): debug: systat thread done
1756317376.879884: 302098-7f7952efd700: cdpl_ipc.c:2513: in cdpl_ipc_host_release(): debug: releasing host `152.14.98.53:50564'
1756317376.880015: 302098-7f7996875540: cdpl_farm.c:2740: in cdpl_farm_free(): info: freeing farm
1756317376.880032: 302098-7f7941ffb700: cdpl_farm.c:2231: in _schedule(): debug: end of idling
1756317376.880037: 302098-7f7941ffb700: cdpl_farm.c:2235: in _schedule(): debug: dying
1756317376.880073: 302098-7f7996875540: cdpl_farm.c:913: in _killall(): debug: killing all remaining commands
1756317376.880078: 302098-7f7996875540: cdpl_server.c:3144: in cdpl_sv_free(): info: freeing server S97275160
1756317376.880081: 302098-7f7996875540: cdpl_server.c:3109: in cdpl_sv_kill_errno(): info: killing server
1756317376.880082: 302098-7f7996875540: cdpl_ipc.c:3677: in cdpl_ipc_kill(): debug: stopping event server
1756317376.880093: 302098-7f79526fc700: cdpl_ipc.c:2460: in _epoll_main(): debug: server going down...
1756317376.880102: 302098-7f7952efd700: cdpl_server_ipc.c:1200: in _sv_ipc_thread(): debug: leaving now
1756317376.880111: 302098-7f7996875540: cdpl_server.c:334: in _sv_free_master(): info: freeing master M1
1756317376.880114: 302098-7f7996875540: cdpl_hash.c:68: in cdpl_h_destroy(): debug: put operations: 1
1756317376.880116: 302098-7f7996875540: cdpl_hash.c:69: in cdpl_h_destroy(): debug: put collisions: 0
1756317376.880117: 302098-7f7996875540: cdpl_hash.c:70: in cdpl_h_destroy(): debug: get operations: 1
1756317376.880119: 302098-7f7996875540: cdpl_hash.c:71: in cdpl_h_destroy(): debug: get iterations: 1
1756317376.880122: 302098-7f7996875540: cdpl_monitor.c:1390: in cdpl_mn_free(): debug: freeing monitor server
1756317376.880124: 302098-7f7996875540: cdpl_ipc.c:3728: in cdpl_ipc_free(): debug: releasing IPC handle
1756317376.880125: 302098-7f7996875540: cdpl_ipc.c:1582: in _host_free__UNSAFE(): debug: freeing host `152.14.98.53:50564'
1756317376.880128: 302098-7f7996875540: cdpl_ipc.c:1621: in _host_free__UNSAFE(): debug: [0 outq, 0 spR, 0 spW]
1756317376.880154: 302098-7f7996875540: cdpl_ipc.c:3767: in cdpl_ipc_free(): debug: done
1756317376.880156: 302098-7f7996875540: cdpl_log.c:481: in cdpl_log_close(): info: @@end_of_log@@
