1757106077.985738: 1064686-7f45564bd540: cdpl_log.c:337: in cdpl_log_open(): info: @@start_of_log@@
1757106077.985759: 1064686-7f45564bd540: cdpl_log.c:1058: in cdpl_log_dump_sysinfo(): info: time: 2025/09/05 17:01:17 EDT -0400
1757106077.985761: 1064686-7f45564bd540: cdpl_log.c:1060: in cdpl_log_dump_sysinfo(): info: version: W-2024.09-SP1-2 
1757106077.985763: 1064686-7f45564bd540: cdpl_log.c:1062: in cdpl_log_dump_sysinfo(): info: system: Linux 4.18.0-553.69.1.el8_10.x86_64 #1 SMP Thu Aug 7 18:10:00 EDT 2025
1757106077.985764: 1064686-7f45564bd540: cdpl_log.c:1067: in cdpl_log_dump_sysinfo(): info: processor: x86_64 64-bits
1757106077.985766: 1064686-7f45564bd540: cdpl_log.c:1071: in cdpl_log_dump_sysinfo(): info: hostname: claws-compute3.ece.ncsu.edu
1757106077.985767: 1064686-7f45564bd540: cdpl_log.c:1073: in cdpl_log_dump_sysinfo(): info: program name: custom_shell
1757106077.985769: 1064686-7f45564bd540: cdpl_log.c:340: in cdpl_log_open(): debug: path: /home/argershm/180-voltmeter/Analog/cc/synopsys_custom/pwdp_jobs/saeSession0_diffmodegain.SimulationSimulation_cdpl.0.1064686/logs/master.claws-compute3.ece.ncsu.edu.1064686.log
1757106077.985771: 1064686-7f45564bd540: cdpl_log.c:341: in cdpl_log_open(): debug: dir: /home/argershm/180-voltmeter/Analog/cc/synopsys_custom/pwdp_jobs/saeSession0_diffmodegain.SimulationSimulation_cdpl.0.1064686/logs
1757106077.985797: 1064686-7f45564bd540: cdpl_server.c:536: in cdpl_sv_init(): info: new server S1725487890
1757106077.985803: 1064686-7f45564bd540: cdpl_ipc.c:3475: in cdpl_ipc_init(): info: requesting IPv4 protocol
1757106077.989714: 1064686-7f45564bd540: cdpl_ipc.c:837: in _selectaddrfamily(): info: selected IPv4 protocol
1757106077.989736: 1064686-7f45564bd540: cdpl_ipc.c:1139: in _set_keepalive(): info: TCP keep alive interval: 300
1757106077.992461: 1064686-7f45564bd540: cdpl_monitor.c:1117: in cdpl_mn_new_server(): info: creating server monitor instance
1757106077.992476: 1064686-7f45564bd540: cdpl_server.c:650: in cdpl_sv_new_master(): info: new master M1
1757106077.992484: 1064686-7f45564bd540: cdpl_server.c:6533: in cdpl_sv_ctl_master(): info: Setting worker heartbeat to 120 seconds
1757106077.992486: 1064686-7f45564bd540: cdpl_server.c:6542: in cdpl_sv_ctl_master(): info: Setting worker heartbeat timeout to 3 heartbeats
1757106077.992488: 1064686-7f45564bd540: cdpl_compat_master.c:2090: in _parse_hostfile(): info: reading hostfile `/home/argershm/180-voltmeter/Analog/cc/synopsys_custom/pwdp_jobs/saeSession0_diffmodegain.SimulationSimulation_cdpl.0.1064686/host_file'
1757106077.992508: 1064686-7f45564bd540: cdpl_compat_master.c:1900: in _hostfile_parser(): debug: parsing "1     |localhost|   -1  | /tmp | SH | sh"
1757106077.992523: 1064686-7f45564bd540: cdpl_farm.c:2578: in cdpl_farm_new_sh(): info: creating SH farm on localhost
1757106077.992528: 1064686-7f45564bd540: cdpl_compat_master.c:206: in _set_farm_env(): info: exporting CDPL_LOGDIR as `/home/argershm/180-voltmeter/Analog/cc/synopsys_custom/pwdp_jobs/saeSession0_diffmodegain.SimulationSimulation_cdpl.0.1064686/logs'
1757106077.992530: 1064686-7f45564bd540: cdpl_compat_master.c:212: in _set_farm_env(): info: exporting CDPL_TMPDIR as `/tmp'
1757106077.992532: 1064686-7f45564bd540: cdpl_compat_master.c:235: in _set_farm_env(): info: exporting SNPSLMD_LICENSE_FILE as `27000@ece-lic-35.ece.ncsu.edu'
1757106077.992534: 1064686-7f45564bd540: cdpl_compat_master.c:259: in _set_farm_env(): info: exporting CDPL_OPTIONS as `[nowlogs]'
1757106077.992536: 1064686-7f45564bd540: cdpl_compat_master.c:266: in _set_farm_env(): info: exporting DISPLAY as `unix:6039'
1757106077.992537: 1064686-7f45564bd540: cdpl_compat_master.c:274: in _set_farm_env(): info: exporting CDPL_HEARTBEAT as `120'
1757106077.992547: 1064686-7f45564bd540: cdpl_farm.c:3149: in cdpl_farm_add_withdir(): debug: added `localhost' (capacity: unlimited)
1757106077.992549: 1064686-7f45564bd540: cdpl_compat_parse.c:147: in parsefile(): debug: read `/home/argershm/180-voltmeter/Analog/cc/synopsys_custom/pwdp_jobs/saeSession0_diffmodegain.SimulationSimulation_cdpl.0.1064686/host_file', 2 lines
1757106077.992555: 1064686-7f45564bd540: cdpl_compat_master.c:2931: in cdplInitMaster(): info: bcast dir is `/home/argershm/180-voltmeter/Analog/cc/synopsys_custom/pwdp_jobs/saeSession0_diffmodegain.SimulationSimulation_cdpl.0.1064686/logs'
1757106077.992607: 1064686-7f45564bd540: cdpl_server.c:6433: in cdpl_sv_ctl_master(): info: farm worker timeout set to 300
1757106077.992610: 1064686-7f45564bd540: cdpl_server.c:6486: in cdpl_sv_ctl_master(): info: maximum number of task execution attempts set to 1
1757106077.992623: 1064686-7f45564bd540: cdpl_server.c:3195: in cdpl_sv_start(): debug: starting server
1757106077.992627: 1064686-7f45564bd540: cdpl_ipc.c:3632: in cdpl_ipc_start(): debug: starting IPC server 152.14.98.53:44975
1757106077.992821: 1064686-7f451a34b700: cdpl_server_ipc.c:1182: in _sv_ipc_thread(): debug: ready
1757106077.992921: 1064686-7f4519b4a700: cdpl_monitor.c:426: in cdpl_mn_init_client(): info: creating client monitor instance
1757106077.992937: 1064686-7f4519b4a700: cdpl_ipc.c:3475: in cdpl_ipc_init(): info: requesting IPv4 protocol
1757106077.998502: 1064686-7f4519b4a700: cdpl_ipc.c:837: in _selectaddrfamily(): info: selected IPv4 protocol
1757106077.998521: 1064686-7f4519b4a700: cdpl_ipc.c:1139: in _set_keepalive(): info: TCP keep alive interval: 300
1757106078.001277: 1064686-7f4519b4a700: cdpl_ipc.c:3632: in cdpl_ipc_start(): debug: starting IPC server 152.14.98.53:46265
1757106078.001407: 1064686-7f4519b4a700: cdpl_monitor.c:471: in cdpl_mn_init_client(): debug: incoming messages in /tmp/cdpl-monitor-UbaM7v
1757106078.001479: 1064686-7f4519b4a700: cdpl_monitor.c:533: in cdpl_mn_connect(): debug: connecting to 152.14.98.53:44975
1757106078.001487: 1064686-7f4519b4a700: cdpl_ipc.c:3789: in cdpl_ipc_connect(): info: connecting to 152.14.98.53:44975
1757106078.001593: 1064686-7f4519b4a700: cdpl_ipc.c:3860: in cdpl_ipc_connect(): info: connected as `152.14.98.53:41752'
1757106078.001609: 1064686-7f4519b4a700: cdpl_ipc.c:2503: in cdpl_ipc_host_accept(): debug: accepted host `152.14.98.53:44975'
1757106078.001632: 1064686-7f451ab4c700: cdpl_ipc.c:1862: in _epoll_accept(): debug: new connection from `152.14.98.53:41752'
1757106078.001646: 1064686-7f4519b4a700: cdpl_monitor.c:579: in cdpl_mn_connect(): debug: ok
1757106078.001671: 1064686-7f45564bd540: cdpl_server.c:731: in cdpl_sv_new_job(): info: new job J1 in M1
1757106078.001690: 1064686-7f451a34b700: cdpl_server_ipc.c:1225: in _sv_ipc_thread(): debug: received ACCEPT notification
1757106078.001697: 1064686-7f45564bd540: cdpl_compat_master.c:1581: in _add_worker(): info: new worker type 10, min:1, max:3, cmd:`/home/argershm/180-voltmeter/Analog/cc/synopsys_custom/pwdp_jobs/saeSession0_diffmodegain.SimulationSimulation_cdpl.0.1064686/START_WORKER pw_worker -i /home/argershm/180-voltmeter/Analog/cc/synopsys_custom/pwdp_jobs
1757106078.001701: 1064686-7f451a34b700: cdpl_ipc.c:2503: in cdpl_ipc_host_accept(): debug: accepted host `152.14.98.53:41752'
1757106078.001709: 1064686-7f45564bd540: cdpl_server.c:908: in cdpl_sv_new_bin_withfarm(): info: new bin B1 in J1
1757106078.001715: 1064686-7f451a34b700: cdpl_server_ipc.c:1256: in _sv_ipc_thread(): debug: received MONITOR message
1757106078.001891: 1064686-7f451a34b700: cdpl_monitor.c:1207: in cdpl_mn_accept(): debug: accepted monitor `152.14.98.53:41752'
1757106078.001895: 1064686-7f451a34b700: cdpl_server_ipc_mon.c:120: in _globalLOCK(): debug: ENTERTING GLOBAL LOCK
1757106078.001897: 1064686-7f451a34b700: cdpl_server_ipc_mon.c:164: in _globalLOCK(): debug: global lock acquired
1757106078.001900: 1064686-7f45077fe700: cdpl_monitor.c:910: in mn_systat(): debug: started
1757106078.002158: 1064686-7f45077fe700: cdpl_monitor.c:937: in mn_systat(): debug: monitor server flush rate: 5
1757106078.798310: 1064686-7f451a34b700: cdpl_server_ipc_mon.c:210: in _globalUNLOCK(): debug: LEAVING GLOBAL LOCK
1757106078.798341: 1064686-7f45564bd540: cdpl_server.c:3249: in cdpl_sv_start_job(): info: starting job J1
1757106078.798367: 1064686-7f45564bd540: cdpl_server.c:62: in _sv_start_bin(): debug: starting bin B1 (min: 0, max: 3)
1757106078.798480: 1064686-7f4505ffb700: cdpl_server_sched.c:2482: in _sv_scheduler_thread(): debug: scheduler for bin B1 started
1757106078.798511: 1064686-7f45564bd540: cdpl_server.c:1893: in _sv_gen_task(): info: new task T0 in B1 (prio 0)
1757106078.798544: 1064686-7f45564bd540: cdpl_server.c:2698: in cdpl_sv_label_task_va(): info: setting task T0 label to "PrimeSim_1|PrimeSim"
1757106078.798597: 1064686-7f4505ffb700: cdpl_server_sched.c:2443: in _scheduler_run(): debug: will start a new worker
1757106078.798640: 1064686-7f4505ffb700: cdpl_farm.c:3977: in cdpl_farm_submit(): debug: 1 running processes
1757106078.798644: 1064686-7f4505ffb700: cdpl_farm.c:3985: in cdpl_farm_submit(): debug: new command C1 in bin B1 assigned to host `localhost'
1757106078.798717: 1064686-7f4505ffb700: cdpl_server_sched.c:705: in _sv_launch_worker(): info: started worker W1 (as C1) in bin B1
1757106078.798742: 1064686-7f45057fa700: cdpl_farm.c:2139: in _schedule(): debug: started
1757106078.798749: 1064686-7f45057fa700: cdpl_farm.c:2303: in _schedule(): debug: submitting command C1 in bin B1
1757106078.798766: 1064686-7f45057fa700: cdpl_sh.c:49: in _sh_detached_submit(): info: SH : /home/argershm/180-voltmeter/Analog/cc/synopsys_custom/pwdp_jobs/saeSession0_diffmodegain.SimulationSimulation_cdpl.0.1064686/START_WORKER pw_worker -i /home/argershm/180-voltmeter/Analog/cc/synopsys_custom/pwdp_jobs/saeSession0_diffmodegain.SimulationSimulation_cdpl.0.1064686 -t 10000
1757106078.806354: 1064686-7f45057fa700: cdpl_farm.c:2343: in _schedule(): debug: C1 in bin B1 running on slot 0
1757106078.806383: 1064686-7f45057fa700: cdpl_farm.c:2167: in _schedule(): debug: idle
1757106078.820854: 1064686-7f45564bd540: cdpl_compat_master.c:5948: in cdplMasterLogInfo(): info: [non-CDPL log entry] PWDP3: reset pilot cache succeeded, pilot_key=saeSession0,1,diff_mode_gain|&/home/argershm/180-voltmeter/Analog/cc/simulation/integrator,tb_main_opamp,schematic/history_1/simulation/diff_mode_gain/PrimeSimSPICE/nominal/results
1757106079.106459: 1064686-7f45057fa700: cdpl_farm.c:1193: in _onexit(): debug: C1 in bin B1 exited normally on slot 0
1757106079.911678: 1064686-7f4506ffd700: cdpl_compat_master.c:5948: in cdplMasterLogInfo(): info: [non-CDPL log entry] PWDP - no-workers started ok check start!
1757106080.567544: 1064686-7f451ab4c700: cdpl_ipc.c:1862: in _epoll_accept(): debug: new connection from `152.14.98.53:41762'
1757106080.567595: 1064686-7f451a34b700: cdpl_server_ipc.c:1225: in _sv_ipc_thread(): debug: received ACCEPT notification
1757106080.567609: 1064686-7f451a34b700: cdpl_ipc.c:2503: in cdpl_ipc_host_accept(): debug: accepted host `152.14.98.53:41762'
1757106080.567654: 1064686-7f451a34b700: cdpl_server_ipc.c:1246: in _sv_ipc_thread(): debug: received HELLO message
1757106080.567657: 1064686-7f451a34b700: cdpl_server_ipc.c:430: in _sv_on_hello(): debug: looking up W1
1757106080.567660: 1064686-7f451a34b700: cdpl_server_ipc.c:540: in _sv_on_hello(): info: W1 is `152.14.98.53:41762'
1757106080.567661: 1064686-7f451a34b700: cdpl_server_ipc.c:541: in _sv_on_hello(): debug: hello W1 (B1)
1757106080.567663: 1064686-7f451a34b700: cdpl_server_ipc.c:542: in _sv_on_hello(): info: W1 log file is /dev/null
1757106080.567707: 1064686-7f451a34b700: cdpl_server_ipc.c:602: in _sv_on_hello(): info: up to 1 alive workers in B1
1757106080.567719: 1064686-7f451a34b700: cdpl_farm.c:878: in _release_cmd(): debug: freeing command C1 in bin B1
1757106080.567742: 1064686-7f4505ffb700: cdpl_server_sched.c:960: in _assign(): info: assigning task T0 to worker W1
1757106080.631834: 1064686-7f451a34b700: cdpl_server_ipc.c:1268: in _sv_ipc_thread(): debug: received RELAY message
1757106080.631849: 1064686-7f451a34b700: cdpl_server_ipc.c:713: in _sv_on_relay(): debug: RELAY message from W1, size = 65
1757106080.631852: 1064686-7f451a34b700: cdpl_server_ipc.c:715: in _sv_on_relay(): debug: RELAY message from W1, content = 0$1086377 claws-compute3.ece.ncsu.edu 1086393 RUNNING 1757106080
1757106081.567935: 1064686-7f451a34b700: cdpl_server_ipc.c:312: in _sv_on_heartbeat(): debug: received HEARTBEAT from worker W1 at 152.14.98.53:41762
1757106083.002885: 1064686-7f4519b4a700: cdpl_monitor.c:533: in cdpl_mn_connect(): debug: connecting to 152.14.98.53:39047
1757106083.002897: 1064686-7f4519b4a700: cdpl_ipc.c:3789: in cdpl_ipc_connect(): info: connecting to 152.14.98.53:39047
1757106083.003031: 1064686-7f4519b4a700: cdpl_ipc.c:3860: in cdpl_ipc_connect(): info: connected as `152.14.98.53:57538'
1757106083.003039: 1064686-7f4519b4a700: cdpl_ipc.c:2503: in cdpl_ipc_host_accept(): debug: accepted host `152.14.98.53:39047'
1757106083.003043: 1064686-7f4519b4a700: cdpl_monitor.c:579: in cdpl_mn_connect(): debug: ok
1757106087.122898: 1064686-7f451a34b700: cdpl_server_ipc.c:1268: in _sv_ipc_thread(): debug: received RELAY message
1757106087.122925: 1064686-7f451a34b700: cdpl_server_ipc.c:713: in _sv_on_relay(): debug: RELAY message from W1, size = 52
1757106087.122927: 1064686-7f451a34b700: cdpl_server_ipc.c:715: in _sv_on_relay(): debug: RELAY message from W1, content = WORKERDU|4332,/dev/mapper/rhel_claws--compute3-home
1757106087.122934: 1064686-7f451a34b700: cdpl_server_ipc.c:1268: in _sv_ipc_thread(): debug: received RELAY message
1757106087.122936: 1064686-7f451a34b700: cdpl_server_ipc.c:713: in _sv_on_relay(): debug: RELAY message from W1, size = 193
1757106087.122937: 1064686-7f451a34b700: cdpl_server_ipc.c:715: in _sv_on_relay(): debug: RELAY message from W1, content = REQPILOT|saeSession0,1,diff_mode_gain|&/home/argershm/180-voltmeter/Analog/cc/simulation/integrator,tb_main_opamp,schematic/history_1/simulation/diff_mode_gain/PrimeSimSPICE/nominal/results|&0
1757106087.123009: 1064686-7f4507fff700: cdpl_compat_master.c:5948: in cdplMasterLogInfo(): info: [non-CDPL log entry] PWDP send back 'DOPILOT' to worker id:1 key: saeSession0,1,diff_mode_gain|&/home/argershm/180-voltmeter/Analog/cc/simulation/integrator,tb_main_opamp,schematic/history_1/simulation/diff_mode_gain/PrimeSimSPICE/nominal/results
1757106087.123196: 1064686-7f4507fff700: cdpl_compat_master.c:5948: in cdplMasterLogInfo(): info: [non-CDPL log entry] PWDP: set pilot doing!
1757106087.126591: 1064686-7f451a34b700: cdpl_server_ipc.c:1268: in _sv_ipc_thread(): debug: received RELAY message
1757106087.126600: 1064686-7f451a34b700: cdpl_server_ipc.c:713: in _sv_on_relay(): debug: RELAY message from W1, size = 189
1757106087.126603: 1064686-7f451a34b700: cdpl_server_ipc.c:715: in _sv_on_relay(): debug: RELAY message from W1, content = PILOTOK|saeSession0,1,diff_mode_gain|&/home/argershm/180-voltmeter/Analog/cc/simulation/integrator,tb_main_opamp,schematic/history_1/simulation/diff_mode_gain/PrimeSimSPICE/nominal/results
1757106087.126622: 1064686-7f4507fff700: cdpl_compat_master.c:5948: in cdplMasterLogInfo(): info: [non-CDPL log entry] PWDP: set pilot done!
1757106087.126702: 1064686-7f451a34b700: cdpl_server_ipc.c:1268: in _sv_ipc_thread(): debug: received RELAY message
1757106087.126708: 1064686-7f451a34b700: cdpl_server_ipc.c:713: in _sv_on_relay(): debug: RELAY message from W1, size = 18
1757106087.126711: 1064686-7f451a34b700: cdpl_server_ipc.c:715: in _sv_on_relay(): debug: RELAY message from W1, content = 0$- - - MEASDOING
1757106087.389408: 1064686-7f451a34b700: cdpl_server_ipc.c:1268: in _sv_ipc_thread(): debug: received RELAY message
1757106087.389418: 1064686-7f451a34b700: cdpl_server_ipc.c:713: in _sv_on_relay(): debug: RELAY message from W1, size = 77
1757106087.389421: 1064686-7f451a34b700: cdpl_server_ipc.c:715: in _sv_on_relay(): debug: RELAY message from W1, content = 0$1086377 claws-compute3.ece.ncsu.edu 1086393 FINISHED 1757106080|1757106087
1757106087.390911: 1064686-7f451a34b700: cdpl_server_ipc.c:1268: in _sv_ipc_thread(): debug: received RELAY message
1757106087.390919: 1064686-7f451a34b700: cdpl_server_ipc.c:713: in _sv_on_relay(): debug: RELAY message from W1, size = 191
1757106087.390921: 1064686-7f451a34b700: cdpl_server_ipc.c:715: in _sv_on_relay(): debug: RELAY message from W1, content = PILOTDONE|saeSession0,1,diff_mode_gain|&/home/argershm/180-voltmeter/Analog/cc/simulation/integrator,tb_main_opamp,schematic/history_1/simulation/diff_mode_gain/PrimeSimSPICE/nominal/results
1757106087.390965: 1064686-7f4507fff700: cdpl_compat_master.c:5948: in cdplMasterLogInfo(): info: [non-CDPL log entry] saeSession0,1,diff_mode_gain|&/home/argershm/180-voltmeter/Analog/cc/simulation/integrator,tb_main_opamp,schematic/history_1/simulation/diff_mode_gain/PrimeSimSPICE/nominal/results PILOTDONE!
1757106087.391648: 1064686-7f451a34b700: cdpl_server_ipc.c:1251: in _sv_ipc_thread(): debug: received FINISH message
1757106087.391654: 1064686-7f451a34b700: cdpl_server_ipc.c:983: in _sv_on_finish(): info: worker W1 completed task T0
1757106087.391657: 1064686-7f451a34b700: cdpl_server_ipc.c:988: in _sv_on_finish(): debug: stat T0: utime=3772 stime=1859
1757106087.391659: 1064686-7f451a34b700: cdpl_server_ipc.c:993: in _sv_on_finish(): debug: statm T0: vsize=3054772 rss=1038456 shared=519084 text=474784 data=709896
1757106087.396776: 1064686-7f451a34b700: cdpl_server_ipc.c:1268: in _sv_ipc_thread(): debug: received RELAY message
1757106087.396784: 1064686-7f451a34b700: cdpl_server_ipc.c:713: in _sv_on_relay(): debug: RELAY message from W1, size = 50
1757106087.396786: 1064686-7f451a34b700: cdpl_server_ipc.c:715: in _sv_on_relay(): debug: RELAY message from W1, content = WORKERDU|20,/dev/mapper/rhel_claws--compute3-home
1757106087.471767: 1064686-7f45564bd540: cdpl_server.c:227: in _sv_free_task_safe(): debug: freeing task T0
1757106088.512740: 1064686-7f45564bd540: cdpl_server.c:3008: in cdpl_sv_halt_job_errno(): info: killing job J1
1757106088.512765: 1064686-7f45564bd540: cdpl_server.c:3044: in cdpl_sv_halt_job_errno(): debug: signal bin B1 scheduler to stop
1757106088.512784: 1064686-7f4505ffb700: cdpl_server_sched.c:2484: in _sv_scheduler_thread(): debug: scheduler for bin B1 stopped
1757106088.512804: 1064686-7f4505ffb700: cdpl_ipc.c:1657: in _host_drop__UNSAFE(): debug: dropping host `152.14.98.53:41762'
1757106088.512837: 1064686-7f4505ffb700: cdpl_server_sched.c:2830: in _sv_drop_worker(): info: down to 0 alive workers in B1
1757106088.512844: 1064686-7f4505ffb700: cdpl_farm.c:4152: in cdpl_farm_dismiss(): debug: down to 0 running processes
1757106088.512848: 1064686-7f451a34b700: cdpl_server_ipc.c:1236: in _sv_ipc_thread(): debug: received DROP notification
1757106088.512883: 1064686-7f4505ffb700: cdpl_server_sched.c:121: in _free_worker_2(): debug: freeing worker W1
1757106088.512894: 1064686-7f4505ffb700: cdpl_ipc.c:2513: in cdpl_ipc_host_release(): debug: releasing host `152.14.98.53:41762'
1757106088.512896: 1064686-7f4505ffb700: cdpl_ipc.c:2529: in cdpl_ipc_host_release(): debug: scheduling for immediate release
1757106088.512909: 1064686-7f45564bd540: cdpl_server.c:294: in _sv_free_job(): info: freeing job J1
1757106088.512912: 1064686-7f45564bd540: cdpl_server.c:92: in _sv_free_bin(): debug: freeing bin B1
1757106088.512942: 1064686-7f45564bd540: cdpl_monitor.c:515: in cdpl_mn_kill(): info: killing monitor
1757106088.512949: 1064686-7f45564bd540: cdpl_ipc.c:3677: in cdpl_ipc_kill(): debug: stopping event server
1757106088.513248: 1064686-7f451ab4c700: cdpl_ipc.c:775: in _readv(): warning: read(): EOF
1757106088.513263: 1064686-7f4519349700: cdpl_ipc.c:2460: in _epoll_main(): debug: server going down...
1757106088.513277: 1064686-7f451ab4c700: cdpl_ipc.c:2100: in _epoll_recv(): debug: _readv(): Broken pipe
1757106088.513282: 1064686-7f451ab4c700: cdpl_ipc.c:2424: in _epoll_main(): debug: _epoll_recv(): Broken pipe
1757106088.513285: 1064686-7f451ab4c700: cdpl_ipc.c:1657: in _host_drop__UNSAFE(): debug: dropping host `152.14.98.53:41752'
1757106088.513320: 1064686-7f451ab4c700: cdpl_ipc.c:1582: in _host_free__UNSAFE(): debug: freeing host `152.14.98.53:41762'
1757106088.513322: 1064686-7f451ab4c700: cdpl_ipc.c:1621: in _host_free__UNSAFE(): debug: [0 outq, 0 spR, 0 spW]
1757106088.513331: 1064686-7f451a34b700: cdpl_server_ipc.c:1236: in _sv_ipc_thread(): debug: received DROP notification
1757106088.513346: 1064686-7f451a34b700: cdpl_monitor.c:1269: in cdpl_mn_drop(): debug: detaching from monitor `152.14.98.53:41752'
1757106088.513359: 1064686-7f451a34b700: cdpl_monitor.c:1101: in mn_systat_stop(): debug: joining systat thread
1757106088.513395: 1064686-7f45077fe700: cdpl_monitor.c:1079: in mn_systat(): debug: exiting
1757106088.513407: 1064686-7f4519b4a700: cdpl_ipc.c:3728: in cdpl_ipc_free(): debug: releasing IPC handle
1757106088.513414: 1064686-7f4519b4a700: cdpl_ipc.c:1582: in _host_free__UNSAFE(): debug: freeing host `152.14.98.53:39047'
1757106088.513417: 1064686-7f451a34b700: cdpl_monitor.c:1103: in mn_systat_stop(): debug: systat thread done
1757106088.513422: 1064686-7f451a34b700: cdpl_ipc.c:2513: in cdpl_ipc_host_release(): debug: releasing host `152.14.98.53:41752'
1757106088.513423: 1064686-7f4519b4a700: cdpl_ipc.c:1621: in _host_free__UNSAFE(): debug: [0 outq, 0 spR, 0 spW]
1757106088.513438: 1064686-7f4519b4a700: cdpl_ipc.c:1582: in _host_free__UNSAFE(): debug: freeing host `152.14.98.53:44975'
1757106088.513441: 1064686-7f4519b4a700: cdpl_ipc.c:1621: in _host_free__UNSAFE(): debug: [0 outq, 0 spR, 0 spW]
1757106088.513448: 1064686-7f4519b4a700: cdpl_ipc.c:3756: in cdpl_ipc_free(): warning: 2 host(s) were not released
1757106088.513461: 1064686-7f4519b4a700: cdpl_ipc.c:3767: in cdpl_ipc_free(): debug: done
1757106088.513463: 1064686-7f4519b4a700: cdpl_monitor.c:1390: in cdpl_mn_free(): debug: freeing monitor client
1757106088.513547: 1064686-7f45564bd540: cdpl_farm.c:2740: in cdpl_farm_free(): info: freeing farm
1757106088.513570: 1064686-7f45057fa700: cdpl_farm.c:2231: in _schedule(): debug: end of idling
1757106088.513577: 1064686-7f45057fa700: cdpl_farm.c:2235: in _schedule(): debug: dying
1757106088.513618: 1064686-7f45564bd540: cdpl_farm.c:913: in _killall(): debug: killing all remaining commands
1757106088.513634: 1064686-7f45564bd540: cdpl_server.c:3144: in cdpl_sv_free(): info: freeing server S1725487890
1757106088.513647: 1064686-7f45564bd540: cdpl_server.c:3109: in cdpl_sv_kill_errno(): info: killing server
1757106088.513649: 1064686-7f45564bd540: cdpl_ipc.c:3677: in cdpl_ipc_kill(): debug: stopping event server
1757106088.513659: 1064686-7f451a34b700: cdpl_server_ipc.c:1200: in _sv_ipc_thread(): debug: leaving now
1757106088.513666: 1064686-7f451ab4c700: cdpl_ipc.c:2460: in _epoll_main(): debug: server going down...
1757106088.513675: 1064686-7f45564bd540: cdpl_server.c:334: in _sv_free_master(): info: freeing master M1
1757106088.513681: 1064686-7f45564bd540: cdpl_hash.c:68: in cdpl_h_destroy(): debug: put operations: 1
1757106088.513683: 1064686-7f45564bd540: cdpl_hash.c:69: in cdpl_h_destroy(): debug: put collisions: 0
1757106088.513685: 1064686-7f45564bd540: cdpl_hash.c:70: in cdpl_h_destroy(): debug: get operations: 1
1757106088.513686: 1064686-7f45564bd540: cdpl_hash.c:71: in cdpl_h_destroy(): debug: get iterations: 1
1757106088.513694: 1064686-7f45564bd540: cdpl_monitor.c:1390: in cdpl_mn_free(): debug: freeing monitor server
1757106088.513697: 1064686-7f45564bd540: cdpl_ipc.c:3728: in cdpl_ipc_free(): debug: releasing IPC handle
1757106088.513699: 1064686-7f45564bd540: cdpl_ipc.c:1582: in _host_free__UNSAFE(): debug: freeing host `152.14.98.53:41752'
1757106088.513700: 1064686-7f45564bd540: cdpl_ipc.c:1621: in _host_free__UNSAFE(): debug: [0 outq, 0 spR, 0 spW]
1757106088.513711: 1064686-7f45564bd540: cdpl_ipc.c:3767: in cdpl_ipc_free(): debug: done
1757106088.513715: 1064686-7f45564bd540: cdpl_log.c:481: in cdpl_log_close(): info: @@end_of_log@@
