1757174150.731005: 2190791-7f98bf1aa540: cdpl_log.c:337: in cdpl_log_open(): info: @@start_of_log@@
1757174150.731026: 2190791-7f98bf1aa540: cdpl_log.c:1058: in cdpl_log_dump_sysinfo(): info: time: 2025/09/06 11:55:50 EDT -0400
1757174150.731028: 2190791-7f98bf1aa540: cdpl_log.c:1060: in cdpl_log_dump_sysinfo(): info: version: W-2024.09-SP1-2 
1757174150.731030: 2190791-7f98bf1aa540: cdpl_log.c:1062: in cdpl_log_dump_sysinfo(): info: system: Linux 4.18.0-553.69.1.el8_10.x86_64 #1 SMP Thu Aug 7 18:10:00 EDT 2025
1757174150.731031: 2190791-7f98bf1aa540: cdpl_log.c:1067: in cdpl_log_dump_sysinfo(): info: processor: x86_64 64-bits
1757174150.731033: 2190791-7f98bf1aa540: cdpl_log.c:1071: in cdpl_log_dump_sysinfo(): info: hostname: claws-compute3.ece.ncsu.edu
1757174150.731034: 2190791-7f98bf1aa540: cdpl_log.c:1073: in cdpl_log_dump_sysinfo(): info: program name: custom_shell
1757174150.731036: 2190791-7f98bf1aa540: cdpl_log.c:340: in cdpl_log_open(): debug: path: /home/argershm/180-voltmeter/Analog/cc/synopsys_custom/pwdp_jobs/saeSession4_diffmodegain.SimulationSimulation_cdpl.0.2190791/logs/master.claws-compute3.ece.ncsu.edu.2190791.log
1757174150.731038: 2190791-7f98bf1aa540: cdpl_log.c:341: in cdpl_log_open(): debug: dir: /home/argershm/180-voltmeter/Analog/cc/synopsys_custom/pwdp_jobs/saeSession4_diffmodegain.SimulationSimulation_cdpl.0.2190791/logs
1757174150.731064: 2190791-7f98bf1aa540: cdpl_server.c:536: in cdpl_sv_init(): info: new server S717340579
1757174150.731069: 2190791-7f98bf1aa540: cdpl_ipc.c:3475: in cdpl_ipc_init(): info: requesting IPv4 protocol
1757174150.735015: 2190791-7f98bf1aa540: cdpl_ipc.c:837: in _selectaddrfamily(): info: selected IPv4 protocol
1757174150.735037: 2190791-7f98bf1aa540: cdpl_ipc.c:1139: in _set_keepalive(): info: TCP keep alive interval: 300
1757174150.737888: 2190791-7f98bf1aa540: cdpl_monitor.c:1117: in cdpl_mn_new_server(): info: creating server monitor instance
1757174150.737901: 2190791-7f98bf1aa540: cdpl_server.c:650: in cdpl_sv_new_master(): info: new master M1
1757174150.737908: 2190791-7f98bf1aa540: cdpl_server.c:6533: in cdpl_sv_ctl_master(): info: Setting worker heartbeat to 120 seconds
1757174150.737910: 2190791-7f98bf1aa540: cdpl_server.c:6542: in cdpl_sv_ctl_master(): info: Setting worker heartbeat timeout to 3 heartbeats
1757174150.737912: 2190791-7f98bf1aa540: cdpl_compat_master.c:2090: in _parse_hostfile(): info: reading hostfile `/home/argershm/180-voltmeter/Analog/cc/synopsys_custom/pwdp_jobs/saeSession4_diffmodegain.SimulationSimulation_cdpl.0.2190791/host_file'
1757174150.737930: 2190791-7f98bf1aa540: cdpl_compat_master.c:1900: in _hostfile_parser(): debug: parsing "1     |localhost|   -1  | /tmp | SH | sh"
1757174150.737943: 2190791-7f98bf1aa540: cdpl_farm.c:2578: in cdpl_farm_new_sh(): info: creating SH farm on localhost
1757174150.737948: 2190791-7f98bf1aa540: cdpl_compat_master.c:206: in _set_farm_env(): info: exporting CDPL_LOGDIR as `/home/argershm/180-voltmeter/Analog/cc/synopsys_custom/pwdp_jobs/saeSession4_diffmodegain.SimulationSimulation_cdpl.0.2190791/logs'
1757174150.737950: 2190791-7f98bf1aa540: cdpl_compat_master.c:212: in _set_farm_env(): info: exporting CDPL_TMPDIR as `/tmp'
1757174150.737956: 2190791-7f98bf1aa540: cdpl_compat_master.c:235: in _set_farm_env(): info: exporting SNPSLMD_LICENSE_FILE as `27000@ece-lic-35.ece.ncsu.edu'
1757174150.737958: 2190791-7f98bf1aa540: cdpl_compat_master.c:259: in _set_farm_env(): info: exporting CDPL_OPTIONS as `[nowlogs]'
1757174150.737959: 2190791-7f98bf1aa540: cdpl_compat_master.c:266: in _set_farm_env(): info: exporting DISPLAY as `unix:8352'
1757174150.737961: 2190791-7f98bf1aa540: cdpl_compat_master.c:274: in _set_farm_env(): info: exporting CDPL_HEARTBEAT as `120'
1757174150.737971: 2190791-7f98bf1aa540: cdpl_farm.c:3149: in cdpl_farm_add_withdir(): debug: added `localhost' (capacity: unlimited)
1757174150.737973: 2190791-7f98bf1aa540: cdpl_compat_parse.c:147: in parsefile(): debug: read `/home/argershm/180-voltmeter/Analog/cc/synopsys_custom/pwdp_jobs/saeSession4_diffmodegain.SimulationSimulation_cdpl.0.2190791/host_file', 2 lines
1757174150.737978: 2190791-7f98bf1aa540: cdpl_compat_master.c:2931: in cdplInitMaster(): info: bcast dir is `/home/argershm/180-voltmeter/Analog/cc/synopsys_custom/pwdp_jobs/saeSession4_diffmodegain.SimulationSimulation_cdpl.0.2190791/logs'
1757174150.738022: 2190791-7f98bf1aa540: cdpl_server.c:6433: in cdpl_sv_ctl_master(): info: farm worker timeout set to 300
1757174150.738023: 2190791-7f98bf1aa540: cdpl_server.c:6486: in cdpl_sv_ctl_master(): info: maximum number of task execution attempts set to 1
1757174150.738036: 2190791-7f98bf1aa540: cdpl_server.c:3195: in cdpl_sv_start(): debug: starting server
1757174150.738039: 2190791-7f98bf1aa540: cdpl_ipc.c:3632: in cdpl_ipc_start(): debug: starting IPC server 152.14.98.53:36649
1757174150.738225: 2190791-7f987b04a700: cdpl_server_ipc.c:1182: in _sv_ipc_thread(): debug: ready
1757174150.738318: 2190791-7f987a849700: cdpl_monitor.c:426: in cdpl_mn_init_client(): info: creating client monitor instance
1757174150.738334: 2190791-7f987a849700: cdpl_ipc.c:3475: in cdpl_ipc_init(): info: requesting IPv4 protocol
1757174150.743855: 2190791-7f987a849700: cdpl_ipc.c:837: in _selectaddrfamily(): info: selected IPv4 protocol
1757174150.743877: 2190791-7f987a849700: cdpl_ipc.c:1139: in _set_keepalive(): info: TCP keep alive interval: 300
1757174150.746534: 2190791-7f987a849700: cdpl_ipc.c:3632: in cdpl_ipc_start(): debug: starting IPC server 152.14.98.53:38483
1757174150.746681: 2190791-7f987a849700: cdpl_monitor.c:471: in cdpl_mn_init_client(): debug: incoming messages in /tmp/cdpl-monitor-isH6FA
1757174150.746801: 2190791-7f987a849700: cdpl_monitor.c:533: in cdpl_mn_connect(): debug: connecting to 152.14.98.53:36649
1757174150.746809: 2190791-7f987a849700: cdpl_ipc.c:3789: in cdpl_ipc_connect(): info: connecting to 152.14.98.53:36649
1757174150.746864: 2190791-7f987a849700: cdpl_ipc.c:3860: in cdpl_ipc_connect(): info: connected as `152.14.98.53:38082'
1757174150.746881: 2190791-7f987a849700: cdpl_ipc.c:2503: in cdpl_ipc_host_accept(): debug: accepted host `152.14.98.53:36649'
1757174150.746898: 2190791-7f987b84b700: cdpl_ipc.c:1862: in _epoll_accept(): debug: new connection from `152.14.98.53:38082'
1757174150.746920: 2190791-7f987a849700: cdpl_monitor.c:579: in cdpl_mn_connect(): debug: ok
1757174150.746941: 2190791-7f98bf1aa540: cdpl_server.c:731: in cdpl_sv_new_job(): info: new job J1 in M1
1757174150.746963: 2190791-7f987b04a700: cdpl_server_ipc.c:1225: in _sv_ipc_thread(): debug: received ACCEPT notification
1757174150.746975: 2190791-7f98bf1aa540: cdpl_compat_master.c:1581: in _add_worker(): info: new worker type 10, min:1, max:3, cmd:`/home/argershm/180-voltmeter/Analog/cc/synopsys_custom/pwdp_jobs/saeSession4_diffmodegain.SimulationSimulation_cdpl.0.2190791/START_WORKER pw_worker -i /home/argershm/180-voltmeter/Analog/cc/synopsys_custom/pwdp_jobs
1757174150.746980: 2190791-7f987b04a700: cdpl_ipc.c:2503: in cdpl_ipc_host_accept(): debug: accepted host `152.14.98.53:38082'
1757174150.746988: 2190791-7f98bf1aa540: cdpl_server.c:908: in cdpl_sv_new_bin_withfarm(): info: new bin B1 in J1
1757174150.746991: 2190791-7f987b04a700: cdpl_server_ipc.c:1256: in _sv_ipc_thread(): debug: received MONITOR message
1757174150.747212: 2190791-7f987b04a700: cdpl_monitor.c:1207: in cdpl_mn_accept(): debug: accepted monitor `152.14.98.53:38082'
1757174150.747215: 2190791-7f987b04a700: cdpl_server_ipc_mon.c:120: in _globalLOCK(): debug: ENTERTING GLOBAL LOCK
1757174150.747218: 2190791-7f987b04a700: cdpl_server_ipc_mon.c:164: in _globalLOCK(): debug: global lock acquired
1757174150.747228: 2190791-7f9878845700: cdpl_monitor.c:910: in mn_systat(): debug: started
1757174150.747490: 2190791-7f9878845700: cdpl_monitor.c:937: in mn_systat(): debug: monitor server flush rate: 5
1757174151.543011: 2190791-7f987b04a700: cdpl_server_ipc_mon.c:210: in _globalUNLOCK(): debug: LEAVING GLOBAL LOCK
1757174151.543041: 2190791-7f98bf1aa540: cdpl_server.c:3249: in cdpl_sv_start_job(): info: starting job J1
1757174151.543065: 2190791-7f98bf1aa540: cdpl_server.c:62: in _sv_start_bin(): debug: starting bin B1 (min: 0, max: 3)
1757174151.543210: 2190791-7f986affd700: cdpl_server_sched.c:2482: in _sv_scheduler_thread(): debug: scheduler for bin B1 started
1757174151.543229: 2190791-7f98bf1aa540: cdpl_server.c:1893: in _sv_gen_task(): info: new task T0 in B1 (prio 0)
1757174151.543269: 2190791-7f98bf1aa540: cdpl_server.c:2698: in cdpl_sv_label_task_va(): info: setting task T0 label to "PrimeSim_1|PrimeSim"
1757174151.543314: 2190791-7f986affd700: cdpl_server_sched.c:2443: in _scheduler_run(): debug: will start a new worker
1757174151.543366: 2190791-7f986affd700: cdpl_farm.c:3977: in cdpl_farm_submit(): debug: 1 running processes
1757174151.543369: 2190791-7f986affd700: cdpl_farm.c:3985: in cdpl_farm_submit(): debug: new command C1 in bin B1 assigned to host `localhost'
1757174151.543450: 2190791-7f986affd700: cdpl_server_sched.c:705: in _sv_launch_worker(): info: started worker W1 (as C1) in bin B1
1757174151.543466: 2190791-7f986a7fc700: cdpl_farm.c:2139: in _schedule(): debug: started
1757174151.543472: 2190791-7f986a7fc700: cdpl_farm.c:2303: in _schedule(): debug: submitting command C1 in bin B1
1757174151.543489: 2190791-7f986a7fc700: cdpl_sh.c:49: in _sh_detached_submit(): info: SH : /home/argershm/180-voltmeter/Analog/cc/synopsys_custom/pwdp_jobs/saeSession4_diffmodegain.SimulationSimulation_cdpl.0.2190791/START_WORKER pw_worker -i /home/argershm/180-voltmeter/Analog/cc/synopsys_custom/pwdp_jobs/saeSession4_diffmodegain.SimulationSimulation_cdpl.0.2190791 -t 10000
1757174151.551205: 2190791-7f986a7fc700: cdpl_farm.c:2343: in _schedule(): debug: C1 in bin B1 running on slot 0
1757174151.551231: 2190791-7f986a7fc700: cdpl_farm.c:2167: in _schedule(): debug: idle
1757174151.574522: 2190791-7f98bf1aa540: cdpl_compat_master.c:5948: in cdplMasterLogInfo(): info: [non-CDPL log entry] PWDP3: reset pilot cache succeeded, pilot_key=saeSession4,1,diff_mode_gain|&/home/argershm/180-voltmeter/Analog/cc/simulation/integrator,tb_main_opamp,schematic/history_1/simulation/diff_mode_gain/PrimeSimSPICE/nominal/results
1757174151.851306: 2190791-7f986a7fc700: cdpl_farm.c:1193: in _onexit(): debug: C1 in bin B1 exited normally on slot 0
1757174152.664146: 2190791-7f986bfff700: cdpl_compat_master.c:5948: in cdplMasterLogInfo(): info: [non-CDPL log entry] PWDP - no-workers started ok check start!
1757174153.373067: 2190791-7f987b84b700: cdpl_ipc.c:1862: in _epoll_accept(): debug: new connection from `152.14.98.53:38090'
1757174153.373115: 2190791-7f987b04a700: cdpl_server_ipc.c:1225: in _sv_ipc_thread(): debug: received ACCEPT notification
1757174153.373128: 2190791-7f987b04a700: cdpl_ipc.c:2503: in cdpl_ipc_host_accept(): debug: accepted host `152.14.98.53:38090'
1757174153.373241: 2190791-7f987b04a700: cdpl_server_ipc.c:1246: in _sv_ipc_thread(): debug: received HELLO message
1757174153.373248: 2190791-7f987b04a700: cdpl_server_ipc.c:430: in _sv_on_hello(): debug: looking up W1
1757174153.373251: 2190791-7f987b04a700: cdpl_server_ipc.c:540: in _sv_on_hello(): info: W1 is `152.14.98.53:38090'
1757174153.373253: 2190791-7f987b04a700: cdpl_server_ipc.c:541: in _sv_on_hello(): debug: hello W1 (B1)
1757174153.373254: 2190791-7f987b04a700: cdpl_server_ipc.c:542: in _sv_on_hello(): info: W1 log file is /dev/null
1757174153.373290: 2190791-7f987b04a700: cdpl_server_ipc.c:602: in _sv_on_hello(): info: up to 1 alive workers in B1
1757174153.373297: 2190791-7f987b04a700: cdpl_farm.c:878: in _release_cmd(): debug: freeing command C1 in bin B1
1757174153.373316: 2190791-7f986affd700: cdpl_server_sched.c:960: in _assign(): info: assigning task T0 to worker W1
1757174153.437396: 2190791-7f987b04a700: cdpl_server_ipc.c:1268: in _sv_ipc_thread(): debug: received RELAY message
1757174153.437410: 2190791-7f987b04a700: cdpl_server_ipc.c:713: in _sv_on_relay(): debug: RELAY message from W1, size = 65
1757174153.437412: 2190791-7f987b04a700: cdpl_server_ipc.c:715: in _sv_on_relay(): debug: RELAY message from W1, content = 0$2191507 claws-compute3.ece.ncsu.edu 2191523 RUNNING 1757174153
1757174154.373462: 2190791-7f987b04a700: cdpl_server_ipc.c:312: in _sv_on_heartbeat(): debug: received HEARTBEAT from worker W1 at 152.14.98.53:38090
1757174155.748184: 2190791-7f987a849700: cdpl_monitor.c:533: in cdpl_mn_connect(): debug: connecting to 152.14.98.53:36421
1757174155.748195: 2190791-7f987a849700: cdpl_ipc.c:3789: in cdpl_ipc_connect(): info: connecting to 152.14.98.53:36421
1757174155.748331: 2190791-7f987a849700: cdpl_ipc.c:3860: in cdpl_ipc_connect(): info: connected as `152.14.98.53:34666'
1757174155.748338: 2190791-7f987a849700: cdpl_ipc.c:2503: in cdpl_ipc_host_accept(): debug: accepted host `152.14.98.53:36421'
1757174155.748342: 2190791-7f987a849700: cdpl_monitor.c:579: in cdpl_mn_connect(): debug: ok
1757174159.608482: 2190791-7f987b04a700: cdpl_server_ipc.c:1268: in _sv_ipc_thread(): debug: received RELAY message
1757174159.608501: 2190791-7f987b04a700: cdpl_server_ipc.c:713: in _sv_on_relay(): debug: RELAY message from W1, size = 53
1757174159.608503: 2190791-7f987b04a700: cdpl_server_ipc.c:715: in _sv_on_relay(): debug: RELAY message from W1, content = WORKERDU|12716,/dev/mapper/rhel_claws--compute3-home
1757174159.608509: 2190791-7f987b04a700: cdpl_server_ipc.c:1268: in _sv_ipc_thread(): debug: received RELAY message
1757174159.608510: 2190791-7f987b04a700: cdpl_server_ipc.c:713: in _sv_on_relay(): debug: RELAY message from W1, size = 193
1757174159.608512: 2190791-7f987b04a700: cdpl_server_ipc.c:715: in _sv_on_relay(): debug: RELAY message from W1, content = REQPILOT|saeSession4,1,diff_mode_gain|&/home/argershm/180-voltmeter/Analog/cc/simulation/integrator,tb_main_opamp,schematic/history_1/simulation/diff_mode_gain/PrimeSimSPICE/nominal/results|&0
1757174159.608600: 2190791-7f9879046700: cdpl_compat_master.c:5948: in cdplMasterLogInfo(): info: [non-CDPL log entry] PWDP send back 'DOPILOT' to worker id:1 key: saeSession4,1,diff_mode_gain|&/home/argershm/180-voltmeter/Analog/cc/simulation/integrator,tb_main_opamp,schematic/history_1/simulation/diff_mode_gain/PrimeSimSPICE/nominal/results
1757174159.608820: 2190791-7f9879046700: cdpl_compat_master.c:5948: in cdplMasterLogInfo(): info: [non-CDPL log entry] PWDP: set pilot doing!
1757174159.613080: 2190791-7f987b04a700: cdpl_server_ipc.c:1268: in _sv_ipc_thread(): debug: received RELAY message
1757174159.613088: 2190791-7f987b04a700: cdpl_server_ipc.c:713: in _sv_on_relay(): debug: RELAY message from W1, size = 189
1757174159.613090: 2190791-7f987b04a700: cdpl_server_ipc.c:715: in _sv_on_relay(): debug: RELAY message from W1, content = PILOTOK|saeSession4,1,diff_mode_gain|&/home/argershm/180-voltmeter/Analog/cc/simulation/integrator,tb_main_opamp,schematic/history_1/simulation/diff_mode_gain/PrimeSimSPICE/nominal/results
1757174159.613109: 2190791-7f9879046700: cdpl_compat_master.c:5948: in cdplMasterLogInfo(): info: [non-CDPL log entry] PWDP: set pilot done!
1757174159.613182: 2190791-7f987b04a700: cdpl_server_ipc.c:1268: in _sv_ipc_thread(): debug: received RELAY message
1757174159.613187: 2190791-7f987b04a700: cdpl_server_ipc.c:713: in _sv_on_relay(): debug: RELAY message from W1, size = 18
1757174159.613190: 2190791-7f987b04a700: cdpl_server_ipc.c:715: in _sv_on_relay(): debug: RELAY message from W1, content = 0$- - - MEASDOING
1757174159.859153: 2190791-7f987b04a700: cdpl_server_ipc.c:1268: in _sv_ipc_thread(): debug: received RELAY message
1757174159.859165: 2190791-7f987b04a700: cdpl_server_ipc.c:713: in _sv_on_relay(): debug: RELAY message from W1, size = 77
1757174159.859167: 2190791-7f987b04a700: cdpl_server_ipc.c:715: in _sv_on_relay(): debug: RELAY message from W1, content = 0$2191507 claws-compute3.ece.ncsu.edu 2191523 FINISHED 1757174153|1757174159
1757174159.861034: 2190791-7f987b04a700: cdpl_server_ipc.c:1268: in _sv_ipc_thread(): debug: received RELAY message
1757174159.861042: 2190791-7f987b04a700: cdpl_server_ipc.c:713: in _sv_on_relay(): debug: RELAY message from W1, size = 191
1757174159.861044: 2190791-7f987b04a700: cdpl_server_ipc.c:715: in _sv_on_relay(): debug: RELAY message from W1, content = PILOTDONE|saeSession4,1,diff_mode_gain|&/home/argershm/180-voltmeter/Analog/cc/simulation/integrator,tb_main_opamp,schematic/history_1/simulation/diff_mode_gain/PrimeSimSPICE/nominal/results
1757174159.861072: 2190791-7f9879046700: cdpl_compat_master.c:5948: in cdplMasterLogInfo(): info: [non-CDPL log entry] saeSession4,1,diff_mode_gain|&/home/argershm/180-voltmeter/Analog/cc/simulation/integrator,tb_main_opamp,schematic/history_1/simulation/diff_mode_gain/PrimeSimSPICE/nominal/results PILOTDONE!
1757174159.861334: 2190791-7f987b04a700: cdpl_server_ipc.c:1251: in _sv_ipc_thread(): debug: received FINISH message
1757174159.861340: 2190791-7f987b04a700: cdpl_server_ipc.c:983: in _sv_on_finish(): info: worker W1 completed task T0
1757174159.861342: 2190791-7f987b04a700: cdpl_server_ipc.c:988: in _sv_on_finish(): debug: stat T0: utime=3753 stime=1881
1757174159.861344: 2190791-7f987b04a700: cdpl_server_ipc.c:993: in _sv_on_finish(): debug: statm T0: vsize=3054828 rss=1036680 shared=519304 text=474784 data=710260
1757174159.866386: 2190791-7f987b04a700: cdpl_server_ipc.c:1268: in _sv_ipc_thread(): debug: received RELAY message
1757174159.866394: 2190791-7f987b04a700: cdpl_server_ipc.c:713: in _sv_on_relay(): debug: RELAY message from W1, size = 50
1757174159.866397: 2190791-7f987b04a700: cdpl_server_ipc.c:715: in _sv_on_relay(): debug: RELAY message from W1, content = WORKERDU|20,/dev/mapper/rhel_claws--compute3-home
1757174159.871828: 2190791-7f98bf1aa540: cdpl_server.c:227: in _sv_free_task_safe(): debug: freeing task T0
1757174160.265106: 2190791-7f98bf1aa540: cdpl_server.c:3008: in cdpl_sv_halt_job_errno(): info: killing job J1
1757174160.265143: 2190791-7f98bf1aa540: cdpl_server.c:3044: in cdpl_sv_halt_job_errno(): debug: signal bin B1 scheduler to stop
1757174160.265155: 2190791-7f986affd700: cdpl_server_sched.c:2484: in _sv_scheduler_thread(): debug: scheduler for bin B1 stopped
1757174160.265177: 2190791-7f986affd700: cdpl_ipc.c:1657: in _host_drop__UNSAFE(): debug: dropping host `152.14.98.53:38090'
1757174160.265258: 2190791-7f986affd700: cdpl_server_sched.c:2830: in _sv_drop_worker(): info: down to 0 alive workers in B1
1757174160.265266: 2190791-7f986affd700: cdpl_farm.c:4152: in cdpl_farm_dismiss(): debug: down to 0 running processes
1757174160.265272: 2190791-7f987b04a700: cdpl_server_ipc.c:1236: in _sv_ipc_thread(): debug: received DROP notification
1757174160.265315: 2190791-7f986affd700: cdpl_server_sched.c:121: in _free_worker_2(): debug: freeing worker W1
1757174160.265329: 2190791-7f986affd700: cdpl_ipc.c:2513: in cdpl_ipc_host_release(): debug: releasing host `152.14.98.53:38090'
1757174160.265331: 2190791-7f986affd700: cdpl_ipc.c:2529: in cdpl_ipc_host_release(): debug: scheduling for immediate release
1757174160.265345: 2190791-7f98bf1aa540: cdpl_server.c:294: in _sv_free_job(): info: freeing job J1
1757174160.265347: 2190791-7f98bf1aa540: cdpl_server.c:92: in _sv_free_bin(): debug: freeing bin B1
1757174160.265389: 2190791-7f98bf1aa540: cdpl_monitor.c:515: in cdpl_mn_kill(): info: killing monitor
1757174160.265397: 2190791-7f98bf1aa540: cdpl_ipc.c:3677: in cdpl_ipc_kill(): debug: stopping event server
1757174160.265412: 2190791-7f987a048700: cdpl_ipc.c:2460: in _epoll_main(): debug: server going down...
1757174160.265444: 2190791-7f987b84b700: cdpl_ipc.c:775: in _readv(): warning: read(): EOF
1757174160.265474: 2190791-7f987b84b700: cdpl_ipc.c:2100: in _epoll_recv(): debug: _readv(): Broken pipe
1757174160.265477: 2190791-7f987b84b700: cdpl_ipc.c:2424: in _epoll_main(): debug: _epoll_recv(): Broken pipe
1757174160.265480: 2190791-7f987b84b700: cdpl_ipc.c:1657: in _host_drop__UNSAFE(): debug: dropping host `152.14.98.53:38082'
1757174160.265527: 2190791-7f987b84b700: cdpl_ipc.c:1582: in _host_free__UNSAFE(): debug: freeing host `152.14.98.53:38090'
1757174160.265529: 2190791-7f987b84b700: cdpl_ipc.c:1621: in _host_free__UNSAFE(): debug: [0 outq, 0 spR, 0 spW]
1757174160.265536: 2190791-7f987b04a700: cdpl_server_ipc.c:1236: in _sv_ipc_thread(): debug: received DROP notification
1757174160.265546: 2190791-7f987b04a700: cdpl_monitor.c:1269: in cdpl_mn_drop(): debug: detaching from monitor `152.14.98.53:38082'
1757174160.265556: 2190791-7f987b04a700: cdpl_monitor.c:1101: in mn_systat_stop(): debug: joining systat thread
1757174160.265580: 2190791-7f9878845700: cdpl_monitor.c:1079: in mn_systat(): debug: exiting
1757174160.265590: 2190791-7f987b04a700: cdpl_monitor.c:1103: in mn_systat_stop(): debug: systat thread done
1757174160.265594: 2190791-7f987b04a700: cdpl_ipc.c:2513: in cdpl_ipc_host_release(): debug: releasing host `152.14.98.53:38082'
1757174160.265596: 2190791-7f987a849700: cdpl_ipc.c:3728: in cdpl_ipc_free(): debug: releasing IPC handle
1757174160.265601: 2190791-7f987a849700: cdpl_ipc.c:1582: in _host_free__UNSAFE(): debug: freeing host `152.14.98.53:36421'
1757174160.265604: 2190791-7f987a849700: cdpl_ipc.c:1621: in _host_free__UNSAFE(): debug: [0 outq, 0 spR, 0 spW]
1757174160.265616: 2190791-7f987a849700: cdpl_ipc.c:1582: in _host_free__UNSAFE(): debug: freeing host `152.14.98.53:36649'
1757174160.265618: 2190791-7f987a849700: cdpl_ipc.c:1621: in _host_free__UNSAFE(): debug: [0 outq, 0 spR, 0 spW]
1757174160.265625: 2190791-7f987a849700: cdpl_ipc.c:3756: in cdpl_ipc_free(): warning: 2 host(s) were not released
1757174160.265637: 2190791-7f987a849700: cdpl_ipc.c:3767: in cdpl_ipc_free(): debug: done
1757174160.265639: 2190791-7f987a849700: cdpl_monitor.c:1390: in cdpl_mn_free(): debug: freeing monitor client
1757174160.265718: 2190791-7f98bf1aa540: cdpl_farm.c:2740: in cdpl_farm_free(): info: freeing farm
1757174160.265732: 2190791-7f986a7fc700: cdpl_farm.c:2231: in _schedule(): debug: end of idling
1757174160.265739: 2190791-7f986a7fc700: cdpl_farm.c:2235: in _schedule(): debug: dying
1757174160.265775: 2190791-7f98bf1aa540: cdpl_farm.c:913: in _killall(): debug: killing all remaining commands
1757174160.265786: 2190791-7f98bf1aa540: cdpl_server.c:3144: in cdpl_sv_free(): info: freeing server S717340579
1757174160.265799: 2190791-7f98bf1aa540: cdpl_server.c:3109: in cdpl_sv_kill_errno(): info: killing server
1757174160.265801: 2190791-7f98bf1aa540: cdpl_ipc.c:3677: in cdpl_ipc_kill(): debug: stopping event server
1757174160.265812: 2190791-7f987b84b700: cdpl_ipc.c:2460: in _epoll_main(): debug: server going down...
1757174160.265821: 2190791-7f987b04a700: cdpl_server_ipc.c:1200: in _sv_ipc_thread(): debug: leaving now
1757174160.265831: 2190791-7f98bf1aa540: cdpl_server.c:334: in _sv_free_master(): info: freeing master M1
1757174160.265837: 2190791-7f98bf1aa540: cdpl_hash.c:68: in cdpl_h_destroy(): debug: put operations: 1
1757174160.265838: 2190791-7f98bf1aa540: cdpl_hash.c:69: in cdpl_h_destroy(): debug: put collisions: 0
1757174160.265840: 2190791-7f98bf1aa540: cdpl_hash.c:70: in cdpl_h_destroy(): debug: get operations: 1
1757174160.265841: 2190791-7f98bf1aa540: cdpl_hash.c:71: in cdpl_h_destroy(): debug: get iterations: 1
1757174160.265850: 2190791-7f98bf1aa540: cdpl_monitor.c:1390: in cdpl_mn_free(): debug: freeing monitor server
1757174160.265853: 2190791-7f98bf1aa540: cdpl_ipc.c:3728: in cdpl_ipc_free(): debug: releasing IPC handle
1757174160.265855: 2190791-7f98bf1aa540: cdpl_ipc.c:1582: in _host_free__UNSAFE(): debug: freeing host `152.14.98.53:38082'
1757174160.265857: 2190791-7f98bf1aa540: cdpl_ipc.c:1621: in _host_free__UNSAFE(): debug: [0 outq, 0 spR, 0 spW]
1757174160.265871: 2190791-7f98bf1aa540: cdpl_ipc.c:3767: in cdpl_ipc_free(): debug: done
1757174160.265877: 2190791-7f98bf1aa540: cdpl_log.c:481: in cdpl_log_close(): info: @@end_of_log@@
