1757020977.369786: 3924554-7f885df6f540: cdpl_log.c:337: in cdpl_log_open(): info: @@start_of_log@@
1757020977.369807: 3924554-7f885df6f540: cdpl_log.c:1058: in cdpl_log_dump_sysinfo(): info: time: 2025/09/04 17:22:57 EDT -0400
1757020977.369809: 3924554-7f885df6f540: cdpl_log.c:1060: in cdpl_log_dump_sysinfo(): info: version: W-2024.09-SP1-2 
1757020977.369811: 3924554-7f885df6f540: cdpl_log.c:1062: in cdpl_log_dump_sysinfo(): info: system: Linux 4.18.0-553.69.1.el8_10.x86_64 #1 SMP Thu Aug 7 18:10:00 EDT 2025
1757020977.369812: 3924554-7f885df6f540: cdpl_log.c:1067: in cdpl_log_dump_sysinfo(): info: processor: x86_64 64-bits
1757020977.369814: 3924554-7f885df6f540: cdpl_log.c:1071: in cdpl_log_dump_sysinfo(): info: hostname: claws-compute3.ece.ncsu.edu
1757020977.369815: 3924554-7f885df6f540: cdpl_log.c:1073: in cdpl_log_dump_sysinfo(): info: program name: custom_shell
1757020977.369818: 3924554-7f885df6f540: cdpl_log.c:340: in cdpl_log_open(): debug: path: /home/argershm/180-voltmeter/Analog/cc/synopsys_custom/pwdp_jobs/saeSession1_default.SimulationSimulation_cdpl.0.3924554/logs/master.claws-compute3.ece.ncsu.edu.3924554.log
1757020977.369820: 3924554-7f885df6f540: cdpl_log.c:341: in cdpl_log_open(): debug: dir: /home/argershm/180-voltmeter/Analog/cc/synopsys_custom/pwdp_jobs/saeSession1_default.SimulationSimulation_cdpl.0.3924554/logs
1757020977.369849: 3924554-7f885df6f540: cdpl_server.c:536: in cdpl_sv_init(): info: new server S2111436106
1757020977.369856: 3924554-7f885df6f540: cdpl_ipc.c:3475: in cdpl_ipc_init(): info: requesting IPv4 protocol
1757020977.375355: 3924554-7f885df6f540: cdpl_ipc.c:837: in _selectaddrfamily(): info: selected IPv4 protocol
1757020977.375380: 3924554-7f885df6f540: cdpl_ipc.c:1139: in _set_keepalive(): info: TCP keep alive interval: 300
1757020977.379728: 3924554-7f885df6f540: cdpl_monitor.c:1117: in cdpl_mn_new_server(): info: creating server monitor instance
1757020977.379743: 3924554-7f885df6f540: cdpl_server.c:650: in cdpl_sv_new_master(): info: new master M1
1757020977.379751: 3924554-7f885df6f540: cdpl_server.c:6533: in cdpl_sv_ctl_master(): info: Setting worker heartbeat to 120 seconds
1757020977.379753: 3924554-7f885df6f540: cdpl_server.c:6542: in cdpl_sv_ctl_master(): info: Setting worker heartbeat timeout to 3 heartbeats
1757020977.379755: 3924554-7f885df6f540: cdpl_compat_master.c:2090: in _parse_hostfile(): info: reading hostfile `/home/argershm/180-voltmeter/Analog/cc/synopsys_custom/pwdp_jobs/saeSession1_default.SimulationSimulation_cdpl.0.3924554/host_file'
1757020977.379782: 3924554-7f885df6f540: cdpl_compat_master.c:1900: in _hostfile_parser(): debug: parsing "1     |localhost|   -1  | /tmp | SH | sh"
1757020977.379796: 3924554-7f885df6f540: cdpl_farm.c:2578: in cdpl_farm_new_sh(): info: creating SH farm on localhost
1757020977.379801: 3924554-7f885df6f540: cdpl_compat_master.c:206: in _set_farm_env(): info: exporting CDPL_LOGDIR as `/home/argershm/180-voltmeter/Analog/cc/synopsys_custom/pwdp_jobs/saeSession1_default.SimulationSimulation_cdpl.0.3924554/logs'
1757020977.379803: 3924554-7f885df6f540: cdpl_compat_master.c:212: in _set_farm_env(): info: exporting CDPL_TMPDIR as `/tmp'
1757020977.379805: 3924554-7f885df6f540: cdpl_compat_master.c:235: in _set_farm_env(): info: exporting SNPSLMD_LICENSE_FILE as `27000@ece-lic-35.ece.ncsu.edu'
1757020977.379807: 3924554-7f885df6f540: cdpl_compat_master.c:259: in _set_farm_env(): info: exporting CDPL_OPTIONS as `[nowlogs]'
1757020977.379808: 3924554-7f885df6f540: cdpl_compat_master.c:266: in _set_farm_env(): info: exporting DISPLAY as `unix:7856'
1757020977.379810: 3924554-7f885df6f540: cdpl_compat_master.c:274: in _set_farm_env(): info: exporting CDPL_HEARTBEAT as `120'
1757020977.379820: 3924554-7f885df6f540: cdpl_farm.c:3149: in cdpl_farm_add_withdir(): debug: added `localhost' (capacity: unlimited)
1757020977.379822: 3924554-7f885df6f540: cdpl_compat_parse.c:147: in parsefile(): debug: read `/home/argershm/180-voltmeter/Analog/cc/synopsys_custom/pwdp_jobs/saeSession1_default.SimulationSimulation_cdpl.0.3924554/host_file', 2 lines
1757020977.379827: 3924554-7f885df6f540: cdpl_compat_master.c:2931: in cdplInitMaster(): info: bcast dir is `/home/argershm/180-voltmeter/Analog/cc/synopsys_custom/pwdp_jobs/saeSession1_default.SimulationSimulation_cdpl.0.3924554/logs'
1757020977.379877: 3924554-7f885df6f540: cdpl_server.c:6433: in cdpl_sv_ctl_master(): info: farm worker timeout set to 300
1757020977.379879: 3924554-7f885df6f540: cdpl_server.c:6486: in cdpl_sv_ctl_master(): info: maximum number of task execution attempts set to 1
1757020977.379895: 3924554-7f885df6f540: cdpl_server.c:3195: in cdpl_sv_start(): debug: starting server
1757020977.379899: 3924554-7f885df6f540: cdpl_ipc.c:3632: in cdpl_ipc_start(): debug: starting IPC server 152.14.98.53:43913
1757020977.380104: 3924554-7f8819dca700: cdpl_server_ipc.c:1182: in _sv_ipc_thread(): debug: ready
1757020977.380152: 3924554-7f88195c9700: cdpl_monitor.c:426: in cdpl_mn_init_client(): info: creating client monitor instance
1757020977.380167: 3924554-7f88195c9700: cdpl_ipc.c:3475: in cdpl_ipc_init(): info: requesting IPv4 protocol
1757020977.385650: 3924554-7f88195c9700: cdpl_ipc.c:837: in _selectaddrfamily(): info: selected IPv4 protocol
1757020977.385671: 3924554-7f88195c9700: cdpl_ipc.c:1139: in _set_keepalive(): info: TCP keep alive interval: 300
1757020977.390029: 3924554-7f88195c9700: cdpl_ipc.c:3632: in cdpl_ipc_start(): debug: starting IPC server 152.14.98.53:38777
1757020977.390178: 3924554-7f88195c9700: cdpl_monitor.c:471: in cdpl_mn_init_client(): debug: incoming messages in /tmp/cdpl-monitor-Qc0rwU
1757020977.390307: 3924554-7f88195c9700: cdpl_monitor.c:533: in cdpl_mn_connect(): debug: connecting to 152.14.98.53:43913
1757020977.390315: 3924554-7f88195c9700: cdpl_ipc.c:3789: in cdpl_ipc_connect(): info: connecting to 152.14.98.53:43913
1757020977.390423: 3924554-7f88195c9700: cdpl_ipc.c:3860: in cdpl_ipc_connect(): info: connected as `152.14.98.53:49164'
1757020977.390437: 3924554-7f88195c9700: cdpl_ipc.c:2503: in cdpl_ipc_host_accept(): debug: accepted host `152.14.98.53:43913'
1757020977.390456: 3924554-7f881a5cb700: cdpl_ipc.c:1862: in _epoll_accept(): debug: new connection from `152.14.98.53:49164'
1757020977.390472: 3924554-7f88195c9700: cdpl_monitor.c:579: in cdpl_mn_connect(): debug: ok
1757020977.390494: 3924554-7f885df6f540: cdpl_server.c:731: in cdpl_sv_new_job(): info: new job J1 in M1
1757020977.390515: 3924554-7f8819dca700: cdpl_server_ipc.c:1225: in _sv_ipc_thread(): debug: received ACCEPT notification
1757020977.390525: 3924554-7f885df6f540: cdpl_compat_master.c:1581: in _add_worker(): info: new worker type 10, min:1, max:3, cmd:`/home/argershm/180-voltmeter/Analog/cc/synopsys_custom/pwdp_jobs/saeSession1_default.SimulationSimulation_cdpl.0.3924554/START_WORKER pw_worker -i /home/argershm/180-voltmeter/Analog/cc/synopsys_custom/pwdp_jobs/saeS
1757020977.390533: 3924554-7f8819dca700: cdpl_ipc.c:2503: in cdpl_ipc_host_accept(): debug: accepted host `152.14.98.53:49164'
1757020977.390538: 3924554-7f8819dca700: cdpl_server_ipc.c:1256: in _sv_ipc_thread(): debug: received MONITOR message
1757020977.390540: 3924554-7f885df6f540: cdpl_server.c:908: in cdpl_sv_new_bin_withfarm(): info: new bin B1 in J1
1757020977.390683: 3924554-7f8819dca700: cdpl_monitor.c:1207: in cdpl_mn_accept(): debug: accepted monitor `152.14.98.53:49164'
1757020977.390687: 3924554-7f8819dca700: cdpl_server_ipc_mon.c:120: in _globalLOCK(): debug: ENTERTING GLOBAL LOCK
1757020977.390689: 3924554-7f8819dca700: cdpl_server_ipc_mon.c:164: in _globalLOCK(): debug: global lock acquired
1757020977.390700: 3924554-7f8812ffd700: cdpl_monitor.c:910: in mn_systat(): debug: started
1757020977.390993: 3924554-7f8812ffd700: cdpl_monitor.c:937: in mn_systat(): debug: monitor server flush rate: 5
1757020978.195810: 3924554-7f8819dca700: cdpl_server_ipc_mon.c:210: in _globalUNLOCK(): debug: LEAVING GLOBAL LOCK
1757020978.195833: 3924554-7f885df6f540: cdpl_server.c:3249: in cdpl_sv_start_job(): info: starting job J1
1757020978.195860: 3924554-7f885df6f540: cdpl_server.c:62: in _sv_start_bin(): debug: starting bin B1 (min: 0, max: 3)
1757020978.195989: 3924554-7f88117fa700: cdpl_server_sched.c:2482: in _sv_scheduler_thread(): debug: scheduler for bin B1 started
1757020978.196019: 3924554-7f885df6f540: cdpl_server.c:1893: in _sv_gen_task(): info: new task T0 in B1 (prio 0)
1757020978.196053: 3924554-7f885df6f540: cdpl_server.c:2698: in cdpl_sv_label_task_va(): info: setting task T0 label to "PrimeSim_1|PrimeSim"
1757020978.196102: 3924554-7f88117fa700: cdpl_server_sched.c:2443: in _scheduler_run(): debug: will start a new worker
1757020978.196144: 3924554-7f88117fa700: cdpl_farm.c:3977: in cdpl_farm_submit(): debug: 1 running processes
1757020978.196147: 3924554-7f88117fa700: cdpl_farm.c:3985: in cdpl_farm_submit(): debug: new command C1 in bin B1 assigned to host `localhost'
1757020978.196217: 3924554-7f88117fa700: cdpl_server_sched.c:705: in _sv_launch_worker(): info: started worker W1 (as C1) in bin B1
1757020978.196246: 3924554-7f8810ff9700: cdpl_farm.c:2139: in _schedule(): debug: started
1757020978.196257: 3924554-7f8810ff9700: cdpl_farm.c:2303: in _schedule(): debug: submitting command C1 in bin B1
1757020978.196276: 3924554-7f8810ff9700: cdpl_sh.c:49: in _sh_detached_submit(): info: SH : /home/argershm/180-voltmeter/Analog/cc/synopsys_custom/pwdp_jobs/saeSession1_default.SimulationSimulation_cdpl.0.3924554/START_WORKER pw_worker -i /home/argershm/180-voltmeter/Analog/cc/synopsys_custom/pwdp_jobs/saeSession1_default.SimulationSimulation_cdpl.0.3924554 -t 10000
1757020978.203491: 3924554-7f8810ff9700: cdpl_farm.c:2343: in _schedule(): debug: C1 in bin B1 running on slot 0
1757020978.203520: 3924554-7f8810ff9700: cdpl_farm.c:2167: in _schedule(): debug: idle
1757020978.214211: 3924554-7f885df6f540: cdpl_compat_master.c:5948: in cdplMasterLogInfo(): info: [non-CDPL log entry] PWDP3: reset pilot cache succeeded, pilot_key=saeSession1,1,default|&/home/argershm/180-voltmeter/Analog/cc/simulation/gmid,gmid_nfet_3v3,schematic/history_1/simulation/default/PrimeSimSPICE/nominal/results
1757020978.503596: 3924554-7f8810ff9700: cdpl_farm.c:1193: in _onexit(): debug: C1 in bin B1 exited normally on slot 0
1757020979.308301: 3924554-7f88127fc700: cdpl_compat_master.c:5948: in cdplMasterLogInfo(): info: [non-CDPL log entry] PWDP - no-workers started ok check start!
1757020979.934445: 3924554-7f881a5cb700: cdpl_ipc.c:1862: in _epoll_accept(): debug: new connection from `152.14.98.53:49176'
1757020979.934487: 3924554-7f8819dca700: cdpl_server_ipc.c:1225: in _sv_ipc_thread(): debug: received ACCEPT notification
1757020979.934500: 3924554-7f8819dca700: cdpl_ipc.c:2503: in cdpl_ipc_host_accept(): debug: accepted host `152.14.98.53:49176'
1757020979.934578: 3924554-7f8819dca700: cdpl_server_ipc.c:1246: in _sv_ipc_thread(): debug: received HELLO message
1757020979.934583: 3924554-7f8819dca700: cdpl_server_ipc.c:430: in _sv_on_hello(): debug: looking up W1
1757020979.934586: 3924554-7f8819dca700: cdpl_server_ipc.c:540: in _sv_on_hello(): info: W1 is `152.14.98.53:49176'
1757020979.934588: 3924554-7f8819dca700: cdpl_server_ipc.c:541: in _sv_on_hello(): debug: hello W1 (B1)
1757020979.934589: 3924554-7f8819dca700: cdpl_server_ipc.c:542: in _sv_on_hello(): info: W1 log file is /dev/null
1757020979.934635: 3924554-7f8819dca700: cdpl_server_ipc.c:602: in _sv_on_hello(): info: up to 1 alive workers in B1
1757020979.934644: 3924554-7f8819dca700: cdpl_farm.c:878: in _release_cmd(): debug: freeing command C1 in bin B1
1757020979.934665: 3924554-7f88117fa700: cdpl_server_sched.c:960: in _assign(): info: assigning task T0 to worker W1
1757020979.997743: 3924554-7f8819dca700: cdpl_server_ipc.c:1268: in _sv_ipc_thread(): debug: received RELAY message
1757020979.997758: 3924554-7f8819dca700: cdpl_server_ipc.c:713: in _sv_on_relay(): debug: RELAY message from W1, size = 65
1757020979.997761: 3924554-7f8819dca700: cdpl_server_ipc.c:715: in _sv_on_relay(): debug: RELAY message from W1, content = 0$3925078 claws-compute3.ece.ncsu.edu 3925095 RUNNING 1757020979
1757020980.934750: 3924554-7f8819dca700: cdpl_server_ipc.c:312: in _sv_on_heartbeat(): debug: received HEARTBEAT from worker W1 at 152.14.98.53:49176
1757020982.391805: 3924554-7f88195c9700: cdpl_monitor.c:533: in cdpl_mn_connect(): debug: connecting to 152.14.98.53:43569
1757020982.391819: 3924554-7f88195c9700: cdpl_ipc.c:3789: in cdpl_ipc_connect(): info: connecting to 152.14.98.53:43569
1757020982.391974: 3924554-7f88195c9700: cdpl_ipc.c:3860: in cdpl_ipc_connect(): info: connected as `152.14.98.53:52862'
1757020982.391982: 3924554-7f88195c9700: cdpl_ipc.c:2503: in cdpl_ipc_host_accept(): debug: accepted host `152.14.98.53:43569'
1757020982.391987: 3924554-7f88195c9700: cdpl_monitor.c:579: in cdpl_mn_connect(): debug: ok
1757020986.113290: 3924554-7f8819dca700: cdpl_server_ipc.c:1268: in _sv_ipc_thread(): debug: received RELAY message
1757020986.113308: 3924554-7f8819dca700: cdpl_server_ipc.c:713: in _sv_on_relay(): debug: RELAY message from W1, size = 50
1757020986.113310: 3924554-7f8819dca700: cdpl_server_ipc.c:715: in _sv_on_relay(): debug: RELAY message from W1, content = WORKERDU|20,/dev/mapper/rhel_claws--compute3-home
1757020986.113316: 3924554-7f8819dca700: cdpl_server_ipc.c:1268: in _sv_ipc_thread(): debug: received RELAY message
1757020986.113318: 3924554-7f8819dca700: cdpl_server_ipc.c:713: in _sv_on_relay(): debug: RELAY message from W1, size = 18
1757020986.113319: 3924554-7f8819dca700: cdpl_server_ipc.c:715: in _sv_on_relay(): debug: RELAY message from W1, content = 0$- - - MEASDOING
1757020986.334456: 3924554-7f8819dca700: cdpl_server_ipc.c:1268: in _sv_ipc_thread(): debug: received RELAY message
1757020986.334469: 3924554-7f8819dca700: cdpl_server_ipc.c:713: in _sv_on_relay(): debug: RELAY message from W1, size = 77
1757020986.334471: 3924554-7f8819dca700: cdpl_server_ipc.c:715: in _sv_on_relay(): debug: RELAY message from W1, content = 0$3925078 claws-compute3.ece.ncsu.edu 3925095 FAILED 1757020979|1757020986|5
1757020986.334617: 3924554-7f8819dca700: cdpl_server_ipc.c:1251: in _sv_ipc_thread(): debug: received FINISH message
1757020986.334622: 3924554-7f8819dca700: cdpl_server_ipc.c:983: in _sv_on_finish(): info: worker W1 completed task T0
1757020986.334624: 3924554-7f8819dca700: cdpl_server_ipc.c:988: in _sv_on_finish(): debug: stat T0: utime=3499 stime=1844
1757020986.334626: 3924554-7f8819dca700: cdpl_server_ipc.c:993: in _sv_on_finish(): debug: statm T0: vsize=3054204 rss=1032036 shared=516876 text=474784 data=709232
1757020986.372055: 3924554-7f885df6f540: cdpl_server.c:227: in _sv_free_task_safe(): debug: freeing task T0
1757021006.340456: 3924554-7f8818dc8700: cdpl_ipc.c:775: in _readv(): warning: read(): EOF
1757021006.340480: 3924554-7f881a5cb700: cdpl_ipc.c:775: in _readv(): warning: read(): EOF
1757021006.340505: 3924554-7f881a5cb700: cdpl_ipc.c:2100: in _epoll_recv(): debug: _readv(): Broken pipe
1757021006.340509: 3924554-7f881a5cb700: cdpl_ipc.c:2424: in _epoll_main(): debug: _epoll_recv(): Broken pipe
1757021006.340514: 3924554-7f8818dc8700: cdpl_ipc.c:2100: in _epoll_recv(): debug: _readv(): Broken pipe
1757021006.340517: 3924554-7f8818dc8700: cdpl_ipc.c:2424: in _epoll_main(): debug: _epoll_recv(): Broken pipe
1757021006.340521: 3924554-7f881a5cb700: cdpl_ipc.c:1657: in _host_drop__UNSAFE(): debug: dropping host `152.14.98.53:49176'
1757021006.340525: 3924554-7f8818dc8700: cdpl_ipc.c:1657: in _host_drop__UNSAFE(): debug: dropping host `152.14.98.53:43569'
1757021006.340576: 3924554-7f8813fff700: cdpl_monitor.c:290: in mn_listen(): debug: received DROP message
1757021006.340590: 3924554-7f8819dca700: cdpl_server_ipc.c:1236: in _sv_ipc_thread(): debug: received DROP notification
1757021006.340619: 3924554-7f8813fff700: cdpl_ipc.c:2513: in cdpl_ipc_host_release(): debug: releasing host `152.14.98.53:43569'
1757021006.340627: 3924554-7f8819dca700: cdpl_server_sched.c:2796: in _sv_record_crashed_worker(): debug: dropping worker W1
1757021006.340630: 3924554-7f8819dca700: cdpl_server_ipc.c:188: in _sv_on_drop_worker(): debug: down to 0 live workers in B1
1757021006.340723: 3924554-7f88117fa700: cdpl_server_sched.c:750: in _empty_trash(): debug: freeing worker W1 while emptying trash list for bin B1
1757021006.340755: 3924554-7f88117fa700: cdpl_farm.c:4152: in cdpl_farm_dismiss(): debug: down to 0 running processes
1757021006.340777: 3924554-7f88117fa700: cdpl_server_sched.c:121: in _free_worker_2(): debug: freeing worker W1
1757021006.340787: 3924554-7f88117fa700: cdpl_ipc.c:2513: in cdpl_ipc_host_release(): debug: releasing host `152.14.98.53:49176'
1757021006.340789: 3924554-7f88117fa700: cdpl_ipc.c:2529: in cdpl_ipc_host_release(): debug: scheduling for immediate release
1757021007.391865: 3924554-7f881a5cb700: cdpl_ipc.c:1582: in _host_free__UNSAFE(): debug: freeing host `152.14.98.53:49176'
1757021007.391881: 3924554-7f881a5cb700: cdpl_ipc.c:1621: in _host_free__UNSAFE(): debug: [0 outq, 0 spR, 0 spW]
1757021007.391883: 3924554-7f8818dc8700: cdpl_ipc.c:1582: in _host_free__UNSAFE(): debug: freeing host `152.14.98.53:43569'
1757021007.391889: 3924554-7f8818dc8700: cdpl_ipc.c:1621: in _host_free__UNSAFE(): debug: [0 outq, 0 spR, 0 spW]
1757021038.503735: 3924554-7f8810ff9700: cdpl_farm.c:2173: in _schedule(): debug: idle
1757021046.721777: 3924554-7f88137fe700: cdpl_compat_master.c:5971: in cdplMasterLogWarning(): warning: [non-CDPL log entry] PWDP: master does not receive message over 60 seconds!
1757021098.503885: 3924554-7f8810ff9700: cdpl_farm.c:2173: in _schedule(): debug: idle
1757021098.929317: 3924554-7f88137fe700: cdpl_compat_master.c:5948: in cdplMasterLogInfo(): info: [non-CDPL log entry] PWDP: message receiver is alive.
1757021099.916604: 3924554-7f88127fc700: cdpl_compat_master.c:5948: in cdplMasterLogInfo(): info: [non-CDPL log entry] PWDP: master status watchdog is alive.
1757021107.110138: 3924554-7f88137fe700: cdpl_compat_master.c:5971: in cdplMasterLogWarning(): warning: [non-CDPL log entry] PWDP: master does not receive message over 60 seconds!
1757021158.504024: 3924554-7f8810ff9700: cdpl_farm.c:2173: in _schedule(): debug: idle
1757021167.501338: 3924554-7f88137fe700: cdpl_compat_master.c:5971: in cdplMasterLogWarning(): warning: [non-CDPL log entry] PWDP: master does not receive message over 60 seconds!
1757021218.504157: 3924554-7f8810ff9700: cdpl_farm.c:2173: in _schedule(): debug: idle
1757021219.702711: 3924554-7f88137fe700: cdpl_compat_master.c:5948: in cdplMasterLogInfo(): info: [non-CDPL log entry] PWDP: message receiver is alive.
1757021220.924582: 3924554-7f88127fc700: cdpl_compat_master.c:5948: in cdplMasterLogInfo(): info: [non-CDPL log entry] PWDP: master status watchdog is alive.
1757021227.894180: 3924554-7f88137fe700: cdpl_compat_master.c:5971: in cdplMasterLogWarning(): warning: [non-CDPL log entry] PWDP: master does not receive message over 60 seconds!
1757021274.928459: 3924554-7f885df6f540: cdpl_server.c:3008: in cdpl_sv_halt_job_errno(): info: killing job J1
1757021274.928496: 3924554-7f885df6f540: cdpl_server.c:3044: in cdpl_sv_halt_job_errno(): debug: signal bin B1 scheduler to stop
1757021274.928524: 3924554-7f88117fa700: cdpl_server_sched.c:2484: in _sv_scheduler_thread(): debug: scheduler for bin B1 stopped
1757021274.928559: 3924554-7f885df6f540: cdpl_server.c:294: in _sv_free_job(): info: freeing job J1
1757021274.928562: 3924554-7f885df6f540: cdpl_server.c:92: in _sv_free_bin(): debug: freeing bin B1
1757021274.928597: 3924554-7f885df6f540: cdpl_monitor.c:515: in cdpl_mn_kill(): info: killing monitor
1757021274.928626: 3924554-7f885df6f540: cdpl_ipc.c:3677: in cdpl_ipc_kill(): debug: stopping event server
1757021274.928716: 3924554-7f8818dc8700: cdpl_ipc.c:2460: in _epoll_main(): debug: server going down...
1757021274.928725: 3924554-7f881a5cb700: cdpl_ipc.c:775: in _readv(): warning: read(): EOF
1757021274.928734: 3924554-7f881a5cb700: cdpl_ipc.c:2100: in _epoll_recv(): debug: _readv(): Broken pipe
1757021274.928736: 3924554-7f881a5cb700: cdpl_ipc.c:2424: in _epoll_main(): debug: _epoll_recv(): Broken pipe
1757021274.928740: 3924554-7f881a5cb700: cdpl_ipc.c:1657: in _host_drop__UNSAFE(): debug: dropping host `152.14.98.53:49164'
1757021274.928798: 3924554-7f8819dca700: cdpl_server_ipc.c:1236: in _sv_ipc_thread(): debug: received DROP notification
1757021274.928840: 3924554-7f8819dca700: cdpl_monitor.c:1269: in cdpl_mn_drop(): debug: detaching from monitor `152.14.98.53:49164'
1757021274.928860: 3924554-7f8819dca700: cdpl_monitor.c:1101: in mn_systat_stop(): debug: joining systat thread
1757021274.928897: 3924554-7f8812ffd700: cdpl_monitor.c:1079: in mn_systat(): debug: exiting
1757021274.928915: 3924554-7f8819dca700: cdpl_monitor.c:1103: in mn_systat_stop(): debug: systat thread done
1757021274.928918: 3924554-7f8819dca700: cdpl_ipc.c:2513: in cdpl_ipc_host_release(): debug: releasing host `152.14.98.53:49164'
1757021274.928946: 3924554-7f88195c9700: cdpl_ipc.c:3728: in cdpl_ipc_free(): debug: releasing IPC handle
1757021274.928956: 3924554-7f88195c9700: cdpl_ipc.c:1582: in _host_free__UNSAFE(): debug: freeing host `152.14.98.53:43913'
1757021274.928959: 3924554-7f88195c9700: cdpl_ipc.c:1621: in _host_free__UNSAFE(): debug: [0 outq, 0 spR, 0 spW]
1757021274.928979: 3924554-7f88195c9700: cdpl_ipc.c:3756: in cdpl_ipc_free(): warning: 1 host(s) were not released
1757021274.928994: 3924554-7f88195c9700: cdpl_ipc.c:3767: in cdpl_ipc_free(): debug: done
1757021274.928996: 3924554-7f88195c9700: cdpl_monitor.c:1390: in cdpl_mn_free(): debug: freeing monitor client
1757021274.929078: 3924554-7f885df6f540: cdpl_farm.c:2740: in cdpl_farm_free(): info: freeing farm
1757021274.929092: 3924554-7f8810ff9700: cdpl_farm.c:2231: in _schedule(): debug: end of idling
1757021274.929098: 3924554-7f8810ff9700: cdpl_farm.c:2235: in _schedule(): debug: dying
1757021274.929132: 3924554-7f885df6f540: cdpl_farm.c:913: in _killall(): debug: killing all remaining commands
1757021274.929145: 3924554-7f885df6f540: cdpl_server.c:3144: in cdpl_sv_free(): info: freeing server S2111436106
1757021274.929160: 3924554-7f885df6f540: cdpl_server.c:3109: in cdpl_sv_kill_errno(): info: killing server
1757021274.929161: 3924554-7f885df6f540: cdpl_ipc.c:3677: in cdpl_ipc_kill(): debug: stopping event server
1757021274.929178: 3924554-7f881a5cb700: cdpl_ipc.c:2460: in _epoll_main(): debug: server going down...
1757021274.929188: 3924554-7f8819dca700: cdpl_server_ipc.c:1200: in _sv_ipc_thread(): debug: leaving now
1757021274.929201: 3924554-7f885df6f540: cdpl_server.c:334: in _sv_free_master(): info: freeing master M1
1757021274.929208: 3924554-7f885df6f540: cdpl_hash.c:68: in cdpl_h_destroy(): debug: put operations: 1
1757021274.929209: 3924554-7f885df6f540: cdpl_hash.c:69: in cdpl_h_destroy(): debug: put collisions: 0
1757021274.929211: 3924554-7f885df6f540: cdpl_hash.c:70: in cdpl_h_destroy(): debug: get operations: 0
1757021274.929213: 3924554-7f885df6f540: cdpl_hash.c:71: in cdpl_h_destroy(): debug: get iterations: 0
1757021274.929220: 3924554-7f885df6f540: cdpl_monitor.c:1390: in cdpl_mn_free(): debug: freeing monitor server
1757021274.929223: 3924554-7f885df6f540: cdpl_ipc.c:3728: in cdpl_ipc_free(): debug: releasing IPC handle
1757021274.929224: 3924554-7f885df6f540: cdpl_ipc.c:1582: in _host_free__UNSAFE(): debug: freeing host `152.14.98.53:49164'
1757021274.929226: 3924554-7f885df6f540: cdpl_ipc.c:1621: in _host_free__UNSAFE(): debug: [0 outq, 0 spR, 0 spW]
1757021274.929270: 3924554-7f885df6f540: cdpl_ipc.c:3767: in cdpl_ipc_free(): debug: done
1757021274.929276: 3924554-7f885df6f540: cdpl_log.c:481: in cdpl_log_close(): info: @@end_of_log@@
