[17:02:59.96] /o 
              /c                                    pw_worker™ 
              /c 
              /c                Version W-2024.09-SP1-2 for linux64 - Jan 15, 2025
              /c              Based on Custom Infrastructure
              /c Version W-2024.09-SP1-2
              /c 
              /c                     Copyright (c) 2004 - 2025 Synopsys, Inc.
              /c    This software and the associated documentation are proprietary to Synopsys,
              /c  Inc. This software may only be used in accordance with the terms and conditions
              /c  of a written license agreement with Synopsys, Inc. All other use, reproduction,
              /c    or distribution of this software is strictly prohibited.  Licensed Products
              /c      communicate with Synopsys servers for the purpose of providing software
              /c     updates, detecting software piracy and verifying that customers are using
              /c     Licensed Products in conformity with the applicable License Key for such
              /c   Licensed Products. Synopsys will use information gathered in connection with
              /c     this process to deliver software updates and pursue software pirates and
              /c                                    infringers.
              /c 
              /c  Inclusivity & Diversity - Visit SolvNetPlus to read the "Synopsys Statement on
              /c             Inclusivity and Diversity" (Refer to article 000036315 at
              /c                         https://solvnetplus.synopsys.com)
              /c 
              /c Build  (OPT) Config 11252589 compiled on Wed Jan 15 11:01:36 2025 for AlmaLinux 8.4
              /c Invocation: /mnt/apps/public/COE/synopsys_apps/primewave/W-2024.09-SP1-2/linux64/platform/bin/custom_shell -application pw_worker -gui 0 -localDir /home/argershm/180-voltmeter/Analog/cc/synopsys_custom/pwdp_jobs/saeSession0_diffmodegain.SimulationSimulation_cdpl.1.1064686/logs/w1
              /c Execution time: Fri Sep  5 17:02:58 2025
              /c Host: claws-compute3.ece.ncsu.edu
              /c Working directory: /home/argershm/180-voltmeter/Analog/cc
              /c 
[17:03:03.95] /m Information: Registering ICV PERC package...
[17:03:03.95] /w Warning: Error: "Job group named 'PrimeWave' already exists under this parent." (IPC-100)
[17:03:04.38] /o #####New Worker job begin - Self history dir=/home/argershm/180-voltmeter/Analog/cc/simulation/integrator,tb_main_opamp,schematic
[17:03:04.57] /o source /home/argershm/180-voltmeter/Analog/cc/synopsys_custom/pwdp_jobs/saeSession0_diffmodegain.SimulationSimulation_cdpl.1.1064686/ccFile.tcl OK
[17:03:04.57] /o LibDefs : /home/argershm/180-voltmeter/Analog/cc/lib.defs
[17:03:04.77] /o new worker create session at loading state!
[17:03:04.77] /o history_1
[17:03:04.97] /o Loading: Callback files...
[17:03:04.97] /o 
              /c [INFO] : Loading display.tcl from /mnt/designkits/gf180MCU/dk_ncsu/gf180mcu_cc_0.1/Models_HSPICE
              /c 
              /c  if you wish to Load other display.tcl, please set shell environment valiable "iPDK_load_display_gf180mcu" to value = 0
[17:03:04.97] /o 
[17:03:05.02] /w Warning: Could not set the value of preference xtEMIRLPEStarTcadGrdFile because it does not exist. (PREFERENCE-016)
[17:03:05.02] /o 	#######################################
[17:03:05.02] /o 	CC-PDK Library Name	: gf180MCU Open
[17:03:05.02] /o 	#######################################
[17:03:05.02] /o 
[17:03:05.13] /o source /home/argershm/180-voltmeter/Analog/cc/simulation/integrator,tb_main_opamp,schematic/history_1/.nw_preference_script.tcl OK!
[17:03:05.13] /o DSPF Options: {hierDelim==|}||{termDelim==:}||{fingerChar==@}||{multiplierString==_nettran_}||{aggregateCurrent==1}||{MOSTermNames==d g s b}||{MOSTermOrder==D G S B}||{MOSTermDspfNames==DRC GATE SRC BULK}||{firstChars==XM}||{probeHierDelim==/}||{caseSensitive==1}||{firstChar==M}||{hierPrefix==X}||{nodePrefix==M}||{plotTermVoltageForNet==0}||{mapNetToMosTerminal==}||{mapSlashDelimToDot==1}||{probePortCurrent==1}||{busBit==[]}||{removeNodePrefix==1}||{nlConDelim==.}||{mosModelType==auto}||{keepSchName==0}
[17:03:05.13] /o _workerLoadStateAction done!
[17:03:05.15] /o _getSimulationDetails : 
[17:03:05.15] /o tbName=diff_mode_gain, Mtb=0
[17:03:05.15] /o Got stb tb ok!
[17:03:05.15] /o Self resultsDir: ./simulation
[17:03:05.15] /o Self databaseDir: /home/argershm/180-voltmeter/Analog/cc/simulation/integrator,tb_main_opamp,schematic/history_1/simulation/diff_mode_gain/PrimeSimSPICE/nominal/results
[17:03:05.15] /o source /mnt/apps/public/COE/synopsys_apps/primewave/W-2024.09-SP1-2/auxx/sae/matlab_script.tcl OK
[17:03:05.20] /o Nominal run.
[17:03:05.28] /o _createResultsMap done!
[17:03:05.28] /o New worker simulation done for nomial run.
[17:03:05.28] /o >>>resultsDir=/home/argershm/180-voltmeter/Analog/cc/simulation/integrator,tb_main_opamp,schematic/history_1/simulation/diff_mode_gain/PrimeSimSPICE/nominal/results,masterResultsDir=/home/argershm/180-voltmeter/Analog/cc/simulation/integrator,tb_main_opamp,schematic/history_1/simulation/diff_mode_gain/PrimeSimSPICE/nominal/results
[17:03:05.29] /m Information: Evaluating and plotting outputs...
[17:03:05.34] /o Tracing out
[17:03:05.34] /o Tracing out (Found 0)
[17:03:05.34] /o Tracing collected globals
[17:03:05.35] /o touch /home/argershm/180-voltmeter/Analog/cc/simulation/integrator,tb_main_opamp,schematic/history_1/simulation/diff_mode_gain/PrimeSimSPICE/nominal/results/.unitedSimFinished
[17:03:05.36] /o touch /home/argershm/180-voltmeter/Analog/cc/simulation/integrator,tb_main_opamp,schematic/history_1/simulation/diff_mode_gain/PrimeSimSPICE/nominal/results/.unitedSimFinished
[17:03:05.41] /o New worker simulation done for nomial run finished!
[17:03:05.41] /o _simulationDoneAction done without exception!
[17:03:05.41] /o touch pilot meas done flag file: /home/argershm/180-voltmeter/Analog/cc/simulation/integrator,tb_main_opamp,schematic/history_1/simulation/diff_mode_gain/PrimeSimSPICE/nominal/results/.pw_nw_meas_done
[17:03:07.45] /o Shutdown time: Fri Sep  5 17:03:07 2025
[17:03:07.45] /o Elapsed session real time: 0.13 minutes
[17:03:07.45] /o Session terminated. Log is at /home/argershm/180-voltmeter/Analog/cc/synopsys_custom/pwdp_jobs/saeSession0_diffmodegain.SimulationSimulation_cdpl.1.1064686/logs/w1/logs/pw_worker.argershm.2025_9_5_170258_1090660.log
