[17:21:06.79] /o 
              /c                                    pw_worker™ 
              /c 
              /c                  Version X-2025.06-1 for linux64 - Jun 19, 2025
              /c                Based on Custom Infrastructure
              /c Version X-2025.06-1
              /c 
              /c                     Copyright (c) 2004 - 2025 Synopsys, Inc.
              /c    This software and the associated documentation are proprietary to Synopsys,
              /c  Inc. This software may only be used in accordance with the terms and conditions
              /c  of a written license agreement with Synopsys, Inc. All other use, reproduction,
              /c    or distribution of this software is strictly prohibited.  Licensed Products
              /c      communicate with Synopsys servers for the purpose of providing software
              /c     updates, detecting software piracy and verifying that customers are using
              /c     Licensed Products in conformity with the applicable License Key for such
              /c   Licensed Products. Synopsys will use information gathered in connection with
              /c     this process to deliver software updates and pursue software pirates and
              /c                                    infringers.
              /c 
              /c  Inclusivity & Diversity - Visit SolvNetPlus to read the "Synopsys Statement on
              /c             Inclusivity and Diversity" (Refer to article 000036315 at
              /c                         https://solvnetplus.synopsys.com)
              /c 
              /c Build  (OPT) Config 11973341 compiled on Thu Jun 19 11:23:12 2025 for CentOS64 7.3
              /c Invocation: /mnt/apps/public/COE/synopsys_apps/customcompiler/X-2025.06-1/linux64/platform/bin/custom_shell -application pw_worker -gui 0 -localDir /home/argershm/180-voltmeter/Analog/cc/synopsys_custom/pwdp_jobs/saeSession0_diffmodegain.SimulationSimulation_cdpl.0.3387431/logs/w1
              /c Execution time: Sun Sep  7 17:21:05 2025
              /c Host: claws-compute3.ece.ncsu.edu
              /c Working directory: /home/argershm/180-voltmeter/Analog/cc
              /c 
[17:21:11.17] /m Information: Registering ICV PERC package...
[17:21:11.17] /w Warning: Error: "Job group named 'PrimeWave' already exists under this parent." (IPC-100)
[17:21:11.37] /o #####New Worker job begin - Self history dir=/home/argershm/180-voltmeter/Analog/cc/simulation/integrator,tb_main_opamp,schematic
[17:21:11.57] /o source /home/argershm/180-voltmeter/Analog/cc/synopsys_custom/pwdp_jobs/saeSession0_diffmodegain.SimulationSimulation_cdpl.0.3387431/ccFile.tcl OK
[17:21:11.57] /o LibDefs : /home/argershm/180-voltmeter/Analog/cc/lib.defs
[17:21:11.74] /o new worker create session at loading state!
[17:21:11.74] /o history_1
[17:21:11.78] /m Information: Info: Waveform format selected is PSF. Synopsys recommends using the WDF format with the <HSPICE/FineSim> simulator.
              /c WDF is an optimal format that improves viewing performance and reduces disk usage while PSF is a 3rd party format and support "as-is".
              /c To change the format, open the Setup -> Environment menu and select the WDF format. (PW-642)
[17:21:11.92] /o /mnt/designkits/gf180MCU/dk_ncsu/gf180mcu_cc_0.1/Models_HSPICE
[17:21:11.93] /o Loading: Callback files...
[17:21:11.93] /o 
              /c [INFO] : Loading display.tcl from /mnt/designkits/gf180MCU/dk_ncsu/gf180mcu_cc_0.1/Models_HSPICE
              /c 
              /c  if you wish to Load other display.tcl, please set shell environment valiable "iPDK_load_display_gf180mcu" to value = 0
[17:21:11.93] /o 
[17:21:11.97] /o 	#######################################
[17:21:11.97] /o 	CC-PDK Library Name	: gf180MCU Open
[17:21:11.97] /o 	#######################################
[17:21:11.97] /o 
[17:21:12.07] /o source /home/argershm/180-voltmeter/Analog/cc/simulation/integrator,tb_main_opamp,schematic/history_1/.nw_preference_script.tcl OK!
[17:21:12.07] /o DSPF Options: {hierDelim==|}||{termDelim==:}||{fingerChar==@}||{multiplierString==_nettran_}||{aggregateCurrent==1}||{MOSTermNames==d g s b}||{MOSTermOrder==D G S B}||{MOSTermDspfNames==DRC GATE SRC BULK}||{firstChars==XM}||{probeHierDelim==/}||{caseSensitive==1}||{firstChar==M}||{hierPrefix==X}||{nodePrefix==M}||{plotTermVoltageForNet==0}||{mapNetToMosTerminal==}||{mapSlashDelimToDot==1}||{probePortCurrent==1}||{busBit==[]}||{removeNodePrefix==1}||{nlConDelim==.}||{mosModelType==auto}||{keepSchName==0}||{portCurrentAggregateTermLimit==500}
[17:21:12.07] /o _workerLoadStateAction done!
[17:21:12.09] /o _getSimulationDetails : 
[17:21:12.09] /o tbName=diff_mode_gain, Mtb=0
[17:21:12.09] /o Got stb tb ok!
[17:21:12.09] /o Self resultsDir: ./simulation
[17:21:12.09] /o Self databaseDir: /home/argershm/180-voltmeter/Analog/cc/simulation/integrator,tb_main_opamp,schematic/history_1/simulation/diff_mode_gain/PrimeSimSPICE/nominal/results
[17:21:12.15] /o Nominal run.
[17:21:12.22] /o _createResultsMap done!
[17:21:12.22] /o New worker simulation done for nomial run.
[17:21:12.22] /o >>>resultsDir=/home/argershm/180-voltmeter/Analog/cc/simulation/integrator,tb_main_opamp,schematic/history_1/simulation/diff_mode_gain/PrimeSimSPICE/nominal/results,masterResultsDir=/home/argershm/180-voltmeter/Analog/cc/simulation/integrator,tb_main_opamp,schematic/history_1/simulation/diff_mode_gain/PrimeSimSPICE/nominal/results
[17:21:12.22] /m Information: Evaluating and plotting outputs...
[17:21:12.29] /o touch /home/argershm/180-voltmeter/Analog/cc/simulation/integrator,tb_main_opamp,schematic/history_1/simulation/diff_mode_gain/PrimeSimSPICE/nominal/results/.unitedSimFinished
[17:21:12.34] /o New worker simulation done for nomial run finished!
[17:21:12.34] /o _simulationDoneAction done without exception!
[17:21:12.48] /o Process id=3389101, opened fh num=41, max fh num=1024.
[17:21:33.41] /o Shutdown time: Sun Sep  7 17:21:33 2025
[17:21:33.41] /o Elapsed session real time: 0.45 minutes
[17:21:33.41] /o Session terminated. Log is at /home/argershm/180-voltmeter/Analog/cc/synopsys_custom/pwdp_jobs/saeSession0_diffmodegain.SimulationSimulation_cdpl.0.3387431/logs/w1/logs/pw_worker.argershm.2025_9_7_172105_3389101.log
