1757103583.706184: 703792-7f5a14372540: cdpl_log.c:337: in cdpl_log_open(): info: @@start_of_log@@
1757103583.706204: 703792-7f5a14372540: cdpl_log.c:1058: in cdpl_log_dump_sysinfo(): info: time: 2025/09/05 16:19:43 EDT -0400
1757103583.706207: 703792-7f5a14372540: cdpl_log.c:1060: in cdpl_log_dump_sysinfo(): info: version: W-2024.09-SP1-2 
1757103583.706208: 703792-7f5a14372540: cdpl_log.c:1062: in cdpl_log_dump_sysinfo(): info: system: Linux 4.18.0-553.69.1.el8_10.x86_64 #1 SMP Thu Aug 7 18:10:00 EDT 2025
1757103583.706210: 703792-7f5a14372540: cdpl_log.c:1067: in cdpl_log_dump_sysinfo(): info: processor: x86_64 64-bits
1757103583.706211: 703792-7f5a14372540: cdpl_log.c:1071: in cdpl_log_dump_sysinfo(): info: hostname: claws-compute3.ece.ncsu.edu
1757103583.706213: 703792-7f5a14372540: cdpl_log.c:1073: in cdpl_log_dump_sysinfo(): info: program name: custom_shell
1757103583.706217: 703792-7f5a14372540: cdpl_log.c:340: in cdpl_log_open(): debug: path: /home/argershm/180-voltmeter/Analog/cc/synopsys_custom/pwdp_jobs/saeSession0_diffmodegain.SimulationSimulation_cdpl.0.703792/logs/master.claws-compute3.ece.ncsu.edu.703792.log
1757103583.706219: 703792-7f5a14372540: cdpl_log.c:341: in cdpl_log_open(): debug: dir: /home/argershm/180-voltmeter/Analog/cc/synopsys_custom/pwdp_jobs/saeSession0_diffmodegain.SimulationSimulation_cdpl.0.703792/logs
1757103583.706245: 703792-7f5a14372540: cdpl_server.c:536: in cdpl_sv_init(): info: new server S1299834568
1757103583.706252: 703792-7f5a14372540: cdpl_ipc.c:3475: in cdpl_ipc_init(): info: requesting IPv4 protocol
1757103583.710636: 703792-7f5a14372540: cdpl_ipc.c:837: in _selectaddrfamily(): info: selected IPv4 protocol
1757103583.710659: 703792-7f5a14372540: cdpl_ipc.c:1139: in _set_keepalive(): info: TCP keep alive interval: 300
1757103583.715084: 703792-7f5a14372540: cdpl_monitor.c:1117: in cdpl_mn_new_server(): info: creating server monitor instance
1757103583.715102: 703792-7f5a14372540: cdpl_server.c:650: in cdpl_sv_new_master(): info: new master M1
1757103583.715110: 703792-7f5a14372540: cdpl_server.c:6533: in cdpl_sv_ctl_master(): info: Setting worker heartbeat to 120 seconds
1757103583.715112: 703792-7f5a14372540: cdpl_server.c:6542: in cdpl_sv_ctl_master(): info: Setting worker heartbeat timeout to 3 heartbeats
1757103583.715114: 703792-7f5a14372540: cdpl_compat_master.c:2090: in _parse_hostfile(): info: reading hostfile `/home/argershm/180-voltmeter/Analog/cc/synopsys_custom/pwdp_jobs/saeSession0_diffmodegain.SimulationSimulation_cdpl.0.703792/host_file'
1757103583.715135: 703792-7f5a14372540: cdpl_compat_master.c:1900: in _hostfile_parser(): debug: parsing "1     |localhost|   -1  | /tmp | SH | sh"
1757103583.715148: 703792-7f5a14372540: cdpl_farm.c:2578: in cdpl_farm_new_sh(): info: creating SH farm on localhost
1757103583.715153: 703792-7f5a14372540: cdpl_compat_master.c:206: in _set_farm_env(): info: exporting CDPL_LOGDIR as `/home/argershm/180-voltmeter/Analog/cc/synopsys_custom/pwdp_jobs/saeSession0_diffmodegain.SimulationSimulation_cdpl.0.703792/logs'
1757103583.715155: 703792-7f5a14372540: cdpl_compat_master.c:212: in _set_farm_env(): info: exporting CDPL_TMPDIR as `/tmp'
1757103583.715157: 703792-7f5a14372540: cdpl_compat_master.c:235: in _set_farm_env(): info: exporting SNPSLMD_LICENSE_FILE as `27000@ece-lic-35.ece.ncsu.edu'
1757103583.715159: 703792-7f5a14372540: cdpl_compat_master.c:259: in _set_farm_env(): info: exporting CDPL_OPTIONS as `[nowlogs]'
1757103583.715160: 703792-7f5a14372540: cdpl_compat_master.c:266: in _set_farm_env(): info: exporting DISPLAY as `unix:10342'
1757103583.715162: 703792-7f5a14372540: cdpl_compat_master.c:274: in _set_farm_env(): info: exporting CDPL_HEARTBEAT as `120'
1757103583.715172: 703792-7f5a14372540: cdpl_farm.c:3149: in cdpl_farm_add_withdir(): debug: added `localhost' (capacity: unlimited)
1757103583.715173: 703792-7f5a14372540: cdpl_compat_parse.c:147: in parsefile(): debug: read `/home/argershm/180-voltmeter/Analog/cc/synopsys_custom/pwdp_jobs/saeSession0_diffmodegain.SimulationSimulation_cdpl.0.703792/host_file', 2 lines
1757103583.715175: 703792-7f5a14372540: cdpl_compat_master.c:2931: in cdplInitMaster(): info: bcast dir is `/home/argershm/180-voltmeter/Analog/cc/synopsys_custom/pwdp_jobs/saeSession0_diffmodegain.SimulationSimulation_cdpl.0.703792/logs'
1757103583.715223: 703792-7f5a14372540: cdpl_server.c:6433: in cdpl_sv_ctl_master(): info: farm worker timeout set to 300
1757103583.715225: 703792-7f5a14372540: cdpl_server.c:6486: in cdpl_sv_ctl_master(): info: maximum number of task execution attempts set to 1
1757103583.715239: 703792-7f5a14372540: cdpl_server.c:3195: in cdpl_sv_start(): debug: starting server
1757103583.715243: 703792-7f5a14372540: cdpl_ipc.c:3632: in cdpl_ipc_start(): debug: starting IPC server 152.14.98.53:41307
1757103583.715417: 703792-7f59cbfff700: cdpl_server_ipc.c:1182: in _sv_ipc_thread(): debug: ready
1757103583.715571: 703792-7f59cb7fe700: cdpl_monitor.c:426: in cdpl_mn_init_client(): info: creating client monitor instance
1757103583.715588: 703792-7f59cb7fe700: cdpl_ipc.c:3475: in cdpl_ipc_init(): info: requesting IPv4 protocol
1757103583.719665: 703792-7f59cb7fe700: cdpl_ipc.c:837: in _selectaddrfamily(): info: selected IPv4 protocol
1757103583.719688: 703792-7f59cb7fe700: cdpl_ipc.c:1139: in _set_keepalive(): info: TCP keep alive interval: 300
1757103583.724226: 703792-7f59cb7fe700: cdpl_ipc.c:3632: in cdpl_ipc_start(): debug: starting IPC server 152.14.98.53:34989
1757103583.724379: 703792-7f59cb7fe700: cdpl_monitor.c:471: in cdpl_mn_init_client(): debug: incoming messages in /tmp/cdpl-monitor-RDK6ls
1757103583.724455: 703792-7f59cb7fe700: cdpl_monitor.c:533: in cdpl_mn_connect(): debug: connecting to 152.14.98.53:41307
1757103583.724464: 703792-7f59cb7fe700: cdpl_ipc.c:3789: in cdpl_ipc_connect(): info: connecting to 152.14.98.53:41307
1757103583.724570: 703792-7f59cb7fe700: cdpl_ipc.c:3860: in cdpl_ipc_connect(): info: connected as `152.14.98.53:51278'
1757103583.724587: 703792-7f59cb7fe700: cdpl_ipc.c:2503: in cdpl_ipc_host_accept(): debug: accepted host `152.14.98.53:41307'
1757103583.724607: 703792-7f59dca11700: cdpl_ipc.c:1862: in _epoll_accept(): debug: new connection from `152.14.98.53:51278'
1757103583.724626: 703792-7f59cb7fe700: cdpl_monitor.c:579: in cdpl_mn_connect(): debug: ok
1757103583.724646: 703792-7f5a14372540: cdpl_server.c:731: in cdpl_sv_new_job(): info: new job J1 in M1
1757103583.724662: 703792-7f59cbfff700: cdpl_server_ipc.c:1225: in _sv_ipc_thread(): debug: received ACCEPT notification
1757103583.724668: 703792-7f5a14372540: cdpl_compat_master.c:1581: in _add_worker(): info: new worker type 10, min:1, max:3, cmd:`/home/argershm/180-voltmeter/Analog/cc/synopsys_custom/pwdp_jobs/saeSession0_diffmodegain.SimulationSimulation_cdpl.0.703792/START_WORKER pw_worker -i /home/argershm/180-voltmeter/Analog/cc/synopsys_custom/pwdp_jobs/
1757103583.724673: 703792-7f59cbfff700: cdpl_ipc.c:2503: in cdpl_ipc_host_accept(): debug: accepted host `152.14.98.53:51278'
1757103583.724681: 703792-7f5a14372540: cdpl_server.c:908: in cdpl_sv_new_bin_withfarm(): info: new bin B1 in J1
1757103583.724686: 703792-7f59cbfff700: cdpl_server_ipc.c:1256: in _sv_ipc_thread(): debug: received MONITOR message
1757103583.724830: 703792-7f59cbfff700: cdpl_monitor.c:1207: in cdpl_mn_accept(): debug: accepted monitor `152.14.98.53:51278'
1757103583.724834: 703792-7f59cbfff700: cdpl_server_ipc_mon.c:120: in _globalLOCK(): debug: ENTERTING GLOBAL LOCK
1757103583.724837: 703792-7f59cbfff700: cdpl_server_ipc_mon.c:164: in _globalLOCK(): debug: global lock acquired
1757103583.724847: 703792-7f59c97fa700: cdpl_monitor.c:910: in mn_systat(): debug: started
1757103583.725205: 703792-7f59c97fa700: cdpl_monitor.c:937: in mn_systat(): debug: monitor server flush rate: 5
1757103584.512623: 703792-7f59cbfff700: cdpl_server_ipc_mon.c:210: in _globalUNLOCK(): debug: LEAVING GLOBAL LOCK
1757103584.512650: 703792-7f5a14372540: cdpl_server.c:3249: in cdpl_sv_start_job(): info: starting job J1
1757103584.512670: 703792-7f5a14372540: cdpl_server.c:62: in _sv_start_bin(): debug: starting bin B1 (min: 0, max: 3)
1757103584.512784: 703792-7f59bb7fe700: cdpl_server_sched.c:2482: in _sv_scheduler_thread(): debug: scheduler for bin B1 started
1757103584.512801: 703792-7f5a14372540: cdpl_server.c:1893: in _sv_gen_task(): info: new task T0 in B1 (prio 0)
1757103584.512832: 703792-7f5a14372540: cdpl_server.c:2698: in cdpl_sv_label_task_va(): info: setting task T0 label to "PrimeSim_1|PrimeSim"
1757103584.512879: 703792-7f59bb7fe700: cdpl_server_sched.c:2443: in _scheduler_run(): debug: will start a new worker
1757103584.512915: 703792-7f59bb7fe700: cdpl_farm.c:3977: in cdpl_farm_submit(): debug: 1 running processes
1757103584.512918: 703792-7f59bb7fe700: cdpl_farm.c:3985: in cdpl_farm_submit(): debug: new command C1 in bin B1 assigned to host `localhost'
1757103584.512988: 703792-7f59bb7fe700: cdpl_server_sched.c:705: in _sv_launch_worker(): info: started worker W1 (as C1) in bin B1
1757103584.513021: 703792-7f59baffd700: cdpl_farm.c:2139: in _schedule(): debug: started
1757103584.513033: 703792-7f59baffd700: cdpl_farm.c:2303: in _schedule(): debug: submitting command C1 in bin B1
1757103584.513054: 703792-7f59baffd700: cdpl_sh.c:49: in _sh_detached_submit(): info: SH : /home/argershm/180-voltmeter/Analog/cc/synopsys_custom/pwdp_jobs/saeSession0_diffmodegain.SimulationSimulation_cdpl.0.703792/START_WORKER pw_worker -i /home/argershm/180-voltmeter/Analog/cc/synopsys_custom/pwdp_jobs/saeSession0_diffmodegain.SimulationSimulation_cdpl.0.703792 -t 10000
1757103584.518414: 703792-7f59baffd700: cdpl_farm.c:2343: in _schedule(): debug: C1 in bin B1 running on slot 0
1757103584.518448: 703792-7f59baffd700: cdpl_farm.c:2167: in _schedule(): debug: idle
1757103584.671104: 703792-7f5a14372540: cdpl_compat_master.c:5948: in cdplMasterLogInfo(): info: [non-CDPL log entry] PWDP3: reset pilot cache succeeded, pilot_key=saeSession0,1,diff_mode_gain|&/home/argershm/180-voltmeter/Analog/cc/simulation/integrator,tb_main_opamp,schematic/history_1/simulation/diff_mode_gain/PrimeSimSPICE/nominal/results
1757103584.818524: 703792-7f59baffd700: cdpl_farm.c:1193: in _onexit(): debug: C1 in bin B1 exited normally on slot 0
1757103585.623343: 703792-7f59c8ff9700: cdpl_compat_master.c:5948: in cdplMasterLogInfo(): info: [non-CDPL log entry] PWDP - no-workers started ok check start!
1757103586.299510: 703792-7f59dca11700: cdpl_ipc.c:1862: in _epoll_accept(): debug: new connection from `152.14.98.53:51294'
1757103586.299558: 703792-7f59cbfff700: cdpl_server_ipc.c:1225: in _sv_ipc_thread(): debug: received ACCEPT notification
1757103586.299575: 703792-7f59cbfff700: cdpl_ipc.c:2503: in cdpl_ipc_host_accept(): debug: accepted host `152.14.98.53:51294'
1757103586.299680: 703792-7f59cbfff700: cdpl_server_ipc.c:1246: in _sv_ipc_thread(): debug: received HELLO message
1757103586.299685: 703792-7f59cbfff700: cdpl_server_ipc.c:430: in _sv_on_hello(): debug: looking up W1
1757103586.299688: 703792-7f59cbfff700: cdpl_server_ipc.c:540: in _sv_on_hello(): info: W1 is `152.14.98.53:51294'
1757103586.299690: 703792-7f59cbfff700: cdpl_server_ipc.c:541: in _sv_on_hello(): debug: hello W1 (B1)
1757103586.299692: 703792-7f59cbfff700: cdpl_server_ipc.c:542: in _sv_on_hello(): info: W1 log file is /dev/null
1757103586.299734: 703792-7f59cbfff700: cdpl_server_ipc.c:602: in _sv_on_hello(): info: up to 1 alive workers in B1
1757103586.299742: 703792-7f59cbfff700: cdpl_farm.c:878: in _release_cmd(): debug: freeing command C1 in bin B1
1757103586.299774: 703792-7f59bb7fe700: cdpl_server_sched.c:960: in _assign(): info: assigning task T0 to worker W1
1757103586.362703: 703792-7f59cbfff700: cdpl_server_ipc.c:1268: in _sv_ipc_thread(): debug: received RELAY message
1757103586.362722: 703792-7f59cbfff700: cdpl_server_ipc.c:713: in _sv_on_relay(): debug: RELAY message from W1, size = 63
1757103586.362725: 703792-7f59cbfff700: cdpl_server_ipc.c:715: in _sv_on_relay(): debug: RELAY message from W1, content = 0$822832 claws-compute3.ece.ncsu.edu 822848 RUNNING 1757103586
1757103587.299903: 703792-7f59cbfff700: cdpl_server_ipc.c:312: in _sv_on_heartbeat(): debug: received HEARTBEAT from worker W1 at 152.14.98.53:51294
1757103588.725889: 703792-7f59cb7fe700: cdpl_monitor.c:533: in cdpl_mn_connect(): debug: connecting to 152.14.98.53:42625
1757103588.725902: 703792-7f59cb7fe700: cdpl_ipc.c:3789: in cdpl_ipc_connect(): info: connecting to 152.14.98.53:42625
1757103588.726056: 703792-7f59cb7fe700: cdpl_ipc.c:3860: in cdpl_ipc_connect(): info: connected as `152.14.98.53:47178'
1757103588.726063: 703792-7f59cb7fe700: cdpl_ipc.c:2503: in cdpl_ipc_host_accept(): debug: accepted host `152.14.98.53:42625'
1757103588.726069: 703792-7f59cb7fe700: cdpl_monitor.c:579: in cdpl_mn_connect(): debug: ok
1757103592.606038: 703792-7f59cbfff700: cdpl_server_ipc.c:1268: in _sv_ipc_thread(): debug: received RELAY message
1757103592.606052: 703792-7f59cbfff700: cdpl_server_ipc.c:713: in _sv_on_relay(): debug: RELAY message from W1, size = 50
1757103592.606055: 703792-7f59cbfff700: cdpl_server_ipc.c:715: in _sv_on_relay(): debug: RELAY message from W1, content = WORKERDU|28,/dev/mapper/rhel_claws--compute3-home
1757103592.606062: 703792-7f59cbfff700: cdpl_server_ipc.c:1268: in _sv_ipc_thread(): debug: received RELAY message
1757103592.606063: 703792-7f59cbfff700: cdpl_server_ipc.c:713: in _sv_on_relay(): debug: RELAY message from W1, size = 18
1757103592.606065: 703792-7f59cbfff700: cdpl_server_ipc.c:715: in _sv_on_relay(): debug: RELAY message from W1, content = 0$- - - MEASDOING
1757103592.842530: 703792-7f59cbfff700: cdpl_server_ipc.c:1268: in _sv_ipc_thread(): debug: received RELAY message
1757103592.842541: 703792-7f59cbfff700: cdpl_server_ipc.c:713: in _sv_on_relay(): debug: RELAY message from W1, size = 75
1757103592.842543: 703792-7f59cbfff700: cdpl_server_ipc.c:715: in _sv_on_relay(): debug: RELAY message from W1, content = 0$822832 claws-compute3.ece.ncsu.edu 822848 FAILED 1757103586|1757103592|8
1757103592.842715: 703792-7f59cbfff700: cdpl_server_ipc.c:1251: in _sv_ipc_thread(): debug: received FINISH message
1757103592.842721: 703792-7f59cbfff700: cdpl_server_ipc.c:983: in _sv_on_finish(): info: worker W1 completed task T0
1757103592.842723: 703792-7f59cbfff700: cdpl_server_ipc.c:988: in _sv_on_finish(): debug: stat T0: utime=3468 stime=1845
1757103592.842725: 703792-7f59cbfff700: cdpl_server_ipc.c:993: in _sv_on_finish(): debug: statm T0: vsize=3054792 rss=1038456 shared=517480 text=474784 data=709912
1757103592.847427: 703792-7f59cbfff700: cdpl_server_ipc.c:1268: in _sv_ipc_thread(): debug: received RELAY message
1757103592.847435: 703792-7f59cbfff700: cdpl_server_ipc.c:713: in _sv_on_relay(): debug: RELAY message from W1, size = 49
1757103592.847438: 703792-7f59cbfff700: cdpl_server_ipc.c:715: in _sv_on_relay(): debug: RELAY message from W1, content = WORKERDU|4,/dev/mapper/rhel_claws--compute3-home
1757103592.871651: 703792-7f5a14372540: cdpl_server.c:227: in _sv_free_task_safe(): debug: freeing task T0
1757103612.848416: 703792-7f59caffd700: cdpl_ipc.c:775: in _readv(): warning: read(): EOF
1757103612.848451: 703792-7f59dca11700: cdpl_ipc.c:775: in _readv(): warning: read(): EOF
1757103612.848469: 703792-7f59caffd700: cdpl_ipc.c:2100: in _epoll_recv(): debug: _readv(): Broken pipe
1757103612.848473: 703792-7f59caffd700: cdpl_ipc.c:2424: in _epoll_main(): debug: _epoll_recv(): Broken pipe
1757103612.848478: 703792-7f59dca11700: cdpl_ipc.c:2100: in _epoll_recv(): debug: _readv(): Broken pipe
1757103612.848484: 703792-7f59dca11700: cdpl_ipc.c:2424: in _epoll_main(): debug: _epoll_recv(): Broken pipe
1757103612.848486: 703792-7f59caffd700: cdpl_ipc.c:1657: in _host_drop__UNSAFE(): debug: dropping host `152.14.98.53:42625'
1757103612.848489: 703792-7f59dca11700: cdpl_ipc.c:1657: in _host_drop__UNSAFE(): debug: dropping host `152.14.98.53:51294'
1757103612.848537: 703792-7f59ca7fc700: cdpl_monitor.c:290: in mn_listen(): debug: received DROP message
1757103612.848585: 703792-7f59ca7fc700: cdpl_ipc.c:2513: in cdpl_ipc_host_release(): debug: releasing host `152.14.98.53:42625'
1757103612.848678: 703792-7f59cbfff700: cdpl_server_ipc.c:1236: in _sv_ipc_thread(): debug: received DROP notification
1757103612.848717: 703792-7f59cbfff700: cdpl_server_sched.c:2796: in _sv_record_crashed_worker(): debug: dropping worker W1
1757103612.848726: 703792-7f59cbfff700: cdpl_server_ipc.c:188: in _sv_on_drop_worker(): debug: down to 0 live workers in B1
1757103612.848748: 703792-7f59bb7fe700: cdpl_server_sched.c:750: in _empty_trash(): debug: freeing worker W1 while emptying trash list for bin B1
1757103612.848762: 703792-7f59bb7fe700: cdpl_farm.c:4152: in cdpl_farm_dismiss(): debug: down to 0 running processes
1757103612.848772: 703792-7f59bb7fe700: cdpl_server_sched.c:121: in _free_worker_2(): debug: freeing worker W1
1757103612.848781: 703792-7f59bb7fe700: cdpl_ipc.c:2513: in cdpl_ipc_host_release(): debug: releasing host `152.14.98.53:51294'
1757103612.848783: 703792-7f59bb7fe700: cdpl_ipc.c:2529: in cdpl_ipc_host_release(): debug: scheduling for immediate release
1757103613.726054: 703792-7f59dca11700: cdpl_ipc.c:1582: in _host_free__UNSAFE(): debug: freeing host `152.14.98.53:51294'
1757103613.726072: 703792-7f59dca11700: cdpl_ipc.c:1621: in _host_free__UNSAFE(): debug: [0 outq, 0 spR, 0 spW]
1757103613.726077: 703792-7f59caffd700: cdpl_ipc.c:1582: in _host_free__UNSAFE(): debug: freeing host `152.14.98.53:42625'
1757103613.726093: 703792-7f59caffd700: cdpl_ipc.c:1621: in _host_free__UNSAFE(): debug: [0 outq, 0 spR, 0 spW]
1757103644.818708: 703792-7f59baffd700: cdpl_farm.c:2173: in _schedule(): debug: idle
1757103653.372278: 703792-7f59c9ffb700: cdpl_compat_master.c:5971: in cdplMasterLogWarning(): warning: [non-CDPL log entry] PWDP: master does not receive message over 60 seconds!
1757103704.818886: 703792-7f59baffd700: cdpl_farm.c:2173: in _schedule(): debug: idle
1757103705.478648: 703792-7f59c9ffb700: cdpl_compat_master.c:5948: in cdplMasterLogInfo(): info: [non-CDPL log entry] PWDP: message receiver is alive.
1757103706.233379: 703792-7f59c8ff9700: cdpl_compat_master.c:5948: in cdplMasterLogInfo(): info: [non-CDPL log entry] PWDP: master status watchdog is alive.
1757103713.860539: 703792-7f59c9ffb700: cdpl_compat_master.c:5971: in cdplMasterLogWarning(): warning: [non-CDPL log entry] PWDP: master does not receive message over 60 seconds!
1757103764.819038: 703792-7f59baffd700: cdpl_farm.c:2173: in _schedule(): debug: idle
1757103774.312073: 703792-7f59c9ffb700: cdpl_compat_master.c:5971: in cdplMasterLogWarning(): warning: [non-CDPL log entry] PWDP: master does not receive message over 60 seconds!
1757103793.239914: 703792-7f5a14372540: cdpl_server.c:3008: in cdpl_sv_halt_job_errno(): info: killing job J1
1757103793.239937: 703792-7f5a14372540: cdpl_server.c:3044: in cdpl_sv_halt_job_errno(): debug: signal bin B1 scheduler to stop
1757103793.239954: 703792-7f59bb7fe700: cdpl_server_sched.c:2484: in _sv_scheduler_thread(): debug: scheduler for bin B1 stopped
1757103793.239974: 703792-7f5a14372540: cdpl_server.c:294: in _sv_free_job(): info: freeing job J1
1757103793.239977: 703792-7f5a14372540: cdpl_server.c:92: in _sv_free_bin(): debug: freeing bin B1
1757103793.239983: 703792-7f5a14372540: cdpl_monitor.c:515: in cdpl_mn_kill(): info: killing monitor
1757103793.239985: 703792-7f5a14372540: cdpl_ipc.c:3677: in cdpl_ipc_kill(): debug: stopping event server
1757103793.240018: 703792-7f59dca11700: cdpl_ipc.c:775: in _readv(): warning: read(): EOF
1757103793.240035: 703792-7f59dca11700: cdpl_ipc.c:2100: in _epoll_recv(): debug: _readv(): Broken pipe
1757103793.240038: 703792-7f59dca11700: cdpl_ipc.c:2424: in _epoll_main(): debug: _epoll_recv(): Broken pipe
1757103793.240042: 703792-7f59dca11700: cdpl_ipc.c:1657: in _host_drop__UNSAFE(): debug: dropping host `152.14.98.53:51278'
1757103793.240423: 703792-7f59caffd700: cdpl_ipc.c:2386: in _epoll_main(): warning: received EPOLLERR/EPOLLHUP
1757103793.240435: 703792-7f59cbfff700: cdpl_server_ipc.c:1236: in _sv_ipc_thread(): debug: received DROP notification
1757103793.240445: 703792-7f59cbfff700: cdpl_monitor.c:1269: in cdpl_mn_drop(): debug: detaching from monitor `152.14.98.53:51278'
1757103793.240451: 703792-7f59caffd700: cdpl_ipc.c:2320: in _check_socket_error(): info: TCP_KEEPIDLE=7200 seconds TCP_KEEPINTVL=75 seconds TCP_KEEPCNT=9
1757103793.240462: 703792-7f59caffd700: cdpl_ipc.c:1657: in _host_drop__UNSAFE(): debug: dropping host `152.14.98.53:41307'
1757103793.240464: 703792-7f59cbfff700: cdpl_monitor.c:1101: in mn_systat_stop(): debug: joining systat thread
1757103793.240482: 703792-7f59caffd700: cdpl_ipc.c:2460: in _epoll_main(): debug: server going down...
1757103793.240487: 703792-7f59c97fa700: cdpl_monitor.c:1079: in mn_systat(): debug: exiting
1757103793.240498: 703792-7f59cbfff700: cdpl_monitor.c:1103: in mn_systat_stop(): debug: systat thread done
1757103793.240501: 703792-7f59cbfff700: cdpl_ipc.c:2513: in cdpl_ipc_host_release(): debug: releasing host `152.14.98.53:51278'
1757103793.240599: 703792-7f59cb7fe700: cdpl_ipc.c:3728: in cdpl_ipc_free(): debug: releasing IPC handle
1757103793.240611: 703792-7f59cb7fe700: cdpl_ipc.c:1582: in _host_free__UNSAFE(): debug: freeing host `152.14.98.53:41307'
1757103793.240613: 703792-7f59cb7fe700: cdpl_ipc.c:1621: in _host_free__UNSAFE(): debug: [0 outq, 0 spR, 0 spW]
1757103793.240615: 703792-7f59cb7fe700: cdpl_ipc.c:3756: in cdpl_ipc_free(): warning: 1 host(s) were not released
1757103793.240630: 703792-7f59cb7fe700: cdpl_ipc.c:3767: in cdpl_ipc_free(): debug: done
1757103793.240632: 703792-7f59cb7fe700: cdpl_monitor.c:1390: in cdpl_mn_free(): debug: freeing monitor client
1757103793.240697: 703792-7f5a14372540: cdpl_farm.c:2740: in cdpl_farm_free(): info: freeing farm
1757103793.240722: 703792-7f59baffd700: cdpl_farm.c:2231: in _schedule(): debug: end of idling
1757103793.240728: 703792-7f59baffd700: cdpl_farm.c:2235: in _schedule(): debug: dying
1757103793.240766: 703792-7f5a14372540: cdpl_farm.c:913: in _killall(): debug: killing all remaining commands
1757103793.240771: 703792-7f5a14372540: cdpl_server.c:3144: in cdpl_sv_free(): info: freeing server S1299834568
1757103793.240774: 703792-7f5a14372540: cdpl_server.c:3109: in cdpl_sv_kill_errno(): info: killing server
1757103793.240775: 703792-7f5a14372540: cdpl_ipc.c:3677: in cdpl_ipc_kill(): debug: stopping event server
1757103793.240787: 703792-7f59dca11700: cdpl_ipc.c:2460: in _epoll_main(): debug: server going down...
1757103793.240796: 703792-7f59cbfff700: cdpl_server_ipc.c:1200: in _sv_ipc_thread(): debug: leaving now
1757103793.240808: 703792-7f5a14372540: cdpl_server.c:334: in _sv_free_master(): info: freeing master M1
1757103793.240810: 703792-7f5a14372540: cdpl_hash.c:68: in cdpl_h_destroy(): debug: put operations: 1
1757103793.240813: 703792-7f5a14372540: cdpl_hash.c:69: in cdpl_h_destroy(): debug: put collisions: 0
1757103793.240815: 703792-7f5a14372540: cdpl_hash.c:70: in cdpl_h_destroy(): debug: get operations: 0
1757103793.240816: 703792-7f5a14372540: cdpl_hash.c:71: in cdpl_h_destroy(): debug: get iterations: 0
1757103793.240820: 703792-7f5a14372540: cdpl_monitor.c:1390: in cdpl_mn_free(): debug: freeing monitor server
1757103793.240823: 703792-7f5a14372540: cdpl_ipc.c:3728: in cdpl_ipc_free(): debug: releasing IPC handle
1757103793.240824: 703792-7f5a14372540: cdpl_ipc.c:1582: in _host_free__UNSAFE(): debug: freeing host `152.14.98.53:51278'
1757103793.240826: 703792-7f5a14372540: cdpl_ipc.c:1621: in _host_free__UNSAFE(): debug: [0 outq, 0 spR, 0 spW]
1757103793.240882: 703792-7f5a14372540: cdpl_ipc.c:3767: in cdpl_ipc_free(): debug: done
1757103793.240884: 703792-7f5a14372540: cdpl_log.c:481: in cdpl_log_close(): info: @@end_of_log@@
