1757195791.460885: 2725337-7f33d558c540: cdpl_log.c:337: in cdpl_log_open(): info: @@start_of_log@@
1757195791.460894: 2725337-7f33d558c540: cdpl_log.c:1058: in cdpl_log_dump_sysinfo(): info: time: 2025/09/06 17:56:31 EDT -0400
1757195791.460896: 2725337-7f33d558c540: cdpl_log.c:1060: in cdpl_log_dump_sysinfo(): info: version: W-2024.09-SP1-2 
1757195791.460897: 2725337-7f33d558c540: cdpl_log.c:1062: in cdpl_log_dump_sysinfo(): info: system: Linux 4.18.0-553.69.1.el8_10.x86_64 #1 SMP Thu Aug 7 18:10:00 EDT 2025
1757195791.460899: 2725337-7f33d558c540: cdpl_log.c:1067: in cdpl_log_dump_sysinfo(): info: processor: x86_64 64-bits
1757195791.460900: 2725337-7f33d558c540: cdpl_log.c:1071: in cdpl_log_dump_sysinfo(): info: hostname: claws-compute3.ece.ncsu.edu
1757195791.460902: 2725337-7f33d558c540: cdpl_log.c:1073: in cdpl_log_dump_sysinfo(): info: program name: custom_shell
1757195791.460904: 2725337-7f33d558c540: cdpl_log.c:340: in cdpl_log_open(): debug: path: /home/argershm/180-voltmeter/Analog/cc/synopsys_custom/pwdp_jobs/saeSession4_diffmodegain.SimulationSimulation_cdpl.3.2725337/logs/master.claws-compute3.ece.ncsu.edu.2725337.log
1757195791.460906: 2725337-7f33d558c540: cdpl_log.c:341: in cdpl_log_open(): debug: dir: /home/argershm/180-voltmeter/Analog/cc/synopsys_custom/pwdp_jobs/saeSession4_diffmodegain.SimulationSimulation_cdpl.3.2725337/logs
1757195791.460910: 2725337-7f33d558c540: cdpl_server.c:536: in cdpl_sv_init(): info: new server S80071663
1757195791.460913: 2725337-7f33d558c540: cdpl_ipc.c:3475: in cdpl_ipc_init(): info: requesting IPv4 protocol
1757195791.464615: 2725337-7f33d558c540: cdpl_ipc.c:837: in _selectaddrfamily(): info: selected IPv4 protocol
1757195791.464631: 2725337-7f33d558c540: cdpl_ipc.c:1139: in _set_keepalive(): info: TCP keep alive interval: 300
1757195791.467809: 2725337-7f33d558c540: cdpl_monitor.c:1117: in cdpl_mn_new_server(): info: creating server monitor instance
1757195791.467813: 2725337-7f33d558c540: cdpl_server.c:650: in cdpl_sv_new_master(): info: new master M1
1757195791.467818: 2725337-7f33d558c540: cdpl_server.c:6533: in cdpl_sv_ctl_master(): info: Setting worker heartbeat to 120 seconds
1757195791.467819: 2725337-7f33d558c540: cdpl_server.c:6542: in cdpl_sv_ctl_master(): info: Setting worker heartbeat timeout to 3 heartbeats
1757195791.467821: 2725337-7f33d558c540: cdpl_compat_master.c:2090: in _parse_hostfile(): info: reading hostfile `/home/argershm/180-voltmeter/Analog/cc/synopsys_custom/pwdp_jobs/saeSession4_diffmodegain.SimulationSimulation_cdpl.3.2725337/host_file'
1757195791.467831: 2725337-7f33d558c540: cdpl_compat_master.c:1900: in _hostfile_parser(): debug: parsing "1     |localhost|   -1  | /tmp | SH | sh"
1757195791.467834: 2725337-7f33d558c540: cdpl_farm.c:2578: in cdpl_farm_new_sh(): info: creating SH farm on localhost
1757195791.467838: 2725337-7f33d558c540: cdpl_compat_master.c:206: in _set_farm_env(): info: exporting CDPL_LOGDIR as `/home/argershm/180-voltmeter/Analog/cc/synopsys_custom/pwdp_jobs/saeSession4_diffmodegain.SimulationSimulation_cdpl.3.2725337/logs'
1757195791.467839: 2725337-7f33d558c540: cdpl_compat_master.c:212: in _set_farm_env(): info: exporting CDPL_TMPDIR as `/tmp'
1757195791.467841: 2725337-7f33d558c540: cdpl_compat_master.c:235: in _set_farm_env(): info: exporting SNPSLMD_LICENSE_FILE as `27000@ece-lic-35.ece.ncsu.edu'
1757195791.467843: 2725337-7f33d558c540: cdpl_compat_master.c:259: in _set_farm_env(): info: exporting CDPL_OPTIONS as `[nowlogs]'
1757195791.467845: 2725337-7f33d558c540: cdpl_compat_master.c:266: in _set_farm_env(): info: exporting DISPLAY as `unix:11459'
1757195791.467846: 2725337-7f33d558c540: cdpl_compat_master.c:274: in _set_farm_env(): info: exporting CDPL_HEARTBEAT as `120'
1757195791.467849: 2725337-7f33d558c540: cdpl_farm.c:3149: in cdpl_farm_add_withdir(): debug: added `localhost' (capacity: unlimited)
1757195791.467851: 2725337-7f33d558c540: cdpl_compat_parse.c:147: in parsefile(): debug: read `/home/argershm/180-voltmeter/Analog/cc/synopsys_custom/pwdp_jobs/saeSession4_diffmodegain.SimulationSimulation_cdpl.3.2725337/host_file', 2 lines
1757195791.467856: 2725337-7f33d558c540: cdpl_compat_master.c:2931: in cdplInitMaster(): info: bcast dir is `/home/argershm/180-voltmeter/Analog/cc/synopsys_custom/pwdp_jobs/saeSession4_diffmodegain.SimulationSimulation_cdpl.3.2725337/logs'
1757195791.467884: 2725337-7f33d558c540: cdpl_server.c:6433: in cdpl_sv_ctl_master(): info: farm worker timeout set to 300
1757195791.467886: 2725337-7f33d558c540: cdpl_server.c:6486: in cdpl_sv_ctl_master(): info: maximum number of task execution attempts set to 1
1757195791.467889: 2725337-7f33d558c540: cdpl_server.c:3195: in cdpl_sv_start(): debug: starting server
1757195791.467891: 2725337-7f33d558c540: cdpl_ipc.c:3632: in cdpl_ipc_start(): debug: starting IPC server 152.14.98.53:40887
1757195791.468001: 2725337-7f3399c28700: cdpl_server_ipc.c:1182: in _sv_ipc_thread(): debug: ready
1757195791.468093: 2725337-7f33897fa700: cdpl_monitor.c:426: in cdpl_mn_init_client(): info: creating client monitor instance
1757195791.468106: 2725337-7f33897fa700: cdpl_ipc.c:3475: in cdpl_ipc_init(): info: requesting IPv4 protocol
1757195791.472440: 2725337-7f33897fa700: cdpl_ipc.c:837: in _selectaddrfamily(): info: selected IPv4 protocol
1757195791.472463: 2725337-7f33897fa700: cdpl_ipc.c:1139: in _set_keepalive(): info: TCP keep alive interval: 300
1757195791.475272: 2725337-7f33897fa700: cdpl_ipc.c:3632: in cdpl_ipc_start(): debug: starting IPC server 152.14.98.53:42047
1757195791.475369: 2725337-7f33897fa700: cdpl_monitor.c:471: in cdpl_mn_init_client(): debug: incoming messages in /tmp/cdpl-monitor-OFNL2d
1757195791.475439: 2725337-7f33897fa700: cdpl_monitor.c:533: in cdpl_mn_connect(): debug: connecting to 152.14.98.53:40887
1757195791.475442: 2725337-7f33897fa700: cdpl_ipc.c:3789: in cdpl_ipc_connect(): info: connecting to 152.14.98.53:40887
1757195791.475493: 2725337-7f33897fa700: cdpl_ipc.c:3860: in cdpl_ipc_connect(): info: connected as `152.14.98.53:33806'
1757195791.475497: 2725337-7f33897fa700: cdpl_ipc.c:2503: in cdpl_ipc_host_accept(): debug: accepted host `152.14.98.53:40887'
1757195791.475501: 2725337-7f33897fa700: cdpl_monitor.c:579: in cdpl_mn_connect(): debug: ok
1757195791.475510: 2725337-7f33d558c540: cdpl_server.c:731: in cdpl_sv_new_job(): info: new job J1 in M1
1757195791.475518: 2725337-7f3399427700: cdpl_ipc.c:1862: in _epoll_accept(): debug: new connection from `152.14.98.53:33806'
1757195791.475530: 2725337-7f33d558c540: cdpl_compat_master.c:1581: in _add_worker(): info: new worker type 10, min:1, max:3, cmd:`/home/argershm/180-voltmeter/Analog/cc/synopsys_custom/pwdp_jobs/saeSession4_diffmodegain.SimulationSimulation_cdpl.3.2725337/START_WORKER pw_worker -i /home/argershm/180-voltmeter/Analog/cc/synopsys_custom/pwdp_jobs
1757195791.475535: 2725337-7f33d558c540: cdpl_server.c:908: in cdpl_sv_new_bin_withfarm(): info: new bin B1 in J1
1757195791.475550: 2725337-7f3399c28700: cdpl_server_ipc.c:1225: in _sv_ipc_thread(): debug: received ACCEPT notification
1757195791.475561: 2725337-7f3399c28700: cdpl_ipc.c:2503: in cdpl_ipc_host_accept(): debug: accepted host `152.14.98.53:33806'
1757195791.475571: 2725337-7f3399c28700: cdpl_server_ipc.c:1256: in _sv_ipc_thread(): debug: received MONITOR message
1757195791.475697: 2725337-7f3399c28700: cdpl_monitor.c:1207: in cdpl_mn_accept(): debug: accepted monitor `152.14.98.53:33806'
1757195791.475701: 2725337-7f3399c28700: cdpl_server_ipc_mon.c:120: in _globalLOCK(): debug: ENTERTING GLOBAL LOCK
1757195791.475703: 2725337-7f3399c28700: cdpl_server_ipc_mon.c:164: in _globalLOCK(): debug: global lock acquired
1757195791.475707: 2725337-7f338b7fe700: cdpl_monitor.c:910: in mn_systat(): debug: started
1757195791.475927: 2725337-7f338b7fe700: cdpl_monitor.c:937: in mn_systat(): debug: monitor server flush rate: 5
1757195792.282284: 2725337-7f3399c28700: cdpl_server_ipc_mon.c:210: in _globalUNLOCK(): debug: LEAVING GLOBAL LOCK
1757195792.282308: 2725337-7f33d558c540: cdpl_server.c:3249: in cdpl_sv_start_job(): info: starting job J1
1757195792.282333: 2725337-7f33d558c540: cdpl_server.c:62: in _sv_start_bin(): debug: starting bin B1 (min: 0, max: 3)
1757195792.282508: 2725337-7f3389ffb700: cdpl_server_sched.c:2482: in _sv_scheduler_thread(): debug: scheduler for bin B1 started
1757195792.282523: 2725337-7f33d558c540: cdpl_server.c:1893: in _sv_gen_task(): info: new task T0 in B1 (prio 0)
1757195792.282531: 2725337-7f33d558c540: cdpl_server.c:2698: in cdpl_sv_label_task_va(): info: setting task T0 label to "PrimeSim_4|PrimeSim"
1757195792.282540: 2725337-7f3389ffb700: cdpl_server_sched.c:2443: in _scheduler_run(): debug: will start a new worker
1757195792.282550: 2725337-7f3389ffb700: cdpl_farm.c:3977: in cdpl_farm_submit(): debug: 1 running processes
1757195792.282553: 2725337-7f3389ffb700: cdpl_farm.c:3985: in cdpl_farm_submit(): debug: new command C1 in bin B1 assigned to host `localhost'
1757195792.282660: 2725337-7f3389ffb700: cdpl_server_sched.c:705: in _sv_launch_worker(): info: started worker W1 (as C1) in bin B1
1757195792.282680: 2725337-7f336bfff700: cdpl_farm.c:2139: in _schedule(): debug: started
1757195792.282686: 2725337-7f336bfff700: cdpl_farm.c:2303: in _schedule(): debug: submitting command C1 in bin B1
1757195792.282689: 2725337-7f336bfff700: cdpl_sh.c:49: in _sh_detached_submit(): info: SH : /home/argershm/180-voltmeter/Analog/cc/synopsys_custom/pwdp_jobs/saeSession4_diffmodegain.SimulationSimulation_cdpl.3.2725337/START_WORKER pw_worker -i /home/argershm/180-voltmeter/Analog/cc/synopsys_custom/pwdp_jobs/saeSession4_diffmodegain.SimulationSimulation_cdpl.3.2725337 -t 10000
1757195792.290667: 2725337-7f336bfff700: cdpl_farm.c:2343: in _schedule(): debug: C1 in bin B1 running on slot 0
1757195792.290694: 2725337-7f336bfff700: cdpl_farm.c:2167: in _schedule(): debug: idle
1757195792.302895: 2725337-7f33d558c540: cdpl_compat_master.c:5948: in cdplMasterLogInfo(): info: [non-CDPL log entry] PWDP3: reset pilot cache succeeded, pilot_key=saeSession4,1,diff_mode_gain|&/home/argershm/180-voltmeter/Analog/cc/simulation/integrator,tb_main_opamp,schematic/history_1/simulation/diff_mode_gain/PrimeSimSPICE/nominal/results
1757195792.590760: 2725337-7f336bfff700: cdpl_farm.c:1193: in _onexit(): debug: C1 in bin B1 exited normally on slot 0
1757195793.396146: 2725337-7f338affd700: cdpl_compat_master.c:5948: in cdplMasterLogInfo(): info: [non-CDPL log entry] PWDP - no-workers started ok check start!
1757195794.099874: 2725337-7f3399427700: cdpl_ipc.c:1862: in _epoll_accept(): debug: new connection from `152.14.98.53:33820'
1757195794.099920: 2725337-7f3399c28700: cdpl_server_ipc.c:1225: in _sv_ipc_thread(): debug: received ACCEPT notification
1757195794.099935: 2725337-7f3399c28700: cdpl_ipc.c:2503: in cdpl_ipc_host_accept(): debug: accepted host `152.14.98.53:33820'
1757195794.100038: 2725337-7f3399c28700: cdpl_server_ipc.c:1246: in _sv_ipc_thread(): debug: received HELLO message
1757195794.100048: 2725337-7f3399c28700: cdpl_server_ipc.c:430: in _sv_on_hello(): debug: looking up W1
1757195794.100051: 2725337-7f3399c28700: cdpl_server_ipc.c:540: in _sv_on_hello(): info: W1 is `152.14.98.53:33820'
1757195794.100053: 2725337-7f3399c28700: cdpl_server_ipc.c:541: in _sv_on_hello(): debug: hello W1 (B1)
1757195794.100055: 2725337-7f3399c28700: cdpl_server_ipc.c:542: in _sv_on_hello(): info: W1 log file is /dev/null
1757195794.100071: 2725337-7f3399c28700: cdpl_server_ipc.c:602: in _sv_on_hello(): info: up to 1 alive workers in B1
1757195794.100076: 2725337-7f3399c28700: cdpl_farm.c:878: in _release_cmd(): debug: freeing command C1 in bin B1
1757195794.100113: 2725337-7f3389ffb700: cdpl_server_sched.c:960: in _assign(): info: assigning task T0 to worker W1
1757195794.163719: 2725337-7f3399c28700: cdpl_server_ipc.c:1268: in _sv_ipc_thread(): debug: received RELAY message
1757195794.163728: 2725337-7f3399c28700: cdpl_server_ipc.c:713: in _sv_on_relay(): debug: RELAY message from W1, size = 65
1757195794.163730: 2725337-7f3399c28700: cdpl_server_ipc.c:715: in _sv_on_relay(): debug: RELAY message from W1, content = 0$2758559 claws-compute3.ece.ncsu.edu 2758576 RUNNING 1757195794
1757195795.100275: 2725337-7f3399c28700: cdpl_server_ipc.c:312: in _sv_on_heartbeat(): debug: received HEARTBEAT from worker W1 at 152.14.98.53:33820
1757195796.476543: 2725337-7f33897fa700: cdpl_monitor.c:533: in cdpl_mn_connect(): debug: connecting to 152.14.98.53:34771
1757195796.476557: 2725337-7f33897fa700: cdpl_ipc.c:3789: in cdpl_ipc_connect(): info: connecting to 152.14.98.53:34771
1757195796.476704: 2725337-7f33897fa700: cdpl_ipc.c:3860: in cdpl_ipc_connect(): info: connected as `152.14.98.53:57700'
1757195796.476713: 2725337-7f33897fa700: cdpl_ipc.c:2503: in cdpl_ipc_host_accept(): debug: accepted host `152.14.98.53:34771'
1757195796.476718: 2725337-7f33897fa700: cdpl_monitor.c:579: in cdpl_mn_connect(): debug: ok
1757195800.631603: 2725337-7f3399c28700: cdpl_server_ipc.c:1268: in _sv_ipc_thread(): debug: received RELAY message
1757195800.631619: 2725337-7f3399c28700: cdpl_server_ipc.c:713: in _sv_on_relay(): debug: RELAY message from W1, size = 52
1757195800.631621: 2725337-7f3399c28700: cdpl_server_ipc.c:715: in _sv_on_relay(): debug: RELAY message from W1, content = WORKERDU|8388,/dev/mapper/rhel_claws--compute3-home
1757195800.631627: 2725337-7f3399c28700: cdpl_server_ipc.c:1268: in _sv_ipc_thread(): debug: received RELAY message
1757195800.631629: 2725337-7f3399c28700: cdpl_server_ipc.c:713: in _sv_on_relay(): debug: RELAY message from W1, size = 193
1757195800.631630: 2725337-7f3399c28700: cdpl_server_ipc.c:715: in _sv_on_relay(): debug: RELAY message from W1, content = REQPILOT|saeSession4,1,diff_mode_gain|&/home/argershm/180-voltmeter/Analog/cc/simulation/integrator,tb_main_opamp,schematic/history_1/simulation/diff_mode_gain/PrimeSimSPICE/nominal/results|&0
1757195800.631652: 2725337-7f338bfff700: cdpl_compat_master.c:5948: in cdplMasterLogInfo(): info: [non-CDPL log entry] PWDP send back 'DOPILOT' to worker id:1 key: saeSession4,1,diff_mode_gain|&/home/argershm/180-voltmeter/Analog/cc/simulation/integrator,tb_main_opamp,schematic/history_1/simulation/diff_mode_gain/PrimeSimSPICE/nominal/results
1757195800.631775: 2725337-7f338bfff700: cdpl_compat_master.c:5948: in cdplMasterLogInfo(): info: [non-CDPL log entry] PWDP: set pilot doing!
1757195800.635096: 2725337-7f3399c28700: cdpl_server_ipc.c:1268: in _sv_ipc_thread(): debug: received RELAY message
1757195800.635104: 2725337-7f3399c28700: cdpl_server_ipc.c:713: in _sv_on_relay(): debug: RELAY message from W1, size = 189
1757195800.635107: 2725337-7f3399c28700: cdpl_server_ipc.c:715: in _sv_on_relay(): debug: RELAY message from W1, content = PILOTOK|saeSession4,1,diff_mode_gain|&/home/argershm/180-voltmeter/Analog/cc/simulation/integrator,tb_main_opamp,schematic/history_1/simulation/diff_mode_gain/PrimeSimSPICE/nominal/results
1757195800.635116: 2725337-7f338bfff700: cdpl_compat_master.c:5948: in cdplMasterLogInfo(): info: [non-CDPL log entry] PWDP: set pilot done!
1757195800.635197: 2725337-7f3399c28700: cdpl_server_ipc.c:1268: in _sv_ipc_thread(): debug: received RELAY message
1757195800.635203: 2725337-7f3399c28700: cdpl_server_ipc.c:713: in _sv_on_relay(): debug: RELAY message from W1, size = 18
1757195800.635205: 2725337-7f3399c28700: cdpl_server_ipc.c:715: in _sv_on_relay(): debug: RELAY message from W1, content = 0$- - - MEASDOING
1757195800.898786: 2725337-7f3399c28700: cdpl_server_ipc.c:1268: in _sv_ipc_thread(): debug: received RELAY message
1757195800.898797: 2725337-7f3399c28700: cdpl_server_ipc.c:713: in _sv_on_relay(): debug: RELAY message from W1, size = 77
1757195800.898800: 2725337-7f3399c28700: cdpl_server_ipc.c:715: in _sv_on_relay(): debug: RELAY message from W1, content = 0$2758559 claws-compute3.ece.ncsu.edu 2758576 FINISHED 1757195794|1757195800
1757195800.900321: 2725337-7f3399c28700: cdpl_server_ipc.c:1268: in _sv_ipc_thread(): debug: received RELAY message
1757195800.900329: 2725337-7f3399c28700: cdpl_server_ipc.c:713: in _sv_on_relay(): debug: RELAY message from W1, size = 191
1757195800.900331: 2725337-7f3399c28700: cdpl_server_ipc.c:715: in _sv_on_relay(): debug: RELAY message from W1, content = PILOTDONE|saeSession4,1,diff_mode_gain|&/home/argershm/180-voltmeter/Analog/cc/simulation/integrator,tb_main_opamp,schematic/history_1/simulation/diff_mode_gain/PrimeSimSPICE/nominal/results
1757195800.900350: 2725337-7f338bfff700: cdpl_compat_master.c:5948: in cdplMasterLogInfo(): info: [non-CDPL log entry] saeSession4,1,diff_mode_gain|&/home/argershm/180-voltmeter/Analog/cc/simulation/integrator,tb_main_opamp,schematic/history_1/simulation/diff_mode_gain/PrimeSimSPICE/nominal/results PILOTDONE!
1757195800.900545: 2725337-7f3399c28700: cdpl_server_ipc.c:1251: in _sv_ipc_thread(): debug: received FINISH message
1757195800.900552: 2725337-7f3399c28700: cdpl_server_ipc.c:983: in _sv_on_finish(): info: worker W1 completed task T0
1757195800.900554: 2725337-7f3399c28700: cdpl_server_ipc.c:988: in _sv_on_finish(): debug: stat T0: utime=3716 stime=1825
1757195800.900556: 2725337-7f3399c28700: cdpl_server_ipc.c:993: in _sv_on_finish(): debug: statm T0: vsize=3054940 rss=1040012 shared=518932 text=474784 data=710160
1757195800.905577: 2725337-7f3399c28700: cdpl_server_ipc.c:1268: in _sv_ipc_thread(): debug: received RELAY message
1757195800.905583: 2725337-7f3399c28700: cdpl_server_ipc.c:713: in _sv_on_relay(): debug: RELAY message from W1, size = 50
1757195800.905586: 2725337-7f3399c28700: cdpl_server_ipc.c:715: in _sv_on_relay(): debug: RELAY message from W1, content = WORKERDU|28,/dev/mapper/rhel_claws--compute3-home
1757195800.971941: 2725337-7f33d558c540: cdpl_server.c:227: in _sv_free_task_safe(): debug: freeing task T0
1757195801.997139: 2725337-7f33d558c540: cdpl_server.c:3008: in cdpl_sv_halt_job_errno(): info: killing job J1
1757195801.997157: 2725337-7f33d558c540: cdpl_server.c:3044: in cdpl_sv_halt_job_errno(): debug: signal bin B1 scheduler to stop
1757195801.997180: 2725337-7f3389ffb700: cdpl_server_sched.c:2484: in _sv_scheduler_thread(): debug: scheduler for bin B1 stopped
1757195801.997194: 2725337-7f3389ffb700: cdpl_ipc.c:1657: in _host_drop__UNSAFE(): debug: dropping host `152.14.98.53:33820'
1757195801.997228: 2725337-7f3389ffb700: cdpl_server_sched.c:2830: in _sv_drop_worker(): info: down to 0 alive workers in B1
1757195801.997232: 2725337-7f3389ffb700: cdpl_farm.c:4152: in cdpl_farm_dismiss(): debug: down to 0 running processes
1757195801.997234: 2725337-7f3399c28700: cdpl_server_ipc.c:1236: in _sv_ipc_thread(): debug: received DROP notification
1757195801.997244: 2725337-7f3389ffb700: cdpl_server_sched.c:121: in _free_worker_2(): debug: freeing worker W1
1757195801.997246: 2725337-7f3389ffb700: cdpl_ipc.c:2513: in cdpl_ipc_host_release(): debug: releasing host `152.14.98.53:33820'
1757195801.997248: 2725337-7f3389ffb700: cdpl_ipc.c:2529: in cdpl_ipc_host_release(): debug: scheduling for immediate release
1757195801.997293: 2725337-7f33d558c540: cdpl_server.c:294: in _sv_free_job(): info: freeing job J1
1757195801.997300: 2725337-7f33d558c540: cdpl_server.c:92: in _sv_free_bin(): debug: freeing bin B1
1757195801.997308: 2725337-7f33d558c540: cdpl_monitor.c:515: in cdpl_mn_kill(): info: killing monitor
1757195801.997310: 2725337-7f33d558c540: cdpl_ipc.c:3677: in cdpl_ipc_kill(): debug: stopping event server
1757195801.997331: 2725337-7f3388ff9700: cdpl_ipc.c:2460: in _epoll_main(): debug: server going down...
1757195801.997359: 2725337-7f3399427700: cdpl_ipc.c:775: in _readv(): warning: read(): EOF
1757195801.997368: 2725337-7f3399427700: cdpl_ipc.c:2100: in _epoll_recv(): debug: _readv(): Broken pipe
1757195801.997371: 2725337-7f3399427700: cdpl_ipc.c:2424: in _epoll_main(): debug: _epoll_recv(): Broken pipe
1757195801.997375: 2725337-7f3399427700: cdpl_ipc.c:1657: in _host_drop__UNSAFE(): debug: dropping host `152.14.98.53:33806'
1757195801.997408: 2725337-7f3399427700: cdpl_ipc.c:1582: in _host_free__UNSAFE(): debug: freeing host `152.14.98.53:33820'
1757195801.997411: 2725337-7f3399427700: cdpl_ipc.c:1621: in _host_free__UNSAFE(): debug: [0 outq, 0 spR, 0 spW]
1757195801.997466: 2725337-7f3399c28700: cdpl_server_ipc.c:1236: in _sv_ipc_thread(): debug: received DROP notification
1757195801.997473: 2725337-7f3399c28700: cdpl_monitor.c:1269: in cdpl_mn_drop(): debug: detaching from monitor `152.14.98.53:33806'
1757195801.997482: 2725337-7f3399c28700: cdpl_monitor.c:1101: in mn_systat_stop(): debug: joining systat thread
1757195801.997487: 2725337-7f33897fa700: cdpl_ipc.c:3728: in cdpl_ipc_free(): debug: releasing IPC handle
1757195801.997492: 2725337-7f33897fa700: cdpl_ipc.c:1582: in _host_free__UNSAFE(): debug: freeing host `152.14.98.53:34771'
1757195801.997494: 2725337-7f338b7fe700: cdpl_monitor.c:1079: in mn_systat(): debug: exiting
1757195801.997503: 2725337-7f33897fa700: cdpl_ipc.c:1621: in _host_free__UNSAFE(): debug: [0 outq, 0 spR, 0 spW]
1757195801.997510: 2725337-7f3399c28700: cdpl_monitor.c:1103: in mn_systat_stop(): debug: systat thread done
1757195801.997514: 2725337-7f3399c28700: cdpl_ipc.c:2513: in cdpl_ipc_host_release(): debug: releasing host `152.14.98.53:33806'
1757195801.997516: 2725337-7f33897fa700: cdpl_ipc.c:1582: in _host_free__UNSAFE(): debug: freeing host `152.14.98.53:40887'
1757195801.997519: 2725337-7f33897fa700: cdpl_ipc.c:1621: in _host_free__UNSAFE(): debug: [0 outq, 0 spR, 0 spW]
1757195801.997527: 2725337-7f33897fa700: cdpl_ipc.c:3756: in cdpl_ipc_free(): warning: 2 host(s) were not released
1757195801.997534: 2725337-7f33897fa700: cdpl_ipc.c:3767: in cdpl_ipc_free(): debug: done
1757195801.997536: 2725337-7f33897fa700: cdpl_monitor.c:1390: in cdpl_mn_free(): debug: freeing monitor client
1757195801.997589: 2725337-7f33d558c540: cdpl_farm.c:2740: in cdpl_farm_free(): info: freeing farm
1757195801.997608: 2725337-7f336bfff700: cdpl_farm.c:2231: in _schedule(): debug: end of idling
1757195801.997615: 2725337-7f336bfff700: cdpl_farm.c:2235: in _schedule(): debug: dying
1757195801.997701: 2725337-7f33d558c540: cdpl_farm.c:913: in _killall(): debug: killing all remaining commands
1757195801.997705: 2725337-7f33d558c540: cdpl_server.c:3144: in cdpl_sv_free(): info: freeing server S80071663
1757195801.997707: 2725337-7f33d558c540: cdpl_server.c:3109: in cdpl_sv_kill_errno(): info: killing server
1757195801.997709: 2725337-7f33d558c540: cdpl_ipc.c:3677: in cdpl_ipc_kill(): debug: stopping event server
1757195801.997719: 2725337-7f3399c28700: cdpl_server_ipc.c:1200: in _sv_ipc_thread(): debug: leaving now
1757195801.997725: 2725337-7f3399427700: cdpl_ipc.c:2460: in _epoll_main(): debug: server going down...
1757195801.997734: 2725337-7f33d558c540: cdpl_server.c:334: in _sv_free_master(): info: freeing master M1
1757195801.997736: 2725337-7f33d558c540: cdpl_hash.c:68: in cdpl_h_destroy(): debug: put operations: 1
1757195801.997738: 2725337-7f33d558c540: cdpl_hash.c:69: in cdpl_h_destroy(): debug: put collisions: 0
1757195801.997740: 2725337-7f33d558c540: cdpl_hash.c:70: in cdpl_h_destroy(): debug: get operations: 1
1757195801.997741: 2725337-7f33d558c540: cdpl_hash.c:71: in cdpl_h_destroy(): debug: get iterations: 1
1757195801.997744: 2725337-7f33d558c540: cdpl_monitor.c:1390: in cdpl_mn_free(): debug: freeing monitor server
1757195801.997746: 2725337-7f33d558c540: cdpl_ipc.c:3728: in cdpl_ipc_free(): debug: releasing IPC handle
1757195801.997747: 2725337-7f33d558c540: cdpl_ipc.c:1582: in _host_free__UNSAFE(): debug: freeing host `152.14.98.53:33806'
1757195801.997749: 2725337-7f33d558c540: cdpl_ipc.c:1621: in _host_free__UNSAFE(): debug: [0 outq, 0 spR, 0 spW]
1757195801.997769: 2725337-7f33d558c540: cdpl_ipc.c:3767: in cdpl_ipc_free(): debug: done
1757195801.997771: 2725337-7f33d558c540: cdpl_log.c:481: in cdpl_log_close(): info: @@end_of_log@@
