1757172252.611096: 2070573-7efc2c474540: cdpl_log.c:337: in cdpl_log_open(): info: @@start_of_log@@
1757172252.611105: 2070573-7efc2c474540: cdpl_log.c:1058: in cdpl_log_dump_sysinfo(): info: time: 2025/09/06 11:24:12 EDT -0400
1757172252.611107: 2070573-7efc2c474540: cdpl_log.c:1060: in cdpl_log_dump_sysinfo(): info: version: W-2024.09-SP1-2 
1757172252.611109: 2070573-7efc2c474540: cdpl_log.c:1062: in cdpl_log_dump_sysinfo(): info: system: Linux 4.18.0-553.69.1.el8_10.x86_64 #1 SMP Thu Aug 7 18:10:00 EDT 2025
1757172252.611110: 2070573-7efc2c474540: cdpl_log.c:1067: in cdpl_log_dump_sysinfo(): info: processor: x86_64 64-bits
1757172252.611111: 2070573-7efc2c474540: cdpl_log.c:1071: in cdpl_log_dump_sysinfo(): info: hostname: claws-compute3.ece.ncsu.edu
1757172252.611113: 2070573-7efc2c474540: cdpl_log.c:1073: in cdpl_log_dump_sysinfo(): info: program name: custom_shell
1757172252.611115: 2070573-7efc2c474540: cdpl_log.c:340: in cdpl_log_open(): debug: path: /home/argershm/180-voltmeter/Analog/cc/synopsys_custom/pwdp_jobs/saeSession4_diffmodegain.SimulationSimulation_cdpl.1.2070573/logs/master.claws-compute3.ece.ncsu.edu.2070573.log
1757172252.611117: 2070573-7efc2c474540: cdpl_log.c:341: in cdpl_log_open(): debug: dir: /home/argershm/180-voltmeter/Analog/cc/synopsys_custom/pwdp_jobs/saeSession4_diffmodegain.SimulationSimulation_cdpl.1.2070573/logs
1757172252.611122: 2070573-7efc2c474540: cdpl_server.c:536: in cdpl_sv_init(): info: new server S1523396065
1757172252.611125: 2070573-7efc2c474540: cdpl_ipc.c:3475: in cdpl_ipc_init(): info: requesting IPv4 protocol
1757172252.615785: 2070573-7efc2c474540: cdpl_ipc.c:837: in _selectaddrfamily(): info: selected IPv4 protocol
1757172252.615801: 2070573-7efc2c474540: cdpl_ipc.c:1139: in _set_keepalive(): info: TCP keep alive interval: 300
1757172252.619096: 2070573-7efc2c474540: cdpl_monitor.c:1117: in cdpl_mn_new_server(): info: creating server monitor instance
1757172252.619102: 2070573-7efc2c474540: cdpl_server.c:650: in cdpl_sv_new_master(): info: new master M1
1757172252.619105: 2070573-7efc2c474540: cdpl_server.c:6533: in cdpl_sv_ctl_master(): info: Setting worker heartbeat to 120 seconds
1757172252.619107: 2070573-7efc2c474540: cdpl_server.c:6542: in cdpl_sv_ctl_master(): info: Setting worker heartbeat timeout to 3 heartbeats
1757172252.619109: 2070573-7efc2c474540: cdpl_compat_master.c:2090: in _parse_hostfile(): info: reading hostfile `/home/argershm/180-voltmeter/Analog/cc/synopsys_custom/pwdp_jobs/saeSession4_diffmodegain.SimulationSimulation_cdpl.1.2070573/host_file'
1757172252.619118: 2070573-7efc2c474540: cdpl_compat_master.c:1900: in _hostfile_parser(): debug: parsing "1     |localhost|   -1  | /tmp | SH | sh"
1757172252.619122: 2070573-7efc2c474540: cdpl_farm.c:2578: in cdpl_farm_new_sh(): info: creating SH farm on localhost
1757172252.619126: 2070573-7efc2c474540: cdpl_compat_master.c:206: in _set_farm_env(): info: exporting CDPL_LOGDIR as `/home/argershm/180-voltmeter/Analog/cc/synopsys_custom/pwdp_jobs/saeSession4_diffmodegain.SimulationSimulation_cdpl.1.2070573/logs'
1757172252.619127: 2070573-7efc2c474540: cdpl_compat_master.c:212: in _set_farm_env(): info: exporting CDPL_TMPDIR as `/tmp'
1757172252.619129: 2070573-7efc2c474540: cdpl_compat_master.c:235: in _set_farm_env(): info: exporting SNPSLMD_LICENSE_FILE as `27000@ece-lic-35.ece.ncsu.edu'
1757172252.619131: 2070573-7efc2c474540: cdpl_compat_master.c:259: in _set_farm_env(): info: exporting CDPL_OPTIONS as `[nowlogs]'
1757172252.619133: 2070573-7efc2c474540: cdpl_compat_master.c:266: in _set_farm_env(): info: exporting DISPLAY as `unix:25431'
1757172252.619134: 2070573-7efc2c474540: cdpl_compat_master.c:274: in _set_farm_env(): info: exporting CDPL_HEARTBEAT as `120'
1757172252.619137: 2070573-7efc2c474540: cdpl_farm.c:3149: in cdpl_farm_add_withdir(): debug: added `localhost' (capacity: unlimited)
1757172252.619139: 2070573-7efc2c474540: cdpl_compat_parse.c:147: in parsefile(): debug: read `/home/argershm/180-voltmeter/Analog/cc/synopsys_custom/pwdp_jobs/saeSession4_diffmodegain.SimulationSimulation_cdpl.1.2070573/host_file', 2 lines
1757172252.619145: 2070573-7efc2c474540: cdpl_compat_master.c:2931: in cdplInitMaster(): info: bcast dir is `/home/argershm/180-voltmeter/Analog/cc/synopsys_custom/pwdp_jobs/saeSession4_diffmodegain.SimulationSimulation_cdpl.1.2070573/logs'
1757172252.619174: 2070573-7efc2c474540: cdpl_server.c:6433: in cdpl_sv_ctl_master(): info: farm worker timeout set to 300
1757172252.619175: 2070573-7efc2c474540: cdpl_server.c:6486: in cdpl_sv_ctl_master(): info: maximum number of task execution attempts set to 1
1757172252.619178: 2070573-7efc2c474540: cdpl_server.c:3195: in cdpl_sv_start(): debug: starting server
1757172252.619180: 2070573-7efc2c474540: cdpl_ipc.c:3632: in cdpl_ipc_start(): debug: starting IPC server 152.14.98.53:36671
1757172252.619365: 2070573-7efc04b15700: cdpl_server_ipc.c:1182: in _sv_ipc_thread(): debug: ready
1757172252.619401: 2070573-7efbd2ffd700: cdpl_monitor.c:426: in cdpl_mn_init_client(): info: creating client monitor instance
1757172252.619417: 2070573-7efbd2ffd700: cdpl_ipc.c:3475: in cdpl_ipc_init(): info: requesting IPv4 protocol
1757172252.625007: 2070573-7efbd2ffd700: cdpl_ipc.c:837: in _selectaddrfamily(): info: selected IPv4 protocol
1757172252.625028: 2070573-7efbd2ffd700: cdpl_ipc.c:1139: in _set_keepalive(): info: TCP keep alive interval: 300
1757172252.627940: 2070573-7efbd2ffd700: cdpl_ipc.c:3632: in cdpl_ipc_start(): debug: starting IPC server 152.14.98.53:33437
1757172252.628055: 2070573-7efbd2ffd700: cdpl_monitor.c:471: in cdpl_mn_init_client(): debug: incoming messages in /tmp/cdpl-monitor-58rhoc
1757172252.628127: 2070573-7efbd2ffd700: cdpl_monitor.c:533: in cdpl_mn_connect(): debug: connecting to 152.14.98.53:36671
1757172252.628129: 2070573-7efbd2ffd700: cdpl_ipc.c:3789: in cdpl_ipc_connect(): info: connecting to 152.14.98.53:36671
1757172252.628181: 2070573-7efbd2ffd700: cdpl_ipc.c:3860: in cdpl_ipc_connect(): info: connected as `152.14.98.53:45340'
1757172252.628185: 2070573-7efbd2ffd700: cdpl_ipc.c:2503: in cdpl_ipc_host_accept(): debug: accepted host `152.14.98.53:36671'
1757172252.628189: 2070573-7efbd2ffd700: cdpl_monitor.c:579: in cdpl_mn_connect(): debug: ok
1757172252.628198: 2070573-7efc2c474540: cdpl_server.c:731: in cdpl_sv_new_job(): info: new job J1 in M1
1757172252.628206: 2070573-7efc2c474540: cdpl_compat_master.c:1581: in _add_worker(): info: new worker type 10, min:1, max:3, cmd:`/home/argershm/180-voltmeter/Analog/cc/synopsys_custom/pwdp_jobs/saeSession4_diffmodegain.SimulationSimulation_cdpl.1.2070573/START_WORKER pw_worker -i /home/argershm/180-voltmeter/Analog/cc/synopsys_custom/pwdp_jobs
1757172252.628212: 2070573-7efc2c474540: cdpl_server.c:908: in cdpl_sv_new_bin_withfarm(): info: new bin B1 in J1
1757172252.628214: 2070573-7efbe7fff700: cdpl_ipc.c:1862: in _epoll_accept(): debug: new connection from `152.14.98.53:45340'
1757172252.628243: 2070573-7efc04b15700: cdpl_server_ipc.c:1225: in _sv_ipc_thread(): debug: received ACCEPT notification
1757172252.628253: 2070573-7efc04b15700: cdpl_ipc.c:2503: in cdpl_ipc_host_accept(): debug: accepted host `152.14.98.53:45340'
1757172252.628271: 2070573-7efc04b15700: cdpl_server_ipc.c:1256: in _sv_ipc_thread(): debug: received MONITOR message
1757172252.628367: 2070573-7efc04b15700: cdpl_monitor.c:1207: in cdpl_mn_accept(): debug: accepted monitor `152.14.98.53:45340'
1757172252.628371: 2070573-7efc04b15700: cdpl_server_ipc_mon.c:120: in _globalLOCK(): debug: ENTERTING GLOBAL LOCK
1757172252.628373: 2070573-7efc04b15700: cdpl_server_ipc_mon.c:164: in _globalLOCK(): debug: global lock acquired
1757172252.628389: 2070573-7efbe5ffb700: cdpl_monitor.c:910: in mn_systat(): debug: started
1757172252.628598: 2070573-7efbe5ffb700: cdpl_monitor.c:937: in mn_systat(): debug: monitor server flush rate: 5
1757172253.433670: 2070573-7efc04b15700: cdpl_server_ipc_mon.c:210: in _globalUNLOCK(): debug: LEAVING GLOBAL LOCK
1757172253.433703: 2070573-7efc2c474540: cdpl_server.c:3249: in cdpl_sv_start_job(): info: starting job J1
1757172253.433721: 2070573-7efc2c474540: cdpl_server.c:62: in _sv_start_bin(): debug: starting bin B1 (min: 0, max: 3)
1757172253.433852: 2070573-7efbd3fff700: cdpl_server_sched.c:2482: in _sv_scheduler_thread(): debug: scheduler for bin B1 started
1757172253.433866: 2070573-7efc2c474540: cdpl_server.c:1893: in _sv_gen_task(): info: new task T0 in B1 (prio 0)
1757172253.433877: 2070573-7efc2c474540: cdpl_server.c:2698: in cdpl_sv_label_task_va(): info: setting task T0 label to "PrimeSim_2|PrimeSim"
1757172253.433887: 2070573-7efbd3fff700: cdpl_server_sched.c:2443: in _scheduler_run(): debug: will start a new worker
1757172253.433899: 2070573-7efbd3fff700: cdpl_farm.c:3977: in cdpl_farm_submit(): debug: 1 running processes
1757172253.433902: 2070573-7efbd3fff700: cdpl_farm.c:3985: in cdpl_farm_submit(): debug: new command C1 in bin B1 assigned to host `localhost'
1757172253.433982: 2070573-7efbd3fff700: cdpl_server_sched.c:705: in _sv_launch_worker(): info: started worker W1 (as C1) in bin B1
1757172253.434004: 2070573-7efbd37fe700: cdpl_farm.c:2139: in _schedule(): debug: started
1757172253.434012: 2070573-7efbd37fe700: cdpl_farm.c:2303: in _schedule(): debug: submitting command C1 in bin B1
1757172253.434017: 2070573-7efbd37fe700: cdpl_sh.c:49: in _sh_detached_submit(): info: SH : /home/argershm/180-voltmeter/Analog/cc/synopsys_custom/pwdp_jobs/saeSession4_diffmodegain.SimulationSimulation_cdpl.1.2070573/START_WORKER pw_worker -i /home/argershm/180-voltmeter/Analog/cc/synopsys_custom/pwdp_jobs/saeSession4_diffmodegain.SimulationSimulation_cdpl.1.2070573 -t 10000
1757172253.441060: 2070573-7efbd37fe700: cdpl_farm.c:2343: in _schedule(): debug: C1 in bin B1 running on slot 0
1757172253.441086: 2070573-7efbd37fe700: cdpl_farm.c:2167: in _schedule(): debug: idle
1757172253.498036: 2070573-7efc2c474540: cdpl_compat_master.c:5948: in cdplMasterLogInfo(): info: [non-CDPL log entry] PWDP3: reset pilot cache succeeded, pilot_key=saeSession4,1,diff_mode_gain|&/home/argershm/180-voltmeter/Analog/cc/simulation/integrator,tb_main_opamp,schematic/history_1/simulation/diff_mode_gain/PrimeSimSPICE/nominal/results
1757172253.741151: 2070573-7efbd37fe700: cdpl_farm.c:1193: in _onexit(): debug: C1 in bin B1 exited normally on slot 0
1757172254.546685: 2070573-7efbe57fa700: cdpl_compat_master.c:5948: in cdplMasterLogInfo(): info: [non-CDPL log entry] PWDP - no-workers started ok check start!
1757172255.269182: 2070573-7efbe7fff700: cdpl_ipc.c:1862: in _epoll_accept(): debug: new connection from `152.14.98.53:45356'
1757172255.269232: 2070573-7efc04b15700: cdpl_server_ipc.c:1225: in _sv_ipc_thread(): debug: received ACCEPT notification
1757172255.269246: 2070573-7efc04b15700: cdpl_ipc.c:2503: in cdpl_ipc_host_accept(): debug: accepted host `152.14.98.53:45356'
1757172255.269397: 2070573-7efc04b15700: cdpl_server_ipc.c:1246: in _sv_ipc_thread(): debug: received HELLO message
1757172255.269402: 2070573-7efc04b15700: cdpl_server_ipc.c:430: in _sv_on_hello(): debug: looking up W1
1757172255.269405: 2070573-7efc04b15700: cdpl_server_ipc.c:540: in _sv_on_hello(): info: W1 is `152.14.98.53:45356'
1757172255.269407: 2070573-7efc04b15700: cdpl_server_ipc.c:541: in _sv_on_hello(): debug: hello W1 (B1)
1757172255.269409: 2070573-7efc04b15700: cdpl_server_ipc.c:542: in _sv_on_hello(): info: W1 log file is /dev/null
1757172255.269426: 2070573-7efc04b15700: cdpl_server_ipc.c:602: in _sv_on_hello(): info: up to 1 alive workers in B1
1757172255.269430: 2070573-7efc04b15700: cdpl_farm.c:878: in _release_cmd(): debug: freeing command C1 in bin B1
1757172255.269451: 2070573-7efbd3fff700: cdpl_server_sched.c:960: in _assign(): info: assigning task T0 to worker W1
1757172255.333185: 2070573-7efc04b15700: cdpl_server_ipc.c:1268: in _sv_ipc_thread(): debug: received RELAY message
1757172255.333193: 2070573-7efc04b15700: cdpl_server_ipc.c:713: in _sv_on_relay(): debug: RELAY message from W1, size = 65
1757172255.333196: 2070573-7efc04b15700: cdpl_server_ipc.c:715: in _sv_on_relay(): debug: RELAY message from W1, content = 0$2092247 claws-compute3.ece.ncsu.edu 2092263 RUNNING 1757172255
1757172256.269532: 2070573-7efc04b15700: cdpl_server_ipc.c:312: in _sv_on_heartbeat(): debug: received HEARTBEAT from worker W1 at 152.14.98.53:45356
1757172257.629222: 2070573-7efbd2ffd700: cdpl_monitor.c:533: in cdpl_mn_connect(): debug: connecting to 152.14.98.53:40187
1757172257.629233: 2070573-7efbd2ffd700: cdpl_ipc.c:3789: in cdpl_ipc_connect(): info: connecting to 152.14.98.53:40187
1757172257.629379: 2070573-7efbd2ffd700: cdpl_ipc.c:3860: in cdpl_ipc_connect(): info: connected as `152.14.98.53:41190'
1757172257.629385: 2070573-7efbd2ffd700: cdpl_ipc.c:2503: in cdpl_ipc_host_accept(): debug: accepted host `152.14.98.53:40187'
1757172257.629390: 2070573-7efbd2ffd700: cdpl_monitor.c:579: in cdpl_mn_connect(): debug: ok
1757172261.608220: 2070573-7efc04b15700: cdpl_server_ipc.c:1268: in _sv_ipc_thread(): debug: received RELAY message
1757172261.608243: 2070573-7efc04b15700: cdpl_server_ipc.c:713: in _sv_on_relay(): debug: RELAY message from W1, size = 53
1757172261.608245: 2070573-7efc04b15700: cdpl_server_ipc.c:715: in _sv_on_relay(): debug: RELAY message from W1, content = WORKERDU|12716,/dev/mapper/rhel_claws--compute3-home
1757172261.608252: 2070573-7efc04b15700: cdpl_server_ipc.c:1268: in _sv_ipc_thread(): debug: received RELAY message
1757172261.608254: 2070573-7efc04b15700: cdpl_server_ipc.c:713: in _sv_on_relay(): debug: RELAY message from W1, size = 193
1757172261.608255: 2070573-7efc04b15700: cdpl_server_ipc.c:715: in _sv_on_relay(): debug: RELAY message from W1, content = REQPILOT|saeSession4,1,diff_mode_gain|&/home/argershm/180-voltmeter/Analog/cc/simulation/integrator,tb_main_opamp,schematic/history_1/simulation/diff_mode_gain/PrimeSimSPICE/nominal/results|&0
1757172261.608286: 2070573-7efbe67fc700: cdpl_compat_master.c:5948: in cdplMasterLogInfo(): info: [non-CDPL log entry] PWDP send back 'DOPILOT' to worker id:1 key: saeSession4,1,diff_mode_gain|&/home/argershm/180-voltmeter/Analog/cc/simulation/integrator,tb_main_opamp,schematic/history_1/simulation/diff_mode_gain/PrimeSimSPICE/nominal/results
1757172261.608420: 2070573-7efbe67fc700: cdpl_compat_master.c:5948: in cdplMasterLogInfo(): info: [non-CDPL log entry] PWDP: set pilot doing!
1757172261.611894: 2070573-7efc04b15700: cdpl_server_ipc.c:1268: in _sv_ipc_thread(): debug: received RELAY message
1757172261.611902: 2070573-7efc04b15700: cdpl_server_ipc.c:713: in _sv_on_relay(): debug: RELAY message from W1, size = 189
1757172261.611904: 2070573-7efc04b15700: cdpl_server_ipc.c:715: in _sv_on_relay(): debug: RELAY message from W1, content = PILOTOK|saeSession4,1,diff_mode_gain|&/home/argershm/180-voltmeter/Analog/cc/simulation/integrator,tb_main_opamp,schematic/history_1/simulation/diff_mode_gain/PrimeSimSPICE/nominal/results
1757172261.611922: 2070573-7efbe67fc700: cdpl_compat_master.c:5948: in cdplMasterLogInfo(): info: [non-CDPL log entry] PWDP: set pilot done!
1757172261.611979: 2070573-7efc04b15700: cdpl_server_ipc.c:1268: in _sv_ipc_thread(): debug: received RELAY message
1757172261.611982: 2070573-7efc04b15700: cdpl_server_ipc.c:713: in _sv_on_relay(): debug: RELAY message from W1, size = 18
1757172261.611984: 2070573-7efc04b15700: cdpl_server_ipc.c:715: in _sv_on_relay(): debug: RELAY message from W1, content = 0$- - - MEASDOING
1757172261.875034: 2070573-7efc04b15700: cdpl_server_ipc.c:1268: in _sv_ipc_thread(): debug: received RELAY message
1757172261.875046: 2070573-7efc04b15700: cdpl_server_ipc.c:713: in _sv_on_relay(): debug: RELAY message from W1, size = 77
1757172261.875048: 2070573-7efc04b15700: cdpl_server_ipc.c:715: in _sv_on_relay(): debug: RELAY message from W1, content = 0$2092247 claws-compute3.ece.ncsu.edu 2092263 FINISHED 1757172255|1757172261
1757172261.876514: 2070573-7efc04b15700: cdpl_server_ipc.c:1268: in _sv_ipc_thread(): debug: received RELAY message
1757172261.876522: 2070573-7efc04b15700: cdpl_server_ipc.c:713: in _sv_on_relay(): debug: RELAY message from W1, size = 191
1757172261.876525: 2070573-7efc04b15700: cdpl_server_ipc.c:715: in _sv_on_relay(): debug: RELAY message from W1, content = PILOTDONE|saeSession4,1,diff_mode_gain|&/home/argershm/180-voltmeter/Analog/cc/simulation/integrator,tb_main_opamp,schematic/history_1/simulation/diff_mode_gain/PrimeSimSPICE/nominal/results
1757172261.876541: 2070573-7efbe67fc700: cdpl_compat_master.c:5948: in cdplMasterLogInfo(): info: [non-CDPL log entry] saeSession4,1,diff_mode_gain|&/home/argershm/180-voltmeter/Analog/cc/simulation/integrator,tb_main_opamp,schematic/history_1/simulation/diff_mode_gain/PrimeSimSPICE/nominal/results PILOTDONE!
1757172261.876782: 2070573-7efc04b15700: cdpl_server_ipc.c:1251: in _sv_ipc_thread(): debug: received FINISH message
1757172261.876789: 2070573-7efc04b15700: cdpl_server_ipc.c:983: in _sv_on_finish(): info: worker W1 completed task T0
1757172261.876791: 2070573-7efc04b15700: cdpl_server_ipc.c:988: in _sv_on_finish(): debug: stat T0: utime=3759 stime=1890
1757172261.876793: 2070573-7efc04b15700: cdpl_server_ipc.c:993: in _sv_on_finish(): debug: statm T0: vsize=3054776 rss=1037136 shared=519728 text=474784 data=709996
1757172261.881830: 2070573-7efc04b15700: cdpl_server_ipc.c:1268: in _sv_ipc_thread(): debug: received RELAY message
1757172261.881835: 2070573-7efc04b15700: cdpl_server_ipc.c:713: in _sv_on_relay(): debug: RELAY message from W1, size = 50
1757172261.881838: 2070573-7efc04b15700: cdpl_server_ipc.c:715: in _sv_on_relay(): debug: RELAY message from W1, content = WORKERDU|20,/dev/mapper/rhel_claws--compute3-home
1757172261.971039: 2070573-7efc2c474540: cdpl_server.c:227: in _sv_free_task_safe(): debug: freeing task T0
1757172263.147587: 2070573-7efc2c474540: cdpl_server.c:3008: in cdpl_sv_halt_job_errno(): info: killing job J1
1757172263.147614: 2070573-7efc2c474540: cdpl_server.c:3044: in cdpl_sv_halt_job_errno(): debug: signal bin B1 scheduler to stop
1757172263.147629: 2070573-7efbd3fff700: cdpl_server_sched.c:2484: in _sv_scheduler_thread(): debug: scheduler for bin B1 stopped
1757172263.147644: 2070573-7efbd3fff700: cdpl_ipc.c:1657: in _host_drop__UNSAFE(): debug: dropping host `152.14.98.53:45356'
1757172263.147671: 2070573-7efbd3fff700: cdpl_server_sched.c:2830: in _sv_drop_worker(): info: down to 0 alive workers in B1
1757172263.147675: 2070573-7efbd3fff700: cdpl_farm.c:4152: in cdpl_farm_dismiss(): debug: down to 0 running processes
1757172263.147678: 2070573-7efbd3fff700: cdpl_server_sched.c:121: in _free_worker_2(): debug: freeing worker W1
1757172263.147682: 2070573-7efbd3fff700: cdpl_ipc.c:2513: in cdpl_ipc_host_release(): debug: releasing host `152.14.98.53:45356'
1757172263.147684: 2070573-7efc04b15700: cdpl_server_ipc.c:1236: in _sv_ipc_thread(): debug: received DROP notification
1757172263.147691: 2070573-7efc2c474540: cdpl_server.c:294: in _sv_free_job(): info: freeing job J1
1757172263.147693: 2070573-7efc2c474540: cdpl_server.c:92: in _sv_free_bin(): debug: freeing bin B1
1757172263.147700: 2070573-7efc2c474540: cdpl_monitor.c:515: in cdpl_mn_kill(): info: killing monitor
1757172263.147702: 2070573-7efc2c474540: cdpl_ipc.c:3677: in cdpl_ipc_kill(): debug: stopping event server
1757172263.147716: 2070573-7efbe77fe700: cdpl_ipc.c:2460: in _epoll_main(): debug: server going down...
1757172263.147745: 2070573-7efbe7fff700: cdpl_ipc.c:775: in _readv(): warning: read(): EOF
1757172263.147755: 2070573-7efbe7fff700: cdpl_ipc.c:2100: in _epoll_recv(): debug: _readv(): Broken pipe
1757172263.147758: 2070573-7efbe7fff700: cdpl_ipc.c:2424: in _epoll_main(): debug: _epoll_recv(): Broken pipe
1757172263.147762: 2070573-7efbe7fff700: cdpl_ipc.c:1657: in _host_drop__UNSAFE(): debug: dropping host `152.14.98.53:45340'
1757172263.147787: 2070573-7efbe7fff700: cdpl_ipc.c:1582: in _host_free__UNSAFE(): debug: freeing host `152.14.98.53:45356'
1757172263.147791: 2070573-7efbe7fff700: cdpl_ipc.c:1621: in _host_free__UNSAFE(): debug: [0 outq, 0 spR, 0 spW]
1757172263.147801: 2070573-7efc04b15700: cdpl_server_ipc.c:1236: in _sv_ipc_thread(): debug: received DROP notification
1757172263.147808: 2070573-7efc04b15700: cdpl_monitor.c:1269: in cdpl_mn_drop(): debug: detaching from monitor `152.14.98.53:45340'
1757172263.147813: 2070573-7efc04b15700: cdpl_monitor.c:1101: in mn_systat_stop(): debug: joining systat thread
1757172263.147836: 2070573-7efbe5ffb700: cdpl_monitor.c:1079: in mn_systat(): debug: exiting
1757172263.147845: 2070573-7efc04b15700: cdpl_monitor.c:1103: in mn_systat_stop(): debug: systat thread done
1757172263.147847: 2070573-7efc04b15700: cdpl_ipc.c:2513: in cdpl_ipc_host_release(): debug: releasing host `152.14.98.53:45340'
1757172263.147900: 2070573-7efbd2ffd700: cdpl_ipc.c:3728: in cdpl_ipc_free(): debug: releasing IPC handle
1757172263.147905: 2070573-7efbd2ffd700: cdpl_ipc.c:1582: in _host_free__UNSAFE(): debug: freeing host `152.14.98.53:40187'
1757172263.147907: 2070573-7efbd2ffd700: cdpl_ipc.c:1621: in _host_free__UNSAFE(): debug: [0 outq, 0 spR, 0 spW]
1757172263.147916: 2070573-7efbd2ffd700: cdpl_ipc.c:1582: in _host_free__UNSAFE(): debug: freeing host `152.14.98.53:36671'
1757172263.147918: 2070573-7efbd2ffd700: cdpl_ipc.c:1621: in _host_free__UNSAFE(): debug: [0 outq, 0 spR, 0 spW]
1757172263.147925: 2070573-7efbd2ffd700: cdpl_ipc.c:3756: in cdpl_ipc_free(): warning: 2 host(s) were not released
1757172263.147933: 2070573-7efbd2ffd700: cdpl_ipc.c:3767: in cdpl_ipc_free(): debug: done
1757172263.147935: 2070573-7efbd2ffd700: cdpl_monitor.c:1390: in cdpl_mn_free(): debug: freeing monitor client
1757172263.148002: 2070573-7efc2c474540: cdpl_farm.c:2740: in cdpl_farm_free(): info: freeing farm
1757172263.148015: 2070573-7efbd37fe700: cdpl_farm.c:2231: in _schedule(): debug: end of idling
1757172263.148021: 2070573-7efbd37fe700: cdpl_farm.c:2235: in _schedule(): debug: dying
1757172263.148057: 2070573-7efc2c474540: cdpl_farm.c:913: in _killall(): debug: killing all remaining commands
1757172263.148061: 2070573-7efc2c474540: cdpl_server.c:3144: in cdpl_sv_free(): info: freeing server S1523396065
1757172263.148064: 2070573-7efc2c474540: cdpl_server.c:3109: in cdpl_sv_kill_errno(): info: killing server
1757172263.148065: 2070573-7efc2c474540: cdpl_ipc.c:3677: in cdpl_ipc_kill(): debug: stopping event server
1757172263.148074: 2070573-7efc04b15700: cdpl_server_ipc.c:1200: in _sv_ipc_thread(): debug: leaving now
1757172263.148080: 2070573-7efbe7fff700: cdpl_ipc.c:2460: in _epoll_main(): debug: server going down...
1757172263.148087: 2070573-7efc2c474540: cdpl_server.c:334: in _sv_free_master(): info: freeing master M1
1757172263.148090: 2070573-7efc2c474540: cdpl_hash.c:68: in cdpl_h_destroy(): debug: put operations: 1
1757172263.148092: 2070573-7efc2c474540: cdpl_hash.c:69: in cdpl_h_destroy(): debug: put collisions: 0
1757172263.148093: 2070573-7efc2c474540: cdpl_hash.c:70: in cdpl_h_destroy(): debug: get operations: 1
1757172263.148095: 2070573-7efc2c474540: cdpl_hash.c:71: in cdpl_h_destroy(): debug: get iterations: 1
1757172263.148098: 2070573-7efc2c474540: cdpl_monitor.c:1390: in cdpl_mn_free(): debug: freeing monitor server
1757172263.148100: 2070573-7efc2c474540: cdpl_ipc.c:3728: in cdpl_ipc_free(): debug: releasing IPC handle
1757172263.148101: 2070573-7efc2c474540: cdpl_ipc.c:1582: in _host_free__UNSAFE(): debug: freeing host `152.14.98.53:45340'
1757172263.148103: 2070573-7efc2c474540: cdpl_ipc.c:1621: in _host_free__UNSAFE(): debug: [0 outq, 0 spR, 0 spW]
1757172263.148126: 2070573-7efc2c474540: cdpl_ipc.c:3767: in cdpl_ipc_free(): debug: done
1757172263.148128: 2070573-7efc2c474540: cdpl_log.c:481: in cdpl_log_close(): info: @@end_of_log@@
