[18:44:04.88] /o 
              /c                                    pw_worker™ 
              /c 
              /c                Version W-2024.09-SP1-2 for linux64 - Jan 15, 2025
              /c              Based on Custom Infrastructure
              /c Version W-2024.09-SP1-2
              /c 
              /c                     Copyright (c) 2004 - 2025 Synopsys, Inc.
              /c    This software and the associated documentation are proprietary to Synopsys,
              /c  Inc. This software may only be used in accordance with the terms and conditions
              /c  of a written license agreement with Synopsys, Inc. All other use, reproduction,
              /c    or distribution of this software is strictly prohibited.  Licensed Products
              /c      communicate with Synopsys servers for the purpose of providing software
              /c     updates, detecting software piracy and verifying that customers are using
              /c     Licensed Products in conformity with the applicable License Key for such
              /c   Licensed Products. Synopsys will use information gathered in connection with
              /c     this process to deliver software updates and pursue software pirates and
              /c                                    infringers.
              /c 
              /c  Inclusivity & Diversity - Visit SolvNetPlus to read the "Synopsys Statement on
              /c             Inclusivity and Diversity" (Refer to article 000036315 at
              /c                         https://solvnetplus.synopsys.com)
              /c 
              /c Build  (OPT) Config 11252589 compiled on Wed Jan 15 11:01:36 2025 for AlmaLinux 8.4
              /c Invocation: /mnt/apps/public/COE/synopsys_apps/primewave/W-2024.09-SP1-2/linux64/platform/bin/custom_shell -application pw_worker -gui 0 -localDir /home/argershm/180-voltmeter/Analog/cc/synopsys_custom/pwdp_jobs/saeSession4_diffmodegain.SimulationSimulation_cdpl.1.2931556/logs/w1
              /c Execution time: Sat Sep  6 18:44:03 2025
              /c Host: claws-compute3.ece.ncsu.edu
              /c Working directory: /home/argershm/180-voltmeter/Analog/cc
              /c 
[18:44:09.39] /m Information: Registering ICV PERC package...
[18:44:09.40] /w Warning: Error: "Job group named 'PrimeWave' already exists under this parent." (IPC-100)
[18:44:09.87] /o #####New Worker job begin - Self history dir=/home/argershm/180-voltmeter/Analog/cc/simulation/integrator,tb_main_opamp,schematic
[18:44:10.06] /o source /home/argershm/180-voltmeter/Analog/cc/synopsys_custom/pwdp_jobs/saeSession4_diffmodegain.SimulationSimulation_cdpl.1.2931556/ccFile.tcl OK
[18:44:10.06] /o LibDefs : /home/argershm/180-voltmeter/Analog/cc/lib.defs
[18:44:10.30] /o new worker create session at loading state!
[18:44:10.30] /o history_1
[18:44:10.34] /m Information: Info: Waveform format selected is PSF. Synopsys recommends using the WDF format with the <HSPICE/FineSim> simulator.
              /c WDF is an optimal format that improves viewing performance and reduces disk usage while PSF is a 3rd party format and support "as-is".
              /c To change the format, open the Setup -> Environment menu and select the WDF format. (PW-642)
[18:44:10.51] /o Loading: Callback files...
[18:44:10.51] /o 
              /c [INFO] : Loading display.tcl from /mnt/designkits/gf180MCU/dk_ncsu/gf180mcu_cc_0.1/Models_HSPICE
              /c 
              /c  if you wish to Load other display.tcl, please set shell environment valiable "iPDK_load_display_gf180mcu" to value = 0
[18:44:10.51] /o 
[18:44:10.55] /w Warning: Could not set the value of preference xtEMIRLPEStarTcadGrdFile because it does not exist. (PREFERENCE-016)
[18:44:10.55] /o 	#######################################
[18:44:10.55] /o 	CC-PDK Library Name	: gf180MCU Open
[18:44:10.55] /o 	#######################################
[18:44:10.55] /o 
[18:44:10.67] /o source /home/argershm/180-voltmeter/Analog/cc/simulation/integrator,tb_main_opamp,schematic/history_1/.nw_preference_script.tcl OK!
[18:44:10.67] /o DSPF Options: {hierDelim==|}||{termDelim==:}||{fingerChar==@}||{multiplierString==_nettran_}||{aggregateCurrent==1}||{MOSTermNames==d g s b}||{MOSTermOrder==D G S B}||{MOSTermDspfNames==DRC GATE SRC BULK}||{firstChars==XM}||{probeHierDelim==/}||{caseSensitive==1}||{firstChar==M}||{hierPrefix==X}||{nodePrefix==M}||{plotTermVoltageForNet==0}||{mapNetToMosTerminal==}||{mapSlashDelimToDot==1}||{probePortCurrent==1}||{busBit==[]}||{removeNodePrefix==1}||{nlConDelim==.}||{mosModelType==auto}||{keepSchName==0}
[18:44:10.67] /o _workerLoadStateAction done!
[18:44:10.70] /o pw_worker _createCalculateEngine got job!
[18:44:10.70] /o pw_worker _createCalculateEngine OK!
[18:44:10.70] /o _getSimulationDetails : 
[18:44:10.70] /o tbName=diff_mode_gain, Mtb=0
[18:44:10.70] /o Got stb tb ok!
[18:44:10.70] /o Self resultsDir: ./simulation
[18:44:10.70] /o Self databaseDir: /home/argershm/180-voltmeter/Analog/cc/simulation/integrator,tb_main_opamp,schematic/history_1/simulation/diff_mode_gain/PrimeSimSPICE/parametric/results
[18:44:10.71] /o source /mnt/apps/public/COE/synopsys_apps/primewave/W-2024.09-SP1-2/auxx/sae/matlab_script.tcl OK
[18:44:10.86] /o _createResultsMap done!
[18:44:10.87] /o ###write_child - resultsDir=/home/argershm/180-voltmeter/Analog/cc/simulation/integrator,tb_main_opamp,schematic/history_1/simulation/diff_mode_gain/PrimeSimSPICE/parametric/L=0.316228/results
              /c  masterResultsDir=/home/argershm/180-voltmeter/Analog/cc/simulation/integrator,tb_main_opamp,schematic/history_1/simulation/diff_mode_gain/PrimeSimSPICE/parametric/results
              /c  databaseDir=/home/argershm/180-voltmeter/Analog/cc/simulation/integrator,tb_main_opamp,schematic/history_1/simulation/diff_mode_gain/PrimeSimSPICE/parametric/results
              /c  UniqueName=saeSession4, isPilot=false
[18:44:10.87] /o 
[18:44:10.92] /o pw_worker child CE begin!
[18:44:10.93] /o pw_worker invokes measurement finished.
[18:44:10.93] /o pw_worker writeSimMap finsied.
[18:44:10.93] /o _simulationDoneAction done without exception!
[18:44:11.33] /o New Worker New CE ready proc entered.
[18:44:12.01] /o touch /home/argershm/180-voltmeter/Analog/cc/simulation/integrator,tb_main_opamp,schematic/history_1/simulation/diff_mode_gain/PrimeSimSPICE/parametric/L=0.316228/results/.unitedSimFinished
[18:44:12.01] /o Calc Job Done!
[18:44:12.01] /o New Worker New CE exit
[18:44:12.18] /o #####New Worker job begin - Self history dir=/home/argershm/180-voltmeter/Analog/cc/simulation/integrator,tb_main_opamp,schematic
[18:44:12.31] /o pw_worker _createCalculateEngine got job!
[18:44:12.31] /o pw_worker _createCalculateEngine OK!
[18:44:13.61] /o New Worker New CE ready proc entered.
[18:44:13.79] /o _getSimulationDetails : 
[18:44:13.79] /o tbName=diff_mode_gain, Mtb=0
[18:44:13.79] /o Got stb tb ok!
[18:44:13.79] /o Self resultsDir: ./simulation
[18:44:13.79] /o Self databaseDir: /home/argershm/180-voltmeter/Analog/cc/simulation/integrator,tb_main_opamp,schematic/history_1/simulation/diff_mode_gain/PrimeSimSPICE/parametric/results
[18:44:13.88] /o _createResultsMap done!
[18:44:13.88] /o ###write_child - resultsDir=/home/argershm/180-voltmeter/Analog/cc/simulation/integrator,tb_main_opamp,schematic/history_1/simulation/diff_mode_gain/PrimeSimSPICE/parametric/L=39.8107m/results
              /c  masterResultsDir=/home/argershm/180-voltmeter/Analog/cc/simulation/integrator,tb_main_opamp,schematic/history_1/simulation/diff_mode_gain/PrimeSimSPICE/parametric/results
              /c  databaseDir=/home/argershm/180-voltmeter/Analog/cc/simulation/integrator,tb_main_opamp,schematic/history_1/simulation/diff_mode_gain/PrimeSimSPICE/parametric/results
              /c  UniqueName=saeSession4, isPilot=false
[18:44:13.88] /o 
[18:44:13.89] /o pw_worker child CE begin!
[18:44:13.89] /o pw_worker invokes measurement finished.
[18:44:13.89] /o pw_worker writeSimMap finsied.
[18:44:13.89] /o _simulationDoneAction done without exception!
[18:44:13.99] /o Got file /home/argershm/180-voltmeter/Analog/cc/simulation/integrator,tb_main_opamp,schematic/history_1/simulation/diff_mode_gain/PrimeSimSPICE/parametric/L=39.8107m/results/.ceFinished
[18:44:14.30] /o touch /home/argershm/180-voltmeter/Analog/cc/simulation/integrator,tb_main_opamp,schematic/history_1/simulation/diff_mode_gain/PrimeSimSPICE/parametric/L=39.8107m/results/.unitedSimFinished
[18:44:14.30] /o Calc Job Done!
[18:44:14.30] /o New Worker New CE exit
[18:44:14.47] /o #####New Worker job begin - Self history dir=/home/argershm/180-voltmeter/Analog/cc/simulation/integrator,tb_main_opamp,schematic
[18:44:14.60] /o pw_worker _createCalculateEngine got job!
[18:44:14.60] /o pw_worker _createCalculateEngine OK!
[18:44:15.91] /o New Worker New CE ready proc entered.
[18:44:16.09] /o _getSimulationDetails : 
[18:44:16.09] /o tbName=diff_mode_gain, Mtb=0
[18:44:16.09] /o Got stb tb ok!
[18:44:16.09] /o Self resultsDir: ./simulation
[18:44:16.09] /o Self databaseDir: /home/argershm/180-voltmeter/Analog/cc/simulation/integrator,tb_main_opamp,schematic/history_1/simulation/diff_mode_gain/PrimeSimSPICE/parametric/results
[18:44:16.17] /o _createResultsMap done!
[18:44:16.17] /o ###write_child - resultsDir=/home/argershm/180-voltmeter/Analog/cc/simulation/integrator,tb_main_opamp,schematic/history_1/simulation/diff_mode_gain/PrimeSimSPICE/parametric/L=79.4328m/results
              /c  masterResultsDir=/home/argershm/180-voltmeter/Analog/cc/simulation/integrator,tb_main_opamp,schematic/history_1/simulation/diff_mode_gain/PrimeSimSPICE/parametric/results
              /c  databaseDir=/home/argershm/180-voltmeter/Analog/cc/simulation/integrator,tb_main_opamp,schematic/history_1/simulation/diff_mode_gain/PrimeSimSPICE/parametric/results
              /c  UniqueName=saeSession4, isPilot=false
[18:44:16.17] /o 
[18:44:16.18] /o pw_worker child CE begin!
[18:44:16.18] /o pw_worker invokes measurement finished.
[18:44:16.18] /o pw_worker writeSimMap finsied.
[18:44:16.18] /o _simulationDoneAction done without exception!
[18:44:16.28] /o Got file /home/argershm/180-voltmeter/Analog/cc/simulation/integrator,tb_main_opamp,schematic/history_1/simulation/diff_mode_gain/PrimeSimSPICE/parametric/L=79.4328m/results/.ceFinished
[18:44:16.59] /o touch /home/argershm/180-voltmeter/Analog/cc/simulation/integrator,tb_main_opamp,schematic/history_1/simulation/diff_mode_gain/PrimeSimSPICE/parametric/L=79.4328m/results/.unitedSimFinished
[18:44:16.59] /o Calc Job Done!
[18:44:16.59] /o New Worker New CE exit
[18:44:16.77] /o #####New Worker job begin - Self history dir=/home/argershm/180-voltmeter/Analog/cc/simulation/integrator,tb_main_opamp,schematic
[18:44:16.90] /o pw_worker _createCalculateEngine got job!
[18:44:16.90] /o pw_worker _createCalculateEngine OK!
[18:44:18.11] /o New Worker New CE ready proc entered.
[18:44:18.30] /o _getSimulationDetails : 
[18:44:18.30] /o tbName=diff_mode_gain, Mtb=0
[18:44:18.30] /o Got stb tb ok!
[18:44:18.30] /o Self resultsDir: ./simulation
[18:44:18.30] /o Self databaseDir: /home/argershm/180-voltmeter/Analog/cc/simulation/integrator,tb_main_opamp,schematic/history_1/simulation/diff_mode_gain/PrimeSimSPICE/parametric/results
[18:44:18.38] /o _createResultsMap done!
[18:44:18.38] /o ###write_child - resultsDir=/home/argershm/180-voltmeter/Analog/cc/simulation/integrator,tb_main_opamp,schematic/history_1/simulation/diff_mode_gain/PrimeSimSPICE/parametric/L=0.158489/results
              /c  masterResultsDir=/home/argershm/180-voltmeter/Analog/cc/simulation/integrator,tb_main_opamp,schematic/history_1/simulation/diff_mode_gain/PrimeSimSPICE/parametric/results
              /c  databaseDir=/home/argershm/180-voltmeter/Analog/cc/simulation/integrator,tb_main_opamp,schematic/history_1/simulation/diff_mode_gain/PrimeSimSPICE/parametric/results
              /c  UniqueName=saeSession4, isPilot=false
[18:44:18.38] /o 
[18:44:18.39] /o pw_worker child CE begin!
[18:44:18.40] /o pw_worker invokes measurement finished.
[18:44:18.40] /o pw_worker writeSimMap finsied.
[18:44:18.40] /o _simulationDoneAction done without exception!
[18:44:18.50] /o Got file /home/argershm/180-voltmeter/Analog/cc/simulation/integrator,tb_main_opamp,schematic/history_1/simulation/diff_mode_gain/PrimeSimSPICE/parametric/L=0.158489/results/.ceFinished
[18:44:18.80] /o touch /home/argershm/180-voltmeter/Analog/cc/simulation/integrator,tb_main_opamp,schematic/history_1/simulation/diff_mode_gain/PrimeSimSPICE/parametric/L=0.158489/results/.unitedSimFinished
[18:44:18.80] /o Calc Job Done!
[18:44:18.80] /o New Worker New CE exit
[18:44:18.98] /o #####New Worker job begin - Self history dir=/home/argershm/180-voltmeter/Analog/cc/simulation/integrator,tb_main_opamp,schematic
[18:44:19.10] /o pw_worker _createCalculateEngine got job!
[18:44:19.10] /o pw_worker _createCalculateEngine OK!
[18:44:20.31] /o New Worker New CE ready proc entered.
[18:44:20.49] /o _getSimulationDetails : 
[18:44:20.49] /o tbName=diff_mode_gain, Mtb=0
[18:44:20.49] /o Got stb tb ok!
[18:44:20.49] /o Self resultsDir: ./simulation
[18:44:20.49] /o Self databaseDir: /home/argershm/180-voltmeter/Analog/cc/simulation/integrator,tb_main_opamp,schematic/history_1/simulation/diff_mode_gain/PrimeSimSPICE/parametric/results
[18:44:20.58] /o _createResultsMap done!
[18:44:20.58] /o ###write_child - resultsDir=/home/argershm/180-voltmeter/Analog/cc/simulation/integrator,tb_main_opamp,schematic/history_1/simulation/diff_mode_gain/PrimeSimSPICE/parametric/L=0.630957/results
              /c  masterResultsDir=/home/argershm/180-voltmeter/Analog/cc/simulation/integrator,tb_main_opamp,schematic/history_1/simulation/diff_mode_gain/PrimeSimSPICE/parametric/results
              /c  databaseDir=/home/argershm/180-voltmeter/Analog/cc/simulation/integrator,tb_main_opamp,schematic/history_1/simulation/diff_mode_gain/PrimeSimSPICE/parametric/results
              /c  UniqueName=saeSession4, isPilot=false
[18:44:20.58] /o 
[18:44:20.59] /o pw_worker child CE begin!
[18:44:20.59] /o pw_worker invokes measurement finished.
[18:44:20.59] /o pw_worker writeSimMap finsied.
[18:44:20.59] /o _simulationDoneAction done without exception!
[18:44:20.69] /o Got file /home/argershm/180-voltmeter/Analog/cc/simulation/integrator,tb_main_opamp,schematic/history_1/simulation/diff_mode_gain/PrimeSimSPICE/parametric/L=0.630957/results/.ceFinished
[18:44:21.00] /o touch /home/argershm/180-voltmeter/Analog/cc/simulation/integrator,tb_main_opamp,schematic/history_1/simulation/diff_mode_gain/PrimeSimSPICE/parametric/L=0.630957/results/.unitedSimFinished
[18:44:21.00] /o Calc Job Done!
[18:44:21.00] /o New Worker New CE exit
[18:44:21.17] /o #####New Worker job begin - Self history dir=/home/argershm/180-voltmeter/Analog/cc/simulation/integrator,tb_main_opamp,schematic
[18:44:21.30] /o pw_worker _createCalculateEngine got job!
[18:44:21.30] /o pw_worker _createCalculateEngine OK!
[18:44:22.61] /o New Worker New CE ready proc entered.
[18:44:22.78] /o _getSimulationDetails : 
[18:44:22.78] /o tbName=diff_mode_gain, Mtb=0
[18:44:22.78] /o Got stb tb ok!
[18:44:22.78] /o Self resultsDir: ./simulation
[18:44:22.78] /o Self databaseDir: /home/argershm/180-voltmeter/Analog/cc/simulation/integrator,tb_main_opamp,schematic/history_1/simulation/diff_mode_gain/PrimeSimSPICE/parametric/results
[18:44:22.86] /o _createResultsMap done!
[18:44:22.87] /o ###write_child - resultsDir=/home/argershm/180-voltmeter/Analog/cc/simulation/integrator,tb_main_opamp,schematic/history_1/simulation/diff_mode_gain/PrimeSimSPICE/parametric/L=1.58489u/results
              /c  masterResultsDir=/home/argershm/180-voltmeter/Analog/cc/simulation/integrator,tb_main_opamp,schematic/history_1/simulation/diff_mode_gain/PrimeSimSPICE/parametric/results
              /c  databaseDir=/home/argershm/180-voltmeter/Analog/cc/simulation/integrator,tb_main_opamp,schematic/history_1/simulation/diff_mode_gain/PrimeSimSPICE/parametric/results
              /c  UniqueName=saeSession4, isPilot=false
[18:44:22.87] /o 
[18:44:22.89] /o pw_worker child CE begin!
[18:44:22.89] /o pw_worker invokes measurement finished.
[18:44:22.89] /o pw_worker writeSimMap finsied.
[18:44:22.89] /o _simulationDoneAction done without exception!
[18:44:22.99] /o Got file /home/argershm/180-voltmeter/Analog/cc/simulation/integrator,tb_main_opamp,schematic/history_1/simulation/diff_mode_gain/PrimeSimSPICE/parametric/L=1.58489u/results/.ceFinished
[18:44:23.29] /o touch /home/argershm/180-voltmeter/Analog/cc/simulation/integrator,tb_main_opamp,schematic/history_1/simulation/diff_mode_gain/PrimeSimSPICE/parametric/L=1.58489u/results/.unitedSimFinished
[18:44:23.29] /o Calc Job Done!
[18:44:23.29] /o New Worker New CE exit
[18:44:23.47] /o #####New Worker job begin - Self history dir=/home/argershm/180-voltmeter/Analog/cc/simulation/integrator,tb_main_opamp,schematic
[18:44:23.60] /o pw_worker _createCalculateEngine got job!
[18:44:23.60] /o pw_worker _createCalculateEngine OK!
[18:44:24.80] /o New Worker New CE ready proc entered.
[18:44:24.97] /o _getSimulationDetails : 
[18:44:24.97] /o tbName=diff_mode_gain, Mtb=0
[18:44:24.97] /o Got stb tb ok!
[18:44:24.97] /o Self resultsDir: ./simulation
[18:44:24.97] /o Self databaseDir: /home/argershm/180-voltmeter/Analog/cc/simulation/integrator,tb_main_opamp,schematic/history_1/simulation/diff_mode_gain/PrimeSimSPICE/parametric/results
[18:44:25.06] /o _createResultsMap done!
[18:44:25.06] /o ###write_child - resultsDir=/home/argershm/180-voltmeter/Analog/cc/simulation/integrator,tb_main_opamp,schematic/history_1/simulation/diff_mode_gain/PrimeSimSPICE/parametric/L=3.16228u/results
              /c  masterResultsDir=/home/argershm/180-voltmeter/Analog/cc/simulation/integrator,tb_main_opamp,schematic/history_1/simulation/diff_mode_gain/PrimeSimSPICE/parametric/results
              /c  databaseDir=/home/argershm/180-voltmeter/Analog/cc/simulation/integrator,tb_main_opamp,schematic/history_1/simulation/diff_mode_gain/PrimeSimSPICE/parametric/results
              /c  UniqueName=saeSession4, isPilot=false
[18:44:25.06] /o 
[18:44:25.07] /o pw_worker child CE begin!
[18:44:25.07] /o pw_worker invokes measurement finished.
[18:44:25.07] /o pw_worker writeSimMap finsied.
[18:44:25.07] /o _simulationDoneAction done without exception!
[18:44:25.17] /o Got file /home/argershm/180-voltmeter/Analog/cc/simulation/integrator,tb_main_opamp,schematic/history_1/simulation/diff_mode_gain/PrimeSimSPICE/parametric/L=3.16228u/results/.ceFinished
[18:44:25.47] /o touch /home/argershm/180-voltmeter/Analog/cc/simulation/integrator,tb_main_opamp,schematic/history_1/simulation/diff_mode_gain/PrimeSimSPICE/parametric/L=3.16228u/results/.unitedSimFinished
[18:44:25.47] /o Calc Job Done!
[18:44:25.47] /o New Worker New CE exit
[18:44:25.67] /o #####New Worker job begin - Self history dir=/home/argershm/180-voltmeter/Analog/cc/simulation/integrator,tb_main_opamp,schematic
[18:44:25.80] /o pw_worker _createCalculateEngine got job!
[18:44:25.80] /o pw_worker _createCalculateEngine OK!
[18:44:27.01] /o New Worker New CE ready proc entered.
[18:44:27.18] /o _getSimulationDetails : 
[18:44:27.18] /o tbName=diff_mode_gain, Mtb=0
[18:44:27.18] /o Got stb tb ok!
[18:44:27.18] /o Self resultsDir: ./simulation
[18:44:27.18] /o Self databaseDir: /home/argershm/180-voltmeter/Analog/cc/simulation/integrator,tb_main_opamp,schematic/history_1/simulation/diff_mode_gain/PrimeSimSPICE/parametric/results
[18:44:27.30] /o _createResultsMap done!
[18:44:27.30] /o ###write_child - resultsDir=/home/argershm/180-voltmeter/Analog/cc/simulation/integrator,tb_main_opamp,schematic/history_1/simulation/diff_mode_gain/PrimeSimSPICE/parametric/L=6.30957u/results
              /c  masterResultsDir=/home/argershm/180-voltmeter/Analog/cc/simulation/integrator,tb_main_opamp,schematic/history_1/simulation/diff_mode_gain/PrimeSimSPICE/parametric/results
              /c  databaseDir=/home/argershm/180-voltmeter/Analog/cc/simulation/integrator,tb_main_opamp,schematic/history_1/simulation/diff_mode_gain/PrimeSimSPICE/parametric/results
              /c  UniqueName=saeSession4, isPilot=false
[18:44:27.30] /o 
[18:44:27.31] /o pw_worker child CE begin!
[18:44:27.31] /o pw_worker invokes measurement finished.
[18:44:27.31] /o pw_worker writeSimMap finsied.
[18:44:27.31] /o _simulationDoneAction done without exception!
[18:44:27.41] /o Got file /home/argershm/180-voltmeter/Analog/cc/simulation/integrator,tb_main_opamp,schematic/history_1/simulation/diff_mode_gain/PrimeSimSPICE/parametric/L=6.30957u/results/.ceFinished
[18:44:27.73] /o touch /home/argershm/180-voltmeter/Analog/cc/simulation/integrator,tb_main_opamp,schematic/history_1/simulation/diff_mode_gain/PrimeSimSPICE/parametric/L=6.30957u/results/.unitedSimFinished
[18:44:27.73] /o Calc Job Done!
[18:44:27.73] /o New Worker New CE exit
[18:44:27.90] /o #####New Worker job begin - Self history dir=/home/argershm/180-voltmeter/Analog/cc/simulation/integrator,tb_main_opamp,schematic
[18:44:28.03] /o pw_worker _createCalculateEngine got job!
[18:44:28.03] /o pw_worker _createCalculateEngine OK!
[18:44:29.34] /o New Worker New CE ready proc entered.
[18:44:29.52] /o _getSimulationDetails : 
[18:44:29.52] /o tbName=diff_mode_gain, Mtb=0
[18:44:29.52] /o Got stb tb ok!
[18:44:29.52] /o Self resultsDir: ./simulation
[18:44:29.52] /o Self databaseDir: /home/argershm/180-voltmeter/Analog/cc/simulation/integrator,tb_main_opamp,schematic/history_1/simulation/diff_mode_gain/PrimeSimSPICE/parametric/results
[18:44:29.60] /o _createResultsMap done!
[18:44:29.60] /o ###write_child - resultsDir=/home/argershm/180-voltmeter/Analog/cc/simulation/integrator,tb_main_opamp,schematic/history_1/simulation/diff_mode_gain/PrimeSimSPICE/parametric/L=10u/results
              /c  masterResultsDir=/home/argershm/180-voltmeter/Analog/cc/simulation/integrator,tb_main_opamp,schematic/history_1/simulation/diff_mode_gain/PrimeSimSPICE/parametric/results
              /c  databaseDir=/home/argershm/180-voltmeter/Analog/cc/simulation/integrator,tb_main_opamp,schematic/history_1/simulation/diff_mode_gain/PrimeSimSPICE/parametric/results
              /c  UniqueName=saeSession4, isPilot=false
[18:44:29.60] /o 
[18:44:29.61] /o pw_worker child CE begin!
[18:44:29.61] /o pw_worker invokes measurement finished.
[18:44:29.61] /o pw_worker writeSimMap finsied.
[18:44:29.61] /o _simulationDoneAction done without exception!
[18:44:29.71] /o Got file /home/argershm/180-voltmeter/Analog/cc/simulation/integrator,tb_main_opamp,schematic/history_1/simulation/diff_mode_gain/PrimeSimSPICE/parametric/L=10u/results/.ceFinished
[18:44:30.02] /o touch /home/argershm/180-voltmeter/Analog/cc/simulation/integrator,tb_main_opamp,schematic/history_1/simulation/diff_mode_gain/PrimeSimSPICE/parametric/L=10u/results/.unitedSimFinished
[18:44:30.02] /o Calc Job Done!
[18:44:30.02] /o New Worker New CE exit
[18:44:30.19] /o #####New Worker job begin - Self history dir=/home/argershm/180-voltmeter/Analog/cc/simulation/integrator,tb_main_opamp,schematic
[18:44:30.32] /o pw_worker _createCalculateEngine got job!
[18:44:30.32] /o pw_worker _createCalculateEngine OK!
[18:44:31.53] /o New Worker New CE ready proc entered.
[18:44:31.70] /o _getSimulationDetails : 
[18:44:31.70] /o tbName=diff_mode_gain, Mtb=0
[18:44:31.70] /o Got stb tb ok!
[18:44:31.70] /o Self resultsDir: ./simulation
[18:44:31.70] /o Self databaseDir: /home/argershm/180-voltmeter/Analog/cc/simulation/integrator,tb_main_opamp,schematic/history_1/simulation/diff_mode_gain/PrimeSimSPICE/parametric/results
[18:44:31.81] /o _createResultsMap done!
[18:44:31.81] /o ###write_child - resultsDir=/home/argershm/180-voltmeter/Analog/cc/simulation/integrator,tb_main_opamp,schematic/history_1/simulation/diff_mode_gain/PrimeSimSPICE/parametric/L=25.1189u/results
              /c  masterResultsDir=/home/argershm/180-voltmeter/Analog/cc/simulation/integrator,tb_main_opamp,schematic/history_1/simulation/diff_mode_gain/PrimeSimSPICE/parametric/results
              /c  databaseDir=/home/argershm/180-voltmeter/Analog/cc/simulation/integrator,tb_main_opamp,schematic/history_1/simulation/diff_mode_gain/PrimeSimSPICE/parametric/results
              /c  UniqueName=saeSession4, isPilot=false
[18:44:31.81] /o 
[18:44:31.82] /o pw_worker child CE begin!
[18:44:31.82] /o pw_worker invokes measurement finished.
[18:44:31.82] /o pw_worker writeSimMap finsied.
[18:44:31.82] /o _simulationDoneAction done without exception!
[18:44:31.92] /o Got file /home/argershm/180-voltmeter/Analog/cc/simulation/integrator,tb_main_opamp,schematic/history_1/simulation/diff_mode_gain/PrimeSimSPICE/parametric/L=25.1189u/results/.ceFinished
[18:44:32.22] /o touch /home/argershm/180-voltmeter/Analog/cc/simulation/integrator,tb_main_opamp,schematic/history_1/simulation/diff_mode_gain/PrimeSimSPICE/parametric/L=25.1189u/results/.unitedSimFinished
[18:44:32.22] /o Calc Job Done!
[18:44:32.22] /o New Worker New CE exit
[18:44:32.35] /o #####New Worker job begin - Self history dir=/home/argershm/180-voltmeter/Analog/cc/simulation/integrator,tb_main_opamp,schematic
[18:44:32.48] /o pw_worker _createCalculateEngine got job!
[18:44:32.48] /o pw_worker _createCalculateEngine OK!
[18:44:33.78] /o New Worker New CE ready proc entered.
[18:44:33.96] /o _getSimulationDetails : 
[18:44:33.96] /o tbName=diff_mode_gain, Mtb=0
[18:44:33.96] /o Got stb tb ok!
[18:44:33.96] /o Self resultsDir: ./simulation
[18:44:33.96] /o Self databaseDir: /home/argershm/180-voltmeter/Analog/cc/simulation/integrator,tb_main_opamp,schematic/history_1/simulation/diff_mode_gain/PrimeSimSPICE/parametric/results
[18:44:34.04] /o _createResultsMap done!
[18:44:34.04] /o ###write_child - resultsDir=/home/argershm/180-voltmeter/Analog/cc/simulation/integrator,tb_main_opamp,schematic/history_1/simulation/diff_mode_gain/PrimeSimSPICE/parametric/L=39.8107u/results
              /c  masterResultsDir=/home/argershm/180-voltmeter/Analog/cc/simulation/integrator,tb_main_opamp,schematic/history_1/simulation/diff_mode_gain/PrimeSimSPICE/parametric/results
              /c  databaseDir=/home/argershm/180-voltmeter/Analog/cc/simulation/integrator,tb_main_opamp,schematic/history_1/simulation/diff_mode_gain/PrimeSimSPICE/parametric/results
              /c  UniqueName=saeSession4, isPilot=false
[18:44:34.04] /o 
[18:44:34.05] /o pw_worker child CE begin!
[18:44:34.06] /o pw_worker invokes measurement finished.
[18:44:34.06] /o pw_worker writeSimMap finsied.
[18:44:34.06] /o _simulationDoneAction done without exception!
[18:44:34.16] /o Got file /home/argershm/180-voltmeter/Analog/cc/simulation/integrator,tb_main_opamp,schematic/history_1/simulation/diff_mode_gain/PrimeSimSPICE/parametric/L=39.8107u/results/.ceFinished
[18:44:34.46] /o touch /home/argershm/180-voltmeter/Analog/cc/simulation/integrator,tb_main_opamp,schematic/history_1/simulation/diff_mode_gain/PrimeSimSPICE/parametric/L=39.8107u/results/.unitedSimFinished
[18:44:34.46] /o Calc Job Done!
[18:44:34.46] /o New Worker New CE exit
[18:44:34.57] /o #####New Worker job begin - Self history dir=/home/argershm/180-voltmeter/Analog/cc/simulation/integrator,tb_main_opamp,schematic
[18:44:34.70] /o pw_worker _createCalculateEngine got job!
[18:44:34.70] /o pw_worker _createCalculateEngine OK!
[18:44:35.91] /o New Worker New CE ready proc entered.
[18:44:36.09] /o _getSimulationDetails : 
[18:44:36.09] /o tbName=diff_mode_gain, Mtb=0
[18:44:36.09] /o Got stb tb ok!
[18:44:36.09] /o Self resultsDir: ./simulation
[18:44:36.09] /o Self databaseDir: /home/argershm/180-voltmeter/Analog/cc/simulation/integrator,tb_main_opamp,schematic/history_1/simulation/diff_mode_gain/PrimeSimSPICE/parametric/results
[18:44:36.18] /o _createResultsMap done!
[18:44:36.18] /o ###write_child - resultsDir=/home/argershm/180-voltmeter/Analog/cc/simulation/integrator,tb_main_opamp,schematic/history_1/simulation/diff_mode_gain/PrimeSimSPICE/parametric/L=0.1m/results
              /c  masterResultsDir=/home/argershm/180-voltmeter/Analog/cc/simulation/integrator,tb_main_opamp,schematic/history_1/simulation/diff_mode_gain/PrimeSimSPICE/parametric/results
              /c  databaseDir=/home/argershm/180-voltmeter/Analog/cc/simulation/integrator,tb_main_opamp,schematic/history_1/simulation/diff_mode_gain/PrimeSimSPICE/parametric/results
              /c  UniqueName=saeSession4, isPilot=false
[18:44:36.18] /o 
[18:44:36.19] /o pw_worker child CE begin!
[18:44:36.19] /o pw_worker invokes measurement finished.
[18:44:36.19] /o pw_worker writeSimMap finsied.
[18:44:36.19] /o _simulationDoneAction done without exception!
[18:44:36.29] /o Got file /home/argershm/180-voltmeter/Analog/cc/simulation/integrator,tb_main_opamp,schematic/history_1/simulation/diff_mode_gain/PrimeSimSPICE/parametric/L=0.1m/results/.ceFinished
[18:44:36.60] /o touch /home/argershm/180-voltmeter/Analog/cc/simulation/integrator,tb_main_opamp,schematic/history_1/simulation/diff_mode_gain/PrimeSimSPICE/parametric/L=0.1m/results/.unitedSimFinished
[18:44:36.60] /o Calc Job Done!
[18:44:36.60] /o New Worker New CE exit
[18:44:36.78] /o #####New Worker job begin - Self history dir=/home/argershm/180-voltmeter/Analog/cc/simulation/integrator,tb_main_opamp,schematic
[18:44:36.91] /o pw_worker _createCalculateEngine got job!
[18:44:36.91] /o pw_worker _createCalculateEngine OK!
[18:44:38.12] /o New Worker New CE ready proc entered.
[18:44:38.30] /o _getSimulationDetails : 
[18:44:38.30] /o tbName=diff_mode_gain, Mtb=0
[18:44:38.30] /o Got stb tb ok!
[18:44:38.30] /o Self resultsDir: ./simulation
[18:44:38.30] /o Self databaseDir: /home/argershm/180-voltmeter/Analog/cc/simulation/integrator,tb_main_opamp,schematic/history_1/simulation/diff_mode_gain/PrimeSimSPICE/parametric/results
[18:44:38.38] /o _createResultsMap done!
[18:44:38.38] /o ###write_child - resultsDir=/home/argershm/180-voltmeter/Analog/cc/simulation/integrator,tb_main_opamp,schematic/history_1/simulation/diff_mode_gain/PrimeSimSPICE/parametric/L=0.199526m/results
              /c  masterResultsDir=/home/argershm/180-voltmeter/Analog/cc/simulation/integrator,tb_main_opamp,schematic/history_1/simulation/diff_mode_gain/PrimeSimSPICE/parametric/results
              /c  databaseDir=/home/argershm/180-voltmeter/Analog/cc/simulation/integrator,tb_main_opamp,schematic/history_1/simulation/diff_mode_gain/PrimeSimSPICE/parametric/results
              /c  UniqueName=saeSession4, isPilot=false
[18:44:38.38] /o 
[18:44:38.39] /o pw_worker child CE begin!
[18:44:38.39] /o pw_worker invokes measurement finished.
[18:44:38.39] /o pw_worker writeSimMap finsied.
[18:44:38.39] /o _simulationDoneAction done without exception!
[18:44:38.49] /o Got file /home/argershm/180-voltmeter/Analog/cc/simulation/integrator,tb_main_opamp,schematic/history_1/simulation/diff_mode_gain/PrimeSimSPICE/parametric/L=0.199526m/results/.ceFinished
[18:44:38.80] /o touch /home/argershm/180-voltmeter/Analog/cc/simulation/integrator,tb_main_opamp,schematic/history_1/simulation/diff_mode_gain/PrimeSimSPICE/parametric/L=0.199526m/results/.unitedSimFinished
[18:44:38.80] /o Calc Job Done!
[18:44:38.80] /o New Worker New CE exit
[18:44:38.97] /o #####New Worker job begin - Self history dir=/home/argershm/180-voltmeter/Analog/cc/simulation/integrator,tb_main_opamp,schematic
[18:44:39.10] /o pw_worker _createCalculateEngine got job!
[18:44:39.10] /o pw_worker _createCalculateEngine OK!
[18:44:40.41] /o New Worker New CE ready proc entered.
[18:44:40.57] /o _getSimulationDetails : 
[18:44:40.57] /o tbName=diff_mode_gain, Mtb=0
[18:44:40.57] /o Got stb tb ok!
[18:44:40.57] /o Self resultsDir: ./simulation
[18:44:40.57] /o Self databaseDir: /home/argershm/180-voltmeter/Analog/cc/simulation/integrator,tb_main_opamp,schematic/history_1/simulation/diff_mode_gain/PrimeSimSPICE/parametric/results
[18:44:40.69] /o _createResultsMap done!
[18:44:40.69] /o ###write_child - resultsDir=/home/argershm/180-voltmeter/Analog/cc/simulation/integrator,tb_main_opamp,schematic/history_1/simulation/diff_mode_gain/PrimeSimSPICE/parametric/L=0.316228m/results
              /c  masterResultsDir=/home/argershm/180-voltmeter/Analog/cc/simulation/integrator,tb_main_opamp,schematic/history_1/simulation/diff_mode_gain/PrimeSimSPICE/parametric/results
              /c  databaseDir=/home/argershm/180-voltmeter/Analog/cc/simulation/integrator,tb_main_opamp,schematic/history_1/simulation/diff_mode_gain/PrimeSimSPICE/parametric/results
              /c  UniqueName=saeSession4, isPilot=false
[18:44:40.69] /o 
[18:44:40.70] /o pw_worker child CE begin!
[18:44:40.70] /o pw_worker invokes measurement finished.
[18:44:40.70] /o pw_worker writeSimMap finsied.
[18:44:40.70] /o _simulationDoneAction done without exception!
[18:44:40.80] /o Got file /home/argershm/180-voltmeter/Analog/cc/simulation/integrator,tb_main_opamp,schematic/history_1/simulation/diff_mode_gain/PrimeSimSPICE/parametric/L=0.316228m/results/.ceFinished
[18:44:41.11] /o touch /home/argershm/180-voltmeter/Analog/cc/simulation/integrator,tb_main_opamp,schematic/history_1/simulation/diff_mode_gain/PrimeSimSPICE/parametric/L=0.316228m/results/.unitedSimFinished
[18:44:41.11] /o Calc Job Done!
[18:44:41.11] /o New Worker New CE exit
[18:44:41.29] /o #####New Worker job begin - Self history dir=/home/argershm/180-voltmeter/Analog/cc/simulation/integrator,tb_main_opamp,schematic
[18:44:41.41] /o pw_worker _createCalculateEngine got job!
[18:44:41.41] /o pw_worker _createCalculateEngine OK!
[18:44:42.62] /o New Worker New CE ready proc entered.
[18:44:42.81] /o _getSimulationDetails : 
[18:44:42.81] /o tbName=diff_mode_gain, Mtb=0
[18:44:42.81] /o Got stb tb ok!
[18:44:42.81] /o Self resultsDir: ./simulation
[18:44:42.81] /o Self databaseDir: /home/argershm/180-voltmeter/Analog/cc/simulation/integrator,tb_main_opamp,schematic/history_1/simulation/diff_mode_gain/PrimeSimSPICE/parametric/results
[18:44:42.89] /o _createResultsMap done!
[18:44:42.90] /o ###write_child - resultsDir=/home/argershm/180-voltmeter/Analog/cc/simulation/integrator,tb_main_opamp,schematic/history_1/simulation/diff_mode_gain/PrimeSimSPICE/parametric/L=0.630957m/results
              /c  masterResultsDir=/home/argershm/180-voltmeter/Analog/cc/simulation/integrator,tb_main_opamp,schematic/history_1/simulation/diff_mode_gain/PrimeSimSPICE/parametric/results
              /c  databaseDir=/home/argershm/180-voltmeter/Analog/cc/simulation/integrator,tb_main_opamp,schematic/history_1/simulation/diff_mode_gain/PrimeSimSPICE/parametric/results
              /c  UniqueName=saeSession4, isPilot=false
[18:44:42.90] /o 
[18:44:42.91] /o pw_worker child CE begin!
[18:44:42.91] /o pw_worker invokes measurement finished.
[18:44:42.91] /o pw_worker writeSimMap finsied.
[18:44:42.91] /o _simulationDoneAction done without exception!
[18:44:43.01] /o Got file /home/argershm/180-voltmeter/Analog/cc/simulation/integrator,tb_main_opamp,schematic/history_1/simulation/diff_mode_gain/PrimeSimSPICE/parametric/L=0.630957m/results/.ceFinished
[18:44:43.32] /o touch /home/argershm/180-voltmeter/Analog/cc/simulation/integrator,tb_main_opamp,schematic/history_1/simulation/diff_mode_gain/PrimeSimSPICE/parametric/L=0.630957m/results/.unitedSimFinished
[18:44:43.32] /o Calc Job Done!
[18:44:43.32] /o New Worker New CE exit
[18:44:43.49] /o #####New Worker job begin - Self history dir=/home/argershm/180-voltmeter/Analog/cc/simulation/integrator,tb_main_opamp,schematic
[18:44:43.62] /o pw_worker _createCalculateEngine got job!
[18:44:43.62] /o pw_worker _createCalculateEngine OK!
[18:44:44.83] /o New Worker New CE ready proc entered.
[18:44:45.01] /o _getSimulationDetails : 
[18:44:45.01] /o tbName=diff_mode_gain, Mtb=0
[18:44:45.01] /o Got stb tb ok!
[18:44:45.01] /o Self resultsDir: ./simulation
[18:44:45.01] /o Self databaseDir: /home/argershm/180-voltmeter/Analog/cc/simulation/integrator,tb_main_opamp,schematic/history_1/simulation/diff_mode_gain/PrimeSimSPICE/parametric/results
[18:44:45.12] /o _createResultsMap done!
[18:44:45.12] /o ###write_child - resultsDir=/home/argershm/180-voltmeter/Analog/cc/simulation/integrator,tb_main_opamp,schematic/history_1/simulation/diff_mode_gain/PrimeSimSPICE/parametric/L=1.25893m/results
              /c  masterResultsDir=/home/argershm/180-voltmeter/Analog/cc/simulation/integrator,tb_main_opamp,schematic/history_1/simulation/diff_mode_gain/PrimeSimSPICE/parametric/results
              /c  databaseDir=/home/argershm/180-voltmeter/Analog/cc/simulation/integrator,tb_main_opamp,schematic/history_1/simulation/diff_mode_gain/PrimeSimSPICE/parametric/results
              /c  UniqueName=saeSession4, isPilot=false
[18:44:45.12] /o 
[18:44:45.13] /o pw_worker child CE begin!
[18:44:45.13] /o pw_worker invokes measurement finished.
[18:44:45.13] /o pw_worker writeSimMap finsied.
[18:44:45.13] /o _simulationDoneAction done without exception!
[18:44:45.23] /o Got file /home/argershm/180-voltmeter/Analog/cc/simulation/integrator,tb_main_opamp,schematic/history_1/simulation/diff_mode_gain/PrimeSimSPICE/parametric/L=1.25893m/results/.ceFinished
[18:44:45.54] /o touch /home/argershm/180-voltmeter/Analog/cc/simulation/integrator,tb_main_opamp,schematic/history_1/simulation/diff_mode_gain/PrimeSimSPICE/parametric/L=1.25893m/results/.unitedSimFinished
[18:44:45.54] /o Calc Job Done!
[18:44:45.54] /o New Worker New CE exit
[18:44:45.67] /o #####New Worker job begin - Self history dir=/home/argershm/180-voltmeter/Analog/cc/simulation/integrator,tb_main_opamp,schematic
[18:44:45.79] /o pw_worker _createCalculateEngine got job!
[18:44:45.79] /o pw_worker _createCalculateEngine OK!
[18:44:47.10] /o New Worker New CE ready proc entered.
[18:44:47.28] /o _getSimulationDetails : 
[18:44:47.28] /o tbName=diff_mode_gain, Mtb=0
[18:44:47.28] /o Got stb tb ok!
[18:44:47.28] /o Self resultsDir: ./simulation
[18:44:47.28] /o Self databaseDir: /home/argershm/180-voltmeter/Analog/cc/simulation/integrator,tb_main_opamp,schematic/history_1/simulation/diff_mode_gain/PrimeSimSPICE/parametric/results
[18:44:47.36] /o _createResultsMap done!
[18:44:47.36] /o ###write_child - resultsDir=/home/argershm/180-voltmeter/Analog/cc/simulation/integrator,tb_main_opamp,schematic/history_1/simulation/diff_mode_gain/PrimeSimSPICE/parametric/L=2.51189m/results
              /c  masterResultsDir=/home/argershm/180-voltmeter/Analog/cc/simulation/integrator,tb_main_opamp,schematic/history_1/simulation/diff_mode_gain/PrimeSimSPICE/parametric/results
              /c  databaseDir=/home/argershm/180-voltmeter/Analog/cc/simulation/integrator,tb_main_opamp,schematic/history_1/simulation/diff_mode_gain/PrimeSimSPICE/parametric/results
              /c  UniqueName=saeSession4, isPilot=false
[18:44:47.36] /o 
[18:44:47.38] /o pw_worker child CE begin!
[18:44:47.38] /o pw_worker invokes measurement finished.
[18:44:47.38] /o pw_worker writeSimMap finsied.
[18:44:47.38] /o _simulationDoneAction done without exception!
[18:44:47.48] /o Got file /home/argershm/180-voltmeter/Analog/cc/simulation/integrator,tb_main_opamp,schematic/history_1/simulation/diff_mode_gain/PrimeSimSPICE/parametric/L=2.51189m/results/.ceFinished
[18:44:47.78] /o touch /home/argershm/180-voltmeter/Analog/cc/simulation/integrator,tb_main_opamp,schematic/history_1/simulation/diff_mode_gain/PrimeSimSPICE/parametric/L=2.51189m/results/.unitedSimFinished
[18:44:47.78] /o Calc Job Done!
[18:44:47.78] /o New Worker New CE exit
[18:44:47.97] /o #####New Worker job begin - Self history dir=/home/argershm/180-voltmeter/Analog/cc/simulation/integrator,tb_main_opamp,schematic
[18:44:48.10] /o pw_worker _createCalculateEngine got job!
[18:44:48.10] /o pw_worker _createCalculateEngine OK!
[18:44:49.31] /o New Worker New CE ready proc entered.
[18:44:49.48] /o _getSimulationDetails : 
[18:44:49.48] /o tbName=diff_mode_gain, Mtb=0
[18:44:49.48] /o Got stb tb ok!
[18:44:49.48] /o Self resultsDir: ./simulation
[18:44:49.48] /o Self databaseDir: /home/argershm/180-voltmeter/Analog/cc/simulation/integrator,tb_main_opamp,schematic/history_1/simulation/diff_mode_gain/PrimeSimSPICE/parametric/results
[18:44:49.56] /o _createResultsMap done!
[18:44:49.56] /o ###write_child - resultsDir=/home/argershm/180-voltmeter/Analog/cc/simulation/integrator,tb_main_opamp,schematic/history_1/simulation/diff_mode_gain/PrimeSimSPICE/parametric/L=5.01187m/results
              /c  masterResultsDir=/home/argershm/180-voltmeter/Analog/cc/simulation/integrator,tb_main_opamp,schematic/history_1/simulation/diff_mode_gain/PrimeSimSPICE/parametric/results
              /c  databaseDir=/home/argershm/180-voltmeter/Analog/cc/simulation/integrator,tb_main_opamp,schematic/history_1/simulation/diff_mode_gain/PrimeSimSPICE/parametric/results
              /c  UniqueName=saeSession4, isPilot=false
[18:44:49.56] /o 
[18:44:49.57] /o pw_worker child CE begin!
[18:44:49.57] /o pw_worker invokes measurement finished.
[18:44:49.57] /o pw_worker writeSimMap finsied.
[18:44:49.57] /o _simulationDoneAction done without exception!
[18:44:49.67] /o Got file /home/argershm/180-voltmeter/Analog/cc/simulation/integrator,tb_main_opamp,schematic/history_1/simulation/diff_mode_gain/PrimeSimSPICE/parametric/L=5.01187m/results/.ceFinished
[18:44:49.98] /o touch /home/argershm/180-voltmeter/Analog/cc/simulation/integrator,tb_main_opamp,schematic/history_1/simulation/diff_mode_gain/PrimeSimSPICE/parametric/L=5.01187m/results/.unitedSimFinished
[18:44:49.98] /o Calc Job Done!
[18:44:49.98] /o New Worker New CE exit
[18:44:50.17] /o #####New Worker job begin - Self history dir=/home/argershm/180-voltmeter/Analog/cc/simulation/integrator,tb_main_opamp,schematic
[18:44:50.29] /o pw_worker _createCalculateEngine got job!
[18:44:50.29] /o pw_worker _createCalculateEngine OK!
[18:44:51.60] /o New Worker New CE ready proc entered.
[18:44:51.77] /o _getSimulationDetails : 
[18:44:51.77] /o tbName=diff_mode_gain, Mtb=0
[18:44:51.77] /o Got stb tb ok!
[18:44:51.77] /o Self resultsDir: ./simulation
[18:44:51.77] /o Self databaseDir: /home/argershm/180-voltmeter/Analog/cc/simulation/integrator,tb_main_opamp,schematic/history_1/simulation/diff_mode_gain/PrimeSimSPICE/parametric/results
[18:44:51.87] /o _createResultsMap done!
[18:44:51.88] /o ###write_child - resultsDir=/home/argershm/180-voltmeter/Analog/cc/simulation/integrator,tb_main_opamp,schematic/history_1/simulation/diff_mode_gain/PrimeSimSPICE/parametric/L=10m/results
              /c  masterResultsDir=/home/argershm/180-voltmeter/Analog/cc/simulation/integrator,tb_main_opamp,schematic/history_1/simulation/diff_mode_gain/PrimeSimSPICE/parametric/results
              /c  databaseDir=/home/argershm/180-voltmeter/Analog/cc/simulation/integrator,tb_main_opamp,schematic/history_1/simulation/diff_mode_gain/PrimeSimSPICE/parametric/results
              /c  UniqueName=saeSession4, isPilot=false
[18:44:51.88] /o 
[18:44:51.89] /o pw_worker child CE begin!
[18:44:51.89] /o pw_worker invokes measurement finished.
[18:44:51.89] /o pw_worker writeSimMap finsied.
[18:44:51.89] /o _simulationDoneAction done without exception!
[18:44:51.99] /o Got file /home/argershm/180-voltmeter/Analog/cc/simulation/integrator,tb_main_opamp,schematic/history_1/simulation/diff_mode_gain/PrimeSimSPICE/parametric/L=10m/results/.ceFinished
[18:44:52.30] /o touch /home/argershm/180-voltmeter/Analog/cc/simulation/integrator,tb_main_opamp,schematic/history_1/simulation/diff_mode_gain/PrimeSimSPICE/parametric/L=10m/results/.unitedSimFinished
[18:44:52.30] /o Calc Job Done!
[18:44:52.30] /o New Worker New CE exit
[18:44:52.47] /o #####New Worker job begin - Self history dir=/home/argershm/180-voltmeter/Analog/cc/simulation/integrator,tb_main_opamp,schematic
[18:44:52.60] /o pw_worker _createCalculateEngine got job!
[18:44:52.60] /o pw_worker _createCalculateEngine OK!
[18:44:53.91] /o New Worker New CE ready proc entered.
[18:44:54.09] /o _getSimulationDetails : 
[18:44:54.09] /o tbName=diff_mode_gain, Mtb=0
[18:44:54.09] /o Got stb tb ok!
[18:44:54.09] /o Self resultsDir: ./simulation
[18:44:54.09] /o Self databaseDir: /home/argershm/180-voltmeter/Analog/cc/simulation/integrator,tb_main_opamp,schematic/history_1/simulation/diff_mode_gain/PrimeSimSPICE/parametric/results
[18:44:54.19] /o _createResultsMap done!
[18:44:54.19] /o ###write_child - resultsDir=/home/argershm/180-voltmeter/Analog/cc/simulation/integrator,tb_main_opamp,schematic/history_1/simulation/diff_mode_gain/PrimeSimSPICE/parametric/L=25.1189m/results
              /c  masterResultsDir=/home/argershm/180-voltmeter/Analog/cc/simulation/integrator,tb_main_opamp,schematic/history_1/simulation/diff_mode_gain/PrimeSimSPICE/parametric/results
              /c  databaseDir=/home/argershm/180-voltmeter/Analog/cc/simulation/integrator,tb_main_opamp,schematic/history_1/simulation/diff_mode_gain/PrimeSimSPICE/parametric/results
              /c  UniqueName=saeSession4, isPilot=false
[18:44:54.19] /o 
[18:44:54.20] /o pw_worker child CE begin!
[18:44:54.20] /o pw_worker invokes measurement finished.
[18:44:54.20] /o pw_worker writeSimMap finsied.
[18:44:54.21] /o _simulationDoneAction done without exception!
[18:44:54.31] /o Got file /home/argershm/180-voltmeter/Analog/cc/simulation/integrator,tb_main_opamp,schematic/history_1/simulation/diff_mode_gain/PrimeSimSPICE/parametric/L=25.1189m/results/.ceFinished
[18:44:54.61] /o touch /home/argershm/180-voltmeter/Analog/cc/simulation/integrator,tb_main_opamp,schematic/history_1/simulation/diff_mode_gain/PrimeSimSPICE/parametric/L=25.1189m/results/.unitedSimFinished
[18:44:54.61] /o Calc Job Done!
[18:44:54.61] /o New Worker New CE exit
[18:44:54.79] /o #####New Worker job begin - Self history dir=/home/argershm/180-voltmeter/Analog/cc/simulation/integrator,tb_main_opamp,schematic
[18:44:54.92] /o pw_worker _createCalculateEngine got job!
[18:44:54.92] /o pw_worker _createCalculateEngine OK!
[18:44:56.13] /o New Worker New CE ready proc entered.
[18:44:56.30] /o _getSimulationDetails : 
[18:44:56.30] /o tbName=diff_mode_gain, Mtb=0
[18:44:56.30] /o Got stb tb ok!
[18:44:56.30] /o Self resultsDir: ./simulation
[18:44:56.30] /o Self databaseDir: /home/argershm/180-voltmeter/Analog/cc/simulation/integrator,tb_main_opamp,schematic/history_1/simulation/diff_mode_gain/PrimeSimSPICE/parametric/results
[18:44:56.38] /o _createResultsMap done!
[18:44:56.39] /o ###write_child - resultsDir=/home/argershm/180-voltmeter/Analog/cc/simulation/integrator,tb_main_opamp,schematic/history_1/simulation/diff_mode_gain/PrimeSimSPICE/parametric/L=0.1/results
              /c  masterResultsDir=/home/argershm/180-voltmeter/Analog/cc/simulation/integrator,tb_main_opamp,schematic/history_1/simulation/diff_mode_gain/PrimeSimSPICE/parametric/results
              /c  databaseDir=/home/argershm/180-voltmeter/Analog/cc/simulation/integrator,tb_main_opamp,schematic/history_1/simulation/diff_mode_gain/PrimeSimSPICE/parametric/results
              /c  UniqueName=saeSession4, isPilot=false
[18:44:56.39] /o 
[18:44:56.40] /o pw_worker child CE begin!
[18:44:56.40] /o pw_worker invokes measurement finished.
[18:44:56.40] /o pw_worker writeSimMap finsied.
[18:44:56.40] /o _simulationDoneAction done without exception!
[18:44:56.50] /o Got file /home/argershm/180-voltmeter/Analog/cc/simulation/integrator,tb_main_opamp,schematic/history_1/simulation/diff_mode_gain/PrimeSimSPICE/parametric/L=0.1/results/.ceFinished
[18:44:56.80] /o touch /home/argershm/180-voltmeter/Analog/cc/simulation/integrator,tb_main_opamp,schematic/history_1/simulation/diff_mode_gain/PrimeSimSPICE/parametric/L=0.1/results/.unitedSimFinished
[18:44:56.80] /o Calc Job Done!
[18:44:56.80] /o New Worker New CE exit
[18:44:59.86] /o Shutdown time: Sat Sep  6 18:44:59 2025
[18:44:59.86] /o Elapsed session real time: 0.93 minutes
[18:44:59.86] /o Session terminated. Log is at /home/argershm/180-voltmeter/Analog/cc/synopsys_custom/pwdp_jobs/saeSession4_diffmodegain.SimulationSimulation_cdpl.1.2931556/logs/w1/logs/pw_worker.argershm.2025_9_6_184403_2942906.log
