1757189685.375406: 2361411-7f47a13ba540: cdpl_log.c:337: in cdpl_log_open(): info: @@start_of_log@@
1757189685.375427: 2361411-7f47a13ba540: cdpl_log.c:1058: in cdpl_log_dump_sysinfo(): info: time: 2025/09/06 16:14:45 EDT -0400
1757189685.375430: 2361411-7f47a13ba540: cdpl_log.c:1060: in cdpl_log_dump_sysinfo(): info: version: W-2024.09-SP1-2 
1757189685.375431: 2361411-7f47a13ba540: cdpl_log.c:1062: in cdpl_log_dump_sysinfo(): info: system: Linux 4.18.0-553.69.1.el8_10.x86_64 #1 SMP Thu Aug 7 18:10:00 EDT 2025
1757189685.375433: 2361411-7f47a13ba540: cdpl_log.c:1067: in cdpl_log_dump_sysinfo(): info: processor: x86_64 64-bits
1757189685.375434: 2361411-7f47a13ba540: cdpl_log.c:1071: in cdpl_log_dump_sysinfo(): info: hostname: claws-compute3.ece.ncsu.edu
1757189685.375436: 2361411-7f47a13ba540: cdpl_log.c:1073: in cdpl_log_dump_sysinfo(): info: program name: custom_shell
1757189685.375438: 2361411-7f47a13ba540: cdpl_log.c:340: in cdpl_log_open(): debug: path: /home/argershm/180-voltmeter/Analog/cc/synopsys_custom/pwdp_jobs/saeSession4_diffmodegain.SimulationSimulation_cdpl.0.2361411/logs/master.claws-compute3.ece.ncsu.edu.2361411.log
1757189685.375440: 2361411-7f47a13ba540: cdpl_log.c:341: in cdpl_log_open(): debug: dir: /home/argershm/180-voltmeter/Analog/cc/synopsys_custom/pwdp_jobs/saeSession4_diffmodegain.SimulationSimulation_cdpl.0.2361411/logs
1757189685.375468: 2361411-7f47a13ba540: cdpl_server.c:536: in cdpl_sv_init(): info: new server S1334535984
1757189685.375474: 2361411-7f47a13ba540: cdpl_ipc.c:3475: in cdpl_ipc_init(): info: requesting IPv4 protocol
1757189685.381033: 2361411-7f47a13ba540: cdpl_ipc.c:837: in _selectaddrfamily(): info: selected IPv4 protocol
1757189685.381057: 2361411-7f47a13ba540: cdpl_ipc.c:1139: in _set_keepalive(): info: TCP keep alive interval: 300
1757189685.383768: 2361411-7f47a13ba540: cdpl_monitor.c:1117: in cdpl_mn_new_server(): info: creating server monitor instance
1757189685.383782: 2361411-7f47a13ba540: cdpl_server.c:650: in cdpl_sv_new_master(): info: new master M1
1757189685.383789: 2361411-7f47a13ba540: cdpl_server.c:6533: in cdpl_sv_ctl_master(): info: Setting worker heartbeat to 120 seconds
1757189685.383791: 2361411-7f47a13ba540: cdpl_server.c:6542: in cdpl_sv_ctl_master(): info: Setting worker heartbeat timeout to 3 heartbeats
1757189685.383793: 2361411-7f47a13ba540: cdpl_compat_master.c:2090: in _parse_hostfile(): info: reading hostfile `/home/argershm/180-voltmeter/Analog/cc/synopsys_custom/pwdp_jobs/saeSession4_diffmodegain.SimulationSimulation_cdpl.0.2361411/host_file'
1757189685.383812: 2361411-7f47a13ba540: cdpl_compat_master.c:1900: in _hostfile_parser(): debug: parsing "1     |localhost|   -1  | /tmp | SH | sh"
1757189685.383825: 2361411-7f47a13ba540: cdpl_farm.c:2578: in cdpl_farm_new_sh(): info: creating SH farm on localhost
1757189685.383830: 2361411-7f47a13ba540: cdpl_compat_master.c:206: in _set_farm_env(): info: exporting CDPL_LOGDIR as `/home/argershm/180-voltmeter/Analog/cc/synopsys_custom/pwdp_jobs/saeSession4_diffmodegain.SimulationSimulation_cdpl.0.2361411/logs'
1757189685.383832: 2361411-7f47a13ba540: cdpl_compat_master.c:212: in _set_farm_env(): info: exporting CDPL_TMPDIR as `/tmp'
1757189685.383834: 2361411-7f47a13ba540: cdpl_compat_master.c:235: in _set_farm_env(): info: exporting SNPSLMD_LICENSE_FILE as `27000@ece-lic-35.ece.ncsu.edu'
1757189685.383836: 2361411-7f47a13ba540: cdpl_compat_master.c:259: in _set_farm_env(): info: exporting CDPL_OPTIONS as `[nowlogs]'
1757189685.383837: 2361411-7f47a13ba540: cdpl_compat_master.c:266: in _set_farm_env(): info: exporting DISPLAY as `unix:19310'
1757189685.383839: 2361411-7f47a13ba540: cdpl_compat_master.c:274: in _set_farm_env(): info: exporting CDPL_HEARTBEAT as `120'
1757189685.383849: 2361411-7f47a13ba540: cdpl_farm.c:3149: in cdpl_farm_add_withdir(): debug: added `localhost' (capacity: unlimited)
1757189685.383851: 2361411-7f47a13ba540: cdpl_compat_parse.c:147: in parsefile(): debug: read `/home/argershm/180-voltmeter/Analog/cc/synopsys_custom/pwdp_jobs/saeSession4_diffmodegain.SimulationSimulation_cdpl.0.2361411/host_file', 2 lines
1757189685.383857: 2361411-7f47a13ba540: cdpl_compat_master.c:2931: in cdplInitMaster(): info: bcast dir is `/home/argershm/180-voltmeter/Analog/cc/synopsys_custom/pwdp_jobs/saeSession4_diffmodegain.SimulationSimulation_cdpl.0.2361411/logs'
1757189685.383902: 2361411-7f47a13ba540: cdpl_server.c:6433: in cdpl_sv_ctl_master(): info: farm worker timeout set to 300
1757189685.383904: 2361411-7f47a13ba540: cdpl_server.c:6486: in cdpl_sv_ctl_master(): info: maximum number of task execution attempts set to 1
1757189685.383918: 2361411-7f47a13ba540: cdpl_server.c:3195: in cdpl_sv_start(): debug: starting server
1757189685.383922: 2361411-7f47a13ba540: cdpl_ipc.c:3632: in cdpl_ipc_start(): debug: starting IPC server 152.14.98.53:43503
1757189685.384121: 2361411-7f4769228700: cdpl_server_ipc.c:1182: in _sv_ipc_thread(): debug: ready
1757189685.384230: 2361411-7f4768a27700: cdpl_monitor.c:426: in cdpl_mn_init_client(): info: creating client monitor instance
1757189685.384252: 2361411-7f4768a27700: cdpl_ipc.c:3475: in cdpl_ipc_init(): info: requesting IPv4 protocol
1757189685.388150: 2361411-7f4768a27700: cdpl_ipc.c:837: in _selectaddrfamily(): info: selected IPv4 protocol
1757189685.388177: 2361411-7f4768a27700: cdpl_ipc.c:1139: in _set_keepalive(): info: TCP keep alive interval: 300
1757189685.391439: 2361411-7f4768a27700: cdpl_ipc.c:3632: in cdpl_ipc_start(): debug: starting IPC server 152.14.98.53:41669
1757189685.391680: 2361411-7f4768a27700: cdpl_monitor.c:471: in cdpl_mn_init_client(): debug: incoming messages in /tmp/cdpl-monitor-1rQ8Hy
1757189685.391759: 2361411-7f4768a27700: cdpl_monitor.c:533: in cdpl_mn_connect(): debug: connecting to 152.14.98.53:43503
1757189685.391767: 2361411-7f4768a27700: cdpl_ipc.c:3789: in cdpl_ipc_connect(): info: connecting to 152.14.98.53:43503
1757189685.391828: 2361411-7f4768a27700: cdpl_ipc.c:3860: in cdpl_ipc_connect(): info: connected as `152.14.98.53:37460'
1757189685.391845: 2361411-7f4768a27700: cdpl_ipc.c:2503: in cdpl_ipc_host_accept(): debug: accepted host `152.14.98.53:43503'
1757189685.391856: 2361411-7f4769a29700: cdpl_ipc.c:1862: in _epoll_accept(): debug: new connection from `152.14.98.53:37460'
1757189685.391884: 2361411-7f4768a27700: cdpl_monitor.c:579: in cdpl_mn_connect(): debug: ok
1757189685.391903: 2361411-7f47a13ba540: cdpl_server.c:731: in cdpl_sv_new_job(): info: new job J1 in M1
1757189685.391915: 2361411-7f4769228700: cdpl_server_ipc.c:1225: in _sv_ipc_thread(): debug: received ACCEPT notification
1757189685.391926: 2361411-7f4769228700: cdpl_ipc.c:2503: in cdpl_ipc_host_accept(): debug: accepted host `152.14.98.53:37460'
1757189685.391933: 2361411-7f47a13ba540: cdpl_compat_master.c:1581: in _add_worker(): info: new worker type 10, min:1, max:3, cmd:`/home/argershm/180-voltmeter/Analog/cc/synopsys_custom/pwdp_jobs/saeSession4_diffmodegain.SimulationSimulation_cdpl.0.2361411/START_WORKER pw_worker -i /home/argershm/180-voltmeter/Analog/cc/synopsys_custom/pwdp_jobs
1757189685.391940: 2361411-7f4769228700: cdpl_server_ipc.c:1256: in _sv_ipc_thread(): debug: received MONITOR message
1757189685.391945: 2361411-7f47a13ba540: cdpl_server.c:908: in cdpl_sv_new_bin_withfarm(): info: new bin B1 in J1
1757189685.392103: 2361411-7f4769228700: cdpl_monitor.c:1207: in cdpl_mn_accept(): debug: accepted monitor `152.14.98.53:37460'
1757189685.392110: 2361411-7f4769228700: cdpl_server_ipc_mon.c:120: in _globalLOCK(): debug: ENTERTING GLOBAL LOCK
1757189685.392112: 2361411-7f4769228700: cdpl_server_ipc_mon.c:164: in _globalLOCK(): debug: global lock acquired
1757189685.392119: 2361411-7f47567fc700: cdpl_monitor.c:910: in mn_systat(): debug: started
1757189685.392414: 2361411-7f47567fc700: cdpl_monitor.c:937: in mn_systat(): debug: monitor server flush rate: 5
1757189686.157258: 2361411-7f4769228700: cdpl_server_ipc_mon.c:210: in _globalUNLOCK(): debug: LEAVING GLOBAL LOCK
1757189686.157666: 2361411-7f47a13ba540: cdpl_server.c:3249: in cdpl_sv_start_job(): info: starting job J1
1757189686.157695: 2361411-7f47a13ba540: cdpl_server.c:62: in _sv_start_bin(): debug: starting bin B1 (min: 0, max: 3)
1757189686.157822: 2361411-7f4754ff9700: cdpl_server_sched.c:2482: in _sv_scheduler_thread(): debug: scheduler for bin B1 started
1757189686.157848: 2361411-7f47a13ba540: cdpl_server.c:1893: in _sv_gen_task(): info: new task T0 in B1 (prio 0)
1757189686.157882: 2361411-7f47a13ba540: cdpl_server.c:2698: in cdpl_sv_label_task_va(): info: setting task T0 label to "PrimeSim_1|PrimeSim"
1757189686.157931: 2361411-7f4754ff9700: cdpl_server_sched.c:2443: in _scheduler_run(): debug: will start a new worker
1757189686.157976: 2361411-7f4754ff9700: cdpl_farm.c:3977: in cdpl_farm_submit(): debug: 1 running processes
1757189686.157984: 2361411-7f4754ff9700: cdpl_farm.c:3985: in cdpl_farm_submit(): debug: new command C1 in bin B1 assigned to host `localhost'
1757189686.158087: 2361411-7f4754ff9700: cdpl_server_sched.c:705: in _sv_launch_worker(): info: started worker W1 (as C1) in bin B1
1757189686.158108: 2361411-7f4747fff700: cdpl_farm.c:2139: in _schedule(): debug: started
1757189686.158117: 2361411-7f4747fff700: cdpl_farm.c:2303: in _schedule(): debug: submitting command C1 in bin B1
1757189686.158133: 2361411-7f4747fff700: cdpl_sh.c:49: in _sh_detached_submit(): info: SH : /home/argershm/180-voltmeter/Analog/cc/synopsys_custom/pwdp_jobs/saeSession4_diffmodegain.SimulationSimulation_cdpl.0.2361411/START_WORKER pw_worker -i /home/argershm/180-voltmeter/Analog/cc/synopsys_custom/pwdp_jobs/saeSession4_diffmodegain.SimulationSimulation_cdpl.0.2361411 -t 10000
1757189686.166459: 2361411-7f4747fff700: cdpl_farm.c:2343: in _schedule(): debug: C1 in bin B1 running on slot 0
1757189686.166495: 2361411-7f4747fff700: cdpl_farm.c:2167: in _schedule(): debug: idle
1757189686.249884: 2361411-7f47a13ba540: cdpl_compat_master.c:5948: in cdplMasterLogInfo(): info: [non-CDPL log entry] PWDP3: reset pilot cache succeeded, pilot_key=saeSession4,1,diff_mode_gain|&/home/argershm/180-voltmeter/Analog/cc/simulation/integrator,tb_main_opamp,schematic/history_1/simulation/diff_mode_gain/PrimeSimSPICE/nominal/results
1757189686.466558: 2361411-7f4747fff700: cdpl_farm.c:1193: in _onexit(): debug: C1 in bin B1 exited normally on slot 0
1757189687.277967: 2361411-7f4755ffb700: cdpl_compat_master.c:5948: in cdplMasterLogInfo(): info: [non-CDPL log entry] PWDP - no-workers started ok check start!
1757189688.217810: 2361411-7f4769a29700: cdpl_ipc.c:1862: in _epoll_accept(): debug: new connection from `152.14.98.53:33256'
1757189688.217854: 2361411-7f4769228700: cdpl_server_ipc.c:1225: in _sv_ipc_thread(): debug: received ACCEPT notification
1757189688.217868: 2361411-7f4769228700: cdpl_ipc.c:2503: in cdpl_ipc_host_accept(): debug: accepted host `152.14.98.53:33256'
1757189688.217998: 2361411-7f4769228700: cdpl_server_ipc.c:1246: in _sv_ipc_thread(): debug: received HELLO message
1757189688.218004: 2361411-7f4769228700: cdpl_server_ipc.c:430: in _sv_on_hello(): debug: looking up W1
1757189688.218007: 2361411-7f4769228700: cdpl_server_ipc.c:540: in _sv_on_hello(): info: W1 is `152.14.98.53:33256'
1757189688.218009: 2361411-7f4769228700: cdpl_server_ipc.c:541: in _sv_on_hello(): debug: hello W1 (B1)
1757189688.218011: 2361411-7f4769228700: cdpl_server_ipc.c:542: in _sv_on_hello(): info: W1 log file is /dev/null
1757189688.218059: 2361411-7f4769228700: cdpl_server_ipc.c:602: in _sv_on_hello(): info: up to 1 alive workers in B1
1757189688.218069: 2361411-7f4769228700: cdpl_farm.c:878: in _release_cmd(): debug: freeing command C1 in bin B1
1757189688.218093: 2361411-7f4754ff9700: cdpl_server_sched.c:960: in _assign(): info: assigning task T0 to worker W1
1757189688.282144: 2361411-7f4769228700: cdpl_server_ipc.c:1268: in _sv_ipc_thread(): debug: received RELAY message
1757189688.282157: 2361411-7f4769228700: cdpl_server_ipc.c:713: in _sv_on_relay(): debug: RELAY message from W1, size = 65
1757189688.282159: 2361411-7f4769228700: cdpl_server_ipc.c:715: in _sv_on_relay(): debug: RELAY message from W1, content = 0$2362127 claws-compute3.ece.ncsu.edu 2362145 RUNNING 1757189688
1757189689.218243: 2361411-7f4769228700: cdpl_server_ipc.c:312: in _sv_on_heartbeat(): debug: received HEARTBEAT from worker W1 at 152.14.98.53:33256
1757189690.393035: 2361411-7f4768a27700: cdpl_monitor.c:533: in cdpl_mn_connect(): debug: connecting to 152.14.98.53:33915
1757189690.393047: 2361411-7f4768a27700: cdpl_ipc.c:3789: in cdpl_ipc_connect(): info: connecting to 152.14.98.53:33915
1757189690.393183: 2361411-7f4768a27700: cdpl_ipc.c:3860: in cdpl_ipc_connect(): info: connected as `152.14.98.53:51232'
1757189690.393189: 2361411-7f4768a27700: cdpl_ipc.c:2503: in cdpl_ipc_host_accept(): debug: accepted host `152.14.98.53:33915'
1757189690.393194: 2361411-7f4768a27700: cdpl_monitor.c:579: in cdpl_mn_connect(): debug: ok
1757189694.615377: 2361411-7f4769228700: cdpl_server_ipc.c:1268: in _sv_ipc_thread(): debug: received RELAY message
1757189694.615393: 2361411-7f4769228700: cdpl_server_ipc.c:713: in _sv_on_relay(): debug: RELAY message from W1, size = 52
1757189694.615395: 2361411-7f4769228700: cdpl_server_ipc.c:715: in _sv_on_relay(): debug: RELAY message from W1, content = WORKERDU|3212,/dev/mapper/rhel_claws--compute3-home
1757189694.615401: 2361411-7f4769228700: cdpl_server_ipc.c:1268: in _sv_ipc_thread(): debug: received RELAY message
1757189694.615403: 2361411-7f4769228700: cdpl_server_ipc.c:713: in _sv_on_relay(): debug: RELAY message from W1, size = 193
1757189694.615404: 2361411-7f4769228700: cdpl_server_ipc.c:715: in _sv_on_relay(): debug: RELAY message from W1, content = REQPILOT|saeSession4,1,diff_mode_gain|&/home/argershm/180-voltmeter/Analog/cc/simulation/integrator,tb_main_opamp,schematic/history_1/simulation/diff_mode_gain/PrimeSimSPICE/nominal/results|&0
1757189694.615485: 2361411-7f4756ffd700: cdpl_compat_master.c:5948: in cdplMasterLogInfo(): info: [non-CDPL log entry] PWDP send back 'DOPILOT' to worker id:1 key: saeSession4,1,diff_mode_gain|&/home/argershm/180-voltmeter/Analog/cc/simulation/integrator,tb_main_opamp,schematic/history_1/simulation/diff_mode_gain/PrimeSimSPICE/nominal/results
1757189694.615695: 2361411-7f4756ffd700: cdpl_compat_master.c:5948: in cdplMasterLogInfo(): info: [non-CDPL log entry] PWDP: set pilot doing!
1757189694.618883: 2361411-7f4769228700: cdpl_server_ipc.c:1268: in _sv_ipc_thread(): debug: received RELAY message
1757189694.618893: 2361411-7f4769228700: cdpl_server_ipc.c:713: in _sv_on_relay(): debug: RELAY message from W1, size = 189
1757189694.618895: 2361411-7f4769228700: cdpl_server_ipc.c:715: in _sv_on_relay(): debug: RELAY message from W1, content = PILOTOK|saeSession4,1,diff_mode_gain|&/home/argershm/180-voltmeter/Analog/cc/simulation/integrator,tb_main_opamp,schematic/history_1/simulation/diff_mode_gain/PrimeSimSPICE/nominal/results
1757189694.618913: 2361411-7f4756ffd700: cdpl_compat_master.c:5948: in cdplMasterLogInfo(): info: [non-CDPL log entry] PWDP: set pilot done!
1757189694.618986: 2361411-7f4769228700: cdpl_server_ipc.c:1268: in _sv_ipc_thread(): debug: received RELAY message
1757189694.619001: 2361411-7f4769228700: cdpl_server_ipc.c:713: in _sv_on_relay(): debug: RELAY message from W1, size = 18
1757189694.619003: 2361411-7f4769228700: cdpl_server_ipc.c:715: in _sv_on_relay(): debug: RELAY message from W1, content = 0$- - - MEASDOING
1757189694.874386: 2361411-7f4769228700: cdpl_server_ipc.c:1268: in _sv_ipc_thread(): debug: received RELAY message
1757189694.874398: 2361411-7f4769228700: cdpl_server_ipc.c:713: in _sv_on_relay(): debug: RELAY message from W1, size = 77
1757189694.874401: 2361411-7f4769228700: cdpl_server_ipc.c:715: in _sv_on_relay(): debug: RELAY message from W1, content = 0$2362127 claws-compute3.ece.ncsu.edu 2362145 FINISHED 1757189688|1757189694
1757189694.875812: 2361411-7f4769228700: cdpl_server_ipc.c:1268: in _sv_ipc_thread(): debug: received RELAY message
1757189694.875820: 2361411-7f4769228700: cdpl_server_ipc.c:713: in _sv_on_relay(): debug: RELAY message from W1, size = 191
1757189694.875822: 2361411-7f4769228700: cdpl_server_ipc.c:715: in _sv_on_relay(): debug: RELAY message from W1, content = PILOTDONE|saeSession4,1,diff_mode_gain|&/home/argershm/180-voltmeter/Analog/cc/simulation/integrator,tb_main_opamp,schematic/history_1/simulation/diff_mode_gain/PrimeSimSPICE/nominal/results
1757189694.875846: 2361411-7f4756ffd700: cdpl_compat_master.c:5948: in cdplMasterLogInfo(): info: [non-CDPL log entry] saeSession4,1,diff_mode_gain|&/home/argershm/180-voltmeter/Analog/cc/simulation/integrator,tb_main_opamp,schematic/history_1/simulation/diff_mode_gain/PrimeSimSPICE/nominal/results PILOTDONE!
1757189694.876136: 2361411-7f4769228700: cdpl_server_ipc.c:1251: in _sv_ipc_thread(): debug: received FINISH message
1757189694.876144: 2361411-7f4769228700: cdpl_server_ipc.c:983: in _sv_on_finish(): info: worker W1 completed task T0
1757189694.876146: 2361411-7f4769228700: cdpl_server_ipc.c:988: in _sv_on_finish(): debug: stat T0: utime=3844 stime=1857
1757189694.876148: 2361411-7f4769228700: cdpl_server_ipc.c:993: in _sv_on_finish(): debug: statm T0: vsize=3054844 rss=1039632 shared=519736 text=474784 data=710288
1757189694.881218: 2361411-7f4769228700: cdpl_server_ipc.c:1268: in _sv_ipc_thread(): debug: received RELAY message
1757189694.881221: 2361411-7f4769228700: cdpl_server_ipc.c:713: in _sv_on_relay(): debug: RELAY message from W1, size = 50
1757189694.881223: 2361411-7f4769228700: cdpl_server_ipc.c:715: in _sv_on_relay(): debug: RELAY message from W1, content = WORKERDU|20,/dev/mapper/rhel_claws--compute3-home
1757189694.971950: 2361411-7f47a13ba540: cdpl_server.c:227: in _sv_free_task_safe(): debug: freeing task T0
1757189695.879015: 2361411-7f47a13ba540: cdpl_server.c:3008: in cdpl_sv_halt_job_errno(): info: killing job J1
1757189695.879043: 2361411-7f47a13ba540: cdpl_server.c:3044: in cdpl_sv_halt_job_errno(): debug: signal bin B1 scheduler to stop
1757189695.879070: 2361411-7f4754ff9700: cdpl_server_sched.c:2484: in _sv_scheduler_thread(): debug: scheduler for bin B1 stopped
1757189695.879110: 2361411-7f4754ff9700: cdpl_ipc.c:1657: in _host_drop__UNSAFE(): debug: dropping host `152.14.98.53:33256'
1757189695.879149: 2361411-7f4754ff9700: cdpl_server_sched.c:2830: in _sv_drop_worker(): info: down to 0 alive workers in B1
1757189695.879158: 2361411-7f4754ff9700: cdpl_farm.c:4152: in cdpl_farm_dismiss(): debug: down to 0 running processes
1757189695.879163: 2361411-7f4769228700: cdpl_server_ipc.c:1236: in _sv_ipc_thread(): debug: received DROP notification
1757189695.879197: 2361411-7f4754ff9700: cdpl_server_sched.c:121: in _free_worker_2(): debug: freeing worker W1
1757189695.879210: 2361411-7f4754ff9700: cdpl_ipc.c:2513: in cdpl_ipc_host_release(): debug: releasing host `152.14.98.53:33256'
1757189695.879212: 2361411-7f4754ff9700: cdpl_ipc.c:2529: in cdpl_ipc_host_release(): debug: scheduling for immediate release
1757189695.879239: 2361411-7f47a13ba540: cdpl_server.c:294: in _sv_free_job(): info: freeing job J1
1757189695.879245: 2361411-7f47a13ba540: cdpl_server.c:92: in _sv_free_bin(): debug: freeing bin B1
1757189695.879282: 2361411-7f47a13ba540: cdpl_monitor.c:515: in cdpl_mn_kill(): info: killing monitor
1757189695.879290: 2361411-7f47a13ba540: cdpl_ipc.c:3677: in cdpl_ipc_kill(): debug: stopping event server
1757189695.879314: 2361411-7f4757fff700: cdpl_ipc.c:2460: in _epoll_main(): debug: server going down...
1757189695.879361: 2361411-7f4769a29700: cdpl_ipc.c:775: in _readv(): warning: read(): EOF
1757189695.879385: 2361411-7f4769a29700: cdpl_ipc.c:2100: in _epoll_recv(): debug: _readv(): Broken pipe
1757189695.879388: 2361411-7f4769a29700: cdpl_ipc.c:2424: in _epoll_main(): debug: _epoll_recv(): Broken pipe
1757189695.879392: 2361411-7f4769a29700: cdpl_ipc.c:1657: in _host_drop__UNSAFE(): debug: dropping host `152.14.98.53:37460'
1757189695.879432: 2361411-7f4769a29700: cdpl_ipc.c:1582: in _host_free__UNSAFE(): debug: freeing host `152.14.98.53:33256'
1757189695.879434: 2361411-7f4769a29700: cdpl_ipc.c:1621: in _host_free__UNSAFE(): debug: [0 outq, 0 spR, 0 spW]
1757189695.879442: 2361411-7f4769228700: cdpl_server_ipc.c:1236: in _sv_ipc_thread(): debug: received DROP notification
1757189695.879453: 2361411-7f4769228700: cdpl_monitor.c:1269: in cdpl_mn_drop(): debug: detaching from monitor `152.14.98.53:37460'
1757189695.879462: 2361411-7f4769228700: cdpl_monitor.c:1101: in mn_systat_stop(): debug: joining systat thread
1757189695.879485: 2361411-7f47567fc700: cdpl_monitor.c:1079: in mn_systat(): debug: exiting
1757189695.879493: 2361411-7f4769228700: cdpl_monitor.c:1103: in mn_systat_stop(): debug: systat thread done
1757189695.879495: 2361411-7f4769228700: cdpl_ipc.c:2513: in cdpl_ipc_host_release(): debug: releasing host `152.14.98.53:37460'
1757189695.879566: 2361411-7f4768a27700: cdpl_ipc.c:3728: in cdpl_ipc_free(): debug: releasing IPC handle
1757189695.879570: 2361411-7f4768a27700: cdpl_ipc.c:1582: in _host_free__UNSAFE(): debug: freeing host `152.14.98.53:33915'
1757189695.879572: 2361411-7f4768a27700: cdpl_ipc.c:1621: in _host_free__UNSAFE(): debug: [0 outq, 0 spR, 0 spW]
1757189695.879580: 2361411-7f4768a27700: cdpl_ipc.c:1582: in _host_free__UNSAFE(): debug: freeing host `152.14.98.53:43503'
1757189695.879581: 2361411-7f4768a27700: cdpl_ipc.c:1621: in _host_free__UNSAFE(): debug: [0 outq, 0 spR, 0 spW]
1757189695.879587: 2361411-7f4768a27700: cdpl_ipc.c:3756: in cdpl_ipc_free(): warning: 2 host(s) were not released
1757189695.879600: 2361411-7f4768a27700: cdpl_ipc.c:3767: in cdpl_ipc_free(): debug: done
1757189695.879602: 2361411-7f4768a27700: cdpl_monitor.c:1390: in cdpl_mn_free(): debug: freeing monitor client
1757189695.879692: 2361411-7f47a13ba540: cdpl_farm.c:2740: in cdpl_farm_free(): info: freeing farm
1757189695.879705: 2361411-7f4747fff700: cdpl_farm.c:2231: in _schedule(): debug: end of idling
1757189695.879709: 2361411-7f4747fff700: cdpl_farm.c:2235: in _schedule(): debug: dying
1757189695.879791: 2361411-7f47a13ba540: cdpl_farm.c:913: in _killall(): debug: killing all remaining commands
1757189695.879803: 2361411-7f47a13ba540: cdpl_server.c:3144: in cdpl_sv_free(): info: freeing server S1334535984
1757189695.879818: 2361411-7f47a13ba540: cdpl_server.c:3109: in cdpl_sv_kill_errno(): info: killing server
1757189695.879820: 2361411-7f47a13ba540: cdpl_ipc.c:3677: in cdpl_ipc_kill(): debug: stopping event server
1757189695.879831: 2361411-7f4769a29700: cdpl_ipc.c:2460: in _epoll_main(): debug: server going down...
1757189695.879835: 2361411-7f4769228700: cdpl_server_ipc.c:1200: in _sv_ipc_thread(): debug: leaving now
1757189695.879843: 2361411-7f47a13ba540: cdpl_server.c:334: in _sv_free_master(): info: freeing master M1
1757189695.879849: 2361411-7f47a13ba540: cdpl_hash.c:68: in cdpl_h_destroy(): debug: put operations: 1
1757189695.879851: 2361411-7f47a13ba540: cdpl_hash.c:69: in cdpl_h_destroy(): debug: put collisions: 0
1757189695.879853: 2361411-7f47a13ba540: cdpl_hash.c:70: in cdpl_h_destroy(): debug: get operations: 1
1757189695.879855: 2361411-7f47a13ba540: cdpl_hash.c:71: in cdpl_h_destroy(): debug: get iterations: 1
1757189695.879864: 2361411-7f47a13ba540: cdpl_monitor.c:1390: in cdpl_mn_free(): debug: freeing monitor server
1757189695.879866: 2361411-7f47a13ba540: cdpl_ipc.c:3728: in cdpl_ipc_free(): debug: releasing IPC handle
1757189695.879868: 2361411-7f47a13ba540: cdpl_ipc.c:1582: in _host_free__UNSAFE(): debug: freeing host `152.14.98.53:37460'
1757189695.879870: 2361411-7f47a13ba540: cdpl_ipc.c:1621: in _host_free__UNSAFE(): debug: [0 outq, 0 spR, 0 spW]
1757189695.879889: 2361411-7f47a13ba540: cdpl_ipc.c:3767: in cdpl_ipc_free(): debug: done
1757189695.879894: 2361411-7f47a13ba540: cdpl_log.c:481: in cdpl_log_close(): info: @@end_of_log@@
