   *** running Tcl script ... ***
   ***   -*- Tcl script done -*- ***
  -*- memory usage : 739.52MB -*-
  -*- CPU Time :     0.09s -*-
   *** running Tcl script ... ***
   ***   -*- Tcl script done -*- ***
  -*- memory usage : 739.52MB -*-
  -*- CPU Time :     0.09s -*-
   *** running Tcl script ... ***
   ***   -*- Tcl script done -*- ***
  -*- memory usage : 742.48MB -*-
  -*- CPU Time :     0.10s -*-
   *** running Tcl script ... ***
   ***   -*- Tcl script done -*- ***
  -*- memory usage : 742.48MB -*-
  -*- CPU Time :     0.10s -*-
   *** running Tcl script ... ***
   ***   -*- Tcl script done -*- ***
  -*- memory usage : 742.48MB -*-
  -*- CPU Time :     0.10s -*-
sx_set_data_directory {/home/argershm/180-voltmeter/Analog/cc/simulation/integrator,tb_main_opamp,schematic/history_1/simulation/diff_mode_gain/PrimeSimSPICE/parametric/results}
   *** running Tcl script ... ***
   ***   -*- Tcl script done -*- ***
  -*- memory usage : 742.88MB -*-
  -*- CPU Time :     0.10s -*-
[22:00:50.190] I| Setup simulation complete: 
    results directory: /home/argershm/180-voltmeter/Analog/cc/simulation/integrator,tb_main_opamp,schematic/history_1/simulation/diff_mode_gain/PrimeSimSPICE/parametric/results 
    post database directory: /home/argershm/180-voltmeter/Analog/cc/simulation/integrator,tb_main_opamp,schematic/history_1/simulation/diff_mode_gain/PrimeSimSPICE/parametric/results
[22:01:00.030] I| Setup simulation complete: 
    results directory: /home/argershm/180-voltmeter/Analog/cc/simulation/integrator,tb_main_opamp,schematic/history_1/simulation/diff_mode_gain/PrimeSimSPICE/parametric/results 
    post database directory: /home/argershm/180-voltmeter/Analog/cc/simulation/integrator,tb_main_opamp,schematic/history_1/simulation/diff_mode_gain/PrimeSimSPICE/parametric/results
Start to post process[22:01:06.820] I| Pilot Wave is empty.

[22:01:06.820] I| Start converting postResultsMap.xml...
   *** loading waveform file /home/argershm/180-voltmeter/Analog/cc/simulation/integrator,tb_main_opamp,schematic/history_1/simulation/diff_mode_gain/PrimeSimSPICE/parametric/results/postResultsMap.xml ... ***
   *** loading waveform file /home/argershm/180-voltmeter/Analog/cc/simulation/integrator,tb_main_opamp,schematic/history_1/simulation/diff_mode_gain/PrimeSimSPICE/parametric/L_bias=0.6u,L_gm=0.28u,W_gm=10u/results/post1.wave ... ***
   *** loading waveform file /home/argershm/180-voltmeter/Analog/cc/simulation/integrator,tb_main_opamp,schematic/history_1/simulation/diff_mode_gain/PrimeSimSPICE/parametric/L_bias=0.6u,L_gm=0.28u,W_gm=20u/results/post1.wave ... ***
   *** loading waveform file /home/argershm/180-voltmeter/Analog/cc/simulation/integrator,tb_main_opamp,schematic/history_1/simulation/diff_mode_gain/PrimeSimSPICE/parametric/L_bias=0.6u,L_gm=0.28u,W_gm=30u/results/post1.wave ... ***
   *** loading waveform file /home/argershm/180-voltmeter/Analog/cc/simulation/integrator,tb_main_opamp,schematic/history_1/simulation/diff_mode_gain/PrimeSimSPICE/parametric/L_bias=0.6u,L_gm=0.28u,W_gm=40u/results/post1.wave ... ***
   *** loading waveform file /home/argershm/180-voltmeter/Analog/cc/simulation/integrator,tb_main_opamp,schematic/history_1/simulation/diff_mode_gain/PrimeSimSPICE/parametric/L_bias=0.6u,L_gm=0.28u,W_gm=50u/results/post1.wave ... ***
   *** loading waveform file /home/argershm/180-voltmeter/Analog/cc/simulation/integrator,tb_main_opamp,schematic/history_1/simulation/diff_mode_gain/PrimeSimSPICE/parametric/L_bias=0.6u,L_gm=0.28u,W_gm=60u/results/post1.wave ... ***
   *** loading waveform file /home/argershm/180-voltmeter/Analog/cc/simulation/integrator,tb_main_opamp,schematic/history_1/simulation/diff_mode_gain/PrimeSimSPICE/parametric/L_bias=1u,L_gm=0.28u,W_gm=10u/results/post1.wave ... ***
   *** loading waveform file /home/argershm/180-voltmeter/Analog/cc/simulation/integrator,tb_main_opamp,schematic/history_1/simulation/diff_mode_gain/PrimeSimSPICE/parametric/L_bias=1u,L_gm=0.28u,W_gm=20u/results/post1.wave ... ***
   *** loading waveform file /home/argershm/180-voltmeter/Analog/cc/simulation/integrator,tb_main_opamp,schematic/history_1/simulation/diff_mode_gain/PrimeSimSPICE/parametric/L_bias=1u,L_gm=0.28u,W_gm=30u/results/post1.wave ... ***
   *** loading waveform file /home/argershm/180-voltmeter/Analog/cc/simulation/integrator,tb_main_opamp,schematic/history_1/simulation/diff_mode_gain/PrimeSimSPICE/parametric/L_bias=1u,L_gm=0.28u,W_gm=40u/results/post1.wave ... ***
   *** loading waveform file /home/argershm/180-voltmeter/Analog/cc/simulation/integrator,tb_main_opamp,schematic/history_1/simulation/diff_mode_gain/PrimeSimSPICE/parametric/L_bias=1u,L_gm=0.28u,W_gm=50u/results/post1.wave ... ***
   *** loading waveform file /home/argershm/180-voltmeter/Analog/cc/simulation/integrator,tb_main_opamp,schematic/history_1/simulation/diff_mode_gain/PrimeSimSPICE/parametric/L_bias=1u,L_gm=0.28u,W_gm=60u/results/post1.wave ... ***
[22:01:06.830] I| Convert postResultsMap.xml complete.
[22:01:06.830] I| Delete temporary database file /home/argershm/180-voltmeter/Analog/cc/simulation/integrator,tb_main_opamp,schematic/history_1/simulation/diff_mode_gain/PrimeSimSPICE/parametric/results/.post_results.db.pilot
