1757194311.768455: 2646871-7fc7bde14540: cdpl_log.c:337: in cdpl_log_open(): info: @@start_of_log@@
1757194311.768466: 2646871-7fc7bde14540: cdpl_log.c:1058: in cdpl_log_dump_sysinfo(): info: time: 2025/09/06 17:31:51 EDT -0400
1757194311.768468: 2646871-7fc7bde14540: cdpl_log.c:1060: in cdpl_log_dump_sysinfo(): info: version: W-2024.09-SP1-2 
1757194311.768470: 2646871-7fc7bde14540: cdpl_log.c:1062: in cdpl_log_dump_sysinfo(): info: system: Linux 4.18.0-553.69.1.el8_10.x86_64 #1 SMP Thu Aug 7 18:10:00 EDT 2025
1757194311.768471: 2646871-7fc7bde14540: cdpl_log.c:1067: in cdpl_log_dump_sysinfo(): info: processor: x86_64 64-bits
1757194311.768473: 2646871-7fc7bde14540: cdpl_log.c:1071: in cdpl_log_dump_sysinfo(): info: hostname: claws-compute3.ece.ncsu.edu
1757194311.768474: 2646871-7fc7bde14540: cdpl_log.c:1073: in cdpl_log_dump_sysinfo(): info: program name: custom_shell
1757194311.768477: 2646871-7fc7bde14540: cdpl_log.c:340: in cdpl_log_open(): debug: path: /home/argershm/180-voltmeter/Analog/cc/synopsys_custom/pwdp_jobs/saeSession4_diffmodegain.SimulationSimulation_cdpl.1.2646871/logs/master.claws-compute3.ece.ncsu.edu.2646871.log
1757194311.768478: 2646871-7fc7bde14540: cdpl_log.c:341: in cdpl_log_open(): debug: dir: /home/argershm/180-voltmeter/Analog/cc/synopsys_custom/pwdp_jobs/saeSession4_diffmodegain.SimulationSimulation_cdpl.1.2646871/logs
1757194311.768483: 2646871-7fc7bde14540: cdpl_server.c:536: in cdpl_sv_init(): info: new server S1486243199
1757194311.768486: 2646871-7fc7bde14540: cdpl_ipc.c:3475: in cdpl_ipc_init(): info: requesting IPv4 protocol
1757194311.772432: 2646871-7fc7bde14540: cdpl_ipc.c:837: in _selectaddrfamily(): info: selected IPv4 protocol
1757194311.772449: 2646871-7fc7bde14540: cdpl_ipc.c:1139: in _set_keepalive(): info: TCP keep alive interval: 300
1757194311.776858: 2646871-7fc7bde14540: cdpl_monitor.c:1117: in cdpl_mn_new_server(): info: creating server monitor instance
1757194311.776863: 2646871-7fc7bde14540: cdpl_server.c:650: in cdpl_sv_new_master(): info: new master M1
1757194311.776867: 2646871-7fc7bde14540: cdpl_server.c:6533: in cdpl_sv_ctl_master(): info: Setting worker heartbeat to 120 seconds
1757194311.776869: 2646871-7fc7bde14540: cdpl_server.c:6542: in cdpl_sv_ctl_master(): info: Setting worker heartbeat timeout to 3 heartbeats
1757194311.776871: 2646871-7fc7bde14540: cdpl_compat_master.c:2090: in _parse_hostfile(): info: reading hostfile `/home/argershm/180-voltmeter/Analog/cc/synopsys_custom/pwdp_jobs/saeSession4_diffmodegain.SimulationSimulation_cdpl.1.2646871/host_file'
1757194311.776880: 2646871-7fc7bde14540: cdpl_compat_master.c:1900: in _hostfile_parser(): debug: parsing "1     |localhost|   -1  | /tmp | SH | sh"
1757194311.776884: 2646871-7fc7bde14540: cdpl_farm.c:2578: in cdpl_farm_new_sh(): info: creating SH farm on localhost
1757194311.776886: 2646871-7fc7bde14540: cdpl_compat_master.c:206: in _set_farm_env(): info: exporting CDPL_LOGDIR as `/home/argershm/180-voltmeter/Analog/cc/synopsys_custom/pwdp_jobs/saeSession4_diffmodegain.SimulationSimulation_cdpl.1.2646871/logs'
1757194311.776888: 2646871-7fc7bde14540: cdpl_compat_master.c:212: in _set_farm_env(): info: exporting CDPL_TMPDIR as `/tmp'
1757194311.776890: 2646871-7fc7bde14540: cdpl_compat_master.c:235: in _set_farm_env(): info: exporting SNPSLMD_LICENSE_FILE as `27000@ece-lic-35.ece.ncsu.edu'
1757194311.776892: 2646871-7fc7bde14540: cdpl_compat_master.c:259: in _set_farm_env(): info: exporting CDPL_OPTIONS as `[nowlogs]'
1757194311.776893: 2646871-7fc7bde14540: cdpl_compat_master.c:266: in _set_farm_env(): info: exporting DISPLAY as `unix:16933'
1757194311.776895: 2646871-7fc7bde14540: cdpl_compat_master.c:274: in _set_farm_env(): info: exporting CDPL_HEARTBEAT as `120'
1757194311.776898: 2646871-7fc7bde14540: cdpl_farm.c:3149: in cdpl_farm_add_withdir(): debug: added `localhost' (capacity: unlimited)
1757194311.776900: 2646871-7fc7bde14540: cdpl_compat_parse.c:147: in parsefile(): debug: read `/home/argershm/180-voltmeter/Analog/cc/synopsys_custom/pwdp_jobs/saeSession4_diffmodegain.SimulationSimulation_cdpl.1.2646871/host_file', 2 lines
1757194311.776906: 2646871-7fc7bde14540: cdpl_compat_master.c:2931: in cdplInitMaster(): info: bcast dir is `/home/argershm/180-voltmeter/Analog/cc/synopsys_custom/pwdp_jobs/saeSession4_diffmodegain.SimulationSimulation_cdpl.1.2646871/logs'
1757194311.776934: 2646871-7fc7bde14540: cdpl_server.c:6433: in cdpl_sv_ctl_master(): info: farm worker timeout set to 300
1757194311.776936: 2646871-7fc7bde14540: cdpl_server.c:6486: in cdpl_sv_ctl_master(): info: maximum number of task execution attempts set to 1
1757194311.776939: 2646871-7fc7bde14540: cdpl_server.c:3195: in cdpl_sv_start(): debug: starting server
1757194311.776941: 2646871-7fc7bde14540: cdpl_ipc.c:3632: in cdpl_ipc_start(): debug: starting IPC server 152.14.98.53:42953
1757194311.777088: 2646871-7fc74b7fe700: cdpl_server_ipc.c:1182: in _sv_ipc_thread(): debug: ready
1757194311.777229: 2646871-7fc74affd700: cdpl_monitor.c:426: in cdpl_mn_init_client(): info: creating client monitor instance
1757194311.777249: 2646871-7fc74affd700: cdpl_ipc.c:3475: in cdpl_ipc_init(): info: requesting IPv4 protocol
1757194311.781589: 2646871-7fc74affd700: cdpl_ipc.c:837: in _selectaddrfamily(): info: selected IPv4 protocol
1757194311.781612: 2646871-7fc74affd700: cdpl_ipc.c:1139: in _set_keepalive(): info: TCP keep alive interval: 300
1757194311.784462: 2646871-7fc74affd700: cdpl_ipc.c:3632: in cdpl_ipc_start(): debug: starting IPC server 152.14.98.53:39321
1757194311.784614: 2646871-7fc74affd700: cdpl_monitor.c:471: in cdpl_mn_init_client(): debug: incoming messages in /tmp/cdpl-monitor-2MtSQy
1757194311.784751: 2646871-7fc74affd700: cdpl_monitor.c:533: in cdpl_mn_connect(): debug: connecting to 152.14.98.53:42953
1757194311.784754: 2646871-7fc74affd700: cdpl_ipc.c:3789: in cdpl_ipc_connect(): info: connecting to 152.14.98.53:42953
1757194311.784859: 2646871-7fc74affd700: cdpl_ipc.c:3860: in cdpl_ipc_connect(): info: connected as `152.14.98.53:56378'
1757194311.784864: 2646871-7fc74affd700: cdpl_ipc.c:2503: in cdpl_ipc_host_accept(): debug: accepted host `152.14.98.53:42953'
1757194311.784869: 2646871-7fc74affd700: cdpl_monitor.c:579: in cdpl_mn_connect(): debug: ok
1757194311.784878: 2646871-7fc7bde14540: cdpl_server.c:731: in cdpl_sv_new_job(): info: new job J1 in M1
1757194311.784886: 2646871-7fc7bde14540: cdpl_compat_master.c:1581: in _add_worker(): info: new worker type 10, min:1, max:3, cmd:`/home/argershm/180-voltmeter/Analog/cc/synopsys_custom/pwdp_jobs/saeSession4_diffmodegain.SimulationSimulation_cdpl.1.2646871/START_WORKER pw_worker -i /home/argershm/180-voltmeter/Analog/cc/synopsys_custom/pwdp_jobs
1757194311.784889: 2646871-7fc7bde14540: cdpl_server.c:908: in cdpl_sv_new_bin_withfarm(): info: new bin B1 in J1
1757194311.784894: 2646871-7fc74bfff700: cdpl_ipc.c:1862: in _epoll_accept(): debug: new connection from `152.14.98.53:56378'
1757194311.784958: 2646871-7fc74b7fe700: cdpl_server_ipc.c:1225: in _sv_ipc_thread(): debug: received ACCEPT notification
1757194311.784971: 2646871-7fc74b7fe700: cdpl_ipc.c:2503: in cdpl_ipc_host_accept(): debug: accepted host `152.14.98.53:56378'
1757194311.784982: 2646871-7fc74b7fe700: cdpl_server_ipc.c:1256: in _sv_ipc_thread(): debug: received MONITOR message
1757194311.785172: 2646871-7fc74b7fe700: cdpl_monitor.c:1207: in cdpl_mn_accept(): debug: accepted monitor `152.14.98.53:56378'
1757194311.785176: 2646871-7fc74b7fe700: cdpl_server_ipc_mon.c:120: in _globalLOCK(): debug: ENTERTING GLOBAL LOCK
1757194311.785178: 2646871-7fc74b7fe700: cdpl_server_ipc_mon.c:164: in _globalLOCK(): debug: global lock acquired
1757194311.785190: 2646871-7fc748ff9700: cdpl_monitor.c:910: in mn_systat(): debug: started
1757194311.785424: 2646871-7fc748ff9700: cdpl_monitor.c:937: in mn_systat(): debug: monitor server flush rate: 5
1757194312.617351: 2646871-7fc74b7fe700: cdpl_server_ipc_mon.c:210: in _globalUNLOCK(): debug: LEAVING GLOBAL LOCK
1757194312.617366: 2646871-7fc7bde14540: cdpl_server.c:3249: in cdpl_sv_start_job(): info: starting job J1
1757194312.617388: 2646871-7fc7bde14540: cdpl_server.c:62: in _sv_start_bin(): debug: starting bin B1 (min: 0, max: 3)
1757194312.617505: 2646871-7fc736ffd700: cdpl_server_sched.c:2482: in _sv_scheduler_thread(): debug: scheduler for bin B1 started
1757194312.617517: 2646871-7fc7bde14540: cdpl_server.c:1893: in _sv_gen_task(): info: new task T0 in B1 (prio 0)
1757194312.617525: 2646871-7fc7bde14540: cdpl_server.c:2698: in cdpl_sv_label_task_va(): info: setting task T0 label to "PrimeSim_2|PrimeSim"
1757194312.617534: 2646871-7fc736ffd700: cdpl_server_sched.c:2443: in _scheduler_run(): debug: will start a new worker
1757194312.617555: 2646871-7fc736ffd700: cdpl_farm.c:3977: in cdpl_farm_submit(): debug: 1 running processes
1757194312.617558: 2646871-7fc736ffd700: cdpl_farm.c:3985: in cdpl_farm_submit(): debug: new command C1 in bin B1 assigned to host `localhost'
1757194312.617629: 2646871-7fc736ffd700: cdpl_server_sched.c:705: in _sv_launch_worker(): info: started worker W1 (as C1) in bin B1
1757194312.617649: 2646871-7fc7367fc700: cdpl_farm.c:2139: in _schedule(): debug: started
1757194312.617655: 2646871-7fc7367fc700: cdpl_farm.c:2303: in _schedule(): debug: submitting command C1 in bin B1
1757194312.617660: 2646871-7fc7367fc700: cdpl_sh.c:49: in _sh_detached_submit(): info: SH : /home/argershm/180-voltmeter/Analog/cc/synopsys_custom/pwdp_jobs/saeSession4_diffmodegain.SimulationSimulation_cdpl.1.2646871/START_WORKER pw_worker -i /home/argershm/180-voltmeter/Analog/cc/synopsys_custom/pwdp_jobs/saeSession4_diffmodegain.SimulationSimulation_cdpl.1.2646871 -t 10000
1757194312.624507: 2646871-7fc7367fc700: cdpl_farm.c:2343: in _schedule(): debug: C1 in bin B1 running on slot 0
1757194312.624525: 2646871-7fc7367fc700: cdpl_farm.c:2167: in _schedule(): debug: idle
1757194312.634131: 2646871-7fc7bde14540: cdpl_compat_master.c:5948: in cdplMasterLogInfo(): info: [non-CDPL log entry] PWDP3: reset pilot cache succeeded, pilot_key=saeSession4,1,diff_mode_gain|&/home/argershm/180-voltmeter/Analog/cc/simulation/integrator,tb_main_opamp,schematic/history_1/simulation/diff_mode_gain/PrimeSimSPICE/nominal/results
1757194312.894875: 2646871-7fc737fff700: cdpl_compat_master.c:5948: in cdplMasterLogInfo(): info: [non-CDPL log entry] PWDP - no-workers started ok check start!
1757194312.924592: 2646871-7fc7367fc700: cdpl_farm.c:1193: in _onexit(): debug: C1 in bin B1 exited normally on slot 0
1757194314.454872: 2646871-7fc74bfff700: cdpl_ipc.c:1862: in _epoll_accept(): debug: new connection from `152.14.98.53:56392'
1757194314.454922: 2646871-7fc74b7fe700: cdpl_server_ipc.c:1225: in _sv_ipc_thread(): debug: received ACCEPT notification
1757194314.454936: 2646871-7fc74b7fe700: cdpl_ipc.c:2503: in cdpl_ipc_host_accept(): debug: accepted host `152.14.98.53:56392'
1757194314.455001: 2646871-7fc74b7fe700: cdpl_server_ipc.c:1246: in _sv_ipc_thread(): debug: received HELLO message
1757194314.455007: 2646871-7fc74b7fe700: cdpl_server_ipc.c:430: in _sv_on_hello(): debug: looking up W1
1757194314.455010: 2646871-7fc74b7fe700: cdpl_server_ipc.c:540: in _sv_on_hello(): info: W1 is `152.14.98.53:56392'
1757194314.455012: 2646871-7fc74b7fe700: cdpl_server_ipc.c:541: in _sv_on_hello(): debug: hello W1 (B1)
1757194314.455014: 2646871-7fc74b7fe700: cdpl_server_ipc.c:542: in _sv_on_hello(): info: W1 log file is /dev/null
1757194314.455026: 2646871-7fc74b7fe700: cdpl_server_ipc.c:602: in _sv_on_hello(): info: up to 1 alive workers in B1
1757194314.455030: 2646871-7fc74b7fe700: cdpl_farm.c:878: in _release_cmd(): debug: freeing command C1 in bin B1
1757194314.455049: 2646871-7fc736ffd700: cdpl_server_sched.c:960: in _assign(): info: assigning task T0 to worker W1
1757194314.519325: 2646871-7fc74b7fe700: cdpl_server_ipc.c:1268: in _sv_ipc_thread(): debug: received RELAY message
1757194314.519335: 2646871-7fc74b7fe700: cdpl_server_ipc.c:713: in _sv_on_relay(): debug: RELAY message from W1, size = 65
1757194314.519337: 2646871-7fc74b7fe700: cdpl_server_ipc.c:715: in _sv_on_relay(): debug: RELAY message from W1, content = 0$2662875 claws-compute3.ece.ncsu.edu 2662911 RUNNING 1757194314
1757194315.455310: 2646871-7fc74b7fe700: cdpl_server_ipc.c:312: in _sv_on_heartbeat(): debug: received HEARTBEAT from worker W1 at 152.14.98.53:56392
1757194316.785983: 2646871-7fc74affd700: cdpl_monitor.c:533: in cdpl_mn_connect(): debug: connecting to 152.14.98.53:36217
1757194316.785993: 2646871-7fc74affd700: cdpl_ipc.c:3789: in cdpl_ipc_connect(): info: connecting to 152.14.98.53:36217
1757194316.786076: 2646871-7fc74affd700: cdpl_ipc.c:3860: in cdpl_ipc_connect(): info: connected as `152.14.98.53:52874'
1757194316.786085: 2646871-7fc74affd700: cdpl_ipc.c:2503: in cdpl_ipc_host_accept(): debug: accepted host `152.14.98.53:36217'
1757194316.786090: 2646871-7fc74affd700: cdpl_monitor.c:579: in cdpl_mn_connect(): debug: ok
1757194320.613385: 2646871-7fc74b7fe700: cdpl_server_ipc.c:1268: in _sv_ipc_thread(): debug: received RELAY message
1757194320.613398: 2646871-7fc74b7fe700: cdpl_server_ipc.c:713: in _sv_on_relay(): debug: RELAY message from W1, size = 50
1757194320.613400: 2646871-7fc74b7fe700: cdpl_server_ipc.c:715: in _sv_on_relay(): debug: RELAY message from W1, content = WORKERDU|20,/dev/mapper/rhel_claws--compute3-home
1757194320.613406: 2646871-7fc74b7fe700: cdpl_server_ipc.c:1268: in _sv_ipc_thread(): debug: received RELAY message
1757194320.613408: 2646871-7fc74b7fe700: cdpl_server_ipc.c:713: in _sv_on_relay(): debug: RELAY message from W1, size = 18
1757194320.613409: 2646871-7fc74b7fe700: cdpl_server_ipc.c:715: in _sv_on_relay(): debug: RELAY message from W1, content = 0$- - - MEASDOING
1757194320.846935: 2646871-7fc74b7fe700: cdpl_server_ipc.c:1268: in _sv_ipc_thread(): debug: received RELAY message
1757194320.846949: 2646871-7fc74b7fe700: cdpl_server_ipc.c:713: in _sv_on_relay(): debug: RELAY message from W1, size = 77
1757194320.846957: 2646871-7fc74b7fe700: cdpl_server_ipc.c:715: in _sv_on_relay(): debug: RELAY message from W1, content = 0$2662875 claws-compute3.ece.ncsu.edu 2662911 FAILED 1757194314|1757194320|5
1757194320.847149: 2646871-7fc74b7fe700: cdpl_server_ipc.c:1251: in _sv_ipc_thread(): debug: received FINISH message
1757194320.847155: 2646871-7fc74b7fe700: cdpl_server_ipc.c:983: in _sv_on_finish(): info: worker W1 completed task T0
1757194320.847157: 2646871-7fc74b7fe700: cdpl_server_ipc.c:988: in _sv_on_finish(): debug: stat T0: utime=3488 stime=1898
1757194320.847160: 2646871-7fc74b7fe700: cdpl_server_ipc.c:993: in _sv_on_finish(): debug: statm T0: vsize=3054744 rss=1036212 shared=517168 text=474784 data=709964
1757194320.852034: 2646871-7fc74b7fe700: cdpl_server_ipc.c:1268: in _sv_ipc_thread(): debug: received RELAY message
1757194320.852042: 2646871-7fc74b7fe700: cdpl_server_ipc.c:713: in _sv_on_relay(): debug: RELAY message from W1, size = 49
1757194320.852044: 2646871-7fc74b7fe700: cdpl_server_ipc.c:715: in _sv_on_relay(): debug: RELAY message from W1, content = WORKERDU|8,/dev/mapper/rhel_claws--compute3-home
1757194320.871749: 2646871-7fc7bde14540: cdpl_server.c:227: in _sv_free_task_safe(): debug: freeing task T0
1757194340.852928: 2646871-7fc74a7fc700: cdpl_ipc.c:775: in _readv(): warning: read(): EOF
1757194340.852947: 2646871-7fc74bfff700: cdpl_ipc.c:775: in _readv(): warning: read(): EOF
1757194340.852958: 2646871-7fc74a7fc700: cdpl_ipc.c:2100: in _epoll_recv(): debug: _readv(): Broken pipe
1757194340.852964: 2646871-7fc74a7fc700: cdpl_ipc.c:2424: in _epoll_main(): debug: _epoll_recv(): Broken pipe
1757194340.852969: 2646871-7fc74bfff700: cdpl_ipc.c:2100: in _epoll_recv(): debug: _readv(): Broken pipe
1757194340.852972: 2646871-7fc74bfff700: cdpl_ipc.c:2424: in _epoll_main(): debug: _epoll_recv(): Broken pipe
1757194340.852974: 2646871-7fc74a7fc700: cdpl_ipc.c:1657: in _host_drop__UNSAFE(): debug: dropping host `152.14.98.53:36217'
1757194340.852976: 2646871-7fc74bfff700: cdpl_ipc.c:1657: in _host_drop__UNSAFE(): debug: dropping host `152.14.98.53:56392'
1757194340.853042: 2646871-7fc749ffb700: cdpl_monitor.c:290: in mn_listen(): debug: received DROP message
1757194340.853076: 2646871-7fc749ffb700: cdpl_ipc.c:2513: in cdpl_ipc_host_release(): debug: releasing host `152.14.98.53:36217'
1757194340.853118: 2646871-7fc74b7fe700: cdpl_server_ipc.c:1236: in _sv_ipc_thread(): debug: received DROP notification
1757194340.853137: 2646871-7fc74b7fe700: cdpl_server_sched.c:2796: in _sv_record_crashed_worker(): debug: dropping worker W1
1757194340.853140: 2646871-7fc74b7fe700: cdpl_server_ipc.c:188: in _sv_on_drop_worker(): debug: down to 0 live workers in B1
1757194340.853152: 2646871-7fc736ffd700: cdpl_server_sched.c:750: in _empty_trash(): debug: freeing worker W1 while emptying trash list for bin B1
1757194340.853157: 2646871-7fc736ffd700: cdpl_farm.c:4152: in cdpl_farm_dismiss(): debug: down to 0 running processes
1757194340.853160: 2646871-7fc736ffd700: cdpl_server_sched.c:121: in _free_worker_2(): debug: freeing worker W1
1757194340.853162: 2646871-7fc736ffd700: cdpl_ipc.c:2513: in cdpl_ipc_host_release(): debug: releasing host `152.14.98.53:56392'
1757194340.853164: 2646871-7fc736ffd700: cdpl_ipc.c:2529: in cdpl_ipc_host_release(): debug: scheduling for immediate release
1757194341.786174: 2646871-7fc74bfff700: cdpl_ipc.c:1582: in _host_free__UNSAFE(): debug: freeing host `152.14.98.53:56392'
1757194341.786187: 2646871-7fc74bfff700: cdpl_ipc.c:1621: in _host_free__UNSAFE(): debug: [0 outq, 0 spR, 0 spW]
1757194341.786189: 2646871-7fc74a7fc700: cdpl_ipc.c:1582: in _host_free__UNSAFE(): debug: freeing host `152.14.98.53:36217'
1757194341.786195: 2646871-7fc74a7fc700: cdpl_ipc.c:1621: in _host_free__UNSAFE(): debug: [0 outq, 0 spR, 0 spW]
1757194372.924702: 2646871-7fc7367fc700: cdpl_farm.c:2173: in _schedule(): debug: idle
1757194381.233081: 2646871-7fc7497fa700: cdpl_compat_master.c:5971: in cdplMasterLogWarning(): warning: [non-CDPL log entry] PWDP: master does not receive message over 60 seconds!
1757194432.924855: 2646871-7fc7367fc700: cdpl_farm.c:2173: in _schedule(): debug: idle
1757194433.323336: 2646871-7fc7497fa700: cdpl_compat_master.c:5948: in cdplMasterLogInfo(): info: [non-CDPL log entry] PWDP: message receiver is alive.
1757194433.602961: 2646871-7fc737fff700: cdpl_compat_master.c:5948: in cdplMasterLogInfo(): info: [non-CDPL log entry] PWDP: master status watchdog is alive.
1757194441.612525: 2646871-7fc7497fa700: cdpl_compat_master.c:5971: in cdplMasterLogWarning(): warning: [non-CDPL log entry] PWDP: master does not receive message over 60 seconds!
1757194459.604692: 2646871-7fc7bde14540: cdpl_server.c:3008: in cdpl_sv_halt_job_errno(): info: killing job J1
1757194459.604707: 2646871-7fc7bde14540: cdpl_server.c:3044: in cdpl_sv_halt_job_errno(): debug: signal bin B1 scheduler to stop
1757194459.604727: 2646871-7fc736ffd700: cdpl_server_sched.c:2484: in _sv_scheduler_thread(): debug: scheduler for bin B1 stopped
1757194459.604741: 2646871-7fc7bde14540: cdpl_server.c:294: in _sv_free_job(): info: freeing job J1
1757194459.604743: 2646871-7fc7bde14540: cdpl_server.c:92: in _sv_free_bin(): debug: freeing bin B1
1757194459.604747: 2646871-7fc7bde14540: cdpl_monitor.c:515: in cdpl_mn_kill(): info: killing monitor
1757194459.604749: 2646871-7fc7bde14540: cdpl_ipc.c:3677: in cdpl_ipc_kill(): debug: stopping event server
1757194459.604785: 2646871-7fc74bfff700: cdpl_ipc.c:775: in _readv(): warning: read(): EOF
1757194459.604792: 2646871-7fc74a7fc700: cdpl_ipc.c:2386: in _epoll_main(): warning: received EPOLLERR/EPOLLHUP
1757194459.604797: 2646871-7fc74bfff700: cdpl_ipc.c:2100: in _epoll_recv(): debug: _readv(): Broken pipe
1757194459.604800: 2646871-7fc74bfff700: cdpl_ipc.c:2424: in _epoll_main(): debug: _epoll_recv(): Broken pipe
1757194459.604804: 2646871-7fc74bfff700: cdpl_ipc.c:1657: in _host_drop__UNSAFE(): debug: dropping host `152.14.98.53:56378'
1757194459.604815: 2646871-7fc74a7fc700: cdpl_ipc.c:2320: in _check_socket_error(): info: TCP_KEEPIDLE=7200 seconds TCP_KEEPINTVL=75 seconds TCP_KEEPCNT=9
1757194459.604817: 2646871-7fc74a7fc700: cdpl_ipc.c:1657: in _host_drop__UNSAFE(): debug: dropping host `152.14.98.53:42953'
1757194459.604832: 2646871-7fc74a7fc700: cdpl_ipc.c:2460: in _epoll_main(): debug: server going down...
1757194459.604839: 2646871-7fc74b7fe700: cdpl_server_ipc.c:1236: in _sv_ipc_thread(): debug: received DROP notification
1757194459.604853: 2646871-7fc74b7fe700: cdpl_monitor.c:1269: in cdpl_mn_drop(): debug: detaching from monitor `152.14.98.53:56378'
1757194459.604857: 2646871-7fc74b7fe700: cdpl_monitor.c:1101: in mn_systat_stop(): debug: joining systat thread
1757194459.604880: 2646871-7fc748ff9700: cdpl_monitor.c:1079: in mn_systat(): debug: exiting
1757194459.604891: 2646871-7fc74b7fe700: cdpl_monitor.c:1103: in mn_systat_stop(): debug: systat thread done
1757194459.604894: 2646871-7fc74b7fe700: cdpl_ipc.c:2513: in cdpl_ipc_host_release(): debug: releasing host `152.14.98.53:56378'
1757194459.604911: 2646871-7fc74affd700: cdpl_ipc.c:3728: in cdpl_ipc_free(): debug: releasing IPC handle
1757194459.604921: 2646871-7fc74affd700: cdpl_ipc.c:3742: in cdpl_ipc_free(): debug: 1 unread messages
1757194459.604923: 2646871-7fc74affd700: cdpl_ipc.c:1582: in _host_free__UNSAFE(): debug: freeing host `152.14.98.53:42953'
1757194459.604925: 2646871-7fc74affd700: cdpl_ipc.c:1621: in _host_free__UNSAFE(): debug: [0 outq, 0 spR, 0 spW]
1757194459.604927: 2646871-7fc74affd700: cdpl_ipc.c:3756: in cdpl_ipc_free(): warning: 1 host(s) were not released
1757194459.604940: 2646871-7fc74affd700: cdpl_ipc.c:3767: in cdpl_ipc_free(): debug: done
1757194459.604942: 2646871-7fc74affd700: cdpl_monitor.c:1390: in cdpl_mn_free(): debug: freeing monitor client
1757194459.605055: 2646871-7fc7bde14540: cdpl_farm.c:2740: in cdpl_farm_free(): info: freeing farm
1757194459.605072: 2646871-7fc7367fc700: cdpl_farm.c:2231: in _schedule(): debug: end of idling
1757194459.605078: 2646871-7fc7367fc700: cdpl_farm.c:2235: in _schedule(): debug: dying
1757194459.605119: 2646871-7fc7bde14540: cdpl_farm.c:913: in _killall(): debug: killing all remaining commands
1757194459.605126: 2646871-7fc7bde14540: cdpl_server.c:3144: in cdpl_sv_free(): info: freeing server S1486243199
1757194459.605128: 2646871-7fc7bde14540: cdpl_server.c:3109: in cdpl_sv_kill_errno(): info: killing server
1757194459.605130: 2646871-7fc7bde14540: cdpl_ipc.c:3677: in cdpl_ipc_kill(): debug: stopping event server
1757194459.605149: 2646871-7fc74bfff700: cdpl_ipc.c:2460: in _epoll_main(): debug: server going down...
1757194459.605158: 2646871-7fc74b7fe700: cdpl_server_ipc.c:1200: in _sv_ipc_thread(): debug: leaving now
1757194459.605172: 2646871-7fc7bde14540: cdpl_server.c:334: in _sv_free_master(): info: freeing master M1
1757194459.605174: 2646871-7fc7bde14540: cdpl_hash.c:68: in cdpl_h_destroy(): debug: put operations: 1
1757194459.605176: 2646871-7fc7bde14540: cdpl_hash.c:69: in cdpl_h_destroy(): debug: put collisions: 0
1757194459.605177: 2646871-7fc7bde14540: cdpl_hash.c:70: in cdpl_h_destroy(): debug: get operations: 0
1757194459.605179: 2646871-7fc7bde14540: cdpl_hash.c:71: in cdpl_h_destroy(): debug: get iterations: 0
1757194459.605194: 2646871-7fc7bde14540: cdpl_monitor.c:1390: in cdpl_mn_free(): debug: freeing monitor server
1757194459.605196: 2646871-7fc7bde14540: cdpl_ipc.c:3728: in cdpl_ipc_free(): debug: releasing IPC handle
1757194459.605198: 2646871-7fc7bde14540: cdpl_ipc.c:1582: in _host_free__UNSAFE(): debug: freeing host `152.14.98.53:56378'
1757194459.605200: 2646871-7fc7bde14540: cdpl_ipc.c:1621: in _host_free__UNSAFE(): debug: [0 outq, 0 spR, 0 spW]
1757194459.605213: 2646871-7fc7bde14540: cdpl_ipc.c:3767: in cdpl_ipc_free(): debug: done
1757194459.605215: 2646871-7fc7bde14540: cdpl_log.c:481: in cdpl_log_close(): info: @@end_of_log@@
