1757193276.128802: 2588799-7fdafedcb540: cdpl_log.c:337: in cdpl_log_open(): info: @@start_of_log@@
1757193276.128826: 2588799-7fdafedcb540: cdpl_log.c:1058: in cdpl_log_dump_sysinfo(): info: time: 2025/09/06 17:14:36 EDT -0400
1757193276.128828: 2588799-7fdafedcb540: cdpl_log.c:1060: in cdpl_log_dump_sysinfo(): info: version: W-2024.09-SP1-2 
1757193276.128829: 2588799-7fdafedcb540: cdpl_log.c:1062: in cdpl_log_dump_sysinfo(): info: system: Linux 4.18.0-553.69.1.el8_10.x86_64 #1 SMP Thu Aug 7 18:10:00 EDT 2025
1757193276.128831: 2588799-7fdafedcb540: cdpl_log.c:1067: in cdpl_log_dump_sysinfo(): info: processor: x86_64 64-bits
1757193276.128833: 2588799-7fdafedcb540: cdpl_log.c:1071: in cdpl_log_dump_sysinfo(): info: hostname: claws-compute3.ece.ncsu.edu
1757193276.128834: 2588799-7fdafedcb540: cdpl_log.c:1073: in cdpl_log_dump_sysinfo(): info: program name: custom_shell
1757193276.128837: 2588799-7fdafedcb540: cdpl_log.c:340: in cdpl_log_open(): debug: path: /home/argershm/180-voltmeter/Analog/cc/synopsys_custom/pwdp_jobs/saeSession4_diffmodegain.SimulationSimulation_cdpl.0.2588799/logs/master.claws-compute3.ece.ncsu.edu.2588799.log
1757193276.128838: 2588799-7fdafedcb540: cdpl_log.c:341: in cdpl_log_open(): debug: dir: /home/argershm/180-voltmeter/Analog/cc/synopsys_custom/pwdp_jobs/saeSession4_diffmodegain.SimulationSimulation_cdpl.0.2588799/logs
1757193276.128866: 2588799-7fdafedcb540: cdpl_server.c:536: in cdpl_sv_init(): info: new server S1197038224
1757193276.128875: 2588799-7fdafedcb540: cdpl_ipc.c:3475: in cdpl_ipc_init(): info: requesting IPv4 protocol
1757193276.132830: 2588799-7fdafedcb540: cdpl_ipc.c:837: in _selectaddrfamily(): info: selected IPv4 protocol
1757193276.132855: 2588799-7fdafedcb540: cdpl_ipc.c:1139: in _set_keepalive(): info: TCP keep alive interval: 300
1757193276.135610: 2588799-7fdafedcb540: cdpl_monitor.c:1117: in cdpl_mn_new_server(): info: creating server monitor instance
1757193276.135625: 2588799-7fdafedcb540: cdpl_server.c:650: in cdpl_sv_new_master(): info: new master M1
1757193276.135633: 2588799-7fdafedcb540: cdpl_server.c:6533: in cdpl_sv_ctl_master(): info: Setting worker heartbeat to 120 seconds
1757193276.135635: 2588799-7fdafedcb540: cdpl_server.c:6542: in cdpl_sv_ctl_master(): info: Setting worker heartbeat timeout to 3 heartbeats
1757193276.135637: 2588799-7fdafedcb540: cdpl_compat_master.c:2090: in _parse_hostfile(): info: reading hostfile `/home/argershm/180-voltmeter/Analog/cc/synopsys_custom/pwdp_jobs/saeSession4_diffmodegain.SimulationSimulation_cdpl.0.2588799/host_file'
1757193276.135660: 2588799-7fdafedcb540: cdpl_compat_master.c:1900: in _hostfile_parser(): debug: parsing "1     |localhost|   -1  | /tmp | SH | sh"
1757193276.135673: 2588799-7fdafedcb540: cdpl_farm.c:2578: in cdpl_farm_new_sh(): info: creating SH farm on localhost
1757193276.135678: 2588799-7fdafedcb540: cdpl_compat_master.c:206: in _set_farm_env(): info: exporting CDPL_LOGDIR as `/home/argershm/180-voltmeter/Analog/cc/synopsys_custom/pwdp_jobs/saeSession4_diffmodegain.SimulationSimulation_cdpl.0.2588799/logs'
1757193276.135681: 2588799-7fdafedcb540: cdpl_compat_master.c:212: in _set_farm_env(): info: exporting CDPL_TMPDIR as `/tmp'
1757193276.135683: 2588799-7fdafedcb540: cdpl_compat_master.c:235: in _set_farm_env(): info: exporting SNPSLMD_LICENSE_FILE as `27000@ece-lic-35.ece.ncsu.edu'
1757193276.135685: 2588799-7fdafedcb540: cdpl_compat_master.c:259: in _set_farm_env(): info: exporting CDPL_OPTIONS as `[nowlogs]'
1757193276.135686: 2588799-7fdafedcb540: cdpl_compat_master.c:266: in _set_farm_env(): info: exporting DISPLAY as `unix:14641'
1757193276.135688: 2588799-7fdafedcb540: cdpl_compat_master.c:274: in _set_farm_env(): info: exporting CDPL_HEARTBEAT as `120'
1757193276.135697: 2588799-7fdafedcb540: cdpl_farm.c:3149: in cdpl_farm_add_withdir(): debug: added `localhost' (capacity: unlimited)
1757193276.135699: 2588799-7fdafedcb540: cdpl_compat_parse.c:147: in parsefile(): debug: read `/home/argershm/180-voltmeter/Analog/cc/synopsys_custom/pwdp_jobs/saeSession4_diffmodegain.SimulationSimulation_cdpl.0.2588799/host_file', 2 lines
1757193276.135704: 2588799-7fdafedcb540: cdpl_compat_master.c:2931: in cdplInitMaster(): info: bcast dir is `/home/argershm/180-voltmeter/Analog/cc/synopsys_custom/pwdp_jobs/saeSession4_diffmodegain.SimulationSimulation_cdpl.0.2588799/logs'
1757193276.135753: 2588799-7fdafedcb540: cdpl_server.c:6433: in cdpl_sv_ctl_master(): info: farm worker timeout set to 300
1757193276.135755: 2588799-7fdafedcb540: cdpl_server.c:6486: in cdpl_sv_ctl_master(): info: maximum number of task execution attempts set to 1
1757193276.135769: 2588799-7fdafedcb540: cdpl_server.c:3195: in cdpl_sv_start(): debug: starting server
1757193276.135773: 2588799-7fdafedcb540: cdpl_ipc.c:3632: in cdpl_ipc_start(): debug: starting IPC server 152.14.98.53:40631
1757193276.135926: 2588799-7fdabeac4700: cdpl_server_ipc.c:1182: in _sv_ipc_thread(): debug: ready
1757193276.136066: 2588799-7fdabe2c3700: cdpl_monitor.c:426: in cdpl_mn_init_client(): info: creating client monitor instance
1757193276.136086: 2588799-7fdabe2c3700: cdpl_ipc.c:3475: in cdpl_ipc_init(): info: requesting IPv4 protocol
1757193276.140089: 2588799-7fdabe2c3700: cdpl_ipc.c:837: in _selectaddrfamily(): info: selected IPv4 protocol
1757193276.140113: 2588799-7fdabe2c3700: cdpl_ipc.c:1139: in _set_keepalive(): info: TCP keep alive interval: 300
1757193276.144519: 2588799-7fdabe2c3700: cdpl_ipc.c:3632: in cdpl_ipc_start(): debug: starting IPC server 152.14.98.53:34729
1757193276.144690: 2588799-7fdabe2c3700: cdpl_monitor.c:471: in cdpl_mn_init_client(): debug: incoming messages in /tmp/cdpl-monitor-I3swcQ
1757193276.144788: 2588799-7fdabe2c3700: cdpl_monitor.c:533: in cdpl_mn_connect(): debug: connecting to 152.14.98.53:40631
1757193276.144797: 2588799-7fdabe2c3700: cdpl_ipc.c:3789: in cdpl_ipc_connect(): info: connecting to 152.14.98.53:40631
1757193276.144907: 2588799-7fdabe2c3700: cdpl_ipc.c:3860: in cdpl_ipc_connect(): info: connected as `152.14.98.53:48634'
1757193276.144922: 2588799-7fdabe2c3700: cdpl_ipc.c:2503: in cdpl_ipc_host_accept(): debug: accepted host `152.14.98.53:40631'
1757193276.144929: 2588799-7fdabf2c5700: cdpl_ipc.c:1862: in _epoll_accept(): debug: new connection from `152.14.98.53:48634'
1757193276.144964: 2588799-7fdabe2c3700: cdpl_monitor.c:579: in cdpl_mn_connect(): debug: ok
1757193276.144985: 2588799-7fdabeac4700: cdpl_server_ipc.c:1225: in _sv_ipc_thread(): debug: received ACCEPT notification
1757193276.144996: 2588799-7fdafedcb540: cdpl_server.c:731: in cdpl_sv_new_job(): info: new job J1 in M1
1757193276.145006: 2588799-7fdabeac4700: cdpl_ipc.c:2503: in cdpl_ipc_host_accept(): debug: accepted host `152.14.98.53:48634'
1757193276.145011: 2588799-7fdabeac4700: cdpl_server_ipc.c:1256: in _sv_ipc_thread(): debug: received MONITOR message
1757193276.145023: 2588799-7fdafedcb540: cdpl_compat_master.c:1581: in _add_worker(): info: new worker type 10, min:1, max:3, cmd:`/home/argershm/180-voltmeter/Analog/cc/synopsys_custom/pwdp_jobs/saeSession4_diffmodegain.SimulationSimulation_cdpl.0.2588799/START_WORKER pw_worker -i /home/argershm/180-voltmeter/Analog/cc/synopsys_custom/pwdp_jobs
1757193276.145036: 2588799-7fdafedcb540: cdpl_server.c:908: in cdpl_sv_new_bin_withfarm(): info: new bin B1 in J1
1757193276.145122: 2588799-7fdabeac4700: cdpl_monitor.c:1207: in cdpl_mn_accept(): debug: accepted monitor `152.14.98.53:48634'
1757193276.145126: 2588799-7fdabeac4700: cdpl_server_ipc_mon.c:120: in _globalLOCK(): debug: ENTERTING GLOBAL LOCK
1757193276.145129: 2588799-7fdabeac4700: cdpl_server_ipc_mon.c:164: in _globalLOCK(): debug: global lock acquired
1757193276.145147: 2588799-7fdabcac0700: cdpl_monitor.c:910: in mn_systat(): debug: started
1757193276.145422: 2588799-7fdabcac0700: cdpl_monitor.c:937: in mn_systat(): debug: monitor server flush rate: 5
1757193276.966939: 2588799-7fdabeac4700: cdpl_server_ipc_mon.c:210: in _globalUNLOCK(): debug: LEAVING GLOBAL LOCK
1757193276.966967: 2588799-7fdafedcb540: cdpl_server.c:3249: in cdpl_sv_start_job(): info: starting job J1
1757193276.967012: 2588799-7fdafedcb540: cdpl_server.c:62: in _sv_start_bin(): debug: starting bin B1 (min: 0, max: 3)
1757193276.967142: 2588799-7fdaaa7fc700: cdpl_server_sched.c:2482: in _sv_scheduler_thread(): debug: scheduler for bin B1 started
1757193276.967189: 2588799-7fdafedcb540: cdpl_server.c:1893: in _sv_gen_task(): info: new task T0 in B1 (prio 0)
1757193276.967228: 2588799-7fdafedcb540: cdpl_server.c:2698: in cdpl_sv_label_task_va(): info: setting task T0 label to "PrimeSim_1|PrimeSim"
1757193276.967284: 2588799-7fdaaa7fc700: cdpl_server_sched.c:2443: in _scheduler_run(): debug: will start a new worker
1757193276.967322: 2588799-7fdaaa7fc700: cdpl_farm.c:3977: in cdpl_farm_submit(): debug: 1 running processes
1757193276.967325: 2588799-7fdaaa7fc700: cdpl_farm.c:3985: in cdpl_farm_submit(): debug: new command C1 in bin B1 assigned to host `localhost'
1757193276.967390: 2588799-7fdaaa7fc700: cdpl_server_sched.c:705: in _sv_launch_worker(): info: started worker W1 (as C1) in bin B1
1757193276.967422: 2588799-7fdaa9ffb700: cdpl_farm.c:2139: in _schedule(): debug: started
1757193276.967433: 2588799-7fdaa9ffb700: cdpl_farm.c:2303: in _schedule(): debug: submitting command C1 in bin B1
1757193276.967453: 2588799-7fdaa9ffb700: cdpl_sh.c:49: in _sh_detached_submit(): info: SH : /home/argershm/180-voltmeter/Analog/cc/synopsys_custom/pwdp_jobs/saeSession4_diffmodegain.SimulationSimulation_cdpl.0.2588799/START_WORKER pw_worker -i /home/argershm/180-voltmeter/Analog/cc/synopsys_custom/pwdp_jobs/saeSession4_diffmodegain.SimulationSimulation_cdpl.0.2588799 -t 10000
1757193276.972085: 2588799-7fdaa9ffb700: cdpl_farm.c:2343: in _schedule(): debug: C1 in bin B1 running on slot 0
1757193276.972121: 2588799-7fdaa9ffb700: cdpl_farm.c:2167: in _schedule(): debug: idle
1757193277.033640: 2588799-7fdafedcb540: cdpl_compat_master.c:5948: in cdplMasterLogInfo(): info: [non-CDPL log entry] PWDP3: reset pilot cache succeeded, pilot_key=saeSession4,1,diff_mode_gain|&/home/argershm/180-voltmeter/Analog/cc/simulation/integrator,tb_main_opamp,schematic/history_1/simulation/diff_mode_gain/PrimeSimSPICE/nominal/results
1757193277.272189: 2588799-7fdaa9ffb700: cdpl_farm.c:1193: in _onexit(): debug: C1 in bin B1 exited normally on slot 0
1757193278.089691: 2588799-7fdaab7fe700: cdpl_compat_master.c:5948: in cdplMasterLogInfo(): info: [non-CDPL log entry] PWDP - no-workers started ok check start!
1757193278.785493: 2588799-7fdabf2c5700: cdpl_ipc.c:1862: in _epoll_accept(): debug: new connection from `152.14.98.53:37262'
1757193278.785537: 2588799-7fdabeac4700: cdpl_server_ipc.c:1225: in _sv_ipc_thread(): debug: received ACCEPT notification
1757193278.785555: 2588799-7fdabeac4700: cdpl_ipc.c:2503: in cdpl_ipc_host_accept(): debug: accepted host `152.14.98.53:37262'
1757193278.785642: 2588799-7fdabeac4700: cdpl_server_ipc.c:1246: in _sv_ipc_thread(): debug: received HELLO message
1757193278.785647: 2588799-7fdabeac4700: cdpl_server_ipc.c:430: in _sv_on_hello(): debug: looking up W1
1757193278.785652: 2588799-7fdabeac4700: cdpl_server_ipc.c:540: in _sv_on_hello(): info: W1 is `152.14.98.53:37262'
1757193278.785653: 2588799-7fdabeac4700: cdpl_server_ipc.c:541: in _sv_on_hello(): debug: hello W1 (B1)
1757193278.785655: 2588799-7fdabeac4700: cdpl_server_ipc.c:542: in _sv_on_hello(): info: W1 log file is /dev/null
1757193278.785701: 2588799-7fdabeac4700: cdpl_server_ipc.c:602: in _sv_on_hello(): info: up to 1 alive workers in B1
1757193278.785708: 2588799-7fdabeac4700: cdpl_farm.c:878: in _release_cmd(): debug: freeing command C1 in bin B1
1757193278.785718: 2588799-7fdaaa7fc700: cdpl_server_sched.c:960: in _assign(): info: assigning task T0 to worker W1
1757193278.849569: 2588799-7fdabeac4700: cdpl_server_ipc.c:1268: in _sv_ipc_thread(): debug: received RELAY message
1757193278.849582: 2588799-7fdabeac4700: cdpl_server_ipc.c:713: in _sv_on_relay(): debug: RELAY message from W1, size = 65
1757193278.849584: 2588799-7fdabeac4700: cdpl_server_ipc.c:715: in _sv_on_relay(): debug: RELAY message from W1, content = 0$2589895 claws-compute3.ece.ncsu.edu 2589926 RUNNING 1757193278
1757193279.785884: 2588799-7fdabeac4700: cdpl_server_ipc.c:312: in _sv_on_heartbeat(): debug: received HEARTBEAT from worker W1 at 152.14.98.53:37262
1757193281.146198: 2588799-7fdabe2c3700: cdpl_monitor.c:533: in cdpl_mn_connect(): debug: connecting to 152.14.98.53:41581
1757193281.146209: 2588799-7fdabe2c3700: cdpl_ipc.c:3789: in cdpl_ipc_connect(): info: connecting to 152.14.98.53:41581
1757193281.146339: 2588799-7fdabe2c3700: cdpl_ipc.c:3860: in cdpl_ipc_connect(): info: connected as `152.14.98.53:40950'
1757193281.146345: 2588799-7fdabe2c3700: cdpl_ipc.c:2503: in cdpl_ipc_host_accept(): debug: accepted host `152.14.98.53:41581'
1757193281.146349: 2588799-7fdabe2c3700: cdpl_monitor.c:579: in cdpl_mn_connect(): debug: ok
1757193285.125797: 2588799-7fdabeac4700: cdpl_server_ipc.c:1268: in _sv_ipc_thread(): debug: received RELAY message
1757193285.125812: 2588799-7fdabeac4700: cdpl_server_ipc.c:713: in _sv_on_relay(): debug: RELAY message from W1, size = 50
1757193285.125815: 2588799-7fdabeac4700: cdpl_server_ipc.c:715: in _sv_on_relay(): debug: RELAY message from W1, content = WORKERDU|20,/dev/mapper/rhel_claws--compute3-home
1757193285.125821: 2588799-7fdabeac4700: cdpl_server_ipc.c:1268: in _sv_ipc_thread(): debug: received RELAY message
1757193285.125822: 2588799-7fdabeac4700: cdpl_server_ipc.c:713: in _sv_on_relay(): debug: RELAY message from W1, size = 18
1757193285.125824: 2588799-7fdabeac4700: cdpl_server_ipc.c:715: in _sv_on_relay(): debug: RELAY message from W1, content = 0$- - - MEASDOING
1757193285.356857: 2588799-7fdabeac4700: cdpl_server_ipc.c:1268: in _sv_ipc_thread(): debug: received RELAY message
1757193285.356872: 2588799-7fdabeac4700: cdpl_server_ipc.c:713: in _sv_on_relay(): debug: RELAY message from W1, size = 77
1757193285.356875: 2588799-7fdabeac4700: cdpl_server_ipc.c:715: in _sv_on_relay(): debug: RELAY message from W1, content = 0$2589895 claws-compute3.ece.ncsu.edu 2589926 FAILED 1757193278|1757193285|5
1757193285.357055: 2588799-7fdabeac4700: cdpl_server_ipc.c:1251: in _sv_ipc_thread(): debug: received FINISH message
1757193285.357063: 2588799-7fdabeac4700: cdpl_server_ipc.c:983: in _sv_on_finish(): info: worker W1 completed task T0
1757193285.357066: 2588799-7fdabeac4700: cdpl_server_ipc.c:988: in _sv_on_finish(): debug: stat T0: utime=3482 stime=1888
1757193285.357068: 2588799-7fdabeac4700: cdpl_server_ipc.c:993: in _sv_on_finish(): debug: statm T0: vsize=3054736 rss=1036388 shared=516932 text=474784 data=709956
1757193285.362131: 2588799-7fdabeac4700: cdpl_server_ipc.c:1268: in _sv_ipc_thread(): debug: received RELAY message
1757193285.362143: 2588799-7fdabeac4700: cdpl_server_ipc.c:713: in _sv_on_relay(): debug: RELAY message from W1, size = 49
1757193285.362145: 2588799-7fdabeac4700: cdpl_server_ipc.c:715: in _sv_on_relay(): debug: RELAY message from W1, content = WORKERDU|8,/dev/mapper/rhel_claws--compute3-home
1757193285.371346: 2588799-7fdafedcb540: cdpl_server.c:227: in _sv_free_task_safe(): debug: freeing task T0
1757193305.363630: 2588799-7fdabf2c5700: cdpl_ipc.c:775: in _readv(): warning: read(): EOF
1757193305.363648: 2588799-7fdabdac2700: cdpl_ipc.c:775: in _readv(): warning: read(): EOF
1757193305.363671: 2588799-7fdabf2c5700: cdpl_ipc.c:2100: in _epoll_recv(): debug: _readv(): Broken pipe
1757193305.363675: 2588799-7fdabf2c5700: cdpl_ipc.c:2424: in _epoll_main(): debug: _epoll_recv(): Broken pipe
1757193305.363679: 2588799-7fdabf2c5700: cdpl_ipc.c:1657: in _host_drop__UNSAFE(): debug: dropping host `152.14.98.53:37262'
1757193305.363683: 2588799-7fdabdac2700: cdpl_ipc.c:2100: in _epoll_recv(): debug: _readv(): Broken pipe
1757193305.363686: 2588799-7fdabdac2700: cdpl_ipc.c:2424: in _epoll_main(): debug: _epoll_recv(): Broken pipe
1757193305.363691: 2588799-7fdabdac2700: cdpl_ipc.c:1657: in _host_drop__UNSAFE(): debug: dropping host `152.14.98.53:41581'
1757193305.363744: 2588799-7fdabd2c1700: cdpl_monitor.c:290: in mn_listen(): debug: received DROP message
1757193305.363756: 2588799-7fdabeac4700: cdpl_server_ipc.c:1236: in _sv_ipc_thread(): debug: received DROP notification
1757193305.363780: 2588799-7fdabeac4700: cdpl_server_sched.c:2796: in _sv_record_crashed_worker(): debug: dropping worker W1
1757193305.363792: 2588799-7fdabeac4700: cdpl_server_ipc.c:188: in _sv_on_drop_worker(): debug: down to 0 live workers in B1
1757193305.363795: 2588799-7fdabd2c1700: cdpl_ipc.c:2513: in cdpl_ipc_host_release(): debug: releasing host `152.14.98.53:41581'
1757193305.363808: 2588799-7fdaaa7fc700: cdpl_server_sched.c:750: in _empty_trash(): debug: freeing worker W1 while emptying trash list for bin B1
1757193305.363844: 2588799-7fdaaa7fc700: cdpl_farm.c:4152: in cdpl_farm_dismiss(): debug: down to 0 running processes
1757193305.363854: 2588799-7fdaaa7fc700: cdpl_server_sched.c:121: in _free_worker_2(): debug: freeing worker W1
1757193305.363863: 2588799-7fdaaa7fc700: cdpl_ipc.c:2513: in cdpl_ipc_host_release(): debug: releasing host `152.14.98.53:37262'
1757193305.363866: 2588799-7fdaaa7fc700: cdpl_ipc.c:2529: in cdpl_ipc_host_release(): debug: scheduling for immediate release
1757193306.146221: 2588799-7fdabf2c5700: cdpl_ipc.c:1582: in _host_free__UNSAFE(): debug: freeing host `152.14.98.53:37262'
1757193306.146235: 2588799-7fdabf2c5700: cdpl_ipc.c:1621: in _host_free__UNSAFE(): debug: [0 outq, 0 spR, 0 spW]
1757193306.146238: 2588799-7fdabdac2700: cdpl_ipc.c:1582: in _host_free__UNSAFE(): debug: freeing host `152.14.98.53:41581'
1757193306.146245: 2588799-7fdabdac2700: cdpl_ipc.c:1621: in _host_free__UNSAFE(): debug: [0 outq, 0 spR, 0 spW]
1757193337.272339: 2588799-7fdaa9ffb700: cdpl_farm.c:2173: in _schedule(): debug: idle
1757193345.741723: 2588799-7fdaabfff700: cdpl_compat_master.c:5971: in cdplMasterLogWarning(): warning: [non-CDPL log entry] PWDP: master does not receive message over 60 seconds!
1757193397.272491: 2588799-7fdaa9ffb700: cdpl_farm.c:2173: in _schedule(): debug: idle
1757193397.682412: 2588799-7fdaabfff700: cdpl_compat_master.c:5948: in cdplMasterLogInfo(): info: [non-CDPL log entry] PWDP: message receiver is alive.
1757193398.698227: 2588799-7fdaab7fe700: cdpl_compat_master.c:5948: in cdplMasterLogInfo(): info: [non-CDPL log entry] PWDP: master status watchdog is alive.
1757193406.124184: 2588799-7fdaabfff700: cdpl_compat_master.c:5971: in cdplMasterLogWarning(): warning: [non-CDPL log entry] PWDP: master does not receive message over 60 seconds!
1757193457.272643: 2588799-7fdaa9ffb700: cdpl_farm.c:2173: in _schedule(): debug: idle
1757193466.512105: 2588799-7fdaabfff700: cdpl_compat_master.c:5971: in cdplMasterLogWarning(): warning: [non-CDPL log entry] PWDP: master does not receive message over 60 seconds!
1757193517.272797: 2588799-7fdaa9ffb700: cdpl_farm.c:2173: in _schedule(): debug: idle
1757193518.446063: 2588799-7fdaabfff700: cdpl_compat_master.c:5948: in cdplMasterLogInfo(): info: [non-CDPL log entry] PWDP: message receiver is alive.
1757193519.706401: 2588799-7fdaab7fe700: cdpl_compat_master.c:5948: in cdplMasterLogInfo(): info: [non-CDPL log entry] PWDP: master status watchdog is alive.
1757193526.898425: 2588799-7fdaabfff700: cdpl_compat_master.c:5971: in cdplMasterLogWarning(): warning: [non-CDPL log entry] PWDP: master does not receive message over 60 seconds!
1757193568.709818: 2588799-7fdafedcb540: cdpl_server.c:3008: in cdpl_sv_halt_job_errno(): info: killing job J1
1757193568.709867: 2588799-7fdafedcb540: cdpl_server.c:3044: in cdpl_sv_halt_job_errno(): debug: signal bin B1 scheduler to stop
1757193568.709914: 2588799-7fdaaa7fc700: cdpl_server_sched.c:2484: in _sv_scheduler_thread(): debug: scheduler for bin B1 stopped
1757193568.709964: 2588799-7fdafedcb540: cdpl_server.c:294: in _sv_free_job(): info: freeing job J1
1757193568.709968: 2588799-7fdafedcb540: cdpl_server.c:92: in _sv_free_bin(): debug: freeing bin B1
1757193568.710004: 2588799-7fdafedcb540: cdpl_monitor.c:515: in cdpl_mn_kill(): info: killing monitor
1757193568.710011: 2588799-7fdafedcb540: cdpl_ipc.c:3677: in cdpl_ipc_kill(): debug: stopping event server
1757193568.710085: 2588799-7fdabf2c5700: cdpl_ipc.c:775: in _readv(): warning: read(): EOF
1757193568.710112: 2588799-7fdabdac2700: cdpl_ipc.c:2386: in _epoll_main(): warning: received EPOLLERR/EPOLLHUP
1757193568.710147: 2588799-7fdabf2c5700: cdpl_ipc.c:2100: in _epoll_recv(): debug: _readv(): Broken pipe
1757193568.710152: 2588799-7fdabf2c5700: cdpl_ipc.c:2424: in _epoll_main(): debug: _epoll_recv(): Broken pipe
1757193568.710157: 2588799-7fdabf2c5700: cdpl_ipc.c:1657: in _host_drop__UNSAFE(): debug: dropping host `152.14.98.53:48634'
1757193568.710162: 2588799-7fdabdac2700: cdpl_ipc.c:2320: in _check_socket_error(): info: TCP_KEEPIDLE=7200 seconds TCP_KEEPINTVL=75 seconds TCP_KEEPCNT=9
1757193568.710166: 2588799-7fdabdac2700: cdpl_ipc.c:1657: in _host_drop__UNSAFE(): debug: dropping host `152.14.98.53:40631'
1757193568.710187: 2588799-7fdabdac2700: cdpl_ipc.c:2460: in _epoll_main(): debug: server going down...
1757193568.710227: 2588799-7fdabeac4700: cdpl_server_ipc.c:1236: in _sv_ipc_thread(): debug: received DROP notification
1757193568.710246: 2588799-7fdabeac4700: cdpl_monitor.c:1269: in cdpl_mn_drop(): debug: detaching from monitor `152.14.98.53:48634'
1757193568.710252: 2588799-7fdabeac4700: cdpl_monitor.c:1101: in mn_systat_stop(): debug: joining systat thread
1757193568.710293: 2588799-7fdabcac0700: cdpl_monitor.c:1079: in mn_systat(): debug: exiting
1757193568.710302: 2588799-7fdabeac4700: cdpl_monitor.c:1103: in mn_systat_stop(): debug: systat thread done
1757193568.710305: 2588799-7fdabeac4700: cdpl_ipc.c:2513: in cdpl_ipc_host_release(): debug: releasing host `152.14.98.53:48634'
1757193568.710321: 2588799-7fdabe2c3700: cdpl_ipc.c:3728: in cdpl_ipc_free(): debug: releasing IPC handle
1757193568.710325: 2588799-7fdabe2c3700: cdpl_ipc.c:3742: in cdpl_ipc_free(): debug: 1 unread messages
1757193568.710327: 2588799-7fdabe2c3700: cdpl_ipc.c:1582: in _host_free__UNSAFE(): debug: freeing host `152.14.98.53:40631'
1757193568.710328: 2588799-7fdabe2c3700: cdpl_ipc.c:1621: in _host_free__UNSAFE(): debug: [0 outq, 0 spR, 0 spW]
1757193568.710330: 2588799-7fdabe2c3700: cdpl_ipc.c:3756: in cdpl_ipc_free(): warning: 1 host(s) were not released
1757193568.710349: 2588799-7fdabe2c3700: cdpl_ipc.c:3767: in cdpl_ipc_free(): debug: done
1757193568.710351: 2588799-7fdabe2c3700: cdpl_monitor.c:1390: in cdpl_mn_free(): debug: freeing monitor client
1757193568.710437: 2588799-7fdafedcb540: cdpl_farm.c:2740: in cdpl_farm_free(): info: freeing farm
1757193568.710463: 2588799-7fdaa9ffb700: cdpl_farm.c:2231: in _schedule(): debug: end of idling
1757193568.710469: 2588799-7fdaa9ffb700: cdpl_farm.c:2235: in _schedule(): debug: dying
1757193568.710528: 2588799-7fdafedcb540: cdpl_farm.c:913: in _killall(): debug: killing all remaining commands
1757193568.710540: 2588799-7fdafedcb540: cdpl_server.c:3144: in cdpl_sv_free(): info: freeing server S1197038224
1757193568.710555: 2588799-7fdafedcb540: cdpl_server.c:3109: in cdpl_sv_kill_errno(): info: killing server
1757193568.710556: 2588799-7fdafedcb540: cdpl_ipc.c:3677: in cdpl_ipc_kill(): debug: stopping event server
1757193568.710567: 2588799-7fdabf2c5700: cdpl_ipc.c:2460: in _epoll_main(): debug: server going down...
1757193568.710573: 2588799-7fdabeac4700: cdpl_server_ipc.c:1200: in _sv_ipc_thread(): debug: leaving now
1757193568.710582: 2588799-7fdafedcb540: cdpl_server.c:334: in _sv_free_master(): info: freeing master M1
1757193568.710588: 2588799-7fdafedcb540: cdpl_hash.c:68: in cdpl_h_destroy(): debug: put operations: 1
1757193568.710591: 2588799-7fdafedcb540: cdpl_hash.c:69: in cdpl_h_destroy(): debug: put collisions: 0
1757193568.710594: 2588799-7fdafedcb540: cdpl_hash.c:70: in cdpl_h_destroy(): debug: get operations: 0
1757193568.710597: 2588799-7fdafedcb540: cdpl_hash.c:71: in cdpl_h_destroy(): debug: get iterations: 0
1757193568.710608: 2588799-7fdafedcb540: cdpl_monitor.c:1390: in cdpl_mn_free(): debug: freeing monitor server
1757193568.710611: 2588799-7fdafedcb540: cdpl_ipc.c:3728: in cdpl_ipc_free(): debug: releasing IPC handle
1757193568.710613: 2588799-7fdafedcb540: cdpl_ipc.c:1582: in _host_free__UNSAFE(): debug: freeing host `152.14.98.53:48634'
1757193568.710615: 2588799-7fdafedcb540: cdpl_ipc.c:1621: in _host_free__UNSAFE(): debug: [0 outq, 0 spR, 0 spW]
1757193568.710641: 2588799-7fdafedcb540: cdpl_ipc.c:3767: in cdpl_ipc_free(): debug: done
1757193568.710653: 2588799-7fdafedcb540: cdpl_log.c:481: in cdpl_log_close(): info: @@end_of_log@@
