[18:23:35.96] /o 
              /c                                    pw_worker™ 
              /c 
              /c                Version W-2024.09-SP1-2 for linux64 - Jan 15, 2025
              /c              Based on Custom Infrastructure
              /c Version W-2024.09-SP1-2
              /c 
              /c                     Copyright (c) 2004 - 2025 Synopsys, Inc.
              /c    This software and the associated documentation are proprietary to Synopsys,
              /c  Inc. This software may only be used in accordance with the terms and conditions
              /c  of a written license agreement with Synopsys, Inc. All other use, reproduction,
              /c    or distribution of this software is strictly prohibited.  Licensed Products
              /c      communicate with Synopsys servers for the purpose of providing software
              /c     updates, detecting software piracy and verifying that customers are using
              /c     Licensed Products in conformity with the applicable License Key for such
              /c   Licensed Products. Synopsys will use information gathered in connection with
              /c     this process to deliver software updates and pursue software pirates and
              /c                                    infringers.
              /c 
              /c  Inclusivity & Diversity - Visit SolvNetPlus to read the "Synopsys Statement on
              /c             Inclusivity and Diversity" (Refer to article 000036315 at
              /c                         https://solvnetplus.synopsys.com)
              /c 
              /c Build  (OPT) Config 11252589 compiled on Wed Jan 15 11:01:36 2025 for AlmaLinux 8.4
              /c Invocation: /mnt/apps/public/COE/synopsys_apps/primewave/W-2024.09-SP1-2/linux64/platform/bin/custom_shell -application pw_worker -gui 0 -localDir /home/argershm/180-voltmeter/Analog/cc/synopsys_custom/pwdp_jobs/saeSession0_diffmodegain.SimulationSimulation_cdpl.1.1441557/logs/w1
              /c Execution time: Fri Sep  5 18:23:34 2025
              /c Host: claws-compute3.ece.ncsu.edu
              /c Working directory: /home/argershm/180-voltmeter/Analog/cc
              /c 
[18:23:40.33] /m Information: Registering ICV PERC package...
[18:23:40.33] /w Warning: Error: "Job group named 'PrimeWave' already exists under this parent." (IPC-100)
[18:23:40.37] /o #####New Worker job begin - Self history dir=/home/argershm/180-voltmeter/Analog/cc/simulation/integrator,tb_main_opamp,schematic
[18:23:40.56] /o source /home/argershm/180-voltmeter/Analog/cc/synopsys_custom/pwdp_jobs/saeSession0_diffmodegain.SimulationSimulation_cdpl.1.1441557/ccFile.tcl OK
[18:23:40.56] /o LibDefs : /home/argershm/180-voltmeter/Analog/cc/lib.defs
[18:23:40.79] /o new worker create session at loading state!
[18:23:40.79] /o history_1
[18:23:40.99] /o Loading: Callback files...
[18:23:40.99] /o 
              /c [INFO] : Loading display.tcl from /mnt/designkits/gf180MCU/dk_ncsu/gf180mcu_cc_0.1/Models_HSPICE
              /c 
              /c  if you wish to Load other display.tcl, please set shell environment valiable "iPDK_load_display_gf180mcu" to value = 0
[18:23:40.99] /o 
[18:23:41.03] /w Warning: Could not set the value of preference xtEMIRLPEStarTcadGrdFile because it does not exist. (PREFERENCE-016)
[18:23:41.03] /o 	#######################################
[18:23:41.03] /o 	CC-PDK Library Name	: gf180MCU Open
[18:23:41.03] /o 	#######################################
[18:23:41.03] /o 
[18:23:41.14] /o source /home/argershm/180-voltmeter/Analog/cc/simulation/integrator,tb_main_opamp,schematic/history_1/.nw_preference_script.tcl OK!
[18:23:41.14] /o DSPF Options: {hierDelim==|}||{termDelim==:}||{fingerChar==@}||{multiplierString==_nettran_}||{aggregateCurrent==1}||{MOSTermNames==d g s b}||{MOSTermOrder==D G S B}||{MOSTermDspfNames==DRC GATE SRC BULK}||{firstChars==XM}||{probeHierDelim==/}||{caseSensitive==1}||{firstChar==M}||{hierPrefix==X}||{nodePrefix==M}||{plotTermVoltageForNet==0}||{mapNetToMosTerminal==}||{mapSlashDelimToDot==1}||{probePortCurrent==1}||{busBit==[]}||{removeNodePrefix==1}||{nlConDelim==.}||{mosModelType==auto}||{keepSchName==0}
[18:23:41.14] /o _workerLoadStateAction done!
[18:23:41.15] /o _getSimulationDetails : 
[18:23:41.15] /o tbName=diff_mode_gain, Mtb=0
[18:23:41.15] /o Got stb tb ok!
[18:23:41.15] /o Self resultsDir: ./simulation
[18:23:41.15] /o Self databaseDir: /home/argershm/180-voltmeter/Analog/cc/simulation/integrator,tb_main_opamp,schematic/history_1/simulation/diff_mode_gain/PrimeSimSPICE/nominal/results
[18:23:41.16] /o source /mnt/apps/public/COE/synopsys_apps/primewave/W-2024.09-SP1-2/auxx/sae/matlab_script.tcl OK
[18:23:41.21] /o Nominal run.
[18:23:41.29] /o _createResultsMap done!
[18:23:41.30] /o New worker simulation done for nomial run.
[18:23:41.30] /o >>>resultsDir=/home/argershm/180-voltmeter/Analog/cc/simulation/integrator,tb_main_opamp,schematic/history_1/simulation/diff_mode_gain/PrimeSimSPICE/nominal/results,masterResultsDir=/home/argershm/180-voltmeter/Analog/cc/simulation/integrator,tb_main_opamp,schematic/history_1/simulation/diff_mode_gain/PrimeSimSPICE/nominal/results
[18:23:41.30] /m Information: Evaluating and plotting outputs...
[18:23:41.35] /o Tracing out
[18:23:41.35] /o Tracing out (Found 0)
[18:23:41.35] /o Tracing collected globals
[18:23:41.64] /o Tracing S
[18:23:41.64] /o Tracing S (Found 0)
[18:23:41.64] /o Tracing collected globals
[18:23:41.85] /o 
[18:23:42.49] /o Tracing D
[18:23:42.49] /o Tracing D (Found 0)
[18:23:42.49] /o Tracing collected globals
[18:23:43.23] /o Tracing S
[18:23:43.23] /o Tracing S (Found 0)
[18:23:43.23] /o Tracing collected globals
[18:23:43.97] /o Tracing S
[18:23:43.97] /o Tracing S (Found 0)
[18:23:43.97] /o Tracing collected globals
[18:23:44.72] /o Tracing S
[18:23:44.72] /o Tracing S (Found 0)
[18:23:44.72] /o Tracing collected globals
[18:23:45.48] /o Tracing D
[18:23:45.48] /o Tracing D (Found 0)
[18:23:45.48] /o Tracing collected globals
[18:23:46.26] /o Tracing D
[18:23:46.26] /o Tracing D (Found 0)
[18:23:46.26] /o Tracing collected globals
[18:23:47.05] /o Tracing D
[18:23:47.05] /o Tracing D (Found 0)
[18:23:47.05] /o Tracing collected globals
[18:23:47.63] /o touch /home/argershm/180-voltmeter/Analog/cc/simulation/integrator,tb_main_opamp,schematic/history_1/simulation/diff_mode_gain/PrimeSimSPICE/nominal/results/.unitedSimFinished
[18:23:47.64] /o touch /home/argershm/180-voltmeter/Analog/cc/simulation/integrator,tb_main_opamp,schematic/history_1/simulation/diff_mode_gain/PrimeSimSPICE/nominal/results/.unitedSimFinished
[18:23:47.69] /o New worker simulation done for nomial run finished!
[18:23:47.69] /o _simulationDoneAction done without exception!
[18:23:47.70] /o touch pilot meas done flag file: /home/argershm/180-voltmeter/Analog/cc/simulation/integrator,tb_main_opamp,schematic/history_1/simulation/diff_mode_gain/PrimeSimSPICE/nominal/results/.pw_nw_meas_done
[18:23:48.99] /o Shutdown time: Fri Sep  5 18:23:48 2025
[18:23:48.99] /o Elapsed session real time: 0.23 minutes
[18:23:48.99] /o Session terminated. Log is at /home/argershm/180-voltmeter/Analog/cc/synopsys_custom/pwdp_jobs/saeSession0_diffmodegain.SimulationSimulation_cdpl.1.1441557/logs/w1/logs/pw_worker.argershm.2025_9_5_182334_1448793.log
