1757114398.623582: 1660605-7f161c918540: cdpl_log.c:337: in cdpl_log_open(): info: @@start_of_log@@
1757114398.623591: 1660605-7f161c918540: cdpl_log.c:1058: in cdpl_log_dump_sysinfo(): info: time: 2025/09/05 19:19:58 EDT -0400
1757114398.623593: 1660605-7f161c918540: cdpl_log.c:1060: in cdpl_log_dump_sysinfo(): info: version: W-2024.09-SP1-2 
1757114398.623595: 1660605-7f161c918540: cdpl_log.c:1062: in cdpl_log_dump_sysinfo(): info: system: Linux 4.18.0-553.69.1.el8_10.x86_64 #1 SMP Thu Aug 7 18:10:00 EDT 2025
1757114398.623596: 1660605-7f161c918540: cdpl_log.c:1067: in cdpl_log_dump_sysinfo(): info: processor: x86_64 64-bits
1757114398.623598: 1660605-7f161c918540: cdpl_log.c:1071: in cdpl_log_dump_sysinfo(): info: hostname: claws-compute3.ece.ncsu.edu
1757114398.623599: 1660605-7f161c918540: cdpl_log.c:1073: in cdpl_log_dump_sysinfo(): info: program name: custom_shell
1757114398.623601: 1660605-7f161c918540: cdpl_log.c:340: in cdpl_log_open(): debug: path: /home/argershm/180-voltmeter/Analog/cc/synopsys_custom/pwdp_jobs/saeSession0_diffmodegain.SimulationSimulation_cdpl.1.1660605/logs/master.claws-compute3.ece.ncsu.edu.1660605.log
1757114398.623603: 1660605-7f161c918540: cdpl_log.c:341: in cdpl_log_open(): debug: dir: /home/argershm/180-voltmeter/Analog/cc/synopsys_custom/pwdp_jobs/saeSession0_diffmodegain.SimulationSimulation_cdpl.1.1660605/logs
1757114398.623607: 1660605-7f161c918540: cdpl_server.c:536: in cdpl_sv_init(): info: new server S1322488808
1757114398.623610: 1660605-7f161c918540: cdpl_ipc.c:3475: in cdpl_ipc_init(): info: requesting IPv4 protocol
1757114398.627495: 1660605-7f161c918540: cdpl_ipc.c:837: in _selectaddrfamily(): info: selected IPv4 protocol
1757114398.627512: 1660605-7f161c918540: cdpl_ipc.c:1139: in _set_keepalive(): info: TCP keep alive interval: 300
1757114398.630194: 1660605-7f161c918540: cdpl_monitor.c:1117: in cdpl_mn_new_server(): info: creating server monitor instance
1757114398.630198: 1660605-7f161c918540: cdpl_server.c:650: in cdpl_sv_new_master(): info: new master M1
1757114398.630202: 1660605-7f161c918540: cdpl_server.c:6533: in cdpl_sv_ctl_master(): info: Setting worker heartbeat to 120 seconds
1757114398.630204: 1660605-7f161c918540: cdpl_server.c:6542: in cdpl_sv_ctl_master(): info: Setting worker heartbeat timeout to 3 heartbeats
1757114398.630206: 1660605-7f161c918540: cdpl_compat_master.c:2090: in _parse_hostfile(): info: reading hostfile `/home/argershm/180-voltmeter/Analog/cc/synopsys_custom/pwdp_jobs/saeSession0_diffmodegain.SimulationSimulation_cdpl.1.1660605/host_file'
1757114398.630216: 1660605-7f161c918540: cdpl_compat_master.c:1900: in _hostfile_parser(): debug: parsing "1     |localhost|   -1  | /tmp | SH | sh"
1757114398.630219: 1660605-7f161c918540: cdpl_farm.c:2578: in cdpl_farm_new_sh(): info: creating SH farm on localhost
1757114398.630222: 1660605-7f161c918540: cdpl_compat_master.c:206: in _set_farm_env(): info: exporting CDPL_LOGDIR as `/home/argershm/180-voltmeter/Analog/cc/synopsys_custom/pwdp_jobs/saeSession0_diffmodegain.SimulationSimulation_cdpl.1.1660605/logs'
1757114398.630224: 1660605-7f161c918540: cdpl_compat_master.c:212: in _set_farm_env(): info: exporting CDPL_TMPDIR as `/tmp'
1757114398.630226: 1660605-7f161c918540: cdpl_compat_master.c:235: in _set_farm_env(): info: exporting SNPSLMD_LICENSE_FILE as `27000@ece-lic-35.ece.ncsu.edu'
1757114398.630228: 1660605-7f161c918540: cdpl_compat_master.c:259: in _set_farm_env(): info: exporting CDPL_OPTIONS as `[nowlogs]'
1757114398.630229: 1660605-7f161c918540: cdpl_compat_master.c:266: in _set_farm_env(): info: exporting DISPLAY as `unix:18426'
1757114398.630231: 1660605-7f161c918540: cdpl_compat_master.c:274: in _set_farm_env(): info: exporting CDPL_HEARTBEAT as `120'
1757114398.630234: 1660605-7f161c918540: cdpl_farm.c:3149: in cdpl_farm_add_withdir(): debug: added `localhost' (capacity: unlimited)
1757114398.630236: 1660605-7f161c918540: cdpl_compat_parse.c:147: in parsefile(): debug: read `/home/argershm/180-voltmeter/Analog/cc/synopsys_custom/pwdp_jobs/saeSession0_diffmodegain.SimulationSimulation_cdpl.1.1660605/host_file', 2 lines
1757114398.630241: 1660605-7f161c918540: cdpl_compat_master.c:2931: in cdplInitMaster(): info: bcast dir is `/home/argershm/180-voltmeter/Analog/cc/synopsys_custom/pwdp_jobs/saeSession0_diffmodegain.SimulationSimulation_cdpl.1.1660605/logs'
1757114398.630270: 1660605-7f161c918540: cdpl_server.c:6433: in cdpl_sv_ctl_master(): info: farm worker timeout set to 300
1757114398.630272: 1660605-7f161c918540: cdpl_server.c:6486: in cdpl_sv_ctl_master(): info: maximum number of task execution attempts set to 1
1757114398.630275: 1660605-7f161c918540: cdpl_server.c:3195: in cdpl_sv_start(): debug: starting server
1757114398.630277: 1660605-7f161c918540: cdpl_ipc.c:3632: in cdpl_ipc_start(): debug: starting IPC server 152.14.98.53:45159
1757114398.630382: 1660605-7f15e4f9f700: cdpl_server_ipc.c:1182: in _sv_ipc_thread(): debug: ready
1757114398.630485: 1660605-7f15c2ffd700: cdpl_monitor.c:426: in cdpl_mn_init_client(): info: creating client monitor instance
1757114398.630503: 1660605-7f15c2ffd700: cdpl_ipc.c:3475: in cdpl_ipc_init(): info: requesting IPv4 protocol
1757114398.636171: 1660605-7f15c2ffd700: cdpl_ipc.c:837: in _selectaddrfamily(): info: selected IPv4 protocol
1757114398.636197: 1660605-7f15c2ffd700: cdpl_ipc.c:1139: in _set_keepalive(): info: TCP keep alive interval: 300
1757114398.639369: 1660605-7f15c2ffd700: cdpl_ipc.c:3632: in cdpl_ipc_start(): debug: starting IPC server 152.14.98.53:32927
1757114398.639487: 1660605-7f15c2ffd700: cdpl_monitor.c:471: in cdpl_mn_init_client(): debug: incoming messages in /tmp/cdpl-monitor-N9IKiL
1757114398.639559: 1660605-7f15c2ffd700: cdpl_monitor.c:533: in cdpl_mn_connect(): debug: connecting to 152.14.98.53:45159
1757114398.639561: 1660605-7f15c2ffd700: cdpl_ipc.c:3789: in cdpl_ipc_connect(): info: connecting to 152.14.98.53:45159
1757114398.639667: 1660605-7f15c2ffd700: cdpl_ipc.c:3860: in cdpl_ipc_connect(): info: connected as `152.14.98.53:58216'
1757114398.639672: 1660605-7f15c2ffd700: cdpl_ipc.c:2503: in cdpl_ipc_host_accept(): debug: accepted host `152.14.98.53:45159'
1757114398.639676: 1660605-7f15c2ffd700: cdpl_monitor.c:579: in cdpl_mn_connect(): debug: ok
1757114398.639685: 1660605-7f161c918540: cdpl_server.c:731: in cdpl_sv_new_job(): info: new job J1 in M1
1757114398.639693: 1660605-7f15d3fff700: cdpl_ipc.c:1862: in _epoll_accept(): debug: new connection from `152.14.98.53:58216'
1757114398.639704: 1660605-7f161c918540: cdpl_compat_master.c:1581: in _add_worker(): info: new worker type 10, min:1, max:3, cmd:`/home/argershm/180-voltmeter/Analog/cc/synopsys_custom/pwdp_jobs/saeSession0_diffmodegain.SimulationSimulation_cdpl.1.1660605/START_WORKER pw_worker -i /home/argershm/180-voltmeter/Analog/cc/synopsys_custom/pwdp_jobs
1757114398.639709: 1660605-7f161c918540: cdpl_server.c:908: in cdpl_sv_new_bin_withfarm(): info: new bin B1 in J1
1757114398.639722: 1660605-7f15e4f9f700: cdpl_server_ipc.c:1225: in _sv_ipc_thread(): debug: received ACCEPT notification
1757114398.639734: 1660605-7f15e4f9f700: cdpl_ipc.c:2503: in cdpl_ipc_host_accept(): debug: accepted host `152.14.98.53:58216'
1757114398.639747: 1660605-7f15e4f9f700: cdpl_server_ipc.c:1256: in _sv_ipc_thread(): debug: received MONITOR message
1757114398.639843: 1660605-7f15e4f9f700: cdpl_monitor.c:1207: in cdpl_mn_accept(): debug: accepted monitor `152.14.98.53:58216'
1757114398.639847: 1660605-7f15e4f9f700: cdpl_server_ipc_mon.c:120: in _globalLOCK(): debug: ENTERTING GLOBAL LOCK
1757114398.639849: 1660605-7f15e4f9f700: cdpl_server_ipc_mon.c:164: in _globalLOCK(): debug: global lock acquired
1757114398.639853: 1660605-7f15d1ffb700: cdpl_monitor.c:910: in mn_systat(): debug: started
1757114398.640061: 1660605-7f15d1ffb700: cdpl_monitor.c:937: in mn_systat(): debug: monitor server flush rate: 5
1757114399.449486: 1660605-7f15e4f9f700: cdpl_server_ipc_mon.c:210: in _globalUNLOCK(): debug: LEAVING GLOBAL LOCK
1757114399.449519: 1660605-7f161c918540: cdpl_server.c:3249: in cdpl_sv_start_job(): info: starting job J1
1757114399.449542: 1660605-7f161c918540: cdpl_server.c:62: in _sv_start_bin(): debug: starting bin B1 (min: 0, max: 3)
1757114399.449693: 1660605-7f15c3fff700: cdpl_server_sched.c:2482: in _sv_scheduler_thread(): debug: scheduler for bin B1 started
1757114399.449703: 1660605-7f161c918540: cdpl_server.c:1893: in _sv_gen_task(): info: new task T0 in B1 (prio 0)
1757114399.449713: 1660605-7f161c918540: cdpl_server.c:2698: in cdpl_sv_label_task_va(): info: setting task T0 label to "PrimeSim_2|PrimeSim"
1757114399.449724: 1660605-7f15c3fff700: cdpl_server_sched.c:2443: in _scheduler_run(): debug: will start a new worker
1757114399.449737: 1660605-7f15c3fff700: cdpl_farm.c:3977: in cdpl_farm_submit(): debug: 1 running processes
1757114399.449740: 1660605-7f15c3fff700: cdpl_farm.c:3985: in cdpl_farm_submit(): debug: new command C1 in bin B1 assigned to host `localhost'
1757114399.449809: 1660605-7f15c3fff700: cdpl_server_sched.c:705: in _sv_launch_worker(): info: started worker W1 (as C1) in bin B1
1757114399.449830: 1660605-7f15c37fe700: cdpl_farm.c:2139: in _schedule(): debug: started
1757114399.449836: 1660605-7f15c37fe700: cdpl_farm.c:2303: in _schedule(): debug: submitting command C1 in bin B1
1757114399.449841: 1660605-7f15c37fe700: cdpl_sh.c:49: in _sh_detached_submit(): info: SH : /home/argershm/180-voltmeter/Analog/cc/synopsys_custom/pwdp_jobs/saeSession0_diffmodegain.SimulationSimulation_cdpl.1.1660605/START_WORKER pw_worker -i /home/argershm/180-voltmeter/Analog/cc/synopsys_custom/pwdp_jobs/saeSession0_diffmodegain.SimulationSimulation_cdpl.1.1660605 -t 10000
1757114399.458561: 1660605-7f15c37fe700: cdpl_farm.c:2343: in _schedule(): debug: C1 in bin B1 running on slot 0
1757114399.458583: 1660605-7f15c37fe700: cdpl_farm.c:2167: in _schedule(): debug: idle
1757114399.472360: 1660605-7f161c918540: cdpl_compat_master.c:5948: in cdplMasterLogInfo(): info: [non-CDPL log entry] PWDP3: reset pilot cache succeeded, pilot_key=saeSession0,1,diff_mode_gain|&/home/argershm/180-voltmeter/Analog/cc/simulation/integrator,tb_main_opamp,schematic/history_1/simulation/diff_mode_gain/PrimeSimSPICE/nominal/results
1757114399.758656: 1660605-7f15c37fe700: cdpl_farm.c:1193: in _onexit(): debug: C1 in bin B1 exited normally on slot 0
1757114400.563043: 1660605-7f15d17fa700: cdpl_compat_master.c:5948: in cdplMasterLogInfo(): info: [non-CDPL log entry] PWDP - no-workers started ok check start!
1757114401.340039: 1660605-7f15d3fff700: cdpl_ipc.c:1862: in _epoll_accept(): debug: new connection from `152.14.98.53:58222'
1757114401.340088: 1660605-7f15e4f9f700: cdpl_server_ipc.c:1225: in _sv_ipc_thread(): debug: received ACCEPT notification
1757114401.340104: 1660605-7f15e4f9f700: cdpl_ipc.c:2503: in cdpl_ipc_host_accept(): debug: accepted host `152.14.98.53:58222'
1757114401.340199: 1660605-7f15e4f9f700: cdpl_server_ipc.c:1246: in _sv_ipc_thread(): debug: received HELLO message
1757114401.340206: 1660605-7f15e4f9f700: cdpl_server_ipc.c:430: in _sv_on_hello(): debug: looking up W1
1757114401.340209: 1660605-7f15e4f9f700: cdpl_server_ipc.c:540: in _sv_on_hello(): info: W1 is `152.14.98.53:58222'
1757114401.340210: 1660605-7f15e4f9f700: cdpl_server_ipc.c:541: in _sv_on_hello(): debug: hello W1 (B1)
1757114401.340212: 1660605-7f15e4f9f700: cdpl_server_ipc.c:542: in _sv_on_hello(): info: W1 log file is /dev/null
1757114401.340224: 1660605-7f15e4f9f700: cdpl_server_ipc.c:602: in _sv_on_hello(): info: up to 1 alive workers in B1
1757114401.340228: 1660605-7f15e4f9f700: cdpl_farm.c:878: in _release_cmd(): debug: freeing command C1 in bin B1
1757114401.340250: 1660605-7f15c3fff700: cdpl_server_sched.c:960: in _assign(): info: assigning task T0 to worker W1
1757114401.403861: 1660605-7f15e4f9f700: cdpl_server_ipc.c:1268: in _sv_ipc_thread(): debug: received RELAY message
1757114401.403869: 1660605-7f15e4f9f700: cdpl_server_ipc.c:713: in _sv_on_relay(): debug: RELAY message from W1, size = 65
1757114401.403872: 1660605-7f15e4f9f700: cdpl_server_ipc.c:715: in _sv_on_relay(): debug: RELAY message from W1, content = 0$1672846 claws-compute3.ece.ncsu.edu 1672862 RUNNING 1757114401
1757114402.340377: 1660605-7f15e4f9f700: cdpl_server_ipc.c:312: in _sv_on_heartbeat(): debug: received HEARTBEAT from worker W1 at 152.14.98.53:58222
1757114403.640648: 1660605-7f15c2ffd700: cdpl_monitor.c:533: in cdpl_mn_connect(): debug: connecting to 152.14.98.53:42209
1757114403.640659: 1660605-7f15c2ffd700: cdpl_ipc.c:3789: in cdpl_ipc_connect(): info: connecting to 152.14.98.53:42209
1757114403.640788: 1660605-7f15c2ffd700: cdpl_ipc.c:3860: in cdpl_ipc_connect(): info: connected as `152.14.98.53:43256'
1757114403.640794: 1660605-7f15c2ffd700: cdpl_ipc.c:2503: in cdpl_ipc_host_accept(): debug: accepted host `152.14.98.53:42209'
1757114403.640799: 1660605-7f15c2ffd700: cdpl_monitor.c:579: in cdpl_mn_connect(): debug: ok
1757114408.139056: 1660605-7f15e4f9f700: cdpl_server_ipc.c:1268: in _sv_ipc_thread(): debug: received RELAY message
1757114408.139071: 1660605-7f15e4f9f700: cdpl_server_ipc.c:713: in _sv_on_relay(): debug: RELAY message from W1, size = 53
1757114408.139073: 1660605-7f15e4f9f700: cdpl_server_ipc.c:715: in _sv_on_relay(): debug: RELAY message from W1, content = WORKERDU|12928,/dev/mapper/rhel_claws--compute3-home
1757114408.139079: 1660605-7f15e4f9f700: cdpl_server_ipc.c:1268: in _sv_ipc_thread(): debug: received RELAY message
1757114408.139081: 1660605-7f15e4f9f700: cdpl_server_ipc.c:713: in _sv_on_relay(): debug: RELAY message from W1, size = 193
1757114408.139082: 1660605-7f15e4f9f700: cdpl_server_ipc.c:715: in _sv_on_relay(): debug: RELAY message from W1, content = REQPILOT|saeSession0,1,diff_mode_gain|&/home/argershm/180-voltmeter/Analog/cc/simulation/integrator,tb_main_opamp,schematic/history_1/simulation/diff_mode_gain/PrimeSimSPICE/nominal/results|&0
1757114408.139128: 1660605-7f15d27fc700: cdpl_compat_master.c:5948: in cdplMasterLogInfo(): info: [non-CDPL log entry] PWDP send back 'DOPILOT' to worker id:1 key: saeSession0,1,diff_mode_gain|&/home/argershm/180-voltmeter/Analog/cc/simulation/integrator,tb_main_opamp,schematic/history_1/simulation/diff_mode_gain/PrimeSimSPICE/nominal/results
1757114408.139290: 1660605-7f15d27fc700: cdpl_compat_master.c:5948: in cdplMasterLogInfo(): info: [non-CDPL log entry] PWDP: set pilot doing!
1757114408.142895: 1660605-7f15e4f9f700: cdpl_server_ipc.c:1268: in _sv_ipc_thread(): debug: received RELAY message
1757114408.142903: 1660605-7f15e4f9f700: cdpl_server_ipc.c:713: in _sv_on_relay(): debug: RELAY message from W1, size = 189
1757114408.142906: 1660605-7f15e4f9f700: cdpl_server_ipc.c:715: in _sv_on_relay(): debug: RELAY message from W1, content = PILOTOK|saeSession0,1,diff_mode_gain|&/home/argershm/180-voltmeter/Analog/cc/simulation/integrator,tb_main_opamp,schematic/history_1/simulation/diff_mode_gain/PrimeSimSPICE/nominal/results
1757114408.142927: 1660605-7f15d27fc700: cdpl_compat_master.c:5948: in cdplMasterLogInfo(): info: [non-CDPL log entry] PWDP: set pilot done!
1757114408.143081: 1660605-7f15e4f9f700: cdpl_server_ipc.c:1268: in _sv_ipc_thread(): debug: received RELAY message
1757114408.143089: 1660605-7f15e4f9f700: cdpl_server_ipc.c:713: in _sv_on_relay(): debug: RELAY message from W1, size = 18
1757114408.143091: 1660605-7f15e4f9f700: cdpl_server_ipc.c:715: in _sv_on_relay(): debug: RELAY message from W1, content = 0$- - - MEASDOING
1757114408.395071: 1660605-7f15e4f9f700: cdpl_server_ipc.c:1268: in _sv_ipc_thread(): debug: received RELAY message
1757114408.395082: 1660605-7f15e4f9f700: cdpl_server_ipc.c:713: in _sv_on_relay(): debug: RELAY message from W1, size = 77
1757114408.395085: 1660605-7f15e4f9f700: cdpl_server_ipc.c:715: in _sv_on_relay(): debug: RELAY message from W1, content = 0$1672846 claws-compute3.ece.ncsu.edu 1672862 FINISHED 1757114401|1757114408
1757114408.396646: 1660605-7f15e4f9f700: cdpl_server_ipc.c:1268: in _sv_ipc_thread(): debug: received RELAY message
1757114408.396653: 1660605-7f15e4f9f700: cdpl_server_ipc.c:713: in _sv_on_relay(): debug: RELAY message from W1, size = 191
1757114408.396655: 1660605-7f15e4f9f700: cdpl_server_ipc.c:715: in _sv_on_relay(): debug: RELAY message from W1, content = PILOTDONE|saeSession0,1,diff_mode_gain|&/home/argershm/180-voltmeter/Analog/cc/simulation/integrator,tb_main_opamp,schematic/history_1/simulation/diff_mode_gain/PrimeSimSPICE/nominal/results
1757114408.396681: 1660605-7f15d27fc700: cdpl_compat_master.c:5948: in cdplMasterLogInfo(): info: [non-CDPL log entry] saeSession0,1,diff_mode_gain|&/home/argershm/180-voltmeter/Analog/cc/simulation/integrator,tb_main_opamp,schematic/history_1/simulation/diff_mode_gain/PrimeSimSPICE/nominal/results PILOTDONE!
1757114408.397032: 1660605-7f15e4f9f700: cdpl_server_ipc.c:1251: in _sv_ipc_thread(): debug: received FINISH message
1757114408.397040: 1660605-7f15e4f9f700: cdpl_server_ipc.c:983: in _sv_on_finish(): info: worker W1 completed task T0
1757114408.397042: 1660605-7f15e4f9f700: cdpl_server_ipc.c:988: in _sv_on_finish(): debug: stat T0: utime=3773 stime=1864
1757114408.397044: 1660605-7f15e4f9f700: cdpl_server_ipc.c:993: in _sv_on_finish(): debug: statm T0: vsize=3054740 rss=1043764 shared=520072 text=474784 data=709960
1757114408.402385: 1660605-7f15e4f9f700: cdpl_server_ipc.c:1268: in _sv_ipc_thread(): debug: received RELAY message
1757114408.402393: 1660605-7f15e4f9f700: cdpl_server_ipc.c:713: in _sv_on_relay(): debug: RELAY message from W1, size = 50
1757114408.402395: 1660605-7f15e4f9f700: cdpl_server_ipc.c:715: in _sv_on_relay(): debug: RELAY message from W1, content = WORKERDU|20,/dev/mapper/rhel_claws--compute3-home
1757114408.471268: 1660605-7f161c918540: cdpl_server.c:227: in _sv_free_task_safe(): debug: freeing task T0
1757114409.264145: 1660605-7f161c918540: cdpl_server.c:3008: in cdpl_sv_halt_job_errno(): info: killing job J1
1757114409.264172: 1660605-7f161c918540: cdpl_server.c:3044: in cdpl_sv_halt_job_errno(): debug: signal bin B1 scheduler to stop
1757114409.264191: 1660605-7f15c3fff700: cdpl_server_sched.c:2484: in _sv_scheduler_thread(): debug: scheduler for bin B1 stopped
1757114409.264201: 1660605-7f15c3fff700: cdpl_ipc.c:1657: in _host_drop__UNSAFE(): debug: dropping host `152.14.98.53:58222'
1757114409.264233: 1660605-7f15c3fff700: cdpl_server_sched.c:2830: in _sv_drop_worker(): info: down to 0 alive workers in B1
1757114409.264236: 1660605-7f15c3fff700: cdpl_farm.c:4152: in cdpl_farm_dismiss(): debug: down to 0 running processes
1757114409.264240: 1660605-7f15c3fff700: cdpl_server_sched.c:121: in _free_worker_2(): debug: freeing worker W1
1757114409.264242: 1660605-7f15c3fff700: cdpl_ipc.c:2513: in cdpl_ipc_host_release(): debug: releasing host `152.14.98.53:58222'
1757114409.264245: 1660605-7f15e4f9f700: cdpl_server_ipc.c:1236: in _sv_ipc_thread(): debug: received DROP notification
1757114409.264257: 1660605-7f161c918540: cdpl_server.c:294: in _sv_free_job(): info: freeing job J1
1757114409.264261: 1660605-7f161c918540: cdpl_server.c:92: in _sv_free_bin(): debug: freeing bin B1
1757114409.264268: 1660605-7f161c918540: cdpl_monitor.c:515: in cdpl_mn_kill(): info: killing monitor
1757114409.264271: 1660605-7f161c918540: cdpl_ipc.c:3677: in cdpl_ipc_kill(): debug: stopping event server
1757114409.264282: 1660605-7f15d37fe700: cdpl_ipc.c:2460: in _epoll_main(): debug: server going down...
1757114409.264310: 1660605-7f15d3fff700: cdpl_ipc.c:775: in _readv(): warning: read(): EOF
1757114409.264329: 1660605-7f15d3fff700: cdpl_ipc.c:2100: in _epoll_recv(): debug: _readv(): Broken pipe
1757114409.264332: 1660605-7f15d3fff700: cdpl_ipc.c:2424: in _epoll_main(): debug: _epoll_recv(): Broken pipe
1757114409.264336: 1660605-7f15d3fff700: cdpl_ipc.c:1657: in _host_drop__UNSAFE(): debug: dropping host `152.14.98.53:58216'
1757114409.264366: 1660605-7f15d3fff700: cdpl_ipc.c:1582: in _host_free__UNSAFE(): debug: freeing host `152.14.98.53:58222'
1757114409.264368: 1660605-7f15d3fff700: cdpl_ipc.c:1621: in _host_free__UNSAFE(): debug: [0 outq, 0 spR, 0 spW]
1757114409.264503: 1660605-7f15e4f9f700: cdpl_server_ipc.c:1236: in _sv_ipc_thread(): debug: received DROP notification
1757114409.264509: 1660605-7f15e4f9f700: cdpl_monitor.c:1269: in cdpl_mn_drop(): debug: detaching from monitor `152.14.98.53:58216'
1757114409.264515: 1660605-7f15e4f9f700: cdpl_monitor.c:1101: in mn_systat_stop(): debug: joining systat thread
1757114409.264539: 1660605-7f15d1ffb700: cdpl_monitor.c:1079: in mn_systat(): debug: exiting
1757114409.264546: 1660605-7f15e4f9f700: cdpl_monitor.c:1103: in mn_systat_stop(): debug: systat thread done
1757114409.264550: 1660605-7f15e4f9f700: cdpl_ipc.c:2513: in cdpl_ipc_host_release(): debug: releasing host `152.14.98.53:58216'
1757114409.264654: 1660605-7f15c2ffd700: cdpl_ipc.c:3728: in cdpl_ipc_free(): debug: releasing IPC handle
1757114409.264660: 1660605-7f15c2ffd700: cdpl_ipc.c:3742: in cdpl_ipc_free(): debug: 1 unread messages
1757114409.264662: 1660605-7f15c2ffd700: cdpl_ipc.c:1582: in _host_free__UNSAFE(): debug: freeing host `152.14.98.53:42209'
1757114409.264664: 1660605-7f15c2ffd700: cdpl_ipc.c:1621: in _host_free__UNSAFE(): debug: [0 outq, 0 spR, 0 spW]
1757114409.264676: 1660605-7f15c2ffd700: cdpl_ipc.c:1582: in _host_free__UNSAFE(): debug: freeing host `152.14.98.53:45159'
1757114409.264678: 1660605-7f15c2ffd700: cdpl_ipc.c:1621: in _host_free__UNSAFE(): debug: [0 outq, 0 spR, 0 spW]
1757114409.264684: 1660605-7f15c2ffd700: cdpl_ipc.c:3756: in cdpl_ipc_free(): warning: 2 host(s) were not released
1757114409.264692: 1660605-7f15c2ffd700: cdpl_ipc.c:3767: in cdpl_ipc_free(): debug: done
1757114409.264693: 1660605-7f15c2ffd700: cdpl_monitor.c:1390: in cdpl_mn_free(): debug: freeing monitor client
1757114409.264764: 1660605-7f161c918540: cdpl_farm.c:2740: in cdpl_farm_free(): info: freeing farm
1757114409.264785: 1660605-7f15c37fe700: cdpl_farm.c:2231: in _schedule(): debug: end of idling
1757114409.264791: 1660605-7f15c37fe700: cdpl_farm.c:2235: in _schedule(): debug: dying
1757114409.264823: 1660605-7f161c918540: cdpl_farm.c:913: in _killall(): debug: killing all remaining commands
1757114409.264828: 1660605-7f161c918540: cdpl_server.c:3144: in cdpl_sv_free(): info: freeing server S1322488808
1757114409.264830: 1660605-7f161c918540: cdpl_server.c:3109: in cdpl_sv_kill_errno(): info: killing server
1757114409.264832: 1660605-7f161c918540: cdpl_ipc.c:3677: in cdpl_ipc_kill(): debug: stopping event server
1757114409.264842: 1660605-7f15d3fff700: cdpl_ipc.c:2460: in _epoll_main(): debug: server going down...
1757114409.264852: 1660605-7f15e4f9f700: cdpl_server_ipc.c:1200: in _sv_ipc_thread(): debug: leaving now
1757114409.264864: 1660605-7f161c918540: cdpl_server.c:334: in _sv_free_master(): info: freeing master M1
1757114409.264867: 1660605-7f161c918540: cdpl_hash.c:68: in cdpl_h_destroy(): debug: put operations: 1
1757114409.264869: 1660605-7f161c918540: cdpl_hash.c:69: in cdpl_h_destroy(): debug: put collisions: 0
1757114409.264871: 1660605-7f161c918540: cdpl_hash.c:70: in cdpl_h_destroy(): debug: get operations: 1
1757114409.264872: 1660605-7f161c918540: cdpl_hash.c:71: in cdpl_h_destroy(): debug: get iterations: 1
1757114409.264875: 1660605-7f161c918540: cdpl_monitor.c:1390: in cdpl_mn_free(): debug: freeing monitor server
1757114409.264879: 1660605-7f161c918540: cdpl_ipc.c:3728: in cdpl_ipc_free(): debug: releasing IPC handle
1757114409.264881: 1660605-7f161c918540: cdpl_ipc.c:1582: in _host_free__UNSAFE(): debug: freeing host `152.14.98.53:58216'
1757114409.264883: 1660605-7f161c918540: cdpl_ipc.c:1621: in _host_free__UNSAFE(): debug: [0 outq, 0 spR, 0 spW]
1757114409.264907: 1660605-7f161c918540: cdpl_ipc.c:3767: in cdpl_ipc_free(): debug: done
1757114409.264909: 1660605-7f161c918540: cdpl_log.c:481: in cdpl_log_close(): info: @@end_of_log@@
