1757170279.038693: 1957752-7fac1f13a540: cdpl_log.c:337: in cdpl_log_open(): info: @@start_of_log@@
1757170279.038719: 1957752-7fac1f13a540: cdpl_log.c:1058: in cdpl_log_dump_sysinfo(): info: time: 2025/09/06 10:51:19 EDT -0400
1757170279.038721: 1957752-7fac1f13a540: cdpl_log.c:1060: in cdpl_log_dump_sysinfo(): info: version: W-2024.09-SP1-2 
1757170279.038722: 1957752-7fac1f13a540: cdpl_log.c:1062: in cdpl_log_dump_sysinfo(): info: system: Linux 4.18.0-553.69.1.el8_10.x86_64 #1 SMP Thu Aug 7 18:10:00 EDT 2025
1757170279.038724: 1957752-7fac1f13a540: cdpl_log.c:1067: in cdpl_log_dump_sysinfo(): info: processor: x86_64 64-bits
1757170279.038725: 1957752-7fac1f13a540: cdpl_log.c:1071: in cdpl_log_dump_sysinfo(): info: hostname: claws-compute3.ece.ncsu.edu
1757170279.038727: 1957752-7fac1f13a540: cdpl_log.c:1073: in cdpl_log_dump_sysinfo(): info: program name: custom_shell
1757170279.038729: 1957752-7fac1f13a540: cdpl_log.c:340: in cdpl_log_open(): debug: path: /home/argershm/180-voltmeter/Analog/cc/synopsys_custom/pwdp_jobs/saeSession4_diffmodegain.SimulationSimulation_cdpl.0.1957752/logs/master.claws-compute3.ece.ncsu.edu.1957752.log
1757170279.038731: 1957752-7fac1f13a540: cdpl_log.c:341: in cdpl_log_open(): debug: dir: /home/argershm/180-voltmeter/Analog/cc/synopsys_custom/pwdp_jobs/saeSession4_diffmodegain.SimulationSimulation_cdpl.0.1957752/logs
1757170279.038763: 1957752-7fac1f13a540: cdpl_server.c:536: in cdpl_sv_init(): info: new server S2007454748
1757170279.038770: 1957752-7fac1f13a540: cdpl_ipc.c:3475: in cdpl_ipc_init(): info: requesting IPv4 protocol
1757170279.042770: 1957752-7fac1f13a540: cdpl_ipc.c:837: in _selectaddrfamily(): info: selected IPv4 protocol
1757170279.042798: 1957752-7fac1f13a540: cdpl_ipc.c:1139: in _set_keepalive(): info: TCP keep alive interval: 300
1757170279.046318: 1957752-7fac1f13a540: cdpl_monitor.c:1117: in cdpl_mn_new_server(): info: creating server monitor instance
1757170279.046335: 1957752-7fac1f13a540: cdpl_server.c:650: in cdpl_sv_new_master(): info: new master M1
1757170279.046344: 1957752-7fac1f13a540: cdpl_server.c:6533: in cdpl_sv_ctl_master(): info: Setting worker heartbeat to 120 seconds
1757170279.046345: 1957752-7fac1f13a540: cdpl_server.c:6542: in cdpl_sv_ctl_master(): info: Setting worker heartbeat timeout to 3 heartbeats
1757170279.046347: 1957752-7fac1f13a540: cdpl_compat_master.c:2090: in _parse_hostfile(): info: reading hostfile `/home/argershm/180-voltmeter/Analog/cc/synopsys_custom/pwdp_jobs/saeSession4_diffmodegain.SimulationSimulation_cdpl.0.1957752/host_file'
1757170279.046368: 1957752-7fac1f13a540: cdpl_compat_master.c:1900: in _hostfile_parser(): debug: parsing "1     |localhost|   -1  | /tmp | SH | sh"
1757170279.046383: 1957752-7fac1f13a540: cdpl_farm.c:2578: in cdpl_farm_new_sh(): info: creating SH farm on localhost
1757170279.046388: 1957752-7fac1f13a540: cdpl_compat_master.c:206: in _set_farm_env(): info: exporting CDPL_LOGDIR as `/home/argershm/180-voltmeter/Analog/cc/synopsys_custom/pwdp_jobs/saeSession4_diffmodegain.SimulationSimulation_cdpl.0.1957752/logs'
1757170279.046390: 1957752-7fac1f13a540: cdpl_compat_master.c:212: in _set_farm_env(): info: exporting CDPL_TMPDIR as `/tmp'
1757170279.046392: 1957752-7fac1f13a540: cdpl_compat_master.c:235: in _set_farm_env(): info: exporting SNPSLMD_LICENSE_FILE as `27000@ece-lic-35.ece.ncsu.edu'
1757170279.046394: 1957752-7fac1f13a540: cdpl_compat_master.c:259: in _set_farm_env(): info: exporting CDPL_OPTIONS as `[nowlogs]'
1757170279.046396: 1957752-7fac1f13a540: cdpl_compat_master.c:266: in _set_farm_env(): info: exporting DISPLAY as `unix:19953'
1757170279.046397: 1957752-7fac1f13a540: cdpl_compat_master.c:274: in _set_farm_env(): info: exporting CDPL_HEARTBEAT as `120'
1757170279.046407: 1957752-7fac1f13a540: cdpl_farm.c:3149: in cdpl_farm_add_withdir(): debug: added `localhost' (capacity: unlimited)
1757170279.046409: 1957752-7fac1f13a540: cdpl_compat_parse.c:147: in parsefile(): debug: read `/home/argershm/180-voltmeter/Analog/cc/synopsys_custom/pwdp_jobs/saeSession4_diffmodegain.SimulationSimulation_cdpl.0.1957752/host_file', 2 lines
1757170279.046414: 1957752-7fac1f13a540: cdpl_compat_master.c:2931: in cdplInitMaster(): info: bcast dir is `/home/argershm/180-voltmeter/Analog/cc/synopsys_custom/pwdp_jobs/saeSession4_diffmodegain.SimulationSimulation_cdpl.0.1957752/logs'
1757170279.046468: 1957752-7fac1f13a540: cdpl_server.c:6433: in cdpl_sv_ctl_master(): info: farm worker timeout set to 300
1757170279.046470: 1957752-7fac1f13a540: cdpl_server.c:6486: in cdpl_sv_ctl_master(): info: maximum number of task execution attempts set to 1
1757170279.046485: 1957752-7fac1f13a540: cdpl_server.c:3195: in cdpl_sv_start(): debug: starting server
1757170279.046490: 1957752-7fac1f13a540: cdpl_ipc.c:3632: in cdpl_ipc_start(): debug: starting IPC server 152.14.98.53:43149
1757170279.046656: 1957752-7fabdef8c700: cdpl_server_ipc.c:1182: in _sv_ipc_thread(): debug: ready
1757170279.046813: 1957752-7fabde78b700: cdpl_monitor.c:426: in cdpl_mn_init_client(): info: creating client monitor instance
1757170279.046834: 1957752-7fabde78b700: cdpl_ipc.c:3475: in cdpl_ipc_init(): info: requesting IPv4 protocol
1757170279.050873: 1957752-7fabde78b700: cdpl_ipc.c:837: in _selectaddrfamily(): info: selected IPv4 protocol
1757170279.050898: 1957752-7fabde78b700: cdpl_ipc.c:1139: in _set_keepalive(): info: TCP keep alive interval: 300
1757170279.054317: 1957752-7fabde78b700: cdpl_ipc.c:3632: in cdpl_ipc_start(): debug: starting IPC server 152.14.98.53:36269
1757170279.054453: 1957752-7fabde78b700: cdpl_monitor.c:471: in cdpl_mn_init_client(): debug: incoming messages in /tmp/cdpl-monitor-xDKFNa
1757170279.054532: 1957752-7fabde78b700: cdpl_monitor.c:533: in cdpl_mn_connect(): debug: connecting to 152.14.98.53:43149
1757170279.054540: 1957752-7fabde78b700: cdpl_ipc.c:3789: in cdpl_ipc_connect(): info: connecting to 152.14.98.53:43149
1757170279.054598: 1957752-7fabde78b700: cdpl_ipc.c:3860: in cdpl_ipc_connect(): info: connected as `152.14.98.53:49286'
1757170279.054614: 1957752-7fabde78b700: cdpl_ipc.c:2503: in cdpl_ipc_host_accept(): debug: accepted host `152.14.98.53:43149'
1757170279.054641: 1957752-7fabdf78d700: cdpl_ipc.c:1862: in _epoll_accept(): debug: new connection from `152.14.98.53:49286'
1757170279.054659: 1957752-7fabde78b700: cdpl_monitor.c:579: in cdpl_mn_connect(): debug: ok
1757170279.054684: 1957752-7fac1f13a540: cdpl_server.c:731: in cdpl_sv_new_job(): info: new job J1 in M1
1757170279.054711: 1957752-7fac1f13a540: cdpl_compat_master.c:1581: in _add_worker(): info: new worker type 10, min:1, max:3, cmd:`/home/argershm/180-voltmeter/Analog/cc/synopsys_custom/pwdp_jobs/saeSession4_diffmodegain.SimulationSimulation_cdpl.0.1957752/START_WORKER pw_worker -i /home/argershm/180-voltmeter/Analog/cc/synopsys_custom/pwdp_jobs
1757170279.054714: 1957752-7fabdef8c700: cdpl_server_ipc.c:1225: in _sv_ipc_thread(): debug: received ACCEPT notification
1757170279.054725: 1957752-7fac1f13a540: cdpl_server.c:908: in cdpl_sv_new_bin_withfarm(): info: new bin B1 in J1
1757170279.054732: 1957752-7fabdef8c700: cdpl_ipc.c:2503: in cdpl_ipc_host_accept(): debug: accepted host `152.14.98.53:49286'
1757170279.054737: 1957752-7fabdef8c700: cdpl_server_ipc.c:1256: in _sv_ipc_thread(): debug: received MONITOR message
1757170279.054936: 1957752-7fabdef8c700: cdpl_monitor.c:1207: in cdpl_mn_accept(): debug: accepted monitor `152.14.98.53:49286'
1757170279.054941: 1957752-7fabdef8c700: cdpl_server_ipc_mon.c:120: in _globalLOCK(): debug: ENTERTING GLOBAL LOCK
1757170279.054943: 1957752-7fabdef8c700: cdpl_server_ipc_mon.c:164: in _globalLOCK(): debug: global lock acquired
1757170279.054959: 1957752-7fabcbfff700: cdpl_monitor.c:910: in mn_systat(): debug: started
1757170279.055247: 1957752-7fabcbfff700: cdpl_monitor.c:937: in mn_systat(): debug: monitor server flush rate: 5
1757170279.846635: 1957752-7fabdef8c700: cdpl_server_ipc_mon.c:210: in _globalUNLOCK(): debug: LEAVING GLOBAL LOCK
1757170279.846778: 1957752-7fac1f13a540: cdpl_server.c:3249: in cdpl_sv_start_job(): info: starting job J1
1757170279.846806: 1957752-7fac1f13a540: cdpl_server.c:62: in _sv_start_bin(): debug: starting bin B1 (min: 0, max: 3)
1757170279.846917: 1957752-7fabca7fc700: cdpl_server_sched.c:2482: in _sv_scheduler_thread(): debug: scheduler for bin B1 started
1757170279.846958: 1957752-7fac1f13a540: cdpl_server.c:1893: in _sv_gen_task(): info: new task T0 in B1 (prio 0)
1757170279.846998: 1957752-7fac1f13a540: cdpl_server.c:2698: in cdpl_sv_label_task_va(): info: setting task T0 label to "PrimeSim_1|PrimeSim"
1757170279.847053: 1957752-7fabca7fc700: cdpl_server_sched.c:2443: in _scheduler_run(): debug: will start a new worker
1757170279.847094: 1957752-7fabca7fc700: cdpl_farm.c:3977: in cdpl_farm_submit(): debug: 1 running processes
1757170279.847097: 1957752-7fabca7fc700: cdpl_farm.c:3985: in cdpl_farm_submit(): debug: new command C1 in bin B1 assigned to host `localhost'
1757170279.847174: 1957752-7fabca7fc700: cdpl_server_sched.c:705: in _sv_launch_worker(): info: started worker W1 (as C1) in bin B1
1757170279.847194: 1957752-7fabc9ffb700: cdpl_farm.c:2139: in _schedule(): debug: started
1757170279.847200: 1957752-7fabc9ffb700: cdpl_farm.c:2303: in _schedule(): debug: submitting command C1 in bin B1
1757170279.847217: 1957752-7fabc9ffb700: cdpl_sh.c:49: in _sh_detached_submit(): info: SH : /home/argershm/180-voltmeter/Analog/cc/synopsys_custom/pwdp_jobs/saeSession4_diffmodegain.SimulationSimulation_cdpl.0.1957752/START_WORKER pw_worker -i /home/argershm/180-voltmeter/Analog/cc/synopsys_custom/pwdp_jobs/saeSession4_diffmodegain.SimulationSimulation_cdpl.0.1957752 -t 10000
1757170279.851720: 1957752-7fabc9ffb700: cdpl_farm.c:2343: in _schedule(): debug: C1 in bin B1 running on slot 0
1757170279.851750: 1957752-7fabc9ffb700: cdpl_farm.c:2167: in _schedule(): debug: idle
1757170279.851893: 1957752-7fac1f13a540: cdpl_server.c:1893: in _sv_gen_task(): info: new task T1 in B1 (prio 0)
1757170279.851911: 1957752-7fac1f13a540: cdpl_server.c:2698: in cdpl_sv_label_task_va(): info: setting task T1 label to "PrimeSim_2|PrimeSim"
1757170279.852135: 1957752-7fac1f13a540: cdpl_server.c:1893: in _sv_gen_task(): info: new task T2 in B1 (prio 0)
1757170279.852141: 1957752-7fac1f13a540: cdpl_server.c:2698: in cdpl_sv_label_task_va(): info: setting task T2 label to "PrimeSim_3|PrimeSim"
1757170279.852239: 1957752-7fac1f13a540: cdpl_server.c:1893: in _sv_gen_task(): info: new task T3 in B1 (prio 0)
1757170279.852242: 1957752-7fac1f13a540: cdpl_server.c:2698: in cdpl_sv_label_task_va(): info: setting task T3 label to "PrimeSim_4|PrimeSim"
1757170279.852328: 1957752-7fac1f13a540: cdpl_server.c:1893: in _sv_gen_task(): info: new task T4 in B1 (prio 0)
1757170279.852331: 1957752-7fac1f13a540: cdpl_server.c:2698: in cdpl_sv_label_task_va(): info: setting task T4 label to "PrimeSim_5|PrimeSim"
1757170279.852413: 1957752-7fac1f13a540: cdpl_server.c:1893: in _sv_gen_task(): info: new task T5 in B1 (prio 0)
1757170279.852415: 1957752-7fac1f13a540: cdpl_server.c:2698: in cdpl_sv_label_task_va(): info: setting task T5 label to "PrimeSim_6|PrimeSim"
1757170279.852439: 1957752-7fabca7fc700: cdpl_server_sched.c:2443: in _scheduler_run(): debug: will start a new worker
1757170279.852453: 1957752-7fabca7fc700: cdpl_farm.c:3977: in cdpl_farm_submit(): debug: 2 running processes
1757170279.852460: 1957752-7fabca7fc700: cdpl_farm.c:3985: in cdpl_farm_submit(): debug: new command C2 in bin B1 assigned to host `localhost'
1757170279.852467: 1957752-7fabca7fc700: cdpl_server_sched.c:705: in _sv_launch_worker(): info: started worker W2 (as C2) in bin B1
1757170279.852469: 1957752-7fabca7fc700: cdpl_server_sched.c:2443: in _scheduler_run(): debug: will start a new worker
1757170279.852471: 1957752-7fabc9ffb700: cdpl_farm.c:2231: in _schedule(): debug: end of idling
1757170279.852473: 1957752-7fabc9ffb700: cdpl_farm.c:2303: in _schedule(): debug: submitting command C2 in bin B1
1757170279.852475: 1957752-7fabc9ffb700: cdpl_sh.c:49: in _sh_detached_submit(): info: SH : /home/argershm/180-voltmeter/Analog/cc/synopsys_custom/pwdp_jobs/saeSession4_diffmodegain.SimulationSimulation_cdpl.0.1957752/START_WORKER pw_worker -i /home/argershm/180-voltmeter/Analog/cc/synopsys_custom/pwdp_jobs/saeSession4_diffmodegain.SimulationSimulation_cdpl.0.1957752 -t 10000
1757170279.855956: 1957752-7fabc9ffb700: cdpl_farm.c:2343: in _schedule(): debug: C2 in bin B1 running on slot 1
1757170279.855982: 1957752-7fabc9ffb700: cdpl_farm.c:2167: in _schedule(): debug: idle
1757170279.856002: 1957752-7fabca7fc700: cdpl_farm.c:3977: in cdpl_farm_submit(): debug: 3 running processes
1757170279.856016: 1957752-7fabca7fc700: cdpl_farm.c:3985: in cdpl_farm_submit(): debug: new command C3 in bin B1 assigned to host `localhost'
1757170279.856028: 1957752-7fabca7fc700: cdpl_server_sched.c:705: in _sv_launch_worker(): info: started worker W3 (as C3) in bin B1
1757170279.856031: 1957752-7fabc9ffb700: cdpl_farm.c:2231: in _schedule(): debug: end of idling
1757170279.856033: 1957752-7fabc9ffb700: cdpl_farm.c:2303: in _schedule(): debug: submitting command C3 in bin B1
1757170279.856040: 1957752-7fabc9ffb700: cdpl_sh.c:49: in _sh_detached_submit(): info: SH : /home/argershm/180-voltmeter/Analog/cc/synopsys_custom/pwdp_jobs/saeSession4_diffmodegain.SimulationSimulation_cdpl.0.1957752/START_WORKER pw_worker -i /home/argershm/180-voltmeter/Analog/cc/synopsys_custom/pwdp_jobs/saeSession4_diffmodegain.SimulationSimulation_cdpl.0.1957752 -t 10000
1757170279.859279: 1957752-7fabc9ffb700: cdpl_farm.c:2343: in _schedule(): debug: C3 in bin B1 running on slot 2
1757170279.859299: 1957752-7fabc9ffb700: cdpl_farm.c:2167: in _schedule(): debug: idle
1757170279.859378: 1957752-7fac1f13a540: cdpl_server.c:1893: in _sv_gen_task(): info: new task T6 in B1 (prio 0)
1757170279.859394: 1957752-7fac1f13a540: cdpl_server.c:2698: in cdpl_sv_label_task_va(): info: setting task T6 label to "PrimeSim_7|PrimeSim"
1757170279.859614: 1957752-7fac1f13a540: cdpl_server.c:1893: in _sv_gen_task(): info: new task T7 in B1 (prio 0)
1757170279.859617: 1957752-7fac1f13a540: cdpl_server.c:2698: in cdpl_sv_label_task_va(): info: setting task T7 label to "PrimeSim_8|PrimeSim"
1757170279.859696: 1957752-7fac1f13a540: cdpl_server.c:1893: in _sv_gen_task(): info: new task T8 in B1 (prio 0)
1757170279.859699: 1957752-7fac1f13a540: cdpl_server.c:2698: in cdpl_sv_label_task_va(): info: setting task T8 label to "PrimeSim_9|PrimeSim"
1757170279.859779: 1957752-7fac1f13a540: cdpl_server.c:1893: in _sv_gen_task(): info: new task T9 in B1 (prio 0)
1757170279.859782: 1957752-7fac1f13a540: cdpl_server.c:2698: in cdpl_sv_label_task_va(): info: setting task T9 label to "PrimeSim_10|PrimeSim"
1757170279.859854: 1957752-7fac1f13a540: cdpl_server.c:1893: in _sv_gen_task(): info: new task T10 in B1 (prio 0)
1757170279.859857: 1957752-7fac1f13a540: cdpl_server.c:2698: in cdpl_sv_label_task_va(): info: setting task T10 label to "PrimeSim_11|PrimeSim"
1757170279.859926: 1957752-7fac1f13a540: cdpl_server.c:1893: in _sv_gen_task(): info: new task T11 in B1 (prio 0)
1757170279.859929: 1957752-7fac1f13a540: cdpl_server.c:2698: in cdpl_sv_label_task_va(): info: setting task T11 label to "PrimeSim_12|PrimeSim"
1757170280.159369: 1957752-7fabc9ffb700: cdpl_farm.c:1193: in _onexit(): debug: C1 in bin B1 exited normally on slot 0
1757170280.159384: 1957752-7fabc9ffb700: cdpl_farm.c:1193: in _onexit(): debug: C2 in bin B1 exited normally on slot 1
1757170280.159390: 1957752-7fabc9ffb700: cdpl_farm.c:1193: in _onexit(): debug: C3 in bin B1 exited normally on slot 2
1757170280.960709: 1957752-7fabcb7fe700: cdpl_compat_master.c:5948: in cdplMasterLogInfo(): info: [non-CDPL log entry] PWDP - no-workers started ok check start!
1757170281.680475: 1957752-7fabdf78d700: cdpl_ipc.c:1862: in _epoll_accept(): debug: new connection from `152.14.98.53:49290'
1757170281.680531: 1957752-7fabdef8c700: cdpl_server_ipc.c:1225: in _sv_ipc_thread(): debug: received ACCEPT notification
1757170281.680551: 1957752-7fabdef8c700: cdpl_ipc.c:2503: in cdpl_ipc_host_accept(): debug: accepted host `152.14.98.53:49290'
1757170281.680656: 1957752-7fabdef8c700: cdpl_server_ipc.c:1246: in _sv_ipc_thread(): debug: received HELLO message
1757170281.680661: 1957752-7fabdef8c700: cdpl_server_ipc.c:430: in _sv_on_hello(): debug: looking up W3
1757170281.680671: 1957752-7fabdef8c700: cdpl_server_ipc.c:540: in _sv_on_hello(): info: W3 is `152.14.98.53:49290'
1757170281.680673: 1957752-7fabdef8c700: cdpl_server_ipc.c:541: in _sv_on_hello(): debug: hello W3 (B1)
1757170281.680675: 1957752-7fabdef8c700: cdpl_server_ipc.c:542: in _sv_on_hello(): info: W3 log file is /dev/null
1757170281.680715: 1957752-7fabdef8c700: cdpl_server_ipc.c:602: in _sv_on_hello(): info: up to 1 alive workers in B1
1757170281.680722: 1957752-7fabdef8c700: cdpl_farm.c:878: in _release_cmd(): debug: freeing command C3 in bin B1
1757170281.680738: 1957752-7fabca7fc700: cdpl_server_sched.c:960: in _assign(): info: assigning task T0 to worker W3
1757170281.681089: 1957752-7fabdf78d700: cdpl_ipc.c:1862: in _epoll_accept(): debug: new connection from `152.14.98.53:49306'
1757170281.681115: 1957752-7fabdef8c700: cdpl_server_ipc.c:1225: in _sv_ipc_thread(): debug: received ACCEPT notification
1757170281.681123: 1957752-7fabdef8c700: cdpl_ipc.c:2503: in cdpl_ipc_host_accept(): debug: accepted host `152.14.98.53:49306'
1757170281.681250: 1957752-7fabdef8c700: cdpl_server_ipc.c:1246: in _sv_ipc_thread(): debug: received HELLO message
1757170281.681256: 1957752-7fabdef8c700: cdpl_server_ipc.c:430: in _sv_on_hello(): debug: looking up W1
1757170281.681258: 1957752-7fabdef8c700: cdpl_server_ipc.c:540: in _sv_on_hello(): info: W1 is `152.14.98.53:49306'
1757170281.681260: 1957752-7fabdef8c700: cdpl_server_ipc.c:541: in _sv_on_hello(): debug: hello W1 (B1)
1757170281.681261: 1957752-7fabdef8c700: cdpl_server_ipc.c:542: in _sv_on_hello(): info: W1 log file is /dev/null
1757170281.681268: 1957752-7fabdef8c700: cdpl_server_ipc.c:602: in _sv_on_hello(): info: up to 2 alive workers in B1
1757170281.681272: 1957752-7fabdef8c700: cdpl_farm.c:878: in _release_cmd(): debug: freeing command C1 in bin B1
1757170281.681284: 1957752-7fabca7fc700: cdpl_server_sched.c:960: in _assign(): info: assigning task T1 to worker W1
1757170281.683116: 1957752-7fabdf78d700: cdpl_ipc.c:1862: in _epoll_accept(): debug: new connection from `152.14.98.53:49316'
1757170281.683136: 1957752-7fabdef8c700: cdpl_server_ipc.c:1225: in _sv_ipc_thread(): debug: received ACCEPT notification
1757170281.683145: 1957752-7fabdef8c700: cdpl_ipc.c:2503: in cdpl_ipc_host_accept(): debug: accepted host `152.14.98.53:49316'
1757170281.683279: 1957752-7fabdef8c700: cdpl_server_ipc.c:1246: in _sv_ipc_thread(): debug: received HELLO message
1757170281.683286: 1957752-7fabdef8c700: cdpl_server_ipc.c:430: in _sv_on_hello(): debug: looking up W2
1757170281.683289: 1957752-7fabdef8c700: cdpl_server_ipc.c:540: in _sv_on_hello(): info: W2 is `152.14.98.53:49316'
1757170281.683291: 1957752-7fabdef8c700: cdpl_server_ipc.c:541: in _sv_on_hello(): debug: hello W2 (B1)
1757170281.683293: 1957752-7fabdef8c700: cdpl_server_ipc.c:542: in _sv_on_hello(): info: W2 log file is /dev/null
1757170281.683303: 1957752-7fabdef8c700: cdpl_server_ipc.c:602: in _sv_on_hello(): info: up to 3 alive workers in B1
1757170281.683308: 1957752-7fabdef8c700: cdpl_farm.c:878: in _release_cmd(): debug: freeing command C2 in bin B1
1757170281.683320: 1957752-7fabca7fc700: cdpl_server_sched.c:960: in _assign(): info: assigning task T2 to worker W2
1757170281.744423: 1957752-7fabdef8c700: cdpl_server_ipc.c:1268: in _sv_ipc_thread(): debug: received RELAY message
1757170281.744447: 1957752-7fabdef8c700: cdpl_server_ipc.c:713: in _sv_on_relay(): debug: RELAY message from W3, size = 65
1757170281.744450: 1957752-7fabdef8c700: cdpl_server_ipc.c:715: in _sv_on_relay(): debug: RELAY message from W3, content = 0$1959746 claws-compute3.ece.ncsu.edu 1959786 RUNNING 1757170281
1757170281.745217: 1957752-7fabdef8c700: cdpl_server_ipc.c:1268: in _sv_ipc_thread(): debug: received RELAY message
1757170281.745221: 1957752-7fabdef8c700: cdpl_server_ipc.c:713: in _sv_on_relay(): debug: RELAY message from W1, size = 65
1757170281.745223: 1957752-7fabdef8c700: cdpl_server_ipc.c:715: in _sv_on_relay(): debug: RELAY message from W1, content = 1$1959748 claws-compute3.ece.ncsu.edu 1959787 RUNNING 1757170281
1757170281.747439: 1957752-7fabdef8c700: cdpl_server_ipc.c:1268: in _sv_ipc_thread(): debug: received RELAY message
1757170281.747442: 1957752-7fabdef8c700: cdpl_server_ipc.c:713: in _sv_on_relay(): debug: RELAY message from W2, size = 65
1757170281.747444: 1957752-7fabdef8c700: cdpl_server_ipc.c:715: in _sv_on_relay(): debug: RELAY message from W2, content = 2$1959747 claws-compute3.ece.ncsu.edu 1959788 RUNNING 1757170281
1757170282.680886: 1957752-7fabdef8c700: cdpl_server_ipc.c:312: in _sv_on_heartbeat(): debug: received HEARTBEAT from worker W3 at 152.14.98.53:49290
1757170282.681500: 1957752-7fabdef8c700: cdpl_server_ipc.c:312: in _sv_on_heartbeat(): debug: received HEARTBEAT from worker W1 at 152.14.98.53:49306
1757170282.683540: 1957752-7fabdef8c700: cdpl_server_ipc.c:312: in _sv_on_heartbeat(): debug: received HEARTBEAT from worker W2 at 152.14.98.53:49316
1757170284.056036: 1957752-7fabde78b700: cdpl_monitor.c:533: in cdpl_mn_connect(): debug: connecting to 152.14.98.53:33493
1757170284.056050: 1957752-7fabde78b700: cdpl_ipc.c:3789: in cdpl_ipc_connect(): info: connecting to 152.14.98.53:33493
1757170284.056190: 1957752-7fabde78b700: cdpl_ipc.c:3860: in cdpl_ipc_connect(): info: connected as `152.14.98.53:54612'
1757170284.056198: 1957752-7fabde78b700: cdpl_ipc.c:2503: in cdpl_ipc_host_accept(): debug: accepted host `152.14.98.53:33493'
1757170284.056203: 1957752-7fabde78b700: cdpl_monitor.c:579: in cdpl_mn_connect(): debug: ok
1757170284.056208: 1957752-7fabde78b700: cdpl_monitor.c:533: in cdpl_mn_connect(): debug: connecting to 152.14.98.53:37777
1757170284.056210: 1957752-7fabde78b700: cdpl_ipc.c:3789: in cdpl_ipc_connect(): info: connecting to 152.14.98.53:37777
1757170284.056248: 1957752-7fabde78b700: cdpl_ipc.c:3860: in cdpl_ipc_connect(): info: connected as `152.14.98.53:48770'
1757170284.056252: 1957752-7fabde78b700: cdpl_ipc.c:2503: in cdpl_ipc_host_accept(): debug: accepted host `152.14.98.53:37777'
1757170284.056255: 1957752-7fabde78b700: cdpl_monitor.c:579: in cdpl_mn_connect(): debug: ok
1757170284.056258: 1957752-7fabde78b700: cdpl_monitor.c:533: in cdpl_mn_connect(): debug: connecting to 152.14.98.53:40605
1757170284.056259: 1957752-7fabde78b700: cdpl_ipc.c:3789: in cdpl_ipc_connect(): info: connecting to 152.14.98.53:40605
1757170284.056293: 1957752-7fabde78b700: cdpl_ipc.c:3860: in cdpl_ipc_connect(): info: connected as `152.14.98.53:33756'
1757170284.056298: 1957752-7fabde78b700: cdpl_ipc.c:2503: in cdpl_ipc_host_accept(): debug: accepted host `152.14.98.53:40605'
1757170284.056301: 1957752-7fabde78b700: cdpl_monitor.c:579: in cdpl_mn_connect(): debug: ok
1757170288.654089: 1957752-7fabdef8c700: cdpl_server_ipc.c:1268: in _sv_ipc_thread(): debug: received RELAY message
1757170288.654104: 1957752-7fabdef8c700: cdpl_server_ipc.c:713: in _sv_on_relay(): debug: RELAY message from W1, size = 53
1757170288.654106: 1957752-7fabdef8c700: cdpl_server_ipc.c:715: in _sv_on_relay(): debug: RELAY message from W1, content = WORKERDU|12932,/dev/mapper/rhel_claws--compute3-home
1757170288.654112: 1957752-7fabdef8c700: cdpl_server_ipc.c:1268: in _sv_ipc_thread(): debug: received RELAY message
1757170288.654114: 1957752-7fabdef8c700: cdpl_server_ipc.c:713: in _sv_on_relay(): debug: RELAY message from W1, size = 196
1757170288.654116: 1957752-7fabdef8c700: cdpl_server_ipc.c:715: in _sv_on_relay(): debug: RELAY message from W1, content = REQPILOT|saeSession4,1,diff_mode_gain|&/home/argershm/180-voltmeter/Analog/cc/simulation/integrator,tb_main_opamp,schematic/history_1/simulation/diff_mode_gain/PrimeSimSPICE/parametric/results|&1
1757170288.654172: 1957752-7fabdcf88700: cdpl_compat_master.c:5948: in cdplMasterLogInfo(): info: [non-CDPL log entry] PWDP send back 'DOPILOT' to worker id:1 key: saeSession4,1,diff_mode_gain|&/home/argershm/180-voltmeter/Analog/cc/simulation/integrator,tb_main_opamp,schematic/history_1/simulation/diff_mode_gain/PrimeSimSPICE/parametric/results
1757170288.654296: 1957752-7fabdef8c700: cdpl_server_ipc.c:1268: in _sv_ipc_thread(): debug: received RELAY message
1757170288.654302: 1957752-7fabdef8c700: cdpl_server_ipc.c:713: in _sv_on_relay(): debug: RELAY message from W2, size = 53
1757170288.654310: 1957752-7fabdef8c700: cdpl_server_ipc.c:715: in _sv_on_relay(): debug: RELAY message from W2, content = WORKERDU|12932,/dev/mapper/rhel_claws--compute3-home
1757170288.654312: 1957752-7fabdef8c700: cdpl_server_ipc.c:1268: in _sv_ipc_thread(): debug: received RELAY message
1757170288.654314: 1957752-7fabdef8c700: cdpl_server_ipc.c:713: in _sv_on_relay(): debug: RELAY message from W2, size = 196
1757170288.654316: 1957752-7fabdef8c700: cdpl_server_ipc.c:715: in _sv_on_relay(): debug: RELAY message from W2, content = REQPILOT|saeSession4,1,diff_mode_gain|&/home/argershm/180-voltmeter/Analog/cc/simulation/integrator,tb_main_opamp,schematic/history_1/simulation/diff_mode_gain/PrimeSimSPICE/parametric/results|&2
1757170288.654338: 1957752-7fabdcf88700: cdpl_compat_master.c:5948: in cdplMasterLogInfo(): info: [non-CDPL log entry] PWDP: set pilot doing!
1757170288.654345: 1957752-7fabdcf88700: cdpl_compat_master.c:5948: in cdplMasterLogInfo(): info: [non-CDPL log entry] PWDP meet doing pilot, so cache worker id:2 key: saeSession4,1,diff_mode_gain|&/home/argershm/180-voltmeter/Analog/cc/simulation/integrator,tb_main_opamp,schematic/history_1/simulation/diff_mode_gain/PrimeSimSPICE/parametric/results
1757170288.657549: 1957752-7fabdef8c700: cdpl_server_ipc.c:1268: in _sv_ipc_thread(): debug: received RELAY message
1757170288.657559: 1957752-7fabdef8c700: cdpl_server_ipc.c:713: in _sv_on_relay(): debug: RELAY message from W1, size = 192
1757170288.657561: 1957752-7fabdef8c700: cdpl_server_ipc.c:715: in _sv_on_relay(): debug: RELAY message from W1, content = PILOTOK|saeSession4,1,diff_mode_gain|&/home/argershm/180-voltmeter/Analog/cc/simulation/integrator,tb_main_opamp,schematic/history_1/simulation/diff_mode_gain/PrimeSimSPICE/parametric/results
1757170288.657570: 1957752-7fabdcf88700: cdpl_compat_master.c:5948: in cdplMasterLogInfo(): info: [non-CDPL log entry] PWDP: set pilot done!
1757170288.657579: 1957752-7fabdcf88700: cdpl_compat_master.c:5948: in cdplMasterLogInfo(): info: [non-CDPL log entry] PWDP send back 'PILOTOK' to cacheed worker id:2 key: saeSession4,1,diff_mode_gain|&/home/argershm/180-voltmeter/Analog/cc/simulation/integrator,tb_main_opamp,schematic/history_1/simulation/diff_mode_gain/PrimeSimSPICE/parametric/results
1757170288.657655: 1957752-7fabdef8c700: cdpl_server_ipc.c:1268: in _sv_ipc_thread(): debug: received RELAY message
1757170288.657661: 1957752-7fabdef8c700: cdpl_server_ipc.c:713: in _sv_on_relay(): debug: RELAY message from W1, size = 18
1757170288.657663: 1957752-7fabdef8c700: cdpl_server_ipc.c:715: in _sv_on_relay(): debug: RELAY message from W1, content = 1$- - - MEASDOING
1757170288.657726: 1957752-7fabdef8c700: cdpl_server_ipc.c:1268: in _sv_ipc_thread(): debug: received RELAY message
1757170288.657727: 1957752-7fabdef8c700: cdpl_server_ipc.c:713: in _sv_on_relay(): debug: RELAY message from W2, size = 18
1757170288.657729: 1957752-7fabdef8c700: cdpl_server_ipc.c:715: in _sv_on_relay(): debug: RELAY message from W2, content = 2$- - - MEASDOING
1757170288.660241: 1957752-7fabdef8c700: cdpl_server_ipc.c:1268: in _sv_ipc_thread(): debug: received RELAY message
1757170288.660250: 1957752-7fabdef8c700: cdpl_server_ipc.c:713: in _sv_on_relay(): debug: RELAY message from W3, size = 53
1757170288.660252: 1957752-7fabdef8c700: cdpl_server_ipc.c:715: in _sv_on_relay(): debug: RELAY message from W3, content = WORKERDU|12932,/dev/mapper/rhel_claws--compute3-home
1757170288.660264: 1957752-7fabdef8c700: cdpl_server_ipc.c:1268: in _sv_ipc_thread(): debug: received RELAY message
1757170288.660266: 1957752-7fabdef8c700: cdpl_server_ipc.c:713: in _sv_on_relay(): debug: RELAY message from W3, size = 196
1757170288.660268: 1957752-7fabdef8c700: cdpl_server_ipc.c:715: in _sv_on_relay(): debug: RELAY message from W3, content = REQPILOT|saeSession4,1,diff_mode_gain|&/home/argershm/180-voltmeter/Analog/cc/simulation/integrator,tb_main_opamp,schematic/history_1/simulation/diff_mode_gain/PrimeSimSPICE/parametric/results|&0
1757170288.660280: 1957752-7fabdcf88700: cdpl_compat_master.c:5948: in cdplMasterLogInfo(): info: [non-CDPL log entry] PWDP send back 'PILOTOK' back to worker id:3 key: saeSession4,1,diff_mode_gain|&/home/argershm/180-voltmeter/Analog/cc/simulation/integrator,tb_main_opamp,schematic/history_1/simulation/diff_mode_gain/PrimeSimSPICE/parametric/results
1757170288.660439: 1957752-7fabdef8c700: cdpl_server_ipc.c:1268: in _sv_ipc_thread(): debug: received RELAY message
1757170288.660445: 1957752-7fabdef8c700: cdpl_server_ipc.c:713: in _sv_on_relay(): debug: RELAY message from W3, size = 18
1757170288.660448: 1957752-7fabdef8c700: cdpl_server_ipc.c:715: in _sv_on_relay(): debug: RELAY message from W3, content = 0$- - - MEASDOING
1757170290.053723: 1957752-7fabdef8c700: cdpl_server_ipc.c:1268: in _sv_ipc_thread(): debug: received RELAY message
1757170290.053740: 1957752-7fabdef8c700: cdpl_server_ipc.c:713: in _sv_on_relay(): debug: RELAY message from W1, size = 77
1757170290.053743: 1957752-7fabdef8c700: cdpl_server_ipc.c:715: in _sv_on_relay(): debug: RELAY message from W1, content = 1$1959748 claws-compute3.ece.ncsu.edu 1959787 FINISHED 1757170281|1757170290
1757170290.055706: 1957752-7fabdef8c700: cdpl_server_ipc.c:1268: in _sv_ipc_thread(): debug: received RELAY message
1757170290.055714: 1957752-7fabdef8c700: cdpl_server_ipc.c:713: in _sv_on_relay(): debug: RELAY message from W1, size = 194
1757170290.055717: 1957752-7fabdef8c700: cdpl_server_ipc.c:715: in _sv_on_relay(): debug: RELAY message from W1, content = PILOTDONE|saeSession4,1,diff_mode_gain|&/home/argershm/180-voltmeter/Analog/cc/simulation/integrator,tb_main_opamp,schematic/history_1/simulation/diff_mode_gain/PrimeSimSPICE/parametric/results
1757170290.055728: 1957752-7fabdcf88700: cdpl_compat_master.c:5948: in cdplMasterLogInfo(): info: [non-CDPL log entry] saeSession4,1,diff_mode_gain|&/home/argershm/180-voltmeter/Analog/cc/simulation/integrator,tb_main_opamp,schematic/history_1/simulation/diff_mode_gain/PrimeSimSPICE/parametric/results PILOTDONE!
1757170290.056026: 1957752-7fabdef8c700: cdpl_server_ipc.c:1251: in _sv_ipc_thread(): debug: received FINISH message
1757170290.056034: 1957752-7fabdef8c700: cdpl_server_ipc.c:983: in _sv_on_finish(): info: worker W1 completed task T1
1757170290.056036: 1957752-7fabdef8c700: cdpl_server_ipc.c:988: in _sv_on_finish(): debug: stat T1: utime=4075 stime=2253
1757170290.056038: 1957752-7fabdef8c700: cdpl_server_ipc.c:993: in _sv_on_finish(): debug: statm T1: vsize=3054904 rss=1038520 shared=518892 text=474784 data=710296
1757170290.056087: 1957752-7fabca7fc700: cdpl_server_sched.c:960: in _assign(): info: assigning task T3 to worker W1
1757170290.061180: 1957752-7fabdef8c700: cdpl_server_ipc.c:1268: in _sv_ipc_thread(): debug: received RELAY message
1757170290.061184: 1957752-7fabdef8c700: cdpl_server_ipc.c:713: in _sv_on_relay(): debug: RELAY message from W1, size = 50
1757170290.061187: 1957752-7fabdef8c700: cdpl_server_ipc.c:715: in _sv_on_relay(): debug: RELAY message from W1, content = WORKERDU|40,/dev/mapper/rhel_claws--compute3-home
1757170290.071640: 1957752-7fac1f13a540: cdpl_server.c:227: in _sv_free_task_safe(): debug: freeing task T1
1757170290.161492: 1957752-7fabdef8c700: cdpl_server_ipc.c:1268: in _sv_ipc_thread(): debug: received RELAY message
1757170290.161500: 1957752-7fabdef8c700: cdpl_server_ipc.c:713: in _sv_on_relay(): debug: RELAY message from W2, size = 77
1757170290.161502: 1957752-7fabdef8c700: cdpl_server_ipc.c:715: in _sv_on_relay(): debug: RELAY message from W2, content = 2$1959747 claws-compute3.ece.ncsu.edu 1959788 FINISHED 1757170281|1757170290
1757170290.161745: 1957752-7fabdef8c700: cdpl_server_ipc.c:1251: in _sv_ipc_thread(): debug: received FINISH message
1757170290.161747: 1957752-7fabdef8c700: cdpl_server_ipc.c:983: in _sv_on_finish(): info: worker W2 completed task T2
1757170290.161749: 1957752-7fabdef8c700: cdpl_server_ipc.c:988: in _sv_on_finish(): debug: stat T2: utime=4102 stime=2165
1757170290.161750: 1957752-7fabdef8c700: cdpl_server_ipc.c:993: in _sv_on_finish(): debug: statm T2: vsize=3054884 rss=1037168 shared=519376 text=474784 data=710276
1757170290.161770: 1957752-7fabca7fc700: cdpl_server_sched.c:960: in _assign(): info: assigning task T4 to worker W2
1757170290.166473: 1957752-7fabdef8c700: cdpl_server_ipc.c:1268: in _sv_ipc_thread(): debug: received RELAY message
1757170290.166482: 1957752-7fabdef8c700: cdpl_server_ipc.c:713: in _sv_on_relay(): debug: RELAY message from W2, size = 50
1757170290.166484: 1957752-7fabdef8c700: cdpl_server_ipc.c:715: in _sv_on_relay(): debug: RELAY message from W2, content = WORKERDU|56,/dev/mapper/rhel_claws--compute3-home
1757170290.171181: 1957752-7fac1f13a540: cdpl_server.c:227: in _sv_free_task_safe(): debug: freeing task T2
1757170290.177632: 1957752-7fabdef8c700: cdpl_server_ipc.c:1268: in _sv_ipc_thread(): debug: received RELAY message
1757170290.177641: 1957752-7fabdef8c700: cdpl_server_ipc.c:713: in _sv_on_relay(): debug: RELAY message from W3, size = 77
1757170290.177643: 1957752-7fabdef8c700: cdpl_server_ipc.c:715: in _sv_on_relay(): debug: RELAY message from W3, content = 0$1959746 claws-compute3.ece.ncsu.edu 1959786 FINISHED 1757170281|1757170290
1757170290.177931: 1957752-7fabdef8c700: cdpl_server_ipc.c:1251: in _sv_ipc_thread(): debug: received FINISH message
1757170290.177933: 1957752-7fabdef8c700: cdpl_server_ipc.c:983: in _sv_on_finish(): info: worker W3 completed task T0
1757170290.177935: 1957752-7fabdef8c700: cdpl_server_ipc.c:988: in _sv_on_finish(): debug: stat T0: utime=4026 stime=2243
1757170290.177937: 1957752-7fabdef8c700: cdpl_server_ipc.c:993: in _sv_on_finish(): debug: statm T0: vsize=3054896 rss=1036616 shared=518900 text=474784 data=710288
1757170290.177948: 1957752-7fabca7fc700: cdpl_server_sched.c:960: in _assign(): info: assigning task T5 to worker W3
1757170290.182703: 1957752-7fabdef8c700: cdpl_server_ipc.c:1268: in _sv_ipc_thread(): debug: received RELAY message
1757170290.182712: 1957752-7fabdef8c700: cdpl_server_ipc.c:713: in _sv_on_relay(): debug: RELAY message from W3, size = 50
1757170290.182714: 1957752-7fabdef8c700: cdpl_server_ipc.c:715: in _sv_on_relay(): debug: RELAY message from W3, content = WORKERDU|56,/dev/mapper/rhel_claws--compute3-home
1757170290.190007: 1957752-7fabdef8c700: cdpl_server_ipc.c:1268: in _sv_ipc_thread(): debug: received RELAY message
1757170290.190015: 1957752-7fabdef8c700: cdpl_server_ipc.c:713: in _sv_on_relay(): debug: RELAY message from W1, size = 65
1757170290.190017: 1957752-7fabdef8c700: cdpl_server_ipc.c:715: in _sv_on_relay(): debug: RELAY message from W1, content = 3$1959748 claws-compute3.ece.ncsu.edu 1960906 RUNNING 1757170290
1757170290.271816: 1957752-7fac1f13a540: cdpl_server.c:227: in _sv_free_task_safe(): debug: freeing task T0
1757170290.292693: 1957752-7fabdef8c700: cdpl_server_ipc.c:1268: in _sv_ipc_thread(): debug: received RELAY message
1757170290.292703: 1957752-7fabdef8c700: cdpl_server_ipc.c:713: in _sv_on_relay(): debug: RELAY message from W2, size = 65
1757170290.292705: 1957752-7fabdef8c700: cdpl_server_ipc.c:715: in _sv_on_relay(): debug: RELAY message from W2, content = 4$1959747 claws-compute3.ece.ncsu.edu 1960949 RUNNING 1757170290
1757170290.394192: 1957752-7fabdef8c700: cdpl_server_ipc.c:1268: in _sv_ipc_thread(): debug: received RELAY message
1757170290.394205: 1957752-7fabdef8c700: cdpl_server_ipc.c:713: in _sv_on_relay(): debug: RELAY message from W3, size = 65
1757170290.394208: 1957752-7fabdef8c700: cdpl_server_ipc.c:715: in _sv_on_relay(): debug: RELAY message from W3, content = 5$1959746 claws-compute3.ece.ncsu.edu 1960995 RUNNING 1757170290
1757170291.500932: 1957752-7fabdef8c700: cdpl_server_ipc.c:1268: in _sv_ipc_thread(): debug: received RELAY message
1757170291.500946: 1957752-7fabdef8c700: cdpl_server_ipc.c:713: in _sv_on_relay(): debug: RELAY message from W1, size = 196
1757170291.500948: 1957752-7fabdef8c700: cdpl_server_ipc.c:715: in _sv_on_relay(): debug: RELAY message from W1, content = REQPILOT|saeSession4,1,diff_mode_gain|&/home/argershm/180-voltmeter/Analog/cc/simulation/integrator,tb_main_opamp,schematic/history_1/simulation/diff_mode_gain/PrimeSimSPICE/parametric/results|&3
1757170291.500990: 1957752-7fabdcf88700: cdpl_compat_master.c:5948: in cdplMasterLogInfo(): info: [non-CDPL log entry] PWDP send back 'PILOTOK' back to worker id:1 key: saeSession4,1,diff_mode_gain|&/home/argershm/180-voltmeter/Analog/cc/simulation/integrator,tb_main_opamp,schematic/history_1/simulation/diff_mode_gain/PrimeSimSPICE/parametric/results
1757170291.501126: 1957752-7fabdef8c700: cdpl_server_ipc.c:1268: in _sv_ipc_thread(): debug: received RELAY message
1757170291.501131: 1957752-7fabdef8c700: cdpl_server_ipc.c:713: in _sv_on_relay(): debug: RELAY message from W1, size = 18
1757170291.501134: 1957752-7fabdef8c700: cdpl_server_ipc.c:715: in _sv_on_relay(): debug: RELAY message from W1, content = 3$- - - MEASDOING
1757170291.504960: 1957752-7fabdef8c700: cdpl_server_ipc.c:1268: in _sv_ipc_thread(): debug: received RELAY message
1757170291.504967: 1957752-7fabdef8c700: cdpl_server_ipc.c:713: in _sv_on_relay(): debug: RELAY message from W2, size = 196
1757170291.504970: 1957752-7fabdef8c700: cdpl_server_ipc.c:715: in _sv_on_relay(): debug: RELAY message from W2, content = REQPILOT|saeSession4,1,diff_mode_gain|&/home/argershm/180-voltmeter/Analog/cc/simulation/integrator,tb_main_opamp,schematic/history_1/simulation/diff_mode_gain/PrimeSimSPICE/parametric/results|&4
1757170291.504989: 1957752-7fabdcf88700: cdpl_compat_master.c:5948: in cdplMasterLogInfo(): info: [non-CDPL log entry] PWDP send back 'PILOTOK' back to worker id:2 key: saeSession4,1,diff_mode_gain|&/home/argershm/180-voltmeter/Analog/cc/simulation/integrator,tb_main_opamp,schematic/history_1/simulation/diff_mode_gain/PrimeSimSPICE/parametric/results
1757170291.505138: 1957752-7fabdef8c700: cdpl_server_ipc.c:1268: in _sv_ipc_thread(): debug: received RELAY message
1757170291.505143: 1957752-7fabdef8c700: cdpl_server_ipc.c:713: in _sv_on_relay(): debug: RELAY message from W2, size = 18
1757170291.505146: 1957752-7fabdef8c700: cdpl_server_ipc.c:715: in _sv_on_relay(): debug: RELAY message from W2, content = 4$- - - MEASDOING
1757170291.605832: 1957752-7fabdef8c700: cdpl_server_ipc.c:1268: in _sv_ipc_thread(): debug: received RELAY message
1757170291.605840: 1957752-7fabdef8c700: cdpl_server_ipc.c:713: in _sv_on_relay(): debug: RELAY message from W3, size = 196
1757170291.605842: 1957752-7fabdef8c700: cdpl_server_ipc.c:715: in _sv_on_relay(): debug: RELAY message from W3, content = REQPILOT|saeSession4,1,diff_mode_gain|&/home/argershm/180-voltmeter/Analog/cc/simulation/integrator,tb_main_opamp,schematic/history_1/simulation/diff_mode_gain/PrimeSimSPICE/parametric/results|&5
1757170291.605853: 1957752-7fabdcf88700: cdpl_compat_master.c:5948: in cdplMasterLogInfo(): info: [non-CDPL log entry] PWDP send back 'PILOTOK' back to worker id:3 key: saeSession4,1,diff_mode_gain|&/home/argershm/180-voltmeter/Analog/cc/simulation/integrator,tb_main_opamp,schematic/history_1/simulation/diff_mode_gain/PrimeSimSPICE/parametric/results
1757170291.606022: 1957752-7fabdef8c700: cdpl_server_ipc.c:1268: in _sv_ipc_thread(): debug: received RELAY message
1757170291.606030: 1957752-7fabdef8c700: cdpl_server_ipc.c:713: in _sv_on_relay(): debug: RELAY message from W3, size = 18
1757170291.606032: 1957752-7fabdef8c700: cdpl_server_ipc.c:715: in _sv_on_relay(): debug: RELAY message from W3, content = 5$- - - MEASDOING
1757170292.327755: 1957752-7fabdef8c700: cdpl_server_ipc.c:1268: in _sv_ipc_thread(): debug: received RELAY message
1757170292.327770: 1957752-7fabdef8c700: cdpl_server_ipc.c:713: in _sv_on_relay(): debug: RELAY message from W2, size = 77
1757170292.327772: 1957752-7fabdef8c700: cdpl_server_ipc.c:715: in _sv_on_relay(): debug: RELAY message from W2, content = 4$1959747 claws-compute3.ece.ncsu.edu 1960949 FINISHED 1757170290|1757170292
1757170292.327816: 1957752-7fabdef8c700: cdpl_server_ipc.c:1268: in _sv_ipc_thread(): debug: received RELAY message
1757170292.327818: 1957752-7fabdef8c700: cdpl_server_ipc.c:713: in _sv_on_relay(): debug: RELAY message from W1, size = 77
1757170292.327820: 1957752-7fabdef8c700: cdpl_server_ipc.c:715: in _sv_on_relay(): debug: RELAY message from W1, content = 3$1959748 claws-compute3.ece.ncsu.edu 1960906 FINISHED 1757170290|1757170292
1757170292.327922: 1957752-7fabdef8c700: cdpl_server_ipc.c:1251: in _sv_ipc_thread(): debug: received FINISH message
1757170292.327925: 1957752-7fabdef8c700: cdpl_server_ipc.c:983: in _sv_on_finish(): info: worker W2 completed task T4
1757170292.327927: 1957752-7fabdef8c700: cdpl_server_ipc.c:988: in _sv_on_finish(): debug: stat T4: utime=689 stime=416
1757170292.327929: 1957752-7fabdef8c700: cdpl_server_ipc.c:993: in _sv_on_finish(): debug: statm T4: vsize=3054884 rss=1037168 shared=519376 text=474784 data=710276
1757170292.327960: 1957752-7fabca7fc700: cdpl_server_sched.c:960: in _assign(): info: assigning task T6 to worker W2
1757170292.328050: 1957752-7fabdef8c700: cdpl_server_ipc.c:1251: in _sv_ipc_thread(): debug: received FINISH message
1757170292.328053: 1957752-7fabdef8c700: cdpl_server_ipc.c:983: in _sv_on_finish(): info: worker W1 completed task T3
1757170292.328055: 1957752-7fabdef8c700: cdpl_server_ipc.c:988: in _sv_on_finish(): debug: stat T3: utime=686 stime=412
1757170292.328056: 1957752-7fabdef8c700: cdpl_server_ipc.c:993: in _sv_on_finish(): debug: statm T3: vsize=3054904 rss=1038520 shared=518892 text=474784 data=710296
1757170292.328073: 1957752-7fabca7fc700: cdpl_server_sched.c:960: in _assign(): info: assigning task T7 to worker W1
1757170292.332903: 1957752-7fabdef8c700: cdpl_server_ipc.c:1268: in _sv_ipc_thread(): debug: received RELAY message
1757170292.332907: 1957752-7fabdef8c700: cdpl_server_ipc.c:713: in _sv_on_relay(): debug: RELAY message from W2, size = 53
1757170292.332909: 1957752-7fabdef8c700: cdpl_server_ipc.c:715: in _sv_on_relay(): debug: RELAY message from W2, content = WORKERDU|12988,/dev/mapper/rhel_claws--compute3-home
1757170292.333003: 1957752-7fabdef8c700: cdpl_server_ipc.c:1268: in _sv_ipc_thread(): debug: received RELAY message
1757170292.333006: 1957752-7fabdef8c700: cdpl_server_ipc.c:713: in _sv_on_relay(): debug: RELAY message from W1, size = 53
1757170292.333007: 1957752-7fabdef8c700: cdpl_server_ipc.c:715: in _sv_on_relay(): debug: RELAY message from W1, content = WORKERDU|12988,/dev/mapper/rhel_claws--compute3-home
1757170292.371807: 1957752-7fac1f13a540: cdpl_server.c:227: in _sv_free_task_safe(): debug: freeing task T4
1757170292.384242: 1957752-7fac1f13a540: cdpl_server.c:227: in _sv_free_task_safe(): debug: freeing task T3
1757170292.401667: 1957752-7fabdef8c700: cdpl_server_ipc.c:1268: in _sv_ipc_thread(): debug: received RELAY message
1757170292.401676: 1957752-7fabdef8c700: cdpl_server_ipc.c:713: in _sv_on_relay(): debug: RELAY message from W3, size = 77
1757170292.401678: 1957752-7fabdef8c700: cdpl_server_ipc.c:715: in _sv_on_relay(): debug: RELAY message from W3, content = 5$1959746 claws-compute3.ece.ncsu.edu 1960995 FINISHED 1757170290|1757170292
1757170292.401845: 1957752-7fabdef8c700: cdpl_server_ipc.c:1251: in _sv_ipc_thread(): debug: received FINISH message
1757170292.401847: 1957752-7fabdef8c700: cdpl_server_ipc.c:983: in _sv_on_finish(): info: worker W3 completed task T5
1757170292.401849: 1957752-7fabdef8c700: cdpl_server_ipc.c:988: in _sv_on_finish(): debug: stat T5: utime=667 stime=424
1757170292.401851: 1957752-7fabdef8c700: cdpl_server_ipc.c:993: in _sv_on_finish(): debug: statm T5: vsize=3054896 rss=1036616 shared=518900 text=474784 data=710288
1757170292.401872: 1957752-7fabca7fc700: cdpl_server_sched.c:960: in _assign(): info: assigning task T8 to worker W3
1757170292.406776: 1957752-7fabdef8c700: cdpl_server_ipc.c:1268: in _sv_ipc_thread(): debug: received RELAY message
1757170292.406785: 1957752-7fabdef8c700: cdpl_server_ipc.c:713: in _sv_on_relay(): debug: RELAY message from W3, size = 53
1757170292.406787: 1957752-7fabdef8c700: cdpl_server_ipc.c:715: in _sv_on_relay(): debug: RELAY message from W3, content = WORKERDU|12988,/dev/mapper/rhel_claws--compute3-home
1757170292.461027: 1957752-7fabdef8c700: cdpl_server_ipc.c:1268: in _sv_ipc_thread(): debug: received RELAY message
1757170292.461038: 1957752-7fabdef8c700: cdpl_server_ipc.c:713: in _sv_on_relay(): debug: RELAY message from W2, size = 65
1757170292.461040: 1957752-7fabdef8c700: cdpl_server_ipc.c:715: in _sv_on_relay(): debug: RELAY message from W2, content = 6$1959747 claws-compute3.ece.ncsu.edu 1961439 RUNNING 1757170292
1757170292.464967: 1957752-7fabdef8c700: cdpl_server_ipc.c:1268: in _sv_ipc_thread(): debug: received RELAY message
1757170292.464971: 1957752-7fabdef8c700: cdpl_server_ipc.c:713: in _sv_on_relay(): debug: RELAY message from W1, size = 65
1757170292.464973: 1957752-7fabdef8c700: cdpl_server_ipc.c:715: in _sv_on_relay(): debug: RELAY message from W1, content = 7$1959748 claws-compute3.ece.ncsu.edu 1961440 RUNNING 1757170292
1757170292.471982: 1957752-7fac1f13a540: cdpl_server.c:227: in _sv_free_task_safe(): debug: freeing task T5
1757170292.592085: 1957752-7fabdef8c700: cdpl_server_ipc.c:1268: in _sv_ipc_thread(): debug: received RELAY message
1757170292.592100: 1957752-7fabdef8c700: cdpl_server_ipc.c:713: in _sv_on_relay(): debug: RELAY message from W3, size = 65
1757170292.592102: 1957752-7fabdef8c700: cdpl_server_ipc.c:715: in _sv_on_relay(): debug: RELAY message from W3, content = 8$1959746 claws-compute3.ece.ncsu.edu 1961574 RUNNING 1757170292
1757170293.673109: 1957752-7fabdef8c700: cdpl_server_ipc.c:1268: in _sv_ipc_thread(): debug: received RELAY message
1757170293.673120: 1957752-7fabdef8c700: cdpl_server_ipc.c:713: in _sv_on_relay(): debug: RELAY message from W2, size = 196
1757170293.673122: 1957752-7fabdef8c700: cdpl_server_ipc.c:715: in _sv_on_relay(): debug: RELAY message from W2, content = REQPILOT|saeSession4,1,diff_mode_gain|&/home/argershm/180-voltmeter/Analog/cc/simulation/integrator,tb_main_opamp,schematic/history_1/simulation/diff_mode_gain/PrimeSimSPICE/parametric/results|&6
1757170293.673146: 1957752-7fabdcf88700: cdpl_compat_master.c:5948: in cdplMasterLogInfo(): info: [non-CDPL log entry] PWDP send back 'PILOTOK' back to worker id:2 key: saeSession4,1,diff_mode_gain|&/home/argershm/180-voltmeter/Analog/cc/simulation/integrator,tb_main_opamp,schematic/history_1/simulation/diff_mode_gain/PrimeSimSPICE/parametric/results
1757170293.673273: 1957752-7fabdef8c700: cdpl_server_ipc.c:1268: in _sv_ipc_thread(): debug: received RELAY message
1757170293.673275: 1957752-7fabdef8c700: cdpl_server_ipc.c:713: in _sv_on_relay(): debug: RELAY message from W2, size = 18
1757170293.673277: 1957752-7fabdef8c700: cdpl_server_ipc.c:715: in _sv_on_relay(): debug: RELAY message from W2, content = 6$- - - MEASDOING
1757170293.676786: 1957752-7fabdef8c700: cdpl_server_ipc.c:1268: in _sv_ipc_thread(): debug: received RELAY message
1757170293.676793: 1957752-7fabdef8c700: cdpl_server_ipc.c:713: in _sv_on_relay(): debug: RELAY message from W1, size = 196
1757170293.676795: 1957752-7fabdef8c700: cdpl_server_ipc.c:715: in _sv_on_relay(): debug: RELAY message from W1, content = REQPILOT|saeSession4,1,diff_mode_gain|&/home/argershm/180-voltmeter/Analog/cc/simulation/integrator,tb_main_opamp,schematic/history_1/simulation/diff_mode_gain/PrimeSimSPICE/parametric/results|&7
1757170293.676807: 1957752-7fabdcf88700: cdpl_compat_master.c:5948: in cdplMasterLogInfo(): info: [non-CDPL log entry] PWDP send back 'PILOTOK' back to worker id:1 key: saeSession4,1,diff_mode_gain|&/home/argershm/180-voltmeter/Analog/cc/simulation/integrator,tb_main_opamp,schematic/history_1/simulation/diff_mode_gain/PrimeSimSPICE/parametric/results
1757170293.676950: 1957752-7fabdef8c700: cdpl_server_ipc.c:1268: in _sv_ipc_thread(): debug: received RELAY message
1757170293.676955: 1957752-7fabdef8c700: cdpl_server_ipc.c:713: in _sv_on_relay(): debug: RELAY message from W1, size = 18
1757170293.676957: 1957752-7fabdef8c700: cdpl_server_ipc.c:715: in _sv_on_relay(): debug: RELAY message from W1, content = 7$- - - MEASDOING
1757170293.805762: 1957752-7fabdef8c700: cdpl_server_ipc.c:1268: in _sv_ipc_thread(): debug: received RELAY message
1757170293.805771: 1957752-7fabdef8c700: cdpl_server_ipc.c:713: in _sv_on_relay(): debug: RELAY message from W3, size = 196
1757170293.805778: 1957752-7fabdef8c700: cdpl_server_ipc.c:715: in _sv_on_relay(): debug: RELAY message from W3, content = REQPILOT|saeSession4,1,diff_mode_gain|&/home/argershm/180-voltmeter/Analog/cc/simulation/integrator,tb_main_opamp,schematic/history_1/simulation/diff_mode_gain/PrimeSimSPICE/parametric/results|&8
1757170293.805791: 1957752-7fabdcf88700: cdpl_compat_master.c:5948: in cdplMasterLogInfo(): info: [non-CDPL log entry] PWDP send back 'PILOTOK' back to worker id:3 key: saeSession4,1,diff_mode_gain|&/home/argershm/180-voltmeter/Analog/cc/simulation/integrator,tb_main_opamp,schematic/history_1/simulation/diff_mode_gain/PrimeSimSPICE/parametric/results
1757170293.806039: 1957752-7fabdef8c700: cdpl_server_ipc.c:1268: in _sv_ipc_thread(): debug: received RELAY message
1757170293.806046: 1957752-7fabdef8c700: cdpl_server_ipc.c:713: in _sv_on_relay(): debug: RELAY message from W3, size = 18
1757170293.806048: 1957752-7fabdef8c700: cdpl_server_ipc.c:715: in _sv_on_relay(): debug: RELAY message from W3, content = 8$- - - MEASDOING
1757170294.065620: 1957752-7fabdef8c700: cdpl_server_ipc.c:1268: in _sv_ipc_thread(): debug: received RELAY message
1757170294.065632: 1957752-7fabdef8c700: cdpl_server_ipc.c:713: in _sv_on_relay(): debug: RELAY message from W1, size = 53
1757170294.065635: 1957752-7fabdef8c700: cdpl_server_ipc.c:715: in _sv_on_relay(): debug: RELAY message from W1, content = WORKERDU|12964,/dev/mapper/rhel_claws--compute3-home
1757170294.066435: 1957752-7fabdef8c700: cdpl_server_ipc.c:1268: in _sv_ipc_thread(): debug: received RELAY message
1757170294.066442: 1957752-7fabdef8c700: cdpl_server_ipc.c:713: in _sv_on_relay(): debug: RELAY message from W2, size = 53
1757170294.066445: 1957752-7fabdef8c700: cdpl_server_ipc.c:715: in _sv_on_relay(): debug: RELAY message from W2, content = WORKERDU|12964,/dev/mapper/rhel_claws--compute3-home
1757170294.177656: 1957752-7fabdef8c700: cdpl_server_ipc.c:1268: in _sv_ipc_thread(): debug: received RELAY message
1757170294.177665: 1957752-7fabdef8c700: cdpl_server_ipc.c:713: in _sv_on_relay(): debug: RELAY message from W3, size = 53
1757170294.177667: 1957752-7fabdef8c700: cdpl_server_ipc.c:715: in _sv_on_relay(): debug: RELAY message from W3, content = WORKERDU|12964,/dev/mapper/rhel_claws--compute3-home
1757170294.587205: 1957752-7fabdef8c700: cdpl_server_ipc.c:1268: in _sv_ipc_thread(): debug: received RELAY message
1757170294.587216: 1957752-7fabdef8c700: cdpl_server_ipc.c:713: in _sv_on_relay(): debug: RELAY message from W3, size = 77
1757170294.587219: 1957752-7fabdef8c700: cdpl_server_ipc.c:715: in _sv_on_relay(): debug: RELAY message from W3, content = 8$1959746 claws-compute3.ece.ncsu.edu 1961574 FINISHED 1757170292|1757170294
1757170294.587407: 1957752-7fabdef8c700: cdpl_server_ipc.c:1251: in _sv_ipc_thread(): debug: received FINISH message
1757170294.587412: 1957752-7fabdef8c700: cdpl_server_ipc.c:983: in _sv_on_finish(): info: worker W3 completed task T8
1757170294.587414: 1957752-7fabdef8c700: cdpl_server_ipc.c:988: in _sv_on_finish(): debug: stat T8: utime=681 stime=396
1757170294.587416: 1957752-7fabdef8c700: cdpl_server_ipc.c:993: in _sv_on_finish(): debug: statm T8: vsize=3054896 rss=1036616 shared=518900 text=474784 data=710288
1757170294.587455: 1957752-7fabca7fc700: cdpl_server_sched.c:960: in _assign(): info: assigning task T9 to worker W3
1757170294.592162: 1957752-7fabdef8c700: cdpl_server_ipc.c:1268: in _sv_ipc_thread(): debug: received RELAY message
1757170294.592171: 1957752-7fabdef8c700: cdpl_server_ipc.c:713: in _sv_on_relay(): debug: RELAY message from W3, size = 50
1757170294.592174: 1957752-7fabdef8c700: cdpl_server_ipc.c:715: in _sv_on_relay(): debug: RELAY message from W3, content = WORKERDU|24,/dev/mapper/rhel_claws--compute3-home
1757170294.671222: 1957752-7fabdef8c700: cdpl_server_ipc.c:1268: in _sv_ipc_thread(): debug: received RELAY message
1757170294.671230: 1957752-7fabdef8c700: cdpl_server_ipc.c:713: in _sv_on_relay(): debug: RELAY message from W1, size = 77
1757170294.671233: 1957752-7fabdef8c700: cdpl_server_ipc.c:715: in _sv_on_relay(): debug: RELAY message from W1, content = 7$1959748 claws-compute3.ece.ncsu.edu 1961440 FINISHED 1757170292|1757170294
1757170294.671421: 1957752-7fac1f13a540: cdpl_server.c:227: in _sv_free_task_safe(): debug: freeing task T8
1757170294.671452: 1957752-7fabdef8c700: cdpl_server_ipc.c:1251: in _sv_ipc_thread(): debug: received FINISH message
1757170294.671458: 1957752-7fabdef8c700: cdpl_server_ipc.c:983: in _sv_on_finish(): info: worker W1 completed task T7
1757170294.671460: 1957752-7fabdef8c700: cdpl_server_ipc.c:988: in _sv_on_finish(): debug: stat T7: utime=659 stime=442
1757170294.671462: 1957752-7fabdef8c700: cdpl_server_ipc.c:993: in _sv_on_finish(): debug: statm T7: vsize=3054904 rss=1038520 shared=518892 text=474784 data=710296
1757170294.671532: 1957752-7fabca7fc700: cdpl_server_sched.c:960: in _assign(): info: assigning task T10 to worker W1
1757170294.671659: 1957752-7fabdef8c700: cdpl_server_ipc.c:1268: in _sv_ipc_thread(): debug: received RELAY message
1757170294.671666: 1957752-7fabdef8c700: cdpl_server_ipc.c:713: in _sv_on_relay(): debug: RELAY message from W2, size = 77
1757170294.671668: 1957752-7fabdef8c700: cdpl_server_ipc.c:715: in _sv_on_relay(): debug: RELAY message from W2, content = 6$1959747 claws-compute3.ece.ncsu.edu 1961439 FINISHED 1757170292|1757170294
1757170294.671817: 1957752-7fabdef8c700: cdpl_server_ipc.c:1251: in _sv_ipc_thread(): debug: received FINISH message
1757170294.671819: 1957752-7fabdef8c700: cdpl_server_ipc.c:983: in _sv_on_finish(): info: worker W2 completed task T6
1757170294.671821: 1957752-7fabdef8c700: cdpl_server_ipc.c:988: in _sv_on_finish(): debug: stat T6: utime=670 stime=430
1757170294.671823: 1957752-7fabdef8c700: cdpl_server_ipc.c:993: in _sv_on_finish(): debug: statm T6: vsize=3054884 rss=1037168 shared=519376 text=474784 data=710276
1757170294.671845: 1957752-7fabca7fc700: cdpl_server_sched.c:960: in _assign(): info: assigning task T11 to worker W2
1757170294.676578: 1957752-7fabdef8c700: cdpl_server_ipc.c:1268: in _sv_ipc_thread(): debug: received RELAY message
1757170294.676585: 1957752-7fabdef8c700: cdpl_server_ipc.c:713: in _sv_on_relay(): debug: RELAY message from W1, size = 50
1757170294.676587: 1957752-7fabdef8c700: cdpl_server_ipc.c:715: in _sv_on_relay(): debug: RELAY message from W1, content = WORKERDU|24,/dev/mapper/rhel_claws--compute3-home
1757170294.676785: 1957752-7fabdef8c700: cdpl_server_ipc.c:1268: in _sv_ipc_thread(): debug: received RELAY message
1757170294.676787: 1957752-7fabdef8c700: cdpl_server_ipc.c:713: in _sv_on_relay(): debug: RELAY message from W2, size = 50
1757170294.676789: 1957752-7fabdef8c700: cdpl_server_ipc.c:715: in _sv_on_relay(): debug: RELAY message from W2, content = WORKERDU|24,/dev/mapper/rhel_claws--compute3-home
1757170294.682699: 1957752-7fac1f13a540: cdpl_server.c:227: in _sv_free_task_safe(): debug: freeing task T7
1757170294.771943: 1957752-7fac1f13a540: cdpl_server.c:227: in _sv_free_task_safe(): debug: freeing task T6
1757170294.791017: 1957752-7fabdef8c700: cdpl_server_ipc.c:1268: in _sv_ipc_thread(): debug: received RELAY message
1757170294.791026: 1957752-7fabdef8c700: cdpl_server_ipc.c:713: in _sv_on_relay(): debug: RELAY message from W3, size = 65
1757170294.791029: 1957752-7fabdef8c700: cdpl_server_ipc.c:715: in _sv_on_relay(): debug: RELAY message from W3, content = 9$1959746 claws-compute3.ece.ncsu.edu 1962102 RUNNING 1757170294
1757170294.797957: 1957752-7fabdef8c700: cdpl_server_ipc.c:1268: in _sv_ipc_thread(): debug: received RELAY message
1757170294.797965: 1957752-7fabdef8c700: cdpl_server_ipc.c:713: in _sv_on_relay(): debug: RELAY message from W1, size = 66
1757170294.797967: 1957752-7fabdef8c700: cdpl_server_ipc.c:715: in _sv_on_relay(): debug: RELAY message from W1, content = 10$1959748 claws-compute3.ece.ncsu.edu 1962104 RUNNING 1757170294
1757170294.800300: 1957752-7fabdef8c700: cdpl_server_ipc.c:1268: in _sv_ipc_thread(): debug: received RELAY message
1757170294.800307: 1957752-7fabdef8c700: cdpl_server_ipc.c:713: in _sv_on_relay(): debug: RELAY message from W2, size = 66
1757170294.800314: 1957752-7fabdef8c700: cdpl_server_ipc.c:715: in _sv_on_relay(): debug: RELAY message from W2, content = 11$1959747 claws-compute3.ece.ncsu.edu 1962105 RUNNING 1757170294
1757170296.008962: 1957752-7fabdef8c700: cdpl_server_ipc.c:1268: in _sv_ipc_thread(): debug: received RELAY message
1757170296.008977: 1957752-7fabdef8c700: cdpl_server_ipc.c:713: in _sv_on_relay(): debug: RELAY message from W1, size = 197
1757170296.008980: 1957752-7fabdef8c700: cdpl_server_ipc.c:715: in _sv_on_relay(): debug: RELAY message from W1, content = REQPILOT|saeSession4,1,diff_mode_gain|&/home/argershm/180-voltmeter/Analog/cc/simulation/integrator,tb_main_opamp,schematic/history_1/simulation/diff_mode_gain/PrimeSimSPICE/parametric/results|&10
1757170296.009018: 1957752-7fabdcf88700: cdpl_compat_master.c:5948: in cdplMasterLogInfo(): info: [non-CDPL log entry] PWDP send back 'PILOTOK' back to worker id:1 key: saeSession4,1,diff_mode_gain|&/home/argershm/180-voltmeter/Analog/cc/simulation/integrator,tb_main_opamp,schematic/history_1/simulation/diff_mode_gain/PrimeSimSPICE/parametric/results
1757170296.009145: 1957752-7fabdef8c700: cdpl_server_ipc.c:1268: in _sv_ipc_thread(): debug: received RELAY message
1757170296.009150: 1957752-7fabdef8c700: cdpl_server_ipc.c:713: in _sv_on_relay(): debug: RELAY message from W1, size = 19
1757170296.009152: 1957752-7fabdef8c700: cdpl_server_ipc.c:715: in _sv_on_relay(): debug: RELAY message from W1, content = 10$- - - MEASDOING
1757170296.013305: 1957752-7fabdef8c700: cdpl_server_ipc.c:1268: in _sv_ipc_thread(): debug: received RELAY message
1757170296.013313: 1957752-7fabdef8c700: cdpl_server_ipc.c:713: in _sv_on_relay(): debug: RELAY message from W2, size = 197
1757170296.013315: 1957752-7fabdef8c700: cdpl_server_ipc.c:715: in _sv_on_relay(): debug: RELAY message from W2, content = REQPILOT|saeSession4,1,diff_mode_gain|&/home/argershm/180-voltmeter/Analog/cc/simulation/integrator,tb_main_opamp,schematic/history_1/simulation/diff_mode_gain/PrimeSimSPICE/parametric/results|&11
1757170296.013335: 1957752-7fabdcf88700: cdpl_compat_master.c:5948: in cdplMasterLogInfo(): info: [non-CDPL log entry] PWDP send back 'PILOTOK' back to worker id:2 key: saeSession4,1,diff_mode_gain|&/home/argershm/180-voltmeter/Analog/cc/simulation/integrator,tb_main_opamp,schematic/history_1/simulation/diff_mode_gain/PrimeSimSPICE/parametric/results
1757170296.013462: 1957752-7fabdef8c700: cdpl_server_ipc.c:1268: in _sv_ipc_thread(): debug: received RELAY message
1757170296.013464: 1957752-7fabdef8c700: cdpl_server_ipc.c:713: in _sv_on_relay(): debug: RELAY message from W2, size = 19
1757170296.013466: 1957752-7fabdef8c700: cdpl_server_ipc.c:715: in _sv_on_relay(): debug: RELAY message from W2, content = 11$- - - MEASDOING
1757170296.104517: 1957752-7fabdef8c700: cdpl_server_ipc.c:1268: in _sv_ipc_thread(): debug: received RELAY message
1757170296.104525: 1957752-7fabdef8c700: cdpl_server_ipc.c:713: in _sv_on_relay(): debug: RELAY message from W3, size = 196
1757170296.104528: 1957752-7fabdef8c700: cdpl_server_ipc.c:715: in _sv_on_relay(): debug: RELAY message from W3, content = REQPILOT|saeSession4,1,diff_mode_gain|&/home/argershm/180-voltmeter/Analog/cc/simulation/integrator,tb_main_opamp,schematic/history_1/simulation/diff_mode_gain/PrimeSimSPICE/parametric/results|&9
1757170296.104547: 1957752-7fabdcf88700: cdpl_compat_master.c:5948: in cdplMasterLogInfo(): info: [non-CDPL log entry] PWDP send back 'PILOTOK' back to worker id:3 key: saeSession4,1,diff_mode_gain|&/home/argershm/180-voltmeter/Analog/cc/simulation/integrator,tb_main_opamp,schematic/history_1/simulation/diff_mode_gain/PrimeSimSPICE/parametric/results
1757170296.104669: 1957752-7fabdef8c700: cdpl_server_ipc.c:1268: in _sv_ipc_thread(): debug: received RELAY message
1757170296.104675: 1957752-7fabdef8c700: cdpl_server_ipc.c:713: in _sv_on_relay(): debug: RELAY message from W3, size = 18
1757170296.104677: 1957752-7fabdef8c700: cdpl_server_ipc.c:715: in _sv_on_relay(): debug: RELAY message from W3, content = 9$- - - MEASDOING
1757170296.804181: 1957752-7fabdef8c700: cdpl_server_ipc.c:1268: in _sv_ipc_thread(): debug: received RELAY message
1757170296.804197: 1957752-7fabdef8c700: cdpl_server_ipc.c:713: in _sv_on_relay(): debug: RELAY message from W2, size = 78
1757170296.804199: 1957752-7fabdef8c700: cdpl_server_ipc.c:715: in _sv_on_relay(): debug: RELAY message from W2, content = 11$1959747 claws-compute3.ece.ncsu.edu 1962105 FINISHED 1757170294|1757170296
1757170296.804218: 1957752-7fabdef8c700: cdpl_server_ipc.c:1268: in _sv_ipc_thread(): debug: received RELAY message
1757170296.804220: 1957752-7fabdef8c700: cdpl_server_ipc.c:713: in _sv_on_relay(): debug: RELAY message from W1, size = 78
1757170296.804222: 1957752-7fabdef8c700: cdpl_server_ipc.c:715: in _sv_on_relay(): debug: RELAY message from W1, content = 10$1959748 claws-compute3.ece.ncsu.edu 1962104 FINISHED 1757170294|1757170296
1757170296.804369: 1957752-7fabdef8c700: cdpl_server_ipc.c:1251: in _sv_ipc_thread(): debug: received FINISH message
1757170296.804371: 1957752-7fabdef8c700: cdpl_server_ipc.c:983: in _sv_on_finish(): info: worker W2 completed task T11
1757170296.804373: 1957752-7fabdef8c700: cdpl_server_ipc.c:988: in _sv_on_finish(): debug: stat T11: utime=673 stime=427
1757170296.804375: 1957752-7fabdef8c700: cdpl_server_ipc.c:993: in _sv_on_finish(): debug: statm T11: vsize=3054884 rss=1037172 shared=519376 text=474784 data=710276
1757170296.804415: 1957752-7fabdef8c700: cdpl_server_ipc.c:1251: in _sv_ipc_thread(): debug: received FINISH message
1757170296.804417: 1957752-7fabdef8c700: cdpl_server_ipc.c:983: in _sv_on_finish(): info: worker W1 completed task T10
1757170296.804419: 1957752-7fabdef8c700: cdpl_server_ipc.c:988: in _sv_on_finish(): debug: stat T10: utime=668 stime=432
1757170296.804420: 1957752-7fabdef8c700: cdpl_server_ipc.c:993: in _sv_on_finish(): debug: statm T10: vsize=3054904 rss=1038524 shared=518892 text=474784 data=710296
1757170296.809491: 1957752-7fabdef8c700: cdpl_server_ipc.c:1268: in _sv_ipc_thread(): debug: received RELAY message
1757170296.809498: 1957752-7fabdef8c700: cdpl_server_ipc.c:713: in _sv_on_relay(): debug: RELAY message from W2, size = 53
1757170296.809501: 1957752-7fabdef8c700: cdpl_server_ipc.c:715: in _sv_on_relay(): debug: RELAY message from W2, content = WORKERDU|12988,/dev/mapper/rhel_claws--compute3-home
1757170296.809516: 1957752-7fabdef8c700: cdpl_server_ipc.c:1268: in _sv_ipc_thread(): debug: received RELAY message
1757170296.809517: 1957752-7fabdef8c700: cdpl_server_ipc.c:713: in _sv_on_relay(): debug: RELAY message from W1, size = 53
1757170296.809519: 1957752-7fabdef8c700: cdpl_server_ipc.c:715: in _sv_on_relay(): debug: RELAY message from W1, content = WORKERDU|12988,/dev/mapper/rhel_claws--compute3-home
1757170296.871337: 1957752-7fac1f13a540: cdpl_server.c:227: in _sv_free_task_safe(): debug: freeing task T11
1757170296.879847: 1957752-7fabdef8c700: cdpl_server_ipc.c:1268: in _sv_ipc_thread(): debug: received RELAY message
1757170296.879856: 1957752-7fabdef8c700: cdpl_server_ipc.c:713: in _sv_on_relay(): debug: RELAY message from W3, size = 77
1757170296.879859: 1957752-7fabdef8c700: cdpl_server_ipc.c:715: in _sv_on_relay(): debug: RELAY message from W3, content = 9$1959746 claws-compute3.ece.ncsu.edu 1962102 FINISHED 1757170294|1757170296
1757170296.880035: 1957752-7fabdef8c700: cdpl_server_ipc.c:1251: in _sv_ipc_thread(): debug: received FINISH message
1757170296.880043: 1957752-7fabdef8c700: cdpl_server_ipc.c:983: in _sv_on_finish(): info: worker W3 completed task T9
1757170296.880045: 1957752-7fabdef8c700: cdpl_server_ipc.c:988: in _sv_on_finish(): debug: stat T9: utime=664 stime=412
1757170296.880047: 1957752-7fabdef8c700: cdpl_server_ipc.c:993: in _sv_on_finish(): debug: statm T9: vsize=3054896 rss=1036620 shared=518900 text=474784 data=710288
1757170296.882149: 1957752-7fac1f13a540: cdpl_server.c:227: in _sv_free_task_safe(): debug: freeing task T10
1757170296.888689: 1957752-7fabdef8c700: cdpl_server_ipc.c:1268: in _sv_ipc_thread(): debug: received RELAY message
1757170296.888697: 1957752-7fabdef8c700: cdpl_server_ipc.c:713: in _sv_on_relay(): debug: RELAY message from W3, size = 53
1757170296.888706: 1957752-7fabdef8c700: cdpl_server_ipc.c:715: in _sv_on_relay(): debug: RELAY message from W3, content = WORKERDU|12988,/dev/mapper/rhel_claws--compute3-home
1757170296.972019: 1957752-7fac1f13a540: cdpl_server.c:227: in _sv_free_task_safe(): debug: freeing task T9
1757170316.874585: 1957752-7fabdf78d700: cdpl_ipc.c:775: in _readv(): warning: read(): EOF
1757170316.874606: 1957752-7fabddf8a700: cdpl_ipc.c:775: in _readv(): warning: read(): EOF
1757170316.874642: 1957752-7fabddf8a700: cdpl_ipc.c:2100: in _epoll_recv(): debug: _readv(): Broken pipe
1757170316.874646: 1957752-7fabddf8a700: cdpl_ipc.c:2424: in _epoll_main(): debug: _epoll_recv(): Broken pipe
1757170316.874649: 1957752-7fabdf78d700: cdpl_ipc.c:2100: in _epoll_recv(): debug: _readv(): Broken pipe
1757170316.874651: 1957752-7fabddf8a700: cdpl_ipc.c:1657: in _host_drop__UNSAFE(): debug: dropping host `152.14.98.53:37777'
1757170316.874656: 1957752-7fabdf78d700: cdpl_ipc.c:2424: in _epoll_main(): debug: _epoll_recv(): Broken pipe
1757170316.874660: 1957752-7fabdf78d700: cdpl_ipc.c:1657: in _host_drop__UNSAFE(): debug: dropping host `152.14.98.53:49306'
1757170316.874753: 1957752-7fabddf8a700: cdpl_ipc.c:775: in _readv(): warning: read(): EOF
1757170316.874757: 1957752-7fabddf8a700: cdpl_ipc.c:2100: in _epoll_recv(): debug: _readv(): Broken pipe
1757170316.874760: 1957752-7fabddf8a700: cdpl_ipc.c:2424: in _epoll_main(): debug: _epoll_recv(): Broken pipe
1757170316.874763: 1957752-7fabdef8c700: cdpl_server_ipc.c:1236: in _sv_ipc_thread(): debug: received DROP notification
1757170316.874772: 1957752-7fabddf8a700: cdpl_ipc.c:1657: in _host_drop__UNSAFE(): debug: dropping host `152.14.98.53:40605'
1757170316.874776: 1957752-7fabdf78d700: cdpl_ipc.c:775: in _readv(): warning: read(): EOF
1757170316.874779: 1957752-7fabdf78d700: cdpl_ipc.c:2100: in _epoll_recv(): debug: _readv(): Broken pipe
1757170316.874781: 1957752-7fabdf78d700: cdpl_ipc.c:2424: in _epoll_main(): debug: _epoll_recv(): Broken pipe
1757170316.874784: 1957752-7fabdf78d700: cdpl_ipc.c:1657: in _host_drop__UNSAFE(): debug: dropping host `152.14.98.53:49316'
1757170316.874788: 1957752-7fabdef8c700: cdpl_server_sched.c:2796: in _sv_record_crashed_worker(): debug: dropping worker W1
1757170316.874792: 1957752-7fabdef8c700: cdpl_server_ipc.c:188: in _sv_on_drop_worker(): debug: down to 2 live workers in B1
1757170316.874805: 1957752-7fabdd789700: cdpl_monitor.c:290: in mn_listen(): debug: received DROP message
1757170316.874812: 1957752-7fabdef8c700: cdpl_server_ipc.c:1236: in _sv_ipc_thread(): debug: received DROP notification
1757170316.874814: 1957752-7fabca7fc700: cdpl_server_sched.c:750: in _empty_trash(): debug: freeing worker W1 while emptying trash list for bin B1
1757170316.874827: 1957752-7fabca7fc700: cdpl_farm.c:4152: in cdpl_farm_dismiss(): debug: down to 2 running processes
1757170316.874833: 1957752-7fabdd789700: cdpl_ipc.c:2513: in cdpl_ipc_host_release(): debug: releasing host `152.14.98.53:37777'
1757170316.874836: 1957752-7fabdd789700: cdpl_monitor.c:290: in mn_listen(): debug: received DROP message
1757170316.874839: 1957752-7fabca7fc700: cdpl_server_sched.c:121: in _free_worker_2(): debug: freeing worker W1
1757170316.874843: 1957752-7fabdd789700: cdpl_ipc.c:2513: in cdpl_ipc_host_release(): debug: releasing host `152.14.98.53:40605'
1757170316.874848: 1957752-7fabca7fc700: cdpl_ipc.c:2513: in cdpl_ipc_host_release(): debug: releasing host `152.14.98.53:49306'
1757170316.874850: 1957752-7fabca7fc700: cdpl_ipc.c:2529: in cdpl_ipc_host_release(): debug: scheduling for immediate release
1757170316.874856: 1957752-7fabdef8c700: cdpl_server_sched.c:2796: in _sv_record_crashed_worker(): debug: dropping worker W2
1757170316.874857: 1957752-7fabdef8c700: cdpl_server_ipc.c:188: in _sv_on_drop_worker(): debug: down to 1 live workers in B1
1757170316.874863: 1957752-7fabca7fc700: cdpl_server_sched.c:750: in _empty_trash(): debug: freeing worker W2 while emptying trash list for bin B1
1757170316.874865: 1957752-7fabca7fc700: cdpl_farm.c:4152: in cdpl_farm_dismiss(): debug: down to 1 running processes
1757170316.874873: 1957752-7fabca7fc700: cdpl_server_sched.c:121: in _free_worker_2(): debug: freeing worker W2
1757170316.874875: 1957752-7fabca7fc700: cdpl_ipc.c:2513: in cdpl_ipc_host_release(): debug: releasing host `152.14.98.53:49316'
1757170316.874876: 1957752-7fabca7fc700: cdpl_ipc.c:2529: in cdpl_ipc_host_release(): debug: scheduling for immediate release
1757170316.971497: 1957752-7fabddf8a700: cdpl_ipc.c:775: in _readv(): warning: read(): EOF
1757170316.971512: 1957752-7fabdf78d700: cdpl_ipc.c:775: in _readv(): warning: read(): EOF
1757170316.971517: 1957752-7fabdf78d700: cdpl_ipc.c:2100: in _epoll_recv(): debug: _readv(): Broken pipe
1757170316.971520: 1957752-7fabdf78d700: cdpl_ipc.c:2424: in _epoll_main(): debug: _epoll_recv(): Broken pipe
1757170316.971524: 1957752-7fabddf8a700: cdpl_ipc.c:2100: in _epoll_recv(): debug: _readv(): Broken pipe
1757170316.971528: 1957752-7fabddf8a700: cdpl_ipc.c:2424: in _epoll_main(): debug: _epoll_recv(): Broken pipe
1757170316.971531: 1957752-7fabdf78d700: cdpl_ipc.c:1657: in _host_drop__UNSAFE(): debug: dropping host `152.14.98.53:49290'
1757170316.971536: 1957752-7fabddf8a700: cdpl_ipc.c:1657: in _host_drop__UNSAFE(): debug: dropping host `152.14.98.53:33493'
1757170316.971570: 1957752-7fabddf8a700: cdpl_ipc.c:1582: in _host_free__UNSAFE(): debug: freeing host `152.14.98.53:40605'
1757170316.971573: 1957752-7fabddf8a700: cdpl_ipc.c:1621: in _host_free__UNSAFE(): debug: [0 outq, 0 spR, 0 spW]
1757170316.971577: 1957752-7fabdf78d700: cdpl_ipc.c:1582: in _host_free__UNSAFE(): debug: freeing host `152.14.98.53:49316'
1757170316.971579: 1957752-7fabdf78d700: cdpl_ipc.c:1621: in _host_free__UNSAFE(): debug: [0 outq, 0 spR, 0 spW]
1757170316.971582: 1957752-7fabdf78d700: cdpl_ipc.c:1582: in _host_free__UNSAFE(): debug: freeing host `152.14.98.53:49306'
1757170316.971585: 1957752-7fabdf78d700: cdpl_ipc.c:1621: in _host_free__UNSAFE(): debug: [0 outq, 0 spR, 0 spW]
1757170316.971588: 1957752-7fabddf8a700: cdpl_ipc.c:1582: in _host_free__UNSAFE(): debug: freeing host `152.14.98.53:37777'
1757170316.971591: 1957752-7fabddf8a700: cdpl_ipc.c:1621: in _host_free__UNSAFE(): debug: [0 outq, 0 spR, 0 spW]
1757170316.971594: 1957752-7fabdef8c700: cdpl_server_ipc.c:1236: in _sv_ipc_thread(): debug: received DROP notification
1757170316.971600: 1957752-7fabdef8c700: cdpl_server_sched.c:2796: in _sv_record_crashed_worker(): debug: dropping worker W3
1757170316.971602: 1957752-7fabdef8c700: cdpl_server_ipc.c:188: in _sv_on_drop_worker(): debug: down to 0 live workers in B1
1757170316.971911: 1957752-7fabca7fc700: cdpl_server_sched.c:750: in _empty_trash(): debug: freeing worker W3 while emptying trash list for bin B1
1757170316.971918: 1957752-7fabca7fc700: cdpl_farm.c:4152: in cdpl_farm_dismiss(): debug: down to 0 running processes
1757170316.971921: 1957752-7fabca7fc700: cdpl_server_sched.c:121: in _free_worker_2(): debug: freeing worker W3
1757170316.971924: 1957752-7fabca7fc700: cdpl_ipc.c:2513: in cdpl_ipc_host_release(): debug: releasing host `152.14.98.53:49290'
1757170316.971926: 1957752-7fabca7fc700: cdpl_ipc.c:2529: in cdpl_ipc_host_release(): debug: scheduling for immediate release
1757170316.971929: 1957752-7fabdd789700: cdpl_monitor.c:290: in mn_listen(): debug: received DROP message
1757170316.971941: 1957752-7fabdd789700: cdpl_ipc.c:2513: in cdpl_ipc_host_release(): debug: releasing host `152.14.98.53:33493'
1757170319.056251: 1957752-7fabdf78d700: cdpl_ipc.c:1582: in _host_free__UNSAFE(): debug: freeing host `152.14.98.53:49290'
1757170319.056262: 1957752-7fabdf78d700: cdpl_ipc.c:1621: in _host_free__UNSAFE(): debug: [0 outq, 0 spR, 0 spW]
1757170319.056267: 1957752-7fabddf8a700: cdpl_ipc.c:1582: in _host_free__UNSAFE(): debug: freeing host `152.14.98.53:33493'
1757170319.056273: 1957752-7fabddf8a700: cdpl_ipc.c:1621: in _host_free__UNSAFE(): debug: [0 outq, 0 spR, 0 spW]
1757170340.159562: 1957752-7fabc9ffb700: cdpl_farm.c:2173: in _schedule(): debug: idle
1757170357.321492: 1957752-7fabdcf88700: cdpl_compat_master.c:5971: in cdplMasterLogWarning(): warning: [non-CDPL log entry] PWDP: master does not receive message over 60 seconds!
1757170400.159753: 1957752-7fabc9ffb700: cdpl_farm.c:2173: in _schedule(): debug: idle
1757170400.254122: 1957752-7fabdcf88700: cdpl_compat_master.c:5948: in cdplMasterLogInfo(): info: [non-CDPL log entry] PWDP: message receiver is alive.
1757170402.370521: 1957752-7fabcb7fe700: cdpl_compat_master.c:5948: in cdplMasterLogInfo(): info: [non-CDPL log entry] PWDP: master status watchdog is alive.
1757170417.823092: 1957752-7fabdcf88700: cdpl_compat_master.c:5971: in cdplMasterLogWarning(): warning: [non-CDPL log entry] PWDP: master does not receive message over 60 seconds!
1757170460.159939: 1957752-7fabc9ffb700: cdpl_farm.c:2173: in _schedule(): debug: idle
1757170478.326362: 1957752-7fabdcf88700: cdpl_compat_master.c:5971: in cdplMasterLogWarning(): warning: [non-CDPL log entry] PWDP: master does not receive message over 60 seconds!
1757170520.160137: 1957752-7fabc9ffb700: cdpl_farm.c:2173: in _schedule(): debug: idle
1757170521.252725: 1957752-7fabdcf88700: cdpl_compat_master.c:5948: in cdplMasterLogInfo(): info: [non-CDPL log entry] PWDP: message receiver is alive.
1757170523.379088: 1957752-7fabcb7fe700: cdpl_compat_master.c:5948: in cdplMasterLogInfo(): info: [non-CDPL log entry] PWDP: master status watchdog is alive.
1757170538.830544: 1957752-7fabdcf88700: cdpl_compat_master.c:5971: in cdplMasterLogWarning(): warning: [non-CDPL log entry] PWDP: master does not receive message over 60 seconds!
1757170580.160341: 1957752-7fabc9ffb700: cdpl_farm.c:2173: in _schedule(): debug: idle
1757170599.285427: 1957752-7fabdcf88700: cdpl_compat_master.c:5971: in cdplMasterLogWarning(): warning: [non-CDPL log entry] PWDP: master does not receive message over 60 seconds!
1757170640.160528: 1957752-7fabc9ffb700: cdpl_farm.c:2173: in _schedule(): debug: idle
1757170642.194418: 1957752-7fabdcf88700: cdpl_compat_master.c:5948: in cdplMasterLogInfo(): info: [non-CDPL log entry] PWDP: message receiver is alive.
1757170644.388088: 1957752-7fabcb7fe700: cdpl_compat_master.c:5948: in cdplMasterLogInfo(): info: [non-CDPL log entry] PWDP: master status watchdog is alive.
1757170659.766998: 1957752-7fabdcf88700: cdpl_compat_master.c:5971: in cdplMasterLogWarning(): warning: [non-CDPL log entry] PWDP: master does not receive message over 60 seconds!
1757170700.160720: 1957752-7fabc9ffb700: cdpl_farm.c:2173: in _schedule(): debug: idle
1757170720.247200: 1957752-7fabdcf88700: cdpl_compat_master.c:5971: in cdplMasterLogWarning(): warning: [non-CDPL log entry] PWDP: master does not receive message over 60 seconds!
1757170760.160908: 1957752-7fabc9ffb700: cdpl_farm.c:2173: in _schedule(): debug: idle
1757170763.097964: 1957752-7fabdcf88700: cdpl_compat_master.c:5948: in cdplMasterLogInfo(): info: [non-CDPL log entry] PWDP: message receiver is alive.
1757170765.396722: 1957752-7fabcb7fe700: cdpl_compat_master.c:5948: in cdplMasterLogInfo(): info: [non-CDPL log entry] PWDP: master status watchdog is alive.
1757170780.674460: 1957752-7fabdcf88700: cdpl_compat_master.c:5971: in cdplMasterLogWarning(): warning: [non-CDPL log entry] PWDP: master does not receive message over 60 seconds!
1757170804.475688: 1957752-7fac1f13a540: cdpl_server.c:3008: in cdpl_sv_halt_job_errno(): info: killing job J1
1757170804.475715: 1957752-7fac1f13a540: cdpl_server.c:3044: in cdpl_sv_halt_job_errno(): debug: signal bin B1 scheduler to stop
1757170804.475731: 1957752-7fabca7fc700: cdpl_server_sched.c:2484: in _sv_scheduler_thread(): debug: scheduler for bin B1 stopped
1757170804.475747: 1957752-7fac1f13a540: cdpl_server.c:294: in _sv_free_job(): info: freeing job J1
1757170804.475750: 1957752-7fac1f13a540: cdpl_server.c:92: in _sv_free_bin(): debug: freeing bin B1
1757170804.475760: 1957752-7fac1f13a540: cdpl_monitor.c:515: in cdpl_mn_kill(): info: killing monitor
1757170804.475763: 1957752-7fac1f13a540: cdpl_ipc.c:3677: in cdpl_ipc_kill(): debug: stopping event server
1757170804.475791: 1957752-7fabdf78d700: cdpl_ipc.c:775: in _readv(): warning: read(): EOF
1757170804.475804: 1957752-7fabddf8a700: cdpl_ipc.c:2386: in _epoll_main(): warning: received EPOLLERR/EPOLLHUP
1757170804.475813: 1957752-7fabdf78d700: cdpl_ipc.c:2100: in _epoll_recv(): debug: _readv(): Broken pipe
1757170804.475817: 1957752-7fabdf78d700: cdpl_ipc.c:2424: in _epoll_main(): debug: _epoll_recv(): Broken pipe
1757170804.475822: 1957752-7fabdf78d700: cdpl_ipc.c:1657: in _host_drop__UNSAFE(): debug: dropping host `152.14.98.53:49286'
1757170804.475829: 1957752-7fabddf8a700: cdpl_ipc.c:2320: in _check_socket_error(): info: TCP_KEEPIDLE=7200 seconds TCP_KEEPINTVL=75 seconds TCP_KEEPCNT=9
1757170804.475831: 1957752-7fabddf8a700: cdpl_ipc.c:1657: in _host_drop__UNSAFE(): debug: dropping host `152.14.98.53:43149'
1757170804.475848: 1957752-7fabddf8a700: cdpl_ipc.c:2460: in _epoll_main(): debug: server going down...
1757170804.475854: 1957752-7fabdef8c700: cdpl_server_ipc.c:1236: in _sv_ipc_thread(): debug: received DROP notification
1757170804.475860: 1957752-7fabdef8c700: cdpl_monitor.c:1269: in cdpl_mn_drop(): debug: detaching from monitor `152.14.98.53:49286'
1757170804.475865: 1957752-7fabdef8c700: cdpl_monitor.c:1101: in mn_systat_stop(): debug: joining systat thread
1757170804.475878: 1957752-7fabcbfff700: cdpl_monitor.c:1079: in mn_systat(): debug: exiting
1757170804.475884: 1957752-7fabdef8c700: cdpl_monitor.c:1103: in mn_systat_stop(): debug: systat thread done
1757170804.475886: 1957752-7fabdef8c700: cdpl_ipc.c:2513: in cdpl_ipc_host_release(): debug: releasing host `152.14.98.53:49286'
1757170804.476023: 1957752-7fabde78b700: cdpl_ipc.c:3728: in cdpl_ipc_free(): debug: releasing IPC handle
1757170804.476031: 1957752-7fabde78b700: cdpl_ipc.c:3742: in cdpl_ipc_free(): debug: 1 unread messages
1757170804.476033: 1957752-7fabde78b700: cdpl_ipc.c:1582: in _host_free__UNSAFE(): debug: freeing host `152.14.98.53:43149'
1757170804.476035: 1957752-7fabde78b700: cdpl_ipc.c:1621: in _host_free__UNSAFE(): debug: [0 outq, 0 spR, 0 spW]
1757170804.476037: 1957752-7fabde78b700: cdpl_ipc.c:3756: in cdpl_ipc_free(): warning: 1 host(s) were not released
1757170804.476046: 1957752-7fabde78b700: cdpl_ipc.c:3767: in cdpl_ipc_free(): debug: done
1757170804.476048: 1957752-7fabde78b700: cdpl_monitor.c:1390: in cdpl_mn_free(): debug: freeing monitor client
1757170804.476110: 1957752-7fac1f13a540: cdpl_farm.c:2740: in cdpl_farm_free(): info: freeing farm
1757170804.476139: 1957752-7fabc9ffb700: cdpl_farm.c:2231: in _schedule(): debug: end of idling
1757170804.476150: 1957752-7fabc9ffb700: cdpl_farm.c:2235: in _schedule(): debug: dying
1757170804.476225: 1957752-7fac1f13a540: cdpl_farm.c:913: in _killall(): debug: killing all remaining commands
1757170804.476232: 1957752-7fac1f13a540: cdpl_server.c:3144: in cdpl_sv_free(): info: freeing server S2007454748
1757170804.476235: 1957752-7fac1f13a540: cdpl_server.c:3109: in cdpl_sv_kill_errno(): info: killing server
1757170804.476237: 1957752-7fac1f13a540: cdpl_ipc.c:3677: in cdpl_ipc_kill(): debug: stopping event server
1757170804.476251: 1957752-7fabdf78d700: cdpl_ipc.c:2460: in _epoll_main(): debug: server going down...
1757170804.476260: 1957752-7fabdef8c700: cdpl_server_ipc.c:1200: in _sv_ipc_thread(): debug: leaving now
1757170804.476272: 1957752-7fac1f13a540: cdpl_server.c:334: in _sv_free_master(): info: freeing master M1
1757170804.476275: 1957752-7fac1f13a540: cdpl_hash.c:68: in cdpl_h_destroy(): debug: put operations: 3
1757170804.476276: 1957752-7fac1f13a540: cdpl_hash.c:69: in cdpl_h_destroy(): debug: put collisions: 0
1757170804.476278: 1957752-7fac1f13a540: cdpl_hash.c:70: in cdpl_h_destroy(): debug: get operations: 12
1757170804.476281: 1957752-7fac1f13a540: cdpl_hash.c:71: in cdpl_h_destroy(): debug: get iterations: 12
1757170804.476287: 1957752-7fac1f13a540: cdpl_monitor.c:1390: in cdpl_mn_free(): debug: freeing monitor server
1757170804.476289: 1957752-7fac1f13a540: cdpl_ipc.c:3728: in cdpl_ipc_free(): debug: releasing IPC handle
1757170804.476291: 1957752-7fac1f13a540: cdpl_ipc.c:1582: in _host_free__UNSAFE(): debug: freeing host `152.14.98.53:49286'
1757170804.476293: 1957752-7fac1f13a540: cdpl_ipc.c:1621: in _host_free__UNSAFE(): debug: [0 outq, 0 spR, 0 spW]
1757170804.476318: 1957752-7fac1f13a540: cdpl_ipc.c:3767: in cdpl_ipc_free(): debug: done
1757170804.476320: 1957752-7fac1f13a540: cdpl_log.c:481: in cdpl_log_close(): info: @@end_of_log@@
