[17:49:31.76] /o 
              /c                                    pw_worker™ 
              /c 
              /c                  Version X-2025.06-1 for linux64 - Jun 19, 2025
              /c                Based on Custom Infrastructure
              /c Version X-2025.06-1
              /c 
              /c                     Copyright (c) 2004 - 2025 Synopsys, Inc.
              /c    This software and the associated documentation are proprietary to Synopsys,
              /c  Inc. This software may only be used in accordance with the terms and conditions
              /c  of a written license agreement with Synopsys, Inc. All other use, reproduction,
              /c    or distribution of this software is strictly prohibited.  Licensed Products
              /c      communicate with Synopsys servers for the purpose of providing software
              /c     updates, detecting software piracy and verifying that customers are using
              /c     Licensed Products in conformity with the applicable License Key for such
              /c   Licensed Products. Synopsys will use information gathered in connection with
              /c     this process to deliver software updates and pursue software pirates and
              /c                                    infringers.
              /c 
              /c  Inclusivity & Diversity - Visit SolvNetPlus to read the "Synopsys Statement on
              /c             Inclusivity and Diversity" (Refer to article 000036315 at
              /c                         https://solvnetplus.synopsys.com)
              /c 
              /c Build  (OPT) Config 11973341 compiled on Thu Jun 19 11:23:12 2025 for CentOS64 7.3
              /c Invocation: /mnt/apps/public/COE/synopsys_apps/customcompiler/X-2025.06-1/linux64/platform/bin/custom_shell -application pw_worker -gui 0 -localDir /home/argershm/180-voltmeter/Analog/cc/synopsys_custom/pwdp_jobs/saeSession0_diffmodegain.SimulationSimulation_cdpl.2.3874231/logs/w1
              /c Execution time: Mon Sep  8 17:49:30 2025
              /c Host: claws-compute3.ece.ncsu.edu
              /c Working directory: /home/argershm/180-voltmeter/Analog/cc
              /c 
[17:49:36.30] /m Information: Registering ICV PERC package...
[17:49:36.31] /w Warning: Error: "Job group named 'PrimeWave' already exists under this parent." (IPC-100)
[17:49:36.37] /o #####New Worker job begin - Self history dir=/home/argershm/180-voltmeter/Analog/cc/simulation/argershm,tb_main_opamp,schematic
[17:49:36.58] /o source /home/argershm/180-voltmeter/Analog/cc/synopsys_custom/pwdp_jobs/saeSession0_diffmodegain.SimulationSimulation_cdpl.2.3874231/ccFile.tcl OK
[17:49:36.58] /o LibDefs : /home/argershm/180-voltmeter/Analog/cc/lib.defs
[17:49:36.76] /o new worker create session at loading state!
[17:49:36.76] /o history_1
[17:49:36.80] /m Information: Info: Waveform format selected is PSF. Synopsys recommends using the WDF format with the <HSPICE/FineSim> simulator.
              /c WDF is an optimal format that improves viewing performance and reduces disk usage while PSF is a 3rd party format and support "as-is".
              /c To change the format, open the Setup -> Environment menu and select the WDF format. (PW-642)
[17:49:36.95] /o /mnt/designkits/gf180MCU/dk_ncsu/gf180mcu_cc_0.1/Models_HSPICE
[17:49:36.96] /o Loading: Callback files...
[17:49:36.96] /o 
              /c [INFO] : Loading display.tcl from /mnt/designkits/gf180MCU/dk_ncsu/gf180mcu_cc_0.1/Models_HSPICE
              /c 
              /c  if you wish to Load other display.tcl, please set shell environment valiable "iPDK_load_display_gf180mcu" to value = 0
[17:49:36.96] /o 
[17:49:37.01] /o 	#######################################
[17:49:37.01] /o 	CC-PDK Library Name	: gf180MCU Open
[17:49:37.01] /o 	#######################################
[17:49:37.01] /o 
[17:49:37.11] /o source /home/argershm/180-voltmeter/Analog/cc/simulation/argershm,tb_main_opamp,schematic/history_1/.nw_preference_script.tcl OK!
[17:49:37.11] /o DSPF Options: {hierDelim==|}||{termDelim==:}||{fingerChar==@}||{multiplierString==_nettran_}||{aggregateCurrent==1}||{MOSTermNames==d g s b}||{MOSTermOrder==D G S B}||{MOSTermDspfNames==DRC GATE SRC BULK}||{firstChars==XM}||{probeHierDelim==/}||{caseSensitive==1}||{firstChar==M}||{hierPrefix==X}||{nodePrefix==M}||{plotTermVoltageForNet==0}||{mapNetToMosTerminal==}||{mapSlashDelimToDot==1}||{probePortCurrent==1}||{busBit==[]}||{removeNodePrefix==1}||{nlConDelim==.}||{mosModelType==auto}||{keepSchName==0}||{portCurrentAggregateTermLimit==500}
[17:49:37.11] /o _workerLoadStateAction done!
[17:49:37.37] /o pw_worker _createCalculateEngine got job!
[17:49:37.37] /o pw_worker _createCalculateEngine OK!
[17:49:37.39] /o _getSimulationDetails : 
[17:49:37.39] /o tbName=diff_mode_gain, Mtb=0
[17:49:37.39] /o Got stb tb ok!
[17:49:37.39] /o Self resultsDir: ./simulation
[17:49:37.39] /o Self databaseDir: /home/argershm/180-voltmeter/Analog/cc/simulation/argershm,tb_main_opamp,schematic/history_1/simulation/diff_mode_gain/PrimeSimSPICE/parametric/results
[17:49:37.39] /o source /mnt/apps/public/COE/synopsys_apps/customcompiler/X-2025.06-1/auxx/sae/get_ava_extreme_value.tcl OK
[17:49:37.40] /o source /mnt/apps/public/COE/synopsys_apps/customcompiler/X-2025.06-1/auxx/sae/get_ava_sigma_by_value.tcl OK
[17:49:37.40] /o source /mnt/apps/public/COE/synopsys_apps/customcompiler/X-2025.06-1/auxx/sae/get_value_ava.tcl OK
[17:49:37.40] /o source /mnt/apps/public/COE/synopsys_apps/customcompiler/X-2025.06-1/auxx/sae/matlab_script.tcl OK
[17:49:37.54] /o _createResultsMap done!
[17:49:37.54] /o ###write_child - resultsDir=/home/argershm/180-voltmeter/Analog/cc/simulation/argershm,tb_main_opamp,schematic/history_1/simulation/diff_mode_gain/PrimeSimSPICE/parametric/L=1.5u/results
              /c  masterResultsDir=/home/argershm/180-voltmeter/Analog/cc/simulation/argershm,tb_main_opamp,schematic/history_1/simulation/diff_mode_gain/PrimeSimSPICE/parametric/results
              /c  databaseDir=/home/argershm/180-voltmeter/Analog/cc/simulation/argershm,tb_main_opamp,schematic/history_1/simulation/diff_mode_gain/PrimeSimSPICE/parametric/results
              /c  UniqueName=saeSession0, isPilot=false
[17:49:37.54] /o 
[17:49:37.68] /o pw_worker child CE begin!
[17:49:37.68] /o pw_worker invokes measurement finished.
[17:49:37.68] /o pw_worker writeSimMap finsied.
[17:49:37.68] /o _simulationDoneAction done without exception!
[17:49:37.84] /o New Worker New CE ready proc entered.
[17:49:39.09] /o touch /home/argershm/180-voltmeter/Analog/cc/simulation/argershm,tb_main_opamp,schematic/history_1/simulation/diff_mode_gain/PrimeSimSPICE/parametric/L=1.5u/results/.unitedSimFinished
[17:49:39.09] /o Calc Job Done!
[17:49:39.09] /o New Worker New CE exit
[17:49:39.17] /o Process id=3909867, opened fh num=41, max fh num=262144.
[17:49:39.20] /o #####New Worker job begin - Self history dir=/home/argershm/180-voltmeter/Analog/cc/simulation/argershm,tb_main_opamp,schematic
[17:49:39.37] /o pw_worker _createCalculateEngine got job!
[17:49:39.37] /o pw_worker _createCalculateEngine OK!
[17:49:40.59] /o _getSimulationDetails : 
[17:49:40.59] /o tbName=diff_mode_gain, Mtb=0
[17:49:40.59] /o Got stb tb ok!
[17:49:40.59] /o Self resultsDir: ./simulation
[17:49:40.59] /o Self databaseDir: /home/argershm/180-voltmeter/Analog/cc/simulation/argershm,tb_main_opamp,schematic/history_1/simulation/diff_mode_gain/PrimeSimSPICE/parametric/results
[17:49:40.67] /o _createResultsMap done!
[17:49:40.67] /o ###write_child - resultsDir=/home/argershm/180-voltmeter/Analog/cc/simulation/argershm,tb_main_opamp,schematic/history_1/simulation/diff_mode_gain/PrimeSimSPICE/parametric/L=3u/results
              /c  masterResultsDir=/home/argershm/180-voltmeter/Analog/cc/simulation/argershm,tb_main_opamp,schematic/history_1/simulation/diff_mode_gain/PrimeSimSPICE/parametric/results
              /c  databaseDir=/home/argershm/180-voltmeter/Analog/cc/simulation/argershm,tb_main_opamp,schematic/history_1/simulation/diff_mode_gain/PrimeSimSPICE/parametric/results
              /c  UniqueName=saeSession0, isPilot=false
[17:49:40.67] /o 
[17:49:40.71] /o pw_worker child CE begin!
[17:49:40.71] /o pw_worker invokes measurement finished.
[17:49:40.71] /o pw_worker writeSimMap finsied.
[17:49:40.71] /o _simulationDoneAction done without exception!
[17:49:40.72] /o New Worker New CE ready proc entered.
[17:49:41.15] /o Got file /home/argershm/180-voltmeter/Analog/cc/simulation/argershm,tb_main_opamp,schematic/history_1/simulation/diff_mode_gain/PrimeSimSPICE/parametric/L=3u/results/.ceFinished
[17:49:41.48] /o touch /home/argershm/180-voltmeter/Analog/cc/simulation/argershm,tb_main_opamp,schematic/history_1/simulation/diff_mode_gain/PrimeSimSPICE/parametric/L=3u/results/.unitedSimFinished
[17:49:41.48] /o Calc Job Done!
[17:49:41.48] /o New Worker New CE exit
[17:49:41.56] /o Process id=3909867, opened fh num=41, max fh num=262144.
[17:49:41.59] /o #####New Worker job begin - Self history dir=/home/argershm/180-voltmeter/Analog/cc/simulation/argershm,tb_main_opamp,schematic
[17:49:41.74] /o pw_worker _createCalculateEngine got job!
[17:49:41.74] /o pw_worker _createCalculateEngine OK!
[17:49:42.96] /o _getSimulationDetails : 
[17:49:42.96] /o tbName=diff_mode_gain, Mtb=0
[17:49:42.96] /o Got stb tb ok!
[17:49:42.96] /o Self resultsDir: ./simulation
[17:49:42.96] /o Self databaseDir: /home/argershm/180-voltmeter/Analog/cc/simulation/argershm,tb_main_opamp,schematic/history_1/simulation/diff_mode_gain/PrimeSimSPICE/parametric/results
[17:49:43.08] /o _createResultsMap done!
[17:49:43.08] /o ###write_child - resultsDir=/home/argershm/180-voltmeter/Analog/cc/simulation/argershm,tb_main_opamp,schematic/history_1/simulation/diff_mode_gain/PrimeSimSPICE/parametric/L=4u/results
              /c  masterResultsDir=/home/argershm/180-voltmeter/Analog/cc/simulation/argershm,tb_main_opamp,schematic/history_1/simulation/diff_mode_gain/PrimeSimSPICE/parametric/results
              /c  databaseDir=/home/argershm/180-voltmeter/Analog/cc/simulation/argershm,tb_main_opamp,schematic/history_1/simulation/diff_mode_gain/PrimeSimSPICE/parametric/results
              /c  UniqueName=saeSession0, isPilot=false
[17:49:43.08] /o 
[17:49:43.13] /o pw_worker child CE begin!
[17:49:43.13] /o pw_worker invokes measurement finished.
[17:49:43.13] /o pw_worker writeSimMap finsied.
[17:49:43.13] /o _simulationDoneAction done without exception!
[17:49:43.13] /o New Worker New CE ready proc entered.
[17:49:43.57] /o Got file /home/argershm/180-voltmeter/Analog/cc/simulation/argershm,tb_main_opamp,schematic/history_1/simulation/diff_mode_gain/PrimeSimSPICE/parametric/L=4u/results/.ceFinished
[17:49:43.88] /o touch /home/argershm/180-voltmeter/Analog/cc/simulation/argershm,tb_main_opamp,schematic/history_1/simulation/diff_mode_gain/PrimeSimSPICE/parametric/L=4u/results/.unitedSimFinished
[17:49:43.88] /o Calc Job Done!
[17:49:43.88] /o New Worker New CE exit
[17:49:43.97] /o Process id=3909867, opened fh num=41, max fh num=262144.
[17:49:43.99] /o #####New Worker job begin - Self history dir=/home/argershm/180-voltmeter/Analog/cc/simulation/argershm,tb_main_opamp,schematic
[17:49:44.15] /o pw_worker _createCalculateEngine got job!
[17:49:44.15] /o pw_worker _createCalculateEngine OK!
[17:49:45.37] /o _getSimulationDetails : 
[17:49:45.37] /o tbName=diff_mode_gain, Mtb=0
[17:49:45.37] /o Got stb tb ok!
[17:49:45.37] /o Self resultsDir: ./simulation
[17:49:45.37] /o Self databaseDir: /home/argershm/180-voltmeter/Analog/cc/simulation/argershm,tb_main_opamp,schematic/history_1/simulation/diff_mode_gain/PrimeSimSPICE/parametric/results
[17:49:45.47] /o _createResultsMap done!
[17:49:45.47] /o ###write_child - resultsDir=/home/argershm/180-voltmeter/Analog/cc/simulation/argershm,tb_main_opamp,schematic/history_1/simulation/diff_mode_gain/PrimeSimSPICE/parametric/L=6u/results
              /c  masterResultsDir=/home/argershm/180-voltmeter/Analog/cc/simulation/argershm,tb_main_opamp,schematic/history_1/simulation/diff_mode_gain/PrimeSimSPICE/parametric/results
              /c  databaseDir=/home/argershm/180-voltmeter/Analog/cc/simulation/argershm,tb_main_opamp,schematic/history_1/simulation/diff_mode_gain/PrimeSimSPICE/parametric/results
              /c  UniqueName=saeSession0, isPilot=false
[17:49:45.47] /o 
[17:49:45.52] /o pw_worker child CE begin!
[17:49:45.52] /o pw_worker invokes measurement finished.
[17:49:45.52] /o pw_worker writeSimMap finsied.
[17:49:45.52] /o _simulationDoneAction done without exception!
[17:49:45.52] /o New Worker New CE ready proc entered.
[17:49:45.94] /o Got file /home/argershm/180-voltmeter/Analog/cc/simulation/argershm,tb_main_opamp,schematic/history_1/simulation/diff_mode_gain/PrimeSimSPICE/parametric/L=6u/results/.ceFinished
[17:49:46.28] /o touch /home/argershm/180-voltmeter/Analog/cc/simulation/argershm,tb_main_opamp,schematic/history_1/simulation/diff_mode_gain/PrimeSimSPICE/parametric/L=6u/results/.unitedSimFinished
[17:49:46.28] /o Calc Job Done!
[17:49:46.28] /o New Worker New CE exit
[17:49:46.36] /o Process id=3909867, opened fh num=41, max fh num=262144.
[17:49:46.39] /o #####New Worker job begin - Self history dir=/home/argershm/180-voltmeter/Analog/cc/simulation/argershm,tb_main_opamp,schematic
[17:49:46.55] /o pw_worker _createCalculateEngine got job!
[17:49:46.55] /o pw_worker _createCalculateEngine OK!
[17:49:47.77] /o _getSimulationDetails : 
[17:49:47.77] /o tbName=diff_mode_gain, Mtb=0
[17:49:47.77] /o Got stb tb ok!
[17:49:47.77] /o Self resultsDir: ./simulation
[17:49:47.77] /o Self databaseDir: /home/argershm/180-voltmeter/Analog/cc/simulation/argershm,tb_main_opamp,schematic/history_1/simulation/diff_mode_gain/PrimeSimSPICE/parametric/results
[17:49:47.85] /o _createResultsMap done!
[17:49:47.85] /o ###write_child - resultsDir=/home/argershm/180-voltmeter/Analog/cc/simulation/argershm,tb_main_opamp,schematic/history_1/simulation/diff_mode_gain/PrimeSimSPICE/parametric/L=7.5u/results
              /c  masterResultsDir=/home/argershm/180-voltmeter/Analog/cc/simulation/argershm,tb_main_opamp,schematic/history_1/simulation/diff_mode_gain/PrimeSimSPICE/parametric/results
              /c  databaseDir=/home/argershm/180-voltmeter/Analog/cc/simulation/argershm,tb_main_opamp,schematic/history_1/simulation/diff_mode_gain/PrimeSimSPICE/parametric/results
              /c  UniqueName=saeSession0, isPilot=false
[17:49:47.85] /o 
[17:49:47.89] /o pw_worker child CE begin!
[17:49:47.89] /o pw_worker invokes measurement finished.
[17:49:47.89] /o pw_worker writeSimMap finsied.
[17:49:47.89] /o _simulationDoneAction done without exception!
[17:49:47.90] /o New Worker New CE ready proc entered.
[17:49:48.33] /o Got file /home/argershm/180-voltmeter/Analog/cc/simulation/argershm,tb_main_opamp,schematic/history_1/simulation/diff_mode_gain/PrimeSimSPICE/parametric/L=7.5u/results/.ceFinished
[17:49:48.56] /o touch /home/argershm/180-voltmeter/Analog/cc/simulation/argershm,tb_main_opamp,schematic/history_1/simulation/diff_mode_gain/PrimeSimSPICE/parametric/L=7.5u/results/.unitedSimFinished
[17:49:48.56] /o Calc Job Done!
[17:49:48.56] /o New Worker New CE exit
[17:49:48.65] /o Process id=3909867, opened fh num=41, max fh num=262144.
[17:49:48.68] /o #####New Worker job begin - Self history dir=/home/argershm/180-voltmeter/Analog/cc/simulation/argershm,tb_main_opamp,schematic
[17:49:48.84] /o pw_worker _createCalculateEngine got job!
[17:49:48.84] /o pw_worker _createCalculateEngine OK!
[17:49:50.06] /o _getSimulationDetails : 
[17:49:50.06] /o tbName=diff_mode_gain, Mtb=0
[17:49:50.06] /o Got stb tb ok!
[17:49:50.06] /o Self resultsDir: ./simulation
[17:49:50.06] /o Self databaseDir: /home/argershm/180-voltmeter/Analog/cc/simulation/argershm,tb_main_opamp,schematic/history_1/simulation/diff_mode_gain/PrimeSimSPICE/parametric/results
[17:49:50.18] /o _createResultsMap done!
[17:49:50.18] /o ###write_child - resultsDir=/home/argershm/180-voltmeter/Analog/cc/simulation/argershm,tb_main_opamp,schematic/history_1/simulation/diff_mode_gain/PrimeSimSPICE/parametric/L=8.5u/results
              /c  masterResultsDir=/home/argershm/180-voltmeter/Analog/cc/simulation/argershm,tb_main_opamp,schematic/history_1/simulation/diff_mode_gain/PrimeSimSPICE/parametric/results
              /c  databaseDir=/home/argershm/180-voltmeter/Analog/cc/simulation/argershm,tb_main_opamp,schematic/history_1/simulation/diff_mode_gain/PrimeSimSPICE/parametric/results
              /c  UniqueName=saeSession0, isPilot=false
[17:49:50.18] /o 
[17:49:50.22] /o pw_worker child CE begin!
[17:49:50.22] /o pw_worker invokes measurement finished.
[17:49:50.22] /o pw_worker writeSimMap finsied.
[17:49:50.22] /o _simulationDoneAction done without exception!
[17:49:50.23] /o New Worker New CE ready proc entered.
[17:49:50.65] /o Got file /home/argershm/180-voltmeter/Analog/cc/simulation/argershm,tb_main_opamp,schematic/history_1/simulation/diff_mode_gain/PrimeSimSPICE/parametric/L=8.5u/results/.ceFinished
[17:49:50.98] /o touch /home/argershm/180-voltmeter/Analog/cc/simulation/argershm,tb_main_opamp,schematic/history_1/simulation/diff_mode_gain/PrimeSimSPICE/parametric/L=8.5u/results/.unitedSimFinished
[17:49:50.98] /o Calc Job Done!
[17:49:50.98] /o New Worker New CE exit
[17:49:51.07] /o Process id=3909867, opened fh num=41, max fh num=262144.
[17:49:54.66] /o Shutdown time: Mon Sep  8 17:49:54 2025
[17:49:54.66] /o Elapsed session real time: 0.4 minutes
[17:49:54.66] /o Session terminated. Log is at /home/argershm/180-voltmeter/Analog/cc/synopsys_custom/pwdp_jobs/saeSession0_diffmodegain.SimulationSimulation_cdpl.2.3874231/logs/w1/logs/pw_worker.argershm.2025_9_8_174930_3909867.log
