1757124049.184195: 1904445-7f82ff910540: cdpl_log.c:337: in cdpl_log_open(): info: @@start_of_log@@
1757124049.184206: 1904445-7f82ff910540: cdpl_log.c:1058: in cdpl_log_dump_sysinfo(): info: time: 2025/09/05 22:00:49 EDT -0400
1757124049.184208: 1904445-7f82ff910540: cdpl_log.c:1060: in cdpl_log_dump_sysinfo(): info: version: W-2024.09-SP1-2 
1757124049.184210: 1904445-7f82ff910540: cdpl_log.c:1062: in cdpl_log_dump_sysinfo(): info: system: Linux 4.18.0-553.69.1.el8_10.x86_64 #1 SMP Thu Aug 7 18:10:00 EDT 2025
1757124049.184212: 1904445-7f82ff910540: cdpl_log.c:1067: in cdpl_log_dump_sysinfo(): info: processor: x86_64 64-bits
1757124049.184213: 1904445-7f82ff910540: cdpl_log.c:1071: in cdpl_log_dump_sysinfo(): info: hostname: claws-compute3.ece.ncsu.edu
1757124049.184215: 1904445-7f82ff910540: cdpl_log.c:1073: in cdpl_log_dump_sysinfo(): info: program name: custom_shell
1757124049.184217: 1904445-7f82ff910540: cdpl_log.c:340: in cdpl_log_open(): debug: path: /home/argershm/180-voltmeter/Analog/cc/synopsys_custom/pwdp_jobs/saeSession0_diffmodegain.SimulationSimulation_cdpl.1.1904445/logs/master.claws-compute3.ece.ncsu.edu.1904445.log
1757124049.184218: 1904445-7f82ff910540: cdpl_log.c:341: in cdpl_log_open(): debug: dir: /home/argershm/180-voltmeter/Analog/cc/synopsys_custom/pwdp_jobs/saeSession0_diffmodegain.SimulationSimulation_cdpl.1.1904445/logs
1757124049.184223: 1904445-7f82ff910540: cdpl_server.c:536: in cdpl_sv_init(): info: new server S1871998788
1757124049.184225: 1904445-7f82ff910540: cdpl_ipc.c:3475: in cdpl_ipc_init(): info: requesting IPv4 protocol
1757124049.188301: 1904445-7f82ff910540: cdpl_ipc.c:837: in _selectaddrfamily(): info: selected IPv4 protocol
1757124049.188317: 1904445-7f82ff910540: cdpl_ipc.c:1139: in _set_keepalive(): info: TCP keep alive interval: 300
1757124049.191222: 1904445-7f82ff910540: cdpl_monitor.c:1117: in cdpl_mn_new_server(): info: creating server monitor instance
1757124049.191226: 1904445-7f82ff910540: cdpl_server.c:650: in cdpl_sv_new_master(): info: new master M1
1757124049.191231: 1904445-7f82ff910540: cdpl_server.c:6533: in cdpl_sv_ctl_master(): info: Setting worker heartbeat to 120 seconds
1757124049.191233: 1904445-7f82ff910540: cdpl_server.c:6542: in cdpl_sv_ctl_master(): info: Setting worker heartbeat timeout to 3 heartbeats
1757124049.191234: 1904445-7f82ff910540: cdpl_compat_master.c:2090: in _parse_hostfile(): info: reading hostfile `/home/argershm/180-voltmeter/Analog/cc/synopsys_custom/pwdp_jobs/saeSession0_diffmodegain.SimulationSimulation_cdpl.1.1904445/host_file'
1757124049.191243: 1904445-7f82ff910540: cdpl_compat_master.c:1900: in _hostfile_parser(): debug: parsing "1     |localhost|   -1  | /tmp | SH | sh"
1757124049.191247: 1904445-7f82ff910540: cdpl_farm.c:2578: in cdpl_farm_new_sh(): info: creating SH farm on localhost
1757124049.191250: 1904445-7f82ff910540: cdpl_compat_master.c:206: in _set_farm_env(): info: exporting CDPL_LOGDIR as `/home/argershm/180-voltmeter/Analog/cc/synopsys_custom/pwdp_jobs/saeSession0_diffmodegain.SimulationSimulation_cdpl.1.1904445/logs'
1757124049.191252: 1904445-7f82ff910540: cdpl_compat_master.c:212: in _set_farm_env(): info: exporting CDPL_TMPDIR as `/tmp'
1757124049.191254: 1904445-7f82ff910540: cdpl_compat_master.c:235: in _set_farm_env(): info: exporting SNPSLMD_LICENSE_FILE as `27000@ece-lic-35.ece.ncsu.edu'
1757124049.191256: 1904445-7f82ff910540: cdpl_compat_master.c:259: in _set_farm_env(): info: exporting CDPL_OPTIONS as `[nowlogs]'
1757124049.191257: 1904445-7f82ff910540: cdpl_compat_master.c:266: in _set_farm_env(): info: exporting DISPLAY as `unix:21661'
1757124049.191259: 1904445-7f82ff910540: cdpl_compat_master.c:274: in _set_farm_env(): info: exporting CDPL_HEARTBEAT as `120'
1757124049.191262: 1904445-7f82ff910540: cdpl_farm.c:3149: in cdpl_farm_add_withdir(): debug: added `localhost' (capacity: unlimited)
1757124049.191264: 1904445-7f82ff910540: cdpl_compat_parse.c:147: in parsefile(): debug: read `/home/argershm/180-voltmeter/Analog/cc/synopsys_custom/pwdp_jobs/saeSession0_diffmodegain.SimulationSimulation_cdpl.1.1904445/host_file', 2 lines
1757124049.191268: 1904445-7f82ff910540: cdpl_compat_master.c:2931: in cdplInitMaster(): info: bcast dir is `/home/argershm/180-voltmeter/Analog/cc/synopsys_custom/pwdp_jobs/saeSession0_diffmodegain.SimulationSimulation_cdpl.1.1904445/logs'
1757124049.191297: 1904445-7f82ff910540: cdpl_server.c:6433: in cdpl_sv_ctl_master(): info: farm worker timeout set to 300
1757124049.191299: 1904445-7f82ff910540: cdpl_server.c:6486: in cdpl_sv_ctl_master(): info: maximum number of task execution attempts set to 1
1757124049.191302: 1904445-7f82ff910540: cdpl_server.c:3195: in cdpl_sv_start(): debug: starting server
1757124049.191303: 1904445-7f82ff910540: cdpl_ipc.c:3632: in cdpl_ipc_start(): debug: starting IPC server 152.14.98.53:37153
1757124049.191528: 1904445-7f82a97fa700: cdpl_server_ipc.c:1182: in _sv_ipc_thread(): debug: ready
1757124049.191582: 1904445-7f82a8ff9700: cdpl_monitor.c:426: in cdpl_mn_init_client(): info: creating client monitor instance
1757124049.191601: 1904445-7f82a8ff9700: cdpl_ipc.c:3475: in cdpl_ipc_init(): info: requesting IPv4 protocol
1757124049.195348: 1904445-7f82a8ff9700: cdpl_ipc.c:837: in _selectaddrfamily(): info: selected IPv4 protocol
1757124049.195367: 1904445-7f82a8ff9700: cdpl_ipc.c:1139: in _set_keepalive(): info: TCP keep alive interval: 300
1757124049.198107: 1904445-7f82a8ff9700: cdpl_ipc.c:3632: in cdpl_ipc_start(): debug: starting IPC server 152.14.98.53:35547
1757124049.198262: 1904445-7f82a8ff9700: cdpl_monitor.c:471: in cdpl_mn_init_client(): debug: incoming messages in /tmp/cdpl-monitor-koF9Pw
1757124049.198331: 1904445-7f82a8ff9700: cdpl_monitor.c:533: in cdpl_mn_connect(): debug: connecting to 152.14.98.53:37153
1757124049.198334: 1904445-7f82a8ff9700: cdpl_ipc.c:3789: in cdpl_ipc_connect(): info: connecting to 152.14.98.53:37153
1757124049.198440: 1904445-7f82a8ff9700: cdpl_ipc.c:3860: in cdpl_ipc_connect(): info: connected as `152.14.98.53:56310'
1757124049.198444: 1904445-7f82a8ff9700: cdpl_ipc.c:2503: in cdpl_ipc_host_accept(): debug: accepted host `152.14.98.53:37153'
1757124049.198449: 1904445-7f82a8ff9700: cdpl_monitor.c:579: in cdpl_mn_connect(): debug: ok
1757124049.198458: 1904445-7f82ff910540: cdpl_server.c:731: in cdpl_sv_new_job(): info: new job J1 in M1
1757124049.198466: 1904445-7f82ff910540: cdpl_compat_master.c:1581: in _add_worker(): info: new worker type 10, min:1, max:3, cmd:`/home/argershm/180-voltmeter/Analog/cc/synopsys_custom/pwdp_jobs/saeSession0_diffmodegain.SimulationSimulation_cdpl.1.1904445/START_WORKER pw_worker -i /home/argershm/180-voltmeter/Analog/cc/synopsys_custom/pwdp_jobs
1757124049.198469: 1904445-7f82ff910540: cdpl_server.c:908: in cdpl_sv_new_bin_withfarm(): info: new bin B1 in J1
1757124049.198475: 1904445-7f82a9ffb700: cdpl_ipc.c:1862: in _epoll_accept(): debug: new connection from `152.14.98.53:56310'
1757124049.198536: 1904445-7f82a97fa700: cdpl_server_ipc.c:1225: in _sv_ipc_thread(): debug: received ACCEPT notification
1757124049.198546: 1904445-7f82a97fa700: cdpl_ipc.c:2503: in cdpl_ipc_host_accept(): debug: accepted host `152.14.98.53:56310'
1757124049.198559: 1904445-7f82a97fa700: cdpl_server_ipc.c:1256: in _sv_ipc_thread(): debug: received MONITOR message
1757124049.198711: 1904445-7f82a97fa700: cdpl_monitor.c:1207: in cdpl_mn_accept(): debug: accepted monitor `152.14.98.53:56310'
1757124049.198715: 1904445-7f82a97fa700: cdpl_server_ipc_mon.c:120: in _globalLOCK(): debug: ENTERTING GLOBAL LOCK
1757124049.198718: 1904445-7f82a97fa700: cdpl_server_ipc_mon.c:164: in _globalLOCK(): debug: global lock acquired
1757124049.198730: 1904445-7f82867fc700: cdpl_monitor.c:910: in mn_systat(): debug: started
1757124049.199338: 1904445-7f82867fc700: cdpl_monitor.c:937: in mn_systat(): debug: monitor server flush rate: 5
1757124049.994066: 1904445-7f82a97fa700: cdpl_server_ipc_mon.c:210: in _globalUNLOCK(): debug: LEAVING GLOBAL LOCK
1757124049.994088: 1904445-7f82ff910540: cdpl_server.c:3249: in cdpl_sv_start_job(): info: starting job J1
1757124049.994107: 1904445-7f82ff910540: cdpl_server.c:62: in _sv_start_bin(): debug: starting bin B1 (min: 0, max: 3)
1757124049.994236: 1904445-7f82ff910540: cdpl_server.c:1893: in _sv_gen_task(): info: new task T0 in B1 (prio 0)
1757124049.994242: 1904445-7f82ff910540: cdpl_server.c:2698: in cdpl_sv_label_task_va(): info: setting task T0 label to "PrimeSim_13|PrimeSim"
1757124049.994513: 1904445-7f82ff910540: cdpl_server.c:1893: in _sv_gen_task(): info: new task T1 in B1 (prio 0)
1757124049.994517: 1904445-7f82ff910540: cdpl_server.c:2698: in cdpl_sv_label_task_va(): info: setting task T1 label to "PrimeSim_14|PrimeSim"
1757124049.994599: 1904445-7f82ff910540: cdpl_server.c:1893: in _sv_gen_task(): info: new task T2 in B1 (prio 0)
1757124049.994601: 1904445-7f82ff910540: cdpl_server.c:2698: in cdpl_sv_label_task_va(): info: setting task T2 label to "PrimeSim_15|PrimeSim"
1757124049.994648: 1904445-7f8284ff9700: cdpl_server_sched.c:2482: in _sv_scheduler_thread(): debug: scheduler for bin B1 started
1757124049.994659: 1904445-7f8284ff9700: cdpl_server_sched.c:2443: in _scheduler_run(): debug: will start a new worker
1757124049.994675: 1904445-7f82ff910540: cdpl_server.c:1893: in _sv_gen_task(): info: new task T3 in B1 (prio 0)
1757124049.994690: 1904445-7f8284ff9700: cdpl_farm.c:3977: in cdpl_farm_submit(): debug: 1 running processes
1757124049.994694: 1904445-7f8284ff9700: cdpl_farm.c:3985: in cdpl_farm_submit(): debug: new command C1 in bin B1 assigned to host `localhost'
1757124049.994830: 1904445-7f8284ff9700: cdpl_server_sched.c:705: in _sv_launch_worker(): info: started worker W1 (as C1) in bin B1
1757124049.994833: 1904445-7f8284ff9700: cdpl_server_sched.c:2443: in _scheduler_run(): debug: will start a new worker
1757124049.994836: 1904445-7f8284ff9700: cdpl_farm.c:3977: in cdpl_farm_submit(): debug: 2 running processes
1757124049.994838: 1904445-7f8284ff9700: cdpl_farm.c:3985: in cdpl_farm_submit(): debug: new command C2 in bin B1 assigned to host `localhost'
1757124049.994839: 1904445-7f8284ff9700: cdpl_server_sched.c:705: in _sv_launch_worker(): info: started worker W2 (as C2) in bin B1
1757124049.994840: 1904445-7f8284ff9700: cdpl_server_sched.c:2443: in _scheduler_run(): debug: will start a new worker
1757124049.994842: 1904445-7f8284ff9700: cdpl_farm.c:3977: in cdpl_farm_submit(): debug: 3 running processes
1757124049.994844: 1904445-7f8284ff9700: cdpl_farm.c:3985: in cdpl_farm_submit(): debug: new command C3 in bin B1 assigned to host `localhost'
1757124049.994845: 1904445-7f8284ff9700: cdpl_server_sched.c:705: in _sv_launch_worker(): info: started worker W3 (as C3) in bin B1
1757124049.994852: 1904445-7f825ffff700: cdpl_farm.c:2139: in _schedule(): debug: started
1757124049.994861: 1904445-7f825ffff700: cdpl_farm.c:2303: in _schedule(): debug: submitting command C1 in bin B1
1757124049.994865: 1904445-7f825ffff700: cdpl_sh.c:49: in _sh_detached_submit(): info: SH : /home/argershm/180-voltmeter/Analog/cc/synopsys_custom/pwdp_jobs/saeSession0_diffmodegain.SimulationSimulation_cdpl.1.1904445/START_WORKER pw_worker -i /home/argershm/180-voltmeter/Analog/cc/synopsys_custom/pwdp_jobs/saeSession0_diffmodegain.SimulationSimulation_cdpl.1.1904445 -t 10000
1757124049.994869: 1904445-7f82ff910540: cdpl_server.c:2698: in cdpl_sv_label_task_va(): info: setting task T3 label to "PrimeSim_16|PrimeSim"
1757124050.003649: 1904445-7f825ffff700: cdpl_farm.c:2343: in _schedule(): debug: C1 in bin B1 running on slot 0
1757124050.003678: 1904445-7f825ffff700: cdpl_farm.c:2303: in _schedule(): debug: submitting command C2 in bin B1
1757124050.003683: 1904445-7f825ffff700: cdpl_sh.c:49: in _sh_detached_submit(): info: SH : /home/argershm/180-voltmeter/Analog/cc/synopsys_custom/pwdp_jobs/saeSession0_diffmodegain.SimulationSimulation_cdpl.1.1904445/START_WORKER pw_worker -i /home/argershm/180-voltmeter/Analog/cc/synopsys_custom/pwdp_jobs/saeSession0_diffmodegain.SimulationSimulation_cdpl.1.1904445 -t 10000
1757124050.009055: 1904445-7f825ffff700: cdpl_farm.c:2343: in _schedule(): debug: C2 in bin B1 running on slot 1
1757124050.009074: 1904445-7f825ffff700: cdpl_farm.c:2303: in _schedule(): debug: submitting command C3 in bin B1
1757124050.009083: 1904445-7f825ffff700: cdpl_sh.c:49: in _sh_detached_submit(): info: SH : /home/argershm/180-voltmeter/Analog/cc/synopsys_custom/pwdp_jobs/saeSession0_diffmodegain.SimulationSimulation_cdpl.1.1904445/START_WORKER pw_worker -i /home/argershm/180-voltmeter/Analog/cc/synopsys_custom/pwdp_jobs/saeSession0_diffmodegain.SimulationSimulation_cdpl.1.1904445 -t 10000
1757124050.013311: 1904445-7f825ffff700: cdpl_farm.c:2343: in _schedule(): debug: C3 in bin B1 running on slot 2
1757124050.013327: 1904445-7f825ffff700: cdpl_farm.c:2167: in _schedule(): debug: idle
1757124050.013672: 1904445-7f82ff910540: cdpl_server.c:1893: in _sv_gen_task(): info: new task T4 in B1 (prio 0)
1757124050.013684: 1904445-7f82ff910540: cdpl_server.c:2698: in cdpl_sv_label_task_va(): info: setting task T4 label to "PrimeSim_17|PrimeSim"
1757124050.013862: 1904445-7f82ff910540: cdpl_server.c:1893: in _sv_gen_task(): info: new task T5 in B1 (prio 0)
1757124050.013865: 1904445-7f82ff910540: cdpl_server.c:2698: in cdpl_sv_label_task_va(): info: setting task T5 label to "PrimeSim_18|PrimeSim"
1757124050.013977: 1904445-7f82ff910540: cdpl_server.c:1893: in _sv_gen_task(): info: new task T6 in B1 (prio 0)
1757124050.013983: 1904445-7f82ff910540: cdpl_server.c:2698: in cdpl_sv_label_task_va(): info: setting task T6 label to "PrimeSim_19|PrimeSim"
1757124050.014074: 1904445-7f82ff910540: cdpl_server.c:1893: in _sv_gen_task(): info: new task T7 in B1 (prio 0)
1757124050.014077: 1904445-7f82ff910540: cdpl_server.c:2698: in cdpl_sv_label_task_va(): info: setting task T7 label to "PrimeSim_20|PrimeSim"
1757124050.014156: 1904445-7f82ff910540: cdpl_server.c:1893: in _sv_gen_task(): info: new task T8 in B1 (prio 0)
1757124050.014158: 1904445-7f82ff910540: cdpl_server.c:2698: in cdpl_sv_label_task_va(): info: setting task T8 label to "PrimeSim_21|PrimeSim"
1757124050.014232: 1904445-7f82ff910540: cdpl_server.c:1893: in _sv_gen_task(): info: new task T9 in B1 (prio 0)
1757124050.014235: 1904445-7f82ff910540: cdpl_server.c:2698: in cdpl_sv_label_task_va(): info: setting task T9 label to "PrimeSim_22|PrimeSim"
1757124050.014305: 1904445-7f82ff910540: cdpl_server.c:1893: in _sv_gen_task(): info: new task T10 in B1 (prio 0)
1757124050.014307: 1904445-7f82ff910540: cdpl_server.c:2698: in cdpl_sv_label_task_va(): info: setting task T10 label to "PrimeSim_23|PrimeSim"
1757124050.014377: 1904445-7f82ff910540: cdpl_server.c:1893: in _sv_gen_task(): info: new task T11 in B1 (prio 0)
1757124050.014380: 1904445-7f82ff910540: cdpl_server.c:2698: in cdpl_sv_label_task_va(): info: setting task T11 label to "PrimeSim_24|PrimeSim"
1757124050.307624: 1904445-7f8285ffb700: cdpl_compat_master.c:5948: in cdplMasterLogInfo(): info: [non-CDPL log entry] PWDP - no-workers started ok check start!
1757124050.313392: 1904445-7f825ffff700: cdpl_farm.c:1193: in _onexit(): debug: C1 in bin B1 exited normally on slot 0
1757124050.313400: 1904445-7f825ffff700: cdpl_farm.c:1193: in _onexit(): debug: C2 in bin B1 exited normally on slot 1
1757124050.313404: 1904445-7f825ffff700: cdpl_farm.c:1193: in _onexit(): debug: C3 in bin B1 exited normally on slot 2
1757124051.852002: 1904445-7f82a9ffb700: cdpl_ipc.c:1862: in _epoll_accept(): debug: new connection from `152.14.98.53:56314'
1757124051.852053: 1904445-7f82a97fa700: cdpl_server_ipc.c:1225: in _sv_ipc_thread(): debug: received ACCEPT notification
1757124051.852071: 1904445-7f82a97fa700: cdpl_ipc.c:2503: in cdpl_ipc_host_accept(): debug: accepted host `152.14.98.53:56314'
1757124051.852099: 1904445-7f82a97fa700: cdpl_server_ipc.c:1246: in _sv_ipc_thread(): debug: received HELLO message
1757124051.852101: 1904445-7f82a97fa700: cdpl_server_ipc.c:430: in _sv_on_hello(): debug: looking up W1
1757124051.852105: 1904445-7f82a97fa700: cdpl_server_ipc.c:540: in _sv_on_hello(): info: W1 is `152.14.98.53:56314'
1757124051.852106: 1904445-7f82a97fa700: cdpl_server_ipc.c:541: in _sv_on_hello(): debug: hello W1 (B1)
1757124051.852108: 1904445-7f82a97fa700: cdpl_server_ipc.c:542: in _sv_on_hello(): info: W1 log file is /dev/null
1757124051.852129: 1904445-7f82a97fa700: cdpl_server_ipc.c:602: in _sv_on_hello(): info: up to 1 alive workers in B1
1757124051.852133: 1904445-7f82a97fa700: cdpl_farm.c:878: in _release_cmd(): debug: freeing command C1 in bin B1
1757124051.852149: 1904445-7f8284ff9700: cdpl_server_sched.c:960: in _assign(): info: assigning task T0 to worker W1
1757124051.853005: 1904445-7f82a9ffb700: cdpl_ipc.c:1862: in _epoll_accept(): debug: new connection from `152.14.98.53:56328'
1757124051.853030: 1904445-7f82a97fa700: cdpl_server_ipc.c:1225: in _sv_ipc_thread(): debug: received ACCEPT notification
1757124051.853038: 1904445-7f82a97fa700: cdpl_ipc.c:2503: in cdpl_ipc_host_accept(): debug: accepted host `152.14.98.53:56328'
1757124051.853050: 1904445-7f82a9ffb700: cdpl_ipc.c:1862: in _epoll_accept(): debug: new connection from `152.14.98.53:56336'
1757124051.853059: 1904445-7f82a97fa700: cdpl_server_ipc.c:1225: in _sv_ipc_thread(): debug: received ACCEPT notification
1757124051.853064: 1904445-7f82a97fa700: cdpl_ipc.c:2503: in cdpl_ipc_host_accept(): debug: accepted host `152.14.98.53:56336'
1757124051.853192: 1904445-7f82a97fa700: cdpl_server_ipc.c:1246: in _sv_ipc_thread(): debug: received HELLO message
1757124051.853199: 1904445-7f82a97fa700: cdpl_server_ipc.c:430: in _sv_on_hello(): debug: looking up W2
1757124051.853202: 1904445-7f82a97fa700: cdpl_server_ipc.c:540: in _sv_on_hello(): info: W2 is `152.14.98.53:56328'
1757124051.853204: 1904445-7f82a97fa700: cdpl_server_ipc.c:541: in _sv_on_hello(): debug: hello W2 (B1)
1757124051.853206: 1904445-7f82a97fa700: cdpl_server_ipc.c:542: in _sv_on_hello(): info: W2 log file is /dev/null
1757124051.853215: 1904445-7f82a97fa700: cdpl_server_ipc.c:602: in _sv_on_hello(): info: up to 2 alive workers in B1
1757124051.853220: 1904445-7f82a97fa700: cdpl_farm.c:878: in _release_cmd(): debug: freeing command C2 in bin B1
1757124051.853223: 1904445-7f82a97fa700: cdpl_server_ipc.c:1246: in _sv_ipc_thread(): debug: received HELLO message
1757124051.853225: 1904445-7f82a97fa700: cdpl_server_ipc.c:430: in _sv_on_hello(): debug: looking up W3
1757124051.853226: 1904445-7f82a97fa700: cdpl_server_ipc.c:540: in _sv_on_hello(): info: W3 is `152.14.98.53:56336'
1757124051.853228: 1904445-7f82a97fa700: cdpl_server_ipc.c:541: in _sv_on_hello(): debug: hello W3 (B1)
1757124051.853229: 1904445-7f82a97fa700: cdpl_server_ipc.c:542: in _sv_on_hello(): info: W3 log file is /dev/null
1757124051.853232: 1904445-7f82a97fa700: cdpl_server_ipc.c:602: in _sv_on_hello(): info: up to 3 alive workers in B1
1757124051.853234: 1904445-7f82a97fa700: cdpl_farm.c:878: in _release_cmd(): debug: freeing command C3 in bin B1
1757124051.853242: 1904445-7f8284ff9700: cdpl_server_sched.c:960: in _assign(): info: assigning task T1 to worker W2
1757124051.853256: 1904445-7f8284ff9700: cdpl_server_sched.c:960: in _assign(): info: assigning task T2 to worker W3
1757124051.916405: 1904445-7f82a97fa700: cdpl_server_ipc.c:1268: in _sv_ipc_thread(): debug: received RELAY message
1757124051.916415: 1904445-7f82a97fa700: cdpl_server_ipc.c:713: in _sv_on_relay(): debug: RELAY message from W1, size = 65
1757124051.916417: 1904445-7f82a97fa700: cdpl_server_ipc.c:715: in _sv_on_relay(): debug: RELAY message from W1, content = 0$1921417 claws-compute3.ece.ncsu.edu 1921456 RUNNING 1757124051
1757124051.917913: 1904445-7f82a97fa700: cdpl_server_ipc.c:1268: in _sv_ipc_thread(): debug: received RELAY message
1757124051.917923: 1904445-7f82a97fa700: cdpl_server_ipc.c:713: in _sv_on_relay(): debug: RELAY message from W3, size = 65
1757124051.917925: 1904445-7f82a97fa700: cdpl_server_ipc.c:715: in _sv_on_relay(): debug: RELAY message from W3, content = 2$1921416 claws-compute3.ece.ncsu.edu 1921458 RUNNING 1757124051
1757124051.917930: 1904445-7f82a97fa700: cdpl_server_ipc.c:1268: in _sv_ipc_thread(): debug: received RELAY message
1757124051.917932: 1904445-7f82a97fa700: cdpl_server_ipc.c:713: in _sv_on_relay(): debug: RELAY message from W2, size = 65
1757124051.917933: 1904445-7f82a97fa700: cdpl_server_ipc.c:715: in _sv_on_relay(): debug: RELAY message from W2, content = 1$1921418 claws-compute3.ece.ncsu.edu 1921457 RUNNING 1757124051
1757124052.852384: 1904445-7f82a97fa700: cdpl_server_ipc.c:312: in _sv_on_heartbeat(): debug: received HEARTBEAT from worker W1 at 152.14.98.53:56314
1757124052.853473: 1904445-7f82a97fa700: cdpl_server_ipc.c:312: in _sv_on_heartbeat(): debug: received HEARTBEAT from worker W2 at 152.14.98.53:56328
1757124052.853488: 1904445-7f82a97fa700: cdpl_server_ipc.c:312: in _sv_on_heartbeat(): debug: received HEARTBEAT from worker W3 at 152.14.98.53:56336
1757124054.199950: 1904445-7f82a8ff9700: cdpl_monitor.c:533: in cdpl_mn_connect(): debug: connecting to 152.14.98.53:35293
1757124054.199967: 1904445-7f82a8ff9700: cdpl_ipc.c:3789: in cdpl_ipc_connect(): info: connecting to 152.14.98.53:35293
1757124054.200053: 1904445-7f82a8ff9700: cdpl_ipc.c:3860: in cdpl_ipc_connect(): info: connected as `152.14.98.53:60286'
1757124054.200060: 1904445-7f82a8ff9700: cdpl_ipc.c:2503: in cdpl_ipc_host_accept(): debug: accepted host `152.14.98.53:35293'
1757124054.200065: 1904445-7f82a8ff9700: cdpl_monitor.c:579: in cdpl_mn_connect(): debug: ok
1757124054.200069: 1904445-7f82a8ff9700: cdpl_monitor.c:533: in cdpl_mn_connect(): debug: connecting to 152.14.98.53:33031
1757124054.200071: 1904445-7f82a8ff9700: cdpl_ipc.c:3789: in cdpl_ipc_connect(): info: connecting to 152.14.98.53:33031
1757124054.200106: 1904445-7f82a8ff9700: cdpl_ipc.c:3860: in cdpl_ipc_connect(): info: connected as `152.14.98.53:33560'
1757124054.200110: 1904445-7f82a8ff9700: cdpl_ipc.c:2503: in cdpl_ipc_host_accept(): debug: accepted host `152.14.98.53:33031'
1757124054.200114: 1904445-7f82a8ff9700: cdpl_monitor.c:579: in cdpl_mn_connect(): debug: ok
1757124054.200119: 1904445-7f82a8ff9700: cdpl_monitor.c:533: in cdpl_mn_connect(): debug: connecting to 152.14.98.53:39323
1757124054.200121: 1904445-7f82a8ff9700: cdpl_ipc.c:3789: in cdpl_ipc_connect(): info: connecting to 152.14.98.53:39323
1757124054.200155: 1904445-7f82a8ff9700: cdpl_ipc.c:3860: in cdpl_ipc_connect(): info: connected as `152.14.98.53:33754'
1757124054.200158: 1904445-7f82a8ff9700: cdpl_ipc.c:2503: in cdpl_ipc_host_accept(): debug: accepted host `152.14.98.53:39323'
1757124054.200161: 1904445-7f82a8ff9700: cdpl_monitor.c:579: in cdpl_mn_connect(): debug: ok
1757124058.697597: 1904445-7f82a97fa700: cdpl_server_ipc.c:1268: in _sv_ipc_thread(): debug: received RELAY message
1757124058.697612: 1904445-7f82a97fa700: cdpl_server_ipc.c:713: in _sv_on_relay(): debug: RELAY message from W3, size = 53
1757124058.697615: 1904445-7f82a97fa700: cdpl_server_ipc.c:715: in _sv_on_relay(): debug: RELAY message from W3, content = WORKERDU|12932,/dev/mapper/rhel_claws--compute3-home
1757124058.697622: 1904445-7f82a97fa700: cdpl_server_ipc.c:1268: in _sv_ipc_thread(): debug: received RELAY message
1757124058.697624: 1904445-7f82a97fa700: cdpl_server_ipc.c:713: in _sv_on_relay(): debug: RELAY message from W3, size = 196
1757124058.697626: 1904445-7f82a97fa700: cdpl_server_ipc.c:715: in _sv_on_relay(): debug: RELAY message from W3, content = REQPILOT|saeSession0,1,diff_mode_gain|&/home/argershm/180-voltmeter/Analog/cc/simulation/integrator,tb_main_opamp,schematic/history_1/simulation/diff_mode_gain/PrimeSimSPICE/parametric/results|&2
1757124058.697662: 1904445-7f8286ffd700: cdpl_compat_master.c:5948: in cdplMasterLogInfo(): info: [non-CDPL log entry] PWDP send back 'DOPILOT' to worker id:3 key: saeSession0,1,diff_mode_gain|&/home/argershm/180-voltmeter/Analog/cc/simulation/integrator,tb_main_opamp,schematic/history_1/simulation/diff_mode_gain/PrimeSimSPICE/parametric/results
1757124058.697819: 1904445-7f8286ffd700: cdpl_compat_master.c:5948: in cdplMasterLogInfo(): info: [non-CDPL log entry] PWDP: set pilot doing!
1757124058.699246: 1904445-7f82a97fa700: cdpl_server_ipc.c:1268: in _sv_ipc_thread(): debug: received RELAY message
1757124058.699250: 1904445-7f82a97fa700: cdpl_server_ipc.c:713: in _sv_on_relay(): debug: RELAY message from W1, size = 53
1757124058.699252: 1904445-7f82a97fa700: cdpl_server_ipc.c:715: in _sv_on_relay(): debug: RELAY message from W1, content = WORKERDU|12932,/dev/mapper/rhel_claws--compute3-home
1757124058.699266: 1904445-7f82a97fa700: cdpl_server_ipc.c:1268: in _sv_ipc_thread(): debug: received RELAY message
1757124058.699268: 1904445-7f82a97fa700: cdpl_server_ipc.c:713: in _sv_on_relay(): debug: RELAY message from W1, size = 196
1757124058.699270: 1904445-7f82a97fa700: cdpl_server_ipc.c:715: in _sv_on_relay(): debug: RELAY message from W1, content = REQPILOT|saeSession0,1,diff_mode_gain|&/home/argershm/180-voltmeter/Analog/cc/simulation/integrator,tb_main_opamp,schematic/history_1/simulation/diff_mode_gain/PrimeSimSPICE/parametric/results|&0
1757124058.699275: 1904445-7f8286ffd700: cdpl_compat_master.c:5948: in cdplMasterLogInfo(): info: [non-CDPL log entry] PWDP meet doing pilot, so cache worker id:1 key: saeSession0,1,diff_mode_gain|&/home/argershm/180-voltmeter/Analog/cc/simulation/integrator,tb_main_opamp,schematic/history_1/simulation/diff_mode_gain/PrimeSimSPICE/parametric/results
1757124058.701123: 1904445-7f82a97fa700: cdpl_server_ipc.c:1268: in _sv_ipc_thread(): debug: received RELAY message
1757124058.701125: 1904445-7f82a97fa700: cdpl_server_ipc.c:713: in _sv_on_relay(): debug: RELAY message from W3, size = 192
1757124058.701127: 1904445-7f82a97fa700: cdpl_server_ipc.c:715: in _sv_on_relay(): debug: RELAY message from W3, content = PILOTOK|saeSession0,1,diff_mode_gain|&/home/argershm/180-voltmeter/Analog/cc/simulation/integrator,tb_main_opamp,schematic/history_1/simulation/diff_mode_gain/PrimeSimSPICE/parametric/results
1757124058.701146: 1904445-7f8286ffd700: cdpl_compat_master.c:5948: in cdplMasterLogInfo(): info: [non-CDPL log entry] PWDP: set pilot done!
1757124058.701152: 1904445-7f8286ffd700: cdpl_compat_master.c:5948: in cdplMasterLogInfo(): info: [non-CDPL log entry] PWDP send back 'PILOTOK' to cacheed worker id:1 key: saeSession0,1,diff_mode_gain|&/home/argershm/180-voltmeter/Analog/cc/simulation/integrator,tb_main_opamp,schematic/history_1/simulation/diff_mode_gain/PrimeSimSPICE/parametric/results
1757124058.701235: 1904445-7f82a97fa700: cdpl_server_ipc.c:1268: in _sv_ipc_thread(): debug: received RELAY message
1757124058.701237: 1904445-7f82a97fa700: cdpl_server_ipc.c:713: in _sv_on_relay(): debug: RELAY message from W3, size = 18
1757124058.701238: 1904445-7f82a97fa700: cdpl_server_ipc.c:715: in _sv_on_relay(): debug: RELAY message from W3, content = 2$- - - MEASDOING
1757124058.701262: 1904445-7f82a97fa700: cdpl_server_ipc.c:1268: in _sv_ipc_thread(): debug: received RELAY message
1757124058.701264: 1904445-7f82a97fa700: cdpl_server_ipc.c:713: in _sv_on_relay(): debug: RELAY message from W1, size = 18
1757124058.701266: 1904445-7f82a97fa700: cdpl_server_ipc.c:715: in _sv_on_relay(): debug: RELAY message from W1, content = 0$- - - MEASDOING
1757124058.702105: 1904445-7f82a97fa700: cdpl_server_ipc.c:1268: in _sv_ipc_thread(): debug: received RELAY message
1757124058.702108: 1904445-7f82a97fa700: cdpl_server_ipc.c:713: in _sv_on_relay(): debug: RELAY message from W2, size = 53
1757124058.702110: 1904445-7f82a97fa700: cdpl_server_ipc.c:715: in _sv_on_relay(): debug: RELAY message from W2, content = WORKERDU|12932,/dev/mapper/rhel_claws--compute3-home
1757124058.702127: 1904445-7f82a97fa700: cdpl_server_ipc.c:1268: in _sv_ipc_thread(): debug: received RELAY message
1757124058.702128: 1904445-7f82a97fa700: cdpl_server_ipc.c:713: in _sv_on_relay(): debug: RELAY message from W2, size = 196
1757124058.702130: 1904445-7f82a97fa700: cdpl_server_ipc.c:715: in _sv_on_relay(): debug: RELAY message from W2, content = REQPILOT|saeSession0,1,diff_mode_gain|&/home/argershm/180-voltmeter/Analog/cc/simulation/integrator,tb_main_opamp,schematic/history_1/simulation/diff_mode_gain/PrimeSimSPICE/parametric/results|&1
1757124058.702136: 1904445-7f8286ffd700: cdpl_compat_master.c:5948: in cdplMasterLogInfo(): info: [non-CDPL log entry] PWDP send back 'PILOTOK' back to worker id:2 key: saeSession0,1,diff_mode_gain|&/home/argershm/180-voltmeter/Analog/cc/simulation/integrator,tb_main_opamp,schematic/history_1/simulation/diff_mode_gain/PrimeSimSPICE/parametric/results
1757124058.702282: 1904445-7f82a97fa700: cdpl_server_ipc.c:1268: in _sv_ipc_thread(): debug: received RELAY message
1757124058.702283: 1904445-7f82a97fa700: cdpl_server_ipc.c:713: in _sv_on_relay(): debug: RELAY message from W2, size = 18
1757124058.702285: 1904445-7f82a97fa700: cdpl_server_ipc.c:715: in _sv_on_relay(): debug: RELAY message from W2, content = 1$- - - MEASDOING
1757124059.980327: 1904445-7f82a97fa700: cdpl_server_ipc.c:1268: in _sv_ipc_thread(): debug: received RELAY message
1757124059.980342: 1904445-7f82a97fa700: cdpl_server_ipc.c:713: in _sv_on_relay(): debug: RELAY message from W3, size = 77
1757124059.980344: 1904445-7f82a97fa700: cdpl_server_ipc.c:715: in _sv_on_relay(): debug: RELAY message from W3, content = 2$1921416 claws-compute3.ece.ncsu.edu 1921458 FINISHED 1757124051|1757124059
1757124059.981957: 1904445-7f82a97fa700: cdpl_server_ipc.c:1268: in _sv_ipc_thread(): debug: received RELAY message
1757124059.981965: 1904445-7f82a97fa700: cdpl_server_ipc.c:713: in _sv_on_relay(): debug: RELAY message from W3, size = 194
1757124059.981967: 1904445-7f82a97fa700: cdpl_server_ipc.c:715: in _sv_on_relay(): debug: RELAY message from W3, content = PILOTDONE|saeSession0,1,diff_mode_gain|&/home/argershm/180-voltmeter/Analog/cc/simulation/integrator,tb_main_opamp,schematic/history_1/simulation/diff_mode_gain/PrimeSimSPICE/parametric/results
1757124059.982059: 1904445-7f8286ffd700: cdpl_compat_master.c:5948: in cdplMasterLogInfo(): info: [non-CDPL log entry] saeSession0,1,diff_mode_gain|&/home/argershm/180-voltmeter/Analog/cc/simulation/integrator,tb_main_opamp,schematic/history_1/simulation/diff_mode_gain/PrimeSimSPICE/parametric/results PILOTDONE!
1757124059.982318: 1904445-7f82a97fa700: cdpl_server_ipc.c:1251: in _sv_ipc_thread(): debug: received FINISH message
1757124059.982324: 1904445-7f82a97fa700: cdpl_server_ipc.c:983: in _sv_on_finish(): info: worker W3 completed task T2
1757124059.982327: 1904445-7f82a97fa700: cdpl_server_ipc.c:988: in _sv_on_finish(): debug: stat T2: utime=4123 stime=2335
1757124059.982329: 1904445-7f82a97fa700: cdpl_server_ipc.c:993: in _sv_on_finish(): debug: statm T2: vsize=3054860 rss=1041936 shared=519260 text=474784 data=710080
1757124059.982352: 1904445-7f8284ff9700: cdpl_server_sched.c:960: in _assign(): info: assigning task T3 to worker W3
1757124059.987414: 1904445-7f82a97fa700: cdpl_server_ipc.c:1268: in _sv_ipc_thread(): debug: received RELAY message
1757124059.987422: 1904445-7f82a97fa700: cdpl_server_ipc.c:713: in _sv_on_relay(): debug: RELAY message from W3, size = 50
1757124059.987425: 1904445-7f82a97fa700: cdpl_server_ipc.c:715: in _sv_on_relay(): debug: RELAY message from W3, content = WORKERDU|40,/dev/mapper/rhel_claws--compute3-home
1757124060.071645: 1904445-7f82ff910540: cdpl_server.c:227: in _sv_free_task_safe(): debug: freeing task T2
1757124060.110049: 1904445-7f82a97fa700: cdpl_server_ipc.c:1268: in _sv_ipc_thread(): debug: received RELAY message
1757124060.110059: 1904445-7f82a97fa700: cdpl_server_ipc.c:713: in _sv_on_relay(): debug: RELAY message from W1, size = 77
1757124060.110062: 1904445-7f82a97fa700: cdpl_server_ipc.c:715: in _sv_on_relay(): debug: RELAY message from W1, content = 0$1921417 claws-compute3.ece.ncsu.edu 1921456 FINISHED 1757124051|1757124060
1757124060.110370: 1904445-7f82a97fa700: cdpl_server_ipc.c:1251: in _sv_ipc_thread(): debug: received FINISH message
1757124060.110376: 1904445-7f82a97fa700: cdpl_server_ipc.c:983: in _sv_on_finish(): info: worker W1 completed task T0
1757124060.110378: 1904445-7f82a97fa700: cdpl_server_ipc.c:988: in _sv_on_finish(): debug: stat T0: utime=4084 stime=2275
1757124060.110380: 1904445-7f82a97fa700: cdpl_server_ipc.c:993: in _sv_on_finish(): debug: statm T0: vsize=3054844 rss=1041328 shared=520540 text=474784 data=710064
1757124060.110400: 1904445-7f8284ff9700: cdpl_server_sched.c:960: in _assign(): info: assigning task T4 to worker W1
1757124060.115097: 1904445-7f82a97fa700: cdpl_server_ipc.c:1268: in _sv_ipc_thread(): debug: received RELAY message
1757124060.115104: 1904445-7f82a97fa700: cdpl_server_ipc.c:713: in _sv_on_relay(): debug: RELAY message from W1, size = 50
1757124060.115112: 1904445-7f82a97fa700: cdpl_server_ipc.c:715: in _sv_on_relay(): debug: RELAY message from W1, content = WORKERDU|56,/dev/mapper/rhel_claws--compute3-home
1757124060.121728: 1904445-7f82a97fa700: cdpl_server_ipc.c:1268: in _sv_ipc_thread(): debug: received RELAY message
1757124060.121735: 1904445-7f82a97fa700: cdpl_server_ipc.c:713: in _sv_on_relay(): debug: RELAY message from W2, size = 77
1757124060.121738: 1904445-7f82a97fa700: cdpl_server_ipc.c:715: in _sv_on_relay(): debug: RELAY message from W2, content = 1$1921418 claws-compute3.ece.ncsu.edu 1921457 FINISHED 1757124051|1757124060
1757124060.122041: 1904445-7f82a97fa700: cdpl_server_ipc.c:1251: in _sv_ipc_thread(): debug: received FINISH message
1757124060.122048: 1904445-7f82a97fa700: cdpl_server_ipc.c:983: in _sv_on_finish(): info: worker W2 completed task T1
1757124060.122050: 1904445-7f82a97fa700: cdpl_server_ipc.c:988: in _sv_on_finish(): debug: stat T1: utime=4070 stime=2302
1757124060.122052: 1904445-7f82a97fa700: cdpl_server_ipc.c:993: in _sv_on_finish(): debug: statm T1: vsize=3054880 rss=1036188 shared=519476 text=474784 data=710100
1757124060.122069: 1904445-7f8284ff9700: cdpl_server_sched.c:960: in _assign(): info: assigning task T5 to worker W2
1757124060.126683: 1904445-7f82a97fa700: cdpl_server_ipc.c:1268: in _sv_ipc_thread(): debug: received RELAY message
1757124060.126686: 1904445-7f82a97fa700: cdpl_server_ipc.c:713: in _sv_on_relay(): debug: RELAY message from W2, size = 50
1757124060.126688: 1904445-7f82a97fa700: cdpl_server_ipc.c:715: in _sv_on_relay(): debug: RELAY message from W2, content = WORKERDU|56,/dev/mapper/rhel_claws--compute3-home
1757124060.172942: 1904445-7f82ff910540: cdpl_server.c:227: in _sv_free_task_safe(): debug: freeing task T0
1757124060.185414: 1904445-7f82ff910540: cdpl_server.c:227: in _sv_free_task_safe(): debug: freeing task T1
1757124060.191590: 1904445-7f82a97fa700: cdpl_server_ipc.c:1268: in _sv_ipc_thread(): debug: received RELAY message
1757124060.191599: 1904445-7f82a97fa700: cdpl_server_ipc.c:713: in _sv_on_relay(): debug: RELAY message from W3, size = 65
1757124060.191602: 1904445-7f82a97fa700: cdpl_server_ipc.c:715: in _sv_on_relay(): debug: RELAY message from W3, content = 3$1921416 claws-compute3.ece.ncsu.edu 1922500 RUNNING 1757124060
1757124060.292139: 1904445-7f82a97fa700: cdpl_server_ipc.c:1268: in _sv_ipc_thread(): debug: received RELAY message
1757124060.292152: 1904445-7f82a97fa700: cdpl_server_ipc.c:713: in _sv_on_relay(): debug: RELAY message from W1, size = 65
1757124060.292154: 1904445-7f82a97fa700: cdpl_server_ipc.c:715: in _sv_on_relay(): debug: RELAY message from W1, content = 4$1921417 claws-compute3.ece.ncsu.edu 1922550 RUNNING 1757124060
1757124060.304000: 1904445-7f82a97fa700: cdpl_server_ipc.c:1268: in _sv_ipc_thread(): debug: received RELAY message
1757124060.304008: 1904445-7f82a97fa700: cdpl_server_ipc.c:713: in _sv_on_relay(): debug: RELAY message from W2, size = 65
1757124060.304010: 1904445-7f82a97fa700: cdpl_server_ipc.c:715: in _sv_on_relay(): debug: RELAY message from W2, content = 5$1921418 claws-compute3.ece.ncsu.edu 1922554 RUNNING 1757124060
1757124061.503309: 1904445-7f82a97fa700: cdpl_server_ipc.c:1268: in _sv_ipc_thread(): debug: received RELAY message
1757124061.503322: 1904445-7f82a97fa700: cdpl_server_ipc.c:713: in _sv_on_relay(): debug: RELAY message from W3, size = 196
1757124061.503324: 1904445-7f82a97fa700: cdpl_server_ipc.c:715: in _sv_on_relay(): debug: RELAY message from W3, content = REQPILOT|saeSession0,1,diff_mode_gain|&/home/argershm/180-voltmeter/Analog/cc/simulation/integrator,tb_main_opamp,schematic/history_1/simulation/diff_mode_gain/PrimeSimSPICE/parametric/results|&3
1757124061.503344: 1904445-7f8286ffd700: cdpl_compat_master.c:5948: in cdplMasterLogInfo(): info: [non-CDPL log entry] PWDP send back 'PILOTOK' back to worker id:3 key: saeSession0,1,diff_mode_gain|&/home/argershm/180-voltmeter/Analog/cc/simulation/integrator,tb_main_opamp,schematic/history_1/simulation/diff_mode_gain/PrimeSimSPICE/parametric/results
1757124061.503389: 1904445-7f82a97fa700: cdpl_server_ipc.c:1268: in _sv_ipc_thread(): debug: received RELAY message
1757124061.503392: 1904445-7f82a97fa700: cdpl_server_ipc.c:713: in _sv_on_relay(): debug: RELAY message from W1, size = 196
1757124061.503394: 1904445-7f82a97fa700: cdpl_server_ipc.c:715: in _sv_on_relay(): debug: RELAY message from W1, content = REQPILOT|saeSession0,1,diff_mode_gain|&/home/argershm/180-voltmeter/Analog/cc/simulation/integrator,tb_main_opamp,schematic/history_1/simulation/diff_mode_gain/PrimeSimSPICE/parametric/results|&4
1757124061.503403: 1904445-7f8286ffd700: cdpl_compat_master.c:5948: in cdplMasterLogInfo(): info: [non-CDPL log entry] PWDP send back 'PILOTOK' back to worker id:1 key: saeSession0,1,diff_mode_gain|&/home/argershm/180-voltmeter/Analog/cc/simulation/integrator,tb_main_opamp,schematic/history_1/simulation/diff_mode_gain/PrimeSimSPICE/parametric/results
1757124061.503479: 1904445-7f82a97fa700: cdpl_server_ipc.c:1268: in _sv_ipc_thread(): debug: received RELAY message
1757124061.503481: 1904445-7f82a97fa700: cdpl_server_ipc.c:713: in _sv_on_relay(): debug: RELAY message from W3, size = 18
1757124061.503483: 1904445-7f82a97fa700: cdpl_server_ipc.c:715: in _sv_on_relay(): debug: RELAY message from W3, content = 3$- - - MEASDOING
1757124061.503544: 1904445-7f82a97fa700: cdpl_server_ipc.c:1268: in _sv_ipc_thread(): debug: received RELAY message
1757124061.503546: 1904445-7f82a97fa700: cdpl_server_ipc.c:713: in _sv_on_relay(): debug: RELAY message from W1, size = 18
1757124061.503547: 1904445-7f82a97fa700: cdpl_server_ipc.c:715: in _sv_on_relay(): debug: RELAY message from W1, content = 4$- - - MEASDOING
1757124061.615471: 1904445-7f82a97fa700: cdpl_server_ipc.c:1268: in _sv_ipc_thread(): debug: received RELAY message
1757124061.615481: 1904445-7f82a97fa700: cdpl_server_ipc.c:713: in _sv_on_relay(): debug: RELAY message from W2, size = 196
1757124061.615484: 1904445-7f82a97fa700: cdpl_server_ipc.c:715: in _sv_on_relay(): debug: RELAY message from W2, content = REQPILOT|saeSession0,1,diff_mode_gain|&/home/argershm/180-voltmeter/Analog/cc/simulation/integrator,tb_main_opamp,schematic/history_1/simulation/diff_mode_gain/PrimeSimSPICE/parametric/results|&5
1757124061.615514: 1904445-7f8286ffd700: cdpl_compat_master.c:5948: in cdplMasterLogInfo(): info: [non-CDPL log entry] PWDP send back 'PILOTOK' back to worker id:2 key: saeSession0,1,diff_mode_gain|&/home/argershm/180-voltmeter/Analog/cc/simulation/integrator,tb_main_opamp,schematic/history_1/simulation/diff_mode_gain/PrimeSimSPICE/parametric/results
1757124061.615641: 1904445-7f82a97fa700: cdpl_server_ipc.c:1268: in _sv_ipc_thread(): debug: received RELAY message
1757124061.615643: 1904445-7f82a97fa700: cdpl_server_ipc.c:713: in _sv_on_relay(): debug: RELAY message from W2, size = 18
1757124061.615644: 1904445-7f82a97fa700: cdpl_server_ipc.c:715: in _sv_on_relay(): debug: RELAY message from W2, content = 5$- - - MEASDOING
1757124062.335089: 1904445-7f82a97fa700: cdpl_server_ipc.c:1268: in _sv_ipc_thread(): debug: received RELAY message
1757124062.335101: 1904445-7f82a97fa700: cdpl_server_ipc.c:713: in _sv_on_relay(): debug: RELAY message from W3, size = 77
1757124062.335104: 1904445-7f82a97fa700: cdpl_server_ipc.c:715: in _sv_on_relay(): debug: RELAY message from W3, content = 3$1921416 claws-compute3.ece.ncsu.edu 1922500 FINISHED 1757124060|1757124062
1757124062.335324: 1904445-7f82a97fa700: cdpl_server_ipc.c:1268: in _sv_ipc_thread(): debug: received RELAY message
1757124062.335329: 1904445-7f82a97fa700: cdpl_server_ipc.c:713: in _sv_on_relay(): debug: RELAY message from W1, size = 77
1757124062.335332: 1904445-7f82a97fa700: cdpl_server_ipc.c:715: in _sv_on_relay(): debug: RELAY message from W1, content = 4$1921417 claws-compute3.ece.ncsu.edu 1922550 FINISHED 1757124060|1757124062
1757124062.335375: 1904445-7f82a97fa700: cdpl_server_ipc.c:1251: in _sv_ipc_thread(): debug: received FINISH message
1757124062.335377: 1904445-7f82a97fa700: cdpl_server_ipc.c:983: in _sv_on_finish(): info: worker W3 completed task T3
1757124062.335382: 1904445-7f82a97fa700: cdpl_server_ipc.c:988: in _sv_on_finish(): debug: stat T3: utime=665 stime=434
1757124062.335384: 1904445-7f82a97fa700: cdpl_server_ipc.c:993: in _sv_on_finish(): debug: statm T3: vsize=3054860 rss=1041936 shared=519260 text=474784 data=710080
1757124062.335398: 1904445-7f8284ff9700: cdpl_server_sched.c:960: in _assign(): info: assigning task T6 to worker W3
1757124062.335564: 1904445-7f82a97fa700: cdpl_server_ipc.c:1251: in _sv_ipc_thread(): debug: received FINISH message
1757124062.335566: 1904445-7f82a97fa700: cdpl_server_ipc.c:983: in _sv_on_finish(): info: worker W1 completed task T4
1757124062.335567: 1904445-7f82a97fa700: cdpl_server_ipc.c:988: in _sv_on_finish(): debug: stat T4: utime=676 stime=416
1757124062.335569: 1904445-7f82a97fa700: cdpl_server_ipc.c:993: in _sv_on_finish(): debug: statm T4: vsize=3054844 rss=1041328 shared=520540 text=474784 data=710064
1757124062.335574: 1904445-7f8284ff9700: cdpl_server_sched.c:960: in _assign(): info: assigning task T7 to worker W1
1757124062.340296: 1904445-7f82a97fa700: cdpl_server_ipc.c:1268: in _sv_ipc_thread(): debug: received RELAY message
1757124062.340301: 1904445-7f82a97fa700: cdpl_server_ipc.c:713: in _sv_on_relay(): debug: RELAY message from W3, size = 53
1757124062.340303: 1904445-7f82a97fa700: cdpl_server_ipc.c:715: in _sv_on_relay(): debug: RELAY message from W3, content = WORKERDU|12988,/dev/mapper/rhel_claws--compute3-home
1757124062.340404: 1904445-7f82a97fa700: cdpl_server_ipc.c:1268: in _sv_ipc_thread(): debug: received RELAY message
1757124062.340406: 1904445-7f82a97fa700: cdpl_server_ipc.c:713: in _sv_on_relay(): debug: RELAY message from W1, size = 53
1757124062.340408: 1904445-7f82a97fa700: cdpl_server_ipc.c:715: in _sv_on_relay(): debug: RELAY message from W1, content = WORKERDU|12988,/dev/mapper/rhel_claws--compute3-home
1757124062.371941: 1904445-7f82ff910540: cdpl_server.c:227: in _sv_free_task_safe(): debug: freeing task T3
1757124062.383538: 1904445-7f82ff910540: cdpl_server.c:227: in _sv_free_task_safe(): debug: freeing task T4
1757124062.392028: 1904445-7f82a97fa700: cdpl_server_ipc.c:1268: in _sv_ipc_thread(): debug: received RELAY message
1757124062.392032: 1904445-7f82a97fa700: cdpl_server_ipc.c:713: in _sv_on_relay(): debug: RELAY message from W2, size = 77
1757124062.392033: 1904445-7f82a97fa700: cdpl_server_ipc.c:715: in _sv_on_relay(): debug: RELAY message from W2, content = 5$1921418 claws-compute3.ece.ncsu.edu 1922554 FINISHED 1757124060|1757124062
1757124062.392162: 1904445-7f82a97fa700: cdpl_server_ipc.c:1251: in _sv_ipc_thread(): debug: received FINISH message
1757124062.392164: 1904445-7f82a97fa700: cdpl_server_ipc.c:983: in _sv_on_finish(): info: worker W2 completed task T5
1757124062.392166: 1904445-7f82a97fa700: cdpl_server_ipc.c:988: in _sv_on_finish(): debug: stat T5: utime=694 stime=389
1757124062.392167: 1904445-7f82a97fa700: cdpl_server_ipc.c:993: in _sv_on_finish(): debug: statm T5: vsize=3054880 rss=1036188 shared=519476 text=474784 data=710100
1757124062.392179: 1904445-7f8284ff9700: cdpl_server_sched.c:960: in _assign(): info: assigning task T8 to worker W2
1757124062.397022: 1904445-7f82a97fa700: cdpl_server_ipc.c:1268: in _sv_ipc_thread(): debug: received RELAY message
1757124062.397027: 1904445-7f82a97fa700: cdpl_server_ipc.c:713: in _sv_on_relay(): debug: RELAY message from W2, size = 53
1757124062.397029: 1904445-7f82a97fa700: cdpl_server_ipc.c:715: in _sv_on_relay(): debug: RELAY message from W2, content = WORKERDU|12988,/dev/mapper/rhel_claws--compute3-home
1757124062.471931: 1904445-7f82ff910540: cdpl_server.c:227: in _sv_free_task_safe(): debug: freeing task T5
1757124062.512891: 1904445-7f82a97fa700: cdpl_server_ipc.c:1268: in _sv_ipc_thread(): debug: received RELAY message
1757124062.512900: 1904445-7f82a97fa700: cdpl_server_ipc.c:713: in _sv_on_relay(): debug: RELAY message from W1, size = 65
1757124062.512902: 1904445-7f82a97fa700: cdpl_server_ipc.c:715: in _sv_on_relay(): debug: RELAY message from W1, content = 7$1921417 claws-compute3.ece.ncsu.edu 1923122 RUNNING 1757124062
1757124062.514327: 1904445-7f82a97fa700: cdpl_server_ipc.c:1268: in _sv_ipc_thread(): debug: received RELAY message
1757124062.514330: 1904445-7f82a97fa700: cdpl_server_ipc.c:713: in _sv_on_relay(): debug: RELAY message from W3, size = 65
1757124062.514331: 1904445-7f82a97fa700: cdpl_server_ipc.c:715: in _sv_on_relay(): debug: RELAY message from W3, content = 6$1921416 claws-compute3.ece.ncsu.edu 1923123 RUNNING 1757124062
1757124062.592509: 1904445-7f82a97fa700: cdpl_server_ipc.c:1268: in _sv_ipc_thread(): debug: received RELAY message
1757124062.592525: 1904445-7f82a97fa700: cdpl_server_ipc.c:713: in _sv_on_relay(): debug: RELAY message from W2, size = 65
1757124062.592527: 1904445-7f82a97fa700: cdpl_server_ipc.c:715: in _sv_on_relay(): debug: RELAY message from W2, content = 8$1921418 claws-compute3.ece.ncsu.edu 1923186 RUNNING 1757124062
1757124063.727353: 1904445-7f82a97fa700: cdpl_server_ipc.c:1268: in _sv_ipc_thread(): debug: received RELAY message
1757124063.727365: 1904445-7f82a97fa700: cdpl_server_ipc.c:713: in _sv_on_relay(): debug: RELAY message from W1, size = 196
1757124063.727368: 1904445-7f82a97fa700: cdpl_server_ipc.c:715: in _sv_on_relay(): debug: RELAY message from W1, content = REQPILOT|saeSession0,1,diff_mode_gain|&/home/argershm/180-voltmeter/Analog/cc/simulation/integrator,tb_main_opamp,schematic/history_1/simulation/diff_mode_gain/PrimeSimSPICE/parametric/results|&7
1757124063.727424: 1904445-7f8286ffd700: cdpl_compat_master.c:5948: in cdplMasterLogInfo(): info: [non-CDPL log entry] PWDP send back 'PILOTOK' back to worker id:1 key: saeSession0,1,diff_mode_gain|&/home/argershm/180-voltmeter/Analog/cc/simulation/integrator,tb_main_opamp,schematic/history_1/simulation/diff_mode_gain/PrimeSimSPICE/parametric/results
1757124063.727668: 1904445-7f82a97fa700: cdpl_server_ipc.c:1268: in _sv_ipc_thread(): debug: received RELAY message
1757124063.727674: 1904445-7f82a97fa700: cdpl_server_ipc.c:713: in _sv_on_relay(): debug: RELAY message from W1, size = 18
1757124063.727676: 1904445-7f82a97fa700: cdpl_server_ipc.c:715: in _sv_on_relay(): debug: RELAY message from W1, content = 7$- - - MEASDOING
1757124063.728755: 1904445-7f82a97fa700: cdpl_server_ipc.c:1268: in _sv_ipc_thread(): debug: received RELAY message
1757124063.728763: 1904445-7f82a97fa700: cdpl_server_ipc.c:713: in _sv_on_relay(): debug: RELAY message from W3, size = 196
1757124063.728765: 1904445-7f82a97fa700: cdpl_server_ipc.c:715: in _sv_on_relay(): debug: RELAY message from W3, content = REQPILOT|saeSession0,1,diff_mode_gain|&/home/argershm/180-voltmeter/Analog/cc/simulation/integrator,tb_main_opamp,schematic/history_1/simulation/diff_mode_gain/PrimeSimSPICE/parametric/results|&6
1757124063.728786: 1904445-7f8286ffd700: cdpl_compat_master.c:5948: in cdplMasterLogInfo(): info: [non-CDPL log entry] PWDP send back 'PILOTOK' back to worker id:3 key: saeSession0,1,diff_mode_gain|&/home/argershm/180-voltmeter/Analog/cc/simulation/integrator,tb_main_opamp,schematic/history_1/simulation/diff_mode_gain/PrimeSimSPICE/parametric/results
1757124063.728896: 1904445-7f82a97fa700: cdpl_server_ipc.c:1268: in _sv_ipc_thread(): debug: received RELAY message
1757124063.728901: 1904445-7f82a97fa700: cdpl_server_ipc.c:713: in _sv_on_relay(): debug: RELAY message from W3, size = 18
1757124063.728904: 1904445-7f82a97fa700: cdpl_server_ipc.c:715: in _sv_on_relay(): debug: RELAY message from W3, content = 6$- - - MEASDOING
1757124063.805018: 1904445-7f82a97fa700: cdpl_server_ipc.c:1268: in _sv_ipc_thread(): debug: received RELAY message
1757124063.805029: 1904445-7f82a97fa700: cdpl_server_ipc.c:713: in _sv_on_relay(): debug: RELAY message from W2, size = 196
1757124063.805031: 1904445-7f82a97fa700: cdpl_server_ipc.c:715: in _sv_on_relay(): debug: RELAY message from W2, content = REQPILOT|saeSession0,1,diff_mode_gain|&/home/argershm/180-voltmeter/Analog/cc/simulation/integrator,tb_main_opamp,schematic/history_1/simulation/diff_mode_gain/PrimeSimSPICE/parametric/results|&8
1757124063.805052: 1904445-7f8286ffd700: cdpl_compat_master.c:5948: in cdplMasterLogInfo(): info: [non-CDPL log entry] PWDP send back 'PILOTOK' back to worker id:2 key: saeSession0,1,diff_mode_gain|&/home/argershm/180-voltmeter/Analog/cc/simulation/integrator,tb_main_opamp,schematic/history_1/simulation/diff_mode_gain/PrimeSimSPICE/parametric/results
1757124063.805163: 1904445-7f82a97fa700: cdpl_server_ipc.c:1268: in _sv_ipc_thread(): debug: received RELAY message
1757124063.805165: 1904445-7f82a97fa700: cdpl_server_ipc.c:713: in _sv_on_relay(): debug: RELAY message from W2, size = 18
1757124063.805166: 1904445-7f82a97fa700: cdpl_server_ipc.c:715: in _sv_on_relay(): debug: RELAY message from W2, content = 8$- - - MEASDOING
1757124064.102843: 1904445-7f82a97fa700: cdpl_server_ipc.c:1268: in _sv_ipc_thread(): debug: received RELAY message
1757124064.102855: 1904445-7f82a97fa700: cdpl_server_ipc.c:713: in _sv_on_relay(): debug: RELAY message from W1, size = 53
1757124064.102858: 1904445-7f82a97fa700: cdpl_server_ipc.c:715: in _sv_on_relay(): debug: RELAY message from W1, content = WORKERDU|12964,/dev/mapper/rhel_claws--compute3-home
1757124064.110611: 1904445-7f82a97fa700: cdpl_server_ipc.c:1268: in _sv_ipc_thread(): debug: received RELAY message
1757124064.110619: 1904445-7f82a97fa700: cdpl_server_ipc.c:713: in _sv_on_relay(): debug: RELAY message from W3, size = 53
1757124064.110621: 1904445-7f82a97fa700: cdpl_server_ipc.c:715: in _sv_on_relay(): debug: RELAY message from W3, content = WORKERDU|12964,/dev/mapper/rhel_claws--compute3-home
1757124064.175963: 1904445-7f82a97fa700: cdpl_server_ipc.c:1268: in _sv_ipc_thread(): debug: received RELAY message
1757124064.175974: 1904445-7f82a97fa700: cdpl_server_ipc.c:713: in _sv_on_relay(): debug: RELAY message from W2, size = 53
1757124064.175976: 1904445-7f82a97fa700: cdpl_server_ipc.c:715: in _sv_on_relay(): debug: RELAY message from W2, content = WORKERDU|12964,/dev/mapper/rhel_claws--compute3-home
1757124064.511669: 1904445-7f82a97fa700: cdpl_server_ipc.c:1268: in _sv_ipc_thread(): debug: received RELAY message
1757124064.511685: 1904445-7f82a97fa700: cdpl_server_ipc.c:713: in _sv_on_relay(): debug: RELAY message from W1, size = 77
1757124064.511687: 1904445-7f82a97fa700: cdpl_server_ipc.c:715: in _sv_on_relay(): debug: RELAY message from W1, content = 7$1921417 claws-compute3.ece.ncsu.edu 1923122 FINISHED 1757124062|1757124064
1757124064.511869: 1904445-7f82a97fa700: cdpl_server_ipc.c:1251: in _sv_ipc_thread(): debug: received FINISH message
1757124064.511874: 1904445-7f82a97fa700: cdpl_server_ipc.c:983: in _sv_on_finish(): info: worker W1 completed task T7
1757124064.511877: 1904445-7f82a97fa700: cdpl_server_ipc.c:988: in _sv_on_finish(): debug: stat T7: utime=676 stime=442
1757124064.511879: 1904445-7f82a97fa700: cdpl_server_ipc.c:993: in _sv_on_finish(): debug: statm T7: vsize=3054844 rss=1041328 shared=520540 text=474784 data=710064
1757124064.511902: 1904445-7f8284ff9700: cdpl_server_sched.c:960: in _assign(): info: assigning task T9 to worker W1
1757124064.515669: 1904445-7f82a97fa700: cdpl_server_ipc.c:1268: in _sv_ipc_thread(): debug: received RELAY message
1757124064.515677: 1904445-7f82a97fa700: cdpl_server_ipc.c:713: in _sv_on_relay(): debug: RELAY message from W3, size = 77
1757124064.515679: 1904445-7f82a97fa700: cdpl_server_ipc.c:715: in _sv_on_relay(): debug: RELAY message from W3, content = 6$1921416 claws-compute3.ece.ncsu.edu 1923123 FINISHED 1757124062|1757124064
1757124064.515904: 1904445-7f82a97fa700: cdpl_server_ipc.c:1251: in _sv_ipc_thread(): debug: received FINISH message
1757124064.515910: 1904445-7f82a97fa700: cdpl_server_ipc.c:983: in _sv_on_finish(): info: worker W3 completed task T6
1757124064.515912: 1904445-7f82a97fa700: cdpl_server_ipc.c:988: in _sv_on_finish(): debug: stat T6: utime=689 stime=439
1757124064.515914: 1904445-7f82a97fa700: cdpl_server_ipc.c:993: in _sv_on_finish(): debug: statm T6: vsize=3054860 rss=1041936 shared=519260 text=474784 data=710080
1757124064.515930: 1904445-7f8284ff9700: cdpl_server_sched.c:960: in _assign(): info: assigning task T10 to worker W3
1757124064.516856: 1904445-7f82a97fa700: cdpl_server_ipc.c:1268: in _sv_ipc_thread(): debug: received RELAY message
1757124064.516863: 1904445-7f82a97fa700: cdpl_server_ipc.c:713: in _sv_on_relay(): debug: RELAY message from W1, size = 50
1757124064.516866: 1904445-7f82a97fa700: cdpl_server_ipc.c:715: in _sv_on_relay(): debug: RELAY message from W1, content = WORKERDU|24,/dev/mapper/rhel_claws--compute3-home
1757124064.520502: 1904445-7f82a97fa700: cdpl_server_ipc.c:1268: in _sv_ipc_thread(): debug: received RELAY message
1757124064.520510: 1904445-7f82a97fa700: cdpl_server_ipc.c:713: in _sv_on_relay(): debug: RELAY message from W3, size = 50
1757124064.520512: 1904445-7f82a97fa700: cdpl_server_ipc.c:715: in _sv_on_relay(): debug: RELAY message from W3, content = WORKERDU|24,/dev/mapper/rhel_claws--compute3-home
1757124064.571012: 1904445-7f82ff910540: cdpl_server.c:227: in _sv_free_task_safe(): debug: freeing task T7
1757124064.581007: 1904445-7f82a97fa700: cdpl_server_ipc.c:1268: in _sv_ipc_thread(): debug: received RELAY message
1757124064.581016: 1904445-7f82a97fa700: cdpl_server_ipc.c:713: in _sv_on_relay(): debug: RELAY message from W2, size = 77
1757124064.581019: 1904445-7f82a97fa700: cdpl_server_ipc.c:715: in _sv_on_relay(): debug: RELAY message from W2, content = 8$1921418 claws-compute3.ece.ncsu.edu 1923186 FINISHED 1757124062|1757124064
1757124064.581237: 1904445-7f82a97fa700: cdpl_server_ipc.c:1251: in _sv_ipc_thread(): debug: received FINISH message
1757124064.581242: 1904445-7f82a97fa700: cdpl_server_ipc.c:983: in _sv_on_finish(): info: worker W2 completed task T8
1757124064.581244: 1904445-7f82a97fa700: cdpl_server_ipc.c:988: in _sv_on_finish(): debug: stat T8: utime=709 stime=416
1757124064.581246: 1904445-7f82a97fa700: cdpl_server_ipc.c:993: in _sv_on_finish(): debug: statm T8: vsize=3054880 rss=1036188 shared=519476 text=474784 data=710100
1757124064.581264: 1904445-7f8284ff9700: cdpl_server_sched.c:960: in _assign(): info: assigning task T11 to worker W2
1757124064.582379: 1904445-7f82ff910540: cdpl_server.c:227: in _sv_free_task_safe(): debug: freeing task T6
1757124064.586092: 1904445-7f82a97fa700: cdpl_server_ipc.c:1268: in _sv_ipc_thread(): debug: received RELAY message
1757124064.586101: 1904445-7f82a97fa700: cdpl_server_ipc.c:713: in _sv_on_relay(): debug: RELAY message from W2, size = 50
1757124064.586103: 1904445-7f82a97fa700: cdpl_server_ipc.c:715: in _sv_on_relay(): debug: RELAY message from W2, content = WORKERDU|24,/dev/mapper/rhel_claws--compute3-home
1757124064.671719: 1904445-7f82ff910540: cdpl_server.c:227: in _sv_free_task_safe(): debug: freeing task T8
1757124064.693496: 1904445-7f82a97fa700: cdpl_server_ipc.c:1268: in _sv_ipc_thread(): debug: received RELAY message
1757124064.693505: 1904445-7f82a97fa700: cdpl_server_ipc.c:713: in _sv_on_relay(): debug: RELAY message from W1, size = 65
1757124064.693508: 1904445-7f82a97fa700: cdpl_server_ipc.c:715: in _sv_on_relay(): debug: RELAY message from W1, content = 9$1921417 claws-compute3.ece.ncsu.edu 1923780 RUNNING 1757124064
1757124064.704412: 1904445-7f82a97fa700: cdpl_server_ipc.c:1268: in _sv_ipc_thread(): debug: received RELAY message
1757124064.704420: 1904445-7f82a97fa700: cdpl_server_ipc.c:713: in _sv_on_relay(): debug: RELAY message from W3, size = 66
1757124064.704422: 1904445-7f82a97fa700: cdpl_server_ipc.c:715: in _sv_on_relay(): debug: RELAY message from W3, content = 10$1921416 claws-compute3.ece.ncsu.edu 1923782 RUNNING 1757124064
1757124064.792823: 1904445-7f82a97fa700: cdpl_server_ipc.c:1268: in _sv_ipc_thread(): debug: received RELAY message
1757124064.792835: 1904445-7f82a97fa700: cdpl_server_ipc.c:713: in _sv_on_relay(): debug: RELAY message from W2, size = 66
1757124064.792837: 1904445-7f82a97fa700: cdpl_server_ipc.c:715: in _sv_on_relay(): debug: RELAY message from W2, content = 11$1921418 claws-compute3.ece.ncsu.edu 1923845 RUNNING 1757124064
1757124065.906573: 1904445-7f82a97fa700: cdpl_server_ipc.c:1268: in _sv_ipc_thread(): debug: received RELAY message
1757124065.906586: 1904445-7f82a97fa700: cdpl_server_ipc.c:713: in _sv_on_relay(): debug: RELAY message from W1, size = 196
1757124065.906591: 1904445-7f82a97fa700: cdpl_server_ipc.c:715: in _sv_on_relay(): debug: RELAY message from W1, content = REQPILOT|saeSession0,1,diff_mode_gain|&/home/argershm/180-voltmeter/Analog/cc/simulation/integrator,tb_main_opamp,schematic/history_1/simulation/diff_mode_gain/PrimeSimSPICE/parametric/results|&9
1757124065.906618: 1904445-7f8286ffd700: cdpl_compat_master.c:5948: in cdplMasterLogInfo(): info: [non-CDPL log entry] PWDP send back 'PILOTOK' back to worker id:1 key: saeSession0,1,diff_mode_gain|&/home/argershm/180-voltmeter/Analog/cc/simulation/integrator,tb_main_opamp,schematic/history_1/simulation/diff_mode_gain/PrimeSimSPICE/parametric/results
1757124065.906742: 1904445-7f82a97fa700: cdpl_server_ipc.c:1268: in _sv_ipc_thread(): debug: received RELAY message
1757124065.906747: 1904445-7f82a97fa700: cdpl_server_ipc.c:713: in _sv_on_relay(): debug: RELAY message from W1, size = 18
1757124065.906750: 1904445-7f82a97fa700: cdpl_server_ipc.c:715: in _sv_on_relay(): debug: RELAY message from W1, content = 9$- - - MEASDOING
1757124065.915894: 1904445-7f82a97fa700: cdpl_server_ipc.c:1268: in _sv_ipc_thread(): debug: received RELAY message
1757124065.915902: 1904445-7f82a97fa700: cdpl_server_ipc.c:713: in _sv_on_relay(): debug: RELAY message from W3, size = 197
1757124065.915904: 1904445-7f82a97fa700: cdpl_server_ipc.c:715: in _sv_on_relay(): debug: RELAY message from W3, content = REQPILOT|saeSession0,1,diff_mode_gain|&/home/argershm/180-voltmeter/Analog/cc/simulation/integrator,tb_main_opamp,schematic/history_1/simulation/diff_mode_gain/PrimeSimSPICE/parametric/results|&10
1757124065.915924: 1904445-7f8286ffd700: cdpl_compat_master.c:5948: in cdplMasterLogInfo(): info: [non-CDPL log entry] PWDP send back 'PILOTOK' back to worker id:3 key: saeSession0,1,diff_mode_gain|&/home/argershm/180-voltmeter/Analog/cc/simulation/integrator,tb_main_opamp,schematic/history_1/simulation/diff_mode_gain/PrimeSimSPICE/parametric/results
1757124065.916044: 1904445-7f82a97fa700: cdpl_server_ipc.c:1268: in _sv_ipc_thread(): debug: received RELAY message
1757124065.916051: 1904445-7f82a97fa700: cdpl_server_ipc.c:713: in _sv_on_relay(): debug: RELAY message from W3, size = 19
1757124065.916054: 1904445-7f82a97fa700: cdpl_server_ipc.c:715: in _sv_on_relay(): debug: RELAY message from W3, content = 10$- - - MEASDOING
1757124066.004554: 1904445-7f82a97fa700: cdpl_server_ipc.c:1268: in _sv_ipc_thread(): debug: received RELAY message
1757124066.004563: 1904445-7f82a97fa700: cdpl_server_ipc.c:713: in _sv_on_relay(): debug: RELAY message from W2, size = 197
1757124066.004566: 1904445-7f82a97fa700: cdpl_server_ipc.c:715: in _sv_on_relay(): debug: RELAY message from W2, content = REQPILOT|saeSession0,1,diff_mode_gain|&/home/argershm/180-voltmeter/Analog/cc/simulation/integrator,tb_main_opamp,schematic/history_1/simulation/diff_mode_gain/PrimeSimSPICE/parametric/results|&11
1757124066.004587: 1904445-7f8286ffd700: cdpl_compat_master.c:5948: in cdplMasterLogInfo(): info: [non-CDPL log entry] PWDP send back 'PILOTOK' back to worker id:2 key: saeSession0,1,diff_mode_gain|&/home/argershm/180-voltmeter/Analog/cc/simulation/integrator,tb_main_opamp,schematic/history_1/simulation/diff_mode_gain/PrimeSimSPICE/parametric/results
1757124066.004742: 1904445-7f82a97fa700: cdpl_server_ipc.c:1268: in _sv_ipc_thread(): debug: received RELAY message
1757124066.004748: 1904445-7f82a97fa700: cdpl_server_ipc.c:713: in _sv_on_relay(): debug: RELAY message from W2, size = 19
1757124066.004750: 1904445-7f82a97fa700: cdpl_server_ipc.c:715: in _sv_on_relay(): debug: RELAY message from W2, content = 11$- - - MEASDOING
1757124066.705666: 1904445-7f82a97fa700: cdpl_server_ipc.c:1268: in _sv_ipc_thread(): debug: received RELAY message
1757124066.705681: 1904445-7f82a97fa700: cdpl_server_ipc.c:713: in _sv_on_relay(): debug: RELAY message from W3, size = 78
1757124066.705684: 1904445-7f82a97fa700: cdpl_server_ipc.c:715: in _sv_on_relay(): debug: RELAY message from W3, content = 10$1921416 claws-compute3.ece.ncsu.edu 1923782 FINISHED 1757124064|1757124066
1757124066.705810: 1904445-7f82a97fa700: cdpl_server_ipc.c:1251: in _sv_ipc_thread(): debug: received FINISH message
1757124066.705815: 1904445-7f82a97fa700: cdpl_server_ipc.c:983: in _sv_on_finish(): info: worker W3 completed task T10
1757124066.705817: 1904445-7f82a97fa700: cdpl_server_ipc.c:988: in _sv_on_finish(): debug: stat T10: utime=644 stime=451
1757124066.705819: 1904445-7f82a97fa700: cdpl_server_ipc.c:993: in _sv_on_finish(): debug: statm T10: vsize=3054860 rss=1041940 shared=519260 text=474784 data=710080
1757124066.706268: 1904445-7f82a97fa700: cdpl_server_ipc.c:1268: in _sv_ipc_thread(): debug: received RELAY message
1757124066.706279: 1904445-7f82a97fa700: cdpl_server_ipc.c:713: in _sv_on_relay(): debug: RELAY message from W1, size = 77
1757124066.706282: 1904445-7f82a97fa700: cdpl_server_ipc.c:715: in _sv_on_relay(): debug: RELAY message from W1, content = 9$1921417 claws-compute3.ece.ncsu.edu 1923780 FINISHED 1757124064|1757124066
1757124066.706461: 1904445-7f82a97fa700: cdpl_server_ipc.c:1251: in _sv_ipc_thread(): debug: received FINISH message
1757124066.706466: 1904445-7f82a97fa700: cdpl_server_ipc.c:983: in _sv_on_finish(): info: worker W1 completed task T9
1757124066.706468: 1904445-7f82a97fa700: cdpl_server_ipc.c:988: in _sv_on_finish(): debug: stat T9: utime=664 stime=440
1757124066.706470: 1904445-7f82a97fa700: cdpl_server_ipc.c:993: in _sv_on_finish(): debug: statm T9: vsize=3054844 rss=1041332 shared=520540 text=474784 data=710064
1757124066.710961: 1904445-7f82a97fa700: cdpl_server_ipc.c:1268: in _sv_ipc_thread(): debug: received RELAY message
1757124066.710969: 1904445-7f82a97fa700: cdpl_server_ipc.c:713: in _sv_on_relay(): debug: RELAY message from W3, size = 53
1757124066.710971: 1904445-7f82a97fa700: cdpl_server_ipc.c:715: in _sv_on_relay(): debug: RELAY message from W3, content = WORKERDU|12988,/dev/mapper/rhel_claws--compute3-home
1757124066.711692: 1904445-7f82a97fa700: cdpl_server_ipc.c:1268: in _sv_ipc_thread(): debug: received RELAY message
1757124066.711697: 1904445-7f82a97fa700: cdpl_server_ipc.c:713: in _sv_on_relay(): debug: RELAY message from W1, size = 53
1757124066.711699: 1904445-7f82a97fa700: cdpl_server_ipc.c:715: in _sv_on_relay(): debug: RELAY message from W1, content = WORKERDU|12988,/dev/mapper/rhel_claws--compute3-home
1757124066.771873: 1904445-7f82ff910540: cdpl_server.c:227: in _sv_free_task_safe(): debug: freeing task T10
1757124066.781180: 1904445-7f82a97fa700: cdpl_server_ipc.c:1268: in _sv_ipc_thread(): debug: received RELAY message
1757124066.781188: 1904445-7f82a97fa700: cdpl_server_ipc.c:713: in _sv_on_relay(): debug: RELAY message from W2, size = 78
1757124066.781191: 1904445-7f82a97fa700: cdpl_server_ipc.c:715: in _sv_on_relay(): debug: RELAY message from W2, content = 11$1921418 claws-compute3.ece.ncsu.edu 1923845 FINISHED 1757124064|1757124066
1757124066.781321: 1904445-7f82a97fa700: cdpl_server_ipc.c:1251: in _sv_ipc_thread(): debug: received FINISH message
1757124066.781324: 1904445-7f82a97fa700: cdpl_server_ipc.c:983: in _sv_on_finish(): info: worker W2 completed task T11
1757124066.781327: 1904445-7f82a97fa700: cdpl_server_ipc.c:988: in _sv_on_finish(): debug: stat T11: utime=684 stime=424
1757124066.781329: 1904445-7f82a97fa700: cdpl_server_ipc.c:993: in _sv_on_finish(): debug: statm T11: vsize=3054880 rss=1036192 shared=519476 text=474784 data=710100
1757124066.783096: 1904445-7f82ff910540: cdpl_server.c:227: in _sv_free_task_safe(): debug: freeing task T9
1757124066.786141: 1904445-7f82a97fa700: cdpl_server_ipc.c:1268: in _sv_ipc_thread(): debug: received RELAY message
1757124066.786150: 1904445-7f82a97fa700: cdpl_server_ipc.c:713: in _sv_on_relay(): debug: RELAY message from W2, size = 53
1757124066.786153: 1904445-7f82a97fa700: cdpl_server_ipc.c:715: in _sv_on_relay(): debug: RELAY message from W2, content = WORKERDU|12988,/dev/mapper/rhel_claws--compute3-home
1757124066.871987: 1904445-7f82ff910540: cdpl_server.c:227: in _sv_free_task_safe(): debug: freeing task T11
1757124086.775536: 1904445-7f8287fff700: cdpl_ipc.c:775: in _readv(): warning: read(): EOF
1757124086.775580: 1904445-7f82a9ffb700: cdpl_ipc.c:775: in _readv(): warning: read(): EOF
1757124086.775602: 1904445-7f8287fff700: cdpl_ipc.c:2100: in _epoll_recv(): debug: _readv(): Broken pipe
1757124086.775607: 1904445-7f82a9ffb700: cdpl_ipc.c:2100: in _epoll_recv(): debug: _readv(): Broken pipe
1757124086.775612: 1904445-7f82a9ffb700: cdpl_ipc.c:2424: in _epoll_main(): debug: _epoll_recv(): Broken pipe
1757124086.775614: 1904445-7f8287fff700: cdpl_ipc.c:2424: in _epoll_main(): debug: _epoll_recv(): Broken pipe
1757124086.775620: 1904445-7f82a9ffb700: cdpl_ipc.c:1657: in _host_drop__UNSAFE(): debug: dropping host `152.14.98.53:56314'
1757124086.775627: 1904445-7f8287fff700: cdpl_ipc.c:1657: in _host_drop__UNSAFE(): debug: dropping host `152.14.98.53:35293'
1757124086.775700: 1904445-7f8287fff700: cdpl_ipc.c:775: in _readv(): warning: read(): EOF
1757124086.775702: 1904445-7f8287fff700: cdpl_ipc.c:2100: in _epoll_recv(): debug: _readv(): Broken pipe
1757124086.775704: 1904445-7f8287fff700: cdpl_ipc.c:2424: in _epoll_main(): debug: _epoll_recv(): Broken pipe
1757124086.775705: 1904445-7f8287fff700: cdpl_ipc.c:1657: in _host_drop__UNSAFE(): debug: dropping host `152.14.98.53:39323'
1757124086.775718: 1904445-7f82a9ffb700: cdpl_ipc.c:775: in _readv(): warning: read(): EOF
1757124086.775721: 1904445-7f82a9ffb700: cdpl_ipc.c:2100: in _epoll_recv(): debug: _readv(): Broken pipe
1757124086.775723: 1904445-7f82a9ffb700: cdpl_ipc.c:2424: in _epoll_main(): debug: _epoll_recv(): Broken pipe
1757124086.775724: 1904445-7f82a9ffb700: cdpl_ipc.c:1657: in _host_drop__UNSAFE(): debug: dropping host `152.14.98.53:56336'
1757124086.775831: 1904445-7f82a97fa700: cdpl_server_ipc.c:1236: in _sv_ipc_thread(): debug: received DROP notification
1757124086.775840: 1904445-7f82a97fa700: cdpl_server_sched.c:2796: in _sv_record_crashed_worker(): debug: dropping worker W1
1757124086.775844: 1904445-7f82a97fa700: cdpl_server_ipc.c:188: in _sv_on_drop_worker(): debug: down to 2 live workers in B1
1757124086.775846: 1904445-7f82877fe700: cdpl_monitor.c:290: in mn_listen(): debug: received DROP message
1757124086.775858: 1904445-7f8284ff9700: cdpl_server_sched.c:750: in _empty_trash(): debug: freeing worker W1 while emptying trash list for bin B1
1757124086.775866: 1904445-7f8284ff9700: cdpl_farm.c:4152: in cdpl_farm_dismiss(): debug: down to 2 running processes
1757124086.775870: 1904445-7f8284ff9700: cdpl_server_sched.c:121: in _free_worker_2(): debug: freeing worker W1
1757124086.775872: 1904445-7f82877fe700: cdpl_ipc.c:2513: in cdpl_ipc_host_release(): debug: releasing host `152.14.98.53:35293'
1757124086.775878: 1904445-7f82877fe700: cdpl_monitor.c:290: in mn_listen(): debug: received DROP message
1757124086.775883: 1904445-7f82877fe700: cdpl_ipc.c:2513: in cdpl_ipc_host_release(): debug: releasing host `152.14.98.53:39323'
1757124086.775885: 1904445-7f8284ff9700: cdpl_ipc.c:2513: in cdpl_ipc_host_release(): debug: releasing host `152.14.98.53:56314'
1757124086.775888: 1904445-7f8284ff9700: cdpl_ipc.c:2529: in cdpl_ipc_host_release(): debug: scheduling for immediate release
1757124086.775891: 1904445-7f82a97fa700: cdpl_server_ipc.c:1236: in _sv_ipc_thread(): debug: received DROP notification
1757124086.775893: 1904445-7f82a97fa700: cdpl_server_sched.c:2796: in _sv_record_crashed_worker(): debug: dropping worker W3
1757124086.775895: 1904445-7f82a97fa700: cdpl_server_ipc.c:188: in _sv_on_drop_worker(): debug: down to 1 live workers in B1
1757124086.775899: 1904445-7f8284ff9700: cdpl_server_sched.c:750: in _empty_trash(): debug: freeing worker W3 while emptying trash list for bin B1
1757124086.775901: 1904445-7f8284ff9700: cdpl_farm.c:4152: in cdpl_farm_dismiss(): debug: down to 1 running processes
1757124086.775903: 1904445-7f8284ff9700: cdpl_server_sched.c:121: in _free_worker_2(): debug: freeing worker W3
1757124086.775904: 1904445-7f8284ff9700: cdpl_ipc.c:2513: in cdpl_ipc_host_release(): debug: releasing host `152.14.98.53:56336'
1757124086.775906: 1904445-7f8284ff9700: cdpl_ipc.c:2529: in cdpl_ipc_host_release(): debug: scheduling for immediate release
1757124086.871882: 1904445-7f8287fff700: cdpl_ipc.c:775: in _readv(): warning: read(): EOF
1757124086.871913: 1904445-7f8287fff700: cdpl_ipc.c:2100: in _epoll_recv(): debug: _readv(): Broken pipe
1757124086.871916: 1904445-7f8287fff700: cdpl_ipc.c:2424: in _epoll_main(): debug: _epoll_recv(): Broken pipe
1757124086.871921: 1904445-7f8287fff700: cdpl_ipc.c:1657: in _host_drop__UNSAFE(): debug: dropping host `152.14.98.53:33031'
1757124086.871978: 1904445-7f8287fff700: cdpl_ipc.c:1582: in _host_free__UNSAFE(): debug: freeing host `152.14.98.53:39323'
1757124086.871981: 1904445-7f8287fff700: cdpl_ipc.c:1621: in _host_free__UNSAFE(): debug: [0 outq, 0 spR, 0 spW]
1757124086.871983: 1904445-7f8287fff700: cdpl_ipc.c:1582: in _host_free__UNSAFE(): debug: freeing host `152.14.98.53:35293'
1757124086.871985: 1904445-7f8287fff700: cdpl_ipc.c:1621: in _host_free__UNSAFE(): debug: [0 outq, 0 spR, 0 spW]
1757124086.872244: 1904445-7f82a9ffb700: cdpl_ipc.c:775: in _readv(): warning: read(): EOF
1757124086.872255: 1904445-7f82a9ffb700: cdpl_ipc.c:2100: in _epoll_recv(): debug: _readv(): Broken pipe
1757124086.872257: 1904445-7f82877fe700: cdpl_monitor.c:290: in mn_listen(): debug: received DROP message
1757124086.872270: 1904445-7f82a9ffb700: cdpl_ipc.c:2424: in _epoll_main(): debug: _epoll_recv(): Broken pipe
1757124086.872275: 1904445-7f82a9ffb700: cdpl_ipc.c:1657: in _host_drop__UNSAFE(): debug: dropping host `152.14.98.53:56328'
1757124086.872277: 1904445-7f82877fe700: cdpl_ipc.c:2513: in cdpl_ipc_host_release(): debug: releasing host `152.14.98.53:33031'
1757124086.872308: 1904445-7f82a9ffb700: cdpl_ipc.c:1582: in _host_free__UNSAFE(): debug: freeing host `152.14.98.53:56336'
1757124086.872311: 1904445-7f82a9ffb700: cdpl_ipc.c:1621: in _host_free__UNSAFE(): debug: [0 outq, 0 spR, 0 spW]
1757124086.872313: 1904445-7f82a9ffb700: cdpl_ipc.c:1582: in _host_free__UNSAFE(): debug: freeing host `152.14.98.53:56314'
1757124086.872315: 1904445-7f82a9ffb700: cdpl_ipc.c:1621: in _host_free__UNSAFE(): debug: [0 outq, 0 spR, 0 spW]
1757124086.872321: 1904445-7f82a97fa700: cdpl_server_ipc.c:1236: in _sv_ipc_thread(): debug: received DROP notification
1757124086.872327: 1904445-7f82a97fa700: cdpl_server_sched.c:2796: in _sv_record_crashed_worker(): debug: dropping worker W2
1757124086.872329: 1904445-7f82a97fa700: cdpl_server_ipc.c:188: in _sv_on_drop_worker(): debug: down to 0 live workers in B1
1757124086.872345: 1904445-7f8284ff9700: cdpl_server_sched.c:750: in _empty_trash(): debug: freeing worker W2 while emptying trash list for bin B1
1757124086.872350: 1904445-7f8284ff9700: cdpl_farm.c:4152: in cdpl_farm_dismiss(): debug: down to 0 running processes
1757124086.872352: 1904445-7f8284ff9700: cdpl_server_sched.c:121: in _free_worker_2(): debug: freeing worker W2
1757124086.872354: 1904445-7f8284ff9700: cdpl_ipc.c:2513: in cdpl_ipc_host_release(): debug: releasing host `152.14.98.53:56328'
1757124086.872356: 1904445-7f8284ff9700: cdpl_ipc.c:2529: in cdpl_ipc_host_release(): debug: scheduling for immediate release
1757124089.200171: 1904445-7f82a9ffb700: cdpl_ipc.c:1582: in _host_free__UNSAFE(): debug: freeing host `152.14.98.53:56328'
1757124089.200197: 1904445-7f82a9ffb700: cdpl_ipc.c:1621: in _host_free__UNSAFE(): debug: [0 outq, 0 spR, 0 spW]
1757124089.200200: 1904445-7f8287fff700: cdpl_ipc.c:1582: in _host_free__UNSAFE(): debug: freeing host `152.14.98.53:33031'
1757124089.200214: 1904445-7f8287fff700: cdpl_ipc.c:1621: in _host_free__UNSAFE(): debug: [0 outq, 0 spR, 0 spW]
1757124110.313528: 1904445-7f825ffff700: cdpl_farm.c:2173: in _schedule(): debug: idle
1757124127.212162: 1904445-7f8286ffd700: cdpl_compat_master.c:5971: in cdplMasterLogWarning(): warning: [non-CDPL log entry] PWDP: master does not receive message over 60 seconds!
1757124170.313677: 1904445-7f825ffff700: cdpl_farm.c:2173: in _schedule(): debug: idle
1757124170.430840: 1904445-7f8286ffd700: cdpl_compat_master.c:5948: in cdplMasterLogInfo(): info: [non-CDPL log entry] PWDP: message receiver is alive.
1757124171.791239: 1904445-7f8285ffb700: cdpl_compat_master.c:5948: in cdplMasterLogInfo(): info: [non-CDPL log entry] PWDP: master status watchdog is alive.
1757124187.738671: 1904445-7f8286ffd700: cdpl_compat_master.c:5971: in cdplMasterLogWarning(): warning: [non-CDPL log entry] PWDP: master does not receive message over 60 seconds!
1757124230.313839: 1904445-7f825ffff700: cdpl_farm.c:2173: in _schedule(): debug: idle
1757124240.796809: 1904445-7f82ff910540: cdpl_server.c:3008: in cdpl_sv_halt_job_errno(): info: killing job J1
1757124240.796851: 1904445-7f82ff910540: cdpl_server.c:3044: in cdpl_sv_halt_job_errno(): debug: signal bin B1 scheduler to stop
1757124240.796877: 1904445-7f8284ff9700: cdpl_server_sched.c:2484: in _sv_scheduler_thread(): debug: scheduler for bin B1 stopped
1757124240.796890: 1904445-7f82ff910540: cdpl_server.c:294: in _sv_free_job(): info: freeing job J1
1757124240.796892: 1904445-7f82ff910540: cdpl_server.c:92: in _sv_free_bin(): debug: freeing bin B1
1757124240.796900: 1904445-7f82ff910540: cdpl_monitor.c:515: in cdpl_mn_kill(): info: killing monitor
1757124240.796903: 1904445-7f82ff910540: cdpl_ipc.c:3677: in cdpl_ipc_kill(): debug: stopping event server
1757124240.796946: 1904445-7f82a9ffb700: cdpl_ipc.c:775: in _readv(): warning: read(): EOF
1757124240.796962: 1904445-7f8287fff700: cdpl_ipc.c:2460: in _epoll_main(): debug: server going down...
1757124240.797001: 1904445-7f82a9ffb700: cdpl_ipc.c:2100: in _epoll_recv(): debug: _readv(): Broken pipe
1757124240.797006: 1904445-7f82a9ffb700: cdpl_ipc.c:2424: in _epoll_main(): debug: _epoll_recv(): Broken pipe
1757124240.797011: 1904445-7f82a9ffb700: cdpl_ipc.c:1657: in _host_drop__UNSAFE(): debug: dropping host `152.14.98.53:56310'
1757124240.797041: 1904445-7f82a97fa700: cdpl_server_ipc.c:1236: in _sv_ipc_thread(): debug: received DROP notification
1757124240.797045: 1904445-7f82a97fa700: cdpl_monitor.c:1269: in cdpl_mn_drop(): debug: detaching from monitor `152.14.98.53:56310'
1757124240.797048: 1904445-7f82a97fa700: cdpl_monitor.c:1101: in mn_systat_stop(): debug: joining systat thread
1757124240.797075: 1904445-7f82867fc700: cdpl_monitor.c:1079: in mn_systat(): debug: exiting
1757124240.797084: 1904445-7f82a97fa700: cdpl_monitor.c:1103: in mn_systat_stop(): debug: systat thread done
1757124240.797086: 1904445-7f82a97fa700: cdpl_ipc.c:2513: in cdpl_ipc_host_release(): debug: releasing host `152.14.98.53:56310'
1757124240.797311: 1904445-7f82a8ff9700: cdpl_ipc.c:3728: in cdpl_ipc_free(): debug: releasing IPC handle
1757124240.797324: 1904445-7f82a8ff9700: cdpl_ipc.c:1582: in _host_free__UNSAFE(): debug: freeing host `152.14.98.53:37153'
1757124240.797326: 1904445-7f82a8ff9700: cdpl_ipc.c:1621: in _host_free__UNSAFE(): debug: [0 outq, 0 spR, 0 spW]
1757124240.797346: 1904445-7f82a8ff9700: cdpl_ipc.c:3756: in cdpl_ipc_free(): warning: 1 host(s) were not released
1757124240.797355: 1904445-7f82a8ff9700: cdpl_ipc.c:3767: in cdpl_ipc_free(): debug: done
1757124240.797357: 1904445-7f82a8ff9700: cdpl_monitor.c:1390: in cdpl_mn_free(): debug: freeing monitor client
1757124240.797461: 1904445-7f82ff910540: cdpl_farm.c:2740: in cdpl_farm_free(): info: freeing farm
1757124240.797473: 1904445-7f825ffff700: cdpl_farm.c:2231: in _schedule(): debug: end of idling
1757124240.797477: 1904445-7f825ffff700: cdpl_farm.c:2235: in _schedule(): debug: dying
1757124240.797565: 1904445-7f82ff910540: cdpl_farm.c:913: in _killall(): debug: killing all remaining commands
1757124240.797570: 1904445-7f82ff910540: cdpl_server.c:3144: in cdpl_sv_free(): info: freeing server S1871998788
1757124240.797572: 1904445-7f82ff910540: cdpl_server.c:3109: in cdpl_sv_kill_errno(): info: killing server
1757124240.797574: 1904445-7f82ff910540: cdpl_ipc.c:3677: in cdpl_ipc_kill(): debug: stopping event server
1757124240.797583: 1904445-7f82a97fa700: cdpl_server_ipc.c:1200: in _sv_ipc_thread(): debug: leaving now
1757124240.797589: 1904445-7f82ff910540: cdpl_server.c:334: in _sv_free_master(): info: freeing master M1
1757124240.797591: 1904445-7f82a9ffb700: cdpl_ipc.c:2460: in _epoll_main(): debug: server going down...
1757124240.797604: 1904445-7f82ff910540: cdpl_hash.c:68: in cdpl_h_destroy(): debug: put operations: 3
1757124240.797606: 1904445-7f82ff910540: cdpl_hash.c:69: in cdpl_h_destroy(): debug: put collisions: 0
1757124240.797608: 1904445-7f82ff910540: cdpl_hash.c:70: in cdpl_h_destroy(): debug: get operations: 12
1757124240.797610: 1904445-7f82ff910540: cdpl_hash.c:71: in cdpl_h_destroy(): debug: get iterations: 12
1757124240.797614: 1904445-7f82ff910540: cdpl_monitor.c:1390: in cdpl_mn_free(): debug: freeing monitor server
1757124240.797618: 1904445-7f82ff910540: cdpl_ipc.c:3728: in cdpl_ipc_free(): debug: releasing IPC handle
1757124240.797620: 1904445-7f82ff910540: cdpl_ipc.c:1582: in _host_free__UNSAFE(): debug: freeing host `152.14.98.53:56310'
1757124240.797623: 1904445-7f82ff910540: cdpl_ipc.c:1621: in _host_free__UNSAFE(): debug: [0 outq, 0 spR, 0 spW]
1757124240.797636: 1904445-7f82ff910540: cdpl_ipc.c:3767: in cdpl_ipc_free(): debug: done
1757124240.797639: 1904445-7f82ff910540: cdpl_log.c:481: in cdpl_log_close(): info: @@end_of_log@@
