1756316084.136930: 251025-7f42f8a2e540: cdpl_log.c:337: in cdpl_log_open(): info: @@start_of_log@@
1756316084.136939: 251025-7f42f8a2e540: cdpl_log.c:1058: in cdpl_log_dump_sysinfo(): info: time: 2025/08/27 13:34:44 EDT -0400
1756316084.136941: 251025-7f42f8a2e540: cdpl_log.c:1060: in cdpl_log_dump_sysinfo(): info: version: W-2024.09-SP1-2 
1756316084.136943: 251025-7f42f8a2e540: cdpl_log.c:1062: in cdpl_log_dump_sysinfo(): info: system: Linux 4.18.0-553.69.1.el8_10.x86_64 #1 SMP Thu Aug 7 18:10:00 EDT 2025
1756316084.136944: 251025-7f42f8a2e540: cdpl_log.c:1067: in cdpl_log_dump_sysinfo(): info: processor: x86_64 64-bits
1756316084.136946: 251025-7f42f8a2e540: cdpl_log.c:1071: in cdpl_log_dump_sysinfo(): info: hostname: claws-compute3.ece.ncsu.edu
1756316084.136947: 251025-7f42f8a2e540: cdpl_log.c:1073: in cdpl_log_dump_sysinfo(): info: program name: custom_shell
1756316084.136949: 251025-7f42f8a2e540: cdpl_log.c:340: in cdpl_log_open(): debug: path: /home/argershm/180-voltmeter/Analog/cc/synopsys_custom/pwdp_jobs/saeSession0_diffmodegain.SimulationSimulation_cdpl.1.251025/logs/master.claws-compute3.ece.ncsu.edu.251025.log
1756316084.136954: 251025-7f42f8a2e540: cdpl_log.c:341: in cdpl_log_open(): debug: dir: /home/argershm/180-voltmeter/Analog/cc/synopsys_custom/pwdp_jobs/saeSession0_diffmodegain.SimulationSimulation_cdpl.1.251025/logs
1756316084.136960: 251025-7f42f8a2e540: cdpl_server.c:536: in cdpl_sv_init(): info: new server S786956258
1756316084.136963: 251025-7f42f8a2e540: cdpl_ipc.c:3475: in cdpl_ipc_init(): info: requesting IPv4 protocol
1756316084.140514: 251025-7f42f8a2e540: cdpl_ipc.c:837: in _selectaddrfamily(): info: selected IPv4 protocol
1756316084.140529: 251025-7f42f8a2e540: cdpl_ipc.c:1139: in _set_keepalive(): info: TCP keep alive interval: 300
1756316084.143550: 251025-7f42f8a2e540: cdpl_monitor.c:1117: in cdpl_mn_new_server(): info: creating server monitor instance
1756316084.143556: 251025-7f42f8a2e540: cdpl_server.c:650: in cdpl_sv_new_master(): info: new master M1
1756316084.143560: 251025-7f42f8a2e540: cdpl_server.c:6533: in cdpl_sv_ctl_master(): info: Setting worker heartbeat to 120 seconds
1756316084.143562: 251025-7f42f8a2e540: cdpl_server.c:6542: in cdpl_sv_ctl_master(): info: Setting worker heartbeat timeout to 3 heartbeats
1756316084.143563: 251025-7f42f8a2e540: cdpl_compat_master.c:2090: in _parse_hostfile(): info: reading hostfile `/home/argershm/180-voltmeter/Analog/cc/synopsys_custom/pwdp_jobs/saeSession0_diffmodegain.SimulationSimulation_cdpl.1.251025/host_file'
1756316084.143572: 251025-7f42f8a2e540: cdpl_compat_master.c:1900: in _hostfile_parser(): debug: parsing "1     |localhost|   -1  | /tmp | SH | sh"
1756316084.143576: 251025-7f42f8a2e540: cdpl_farm.c:2578: in cdpl_farm_new_sh(): info: creating SH farm on localhost
1756316084.143579: 251025-7f42f8a2e540: cdpl_compat_master.c:206: in _set_farm_env(): info: exporting CDPL_LOGDIR as `/home/argershm/180-voltmeter/Analog/cc/synopsys_custom/pwdp_jobs/saeSession0_diffmodegain.SimulationSimulation_cdpl.1.251025/logs'
1756316084.143581: 251025-7f42f8a2e540: cdpl_compat_master.c:212: in _set_farm_env(): info: exporting CDPL_TMPDIR as `/tmp'
1756316084.143583: 251025-7f42f8a2e540: cdpl_compat_master.c:235: in _set_farm_env(): info: exporting SNPSLMD_LICENSE_FILE as `27000@ece-lic-35.ece.ncsu.edu'
1756316084.143585: 251025-7f42f8a2e540: cdpl_compat_master.c:259: in _set_farm_env(): info: exporting CDPL_OPTIONS as `[nowlogs]'
1756316084.143586: 251025-7f42f8a2e540: cdpl_compat_master.c:266: in _set_farm_env(): info: exporting DISPLAY as `unix:25611'
1756316084.143588: 251025-7f42f8a2e540: cdpl_compat_master.c:274: in _set_farm_env(): info: exporting CDPL_HEARTBEAT as `120'
1756316084.143591: 251025-7f42f8a2e540: cdpl_farm.c:3149: in cdpl_farm_add_withdir(): debug: added `localhost' (capacity: unlimited)
1756316084.143592: 251025-7f42f8a2e540: cdpl_compat_parse.c:147: in parsefile(): debug: read `/home/argershm/180-voltmeter/Analog/cc/synopsys_custom/pwdp_jobs/saeSession0_diffmodegain.SimulationSimulation_cdpl.1.251025/host_file', 2 lines
1756316084.143594: 251025-7f42f8a2e540: cdpl_compat_master.c:2931: in cdplInitMaster(): info: bcast dir is `/home/argershm/180-voltmeter/Analog/cc/synopsys_custom/pwdp_jobs/saeSession0_diffmodegain.SimulationSimulation_cdpl.1.251025/logs'
1756316084.143627: 251025-7f42f8a2e540: cdpl_server.c:6433: in cdpl_sv_ctl_master(): info: farm worker timeout set to 300
1756316084.143629: 251025-7f42f8a2e540: cdpl_server.c:6486: in cdpl_sv_ctl_master(): info: maximum number of task execution attempts set to 1
1756316084.143632: 251025-7f42f8a2e540: cdpl_server.c:3195: in cdpl_sv_start(): debug: starting server
1756316084.143634: 251025-7f42f8a2e540: cdpl_ipc.c:3632: in cdpl_ipc_start(): debug: starting IPC server 152.14.98.53:43009
1756316084.143743: 251025-7f42c10c6700: cdpl_server_ipc.c:1182: in _sv_ipc_thread(): debug: ready
1756316084.143833: 251025-7f42977fe700: cdpl_monitor.c:426: in cdpl_mn_init_client(): info: creating client monitor instance
1756316084.143846: 251025-7f42977fe700: cdpl_ipc.c:3475: in cdpl_ipc_init(): info: requesting IPv4 protocol
1756316084.148102: 251025-7f42977fe700: cdpl_ipc.c:837: in _selectaddrfamily(): info: selected IPv4 protocol
1756316084.148124: 251025-7f42977fe700: cdpl_ipc.c:1139: in _set_keepalive(): info: TCP keep alive interval: 300
1756316084.150888: 251025-7f42977fe700: cdpl_ipc.c:3632: in cdpl_ipc_start(): debug: starting IPC server 152.14.98.53:32825
1756316084.150997: 251025-7f42977fe700: cdpl_monitor.c:471: in cdpl_mn_init_client(): debug: incoming messages in /tmp/cdpl-monitor-gilyI6
1756316084.151151: 251025-7f42977fe700: cdpl_monitor.c:533: in cdpl_mn_connect(): debug: connecting to 152.14.98.53:43009
1756316084.151154: 251025-7f42977fe700: cdpl_ipc.c:3789: in cdpl_ipc_connect(): info: connecting to 152.14.98.53:43009
1756316084.151202: 251025-7f42977fe700: cdpl_ipc.c:3860: in cdpl_ipc_connect(): info: connected as `152.14.98.53:41344'
1756316084.151206: 251025-7f42977fe700: cdpl_ipc.c:2503: in cdpl_ipc_host_accept(): debug: accepted host `152.14.98.53:43009'
1756316084.151211: 251025-7f42977fe700: cdpl_monitor.c:579: in cdpl_mn_connect(): debug: ok
1756316084.151220: 251025-7f42f8a2e540: cdpl_server.c:731: in cdpl_sv_new_job(): info: new job J1 in M1
1756316084.151227: 251025-7f42c08c5700: cdpl_ipc.c:1862: in _epoll_accept(): debug: new connection from `152.14.98.53:41344'
1756316084.151238: 251025-7f42f8a2e540: cdpl_compat_master.c:1581: in _add_worker(): info: new worker type 10, min:1, max:3, cmd:`/home/argershm/180-voltmeter/Analog/cc/synopsys_custom/pwdp_jobs/saeSession0_diffmodegain.SimulationSimulation_cdpl.1.251025/START_WORKER pw_worker -i /home/argershm/180-voltmeter/Analog/cc/synopsys_custom/pwdp_jobs/
1756316084.151243: 251025-7f42f8a2e540: cdpl_server.c:908: in cdpl_sv_new_bin_withfarm(): info: new bin B1 in J1
1756316084.151249: 251025-7f42c10c6700: cdpl_server_ipc.c:1225: in _sv_ipc_thread(): debug: received ACCEPT notification
1756316084.151260: 251025-7f42c10c6700: cdpl_ipc.c:2503: in cdpl_ipc_host_accept(): debug: accepted host `152.14.98.53:41344'
1756316084.151278: 251025-7f42c10c6700: cdpl_server_ipc.c:1256: in _sv_ipc_thread(): debug: received MONITOR message
1756316084.151382: 251025-7f42c10c6700: cdpl_monitor.c:1207: in cdpl_mn_accept(): debug: accepted monitor `152.14.98.53:41344'
1756316084.151386: 251025-7f42c10c6700: cdpl_server_ipc_mon.c:120: in _globalLOCK(): debug: ENTERTING GLOBAL LOCK
1756316084.151389: 251025-7f42c10c6700: cdpl_server_ipc_mon.c:164: in _globalLOCK(): debug: global lock acquired
1756316084.151393: 251025-7f42aeffd700: cdpl_monitor.c:910: in mn_systat(): debug: started
1756316084.151594: 251025-7f42aeffd700: cdpl_monitor.c:937: in mn_systat(): debug: monitor server flush rate: 5
1756316084.942931: 251025-7f42c10c6700: cdpl_server_ipc_mon.c:210: in _globalUNLOCK(): debug: LEAVING GLOBAL LOCK
1756316084.942963: 251025-7f42f8a2e540: cdpl_server.c:3249: in cdpl_sv_start_job(): info: starting job J1
1756316084.942990: 251025-7f42f8a2e540: cdpl_server.c:62: in _sv_start_bin(): debug: starting bin B1 (min: 0, max: 3)
1756316084.943107: 251025-7f42f8a2e540: cdpl_server.c:1893: in _sv_gen_task(): info: new task T0 in B1 (prio 0)
1756316084.943120: 251025-7f42acff9700: cdpl_server_sched.c:2482: in _sv_scheduler_thread(): debug: scheduler for bin B1 started
1756316084.943133: 251025-7f42f8a2e540: cdpl_server.c:2698: in cdpl_sv_label_task_va(): info: setting task T0 label to "PrimeSim_2|PrimeSim"
1756316084.943144: 251025-7f42acff9700: cdpl_server_sched.c:2443: in _scheduler_run(): debug: will start a new worker
1756316084.943155: 251025-7f42acff9700: cdpl_farm.c:3977: in cdpl_farm_submit(): debug: 1 running processes
1756316084.943158: 251025-7f42acff9700: cdpl_farm.c:3985: in cdpl_farm_submit(): debug: new command C1 in bin B1 assigned to host `localhost'
1756316084.943262: 251025-7f42acff9700: cdpl_server_sched.c:705: in _sv_launch_worker(): info: started worker W1 (as C1) in bin B1
1756316084.943286: 251025-7f4297fff700: cdpl_farm.c:2139: in _schedule(): debug: started
1756316084.943295: 251025-7f4297fff700: cdpl_farm.c:2303: in _schedule(): debug: submitting command C1 in bin B1
1756316084.943299: 251025-7f4297fff700: cdpl_sh.c:49: in _sh_detached_submit(): info: SH : /home/argershm/180-voltmeter/Analog/cc/synopsys_custom/pwdp_jobs/saeSession0_diffmodegain.SimulationSimulation_cdpl.1.251025/START_WORKER pw_worker -i /home/argershm/180-voltmeter/Analog/cc/synopsys_custom/pwdp_jobs/saeSession0_diffmodegain.SimulationSimulation_cdpl.1.251025 -t 10000
1756316084.950208: 251025-7f4297fff700: cdpl_farm.c:2343: in _schedule(): debug: C1 in bin B1 running on slot 0
1756316084.950235: 251025-7f4297fff700: cdpl_farm.c:2167: in _schedule(): debug: idle
1756316085.063582: 251025-7f42f8a2e540: cdpl_compat_master.c:5948: in cdplMasterLogInfo(): info: [non-CDPL log entry] PWDP3: reset pilot cache succeeded, pilot_key=saeSession0,1,diff_mode_gain|&/home/argershm/180-voltmeter/Analog/cc/simulation/integrator,tb_main_opamp,schematic/history_1/simulation/diff_mode_gain/PrimeSimSPICE/nominal/results
1756316085.250308: 251025-7f4297fff700: cdpl_farm.c:1193: in _onexit(): debug: C1 in bin B1 exited normally on slot 0
1756316086.065309: 251025-7f42ae7fc700: cdpl_compat_master.c:5948: in cdplMasterLogInfo(): info: [non-CDPL log entry] PWDP - no-workers started ok check start!
1756316086.700841: 251025-7f42c08c5700: cdpl_ipc.c:1862: in _epoll_accept(): debug: new connection from `152.14.98.53:41346'
1756316086.700890: 251025-7f42c10c6700: cdpl_server_ipc.c:1225: in _sv_ipc_thread(): debug: received ACCEPT notification
1756316086.700905: 251025-7f42c10c6700: cdpl_ipc.c:2503: in cdpl_ipc_host_accept(): debug: accepted host `152.14.98.53:41346'
1756316086.700939: 251025-7f42c10c6700: cdpl_server_ipc.c:1246: in _sv_ipc_thread(): debug: received HELLO message
1756316086.700941: 251025-7f42c10c6700: cdpl_server_ipc.c:430: in _sv_on_hello(): debug: looking up W1
1756316086.700947: 251025-7f42c10c6700: cdpl_server_ipc.c:540: in _sv_on_hello(): info: W1 is `152.14.98.53:41346'
1756316086.700948: 251025-7f42c10c6700: cdpl_server_ipc.c:541: in _sv_on_hello(): debug: hello W1 (B1)
1756316086.700950: 251025-7f42c10c6700: cdpl_server_ipc.c:542: in _sv_on_hello(): info: W1 log file is /dev/null
1756316086.700973: 251025-7f42c10c6700: cdpl_server_ipc.c:602: in _sv_on_hello(): info: up to 1 alive workers in B1
1756316086.700977: 251025-7f42c10c6700: cdpl_farm.c:878: in _release_cmd(): debug: freeing command C1 in bin B1
1756316086.701065: 251025-7f42acff9700: cdpl_server_sched.c:960: in _assign(): info: assigning task T0 to worker W1
1756316086.763719: 251025-7f42c10c6700: cdpl_server_ipc.c:1268: in _sv_ipc_thread(): debug: received RELAY message
1756316086.763727: 251025-7f42c10c6700: cdpl_server_ipc.c:713: in _sv_on_relay(): debug: RELAY message from W1, size = 63
1756316086.763730: 251025-7f42c10c6700: cdpl_server_ipc.c:715: in _sv_on_relay(): debug: RELAY message from W1, content = 0$258021 claws-compute3.ece.ncsu.edu 258037 RUNNING 1756316086
1756316087.701193: 251025-7f42c10c6700: cdpl_server_ipc.c:312: in _sv_on_heartbeat(): debug: received HEARTBEAT from worker W1 at 152.14.98.53:41346
1756316089.152217: 251025-7f42977fe700: cdpl_monitor.c:533: in cdpl_mn_connect(): debug: connecting to 152.14.98.53:44159
1756316089.152235: 251025-7f42977fe700: cdpl_ipc.c:3789: in cdpl_ipc_connect(): info: connecting to 152.14.98.53:44159
1756316089.152383: 251025-7f42977fe700: cdpl_ipc.c:3860: in cdpl_ipc_connect(): info: connected as `152.14.98.53:44712'
1756316089.152390: 251025-7f42977fe700: cdpl_ipc.c:2503: in cdpl_ipc_host_accept(): debug: accepted host `152.14.98.53:44159'
1756316089.152395: 251025-7f42977fe700: cdpl_monitor.c:579: in cdpl_mn_connect(): debug: ok
1756316093.114408: 251025-7f42c10c6700: cdpl_server_ipc.c:1268: in _sv_ipc_thread(): debug: received RELAY message
1756316093.114422: 251025-7f42c10c6700: cdpl_server_ipc.c:713: in _sv_on_relay(): debug: RELAY message from W1, size = 51
1756316093.114425: 251025-7f42c10c6700: cdpl_server_ipc.c:715: in _sv_on_relay(): debug: RELAY message from W1, content = WORKERDU|224,/dev/mapper/rhel_claws--compute3-home
1756316093.114431: 251025-7f42c10c6700: cdpl_server_ipc.c:1268: in _sv_ipc_thread(): debug: received RELAY message
1756316093.114432: 251025-7f42c10c6700: cdpl_server_ipc.c:713: in _sv_on_relay(): debug: RELAY message from W1, size = 193
1756316093.114434: 251025-7f42c10c6700: cdpl_server_ipc.c:715: in _sv_on_relay(): debug: RELAY message from W1, content = REQPILOT|saeSession0,1,diff_mode_gain|&/home/argershm/180-voltmeter/Analog/cc/simulation/integrator,tb_main_opamp,schematic/history_1/simulation/diff_mode_gain/PrimeSimSPICE/nominal/results|&0
1756316093.114466: 251025-7f42af7fe700: cdpl_compat_master.c:5948: in cdplMasterLogInfo(): info: [non-CDPL log entry] PWDP send back 'DOPILOT' to worker id:1 key: saeSession0,1,diff_mode_gain|&/home/argershm/180-voltmeter/Analog/cc/simulation/integrator,tb_main_opamp,schematic/history_1/simulation/diff_mode_gain/PrimeSimSPICE/nominal/results
1756316093.114616: 251025-7f42af7fe700: cdpl_compat_master.c:5948: in cdplMasterLogInfo(): info: [non-CDPL log entry] PWDP: set pilot doing!
1756316093.118052: 251025-7f42c10c6700: cdpl_server_ipc.c:1268: in _sv_ipc_thread(): debug: received RELAY message
1756316093.118060: 251025-7f42c10c6700: cdpl_server_ipc.c:713: in _sv_on_relay(): debug: RELAY message from W1, size = 189
1756316093.118062: 251025-7f42c10c6700: cdpl_server_ipc.c:715: in _sv_on_relay(): debug: RELAY message from W1, content = PILOTOK|saeSession0,1,diff_mode_gain|&/home/argershm/180-voltmeter/Analog/cc/simulation/integrator,tb_main_opamp,schematic/history_1/simulation/diff_mode_gain/PrimeSimSPICE/nominal/results
1756316093.118080: 251025-7f42af7fe700: cdpl_compat_master.c:5948: in cdplMasterLogInfo(): info: [non-CDPL log entry] PWDP: set pilot done!
1756316093.118185: 251025-7f42c10c6700: cdpl_server_ipc.c:1268: in _sv_ipc_thread(): debug: received RELAY message
1756316093.118191: 251025-7f42c10c6700: cdpl_server_ipc.c:713: in _sv_on_relay(): debug: RELAY message from W1, size = 18
1756316093.118194: 251025-7f42c10c6700: cdpl_server_ipc.c:715: in _sv_on_relay(): debug: RELAY message from W1, content = 0$- - - MEASDOING
1756316093.329665: 251025-7f42c10c6700: cdpl_server_ipc.c:1268: in _sv_ipc_thread(): debug: received RELAY message
1756316093.329679: 251025-7f42c10c6700: cdpl_server_ipc.c:713: in _sv_on_relay(): debug: RELAY message from W1, size = 75
1756316093.329681: 251025-7f42c10c6700: cdpl_server_ipc.c:715: in _sv_on_relay(): debug: RELAY message from W1, content = 0$258021 claws-compute3.ece.ncsu.edu 258037 FINISHED 1756316086|1756316093
1756316093.331153: 251025-7f42c10c6700: cdpl_server_ipc.c:1268: in _sv_ipc_thread(): debug: received RELAY message
1756316093.331161: 251025-7f42c10c6700: cdpl_server_ipc.c:713: in _sv_on_relay(): debug: RELAY message from W1, size = 191
1756316093.331163: 251025-7f42c10c6700: cdpl_server_ipc.c:715: in _sv_on_relay(): debug: RELAY message from W1, content = PILOTDONE|saeSession0,1,diff_mode_gain|&/home/argershm/180-voltmeter/Analog/cc/simulation/integrator,tb_main_opamp,schematic/history_1/simulation/diff_mode_gain/PrimeSimSPICE/nominal/results
1756316093.331184: 251025-7f42af7fe700: cdpl_compat_master.c:5948: in cdplMasterLogInfo(): info: [non-CDPL log entry] saeSession0,1,diff_mode_gain|&/home/argershm/180-voltmeter/Analog/cc/simulation/integrator,tb_main_opamp,schematic/history_1/simulation/diff_mode_gain/PrimeSimSPICE/nominal/results PILOTDONE!
1756316093.331428: 251025-7f42c10c6700: cdpl_server_ipc.c:1251: in _sv_ipc_thread(): debug: received FINISH message
1756316093.331434: 251025-7f42c10c6700: cdpl_server_ipc.c:983: in _sv_on_finish(): info: worker W1 completed task T0
1756316093.331436: 251025-7f42c10c6700: cdpl_server_ipc.c:988: in _sv_on_finish(): debug: stat T0: utime=3435 stime=1851
1756316093.331438: 251025-7f42c10c6700: cdpl_server_ipc.c:993: in _sv_on_finish(): debug: statm T0: vsize=3054208 rss=1039300 shared=516320 text=474784 data=709240
1756316093.336197: 251025-7f42c10c6700: cdpl_server_ipc.c:1268: in _sv_ipc_thread(): debug: received RELAY message
1756316093.336203: 251025-7f42c10c6700: cdpl_server_ipc.c:713: in _sv_on_relay(): debug: RELAY message from W1, size = 50
1756316093.336205: 251025-7f42c10c6700: cdpl_server_ipc.c:715: in _sv_on_relay(): debug: RELAY message from W1, content = WORKERDU|12,/dev/mapper/rhel_claws--compute3-home
1756316093.371858: 251025-7f42f8a2e540: cdpl_server.c:227: in _sv_free_task_safe(): debug: freeing task T0
1756316093.666267: 251025-7f42f8a2e540: cdpl_server.c:3008: in cdpl_sv_halt_job_errno(): info: killing job J1
1756316093.666306: 251025-7f42f8a2e540: cdpl_server.c:3044: in cdpl_sv_halt_job_errno(): debug: signal bin B1 scheduler to stop
1756316093.666331: 251025-7f42acff9700: cdpl_server_sched.c:2484: in _sv_scheduler_thread(): debug: scheduler for bin B1 stopped
1756316093.666342: 251025-7f42acff9700: cdpl_ipc.c:1657: in _host_drop__UNSAFE(): debug: dropping host `152.14.98.53:41346'
1756316093.666387: 251025-7f42acff9700: cdpl_server_sched.c:2830: in _sv_drop_worker(): info: down to 0 alive workers in B1
1756316093.666390: 251025-7f42acff9700: cdpl_farm.c:4152: in cdpl_farm_dismiss(): debug: down to 0 running processes
1756316093.666394: 251025-7f42acff9700: cdpl_server_sched.c:121: in _free_worker_2(): debug: freeing worker W1
1756316093.666396: 251025-7f42acff9700: cdpl_ipc.c:2513: in cdpl_ipc_host_release(): debug: releasing host `152.14.98.53:41346'
1756316093.666399: 251025-7f42c10c6700: cdpl_server_ipc.c:1236: in _sv_ipc_thread(): debug: received DROP notification
1756316093.666428: 251025-7f42f8a2e540: cdpl_server.c:294: in _sv_free_job(): info: freeing job J1
1756316093.666434: 251025-7f42f8a2e540: cdpl_server.c:92: in _sv_free_bin(): debug: freeing bin B1
1756316093.666453: 251025-7f42f8a2e540: cdpl_monitor.c:515: in cdpl_mn_kill(): info: killing monitor
1756316093.666456: 251025-7f42f8a2e540: cdpl_ipc.c:3677: in cdpl_ipc_kill(): debug: stopping event server
1756316093.666470: 251025-7f42adffb700: cdpl_ipc.c:2460: in _epoll_main(): debug: server going down...
1756316093.666575: 251025-7f42c08c5700: cdpl_ipc.c:775: in _readv(): warning: read(): EOF
1756316093.666584: 251025-7f42c08c5700: cdpl_ipc.c:2100: in _epoll_recv(): debug: _readv(): Broken pipe
1756316093.666587: 251025-7f42c08c5700: cdpl_ipc.c:2424: in _epoll_main(): debug: _epoll_recv(): Broken pipe
1756316093.666594: 251025-7f42c08c5700: cdpl_ipc.c:1657: in _host_drop__UNSAFE(): debug: dropping host `152.14.98.53:41344'
1756316093.666631: 251025-7f42c08c5700: cdpl_ipc.c:1582: in _host_free__UNSAFE(): debug: freeing host `152.14.98.53:41346'
1756316093.666634: 251025-7f42c08c5700: cdpl_ipc.c:1621: in _host_free__UNSAFE(): debug: [0 outq, 0 spR, 0 spW]
1756316093.666641: 251025-7f42c10c6700: cdpl_server_ipc.c:1236: in _sv_ipc_thread(): debug: received DROP notification
1756316093.666645: 251025-7f42c10c6700: cdpl_monitor.c:1269: in cdpl_mn_drop(): debug: detaching from monitor `152.14.98.53:41344'
1756316093.666651: 251025-7f42c10c6700: cdpl_monitor.c:1101: in mn_systat_stop(): debug: joining systat thread
1756316093.666686: 251025-7f42aeffd700: cdpl_monitor.c:1079: in mn_systat(): debug: exiting
1756316093.666703: 251025-7f42c10c6700: cdpl_monitor.c:1103: in mn_systat_stop(): debug: systat thread done
1756316093.666718: 251025-7f42c10c6700: cdpl_ipc.c:2513: in cdpl_ipc_host_release(): debug: releasing host `152.14.98.53:41344'
1756316093.666771: 251025-7f42977fe700: cdpl_ipc.c:3728: in cdpl_ipc_free(): debug: releasing IPC handle
1756316093.666777: 251025-7f42977fe700: cdpl_ipc.c:1582: in _host_free__UNSAFE(): debug: freeing host `152.14.98.53:44159'
1756316093.666780: 251025-7f42977fe700: cdpl_ipc.c:1621: in _host_free__UNSAFE(): debug: [0 outq, 0 spR, 0 spW]
1756316093.666798: 251025-7f42977fe700: cdpl_ipc.c:1582: in _host_free__UNSAFE(): debug: freeing host `152.14.98.53:43009'
1756316093.666799: 251025-7f42977fe700: cdpl_ipc.c:1621: in _host_free__UNSAFE(): debug: [0 outq, 0 spR, 0 spW]
1756316093.666807: 251025-7f42977fe700: cdpl_ipc.c:3756: in cdpl_ipc_free(): warning: 2 host(s) were not released
1756316093.666815: 251025-7f42977fe700: cdpl_ipc.c:3767: in cdpl_ipc_free(): debug: done
1756316093.666817: 251025-7f42977fe700: cdpl_monitor.c:1390: in cdpl_mn_free(): debug: freeing monitor client
1756316093.666890: 251025-7f42f8a2e540: cdpl_farm.c:2740: in cdpl_farm_free(): info: freeing farm
1756316093.666924: 251025-7f4297fff700: cdpl_farm.c:2231: in _schedule(): debug: end of idling
1756316093.666945: 251025-7f4297fff700: cdpl_farm.c:2235: in _schedule(): debug: dying
1756316093.667095: 251025-7f42f8a2e540: cdpl_farm.c:913: in _killall(): debug: killing all remaining commands
1756316093.667104: 251025-7f42f8a2e540: cdpl_server.c:3144: in cdpl_sv_free(): info: freeing server S786956258
1756316093.667108: 251025-7f42f8a2e540: cdpl_server.c:3109: in cdpl_sv_kill_errno(): info: killing server
1756316093.667110: 251025-7f42f8a2e540: cdpl_ipc.c:3677: in cdpl_ipc_kill(): debug: stopping event server
1756316093.667120: 251025-7f42c08c5700: cdpl_ipc.c:2460: in _epoll_main(): debug: server going down...
1756316093.667137: 251025-7f42c10c6700: cdpl_server_ipc.c:1200: in _sv_ipc_thread(): debug: leaving now
1756316093.667151: 251025-7f42f8a2e540: cdpl_server.c:334: in _sv_free_master(): info: freeing master M1
1756316093.667154: 251025-7f42f8a2e540: cdpl_hash.c:68: in cdpl_h_destroy(): debug: put operations: 1
1756316093.667156: 251025-7f42f8a2e540: cdpl_hash.c:69: in cdpl_h_destroy(): debug: put collisions: 0
1756316093.667158: 251025-7f42f8a2e540: cdpl_hash.c:70: in cdpl_h_destroy(): debug: get operations: 1
1756316093.667159: 251025-7f42f8a2e540: cdpl_hash.c:71: in cdpl_h_destroy(): debug: get iterations: 1
1756316093.667162: 251025-7f42f8a2e540: cdpl_monitor.c:1390: in cdpl_mn_free(): debug: freeing monitor server
1756316093.667164: 251025-7f42f8a2e540: cdpl_ipc.c:3728: in cdpl_ipc_free(): debug: releasing IPC handle
1756316093.667166: 251025-7f42f8a2e540: cdpl_ipc.c:1582: in _host_free__UNSAFE(): debug: freeing host `152.14.98.53:41344'
1756316093.667167: 251025-7f42f8a2e540: cdpl_ipc.c:1621: in _host_free__UNSAFE(): debug: [0 outq, 0 spR, 0 spW]
1756316093.667179: 251025-7f42f8a2e540: cdpl_ipc.c:3767: in cdpl_ipc_free(): debug: done
1756316093.667181: 251025-7f42f8a2e540: cdpl_log.c:481: in cdpl_log_close(): info: @@end_of_log@@
