1757102512.671541: 680367-7f007dc59540: cdpl_log.c:337: in cdpl_log_open(): info: @@start_of_log@@
1757102512.671561: 680367-7f007dc59540: cdpl_log.c:1058: in cdpl_log_dump_sysinfo(): info: time: 2025/09/05 16:01:52 EDT -0400
1757102512.671564: 680367-7f007dc59540: cdpl_log.c:1060: in cdpl_log_dump_sysinfo(): info: version: W-2024.09-SP1-2 
1757102512.671565: 680367-7f007dc59540: cdpl_log.c:1062: in cdpl_log_dump_sysinfo(): info: system: Linux 4.18.0-553.69.1.el8_10.x86_64 #1 SMP Thu Aug 7 18:10:00 EDT 2025
1757102512.671567: 680367-7f007dc59540: cdpl_log.c:1067: in cdpl_log_dump_sysinfo(): info: processor: x86_64 64-bits
1757102512.671568: 680367-7f007dc59540: cdpl_log.c:1071: in cdpl_log_dump_sysinfo(): info: hostname: claws-compute3.ece.ncsu.edu
1757102512.671570: 680367-7f007dc59540: cdpl_log.c:1073: in cdpl_log_dump_sysinfo(): info: program name: custom_shell
1757102512.671572: 680367-7f007dc59540: cdpl_log.c:340: in cdpl_log_open(): debug: path: /home/argershm/180-voltmeter/Analog/cc/synopsys_custom/pwdp_jobs/saeSession0_diffmodegain.SimulationSimulation_cdpl.0.680367/logs/master.claws-compute3.ece.ncsu.edu.680367.log
1757102512.671574: 680367-7f007dc59540: cdpl_log.c:341: in cdpl_log_open(): debug: dir: /home/argershm/180-voltmeter/Analog/cc/synopsys_custom/pwdp_jobs/saeSession0_diffmodegain.SimulationSimulation_cdpl.0.680367/logs
1757102512.671601: 680367-7f007dc59540: cdpl_server.c:536: in cdpl_sv_init(): info: new server S1105218468
1757102512.671609: 680367-7f007dc59540: cdpl_ipc.c:3475: in cdpl_ipc_init(): info: requesting IPv4 protocol
1757102512.675947: 680367-7f007dc59540: cdpl_ipc.c:837: in _selectaddrfamily(): info: selected IPv4 protocol
1757102512.675975: 680367-7f007dc59540: cdpl_ipc.c:1139: in _set_keepalive(): info: TCP keep alive interval: 300
1757102512.678839: 680367-7f007dc59540: cdpl_monitor.c:1117: in cdpl_mn_new_server(): info: creating server monitor instance
1757102512.678852: 680367-7f007dc59540: cdpl_server.c:650: in cdpl_sv_new_master(): info: new master M1
1757102512.678860: 680367-7f007dc59540: cdpl_server.c:6533: in cdpl_sv_ctl_master(): info: Setting worker heartbeat to 120 seconds
1757102512.678862: 680367-7f007dc59540: cdpl_server.c:6542: in cdpl_sv_ctl_master(): info: Setting worker heartbeat timeout to 3 heartbeats
1757102512.678863: 680367-7f007dc59540: cdpl_compat_master.c:2090: in _parse_hostfile(): info: reading hostfile `/home/argershm/180-voltmeter/Analog/cc/synopsys_custom/pwdp_jobs/saeSession0_diffmodegain.SimulationSimulation_cdpl.0.680367/host_file'
1757102512.678885: 680367-7f007dc59540: cdpl_compat_master.c:1900: in _hostfile_parser(): debug: parsing "1     |localhost|   -1  | /tmp | SH | sh"
1757102512.678897: 680367-7f007dc59540: cdpl_farm.c:2578: in cdpl_farm_new_sh(): info: creating SH farm on localhost
1757102512.678902: 680367-7f007dc59540: cdpl_compat_master.c:206: in _set_farm_env(): info: exporting CDPL_LOGDIR as `/home/argershm/180-voltmeter/Analog/cc/synopsys_custom/pwdp_jobs/saeSession0_diffmodegain.SimulationSimulation_cdpl.0.680367/logs'
1757102512.678904: 680367-7f007dc59540: cdpl_compat_master.c:212: in _set_farm_env(): info: exporting CDPL_TMPDIR as `/tmp'
1757102512.678906: 680367-7f007dc59540: cdpl_compat_master.c:235: in _set_farm_env(): info: exporting SNPSLMD_LICENSE_FILE as `27000@ece-lic-35.ece.ncsu.edu'
1757102512.678908: 680367-7f007dc59540: cdpl_compat_master.c:259: in _set_farm_env(): info: exporting CDPL_OPTIONS as `[nowlogs]'
1757102512.678909: 680367-7f007dc59540: cdpl_compat_master.c:266: in _set_farm_env(): info: exporting DISPLAY as `unix:19651'
1757102512.678911: 680367-7f007dc59540: cdpl_compat_master.c:274: in _set_farm_env(): info: exporting CDPL_HEARTBEAT as `120'
1757102512.678920: 680367-7f007dc59540: cdpl_farm.c:3149: in cdpl_farm_add_withdir(): debug: added `localhost' (capacity: unlimited)
1757102512.678922: 680367-7f007dc59540: cdpl_compat_parse.c:147: in parsefile(): debug: read `/home/argershm/180-voltmeter/Analog/cc/synopsys_custom/pwdp_jobs/saeSession0_diffmodegain.SimulationSimulation_cdpl.0.680367/host_file', 2 lines
1757102512.678924: 680367-7f007dc59540: cdpl_compat_master.c:2931: in cdplInitMaster(): info: bcast dir is `/home/argershm/180-voltmeter/Analog/cc/synopsys_custom/pwdp_jobs/saeSession0_diffmodegain.SimulationSimulation_cdpl.0.680367/logs'
1757102512.678977: 680367-7f007dc59540: cdpl_server.c:6433: in cdpl_sv_ctl_master(): info: farm worker timeout set to 300
1757102512.678979: 680367-7f007dc59540: cdpl_server.c:6486: in cdpl_sv_ctl_master(): info: maximum number of task execution attempts set to 1
1757102512.678993: 680367-7f007dc59540: cdpl_server.c:3195: in cdpl_sv_start(): debug: starting server
1757102512.678997: 680367-7f007dc59540: cdpl_ipc.c:3632: in cdpl_ipc_start(): debug: starting IPC server 152.14.98.53:34115
1757102512.679211: 680367-7f0041ae3700: cdpl_server_ipc.c:1182: in _sv_ipc_thread(): debug: ready
1757102512.679315: 680367-7f00412e2700: cdpl_monitor.c:426: in cdpl_mn_init_client(): info: creating client monitor instance
1757102512.679333: 680367-7f00412e2700: cdpl_ipc.c:3475: in cdpl_ipc_init(): info: requesting IPv4 protocol
1757102512.683131: 680367-7f00412e2700: cdpl_ipc.c:837: in _selectaddrfamily(): info: selected IPv4 protocol
1757102512.683154: 680367-7f00412e2700: cdpl_ipc.c:1139: in _set_keepalive(): info: TCP keep alive interval: 300
1757102512.685931: 680367-7f00412e2700: cdpl_ipc.c:3632: in cdpl_ipc_start(): debug: starting IPC server 152.14.98.53:33757
1757102512.686081: 680367-7f00412e2700: cdpl_monitor.c:471: in cdpl_mn_init_client(): debug: incoming messages in /tmp/cdpl-monitor-I31Cm8
1757102512.686250: 680367-7f00412e2700: cdpl_monitor.c:533: in cdpl_mn_connect(): debug: connecting to 152.14.98.53:34115
1757102512.686259: 680367-7f00412e2700: cdpl_ipc.c:3789: in cdpl_ipc_connect(): info: connecting to 152.14.98.53:34115
1757102512.686368: 680367-7f00412e2700: cdpl_ipc.c:3860: in cdpl_ipc_connect(): info: connected as `152.14.98.53:48338'
1757102512.686384: 680367-7f00412e2700: cdpl_ipc.c:2503: in cdpl_ipc_host_accept(): debug: accepted host `152.14.98.53:34115'
1757102512.686413: 680367-7f00422e4700: cdpl_ipc.c:1862: in _epoll_accept(): debug: new connection from `152.14.98.53:48338'
1757102512.686431: 680367-7f00412e2700: cdpl_monitor.c:579: in cdpl_mn_connect(): debug: ok
1757102512.686453: 680367-7f007dc59540: cdpl_server.c:731: in cdpl_sv_new_job(): info: new job J1 in M1
1757102512.686475: 680367-7f007dc59540: cdpl_compat_master.c:1581: in _add_worker(): info: new worker type 10, min:1, max:3, cmd:`/home/argershm/180-voltmeter/Analog/cc/synopsys_custom/pwdp_jobs/saeSession0_diffmodegain.SimulationSimulation_cdpl.0.680367/START_WORKER pw_worker -i /home/argershm/180-voltmeter/Analog/cc/synopsys_custom/pwdp_jobs/
1757102512.686480: 680367-7f0041ae3700: cdpl_server_ipc.c:1225: in _sv_ipc_thread(): debug: received ACCEPT notification
1757102512.686486: 680367-7f007dc59540: cdpl_server.c:908: in cdpl_sv_new_bin_withfarm(): info: new bin B1 in J1
1757102512.686492: 680367-7f0041ae3700: cdpl_ipc.c:2503: in cdpl_ipc_host_accept(): debug: accepted host `152.14.98.53:48338'
1757102512.686507: 680367-7f0041ae3700: cdpl_server_ipc.c:1256: in _sv_ipc_thread(): debug: received MONITOR message
1757102512.686643: 680367-7f0041ae3700: cdpl_monitor.c:1207: in cdpl_mn_accept(): debug: accepted monitor `152.14.98.53:48338'
1757102512.686647: 680367-7f0041ae3700: cdpl_server_ipc_mon.c:120: in _globalLOCK(): debug: ENTERTING GLOBAL LOCK
1757102512.686649: 680367-7f0041ae3700: cdpl_server_ipc_mon.c:164: in _globalLOCK(): debug: global lock acquired
1757102512.686660: 680367-7f0036ffd700: cdpl_monitor.c:910: in mn_systat(): debug: started
1757102512.686985: 680367-7f0036ffd700: cdpl_monitor.c:937: in mn_systat(): debug: monitor server flush rate: 5
1757102513.482664: 680367-7f0041ae3700: cdpl_server_ipc_mon.c:210: in _globalUNLOCK(): debug: LEAVING GLOBAL LOCK
1757102513.482683: 680367-7f007dc59540: cdpl_server.c:3249: in cdpl_sv_start_job(): info: starting job J1
1757102513.482704: 680367-7f007dc59540: cdpl_server.c:62: in _sv_start_bin(): debug: starting bin B1 (min: 0, max: 3)
1757102513.482827: 680367-7f00357fa700: cdpl_server_sched.c:2482: in _sv_scheduler_thread(): debug: scheduler for bin B1 started
1757102513.482852: 680367-7f007dc59540: cdpl_server.c:1893: in _sv_gen_task(): info: new task T0 in B1 (prio 0)
1757102513.482881: 680367-7f007dc59540: cdpl_server.c:2698: in cdpl_sv_label_task_va(): info: setting task T0 label to "PrimeSim_1|PrimeSim"
1757102513.482923: 680367-7f00357fa700: cdpl_server_sched.c:2443: in _scheduler_run(): debug: will start a new worker
1757102513.482965: 680367-7f00357fa700: cdpl_farm.c:3977: in cdpl_farm_submit(): debug: 1 running processes
1757102513.482969: 680367-7f00357fa700: cdpl_farm.c:3985: in cdpl_farm_submit(): debug: new command C1 in bin B1 assigned to host `localhost'
1757102513.483034: 680367-7f00357fa700: cdpl_server_sched.c:705: in _sv_launch_worker(): info: started worker W1 (as C1) in bin B1
1757102513.483056: 680367-7f0034ff9700: cdpl_farm.c:2139: in _schedule(): debug: started
1757102513.483065: 680367-7f0034ff9700: cdpl_farm.c:2303: in _schedule(): debug: submitting command C1 in bin B1
1757102513.483085: 680367-7f0034ff9700: cdpl_sh.c:49: in _sh_detached_submit(): info: SH : /home/argershm/180-voltmeter/Analog/cc/synopsys_custom/pwdp_jobs/saeSession0_diffmodegain.SimulationSimulation_cdpl.0.680367/START_WORKER pw_worker -i /home/argershm/180-voltmeter/Analog/cc/synopsys_custom/pwdp_jobs/saeSession0_diffmodegain.SimulationSimulation_cdpl.0.680367 -t 10000
1757102513.488209: 680367-7f0034ff9700: cdpl_farm.c:2343: in _schedule(): debug: C1 in bin B1 running on slot 0
1757102513.488240: 680367-7f0034ff9700: cdpl_farm.c:2167: in _schedule(): debug: idle
1757102513.521491: 680367-7f007dc59540: cdpl_compat_master.c:5948: in cdplMasterLogInfo(): info: [non-CDPL log entry] PWDP3: reset pilot cache succeeded, pilot_key=saeSession0,1,diff_mode_gain|&/home/argershm/180-voltmeter/Analog/cc/simulation/integrator,tb_main_opamp,schematic/history_1/simulation/diff_mode_gain/PrimeSimSPICE/nominal/results
1757102513.788312: 680367-7f0034ff9700: cdpl_farm.c:1193: in _onexit(): debug: C1 in bin B1 exited normally on slot 0
1757102514.593630: 680367-7f00367fc700: cdpl_compat_master.c:5948: in cdplMasterLogInfo(): info: [non-CDPL log entry] PWDP - no-workers started ok check start!
1757102515.257970: 680367-7f00422e4700: cdpl_ipc.c:1862: in _epoll_accept(): debug: new connection from `152.14.98.53:48340'
1757102515.258014: 680367-7f0041ae3700: cdpl_server_ipc.c:1225: in _sv_ipc_thread(): debug: received ACCEPT notification
1757102515.258028: 680367-7f0041ae3700: cdpl_ipc.c:2503: in cdpl_ipc_host_accept(): debug: accepted host `152.14.98.53:48340'
1757102515.258157: 680367-7f0041ae3700: cdpl_server_ipc.c:1246: in _sv_ipc_thread(): debug: received HELLO message
1757102515.258162: 680367-7f0041ae3700: cdpl_server_ipc.c:430: in _sv_on_hello(): debug: looking up W1
1757102515.258165: 680367-7f0041ae3700: cdpl_server_ipc.c:540: in _sv_on_hello(): info: W1 is `152.14.98.53:48340'
1757102515.258167: 680367-7f0041ae3700: cdpl_server_ipc.c:541: in _sv_on_hello(): debug: hello W1 (B1)
1757102515.258169: 680367-7f0041ae3700: cdpl_server_ipc.c:542: in _sv_on_hello(): info: W1 log file is /dev/null
1757102515.258225: 680367-7f0041ae3700: cdpl_server_ipc.c:602: in _sv_on_hello(): info: up to 1 alive workers in B1
1757102515.258235: 680367-7f0041ae3700: cdpl_farm.c:878: in _release_cmd(): debug: freeing command C1 in bin B1
1757102515.258249: 680367-7f00357fa700: cdpl_server_sched.c:960: in _assign(): info: assigning task T0 to worker W1
1757102515.321741: 680367-7f0041ae3700: cdpl_server_ipc.c:1268: in _sv_ipc_thread(): debug: received RELAY message
1757102515.321756: 680367-7f0041ae3700: cdpl_server_ipc.c:713: in _sv_on_relay(): debug: RELAY message from W1, size = 63
1757102515.321759: 680367-7f0041ae3700: cdpl_server_ipc.c:715: in _sv_on_relay(): debug: RELAY message from W1, content = 0$681089 claws-compute3.ece.ncsu.edu 681169 RUNNING 1757102515
1757102516.258366: 680367-7f0041ae3700: cdpl_server_ipc.c:312: in _sv_on_heartbeat(): debug: received HEARTBEAT from worker W1 at 152.14.98.53:48340
1757102517.687725: 680367-7f00412e2700: cdpl_monitor.c:533: in cdpl_mn_connect(): debug: connecting to 152.14.98.53:44955
1757102517.687746: 680367-7f00412e2700: cdpl_ipc.c:3789: in cdpl_ipc_connect(): info: connecting to 152.14.98.53:44955
1757102517.687869: 680367-7f00412e2700: cdpl_ipc.c:3860: in cdpl_ipc_connect(): info: connected as `152.14.98.53:57526'
1757102517.687878: 680367-7f00412e2700: cdpl_ipc.c:2503: in cdpl_ipc_host_accept(): debug: accepted host `152.14.98.53:44955'
1757102517.687883: 680367-7f00412e2700: cdpl_monitor.c:579: in cdpl_mn_connect(): debug: ok
1757102521.627228: 680367-7f0041ae3700: cdpl_server_ipc.c:1268: in _sv_ipc_thread(): debug: received RELAY message
1757102521.627243: 680367-7f0041ae3700: cdpl_server_ipc.c:713: in _sv_on_relay(): debug: RELAY message from W1, size = 50
1757102521.627245: 680367-7f0041ae3700: cdpl_server_ipc.c:715: in _sv_on_relay(): debug: RELAY message from W1, content = WORKERDU|84,/dev/mapper/rhel_claws--compute3-home
1757102521.627252: 680367-7f0041ae3700: cdpl_server_ipc.c:1268: in _sv_ipc_thread(): debug: received RELAY message
1757102521.627254: 680367-7f0041ae3700: cdpl_server_ipc.c:713: in _sv_on_relay(): debug: RELAY message from W1, size = 18
1757102521.627255: 680367-7f0041ae3700: cdpl_server_ipc.c:715: in _sv_on_relay(): debug: RELAY message from W1, content = 0$- - - MEASDOING
1757102521.853281: 680367-7f0041ae3700: cdpl_server_ipc.c:1268: in _sv_ipc_thread(): debug: received RELAY message
1757102521.853289: 680367-7f0041ae3700: cdpl_server_ipc.c:713: in _sv_on_relay(): debug: RELAY message from W1, size = 75
1757102521.853292: 680367-7f0041ae3700: cdpl_server_ipc.c:715: in _sv_on_relay(): debug: RELAY message from W1, content = 0$681089 claws-compute3.ece.ncsu.edu 681169 FAILED 1757102515|1757102521|8
1757102521.853523: 680367-7f0041ae3700: cdpl_server_ipc.c:1251: in _sv_ipc_thread(): debug: received FINISH message
1757102521.853528: 680367-7f0041ae3700: cdpl_server_ipc.c:983: in _sv_on_finish(): info: worker W1 completed task T0
1757102521.853531: 680367-7f0041ae3700: cdpl_server_ipc.c:988: in _sv_on_finish(): debug: stat T0: utime=3462 stime=1822
1757102521.853533: 680367-7f0041ae3700: cdpl_server_ipc.c:993: in _sv_on_finish(): debug: statm T0: vsize=3054772 rss=1037416 shared=517716 text=474784 data=709892
1757102521.858232: 680367-7f0041ae3700: cdpl_server_ipc.c:1268: in _sv_ipc_thread(): debug: received RELAY message
1757102521.858239: 680367-7f0041ae3700: cdpl_server_ipc.c:713: in _sv_on_relay(): debug: RELAY message from W1, size = 49
1757102521.858242: 680367-7f0041ae3700: cdpl_server_ipc.c:715: in _sv_on_relay(): debug: RELAY message from W1, content = WORKERDU|4,/dev/mapper/rhel_claws--compute3-home
1757102521.871806: 680367-7f007dc59540: cdpl_server.c:227: in _sv_free_task_safe(): debug: freeing task T0
1757102541.859150: 680367-7f00422e4700: cdpl_ipc.c:775: in _readv(): warning: read(): EOF
1757102541.859171: 680367-7f0040ae1700: cdpl_ipc.c:775: in _readv(): warning: read(): EOF
1757102541.859215: 680367-7f0040ae1700: cdpl_ipc.c:2100: in _epoll_recv(): debug: _readv(): Broken pipe
1757102541.859219: 680367-7f0040ae1700: cdpl_ipc.c:2424: in _epoll_main(): debug: _epoll_recv(): Broken pipe
1757102541.859222: 680367-7f00422e4700: cdpl_ipc.c:2100: in _epoll_recv(): debug: _readv(): Broken pipe
1757102541.859224: 680367-7f0040ae1700: cdpl_ipc.c:1657: in _host_drop__UNSAFE(): debug: dropping host `152.14.98.53:44955'
1757102541.859228: 680367-7f00422e4700: cdpl_ipc.c:2424: in _epoll_main(): debug: _epoll_recv(): Broken pipe
1757102541.859233: 680367-7f00422e4700: cdpl_ipc.c:1657: in _host_drop__UNSAFE(): debug: dropping host `152.14.98.53:48340'
1757102541.859332: 680367-7f0041ae3700: cdpl_server_ipc.c:1236: in _sv_ipc_thread(): debug: received DROP notification
1757102541.859353: 680367-7f0037fff700: cdpl_monitor.c:290: in mn_listen(): debug: received DROP message
1757102541.859383: 680367-7f0041ae3700: cdpl_server_sched.c:2796: in _sv_record_crashed_worker(): debug: dropping worker W1
1757102541.859387: 680367-7f0041ae3700: cdpl_server_ipc.c:188: in _sv_on_drop_worker(): debug: down to 0 live workers in B1
1757102541.859412: 680367-7f0037fff700: cdpl_ipc.c:2513: in cdpl_ipc_host_release(): debug: releasing host `152.14.98.53:44955'
1757102541.859424: 680367-7f00357fa700: cdpl_server_sched.c:750: in _empty_trash(): debug: freeing worker W1 while emptying trash list for bin B1
1757102541.859438: 680367-7f00357fa700: cdpl_farm.c:4152: in cdpl_farm_dismiss(): debug: down to 0 running processes
1757102541.859446: 680367-7f00357fa700: cdpl_server_sched.c:121: in _free_worker_2(): debug: freeing worker W1
1757102541.859452: 680367-7f00357fa700: cdpl_ipc.c:2513: in cdpl_ipc_host_release(): debug: releasing host `152.14.98.53:48340'
1757102541.859454: 680367-7f00357fa700: cdpl_ipc.c:2529: in cdpl_ipc_host_release(): debug: scheduling for immediate release
1757102542.687761: 680367-7f0040ae1700: cdpl_ipc.c:1582: in _host_free__UNSAFE(): debug: freeing host `152.14.98.53:44955'
1757102542.687776: 680367-7f0040ae1700: cdpl_ipc.c:1621: in _host_free__UNSAFE(): debug: [0 outq, 0 spR, 0 spW]
1757102542.687780: 680367-7f00422e4700: cdpl_ipc.c:1582: in _host_free__UNSAFE(): debug: freeing host `152.14.98.53:48340'
1757102542.687783: 680367-7f00422e4700: cdpl_ipc.c:1621: in _host_free__UNSAFE(): debug: [0 outq, 0 spR, 0 spW]
1757102573.788461: 680367-7f0034ff9700: cdpl_farm.c:2173: in _schedule(): debug: idle
1757102582.336330: 680367-7f00377fe700: cdpl_compat_master.c:5971: in cdplMasterLogWarning(): warning: [non-CDPL log entry] PWDP: master does not receive message over 60 seconds!
1757102633.788636: 680367-7f0034ff9700: cdpl_farm.c:2173: in _schedule(): debug: idle
1757102634.342107: 680367-7f00377fe700: cdpl_compat_master.c:5948: in cdplMasterLogInfo(): info: [non-CDPL log entry] PWDP: message receiver is alive.
1757102635.202531: 680367-7f00367fc700: cdpl_compat_master.c:5948: in cdplMasterLogInfo(): info: [non-CDPL log entry] PWDP: master status watchdog is alive.
1757102642.771724: 680367-7f00377fe700: cdpl_compat_master.c:5971: in cdplMasterLogWarning(): warning: [non-CDPL log entry] PWDP: master does not receive message over 60 seconds!
1757102693.788822: 680367-7f0034ff9700: cdpl_farm.c:2173: in _schedule(): debug: idle
1757102703.210775: 680367-7f00377fe700: cdpl_compat_master.c:5971: in cdplMasterLogWarning(): warning: [non-CDPL log entry] PWDP: master does not receive message over 60 seconds!
1757102753.788999: 680367-7f0034ff9700: cdpl_farm.c:2173: in _schedule(): debug: idle
1757102755.213935: 680367-7f00377fe700: cdpl_compat_master.c:5948: in cdplMasterLogInfo(): info: [non-CDPL log entry] PWDP: message receiver is alive.
1757102756.211859: 680367-7f00367fc700: cdpl_compat_master.c:5948: in cdplMasterLogInfo(): info: [non-CDPL log entry] PWDP: master status watchdog is alive.
1757102763.652619: 680367-7f00377fe700: cdpl_compat_master.c:5971: in cdplMasterLogWarning(): warning: [non-CDPL log entry] PWDP: master does not receive message over 60 seconds!
1757102813.789182: 680367-7f0034ff9700: cdpl_farm.c:2173: in _schedule(): debug: idle
1757102824.080984: 680367-7f00377fe700: cdpl_compat_master.c:5971: in cdplMasterLogWarning(): warning: [non-CDPL log entry] PWDP: master does not receive message over 60 seconds!
1757102873.789356: 680367-7f0034ff9700: cdpl_farm.c:2173: in _schedule(): debug: idle
1757102876.063825: 680367-7f00377fe700: cdpl_compat_master.c:5948: in cdplMasterLogInfo(): info: [non-CDPL log entry] PWDP: message receiver is alive.
1757102877.220605: 680367-7f00367fc700: cdpl_compat_master.c:5948: in cdplMasterLogInfo(): info: [non-CDPL log entry] PWDP: master status watchdog is alive.
1757102884.509746: 680367-7f00377fe700: cdpl_compat_master.c:5971: in cdplMasterLogWarning(): warning: [non-CDPL log entry] PWDP: master does not receive message over 60 seconds!
1757102908.223114: 680367-7f007dc59540: cdpl_server.c:3008: in cdpl_sv_halt_job_errno(): info: killing job J1
1757102908.223157: 680367-7f007dc59540: cdpl_server.c:3044: in cdpl_sv_halt_job_errno(): debug: signal bin B1 scheduler to stop
1757102908.223206: 680367-7f00357fa700: cdpl_server_sched.c:2484: in _sv_scheduler_thread(): debug: scheduler for bin B1 stopped
1757102908.223262: 680367-7f007dc59540: cdpl_server.c:294: in _sv_free_job(): info: freeing job J1
1757102908.223268: 680367-7f007dc59540: cdpl_server.c:92: in _sv_free_bin(): debug: freeing bin B1
1757102908.223275: 680367-7f007dc59540: cdpl_monitor.c:515: in cdpl_mn_kill(): info: killing monitor
1757102908.223277: 680367-7f007dc59540: cdpl_ipc.c:3677: in cdpl_ipc_kill(): debug: stopping event server
1757102908.223289: 680367-7f0040ae1700: cdpl_ipc.c:2460: in _epoll_main(): debug: server going down...
1757102908.223304: 680367-7f00422e4700: cdpl_ipc.c:775: in _readv(): warning: read(): EOF
1757102908.223315: 680367-7f00422e4700: cdpl_ipc.c:2100: in _epoll_recv(): debug: _readv(): Broken pipe
1757102908.223318: 680367-7f00422e4700: cdpl_ipc.c:2424: in _epoll_main(): debug: _epoll_recv(): Broken pipe
1757102908.223322: 680367-7f00422e4700: cdpl_ipc.c:1657: in _host_drop__UNSAFE(): debug: dropping host `152.14.98.53:48338'
1757102908.223371: 680367-7f0041ae3700: cdpl_server_ipc.c:1236: in _sv_ipc_thread(): debug: received DROP notification
1757102908.223383: 680367-7f0041ae3700: cdpl_monitor.c:1269: in cdpl_mn_drop(): debug: detaching from monitor `152.14.98.53:48338'
1757102908.223387: 680367-7f0041ae3700: cdpl_monitor.c:1101: in mn_systat_stop(): debug: joining systat thread
1757102908.223454: 680367-7f0036ffd700: cdpl_monitor.c:1079: in mn_systat(): debug: exiting
1757102908.223479: 680367-7f0041ae3700: cdpl_monitor.c:1103: in mn_systat_stop(): debug: systat thread done
1757102908.223483: 680367-7f0041ae3700: cdpl_ipc.c:2513: in cdpl_ipc_host_release(): debug: releasing host `152.14.98.53:48338'
1757102908.223623: 680367-7f00412e2700: cdpl_ipc.c:3728: in cdpl_ipc_free(): debug: releasing IPC handle
1757102908.223636: 680367-7f00412e2700: cdpl_ipc.c:3742: in cdpl_ipc_free(): debug: 1 unread messages
1757102908.223639: 680367-7f00412e2700: cdpl_ipc.c:1582: in _host_free__UNSAFE(): debug: freeing host `152.14.98.53:34115'
1757102908.223640: 680367-7f00412e2700: cdpl_ipc.c:1621: in _host_free__UNSAFE(): debug: [0 outq, 0 spR, 0 spW]
1757102908.223662: 680367-7f00412e2700: cdpl_ipc.c:3756: in cdpl_ipc_free(): warning: 1 host(s) were not released
1757102908.223671: 680367-7f00412e2700: cdpl_ipc.c:3767: in cdpl_ipc_free(): debug: done
1757102908.223672: 680367-7f00412e2700: cdpl_monitor.c:1390: in cdpl_mn_free(): debug: freeing monitor client
1757102908.223741: 680367-7f007dc59540: cdpl_farm.c:2740: in cdpl_farm_free(): info: freeing farm
1757102908.223768: 680367-7f0034ff9700: cdpl_farm.c:2231: in _schedule(): debug: end of idling
1757102908.223774: 680367-7f0034ff9700: cdpl_farm.c:2235: in _schedule(): debug: dying
1757102908.223812: 680367-7f007dc59540: cdpl_farm.c:913: in _killall(): debug: killing all remaining commands
1757102908.223817: 680367-7f007dc59540: cdpl_server.c:3144: in cdpl_sv_free(): info: freeing server S1105218468
1757102908.223820: 680367-7f007dc59540: cdpl_server.c:3109: in cdpl_sv_kill_errno(): info: killing server
1757102908.223821: 680367-7f007dc59540: cdpl_ipc.c:3677: in cdpl_ipc_kill(): debug: stopping event server
1757102908.223830: 680367-7f00422e4700: cdpl_ipc.c:2460: in _epoll_main(): debug: server going down...
1757102908.223833: 680367-7f0041ae3700: cdpl_server_ipc.c:1200: in _sv_ipc_thread(): debug: leaving now
1757102908.223843: 680367-7f007dc59540: cdpl_server.c:334: in _sv_free_master(): info: freeing master M1
1757102908.223846: 680367-7f007dc59540: cdpl_hash.c:68: in cdpl_h_destroy(): debug: put operations: 1
1757102908.223847: 680367-7f007dc59540: cdpl_hash.c:69: in cdpl_h_destroy(): debug: put collisions: 0
1757102908.223849: 680367-7f007dc59540: cdpl_hash.c:70: in cdpl_h_destroy(): debug: get operations: 0
1757102908.223850: 680367-7f007dc59540: cdpl_hash.c:71: in cdpl_h_destroy(): debug: get iterations: 0
1757102908.223853: 680367-7f007dc59540: cdpl_monitor.c:1390: in cdpl_mn_free(): debug: freeing monitor server
1757102908.223856: 680367-7f007dc59540: cdpl_ipc.c:3728: in cdpl_ipc_free(): debug: releasing IPC handle
1757102908.223864: 680367-7f007dc59540: cdpl_ipc.c:1582: in _host_free__UNSAFE(): debug: freeing host `152.14.98.53:48338'
1757102908.223866: 680367-7f007dc59540: cdpl_ipc.c:1621: in _host_free__UNSAFE(): debug: [0 outq, 0 spR, 0 spW]
1757102908.223898: 680367-7f007dc59540: cdpl_ipc.c:3767: in cdpl_ipc_free(): debug: done
1757102908.223900: 680367-7f007dc59540: cdpl_log.c:481: in cdpl_log_close(): info: @@end_of_log@@
