1757367910.324944: 3874231-7f1849598ac0: cdpl_log.c:522: in cdpl_log_open(): info: @@start_of_log@@
1757367910.324975: 3874231-7f1849598ac0: cdpl_log.c:1425: in cdpl_log_dump_sysinfo(): info: time: 2025/09/08 17:45:10 EDT -0400
1757367910.324979: 3874231-7f1849598ac0: cdpl_log.c:1427: in cdpl_log_dump_sysinfo(): info: version: X-2025.06 
1757367910.324980: 3874231-7f1849598ac0: cdpl_log.c:1429: in cdpl_log_dump_sysinfo(): info: system: Linux 4.18.0-553.69.1.el8_10.x86_64 #1 SMP Thu Aug 7 18:10:00 EDT 2025
1757367910.324982: 3874231-7f1849598ac0: cdpl_log.c:1434: in cdpl_log_dump_sysinfo(): info: processor: x86_64 64-bits
1757367910.324983: 3874231-7f1849598ac0: cdpl_log.c:1438: in cdpl_log_dump_sysinfo(): info: hostname: claws-compute3.ece.ncsu.edu
1757367910.324985: 3874231-7f1849598ac0: cdpl_log.c:1440: in cdpl_log_dump_sysinfo(): info: program name: custom_shell
1757367910.324987: 3874231-7f1849598ac0: cdpl_log.c:525: in cdpl_log_open(): debug: path: /home/argershm/180-voltmeter/Analog/cc/synopsys_custom/pwdp_jobs/saeSession0_diffmodegain.SimulationSimulation_cdpl.0.3874231/logs/master.claws-compute3.ece.ncsu.edu.3874231.log
1757367910.324989: 3874231-7f1849598ac0: cdpl_log.c:526: in cdpl_log_open(): debug: dir: /home/argershm/180-voltmeter/Analog/cc/synopsys_custom/pwdp_jobs/saeSession0_diffmodegain.SimulationSimulation_cdpl.0.3874231/logs
1757367910.325024: 3874231-7f1849598ac0: cdpl_server.c:537: in cdpl_sv_init(): info: new server S768221750
1757367910.325032: 3874231-7f1849598ac0: cdpl_ipc.c:3475: in cdpl_ipc_init(): info: requesting IPv4 protocol
1757367910.329447: 3874231-7f1849598ac0: cdpl_ipc.c:837: in _selectaddrfamily(): info: selected IPv4 protocol
1757367910.329472: 3874231-7f1849598ac0: cdpl_ipc.c:1139: in _set_keepalive(): info: TCP keep alive interval: 300
1757367910.332262: 3874231-7f1849598ac0: cdpl_monitor.c:1117: in cdpl_mn_new_server(): info: creating server monitor instance
1757367910.332281: 3874231-7f1849598ac0: cdpl_server.c:651: in cdpl_sv_new_master(): info: new master M1
1757367910.332294: 3874231-7f1849598ac0: cdpl_server.c:6474: in cdpl_sv_ctl_master(): info: farm submit command timeout set to 600
1757367910.332296: 3874231-7f1849598ac0: cdpl_server.c:6537: in cdpl_sv_ctl_master(): info: Setting worker heartbeat to 120 seconds
1757367910.332298: 3874231-7f1849598ac0: cdpl_server.c:6546: in cdpl_sv_ctl_master(): info: Setting worker heartbeat timeout to 3 heartbeats
1757367910.332300: 3874231-7f1849598ac0: cdpl_compat_master.c:2108: in _parse_hostfile(): info: reading hostfile `/home/argershm/180-voltmeter/Analog/cc/synopsys_custom/pwdp_jobs/saeSession0_diffmodegain.SimulationSimulation_cdpl.0.3874231/host_file'
1757367910.332320: 3874231-7f1849598ac0: cdpl_compat_master.c:1918: in _hostfile_parser(): debug: parsing "1     |localhost|   -1  | /tmp | SH | sh"
1757367910.332331: 3874231-7f1849598ac0: cdpl_farm.c:2603: in cdpl_farm_new_sh(): info: creating SH farm on localhost
1757367910.332338: 3874231-7f1849598ac0: cdpl_compat_master.c:209: in _set_farm_env(): info: exporting CDPL_LOGDIR as `/home/argershm/180-voltmeter/Analog/cc/synopsys_custom/pwdp_jobs/saeSession0_diffmodegain.SimulationSimulation_cdpl.0.3874231/logs'
1757367910.332339: 3874231-7f1849598ac0: cdpl_compat_master.c:215: in _set_farm_env(): info: exporting CDPL_TMPDIR as `/tmp'
1757367910.332341: 3874231-7f1849598ac0: cdpl_compat_master.c:222: in _set_farm_env(): info: exporting CDPL_HOME as `/mnt/apps/public/COE/synopsys_apps/hspice/X-2025.06/hspice/cdpl'
1757367910.332343: 3874231-7f1849598ac0: cdpl_compat_master.c:238: in _set_farm_env(): info: exporting SNPSLMD_LICENSE_FILE as `27000@ece-lic-35.ece.ncsu.edu'
1757367910.332345: 3874231-7f1849598ac0: cdpl_compat_master.c:263: in _set_farm_env(): info: exporting CDPL_OPTIONS as `[nowlogs]'
1757367910.332346: 3874231-7f1849598ac0: cdpl_compat_master.c:270: in _set_farm_env(): info: exporting DISPLAY as `localhost:10.0'
1757367910.332348: 3874231-7f1849598ac0: cdpl_compat_master.c:278: in _set_farm_env(): info: exporting CDPL_HEARTBEAT as `120'
1757367910.332359: 3874231-7f1849598ac0: cdpl_farm.c:3166: in cdpl_farm_add_withdir(): debug: added `localhost' (capacity: unlimited)
1757367910.332365: 3874231-7f1849598ac0: cdpl_compat_parse.c:147: in parsefile(): debug: read `/home/argershm/180-voltmeter/Analog/cc/synopsys_custom/pwdp_jobs/saeSession0_diffmodegain.SimulationSimulation_cdpl.0.3874231/host_file', 2 lines
1757367910.332366: 3874231-7f1849598ac0: cdpl_compat_master.c:2975: in cdplInitMaster(): info: bcast dir is `/home/argershm/180-voltmeter/Analog/cc/synopsys_custom/pwdp_jobs/saeSession0_diffmodegain.SimulationSimulation_cdpl.0.3874231/logs'
1757367910.332420: 3874231-7f1849598ac0: cdpl_server.c:6437: in cdpl_sv_ctl_master(): info: farm worker timeout set to 300
1757367910.332421: 3874231-7f1849598ac0: cdpl_server.c:6474: in cdpl_sv_ctl_master(): info: farm submit command timeout set to 600
1757367910.332423: 3874231-7f1849598ac0: cdpl_server.c:6490: in cdpl_sv_ctl_master(): info: maximum number of task execution attempts set to 1
1757367910.332439: 3874231-7f1849598ac0: cdpl_server.c:3201: in cdpl_sv_start(): debug: starting server
1757367910.332443: 3874231-7f1849598ac0: cdpl_ipc.c:3632: in cdpl_ipc_start(): debug: starting IPC server 152.14.98.53:45011
1757367910.332583: 3874231-7f17edff3700: cdpl_server_ipc.c:1182: in _sv_ipc_thread(): debug: ready
1757367910.332656: 3874231-7f17ee7f4700: cdpl_monitor.c:426: in cdpl_mn_init_client(): info: creating client monitor instance
1757367910.332669: 3874231-7f17ee7f4700: cdpl_ipc.c:3475: in cdpl_ipc_init(): info: requesting IPv4 protocol
1757367910.338216: 3874231-7f17ee7f4700: cdpl_ipc.c:837: in _selectaddrfamily(): info: selected IPv4 protocol
1757367910.338238: 3874231-7f17ee7f4700: cdpl_ipc.c:1139: in _set_keepalive(): info: TCP keep alive interval: 300
1757367910.340983: 3874231-7f17ee7f4700: cdpl_ipc.c:3632: in cdpl_ipc_start(): debug: starting IPC server 152.14.98.53:44125
1757367910.341076: 3874231-7f17ee7f4700: cdpl_monitor.c:471: in cdpl_mn_init_client(): debug: incoming messages in /tmp/cdpl-monitor-yj4KOe
1757367910.341201: 3874231-7f17ee7f4700: cdpl_monitor.c:533: in cdpl_mn_connect(): debug: connecting to 152.14.98.53:45011
1757367910.341211: 3874231-7f17ee7f4700: cdpl_ipc.c:3789: in cdpl_ipc_connect(): info: connecting to 152.14.98.53:45011
1757367910.341320: 3874231-7f17ee7f4700: cdpl_ipc.c:3860: in cdpl_ipc_connect(): info: connected as `152.14.98.53:43612'
1757367910.341336: 3874231-7f17ee7f4700: cdpl_ipc.c:2503: in cdpl_ipc_host_accept(): debug: accepted host `152.14.98.53:45011'
1757367910.341354: 3874231-7f17ed7f2700: cdpl_ipc.c:1862: in _epoll_accept(): debug: new connection from `152.14.98.53:43612'
1757367910.341374: 3874231-7f17ee7f4700: cdpl_monitor.c:579: in cdpl_mn_connect(): debug: ok
1757367910.341393: 3874231-7f17edff3700: cdpl_server_ipc.c:1225: in _sv_ipc_thread(): debug: received ACCEPT notification
1757367910.341402: 3874231-7f1849598ac0: cdpl_server.c:732: in cdpl_sv_new_job(): info: new job J1 in M1
1757367910.341406: 3874231-7f17edff3700: cdpl_ipc.c:2503: in cdpl_ipc_host_accept(): debug: accepted host `152.14.98.53:43612'
1757367910.341416: 3874231-7f17edff3700: cdpl_server_ipc.c:1256: in _sv_ipc_thread(): debug: received MONITOR message
1757367910.341533: 3874231-7f1849598ac0: cdpl_compat_master.c:1599: in _add_worker(): info: new worker type 10, min:1, max:3, cmd:`/home/argershm/180-voltmeter/Analog/cc/synopsys_custom/pwdp_jobs/saeSession0_diffmodegain.SimulationSimulation_cdpl.0.3874231/START_WORKER pw_worker -i /home/argershm/180-voltmeter/Analog/cc/synopsys_custom/pwdp_jobs
1757367910.341545: 3874231-7f1849598ac0: cdpl_server.c:909: in cdpl_sv_new_bin_withfarm(): info: new bin B1 in J1
1757367910.341612: 3874231-7f17edff3700: cdpl_monitor.c:1207: in cdpl_mn_accept(): debug: accepted monitor `152.14.98.53:43612'
1757367910.341616: 3874231-7f1806ffd700: cdpl_monitor.c:910: in mn_systat(): debug: started
1757367910.341621: 3874231-7f17edff3700: cdpl_server_ipc_mon.c:120: in _globalLOCK(): debug: ENTERTING GLOBAL LOCK
1757367910.341624: 3874231-7f17edff3700: cdpl_server_ipc_mon.c:164: in _globalLOCK(): debug: global lock acquired
1757367910.341892: 3874231-7f1806ffd700: cdpl_monitor.c:937: in mn_systat(): debug: monitor server flush rate: 5
1757367911.206080: 3874231-7f17edff3700: cdpl_server_ipc_mon.c:210: in _globalUNLOCK(): debug: LEAVING GLOBAL LOCK
1757367911.206103: 3874231-7f1849598ac0: cdpl_server.c:3255: in cdpl_sv_start_job(): info: starting job J1
1757367911.206135: 3874231-7f1849598ac0: cdpl_server.c:63: in _sv_start_bin(): debug: starting bin B1 (min: 0, max: 3)
1757367911.206233: 3874231-7f18057fa700: cdpl_server_sched.c:2483: in _sv_scheduler_thread(): debug: scheduler for bin B1 started
1757367911.206272: 3874231-7f1849598ac0: cdpl_server.c:1899: in _sv_gen_task(): info: new task T0 in B1 (prio 0)
1757367911.206311: 3874231-7f1849598ac0: cdpl_server.c:2704: in cdpl_sv_label_task_va(): info: setting task T0 label to "PrimeSim_1|PrimeSim"
1757367911.206357: 3874231-7f18057fa700: cdpl_server_sched.c:2444: in _scheduler_run(): debug: will start a new worker
1757367911.206389: 3874231-7f18057fa700: cdpl_farm.c:3994: in cdpl_farm_submit(): debug: 1 running processes
1757367911.206392: 3874231-7f18057fa700: cdpl_farm.c:4002: in cdpl_farm_submit(): debug: new command C1 in bin B1 assigned to host `localhost'
1757367911.206395: 3874231-7f1849598ac0: cdpl_compat_master.c:6059: in cdplMasterLogInfo(): info: [non-CDPL log entry] PWDP: add new job job_name=PrimeSim_1 assigned task T0 vector_id=0.
1757367911.206458: 3874231-7f18057fa700: cdpl_server_sched.c:705: in _sv_launch_worker(): info: started worker W1 (as C1) in bin B1
1757367911.206472: 3874231-7f1804ff9700: cdpl_farm.c:2164: in _schedule(): debug: started
1757367911.206478: 3874231-7f1804ff9700: cdpl_farm.c:2169: in _schedule(): info: worker submit command timeout set to 600 seconds
1757367911.206482: 3874231-7f1804ff9700: cdpl_farm.c:2328: in _schedule(): debug: submitting command C1 in bin B1
1757367911.206490: 3874231-7f1804ff9700: cdpl_sh.c:50: in _sh_detached_submit(): info: SH : /home/argershm/180-voltmeter/Analog/cc/synopsys_custom/pwdp_jobs/saeSession0_diffmodegain.SimulationSimulation_cdpl.0.3874231/START_WORKER pw_worker -i /home/argershm/180-voltmeter/Analog/cc/synopsys_custom/pwdp_jobs/saeSession0_diffmodegain.SimulationSimulation_cdpl.0.3874231 -t 10000
1757367911.207056: 3874231-7f1804ff9700: cdpl_farm.c:2368: in _schedule(): debug: C1 in bin B1 running on slot 0
1757367911.207070: 3874231-7f1804ff9700: cdpl_farm.c:2192: in _schedule(): debug: idle
1757367911.507142: 3874231-7f1804ff9700: cdpl_farm.c:1212: in _onexit(): debug: C1 in bin B1 exited normally on slot 0
1757367911.798766: 3874231-7f1849598ac0: cdpl_compat_master.c:6059: in cdplMasterLogInfo(): info: [non-CDPL log entry] PWDP3: reset pilot cache succeeded, pilot_key=saeSession0,1,diff_mode_gain|&/home/argershm/180-voltmeter/Analog/cc/simulation/argershm,tb_main_opamp,schematic/history_1/simulation/diff_mode_gain/PrimeSimSPICE/nominal/results
1757367912.315289: 3874231-7f1805ffb700: cdpl_compat_master.c:6059: in cdplMasterLogInfo(): info: [non-CDPL log entry] PWDP - no-workers started ok check start!
1757367912.946978: 3874231-7f17ed7f2700: cdpl_ipc.c:1862: in _epoll_accept(): debug: new connection from `152.14.98.53:43618'
1757367912.947018: 3874231-7f17edff3700: cdpl_server_ipc.c:1225: in _sv_ipc_thread(): debug: received ACCEPT notification
1757367912.947036: 3874231-7f17edff3700: cdpl_ipc.c:2503: in cdpl_ipc_host_accept(): debug: accepted host `152.14.98.53:43618'
1757367912.947141: 3874231-7f17edff3700: cdpl_server_ipc.c:1246: in _sv_ipc_thread(): debug: received HELLO message
1757367912.947147: 3874231-7f17edff3700: cdpl_server_ipc.c:430: in _sv_on_hello(): debug: looking up W1
1757367912.947150: 3874231-7f17edff3700: cdpl_server_ipc.c:540: in _sv_on_hello(): info: W1 is `152.14.98.53:43618'
1757367912.947152: 3874231-7f17edff3700: cdpl_server_ipc.c:541: in _sv_on_hello(): debug: hello W1 (B1)
1757367912.947154: 3874231-7f17edff3700: cdpl_server_ipc.c:542: in _sv_on_hello(): info: W1 log file is /dev/null
1757367912.947194: 3874231-7f17edff3700: cdpl_server_ipc.c:602: in _sv_on_hello(): info: up to 1 alive workers in B1
1757367912.947207: 3874231-7f17edff3700: cdpl_farm.c:897: in _release_cmd(): debug: freeing command C1 in bin B1
1757367912.947216: 3874231-7f18057fa700: cdpl_server_sched.c:960: in _assign(): info: assigning task T0 to worker W1
1757367913.012511: 3874231-7f17edff3700: cdpl_server_ipc.c:1268: in _sv_ipc_thread(): debug: received RELAY message
1757367913.012525: 3874231-7f17edff3700: cdpl_server_ipc.c:713: in _sv_on_relay(): debug: RELAY message from W1, size = 65
1757367913.012527: 3874231-7f17edff3700: cdpl_server_ipc.c:715: in _sv_on_relay(): debug: RELAY message from W1, content = 0$3888213 claws-compute3.ece.ncsu.edu 3888273 RUNNING 1757367912
1757367913.947405: 3874231-7f17edff3700: cdpl_server_ipc.c:312: in _sv_on_heartbeat(): debug: received HEARTBEAT from worker W1 at 152.14.98.53:43618
1757367915.342578: 3874231-7f17ee7f4700: cdpl_monitor.c:533: in cdpl_mn_connect(): debug: connecting to 152.14.98.53:39121
1757367915.342589: 3874231-7f17ee7f4700: cdpl_ipc.c:3789: in cdpl_ipc_connect(): info: connecting to 152.14.98.53:39121
1757367915.342677: 3874231-7f17ee7f4700: cdpl_ipc.c:3860: in cdpl_ipc_connect(): info: connected as `152.14.98.53:52984'
1757367915.342684: 3874231-7f17ee7f4700: cdpl_ipc.c:2503: in cdpl_ipc_host_accept(): debug: accepted host `152.14.98.53:39121'
1757367915.342689: 3874231-7f17ee7f4700: cdpl_monitor.c:579: in cdpl_mn_connect(): debug: ok
1757367920.093564: 3874231-7f17edff3700: cdpl_server_ipc.c:1268: in _sv_ipc_thread(): debug: received RELAY message
1757367920.093578: 3874231-7f17edff3700: cdpl_server_ipc.c:713: in _sv_on_relay(): debug: RELAY message from W1, size = 50
1757367920.093581: 3874231-7f17edff3700: cdpl_server_ipc.c:715: in _sv_on_relay(): debug: RELAY message from W1, content = WORKERDU|28,/dev/mapper/rhel_claws--compute3-home
1757367920.110758: 3874231-7f17edff3700: cdpl_server_ipc.c:1268: in _sv_ipc_thread(): debug: received RELAY message
1757367920.110767: 3874231-7f17edff3700: cdpl_server_ipc.c:713: in _sv_on_relay(): debug: RELAY message from W1, size = 40
1757367920.110769: 3874231-7f17edff3700: cdpl_server_ipc.c:715: in _sv_on_relay(): debug: RELAY message from W1, content = 0$- - - MEASDOING 1757367912|1757367920
1757367920.473890: 3874231-7f17edff3700: cdpl_server_ipc.c:1268: in _sv_ipc_thread(): debug: received RELAY message
1757367920.473899: 3874231-7f17edff3700: cdpl_server_ipc.c:713: in _sv_on_relay(): debug: RELAY message from W1, size = 77
1757367920.473902: 3874231-7f17edff3700: cdpl_server_ipc.c:715: in _sv_on_relay(): debug: RELAY message from W1, content = 0$3888213 claws-compute3.ece.ncsu.edu 3888273 FAILED 1757367912|1757367920|8
1757367920.491346: 3874231-7f17edff3700: cdpl_server_ipc.c:1251: in _sv_ipc_thread(): debug: received FINISH message
1757367920.491354: 3874231-7f17edff3700: cdpl_server_ipc.c:983: in _sv_on_finish(): info: worker W1 completed task T0
1757367920.491356: 3874231-7f17edff3700: cdpl_server_ipc.c:988: in _sv_on_finish(): debug: stat T0: utime=3915 stime=2286
1757367920.491358: 3874231-7f17edff3700: cdpl_server_ipc.c:993: in _sv_on_finish(): debug: statm T0: vsize=3171504 rss=1060004 shared=538736 text=493304 data=717420
1757367920.546995: 3874231-7f17edff3700: cdpl_server_ipc.c:1268: in _sv_ipc_thread(): debug: received RELAY message
1757367920.547003: 3874231-7f17edff3700: cdpl_server_ipc.c:713: in _sv_on_relay(): debug: RELAY message from W1, size = 50
1757367920.547005: 3874231-7f17edff3700: cdpl_server_ipc.c:715: in _sv_on_relay(): debug: RELAY message from W1, content = WORKERDU|24,/dev/mapper/rhel_claws--compute3-home
1757367920.571655: 3874231-7f1849598ac0: cdpl_server.c:228: in _sv_free_task_safe(): debug: freeing task T0
1757367940.547541: 3874231-7f17eeff5700: cdpl_ipc.c:775: in _readv(): warning: read(): EOF
1757367940.547565: 3874231-7f17ed7f2700: cdpl_ipc.c:775: in _readv(): warning: read(): EOF
1757367940.547590: 3874231-7f17eeff5700: cdpl_ipc.c:2100: in _epoll_recv(): debug: _readv(): Broken pipe
1757367940.547594: 3874231-7f17eeff5700: cdpl_ipc.c:2424: in _epoll_main(): debug: _epoll_recv(): Broken pipe
1757367940.547605: 3874231-7f17eeff5700: cdpl_ipc.c:1657: in _host_drop__UNSAFE(): debug: dropping host `152.14.98.53:39121'
1757367940.547609: 3874231-7f17ed7f2700: cdpl_ipc.c:2100: in _epoll_recv(): debug: _readv(): Broken pipe
1757367940.547612: 3874231-7f17ed7f2700: cdpl_ipc.c:2424: in _epoll_main(): debug: _epoll_recv(): Broken pipe
1757367940.547616: 3874231-7f17ed7f2700: cdpl_ipc.c:1657: in _host_drop__UNSAFE(): debug: dropping host `152.14.98.53:43618'
1757367940.547658: 3874231-7f1807fff700: cdpl_monitor.c:290: in mn_listen(): debug: received DROP message
1757367940.547669: 3874231-7f17edff3700: cdpl_server_ipc.c:1236: in _sv_ipc_thread(): debug: received DROP notification
1757367940.547706: 3874231-7f1807fff700: cdpl_ipc.c:2513: in cdpl_ipc_host_release(): debug: releasing host `152.14.98.53:39121'
1757367940.547713: 3874231-7f17edff3700: cdpl_server_sched.c:2797: in _sv_record_crashed_worker(): debug: dropping worker W1
1757367940.547716: 3874231-7f17edff3700: cdpl_server_ipc.c:188: in _sv_on_drop_worker(): debug: down to 0 live workers in B1
1757367940.547775: 3874231-7f18057fa700: cdpl_server_sched.c:750: in _empty_trash(): debug: freeing worker W1 while emptying trash list for bin B1
1757367940.547790: 3874231-7f18057fa700: cdpl_farm.c:4174: in cdpl_farm_dismiss(): debug: down to 0 running processes
1757367940.547800: 3874231-7f18057fa700: cdpl_server_sched.c:121: in _free_worker_2(): debug: freeing worker W1
1757367940.547808: 3874231-7f18057fa700: cdpl_ipc.c:2513: in cdpl_ipc_host_release(): debug: releasing host `152.14.98.53:43618'
1757367940.547810: 3874231-7f18057fa700: cdpl_ipc.c:2529: in cdpl_ipc_host_release(): debug: scheduling for immediate release
1757367945.342727: 3874231-7f17ed7f2700: cdpl_ipc.c:1582: in _host_free__UNSAFE(): debug: freeing host `152.14.98.53:43618'
1757367945.342741: 3874231-7f17ed7f2700: cdpl_ipc.c:1621: in _host_free__UNSAFE(): debug: [0 outq, 0 spR, 0 spW]
1757367945.342746: 3874231-7f17eeff5700: cdpl_ipc.c:1582: in _host_free__UNSAFE(): debug: freeing host `152.14.98.53:39121'
1757367945.342752: 3874231-7f17eeff5700: cdpl_ipc.c:1621: in _host_free__UNSAFE(): debug: [0 outq, 0 spR, 0 spW]
1757367971.507282: 3874231-7f1804ff9700: cdpl_farm.c:2198: in _schedule(): debug: idle
1757367980.934968: 3874231-7f18067fc700: cdpl_compat_master.c:6082: in cdplMasterLogWarning(): warning: [non-CDPL log entry] PWDP: master does not receive message over 60 seconds!
1757368031.507356: 3874231-7f1804ff9700: cdpl_farm.c:2198: in _schedule(): debug: idle
1757368031.930135: 3874231-7f18067fc700: cdpl_compat_master.c:6059: in cdplMasterLogInfo(): info: [non-CDPL log entry] PWDP: message receiver is alive.
1757368033.024795: 3874231-7f1805ffb700: cdpl_compat_master.c:6059: in cdplMasterLogInfo(): info: [non-CDPL log entry] PWDP: master status watchdog is alive.
1757368041.317088: 3874231-7f18067fc700: cdpl_compat_master.c:6082: in cdplMasterLogWarning(): warning: [non-CDPL log entry] PWDP: master does not receive message over 60 seconds!
1757368091.507553: 3874231-7f1804ff9700: cdpl_farm.c:2198: in _schedule(): debug: idle
1757368101.776902: 3874231-7f18067fc700: cdpl_compat_master.c:6082: in cdplMasterLogWarning(): warning: [non-CDPL log entry] PWDP: master does not receive message over 60 seconds!
1757368151.507737: 3874231-7f1804ff9700: cdpl_farm.c:2198: in _schedule(): debug: idle
1757368152.860335: 3874231-7f18067fc700: cdpl_compat_master.c:6059: in cdplMasterLogInfo(): info: [non-CDPL log entry] PWDP: message receiver is alive.
1757368154.034049: 3874231-7f1805ffb700: cdpl_compat_master.c:6059: in cdplMasterLogInfo(): info: [non-CDPL log entry] PWDP: master status watchdog is alive.
1757368162.272585: 3874231-7f18067fc700: cdpl_compat_master.c:6082: in cdplMasterLogWarning(): warning: [non-CDPL log entry] PWDP: master does not receive message over 60 seconds!
1757368211.507883: 3874231-7f1804ff9700: cdpl_farm.c:2198: in _schedule(): debug: idle
1757368222.688167: 3874231-7f18067fc700: cdpl_compat_master.c:6082: in cdplMasterLogWarning(): warning: [non-CDPL log entry] PWDP: master does not receive message over 60 seconds!
1757368271.508054: 3874231-7f1804ff9700: cdpl_farm.c:2198: in _schedule(): debug: idle
1757368273.760332: 3874231-7f18067fc700: cdpl_compat_master.c:6059: in cdplMasterLogInfo(): info: [non-CDPL log entry] PWDP: message receiver is alive.
1757368275.043929: 3874231-7f1805ffb700: cdpl_compat_master.c:6059: in cdplMasterLogInfo(): info: [non-CDPL log entry] PWDP: master status watchdog is alive.
1757368283.181968: 3874231-7f18067fc700: cdpl_compat_master.c:6082: in cdplMasterLogWarning(): warning: [non-CDPL log entry] PWDP: master does not receive message over 60 seconds!
1757368331.508220: 3874231-7f1804ff9700: cdpl_farm.c:2198: in _schedule(): debug: idle
1757368343.659337: 3874231-7f18067fc700: cdpl_compat_master.c:6082: in cdplMasterLogWarning(): warning: [non-CDPL log entry] PWDP: master does not receive message over 60 seconds!
1757368391.508395: 3874231-7f1804ff9700: cdpl_farm.c:2198: in _schedule(): debug: idle
1757368394.703631: 3874231-7f18067fc700: cdpl_compat_master.c:6059: in cdplMasterLogInfo(): info: [non-CDPL log entry] PWDP: message receiver is alive.
1757368396.053812: 3874231-7f1805ffb700: cdpl_compat_master.c:6059: in cdplMasterLogInfo(): info: [non-CDPL log entry] PWDP: master status watchdog is alive.
1757368404.136636: 3874231-7f18067fc700: cdpl_compat_master.c:6082: in cdplMasterLogWarning(): warning: [non-CDPL log entry] PWDP: master does not receive message over 60 seconds!
1757368451.508572: 3874231-7f1804ff9700: cdpl_farm.c:2198: in _schedule(): debug: idle
1757368464.596828: 3874231-7f18067fc700: cdpl_compat_master.c:6082: in cdplMasterLogWarning(): warning: [non-CDPL log entry] PWDP: master does not receive message over 60 seconds!
1757368511.508729: 3874231-7f1804ff9700: cdpl_farm.c:2198: in _schedule(): debug: idle
1757368515.628242: 3874231-7f18067fc700: cdpl_compat_master.c:6059: in cdplMasterLogInfo(): info: [non-CDPL log entry] PWDP: message receiver is alive.
1757368517.063683: 3874231-7f1805ffb700: cdpl_compat_master.c:6059: in cdplMasterLogInfo(): info: [non-CDPL log entry] PWDP: master status watchdog is alive.
1757368525.081110: 3874231-7f18067fc700: cdpl_compat_master.c:6082: in cdplMasterLogWarning(): warning: [non-CDPL log entry] PWDP: master does not receive message over 60 seconds!
1757368571.508901: 3874231-7f1804ff9700: cdpl_farm.c:2198: in _schedule(): debug: idle
1757368585.570050: 3874231-7f18067fc700: cdpl_compat_master.c:6082: in cdplMasterLogWarning(): warning: [non-CDPL log entry] PWDP: master does not receive message over 60 seconds!
1757368631.509064: 3874231-7f1804ff9700: cdpl_farm.c:2198: in _schedule(): debug: idle
1757368636.613887: 3874231-7f18067fc700: cdpl_compat_master.c:6059: in cdplMasterLogInfo(): info: [non-CDPL log entry] PWDP: message receiver is alive.
1757368638.073281: 3874231-7f1805ffb700: cdpl_compat_master.c:6059: in cdplMasterLogInfo(): info: [non-CDPL log entry] PWDP: master status watchdog is alive.
1757368646.072147: 3874231-7f18067fc700: cdpl_compat_master.c:6082: in cdplMasterLogWarning(): warning: [non-CDPL log entry] PWDP: master does not receive message over 60 seconds!
1757368691.509229: 3874231-7f1804ff9700: cdpl_farm.c:2198: in _schedule(): debug: idle
1757368706.503506: 3874231-7f18067fc700: cdpl_compat_master.c:6082: in cdplMasterLogWarning(): warning: [non-CDPL log entry] PWDP: master does not receive message over 60 seconds!
1757368751.509385: 3874231-7f1804ff9700: cdpl_farm.c:2198: in _schedule(): debug: idle
1757368757.483931: 3874231-7f18067fc700: cdpl_compat_master.c:6059: in cdplMasterLogInfo(): info: [non-CDPL log entry] PWDP: message receiver is alive.
1757368759.082779: 3874231-7f1805ffb700: cdpl_compat_master.c:6059: in cdplMasterLogInfo(): info: [non-CDPL log entry] PWDP: master status watchdog is alive.
1757368766.938575: 3874231-7f18067fc700: cdpl_compat_master.c:6082: in cdplMasterLogWarning(): warning: [non-CDPL log entry] PWDP: master does not receive message over 60 seconds!
1757368811.509852: 3874231-7f1804ff9700: cdpl_farm.c:2198: in _schedule(): debug: idle
1757368827.375253: 3874231-7f18067fc700: cdpl_compat_master.c:6082: in cdplMasterLogWarning(): warning: [non-CDPL log entry] PWDP: master does not receive message over 60 seconds!
1757368871.510020: 3874231-7f1804ff9700: cdpl_farm.c:2198: in _schedule(): debug: idle
1757368878.331152: 3874231-7f18067fc700: cdpl_compat_master.c:6059: in cdplMasterLogInfo(): info: [non-CDPL log entry] PWDP: message receiver is alive.
1757368880.092201: 3874231-7f1805ffb700: cdpl_compat_master.c:6059: in cdplMasterLogInfo(): info: [non-CDPL log entry] PWDP: master status watchdog is alive.
1757368887.795983: 3874231-7f18067fc700: cdpl_compat_master.c:6082: in cdplMasterLogWarning(): warning: [non-CDPL log entry] PWDP: master does not receive message over 60 seconds!
1757368931.510189: 3874231-7f1804ff9700: cdpl_farm.c:2198: in _schedule(): debug: idle
1757368948.206864: 3874231-7f18067fc700: cdpl_compat_master.c:6082: in cdplMasterLogWarning(): warning: [non-CDPL log entry] PWDP: master does not receive message over 60 seconds!
1757368991.510351: 3874231-7f1804ff9700: cdpl_farm.c:2198: in _schedule(): debug: idle
1757368999.186107: 3874231-7f18067fc700: cdpl_compat_master.c:6059: in cdplMasterLogInfo(): info: [non-CDPL log entry] PWDP: message receiver is alive.
1757369001.103155: 3874231-7f1805ffb700: cdpl_compat_master.c:6059: in cdplMasterLogInfo(): info: [non-CDPL log entry] PWDP: master status watchdog is alive.
1757369008.665894: 3874231-7f18067fc700: cdpl_compat_master.c:6082: in cdplMasterLogWarning(): warning: [non-CDPL log entry] PWDP: master does not receive message over 60 seconds!
1757369051.510522: 3874231-7f1804ff9700: cdpl_farm.c:2198: in _schedule(): debug: idle
1757369069.095848: 3874231-7f18067fc700: cdpl_compat_master.c:6082: in cdplMasterLogWarning(): warning: [non-CDPL log entry] PWDP: master does not receive message over 60 seconds!
1757369111.510666: 3874231-7f1804ff9700: cdpl_farm.c:2198: in _schedule(): debug: idle
1757369120.011406: 3874231-7f18067fc700: cdpl_compat_master.c:6059: in cdplMasterLogInfo(): info: [non-CDPL log entry] PWDP: message receiver is alive.
1757369122.112785: 3874231-7f1805ffb700: cdpl_compat_master.c:6059: in cdplMasterLogInfo(): info: [non-CDPL log entry] PWDP: master status watchdog is alive.
1757369129.491388: 3874231-7f18067fc700: cdpl_compat_master.c:6082: in cdplMasterLogWarning(): warning: [non-CDPL log entry] PWDP: master does not receive message over 60 seconds!
1757369157.115683: 3874231-7f1849598ac0: cdpl_server.c:3014: in cdpl_sv_halt_job_errno(): info: killing job J1
1757369157.115716: 3874231-7f1849598ac0: cdpl_server.c:3050: in cdpl_sv_halt_job_errno(): debug: signal bin B1 scheduler to stop
1757369157.115747: 3874231-7f18057fa700: cdpl_server_sched.c:2485: in _sv_scheduler_thread(): debug: scheduler for bin B1 stopped
1757369157.115773: 3874231-7f1849598ac0: cdpl_server.c:295: in _sv_free_job(): info: freeing job J1
1757369157.115776: 3874231-7f1849598ac0: cdpl_server.c:93: in _sv_free_bin(): debug: freeing bin B1
1757369157.115782: 3874231-7f1849598ac0: cdpl_monitor.c:515: in cdpl_mn_kill(): info: killing monitor
1757369157.115784: 3874231-7f1849598ac0: cdpl_ipc.c:3677: in cdpl_ipc_kill(): debug: stopping event server
1757369157.115826: 3874231-7f17eeff5700: cdpl_ipc.c:2460: in _epoll_main(): debug: server going down...
1757369157.115860: 3874231-7f17ed7f2700: cdpl_ipc.c:775: in _readv(): warning: read(): EOF
1757369157.115873: 3874231-7f17ed7f2700: cdpl_ipc.c:2100: in _epoll_recv(): debug: _readv(): Broken pipe
1757369157.115876: 3874231-7f17ed7f2700: cdpl_ipc.c:2424: in _epoll_main(): debug: _epoll_recv(): Broken pipe
1757369157.115881: 3874231-7f17ed7f2700: cdpl_ipc.c:1657: in _host_drop__UNSAFE(): debug: dropping host `152.14.98.53:43612'
1757369157.115913: 3874231-7f17edff3700: cdpl_server_ipc.c:1236: in _sv_ipc_thread(): debug: received DROP notification
1757369157.115924: 3874231-7f17edff3700: cdpl_monitor.c:1269: in cdpl_mn_drop(): debug: detaching from monitor `152.14.98.53:43612'
1757369157.115929: 3874231-7f17edff3700: cdpl_monitor.c:1101: in mn_systat_stop(): debug: joining systat thread
1757369157.116211: 3874231-7f17ee7f4700: cdpl_ipc.c:3728: in cdpl_ipc_free(): debug: releasing IPC handle
1757369157.116219: 3874231-7f17ee7f4700: cdpl_ipc.c:1582: in _host_free__UNSAFE(): debug: freeing host `152.14.98.53:45011'
1757369157.116222: 3874231-7f17ee7f4700: cdpl_ipc.c:1621: in _host_free__UNSAFE(): debug: [0 outq, 0 spR, 0 spW]
1757369157.116232: 3874231-7f17ee7f4700: cdpl_ipc.c:3756: in cdpl_ipc_free(): warning: 1 host(s) were not released
1757369157.116240: 3874231-7f17ee7f4700: cdpl_ipc.c:3767: in cdpl_ipc_free(): debug: done
1757369157.116241: 3874231-7f17ee7f4700: cdpl_monitor.c:1390: in cdpl_mn_free(): debug: freeing monitor client
1757369157.116334: 3874231-7f1806ffd700: cdpl_monitor.c:1079: in mn_systat(): debug: exiting
1757369157.116361: 3874231-7f17edff3700: cdpl_monitor.c:1103: in mn_systat_stop(): debug: systat thread done
1757369157.116370: 3874231-7f17edff3700: cdpl_ipc.c:2513: in cdpl_ipc_host_release(): debug: releasing host `152.14.98.53:43612'
1757369157.116377: 3874231-7f1849598ac0: cdpl_farm.c:2765: in cdpl_farm_free(): info: freeing farm
1757369157.116397: 3874231-7f1804ff9700: cdpl_farm.c:2256: in _schedule(): debug: end of idling
1757369157.116406: 3874231-7f1804ff9700: cdpl_farm.c:2260: in _schedule(): debug: dying
1757369157.116450: 3874231-7f1849598ac0: cdpl_farm.c:932: in _killall(): debug: killing all remaining commands
1757369157.116456: 3874231-7f1849598ac0: cdpl_server.c:3150: in cdpl_sv_free(): info: freeing server S768221750
1757369157.116458: 3874231-7f1849598ac0: cdpl_server.c:3115: in cdpl_sv_kill_errno(): info: killing server
1757369157.116460: 3874231-7f1849598ac0: cdpl_ipc.c:3677: in cdpl_ipc_kill(): debug: stopping event server
1757369157.116478: 3874231-7f17ed7f2700: cdpl_ipc.c:2460: in _epoll_main(): debug: server going down...
1757369157.116489: 3874231-7f17edff3700: cdpl_server_ipc.c:1200: in _sv_ipc_thread(): debug: leaving now
1757369157.116502: 3874231-7f1849598ac0: cdpl_server.c:335: in _sv_free_master(): info: freeing master M1
1757369157.116504: 3874231-7f1849598ac0: cdpl_hash.c:68: in cdpl_h_destroy(): debug: put operations: 1
1757369157.116506: 3874231-7f1849598ac0: cdpl_hash.c:69: in cdpl_h_destroy(): debug: put collisions: 0
1757369157.116507: 3874231-7f1849598ac0: cdpl_hash.c:70: in cdpl_h_destroy(): debug: get operations: 0
1757369157.116509: 3874231-7f1849598ac0: cdpl_hash.c:71: in cdpl_h_destroy(): debug: get iterations: 0
1757369157.116512: 3874231-7f1849598ac0: cdpl_monitor.c:1390: in cdpl_mn_free(): debug: freeing monitor server
1757369157.116514: 3874231-7f1849598ac0: cdpl_ipc.c:3728: in cdpl_ipc_free(): debug: releasing IPC handle
1757369157.116516: 3874231-7f1849598ac0: cdpl_ipc.c:1582: in _host_free__UNSAFE(): debug: freeing host `152.14.98.53:43612'
1757369157.116519: 3874231-7f1849598ac0: cdpl_ipc.c:1621: in _host_free__UNSAFE(): debug: [0 outq, 0 spR, 0 spW]
1757369157.116545: 3874231-7f1849598ac0: cdpl_ipc.c:3767: in cdpl_ipc_free(): debug: done
1757369157.116548: 3874231-7f1849598ac0: cdpl_log.c:688: in cdpl_log_close(): info: @@end_of_log@@
