1756314883.858903: 181401-7f4c3957d540: cdpl_log.c:337: in cdpl_log_open(): info: @@start_of_log@@
1756314883.858926: 181401-7f4c3957d540: cdpl_log.c:1058: in cdpl_log_dump_sysinfo(): info: time: 2025/08/27 13:14:43 EDT -0400
1756314883.858929: 181401-7f4c3957d540: cdpl_log.c:1060: in cdpl_log_dump_sysinfo(): info: version: W-2024.09-SP1-2 
1756314883.858931: 181401-7f4c3957d540: cdpl_log.c:1062: in cdpl_log_dump_sysinfo(): info: system: Linux 4.18.0-553.69.1.el8_10.x86_64 #1 SMP Thu Aug 7 18:10:00 EDT 2025
1756314883.858932: 181401-7f4c3957d540: cdpl_log.c:1067: in cdpl_log_dump_sysinfo(): info: processor: x86_64 64-bits
1756314883.858933: 181401-7f4c3957d540: cdpl_log.c:1071: in cdpl_log_dump_sysinfo(): info: hostname: claws-compute3.ece.ncsu.edu
1756314883.858935: 181401-7f4c3957d540: cdpl_log.c:1073: in cdpl_log_dump_sysinfo(): info: program name: custom_shell
1756314883.858937: 181401-7f4c3957d540: cdpl_log.c:340: in cdpl_log_open(): debug: path: /home/argershm/180-voltmeter/Analog/cc/synopsys_custom/pwdp_jobs/saeSession0_diffmodegain.SimulationSimulation_cdpl.0.181401/logs/master.claws-compute3.ece.ncsu.edu.181401.log
1756314883.858939: 181401-7f4c3957d540: cdpl_log.c:341: in cdpl_log_open(): debug: dir: /home/argershm/180-voltmeter/Analog/cc/synopsys_custom/pwdp_jobs/saeSession0_diffmodegain.SimulationSimulation_cdpl.0.181401/logs
1756314883.858974: 181401-7f4c3957d540: cdpl_server.c:536: in cdpl_sv_init(): info: new server S1518516502
1756314883.858982: 181401-7f4c3957d540: cdpl_ipc.c:3475: in cdpl_ipc_init(): info: requesting IPv4 protocol
1756314883.862970: 181401-7f4c3957d540: cdpl_ipc.c:837: in _selectaddrfamily(): info: selected IPv4 protocol
1756314883.862993: 181401-7f4c3957d540: cdpl_ipc.c:1139: in _set_keepalive(): info: TCP keep alive interval: 300
1756314883.865750: 181401-7f4c3957d540: cdpl_monitor.c:1117: in cdpl_mn_new_server(): info: creating server monitor instance
1756314883.865764: 181401-7f4c3957d540: cdpl_server.c:650: in cdpl_sv_new_master(): info: new master M1
1756314883.865773: 181401-7f4c3957d540: cdpl_server.c:6533: in cdpl_sv_ctl_master(): info: Setting worker heartbeat to 120 seconds
1756314883.865775: 181401-7f4c3957d540: cdpl_server.c:6542: in cdpl_sv_ctl_master(): info: Setting worker heartbeat timeout to 3 heartbeats
1756314883.865777: 181401-7f4c3957d540: cdpl_compat_master.c:2090: in _parse_hostfile(): info: reading hostfile `/home/argershm/180-voltmeter/Analog/cc/synopsys_custom/pwdp_jobs/saeSession0_diffmodegain.SimulationSimulation_cdpl.0.181401/host_file'
1756314883.865796: 181401-7f4c3957d540: cdpl_compat_master.c:1900: in _hostfile_parser(): debug: parsing "1     |localhost|   -1  | /tmp | SH | sh"
1756314883.865810: 181401-7f4c3957d540: cdpl_farm.c:2578: in cdpl_farm_new_sh(): info: creating SH farm on localhost
1756314883.865816: 181401-7f4c3957d540: cdpl_compat_master.c:206: in _set_farm_env(): info: exporting CDPL_LOGDIR as `/home/argershm/180-voltmeter/Analog/cc/synopsys_custom/pwdp_jobs/saeSession0_diffmodegain.SimulationSimulation_cdpl.0.181401/logs'
1756314883.865817: 181401-7f4c3957d540: cdpl_compat_master.c:212: in _set_farm_env(): info: exporting CDPL_TMPDIR as `/tmp'
1756314883.865819: 181401-7f4c3957d540: cdpl_compat_master.c:235: in _set_farm_env(): info: exporting SNPSLMD_LICENSE_FILE as `27000@ece-lic-35.ece.ncsu.edu'
1756314883.865821: 181401-7f4c3957d540: cdpl_compat_master.c:259: in _set_farm_env(): info: exporting CDPL_OPTIONS as `[nowlogs]'
1756314883.865823: 181401-7f4c3957d540: cdpl_compat_master.c:266: in _set_farm_env(): info: exporting DISPLAY as `unix:27356'
1756314883.865824: 181401-7f4c3957d540: cdpl_compat_master.c:274: in _set_farm_env(): info: exporting CDPL_HEARTBEAT as `120'
1756314883.865834: 181401-7f4c3957d540: cdpl_farm.c:3149: in cdpl_farm_add_withdir(): debug: added `localhost' (capacity: unlimited)
1756314883.865836: 181401-7f4c3957d540: cdpl_compat_parse.c:147: in parsefile(): debug: read `/home/argershm/180-voltmeter/Analog/cc/synopsys_custom/pwdp_jobs/saeSession0_diffmodegain.SimulationSimulation_cdpl.0.181401/host_file', 2 lines
1756314883.865837: 181401-7f4c3957d540: cdpl_compat_master.c:2931: in cdplInitMaster(): info: bcast dir is `/home/argershm/180-voltmeter/Analog/cc/synopsys_custom/pwdp_jobs/saeSession0_diffmodegain.SimulationSimulation_cdpl.0.181401/logs'
1756314883.865889: 181401-7f4c3957d540: cdpl_server.c:6433: in cdpl_sv_ctl_master(): info: farm worker timeout set to 300
1756314883.865891: 181401-7f4c3957d540: cdpl_server.c:6486: in cdpl_sv_ctl_master(): info: maximum number of task execution attempts set to 1
1756314883.865906: 181401-7f4c3957d540: cdpl_server.c:3195: in cdpl_sv_start(): debug: starting server
1756314883.865910: 181401-7f4c3957d540: cdpl_ipc.c:3632: in cdpl_ipc_start(): debug: starting IPC server 152.14.98.53:42241
1756314883.866049: 181401-7f4bfd41e700: cdpl_server_ipc.c:1182: in _sv_ipc_thread(): debug: ready
1756314883.866213: 181401-7f4bfcc1d700: cdpl_monitor.c:426: in cdpl_mn_init_client(): info: creating client monitor instance
1756314883.866232: 181401-7f4bfcc1d700: cdpl_ipc.c:3475: in cdpl_ipc_init(): info: requesting IPv4 protocol
1756314883.871845: 181401-7f4bfcc1d700: cdpl_ipc.c:837: in _selectaddrfamily(): info: selected IPv4 protocol
1756314883.871868: 181401-7f4bfcc1d700: cdpl_ipc.c:1139: in _set_keepalive(): info: TCP keep alive interval: 300
1756314883.874406: 181401-7f4bfcc1d700: cdpl_ipc.c:3632: in cdpl_ipc_start(): debug: starting IPC server 152.14.98.53:42731
1756314883.874566: 181401-7f4bfcc1d700: cdpl_monitor.c:471: in cdpl_mn_init_client(): debug: incoming messages in /tmp/cdpl-monitor-8bCslr
1756314883.874633: 181401-7f4bfcc1d700: cdpl_monitor.c:533: in cdpl_mn_connect(): debug: connecting to 152.14.98.53:42241
1756314883.874642: 181401-7f4bfcc1d700: cdpl_ipc.c:3789: in cdpl_ipc_connect(): info: connecting to 152.14.98.53:42241
1756314883.874701: 181401-7f4bfcc1d700: cdpl_ipc.c:3860: in cdpl_ipc_connect(): info: connected as `152.14.98.53:53958'
1756314883.874717: 181401-7f4bfcc1d700: cdpl_ipc.c:2503: in cdpl_ipc_host_accept(): debug: accepted host `152.14.98.53:42241'
1756314883.874736: 181401-7f4bfdc1f700: cdpl_ipc.c:1862: in _epoll_accept(): debug: new connection from `152.14.98.53:53958'
1756314883.874754: 181401-7f4bfcc1d700: cdpl_monitor.c:579: in cdpl_mn_connect(): debug: ok
1756314883.874776: 181401-7f4c3957d540: cdpl_server.c:731: in cdpl_sv_new_job(): info: new job J1 in M1
1756314883.874795: 181401-7f4bfd41e700: cdpl_server_ipc.c:1225: in _sv_ipc_thread(): debug: received ACCEPT notification
1756314883.874801: 181401-7f4c3957d540: cdpl_compat_master.c:1581: in _add_worker(): info: new worker type 10, min:1, max:3, cmd:`/home/argershm/180-voltmeter/Analog/cc/synopsys_custom/pwdp_jobs/saeSession0_diffmodegain.SimulationSimulation_cdpl.0.181401/START_WORKER pw_worker -i /home/argershm/180-voltmeter/Analog/cc/synopsys_custom/pwdp_jobs/
1756314883.874806: 181401-7f4bfd41e700: cdpl_ipc.c:2503: in cdpl_ipc_host_accept(): debug: accepted host `152.14.98.53:53958'
1756314883.874814: 181401-7f4c3957d540: cdpl_server.c:908: in cdpl_sv_new_bin_withfarm(): info: new bin B1 in J1
1756314883.874818: 181401-7f4bfd41e700: cdpl_server_ipc.c:1256: in _sv_ipc_thread(): debug: received MONITOR message
1756314883.874974: 181401-7f4bfd41e700: cdpl_monitor.c:1207: in cdpl_mn_accept(): debug: accepted monitor `152.14.98.53:53958'
1756314883.874980: 181401-7f4bfd41e700: cdpl_server_ipc_mon.c:120: in _globalLOCK(): debug: ENTERTING GLOBAL LOCK
1756314883.874983: 181401-7f4bfd41e700: cdpl_server_ipc_mon.c:164: in _globalLOCK(): debug: global lock acquired
1756314883.874985: 181401-7f4bee7fc700: cdpl_monitor.c:910: in mn_systat(): debug: started
1756314883.875258: 181401-7f4bee7fc700: cdpl_monitor.c:937: in mn_systat(): debug: monitor server flush rate: 5
1756314884.644740: 181401-7f4bfd41e700: cdpl_server_ipc_mon.c:210: in _globalUNLOCK(): debug: LEAVING GLOBAL LOCK
1756314884.644758: 181401-7f4c3957d540: cdpl_server.c:3249: in cdpl_sv_start_job(): info: starting job J1
1756314884.644786: 181401-7f4c3957d540: cdpl_server.c:62: in _sv_start_bin(): debug: starting bin B1 (min: 0, max: 3)
1756314884.644916: 181401-7f4becff9700: cdpl_server_sched.c:2482: in _sv_scheduler_thread(): debug: scheduler for bin B1 started
1756314884.644929: 181401-7f4c3957d540: cdpl_server.c:1893: in _sv_gen_task(): info: new task T0 in B1 (prio 0)
1756314884.644966: 181401-7f4c3957d540: cdpl_server.c:2698: in cdpl_sv_label_task_va(): info: setting task T0 label to "PrimeSim_1|PrimeSim"
1756314884.645017: 181401-7f4becff9700: cdpl_server_sched.c:2443: in _scheduler_run(): debug: will start a new worker
1756314884.645065: 181401-7f4becff9700: cdpl_farm.c:3977: in cdpl_farm_submit(): debug: 1 running processes
1756314884.645067: 181401-7f4becff9700: cdpl_farm.c:3985: in cdpl_farm_submit(): debug: new command C1 in bin B1 assigned to host `localhost'
1756314884.645161: 181401-7f4becff9700: cdpl_server_sched.c:705: in _sv_launch_worker(): info: started worker W1 (as C1) in bin B1
1756314884.645192: 181401-7f4bcffff700: cdpl_farm.c:2139: in _schedule(): debug: started
1756314884.645203: 181401-7f4bcffff700: cdpl_farm.c:2303: in _schedule(): debug: submitting command C1 in bin B1
1756314884.645222: 181401-7f4bcffff700: cdpl_sh.c:49: in _sh_detached_submit(): info: SH : /home/argershm/180-voltmeter/Analog/cc/synopsys_custom/pwdp_jobs/saeSession0_diffmodegain.SimulationSimulation_cdpl.0.181401/START_WORKER pw_worker -i /home/argershm/180-voltmeter/Analog/cc/synopsys_custom/pwdp_jobs/saeSession0_diffmodegain.SimulationSimulation_cdpl.0.181401 -t 10000
1756314884.649469: 181401-7f4bcffff700: cdpl_farm.c:2343: in _schedule(): debug: C1 in bin B1 running on slot 0
1756314884.649496: 181401-7f4bcffff700: cdpl_farm.c:2167: in _schedule(): debug: idle
1756314884.887606: 181401-7f4c3957d540: cdpl_compat_master.c:5948: in cdplMasterLogInfo(): info: [non-CDPL log entry] PWDP3: reset pilot cache succeeded, pilot_key=saeSession0,1,diff_mode_gain|&/home/argershm/180-voltmeter/Analog/cc/simulation/integrator,tb_main_opamp,schematic/history_1/simulation/diff_mode_gain/PrimeSimSPICE/nominal/results
1756314884.949563: 181401-7f4bcffff700: cdpl_farm.c:1193: in _onexit(): debug: C1 in bin B1 exited normally on slot 0
1756314885.755342: 181401-7f4bedffb700: cdpl_compat_master.c:5948: in cdplMasterLogInfo(): info: [non-CDPL log entry] PWDP - no-workers started ok check start!
1756314886.411341: 181401-7f4bfdc1f700: cdpl_ipc.c:1862: in _epoll_accept(): debug: new connection from `152.14.98.53:53962'
1756314886.411389: 181401-7f4bfd41e700: cdpl_server_ipc.c:1225: in _sv_ipc_thread(): debug: received ACCEPT notification
1756314886.411405: 181401-7f4bfd41e700: cdpl_ipc.c:2503: in cdpl_ipc_host_accept(): debug: accepted host `152.14.98.53:53962'
1756314886.411451: 181401-7f4bfd41e700: cdpl_server_ipc.c:1246: in _sv_ipc_thread(): debug: received HELLO message
1756314886.411453: 181401-7f4bfd41e700: cdpl_server_ipc.c:430: in _sv_on_hello(): debug: looking up W1
1756314886.411456: 181401-7f4bfd41e700: cdpl_server_ipc.c:540: in _sv_on_hello(): info: W1 is `152.14.98.53:53962'
1756314886.411458: 181401-7f4bfd41e700: cdpl_server_ipc.c:541: in _sv_on_hello(): debug: hello W1 (B1)
1756314886.411459: 181401-7f4bfd41e700: cdpl_server_ipc.c:542: in _sv_on_hello(): info: W1 log file is /dev/null
1756314886.411511: 181401-7f4bfd41e700: cdpl_server_ipc.c:602: in _sv_on_hello(): info: up to 1 alive workers in B1
1756314886.411521: 181401-7f4bfd41e700: cdpl_farm.c:878: in _release_cmd(): debug: freeing command C1 in bin B1
1756314886.411536: 181401-7f4becff9700: cdpl_server_sched.c:960: in _assign(): info: assigning task T0 to worker W1
1756314886.474880: 181401-7f4bfd41e700: cdpl_server_ipc.c:1268: in _sv_ipc_thread(): debug: received RELAY message
1756314886.474894: 181401-7f4bfd41e700: cdpl_server_ipc.c:713: in _sv_on_relay(): debug: RELAY message from W1, size = 63
1756314886.474896: 181401-7f4bfd41e700: cdpl_server_ipc.c:715: in _sv_on_relay(): debug: RELAY message from W1, content = 0$182245 claws-compute3.ece.ncsu.edu 182326 RUNNING 1756314886
1756314887.411676: 181401-7f4bfd41e700: cdpl_server_ipc.c:312: in _sv_on_heartbeat(): debug: received HEARTBEAT from worker W1 at 152.14.98.53:53962
1756314888.875986: 181401-7f4bfcc1d700: cdpl_monitor.c:533: in cdpl_mn_connect(): debug: connecting to 152.14.98.53:39905
1756314888.876005: 181401-7f4bfcc1d700: cdpl_ipc.c:3789: in cdpl_ipc_connect(): info: connecting to 152.14.98.53:39905
1756314888.876148: 181401-7f4bfcc1d700: cdpl_ipc.c:3860: in cdpl_ipc_connect(): info: connected as `152.14.98.53:60634'
1756314888.876155: 181401-7f4bfcc1d700: cdpl_ipc.c:2503: in cdpl_ipc_host_accept(): debug: accepted host `152.14.98.53:39905'
1756314888.876160: 181401-7f4bfcc1d700: cdpl_monitor.c:579: in cdpl_mn_connect(): debug: ok
1756314892.584914: 181401-7f4bfd41e700: cdpl_server_ipc.c:1268: in _sv_ipc_thread(): debug: received RELAY message
1756314892.584928: 181401-7f4bfd41e700: cdpl_server_ipc.c:713: in _sv_on_relay(): debug: RELAY message from W1, size = 50
1756314892.584930: 181401-7f4bfd41e700: cdpl_server_ipc.c:715: in _sv_on_relay(): debug: RELAY message from W1, content = WORKERDU|28,/dev/mapper/rhel_claws--compute3-home
1756314892.584938: 181401-7f4bfd41e700: cdpl_server_ipc.c:1268: in _sv_ipc_thread(): debug: received RELAY message
1756314892.584940: 181401-7f4bfd41e700: cdpl_server_ipc.c:713: in _sv_on_relay(): debug: RELAY message from W1, size = 18
1756314892.584941: 181401-7f4bfd41e700: cdpl_server_ipc.c:715: in _sv_on_relay(): debug: RELAY message from W1, content = 0$- - - MEASDOING
1756314892.825586: 181401-7f4bfd41e700: cdpl_server_ipc.c:1268: in _sv_ipc_thread(): debug: received RELAY message
1756314892.825596: 181401-7f4bfd41e700: cdpl_server_ipc.c:713: in _sv_on_relay(): debug: RELAY message from W1, size = 75
1756314892.825598: 181401-7f4bfd41e700: cdpl_server_ipc.c:715: in _sv_on_relay(): debug: RELAY message from W1, content = 0$182245 claws-compute3.ece.ncsu.edu 182326 FAILED 1756314886|1756314892|8
1756314892.825772: 181401-7f4bfd41e700: cdpl_server_ipc.c:1251: in _sv_ipc_thread(): debug: received FINISH message
1756314892.825778: 181401-7f4bfd41e700: cdpl_server_ipc.c:983: in _sv_on_finish(): info: worker W1 completed task T0
1756314892.825780: 181401-7f4bfd41e700: cdpl_server_ipc.c:988: in _sv_on_finish(): debug: stat T0: utime=3446 stime=1821
1756314892.825783: 181401-7f4bfd41e700: cdpl_server_ipc.c:993: in _sv_on_finish(): debug: statm T0: vsize=3054128 rss=1034068 shared=516852 text=474784 data=709160
1756314892.830492: 181401-7f4bfd41e700: cdpl_server_ipc.c:1268: in _sv_ipc_thread(): debug: received RELAY message
1756314892.830499: 181401-7f4bfd41e700: cdpl_server_ipc.c:713: in _sv_on_relay(): debug: RELAY message from W1, size = 50
1756314892.830502: 181401-7f4bfd41e700: cdpl_server_ipc.c:715: in _sv_on_relay(): debug: RELAY message from W1, content = WORKERDU|20,/dev/mapper/rhel_claws--compute3-home
1756314892.872073: 181401-7f4c3957d540: cdpl_server.c:227: in _sv_free_task_safe(): debug: freeing task T0
1756314912.831436: 181401-7f4beffff700: cdpl_ipc.c:775: in _readv(): warning: read(): EOF
1756314912.831477: 181401-7f4bfdc1f700: cdpl_ipc.c:775: in _readv(): warning: read(): EOF
1756314912.831519: 181401-7f4bfdc1f700: cdpl_ipc.c:2100: in _epoll_recv(): debug: _readv(): Broken pipe
1756314912.831525: 181401-7f4bfdc1f700: cdpl_ipc.c:2424: in _epoll_main(): debug: _epoll_recv(): Broken pipe
1756314912.831528: 181401-7f4beffff700: cdpl_ipc.c:2100: in _epoll_recv(): debug: _readv(): Broken pipe
1756314912.831534: 181401-7f4beffff700: cdpl_ipc.c:2424: in _epoll_main(): debug: _epoll_recv(): Broken pipe
1756314912.831541: 181401-7f4bfdc1f700: cdpl_ipc.c:1657: in _host_drop__UNSAFE(): debug: dropping host `152.14.98.53:53962'
1756314912.831550: 181401-7f4beffff700: cdpl_ipc.c:1657: in _host_drop__UNSAFE(): debug: dropping host `152.14.98.53:39905'
1756314912.831611: 181401-7f4bfd41e700: cdpl_server_ipc.c:1236: in _sv_ipc_thread(): debug: received DROP notification
1756314912.831661: 181401-7f4bfd41e700: cdpl_server_sched.c:2796: in _sv_record_crashed_worker(): debug: dropping worker W1
1756314912.831665: 181401-7f4bfd41e700: cdpl_server_ipc.c:188: in _sv_on_drop_worker(): debug: down to 0 live workers in B1
1756314912.831691: 181401-7f4becff9700: cdpl_server_sched.c:750: in _empty_trash(): debug: freeing worker W1 while emptying trash list for bin B1
1756314912.831716: 181401-7f4bef7fe700: cdpl_monitor.c:290: in mn_listen(): debug: received DROP message
1756314912.831747: 181401-7f4becff9700: cdpl_farm.c:4152: in cdpl_farm_dismiss(): debug: down to 0 running processes
1756314912.831759: 181401-7f4becff9700: cdpl_server_sched.c:121: in _free_worker_2(): debug: freeing worker W1
1756314912.831772: 181401-7f4becff9700: cdpl_ipc.c:2513: in cdpl_ipc_host_release(): debug: releasing host `152.14.98.53:53962'
1756314912.831774: 181401-7f4becff9700: cdpl_ipc.c:2529: in cdpl_ipc_host_release(): debug: scheduling for immediate release
1756314912.831787: 181401-7f4bef7fe700: cdpl_ipc.c:2513: in cdpl_ipc_host_release(): debug: releasing host `152.14.98.53:39905'
1756314913.876172: 181401-7f4bfdc1f700: cdpl_ipc.c:1582: in _host_free__UNSAFE(): debug: freeing host `152.14.98.53:53962'
1756314913.876193: 181401-7f4bfdc1f700: cdpl_ipc.c:1621: in _host_free__UNSAFE(): debug: [0 outq, 0 spR, 0 spW]
1756314913.876197: 181401-7f4beffff700: cdpl_ipc.c:1582: in _host_free__UNSAFE(): debug: freeing host `152.14.98.53:39905'
1756314913.876207: 181401-7f4beffff700: cdpl_ipc.c:1621: in _host_free__UNSAFE(): debug: [0 outq, 0 spR, 0 spW]
1756314944.949720: 181401-7f4bcffff700: cdpl_farm.c:2173: in _schedule(): debug: idle
1756314953.387575: 181401-7f4beeffd700: cdpl_compat_master.c:5971: in cdplMasterLogWarning(): warning: [non-CDPL log entry] PWDP: master does not receive message over 60 seconds!
1756315004.949897: 181401-7f4bcffff700: cdpl_farm.c:2173: in _schedule(): debug: idle
1756315005.685762: 181401-7f4beeffd700: cdpl_compat_master.c:5948: in cdplMasterLogInfo(): info: [non-CDPL log entry] PWDP: message receiver is alive.
1756315006.366316: 181401-7f4bedffb700: cdpl_compat_master.c:5948: in cdplMasterLogInfo(): info: [non-CDPL log entry] PWDP: master status watchdog is alive.
1756315013.940835: 181401-7f4beeffd700: cdpl_compat_master.c:5971: in cdplMasterLogWarning(): warning: [non-CDPL log entry] PWDP: master does not receive message over 60 seconds!
1756315064.950077: 181401-7f4bcffff700: cdpl_farm.c:2173: in _schedule(): debug: idle
1756315074.541654: 181401-7f4beeffd700: cdpl_compat_master.c:5971: in cdplMasterLogWarning(): warning: [non-CDPL log entry] PWDP: master does not receive message over 60 seconds!
1756315109.375484: 181401-7f4c3957d540: cdpl_server.c:3008: in cdpl_sv_halt_job_errno(): info: killing job J1
1756315109.375515: 181401-7f4c3957d540: cdpl_server.c:3044: in cdpl_sv_halt_job_errno(): debug: signal bin B1 scheduler to stop
1756315109.375536: 181401-7f4becff9700: cdpl_server_sched.c:2484: in _sv_scheduler_thread(): debug: scheduler for bin B1 stopped
1756315109.375560: 181401-7f4c3957d540: cdpl_server.c:294: in _sv_free_job(): info: freeing job J1
1756315109.375561: 181401-7f4c3957d540: cdpl_server.c:92: in _sv_free_bin(): debug: freeing bin B1
1756315109.375602: 181401-7f4c3957d540: cdpl_monitor.c:515: in cdpl_mn_kill(): info: killing monitor
1756315109.375610: 181401-7f4c3957d540: cdpl_ipc.c:3677: in cdpl_ipc_kill(): debug: stopping event server
1756315109.375692: 181401-7f4bfdc1f700: cdpl_ipc.c:775: in _readv(): warning: read(): EOF
1756315109.375715: 181401-7f4beffff700: cdpl_ipc.c:2386: in _epoll_main(): warning: received EPOLLERR/EPOLLHUP
1756315109.375735: 181401-7f4bfdc1f700: cdpl_ipc.c:2100: in _epoll_recv(): debug: _readv(): Broken pipe
1756315109.375739: 181401-7f4bfdc1f700: cdpl_ipc.c:2424: in _epoll_main(): debug: _epoll_recv(): Broken pipe
1756315109.375744: 181401-7f4bfdc1f700: cdpl_ipc.c:1657: in _host_drop__UNSAFE(): debug: dropping host `152.14.98.53:53958'
1756315109.375749: 181401-7f4beffff700: cdpl_ipc.c:2320: in _check_socket_error(): info: TCP_KEEPIDLE=7200 seconds TCP_KEEPINTVL=75 seconds TCP_KEEPCNT=9
1756315109.375753: 181401-7f4beffff700: cdpl_ipc.c:1657: in _host_drop__UNSAFE(): debug: dropping host `152.14.98.53:42241'
1756315109.375787: 181401-7f4beffff700: cdpl_ipc.c:2460: in _epoll_main(): debug: server going down...
1756315109.375799: 181401-7f4bfd41e700: cdpl_server_ipc.c:1236: in _sv_ipc_thread(): debug: received DROP notification
1756315109.375818: 181401-7f4bfd41e700: cdpl_monitor.c:1269: in cdpl_mn_drop(): debug: detaching from monitor `152.14.98.53:53958'
1756315109.375823: 181401-7f4bfd41e700: cdpl_monitor.c:1101: in mn_systat_stop(): debug: joining systat thread
1756315109.375879: 181401-7f4bee7fc700: cdpl_monitor.c:1079: in mn_systat(): debug: exiting
1756315109.375888: 181401-7f4bfcc1d700: cdpl_ipc.c:3728: in cdpl_ipc_free(): debug: releasing IPC handle
1756315109.375897: 181401-7f4bfcc1d700: cdpl_ipc.c:3742: in cdpl_ipc_free(): debug: 1 unread messages
1756315109.375899: 181401-7f4bfd41e700: cdpl_monitor.c:1103: in mn_systat_stop(): debug: systat thread done
1756315109.375904: 181401-7f4bfd41e700: cdpl_ipc.c:2513: in cdpl_ipc_host_release(): debug: releasing host `152.14.98.53:53958'
1756315109.375906: 181401-7f4bfcc1d700: cdpl_ipc.c:1582: in _host_free__UNSAFE(): debug: freeing host `152.14.98.53:42241'
1756315109.375909: 181401-7f4bfcc1d700: cdpl_ipc.c:1621: in _host_free__UNSAFE(): debug: [0 outq, 0 spR, 0 spW]
1756315109.375911: 181401-7f4bfcc1d700: cdpl_ipc.c:3756: in cdpl_ipc_free(): warning: 1 host(s) were not released
1756315109.375927: 181401-7f4bfcc1d700: cdpl_ipc.c:3767: in cdpl_ipc_free(): debug: done
1756315109.375928: 181401-7f4bfcc1d700: cdpl_monitor.c:1390: in cdpl_mn_free(): debug: freeing monitor client
1756315109.376075: 181401-7f4c3957d540: cdpl_farm.c:2740: in cdpl_farm_free(): info: freeing farm
1756315109.376101: 181401-7f4bcffff700: cdpl_farm.c:2231: in _schedule(): debug: end of idling
1756315109.376121: 181401-7f4bcffff700: cdpl_farm.c:2235: in _schedule(): debug: dying
1756315109.376212: 181401-7f4c3957d540: cdpl_farm.c:913: in _killall(): debug: killing all remaining commands
1756315109.376227: 181401-7f4c3957d540: cdpl_server.c:3144: in cdpl_sv_free(): info: freeing server S1518516502
1756315109.376241: 181401-7f4c3957d540: cdpl_server.c:3109: in cdpl_sv_kill_errno(): info: killing server
1756315109.376242: 181401-7f4c3957d540: cdpl_ipc.c:3677: in cdpl_ipc_kill(): debug: stopping event server
1756315109.376255: 181401-7f4bfdc1f700: cdpl_ipc.c:2460: in _epoll_main(): debug: server going down...
1756315109.376261: 181401-7f4bfd41e700: cdpl_server_ipc.c:1200: in _sv_ipc_thread(): debug: leaving now
1756315109.376271: 181401-7f4c3957d540: cdpl_server.c:334: in _sv_free_master(): info: freeing master M1
1756315109.376277: 181401-7f4c3957d540: cdpl_hash.c:68: in cdpl_h_destroy(): debug: put operations: 1
1756315109.376278: 181401-7f4c3957d540: cdpl_hash.c:69: in cdpl_h_destroy(): debug: put collisions: 0
1756315109.376280: 181401-7f4c3957d540: cdpl_hash.c:70: in cdpl_h_destroy(): debug: get operations: 0
1756315109.376282: 181401-7f4c3957d540: cdpl_hash.c:71: in cdpl_h_destroy(): debug: get iterations: 0
1756315109.376291: 181401-7f4c3957d540: cdpl_monitor.c:1390: in cdpl_mn_free(): debug: freeing monitor server
1756315109.376293: 181401-7f4c3957d540: cdpl_ipc.c:3728: in cdpl_ipc_free(): debug: releasing IPC handle
1756315109.376295: 181401-7f4c3957d540: cdpl_ipc.c:1582: in _host_free__UNSAFE(): debug: freeing host `152.14.98.53:53958'
1756315109.376297: 181401-7f4c3957d540: cdpl_ipc.c:1621: in _host_free__UNSAFE(): debug: [0 outq, 0 spR, 0 spW]
1756315109.376313: 181401-7f4c3957d540: cdpl_ipc.c:3767: in cdpl_ipc_free(): debug: done
1756315109.376318: 181401-7f4c3957d540: cdpl_log.c:481: in cdpl_log_close(): info: @@end_of_log@@
