1757122396.123058: 1767025-7f03fb53e540: cdpl_log.c:337: in cdpl_log_open(): info: @@start_of_log@@
1757122396.123068: 1767025-7f03fb53e540: cdpl_log.c:1058: in cdpl_log_dump_sysinfo(): info: time: 2025/09/05 21:33:16 EDT -0400
1757122396.123070: 1767025-7f03fb53e540: cdpl_log.c:1060: in cdpl_log_dump_sysinfo(): info: version: W-2024.09-SP1-2 
1757122396.123072: 1767025-7f03fb53e540: cdpl_log.c:1062: in cdpl_log_dump_sysinfo(): info: system: Linux 4.18.0-553.69.1.el8_10.x86_64 #1 SMP Thu Aug 7 18:10:00 EDT 2025
1757122396.123073: 1767025-7f03fb53e540: cdpl_log.c:1067: in cdpl_log_dump_sysinfo(): info: processor: x86_64 64-bits
1757122396.123075: 1767025-7f03fb53e540: cdpl_log.c:1071: in cdpl_log_dump_sysinfo(): info: hostname: claws-compute3.ece.ncsu.edu
1757122396.123076: 1767025-7f03fb53e540: cdpl_log.c:1073: in cdpl_log_dump_sysinfo(): info: program name: custom_shell
1757122396.123079: 1767025-7f03fb53e540: cdpl_log.c:340: in cdpl_log_open(): debug: path: /home/argershm/180-voltmeter/Analog/cc/synopsys_custom/pwdp_jobs/saeSession0_diffmodegain.SimulationSimulation_cdpl.3.1767025/logs/master.claws-compute3.ece.ncsu.edu.1767025.log
1757122396.123080: 1767025-7f03fb53e540: cdpl_log.c:341: in cdpl_log_open(): debug: dir: /home/argershm/180-voltmeter/Analog/cc/synopsys_custom/pwdp_jobs/saeSession0_diffmodegain.SimulationSimulation_cdpl.3.1767025/logs
1757122396.123085: 1767025-7f03fb53e540: cdpl_server.c:536: in cdpl_sv_init(): info: new server S2091390482
1757122396.123088: 1767025-7f03fb53e540: cdpl_ipc.c:3475: in cdpl_ipc_init(): info: requesting IPv4 protocol
1757122396.126903: 1767025-7f03fb53e540: cdpl_ipc.c:837: in _selectaddrfamily(): info: selected IPv4 protocol
1757122396.126918: 1767025-7f03fb53e540: cdpl_ipc.c:1139: in _set_keepalive(): info: TCP keep alive interval: 300
1757122396.130170: 1767025-7f03fb53e540: cdpl_monitor.c:1117: in cdpl_mn_new_server(): info: creating server monitor instance
1757122396.130175: 1767025-7f03fb53e540: cdpl_server.c:650: in cdpl_sv_new_master(): info: new master M1
1757122396.130179: 1767025-7f03fb53e540: cdpl_server.c:6533: in cdpl_sv_ctl_master(): info: Setting worker heartbeat to 120 seconds
1757122396.130181: 1767025-7f03fb53e540: cdpl_server.c:6542: in cdpl_sv_ctl_master(): info: Setting worker heartbeat timeout to 3 heartbeats
1757122396.130183: 1767025-7f03fb53e540: cdpl_compat_master.c:2090: in _parse_hostfile(): info: reading hostfile `/home/argershm/180-voltmeter/Analog/cc/synopsys_custom/pwdp_jobs/saeSession0_diffmodegain.SimulationSimulation_cdpl.3.1767025/host_file'
1757122396.130192: 1767025-7f03fb53e540: cdpl_compat_master.c:1900: in _hostfile_parser(): debug: parsing "1     |localhost|   -1  | /tmp | SH | sh"
1757122396.130196: 1767025-7f03fb53e540: cdpl_farm.c:2578: in cdpl_farm_new_sh(): info: creating SH farm on localhost
1757122396.130199: 1767025-7f03fb53e540: cdpl_compat_master.c:206: in _set_farm_env(): info: exporting CDPL_LOGDIR as `/home/argershm/180-voltmeter/Analog/cc/synopsys_custom/pwdp_jobs/saeSession0_diffmodegain.SimulationSimulation_cdpl.3.1767025/logs'
1757122396.130201: 1767025-7f03fb53e540: cdpl_compat_master.c:212: in _set_farm_env(): info: exporting CDPL_TMPDIR as `/tmp'
1757122396.130203: 1767025-7f03fb53e540: cdpl_compat_master.c:235: in _set_farm_env(): info: exporting SNPSLMD_LICENSE_FILE as `27000@ece-lic-35.ece.ncsu.edu'
1757122396.130205: 1767025-7f03fb53e540: cdpl_compat_master.c:259: in _set_farm_env(): info: exporting CDPL_OPTIONS as `[nowlogs]'
1757122396.130207: 1767025-7f03fb53e540: cdpl_compat_master.c:266: in _set_farm_env(): info: exporting DISPLAY as `unix:13656'
1757122396.130208: 1767025-7f03fb53e540: cdpl_compat_master.c:274: in _set_farm_env(): info: exporting CDPL_HEARTBEAT as `120'
1757122396.130211: 1767025-7f03fb53e540: cdpl_farm.c:3149: in cdpl_farm_add_withdir(): debug: added `localhost' (capacity: unlimited)
1757122396.130213: 1767025-7f03fb53e540: cdpl_compat_parse.c:147: in parsefile(): debug: read `/home/argershm/180-voltmeter/Analog/cc/synopsys_custom/pwdp_jobs/saeSession0_diffmodegain.SimulationSimulation_cdpl.3.1767025/host_file', 2 lines
1757122396.130219: 1767025-7f03fb53e540: cdpl_compat_master.c:2931: in cdplInitMaster(): info: bcast dir is `/home/argershm/180-voltmeter/Analog/cc/synopsys_custom/pwdp_jobs/saeSession0_diffmodegain.SimulationSimulation_cdpl.3.1767025/logs'
1757122396.130250: 1767025-7f03fb53e540: cdpl_server.c:6433: in cdpl_sv_ctl_master(): info: farm worker timeout set to 300
1757122396.130252: 1767025-7f03fb53e540: cdpl_server.c:6486: in cdpl_sv_ctl_master(): info: maximum number of task execution attempts set to 1
1757122396.130255: 1767025-7f03fb53e540: cdpl_server.c:3195: in cdpl_sv_start(): debug: starting server
1757122396.130257: 1767025-7f03fb53e540: cdpl_ipc.c:3632: in cdpl_ipc_start(): debug: starting IPC server 152.14.98.53:35411
1757122396.130406: 1767025-7f03a57fa700: cdpl_server_ipc.c:1182: in _sv_ipc_thread(): debug: ready
1757122396.130525: 1767025-7f03a4ff9700: cdpl_monitor.c:426: in cdpl_mn_init_client(): info: creating client monitor instance
1757122396.130538: 1767025-7f03a4ff9700: cdpl_ipc.c:3475: in cdpl_ipc_init(): info: requesting IPv4 protocol
1757122396.136113: 1767025-7f03a4ff9700: cdpl_ipc.c:837: in _selectaddrfamily(): info: selected IPv4 protocol
1757122396.136136: 1767025-7f03a4ff9700: cdpl_ipc.c:1139: in _set_keepalive(): info: TCP keep alive interval: 300
1757122396.140619: 1767025-7f03a4ff9700: cdpl_ipc.c:3632: in cdpl_ipc_start(): debug: starting IPC server 152.14.98.53:38487
1757122396.140778: 1767025-7f03a4ff9700: cdpl_monitor.c:471: in cdpl_mn_init_client(): debug: incoming messages in /tmp/cdpl-monitor-0IncTK
1757122396.140846: 1767025-7f03a4ff9700: cdpl_monitor.c:533: in cdpl_mn_connect(): debug: connecting to 152.14.98.53:35411
1757122396.140848: 1767025-7f03a4ff9700: cdpl_ipc.c:3789: in cdpl_ipc_connect(): info: connecting to 152.14.98.53:35411
1757122396.140960: 1767025-7f03a4ff9700: cdpl_ipc.c:3860: in cdpl_ipc_connect(): info: connected as `152.14.98.53:52076'
1757122396.140966: 1767025-7f03a4ff9700: cdpl_ipc.c:2503: in cdpl_ipc_host_accept(): debug: accepted host `152.14.98.53:35411'
1757122396.140970: 1767025-7f03a4ff9700: cdpl_monitor.c:579: in cdpl_mn_connect(): debug: ok
1757122396.140979: 1767025-7f03fb53e540: cdpl_server.c:731: in cdpl_sv_new_job(): info: new job J1 in M1
1757122396.140988: 1767025-7f03fb53e540: cdpl_compat_master.c:1581: in _add_worker(): info: new worker type 10, min:1, max:3, cmd:`/home/argershm/180-voltmeter/Analog/cc/synopsys_custom/pwdp_jobs/saeSession0_diffmodegain.SimulationSimulation_cdpl.3.1767025/START_WORKER pw_worker -i /home/argershm/180-voltmeter/Analog/cc/synopsys_custom/pwdp_jobs
1757122396.140992: 1767025-7f03fb53e540: cdpl_server.c:908: in cdpl_sv_new_bin_withfarm(): info: new bin B1 in J1
1757122396.140994: 1767025-7f03a5ffb700: cdpl_ipc.c:1862: in _epoll_accept(): debug: new connection from `152.14.98.53:52076'
1757122396.141050: 1767025-7f03a57fa700: cdpl_server_ipc.c:1225: in _sv_ipc_thread(): debug: received ACCEPT notification
1757122396.141060: 1767025-7f03a57fa700: cdpl_ipc.c:2503: in cdpl_ipc_host_accept(): debug: accepted host `152.14.98.53:52076'
1757122396.141075: 1767025-7f03a57fa700: cdpl_server_ipc.c:1256: in _sv_ipc_thread(): debug: received MONITOR message
1757122396.141315: 1767025-7f03a57fa700: cdpl_monitor.c:1207: in cdpl_mn_accept(): debug: accepted monitor `152.14.98.53:52076'
1757122396.141319: 1767025-7f03a57fa700: cdpl_server_ipc_mon.c:120: in _globalLOCK(): debug: ENTERTING GLOBAL LOCK
1757122396.141322: 1767025-7f03a57fa700: cdpl_server_ipc_mon.c:164: in _globalLOCK(): debug: global lock acquired
1757122396.141331: 1767025-7f03827fc700: cdpl_monitor.c:910: in mn_systat(): debug: started
1757122396.141559: 1767025-7f03827fc700: cdpl_monitor.c:937: in mn_systat(): debug: monitor server flush rate: 5
1757122396.936955: 1767025-7f03a57fa700: cdpl_server_ipc_mon.c:210: in _globalUNLOCK(): debug: LEAVING GLOBAL LOCK
1757122396.936970: 1767025-7f03fb53e540: cdpl_server.c:3249: in cdpl_sv_start_job(): info: starting job J1
1757122396.936986: 1767025-7f03fb53e540: cdpl_server.c:62: in _sv_start_bin(): debug: starting bin B1 (min: 0, max: 3)
1757122396.937087: 1767025-7f03fb53e540: cdpl_server.c:1893: in _sv_gen_task(): info: new task T0 in B1 (prio 0)
1757122396.937093: 1767025-7f03fb53e540: cdpl_server.c:2698: in cdpl_sv_label_task_va(): info: setting task T0 label to "PrimeSim_8|PrimeSim"
1757122396.937176: 1767025-7f0380ff9700: cdpl_server_sched.c:2482: in _sv_scheduler_thread(): debug: scheduler for bin B1 started
1757122396.937191: 1767025-7f0380ff9700: cdpl_server_sched.c:2443: in _scheduler_run(): debug: will start a new worker
1757122396.937212: 1767025-7f0380ff9700: cdpl_farm.c:3977: in cdpl_farm_submit(): debug: 1 running processes
1757122396.937215: 1767025-7f0380ff9700: cdpl_farm.c:3985: in cdpl_farm_submit(): debug: new command C1 in bin B1 assigned to host `localhost'
1757122396.937297: 1767025-7f03fb53e540: cdpl_server.c:1893: in _sv_gen_task(): info: new task T1 in B1 (prio 0)
1757122396.937305: 1767025-7f0380ff9700: cdpl_server_sched.c:705: in _sv_launch_worker(): info: started worker W1 (as C1) in bin B1
1757122396.937316: 1767025-7f03fb53e540: cdpl_server.c:2698: in cdpl_sv_label_task_va(): info: setting task T1 label to "PrimeSim_9|PrimeSim"
1757122396.937325: 1767025-7f0380ff9700: cdpl_server_sched.c:2443: in _scheduler_run(): debug: will start a new worker
1757122396.937328: 1767025-7f0380ff9700: cdpl_farm.c:3977: in cdpl_farm_submit(): debug: 2 running processes
1757122396.937330: 1767025-7f0380ff9700: cdpl_farm.c:3985: in cdpl_farm_submit(): debug: new command C2 in bin B1 assigned to host `localhost'
1757122396.937332: 1767025-7f0380ff9700: cdpl_server_sched.c:705: in _sv_launch_worker(): info: started worker W2 (as C2) in bin B1
1757122396.937336: 1767025-7f035bfff700: cdpl_farm.c:2139: in _schedule(): debug: started
1757122396.937346: 1767025-7f035bfff700: cdpl_farm.c:2303: in _schedule(): debug: submitting command C1 in bin B1
1757122396.937349: 1767025-7f035bfff700: cdpl_sh.c:49: in _sh_detached_submit(): info: SH : /home/argershm/180-voltmeter/Analog/cc/synopsys_custom/pwdp_jobs/saeSession0_diffmodegain.SimulationSimulation_cdpl.3.1767025/START_WORKER pw_worker -i /home/argershm/180-voltmeter/Analog/cc/synopsys_custom/pwdp_jobs/saeSession0_diffmodegain.SimulationSimulation_cdpl.3.1767025 -t 10000
1757122396.944533: 1767025-7f035bfff700: cdpl_farm.c:2343: in _schedule(): debug: C1 in bin B1 running on slot 0
1757122396.944561: 1767025-7f035bfff700: cdpl_farm.c:2303: in _schedule(): debug: submitting command C2 in bin B1
1757122396.944567: 1767025-7f035bfff700: cdpl_sh.c:49: in _sh_detached_submit(): info: SH : /home/argershm/180-voltmeter/Analog/cc/synopsys_custom/pwdp_jobs/saeSession0_diffmodegain.SimulationSimulation_cdpl.3.1767025/START_WORKER pw_worker -i /home/argershm/180-voltmeter/Analog/cc/synopsys_custom/pwdp_jobs/saeSession0_diffmodegain.SimulationSimulation_cdpl.3.1767025 -t 10000
1757122396.948985: 1767025-7f035bfff700: cdpl_farm.c:2343: in _schedule(): debug: C2 in bin B1 running on slot 1
1757122396.949005: 1767025-7f035bfff700: cdpl_farm.c:2167: in _schedule(): debug: idle
1757122396.949271: 1767025-7f03fb53e540: cdpl_server.c:1893: in _sv_gen_task(): info: new task T2 in B1 (prio 0)
1757122396.949290: 1767025-7f03fb53e540: cdpl_server.c:2698: in cdpl_sv_label_task_va(): info: setting task T2 label to "PrimeSim_10|PrimeSim"
1757122396.949323: 1767025-7f0380ff9700: cdpl_server_sched.c:2443: in _scheduler_run(): debug: will start a new worker
1757122396.949337: 1767025-7f0380ff9700: cdpl_farm.c:3977: in cdpl_farm_submit(): debug: 3 running processes
1757122396.949347: 1767025-7f0380ff9700: cdpl_farm.c:3985: in cdpl_farm_submit(): debug: new command C3 in bin B1 assigned to host `localhost'
1757122396.949355: 1767025-7f0380ff9700: cdpl_server_sched.c:705: in _sv_launch_worker(): info: started worker W3 (as C3) in bin B1
1757122396.949360: 1767025-7f035bfff700: cdpl_farm.c:2231: in _schedule(): debug: end of idling
1757122396.949364: 1767025-7f035bfff700: cdpl_farm.c:2303: in _schedule(): debug: submitting command C3 in bin B1
1757122396.949367: 1767025-7f035bfff700: cdpl_sh.c:49: in _sh_detached_submit(): info: SH : /home/argershm/180-voltmeter/Analog/cc/synopsys_custom/pwdp_jobs/saeSession0_diffmodegain.SimulationSimulation_cdpl.3.1767025/START_WORKER pw_worker -i /home/argershm/180-voltmeter/Analog/cc/synopsys_custom/pwdp_jobs/saeSession0_diffmodegain.SimulationSimulation_cdpl.3.1767025 -t 10000
1757122396.952935: 1767025-7f035bfff700: cdpl_farm.c:2343: in _schedule(): debug: C3 in bin B1 running on slot 2
1757122396.952956: 1767025-7f035bfff700: cdpl_farm.c:2167: in _schedule(): debug: idle
1757122397.249754: 1767025-7f0381ffb700: cdpl_compat_master.c:5948: in cdplMasterLogInfo(): info: [non-CDPL log entry] PWDP - no-workers started ok check start!
1757122397.253020: 1767025-7f035bfff700: cdpl_farm.c:1193: in _onexit(): debug: C1 in bin B1 exited normally on slot 0
1757122397.253027: 1767025-7f035bfff700: cdpl_farm.c:1193: in _onexit(): debug: C2 in bin B1 exited normally on slot 1
1757122397.253032: 1767025-7f035bfff700: cdpl_farm.c:1193: in _onexit(): debug: C3 in bin B1 exited normally on slot 2
1757122398.754285: 1767025-7f03a5ffb700: cdpl_ipc.c:1862: in _epoll_accept(): debug: new connection from `152.14.98.53:43930'
1757122398.754339: 1767025-7f03a57fa700: cdpl_server_ipc.c:1225: in _sv_ipc_thread(): debug: received ACCEPT notification
1757122398.754357: 1767025-7f03a57fa700: cdpl_ipc.c:2503: in cdpl_ipc_host_accept(): debug: accepted host `152.14.98.53:43930'
1757122398.754414: 1767025-7f03a57fa700: cdpl_server_ipc.c:1246: in _sv_ipc_thread(): debug: received HELLO message
1757122398.754416: 1767025-7f03a57fa700: cdpl_server_ipc.c:430: in _sv_on_hello(): debug: looking up W2
1757122398.754419: 1767025-7f03a57fa700: cdpl_server_ipc.c:540: in _sv_on_hello(): info: W2 is `152.14.98.53:43930'
1757122398.754421: 1767025-7f03a57fa700: cdpl_server_ipc.c:541: in _sv_on_hello(): debug: hello W2 (B1)
1757122398.754423: 1767025-7f03a57fa700: cdpl_server_ipc.c:542: in _sv_on_hello(): info: W2 log file is /dev/null
1757122398.754439: 1767025-7f03a57fa700: cdpl_server_ipc.c:602: in _sv_on_hello(): info: up to 1 alive workers in B1
1757122398.754444: 1767025-7f03a57fa700: cdpl_farm.c:878: in _release_cmd(): debug: freeing command C2 in bin B1
1757122398.754460: 1767025-7f0380ff9700: cdpl_server_sched.c:960: in _assign(): info: assigning task T0 to worker W2
1757122398.757027: 1767025-7f03a5ffb700: cdpl_ipc.c:1862: in _epoll_accept(): debug: new connection from `152.14.98.53:43940'
1757122398.757051: 1767025-7f03a57fa700: cdpl_server_ipc.c:1225: in _sv_ipc_thread(): debug: received ACCEPT notification
1757122398.757060: 1767025-7f03a57fa700: cdpl_ipc.c:2503: in cdpl_ipc_host_accept(): debug: accepted host `152.14.98.53:43940'
1757122398.757148: 1767025-7f03a57fa700: cdpl_server_ipc.c:1246: in _sv_ipc_thread(): debug: received HELLO message
1757122398.757153: 1767025-7f03a57fa700: cdpl_server_ipc.c:430: in _sv_on_hello(): debug: looking up W3
1757122398.757156: 1767025-7f03a57fa700: cdpl_server_ipc.c:540: in _sv_on_hello(): info: W3 is `152.14.98.53:43940'
1757122398.757158: 1767025-7f03a57fa700: cdpl_server_ipc.c:541: in _sv_on_hello(): debug: hello W3 (B1)
1757122398.757159: 1767025-7f03a57fa700: cdpl_server_ipc.c:542: in _sv_on_hello(): info: W3 log file is /dev/null
1757122398.757166: 1767025-7f03a57fa700: cdpl_server_ipc.c:602: in _sv_on_hello(): info: up to 2 alive workers in B1
1757122398.757170: 1767025-7f03a57fa700: cdpl_farm.c:878: in _release_cmd(): debug: freeing command C3 in bin B1
1757122398.757174: 1767025-7f0380ff9700: cdpl_server_sched.c:960: in _assign(): info: assigning task T1 to worker W3
1757122398.760342: 1767025-7f03a5ffb700: cdpl_ipc.c:1862: in _epoll_accept(): debug: new connection from `152.14.98.53:43950'
1757122398.760367: 1767025-7f03a57fa700: cdpl_server_ipc.c:1225: in _sv_ipc_thread(): debug: received ACCEPT notification
1757122398.760376: 1767025-7f03a57fa700: cdpl_ipc.c:2503: in cdpl_ipc_host_accept(): debug: accepted host `152.14.98.53:43950'
1757122398.760457: 1767025-7f03a57fa700: cdpl_server_ipc.c:1246: in _sv_ipc_thread(): debug: received HELLO message
1757122398.760462: 1767025-7f03a57fa700: cdpl_server_ipc.c:430: in _sv_on_hello(): debug: looking up W1
1757122398.760471: 1767025-7f03a57fa700: cdpl_server_ipc.c:540: in _sv_on_hello(): info: W1 is `152.14.98.53:43950'
1757122398.760473: 1767025-7f03a57fa700: cdpl_server_ipc.c:541: in _sv_on_hello(): debug: hello W1 (B1)
1757122398.760474: 1767025-7f03a57fa700: cdpl_server_ipc.c:542: in _sv_on_hello(): info: W1 log file is /dev/null
1757122398.760480: 1767025-7f03a57fa700: cdpl_server_ipc.c:602: in _sv_on_hello(): info: up to 3 alive workers in B1
1757122398.760486: 1767025-7f03a57fa700: cdpl_farm.c:878: in _release_cmd(): debug: freeing command C1 in bin B1
1757122398.760509: 1767025-7f0380ff9700: cdpl_server_sched.c:960: in _assign(): info: assigning task T2 to worker W1
1757122398.819076: 1767025-7f03a57fa700: cdpl_server_ipc.c:1268: in _sv_ipc_thread(): debug: received RELAY message
1757122398.819085: 1767025-7f03a57fa700: cdpl_server_ipc.c:713: in _sv_on_relay(): debug: RELAY message from W2, size = 65
1757122398.819088: 1767025-7f03a57fa700: cdpl_server_ipc.c:715: in _sv_on_relay(): debug: RELAY message from W2, content = 0$1808329 claws-compute3.ece.ncsu.edu 1808368 RUNNING 1757122398
1757122398.821471: 1767025-7f03a57fa700: cdpl_server_ipc.c:1268: in _sv_ipc_thread(): debug: received RELAY message
1757122398.821474: 1767025-7f03a57fa700: cdpl_server_ipc.c:713: in _sv_on_relay(): debug: RELAY message from W3, size = 65
1757122398.821476: 1767025-7f03a57fa700: cdpl_server_ipc.c:715: in _sv_on_relay(): debug: RELAY message from W3, content = 1$1808328 claws-compute3.ece.ncsu.edu 1808369 RUNNING 1757122398
1757122398.824801: 1767025-7f03a57fa700: cdpl_server_ipc.c:1268: in _sv_ipc_thread(): debug: received RELAY message
1757122398.824804: 1767025-7f03a57fa700: cdpl_server_ipc.c:713: in _sv_on_relay(): debug: RELAY message from W1, size = 65
1757122398.824806: 1767025-7f03a57fa700: cdpl_server_ipc.c:715: in _sv_on_relay(): debug: RELAY message from W1, content = 2$1808330 claws-compute3.ece.ncsu.edu 1808372 RUNNING 1757122398
1757122399.754683: 1767025-7f03a57fa700: cdpl_server_ipc.c:312: in _sv_on_heartbeat(): debug: received HEARTBEAT from worker W2 at 152.14.98.53:43930
1757122399.757412: 1767025-7f03a57fa700: cdpl_server_ipc.c:312: in _sv_on_heartbeat(): debug: received HEARTBEAT from worker W3 at 152.14.98.53:43940
1757122399.760717: 1767025-7f03a57fa700: cdpl_server_ipc.c:312: in _sv_on_heartbeat(): debug: received HEARTBEAT from worker W1 at 152.14.98.53:43950
1757122401.142544: 1767025-7f03a4ff9700: cdpl_monitor.c:533: in cdpl_mn_connect(): debug: connecting to 152.14.98.53:39441
1757122401.142557: 1767025-7f03a4ff9700: cdpl_ipc.c:3789: in cdpl_ipc_connect(): info: connecting to 152.14.98.53:39441
1757122401.142646: 1767025-7f03a4ff9700: cdpl_ipc.c:3860: in cdpl_ipc_connect(): info: connected as `152.14.98.53:43496'
1757122401.142656: 1767025-7f03a4ff9700: cdpl_ipc.c:2503: in cdpl_ipc_host_accept(): debug: accepted host `152.14.98.53:39441'
1757122401.142661: 1767025-7f03a4ff9700: cdpl_monitor.c:579: in cdpl_mn_connect(): debug: ok
1757122401.142667: 1767025-7f03a4ff9700: cdpl_monitor.c:533: in cdpl_mn_connect(): debug: connecting to 152.14.98.53:37177
1757122401.142668: 1767025-7f03a4ff9700: cdpl_ipc.c:3789: in cdpl_ipc_connect(): info: connecting to 152.14.98.53:37177
1757122401.142758: 1767025-7f03a4ff9700: cdpl_ipc.c:3860: in cdpl_ipc_connect(): info: connected as `152.14.98.53:46342'
1757122401.142762: 1767025-7f03a4ff9700: cdpl_ipc.c:2503: in cdpl_ipc_host_accept(): debug: accepted host `152.14.98.53:37177'
1757122401.142765: 1767025-7f03a4ff9700: cdpl_monitor.c:579: in cdpl_mn_connect(): debug: ok
1757122401.142768: 1767025-7f03a4ff9700: cdpl_monitor.c:533: in cdpl_mn_connect(): debug: connecting to 152.14.98.53:44247
1757122401.142769: 1767025-7f03a4ff9700: cdpl_ipc.c:3789: in cdpl_ipc_connect(): info: connecting to 152.14.98.53:44247
1757122401.142810: 1767025-7f03a4ff9700: cdpl_ipc.c:3860: in cdpl_ipc_connect(): info: connected as `152.14.98.53:41804'
1757122401.142814: 1767025-7f03a4ff9700: cdpl_ipc.c:2503: in cdpl_ipc_host_accept(): debug: accepted host `152.14.98.53:44247'
1757122401.142823: 1767025-7f03a4ff9700: cdpl_monitor.c:579: in cdpl_mn_connect(): debug: ok
1757122405.155753: 1767025-7f03a57fa700: cdpl_server_ipc.c:1268: in _sv_ipc_thread(): debug: received RELAY message
1757122405.155769: 1767025-7f03a57fa700: cdpl_server_ipc.c:713: in _sv_on_relay(): debug: RELAY message from W3, size = 53
1757122405.155771: 1767025-7f03a57fa700: cdpl_server_ipc.c:715: in _sv_on_relay(): debug: RELAY message from W3, content = WORKERDU|12932,/dev/mapper/rhel_claws--compute3-home
1757122405.155778: 1767025-7f03a57fa700: cdpl_server_ipc.c:1268: in _sv_ipc_thread(): debug: received RELAY message
1757122405.155780: 1767025-7f03a57fa700: cdpl_server_ipc.c:713: in _sv_on_relay(): debug: RELAY message from W3, size = 196
1757122405.155781: 1767025-7f03a57fa700: cdpl_server_ipc.c:715: in _sv_on_relay(): debug: RELAY message from W3, content = REQPILOT|saeSession0,1,diff_mode_gain|&/home/argershm/180-voltmeter/Analog/cc/simulation/integrator,tb_main_opamp,schematic/history_1/simulation/diff_mode_gain/PrimeSimSPICE/parametric/results|&1
1757122405.155810: 1767025-7f0382ffd700: cdpl_compat_master.c:5948: in cdplMasterLogInfo(): info: [non-CDPL log entry] PWDP send back 'DOPILOT' to worker id:3 key: saeSession0,1,diff_mode_gain|&/home/argershm/180-voltmeter/Analog/cc/simulation/integrator,tb_main_opamp,schematic/history_1/simulation/diff_mode_gain/PrimeSimSPICE/parametric/results
1757122405.155948: 1767025-7f0382ffd700: cdpl_compat_master.c:5948: in cdplMasterLogInfo(): info: [non-CDPL log entry] PWDP: set pilot doing!
1757122405.159130: 1767025-7f03a57fa700: cdpl_server_ipc.c:1268: in _sv_ipc_thread(): debug: received RELAY message
1757122405.159139: 1767025-7f03a57fa700: cdpl_server_ipc.c:713: in _sv_on_relay(): debug: RELAY message from W3, size = 192
1757122405.159142: 1767025-7f03a57fa700: cdpl_server_ipc.c:715: in _sv_on_relay(): debug: RELAY message from W3, content = PILOTOK|saeSession0,1,diff_mode_gain|&/home/argershm/180-voltmeter/Analog/cc/simulation/integrator,tb_main_opamp,schematic/history_1/simulation/diff_mode_gain/PrimeSimSPICE/parametric/results
1757122405.159161: 1767025-7f0382ffd700: cdpl_compat_master.c:5948: in cdplMasterLogInfo(): info: [non-CDPL log entry] PWDP: set pilot done!
1757122405.159237: 1767025-7f03a57fa700: cdpl_server_ipc.c:1268: in _sv_ipc_thread(): debug: received RELAY message
1757122405.159243: 1767025-7f03a57fa700: cdpl_server_ipc.c:713: in _sv_on_relay(): debug: RELAY message from W3, size = 18
1757122405.159245: 1767025-7f03a57fa700: cdpl_server_ipc.c:715: in _sv_on_relay(): debug: RELAY message from W3, content = 1$- - - MEASDOING
1757122405.161315: 1767025-7f03a57fa700: cdpl_server_ipc.c:1268: in _sv_ipc_thread(): debug: received RELAY message
1757122405.161323: 1767025-7f03a57fa700: cdpl_server_ipc.c:713: in _sv_on_relay(): debug: RELAY message from W1, size = 53
1757122405.161326: 1767025-7f03a57fa700: cdpl_server_ipc.c:715: in _sv_on_relay(): debug: RELAY message from W1, content = WORKERDU|12932,/dev/mapper/rhel_claws--compute3-home
1757122405.161330: 1767025-7f03a57fa700: cdpl_server_ipc.c:1268: in _sv_ipc_thread(): debug: received RELAY message
1757122405.161332: 1767025-7f03a57fa700: cdpl_server_ipc.c:713: in _sv_on_relay(): debug: RELAY message from W1, size = 196
1757122405.161334: 1767025-7f03a57fa700: cdpl_server_ipc.c:715: in _sv_on_relay(): debug: RELAY message from W1, content = REQPILOT|saeSession0,1,diff_mode_gain|&/home/argershm/180-voltmeter/Analog/cc/simulation/integrator,tb_main_opamp,schematic/history_1/simulation/diff_mode_gain/PrimeSimSPICE/parametric/results|&2
1757122405.161343: 1767025-7f0382ffd700: cdpl_compat_master.c:5948: in cdplMasterLogInfo(): info: [non-CDPL log entry] PWDP send back 'PILOTOK' back to worker id:1 key: saeSession0,1,diff_mode_gain|&/home/argershm/180-voltmeter/Analog/cc/simulation/integrator,tb_main_opamp,schematic/history_1/simulation/diff_mode_gain/PrimeSimSPICE/parametric/results
1757122405.161514: 1767025-7f03a57fa700: cdpl_server_ipc.c:1268: in _sv_ipc_thread(): debug: received RELAY message
1757122405.161524: 1767025-7f03a57fa700: cdpl_server_ipc.c:713: in _sv_on_relay(): debug: RELAY message from W1, size = 18
1757122405.161527: 1767025-7f03a57fa700: cdpl_server_ipc.c:715: in _sv_on_relay(): debug: RELAY message from W1, content = 2$- - - MEASDOING
1757122405.163746: 1767025-7f03a57fa700: cdpl_server_ipc.c:1268: in _sv_ipc_thread(): debug: received RELAY message
1757122405.163754: 1767025-7f03a57fa700: cdpl_server_ipc.c:713: in _sv_on_relay(): debug: RELAY message from W2, size = 53
1757122405.163757: 1767025-7f03a57fa700: cdpl_server_ipc.c:715: in _sv_on_relay(): debug: RELAY message from W2, content = WORKERDU|12932,/dev/mapper/rhel_claws--compute3-home
1757122405.163761: 1767025-7f03a57fa700: cdpl_server_ipc.c:1268: in _sv_ipc_thread(): debug: received RELAY message
1757122405.163763: 1767025-7f03a57fa700: cdpl_server_ipc.c:713: in _sv_on_relay(): debug: RELAY message from W2, size = 196
1757122405.163764: 1767025-7f03a57fa700: cdpl_server_ipc.c:715: in _sv_on_relay(): debug: RELAY message from W2, content = REQPILOT|saeSession0,1,diff_mode_gain|&/home/argershm/180-voltmeter/Analog/cc/simulation/integrator,tb_main_opamp,schematic/history_1/simulation/diff_mode_gain/PrimeSimSPICE/parametric/results|&0
1757122405.163772: 1767025-7f0382ffd700: cdpl_compat_master.c:5948: in cdplMasterLogInfo(): info: [non-CDPL log entry] PWDP send back 'PILOTOK' back to worker id:2 key: saeSession0,1,diff_mode_gain|&/home/argershm/180-voltmeter/Analog/cc/simulation/integrator,tb_main_opamp,schematic/history_1/simulation/diff_mode_gain/PrimeSimSPICE/parametric/results
1757122405.163963: 1767025-7f03a57fa700: cdpl_server_ipc.c:1268: in _sv_ipc_thread(): debug: received RELAY message
1757122405.163971: 1767025-7f03a57fa700: cdpl_server_ipc.c:713: in _sv_on_relay(): debug: RELAY message from W2, size = 18
1757122405.163973: 1767025-7f03a57fa700: cdpl_server_ipc.c:715: in _sv_on_relay(): debug: RELAY message from W2, content = 0$- - - MEASDOING
1757122406.524637: 1767025-7f03a57fa700: cdpl_server_ipc.c:1268: in _sv_ipc_thread(): debug: received RELAY message
1757122406.524650: 1767025-7f03a57fa700: cdpl_server_ipc.c:713: in _sv_on_relay(): debug: RELAY message from W3, size = 77
1757122406.524652: 1767025-7f03a57fa700: cdpl_server_ipc.c:715: in _sv_on_relay(): debug: RELAY message from W3, content = 1$1808328 claws-compute3.ece.ncsu.edu 1808369 FINISHED 1757122398|1757122406
1757122406.526139: 1767025-7f03a57fa700: cdpl_server_ipc.c:1268: in _sv_ipc_thread(): debug: received RELAY message
1757122406.526146: 1767025-7f03a57fa700: cdpl_server_ipc.c:713: in _sv_on_relay(): debug: RELAY message from W3, size = 194
1757122406.526149: 1767025-7f03a57fa700: cdpl_server_ipc.c:715: in _sv_on_relay(): debug: RELAY message from W3, content = PILOTDONE|saeSession0,1,diff_mode_gain|&/home/argershm/180-voltmeter/Analog/cc/simulation/integrator,tb_main_opamp,schematic/history_1/simulation/diff_mode_gain/PrimeSimSPICE/parametric/results
1757122406.526168: 1767025-7f0382ffd700: cdpl_compat_master.c:5948: in cdplMasterLogInfo(): info: [non-CDPL log entry] saeSession0,1,diff_mode_gain|&/home/argershm/180-voltmeter/Analog/cc/simulation/integrator,tb_main_opamp,schematic/history_1/simulation/diff_mode_gain/PrimeSimSPICE/parametric/results PILOTDONE!
1757122406.526444: 1767025-7f03a57fa700: cdpl_server_ipc.c:1251: in _sv_ipc_thread(): debug: received FINISH message
1757122406.526450: 1767025-7f03a57fa700: cdpl_server_ipc.c:983: in _sv_on_finish(): info: worker W3 completed task T1
1757122406.526452: 1767025-7f03a57fa700: cdpl_server_ipc.c:988: in _sv_on_finish(): debug: stat T1: utime=4071 stime=2278
1757122406.526454: 1767025-7f03a57fa700: cdpl_server_ipc.c:993: in _sv_on_finish(): debug: statm T1: vsize=3054772 rss=1038508 shared=520108 text=474784 data=709992
1757122406.531440: 1767025-7f03a57fa700: cdpl_server_ipc.c:1268: in _sv_ipc_thread(): debug: received RELAY message
1757122406.531444: 1767025-7f03a57fa700: cdpl_server_ipc.c:713: in _sv_on_relay(): debug: RELAY message from W3, size = 50
1757122406.531450: 1767025-7f03a57fa700: cdpl_server_ipc.c:715: in _sv_on_relay(): debug: RELAY message from W3, content = WORKERDU|40,/dev/mapper/rhel_claws--compute3-home
1757122406.560517: 1767025-7f03a57fa700: cdpl_server_ipc.c:1268: in _sv_ipc_thread(): debug: received RELAY message
1757122406.560525: 1767025-7f03a57fa700: cdpl_server_ipc.c:713: in _sv_on_relay(): debug: RELAY message from W1, size = 77
1757122406.560528: 1767025-7f03a57fa700: cdpl_server_ipc.c:715: in _sv_on_relay(): debug: RELAY message from W1, content = 2$1808330 claws-compute3.ece.ncsu.edu 1808372 FINISHED 1757122398|1757122406
1757122406.560844: 1767025-7f03a57fa700: cdpl_server_ipc.c:1251: in _sv_ipc_thread(): debug: received FINISH message
1757122406.560849: 1767025-7f03a57fa700: cdpl_server_ipc.c:983: in _sv_on_finish(): info: worker W1 completed task T2
1757122406.560851: 1767025-7f03a57fa700: cdpl_server_ipc.c:988: in _sv_on_finish(): debug: stat T2: utime=4000 stime=2300
1757122406.560853: 1767025-7f03a57fa700: cdpl_server_ipc.c:993: in _sv_on_finish(): debug: statm T2: vsize=3054772 rss=1040828 shared=520228 text=474784 data=709992
1757122406.562036: 1767025-7f03a57fa700: cdpl_server_ipc.c:1268: in _sv_ipc_thread(): debug: received RELAY message
1757122406.562044: 1767025-7f03a57fa700: cdpl_server_ipc.c:713: in _sv_on_relay(): debug: RELAY message from W2, size = 77
1757122406.562047: 1767025-7f03a57fa700: cdpl_server_ipc.c:715: in _sv_on_relay(): debug: RELAY message from W2, content = 0$1808329 claws-compute3.ece.ncsu.edu 1808368 FINISHED 1757122398|1757122406
1757122406.562268: 1767025-7f03a57fa700: cdpl_server_ipc.c:1251: in _sv_ipc_thread(): debug: received FINISH message
1757122406.562273: 1767025-7f03a57fa700: cdpl_server_ipc.c:983: in _sv_on_finish(): info: worker W2 completed task T0
1757122406.562276: 1767025-7f03a57fa700: cdpl_server_ipc.c:988: in _sv_on_finish(): debug: stat T0: utime=4010 stime=2258
1757122406.562280: 1767025-7f03a57fa700: cdpl_server_ipc.c:993: in _sv_on_finish(): debug: statm T0: vsize=3054796 rss=1034164 shared=519352 text=474784 data=710016
1757122406.565627: 1767025-7f03a57fa700: cdpl_server_ipc.c:1268: in _sv_ipc_thread(): debug: received RELAY message
1757122406.565637: 1767025-7f03a57fa700: cdpl_server_ipc.c:713: in _sv_on_relay(): debug: RELAY message from W1, size = 50
1757122406.565640: 1767025-7f03a57fa700: cdpl_server_ipc.c:715: in _sv_on_relay(): debug: RELAY message from W1, content = WORKERDU|56,/dev/mapper/rhel_claws--compute3-home
1757122406.567114: 1767025-7f03a57fa700: cdpl_server_ipc.c:1268: in _sv_ipc_thread(): debug: received RELAY message
1757122406.567117: 1767025-7f03a57fa700: cdpl_server_ipc.c:713: in _sv_on_relay(): debug: RELAY message from W2, size = 50
1757122406.567119: 1767025-7f03a57fa700: cdpl_server_ipc.c:715: in _sv_on_relay(): debug: RELAY message from W2, content = WORKERDU|56,/dev/mapper/rhel_claws--compute3-home
1757122406.571784: 1767025-7f03fb53e540: cdpl_server.c:227: in _sv_free_task_safe(): debug: freeing task T1
1757122406.598522: 1767025-7f03fb53e540: cdpl_server.c:227: in _sv_free_task_safe(): debug: freeing task T2
1757122406.609650: 1767025-7f03fb53e540: cdpl_server.c:227: in _sv_free_task_safe(): debug: freeing task T0
1757122407.050896: 1767025-7f03fb53e540: cdpl_server.c:3008: in cdpl_sv_halt_job_errno(): info: killing job J1
1757122407.050922: 1767025-7f03fb53e540: cdpl_server.c:3044: in cdpl_sv_halt_job_errno(): debug: signal bin B1 scheduler to stop
1757122407.050934: 1767025-7f0380ff9700: cdpl_server_sched.c:2484: in _sv_scheduler_thread(): debug: scheduler for bin B1 stopped
1757122407.050943: 1767025-7f0380ff9700: cdpl_ipc.c:1657: in _host_drop__UNSAFE(): debug: dropping host `152.14.98.53:43940'
1757122407.050979: 1767025-7f0380ff9700: cdpl_server_sched.c:2830: in _sv_drop_worker(): info: down to 2 alive workers in B1
1757122407.050984: 1767025-7f03a57fa700: cdpl_server_ipc.c:1236: in _sv_ipc_thread(): debug: received DROP notification
1757122407.050992: 1767025-7f0380ff9700: cdpl_farm.c:4152: in cdpl_farm_dismiss(): debug: down to 2 running processes
1757122407.051002: 1767025-7f0380ff9700: cdpl_ipc.c:1657: in _host_drop__UNSAFE(): debug: dropping host `152.14.98.53:43950'
1757122407.051020: 1767025-7f0380ff9700: cdpl_server_sched.c:2830: in _sv_drop_worker(): info: down to 1 alive workers in B1
1757122407.051021: 1767025-7f0380ff9700: cdpl_farm.c:4152: in cdpl_farm_dismiss(): debug: down to 1 running processes
1757122407.051023: 1767025-7f0380ff9700: cdpl_ipc.c:1657: in _host_drop__UNSAFE(): debug: dropping host `152.14.98.53:43930'
1757122407.051039: 1767025-7f0380ff9700: cdpl_server_sched.c:2830: in _sv_drop_worker(): info: down to 0 alive workers in B1
1757122407.051040: 1767025-7f0380ff9700: cdpl_farm.c:4152: in cdpl_farm_dismiss(): debug: down to 0 running processes
1757122407.051047: 1767025-7f03a57fa700: cdpl_server_ipc.c:1236: in _sv_ipc_thread(): debug: received DROP notification
1757122407.051049: 1767025-7f0380ff9700: cdpl_server_sched.c:121: in _free_worker_2(): debug: freeing worker W3
1757122407.051052: 1767025-7f0380ff9700: cdpl_ipc.c:2513: in cdpl_ipc_host_release(): debug: releasing host `152.14.98.53:43940'
1757122407.051054: 1767025-7f03a57fa700: cdpl_server_ipc.c:1236: in _sv_ipc_thread(): debug: received DROP notification
1757122407.051058: 1767025-7f0380ff9700: cdpl_ipc.c:2529: in cdpl_ipc_host_release(): debug: scheduling for immediate release
1757122407.051060: 1767025-7f0380ff9700: cdpl_server_sched.c:121: in _free_worker_2(): debug: freeing worker W1
1757122407.051062: 1767025-7f0380ff9700: cdpl_ipc.c:2513: in cdpl_ipc_host_release(): debug: releasing host `152.14.98.53:43950'
1757122407.051064: 1767025-7f0380ff9700: cdpl_ipc.c:2529: in cdpl_ipc_host_release(): debug: scheduling for immediate release
1757122407.051065: 1767025-7f0380ff9700: cdpl_server_sched.c:121: in _free_worker_2(): debug: freeing worker W2
1757122407.051067: 1767025-7f0380ff9700: cdpl_ipc.c:2513: in cdpl_ipc_host_release(): debug: releasing host `152.14.98.53:43930'
1757122407.051068: 1767025-7f0380ff9700: cdpl_ipc.c:2529: in cdpl_ipc_host_release(): debug: scheduling for immediate release
1757122407.051075: 1767025-7f03fb53e540: cdpl_server.c:294: in _sv_free_job(): info: freeing job J1
1757122407.051078: 1767025-7f03fb53e540: cdpl_server.c:92: in _sv_free_bin(): debug: freeing bin B1
1757122407.051084: 1767025-7f03fb53e540: cdpl_monitor.c:515: in cdpl_mn_kill(): info: killing monitor
1757122407.051087: 1767025-7f03fb53e540: cdpl_ipc.c:3677: in cdpl_ipc_kill(): debug: stopping event server
1757122407.051101: 1767025-7f0383fff700: cdpl_ipc.c:2460: in _epoll_main(): debug: server going down...
1757122407.051149: 1767025-7f03a5ffb700: cdpl_ipc.c:775: in _readv(): warning: read(): EOF
1757122407.051157: 1767025-7f03a5ffb700: cdpl_ipc.c:2100: in _epoll_recv(): debug: _readv(): Broken pipe
1757122407.051159: 1767025-7f03a5ffb700: cdpl_ipc.c:2424: in _epoll_main(): debug: _epoll_recv(): Broken pipe
1757122407.051163: 1767025-7f03a5ffb700: cdpl_ipc.c:1657: in _host_drop__UNSAFE(): debug: dropping host `152.14.98.53:52076'
1757122407.051188: 1767025-7f03a5ffb700: cdpl_ipc.c:1582: in _host_free__UNSAFE(): debug: freeing host `152.14.98.53:43930'
1757122407.051190: 1767025-7f03a5ffb700: cdpl_ipc.c:1621: in _host_free__UNSAFE(): debug: [0 outq, 0 spR, 0 spW]
1757122407.051192: 1767025-7f03a5ffb700: cdpl_ipc.c:1582: in _host_free__UNSAFE(): debug: freeing host `152.14.98.53:43950'
1757122407.051194: 1767025-7f03a5ffb700: cdpl_ipc.c:1621: in _host_free__UNSAFE(): debug: [0 outq, 0 spR, 0 spW]
1757122407.051195: 1767025-7f03a5ffb700: cdpl_ipc.c:1582: in _host_free__UNSAFE(): debug: freeing host `152.14.98.53:43940'
1757122407.051197: 1767025-7f03a5ffb700: cdpl_ipc.c:1621: in _host_free__UNSAFE(): debug: [0 outq, 0 spR, 0 spW]
1757122407.051203: 1767025-7f03a57fa700: cdpl_server_ipc.c:1236: in _sv_ipc_thread(): debug: received DROP notification
1757122407.051206: 1767025-7f03a57fa700: cdpl_monitor.c:1269: in cdpl_mn_drop(): debug: detaching from monitor `152.14.98.53:52076'
1757122407.051209: 1767025-7f03a57fa700: cdpl_monitor.c:1101: in mn_systat_stop(): debug: joining systat thread
1757122407.051223: 1767025-7f03827fc700: cdpl_monitor.c:1079: in mn_systat(): debug: exiting
1757122407.051227: 1767025-7f03a57fa700: cdpl_monitor.c:1103: in mn_systat_stop(): debug: systat thread done
1757122407.051230: 1767025-7f03a57fa700: cdpl_ipc.c:2513: in cdpl_ipc_host_release(): debug: releasing host `152.14.98.53:52076'
1757122407.051329: 1767025-7f03a4ff9700: cdpl_ipc.c:3728: in cdpl_ipc_free(): debug: releasing IPC handle
1757122407.051335: 1767025-7f03a4ff9700: cdpl_ipc.c:1582: in _host_free__UNSAFE(): debug: freeing host `152.14.98.53:44247'
1757122407.051337: 1767025-7f03a4ff9700: cdpl_ipc.c:1621: in _host_free__UNSAFE(): debug: [0 outq, 0 spR, 0 spW]
1757122407.051347: 1767025-7f03a4ff9700: cdpl_ipc.c:1582: in _host_free__UNSAFE(): debug: freeing host `152.14.98.53:37177'
1757122407.051349: 1767025-7f03a4ff9700: cdpl_ipc.c:1621: in _host_free__UNSAFE(): debug: [0 outq, 0 spR, 0 spW]
1757122407.051355: 1767025-7f03a4ff9700: cdpl_ipc.c:1582: in _host_free__UNSAFE(): debug: freeing host `152.14.98.53:39441'
1757122407.051357: 1767025-7f03a4ff9700: cdpl_ipc.c:1621: in _host_free__UNSAFE(): debug: [0 outq, 0 spR, 0 spW]
1757122407.051364: 1767025-7f03a4ff9700: cdpl_ipc.c:1582: in _host_free__UNSAFE(): debug: freeing host `152.14.98.53:35411'
1757122407.051366: 1767025-7f03a4ff9700: cdpl_ipc.c:1621: in _host_free__UNSAFE(): debug: [0 outq, 0 spR, 0 spW]
1757122407.051372: 1767025-7f03a4ff9700: cdpl_ipc.c:3756: in cdpl_ipc_free(): warning: 4 host(s) were not released
1757122407.051379: 1767025-7f03a4ff9700: cdpl_ipc.c:3767: in cdpl_ipc_free(): debug: done
1757122407.051381: 1767025-7f03a4ff9700: cdpl_monitor.c:1390: in cdpl_mn_free(): debug: freeing monitor client
1757122407.051449: 1767025-7f03fb53e540: cdpl_farm.c:2740: in cdpl_farm_free(): info: freeing farm
1757122407.051462: 1767025-7f035bfff700: cdpl_farm.c:2231: in _schedule(): debug: end of idling
1757122407.051467: 1767025-7f035bfff700: cdpl_farm.c:2235: in _schedule(): debug: dying
1757122407.051550: 1767025-7f03fb53e540: cdpl_farm.c:913: in _killall(): debug: killing all remaining commands
1757122407.051555: 1767025-7f03fb53e540: cdpl_server.c:3144: in cdpl_sv_free(): info: freeing server S2091390482
1757122407.051557: 1767025-7f03fb53e540: cdpl_server.c:3109: in cdpl_sv_kill_errno(): info: killing server
1757122407.051560: 1767025-7f03fb53e540: cdpl_ipc.c:3677: in cdpl_ipc_kill(): debug: stopping event server
1757122407.051569: 1767025-7f03a57fa700: cdpl_server_ipc.c:1200: in _sv_ipc_thread(): debug: leaving now
1757122407.051573: 1767025-7f03a5ffb700: cdpl_ipc.c:2460: in _epoll_main(): debug: server going down...
1757122407.051578: 1767025-7f03fb53e540: cdpl_server.c:334: in _sv_free_master(): info: freeing master M1
1757122407.051580: 1767025-7f03fb53e540: cdpl_hash.c:68: in cdpl_h_destroy(): debug: put operations: 3
1757122407.051582: 1767025-7f03fb53e540: cdpl_hash.c:69: in cdpl_h_destroy(): debug: put collisions: 0
1757122407.051584: 1767025-7f03fb53e540: cdpl_hash.c:70: in cdpl_h_destroy(): debug: get operations: 3
1757122407.051586: 1767025-7f03fb53e540: cdpl_hash.c:71: in cdpl_h_destroy(): debug: get iterations: 3
1757122407.051590: 1767025-7f03fb53e540: cdpl_monitor.c:1390: in cdpl_mn_free(): debug: freeing monitor server
1757122407.051592: 1767025-7f03fb53e540: cdpl_ipc.c:3728: in cdpl_ipc_free(): debug: releasing IPC handle
1757122407.051594: 1767025-7f03fb53e540: cdpl_ipc.c:1582: in _host_free__UNSAFE(): debug: freeing host `152.14.98.53:52076'
1757122407.051597: 1767025-7f03fb53e540: cdpl_ipc.c:1621: in _host_free__UNSAFE(): debug: [0 outq, 0 spR, 0 spW]
1757122407.051610: 1767025-7f03fb53e540: cdpl_ipc.c:3767: in cdpl_ipc_free(): debug: done
1757122407.051612: 1767025-7f03fb53e540: cdpl_log.c:481: in cdpl_log_close(): info: @@end_of_log@@
