[18:42:20.99] /o 
              /c                                    pw_worker™ 
              /c 
              /c                Version W-2024.09-SP1-2 for linux64 - Jan 15, 2025
              /c              Based on Custom Infrastructure
              /c Version W-2024.09-SP1-2
              /c 
              /c                     Copyright (c) 2004 - 2025 Synopsys, Inc.
              /c    This software and the associated documentation are proprietary to Synopsys,
              /c  Inc. This software may only be used in accordance with the terms and conditions
              /c  of a written license agreement with Synopsys, Inc. All other use, reproduction,
              /c    or distribution of this software is strictly prohibited.  Licensed Products
              /c      communicate with Synopsys servers for the purpose of providing software
              /c     updates, detecting software piracy and verifying that customers are using
              /c     Licensed Products in conformity with the applicable License Key for such
              /c   Licensed Products. Synopsys will use information gathered in connection with
              /c     this process to deliver software updates and pursue software pirates and
              /c                                    infringers.
              /c 
              /c  Inclusivity & Diversity - Visit SolvNetPlus to read the "Synopsys Statement on
              /c             Inclusivity and Diversity" (Refer to article 000036315 at
              /c                         https://solvnetplus.synopsys.com)
              /c 
              /c Build  (OPT) Config 11252589 compiled on Wed Jan 15 11:01:36 2025 for AlmaLinux 8.4
              /c Invocation: /mnt/apps/public/COE/synopsys_apps/primewave/W-2024.09-SP1-2/linux64/platform/bin/custom_shell -application pw_worker -gui 0 -localDir /home/argershm/180-voltmeter/Analog/cc/synopsys_custom/pwdp_jobs/saeSession4_diffmodegain.SimulationSimulation_cdpl.0.2931556/logs/w2
              /c Execution time: Sat Sep  6 18:42:19 2025
              /c Host: claws-compute3.ece.ncsu.edu
              /c Working directory: /home/argershm/180-voltmeter/Analog/cc
              /c 
[18:42:25.49] /m Information: Registering ICV PERC package...
[18:42:25.49] /w Warning: Error: "Job group named 'PrimeWave' already exists under this parent." (IPC-100)
[18:42:25.87] /o #####New Worker job begin - Self history dir=/home/argershm/180-voltmeter/Analog/cc/simulation/integrator,tb_main_opamp,schematic
[18:42:26.06] /o source /home/argershm/180-voltmeter/Analog/cc/synopsys_custom/pwdp_jobs/saeSession4_diffmodegain.SimulationSimulation_cdpl.0.2931556/ccFile.tcl OK
[18:42:26.06] /o LibDefs : /home/argershm/180-voltmeter/Analog/cc/lib.defs
[18:42:26.29] /o new worker create session at loading state!
[18:42:26.29] /o history_1
[18:42:26.33] /m Information: Info: Waveform format selected is PSF. Synopsys recommends using the WDF format with the <HSPICE/FineSim> simulator.
              /c WDF is an optimal format that improves viewing performance and reduces disk usage while PSF is a 3rd party format and support "as-is".
              /c To change the format, open the Setup -> Environment menu and select the WDF format. (PW-642)
[18:42:26.51] /o Loading: Callback files...
[18:42:26.51] /o 
              /c [INFO] : Loading display.tcl from /mnt/designkits/gf180MCU/dk_ncsu/gf180mcu_cc_0.1/Models_HSPICE
              /c 
              /c  if you wish to Load other display.tcl, please set shell environment valiable "iPDK_load_display_gf180mcu" to value = 0
[18:42:26.51] /o 
[18:42:26.55] /w Warning: Could not set the value of preference xtEMIRLPEStarTcadGrdFile because it does not exist. (PREFERENCE-016)
[18:42:26.55] /o 	#######################################
[18:42:26.55] /o 	CC-PDK Library Name	: gf180MCU Open
[18:42:26.55] /o 	#######################################
[18:42:26.55] /o 
[18:42:26.67] /o source /home/argershm/180-voltmeter/Analog/cc/simulation/integrator,tb_main_opamp,schematic/history_1/.nw_preference_script.tcl OK!
[18:42:26.67] /o DSPF Options: {hierDelim==|}||{termDelim==:}||{fingerChar==@}||{multiplierString==_nettran_}||{aggregateCurrent==1}||{MOSTermNames==d g s b}||{MOSTermOrder==D G S B}||{MOSTermDspfNames==DRC GATE SRC BULK}||{firstChars==XM}||{probeHierDelim==/}||{caseSensitive==1}||{firstChar==M}||{hierPrefix==X}||{nodePrefix==M}||{plotTermVoltageForNet==0}||{mapNetToMosTerminal==}||{mapSlashDelimToDot==1}||{probePortCurrent==1}||{busBit==[]}||{removeNodePrefix==1}||{nlConDelim==.}||{mosModelType==auto}||{keepSchName==0}
[18:42:26.67] /o _workerLoadStateAction done!
[18:42:26.70] /o pw_worker _createCalculateEngine got job!
[18:42:26.70] /o pw_worker _createCalculateEngine OK!
[18:42:26.71] /o _getSimulationDetails : 
[18:42:26.71] /o tbName=diff_mode_gain, Mtb=0
[18:42:26.71] /o Got stb tb ok!
[18:42:26.71] /o Self resultsDir: ./simulation
[18:42:26.71] /o Self databaseDir: /home/argershm/180-voltmeter/Analog/cc/simulation/integrator,tb_main_opamp,schematic/history_1/simulation/diff_mode_gain/PrimeSimSPICE/parametric/results
[18:42:26.72] /o source /mnt/apps/public/COE/synopsys_apps/primewave/W-2024.09-SP1-2/auxx/sae/matlab_script.tcl OK
[18:42:26.86] /o _createResultsMap done!
[18:42:26.87] /o ###write_child - resultsDir=/home/argershm/180-voltmeter/Analog/cc/simulation/integrator,tb_main_opamp,schematic/history_1/simulation/diff_mode_gain/PrimeSimSPICE/parametric/L=0.3u/results
              /c  masterResultsDir=/home/argershm/180-voltmeter/Analog/cc/simulation/integrator,tb_main_opamp,schematic/history_1/simulation/diff_mode_gain/PrimeSimSPICE/parametric/results
              /c  databaseDir=/home/argershm/180-voltmeter/Analog/cc/simulation/integrator,tb_main_opamp,schematic/history_1/simulation/diff_mode_gain/PrimeSimSPICE/parametric/results
              /c  UniqueName=saeSession4, isPilot=true
[18:42:26.87] /o 
[18:42:26.92] /o pw_worker child CE begin!
[18:42:26.93] /o ###write_master - histName=history_1 masterResultsDir=/home/argershm/180-voltmeter/Analog/cc/simulation/integrator,tb_main_opamp,schematic/history_1/simulation/diff_mode_gain/PrimeSimSPICE/parametric/results
              /c  incompleteType=, resultsDirectory=./simulation
[18:42:26.93] /o 
[18:42:27.00] /o pw_worker invokes measurement finished.
[18:42:27.00] /o pw_worker writeSimMap finsied.
[18:42:27.00] /o _simulationDoneAction done without exception!
[18:42:27.41] /o New Worker New CE ready proc entered.
[18:42:27.80] /o Got file /home/argershm/180-voltmeter/Analog/cc/simulation/integrator,tb_main_opamp,schematic/history_1/simulation/diff_mode_gain/PrimeSimSPICE/parametric/L=0.3u/results/.ceFinished
[18:42:28.00] /o touch /home/argershm/180-voltmeter/Analog/cc/simulation/integrator,tb_main_opamp,schematic/history_1/simulation/diff_mode_gain/PrimeSimSPICE/parametric/L=0.3u/results/.unitedSimFinished
[18:42:28.00] /o Calc Job Done!
[18:42:28.00] /o New Worker New CE exit
[18:42:28.11] /o touch pilot meas done flag file: /home/argershm/180-voltmeter/Analog/cc/simulation/integrator,tb_main_opamp,schematic/history_1/simulation/diff_mode_gain/PrimeSimSPICE/parametric/results/.pw_nw_meas_done
[18:42:28.18] /o #####New Worker job begin - Self history dir=/home/argershm/180-voltmeter/Analog/cc/simulation/integrator,tb_main_opamp,schematic
[18:42:28.30] /o pw_worker _createCalculateEngine got job!
[18:42:28.30] /o pw_worker _createCalculateEngine OK!
[18:42:29.51] /o New Worker New CE ready proc entered.
[18:42:29.68] /o _getSimulationDetails : 
[18:42:29.68] /o tbName=diff_mode_gain, Mtb=0
[18:42:29.68] /o Got stb tb ok!
[18:42:29.68] /o Self resultsDir: ./simulation
[18:42:29.68] /o Self databaseDir: /home/argershm/180-voltmeter/Analog/cc/simulation/integrator,tb_main_opamp,schematic/history_1/simulation/diff_mode_gain/PrimeSimSPICE/parametric/results
[18:42:29.80] /o _createResultsMap done!
[18:42:29.81] /o ###write_child - resultsDir=/home/argershm/180-voltmeter/Analog/cc/simulation/integrator,tb_main_opamp,schematic/history_1/simulation/diff_mode_gain/PrimeSimSPICE/parametric/L=0.4u/results
              /c  masterResultsDir=/home/argershm/180-voltmeter/Analog/cc/simulation/integrator,tb_main_opamp,schematic/history_1/simulation/diff_mode_gain/PrimeSimSPICE/parametric/results
              /c  databaseDir=/home/argershm/180-voltmeter/Analog/cc/simulation/integrator,tb_main_opamp,schematic/history_1/simulation/diff_mode_gain/PrimeSimSPICE/parametric/results
              /c  UniqueName=saeSession4, isPilot=false
[18:42:29.81] /o 
[18:42:29.83] /o pw_worker child CE begin!
[18:42:29.83] /o pw_worker invokes measurement finished.
[18:42:29.83] /o pw_worker writeSimMap finsied.
[18:42:29.83] /o _simulationDoneAction done without exception!
[18:42:29.93] /o Got file /home/argershm/180-voltmeter/Analog/cc/simulation/integrator,tb_main_opamp,schematic/history_1/simulation/diff_mode_gain/PrimeSimSPICE/parametric/L=0.4u/results/.ceFinished
[18:42:30.24] /o touch /home/argershm/180-voltmeter/Analog/cc/simulation/integrator,tb_main_opamp,schematic/history_1/simulation/diff_mode_gain/PrimeSimSPICE/parametric/L=0.4u/results/.unitedSimFinished
[18:42:30.24] /o Calc Job Done!
[18:42:30.24] /o New Worker New CE exit
[18:42:30.36] /o #####New Worker job begin - Self history dir=/home/argershm/180-voltmeter/Analog/cc/simulation/integrator,tb_main_opamp,schematic
[18:42:30.48] /o pw_worker _createCalculateEngine got job!
[18:42:30.48] /o pw_worker _createCalculateEngine OK!
[18:42:31.69] /o New Worker New CE ready proc entered.
[18:42:31.87] /o _getSimulationDetails : 
[18:42:31.87] /o tbName=diff_mode_gain, Mtb=0
[18:42:31.87] /o Got stb tb ok!
[18:42:31.87] /o Self resultsDir: ./simulation
[18:42:31.87] /o Self databaseDir: /home/argershm/180-voltmeter/Analog/cc/simulation/integrator,tb_main_opamp,schematic/history_1/simulation/diff_mode_gain/PrimeSimSPICE/parametric/results
[18:42:31.95] /o _createResultsMap done!
[18:42:31.96] /o ###write_child - resultsDir=/home/argershm/180-voltmeter/Analog/cc/simulation/integrator,tb_main_opamp,schematic/history_1/simulation/diff_mode_gain/PrimeSimSPICE/parametric/L=0.6u/results
              /c  masterResultsDir=/home/argershm/180-voltmeter/Analog/cc/simulation/integrator,tb_main_opamp,schematic/history_1/simulation/diff_mode_gain/PrimeSimSPICE/parametric/results
              /c  databaseDir=/home/argershm/180-voltmeter/Analog/cc/simulation/integrator,tb_main_opamp,schematic/history_1/simulation/diff_mode_gain/PrimeSimSPICE/parametric/results
              /c  UniqueName=saeSession4, isPilot=false
[18:42:31.96] /o 
[18:42:31.97] /o pw_worker child CE begin!
[18:42:31.97] /o pw_worker invokes measurement finished.
[18:42:31.97] /o pw_worker writeSimMap finsied.
[18:42:31.97] /o _simulationDoneAction done without exception!
[18:42:32.07] /o Got file /home/argershm/180-voltmeter/Analog/cc/simulation/integrator,tb_main_opamp,schematic/history_1/simulation/diff_mode_gain/PrimeSimSPICE/parametric/L=0.6u/results/.ceFinished
[18:42:32.28] /o touch /home/argershm/180-voltmeter/Analog/cc/simulation/integrator,tb_main_opamp,schematic/history_1/simulation/diff_mode_gain/PrimeSimSPICE/parametric/L=0.6u/results/.unitedSimFinished
[18:42:32.28] /o Calc Job Done!
[18:42:32.28] /o New Worker New CE exit
[18:42:32.47] /o #####New Worker job begin - Self history dir=/home/argershm/180-voltmeter/Analog/cc/simulation/integrator,tb_main_opamp,schematic
[18:42:32.59] /o pw_worker _createCalculateEngine got job!
[18:42:32.59] /o pw_worker _createCalculateEngine OK!
[18:42:33.90] /o New Worker New CE ready proc entered.
[18:42:34.07] /o _getSimulationDetails : 
[18:42:34.07] /o tbName=diff_mode_gain, Mtb=0
[18:42:34.07] /o Got stb tb ok!
[18:42:34.07] /o Self resultsDir: ./simulation
[18:42:34.07] /o Self databaseDir: /home/argershm/180-voltmeter/Analog/cc/simulation/integrator,tb_main_opamp,schematic/history_1/simulation/diff_mode_gain/PrimeSimSPICE/parametric/results
[18:42:34.18] /o _createResultsMap done!
[18:42:34.18] /o ###write_child - resultsDir=/home/argershm/180-voltmeter/Analog/cc/simulation/integrator,tb_main_opamp,schematic/history_1/simulation/diff_mode_gain/PrimeSimSPICE/parametric/L=0.8u/results
              /c  masterResultsDir=/home/argershm/180-voltmeter/Analog/cc/simulation/integrator,tb_main_opamp,schematic/history_1/simulation/diff_mode_gain/PrimeSimSPICE/parametric/results
              /c  databaseDir=/home/argershm/180-voltmeter/Analog/cc/simulation/integrator,tb_main_opamp,schematic/history_1/simulation/diff_mode_gain/PrimeSimSPICE/parametric/results
              /c  UniqueName=saeSession4, isPilot=false
[18:42:34.18] /o 
[18:42:34.19] /o pw_worker child CE begin!
[18:42:34.19] /o pw_worker invokes measurement finished.
[18:42:34.19] /o pw_worker writeSimMap finsied.
[18:42:34.19] /o _simulationDoneAction done without exception!
[18:42:34.29] /o Got file /home/argershm/180-voltmeter/Analog/cc/simulation/integrator,tb_main_opamp,schematic/history_1/simulation/diff_mode_gain/PrimeSimSPICE/parametric/L=0.8u/results/.ceFinished
[18:42:34.59] /o touch /home/argershm/180-voltmeter/Analog/cc/simulation/integrator,tb_main_opamp,schematic/history_1/simulation/diff_mode_gain/PrimeSimSPICE/parametric/L=0.8u/results/.unitedSimFinished
[18:42:34.59] /o Calc Job Done!
[18:42:34.59] /o New Worker New CE exit
[18:42:34.77] /o #####New Worker job begin - Self history dir=/home/argershm/180-voltmeter/Analog/cc/simulation/integrator,tb_main_opamp,schematic
[18:42:34.90] /o pw_worker _createCalculateEngine got job!
[18:42:34.90] /o pw_worker _createCalculateEngine OK!
[18:42:36.20] /o New Worker New CE ready proc entered.
[18:42:36.37] /o _getSimulationDetails : 
[18:42:36.37] /o tbName=diff_mode_gain, Mtb=0
[18:42:36.37] /o Got stb tb ok!
[18:42:36.37] /o Self resultsDir: ./simulation
[18:42:36.37] /o Self databaseDir: /home/argershm/180-voltmeter/Analog/cc/simulation/integrator,tb_main_opamp,schematic/history_1/simulation/diff_mode_gain/PrimeSimSPICE/parametric/results
[18:42:36.47] /o _createResultsMap done!
[18:42:36.47] /o ###write_child - resultsDir=/home/argershm/180-voltmeter/Analog/cc/simulation/integrator,tb_main_opamp,schematic/history_1/simulation/diff_mode_gain/PrimeSimSPICE/parametric/L=0/results
              /c  masterResultsDir=/home/argershm/180-voltmeter/Analog/cc/simulation/integrator,tb_main_opamp,schematic/history_1/simulation/diff_mode_gain/PrimeSimSPICE/parametric/results
              /c  databaseDir=/home/argershm/180-voltmeter/Analog/cc/simulation/integrator,tb_main_opamp,schematic/history_1/simulation/diff_mode_gain/PrimeSimSPICE/parametric/results
              /c  UniqueName=saeSession4, isPilot=false
[18:42:36.47] /o 
[18:42:36.48] /o pw_worker child CE begin!
[18:42:36.48] /o pw_worker invokes measurement finished.
[18:42:36.48] /o pw_worker writeSimMap finsied.
[18:42:36.48] /o _simulationDoneAction done without exception!
[18:42:36.58] /o Got file /home/argershm/180-voltmeter/Analog/cc/simulation/integrator,tb_main_opamp,schematic/history_1/simulation/diff_mode_gain/PrimeSimSPICE/parametric/L=0/results/.ceFinished
[18:42:36.88] /o touch /home/argershm/180-voltmeter/Analog/cc/simulation/integrator,tb_main_opamp,schematic/history_1/simulation/diff_mode_gain/PrimeSimSPICE/parametric/L=0/results/.unitedSimFinished
[18:42:36.88] /o Calc Job Done!
[18:42:36.88] /o New Worker New CE exit
[18:42:38.35] /o Shutdown time: Sat Sep  6 18:42:38 2025
[18:42:38.35] /o Elapsed session real time: 0.3 minutes
[18:42:38.35] /o Session terminated. Log is at /home/argershm/180-voltmeter/Analog/cc/synopsys_custom/pwdp_jobs/saeSession4_diffmodegain.SimulationSimulation_cdpl.0.2931556/logs/w2/logs/pw_worker.argershm.2025_9_6_184219_2932547.log
