1757285436.082096: 3705371-7fa98a9e8ac0: cdpl_log.c:522: in cdpl_log_open(): info: @@start_of_log@@
1757285436.082122: 3705371-7fa98a9e8ac0: cdpl_log.c:1425: in cdpl_log_dump_sysinfo(): info: time: 2025/09/07 18:50:36 EDT -0400
1757285436.082125: 3705371-7fa98a9e8ac0: cdpl_log.c:1427: in cdpl_log_dump_sysinfo(): info: version: X-2025.06 
1757285436.082126: 3705371-7fa98a9e8ac0: cdpl_log.c:1429: in cdpl_log_dump_sysinfo(): info: system: Linux 4.18.0-553.69.1.el8_10.x86_64 #1 SMP Thu Aug 7 18:10:00 EDT 2025
1757285436.082128: 3705371-7fa98a9e8ac0: cdpl_log.c:1434: in cdpl_log_dump_sysinfo(): info: processor: x86_64 64-bits
1757285436.082129: 3705371-7fa98a9e8ac0: cdpl_log.c:1438: in cdpl_log_dump_sysinfo(): info: hostname: claws-compute3.ece.ncsu.edu
1757285436.082131: 3705371-7fa98a9e8ac0: cdpl_log.c:1440: in cdpl_log_dump_sysinfo(): info: program name: custom_shell
1757285436.082134: 3705371-7fa98a9e8ac0: cdpl_log.c:525: in cdpl_log_open(): debug: path: /home/argershm/180-voltmeter/Analog/cc/synopsys_custom/pwdp_jobs/saeSession1_diffmodegain.SimulationSimulation_cdpl.0.3705371/logs/master.claws-compute3.ece.ncsu.edu.3705371.log
1757285436.082136: 3705371-7fa98a9e8ac0: cdpl_log.c:526: in cdpl_log_open(): debug: dir: /home/argershm/180-voltmeter/Analog/cc/synopsys_custom/pwdp_jobs/saeSession1_diffmodegain.SimulationSimulation_cdpl.0.3705371/logs
1757285436.082167: 3705371-7fa98a9e8ac0: cdpl_server.c:537: in cdpl_sv_init(): info: new server S2043359635
1757285436.082174: 3705371-7fa98a9e8ac0: cdpl_ipc.c:3475: in cdpl_ipc_init(): info: requesting IPv4 protocol
1757285436.086011: 3705371-7fa98a9e8ac0: cdpl_ipc.c:837: in _selectaddrfamily(): info: selected IPv4 protocol
1757285436.086033: 3705371-7fa98a9e8ac0: cdpl_ipc.c:1139: in _set_keepalive(): info: TCP keep alive interval: 300
1757285436.088681: 3705371-7fa98a9e8ac0: cdpl_monitor.c:1117: in cdpl_mn_new_server(): info: creating server monitor instance
1757285436.088696: 3705371-7fa98a9e8ac0: cdpl_server.c:651: in cdpl_sv_new_master(): info: new master M1
1757285436.088708: 3705371-7fa98a9e8ac0: cdpl_server.c:6474: in cdpl_sv_ctl_master(): info: farm submit command timeout set to 600
1757285436.088710: 3705371-7fa98a9e8ac0: cdpl_server.c:6537: in cdpl_sv_ctl_master(): info: Setting worker heartbeat to 120 seconds
1757285436.088711: 3705371-7fa98a9e8ac0: cdpl_server.c:6546: in cdpl_sv_ctl_master(): info: Setting worker heartbeat timeout to 3 heartbeats
1757285436.088713: 3705371-7fa98a9e8ac0: cdpl_compat_master.c:2108: in _parse_hostfile(): info: reading hostfile `/home/argershm/180-voltmeter/Analog/cc/synopsys_custom/pwdp_jobs/saeSession1_diffmodegain.SimulationSimulation_cdpl.0.3705371/host_file'
1757285436.088734: 3705371-7fa98a9e8ac0: cdpl_compat_master.c:1918: in _hostfile_parser(): debug: parsing "1     |localhost|   -1  | /tmp | SH | sh"
1757285436.088744: 3705371-7fa98a9e8ac0: cdpl_farm.c:2603: in cdpl_farm_new_sh(): info: creating SH farm on localhost
1757285436.088750: 3705371-7fa98a9e8ac0: cdpl_compat_master.c:209: in _set_farm_env(): info: exporting CDPL_LOGDIR as `/home/argershm/180-voltmeter/Analog/cc/synopsys_custom/pwdp_jobs/saeSession1_diffmodegain.SimulationSimulation_cdpl.0.3705371/logs'
1757285436.088752: 3705371-7fa98a9e8ac0: cdpl_compat_master.c:215: in _set_farm_env(): info: exporting CDPL_TMPDIR as `/tmp'
1757285436.088753: 3705371-7fa98a9e8ac0: cdpl_compat_master.c:222: in _set_farm_env(): info: exporting CDPL_HOME as `/mnt/apps/public/COE/synopsys_apps/hspice/X-2025.06/hspice/cdpl'
1757285436.088755: 3705371-7fa98a9e8ac0: cdpl_compat_master.c:238: in _set_farm_env(): info: exporting SNPSLMD_LICENSE_FILE as `27000@ece-lic-35.ece.ncsu.edu'
1757285436.088757: 3705371-7fa98a9e8ac0: cdpl_compat_master.c:263: in _set_farm_env(): info: exporting CDPL_OPTIONS as `[nowlogs]'
1757285436.088759: 3705371-7fa98a9e8ac0: cdpl_compat_master.c:270: in _set_farm_env(): info: exporting DISPLAY as `claws-compute3.ece.ncsu.edu:107'
1757285436.088760: 3705371-7fa98a9e8ac0: cdpl_compat_master.c:278: in _set_farm_env(): info: exporting CDPL_HEARTBEAT as `120'
1757285436.088770: 3705371-7fa98a9e8ac0: cdpl_farm.c:3166: in cdpl_farm_add_withdir(): debug: added `localhost' (capacity: unlimited)
1757285436.088776: 3705371-7fa98a9e8ac0: cdpl_compat_parse.c:147: in parsefile(): debug: read `/home/argershm/180-voltmeter/Analog/cc/synopsys_custom/pwdp_jobs/saeSession1_diffmodegain.SimulationSimulation_cdpl.0.3705371/host_file', 2 lines
1757285436.088777: 3705371-7fa98a9e8ac0: cdpl_compat_master.c:2975: in cdplInitMaster(): info: bcast dir is `/home/argershm/180-voltmeter/Analog/cc/synopsys_custom/pwdp_jobs/saeSession1_diffmodegain.SimulationSimulation_cdpl.0.3705371/logs'
1757285436.088825: 3705371-7fa98a9e8ac0: cdpl_server.c:6437: in cdpl_sv_ctl_master(): info: farm worker timeout set to 300
1757285436.088827: 3705371-7fa98a9e8ac0: cdpl_server.c:6474: in cdpl_sv_ctl_master(): info: farm submit command timeout set to 600
1757285436.088829: 3705371-7fa98a9e8ac0: cdpl_server.c:6490: in cdpl_sv_ctl_master(): info: maximum number of task execution attempts set to 1
1757285436.088842: 3705371-7fa98a9e8ac0: cdpl_server.c:3201: in cdpl_sv_start(): debug: starting server
1757285436.088846: 3705371-7fa98a9e8ac0: cdpl_ipc.c:3632: in cdpl_ipc_start(): debug: starting IPC server 152.14.98.53:37181
1757285436.088977: 3705371-7fa92b7fe700: cdpl_server_ipc.c:1182: in _sv_ipc_thread(): debug: ready
1757285436.089042: 3705371-7fa92bfff700: cdpl_monitor.c:426: in cdpl_mn_init_client(): info: creating client monitor instance
1757285436.089056: 3705371-7fa92bfff700: cdpl_ipc.c:3475: in cdpl_ipc_init(): info: requesting IPv4 protocol
1757285436.092942: 3705371-7fa92bfff700: cdpl_ipc.c:837: in _selectaddrfamily(): info: selected IPv4 protocol
1757285436.092968: 3705371-7fa92bfff700: cdpl_ipc.c:1139: in _set_keepalive(): info: TCP keep alive interval: 300
1757285436.095802: 3705371-7fa92bfff700: cdpl_ipc.c:3632: in cdpl_ipc_start(): debug: starting IPC server 152.14.98.53:45947
1757285436.095897: 3705371-7fa92bfff700: cdpl_monitor.c:471: in cdpl_mn_init_client(): debug: incoming messages in /tmp/cdpl-monitor-mX2Umx
1757285436.095993: 3705371-7fa92bfff700: cdpl_monitor.c:533: in cdpl_mn_connect(): debug: connecting to 152.14.98.53:37181
1757285436.096003: 3705371-7fa92bfff700: cdpl_ipc.c:3789: in cdpl_ipc_connect(): info: connecting to 152.14.98.53:37181
1757285436.096113: 3705371-7fa92bfff700: cdpl_ipc.c:3860: in cdpl_ipc_connect(): info: connected as `152.14.98.53:38076'
1757285436.096128: 3705371-7fa92bfff700: cdpl_ipc.c:2503: in cdpl_ipc_host_accept(): debug: accepted host `152.14.98.53:37181'
1757285436.096149: 3705371-7fa92affd700: cdpl_ipc.c:1862: in _epoll_accept(): debug: new connection from `152.14.98.53:38076'
1757285436.096166: 3705371-7fa92bfff700: cdpl_monitor.c:579: in cdpl_mn_connect(): debug: ok
1757285436.096186: 3705371-7fa98a9e8ac0: cdpl_server.c:732: in cdpl_sv_new_job(): info: new job J1 in M1
1757285436.096191: 3705371-7fa92b7fe700: cdpl_server_ipc.c:1225: in _sv_ipc_thread(): debug: received ACCEPT notification
1757285436.096202: 3705371-7fa92b7fe700: cdpl_ipc.c:2503: in cdpl_ipc_host_accept(): debug: accepted host `152.14.98.53:38076'
1757285436.096213: 3705371-7fa92b7fe700: cdpl_server_ipc.c:1256: in _sv_ipc_thread(): debug: received MONITOR message
1757285436.096319: 3705371-7fa98a9e8ac0: cdpl_compat_master.c:1599: in _add_worker(): info: new worker type 10, min:1, max:3, cmd:`/home/argershm/180-voltmeter/Analog/cc/synopsys_custom/pwdp_jobs/saeSession1_diffmodegain.SimulationSimulation_cdpl.0.3705371/START_WORKER pw_worker -i /home/argershm/180-voltmeter/Analog/cc/synopsys_custom/pwdp_jobs
1757285436.096331: 3705371-7fa98a9e8ac0: cdpl_server.c:909: in cdpl_sv_new_bin_withfarm(): info: new bin B1 in J1
1757285436.096360: 3705371-7fa92b7fe700: cdpl_monitor.c:1207: in cdpl_mn_accept(): debug: accepted monitor `152.14.98.53:38076'
1757285436.096368: 3705371-7fa94caf0700: cdpl_monitor.c:910: in mn_systat(): debug: started
1757285436.096375: 3705371-7fa92b7fe700: cdpl_server_ipc_mon.c:120: in _globalLOCK(): debug: ENTERTING GLOBAL LOCK
1757285436.096379: 3705371-7fa92b7fe700: cdpl_server_ipc_mon.c:164: in _globalLOCK(): debug: global lock acquired
1757285436.096681: 3705371-7fa94caf0700: cdpl_monitor.c:937: in mn_systat(): debug: monitor server flush rate: 5
1757285436.909439: 3705371-7fa92b7fe700: cdpl_server_ipc_mon.c:210: in _globalUNLOCK(): debug: LEAVING GLOBAL LOCK
1757285436.909468: 3705371-7fa98a9e8ac0: cdpl_server.c:3255: in cdpl_sv_start_job(): info: starting job J1
1757285436.909492: 3705371-7fa98a9e8ac0: cdpl_server.c:63: in _sv_start_bin(): debug: starting bin B1 (min: 0, max: 3)
1757285436.909614: 3705371-7fa93effd700: cdpl_server_sched.c:2483: in _sv_scheduler_thread(): debug: scheduler for bin B1 started
1757285436.909646: 3705371-7fa98a9e8ac0: cdpl_server.c:1899: in _sv_gen_task(): info: new task T0 in B1 (prio 0)
1757285436.909684: 3705371-7fa98a9e8ac0: cdpl_server.c:2704: in cdpl_sv_label_task_va(): info: setting task T0 label to "PrimeSim_1|PrimeSim"
1757285436.909734: 3705371-7fa93effd700: cdpl_server_sched.c:2444: in _scheduler_run(): debug: will start a new worker
1757285436.909764: 3705371-7fa98a9e8ac0: cdpl_compat_master.c:6059: in cdplMasterLogInfo(): info: [non-CDPL log entry] PWDP: add new job job_name=PrimeSim_1 assigned task T0 vector_id=0.
1757285436.909771: 3705371-7fa93effd700: cdpl_farm.c:3994: in cdpl_farm_submit(): debug: 1 running processes
1757285436.909774: 3705371-7fa93effd700: cdpl_farm.c:4002: in cdpl_farm_submit(): debug: new command C1 in bin B1 assigned to host `localhost'
1757285436.909853: 3705371-7fa93effd700: cdpl_server_sched.c:705: in _sv_launch_worker(): info: started worker W1 (as C1) in bin B1
1757285436.909867: 3705371-7fa93e7fc700: cdpl_farm.c:2164: in _schedule(): debug: started
1757285436.909872: 3705371-7fa93e7fc700: cdpl_farm.c:2169: in _schedule(): info: worker submit command timeout set to 600 seconds
1757285436.909876: 3705371-7fa93e7fc700: cdpl_farm.c:2328: in _schedule(): debug: submitting command C1 in bin B1
1757285436.909884: 3705371-7fa93e7fc700: cdpl_sh.c:50: in _sh_detached_submit(): info: SH : /home/argershm/180-voltmeter/Analog/cc/synopsys_custom/pwdp_jobs/saeSession1_diffmodegain.SimulationSimulation_cdpl.0.3705371/START_WORKER pw_worker -i /home/argershm/180-voltmeter/Analog/cc/synopsys_custom/pwdp_jobs/saeSession1_diffmodegain.SimulationSimulation_cdpl.0.3705371 -t 10000
1757285436.910470: 3705371-7fa93e7fc700: cdpl_farm.c:2368: in _schedule(): debug: C1 in bin B1 running on slot 0
1757285436.910485: 3705371-7fa93e7fc700: cdpl_farm.c:2192: in _schedule(): debug: idle
1757285436.916120: 3705371-7fa98a9e8ac0: cdpl_compat_master.c:6059: in cdplMasterLogInfo(): info: [non-CDPL log entry] PWDP3: reset pilot cache succeeded, pilot_key=saeSession1,1,diff_mode_gain|&/home/argershm/180-voltmeter/Analog/cc/simulation/argershm,tb_main_opamp,schematic/history_1/simulation/diff_mode_gain/PrimeSimSPICE/nominal/results
1757285437.210561: 3705371-7fa93e7fc700: cdpl_farm.c:1212: in _onexit(): debug: C1 in bin B1 exited normally on slot 0
1757285438.019151: 3705371-7fa93f7fe700: cdpl_compat_master.c:6059: in cdplMasterLogInfo(): info: [non-CDPL log entry] PWDP - no-workers started ok check start!
1757285438.725291: 3705371-7fa92affd700: cdpl_ipc.c:1862: in _epoll_accept(): debug: new connection from `152.14.98.53:44620'
1757285438.725331: 3705371-7fa92b7fe700: cdpl_server_ipc.c:1225: in _sv_ipc_thread(): debug: received ACCEPT notification
1757285438.725347: 3705371-7fa92b7fe700: cdpl_ipc.c:2503: in cdpl_ipc_host_accept(): debug: accepted host `152.14.98.53:44620'
1757285438.725498: 3705371-7fa92b7fe700: cdpl_server_ipc.c:1246: in _sv_ipc_thread(): debug: received HELLO message
1757285438.725504: 3705371-7fa92b7fe700: cdpl_server_ipc.c:430: in _sv_on_hello(): debug: looking up W1
1757285438.725508: 3705371-7fa92b7fe700: cdpl_server_ipc.c:540: in _sv_on_hello(): info: W1 is `152.14.98.53:44620'
1757285438.725510: 3705371-7fa92b7fe700: cdpl_server_ipc.c:541: in _sv_on_hello(): debug: hello W1 (B1)
1757285438.725511: 3705371-7fa92b7fe700: cdpl_server_ipc.c:542: in _sv_on_hello(): info: W1 log file is /dev/null
1757285438.725561: 3705371-7fa92b7fe700: cdpl_server_ipc.c:602: in _sv_on_hello(): info: up to 1 alive workers in B1
1757285438.725576: 3705371-7fa92b7fe700: cdpl_farm.c:897: in _release_cmd(): debug: freeing command C1 in bin B1
1757285438.725590: 3705371-7fa93effd700: cdpl_server_sched.c:960: in _assign(): info: assigning task T0 to worker W1
1757285438.790174: 3705371-7fa92b7fe700: cdpl_server_ipc.c:1268: in _sv_ipc_thread(): debug: received RELAY message
1757285438.790188: 3705371-7fa92b7fe700: cdpl_server_ipc.c:713: in _sv_on_relay(): debug: RELAY message from W1, size = 65
1757285438.790191: 3705371-7fa92b7fe700: cdpl_server_ipc.c:715: in _sv_on_relay(): debug: RELAY message from W1, content = 0$3720987 claws-compute3.ece.ncsu.edu 3721029 RUNNING 1757285438
1757285439.725778: 3705371-7fa92b7fe700: cdpl_server_ipc.c:312: in _sv_on_heartbeat(): debug: received HEARTBEAT from worker W1 at 152.14.98.53:44620
1757285441.097344: 3705371-7fa92bfff700: cdpl_monitor.c:533: in cdpl_mn_connect(): debug: connecting to 152.14.98.53:34377
1757285441.097355: 3705371-7fa92bfff700: cdpl_ipc.c:3789: in cdpl_ipc_connect(): info: connecting to 152.14.98.53:34377
1757285441.097502: 3705371-7fa92bfff700: cdpl_ipc.c:3860: in cdpl_ipc_connect(): info: connected as `152.14.98.53:35218'
1757285441.097509: 3705371-7fa92bfff700: cdpl_ipc.c:2503: in cdpl_ipc_host_accept(): debug: accepted host `152.14.98.53:34377'
1757285441.097515: 3705371-7fa92bfff700: cdpl_monitor.c:579: in cdpl_mn_connect(): debug: ok
1757285446.126630: 3705371-7fa92b7fe700: cdpl_server_ipc.c:1268: in _sv_ipc_thread(): debug: received RELAY message
1757285446.126644: 3705371-7fa92b7fe700: cdpl_server_ipc.c:713: in _sv_on_relay(): debug: RELAY message from W1, size = 52
1757285446.126647: 3705371-7fa92b7fe700: cdpl_server_ipc.c:715: in _sv_on_relay(): debug: RELAY message from W1, content = WORKERDU|8388,/dev/mapper/rhel_claws--compute3-home
1757285446.126670: 3705371-7fa92b7fe700: cdpl_server_ipc.c:1268: in _sv_ipc_thread(): debug: received RELAY message
1757285446.126672: 3705371-7fa92b7fe700: cdpl_server_ipc.c:713: in _sv_on_relay(): debug: RELAY message from W1, size = 191
1757285446.126673: 3705371-7fa92b7fe700: cdpl_server_ipc.c:715: in _sv_on_relay(): debug: RELAY message from W1, content = REQPILOT|saeSession1,1,diff_mode_gain|&/home/argershm/180-voltmeter/Analog/cc/simulation/argershm,tb_main_opamp,schematic/history_1/simulation/diff_mode_gain/PrimeSimSPICE/nominal/results|&0
1757285446.126713: 3705371-7fa93ffff700: cdpl_compat_master.c:6059: in cdplMasterLogInfo(): info: [non-CDPL log entry] PWDP send back 'DOPILOT' to worker id:1 key: saeSession1,1,diff_mode_gain|&/home/argershm/180-voltmeter/Analog/cc/simulation/argershm,tb_main_opamp,schematic/history_1/simulation/diff_mode_gain/PrimeSimSPICE/nominal/results
1757285446.126869: 3705371-7fa93ffff700: cdpl_compat_master.c:6059: in cdplMasterLogInfo(): info: [non-CDPL log entry] PWDP: set pilot doing!
1757285446.130812: 3705371-7fa92b7fe700: cdpl_server_ipc.c:1268: in _sv_ipc_thread(): debug: received RELAY message
1757285446.130820: 3705371-7fa92b7fe700: cdpl_server_ipc.c:713: in _sv_on_relay(): debug: RELAY message from W1, size = 187
1757285446.130823: 3705371-7fa92b7fe700: cdpl_server_ipc.c:715: in _sv_on_relay(): debug: RELAY message from W1, content = PILOTOK|saeSession1,1,diff_mode_gain|&/home/argershm/180-voltmeter/Analog/cc/simulation/argershm,tb_main_opamp,schematic/history_1/simulation/diff_mode_gain/PrimeSimSPICE/nominal/results
1757285446.130833: 3705371-7fa93ffff700: cdpl_compat_master.c:6059: in cdplMasterLogInfo(): info: [non-CDPL log entry] PWDP: set pilot done!
1757285446.150290: 3705371-7fa92b7fe700: cdpl_server_ipc.c:1268: in _sv_ipc_thread(): debug: received RELAY message
1757285446.150297: 3705371-7fa92b7fe700: cdpl_server_ipc.c:713: in _sv_on_relay(): debug: RELAY message from W1, size = 40
1757285446.150300: 3705371-7fa92b7fe700: cdpl_server_ipc.c:715: in _sv_on_relay(): debug: RELAY message from W1, content = 0$- - - MEASDOING 1757285438|1757285446
1757285446.598504: 3705371-7fa92b7fe700: cdpl_server_ipc.c:1268: in _sv_ipc_thread(): debug: received RELAY message
1757285446.598521: 3705371-7fa92b7fe700: cdpl_server_ipc.c:713: in _sv_on_relay(): debug: RELAY message from W1, size = 77
1757285446.598524: 3705371-7fa92b7fe700: cdpl_server_ipc.c:715: in _sv_on_relay(): debug: RELAY message from W1, content = 0$3720987 claws-compute3.ece.ncsu.edu 3721029 FINISHED 1757285438|1757285446
1757285446.616658: 3705371-7fa92b7fe700: cdpl_server_ipc.c:1268: in _sv_ipc_thread(): debug: received RELAY message
1757285446.616666: 3705371-7fa92b7fe700: cdpl_server_ipc.c:713: in _sv_on_relay(): debug: RELAY message from W1, size = 189
1757285446.616669: 3705371-7fa92b7fe700: cdpl_server_ipc.c:715: in _sv_on_relay(): debug: RELAY message from W1, content = PILOTDONE|saeSession1,1,diff_mode_gain|&/home/argershm/180-voltmeter/Analog/cc/simulation/argershm,tb_main_opamp,schematic/history_1/simulation/diff_mode_gain/PrimeSimSPICE/nominal/results
1757285446.616684: 3705371-7fa93ffff700: cdpl_compat_master.c:6059: in cdplMasterLogInfo(): info: [non-CDPL log entry] saeSession1,1,diff_mode_gain|&/home/argershm/180-voltmeter/Analog/cc/simulation/argershm,tb_main_opamp,schematic/history_1/simulation/diff_mode_gain/PrimeSimSPICE/nominal/results PILOTDONE!
1757285446.635465: 3705371-7fa92b7fe700: cdpl_server_ipc.c:1251: in _sv_ipc_thread(): debug: received FINISH message
1757285446.635473: 3705371-7fa92b7fe700: cdpl_server_ipc.c:983: in _sv_on_finish(): info: worker W1 completed task T0
1757285446.635475: 3705371-7fa92b7fe700: cdpl_server_ipc.c:988: in _sv_on_finish(): debug: stat T0: utime=4060 stime=2337
1757285446.635477: 3705371-7fa92b7fe700: cdpl_server_ipc.c:993: in _sv_on_finish(): debug: statm T0: vsize=3173128 rss=1064404 shared=540068 text=493304 data=719044
1757285446.671494: 3705371-7fa98a9e8ac0: cdpl_server.c:228: in _sv_free_task_safe(): debug: freeing task T0
1757285446.695429: 3705371-7fa92b7fe700: cdpl_server_ipc.c:1268: in _sv_ipc_thread(): debug: received RELAY message
1757285446.695438: 3705371-7fa92b7fe700: cdpl_server_ipc.c:713: in _sv_on_relay(): debug: RELAY message from W1, size = 50
1757285446.695440: 3705371-7fa92b7fe700: cdpl_server_ipc.c:715: in _sv_on_relay(): debug: RELAY message from W1, content = WORKERDU|28,/dev/mapper/rhel_claws--compute3-home
1757285448.720443: 3705371-7fa98a9e8ac0: cdpl_server.c:3014: in cdpl_sv_halt_job_errno(): info: killing job J1
1757285448.720487: 3705371-7fa98a9e8ac0: cdpl_server.c:3050: in cdpl_sv_halt_job_errno(): debug: signal bin B1 scheduler to stop
1757285448.720515: 3705371-7fa93effd700: cdpl_server_sched.c:2485: in _sv_scheduler_thread(): debug: scheduler for bin B1 stopped
1757285448.720537: 3705371-7fa93effd700: cdpl_ipc.c:1657: in _host_drop__UNSAFE(): debug: dropping host `152.14.98.53:44620'
1757285448.720624: 3705371-7fa93effd700: cdpl_server_sched.c:2831: in _sv_drop_worker(): info: down to 0 alive workers in B1
1757285448.720631: 3705371-7fa93effd700: cdpl_farm.c:4174: in cdpl_farm_dismiss(): debug: down to 0 running processes
1757285448.720637: 3705371-7fa92b7fe700: cdpl_server_ipc.c:1236: in _sv_ipc_thread(): debug: received DROP notification
1757285448.720653: 3705371-7fa93effd700: cdpl_server_sched.c:121: in _free_worker_2(): debug: freeing worker W1
1757285448.720663: 3705371-7fa93effd700: cdpl_ipc.c:2513: in cdpl_ipc_host_release(): debug: releasing host `152.14.98.53:44620'
1757285448.720665: 3705371-7fa93effd700: cdpl_ipc.c:2529: in cdpl_ipc_host_release(): debug: scheduling for immediate release
1757285448.720680: 3705371-7fa98a9e8ac0: cdpl_server.c:295: in _sv_free_job(): info: freeing job J1
1757285448.720685: 3705371-7fa98a9e8ac0: cdpl_server.c:93: in _sv_free_bin(): debug: freeing bin B1
1757285448.720721: 3705371-7fa98a9e8ac0: cdpl_monitor.c:515: in cdpl_mn_kill(): info: killing monitor
1757285448.720727: 3705371-7fa98a9e8ac0: cdpl_ipc.c:3677: in cdpl_ipc_kill(): debug: stopping event server
1757285448.720780: 3705371-7fa930ff1700: cdpl_ipc.c:2460: in _epoll_main(): debug: server going down...
1757285448.720820: 3705371-7fa92affd700: cdpl_ipc.c:775: in _readv(): warning: read(): EOF
1757285448.720862: 3705371-7fa92affd700: cdpl_ipc.c:2100: in _epoll_recv(): debug: _readv(): Broken pipe
1757285448.720883: 3705371-7fa92affd700: cdpl_ipc.c:2424: in _epoll_main(): debug: _epoll_recv(): Broken pipe
1757285448.720889: 3705371-7fa92affd700: cdpl_ipc.c:1657: in _host_drop__UNSAFE(): debug: dropping host `152.14.98.53:38076'
1757285448.720990: 3705371-7fa92affd700: cdpl_ipc.c:1582: in _host_free__UNSAFE(): debug: freeing host `152.14.98.53:44620'
1757285448.721001: 3705371-7fa92affd700: cdpl_ipc.c:1621: in _host_free__UNSAFE(): debug: [0 outq, 0 spR, 0 spW]
1757285448.721016: 3705371-7fa92bfff700: cdpl_ipc.c:3728: in cdpl_ipc_free(): debug: releasing IPC handle
1757285448.721029: 3705371-7fa92bfff700: cdpl_ipc.c:1582: in _host_free__UNSAFE(): debug: freeing host `152.14.98.53:34377'
1757285448.721032: 3705371-7fa92bfff700: cdpl_ipc.c:1621: in _host_free__UNSAFE(): debug: [0 outq, 0 spR, 0 spW]
1757285448.721053: 3705371-7fa92bfff700: cdpl_ipc.c:1582: in _host_free__UNSAFE(): debug: freeing host `152.14.98.53:37181'
1757285448.721055: 3705371-7fa92bfff700: cdpl_ipc.c:1621: in _host_free__UNSAFE(): debug: [0 outq, 0 spR, 0 spW]
1757285448.721063: 3705371-7fa92bfff700: cdpl_ipc.c:3756: in cdpl_ipc_free(): warning: 2 host(s) were not released
1757285448.721079: 3705371-7fa92b7fe700: cdpl_server_ipc.c:1236: in _sv_ipc_thread(): debug: received DROP notification
1757285448.721094: 3705371-7fa92b7fe700: cdpl_monitor.c:1269: in cdpl_mn_drop(): debug: detaching from monitor `152.14.98.53:38076'
1757285448.721099: 3705371-7fa92b7fe700: cdpl_monitor.c:1101: in mn_systat_stop(): debug: joining systat thread
1757285448.721105: 3705371-7fa92bfff700: cdpl_ipc.c:3767: in cdpl_ipc_free(): debug: done
1757285448.721114: 3705371-7fa92bfff700: cdpl_monitor.c:1390: in cdpl_mn_free(): debug: freeing monitor client
1757285448.721132: 3705371-7fa94caf0700: cdpl_monitor.c:1079: in mn_systat(): debug: exiting
1757285448.721142: 3705371-7fa92b7fe700: cdpl_monitor.c:1103: in mn_systat_stop(): debug: systat thread done
1757285448.721146: 3705371-7fa92b7fe700: cdpl_ipc.c:2513: in cdpl_ipc_host_release(): debug: releasing host `152.14.98.53:38076'
1757285448.721257: 3705371-7fa98a9e8ac0: cdpl_farm.c:2765: in cdpl_farm_free(): info: freeing farm
1757285448.721280: 3705371-7fa93e7fc700: cdpl_farm.c:2256: in _schedule(): debug: end of idling
1757285448.721287: 3705371-7fa93e7fc700: cdpl_farm.c:2260: in _schedule(): debug: dying
1757285448.721331: 3705371-7fa98a9e8ac0: cdpl_farm.c:932: in _killall(): debug: killing all remaining commands
1757285448.721341: 3705371-7fa98a9e8ac0: cdpl_server.c:3150: in cdpl_sv_free(): info: freeing server S2043359635
1757285448.721355: 3705371-7fa98a9e8ac0: cdpl_server.c:3115: in cdpl_sv_kill_errno(): info: killing server
1757285448.721356: 3705371-7fa98a9e8ac0: cdpl_ipc.c:3677: in cdpl_ipc_kill(): debug: stopping event server
1757285448.721367: 3705371-7fa92b7fe700: cdpl_server_ipc.c:1200: in _sv_ipc_thread(): debug: leaving now
1757285448.721373: 3705371-7fa92affd700: cdpl_ipc.c:2460: in _epoll_main(): debug: server going down...
1757285448.721379: 3705371-7fa98a9e8ac0: cdpl_server.c:335: in _sv_free_master(): info: freeing master M1
1757285448.721386: 3705371-7fa98a9e8ac0: cdpl_hash.c:68: in cdpl_h_destroy(): debug: put operations: 1
1757285448.721388: 3705371-7fa98a9e8ac0: cdpl_hash.c:69: in cdpl_h_destroy(): debug: put collisions: 0
1757285448.721390: 3705371-7fa98a9e8ac0: cdpl_hash.c:70: in cdpl_h_destroy(): debug: get operations: 1
1757285448.721391: 3705371-7fa98a9e8ac0: cdpl_hash.c:71: in cdpl_h_destroy(): debug: get iterations: 1
1757285448.721397: 3705371-7fa98a9e8ac0: cdpl_monitor.c:1390: in cdpl_mn_free(): debug: freeing monitor server
1757285448.721400: 3705371-7fa98a9e8ac0: cdpl_ipc.c:3728: in cdpl_ipc_free(): debug: releasing IPC handle
1757285448.721403: 3705371-7fa98a9e8ac0: cdpl_ipc.c:1582: in _host_free__UNSAFE(): debug: freeing host `152.14.98.53:38076'
1757285448.721405: 3705371-7fa98a9e8ac0: cdpl_ipc.c:1621: in _host_free__UNSAFE(): debug: [0 outq, 0 spR, 0 spW]
1757285448.721420: 3705371-7fa98a9e8ac0: cdpl_ipc.c:3767: in cdpl_ipc_free(): debug: done
1757285448.721432: 3705371-7fa98a9e8ac0: cdpl_log.c:688: in cdpl_log_close(): info: @@end_of_log@@
