1757189120.081047: 2278101-7f04a2b36540: cdpl_log.c:337: in cdpl_log_open(): info: @@start_of_log@@
1757189120.081056: 2278101-7f04a2b36540: cdpl_log.c:1058: in cdpl_log_dump_sysinfo(): info: time: 2025/09/06 16:05:20 EDT -0400
1757189120.081059: 2278101-7f04a2b36540: cdpl_log.c:1060: in cdpl_log_dump_sysinfo(): info: version: W-2024.09-SP1-2 
1757189120.081060: 2278101-7f04a2b36540: cdpl_log.c:1062: in cdpl_log_dump_sysinfo(): info: system: Linux 4.18.0-553.69.1.el8_10.x86_64 #1 SMP Thu Aug 7 18:10:00 EDT 2025
1757189120.081062: 2278101-7f04a2b36540: cdpl_log.c:1067: in cdpl_log_dump_sysinfo(): info: processor: x86_64 64-bits
1757189120.081063: 2278101-7f04a2b36540: cdpl_log.c:1071: in cdpl_log_dump_sysinfo(): info: hostname: claws-compute3.ece.ncsu.edu
1757189120.081065: 2278101-7f04a2b36540: cdpl_log.c:1073: in cdpl_log_dump_sysinfo(): info: program name: custom_shell
1757189120.081067: 2278101-7f04a2b36540: cdpl_log.c:340: in cdpl_log_open(): debug: path: /home/argershm/180-voltmeter/Analog/cc/synopsys_custom/pwdp_jobs/saeSession4_diffmodegain.SimulationSimulation_cdpl.2.2278101/logs/master.claws-compute3.ece.ncsu.edu.2278101.log
1757189120.081069: 2278101-7f04a2b36540: cdpl_log.c:341: in cdpl_log_open(): debug: dir: /home/argershm/180-voltmeter/Analog/cc/synopsys_custom/pwdp_jobs/saeSession4_diffmodegain.SimulationSimulation_cdpl.2.2278101/logs
1757189120.081074: 2278101-7f04a2b36540: cdpl_server.c:536: in cdpl_sv_init(): info: new server S611395541
1757189120.081077: 2278101-7f04a2b36540: cdpl_ipc.c:3475: in cdpl_ipc_init(): info: requesting IPv4 protocol
1757189120.084972: 2278101-7f04a2b36540: cdpl_ipc.c:837: in _selectaddrfamily(): info: selected IPv4 protocol
1757189120.084990: 2278101-7f04a2b36540: cdpl_ipc.c:1139: in _set_keepalive(): info: TCP keep alive interval: 300
1757189120.088166: 2278101-7f04a2b36540: cdpl_monitor.c:1117: in cdpl_mn_new_server(): info: creating server monitor instance
1757189120.088173: 2278101-7f04a2b36540: cdpl_server.c:650: in cdpl_sv_new_master(): info: new master M1
1757189120.088178: 2278101-7f04a2b36540: cdpl_server.c:6533: in cdpl_sv_ctl_master(): info: Setting worker heartbeat to 120 seconds
1757189120.088179: 2278101-7f04a2b36540: cdpl_server.c:6542: in cdpl_sv_ctl_master(): info: Setting worker heartbeat timeout to 3 heartbeats
1757189120.088181: 2278101-7f04a2b36540: cdpl_compat_master.c:2090: in _parse_hostfile(): info: reading hostfile `/home/argershm/180-voltmeter/Analog/cc/synopsys_custom/pwdp_jobs/saeSession4_diffmodegain.SimulationSimulation_cdpl.2.2278101/host_file'
1757189120.088192: 2278101-7f04a2b36540: cdpl_compat_master.c:1900: in _hostfile_parser(): debug: parsing "1     |localhost|   -1  | /tmp | SH | sh"
1757189120.088195: 2278101-7f04a2b36540: cdpl_farm.c:2578: in cdpl_farm_new_sh(): info: creating SH farm on localhost
1757189120.088199: 2278101-7f04a2b36540: cdpl_compat_master.c:206: in _set_farm_env(): info: exporting CDPL_LOGDIR as `/home/argershm/180-voltmeter/Analog/cc/synopsys_custom/pwdp_jobs/saeSession4_diffmodegain.SimulationSimulation_cdpl.2.2278101/logs'
1757189120.088200: 2278101-7f04a2b36540: cdpl_compat_master.c:212: in _set_farm_env(): info: exporting CDPL_TMPDIR as `/tmp'
1757189120.088202: 2278101-7f04a2b36540: cdpl_compat_master.c:235: in _set_farm_env(): info: exporting SNPSLMD_LICENSE_FILE as `27000@ece-lic-35.ece.ncsu.edu'
1757189120.088204: 2278101-7f04a2b36540: cdpl_compat_master.c:259: in _set_farm_env(): info: exporting CDPL_OPTIONS as `[nowlogs]'
1757189120.088206: 2278101-7f04a2b36540: cdpl_compat_master.c:266: in _set_farm_env(): info: exporting DISPLAY as `unix:16725'
1757189120.088207: 2278101-7f04a2b36540: cdpl_compat_master.c:274: in _set_farm_env(): info: exporting CDPL_HEARTBEAT as `120'
1757189120.088210: 2278101-7f04a2b36540: cdpl_farm.c:3149: in cdpl_farm_add_withdir(): debug: added `localhost' (capacity: unlimited)
1757189120.088212: 2278101-7f04a2b36540: cdpl_compat_parse.c:147: in parsefile(): debug: read `/home/argershm/180-voltmeter/Analog/cc/synopsys_custom/pwdp_jobs/saeSession4_diffmodegain.SimulationSimulation_cdpl.2.2278101/host_file', 2 lines
1757189120.088217: 2278101-7f04a2b36540: cdpl_compat_master.c:2931: in cdplInitMaster(): info: bcast dir is `/home/argershm/180-voltmeter/Analog/cc/synopsys_custom/pwdp_jobs/saeSession4_diffmodegain.SimulationSimulation_cdpl.2.2278101/logs'
1757189120.088254: 2278101-7f04a2b36540: cdpl_server.c:6433: in cdpl_sv_ctl_master(): info: farm worker timeout set to 300
1757189120.088256: 2278101-7f04a2b36540: cdpl_server.c:6486: in cdpl_sv_ctl_master(): info: maximum number of task execution attempts set to 1
1757189120.088259: 2278101-7f04a2b36540: cdpl_server.c:3195: in cdpl_sv_start(): debug: starting server
1757189120.088261: 2278101-7f04a2b36540: cdpl_ipc.c:3632: in cdpl_ipc_start(): debug: starting IPC server 152.14.98.53:34153
1757189120.088431: 2278101-7f045e959700: cdpl_server_ipc.c:1182: in _sv_ipc_thread(): debug: ready
1757189120.088469: 2278101-7f044dffb700: cdpl_monitor.c:426: in cdpl_mn_init_client(): info: creating client monitor instance
1757189120.088483: 2278101-7f044dffb700: cdpl_ipc.c:3475: in cdpl_ipc_init(): info: requesting IPv4 protocol
1757189120.092459: 2278101-7f044dffb700: cdpl_ipc.c:837: in _selectaddrfamily(): info: selected IPv4 protocol
1757189120.092483: 2278101-7f044dffb700: cdpl_ipc.c:1139: in _set_keepalive(): info: TCP keep alive interval: 300
1757189120.096902: 2278101-7f044dffb700: cdpl_ipc.c:3632: in cdpl_ipc_start(): debug: starting IPC server 152.14.98.53:46669
1757189120.097010: 2278101-7f044dffb700: cdpl_monitor.c:471: in cdpl_mn_init_client(): debug: incoming messages in /tmp/cdpl-monitor-WdqHW2
1757189120.097077: 2278101-7f044dffb700: cdpl_monitor.c:533: in cdpl_mn_connect(): debug: connecting to 152.14.98.53:34153
1757189120.097080: 2278101-7f044dffb700: cdpl_ipc.c:3789: in cdpl_ipc_connect(): info: connecting to 152.14.98.53:34153
1757189120.097182: 2278101-7f044dffb700: cdpl_ipc.c:3860: in cdpl_ipc_connect(): info: connected as `152.14.98.53:53148'
1757189120.097186: 2278101-7f044dffb700: cdpl_ipc.c:2503: in cdpl_ipc_host_accept(): debug: accepted host `152.14.98.53:34153'
1757189120.097191: 2278101-7f044dffb700: cdpl_monitor.c:579: in cdpl_mn_connect(): debug: ok
1757189120.097200: 2278101-7f04a2b36540: cdpl_server.c:731: in cdpl_sv_new_job(): info: new job J1 in M1
1757189120.097207: 2278101-7f045f15a700: cdpl_ipc.c:1862: in _epoll_accept(): debug: new connection from `152.14.98.53:53148'
1757189120.097218: 2278101-7f04a2b36540: cdpl_compat_master.c:1581: in _add_worker(): info: new worker type 10, min:1, max:3, cmd:`/home/argershm/180-voltmeter/Analog/cc/synopsys_custom/pwdp_jobs/saeSession4_diffmodegain.SimulationSimulation_cdpl.2.2278101/START_WORKER pw_worker -i /home/argershm/180-voltmeter/Analog/cc/synopsys_custom/pwdp_jobs
1757189120.097223: 2278101-7f04a2b36540: cdpl_server.c:908: in cdpl_sv_new_bin_withfarm(): info: new bin B1 in J1
1757189120.097235: 2278101-7f045e959700: cdpl_server_ipc.c:1225: in _sv_ipc_thread(): debug: received ACCEPT notification
1757189120.097247: 2278101-7f045e959700: cdpl_ipc.c:2503: in cdpl_ipc_host_accept(): debug: accepted host `152.14.98.53:53148'
1757189120.097261: 2278101-7f045e959700: cdpl_server_ipc.c:1256: in _sv_ipc_thread(): debug: received MONITOR message
1757189120.097365: 2278101-7f045e959700: cdpl_monitor.c:1207: in cdpl_mn_accept(): debug: accepted monitor `152.14.98.53:53148'
1757189120.097370: 2278101-7f045e959700: cdpl_server_ipc_mon.c:120: in _globalLOCK(): debug: ENTERTING GLOBAL LOCK
1757189120.097372: 2278101-7f045e959700: cdpl_server_ipc_mon.c:164: in _globalLOCK(): debug: global lock acquired
1757189120.097384: 2278101-7f045d156700: cdpl_monitor.c:910: in mn_systat(): debug: started
1757189120.097609: 2278101-7f045d156700: cdpl_monitor.c:937: in mn_systat(): debug: monitor server flush rate: 5
1757189120.887890: 2278101-7f045e959700: cdpl_server_ipc_mon.c:210: in _globalUNLOCK(): debug: LEAVING GLOBAL LOCK
1757189120.887922: 2278101-7f04a2b36540: cdpl_server.c:3249: in cdpl_sv_start_job(): info: starting job J1
1757189120.887941: 2278101-7f04a2b36540: cdpl_server.c:62: in _sv_start_bin(): debug: starting bin B1 (min: 0, max: 3)
1757189120.888064: 2278101-7f044f7fe700: cdpl_server_sched.c:2482: in _sv_scheduler_thread(): debug: scheduler for bin B1 started
1757189120.888086: 2278101-7f04a2b36540: cdpl_server.c:1893: in _sv_gen_task(): info: new task T0 in B1 (prio 0)
1757189120.888096: 2278101-7f04a2b36540: cdpl_server.c:2698: in cdpl_sv_label_task_va(): info: setting task T0 label to "PrimeSim_3|PrimeSim"
1757189120.888105: 2278101-7f044f7fe700: cdpl_server_sched.c:2443: in _scheduler_run(): debug: will start a new worker
1757189120.888113: 2278101-7f044f7fe700: cdpl_farm.c:3977: in cdpl_farm_submit(): debug: 1 running processes
1757189120.888116: 2278101-7f044f7fe700: cdpl_farm.c:3985: in cdpl_farm_submit(): debug: new command C1 in bin B1 assigned to host `localhost'
1757189120.888188: 2278101-7f044f7fe700: cdpl_server_sched.c:705: in _sv_launch_worker(): info: started worker W1 (as C1) in bin B1
1757189120.888211: 2278101-7f044effd700: cdpl_farm.c:2139: in _schedule(): debug: started
1757189120.888218: 2278101-7f044effd700: cdpl_farm.c:2303: in _schedule(): debug: submitting command C1 in bin B1
1757189120.888222: 2278101-7f044effd700: cdpl_sh.c:49: in _sh_detached_submit(): info: SH : /home/argershm/180-voltmeter/Analog/cc/synopsys_custom/pwdp_jobs/saeSession4_diffmodegain.SimulationSimulation_cdpl.2.2278101/START_WORKER pw_worker -i /home/argershm/180-voltmeter/Analog/cc/synopsys_custom/pwdp_jobs/saeSession4_diffmodegain.SimulationSimulation_cdpl.2.2278101 -t 10000
1757189120.894945: 2278101-7f044effd700: cdpl_farm.c:2343: in _schedule(): debug: C1 in bin B1 running on slot 0
1757189120.894977: 2278101-7f044effd700: cdpl_farm.c:2167: in _schedule(): debug: idle
1757189120.970600: 2278101-7f04a2b36540: cdpl_compat_master.c:5948: in cdplMasterLogInfo(): info: [non-CDPL log entry] PWDP3: reset pilot cache succeeded, pilot_key=saeSession4,1,diff_mode_gain|&/home/argershm/180-voltmeter/Analog/cc/simulation/integrator,tb_main_opamp,schematic/history_1/simulation/diff_mode_gain/PrimeSimSPICE/nominal/results
1757189121.195052: 2278101-7f044effd700: cdpl_farm.c:1193: in _onexit(): debug: C1 in bin B1 exited normally on slot 0
1757189121.999543: 2278101-7f045c955700: cdpl_compat_master.c:5948: in cdplMasterLogInfo(): info: [non-CDPL log entry] PWDP - no-workers started ok check start!
1757189122.708178: 2278101-7f045f15a700: cdpl_ipc.c:1862: in _epoll_accept(): debug: new connection from `152.14.98.53:53150'
1757189122.708299: 2278101-7f045e959700: cdpl_server_ipc.c:1225: in _sv_ipc_thread(): debug: received ACCEPT notification
1757189122.708313: 2278101-7f045e959700: cdpl_ipc.c:2503: in cdpl_ipc_host_accept(): debug: accepted host `152.14.98.53:53150'
1757189122.708477: 2278101-7f045e959700: cdpl_server_ipc.c:1246: in _sv_ipc_thread(): debug: received HELLO message
1757189122.708483: 2278101-7f045e959700: cdpl_server_ipc.c:430: in _sv_on_hello(): debug: looking up W1
1757189122.708487: 2278101-7f045e959700: cdpl_server_ipc.c:540: in _sv_on_hello(): info: W1 is `152.14.98.53:53150'
1757189122.708489: 2278101-7f045e959700: cdpl_server_ipc.c:541: in _sv_on_hello(): debug: hello W1 (B1)
1757189122.708490: 2278101-7f045e959700: cdpl_server_ipc.c:542: in _sv_on_hello(): info: W1 log file is /dev/null
1757189122.708502: 2278101-7f045e959700: cdpl_server_ipc.c:602: in _sv_on_hello(): info: up to 1 alive workers in B1
1757189122.708507: 2278101-7f045e959700: cdpl_farm.c:878: in _release_cmd(): debug: freeing command C1 in bin B1
1757189122.708601: 2278101-7f044f7fe700: cdpl_server_sched.c:960: in _assign(): info: assigning task T0 to worker W1
1757189122.772024: 2278101-7f045e959700: cdpl_server_ipc.c:1268: in _sv_ipc_thread(): debug: received RELAY message
1757189122.772034: 2278101-7f045e959700: cdpl_server_ipc.c:713: in _sv_on_relay(): debug: RELAY message from W1, size = 65
1757189122.772036: 2278101-7f045e959700: cdpl_server_ipc.c:715: in _sv_on_relay(): debug: RELAY message from W1, content = 0$2307559 claws-compute3.ece.ncsu.edu 2307575 RUNNING 1757189122
1757189123.708521: 2278101-7f045e959700: cdpl_server_ipc.c:312: in _sv_on_heartbeat(): debug: received HEARTBEAT from worker W1 at 152.14.98.53:53150
1757189125.098243: 2278101-7f044dffb700: cdpl_monitor.c:533: in cdpl_mn_connect(): debug: connecting to 152.14.98.53:44527
1757189125.098256: 2278101-7f044dffb700: cdpl_ipc.c:3789: in cdpl_ipc_connect(): info: connecting to 152.14.98.53:44527
1757189125.098403: 2278101-7f044dffb700: cdpl_ipc.c:3860: in cdpl_ipc_connect(): info: connected as `152.14.98.53:40554'
1757189125.098410: 2278101-7f044dffb700: cdpl_ipc.c:2503: in cdpl_ipc_host_accept(): debug: accepted host `152.14.98.53:44527'
1757189125.098415: 2278101-7f044dffb700: cdpl_monitor.c:579: in cdpl_mn_connect(): debug: ok
1757189129.119505: 2278101-7f045e959700: cdpl_server_ipc.c:1268: in _sv_ipc_thread(): debug: received RELAY message
1757189129.119518: 2278101-7f045e959700: cdpl_server_ipc.c:713: in _sv_on_relay(): debug: RELAY message from W1, size = 52
1757189129.119521: 2278101-7f045e959700: cdpl_server_ipc.c:715: in _sv_on_relay(): debug: RELAY message from W1, content = WORKERDU|8132,/dev/mapper/rhel_claws--compute3-home
1757189129.119526: 2278101-7f045e959700: cdpl_server_ipc.c:1268: in _sv_ipc_thread(): debug: received RELAY message
1757189129.119528: 2278101-7f045e959700: cdpl_server_ipc.c:713: in _sv_on_relay(): debug: RELAY message from W1, size = 193
1757189129.119530: 2278101-7f045e959700: cdpl_server_ipc.c:715: in _sv_on_relay(): debug: RELAY message from W1, content = REQPILOT|saeSession4,1,diff_mode_gain|&/home/argershm/180-voltmeter/Analog/cc/simulation/integrator,tb_main_opamp,schematic/history_1/simulation/diff_mode_gain/PrimeSimSPICE/nominal/results|&0
1757189129.119584: 2278101-7f045d957700: cdpl_compat_master.c:5948: in cdplMasterLogInfo(): info: [non-CDPL log entry] PWDP send back 'DOPILOT' to worker id:1 key: saeSession4,1,diff_mode_gain|&/home/argershm/180-voltmeter/Analog/cc/simulation/integrator,tb_main_opamp,schematic/history_1/simulation/diff_mode_gain/PrimeSimSPICE/nominal/results
1757189129.119757: 2278101-7f045d957700: cdpl_compat_master.c:5948: in cdplMasterLogInfo(): info: [non-CDPL log entry] PWDP: set pilot doing!
1757189129.123072: 2278101-7f045e959700: cdpl_server_ipc.c:1268: in _sv_ipc_thread(): debug: received RELAY message
1757189129.123080: 2278101-7f045e959700: cdpl_server_ipc.c:713: in _sv_on_relay(): debug: RELAY message from W1, size = 189
1757189129.123083: 2278101-7f045e959700: cdpl_server_ipc.c:715: in _sv_on_relay(): debug: RELAY message from W1, content = PILOTOK|saeSession4,1,diff_mode_gain|&/home/argershm/180-voltmeter/Analog/cc/simulation/integrator,tb_main_opamp,schematic/history_1/simulation/diff_mode_gain/PrimeSimSPICE/nominal/results
1757189129.123103: 2278101-7f045d957700: cdpl_compat_master.c:5948: in cdplMasterLogInfo(): info: [non-CDPL log entry] PWDP: set pilot done!
1757189129.123184: 2278101-7f045e959700: cdpl_server_ipc.c:1268: in _sv_ipc_thread(): debug: received RELAY message
1757189129.123190: 2278101-7f045e959700: cdpl_server_ipc.c:713: in _sv_on_relay(): debug: RELAY message from W1, size = 18
1757189129.123193: 2278101-7f045e959700: cdpl_server_ipc.c:715: in _sv_on_relay(): debug: RELAY message from W1, content = 0$- - - MEASDOING
1757189129.376824: 2278101-7f045e959700: cdpl_server_ipc.c:1268: in _sv_ipc_thread(): debug: received RELAY message
1757189129.376839: 2278101-7f045e959700: cdpl_server_ipc.c:713: in _sv_on_relay(): debug: RELAY message from W1, size = 77
1757189129.376842: 2278101-7f045e959700: cdpl_server_ipc.c:715: in _sv_on_relay(): debug: RELAY message from W1, content = 0$2307559 claws-compute3.ece.ncsu.edu 2307575 FINISHED 1757189122|1757189129
1757189129.378427: 2278101-7f045e959700: cdpl_server_ipc.c:1268: in _sv_ipc_thread(): debug: received RELAY message
1757189129.378434: 2278101-7f045e959700: cdpl_server_ipc.c:713: in _sv_on_relay(): debug: RELAY message from W1, size = 191
1757189129.378437: 2278101-7f045e959700: cdpl_server_ipc.c:715: in _sv_on_relay(): debug: RELAY message from W1, content = PILOTDONE|saeSession4,1,diff_mode_gain|&/home/argershm/180-voltmeter/Analog/cc/simulation/integrator,tb_main_opamp,schematic/history_1/simulation/diff_mode_gain/PrimeSimSPICE/nominal/results
1757189129.378456: 2278101-7f045d957700: cdpl_compat_master.c:5948: in cdplMasterLogInfo(): info: [non-CDPL log entry] saeSession4,1,diff_mode_gain|&/home/argershm/180-voltmeter/Analog/cc/simulation/integrator,tb_main_opamp,schematic/history_1/simulation/diff_mode_gain/PrimeSimSPICE/nominal/results PILOTDONE!
1757189129.378689: 2278101-7f045e959700: cdpl_server_ipc.c:1251: in _sv_ipc_thread(): debug: received FINISH message
1757189129.378693: 2278101-7f045e959700: cdpl_server_ipc.c:983: in _sv_on_finish(): info: worker W1 completed task T0
1757189129.378695: 2278101-7f045e959700: cdpl_server_ipc.c:988: in _sv_on_finish(): debug: stat T0: utime=3694 stime=1848
1757189129.378697: 2278101-7f045e959700: cdpl_server_ipc.c:993: in _sv_on_finish(): debug: statm T0: vsize=3054804 rss=1036284 shared=518860 text=474784 data=710024
1757189129.383848: 2278101-7f045e959700: cdpl_server_ipc.c:1268: in _sv_ipc_thread(): debug: received RELAY message
1757189129.383852: 2278101-7f045e959700: cdpl_server_ipc.c:713: in _sv_on_relay(): debug: RELAY message from W1, size = 50
1757189129.383853: 2278101-7f045e959700: cdpl_server_ipc.c:715: in _sv_on_relay(): debug: RELAY message from W1, content = WORKERDU|20,/dev/mapper/rhel_claws--compute3-home
1757189129.471097: 2278101-7f04a2b36540: cdpl_server.c:227: in _sv_free_task_safe(): debug: freeing task T0
1757189130.600550: 2278101-7f04a2b36540: cdpl_server.c:3008: in cdpl_sv_halt_job_errno(): info: killing job J1
1757189130.600589: 2278101-7f04a2b36540: cdpl_server.c:3044: in cdpl_sv_halt_job_errno(): debug: signal bin B1 scheduler to stop
1757189130.600636: 2278101-7f044f7fe700: cdpl_server_sched.c:2484: in _sv_scheduler_thread(): debug: scheduler for bin B1 stopped
1757189130.600665: 2278101-7f044f7fe700: cdpl_ipc.c:1657: in _host_drop__UNSAFE(): debug: dropping host `152.14.98.53:53150'
1757189130.600748: 2278101-7f044f7fe700: cdpl_server_sched.c:2830: in _sv_drop_worker(): info: down to 0 alive workers in B1
1757189130.600752: 2278101-7f044f7fe700: cdpl_farm.c:4152: in cdpl_farm_dismiss(): debug: down to 0 running processes
1757189130.600759: 2278101-7f045e959700: cdpl_server_ipc.c:1236: in _sv_ipc_thread(): debug: received DROP notification
1757189130.600776: 2278101-7f044f7fe700: cdpl_server_sched.c:121: in _free_worker_2(): debug: freeing worker W1
1757189130.600779: 2278101-7f044f7fe700: cdpl_ipc.c:2513: in cdpl_ipc_host_release(): debug: releasing host `152.14.98.53:53150'
1757189130.600781: 2278101-7f044f7fe700: cdpl_ipc.c:2529: in cdpl_ipc_host_release(): debug: scheduling for immediate release
1757189130.600829: 2278101-7f04a2b36540: cdpl_server.c:294: in _sv_free_job(): info: freeing job J1
1757189130.600851: 2278101-7f04a2b36540: cdpl_server.c:92: in _sv_free_bin(): debug: freeing bin B1
1757189130.600875: 2278101-7f04a2b36540: cdpl_monitor.c:515: in cdpl_mn_kill(): info: killing monitor
1757189130.600877: 2278101-7f04a2b36540: cdpl_ipc.c:3677: in cdpl_ipc_kill(): debug: stopping event server
1757189130.600908: 2278101-7f044e7fc700: cdpl_ipc.c:2460: in _epoll_main(): debug: server going down...
1757189130.601041: 2278101-7f045f15a700: cdpl_ipc.c:775: in _readv(): warning: read(): EOF
1757189130.601060: 2278101-7f045f15a700: cdpl_ipc.c:2100: in _epoll_recv(): debug: _readv(): Broken pipe
1757189130.601063: 2278101-7f045f15a700: cdpl_ipc.c:2424: in _epoll_main(): debug: _epoll_recv(): Broken pipe
1757189130.601068: 2278101-7f045f15a700: cdpl_ipc.c:1657: in _host_drop__UNSAFE(): debug: dropping host `152.14.98.53:53148'
1757189130.601120: 2278101-7f045f15a700: cdpl_ipc.c:1582: in _host_free__UNSAFE(): debug: freeing host `152.14.98.53:53150'
1757189130.601123: 2278101-7f045f15a700: cdpl_ipc.c:1621: in _host_free__UNSAFE(): debug: [0 outq, 0 spR, 0 spW]
1757189130.601131: 2278101-7f045e959700: cdpl_server_ipc.c:1236: in _sv_ipc_thread(): debug: received DROP notification
1757189130.601135: 2278101-7f045e959700: cdpl_monitor.c:1269: in cdpl_mn_drop(): debug: detaching from monitor `152.14.98.53:53148'
1757189130.601147: 2278101-7f045e959700: cdpl_monitor.c:1101: in mn_systat_stop(): debug: joining systat thread
1757189130.601205: 2278101-7f045d156700: cdpl_monitor.c:1079: in mn_systat(): debug: exiting
1757189130.601216: 2278101-7f045e959700: cdpl_monitor.c:1103: in mn_systat_stop(): debug: systat thread done
1757189130.601220: 2278101-7f045e959700: cdpl_ipc.c:2513: in cdpl_ipc_host_release(): debug: releasing host `152.14.98.53:53148'
1757189130.601228: 2278101-7f044dffb700: cdpl_ipc.c:3728: in cdpl_ipc_free(): debug: releasing IPC handle
1757189130.601234: 2278101-7f044dffb700: cdpl_ipc.c:1582: in _host_free__UNSAFE(): debug: freeing host `152.14.98.53:44527'
1757189130.601236: 2278101-7f044dffb700: cdpl_ipc.c:1621: in _host_free__UNSAFE(): debug: [0 outq, 0 spR, 0 spW]
1757189130.601251: 2278101-7f044dffb700: cdpl_ipc.c:1582: in _host_free__UNSAFE(): debug: freeing host `152.14.98.53:34153'
1757189130.601253: 2278101-7f044dffb700: cdpl_ipc.c:1621: in _host_free__UNSAFE(): debug: [0 outq, 0 spR, 0 spW]
1757189130.601260: 2278101-7f044dffb700: cdpl_ipc.c:3756: in cdpl_ipc_free(): warning: 2 host(s) were not released
1757189130.601269: 2278101-7f044dffb700: cdpl_ipc.c:3767: in cdpl_ipc_free(): debug: done
1757189130.601271: 2278101-7f044dffb700: cdpl_monitor.c:1390: in cdpl_mn_free(): debug: freeing monitor client
1757189130.601355: 2278101-7f04a2b36540: cdpl_farm.c:2740: in cdpl_farm_free(): info: freeing farm
1757189130.601377: 2278101-7f044effd700: cdpl_farm.c:2231: in _schedule(): debug: end of idling
1757189130.601384: 2278101-7f044effd700: cdpl_farm.c:2235: in _schedule(): debug: dying
1757189130.601429: 2278101-7f04a2b36540: cdpl_farm.c:913: in _killall(): debug: killing all remaining commands
1757189130.601445: 2278101-7f04a2b36540: cdpl_server.c:3144: in cdpl_sv_free(): info: freeing server S611395541
1757189130.601448: 2278101-7f04a2b36540: cdpl_server.c:3109: in cdpl_sv_kill_errno(): info: killing server
1757189130.601450: 2278101-7f04a2b36540: cdpl_ipc.c:3677: in cdpl_ipc_kill(): debug: stopping event server
1757189130.601463: 2278101-7f045e959700: cdpl_server_ipc.c:1200: in _sv_ipc_thread(): debug: leaving now
1757189130.601470: 2278101-7f045f15a700: cdpl_ipc.c:2460: in _epoll_main(): debug: server going down...
1757189130.601480: 2278101-7f04a2b36540: cdpl_server.c:334: in _sv_free_master(): info: freeing master M1
1757189130.601484: 2278101-7f04a2b36540: cdpl_hash.c:68: in cdpl_h_destroy(): debug: put operations: 1
1757189130.601486: 2278101-7f04a2b36540: cdpl_hash.c:69: in cdpl_h_destroy(): debug: put collisions: 0
1757189130.601487: 2278101-7f04a2b36540: cdpl_hash.c:70: in cdpl_h_destroy(): debug: get operations: 1
1757189130.601489: 2278101-7f04a2b36540: cdpl_hash.c:71: in cdpl_h_destroy(): debug: get iterations: 1
1757189130.601492: 2278101-7f04a2b36540: cdpl_monitor.c:1390: in cdpl_mn_free(): debug: freeing monitor server
1757189130.601493: 2278101-7f04a2b36540: cdpl_ipc.c:3728: in cdpl_ipc_free(): debug: releasing IPC handle
1757189130.601495: 2278101-7f04a2b36540: cdpl_ipc.c:1582: in _host_free__UNSAFE(): debug: freeing host `152.14.98.53:53148'
1757189130.601497: 2278101-7f04a2b36540: cdpl_ipc.c:1621: in _host_free__UNSAFE(): debug: [0 outq, 0 spR, 0 spW]
1757189130.601525: 2278101-7f04a2b36540: cdpl_ipc.c:3767: in cdpl_ipc_free(): debug: done
1757189130.601527: 2278101-7f04a2b36540: cdpl_log.c:481: in cdpl_log_close(): info: @@end_of_log@@
