1757171344.712133: 2020886-7fb36c208540: cdpl_log.c:337: in cdpl_log_open(): info: @@start_of_log@@
1757171344.712143: 2020886-7fb36c208540: cdpl_log.c:1058: in cdpl_log_dump_sysinfo(): info: time: 2025/09/06 11:09:04 EDT -0400
1757171344.712145: 2020886-7fb36c208540: cdpl_log.c:1060: in cdpl_log_dump_sysinfo(): info: version: W-2024.09-SP1-2 
1757171344.712147: 2020886-7fb36c208540: cdpl_log.c:1062: in cdpl_log_dump_sysinfo(): info: system: Linux 4.18.0-553.69.1.el8_10.x86_64 #1 SMP Thu Aug 7 18:10:00 EDT 2025
1757171344.712148: 2020886-7fb36c208540: cdpl_log.c:1067: in cdpl_log_dump_sysinfo(): info: processor: x86_64 64-bits
1757171344.712149: 2020886-7fb36c208540: cdpl_log.c:1071: in cdpl_log_dump_sysinfo(): info: hostname: claws-compute3.ece.ncsu.edu
1757171344.712151: 2020886-7fb36c208540: cdpl_log.c:1073: in cdpl_log_dump_sysinfo(): info: program name: custom_shell
1757171344.712153: 2020886-7fb36c208540: cdpl_log.c:340: in cdpl_log_open(): debug: path: /home/argershm/180-voltmeter/Analog/cc/synopsys_custom/pwdp_jobs/saeSession4_diffmodegain.SimulationSimulation_cdpl.2.2020886/logs/master.claws-compute3.ece.ncsu.edu.2020886.log
1757171344.712155: 2020886-7fb36c208540: cdpl_log.c:341: in cdpl_log_open(): debug: dir: /home/argershm/180-voltmeter/Analog/cc/synopsys_custom/pwdp_jobs/saeSession4_diffmodegain.SimulationSimulation_cdpl.2.2020886/logs
1757171344.712159: 2020886-7fb36c208540: cdpl_server.c:536: in cdpl_sv_init(): info: new server S1236219331
1757171344.712162: 2020886-7fb36c208540: cdpl_ipc.c:3475: in cdpl_ipc_init(): info: requesting IPv4 protocol
1757171344.716246: 2020886-7fb36c208540: cdpl_ipc.c:837: in _selectaddrfamily(): info: selected IPv4 protocol
1757171344.716262: 2020886-7fb36c208540: cdpl_ipc.c:1139: in _set_keepalive(): info: TCP keep alive interval: 300
1757171344.719093: 2020886-7fb36c208540: cdpl_monitor.c:1117: in cdpl_mn_new_server(): info: creating server monitor instance
1757171344.719098: 2020886-7fb36c208540: cdpl_server.c:650: in cdpl_sv_new_master(): info: new master M1
1757171344.719103: 2020886-7fb36c208540: cdpl_server.c:6533: in cdpl_sv_ctl_master(): info: Setting worker heartbeat to 120 seconds
1757171344.719105: 2020886-7fb36c208540: cdpl_server.c:6542: in cdpl_sv_ctl_master(): info: Setting worker heartbeat timeout to 3 heartbeats
1757171344.719107: 2020886-7fb36c208540: cdpl_compat_master.c:2090: in _parse_hostfile(): info: reading hostfile `/home/argershm/180-voltmeter/Analog/cc/synopsys_custom/pwdp_jobs/saeSession4_diffmodegain.SimulationSimulation_cdpl.2.2020886/host_file'
1757171344.719116: 2020886-7fb36c208540: cdpl_compat_master.c:1900: in _hostfile_parser(): debug: parsing "1     |localhost|   -1  | /tmp | SH | sh"
1757171344.719120: 2020886-7fb36c208540: cdpl_farm.c:2578: in cdpl_farm_new_sh(): info: creating SH farm on localhost
1757171344.719123: 2020886-7fb36c208540: cdpl_compat_master.c:206: in _set_farm_env(): info: exporting CDPL_LOGDIR as `/home/argershm/180-voltmeter/Analog/cc/synopsys_custom/pwdp_jobs/saeSession4_diffmodegain.SimulationSimulation_cdpl.2.2020886/logs'
1757171344.719125: 2020886-7fb36c208540: cdpl_compat_master.c:212: in _set_farm_env(): info: exporting CDPL_TMPDIR as `/tmp'
1757171344.719126: 2020886-7fb36c208540: cdpl_compat_master.c:235: in _set_farm_env(): info: exporting SNPSLMD_LICENSE_FILE as `27000@ece-lic-35.ece.ncsu.edu'
1757171344.719128: 2020886-7fb36c208540: cdpl_compat_master.c:259: in _set_farm_env(): info: exporting CDPL_OPTIONS as `[nowlogs]'
1757171344.719130: 2020886-7fb36c208540: cdpl_compat_master.c:266: in _set_farm_env(): info: exporting DISPLAY as `unix:10082'
1757171344.719131: 2020886-7fb36c208540: cdpl_compat_master.c:274: in _set_farm_env(): info: exporting CDPL_HEARTBEAT as `120'
1757171344.719134: 2020886-7fb36c208540: cdpl_farm.c:3149: in cdpl_farm_add_withdir(): debug: added `localhost' (capacity: unlimited)
1757171344.719136: 2020886-7fb36c208540: cdpl_compat_parse.c:147: in parsefile(): debug: read `/home/argershm/180-voltmeter/Analog/cc/synopsys_custom/pwdp_jobs/saeSession4_diffmodegain.SimulationSimulation_cdpl.2.2020886/host_file', 2 lines
1757171344.719141: 2020886-7fb36c208540: cdpl_compat_master.c:2931: in cdplInitMaster(): info: bcast dir is `/home/argershm/180-voltmeter/Analog/cc/synopsys_custom/pwdp_jobs/saeSession4_diffmodegain.SimulationSimulation_cdpl.2.2020886/logs'
1757171344.719168: 2020886-7fb36c208540: cdpl_server.c:6433: in cdpl_sv_ctl_master(): info: farm worker timeout set to 300
1757171344.719170: 2020886-7fb36c208540: cdpl_server.c:6486: in cdpl_sv_ctl_master(): info: maximum number of task execution attempts set to 1
1757171344.719173: 2020886-7fb36c208540: cdpl_server.c:3195: in cdpl_sv_start(): debug: starting server
1757171344.719175: 2020886-7fb36c208540: cdpl_ipc.c:3632: in cdpl_ipc_start(): debug: starting IPC server 152.14.98.53:44291
1757171344.719308: 2020886-7fb323fff700: cdpl_server_ipc.c:1182: in _sv_ipc_thread(): debug: ready
1757171344.719370: 2020886-7fb3137fe700: cdpl_monitor.c:426: in cdpl_mn_init_client(): info: creating client monitor instance
1757171344.719392: 2020886-7fb3137fe700: cdpl_ipc.c:3475: in cdpl_ipc_init(): info: requesting IPv4 protocol
1757171344.724045: 2020886-7fb3137fe700: cdpl_ipc.c:837: in _selectaddrfamily(): info: selected IPv4 protocol
1757171344.724072: 2020886-7fb3137fe700: cdpl_ipc.c:1139: in _set_keepalive(): info: TCP keep alive interval: 300
1757171344.727242: 2020886-7fb3137fe700: cdpl_ipc.c:3632: in cdpl_ipc_start(): debug: starting IPC server 152.14.98.53:39969
1757171344.727356: 2020886-7fb3137fe700: cdpl_monitor.c:471: in cdpl_mn_init_client(): debug: incoming messages in /tmp/cdpl-monitor-WGpAYQ
1757171344.727432: 2020886-7fb3137fe700: cdpl_monitor.c:533: in cdpl_mn_connect(): debug: connecting to 152.14.98.53:44291
1757171344.727434: 2020886-7fb3137fe700: cdpl_ipc.c:3789: in cdpl_ipc_connect(): info: connecting to 152.14.98.53:44291
1757171344.727491: 2020886-7fb3137fe700: cdpl_ipc.c:3860: in cdpl_ipc_connect(): info: connected as `152.14.98.53:45340'
1757171344.727495: 2020886-7fb3137fe700: cdpl_ipc.c:2503: in cdpl_ipc_host_accept(): debug: accepted host `152.14.98.53:44291'
1757171344.727500: 2020886-7fb3137fe700: cdpl_monitor.c:579: in cdpl_mn_connect(): debug: ok
1757171344.727509: 2020886-7fb36c208540: cdpl_server.c:731: in cdpl_sv_new_job(): info: new job J1 in M1
1757171344.727517: 2020886-7fb36c208540: cdpl_compat_master.c:1581: in _add_worker(): info: new worker type 10, min:1, max:3, cmd:`/home/argershm/180-voltmeter/Analog/cc/synopsys_custom/pwdp_jobs/saeSession4_diffmodegain.SimulationSimulation_cdpl.2.2020886/START_WORKER pw_worker -i /home/argershm/180-voltmeter/Analog/cc/synopsys_custom/pwdp_jobs
1757171344.727521: 2020886-7fb36c208540: cdpl_server.c:908: in cdpl_sv_new_bin_withfarm(): info: new bin B1 in J1
1757171344.727523: 2020886-7fb334885700: cdpl_ipc.c:1862: in _epoll_accept(): debug: new connection from `152.14.98.53:45340'
1757171344.727545: 2020886-7fb323fff700: cdpl_server_ipc.c:1225: in _sv_ipc_thread(): debug: received ACCEPT notification
1757171344.727554: 2020886-7fb323fff700: cdpl_ipc.c:2503: in cdpl_ipc_host_accept(): debug: accepted host `152.14.98.53:45340'
1757171344.727566: 2020886-7fb323fff700: cdpl_server_ipc.c:1256: in _sv_ipc_thread(): debug: received MONITOR message
1757171344.727654: 2020886-7fb323fff700: cdpl_monitor.c:1207: in cdpl_mn_accept(): debug: accepted monitor `152.14.98.53:45340'
1757171344.727658: 2020886-7fb323fff700: cdpl_server_ipc_mon.c:120: in _globalLOCK(): debug: ENTERTING GLOBAL LOCK
1757171344.727660: 2020886-7fb323fff700: cdpl_server_ipc_mon.c:164: in _globalLOCK(): debug: global lock acquired
1757171344.727662: 2020886-7fb3227fc700: cdpl_monitor.c:910: in mn_systat(): debug: started
1757171344.727879: 2020886-7fb3227fc700: cdpl_monitor.c:937: in mn_systat(): debug: monitor server flush rate: 5
1757171345.518389: 2020886-7fb323fff700: cdpl_server_ipc_mon.c:210: in _globalUNLOCK(): debug: LEAVING GLOBAL LOCK
1757171345.518416: 2020886-7fb36c208540: cdpl_server.c:3249: in cdpl_sv_start_job(): info: starting job J1
1757171345.518440: 2020886-7fb36c208540: cdpl_server.c:62: in _sv_start_bin(): debug: starting bin B1 (min: 0, max: 3)
1757171345.518564: 2020886-7fb36c208540: cdpl_server.c:1893: in _sv_gen_task(): info: new task T0 in B1 (prio 0)
1757171345.518571: 2020886-7fb36c208540: cdpl_server.c:2698: in cdpl_sv_label_task_va(): info: setting task T0 label to "PrimeSim_5|PrimeSim"
1757171345.518576: 2020886-7fb320ff9700: cdpl_server_sched.c:2482: in _sv_scheduler_thread(): debug: scheduler for bin B1 started
1757171345.518587: 2020886-7fb320ff9700: cdpl_server_sched.c:2443: in _scheduler_run(): debug: will start a new worker
1757171345.518598: 2020886-7fb320ff9700: cdpl_farm.c:3977: in cdpl_farm_submit(): debug: 1 running processes
1757171345.518600: 2020886-7fb320ff9700: cdpl_farm.c:3985: in cdpl_farm_submit(): debug: new command C1 in bin B1 assigned to host `localhost'
1757171345.518723: 2020886-7fb320ff9700: cdpl_server_sched.c:705: in _sv_launch_worker(): info: started worker W1 (as C1) in bin B1
1757171345.518744: 2020886-7fb313fff700: cdpl_farm.c:2139: in _schedule(): debug: started
1757171345.518752: 2020886-7fb313fff700: cdpl_farm.c:2303: in _schedule(): debug: submitting command C1 in bin B1
1757171345.518756: 2020886-7fb313fff700: cdpl_sh.c:49: in _sh_detached_submit(): info: SH : /home/argershm/180-voltmeter/Analog/cc/synopsys_custom/pwdp_jobs/saeSession4_diffmodegain.SimulationSimulation_cdpl.2.2020886/START_WORKER pw_worker -i /home/argershm/180-voltmeter/Analog/cc/synopsys_custom/pwdp_jobs/saeSession4_diffmodegain.SimulationSimulation_cdpl.2.2020886 -t 10000
1757171345.526179: 2020886-7fb313fff700: cdpl_farm.c:2343: in _schedule(): debug: C1 in bin B1 running on slot 0
1757171345.526201: 2020886-7fb313fff700: cdpl_farm.c:2167: in _schedule(): debug: idle
1757171345.526501: 2020886-7fb36c208540: cdpl_server.c:1893: in _sv_gen_task(): info: new task T1 in B1 (prio 0)
1757171345.526517: 2020886-7fb36c208540: cdpl_server.c:2698: in cdpl_sv_label_task_va(): info: setting task T1 label to "PrimeSim_6|PrimeSim"
1757171345.526535: 2020886-7fb320ff9700: cdpl_server_sched.c:2443: in _scheduler_run(): debug: will start a new worker
1757171345.526553: 2020886-7fb320ff9700: cdpl_farm.c:3977: in cdpl_farm_submit(): debug: 2 running processes
1757171345.526561: 2020886-7fb320ff9700: cdpl_farm.c:3985: in cdpl_farm_submit(): debug: new command C2 in bin B1 assigned to host `localhost'
1757171345.526567: 2020886-7fb320ff9700: cdpl_server_sched.c:705: in _sv_launch_worker(): info: started worker W2 (as C2) in bin B1
1757171345.526573: 2020886-7fb313fff700: cdpl_farm.c:2231: in _schedule(): debug: end of idling
1757171345.526576: 2020886-7fb313fff700: cdpl_farm.c:2303: in _schedule(): debug: submitting command C2 in bin B1
1757171345.526584: 2020886-7fb313fff700: cdpl_sh.c:49: in _sh_detached_submit(): info: SH : /home/argershm/180-voltmeter/Analog/cc/synopsys_custom/pwdp_jobs/saeSession4_diffmodegain.SimulationSimulation_cdpl.2.2020886/START_WORKER pw_worker -i /home/argershm/180-voltmeter/Analog/cc/synopsys_custom/pwdp_jobs/saeSession4_diffmodegain.SimulationSimulation_cdpl.2.2020886 -t 10000
1757171345.531873: 2020886-7fb313fff700: cdpl_farm.c:2343: in _schedule(): debug: C2 in bin B1 running on slot 1
1757171345.531903: 2020886-7fb313fff700: cdpl_farm.c:2167: in _schedule(): debug: idle
1757171345.831972: 2020886-7fb313fff700: cdpl_farm.c:1193: in _onexit(): debug: C1 in bin B1 exited normally on slot 0
1757171345.831986: 2020886-7fb313fff700: cdpl_farm.c:1193: in _onexit(): debug: C2 in bin B1 exited normally on slot 1
1757171346.630451: 2020886-7fb321ffb700: cdpl_compat_master.c:5948: in cdplMasterLogInfo(): info: [non-CDPL log entry] PWDP - no-workers started ok check start!
1757171347.343089: 2020886-7fb334885700: cdpl_ipc.c:1862: in _epoll_accept(): debug: new connection from `152.14.98.53:50180'
1757171347.343137: 2020886-7fb323fff700: cdpl_server_ipc.c:1225: in _sv_ipc_thread(): debug: received ACCEPT notification
1757171347.343152: 2020886-7fb323fff700: cdpl_ipc.c:2503: in cdpl_ipc_host_accept(): debug: accepted host `152.14.98.53:50180'
1757171347.343208: 2020886-7fb323fff700: cdpl_server_ipc.c:1246: in _sv_ipc_thread(): debug: received HELLO message
1757171347.343215: 2020886-7fb323fff700: cdpl_server_ipc.c:430: in _sv_on_hello(): debug: looking up W1
1757171347.343218: 2020886-7fb323fff700: cdpl_server_ipc.c:540: in _sv_on_hello(): info: W1 is `152.14.98.53:50180'
1757171347.343220: 2020886-7fb323fff700: cdpl_server_ipc.c:541: in _sv_on_hello(): debug: hello W1 (B1)
1757171347.343221: 2020886-7fb323fff700: cdpl_server_ipc.c:542: in _sv_on_hello(): info: W1 log file is /dev/null
1757171347.343235: 2020886-7fb323fff700: cdpl_server_ipc.c:602: in _sv_on_hello(): info: up to 1 alive workers in B1
1757171347.343241: 2020886-7fb323fff700: cdpl_farm.c:878: in _release_cmd(): debug: freeing command C1 in bin B1
1757171347.343260: 2020886-7fb320ff9700: cdpl_server_sched.c:960: in _assign(): info: assigning task T0 to worker W1
1757171347.346459: 2020886-7fb334885700: cdpl_ipc.c:1862: in _epoll_accept(): debug: new connection from `152.14.98.53:50190'
1757171347.346485: 2020886-7fb323fff700: cdpl_server_ipc.c:1225: in _sv_ipc_thread(): debug: received ACCEPT notification
1757171347.346494: 2020886-7fb323fff700: cdpl_ipc.c:2503: in cdpl_ipc_host_accept(): debug: accepted host `152.14.98.53:50190'
1757171347.346562: 2020886-7fb323fff700: cdpl_server_ipc.c:1246: in _sv_ipc_thread(): debug: received HELLO message
1757171347.346564: 2020886-7fb323fff700: cdpl_server_ipc.c:430: in _sv_on_hello(): debug: looking up W2
1757171347.346566: 2020886-7fb323fff700: cdpl_server_ipc.c:540: in _sv_on_hello(): info: W2 is `152.14.98.53:50190'
1757171347.346568: 2020886-7fb323fff700: cdpl_server_ipc.c:541: in _sv_on_hello(): debug: hello W2 (B1)
1757171347.346569: 2020886-7fb323fff700: cdpl_server_ipc.c:542: in _sv_on_hello(): info: W2 log file is /dev/null
1757171347.346576: 2020886-7fb323fff700: cdpl_server_ipc.c:602: in _sv_on_hello(): info: up to 2 alive workers in B1
1757171347.346579: 2020886-7fb323fff700: cdpl_farm.c:878: in _release_cmd(): debug: freeing command C2 in bin B1
1757171347.346592: 2020886-7fb320ff9700: cdpl_server_sched.c:960: in _assign(): info: assigning task T1 to worker W2
1757171347.407580: 2020886-7fb323fff700: cdpl_server_ipc.c:1268: in _sv_ipc_thread(): debug: received RELAY message
1757171347.407589: 2020886-7fb323fff700: cdpl_server_ipc.c:713: in _sv_on_relay(): debug: RELAY message from W1, size = 65
1757171347.407592: 2020886-7fb323fff700: cdpl_server_ipc.c:715: in _sv_on_relay(): debug: RELAY message from W1, content = 0$2045650 claws-compute3.ece.ncsu.edu 2045679 RUNNING 1757171347
1757171347.410528: 2020886-7fb323fff700: cdpl_server_ipc.c:1268: in _sv_ipc_thread(): debug: received RELAY message
1757171347.410536: 2020886-7fb323fff700: cdpl_server_ipc.c:713: in _sv_on_relay(): debug: RELAY message from W2, size = 65
1757171347.410538: 2020886-7fb323fff700: cdpl_server_ipc.c:715: in _sv_on_relay(): debug: RELAY message from W2, content = 1$2045651 claws-compute3.ece.ncsu.edu 2045680 RUNNING 1757171347
1757171348.343472: 2020886-7fb323fff700: cdpl_server_ipc.c:312: in _sv_on_heartbeat(): debug: received HEARTBEAT from worker W1 at 152.14.98.53:50180
1757171348.346882: 2020886-7fb323fff700: cdpl_server_ipc.c:312: in _sv_on_heartbeat(): debug: received HEARTBEAT from worker W2 at 152.14.98.53:50190
1757171349.728632: 2020886-7fb3137fe700: cdpl_monitor.c:533: in cdpl_mn_connect(): debug: connecting to 152.14.98.53:33577
1757171349.728643: 2020886-7fb3137fe700: cdpl_ipc.c:3789: in cdpl_ipc_connect(): info: connecting to 152.14.98.53:33577
1757171349.728781: 2020886-7fb3137fe700: cdpl_ipc.c:3860: in cdpl_ipc_connect(): info: connected as `152.14.98.53:42290'
1757171349.728788: 2020886-7fb3137fe700: cdpl_ipc.c:2503: in cdpl_ipc_host_accept(): debug: accepted host `152.14.98.53:33577'
1757171349.728792: 2020886-7fb3137fe700: cdpl_monitor.c:579: in cdpl_mn_connect(): debug: ok
1757171349.728797: 2020886-7fb3137fe700: cdpl_monitor.c:533: in cdpl_mn_connect(): debug: connecting to 152.14.98.53:39989
1757171349.728798: 2020886-7fb3137fe700: cdpl_ipc.c:3789: in cdpl_ipc_connect(): info: connecting to 152.14.98.53:39989
1757171349.728845: 2020886-7fb3137fe700: cdpl_ipc.c:3860: in cdpl_ipc_connect(): info: connected as `152.14.98.53:59096'
1757171349.728850: 2020886-7fb3137fe700: cdpl_ipc.c:2503: in cdpl_ipc_host_accept(): debug: accepted host `152.14.98.53:39989'
1757171349.728853: 2020886-7fb3137fe700: cdpl_monitor.c:579: in cdpl_mn_connect(): debug: ok
1757171354.174224: 2020886-7fb323fff700: cdpl_server_ipc.c:1268: in _sv_ipc_thread(): debug: received RELAY message
1757171354.174235: 2020886-7fb323fff700: cdpl_server_ipc.c:713: in _sv_on_relay(): debug: RELAY message from W2, size = 53
1757171354.174237: 2020886-7fb323fff700: cdpl_server_ipc.c:715: in _sv_on_relay(): debug: RELAY message from W2, content = WORKERDU|12720,/dev/mapper/rhel_claws--compute3-home
1757171354.174243: 2020886-7fb323fff700: cdpl_server_ipc.c:1268: in _sv_ipc_thread(): debug: received RELAY message
1757171354.174245: 2020886-7fb323fff700: cdpl_server_ipc.c:713: in _sv_on_relay(): debug: RELAY message from W2, size = 196
1757171354.174246: 2020886-7fb323fff700: cdpl_server_ipc.c:715: in _sv_on_relay(): debug: RELAY message from W2, content = REQPILOT|saeSession4,1,diff_mode_gain|&/home/argershm/180-voltmeter/Analog/cc/simulation/integrator,tb_main_opamp,schematic/history_1/simulation/diff_mode_gain/PrimeSimSPICE/parametric/results|&1
1757171354.174283: 2020886-7fb322ffd700: cdpl_compat_master.c:5948: in cdplMasterLogInfo(): info: [non-CDPL log entry] PWDP send back 'DOPILOT' to worker id:2 key: saeSession4,1,diff_mode_gain|&/home/argershm/180-voltmeter/Analog/cc/simulation/integrator,tb_main_opamp,schematic/history_1/simulation/diff_mode_gain/PrimeSimSPICE/parametric/results
1757171354.174438: 2020886-7fb322ffd700: cdpl_compat_master.c:5948: in cdplMasterLogInfo(): info: [non-CDPL log entry] PWDP: set pilot doing!
1757171354.177701: 2020886-7fb323fff700: cdpl_server_ipc.c:1268: in _sv_ipc_thread(): debug: received RELAY message
1757171354.177706: 2020886-7fb323fff700: cdpl_server_ipc.c:713: in _sv_on_relay(): debug: RELAY message from W2, size = 192
1757171354.177708: 2020886-7fb323fff700: cdpl_server_ipc.c:715: in _sv_on_relay(): debug: RELAY message from W2, content = PILOTOK|saeSession4,1,diff_mode_gain|&/home/argershm/180-voltmeter/Analog/cc/simulation/integrator,tb_main_opamp,schematic/history_1/simulation/diff_mode_gain/PrimeSimSPICE/parametric/results
1757171354.177728: 2020886-7fb322ffd700: cdpl_compat_master.c:5948: in cdplMasterLogInfo(): info: [non-CDPL log entry] PWDP: set pilot done!
1757171354.177786: 2020886-7fb323fff700: cdpl_server_ipc.c:1268: in _sv_ipc_thread(): debug: received RELAY message
1757171354.177789: 2020886-7fb323fff700: cdpl_server_ipc.c:713: in _sv_on_relay(): debug: RELAY message from W2, size = 18
1757171354.177790: 2020886-7fb323fff700: cdpl_server_ipc.c:715: in _sv_on_relay(): debug: RELAY message from W2, content = 1$- - - MEASDOING
1757171354.179724: 2020886-7fb323fff700: cdpl_server_ipc.c:1268: in _sv_ipc_thread(): debug: received RELAY message
1757171354.179731: 2020886-7fb323fff700: cdpl_server_ipc.c:713: in _sv_on_relay(): debug: RELAY message from W1, size = 53
1757171354.179734: 2020886-7fb323fff700: cdpl_server_ipc.c:715: in _sv_on_relay(): debug: RELAY message from W1, content = WORKERDU|12720,/dev/mapper/rhel_claws--compute3-home
1757171354.179751: 2020886-7fb323fff700: cdpl_server_ipc.c:1268: in _sv_ipc_thread(): debug: received RELAY message
1757171354.179753: 2020886-7fb323fff700: cdpl_server_ipc.c:713: in _sv_on_relay(): debug: RELAY message from W1, size = 196
1757171354.179755: 2020886-7fb323fff700: cdpl_server_ipc.c:715: in _sv_on_relay(): debug: RELAY message from W1, content = REQPILOT|saeSession4,1,diff_mode_gain|&/home/argershm/180-voltmeter/Analog/cc/simulation/integrator,tb_main_opamp,schematic/history_1/simulation/diff_mode_gain/PrimeSimSPICE/parametric/results|&0
1757171354.179766: 2020886-7fb322ffd700: cdpl_compat_master.c:5948: in cdplMasterLogInfo(): info: [non-CDPL log entry] PWDP send back 'PILOTOK' back to worker id:1 key: saeSession4,1,diff_mode_gain|&/home/argershm/180-voltmeter/Analog/cc/simulation/integrator,tb_main_opamp,schematic/history_1/simulation/diff_mode_gain/PrimeSimSPICE/parametric/results
1757171354.179907: 2020886-7fb323fff700: cdpl_server_ipc.c:1268: in _sv_ipc_thread(): debug: received RELAY message
1757171354.179912: 2020886-7fb323fff700: cdpl_server_ipc.c:713: in _sv_on_relay(): debug: RELAY message from W1, size = 18
1757171354.179914: 2020886-7fb323fff700: cdpl_server_ipc.c:715: in _sv_on_relay(): debug: RELAY message from W1, content = 0$- - - MEASDOING
1757171355.567532: 2020886-7fb323fff700: cdpl_server_ipc.c:1268: in _sv_ipc_thread(): debug: received RELAY message
1757171355.567547: 2020886-7fb323fff700: cdpl_server_ipc.c:713: in _sv_on_relay(): debug: RELAY message from W2, size = 77
1757171355.567549: 2020886-7fb323fff700: cdpl_server_ipc.c:715: in _sv_on_relay(): debug: RELAY message from W2, content = 1$2045651 claws-compute3.ece.ncsu.edu 2045680 FINISHED 1757171347|1757171355
1757171355.569012: 2020886-7fb323fff700: cdpl_server_ipc.c:1268: in _sv_ipc_thread(): debug: received RELAY message
1757171355.569019: 2020886-7fb323fff700: cdpl_server_ipc.c:713: in _sv_on_relay(): debug: RELAY message from W2, size = 194
1757171355.569022: 2020886-7fb323fff700: cdpl_server_ipc.c:715: in _sv_on_relay(): debug: RELAY message from W2, content = PILOTDONE|saeSession4,1,diff_mode_gain|&/home/argershm/180-voltmeter/Analog/cc/simulation/integrator,tb_main_opamp,schematic/history_1/simulation/diff_mode_gain/PrimeSimSPICE/parametric/results
1757171355.569044: 2020886-7fb322ffd700: cdpl_compat_master.c:5948: in cdplMasterLogInfo(): info: [non-CDPL log entry] saeSession4,1,diff_mode_gain|&/home/argershm/180-voltmeter/Analog/cc/simulation/integrator,tb_main_opamp,schematic/history_1/simulation/diff_mode_gain/PrimeSimSPICE/parametric/results PILOTDONE!
1757171355.569295: 2020886-7fb323fff700: cdpl_server_ipc.c:1251: in _sv_ipc_thread(): debug: received FINISH message
1757171355.569301: 2020886-7fb323fff700: cdpl_server_ipc.c:983: in _sv_on_finish(): info: worker W2 completed task T1
1757171355.569304: 2020886-7fb323fff700: cdpl_server_ipc.c:988: in _sv_on_finish(): debug: stat T1: utime=4055 stime=2177
1757171355.569306: 2020886-7fb323fff700: cdpl_server_ipc.c:993: in _sv_on_finish(): debug: statm T1: vsize=3054864 rss=1038604 shared=518900 text=474784 data=710084
1757171355.571756: 2020886-7fb36c208540: cdpl_server.c:227: in _sv_free_task_safe(): debug: freeing task T1
1757171355.574047: 2020886-7fb323fff700: cdpl_server_ipc.c:1268: in _sv_ipc_thread(): debug: received RELAY message
1757171355.574054: 2020886-7fb323fff700: cdpl_server_ipc.c:713: in _sv_on_relay(): debug: RELAY message from W2, size = 50
1757171355.574057: 2020886-7fb323fff700: cdpl_server_ipc.c:715: in _sv_on_relay(): debug: RELAY message from W2, content = WORKERDU|40,/dev/mapper/rhel_claws--compute3-home
1757171355.581717: 2020886-7fb323fff700: cdpl_server_ipc.c:1268: in _sv_ipc_thread(): debug: received RELAY message
1757171355.581720: 2020886-7fb323fff700: cdpl_server_ipc.c:713: in _sv_on_relay(): debug: RELAY message from W1, size = 77
1757171355.581722: 2020886-7fb323fff700: cdpl_server_ipc.c:715: in _sv_on_relay(): debug: RELAY message from W1, content = 0$2045650 claws-compute3.ece.ncsu.edu 2045679 FINISHED 1757171347|1757171355
1757171355.581984: 2020886-7fb323fff700: cdpl_server_ipc.c:1251: in _sv_ipc_thread(): debug: received FINISH message
1757171355.581987: 2020886-7fb323fff700: cdpl_server_ipc.c:983: in _sv_on_finish(): info: worker W1 completed task T0
1757171355.581989: 2020886-7fb323fff700: cdpl_server_ipc.c:988: in _sv_on_finish(): debug: stat T0: utime=4022 stime=2198
1757171355.581991: 2020886-7fb323fff700: cdpl_server_ipc.c:993: in _sv_on_finish(): debug: statm T0: vsize=3054860 rss=1036036 shared=518600 text=474784 data=710080
1757171355.586746: 2020886-7fb323fff700: cdpl_server_ipc.c:1268: in _sv_ipc_thread(): debug: received RELAY message
1757171355.586749: 2020886-7fb323fff700: cdpl_server_ipc.c:713: in _sv_on_relay(): debug: RELAY message from W1, size = 50
1757171355.586751: 2020886-7fb323fff700: cdpl_server_ipc.c:715: in _sv_on_relay(): debug: RELAY message from W1, content = WORKERDU|56,/dev/mapper/rhel_claws--compute3-home
1757171355.671941: 2020886-7fb36c208540: cdpl_server.c:227: in _sv_free_task_safe(): debug: freeing task T0
1757171356.431624: 2020886-7fb36c208540: cdpl_server.c:3008: in cdpl_sv_halt_job_errno(): info: killing job J1
1757171356.431647: 2020886-7fb36c208540: cdpl_server.c:3044: in cdpl_sv_halt_job_errno(): debug: signal bin B1 scheduler to stop
1757171356.431673: 2020886-7fb320ff9700: cdpl_server_sched.c:2484: in _sv_scheduler_thread(): debug: scheduler for bin B1 stopped
1757171356.431688: 2020886-7fb320ff9700: cdpl_ipc.c:1657: in _host_drop__UNSAFE(): debug: dropping host `152.14.98.53:50190'
1757171356.431723: 2020886-7fb320ff9700: cdpl_server_sched.c:2830: in _sv_drop_worker(): info: down to 1 alive workers in B1
1757171356.431726: 2020886-7fb320ff9700: cdpl_farm.c:4152: in cdpl_farm_dismiss(): debug: down to 1 running processes
1757171356.431729: 2020886-7fb320ff9700: cdpl_ipc.c:1657: in _host_drop__UNSAFE(): debug: dropping host `152.14.98.53:50180'
1757171356.431732: 2020886-7fb323fff700: cdpl_server_ipc.c:1236: in _sv_ipc_thread(): debug: received DROP notification
1757171356.431748: 2020886-7fb320ff9700: cdpl_server_sched.c:2830: in _sv_drop_worker(): info: down to 0 alive workers in B1
1757171356.431749: 2020886-7fb320ff9700: cdpl_farm.c:4152: in cdpl_farm_dismiss(): debug: down to 0 running processes
1757171356.431756: 2020886-7fb323fff700: cdpl_server_ipc.c:1236: in _sv_ipc_thread(): debug: received DROP notification
1757171356.431758: 2020886-7fb320ff9700: cdpl_server_sched.c:121: in _free_worker_2(): debug: freeing worker W2
1757171356.431761: 2020886-7fb320ff9700: cdpl_ipc.c:2513: in cdpl_ipc_host_release(): debug: releasing host `152.14.98.53:50190'
1757171356.431762: 2020886-7fb320ff9700: cdpl_ipc.c:2529: in cdpl_ipc_host_release(): debug: scheduling for immediate release
1757171356.431765: 2020886-7fb320ff9700: cdpl_server_sched.c:121: in _free_worker_2(): debug: freeing worker W1
1757171356.431766: 2020886-7fb320ff9700: cdpl_ipc.c:2513: in cdpl_ipc_host_release(): debug: releasing host `152.14.98.53:50180'
1757171356.431768: 2020886-7fb320ff9700: cdpl_ipc.c:2529: in cdpl_ipc_host_release(): debug: scheduling for immediate release
1757171356.431881: 2020886-7fb312ffd700: cdpl_ipc.c:775: in _readv(): warning: read(): EOF
1757171356.431896: 2020886-7fb312ffd700: cdpl_ipc.c:2100: in _epoll_recv(): debug: _readv(): Broken pipe
1757171356.431899: 2020886-7fb312ffd700: cdpl_ipc.c:2424: in _epoll_main(): debug: _epoll_recv(): Broken pipe
1757171356.431901: 2020886-7fb312ffd700: cdpl_ipc.c:1657: in _host_drop__UNSAFE(): debug: dropping host `152.14.98.53:39989'
1757171356.431935: 2020886-7fb3237fe700: cdpl_monitor.c:290: in mn_listen(): debug: received DROP message
1757171356.431944: 2020886-7fb3237fe700: cdpl_ipc.c:2513: in cdpl_ipc_host_release(): debug: releasing host `152.14.98.53:39989'
1757171356.432159: 2020886-7fb36c208540: cdpl_server.c:294: in _sv_free_job(): info: freeing job J1
1757171356.432167: 2020886-7fb36c208540: cdpl_server.c:92: in _sv_free_bin(): debug: freeing bin B1
1757171356.432180: 2020886-7fb36c208540: cdpl_monitor.c:515: in cdpl_mn_kill(): info: killing monitor
1757171356.432183: 2020886-7fb36c208540: cdpl_ipc.c:3677: in cdpl_ipc_kill(): debug: stopping event server
1757171356.432197: 2020886-7fb312ffd700: cdpl_ipc.c:2460: in _epoll_main(): debug: server going down...
1757171356.432241: 2020886-7fb334885700: cdpl_ipc.c:775: in _readv(): warning: read(): EOF
1757171356.432251: 2020886-7fb334885700: cdpl_ipc.c:2100: in _epoll_recv(): debug: _readv(): Broken pipe
1757171356.432254: 2020886-7fb334885700: cdpl_ipc.c:2424: in _epoll_main(): debug: _epoll_recv(): Broken pipe
1757171356.432259: 2020886-7fb334885700: cdpl_ipc.c:1657: in _host_drop__UNSAFE(): debug: dropping host `152.14.98.53:45340'
1757171356.432302: 2020886-7fb334885700: cdpl_ipc.c:1582: in _host_free__UNSAFE(): debug: freeing host `152.14.98.53:50180'
1757171356.432305: 2020886-7fb334885700: cdpl_ipc.c:1621: in _host_free__UNSAFE(): debug: [0 outq, 0 spR, 0 spW]
1757171356.432311: 2020886-7fb334885700: cdpl_ipc.c:1582: in _host_free__UNSAFE(): debug: freeing host `152.14.98.53:50190'
1757171356.432314: 2020886-7fb334885700: cdpl_ipc.c:1621: in _host_free__UNSAFE(): debug: [0 outq, 0 spR, 0 spW]
1757171356.432321: 2020886-7fb323fff700: cdpl_server_ipc.c:1236: in _sv_ipc_thread(): debug: received DROP notification
1757171356.432329: 2020886-7fb323fff700: cdpl_monitor.c:1269: in cdpl_mn_drop(): debug: detaching from monitor `152.14.98.53:45340'
1757171356.432333: 2020886-7fb323fff700: cdpl_monitor.c:1101: in mn_systat_stop(): debug: joining systat thread
1757171356.432356: 2020886-7fb3227fc700: cdpl_monitor.c:1079: in mn_systat(): debug: exiting
1757171356.432367: 2020886-7fb323fff700: cdpl_monitor.c:1103: in mn_systat_stop(): debug: systat thread done
1757171356.432370: 2020886-7fb323fff700: cdpl_ipc.c:2513: in cdpl_ipc_host_release(): debug: releasing host `152.14.98.53:45340'
1757171356.432394: 2020886-7fb3137fe700: cdpl_ipc.c:3728: in cdpl_ipc_free(): debug: releasing IPC handle
1757171356.432399: 2020886-7fb3137fe700: cdpl_ipc.c:1582: in _host_free__UNSAFE(): debug: freeing host `152.14.98.53:39989'
1757171356.432402: 2020886-7fb3137fe700: cdpl_ipc.c:1621: in _host_free__UNSAFE(): debug: [0 outq, 0 spR, 0 spW]
1757171356.432406: 2020886-7fb3137fe700: cdpl_ipc.c:1582: in _host_free__UNSAFE(): debug: freeing host `152.14.98.53:33577'
1757171356.432407: 2020886-7fb3137fe700: cdpl_ipc.c:1621: in _host_free__UNSAFE(): debug: [0 outq, 0 spR, 0 spW]
1757171356.432417: 2020886-7fb3137fe700: cdpl_ipc.c:1582: in _host_free__UNSAFE(): debug: freeing host `152.14.98.53:44291'
1757171356.432419: 2020886-7fb3137fe700: cdpl_ipc.c:1621: in _host_free__UNSAFE(): debug: [0 outq, 0 spR, 0 spW]
1757171356.432426: 2020886-7fb3137fe700: cdpl_ipc.c:3756: in cdpl_ipc_free(): warning: 2 host(s) were not released
1757171356.432433: 2020886-7fb3137fe700: cdpl_ipc.c:3767: in cdpl_ipc_free(): debug: done
1757171356.432435: 2020886-7fb3137fe700: cdpl_monitor.c:1390: in cdpl_mn_free(): debug: freeing monitor client
1757171356.432500: 2020886-7fb36c208540: cdpl_farm.c:2740: in cdpl_farm_free(): info: freeing farm
1757171356.432522: 2020886-7fb313fff700: cdpl_farm.c:2231: in _schedule(): debug: end of idling
1757171356.432529: 2020886-7fb313fff700: cdpl_farm.c:2235: in _schedule(): debug: dying
1757171356.432636: 2020886-7fb36c208540: cdpl_farm.c:913: in _killall(): debug: killing all remaining commands
1757171356.432644: 2020886-7fb36c208540: cdpl_server.c:3144: in cdpl_sv_free(): info: freeing server S1236219331
1757171356.432647: 2020886-7fb36c208540: cdpl_server.c:3109: in cdpl_sv_kill_errno(): info: killing server
1757171356.432649: 2020886-7fb36c208540: cdpl_ipc.c:3677: in cdpl_ipc_kill(): debug: stopping event server
1757171356.432661: 2020886-7fb323fff700: cdpl_server_ipc.c:1200: in _sv_ipc_thread(): debug: leaving now
1757171356.432667: 2020886-7fb334885700: cdpl_ipc.c:2460: in _epoll_main(): debug: server going down...
1757171356.432677: 2020886-7fb36c208540: cdpl_server.c:334: in _sv_free_master(): info: freeing master M1
1757171356.432679: 2020886-7fb36c208540: cdpl_hash.c:68: in cdpl_h_destroy(): debug: put operations: 2
1757171356.432681: 2020886-7fb36c208540: cdpl_hash.c:69: in cdpl_h_destroy(): debug: put collisions: 0
1757171356.432683: 2020886-7fb36c208540: cdpl_hash.c:70: in cdpl_h_destroy(): debug: get operations: 2
1757171356.432684: 2020886-7fb36c208540: cdpl_hash.c:71: in cdpl_h_destroy(): debug: get iterations: 2
1757171356.432689: 2020886-7fb36c208540: cdpl_monitor.c:1390: in cdpl_mn_free(): debug: freeing monitor server
1757171356.432690: 2020886-7fb36c208540: cdpl_ipc.c:3728: in cdpl_ipc_free(): debug: releasing IPC handle
1757171356.432692: 2020886-7fb36c208540: cdpl_ipc.c:1582: in _host_free__UNSAFE(): debug: freeing host `152.14.98.53:45340'
1757171356.432694: 2020886-7fb36c208540: cdpl_ipc.c:1621: in _host_free__UNSAFE(): debug: [0 outq, 0 spR, 0 spW]
1757171356.432708: 2020886-7fb36c208540: cdpl_ipc.c:3767: in cdpl_ipc_free(): debug: done
1757171356.432714: 2020886-7fb36c208540: cdpl_log.c:481: in cdpl_log_close(): info: @@end_of_log@@
