1757103782.109303: 703792-7f5a14372540: cdpl_log.c:337: in cdpl_log_open(): info: @@start_of_log@@
1757103782.109313: 703792-7f5a14372540: cdpl_log.c:1058: in cdpl_log_dump_sysinfo(): info: time: 2025/09/05 16:23:02 EDT -0400
1757103782.109315: 703792-7f5a14372540: cdpl_log.c:1060: in cdpl_log_dump_sysinfo(): info: version: W-2024.09-SP1-2 
1757103782.109316: 703792-7f5a14372540: cdpl_log.c:1062: in cdpl_log_dump_sysinfo(): info: system: Linux 4.18.0-553.69.1.el8_10.x86_64 #1 SMP Thu Aug 7 18:10:00 EDT 2025
1757103782.109318: 703792-7f5a14372540: cdpl_log.c:1067: in cdpl_log_dump_sysinfo(): info: processor: x86_64 64-bits
1757103782.109319: 703792-7f5a14372540: cdpl_log.c:1071: in cdpl_log_dump_sysinfo(): info: hostname: claws-compute3.ece.ncsu.edu
1757103782.109321: 703792-7f5a14372540: cdpl_log.c:1073: in cdpl_log_dump_sysinfo(): info: program name: custom_shell
1757103782.109323: 703792-7f5a14372540: cdpl_log.c:340: in cdpl_log_open(): debug: path: /home/argershm/180-voltmeter/Analog/cc/synopsys_custom/pwdp_jobs/saeSession0_diffmodegain.SimulationSimulation_cdpl.2.703792/logs/master.claws-compute3.ece.ncsu.edu.703792.log
1757103782.109324: 703792-7f5a14372540: cdpl_log.c:341: in cdpl_log_open(): debug: dir: /home/argershm/180-voltmeter/Analog/cc/synopsys_custom/pwdp_jobs/saeSession0_diffmodegain.SimulationSimulation_cdpl.2.703792/logs
1757103782.109328: 703792-7f5a14372540: cdpl_server.c:536: in cdpl_sv_init(): info: new server S2043761623
1757103782.109331: 703792-7f5a14372540: cdpl_ipc.c:3475: in cdpl_ipc_init(): info: requesting IPv4 protocol
1757103782.114890: 703792-7f5a14372540: cdpl_ipc.c:837: in _selectaddrfamily(): info: selected IPv4 protocol
1757103782.114907: 703792-7f5a14372540: cdpl_ipc.c:1139: in _set_keepalive(): info: TCP keep alive interval: 300
1757103782.118098: 703792-7f5a14372540: cdpl_monitor.c:1117: in cdpl_mn_new_server(): info: creating server monitor instance
1757103782.118103: 703792-7f5a14372540: cdpl_server.c:650: in cdpl_sv_new_master(): info: new master M1
1757103782.118107: 703792-7f5a14372540: cdpl_server.c:6533: in cdpl_sv_ctl_master(): info: Setting worker heartbeat to 120 seconds
1757103782.118109: 703792-7f5a14372540: cdpl_server.c:6542: in cdpl_sv_ctl_master(): info: Setting worker heartbeat timeout to 3 heartbeats
1757103782.118111: 703792-7f5a14372540: cdpl_compat_master.c:2090: in _parse_hostfile(): info: reading hostfile `/home/argershm/180-voltmeter/Analog/cc/synopsys_custom/pwdp_jobs/saeSession0_diffmodegain.SimulationSimulation_cdpl.2.703792/host_file'
1757103782.118120: 703792-7f5a14372540: cdpl_compat_master.c:1900: in _hostfile_parser(): debug: parsing "1     |localhost|   -1  | /tmp | SH | sh"
1757103782.118124: 703792-7f5a14372540: cdpl_farm.c:2578: in cdpl_farm_new_sh(): info: creating SH farm on localhost
1757103782.118127: 703792-7f5a14372540: cdpl_compat_master.c:206: in _set_farm_env(): info: exporting CDPL_LOGDIR as `/home/argershm/180-voltmeter/Analog/cc/synopsys_custom/pwdp_jobs/saeSession0_diffmodegain.SimulationSimulation_cdpl.2.703792/logs'
1757103782.118129: 703792-7f5a14372540: cdpl_compat_master.c:212: in _set_farm_env(): info: exporting CDPL_TMPDIR as `/tmp'
1757103782.118131: 703792-7f5a14372540: cdpl_compat_master.c:235: in _set_farm_env(): info: exporting SNPSLMD_LICENSE_FILE as `27000@ece-lic-35.ece.ncsu.edu'
1757103782.118133: 703792-7f5a14372540: cdpl_compat_master.c:259: in _set_farm_env(): info: exporting CDPL_OPTIONS as `[nowlogs]'
1757103782.118134: 703792-7f5a14372540: cdpl_compat_master.c:266: in _set_farm_env(): info: exporting DISPLAY as `unix:10342'
1757103782.118136: 703792-7f5a14372540: cdpl_compat_master.c:274: in _set_farm_env(): info: exporting CDPL_HEARTBEAT as `120'
1757103782.118139: 703792-7f5a14372540: cdpl_farm.c:3149: in cdpl_farm_add_withdir(): debug: added `localhost' (capacity: unlimited)
1757103782.118141: 703792-7f5a14372540: cdpl_compat_parse.c:147: in parsefile(): debug: read `/home/argershm/180-voltmeter/Analog/cc/synopsys_custom/pwdp_jobs/saeSession0_diffmodegain.SimulationSimulation_cdpl.2.703792/host_file', 2 lines
1757103782.118143: 703792-7f5a14372540: cdpl_compat_master.c:2931: in cdplInitMaster(): info: bcast dir is `/home/argershm/180-voltmeter/Analog/cc/synopsys_custom/pwdp_jobs/saeSession0_diffmodegain.SimulationSimulation_cdpl.2.703792/logs'
1757103782.118175: 703792-7f5a14372540: cdpl_server.c:6433: in cdpl_sv_ctl_master(): info: farm worker timeout set to 300
1757103782.118177: 703792-7f5a14372540: cdpl_server.c:6486: in cdpl_sv_ctl_master(): info: maximum number of task execution attempts set to 1
1757103782.118180: 703792-7f5a14372540: cdpl_server.c:3195: in cdpl_sv_start(): debug: starting server
1757103782.118182: 703792-7f5a14372540: cdpl_ipc.c:3632: in cdpl_ipc_start(): debug: starting IPC server 152.14.98.53:37951
1757103782.118271: 703792-7f59ba7fc700: cdpl_server_ipc.c:1182: in _sv_ipc_thread(): debug: ready
1757103782.118379: 703792-7f5998ff9700: cdpl_monitor.c:426: in cdpl_mn_init_client(): info: creating client monitor instance
1757103782.118391: 703792-7f5998ff9700: cdpl_ipc.c:3475: in cdpl_ipc_init(): info: requesting IPv4 protocol
1757103782.122393: 703792-7f5998ff9700: cdpl_ipc.c:837: in _selectaddrfamily(): info: selected IPv4 protocol
1757103782.122414: 703792-7f5998ff9700: cdpl_ipc.c:1139: in _set_keepalive(): info: TCP keep alive interval: 300
1757103782.125874: 703792-7f5998ff9700: cdpl_ipc.c:3632: in cdpl_ipc_start(): debug: starting IPC server 152.14.98.53:40795
1757103782.125963: 703792-7f5998ff9700: cdpl_monitor.c:471: in cdpl_mn_init_client(): debug: incoming messages in /tmp/cdpl-monitor-qKo55C
1757103782.126098: 703792-7f5998ff9700: cdpl_monitor.c:533: in cdpl_mn_connect(): debug: connecting to 152.14.98.53:37951
1757103782.126101: 703792-7f5998ff9700: cdpl_ipc.c:3789: in cdpl_ipc_connect(): info: connecting to 152.14.98.53:37951
1757103782.126153: 703792-7f5998ff9700: cdpl_ipc.c:3860: in cdpl_ipc_connect(): info: connected as `152.14.98.53:37760'
1757103782.126158: 703792-7f5998ff9700: cdpl_ipc.c:2503: in cdpl_ipc_host_accept(): debug: accepted host `152.14.98.53:37951'
1757103782.126163: 703792-7f5998ff9700: cdpl_monitor.c:579: in cdpl_mn_connect(): debug: ok
1757103782.126173: 703792-7f5a14372540: cdpl_server.c:731: in cdpl_sv_new_job(): info: new job J1 in M1
1757103782.126182: 703792-7f59b9ffb700: cdpl_ipc.c:1862: in _epoll_accept(): debug: new connection from `152.14.98.53:37760'
1757103782.126192: 703792-7f5a14372540: cdpl_compat_master.c:1581: in _add_worker(): info: new worker type 10, min:1, max:3, cmd:`/home/argershm/180-voltmeter/Analog/cc/synopsys_custom/pwdp_jobs/saeSession0_diffmodegain.SimulationSimulation_cdpl.2.703792/START_WORKER pw_worker -i /home/argershm/180-voltmeter/Analog/cc/synopsys_custom/pwdp_jobs/
1757103782.126197: 703792-7f59ba7fc700: cdpl_server_ipc.c:1225: in _sv_ipc_thread(): debug: received ACCEPT notification
1757103782.126202: 703792-7f59ba7fc700: cdpl_ipc.c:2503: in cdpl_ipc_host_accept(): debug: accepted host `152.14.98.53:37760'
1757103782.126204: 703792-7f5a14372540: cdpl_server.c:908: in cdpl_sv_new_bin_withfarm(): info: new bin B1 in J1
1757103782.126212: 703792-7f59ba7fc700: cdpl_server_ipc.c:1256: in _sv_ipc_thread(): debug: received MONITOR message
1757103782.126375: 703792-7f59ba7fc700: cdpl_monitor.c:1207: in cdpl_mn_accept(): debug: accepted monitor `152.14.98.53:37760'
1757103782.126378: 703792-7f59ba7fc700: cdpl_server_ipc_mon.c:120: in _globalLOCK(): debug: ENTERTING GLOBAL LOCK
1757103782.126381: 703792-7f59ba7fc700: cdpl_server_ipc_mon.c:164: in _globalLOCK(): debug: global lock acquired
1757103782.126392: 703792-7f599b7fe700: cdpl_monitor.c:910: in mn_systat(): debug: started
1757103782.126606: 703792-7f599b7fe700: cdpl_monitor.c:937: in mn_systat(): debug: monitor server flush rate: 5
1757103782.977688: 703792-7f59ba7fc700: cdpl_server_ipc_mon.c:210: in _globalUNLOCK(): debug: LEAVING GLOBAL LOCK
1757103782.977712: 703792-7f5a14372540: cdpl_server.c:3249: in cdpl_sv_start_job(): info: starting job J1
1757103782.977735: 703792-7f5a14372540: cdpl_server.c:62: in _sv_start_bin(): debug: starting bin B1 (min: 0, max: 3)
1757103782.977862: 703792-7f5999ffb700: cdpl_server_sched.c:2482: in _sv_scheduler_thread(): debug: scheduler for bin B1 started
1757103782.977877: 703792-7f5a14372540: cdpl_server.c:1893: in _sv_gen_task(): info: new task T0 in B1 (prio 0)
1757103782.977886: 703792-7f5a14372540: cdpl_server.c:2698: in cdpl_sv_label_task_va(): info: setting task T0 label to "PrimeSim_3|PrimeSim"
1757103782.977895: 703792-7f5999ffb700: cdpl_server_sched.c:2443: in _scheduler_run(): debug: will start a new worker
1757103782.977905: 703792-7f5999ffb700: cdpl_farm.c:3977: in cdpl_farm_submit(): debug: 1 running processes
1757103782.977908: 703792-7f5999ffb700: cdpl_farm.c:3985: in cdpl_farm_submit(): debug: new command C1 in bin B1 assigned to host `localhost'
1757103782.977980: 703792-7f5999ffb700: cdpl_server_sched.c:705: in _sv_launch_worker(): info: started worker W1 (as C1) in bin B1
1757103782.978001: 703792-7f59997fa700: cdpl_farm.c:2139: in _schedule(): debug: started
1757103782.978006: 703792-7f59997fa700: cdpl_farm.c:2303: in _schedule(): debug: submitting command C1 in bin B1
1757103782.978011: 703792-7f59997fa700: cdpl_sh.c:49: in _sh_detached_submit(): info: SH : /home/argershm/180-voltmeter/Analog/cc/synopsys_custom/pwdp_jobs/saeSession0_diffmodegain.SimulationSimulation_cdpl.2.703792/START_WORKER pw_worker -i /home/argershm/180-voltmeter/Analog/cc/synopsys_custom/pwdp_jobs/saeSession0_diffmodegain.SimulationSimulation_cdpl.2.703792 -t 10000
1757103782.984172: 703792-7f59997fa700: cdpl_farm.c:2343: in _schedule(): debug: C1 in bin B1 running on slot 0
1757103782.984192: 703792-7f59997fa700: cdpl_farm.c:2167: in _schedule(): debug: idle
1757103782.993699: 703792-7f5a14372540: cdpl_compat_master.c:5948: in cdplMasterLogInfo(): info: [non-CDPL log entry] PWDP3: reset pilot cache succeeded, pilot_key=saeSession0,1,diff_mode_gain|&/home/argershm/180-voltmeter/Analog/cc/simulation/integrator,tb_main_opamp,schematic/history_1/simulation/diff_mode_gain/PrimeSimSPICE/nominal/results
1757103783.284265: 703792-7f59997fa700: cdpl_farm.c:1193: in _onexit(): debug: C1 in bin B1 exited normally on slot 0
1757103784.088962: 703792-7f599affd700: cdpl_compat_master.c:5948: in cdplMasterLogInfo(): info: [non-CDPL log entry] PWDP - no-workers started ok check start!
1757103784.727857: 703792-7f59b9ffb700: cdpl_ipc.c:1862: in _epoll_accept(): debug: new connection from `152.14.98.53:37772'
1757103784.727906: 703792-7f59ba7fc700: cdpl_server_ipc.c:1225: in _sv_ipc_thread(): debug: received ACCEPT notification
1757103784.727915: 703792-7f59ba7fc700: cdpl_ipc.c:2503: in cdpl_ipc_host_accept(): debug: accepted host `152.14.98.53:37772'
1757103784.727951: 703792-7f59ba7fc700: cdpl_server_ipc.c:1246: in _sv_ipc_thread(): debug: received HELLO message
1757103784.727962: 703792-7f59ba7fc700: cdpl_server_ipc.c:430: in _sv_on_hello(): debug: looking up W1
1757103784.727966: 703792-7f59ba7fc700: cdpl_server_ipc.c:540: in _sv_on_hello(): info: W1 is `152.14.98.53:37772'
1757103784.727968: 703792-7f59ba7fc700: cdpl_server_ipc.c:541: in _sv_on_hello(): debug: hello W1 (B1)
1757103784.727969: 703792-7f59ba7fc700: cdpl_server_ipc.c:542: in _sv_on_hello(): info: W1 log file is /dev/null
1757103784.727980: 703792-7f59ba7fc700: cdpl_server_ipc.c:602: in _sv_on_hello(): info: up to 1 alive workers in B1
1757103784.727985: 703792-7f59ba7fc700: cdpl_farm.c:878: in _release_cmd(): debug: freeing command C1 in bin B1
1757103784.728080: 703792-7f5999ffb700: cdpl_server_sched.c:960: in _assign(): info: assigning task T0 to worker W1
1757103784.791588: 703792-7f59ba7fc700: cdpl_server_ipc.c:1268: in _sv_ipc_thread(): debug: received RELAY message
1757103784.791597: 703792-7f59ba7fc700: cdpl_server_ipc.c:713: in _sv_on_relay(): debug: RELAY message from W1, size = 63
1757103784.791600: 703792-7f59ba7fc700: cdpl_server_ipc.c:715: in _sv_on_relay(): debug: RELAY message from W1, content = 0$831270 claws-compute3.ece.ncsu.edu 831286 RUNNING 1757103784
1757103785.728325: 703792-7f59ba7fc700: cdpl_server_ipc.c:312: in _sv_on_heartbeat(): debug: received HEARTBEAT from worker W1 at 152.14.98.53:37772
1757103787.127245: 703792-7f5998ff9700: cdpl_monitor.c:533: in cdpl_mn_connect(): debug: connecting to 152.14.98.53:35849
1757103787.127263: 703792-7f5998ff9700: cdpl_ipc.c:3789: in cdpl_ipc_connect(): info: connecting to 152.14.98.53:35849
1757103787.127343: 703792-7f5998ff9700: cdpl_ipc.c:3860: in cdpl_ipc_connect(): info: connected as `152.14.98.53:46668'
1757103787.127349: 703792-7f5998ff9700: cdpl_ipc.c:2503: in cdpl_ipc_host_accept(): debug: accepted host `152.14.98.53:35849'
1757103787.127354: 703792-7f5998ff9700: cdpl_monitor.c:579: in cdpl_mn_connect(): debug: ok
1757103791.099607: 703792-7f59ba7fc700: cdpl_server_ipc.c:1268: in _sv_ipc_thread(): debug: received RELAY message
1757103791.099625: 703792-7f59ba7fc700: cdpl_server_ipc.c:713: in _sv_on_relay(): debug: RELAY message from W1, size = 52
1757103791.099627: 703792-7f59ba7fc700: cdpl_server_ipc.c:715: in _sv_on_relay(): debug: RELAY message from W1, content = WORKERDU|4452,/dev/mapper/rhel_claws--compute3-home
1757103791.099633: 703792-7f59ba7fc700: cdpl_server_ipc.c:1268: in _sv_ipc_thread(): debug: received RELAY message
1757103791.099635: 703792-7f59ba7fc700: cdpl_server_ipc.c:713: in _sv_on_relay(): debug: RELAY message from W1, size = 193
1757103791.099637: 703792-7f59ba7fc700: cdpl_server_ipc.c:715: in _sv_on_relay(): debug: RELAY message from W1, content = REQPILOT|saeSession0,1,diff_mode_gain|&/home/argershm/180-voltmeter/Analog/cc/simulation/integrator,tb_main_opamp,schematic/history_1/simulation/diff_mode_gain/PrimeSimSPICE/nominal/results|&0
1757103791.099671: 703792-7f599bfff700: cdpl_compat_master.c:5948: in cdplMasterLogInfo(): info: [non-CDPL log entry] PWDP send back 'DOPILOT' to worker id:1 key: saeSession0,1,diff_mode_gain|&/home/argershm/180-voltmeter/Analog/cc/simulation/integrator,tb_main_opamp,schematic/history_1/simulation/diff_mode_gain/PrimeSimSPICE/nominal/results
1757103791.099790: 703792-7f599bfff700: cdpl_compat_master.c:5948: in cdplMasterLogInfo(): info: [non-CDPL log entry] PWDP: set pilot doing!
1757103791.103109: 703792-7f59ba7fc700: cdpl_server_ipc.c:1268: in _sv_ipc_thread(): debug: received RELAY message
1757103791.103116: 703792-7f59ba7fc700: cdpl_server_ipc.c:713: in _sv_on_relay(): debug: RELAY message from W1, size = 189
1757103791.103119: 703792-7f59ba7fc700: cdpl_server_ipc.c:715: in _sv_on_relay(): debug: RELAY message from W1, content = PILOTOK|saeSession0,1,diff_mode_gain|&/home/argershm/180-voltmeter/Analog/cc/simulation/integrator,tb_main_opamp,schematic/history_1/simulation/diff_mode_gain/PrimeSimSPICE/nominal/results
1757103791.103137: 703792-7f599bfff700: cdpl_compat_master.c:5948: in cdplMasterLogInfo(): info: [non-CDPL log entry] PWDP: set pilot done!
1757103791.103219: 703792-7f59ba7fc700: cdpl_server_ipc.c:1268: in _sv_ipc_thread(): debug: received RELAY message
1757103791.103224: 703792-7f59ba7fc700: cdpl_server_ipc.c:713: in _sv_on_relay(): debug: RELAY message from W1, size = 18
1757103791.103227: 703792-7f59ba7fc700: cdpl_server_ipc.c:715: in _sv_on_relay(): debug: RELAY message from W1, content = 0$- - - MEASDOING
1757103791.370935: 703792-7f59ba7fc700: cdpl_server_ipc.c:1268: in _sv_ipc_thread(): debug: received RELAY message
1757103791.370945: 703792-7f59ba7fc700: cdpl_server_ipc.c:713: in _sv_on_relay(): debug: RELAY message from W1, size = 75
1757103791.370947: 703792-7f59ba7fc700: cdpl_server_ipc.c:715: in _sv_on_relay(): debug: RELAY message from W1, content = 0$831270 claws-compute3.ece.ncsu.edu 831286 FINISHED 1757103784|1757103791
1757103791.372480: 703792-7f59ba7fc700: cdpl_server_ipc.c:1268: in _sv_ipc_thread(): debug: received RELAY message
1757103791.372488: 703792-7f59ba7fc700: cdpl_server_ipc.c:713: in _sv_on_relay(): debug: RELAY message from W1, size = 191
1757103791.372491: 703792-7f59ba7fc700: cdpl_server_ipc.c:715: in _sv_on_relay(): debug: RELAY message from W1, content = PILOTDONE|saeSession0,1,diff_mode_gain|&/home/argershm/180-voltmeter/Analog/cc/simulation/integrator,tb_main_opamp,schematic/history_1/simulation/diff_mode_gain/PrimeSimSPICE/nominal/results
1757103791.372515: 703792-7f599bfff700: cdpl_compat_master.c:5948: in cdplMasterLogInfo(): info: [non-CDPL log entry] saeSession0,1,diff_mode_gain|&/home/argershm/180-voltmeter/Analog/cc/simulation/integrator,tb_main_opamp,schematic/history_1/simulation/diff_mode_gain/PrimeSimSPICE/nominal/results PILOTDONE!
1757103791.372749: 703792-7f59ba7fc700: cdpl_server_ipc.c:1251: in _sv_ipc_thread(): debug: received FINISH message
1757103791.372755: 703792-7f59ba7fc700: cdpl_server_ipc.c:983: in _sv_on_finish(): info: worker W1 completed task T0
1757103791.372757: 703792-7f59ba7fc700: cdpl_server_ipc.c:988: in _sv_on_finish(): debug: stat T0: utime=3699 stime=1933
1757103791.372759: 703792-7f59ba7fc700: cdpl_server_ipc.c:993: in _sv_on_finish(): debug: statm T0: vsize=3054776 rss=1040980 shared=520040 text=474784 data=709896
1757103791.377860: 703792-7f59ba7fc700: cdpl_server_ipc.c:1268: in _sv_ipc_thread(): debug: received RELAY message
1757103791.377868: 703792-7f59ba7fc700: cdpl_server_ipc.c:713: in _sv_on_relay(): debug: RELAY message from W1, size = 50
1757103791.377870: 703792-7f59ba7fc700: cdpl_server_ipc.c:715: in _sv_on_relay(): debug: RELAY message from W1, content = WORKERDU|24,/dev/mapper/rhel_claws--compute3-home
1757103791.689876: 703792-7f5a14372540: cdpl_server.c:3008: in cdpl_sv_halt_job_errno(): info: killing job J1
1757103791.689911: 703792-7f5a14372540: cdpl_server.c:3044: in cdpl_sv_halt_job_errno(): debug: signal bin B1 scheduler to stop
1757103791.689931: 703792-7f5999ffb700: cdpl_server_sched.c:2484: in _sv_scheduler_thread(): debug: scheduler for bin B1 stopped
1757103791.689942: 703792-7f5999ffb700: cdpl_ipc.c:1657: in _host_drop__UNSAFE(): debug: dropping host `152.14.98.53:37772'
1757103791.690002: 703792-7f5999ffb700: cdpl_server_sched.c:2830: in _sv_drop_worker(): info: down to 0 alive workers in B1
1757103791.690009: 703792-7f5999ffb700: cdpl_farm.c:4152: in cdpl_farm_dismiss(): debug: down to 0 running processes
1757103791.690015: 703792-7f59ba7fc700: cdpl_server_ipc.c:1236: in _sv_ipc_thread(): debug: received DROP notification
1757103791.690037: 703792-7f5999ffb700: cdpl_server_sched.c:121: in _free_worker_2(): debug: freeing worker W1
1757103791.690040: 703792-7f5999ffb700: cdpl_ipc.c:2513: in cdpl_ipc_host_release(): debug: releasing host `152.14.98.53:37772'
1757103791.690089: 703792-7f5a14372540: cdpl_server.c:294: in _sv_free_job(): info: freeing job J1
1757103791.690094: 703792-7f5a14372540: cdpl_server.c:92: in _sv_free_bin(): debug: freeing bin B1
1757103791.690098: 703792-7f5a14372540: cdpl_server.c:184: in _sv_free_task(): debug: freeing task T0
1757103791.690118: 703792-7f5a14372540: cdpl_monitor.c:515: in cdpl_mn_kill(): info: killing monitor
1757103791.690120: 703792-7f5a14372540: cdpl_ipc.c:3677: in cdpl_ipc_kill(): debug: stopping event server
1757103791.690133: 703792-7f59b97fa700: cdpl_ipc.c:2460: in _epoll_main(): debug: server going down...
1757103791.690249: 703792-7f59b9ffb700: cdpl_ipc.c:775: in _readv(): warning: read(): EOF
1757103791.690258: 703792-7f59b9ffb700: cdpl_ipc.c:2100: in _epoll_recv(): debug: _readv(): Broken pipe
1757103791.690261: 703792-7f59b9ffb700: cdpl_ipc.c:2424: in _epoll_main(): debug: _epoll_recv(): Broken pipe
1757103791.690265: 703792-7f59b9ffb700: cdpl_ipc.c:1657: in _host_drop__UNSAFE(): debug: dropping host `152.14.98.53:37760'
1757103791.690304: 703792-7f59b9ffb700: cdpl_ipc.c:1582: in _host_free__UNSAFE(): debug: freeing host `152.14.98.53:37772'
1757103791.690306: 703792-7f59b9ffb700: cdpl_ipc.c:1621: in _host_free__UNSAFE(): debug: [0 outq, 0 spR, 0 spW]
1757103791.690330: 703792-7f59ba7fc700: cdpl_server_ipc.c:1236: in _sv_ipc_thread(): debug: received DROP notification
1757103791.690337: 703792-7f59ba7fc700: cdpl_monitor.c:1269: in cdpl_mn_drop(): debug: detaching from monitor `152.14.98.53:37760'
1757103791.690342: 703792-7f59ba7fc700: cdpl_monitor.c:1101: in mn_systat_stop(): debug: joining systat thread
1757103791.690367: 703792-7f599b7fe700: cdpl_monitor.c:1079: in mn_systat(): debug: exiting
1757103791.690377: 703792-7f59ba7fc700: cdpl_monitor.c:1103: in mn_systat_stop(): debug: systat thread done
1757103791.690386: 703792-7f59ba7fc700: cdpl_ipc.c:2513: in cdpl_ipc_host_release(): debug: releasing host `152.14.98.53:37760'
1757103791.690444: 703792-7f5998ff9700: cdpl_ipc.c:3728: in cdpl_ipc_free(): debug: releasing IPC handle
1757103791.690446: 703792-7f5998ff9700: cdpl_ipc.c:1582: in _host_free__UNSAFE(): debug: freeing host `152.14.98.53:35849'
1757103791.690448: 703792-7f5998ff9700: cdpl_ipc.c:1621: in _host_free__UNSAFE(): debug: [0 outq, 0 spR, 0 spW]
1757103791.690463: 703792-7f5998ff9700: cdpl_ipc.c:1582: in _host_free__UNSAFE(): debug: freeing host `152.14.98.53:37951'
1757103791.690464: 703792-7f5998ff9700: cdpl_ipc.c:1621: in _host_free__UNSAFE(): debug: [0 outq, 0 spR, 0 spW]
1757103791.690470: 703792-7f5998ff9700: cdpl_ipc.c:3756: in cdpl_ipc_free(): warning: 2 host(s) were not released
1757103791.690478: 703792-7f5998ff9700: cdpl_ipc.c:3767: in cdpl_ipc_free(): debug: done
1757103791.690480: 703792-7f5998ff9700: cdpl_monitor.c:1390: in cdpl_mn_free(): debug: freeing monitor client
1757103791.690547: 703792-7f5a14372540: cdpl_farm.c:2740: in cdpl_farm_free(): info: freeing farm
1757103791.690561: 703792-7f59997fa700: cdpl_farm.c:2231: in _schedule(): debug: end of idling
1757103791.690565: 703792-7f59997fa700: cdpl_farm.c:2235: in _schedule(): debug: dying
1757103791.690602: 703792-7f5a14372540: cdpl_farm.c:913: in _killall(): debug: killing all remaining commands
1757103791.690607: 703792-7f5a14372540: cdpl_server.c:3144: in cdpl_sv_free(): info: freeing server S2043761623
1757103791.690610: 703792-7f5a14372540: cdpl_server.c:3109: in cdpl_sv_kill_errno(): info: killing server
1757103791.690611: 703792-7f5a14372540: cdpl_ipc.c:3677: in cdpl_ipc_kill(): debug: stopping event server
1757103791.690624: 703792-7f59ba7fc700: cdpl_server_ipc.c:1200: in _sv_ipc_thread(): debug: leaving now
1757103791.690630: 703792-7f59b9ffb700: cdpl_ipc.c:2460: in _epoll_main(): debug: server going down...
1757103791.690640: 703792-7f5a14372540: cdpl_server.c:334: in _sv_free_master(): info: freeing master M1
1757103791.690643: 703792-7f5a14372540: cdpl_hash.c:68: in cdpl_h_destroy(): debug: put operations: 1
1757103791.690644: 703792-7f5a14372540: cdpl_hash.c:69: in cdpl_h_destroy(): debug: put collisions: 0
1757103791.690646: 703792-7f5a14372540: cdpl_hash.c:70: in cdpl_h_destroy(): debug: get operations: 1
1757103791.690647: 703792-7f5a14372540: cdpl_hash.c:71: in cdpl_h_destroy(): debug: get iterations: 1
1757103791.690654: 703792-7f5a14372540: cdpl_monitor.c:1390: in cdpl_mn_free(): debug: freeing monitor server
1757103791.690658: 703792-7f5a14372540: cdpl_ipc.c:3728: in cdpl_ipc_free(): debug: releasing IPC handle
1757103791.690659: 703792-7f5a14372540: cdpl_ipc.c:1582: in _host_free__UNSAFE(): debug: freeing host `152.14.98.53:37760'
1757103791.690661: 703792-7f5a14372540: cdpl_ipc.c:1621: in _host_free__UNSAFE(): debug: [0 outq, 0 spR, 0 spW]
1757103791.690673: 703792-7f5a14372540: cdpl_ipc.c:3767: in cdpl_ipc_free(): debug: done
1757103791.690675: 703792-7f5a14372540: cdpl_log.c:481: in cdpl_log_close(): info: @@end_of_log@@
