1757113243.354968: 1561342-7f229dc16540: cdpl_log.c:337: in cdpl_log_open(): info: @@start_of_log@@
1757113243.354989: 1561342-7f229dc16540: cdpl_log.c:1058: in cdpl_log_dump_sysinfo(): info: time: 2025/09/05 19:00:43 EDT -0400
1757113243.354992: 1561342-7f229dc16540: cdpl_log.c:1060: in cdpl_log_dump_sysinfo(): info: version: W-2024.09-SP1-2 
1757113243.354993: 1561342-7f229dc16540: cdpl_log.c:1062: in cdpl_log_dump_sysinfo(): info: system: Linux 4.18.0-553.69.1.el8_10.x86_64 #1 SMP Thu Aug 7 18:10:00 EDT 2025
1757113243.354995: 1561342-7f229dc16540: cdpl_log.c:1067: in cdpl_log_dump_sysinfo(): info: processor: x86_64 64-bits
1757113243.354996: 1561342-7f229dc16540: cdpl_log.c:1071: in cdpl_log_dump_sysinfo(): info: hostname: claws-compute3.ece.ncsu.edu
1757113243.354998: 1561342-7f229dc16540: cdpl_log.c:1073: in cdpl_log_dump_sysinfo(): info: program name: custom_shell
1757113243.355001: 1561342-7f229dc16540: cdpl_log.c:340: in cdpl_log_open(): debug: path: /home/argershm/180-voltmeter/Analog/cc/synopsys_custom/pwdp_jobs/saeSession0_diffmodegain.SimulationSimulation_cdpl.0.1561342/logs/master.claws-compute3.ece.ncsu.edu.1561342.log
1757113243.355002: 1561342-7f229dc16540: cdpl_log.c:341: in cdpl_log_open(): debug: dir: /home/argershm/180-voltmeter/Analog/cc/synopsys_custom/pwdp_jobs/saeSession0_diffmodegain.SimulationSimulation_cdpl.0.1561342/logs
1757113243.355030: 1561342-7f229dc16540: cdpl_server.c:536: in cdpl_sv_init(): info: new server S1059201372
1757113243.355040: 1561342-7f229dc16540: cdpl_ipc.c:3475: in cdpl_ipc_init(): info: requesting IPv4 protocol
1757113243.359030: 1561342-7f229dc16540: cdpl_ipc.c:837: in _selectaddrfamily(): info: selected IPv4 protocol
1757113243.359055: 1561342-7f229dc16540: cdpl_ipc.c:1139: in _set_keepalive(): info: TCP keep alive interval: 300
1757113243.361813: 1561342-7f229dc16540: cdpl_monitor.c:1117: in cdpl_mn_new_server(): info: creating server monitor instance
1757113243.361827: 1561342-7f229dc16540: cdpl_server.c:650: in cdpl_sv_new_master(): info: new master M1
1757113243.361834: 1561342-7f229dc16540: cdpl_server.c:6533: in cdpl_sv_ctl_master(): info: Setting worker heartbeat to 120 seconds
1757113243.361836: 1561342-7f229dc16540: cdpl_server.c:6542: in cdpl_sv_ctl_master(): info: Setting worker heartbeat timeout to 3 heartbeats
1757113243.361838: 1561342-7f229dc16540: cdpl_compat_master.c:2090: in _parse_hostfile(): info: reading hostfile `/home/argershm/180-voltmeter/Analog/cc/synopsys_custom/pwdp_jobs/saeSession0_diffmodegain.SimulationSimulation_cdpl.0.1561342/host_file'
1757113243.361862: 1561342-7f229dc16540: cdpl_compat_master.c:1900: in _hostfile_parser(): debug: parsing "1     |localhost|   -1  | /tmp | SH | sh"
1757113243.361875: 1561342-7f229dc16540: cdpl_farm.c:2578: in cdpl_farm_new_sh(): info: creating SH farm on localhost
1757113243.361880: 1561342-7f229dc16540: cdpl_compat_master.c:206: in _set_farm_env(): info: exporting CDPL_LOGDIR as `/home/argershm/180-voltmeter/Analog/cc/synopsys_custom/pwdp_jobs/saeSession0_diffmodegain.SimulationSimulation_cdpl.0.1561342/logs'
1757113243.361882: 1561342-7f229dc16540: cdpl_compat_master.c:212: in _set_farm_env(): info: exporting CDPL_TMPDIR as `/tmp'
1757113243.361884: 1561342-7f229dc16540: cdpl_compat_master.c:235: in _set_farm_env(): info: exporting SNPSLMD_LICENSE_FILE as `27000@ece-lic-35.ece.ncsu.edu'
1757113243.361886: 1561342-7f229dc16540: cdpl_compat_master.c:259: in _set_farm_env(): info: exporting CDPL_OPTIONS as `[nowlogs]'
1757113243.361888: 1561342-7f229dc16540: cdpl_compat_master.c:266: in _set_farm_env(): info: exporting DISPLAY as `unix:27361'
1757113243.361889: 1561342-7f229dc16540: cdpl_compat_master.c:274: in _set_farm_env(): info: exporting CDPL_HEARTBEAT as `120'
1757113243.361899: 1561342-7f229dc16540: cdpl_farm.c:3149: in cdpl_farm_add_withdir(): debug: added `localhost' (capacity: unlimited)
1757113243.361901: 1561342-7f229dc16540: cdpl_compat_parse.c:147: in parsefile(): debug: read `/home/argershm/180-voltmeter/Analog/cc/synopsys_custom/pwdp_jobs/saeSession0_diffmodegain.SimulationSimulation_cdpl.0.1561342/host_file', 2 lines
1757113243.361906: 1561342-7f229dc16540: cdpl_compat_master.c:2931: in cdplInitMaster(): info: bcast dir is `/home/argershm/180-voltmeter/Analog/cc/synopsys_custom/pwdp_jobs/saeSession0_diffmodegain.SimulationSimulation_cdpl.0.1561342/logs'
1757113243.361959: 1561342-7f229dc16540: cdpl_server.c:6433: in cdpl_sv_ctl_master(): info: farm worker timeout set to 300
1757113243.361962: 1561342-7f229dc16540: cdpl_server.c:6486: in cdpl_sv_ctl_master(): info: maximum number of task execution attempts set to 1
1757113243.361975: 1561342-7f229dc16540: cdpl_server.c:3195: in cdpl_sv_start(): debug: starting server
1757113243.361979: 1561342-7f229dc16540: cdpl_ipc.c:3632: in cdpl_ipc_start(): debug: starting IPC server 152.14.98.53:37969
1757113243.362197: 1561342-7f2259aa3700: cdpl_server_ipc.c:1182: in _sv_ipc_thread(): debug: ready
1757113243.362302: 1561342-7f22592a2700: cdpl_monitor.c:426: in cdpl_mn_init_client(): info: creating client monitor instance
1757113243.362319: 1561342-7f22592a2700: cdpl_ipc.c:3475: in cdpl_ipc_init(): info: requesting IPv4 protocol
1757113243.367993: 1561342-7f22592a2700: cdpl_ipc.c:837: in _selectaddrfamily(): info: selected IPv4 protocol
1757113243.368022: 1561342-7f22592a2700: cdpl_ipc.c:1139: in _set_keepalive(): info: TCP keep alive interval: 300
1757113243.371009: 1561342-7f22592a2700: cdpl_ipc.c:3632: in cdpl_ipc_start(): debug: starting IPC server 152.14.98.53:41437
1757113243.371164: 1561342-7f22592a2700: cdpl_monitor.c:471: in cdpl_mn_init_client(): debug: incoming messages in /tmp/cdpl-monitor-E86Be9
1757113243.371289: 1561342-7f22592a2700: cdpl_monitor.c:533: in cdpl_mn_connect(): debug: connecting to 152.14.98.53:37969
1757113243.371299: 1561342-7f22592a2700: cdpl_ipc.c:3789: in cdpl_ipc_connect(): info: connecting to 152.14.98.53:37969
1757113243.371440: 1561342-7f22592a2700: cdpl_ipc.c:3860: in cdpl_ipc_connect(): info: connected as `152.14.98.53:53792'
1757113243.371461: 1561342-7f22592a2700: cdpl_ipc.c:2503: in cdpl_ipc_host_accept(): debug: accepted host `152.14.98.53:37969'
1757113243.371510: 1561342-7f22592a2700: cdpl_monitor.c:579: in cdpl_mn_connect(): debug: ok
1757113243.371532: 1561342-7f229dc16540: cdpl_server.c:731: in cdpl_sv_new_job(): info: new job J1 in M1
1757113243.371562: 1561342-7f229dc16540: cdpl_compat_master.c:1581: in _add_worker(): info: new worker type 10, min:1, max:3, cmd:`/home/argershm/180-voltmeter/Analog/cc/synopsys_custom/pwdp_jobs/saeSession0_diffmodegain.SimulationSimulation_cdpl.0.1561342/START_WORKER pw_worker -i /home/argershm/180-voltmeter/Analog/cc/synopsys_custom/pwdp_jobs
1757113243.371573: 1561342-7f229dc16540: cdpl_server.c:908: in cdpl_sv_new_bin_withfarm(): info: new bin B1 in J1
1757113243.371596: 1561342-7f225a2a4700: cdpl_ipc.c:1862: in _epoll_accept(): debug: new connection from `152.14.98.53:53792'
1757113243.371686: 1561342-7f2259aa3700: cdpl_server_ipc.c:1225: in _sv_ipc_thread(): debug: received ACCEPT notification
1757113243.371701: 1561342-7f2259aa3700: cdpl_ipc.c:2503: in cdpl_ipc_host_accept(): debug: accepted host `152.14.98.53:53792'
1757113243.371715: 1561342-7f2259aa3700: cdpl_server_ipc.c:1256: in _sv_ipc_thread(): debug: received MONITOR message
1757113243.371870: 1561342-7f2259aa3700: cdpl_monitor.c:1207: in cdpl_mn_accept(): debug: accepted monitor `152.14.98.53:53792'
1757113243.371876: 1561342-7f2259aa3700: cdpl_server_ipc_mon.c:120: in _globalLOCK(): debug: ENTERTING GLOBAL LOCK
1757113243.371879: 1561342-7f2259aa3700: cdpl_server_ipc_mon.c:164: in _globalLOCK(): debug: global lock acquired
1757113243.371882: 1561342-7f22527fc700: cdpl_monitor.c:910: in mn_systat(): debug: started
1757113243.372176: 1561342-7f22527fc700: cdpl_monitor.c:937: in mn_systat(): debug: monitor server flush rate: 5
1757113244.201454: 1561342-7f2259aa3700: cdpl_server_ipc_mon.c:210: in _globalUNLOCK(): debug: LEAVING GLOBAL LOCK
1757113244.201469: 1561342-7f229dc16540: cdpl_server.c:3249: in cdpl_sv_start_job(): info: starting job J1
1757113244.201494: 1561342-7f229dc16540: cdpl_server.c:62: in _sv_start_bin(): debug: starting bin B1 (min: 0, max: 3)
1757113244.201601: 1561342-7f22517fa700: cdpl_server_sched.c:2482: in _sv_scheduler_thread(): debug: scheduler for bin B1 started
1757113244.201612: 1561342-7f229dc16540: cdpl_server.c:1893: in _sv_gen_task(): info: new task T0 in B1 (prio 0)
1757113244.201644: 1561342-7f229dc16540: cdpl_server.c:2698: in cdpl_sv_label_task_va(): info: setting task T0 label to "PrimeSim_1|PrimeSim"
1757113244.201690: 1561342-7f22517fa700: cdpl_server_sched.c:2443: in _scheduler_run(): debug: will start a new worker
1757113244.201734: 1561342-7f22517fa700: cdpl_farm.c:3977: in cdpl_farm_submit(): debug: 1 running processes
1757113244.201737: 1561342-7f22517fa700: cdpl_farm.c:3985: in cdpl_farm_submit(): debug: new command C1 in bin B1 assigned to host `localhost'
1757113244.201819: 1561342-7f22517fa700: cdpl_server_sched.c:705: in _sv_launch_worker(): info: started worker W1 (as C1) in bin B1
1757113244.201844: 1561342-7f2250ff9700: cdpl_farm.c:2139: in _schedule(): debug: started
1757113244.201854: 1561342-7f2250ff9700: cdpl_farm.c:2303: in _schedule(): debug: submitting command C1 in bin B1
1757113244.201876: 1561342-7f2250ff9700: cdpl_sh.c:49: in _sh_detached_submit(): info: SH : /home/argershm/180-voltmeter/Analog/cc/synopsys_custom/pwdp_jobs/saeSession0_diffmodegain.SimulationSimulation_cdpl.0.1561342/START_WORKER pw_worker -i /home/argershm/180-voltmeter/Analog/cc/synopsys_custom/pwdp_jobs/saeSession0_diffmodegain.SimulationSimulation_cdpl.0.1561342 -t 10000
1757113244.209150: 1561342-7f2250ff9700: cdpl_farm.c:2343: in _schedule(): debug: C1 in bin B1 running on slot 0
1757113244.209181: 1561342-7f2250ff9700: cdpl_farm.c:2167: in _schedule(): debug: idle
1757113244.218516: 1561342-7f229dc16540: cdpl_compat_master.c:5948: in cdplMasterLogInfo(): info: [non-CDPL log entry] PWDP3: reset pilot cache succeeded, pilot_key=saeSession0,1,diff_mode_gain|&/home/argershm/180-voltmeter/Analog/cc/simulation/integrator,tb_main_opamp,schematic/history_1/simulation/diff_mode_gain/PrimeSimSPICE/nominal/results
1757113244.480974: 1561342-7f2252ffd700: cdpl_compat_master.c:5948: in cdplMasterLogInfo(): info: [non-CDPL log entry] PWDP - no-workers started ok check start!
1757113244.509258: 1561342-7f2250ff9700: cdpl_farm.c:1193: in _onexit(): debug: C1 in bin B1 exited normally on slot 0
1757113246.108468: 1561342-7f225a2a4700: cdpl_ipc.c:1862: in _epoll_accept(): debug: new connection from `152.14.98.53:53806'
1757113246.108513: 1561342-7f2259aa3700: cdpl_server_ipc.c:1225: in _sv_ipc_thread(): debug: received ACCEPT notification
1757113246.108530: 1561342-7f2259aa3700: cdpl_ipc.c:2503: in cdpl_ipc_host_accept(): debug: accepted host `152.14.98.53:53806'
1757113246.108584: 1561342-7f2259aa3700: cdpl_server_ipc.c:1246: in _sv_ipc_thread(): debug: received HELLO message
1757113246.108588: 1561342-7f2259aa3700: cdpl_server_ipc.c:430: in _sv_on_hello(): debug: looking up W1
1757113246.108591: 1561342-7f2259aa3700: cdpl_server_ipc.c:540: in _sv_on_hello(): info: W1 is `152.14.98.53:53806'
1757113246.108593: 1561342-7f2259aa3700: cdpl_server_ipc.c:541: in _sv_on_hello(): debug: hello W1 (B1)
1757113246.108595: 1561342-7f2259aa3700: cdpl_server_ipc.c:542: in _sv_on_hello(): info: W1 log file is /dev/null
1757113246.108649: 1561342-7f2259aa3700: cdpl_server_ipc.c:602: in _sv_on_hello(): info: up to 1 alive workers in B1
1757113246.108659: 1561342-7f2259aa3700: cdpl_farm.c:878: in _release_cmd(): debug: freeing command C1 in bin B1
1757113246.108674: 1561342-7f22517fa700: cdpl_server_sched.c:960: in _assign(): info: assigning task T0 to worker W1
1757113246.172989: 1561342-7f2259aa3700: cdpl_server_ipc.c:1268: in _sv_ipc_thread(): debug: received RELAY message
1757113246.173008: 1561342-7f2259aa3700: cdpl_server_ipc.c:713: in _sv_on_relay(): debug: RELAY message from W1, size = 65
1757113246.173011: 1561342-7f2259aa3700: cdpl_server_ipc.c:715: in _sv_on_relay(): debug: RELAY message from W1, content = 0$1562451 claws-compute3.ece.ncsu.edu 1562484 RUNNING 1757113246
1757113247.108926: 1561342-7f2259aa3700: cdpl_server_ipc.c:312: in _sv_on_heartbeat(): debug: received HEARTBEAT from worker W1 at 152.14.98.53:53806
1757113248.372911: 1561342-7f22592a2700: cdpl_monitor.c:533: in cdpl_mn_connect(): debug: connecting to 152.14.98.53:33505
1757113248.372921: 1561342-7f22592a2700: cdpl_ipc.c:3789: in cdpl_ipc_connect(): info: connecting to 152.14.98.53:33505
1757113248.373059: 1561342-7f22592a2700: cdpl_ipc.c:3860: in cdpl_ipc_connect(): info: connected as `152.14.98.53:54634'
1757113248.373068: 1561342-7f22592a2700: cdpl_ipc.c:2503: in cdpl_ipc_host_accept(): debug: accepted host `152.14.98.53:33505'
1757113248.373074: 1561342-7f22592a2700: cdpl_monitor.c:579: in cdpl_mn_connect(): debug: ok
1757113253.156382: 1561342-7f2259aa3700: cdpl_server_ipc.c:1268: in _sv_ipc_thread(): debug: received RELAY message
1757113253.156396: 1561342-7f2259aa3700: cdpl_server_ipc.c:713: in _sv_on_relay(): debug: RELAY message from W1, size = 53
1757113253.156398: 1561342-7f2259aa3700: cdpl_server_ipc.c:715: in _sv_on_relay(): debug: RELAY message from W1, content = WORKERDU|12928,/dev/mapper/rhel_claws--compute3-home
1757113253.156405: 1561342-7f2259aa3700: cdpl_server_ipc.c:1268: in _sv_ipc_thread(): debug: received RELAY message
1757113253.156407: 1561342-7f2259aa3700: cdpl_server_ipc.c:713: in _sv_on_relay(): debug: RELAY message from W1, size = 193
1757113253.156409: 1561342-7f2259aa3700: cdpl_server_ipc.c:715: in _sv_on_relay(): debug: RELAY message from W1, content = REQPILOT|saeSession0,1,diff_mode_gain|&/home/argershm/180-voltmeter/Analog/cc/simulation/integrator,tb_main_opamp,schematic/history_1/simulation/diff_mode_gain/PrimeSimSPICE/nominal/results|&0
1757113253.156476: 1561342-7f22537fe700: cdpl_compat_master.c:5948: in cdplMasterLogInfo(): info: [non-CDPL log entry] PWDP send back 'DOPILOT' to worker id:1 key: saeSession0,1,diff_mode_gain|&/home/argershm/180-voltmeter/Analog/cc/simulation/integrator,tb_main_opamp,schematic/history_1/simulation/diff_mode_gain/PrimeSimSPICE/nominal/results
1757113253.156660: 1561342-7f22537fe700: cdpl_compat_master.c:5948: in cdplMasterLogInfo(): info: [non-CDPL log entry] PWDP: set pilot doing!
1757113253.160186: 1561342-7f2259aa3700: cdpl_server_ipc.c:1268: in _sv_ipc_thread(): debug: received RELAY message
1757113253.160195: 1561342-7f2259aa3700: cdpl_server_ipc.c:713: in _sv_on_relay(): debug: RELAY message from W1, size = 189
1757113253.160197: 1561342-7f2259aa3700: cdpl_server_ipc.c:715: in _sv_on_relay(): debug: RELAY message from W1, content = PILOTOK|saeSession0,1,diff_mode_gain|&/home/argershm/180-voltmeter/Analog/cc/simulation/integrator,tb_main_opamp,schematic/history_1/simulation/diff_mode_gain/PrimeSimSPICE/nominal/results
1757113253.160217: 1561342-7f22537fe700: cdpl_compat_master.c:5948: in cdplMasterLogInfo(): info: [non-CDPL log entry] PWDP: set pilot done!
1757113253.160360: 1561342-7f2259aa3700: cdpl_server_ipc.c:1268: in _sv_ipc_thread(): debug: received RELAY message
1757113253.160366: 1561342-7f2259aa3700: cdpl_server_ipc.c:713: in _sv_on_relay(): debug: RELAY message from W1, size = 18
1757113253.160369: 1561342-7f2259aa3700: cdpl_server_ipc.c:715: in _sv_on_relay(): debug: RELAY message from W1, content = 0$- - - MEASDOING
1757113259.817677: 1561342-7f2259aa3700: cdpl_server_ipc.c:1268: in _sv_ipc_thread(): debug: received RELAY message
1757113259.817690: 1561342-7f2259aa3700: cdpl_server_ipc.c:713: in _sv_on_relay(): debug: RELAY message from W1, size = 77
1757113259.817693: 1561342-7f2259aa3700: cdpl_server_ipc.c:715: in _sv_on_relay(): debug: RELAY message from W1, content = 0$1562451 claws-compute3.ece.ncsu.edu 1562484 FINISHED 1757113246|1757113259
1757113259.819752: 1561342-7f2259aa3700: cdpl_server_ipc.c:1268: in _sv_ipc_thread(): debug: received RELAY message
1757113259.819761: 1561342-7f2259aa3700: cdpl_server_ipc.c:713: in _sv_on_relay(): debug: RELAY message from W1, size = 191
1757113259.819763: 1561342-7f2259aa3700: cdpl_server_ipc.c:715: in _sv_on_relay(): debug: RELAY message from W1, content = PILOTDONE|saeSession0,1,diff_mode_gain|&/home/argershm/180-voltmeter/Analog/cc/simulation/integrator,tb_main_opamp,schematic/history_1/simulation/diff_mode_gain/PrimeSimSPICE/nominal/results
1757113259.819791: 1561342-7f22537fe700: cdpl_compat_master.c:5948: in cdplMasterLogInfo(): info: [non-CDPL log entry] saeSession0,1,diff_mode_gain|&/home/argershm/180-voltmeter/Analog/cc/simulation/integrator,tb_main_opamp,schematic/history_1/simulation/diff_mode_gain/PrimeSimSPICE/nominal/results PILOTDONE!
1757113259.820078: 1561342-7f2259aa3700: cdpl_server_ipc.c:1251: in _sv_ipc_thread(): debug: received FINISH message
1757113259.820086: 1561342-7f2259aa3700: cdpl_server_ipc.c:983: in _sv_on_finish(): info: worker W1 completed task T0
1757113259.820089: 1561342-7f2259aa3700: cdpl_server_ipc.c:988: in _sv_on_finish(): debug: stat T0: utime=4191 stime=2071
1757113259.820091: 1561342-7f2259aa3700: cdpl_server_ipc.c:993: in _sv_on_finish(): debug: statm T0: vsize=3055224 rss=1038972 shared=519172 text=474784 data=710576
1757113259.825311: 1561342-7f2259aa3700: cdpl_server_ipc.c:1268: in _sv_ipc_thread(): debug: received RELAY message
1757113259.825319: 1561342-7f2259aa3700: cdpl_server_ipc.c:713: in _sv_on_relay(): debug: RELAY message from W1, size = 50
1757113259.825322: 1561342-7f2259aa3700: cdpl_server_ipc.c:715: in _sv_on_relay(): debug: RELAY message from W1, content = WORKERDU|20,/dev/mapper/rhel_claws--compute3-home
1757113259.871514: 1561342-7f229dc16540: cdpl_server.c:227: in _sv_free_task_safe(): debug: freeing task T0
1757113260.820307: 1561342-7f229dc16540: cdpl_server.c:3008: in cdpl_sv_halt_job_errno(): info: killing job J1
1757113260.820333: 1561342-7f229dc16540: cdpl_server.c:3044: in cdpl_sv_halt_job_errno(): debug: signal bin B1 scheduler to stop
1757113260.820355: 1561342-7f22517fa700: cdpl_server_sched.c:2484: in _sv_scheduler_thread(): debug: scheduler for bin B1 stopped
1757113260.820395: 1561342-7f22517fa700: cdpl_ipc.c:1657: in _host_drop__UNSAFE(): debug: dropping host `152.14.98.53:53806'
1757113260.820430: 1561342-7f22517fa700: cdpl_server_sched.c:2830: in _sv_drop_worker(): info: down to 0 alive workers in B1
1757113260.820439: 1561342-7f22517fa700: cdpl_farm.c:4152: in cdpl_farm_dismiss(): debug: down to 0 running processes
1757113260.820443: 1561342-7f2259aa3700: cdpl_server_ipc.c:1236: in _sv_ipc_thread(): debug: received DROP notification
1757113260.820476: 1561342-7f22517fa700: cdpl_server_sched.c:121: in _free_worker_2(): debug: freeing worker W1
1757113260.820490: 1561342-7f22517fa700: cdpl_ipc.c:2513: in cdpl_ipc_host_release(): debug: releasing host `152.14.98.53:53806'
1757113260.820492: 1561342-7f22517fa700: cdpl_ipc.c:2529: in cdpl_ipc_host_release(): debug: scheduling for immediate release
1757113260.820519: 1561342-7f229dc16540: cdpl_server.c:294: in _sv_free_job(): info: freeing job J1
1757113260.820525: 1561342-7f229dc16540: cdpl_server.c:92: in _sv_free_bin(): debug: freeing bin B1
1757113260.820560: 1561342-7f229dc16540: cdpl_monitor.c:515: in cdpl_mn_kill(): info: killing monitor
1757113260.820567: 1561342-7f229dc16540: cdpl_ipc.c:3677: in cdpl_ipc_kill(): debug: stopping event server
1757113260.820588: 1561342-7f2258aa1700: cdpl_ipc.c:2460: in _epoll_main(): debug: server going down...
1757113260.820618: 1561342-7f225a2a4700: cdpl_ipc.c:775: in _readv(): warning: read(): EOF
1757113260.820638: 1561342-7f225a2a4700: cdpl_ipc.c:2100: in _epoll_recv(): debug: _readv(): Broken pipe
1757113260.820641: 1561342-7f225a2a4700: cdpl_ipc.c:2424: in _epoll_main(): debug: _epoll_recv(): Broken pipe
1757113260.820644: 1561342-7f225a2a4700: cdpl_ipc.c:1657: in _host_drop__UNSAFE(): debug: dropping host `152.14.98.53:53792'
1757113260.820684: 1561342-7f225a2a4700: cdpl_ipc.c:1582: in _host_free__UNSAFE(): debug: freeing host `152.14.98.53:53806'
1757113260.820686: 1561342-7f225a2a4700: cdpl_ipc.c:1621: in _host_free__UNSAFE(): debug: [0 outq, 0 spR, 0 spW]
1757113260.820816: 1561342-7f2259aa3700: cdpl_server_ipc.c:1236: in _sv_ipc_thread(): debug: received DROP notification
1757113260.820830: 1561342-7f2259aa3700: cdpl_monitor.c:1269: in cdpl_mn_drop(): debug: detaching from monitor `152.14.98.53:53792'
1757113260.820840: 1561342-7f2259aa3700: cdpl_monitor.c:1101: in mn_systat_stop(): debug: joining systat thread
1757113260.820868: 1561342-7f22527fc700: cdpl_monitor.c:1079: in mn_systat(): debug: exiting
1757113260.820876: 1561342-7f2259aa3700: cdpl_monitor.c:1103: in mn_systat_stop(): debug: systat thread done
1757113260.820879: 1561342-7f2259aa3700: cdpl_ipc.c:2513: in cdpl_ipc_host_release(): debug: releasing host `152.14.98.53:53792'
1757113260.820959: 1561342-7f22592a2700: cdpl_ipc.c:3728: in cdpl_ipc_free(): debug: releasing IPC handle
1757113260.820970: 1561342-7f22592a2700: cdpl_ipc.c:1582: in _host_free__UNSAFE(): debug: freeing host `152.14.98.53:33505'
1757113260.820973: 1561342-7f22592a2700: cdpl_ipc.c:1621: in _host_free__UNSAFE(): debug: [0 outq, 0 spR, 0 spW]
1757113260.820984: 1561342-7f22592a2700: cdpl_ipc.c:1582: in _host_free__UNSAFE(): debug: freeing host `152.14.98.53:37969'
1757113260.820986: 1561342-7f22592a2700: cdpl_ipc.c:1621: in _host_free__UNSAFE(): debug: [0 outq, 0 spR, 0 spW]
1757113260.820993: 1561342-7f22592a2700: cdpl_ipc.c:3756: in cdpl_ipc_free(): warning: 2 host(s) were not released
1757113260.821005: 1561342-7f22592a2700: cdpl_ipc.c:3767: in cdpl_ipc_free(): debug: done
1757113260.821007: 1561342-7f22592a2700: cdpl_monitor.c:1390: in cdpl_mn_free(): debug: freeing monitor client
1757113260.821110: 1561342-7f229dc16540: cdpl_farm.c:2740: in cdpl_farm_free(): info: freeing farm
1757113260.821131: 1561342-7f2250ff9700: cdpl_farm.c:2231: in _schedule(): debug: end of idling
1757113260.821136: 1561342-7f2250ff9700: cdpl_farm.c:2235: in _schedule(): debug: dying
1757113260.821171: 1561342-7f229dc16540: cdpl_farm.c:913: in _killall(): debug: killing all remaining commands
1757113260.821183: 1561342-7f229dc16540: cdpl_server.c:3144: in cdpl_sv_free(): info: freeing server S1059201372
1757113260.821201: 1561342-7f229dc16540: cdpl_server.c:3109: in cdpl_sv_kill_errno(): info: killing server
1757113260.821203: 1561342-7f229dc16540: cdpl_ipc.c:3677: in cdpl_ipc_kill(): debug: stopping event server
1757113260.821214: 1561342-7f225a2a4700: cdpl_ipc.c:2460: in _epoll_main(): debug: server going down...
1757113260.821217: 1561342-7f2259aa3700: cdpl_server_ipc.c:1200: in _sv_ipc_thread(): debug: leaving now
1757113260.821228: 1561342-7f229dc16540: cdpl_server.c:334: in _sv_free_master(): info: freeing master M1
1757113260.821235: 1561342-7f229dc16540: cdpl_hash.c:68: in cdpl_h_destroy(): debug: put operations: 1
1757113260.821236: 1561342-7f229dc16540: cdpl_hash.c:69: in cdpl_h_destroy(): debug: put collisions: 0
1757113260.821238: 1561342-7f229dc16540: cdpl_hash.c:70: in cdpl_h_destroy(): debug: get operations: 1
1757113260.821241: 1561342-7f229dc16540: cdpl_hash.c:71: in cdpl_h_destroy(): debug: get iterations: 1
1757113260.821250: 1561342-7f229dc16540: cdpl_monitor.c:1390: in cdpl_mn_free(): debug: freeing monitor server
1757113260.821252: 1561342-7f229dc16540: cdpl_ipc.c:3728: in cdpl_ipc_free(): debug: releasing IPC handle
1757113260.821254: 1561342-7f229dc16540: cdpl_ipc.c:1582: in _host_free__UNSAFE(): debug: freeing host `152.14.98.53:53792'
1757113260.821256: 1561342-7f229dc16540: cdpl_ipc.c:1621: in _host_free__UNSAFE(): debug: [0 outq, 0 spR, 0 spW]
1757113260.821271: 1561342-7f229dc16540: cdpl_ipc.c:3767: in cdpl_ipc_free(): debug: done
1757113260.821275: 1561342-7f229dc16540: cdpl_log.c:481: in cdpl_log_close(): info: @@end_of_log@@
