[18:16:43.52] /o 
              /c                                    pw_worker™ 
              /c 
              /c                Version W-2024.09-SP1-2 for linux64 - Jan 15, 2025
              /c              Based on Custom Infrastructure
              /c Version W-2024.09-SP1-2
              /c 
              /c                     Copyright (c) 2004 - 2025 Synopsys, Inc.
              /c    This software and the associated documentation are proprietary to Synopsys,
              /c  Inc. This software may only be used in accordance with the terms and conditions
              /c  of a written license agreement with Synopsys, Inc. All other use, reproduction,
              /c    or distribution of this software is strictly prohibited.  Licensed Products
              /c      communicate with Synopsys servers for the purpose of providing software
              /c     updates, detecting software piracy and verifying that customers are using
              /c     Licensed Products in conformity with the applicable License Key for such
              /c   Licensed Products. Synopsys will use information gathered in connection with
              /c     this process to deliver software updates and pursue software pirates and
              /c                                    infringers.
              /c 
              /c  Inclusivity & Diversity - Visit SolvNetPlus to read the "Synopsys Statement on
              /c             Inclusivity and Diversity" (Refer to article 000036315 at
              /c                         https://solvnetplus.synopsys.com)
              /c 
              /c Build  (OPT) Config 11252589 compiled on Wed Jan 15 11:01:36 2025 for AlmaLinux 8.4
              /c Invocation: /mnt/apps/public/COE/synopsys_apps/primewave/W-2024.09-SP1-2/linux64/platform/bin/custom_shell -application pw_worker -gui 0 -localDir /home/argershm/180-voltmeter/Analog/cc/synopsys_custom/pwdp_jobs/saeSession4_diffmodegain.SimulationSimulation_cdpl.0.2853530/logs/w2
              /c Execution time: Sat Sep  6 18:16:41 2025
              /c Host: claws-compute3.ece.ncsu.edu
              /c Working directory: /home/argershm/180-voltmeter/Analog/cc
              /c 
[18:16:48.29] /m Information: Registering ICV PERC package...
[18:16:48.29] /w Warning: Error: "Job group named 'PrimeWave' already exists under this parent." (IPC-100)
[18:16:48.37] /o #####New Worker job begin - Self history dir=/home/argershm/180-voltmeter/Analog/cc/simulation/integrator,tb_main_opamp,schematic
[18:16:48.57] /o source /home/argershm/180-voltmeter/Analog/cc/synopsys_custom/pwdp_jobs/saeSession4_diffmodegain.SimulationSimulation_cdpl.0.2853530/ccFile.tcl OK
[18:16:48.57] /o LibDefs : /home/argershm/180-voltmeter/Analog/cc/lib.defs
[18:16:48.83] /o new worker create session at loading state!
[18:16:48.83] /o history_1
[18:16:48.87] /m Information: Info: Waveform format selected is PSF. Synopsys recommends using the WDF format with the <HSPICE/FineSim> simulator.
              /c WDF is an optimal format that improves viewing performance and reduces disk usage while PSF is a 3rd party format and support "as-is".
              /c To change the format, open the Setup -> Environment menu and select the WDF format. (PW-642)
[18:16:49.04] /o Loading: Callback files...
[18:16:49.04] /o 
              /c [INFO] : Loading display.tcl from /mnt/designkits/gf180MCU/dk_ncsu/gf180mcu_cc_0.1/Models_HSPICE
              /c 
              /c  if you wish to Load other display.tcl, please set shell environment valiable "iPDK_load_display_gf180mcu" to value = 0
[18:16:49.04] /o 
[18:16:49.09] /w Warning: Could not set the value of preference xtEMIRLPEStarTcadGrdFile because it does not exist. (PREFERENCE-016)
[18:16:49.09] /o 	#######################################
[18:16:49.09] /o 	CC-PDK Library Name	: gf180MCU Open
[18:16:49.09] /o 	#######################################
[18:16:49.09] /o 
[18:16:49.21] /o source /home/argershm/180-voltmeter/Analog/cc/simulation/integrator,tb_main_opamp,schematic/history_1/.nw_preference_script.tcl OK!
[18:16:49.21] /o DSPF Options: {hierDelim==|}||{termDelim==:}||{fingerChar==@}||{multiplierString==_nettran_}||{aggregateCurrent==1}||{MOSTermNames==d g s b}||{MOSTermOrder==D G S B}||{MOSTermDspfNames==DRC GATE SRC BULK}||{firstChars==XM}||{probeHierDelim==/}||{caseSensitive==1}||{firstChar==M}||{hierPrefix==X}||{nodePrefix==M}||{plotTermVoltageForNet==0}||{mapNetToMosTerminal==}||{mapSlashDelimToDot==1}||{probePortCurrent==1}||{busBit==[]}||{removeNodePrefix==1}||{nlConDelim==.}||{mosModelType==auto}||{keepSchName==0}
[18:16:49.21] /o _workerLoadStateAction done!
[18:16:49.23] /o pw_worker _createCalculateEngine got job!
[18:16:49.23] /o pw_worker _createCalculateEngine OK!
[18:16:49.23] /o _getSimulationDetails : 
[18:16:49.23] /o tbName=diff_mode_gain, Mtb=0
[18:16:49.23] /o Got stb tb ok!
[18:16:49.23] /o Self resultsDir: ./simulation
[18:16:49.23] /o Self databaseDir: /home/argershm/180-voltmeter/Analog/cc/simulation/integrator,tb_main_opamp,schematic/history_1/simulation/diff_mode_gain/PrimeSimSPICE/parametric/results
[18:16:49.24] /o source /mnt/apps/public/COE/synopsys_apps/primewave/W-2024.09-SP1-2/auxx/sae/matlab_script.tcl OK
[18:16:49.39] /o _createResultsMap done!
[18:16:49.40] /o ###write_child - resultsDir=/home/argershm/180-voltmeter/Analog/cc/simulation/integrator,tb_main_opamp,schematic/history_1/simulation/diff_mode_gain/PrimeSimSPICE/parametric/L=20u/results
              /c  masterResultsDir=/home/argershm/180-voltmeter/Analog/cc/simulation/integrator,tb_main_opamp,schematic/history_1/simulation/diff_mode_gain/PrimeSimSPICE/parametric/results
              /c  databaseDir=/home/argershm/180-voltmeter/Analog/cc/simulation/integrator,tb_main_opamp,schematic/history_1/simulation/diff_mode_gain/PrimeSimSPICE/parametric/results
              /c  UniqueName=saeSession4, isPilot=false
[18:16:49.40] /o 
[18:16:49.45] /o pw_worker child CE begin!
[18:16:49.46] /o pw_worker invokes measurement finished.
[18:16:49.46] /o pw_worker writeSimMap finsied.
[18:16:49.46] /o _simulationDoneAction done without exception!
[18:16:49.96] /o New Worker New CE ready proc entered.
[18:16:50.74] /o Got file /home/argershm/180-voltmeter/Analog/cc/simulation/integrator,tb_main_opamp,schematic/history_1/simulation/diff_mode_gain/PrimeSimSPICE/parametric/L=20u/results/.ceFinished
[18:16:50.75] /o touch /home/argershm/180-voltmeter/Analog/cc/simulation/integrator,tb_main_opamp,schematic/history_1/simulation/diff_mode_gain/PrimeSimSPICE/parametric/L=20u/results/.unitedSimFinished
[18:16:50.75] /o Calc Job Done!
[18:16:50.75] /o New Worker New CE exit
[18:16:50.87] /o #####New Worker job begin - Self history dir=/home/argershm/180-voltmeter/Analog/cc/simulation/integrator,tb_main_opamp,schematic
[18:16:51.00] /o pw_worker _createCalculateEngine got job!
[18:16:51.00] /o pw_worker _createCalculateEngine OK!
[18:16:52.30] /o New Worker New CE ready proc entered.
[18:16:52.48] /o _getSimulationDetails : 
[18:16:52.48] /o tbName=diff_mode_gain, Mtb=0
[18:16:52.48] /o Got stb tb ok!
[18:16:52.48] /o Self resultsDir: ./simulation
[18:16:52.48] /o Self databaseDir: /home/argershm/180-voltmeter/Analog/cc/simulation/integrator,tb_main_opamp,schematic/history_1/simulation/diff_mode_gain/PrimeSimSPICE/parametric/results
[18:16:52.56] /o _createResultsMap done!
[18:16:52.56] /o ###write_child - resultsDir=/home/argershm/180-voltmeter/Analog/cc/simulation/integrator,tb_main_opamp,schematic/history_1/simulation/diff_mode_gain/PrimeSimSPICE/parametric/L=40u/results
              /c  masterResultsDir=/home/argershm/180-voltmeter/Analog/cc/simulation/integrator,tb_main_opamp,schematic/history_1/simulation/diff_mode_gain/PrimeSimSPICE/parametric/results
              /c  databaseDir=/home/argershm/180-voltmeter/Analog/cc/simulation/integrator,tb_main_opamp,schematic/history_1/simulation/diff_mode_gain/PrimeSimSPICE/parametric/results
              /c  UniqueName=saeSession4, isPilot=false
[18:16:52.56] /o 
[18:16:52.57] /o pw_worker child CE begin!
[18:16:52.57] /o pw_worker invokes measurement finished.
[18:16:52.57] /o pw_worker writeSimMap finsied.
[18:16:52.57] /o _simulationDoneAction done without exception!
[18:16:52.67] /o Got file /home/argershm/180-voltmeter/Analog/cc/simulation/integrator,tb_main_opamp,schematic/history_1/simulation/diff_mode_gain/PrimeSimSPICE/parametric/L=40u/results/.ceFinished
[18:16:52.88] /o touch /home/argershm/180-voltmeter/Analog/cc/simulation/integrator,tb_main_opamp,schematic/history_1/simulation/diff_mode_gain/PrimeSimSPICE/parametric/L=40u/results/.unitedSimFinished
[18:16:52.88] /o Calc Job Done!
[18:16:52.88] /o New Worker New CE exit
[18:16:53.07] /o #####New Worker job begin - Self history dir=/home/argershm/180-voltmeter/Analog/cc/simulation/integrator,tb_main_opamp,schematic
[18:16:53.20] /o pw_worker _createCalculateEngine got job!
[18:16:53.20] /o pw_worker _createCalculateEngine OK!
[18:16:54.40] /o New Worker New CE ready proc entered.
[18:16:54.57] /o _getSimulationDetails : 
[18:16:54.57] /o tbName=diff_mode_gain, Mtb=0
[18:16:54.57] /o Got stb tb ok!
[18:16:54.57] /o Self resultsDir: ./simulation
[18:16:54.57] /o Self databaseDir: /home/argershm/180-voltmeter/Analog/cc/simulation/integrator,tb_main_opamp,schematic/history_1/simulation/diff_mode_gain/PrimeSimSPICE/parametric/results
[18:16:54.65] /o _createResultsMap done!
[18:16:54.66] /o ###write_child - resultsDir=/home/argershm/180-voltmeter/Analog/cc/simulation/integrator,tb_main_opamp,schematic/history_1/simulation/diff_mode_gain/PrimeSimSPICE/parametric/L=50u/results
              /c  masterResultsDir=/home/argershm/180-voltmeter/Analog/cc/simulation/integrator,tb_main_opamp,schematic/history_1/simulation/diff_mode_gain/PrimeSimSPICE/parametric/results
              /c  databaseDir=/home/argershm/180-voltmeter/Analog/cc/simulation/integrator,tb_main_opamp,schematic/history_1/simulation/diff_mode_gain/PrimeSimSPICE/parametric/results
              /c  UniqueName=saeSession4, isPilot=false
[18:16:54.66] /o 
[18:16:54.67] /o pw_worker child CE begin!
[18:16:54.67] /o pw_worker invokes measurement finished.
[18:16:54.67] /o pw_worker writeSimMap finsied.
[18:16:54.67] /o _simulationDoneAction done without exception!
[18:16:54.77] /o Got file /home/argershm/180-voltmeter/Analog/cc/simulation/integrator,tb_main_opamp,schematic/history_1/simulation/diff_mode_gain/PrimeSimSPICE/parametric/L=50u/results/.ceFinished
[18:16:55.07] /o touch /home/argershm/180-voltmeter/Analog/cc/simulation/integrator,tb_main_opamp,schematic/history_1/simulation/diff_mode_gain/PrimeSimSPICE/parametric/L=50u/results/.unitedSimFinished
[18:16:55.07] /o Calc Job Done!
[18:16:55.07] /o New Worker New CE exit
[18:16:55.28] /o #####New Worker job begin - Self history dir=/home/argershm/180-voltmeter/Analog/cc/simulation/integrator,tb_main_opamp,schematic
[18:16:55.40] /o pw_worker _createCalculateEngine got job!
[18:16:55.40] /o pw_worker _createCalculateEngine OK!
[18:16:56.71] /o New Worker New CE ready proc entered.
[18:16:56.90] /o _getSimulationDetails : 
[18:16:56.90] /o tbName=diff_mode_gain, Mtb=0
[18:16:56.90] /o Got stb tb ok!
[18:16:56.90] /o Self resultsDir: ./simulation
[18:16:56.90] /o Self databaseDir: /home/argershm/180-voltmeter/Analog/cc/simulation/integrator,tb_main_opamp,schematic/history_1/simulation/diff_mode_gain/PrimeSimSPICE/parametric/results
[18:16:57.01] /o _createResultsMap done!
[18:16:57.01] /o ###write_child - resultsDir=/home/argershm/180-voltmeter/Analog/cc/simulation/integrator,tb_main_opamp,schematic/history_1/simulation/diff_mode_gain/PrimeSimSPICE/parametric/L=70u/results
              /c  masterResultsDir=/home/argershm/180-voltmeter/Analog/cc/simulation/integrator,tb_main_opamp,schematic/history_1/simulation/diff_mode_gain/PrimeSimSPICE/parametric/results
              /c  databaseDir=/home/argershm/180-voltmeter/Analog/cc/simulation/integrator,tb_main_opamp,schematic/history_1/simulation/diff_mode_gain/PrimeSimSPICE/parametric/results
              /c  UniqueName=saeSession4, isPilot=false
[18:16:57.01] /o 
[18:16:57.02] /o pw_worker child CE begin!
[18:16:57.02] /o pw_worker invokes measurement finished.
[18:16:57.02] /o pw_worker writeSimMap finsied.
[18:16:57.02] /o _simulationDoneAction done without exception!
[18:16:57.12] /o Got file /home/argershm/180-voltmeter/Analog/cc/simulation/integrator,tb_main_opamp,schematic/history_1/simulation/diff_mode_gain/PrimeSimSPICE/parametric/L=70u/results/.ceFinished
[18:16:57.42] /o touch /home/argershm/180-voltmeter/Analog/cc/simulation/integrator,tb_main_opamp,schematic/history_1/simulation/diff_mode_gain/PrimeSimSPICE/parametric/L=70u/results/.unitedSimFinished
[18:16:57.42] /o Calc Job Done!
[18:16:57.42] /o New Worker New CE exit
[18:16:57.54] /o #####New Worker job begin - Self history dir=/home/argershm/180-voltmeter/Analog/cc/simulation/integrator,tb_main_opamp,schematic
[18:16:57.67] /o pw_worker _createCalculateEngine got job!
[18:16:57.67] /o pw_worker _createCalculateEngine OK!
[18:16:58.97] /o New Worker New CE ready proc entered.
[18:16:59.17] /o _getSimulationDetails : 
[18:16:59.17] /o tbName=diff_mode_gain, Mtb=0
[18:16:59.17] /o Got stb tb ok!
[18:16:59.17] /o Self resultsDir: ./simulation
[18:16:59.17] /o Self databaseDir: /home/argershm/180-voltmeter/Analog/cc/simulation/integrator,tb_main_opamp,schematic/history_1/simulation/diff_mode_gain/PrimeSimSPICE/parametric/results
[18:16:59.26] /o _createResultsMap done!
[18:16:59.27] /o ###write_child - resultsDir=/home/argershm/180-voltmeter/Analog/cc/simulation/integrator,tb_main_opamp,schematic/history_1/simulation/diff_mode_gain/PrimeSimSPICE/parametric/L=0.1m/results
              /c  masterResultsDir=/home/argershm/180-voltmeter/Analog/cc/simulation/integrator,tb_main_opamp,schematic/history_1/simulation/diff_mode_gain/PrimeSimSPICE/parametric/results
              /c  databaseDir=/home/argershm/180-voltmeter/Analog/cc/simulation/integrator,tb_main_opamp,schematic/history_1/simulation/diff_mode_gain/PrimeSimSPICE/parametric/results
              /c  UniqueName=saeSession4, isPilot=false
[18:16:59.27] /o 
[18:16:59.28] /o pw_worker child CE begin!
[18:16:59.28] /o pw_worker invokes measurement finished.
[18:16:59.28] /o pw_worker writeSimMap finsied.
[18:16:59.28] /o _simulationDoneAction done without exception!
[18:16:59.38] /o Got file /home/argershm/180-voltmeter/Analog/cc/simulation/integrator,tb_main_opamp,schematic/history_1/simulation/diff_mode_gain/PrimeSimSPICE/parametric/L=0.1m/results/.ceFinished
[18:16:59.68] /o touch /home/argershm/180-voltmeter/Analog/cc/simulation/integrator,tb_main_opamp,schematic/history_1/simulation/diff_mode_gain/PrimeSimSPICE/parametric/L=0.1m/results/.unitedSimFinished
[18:16:59.68] /o Calc Job Done!
[18:16:59.68] /o New Worker New CE exit
[18:17:01.82] /o Shutdown time: Sat Sep  6 18:17:01 2025
[18:17:01.82] /o Elapsed session real time: 0.31 minutes
[18:17:01.82] /o Session terminated. Log is at /home/argershm/180-voltmeter/Analog/cc/synopsys_custom/pwdp_jobs/saeSession4_diffmodegain.SimulationSimulation_cdpl.0.2853530/logs/w2/logs/pw_worker.argershm.2025_9_6_181641_2854589.log
