1757122052.274731: 1767025-7f03fb53e540: cdpl_log.c:337: in cdpl_log_open(): info: @@start_of_log@@
1757122052.274741: 1767025-7f03fb53e540: cdpl_log.c:1058: in cdpl_log_dump_sysinfo(): info: time: 2025/09/05 21:27:32 EDT -0400
1757122052.274743: 1767025-7f03fb53e540: cdpl_log.c:1060: in cdpl_log_dump_sysinfo(): info: version: W-2024.09-SP1-2 
1757122052.274745: 1767025-7f03fb53e540: cdpl_log.c:1062: in cdpl_log_dump_sysinfo(): info: system: Linux 4.18.0-553.69.1.el8_10.x86_64 #1 SMP Thu Aug 7 18:10:00 EDT 2025
1757122052.274747: 1767025-7f03fb53e540: cdpl_log.c:1067: in cdpl_log_dump_sysinfo(): info: processor: x86_64 64-bits
1757122052.274748: 1767025-7f03fb53e540: cdpl_log.c:1071: in cdpl_log_dump_sysinfo(): info: hostname: claws-compute3.ece.ncsu.edu
1757122052.274749: 1767025-7f03fb53e540: cdpl_log.c:1073: in cdpl_log_dump_sysinfo(): info: program name: custom_shell
1757122052.274752: 1767025-7f03fb53e540: cdpl_log.c:340: in cdpl_log_open(): debug: path: /home/argershm/180-voltmeter/Analog/cc/synopsys_custom/pwdp_jobs/saeSession0_diffmodegain.SimulationSimulation_cdpl.1.1767025/logs/master.claws-compute3.ece.ncsu.edu.1767025.log
1757122052.274754: 1767025-7f03fb53e540: cdpl_log.c:341: in cdpl_log_open(): debug: dir: /home/argershm/180-voltmeter/Analog/cc/synopsys_custom/pwdp_jobs/saeSession0_diffmodegain.SimulationSimulation_cdpl.1.1767025/logs
1757122052.274758: 1767025-7f03fb53e540: cdpl_server.c:536: in cdpl_sv_init(): info: new server S1474974960
1757122052.274761: 1767025-7f03fb53e540: cdpl_ipc.c:3475: in cdpl_ipc_init(): info: requesting IPv4 protocol
1757122052.278781: 1767025-7f03fb53e540: cdpl_ipc.c:837: in _selectaddrfamily(): info: selected IPv4 protocol
1757122052.278799: 1767025-7f03fb53e540: cdpl_ipc.c:1139: in _set_keepalive(): info: TCP keep alive interval: 300
1757122052.283241: 1767025-7f03fb53e540: cdpl_monitor.c:1117: in cdpl_mn_new_server(): info: creating server monitor instance
1757122052.283246: 1767025-7f03fb53e540: cdpl_server.c:650: in cdpl_sv_new_master(): info: new master M1
1757122052.283251: 1767025-7f03fb53e540: cdpl_server.c:6533: in cdpl_sv_ctl_master(): info: Setting worker heartbeat to 120 seconds
1757122052.283253: 1767025-7f03fb53e540: cdpl_server.c:6542: in cdpl_sv_ctl_master(): info: Setting worker heartbeat timeout to 3 heartbeats
1757122052.283254: 1767025-7f03fb53e540: cdpl_compat_master.c:2090: in _parse_hostfile(): info: reading hostfile `/home/argershm/180-voltmeter/Analog/cc/synopsys_custom/pwdp_jobs/saeSession0_diffmodegain.SimulationSimulation_cdpl.1.1767025/host_file'
1757122052.283264: 1767025-7f03fb53e540: cdpl_compat_master.c:1900: in _hostfile_parser(): debug: parsing "1     |localhost|   -1  | /tmp | SH | sh"
1757122052.283268: 1767025-7f03fb53e540: cdpl_farm.c:2578: in cdpl_farm_new_sh(): info: creating SH farm on localhost
1757122052.283271: 1767025-7f03fb53e540: cdpl_compat_master.c:206: in _set_farm_env(): info: exporting CDPL_LOGDIR as `/home/argershm/180-voltmeter/Analog/cc/synopsys_custom/pwdp_jobs/saeSession0_diffmodegain.SimulationSimulation_cdpl.1.1767025/logs'
1757122052.283273: 1767025-7f03fb53e540: cdpl_compat_master.c:212: in _set_farm_env(): info: exporting CDPL_TMPDIR as `/tmp'
1757122052.283275: 1767025-7f03fb53e540: cdpl_compat_master.c:235: in _set_farm_env(): info: exporting SNPSLMD_LICENSE_FILE as `27000@ece-lic-35.ece.ncsu.edu'
1757122052.283277: 1767025-7f03fb53e540: cdpl_compat_master.c:259: in _set_farm_env(): info: exporting CDPL_OPTIONS as `[nowlogs]'
1757122052.283278: 1767025-7f03fb53e540: cdpl_compat_master.c:266: in _set_farm_env(): info: exporting DISPLAY as `unix:13656'
1757122052.283280: 1767025-7f03fb53e540: cdpl_compat_master.c:274: in _set_farm_env(): info: exporting CDPL_HEARTBEAT as `120'
1757122052.283283: 1767025-7f03fb53e540: cdpl_farm.c:3149: in cdpl_farm_add_withdir(): debug: added `localhost' (capacity: unlimited)
1757122052.283285: 1767025-7f03fb53e540: cdpl_compat_parse.c:147: in parsefile(): debug: read `/home/argershm/180-voltmeter/Analog/cc/synopsys_custom/pwdp_jobs/saeSession0_diffmodegain.SimulationSimulation_cdpl.1.1767025/host_file', 2 lines
1757122052.283290: 1767025-7f03fb53e540: cdpl_compat_master.c:2931: in cdplInitMaster(): info: bcast dir is `/home/argershm/180-voltmeter/Analog/cc/synopsys_custom/pwdp_jobs/saeSession0_diffmodegain.SimulationSimulation_cdpl.1.1767025/logs'
1757122052.283319: 1767025-7f03fb53e540: cdpl_server.c:6433: in cdpl_sv_ctl_master(): info: farm worker timeout set to 300
1757122052.283321: 1767025-7f03fb53e540: cdpl_server.c:6486: in cdpl_sv_ctl_master(): info: maximum number of task execution attempts set to 1
1757122052.283324: 1767025-7f03fb53e540: cdpl_server.c:3195: in cdpl_sv_start(): debug: starting server
1757122052.283326: 1767025-7f03fb53e540: cdpl_ipc.c:3632: in cdpl_ipc_start(): debug: starting IPC server 152.14.98.53:42113
1757122052.283526: 1767025-7f03b7ac6700: cdpl_server_ipc.c:1182: in _sv_ipc_thread(): debug: ready
1757122052.283578: 1767025-7f03a67fc700: cdpl_monitor.c:426: in cdpl_mn_init_client(): info: creating client monitor instance
1757122052.283593: 1767025-7f03a67fc700: cdpl_ipc.c:3475: in cdpl_ipc_init(): info: requesting IPv4 protocol
1757122052.287947: 1767025-7f03a67fc700: cdpl_ipc.c:837: in _selectaddrfamily(): info: selected IPv4 protocol
1757122052.287973: 1767025-7f03a67fc700: cdpl_ipc.c:1139: in _set_keepalive(): info: TCP keep alive interval: 300
1757122052.292396: 1767025-7f03a67fc700: cdpl_ipc.c:3632: in cdpl_ipc_start(): debug: starting IPC server 152.14.98.53:33261
1757122052.292516: 1767025-7f03a67fc700: cdpl_monitor.c:471: in cdpl_mn_init_client(): debug: incoming messages in /tmp/cdpl-monitor-KCYJp6
1757122052.292594: 1767025-7f03a67fc700: cdpl_monitor.c:533: in cdpl_mn_connect(): debug: connecting to 152.14.98.53:42113
1757122052.292596: 1767025-7f03a67fc700: cdpl_ipc.c:3789: in cdpl_ipc_connect(): info: connecting to 152.14.98.53:42113
1757122052.292705: 1767025-7f03a67fc700: cdpl_ipc.c:3860: in cdpl_ipc_connect(): info: connected as `152.14.98.53:35546'
1757122052.292710: 1767025-7f03a67fc700: cdpl_ipc.c:2503: in cdpl_ipc_host_accept(): debug: accepted host `152.14.98.53:42113'
1757122052.292714: 1767025-7f03a67fc700: cdpl_monitor.c:579: in cdpl_mn_connect(): debug: ok
1757122052.292724: 1767025-7f03fb53e540: cdpl_server.c:731: in cdpl_sv_new_job(): info: new job J1 in M1
1757122052.292732: 1767025-7f03b72c5700: cdpl_ipc.c:1862: in _epoll_accept(): debug: new connection from `152.14.98.53:35546'
1757122052.292744: 1767025-7f03fb53e540: cdpl_compat_master.c:1581: in _add_worker(): info: new worker type 10, min:1, max:3, cmd:`/home/argershm/180-voltmeter/Analog/cc/synopsys_custom/pwdp_jobs/saeSession0_diffmodegain.SimulationSimulation_cdpl.1.1767025/START_WORKER pw_worker -i /home/argershm/180-voltmeter/Analog/cc/synopsys_custom/pwdp_jobs
1757122052.292748: 1767025-7f03fb53e540: cdpl_server.c:908: in cdpl_sv_new_bin_withfarm(): info: new bin B1 in J1
1757122052.292762: 1767025-7f03b7ac6700: cdpl_server_ipc.c:1225: in _sv_ipc_thread(): debug: received ACCEPT notification
1757122052.292772: 1767025-7f03b7ac6700: cdpl_ipc.c:2503: in cdpl_ipc_host_accept(): debug: accepted host `152.14.98.53:35546'
1757122052.292787: 1767025-7f03b7ac6700: cdpl_server_ipc.c:1256: in _sv_ipc_thread(): debug: received MONITOR message
1757122052.292892: 1767025-7f03b7ac6700: cdpl_monitor.c:1207: in cdpl_mn_accept(): debug: accepted monitor `152.14.98.53:35546'
1757122052.292897: 1767025-7f03b7ac6700: cdpl_server_ipc_mon.c:120: in _globalLOCK(): debug: ENTERTING GLOBAL LOCK
1757122052.292899: 1767025-7f03b7ac6700: cdpl_server_ipc_mon.c:164: in _globalLOCK(): debug: global lock acquired
1757122052.292901: 1767025-7f03b52c1700: cdpl_monitor.c:910: in mn_systat(): debug: started
1757122052.293132: 1767025-7f03b52c1700: cdpl_monitor.c:937: in mn_systat(): debug: monitor server flush rate: 5
1757122053.077745: 1767025-7f03b7ac6700: cdpl_server_ipc_mon.c:210: in _globalUNLOCK(): debug: LEAVING GLOBAL LOCK
1757122053.077766: 1767025-7f03fb53e540: cdpl_server.c:3249: in cdpl_sv_start_job(): info: starting job J1
1757122053.077787: 1767025-7f03fb53e540: cdpl_server.c:62: in _sv_start_bin(): debug: starting bin B1 (min: 0, max: 3)
1757122053.077904: 1767025-7f03a77fe700: cdpl_server_sched.c:2482: in _sv_scheduler_thread(): debug: scheduler for bin B1 started
1757122053.077910: 1767025-7f03fb53e540: cdpl_server.c:1893: in _sv_gen_task(): info: new task T0 in B1 (prio 0)
1757122053.077918: 1767025-7f03fb53e540: cdpl_server.c:2698: in cdpl_sv_label_task_va(): info: setting task T0 label to "PrimeSim_3|PrimeSim"
1757122053.077927: 1767025-7f03a77fe700: cdpl_server_sched.c:2443: in _scheduler_run(): debug: will start a new worker
1757122053.077937: 1767025-7f03a77fe700: cdpl_farm.c:3977: in cdpl_farm_submit(): debug: 1 running processes
1757122053.077939: 1767025-7f03a77fe700: cdpl_farm.c:3985: in cdpl_farm_submit(): debug: new command C1 in bin B1 assigned to host `localhost'
1757122053.078023: 1767025-7f03a77fe700: cdpl_server_sched.c:705: in _sv_launch_worker(): info: started worker W1 (as C1) in bin B1
1757122053.078051: 1767025-7f03a6ffd700: cdpl_farm.c:2139: in _schedule(): debug: started
1757122053.078058: 1767025-7f03a6ffd700: cdpl_farm.c:2303: in _schedule(): debug: submitting command C1 in bin B1
1757122053.078063: 1767025-7f03a6ffd700: cdpl_sh.c:49: in _sh_detached_submit(): info: SH : /home/argershm/180-voltmeter/Analog/cc/synopsys_custom/pwdp_jobs/saeSession0_diffmodegain.SimulationSimulation_cdpl.1.1767025/START_WORKER pw_worker -i /home/argershm/180-voltmeter/Analog/cc/synopsys_custom/pwdp_jobs/saeSession0_diffmodegain.SimulationSimulation_cdpl.1.1767025 -t 10000
1757122053.086755: 1767025-7f03a6ffd700: cdpl_farm.c:2343: in _schedule(): debug: C1 in bin B1 running on slot 0
1757122053.086778: 1767025-7f03a6ffd700: cdpl_farm.c:2167: in _schedule(): debug: idle
1757122053.087238: 1767025-7f03fb53e540: cdpl_server.c:1893: in _sv_gen_task(): info: new task T1 in B1 (prio 0)
1757122053.087267: 1767025-7f03fb53e540: cdpl_server.c:2698: in cdpl_sv_label_task_va(): info: setting task T1 label to "PrimeSim_4|PrimeSim"
1757122053.087292: 1767025-7f03a77fe700: cdpl_server_sched.c:2443: in _scheduler_run(): debug: will start a new worker
1757122053.087304: 1767025-7f03a77fe700: cdpl_farm.c:3977: in cdpl_farm_submit(): debug: 2 running processes
1757122053.087306: 1767025-7f03a77fe700: cdpl_farm.c:3985: in cdpl_farm_submit(): debug: new command C2 in bin B1 assigned to host `localhost'
1757122053.087315: 1767025-7f03a77fe700: cdpl_server_sched.c:705: in _sv_launch_worker(): info: started worker W2 (as C2) in bin B1
1757122053.087320: 1767025-7f03a6ffd700: cdpl_farm.c:2231: in _schedule(): debug: end of idling
1757122053.087324: 1767025-7f03a6ffd700: cdpl_farm.c:2303: in _schedule(): debug: submitting command C2 in bin B1
1757122053.087327: 1767025-7f03a6ffd700: cdpl_sh.c:49: in _sh_detached_submit(): info: SH : /home/argershm/180-voltmeter/Analog/cc/synopsys_custom/pwdp_jobs/saeSession0_diffmodegain.SimulationSimulation_cdpl.1.1767025/START_WORKER pw_worker -i /home/argershm/180-voltmeter/Analog/cc/synopsys_custom/pwdp_jobs/saeSession0_diffmodegain.SimulationSimulation_cdpl.1.1767025 -t 10000
1757122053.091710: 1767025-7f03a6ffd700: cdpl_farm.c:2343: in _schedule(): debug: C2 in bin B1 running on slot 1
1757122053.091737: 1767025-7f03a6ffd700: cdpl_farm.c:2167: in _schedule(): debug: idle
1757122053.391802: 1767025-7f03a6ffd700: cdpl_farm.c:1193: in _onexit(): debug: C1 in bin B1 exited normally on slot 0
1757122053.391819: 1767025-7f03a6ffd700: cdpl_farm.c:1193: in _onexit(): debug: C2 in bin B1 exited normally on slot 1
1757122054.191905: 1767025-7f03b4ac0700: cdpl_compat_master.c:5948: in cdplMasterLogInfo(): info: [non-CDPL log entry] PWDP - no-workers started ok check start!
1757122054.883269: 1767025-7f03b72c5700: cdpl_ipc.c:1862: in _epoll_accept(): debug: new connection from `152.14.98.53:35562'
1757122054.883319: 1767025-7f03b7ac6700: cdpl_server_ipc.c:1225: in _sv_ipc_thread(): debug: received ACCEPT notification
1757122054.883334: 1767025-7f03b7ac6700: cdpl_ipc.c:2503: in cdpl_ipc_host_accept(): debug: accepted host `152.14.98.53:35562'
1757122054.883464: 1767025-7f03b7ac6700: cdpl_server_ipc.c:1246: in _sv_ipc_thread(): debug: received HELLO message
1757122054.883475: 1767025-7f03b7ac6700: cdpl_server_ipc.c:430: in _sv_on_hello(): debug: looking up W1
1757122054.883479: 1767025-7f03b7ac6700: cdpl_server_ipc.c:540: in _sv_on_hello(): info: W1 is `152.14.98.53:35562'
1757122054.883481: 1767025-7f03b7ac6700: cdpl_server_ipc.c:541: in _sv_on_hello(): debug: hello W1 (B1)
1757122054.883482: 1767025-7f03b7ac6700: cdpl_server_ipc.c:542: in _sv_on_hello(): info: W1 log file is /dev/null
1757122054.883502: 1767025-7f03b7ac6700: cdpl_server_ipc.c:602: in _sv_on_hello(): info: up to 1 alive workers in B1
1757122054.883507: 1767025-7f03b7ac6700: cdpl_farm.c:878: in _release_cmd(): debug: freeing command C1 in bin B1
1757122054.883533: 1767025-7f03a77fe700: cdpl_server_sched.c:960: in _assign(): info: assigning task T0 to worker W1
1757122054.884523: 1767025-7f03b72c5700: cdpl_ipc.c:1862: in _epoll_accept(): debug: new connection from `152.14.98.53:35566'
1757122054.884548: 1767025-7f03b7ac6700: cdpl_server_ipc.c:1225: in _sv_ipc_thread(): debug: received ACCEPT notification
1757122054.884557: 1767025-7f03b7ac6700: cdpl_ipc.c:2503: in cdpl_ipc_host_accept(): debug: accepted host `152.14.98.53:35566'
1757122054.884656: 1767025-7f03b7ac6700: cdpl_server_ipc.c:1246: in _sv_ipc_thread(): debug: received HELLO message
1757122054.884662: 1767025-7f03b7ac6700: cdpl_server_ipc.c:430: in _sv_on_hello(): debug: looking up W2
1757122054.884665: 1767025-7f03b7ac6700: cdpl_server_ipc.c:540: in _sv_on_hello(): info: W2 is `152.14.98.53:35566'
1757122054.884667: 1767025-7f03b7ac6700: cdpl_server_ipc.c:541: in _sv_on_hello(): debug: hello W2 (B1)
1757122054.884669: 1767025-7f03b7ac6700: cdpl_server_ipc.c:542: in _sv_on_hello(): info: W2 log file is /dev/null
1757122054.884679: 1767025-7f03b7ac6700: cdpl_server_ipc.c:602: in _sv_on_hello(): info: up to 2 alive workers in B1
1757122054.884683: 1767025-7f03b7ac6700: cdpl_farm.c:878: in _release_cmd(): debug: freeing command C2 in bin B1
1757122054.884696: 1767025-7f03a77fe700: cdpl_server_sched.c:960: in _assign(): info: assigning task T1 to worker W2
1757122054.947347: 1767025-7f03b7ac6700: cdpl_server_ipc.c:1268: in _sv_ipc_thread(): debug: received RELAY message
1757122054.947354: 1767025-7f03b7ac6700: cdpl_server_ipc.c:713: in _sv_on_relay(): debug: RELAY message from W1, size = 65
1757122054.947356: 1767025-7f03b7ac6700: cdpl_server_ipc.c:715: in _sv_on_relay(): debug: RELAY message from W1, content = 0$1779465 claws-compute3.ece.ncsu.edu 1779493 RUNNING 1757122054
1757122054.948958: 1767025-7f03b7ac6700: cdpl_server_ipc.c:1268: in _sv_ipc_thread(): debug: received RELAY message
1757122054.948961: 1767025-7f03b7ac6700: cdpl_server_ipc.c:713: in _sv_on_relay(): debug: RELAY message from W2, size = 65
1757122054.948963: 1767025-7f03b7ac6700: cdpl_server_ipc.c:715: in _sv_on_relay(): debug: RELAY message from W2, content = 1$1779466 claws-compute3.ece.ncsu.edu 1779494 RUNNING 1757122054
1757122055.883721: 1767025-7f03b7ac6700: cdpl_server_ipc.c:312: in _sv_on_heartbeat(): debug: received HEARTBEAT from worker W1 at 152.14.98.53:35562
1757122055.884899: 1767025-7f03b7ac6700: cdpl_server_ipc.c:312: in _sv_on_heartbeat(): debug: received HEARTBEAT from worker W2 at 152.14.98.53:35566
1757122057.293911: 1767025-7f03a67fc700: cdpl_monitor.c:533: in cdpl_mn_connect(): debug: connecting to 152.14.98.53:44385
1757122057.293922: 1767025-7f03a67fc700: cdpl_ipc.c:3789: in cdpl_ipc_connect(): info: connecting to 152.14.98.53:44385
1757122057.294010: 1767025-7f03a67fc700: cdpl_ipc.c:3860: in cdpl_ipc_connect(): info: connected as `152.14.98.53:53094'
1757122057.294018: 1767025-7f03a67fc700: cdpl_ipc.c:2503: in cdpl_ipc_host_accept(): debug: accepted host `152.14.98.53:44385'
1757122057.294023: 1767025-7f03a67fc700: cdpl_monitor.c:579: in cdpl_mn_connect(): debug: ok
1757122057.294027: 1767025-7f03a67fc700: cdpl_monitor.c:533: in cdpl_mn_connect(): debug: connecting to 152.14.98.53:44023
1757122057.294029: 1767025-7f03a67fc700: cdpl_ipc.c:3789: in cdpl_ipc_connect(): info: connecting to 152.14.98.53:44023
1757122057.294125: 1767025-7f03a67fc700: cdpl_ipc.c:3860: in cdpl_ipc_connect(): info: connected as `152.14.98.53:52876'
1757122057.294131: 1767025-7f03a67fc700: cdpl_ipc.c:2503: in cdpl_ipc_host_accept(): debug: accepted host `152.14.98.53:44023'
1757122057.294135: 1767025-7f03a67fc700: cdpl_monitor.c:579: in cdpl_mn_connect(): debug: ok
1757122061.675573: 1767025-7f03b7ac6700: cdpl_server_ipc.c:1268: in _sv_ipc_thread(): debug: received RELAY message
1757122061.675586: 1767025-7f03b7ac6700: cdpl_server_ipc.c:713: in _sv_on_relay(): debug: RELAY message from W2, size = 53
1757122061.675589: 1767025-7f03b7ac6700: cdpl_server_ipc.c:715: in _sv_on_relay(): debug: RELAY message from W2, content = WORKERDU|12932,/dev/mapper/rhel_claws--compute3-home
1757122061.675594: 1767025-7f03b7ac6700: cdpl_server_ipc.c:1268: in _sv_ipc_thread(): debug: received RELAY message
1757122061.675596: 1767025-7f03b7ac6700: cdpl_server_ipc.c:713: in _sv_on_relay(): debug: RELAY message from W2, size = 196
1757122061.675598: 1767025-7f03b7ac6700: cdpl_server_ipc.c:715: in _sv_on_relay(): debug: RELAY message from W2, content = REQPILOT|saeSession0,1,diff_mode_gain|&/home/argershm/180-voltmeter/Analog/cc/simulation/integrator,tb_main_opamp,schematic/history_1/simulation/diff_mode_gain/PrimeSimSPICE/parametric/results|&1
1757122061.675630: 1767025-7f03b5ac2700: cdpl_compat_master.c:5948: in cdplMasterLogInfo(): info: [non-CDPL log entry] PWDP send back 'DOPILOT' to worker id:2 key: saeSession0,1,diff_mode_gain|&/home/argershm/180-voltmeter/Analog/cc/simulation/integrator,tb_main_opamp,schematic/history_1/simulation/diff_mode_gain/PrimeSimSPICE/parametric/results
1757122061.675775: 1767025-7f03b5ac2700: cdpl_compat_master.c:5948: in cdplMasterLogInfo(): info: [non-CDPL log entry] PWDP: set pilot doing!
1757122061.678958: 1767025-7f03b7ac6700: cdpl_server_ipc.c:1268: in _sv_ipc_thread(): debug: received RELAY message
1757122061.678967: 1767025-7f03b7ac6700: cdpl_server_ipc.c:713: in _sv_on_relay(): debug: RELAY message from W2, size = 192
1757122061.678969: 1767025-7f03b7ac6700: cdpl_server_ipc.c:715: in _sv_on_relay(): debug: RELAY message from W2, content = PILOTOK|saeSession0,1,diff_mode_gain|&/home/argershm/180-voltmeter/Analog/cc/simulation/integrator,tb_main_opamp,schematic/history_1/simulation/diff_mode_gain/PrimeSimSPICE/parametric/results
1757122061.678982: 1767025-7f03b5ac2700: cdpl_compat_master.c:5948: in cdplMasterLogInfo(): info: [non-CDPL log entry] PWDP: set pilot done!
1757122061.679040: 1767025-7f03b7ac6700: cdpl_server_ipc.c:1268: in _sv_ipc_thread(): debug: received RELAY message
1757122061.679043: 1767025-7f03b7ac6700: cdpl_server_ipc.c:713: in _sv_on_relay(): debug: RELAY message from W2, size = 18
1757122061.679045: 1767025-7f03b7ac6700: cdpl_server_ipc.c:715: in _sv_on_relay(): debug: RELAY message from W2, content = 1$- - - MEASDOING
1757122061.679407: 1767025-7f03b7ac6700: cdpl_server_ipc.c:1268: in _sv_ipc_thread(): debug: received RELAY message
1757122061.679413: 1767025-7f03b7ac6700: cdpl_server_ipc.c:713: in _sv_on_relay(): debug: RELAY message from W1, size = 53
1757122061.679415: 1767025-7f03b7ac6700: cdpl_server_ipc.c:715: in _sv_on_relay(): debug: RELAY message from W1, content = WORKERDU|12932,/dev/mapper/rhel_claws--compute3-home
1757122061.679420: 1767025-7f03b7ac6700: cdpl_server_ipc.c:1268: in _sv_ipc_thread(): debug: received RELAY message
1757122061.679421: 1767025-7f03b7ac6700: cdpl_server_ipc.c:713: in _sv_on_relay(): debug: RELAY message from W1, size = 196
1757122061.679423: 1767025-7f03b7ac6700: cdpl_server_ipc.c:715: in _sv_on_relay(): debug: RELAY message from W1, content = REQPILOT|saeSession0,1,diff_mode_gain|&/home/argershm/180-voltmeter/Analog/cc/simulation/integrator,tb_main_opamp,schematic/history_1/simulation/diff_mode_gain/PrimeSimSPICE/parametric/results|&0
1757122061.679438: 1767025-7f03b5ac2700: cdpl_compat_master.c:5948: in cdplMasterLogInfo(): info: [non-CDPL log entry] PWDP send back 'PILOTOK' back to worker id:1 key: saeSession0,1,diff_mode_gain|&/home/argershm/180-voltmeter/Analog/cc/simulation/integrator,tb_main_opamp,schematic/history_1/simulation/diff_mode_gain/PrimeSimSPICE/parametric/results
1757122061.679553: 1767025-7f03b7ac6700: cdpl_server_ipc.c:1268: in _sv_ipc_thread(): debug: received RELAY message
1757122061.679560: 1767025-7f03b7ac6700: cdpl_server_ipc.c:713: in _sv_on_relay(): debug: RELAY message from W1, size = 18
1757122061.679562: 1767025-7f03b7ac6700: cdpl_server_ipc.c:715: in _sv_on_relay(): debug: RELAY message from W1, content = 0$- - - MEASDOING
1757122063.041170: 1767025-7f03b7ac6700: cdpl_server_ipc.c:1268: in _sv_ipc_thread(): debug: received RELAY message
1757122063.041185: 1767025-7f03b7ac6700: cdpl_server_ipc.c:713: in _sv_on_relay(): debug: RELAY message from W2, size = 77
1757122063.041188: 1767025-7f03b7ac6700: cdpl_server_ipc.c:715: in _sv_on_relay(): debug: RELAY message from W2, content = 1$1779466 claws-compute3.ece.ncsu.edu 1779494 FINISHED 1757122054|1757122063
1757122063.042609: 1767025-7f03b7ac6700: cdpl_server_ipc.c:1268: in _sv_ipc_thread(): debug: received RELAY message
1757122063.042616: 1767025-7f03b7ac6700: cdpl_server_ipc.c:713: in _sv_on_relay(): debug: RELAY message from W2, size = 194
1757122063.042618: 1767025-7f03b7ac6700: cdpl_server_ipc.c:715: in _sv_on_relay(): debug: RELAY message from W2, content = PILOTDONE|saeSession0,1,diff_mode_gain|&/home/argershm/180-voltmeter/Analog/cc/simulation/integrator,tb_main_opamp,schematic/history_1/simulation/diff_mode_gain/PrimeSimSPICE/parametric/results
1757122063.042641: 1767025-7f03b5ac2700: cdpl_compat_master.c:5948: in cdplMasterLogInfo(): info: [non-CDPL log entry] saeSession0,1,diff_mode_gain|&/home/argershm/180-voltmeter/Analog/cc/simulation/integrator,tb_main_opamp,schematic/history_1/simulation/diff_mode_gain/PrimeSimSPICE/parametric/results PILOTDONE!
1757122063.042929: 1767025-7f03b7ac6700: cdpl_server_ipc.c:1251: in _sv_ipc_thread(): debug: received FINISH message
1757122063.042935: 1767025-7f03b7ac6700: cdpl_server_ipc.c:983: in _sv_on_finish(): info: worker W2 completed task T1
1757122063.042937: 1767025-7f03b7ac6700: cdpl_server_ipc.c:988: in _sv_on_finish(): debug: stat T1: utime=3985 stime=2213
1757122063.042939: 1767025-7f03b7ac6700: cdpl_server_ipc.c:993: in _sv_on_finish(): debug: statm T1: vsize=3054788 rss=1036220 shared=518944 text=474784 data=710008
1757122063.047787: 1767025-7f03b7ac6700: cdpl_server_ipc.c:1268: in _sv_ipc_thread(): debug: received RELAY message
1757122063.047791: 1767025-7f03b7ac6700: cdpl_server_ipc.c:713: in _sv_on_relay(): debug: RELAY message from W2, size = 50
1757122063.047793: 1767025-7f03b7ac6700: cdpl_server_ipc.c:715: in _sv_on_relay(): debug: RELAY message from W2, content = WORKERDU|40,/dev/mapper/rhel_claws--compute3-home
1757122063.070575: 1767025-7f03b7ac6700: cdpl_server_ipc.c:1268: in _sv_ipc_thread(): debug: received RELAY message
1757122063.070583: 1767025-7f03b7ac6700: cdpl_server_ipc.c:713: in _sv_on_relay(): debug: RELAY message from W1, size = 77
1757122063.070586: 1767025-7f03b7ac6700: cdpl_server_ipc.c:715: in _sv_on_relay(): debug: RELAY message from W1, content = 0$1779465 claws-compute3.ece.ncsu.edu 1779493 FINISHED 1757122054|1757122063
1757122063.070884: 1767025-7f03b7ac6700: cdpl_server_ipc.c:1251: in _sv_ipc_thread(): debug: received FINISH message
1757122063.070889: 1767025-7f03b7ac6700: cdpl_server_ipc.c:983: in _sv_on_finish(): info: worker W1 completed task T0
1757122063.070892: 1767025-7f03b7ac6700: cdpl_server_ipc.c:988: in _sv_on_finish(): debug: stat T0: utime=4010 stime=2138
1757122063.070894: 1767025-7f03b7ac6700: cdpl_server_ipc.c:993: in _sv_on_finish(): debug: statm T0: vsize=3054788 rss=1036344 shared=518616 text=474784 data=710008
1757122063.071365: 1767025-7f03fb53e540: cdpl_server.c:227: in _sv_free_task_safe(): debug: freeing task T1
1757122063.075617: 1767025-7f03b7ac6700: cdpl_server_ipc.c:1268: in _sv_ipc_thread(): debug: received RELAY message
1757122063.075624: 1767025-7f03b7ac6700: cdpl_server_ipc.c:713: in _sv_on_relay(): debug: RELAY message from W1, size = 50
1757122063.075626: 1767025-7f03b7ac6700: cdpl_server_ipc.c:715: in _sv_on_relay(): debug: RELAY message from W1, content = WORKERDU|56,/dev/mapper/rhel_claws--compute3-home
1757122063.098511: 1767025-7f03fb53e540: cdpl_server.c:227: in _sv_free_task_safe(): debug: freeing task T0
1757122064.993223: 1767025-7f03fb53e540: cdpl_server.c:3008: in cdpl_sv_halt_job_errno(): info: killing job J1
1757122064.993253: 1767025-7f03fb53e540: cdpl_server.c:3044: in cdpl_sv_halt_job_errno(): debug: signal bin B1 scheduler to stop
1757122064.993278: 1767025-7f03a77fe700: cdpl_server_sched.c:2484: in _sv_scheduler_thread(): debug: scheduler for bin B1 stopped
1757122064.993293: 1767025-7f03a77fe700: cdpl_ipc.c:1657: in _host_drop__UNSAFE(): debug: dropping host `152.14.98.53:35566'
1757122064.993327: 1767025-7f03a77fe700: cdpl_server_sched.c:2830: in _sv_drop_worker(): info: down to 1 alive workers in B1
1757122064.993330: 1767025-7f03a77fe700: cdpl_farm.c:4152: in cdpl_farm_dismiss(): debug: down to 1 running processes
1757122064.993333: 1767025-7f03a77fe700: cdpl_ipc.c:1657: in _host_drop__UNSAFE(): debug: dropping host `152.14.98.53:35562'
1757122064.993349: 1767025-7f03a77fe700: cdpl_server_sched.c:2830: in _sv_drop_worker(): info: down to 0 alive workers in B1
1757122064.993351: 1767025-7f03a77fe700: cdpl_farm.c:4152: in cdpl_farm_dismiss(): debug: down to 0 running processes
1757122064.993353: 1767025-7f03a77fe700: cdpl_server_sched.c:121: in _free_worker_2(): debug: freeing worker W2
1757122064.993355: 1767025-7f03a77fe700: cdpl_ipc.c:2513: in cdpl_ipc_host_release(): debug: releasing host `152.14.98.53:35566'
1757122064.993357: 1767025-7f03a77fe700: cdpl_server_sched.c:121: in _free_worker_2(): debug: freeing worker W1
1757122064.993359: 1767025-7f03a77fe700: cdpl_ipc.c:2513: in cdpl_ipc_host_release(): debug: releasing host `152.14.98.53:35562'
1757122064.993367: 1767025-7f03fb53e540: cdpl_server.c:294: in _sv_free_job(): info: freeing job J1
1757122064.993370: 1767025-7f03fb53e540: cdpl_server.c:92: in _sv_free_bin(): debug: freeing bin B1
1757122064.993382: 1767025-7f03fb53e540: cdpl_monitor.c:515: in cdpl_mn_kill(): info: killing monitor
1757122064.993385: 1767025-7f03fb53e540: cdpl_ipc.c:3677: in cdpl_ipc_kill(): debug: stopping event server
1757122064.993669: 1767025-7f03b72c5700: cdpl_ipc.c:775: in _readv(): warning: read(): EOF
1757122064.993678: 1767025-7f03b6ac4700: cdpl_ipc.c:2386: in _epoll_main(): warning: received EPOLLERR/EPOLLHUP
1757122064.993688: 1767025-7f03b7ac6700: cdpl_server_ipc.c:1236: in _sv_ipc_thread(): debug: received DROP notification
1757122064.993696: 1767025-7f03b7ac6700: cdpl_server_ipc.c:1236: in _sv_ipc_thread(): debug: received DROP notification
1757122064.993700: 1767025-7f03b6ac4700: cdpl_ipc.c:2320: in _check_socket_error(): info: TCP_KEEPIDLE=7200 seconds TCP_KEEPINTVL=75 seconds TCP_KEEPCNT=9
1757122064.993703: 1767025-7f03b6ac4700: cdpl_ipc.c:1657: in _host_drop__UNSAFE(): debug: dropping host `152.14.98.53:42113'
1757122064.993707: 1767025-7f03b72c5700: cdpl_ipc.c:2100: in _epoll_recv(): debug: _readv(): Broken pipe
1757122064.993710: 1767025-7f03b72c5700: cdpl_ipc.c:2424: in _epoll_main(): debug: _epoll_recv(): Broken pipe
1757122064.993713: 1767025-7f03b72c5700: cdpl_ipc.c:1657: in _host_drop__UNSAFE(): debug: dropping host `152.14.98.53:35546'
1757122064.993727: 1767025-7f03b6ac4700: cdpl_ipc.c:2460: in _epoll_main(): debug: server going down...
1757122064.993751: 1767025-7f03b72c5700: cdpl_ipc.c:1582: in _host_free__UNSAFE(): debug: freeing host `152.14.98.53:35562'
1757122064.993753: 1767025-7f03b72c5700: cdpl_ipc.c:1621: in _host_free__UNSAFE(): debug: [0 outq, 0 spR, 0 spW]
1757122064.993755: 1767025-7f03b72c5700: cdpl_ipc.c:1582: in _host_free__UNSAFE(): debug: freeing host `152.14.98.53:35566'
1757122064.993757: 1767025-7f03b72c5700: cdpl_ipc.c:1621: in _host_free__UNSAFE(): debug: [0 outq, 0 spR, 0 spW]
1757122064.993761: 1767025-7f03b7ac6700: cdpl_server_ipc.c:1236: in _sv_ipc_thread(): debug: received DROP notification
1757122064.993763: 1767025-7f03b7ac6700: cdpl_monitor.c:1269: in cdpl_mn_drop(): debug: detaching from monitor `152.14.98.53:35546'
1757122064.993776: 1767025-7f03b7ac6700: cdpl_monitor.c:1101: in mn_systat_stop(): debug: joining systat thread
1757122064.993789: 1767025-7f03b52c1700: cdpl_monitor.c:1079: in mn_systat(): debug: exiting
1757122064.993798: 1767025-7f03b7ac6700: cdpl_monitor.c:1103: in mn_systat_stop(): debug: systat thread done
1757122064.993802: 1767025-7f03b7ac6700: cdpl_ipc.c:2513: in cdpl_ipc_host_release(): debug: releasing host `152.14.98.53:35546'
1757122064.993824: 1767025-7f03a67fc700: cdpl_ipc.c:3728: in cdpl_ipc_free(): debug: releasing IPC handle
1757122064.993829: 1767025-7f03a67fc700: cdpl_ipc.c:1582: in _host_free__UNSAFE(): debug: freeing host `152.14.98.53:44023'
1757122064.993832: 1767025-7f03a67fc700: cdpl_ipc.c:1621: in _host_free__UNSAFE(): debug: [0 outq, 0 spR, 0 spW]
1757122064.993844: 1767025-7f03a67fc700: cdpl_ipc.c:1582: in _host_free__UNSAFE(): debug: freeing host `152.14.98.53:44385'
1757122064.993846: 1767025-7f03a67fc700: cdpl_ipc.c:1621: in _host_free__UNSAFE(): debug: [0 outq, 0 spR, 0 spW]
1757122064.993853: 1767025-7f03a67fc700: cdpl_ipc.c:1582: in _host_free__UNSAFE(): debug: freeing host `152.14.98.53:42113'
1757122064.993855: 1767025-7f03a67fc700: cdpl_ipc.c:1621: in _host_free__UNSAFE(): debug: [0 outq, 0 spR, 0 spW]
1757122064.993857: 1767025-7f03a67fc700: cdpl_ipc.c:3756: in cdpl_ipc_free(): warning: 3 host(s) were not released
1757122064.993865: 1767025-7f03a67fc700: cdpl_ipc.c:3767: in cdpl_ipc_free(): debug: done
1757122064.993867: 1767025-7f03a67fc700: cdpl_monitor.c:1390: in cdpl_mn_free(): debug: freeing monitor client
1757122064.993927: 1767025-7f03fb53e540: cdpl_farm.c:2740: in cdpl_farm_free(): info: freeing farm
1757122064.993948: 1767025-7f03a6ffd700: cdpl_farm.c:2231: in _schedule(): debug: end of idling
1757122064.993973: 1767025-7f03a6ffd700: cdpl_farm.c:2235: in _schedule(): debug: dying
1757122064.994023: 1767025-7f03fb53e540: cdpl_farm.c:913: in _killall(): debug: killing all remaining commands
1757122064.994029: 1767025-7f03fb53e540: cdpl_server.c:3144: in cdpl_sv_free(): info: freeing server S1474974960
1757122064.994031: 1767025-7f03fb53e540: cdpl_server.c:3109: in cdpl_sv_kill_errno(): info: killing server
1757122064.994032: 1767025-7f03fb53e540: cdpl_ipc.c:3677: in cdpl_ipc_kill(): debug: stopping event server
1757122064.994040: 1767025-7f03b7ac6700: cdpl_server_ipc.c:1200: in _sv_ipc_thread(): debug: leaving now
1757122064.994045: 1767025-7f03fb53e540: cdpl_server.c:334: in _sv_free_master(): info: freeing master M1
1757122064.994047: 1767025-7f03fb53e540: cdpl_hash.c:68: in cdpl_h_destroy(): debug: put operations: 2
1757122064.994049: 1767025-7f03fb53e540: cdpl_hash.c:69: in cdpl_h_destroy(): debug: put collisions: 0
1757122064.994051: 1767025-7f03fb53e540: cdpl_hash.c:70: in cdpl_h_destroy(): debug: get operations: 2
1757122064.994052: 1767025-7f03fb53e540: cdpl_hash.c:71: in cdpl_h_destroy(): debug: get iterations: 2
1757122064.994055: 1767025-7f03b72c5700: cdpl_ipc.c:2460: in _epoll_main(): debug: server going down...
1757122064.994063: 1767025-7f03fb53e540: cdpl_monitor.c:1390: in cdpl_mn_free(): debug: freeing monitor server
1757122064.994066: 1767025-7f03fb53e540: cdpl_ipc.c:3728: in cdpl_ipc_free(): debug: releasing IPC handle
1757122064.994067: 1767025-7f03fb53e540: cdpl_ipc.c:1582: in _host_free__UNSAFE(): debug: freeing host `152.14.98.53:35546'
1757122064.994070: 1767025-7f03fb53e540: cdpl_ipc.c:1621: in _host_free__UNSAFE(): debug: [0 outq, 0 spR, 0 spW]
1757122064.994084: 1767025-7f03fb53e540: cdpl_ipc.c:3767: in cdpl_ipc_free(): debug: done
1757122064.994087: 1767025-7f03fb53e540: cdpl_log.c:481: in cdpl_log_close(): info: @@end_of_log@@
