1757191865.265356: 2525726-7f3ad384b540: cdpl_log.c:337: in cdpl_log_open(): info: @@start_of_log@@
1757191865.265377: 2525726-7f3ad384b540: cdpl_log.c:1058: in cdpl_log_dump_sysinfo(): info: time: 2025/09/06 16:51:05 EDT -0400
1757191865.265379: 2525726-7f3ad384b540: cdpl_log.c:1060: in cdpl_log_dump_sysinfo(): info: version: W-2024.09-SP1-2 
1757191865.265381: 2525726-7f3ad384b540: cdpl_log.c:1062: in cdpl_log_dump_sysinfo(): info: system: Linux 4.18.0-553.69.1.el8_10.x86_64 #1 SMP Thu Aug 7 18:10:00 EDT 2025
1757191865.265383: 2525726-7f3ad384b540: cdpl_log.c:1067: in cdpl_log_dump_sysinfo(): info: processor: x86_64 64-bits
1757191865.265384: 2525726-7f3ad384b540: cdpl_log.c:1071: in cdpl_log_dump_sysinfo(): info: hostname: claws-compute3.ece.ncsu.edu
1757191865.265386: 2525726-7f3ad384b540: cdpl_log.c:1073: in cdpl_log_dump_sysinfo(): info: program name: custom_shell
1757191865.265388: 2525726-7f3ad384b540: cdpl_log.c:340: in cdpl_log_open(): debug: path: /home/argershm/180-voltmeter/Analog/cc/synopsys_custom/pwdp_jobs/saeSession4_diffmodegain.SimulationSimulation_cdpl.0.2525726/logs/master.claws-compute3.ece.ncsu.edu.2525726.log
1757191865.265390: 2525726-7f3ad384b540: cdpl_log.c:341: in cdpl_log_open(): debug: dir: /home/argershm/180-voltmeter/Analog/cc/synopsys_custom/pwdp_jobs/saeSession4_diffmodegain.SimulationSimulation_cdpl.0.2525726/logs
1757191865.265417: 2525726-7f3ad384b540: cdpl_server.c:536: in cdpl_sv_init(): info: new server S1660112053
1757191865.265424: 2525726-7f3ad384b540: cdpl_ipc.c:3475: in cdpl_ipc_init(): info: requesting IPv4 protocol
1757191865.269332: 2525726-7f3ad384b540: cdpl_ipc.c:837: in _selectaddrfamily(): info: selected IPv4 protocol
1757191865.269357: 2525726-7f3ad384b540: cdpl_ipc.c:1139: in _set_keepalive(): info: TCP keep alive interval: 300
1757191865.273788: 2525726-7f3ad384b540: cdpl_monitor.c:1117: in cdpl_mn_new_server(): info: creating server monitor instance
1757191865.273803: 2525726-7f3ad384b540: cdpl_server.c:650: in cdpl_sv_new_master(): info: new master M1
1757191865.273811: 2525726-7f3ad384b540: cdpl_server.c:6533: in cdpl_sv_ctl_master(): info: Setting worker heartbeat to 120 seconds
1757191865.273813: 2525726-7f3ad384b540: cdpl_server.c:6542: in cdpl_sv_ctl_master(): info: Setting worker heartbeat timeout to 3 heartbeats
1757191865.273815: 2525726-7f3ad384b540: cdpl_compat_master.c:2090: in _parse_hostfile(): info: reading hostfile `/home/argershm/180-voltmeter/Analog/cc/synopsys_custom/pwdp_jobs/saeSession4_diffmodegain.SimulationSimulation_cdpl.0.2525726/host_file'
1757191865.273840: 2525726-7f3ad384b540: cdpl_compat_master.c:1900: in _hostfile_parser(): debug: parsing "1     |localhost|   -1  | /tmp | SH | sh"
1757191865.273853: 2525726-7f3ad384b540: cdpl_farm.c:2578: in cdpl_farm_new_sh(): info: creating SH farm on localhost
1757191865.273858: 2525726-7f3ad384b540: cdpl_compat_master.c:206: in _set_farm_env(): info: exporting CDPL_LOGDIR as `/home/argershm/180-voltmeter/Analog/cc/synopsys_custom/pwdp_jobs/saeSession4_diffmodegain.SimulationSimulation_cdpl.0.2525726/logs'
1757191865.273860: 2525726-7f3ad384b540: cdpl_compat_master.c:212: in _set_farm_env(): info: exporting CDPL_TMPDIR as `/tmp'
1757191865.273862: 2525726-7f3ad384b540: cdpl_compat_master.c:235: in _set_farm_env(): info: exporting SNPSLMD_LICENSE_FILE as `27000@ece-lic-35.ece.ncsu.edu'
1757191865.273864: 2525726-7f3ad384b540: cdpl_compat_master.c:259: in _set_farm_env(): info: exporting CDPL_OPTIONS as `[nowlogs]'
1757191865.273865: 2525726-7f3ad384b540: cdpl_compat_master.c:266: in _set_farm_env(): info: exporting DISPLAY as `unix:5494'
1757191865.273867: 2525726-7f3ad384b540: cdpl_compat_master.c:274: in _set_farm_env(): info: exporting CDPL_HEARTBEAT as `120'
1757191865.273876: 2525726-7f3ad384b540: cdpl_farm.c:3149: in cdpl_farm_add_withdir(): debug: added `localhost' (capacity: unlimited)
1757191865.273878: 2525726-7f3ad384b540: cdpl_compat_parse.c:147: in parsefile(): debug: read `/home/argershm/180-voltmeter/Analog/cc/synopsys_custom/pwdp_jobs/saeSession4_diffmodegain.SimulationSimulation_cdpl.0.2525726/host_file', 2 lines
1757191865.273883: 2525726-7f3ad384b540: cdpl_compat_master.c:2931: in cdplInitMaster(): info: bcast dir is `/home/argershm/180-voltmeter/Analog/cc/synopsys_custom/pwdp_jobs/saeSession4_diffmodegain.SimulationSimulation_cdpl.0.2525726/logs'
1757191865.273929: 2525726-7f3ad384b540: cdpl_server.c:6433: in cdpl_sv_ctl_master(): info: farm worker timeout set to 300
1757191865.273931: 2525726-7f3ad384b540: cdpl_server.c:6486: in cdpl_sv_ctl_master(): info: maximum number of task execution attempts set to 1
1757191865.273946: 2525726-7f3ad384b540: cdpl_server.c:3195: in cdpl_sv_start(): debug: starting server
1757191865.273949: 2525726-7f3ad384b540: cdpl_ipc.c:3632: in cdpl_ipc_start(): debug: starting IPC server 152.14.98.53:35095
1757191865.274125: 2525726-7f3a8f53d700: cdpl_server_ipc.c:1182: in _sv_ipc_thread(): debug: ready
1757191865.274239: 2525726-7f3a8ed3c700: cdpl_monitor.c:426: in cdpl_mn_init_client(): info: creating client monitor instance
1757191865.274259: 2525726-7f3a8ed3c700: cdpl_ipc.c:3475: in cdpl_ipc_init(): info: requesting IPv4 protocol
1757191865.278184: 2525726-7f3a8ed3c700: cdpl_ipc.c:837: in _selectaddrfamily(): info: selected IPv4 protocol
1757191865.278207: 2525726-7f3a8ed3c700: cdpl_ipc.c:1139: in _set_keepalive(): info: TCP keep alive interval: 300
1757191865.280814: 2525726-7f3a8ed3c700: cdpl_ipc.c:3632: in cdpl_ipc_start(): debug: starting IPC server 152.14.98.53:39931
1757191865.280956: 2525726-7f3a8ed3c700: cdpl_monitor.c:471: in cdpl_mn_init_client(): debug: incoming messages in /tmp/cdpl-monitor-S2Pe2l
1757191865.281038: 2525726-7f3a8ed3c700: cdpl_monitor.c:533: in cdpl_mn_connect(): debug: connecting to 152.14.98.53:35095
1757191865.281046: 2525726-7f3a8ed3c700: cdpl_ipc.c:3789: in cdpl_ipc_connect(): info: connecting to 152.14.98.53:35095
1757191865.281125: 2525726-7f3a8ed3c700: cdpl_ipc.c:3860: in cdpl_ipc_connect(): info: connected as `152.14.98.53:43914'
1757191865.281141: 2525726-7f3a8ed3c700: cdpl_ipc.c:2503: in cdpl_ipc_host_accept(): debug: accepted host `152.14.98.53:35095'
1757191865.281159: 2525726-7f3a8fd3e700: cdpl_ipc.c:1862: in _epoll_accept(): debug: new connection from `152.14.98.53:43914'
1757191865.281178: 2525726-7f3a8ed3c700: cdpl_monitor.c:579: in cdpl_mn_connect(): debug: ok
1757191865.281202: 2525726-7f3ad384b540: cdpl_server.c:731: in cdpl_sv_new_job(): info: new job J1 in M1
1757191865.281214: 2525726-7f3a8f53d700: cdpl_server_ipc.c:1225: in _sv_ipc_thread(): debug: received ACCEPT notification
1757191865.281223: 2525726-7f3a8f53d700: cdpl_ipc.c:2503: in cdpl_ipc_host_accept(): debug: accepted host `152.14.98.53:43914'
1757191865.281230: 2525726-7f3ad384b540: cdpl_compat_master.c:1581: in _add_worker(): info: new worker type 10, min:1, max:3, cmd:`/home/argershm/180-voltmeter/Analog/cc/synopsys_custom/pwdp_jobs/saeSession4_diffmodegain.SimulationSimulation_cdpl.0.2525726/START_WORKER pw_worker -i /home/argershm/180-voltmeter/Analog/cc/synopsys_custom/pwdp_jobs
1757191865.281239: 2525726-7f3a8f53d700: cdpl_server_ipc.c:1256: in _sv_ipc_thread(): debug: received MONITOR message
1757191865.281244: 2525726-7f3ad384b540: cdpl_server.c:908: in cdpl_sv_new_bin_withfarm(): info: new bin B1 in J1
1757191865.281402: 2525726-7f3a8f53d700: cdpl_monitor.c:1207: in cdpl_mn_accept(): debug: accepted monitor `152.14.98.53:43914'
1757191865.281406: 2525726-7f3a8f53d700: cdpl_server_ipc_mon.c:120: in _globalLOCK(): debug: ENTERTING GLOBAL LOCK
1757191865.281414: 2525726-7f3a8cd38700: cdpl_monitor.c:910: in mn_systat(): debug: started
1757191865.281424: 2525726-7f3a8f53d700: cdpl_server_ipc_mon.c:164: in _globalLOCK(): debug: global lock acquired
1757191865.281684: 2525726-7f3a8cd38700: cdpl_monitor.c:937: in mn_systat(): debug: monitor server flush rate: 5
1757191866.078444: 2525726-7f3a8f53d700: cdpl_server_ipc_mon.c:210: in _globalUNLOCK(): debug: LEAVING GLOBAL LOCK
1757191866.078848: 2525726-7f3ad384b540: cdpl_server.c:3249: in cdpl_sv_start_job(): info: starting job J1
1757191866.078872: 2525726-7f3ad384b540: cdpl_server.c:62: in _sv_start_bin(): debug: starting bin B1 (min: 0, max: 3)
1757191866.079019: 2525726-7f3a7effd700: cdpl_server_sched.c:2482: in _sv_scheduler_thread(): debug: scheduler for bin B1 started
1757191866.079040: 2525726-7f3ad384b540: cdpl_server.c:1893: in _sv_gen_task(): info: new task T0 in B1 (prio 0)
1757191866.079073: 2525726-7f3ad384b540: cdpl_server.c:2698: in cdpl_sv_label_task_va(): info: setting task T0 label to "PrimeSim_1|PrimeSim"
1757191866.079114: 2525726-7f3a7effd700: cdpl_server_sched.c:2443: in _scheduler_run(): debug: will start a new worker
1757191866.079151: 2525726-7f3a7effd700: cdpl_farm.c:3977: in cdpl_farm_submit(): debug: 1 running processes
1757191866.079154: 2525726-7f3a7effd700: cdpl_farm.c:3985: in cdpl_farm_submit(): debug: new command C1 in bin B1 assigned to host `localhost'
1757191866.079229: 2525726-7f3a7effd700: cdpl_server_sched.c:705: in _sv_launch_worker(): info: started worker W1 (as C1) in bin B1
1757191866.079249: 2525726-7f3a7e7fc700: cdpl_farm.c:2139: in _schedule(): debug: started
1757191866.079257: 2525726-7f3a7e7fc700: cdpl_farm.c:2303: in _schedule(): debug: submitting command C1 in bin B1
1757191866.079276: 2525726-7f3a7e7fc700: cdpl_sh.c:49: in _sh_detached_submit(): info: SH : /home/argershm/180-voltmeter/Analog/cc/synopsys_custom/pwdp_jobs/saeSession4_diffmodegain.SimulationSimulation_cdpl.0.2525726/START_WORKER pw_worker -i /home/argershm/180-voltmeter/Analog/cc/synopsys_custom/pwdp_jobs/saeSession4_diffmodegain.SimulationSimulation_cdpl.0.2525726 -t 10000
1757191866.087519: 2525726-7f3a7e7fc700: cdpl_farm.c:2343: in _schedule(): debug: C1 in bin B1 running on slot 0
1757191866.087548: 2525726-7f3a7e7fc700: cdpl_farm.c:2167: in _schedule(): debug: idle
1757191866.135147: 2525726-7f3ad384b540: cdpl_compat_master.c:5948: in cdplMasterLogInfo(): info: [non-CDPL log entry] PWDP3: reset pilot cache succeeded, pilot_key=saeSession4,1,diff_mode_gain|&/home/argershm/180-voltmeter/Analog/cc/simulation/integrator,tb_main_opamp,schematic/history_1/simulation/diff_mode_gain/PrimeSimSPICE/nominal/results
1757191866.387625: 2525726-7f3a7e7fc700: cdpl_farm.c:1193: in _onexit(): debug: C1 in bin B1 exited normally on slot 0
1757191867.198417: 2525726-7f3a7ffff700: cdpl_compat_master.c:5948: in cdplMasterLogInfo(): info: [non-CDPL log entry] PWDP - no-workers started ok check start!
1757191867.913807: 2525726-7f3a8fd3e700: cdpl_ipc.c:1862: in _epoll_accept(): debug: new connection from `152.14.98.53:37024'
1757191867.913854: 2525726-7f3a8f53d700: cdpl_server_ipc.c:1225: in _sv_ipc_thread(): debug: received ACCEPT notification
1757191867.913869: 2525726-7f3a8f53d700: cdpl_ipc.c:2503: in cdpl_ipc_host_accept(): debug: accepted host `152.14.98.53:37024'
1757191867.913910: 2525726-7f3a8f53d700: cdpl_server_ipc.c:1246: in _sv_ipc_thread(): debug: received HELLO message
1757191867.913912: 2525726-7f3a8f53d700: cdpl_server_ipc.c:430: in _sv_on_hello(): debug: looking up W1
1757191867.913916: 2525726-7f3a8f53d700: cdpl_server_ipc.c:540: in _sv_on_hello(): info: W1 is `152.14.98.53:37024'
1757191867.913917: 2525726-7f3a8f53d700: cdpl_server_ipc.c:541: in _sv_on_hello(): debug: hello W1 (B1)
1757191867.913918: 2525726-7f3a8f53d700: cdpl_server_ipc.c:542: in _sv_on_hello(): info: W1 log file is /dev/null
1757191867.913960: 2525726-7f3a8f53d700: cdpl_server_ipc.c:602: in _sv_on_hello(): info: up to 1 alive workers in B1
1757191867.913968: 2525726-7f3a8f53d700: cdpl_farm.c:878: in _release_cmd(): debug: freeing command C1 in bin B1
1757191867.914012: 2525726-7f3a7effd700: cdpl_server_sched.c:960: in _assign(): info: assigning task T0 to worker W1
1757191867.977645: 2525726-7f3a8f53d700: cdpl_server_ipc.c:1268: in _sv_ipc_thread(): debug: received RELAY message
1757191867.977660: 2525726-7f3a8f53d700: cdpl_server_ipc.c:713: in _sv_on_relay(): debug: RELAY message from W1, size = 65
1757191867.977662: 2525726-7f3a8f53d700: cdpl_server_ipc.c:715: in _sv_on_relay(): debug: RELAY message from W1, content = 0$2526439 claws-compute3.ece.ncsu.edu 2526455 RUNNING 1757191867
1757191868.914141: 2525726-7f3a8f53d700: cdpl_server_ipc.c:312: in _sv_on_heartbeat(): debug: received HEARTBEAT from worker W1 at 152.14.98.53:37024
1757191870.282405: 2525726-7f3a8ed3c700: cdpl_monitor.c:533: in cdpl_mn_connect(): debug: connecting to 152.14.98.53:37239
1757191870.282418: 2525726-7f3a8ed3c700: cdpl_ipc.c:3789: in cdpl_ipc_connect(): info: connecting to 152.14.98.53:37239
1757191870.282554: 2525726-7f3a8ed3c700: cdpl_ipc.c:3860: in cdpl_ipc_connect(): info: connected as `152.14.98.53:40220'
1757191870.282563: 2525726-7f3a8ed3c700: cdpl_ipc.c:2503: in cdpl_ipc_host_accept(): debug: accepted host `152.14.98.53:37239'
1757191870.282568: 2525726-7f3a8ed3c700: cdpl_monitor.c:579: in cdpl_mn_connect(): debug: ok
1757191874.099933: 2525726-7f3a8f53d700: cdpl_server_ipc.c:1268: in _sv_ipc_thread(): debug: received RELAY message
1757191874.099948: 2525726-7f3a8f53d700: cdpl_server_ipc.c:713: in _sv_on_relay(): debug: RELAY message from W1, size = 52
1757191874.099954: 2525726-7f3a8f53d700: cdpl_server_ipc.c:715: in _sv_on_relay(): debug: RELAY message from W1, content = WORKERDU|8132,/dev/mapper/rhel_claws--compute3-home
1757191874.099961: 2525726-7f3a8f53d700: cdpl_server_ipc.c:1268: in _sv_ipc_thread(): debug: received RELAY message
1757191874.099963: 2525726-7f3a8f53d700: cdpl_server_ipc.c:713: in _sv_on_relay(): debug: RELAY message from W1, size = 193
1757191874.099965: 2525726-7f3a8f53d700: cdpl_server_ipc.c:715: in _sv_on_relay(): debug: RELAY message from W1, content = REQPILOT|saeSession4,1,diff_mode_gain|&/home/argershm/180-voltmeter/Analog/cc/simulation/integrator,tb_main_opamp,schematic/history_1/simulation/diff_mode_gain/PrimeSimSPICE/nominal/results|&0
1757191874.100022: 2525726-7f3a8d539700: cdpl_compat_master.c:5948: in cdplMasterLogInfo(): info: [non-CDPL log entry] PWDP send back 'DOPILOT' to worker id:1 key: saeSession4,1,diff_mode_gain|&/home/argershm/180-voltmeter/Analog/cc/simulation/integrator,tb_main_opamp,schematic/history_1/simulation/diff_mode_gain/PrimeSimSPICE/nominal/results
1757191874.100163: 2525726-7f3a8d539700: cdpl_compat_master.c:5948: in cdplMasterLogInfo(): info: [non-CDPL log entry] PWDP: set pilot doing!
1757191874.103859: 2525726-7f3a8f53d700: cdpl_server_ipc.c:1268: in _sv_ipc_thread(): debug: received RELAY message
1757191874.103867: 2525726-7f3a8f53d700: cdpl_server_ipc.c:713: in _sv_on_relay(): debug: RELAY message from W1, size = 189
1757191874.103869: 2525726-7f3a8f53d700: cdpl_server_ipc.c:715: in _sv_on_relay(): debug: RELAY message from W1, content = PILOTOK|saeSession4,1,diff_mode_gain|&/home/argershm/180-voltmeter/Analog/cc/simulation/integrator,tb_main_opamp,schematic/history_1/simulation/diff_mode_gain/PrimeSimSPICE/nominal/results
1757191874.103887: 2525726-7f3a8d539700: cdpl_compat_master.c:5948: in cdplMasterLogInfo(): info: [non-CDPL log entry] PWDP: set pilot done!
1757191874.104039: 2525726-7f3a8f53d700: cdpl_server_ipc.c:1268: in _sv_ipc_thread(): debug: received RELAY message
1757191874.104046: 2525726-7f3a8f53d700: cdpl_server_ipc.c:713: in _sv_on_relay(): debug: RELAY message from W1, size = 18
1757191874.104049: 2525726-7f3a8f53d700: cdpl_server_ipc.c:715: in _sv_on_relay(): debug: RELAY message from W1, content = 0$- - - MEASDOING
1757191874.368115: 2525726-7f3a8f53d700: cdpl_server_ipc.c:1268: in _sv_ipc_thread(): debug: received RELAY message
1757191874.368124: 2525726-7f3a8f53d700: cdpl_server_ipc.c:713: in _sv_on_relay(): debug: RELAY message from W1, size = 77
1757191874.368127: 2525726-7f3a8f53d700: cdpl_server_ipc.c:715: in _sv_on_relay(): debug: RELAY message from W1, content = 0$2526439 claws-compute3.ece.ncsu.edu 2526455 FINISHED 1757191867|1757191874
1757191874.370549: 2525726-7f3a8f53d700: cdpl_server_ipc.c:1268: in _sv_ipc_thread(): debug: received RELAY message
1757191874.370557: 2525726-7f3a8f53d700: cdpl_server_ipc.c:713: in _sv_on_relay(): debug: RELAY message from W1, size = 191
1757191874.370559: 2525726-7f3a8f53d700: cdpl_server_ipc.c:715: in _sv_on_relay(): debug: RELAY message from W1, content = PILOTDONE|saeSession4,1,diff_mode_gain|&/home/argershm/180-voltmeter/Analog/cc/simulation/integrator,tb_main_opamp,schematic/history_1/simulation/diff_mode_gain/PrimeSimSPICE/nominal/results
1757191874.370585: 2525726-7f3a8d539700: cdpl_compat_master.c:5948: in cdplMasterLogInfo(): info: [non-CDPL log entry] saeSession4,1,diff_mode_gain|&/home/argershm/180-voltmeter/Analog/cc/simulation/integrator,tb_main_opamp,schematic/history_1/simulation/diff_mode_gain/PrimeSimSPICE/nominal/results PILOTDONE!
1757191874.370799: 2525726-7f3a8f53d700: cdpl_server_ipc.c:1251: in _sv_ipc_thread(): debug: received FINISH message
1757191874.370802: 2525726-7f3a8f53d700: cdpl_server_ipc.c:983: in _sv_on_finish(): info: worker W1 completed task T0
1757191874.370804: 2525726-7f3a8f53d700: cdpl_server_ipc.c:988: in _sv_on_finish(): debug: stat T0: utime=3635 stime=1858
1757191874.370805: 2525726-7f3a8f53d700: cdpl_server_ipc.c:993: in _sv_on_finish(): debug: statm T0: vsize=3054952 rss=1036652 shared=519128 text=474784 data=710408
1757191874.371312: 2525726-7f3ad384b540: cdpl_server.c:227: in _sv_free_task_safe(): debug: freeing task T0
1757191874.375820: 2525726-7f3a8f53d700: cdpl_server_ipc.c:1268: in _sv_ipc_thread(): debug: received RELAY message
1757191874.375825: 2525726-7f3a8f53d700: cdpl_server_ipc.c:713: in _sv_on_relay(): debug: RELAY message from W1, size = 50
1757191874.375827: 2525726-7f3a8f53d700: cdpl_server_ipc.c:715: in _sv_on_relay(): debug: RELAY message from W1, content = WORKERDU|28,/dev/mapper/rhel_claws--compute3-home
1757191876.799449: 2525726-7f3ad384b540: cdpl_server.c:3008: in cdpl_sv_halt_job_errno(): info: killing job J1
1757191876.799468: 2525726-7f3ad384b540: cdpl_server.c:3044: in cdpl_sv_halt_job_errno(): debug: signal bin B1 scheduler to stop
1757191876.799490: 2525726-7f3a7effd700: cdpl_server_sched.c:2484: in _sv_scheduler_thread(): debug: scheduler for bin B1 stopped
1757191876.799522: 2525726-7f3a7effd700: cdpl_ipc.c:1657: in _host_drop__UNSAFE(): debug: dropping host `152.14.98.53:37024'
1757191876.799562: 2525726-7f3a7effd700: cdpl_server_sched.c:2830: in _sv_drop_worker(): info: down to 0 alive workers in B1
1757191876.799571: 2525726-7f3a7effd700: cdpl_farm.c:4152: in cdpl_farm_dismiss(): debug: down to 0 running processes
1757191876.799576: 2525726-7f3a8f53d700: cdpl_server_ipc.c:1236: in _sv_ipc_thread(): debug: received DROP notification
1757191876.799594: 2525726-7f3a7effd700: cdpl_server_sched.c:121: in _free_worker_2(): debug: freeing worker W1
1757191876.799608: 2525726-7f3a7effd700: cdpl_ipc.c:2513: in cdpl_ipc_host_release(): debug: releasing host `152.14.98.53:37024'
1757191876.799610: 2525726-7f3a7effd700: cdpl_ipc.c:2529: in cdpl_ipc_host_release(): debug: scheduling for immediate release
1757191876.799625: 2525726-7f3ad384b540: cdpl_server.c:294: in _sv_free_job(): info: freeing job J1
1757191876.799628: 2525726-7f3ad384b540: cdpl_server.c:92: in _sv_free_bin(): debug: freeing bin B1
1757191876.799666: 2525726-7f3ad384b540: cdpl_monitor.c:515: in cdpl_mn_kill(): info: killing monitor
1757191876.799672: 2525726-7f3ad384b540: cdpl_ipc.c:3677: in cdpl_ipc_kill(): debug: stopping event server
1757191876.799691: 2525726-7f3a8e53b700: cdpl_ipc.c:2460: in _epoll_main(): debug: server going down...
1757191876.799712: 2525726-7f3a8fd3e700: cdpl_ipc.c:775: in _readv(): warning: read(): EOF
1757191876.799733: 2525726-7f3a8fd3e700: cdpl_ipc.c:2100: in _epoll_recv(): debug: _readv(): Broken pipe
1757191876.799736: 2525726-7f3a8fd3e700: cdpl_ipc.c:2424: in _epoll_main(): debug: _epoll_recv(): Broken pipe
1757191876.799740: 2525726-7f3a8fd3e700: cdpl_ipc.c:1657: in _host_drop__UNSAFE(): debug: dropping host `152.14.98.53:43914'
1757191876.799778: 2525726-7f3a8fd3e700: cdpl_ipc.c:1582: in _host_free__UNSAFE(): debug: freeing host `152.14.98.53:37024'
1757191876.799780: 2525726-7f3a8fd3e700: cdpl_ipc.c:1621: in _host_free__UNSAFE(): debug: [0 outq, 0 spR, 0 spW]
1757191876.799825: 2525726-7f3a8f53d700: cdpl_server_ipc.c:1236: in _sv_ipc_thread(): debug: received DROP notification
1757191876.799833: 2525726-7f3a8ed3c700: cdpl_ipc.c:3728: in cdpl_ipc_free(): debug: releasing IPC handle
1757191876.799836: 2525726-7f3a8ed3c700: cdpl_ipc.c:1582: in _host_free__UNSAFE(): debug: freeing host `152.14.98.53:37239'
1757191876.799843: 2525726-7f3a8ed3c700: cdpl_ipc.c:1621: in _host_free__UNSAFE(): debug: [0 outq, 0 spR, 0 spW]
1757191876.799845: 2525726-7f3a8f53d700: cdpl_monitor.c:1269: in cdpl_mn_drop(): debug: detaching from monitor `152.14.98.53:43914'
1757191876.799850: 2525726-7f3a8f53d700: cdpl_monitor.c:1101: in mn_systat_stop(): debug: joining systat thread
1757191876.799854: 2525726-7f3a8ed3c700: cdpl_ipc.c:1582: in _host_free__UNSAFE(): debug: freeing host `152.14.98.53:35095'
1757191876.799857: 2525726-7f3a8ed3c700: cdpl_ipc.c:1621: in _host_free__UNSAFE(): debug: [0 outq, 0 spR, 0 spW]
1757191876.799863: 2525726-7f3a8ed3c700: cdpl_ipc.c:3756: in cdpl_ipc_free(): warning: 2 host(s) were not released
1757191876.799875: 2525726-7f3a8ed3c700: cdpl_ipc.c:3767: in cdpl_ipc_free(): debug: done
1757191876.799877: 2525726-7f3a8ed3c700: cdpl_monitor.c:1390: in cdpl_mn_free(): debug: freeing monitor client
1757191876.799888: 2525726-7f3a8cd38700: cdpl_monitor.c:1079: in mn_systat(): debug: exiting
1757191876.799899: 2525726-7f3a8f53d700: cdpl_monitor.c:1103: in mn_systat_stop(): debug: systat thread done
1757191876.799903: 2525726-7f3a8f53d700: cdpl_ipc.c:2513: in cdpl_ipc_host_release(): debug: releasing host `152.14.98.53:43914'
1757191876.800063: 2525726-7f3ad384b540: cdpl_farm.c:2740: in cdpl_farm_free(): info: freeing farm
1757191876.800080: 2525726-7f3a7e7fc700: cdpl_farm.c:2231: in _schedule(): debug: end of idling
1757191876.800084: 2525726-7f3a7e7fc700: cdpl_farm.c:2235: in _schedule(): debug: dying
1757191876.800118: 2525726-7f3ad384b540: cdpl_farm.c:913: in _killall(): debug: killing all remaining commands
1757191876.800129: 2525726-7f3ad384b540: cdpl_server.c:3144: in cdpl_sv_free(): info: freeing server S1660112053
1757191876.800144: 2525726-7f3ad384b540: cdpl_server.c:3109: in cdpl_sv_kill_errno(): info: killing server
1757191876.800145: 2525726-7f3ad384b540: cdpl_ipc.c:3677: in cdpl_ipc_kill(): debug: stopping event server
1757191876.800156: 2525726-7f3a8f53d700: cdpl_server_ipc.c:1200: in _sv_ipc_thread(): debug: leaving now
1757191876.800158: 2525726-7f3a8fd3e700: cdpl_ipc.c:2460: in _epoll_main(): debug: server going down...
1757191876.800168: 2525726-7f3ad384b540: cdpl_server.c:334: in _sv_free_master(): info: freeing master M1
1757191876.800174: 2525726-7f3ad384b540: cdpl_hash.c:68: in cdpl_h_destroy(): debug: put operations: 1
1757191876.800176: 2525726-7f3ad384b540: cdpl_hash.c:69: in cdpl_h_destroy(): debug: put collisions: 0
1757191876.800177: 2525726-7f3ad384b540: cdpl_hash.c:70: in cdpl_h_destroy(): debug: get operations: 1
1757191876.800179: 2525726-7f3ad384b540: cdpl_hash.c:71: in cdpl_h_destroy(): debug: get iterations: 1
1757191876.800187: 2525726-7f3ad384b540: cdpl_monitor.c:1390: in cdpl_mn_free(): debug: freeing monitor server
1757191876.800189: 2525726-7f3ad384b540: cdpl_ipc.c:3728: in cdpl_ipc_free(): debug: releasing IPC handle
1757191876.800191: 2525726-7f3ad384b540: cdpl_ipc.c:1582: in _host_free__UNSAFE(): debug: freeing host `152.14.98.53:43914'
1757191876.800193: 2525726-7f3ad384b540: cdpl_ipc.c:1621: in _host_free__UNSAFE(): debug: [0 outq, 0 spR, 0 spW]
1757191876.800206: 2525726-7f3ad384b540: cdpl_ipc.c:3767: in cdpl_ipc_free(): debug: done
1757191876.800211: 2525726-7f3ad384b540: cdpl_log.c:481: in cdpl_log_close(): info: @@end_of_log@@
