1757023499.485312: 3948306-7fcf4d9c9540: cdpl_log.c:337: in cdpl_log_open(): info: @@start_of_log@@
1757023499.485333: 3948306-7fcf4d9c9540: cdpl_log.c:1058: in cdpl_log_dump_sysinfo(): info: time: 2025/09/04 18:04:59 EDT -0400
1757023499.485335: 3948306-7fcf4d9c9540: cdpl_log.c:1060: in cdpl_log_dump_sysinfo(): info: version: W-2024.09-SP1-2 
1757023499.485337: 3948306-7fcf4d9c9540: cdpl_log.c:1062: in cdpl_log_dump_sysinfo(): info: system: Linux 4.18.0-553.69.1.el8_10.x86_64 #1 SMP Thu Aug 7 18:10:00 EDT 2025
1757023499.485339: 3948306-7fcf4d9c9540: cdpl_log.c:1067: in cdpl_log_dump_sysinfo(): info: processor: x86_64 64-bits
1757023499.485340: 3948306-7fcf4d9c9540: cdpl_log.c:1071: in cdpl_log_dump_sysinfo(): info: hostname: claws-compute3.ece.ncsu.edu
1757023499.485342: 3948306-7fcf4d9c9540: cdpl_log.c:1073: in cdpl_log_dump_sysinfo(): info: program name: custom_shell
1757023499.485344: 3948306-7fcf4d9c9540: cdpl_log.c:340: in cdpl_log_open(): debug: path: /home/argershm/180-voltmeter/Analog/cc/synopsys_custom/pwdp_jobs/saeSession2_PrimeSimdefault.SimulationSimulation_cdpl.0.3948306/logs/master.claws-compute3.ece.ncsu.edu.3948306.log
1757023499.485346: 3948306-7fcf4d9c9540: cdpl_log.c:341: in cdpl_log_open(): debug: dir: /home/argershm/180-voltmeter/Analog/cc/synopsys_custom/pwdp_jobs/saeSession2_PrimeSimdefault.SimulationSimulation_cdpl.0.3948306/logs
1757023499.485372: 3948306-7fcf4d9c9540: cdpl_server.c:536: in cdpl_sv_init(): info: new server S1621186506
1757023499.485381: 3948306-7fcf4d9c9540: cdpl_ipc.c:3475: in cdpl_ipc_init(): info: requesting IPv4 protocol
1757023499.490977: 3948306-7fcf4d9c9540: cdpl_ipc.c:837: in _selectaddrfamily(): info: selected IPv4 protocol
1757023499.491001: 3948306-7fcf4d9c9540: cdpl_ipc.c:1139: in _set_keepalive(): info: TCP keep alive interval: 300
1757023499.493583: 3948306-7fcf4d9c9540: cdpl_monitor.c:1117: in cdpl_mn_new_server(): info: creating server monitor instance
1757023499.493596: 3948306-7fcf4d9c9540: cdpl_server.c:650: in cdpl_sv_new_master(): info: new master M1
1757023499.493603: 3948306-7fcf4d9c9540: cdpl_server.c:6533: in cdpl_sv_ctl_master(): info: Setting worker heartbeat to 120 seconds
1757023499.493605: 3948306-7fcf4d9c9540: cdpl_server.c:6542: in cdpl_sv_ctl_master(): info: Setting worker heartbeat timeout to 3 heartbeats
1757023499.493607: 3948306-7fcf4d9c9540: cdpl_compat_master.c:2090: in _parse_hostfile(): info: reading hostfile `/home/argershm/180-voltmeter/Analog/cc/synopsys_custom/pwdp_jobs/saeSession2_PrimeSimdefault.SimulationSimulation_cdpl.0.3948306/host_file'
1757023499.493630: 3948306-7fcf4d9c9540: cdpl_compat_master.c:1900: in _hostfile_parser(): debug: parsing "1     |localhost|   -1  | /tmp | SH | sh"
1757023499.493642: 3948306-7fcf4d9c9540: cdpl_farm.c:2578: in cdpl_farm_new_sh(): info: creating SH farm on localhost
1757023499.493648: 3948306-7fcf4d9c9540: cdpl_compat_master.c:206: in _set_farm_env(): info: exporting CDPL_LOGDIR as `/home/argershm/180-voltmeter/Analog/cc/synopsys_custom/pwdp_jobs/saeSession2_PrimeSimdefault.SimulationSimulation_cdpl.0.3948306/logs'
1757023499.493649: 3948306-7fcf4d9c9540: cdpl_compat_master.c:212: in _set_farm_env(): info: exporting CDPL_TMPDIR as `/tmp'
1757023499.493651: 3948306-7fcf4d9c9540: cdpl_compat_master.c:235: in _set_farm_env(): info: exporting SNPSLMD_LICENSE_FILE as `27000@ece-lic-35.ece.ncsu.edu'
1757023499.493653: 3948306-7fcf4d9c9540: cdpl_compat_master.c:259: in _set_farm_env(): info: exporting CDPL_OPTIONS as `[nowlogs]'
1757023499.493655: 3948306-7fcf4d9c9540: cdpl_compat_master.c:266: in _set_farm_env(): info: exporting DISPLAY as `unix:26947'
1757023499.493656: 3948306-7fcf4d9c9540: cdpl_compat_master.c:274: in _set_farm_env(): info: exporting CDPL_HEARTBEAT as `120'
1757023499.493666: 3948306-7fcf4d9c9540: cdpl_farm.c:3149: in cdpl_farm_add_withdir(): debug: added `localhost' (capacity: unlimited)
1757023499.493667: 3948306-7fcf4d9c9540: cdpl_compat_parse.c:147: in parsefile(): debug: read `/home/argershm/180-voltmeter/Analog/cc/synopsys_custom/pwdp_jobs/saeSession2_PrimeSimdefault.SimulationSimulation_cdpl.0.3948306/host_file', 2 lines
1757023499.493673: 3948306-7fcf4d9c9540: cdpl_compat_master.c:2931: in cdplInitMaster(): info: bcast dir is `/home/argershm/180-voltmeter/Analog/cc/synopsys_custom/pwdp_jobs/saeSession2_PrimeSimdefault.SimulationSimulation_cdpl.0.3948306/logs'
1757023499.493722: 3948306-7fcf4d9c9540: cdpl_server.c:6433: in cdpl_sv_ctl_master(): info: farm worker timeout set to 300
1757023499.493724: 3948306-7fcf4d9c9540: cdpl_server.c:6486: in cdpl_sv_ctl_master(): info: maximum number of task execution attempts set to 1
1757023499.493738: 3948306-7fcf4d9c9540: cdpl_server.c:3195: in cdpl_sv_start(): debug: starting server
1757023499.493742: 3948306-7fcf4d9c9540: cdpl_ipc.c:3632: in cdpl_ipc_start(): debug: starting IPC server 152.14.98.53:34099
1757023499.493883: 3948306-7fcf1186b700: cdpl_server_ipc.c:1182: in _sv_ipc_thread(): debug: ready
1757023499.494008: 3948306-7fcf1106a700: cdpl_monitor.c:426: in cdpl_mn_init_client(): info: creating client monitor instance
1757023499.494027: 3948306-7fcf1106a700: cdpl_ipc.c:3475: in cdpl_ipc_init(): info: requesting IPv4 protocol
1757023499.498819: 3948306-7fcf1106a700: cdpl_ipc.c:837: in _selectaddrfamily(): info: selected IPv4 protocol
1757023499.498841: 3948306-7fcf1106a700: cdpl_ipc.c:1139: in _set_keepalive(): info: TCP keep alive interval: 300
1757023499.501410: 3948306-7fcf1106a700: cdpl_ipc.c:3632: in cdpl_ipc_start(): debug: starting IPC server 152.14.98.53:35743
1757023499.501547: 3948306-7fcf1106a700: cdpl_monitor.c:471: in cdpl_mn_init_client(): debug: incoming messages in /tmp/cdpl-monitor-N0QnyG
1757023499.501651: 3948306-7fcf1106a700: cdpl_monitor.c:533: in cdpl_mn_connect(): debug: connecting to 152.14.98.53:34099
1757023499.501661: 3948306-7fcf1106a700: cdpl_ipc.c:3789: in cdpl_ipc_connect(): info: connecting to 152.14.98.53:34099
1757023499.501777: 3948306-7fcf1106a700: cdpl_ipc.c:3860: in cdpl_ipc_connect(): info: connected as `152.14.98.53:36092'
1757023499.501793: 3948306-7fcf1106a700: cdpl_ipc.c:2503: in cdpl_ipc_host_accept(): debug: accepted host `152.14.98.53:34099'
1757023499.501805: 3948306-7fcf1206c700: cdpl_ipc.c:1862: in _epoll_accept(): debug: new connection from `152.14.98.53:36092'
1757023499.501828: 3948306-7fcf1106a700: cdpl_monitor.c:579: in cdpl_mn_connect(): debug: ok
1757023499.501848: 3948306-7fcf4d9c9540: cdpl_server.c:731: in cdpl_sv_new_job(): info: new job J1 in M1
1757023499.501856: 3948306-7fcf1186b700: cdpl_server_ipc.c:1225: in _sv_ipc_thread(): debug: received ACCEPT notification
1757023499.501867: 3948306-7fcf1186b700: cdpl_ipc.c:2503: in cdpl_ipc_host_accept(): debug: accepted host `152.14.98.53:36092'
1757023499.501874: 3948306-7fcf4d9c9540: cdpl_compat_master.c:1581: in _add_worker(): info: new worker type 10, min:1, max:3, cmd:`/home/argershm/180-voltmeter/Analog/cc/synopsys_custom/pwdp_jobs/saeSession2_PrimeSimdefault.SimulationSimulation_cdpl.0.3948306/START_WORKER pw_worker -i /home/argershm/180-voltmeter/Analog/cc/synopsys_custom/pwdp_j
1757023499.501880: 3948306-7fcf1186b700: cdpl_server_ipc.c:1256: in _sv_ipc_thread(): debug: received MONITOR message
1757023499.501886: 3948306-7fcf4d9c9540: cdpl_server.c:908: in cdpl_sv_new_bin_withfarm(): info: new bin B1 in J1
1757023499.502046: 3948306-7fcf1186b700: cdpl_monitor.c:1207: in cdpl_mn_accept(): debug: accepted monitor `152.14.98.53:36092'
1757023499.502054: 3948306-7fcf1186b700: cdpl_server_ipc_mon.c:120: in _globalLOCK(): debug: ENTERTING GLOBAL LOCK
1757023499.502056: 3948306-7fcf1186b700: cdpl_server_ipc_mon.c:164: in _globalLOCK(): debug: global lock acquired
1757023499.502085: 3948306-7fcf037fe700: cdpl_monitor.c:910: in mn_systat(): debug: started
1757023499.502412: 3948306-7fcf037fe700: cdpl_monitor.c:937: in mn_systat(): debug: monitor server flush rate: 5
1757023500.330310: 3948306-7fcf1186b700: cdpl_server_ipc_mon.c:210: in _globalUNLOCK(): debug: LEAVING GLOBAL LOCK
1757023500.330329: 3948306-7fcf4d9c9540: cdpl_server.c:3249: in cdpl_sv_start_job(): info: starting job J1
1757023500.330359: 3948306-7fcf4d9c9540: cdpl_server.c:62: in _sv_start_bin(): debug: starting bin B1 (min: 0, max: 3)
1757023500.330489: 3948306-7fcf017fa700: cdpl_server_sched.c:2482: in _sv_scheduler_thread(): debug: scheduler for bin B1 started
1757023500.330526: 3948306-7fcf4d9c9540: cdpl_server.c:1893: in _sv_gen_task(): info: new task T0 in B1 (prio 0)
1757023500.330562: 3948306-7fcf4d9c9540: cdpl_server.c:2698: in cdpl_sv_label_task_va(): info: setting task T0 label to "PrimeSim_1|PrimeSim"
1757023500.330612: 3948306-7fcf017fa700: cdpl_server_sched.c:2443: in _scheduler_run(): debug: will start a new worker
1757023500.330651: 3948306-7fcf017fa700: cdpl_farm.c:3977: in cdpl_farm_submit(): debug: 1 running processes
1757023500.330654: 3948306-7fcf017fa700: cdpl_farm.c:3985: in cdpl_farm_submit(): debug: new command C1 in bin B1 assigned to host `localhost'
1757023500.330720: 3948306-7fcf017fa700: cdpl_server_sched.c:705: in _sv_launch_worker(): info: started worker W1 (as C1) in bin B1
1757023500.330737: 3948306-7fcf00ff9700: cdpl_farm.c:2139: in _schedule(): debug: started
1757023500.330748: 3948306-7fcf00ff9700: cdpl_farm.c:2303: in _schedule(): debug: submitting command C1 in bin B1
1757023500.330764: 3948306-7fcf00ff9700: cdpl_sh.c:49: in _sh_detached_submit(): info: SH : /home/argershm/180-voltmeter/Analog/cc/synopsys_custom/pwdp_jobs/saeSession2_PrimeSimdefault.SimulationSimulation_cdpl.0.3948306/START_WORKER pw_worker -i /home/argershm/180-voltmeter/Analog/cc/synopsys_custom/pwdp_jobs/saeSession2_PrimeSimdefault.SimulationSimulation_cdpl.0.3948306 -t 10000
1757023500.337185: 3948306-7fcf00ff9700: cdpl_farm.c:2343: in _schedule(): debug: C1 in bin B1 running on slot 0
1757023500.337230: 3948306-7fcf00ff9700: cdpl_farm.c:2167: in _schedule(): debug: idle
1757023500.342532: 3948306-7fcf4d9c9540: cdpl_compat_master.c:5948: in cdplMasterLogInfo(): info: [non-CDPL log entry] PWDP3: reset pilot cache succeeded, pilot_key=saeSession2,1,PrimeSim_default|&/home/argershm/180-voltmeter/Analog/cc/simulation/gmid,gmid_nfet_3v3,schematic/history_1/simulation/PrimeSim_default/PrimeSimSPICE/parametric/results
1757023500.637303: 3948306-7fcf00ff9700: cdpl_farm.c:1193: in _onexit(): debug: C1 in bin B1 exited normally on slot 0
1757023501.441635: 3948306-7fcf027fc700: cdpl_compat_master.c:5948: in cdplMasterLogInfo(): info: [non-CDPL log entry] PWDP - no-workers started ok check start!
1757023502.265223: 3948306-7fcf1206c700: cdpl_ipc.c:1862: in _epoll_accept(): debug: new connection from `152.14.98.53:36104'
1757023502.265778: 3948306-7fcf1186b700: cdpl_server_ipc.c:1225: in _sv_ipc_thread(): debug: received ACCEPT notification
1757023502.265794: 3948306-7fcf1186b700: cdpl_ipc.c:2503: in cdpl_ipc_host_accept(): debug: accepted host `152.14.98.53:36104'
1757023502.265809: 3948306-7fcf1186b700: cdpl_server_ipc.c:1246: in _sv_ipc_thread(): debug: received HELLO message
1757023502.265811: 3948306-7fcf1186b700: cdpl_server_ipc.c:430: in _sv_on_hello(): debug: looking up W1
1757023502.265815: 3948306-7fcf1186b700: cdpl_server_ipc.c:540: in _sv_on_hello(): info: W1 is `152.14.98.53:36104'
1757023502.265816: 3948306-7fcf1186b700: cdpl_server_ipc.c:541: in _sv_on_hello(): debug: hello W1 (B1)
1757023502.265818: 3948306-7fcf1186b700: cdpl_server_ipc.c:542: in _sv_on_hello(): info: W1 log file is /dev/null
1757023502.265858: 3948306-7fcf1186b700: cdpl_server_ipc.c:602: in _sv_on_hello(): info: up to 1 alive workers in B1
1757023502.265864: 3948306-7fcf1186b700: cdpl_farm.c:878: in _release_cmd(): debug: freeing command C1 in bin B1
1757023502.265877: 3948306-7fcf017fa700: cdpl_server_sched.c:960: in _assign(): info: assigning task T0 to worker W1
1757023502.330149: 3948306-7fcf1186b700: cdpl_server_ipc.c:1268: in _sv_ipc_thread(): debug: received RELAY message
1757023502.330163: 3948306-7fcf1186b700: cdpl_server_ipc.c:713: in _sv_on_relay(): debug: RELAY message from W1, size = 65
1757023502.330165: 3948306-7fcf1186b700: cdpl_server_ipc.c:715: in _sv_on_relay(): debug: RELAY message from W1, content = 0$3948922 claws-compute3.ece.ncsu.edu 3948945 RUNNING 1757023502
1757023503.265626: 3948306-7fcf1186b700: cdpl_server_ipc.c:312: in _sv_on_heartbeat(): debug: received HEARTBEAT from worker W1 at 152.14.98.53:36104
1757023504.503110: 3948306-7fcf1106a700: cdpl_monitor.c:533: in cdpl_mn_connect(): debug: connecting to 152.14.98.53:45955
1757023504.503120: 3948306-7fcf1106a700: cdpl_ipc.c:3789: in cdpl_ipc_connect(): info: connecting to 152.14.98.53:45955
1757023504.503259: 3948306-7fcf1106a700: cdpl_ipc.c:3860: in cdpl_ipc_connect(): info: connected as `152.14.98.53:44272'
1757023504.503265: 3948306-7fcf1106a700: cdpl_ipc.c:2503: in cdpl_ipc_host_accept(): debug: accepted host `152.14.98.53:45955'
1757023504.503270: 3948306-7fcf1106a700: cdpl_monitor.c:579: in cdpl_mn_connect(): debug: ok
1757023509.182683: 3948306-7fcf1186b700: cdpl_server_ipc.c:1268: in _sv_ipc_thread(): debug: received RELAY message
1757023509.182700: 3948306-7fcf1186b700: cdpl_server_ipc.c:713: in _sv_on_relay(): debug: RELAY message from W1, size = 52
1757023509.182703: 3948306-7fcf1186b700: cdpl_server_ipc.c:715: in _sv_on_relay(): debug: RELAY message from W1, content = WORKERDU|1168,/dev/mapper/rhel_claws--compute3-home
1757023509.182709: 3948306-7fcf1186b700: cdpl_server_ipc.c:1268: in _sv_ipc_thread(): debug: received RELAY message
1757023509.182711: 3948306-7fcf1186b700: cdpl_server_ipc.c:713: in _sv_on_relay(): debug: RELAY message from W1, size = 194
1757023509.182713: 3948306-7fcf1186b700: cdpl_server_ipc.c:715: in _sv_on_relay(): debug: RELAY message from W1, content = REQPILOT|saeSession2,1,PrimeSim_default|&/home/argershm/180-voltmeter/Analog/cc/simulation/gmid,gmid_nfet_3v3,schematic/history_1/simulation/PrimeSim_default/PrimeSimSPICE/parametric/results|&0
1757023509.182792: 3948306-7fcf02ffd700: cdpl_compat_master.c:5948: in cdplMasterLogInfo(): info: [non-CDPL log entry] PWDP send back 'DOPILOT' to worker id:1 key: saeSession2,1,PrimeSim_default|&/home/argershm/180-voltmeter/Analog/cc/simulation/gmid,gmid_nfet_3v3,schematic/history_1/simulation/PrimeSim_default/PrimeSimSPICE/parametric/results
1757023509.183014: 3948306-7fcf02ffd700: cdpl_compat_master.c:5948: in cdplMasterLogInfo(): info: [non-CDPL log entry] PWDP: set pilot doing!
1757023509.186432: 3948306-7fcf1186b700: cdpl_server_ipc.c:1268: in _sv_ipc_thread(): debug: received RELAY message
1757023509.186441: 3948306-7fcf1186b700: cdpl_server_ipc.c:713: in _sv_on_relay(): debug: RELAY message from W1, size = 190
1757023509.186444: 3948306-7fcf1186b700: cdpl_server_ipc.c:715: in _sv_on_relay(): debug: RELAY message from W1, content = PILOTOK|saeSession2,1,PrimeSim_default|&/home/argershm/180-voltmeter/Analog/cc/simulation/gmid,gmid_nfet_3v3,schematic/history_1/simulation/PrimeSim_default/PrimeSimSPICE/parametric/results
1757023509.186463: 3948306-7fcf02ffd700: cdpl_compat_master.c:5948: in cdplMasterLogInfo(): info: [non-CDPL log entry] PWDP: set pilot done!
1757023509.186536: 3948306-7fcf1186b700: cdpl_server_ipc.c:1268: in _sv_ipc_thread(): debug: received RELAY message
1757023509.186542: 3948306-7fcf1186b700: cdpl_server_ipc.c:713: in _sv_on_relay(): debug: RELAY message from W1, size = 18
1757023509.186545: 3948306-7fcf1186b700: cdpl_server_ipc.c:715: in _sv_on_relay(): debug: RELAY message from W1, content = 0$- - - MEASDOING
1757023509.408186: 3948306-7fcf1186b700: cdpl_server_ipc.c:1268: in _sv_ipc_thread(): debug: received RELAY message
1757023509.408198: 3948306-7fcf1186b700: cdpl_server_ipc.c:713: in _sv_on_relay(): debug: RELAY message from W1, size = 77
1757023509.408201: 3948306-7fcf1186b700: cdpl_server_ipc.c:715: in _sv_on_relay(): debug: RELAY message from W1, content = 0$3948922 claws-compute3.ece.ncsu.edu 3948945 FINISHED 1757023502|1757023509
1757023509.409791: 3948306-7fcf1186b700: cdpl_server_ipc.c:1268: in _sv_ipc_thread(): debug: received RELAY message
1757023509.409799: 3948306-7fcf1186b700: cdpl_server_ipc.c:713: in _sv_on_relay(): debug: RELAY message from W1, size = 192
1757023509.409802: 3948306-7fcf1186b700: cdpl_server_ipc.c:715: in _sv_on_relay(): debug: RELAY message from W1, content = PILOTDONE|saeSession2,1,PrimeSim_default|&/home/argershm/180-voltmeter/Analog/cc/simulation/gmid,gmid_nfet_3v3,schematic/history_1/simulation/PrimeSim_default/PrimeSimSPICE/parametric/results
1757023509.409830: 3948306-7fcf02ffd700: cdpl_compat_master.c:5948: in cdplMasterLogInfo(): info: [non-CDPL log entry] saeSession2,1,PrimeSim_default|&/home/argershm/180-voltmeter/Analog/cc/simulation/gmid,gmid_nfet_3v3,schematic/history_1/simulation/PrimeSim_default/PrimeSimSPICE/parametric/results PILOTDONE!
1757023509.410151: 3948306-7fcf1186b700: cdpl_server_ipc.c:1251: in _sv_ipc_thread(): debug: received FINISH message
1757023509.410160: 3948306-7fcf1186b700: cdpl_server_ipc.c:983: in _sv_on_finish(): info: worker W1 completed task T0
1757023509.410162: 3948306-7fcf1186b700: cdpl_server_ipc.c:988: in _sv_on_finish(): debug: stat T0: utime=3694 stime=1951
1757023509.410164: 3948306-7fcf1186b700: cdpl_server_ipc.c:993: in _sv_on_finish(): debug: statm T0: vsize=3054328 rss=1031304 shared=516436 text=474784 data=709436
1757023509.415161: 3948306-7fcf1186b700: cdpl_server_ipc.c:1268: in _sv_ipc_thread(): debug: received RELAY message
1757023509.415169: 3948306-7fcf1186b700: cdpl_server_ipc.c:713: in _sv_on_relay(): debug: RELAY message from W1, size = 50
1757023509.415171: 3948306-7fcf1186b700: cdpl_server_ipc.c:715: in _sv_on_relay(): debug: RELAY message from W1, content = WORKERDU|16,/dev/mapper/rhel_claws--compute3-home
1757023509.472057: 3948306-7fcf4d9c9540: cdpl_server.c:227: in _sv_free_task_safe(): debug: freeing task T0
1757023510.142788: 3948306-7fcf4d9c9540: cdpl_server.c:3008: in cdpl_sv_halt_job_errno(): info: killing job J1
1757023510.142815: 3948306-7fcf4d9c9540: cdpl_server.c:3044: in cdpl_sv_halt_job_errno(): debug: signal bin B1 scheduler to stop
1757023510.142834: 3948306-7fcf017fa700: cdpl_server_sched.c:2484: in _sv_scheduler_thread(): debug: scheduler for bin B1 stopped
1757023510.142871: 3948306-7fcf017fa700: cdpl_ipc.c:1657: in _host_drop__UNSAFE(): debug: dropping host `152.14.98.53:36104'
1757023510.142911: 3948306-7fcf017fa700: cdpl_server_sched.c:2830: in _sv_drop_worker(): info: down to 0 alive workers in B1
1757023510.142916: 3948306-7fcf1186b700: cdpl_server_ipc.c:1236: in _sv_ipc_thread(): debug: received DROP notification
1757023510.142924: 3948306-7fcf017fa700: cdpl_farm.c:4152: in cdpl_farm_dismiss(): debug: down to 0 running processes
1757023510.142938: 3948306-7fcf017fa700: cdpl_server_sched.c:121: in _free_worker_2(): debug: freeing worker W1
1757023510.142954: 3948306-7fcf017fa700: cdpl_ipc.c:2513: in cdpl_ipc_host_release(): debug: releasing host `152.14.98.53:36104'
1757023510.142959: 3948306-7fcf017fa700: cdpl_ipc.c:2529: in cdpl_ipc_host_release(): debug: scheduling for immediate release
1757023510.143464: 3948306-7fcf4d9c9540: cdpl_server.c:294: in _sv_free_job(): info: freeing job J1
1757023510.143470: 3948306-7fcf4d9c9540: cdpl_server.c:92: in _sv_free_bin(): debug: freeing bin B1
1757023510.143512: 3948306-7fcf4d9c9540: cdpl_monitor.c:515: in cdpl_mn_kill(): info: killing monitor
1757023510.143516: 3948306-7fcf4d9c9540: cdpl_ipc.c:3677: in cdpl_ipc_kill(): debug: stopping event server
1757023510.143557: 3948306-7fcf10869700: cdpl_ipc.c:775: in _readv(): warning: read(): EOF
1757023510.143573: 3948306-7fcf1206c700: cdpl_ipc.c:775: in _readv(): warning: read(): EOF
1757023510.143598: 3948306-7fcf1206c700: cdpl_ipc.c:2100: in _epoll_recv(): debug: _readv(): Broken pipe
1757023510.143600: 3948306-7fcf1206c700: cdpl_ipc.c:2424: in _epoll_main(): debug: _epoll_recv(): Broken pipe
1757023510.143605: 3948306-7fcf1206c700: cdpl_ipc.c:1657: in _host_drop__UNSAFE(): debug: dropping host `152.14.98.53:36092'
1757023510.143609: 3948306-7fcf10869700: cdpl_ipc.c:2100: in _epoll_recv(): debug: _readv(): Broken pipe
1757023510.143613: 3948306-7fcf10869700: cdpl_ipc.c:2424: in _epoll_main(): debug: _epoll_recv(): Broken pipe
1757023510.143615: 3948306-7fcf10869700: cdpl_ipc.c:1657: in _host_drop__UNSAFE(): debug: dropping host `152.14.98.53:45955'
1757023510.143633: 3948306-7fcf10869700: cdpl_ipc.c:2460: in _epoll_main(): debug: server going down...
1757023510.143638: 3948306-7fcf1206c700: cdpl_ipc.c:1582: in _host_free__UNSAFE(): debug: freeing host `152.14.98.53:36104'
1757023510.143651: 3948306-7fcf1206c700: cdpl_ipc.c:1621: in _host_free__UNSAFE(): debug: [0 outq, 0 spR, 0 spW]
1757023510.143662: 3948306-7fcf1186b700: cdpl_server_ipc.c:1236: in _sv_ipc_thread(): debug: received DROP notification
1757023510.143677: 3948306-7fcf1186b700: cdpl_monitor.c:1269: in cdpl_mn_drop(): debug: detaching from monitor `152.14.98.53:36092'
1757023510.143681: 3948306-7fcf1186b700: cdpl_monitor.c:1101: in mn_systat_stop(): debug: joining systat thread
1757023510.143740: 3948306-7fcf037fe700: cdpl_monitor.c:1079: in mn_systat(): debug: exiting
1757023510.143765: 3948306-7fcf1186b700: cdpl_monitor.c:1103: in mn_systat_stop(): debug: systat thread done
1757023510.143768: 3948306-7fcf1186b700: cdpl_ipc.c:2513: in cdpl_ipc_host_release(): debug: releasing host `152.14.98.53:36092'
1757023510.143774: 3948306-7fcf1106a700: cdpl_ipc.c:3728: in cdpl_ipc_free(): debug: releasing IPC handle
1757023510.143779: 3948306-7fcf1106a700: cdpl_ipc.c:1582: in _host_free__UNSAFE(): debug: freeing host `152.14.98.53:45955'
1757023510.143781: 3948306-7fcf1106a700: cdpl_ipc.c:1621: in _host_free__UNSAFE(): debug: [0 outq, 0 spR, 0 spW]
1757023510.143783: 3948306-7fcf1106a700: cdpl_ipc.c:1582: in _host_free__UNSAFE(): debug: freeing host `152.14.98.53:34099'
1757023510.143785: 3948306-7fcf1106a700: cdpl_ipc.c:1621: in _host_free__UNSAFE(): debug: [0 outq, 0 spR, 0 spW]
1757023510.143798: 3948306-7fcf1106a700: cdpl_ipc.c:3756: in cdpl_ipc_free(): warning: 2 host(s) were not released
1757023510.143812: 3948306-7fcf1106a700: cdpl_ipc.c:3767: in cdpl_ipc_free(): debug: done
1757023510.143813: 3948306-7fcf1106a700: cdpl_monitor.c:1390: in cdpl_mn_free(): debug: freeing monitor client
1757023510.143895: 3948306-7fcf4d9c9540: cdpl_farm.c:2740: in cdpl_farm_free(): info: freeing farm
1757023510.143920: 3948306-7fcf00ff9700: cdpl_farm.c:2231: in _schedule(): debug: end of idling
1757023510.143928: 3948306-7fcf00ff9700: cdpl_farm.c:2235: in _schedule(): debug: dying
1757023510.143965: 3948306-7fcf4d9c9540: cdpl_farm.c:913: in _killall(): debug: killing all remaining commands
1757023510.143978: 3948306-7fcf4d9c9540: cdpl_server.c:3144: in cdpl_sv_free(): info: freeing server S1621186506
1757023510.143993: 3948306-7fcf4d9c9540: cdpl_server.c:3109: in cdpl_sv_kill_errno(): info: killing server
1757023510.143994: 3948306-7fcf4d9c9540: cdpl_ipc.c:3677: in cdpl_ipc_kill(): debug: stopping event server
1757023510.144006: 3948306-7fcf1206c700: cdpl_ipc.c:2460: in _epoll_main(): debug: server going down...
1757023510.144012: 3948306-7fcf1186b700: cdpl_server_ipc.c:1200: in _sv_ipc_thread(): debug: leaving now
1757023510.144021: 3948306-7fcf4d9c9540: cdpl_server.c:334: in _sv_free_master(): info: freeing master M1
1757023510.144028: 3948306-7fcf4d9c9540: cdpl_hash.c:68: in cdpl_h_destroy(): debug: put operations: 1
1757023510.144030: 3948306-7fcf4d9c9540: cdpl_hash.c:69: in cdpl_h_destroy(): debug: put collisions: 0
1757023510.144031: 3948306-7fcf4d9c9540: cdpl_hash.c:70: in cdpl_h_destroy(): debug: get operations: 1
1757023510.144033: 3948306-7fcf4d9c9540: cdpl_hash.c:71: in cdpl_h_destroy(): debug: get iterations: 1
1757023510.144041: 3948306-7fcf4d9c9540: cdpl_monitor.c:1390: in cdpl_mn_free(): debug: freeing monitor server
1757023510.144043: 3948306-7fcf4d9c9540: cdpl_ipc.c:3728: in cdpl_ipc_free(): debug: releasing IPC handle
1757023510.144044: 3948306-7fcf4d9c9540: cdpl_ipc.c:1582: in _host_free__UNSAFE(): debug: freeing host `152.14.98.53:36092'
1757023510.144046: 3948306-7fcf4d9c9540: cdpl_ipc.c:1621: in _host_free__UNSAFE(): debug: [0 outq, 0 spR, 0 spW]
1757023510.144060: 3948306-7fcf4d9c9540: cdpl_ipc.c:3767: in cdpl_ipc_free(): debug: done
1757023510.144065: 3948306-7fcf4d9c9540: cdpl_log.c:481: in cdpl_log_close(): info: @@end_of_log@@
