1757019756.063028: 3917807-7efe4b75f540: cdpl_log.c:337: in cdpl_log_open(): info: @@start_of_log@@
1757019756.063050: 3917807-7efe4b75f540: cdpl_log.c:1058: in cdpl_log_dump_sysinfo(): info: time: 2025/09/04 17:02:36 EDT -0400
1757019756.063053: 3917807-7efe4b75f540: cdpl_log.c:1060: in cdpl_log_dump_sysinfo(): info: version: W-2024.09-SP1-2 
1757019756.063054: 3917807-7efe4b75f540: cdpl_log.c:1062: in cdpl_log_dump_sysinfo(): info: system: Linux 4.18.0-553.69.1.el8_10.x86_64 #1 SMP Thu Aug 7 18:10:00 EDT 2025
1757019756.063056: 3917807-7efe4b75f540: cdpl_log.c:1067: in cdpl_log_dump_sysinfo(): info: processor: x86_64 64-bits
1757019756.063057: 3917807-7efe4b75f540: cdpl_log.c:1071: in cdpl_log_dump_sysinfo(): info: hostname: claws-compute3.ece.ncsu.edu
1757019756.063059: 3917807-7efe4b75f540: cdpl_log.c:1073: in cdpl_log_dump_sysinfo(): info: program name: custom_shell
1757019756.063062: 3917807-7efe4b75f540: cdpl_log.c:340: in cdpl_log_open(): debug: path: /home/argershm/180-voltmeter/Analog/cc/synopsys_custom/pwdp_jobs/saeSession1_default.SimulationSimulation_cdpl.0.3917807/logs/master.claws-compute3.ece.ncsu.edu.3917807.log
1757019756.063063: 3917807-7efe4b75f540: cdpl_log.c:341: in cdpl_log_open(): debug: dir: /home/argershm/180-voltmeter/Analog/cc/synopsys_custom/pwdp_jobs/saeSession1_default.SimulationSimulation_cdpl.0.3917807/logs
1757019756.063094: 3917807-7efe4b75f540: cdpl_server.c:536: in cdpl_sv_init(): info: new server S1412356302
1757019756.063101: 3917807-7efe4b75f540: cdpl_ipc.c:3475: in cdpl_ipc_init(): info: requesting IPv4 protocol
1757019756.067442: 3917807-7efe4b75f540: cdpl_ipc.c:837: in _selectaddrfamily(): info: selected IPv4 protocol
1757019756.067466: 3917807-7efe4b75f540: cdpl_ipc.c:1139: in _set_keepalive(): info: TCP keep alive interval: 300
1757019756.070242: 3917807-7efe4b75f540: cdpl_monitor.c:1117: in cdpl_mn_new_server(): info: creating server monitor instance
1757019756.070257: 3917807-7efe4b75f540: cdpl_server.c:650: in cdpl_sv_new_master(): info: new master M1
1757019756.070265: 3917807-7efe4b75f540: cdpl_server.c:6533: in cdpl_sv_ctl_master(): info: Setting worker heartbeat to 120 seconds
1757019756.070267: 3917807-7efe4b75f540: cdpl_server.c:6542: in cdpl_sv_ctl_master(): info: Setting worker heartbeat timeout to 3 heartbeats
1757019756.070269: 3917807-7efe4b75f540: cdpl_compat_master.c:2090: in _parse_hostfile(): info: reading hostfile `/home/argershm/180-voltmeter/Analog/cc/synopsys_custom/pwdp_jobs/saeSession1_default.SimulationSimulation_cdpl.0.3917807/host_file'
1757019756.070295: 3917807-7efe4b75f540: cdpl_compat_master.c:1900: in _hostfile_parser(): debug: parsing "1     |localhost|   -1  | /tmp | SH | sh"
1757019756.070308: 3917807-7efe4b75f540: cdpl_farm.c:2578: in cdpl_farm_new_sh(): info: creating SH farm on localhost
1757019756.070314: 3917807-7efe4b75f540: cdpl_compat_master.c:206: in _set_farm_env(): info: exporting CDPL_LOGDIR as `/home/argershm/180-voltmeter/Analog/cc/synopsys_custom/pwdp_jobs/saeSession1_default.SimulationSimulation_cdpl.0.3917807/logs'
1757019756.070315: 3917807-7efe4b75f540: cdpl_compat_master.c:212: in _set_farm_env(): info: exporting CDPL_TMPDIR as `/tmp'
1757019756.070318: 3917807-7efe4b75f540: cdpl_compat_master.c:235: in _set_farm_env(): info: exporting SNPSLMD_LICENSE_FILE as `27000@ece-lic-35.ece.ncsu.edu'
1757019756.070320: 3917807-7efe4b75f540: cdpl_compat_master.c:259: in _set_farm_env(): info: exporting CDPL_OPTIONS as `[nowlogs]'
1757019756.070321: 3917807-7efe4b75f540: cdpl_compat_master.c:266: in _set_farm_env(): info: exporting DISPLAY as `unix:17397'
1757019756.070323: 3917807-7efe4b75f540: cdpl_compat_master.c:274: in _set_farm_env(): info: exporting CDPL_HEARTBEAT as `120'
1757019756.070332: 3917807-7efe4b75f540: cdpl_farm.c:3149: in cdpl_farm_add_withdir(): debug: added `localhost' (capacity: unlimited)
1757019756.070334: 3917807-7efe4b75f540: cdpl_compat_parse.c:147: in parsefile(): debug: read `/home/argershm/180-voltmeter/Analog/cc/synopsys_custom/pwdp_jobs/saeSession1_default.SimulationSimulation_cdpl.0.3917807/host_file', 2 lines
1757019756.070339: 3917807-7efe4b75f540: cdpl_compat_master.c:2931: in cdplInitMaster(): info: bcast dir is `/home/argershm/180-voltmeter/Analog/cc/synopsys_custom/pwdp_jobs/saeSession1_default.SimulationSimulation_cdpl.0.3917807/logs'
1757019756.070385: 3917807-7efe4b75f540: cdpl_server.c:6433: in cdpl_sv_ctl_master(): info: farm worker timeout set to 300
1757019756.070387: 3917807-7efe4b75f540: cdpl_server.c:6486: in cdpl_sv_ctl_master(): info: maximum number of task execution attempts set to 1
1757019756.070401: 3917807-7efe4b75f540: cdpl_server.c:3195: in cdpl_sv_start(): debug: starting server
1757019756.070405: 3917807-7efe4b75f540: cdpl_ipc.c:3632: in cdpl_ipc_start(): debug: starting IPC server 152.14.98.53:34993
1757019756.070604: 3917807-7efe0753d700: cdpl_server_ipc.c:1182: in _sv_ipc_thread(): debug: ready
1757019756.070680: 3917807-7efe06d3c700: cdpl_monitor.c:426: in cdpl_mn_init_client(): info: creating client monitor instance
1757019756.070695: 3917807-7efe06d3c700: cdpl_ipc.c:3475: in cdpl_ipc_init(): info: requesting IPv4 protocol
1757019756.074509: 3917807-7efe06d3c700: cdpl_ipc.c:837: in _selectaddrfamily(): info: selected IPv4 protocol
1757019756.074531: 3917807-7efe06d3c700: cdpl_ipc.c:1139: in _set_keepalive(): info: TCP keep alive interval: 300
1757019756.078978: 3917807-7efe06d3c700: cdpl_ipc.c:3632: in cdpl_ipc_start(): debug: starting IPC server 152.14.98.53:45335
1757019756.079109: 3917807-7efe06d3c700: cdpl_monitor.c:471: in cdpl_mn_init_client(): debug: incoming messages in /tmp/cdpl-monitor-zEHmU9
1757019756.079178: 3917807-7efe06d3c700: cdpl_monitor.c:533: in cdpl_mn_connect(): debug: connecting to 152.14.98.53:34993
1757019756.079186: 3917807-7efe06d3c700: cdpl_ipc.c:3789: in cdpl_ipc_connect(): info: connecting to 152.14.98.53:34993
1757019756.079295: 3917807-7efe06d3c700: cdpl_ipc.c:3860: in cdpl_ipc_connect(): info: connected as `152.14.98.53:42212'
1757019756.079310: 3917807-7efe06d3c700: cdpl_ipc.c:2503: in cdpl_ipc_host_accept(): debug: accepted host `152.14.98.53:34993'
1757019756.079335: 3917807-7efe07d3e700: cdpl_ipc.c:1862: in _epoll_accept(): debug: new connection from `152.14.98.53:42212'
1757019756.079353: 3917807-7efe06d3c700: cdpl_monitor.c:579: in cdpl_mn_connect(): debug: ok
1757019756.079377: 3917807-7efe4b75f540: cdpl_server.c:731: in cdpl_sv_new_job(): info: new job J1 in M1
1757019756.079400: 3917807-7efe4b75f540: cdpl_compat_master.c:1581: in _add_worker(): info: new worker type 10, min:1, max:3, cmd:`/home/argershm/180-voltmeter/Analog/cc/synopsys_custom/pwdp_jobs/saeSession1_default.SimulationSimulation_cdpl.0.3917807/START_WORKER pw_worker -i /home/argershm/180-voltmeter/Analog/cc/synopsys_custom/pwdp_jobs/saeS
1757019756.079407: 3917807-7efe0753d700: cdpl_server_ipc.c:1225: in _sv_ipc_thread(): debug: received ACCEPT notification
1757019756.079413: 3917807-7efe4b75f540: cdpl_server.c:908: in cdpl_sv_new_bin_withfarm(): info: new bin B1 in J1
1757019756.079419: 3917807-7efe0753d700: cdpl_ipc.c:2503: in cdpl_ipc_host_accept(): debug: accepted host `152.14.98.53:42212'
1757019756.079433: 3917807-7efe0753d700: cdpl_server_ipc.c:1256: in _sv_ipc_thread(): debug: received MONITOR message
1757019756.079578: 3917807-7efe0753d700: cdpl_monitor.c:1207: in cdpl_mn_accept(): debug: accepted monitor `152.14.98.53:42212'
1757019756.079582: 3917807-7efe0753d700: cdpl_server_ipc_mon.c:120: in _globalLOCK(): debug: ENTERTING GLOBAL LOCK
1757019756.079584: 3917807-7efe0753d700: cdpl_server_ipc_mon.c:164: in _globalLOCK(): debug: global lock acquired
1757019756.079586: 3917807-7efe04d38700: cdpl_monitor.c:910: in mn_systat(): debug: started
1757019756.079841: 3917807-7efe04d38700: cdpl_monitor.c:937: in mn_systat(): debug: monitor server flush rate: 5
1757019756.875807: 3917807-7efe0753d700: cdpl_server_ipc_mon.c:210: in _globalUNLOCK(): debug: LEAVING GLOBAL LOCK
1757019756.875840: 3917807-7efe4b75f540: cdpl_server.c:3249: in cdpl_sv_start_job(): info: starting job J1
1757019756.875864: 3917807-7efe4b75f540: cdpl_server.c:62: in _sv_start_bin(): debug: starting bin B1 (min: 0, max: 3)
1757019756.876045: 3917807-7efdf6ffd700: cdpl_server_sched.c:2482: in _sv_scheduler_thread(): debug: scheduler for bin B1 started
1757019756.876081: 3917807-7efe4b75f540: cdpl_server.c:1893: in _sv_gen_task(): info: new task T0 in B1 (prio 0)
1757019756.876114: 3917807-7efe4b75f540: cdpl_server.c:2698: in cdpl_sv_label_task_va(): info: setting task T0 label to "PrimeSim_1|PrimeSim"
1757019756.876160: 3917807-7efdf6ffd700: cdpl_server_sched.c:2443: in _scheduler_run(): debug: will start a new worker
1757019756.876194: 3917807-7efdf6ffd700: cdpl_farm.c:3977: in cdpl_farm_submit(): debug: 1 running processes
1757019756.876197: 3917807-7efdf6ffd700: cdpl_farm.c:3985: in cdpl_farm_submit(): debug: new command C1 in bin B1 assigned to host `localhost'
1757019756.876261: 3917807-7efdf6ffd700: cdpl_server_sched.c:705: in _sv_launch_worker(): info: started worker W1 (as C1) in bin B1
1757019756.876268: 3917807-7efdf67fc700: cdpl_farm.c:2139: in _schedule(): debug: started
1757019756.876272: 3917807-7efdf67fc700: cdpl_farm.c:2303: in _schedule(): debug: submitting command C1 in bin B1
1757019756.876286: 3917807-7efdf67fc700: cdpl_sh.c:49: in _sh_detached_submit(): info: SH : /home/argershm/180-voltmeter/Analog/cc/synopsys_custom/pwdp_jobs/saeSession1_default.SimulationSimulation_cdpl.0.3917807/START_WORKER pw_worker -i /home/argershm/180-voltmeter/Analog/cc/synopsys_custom/pwdp_jobs/saeSession1_default.SimulationSimulation_cdpl.0.3917807 -t 10000
1757019756.883124: 3917807-7efdf67fc700: cdpl_farm.c:2343: in _schedule(): debug: C1 in bin B1 running on slot 0
1757019756.883150: 3917807-7efdf67fc700: cdpl_farm.c:2167: in _schedule(): debug: idle
1757019756.895111: 3917807-7efe4b75f540: cdpl_compat_master.c:5948: in cdplMasterLogInfo(): info: [non-CDPL log entry] PWDP3: reset pilot cache succeeded, pilot_key=saeSession1,1,default|&/home/argershm/180-voltmeter/Analog/cc/simulation/gmid,gmid_nfet_3v3,schematic/history_1/simulation/default/PrimeSimSPICE/nominal/results
1757019757.183227: 3917807-7efdf67fc700: cdpl_farm.c:1193: in _onexit(): debug: C1 in bin B1 exited normally on slot 0
1757019757.991156: 3917807-7efdf7fff700: cdpl_compat_master.c:5948: in cdplMasterLogInfo(): info: [non-CDPL log entry] PWDP - no-workers started ok check start!
1757019758.681401: 3917807-7efe07d3e700: cdpl_ipc.c:1862: in _epoll_accept(): debug: new connection from `152.14.98.53:58492'
1757019758.681451: 3917807-7efe0753d700: cdpl_server_ipc.c:1225: in _sv_ipc_thread(): debug: received ACCEPT notification
1757019758.681465: 3917807-7efe0753d700: cdpl_ipc.c:2503: in cdpl_ipc_host_accept(): debug: accepted host `152.14.98.53:58492'
1757019758.681590: 3917807-7efe0753d700: cdpl_server_ipc.c:1246: in _sv_ipc_thread(): debug: received HELLO message
1757019758.681596: 3917807-7efe0753d700: cdpl_server_ipc.c:430: in _sv_on_hello(): debug: looking up W1
1757019758.681599: 3917807-7efe0753d700: cdpl_server_ipc.c:540: in _sv_on_hello(): info: W1 is `152.14.98.53:58492'
1757019758.681601: 3917807-7efe0753d700: cdpl_server_ipc.c:541: in _sv_on_hello(): debug: hello W1 (B1)
1757019758.681602: 3917807-7efe0753d700: cdpl_server_ipc.c:542: in _sv_on_hello(): info: W1 log file is /dev/null
1757019758.681649: 3917807-7efe0753d700: cdpl_server_ipc.c:602: in _sv_on_hello(): info: up to 1 alive workers in B1
1757019758.681660: 3917807-7efe0753d700: cdpl_farm.c:878: in _release_cmd(): debug: freeing command C1 in bin B1
1757019758.681678: 3917807-7efdf6ffd700: cdpl_server_sched.c:960: in _assign(): info: assigning task T0 to worker W1
1757019758.744967: 3917807-7efe0753d700: cdpl_server_ipc.c:1268: in _sv_ipc_thread(): debug: received RELAY message
1757019758.744981: 3917807-7efe0753d700: cdpl_server_ipc.c:713: in _sv_on_relay(): debug: RELAY message from W1, size = 65
1757019758.744984: 3917807-7efe0753d700: cdpl_server_ipc.c:715: in _sv_on_relay(): debug: RELAY message from W1, content = 0$3921551 claws-compute3.ece.ncsu.edu 3921569 RUNNING 1757019758
1757019759.681745: 3917807-7efe0753d700: cdpl_server_ipc.c:312: in _sv_on_heartbeat(): debug: received HEARTBEAT from worker W1 at 152.14.98.53:58492
1757019761.080929: 3917807-7efe06d3c700: cdpl_monitor.c:533: in cdpl_mn_connect(): debug: connecting to 152.14.98.53:44763
1757019761.080938: 3917807-7efe06d3c700: cdpl_ipc.c:3789: in cdpl_ipc_connect(): info: connecting to 152.14.98.53:44763
1757019761.081074: 3917807-7efe06d3c700: cdpl_ipc.c:3860: in cdpl_ipc_connect(): info: connected as `152.14.98.53:47862'
1757019761.081082: 3917807-7efe06d3c700: cdpl_ipc.c:2503: in cdpl_ipc_host_accept(): debug: accepted host `152.14.98.53:44763'
1757019761.081086: 3917807-7efe06d3c700: cdpl_monitor.c:579: in cdpl_mn_connect(): debug: ok
1757019765.120157: 3917807-7efe0753d700: cdpl_server_ipc.c:1268: in _sv_ipc_thread(): debug: received RELAY message
1757019765.120170: 3917807-7efe0753d700: cdpl_server_ipc.c:713: in _sv_on_relay(): debug: RELAY message from W1, size = 50
1757019765.120172: 3917807-7efe0753d700: cdpl_server_ipc.c:715: in _sv_on_relay(): debug: RELAY message from W1, content = WORKERDU|36,/dev/mapper/rhel_claws--compute3-home
1757019765.120177: 3917807-7efe0753d700: cdpl_server_ipc.c:1268: in _sv_ipc_thread(): debug: received RELAY message
1757019765.120179: 3917807-7efe0753d700: cdpl_server_ipc.c:713: in _sv_on_relay(): debug: RELAY message from W1, size = 18
1757019765.120181: 3917807-7efe0753d700: cdpl_server_ipc.c:715: in _sv_on_relay(): debug: RELAY message from W1, content = 0$- - - MEASDOING
1757019765.357975: 3917807-7efe0753d700: cdpl_server_ipc.c:1268: in _sv_ipc_thread(): debug: received RELAY message
1757019765.357987: 3917807-7efe0753d700: cdpl_server_ipc.c:713: in _sv_on_relay(): debug: RELAY message from W1, size = 77
1757019765.357989: 3917807-7efe0753d700: cdpl_server_ipc.c:715: in _sv_on_relay(): debug: RELAY message from W1, content = 0$3921551 claws-compute3.ece.ncsu.edu 3921569 FAILED 1757019758|1757019765|8
1757019765.358169: 3917807-7efe0753d700: cdpl_server_ipc.c:1251: in _sv_ipc_thread(): debug: received FINISH message
1757019765.358172: 3917807-7efe0753d700: cdpl_server_ipc.c:983: in _sv_on_finish(): info: worker W1 completed task T0
1757019765.358174: 3917807-7efe0753d700: cdpl_server_ipc.c:988: in _sv_on_finish(): debug: stat T0: utime=3446 stime=1890
1757019765.358176: 3917807-7efe0753d700: cdpl_server_ipc.c:993: in _sv_on_finish(): debug: statm T0: vsize=3054640 rss=1030920 shared=517444 text=474784 data=709720
1757019765.362988: 3917807-7efe0753d700: cdpl_server_ipc.c:1268: in _sv_ipc_thread(): debug: received RELAY message
1757019765.362992: 3917807-7efe0753d700: cdpl_server_ipc.c:713: in _sv_on_relay(): debug: RELAY message from W1, size = 50
1757019765.362993: 3917807-7efe0753d700: cdpl_server_ipc.c:715: in _sv_on_relay(): debug: RELAY message from W1, content = WORKERDU|24,/dev/mapper/rhel_claws--compute3-home
1757019765.372309: 3917807-7efe4b75f540: cdpl_server.c:227: in _sv_free_task_safe(): debug: freeing task T0
1757019785.364114: 3917807-7efe0653b700: cdpl_ipc.c:775: in _readv(): warning: read(): EOF
1757019785.364137: 3917807-7efe07d3e700: cdpl_ipc.c:775: in _readv(): warning: read(): EOF
1757019785.364168: 3917807-7efe0653b700: cdpl_ipc.c:2100: in _epoll_recv(): debug: _readv(): Broken pipe
1757019785.364174: 3917807-7efe0653b700: cdpl_ipc.c:2424: in _epoll_main(): debug: _epoll_recv(): Broken pipe
1757019785.364180: 3917807-7efe07d3e700: cdpl_ipc.c:2100: in _epoll_recv(): debug: _readv(): Broken pipe
1757019785.364186: 3917807-7efe07d3e700: cdpl_ipc.c:2424: in _epoll_main(): debug: _epoll_recv(): Broken pipe
1757019785.364189: 3917807-7efe0653b700: cdpl_ipc.c:1657: in _host_drop__UNSAFE(): debug: dropping host `152.14.98.53:44763'
1757019785.364196: 3917807-7efe07d3e700: cdpl_ipc.c:1657: in _host_drop__UNSAFE(): debug: dropping host `152.14.98.53:58492'
1757019785.364327: 3917807-7efe0753d700: cdpl_server_ipc.c:1236: in _sv_ipc_thread(): debug: received DROP notification
1757019785.364339: 3917807-7efe05d3a700: cdpl_monitor.c:290: in mn_listen(): debug: received DROP message
1757019785.364353: 3917807-7efe0753d700: cdpl_server_sched.c:2796: in _sv_record_crashed_worker(): debug: dropping worker W1
1757019785.364364: 3917807-7efe0753d700: cdpl_server_ipc.c:188: in _sv_on_drop_worker(): debug: down to 0 live workers in B1
1757019785.364384: 3917807-7efe05d3a700: cdpl_ipc.c:2513: in cdpl_ipc_host_release(): debug: releasing host `152.14.98.53:44763'
1757019785.364468: 3917807-7efdf6ffd700: cdpl_server_sched.c:750: in _empty_trash(): debug: freeing worker W1 while emptying trash list for bin B1
1757019785.364482: 3917807-7efdf6ffd700: cdpl_farm.c:4152: in cdpl_farm_dismiss(): debug: down to 0 running processes
1757019785.364492: 3917807-7efdf6ffd700: cdpl_server_sched.c:121: in _free_worker_2(): debug: freeing worker W1
1757019785.364501: 3917807-7efdf6ffd700: cdpl_ipc.c:2513: in cdpl_ipc_host_release(): debug: releasing host `152.14.98.53:58492'
1757019785.364503: 3917807-7efdf6ffd700: cdpl_ipc.c:2529: in cdpl_ipc_host_release(): debug: scheduling for immediate release
1757019786.080638: 3917807-7efe07d3e700: cdpl_ipc.c:1582: in _host_free__UNSAFE(): debug: freeing host `152.14.98.53:58492'
1757019786.080652: 3917807-7efe07d3e700: cdpl_ipc.c:1621: in _host_free__UNSAFE(): debug: [0 outq, 0 spR, 0 spW]
1757019786.080655: 3917807-7efe0653b700: cdpl_ipc.c:1582: in _host_free__UNSAFE(): debug: freeing host `152.14.98.53:44763'
1757019786.080667: 3917807-7efe0653b700: cdpl_ipc.c:1621: in _host_free__UNSAFE(): debug: [0 outq, 0 spR, 0 spW]
1757019817.183369: 3917807-7efdf67fc700: cdpl_farm.c:2173: in _schedule(): debug: idle
1757019825.749167: 3917807-7efe05539700: cdpl_compat_master.c:5971: in cdplMasterLogWarning(): warning: [non-CDPL log entry] PWDP: master does not receive message over 60 seconds!
1757019877.183531: 3917807-7efdf67fc700: cdpl_farm.c:2173: in _schedule(): debug: idle
1757019877.603598: 3917807-7efe05539700: cdpl_compat_master.c:5948: in cdplMasterLogInfo(): info: [non-CDPL log entry] PWDP: message receiver is alive.
1757019878.599467: 3917807-7efdf7fff700: cdpl_compat_master.c:5948: in cdplMasterLogInfo(): info: [non-CDPL log entry] PWDP: master status watchdog is alive.
1757019886.136944: 3917807-7efe05539700: cdpl_compat_master.c:5971: in cdplMasterLogWarning(): warning: [non-CDPL log entry] PWDP: master does not receive message over 60 seconds!
1757019895.600779: 3917807-7efe4b75f540: cdpl_server.c:3008: in cdpl_sv_halt_job_errno(): info: killing job J1
1757019895.600808: 3917807-7efe4b75f540: cdpl_server.c:3044: in cdpl_sv_halt_job_errno(): debug: signal bin B1 scheduler to stop
1757019895.600827: 3917807-7efdf6ffd700: cdpl_server_sched.c:2484: in _sv_scheduler_thread(): debug: scheduler for bin B1 stopped
1757019895.600839: 3917807-7efe4b75f540: cdpl_server.c:294: in _sv_free_job(): info: freeing job J1
1757019895.600841: 3917807-7efe4b75f540: cdpl_server.c:92: in _sv_free_bin(): debug: freeing bin B1
1757019895.600847: 3917807-7efe4b75f540: cdpl_monitor.c:515: in cdpl_mn_kill(): info: killing monitor
1757019895.600849: 3917807-7efe4b75f540: cdpl_ipc.c:3677: in cdpl_ipc_kill(): debug: stopping event server
1757019895.600869: 3917807-7efe0653b700: cdpl_ipc.c:2386: in _epoll_main(): warning: received EPOLLERR/EPOLLHUP
1757019895.600895: 3917807-7efe07d3e700: cdpl_ipc.c:775: in _readv(): warning: read(): EOF
1757019895.600908: 3917807-7efe0653b700: cdpl_ipc.c:2320: in _check_socket_error(): info: TCP_KEEPIDLE=7200 seconds TCP_KEEPINTVL=75 seconds TCP_KEEPCNT=9
1757019895.600913: 3917807-7efe0653b700: cdpl_ipc.c:1657: in _host_drop__UNSAFE(): debug: dropping host `152.14.98.53:34993'
1757019895.600921: 3917807-7efe07d3e700: cdpl_ipc.c:2100: in _epoll_recv(): debug: _readv(): Broken pipe
1757019895.600925: 3917807-7efe07d3e700: cdpl_ipc.c:2424: in _epoll_main(): debug: _epoll_recv(): Broken pipe
1757019895.600929: 3917807-7efe07d3e700: cdpl_ipc.c:1657: in _host_drop__UNSAFE(): debug: dropping host `152.14.98.53:42212'
1757019895.600963: 3917807-7efe0653b700: cdpl_ipc.c:2460: in _epoll_main(): debug: server going down...
1757019895.600976: 3917807-7efe0753d700: cdpl_server_ipc.c:1236: in _sv_ipc_thread(): debug: received DROP notification
1757019895.600984: 3917807-7efe0753d700: cdpl_monitor.c:1269: in cdpl_mn_drop(): debug: detaching from monitor `152.14.98.53:42212'
1757019895.600998: 3917807-7efe0753d700: cdpl_monitor.c:1101: in mn_systat_stop(): debug: joining systat thread
1757019895.601052: 3917807-7efe04d38700: cdpl_monitor.c:1079: in mn_systat(): debug: exiting
1757019895.601067: 3917807-7efe0753d700: cdpl_monitor.c:1103: in mn_systat_stop(): debug: systat thread done
1757019895.601071: 3917807-7efe0753d700: cdpl_ipc.c:2513: in cdpl_ipc_host_release(): debug: releasing host `152.14.98.53:42212'
1757019895.601099: 3917807-7efe06d3c700: cdpl_ipc.c:3728: in cdpl_ipc_free(): debug: releasing IPC handle
1757019895.601105: 3917807-7efe06d3c700: cdpl_ipc.c:1582: in _host_free__UNSAFE(): debug: freeing host `152.14.98.53:34993'
1757019895.601107: 3917807-7efe06d3c700: cdpl_ipc.c:1621: in _host_free__UNSAFE(): debug: [0 outq, 0 spR, 0 spW]
1757019895.601110: 3917807-7efe06d3c700: cdpl_ipc.c:3756: in cdpl_ipc_free(): warning: 1 host(s) were not released
1757019895.601123: 3917807-7efe06d3c700: cdpl_ipc.c:3767: in cdpl_ipc_free(): debug: done
1757019895.601125: 3917807-7efe06d3c700: cdpl_monitor.c:1390: in cdpl_mn_free(): debug: freeing monitor client
1757019895.601183: 3917807-7efe4b75f540: cdpl_farm.c:2740: in cdpl_farm_free(): info: freeing farm
1757019895.601197: 3917807-7efdf67fc700: cdpl_farm.c:2231: in _schedule(): debug: end of idling
1757019895.601203: 3917807-7efdf67fc700: cdpl_farm.c:2235: in _schedule(): debug: dying
1757019895.601233: 3917807-7efe4b75f540: cdpl_farm.c:913: in _killall(): debug: killing all remaining commands
1757019895.601238: 3917807-7efe4b75f540: cdpl_server.c:3144: in cdpl_sv_free(): info: freeing server S1412356302
1757019895.601240: 3917807-7efe4b75f540: cdpl_server.c:3109: in cdpl_sv_kill_errno(): info: killing server
1757019895.601242: 3917807-7efe4b75f540: cdpl_ipc.c:3677: in cdpl_ipc_kill(): debug: stopping event server
1757019895.601254: 3917807-7efe0753d700: cdpl_server_ipc.c:1200: in _sv_ipc_thread(): debug: leaving now
1757019895.601261: 3917807-7efe07d3e700: cdpl_ipc.c:2460: in _epoll_main(): debug: server going down...
1757019895.601271: 3917807-7efe4b75f540: cdpl_server.c:334: in _sv_free_master(): info: freeing master M1
1757019895.601274: 3917807-7efe4b75f540: cdpl_hash.c:68: in cdpl_h_destroy(): debug: put operations: 1
1757019895.601275: 3917807-7efe4b75f540: cdpl_hash.c:69: in cdpl_h_destroy(): debug: put collisions: 0
1757019895.601277: 3917807-7efe4b75f540: cdpl_hash.c:70: in cdpl_h_destroy(): debug: get operations: 0
1757019895.601278: 3917807-7efe4b75f540: cdpl_hash.c:71: in cdpl_h_destroy(): debug: get iterations: 0
1757019895.601282: 3917807-7efe4b75f540: cdpl_monitor.c:1390: in cdpl_mn_free(): debug: freeing monitor server
1757019895.601284: 3917807-7efe4b75f540: cdpl_ipc.c:3728: in cdpl_ipc_free(): debug: releasing IPC handle
1757019895.601285: 3917807-7efe4b75f540: cdpl_ipc.c:1582: in _host_free__UNSAFE(): debug: freeing host `152.14.98.53:42212'
1757019895.601287: 3917807-7efe4b75f540: cdpl_ipc.c:1621: in _host_free__UNSAFE(): debug: [0 outq, 0 spR, 0 spW]
1757019895.601309: 3917807-7efe4b75f540: cdpl_ipc.c:3767: in cdpl_ipc_free(): debug: done
1757019895.601311: 3917807-7efe4b75f540: cdpl_log.c:481: in cdpl_log_close(): info: @@end_of_log@@
