1757117730.943925: 1680960-7f176e7a4540: cdpl_log.c:337: in cdpl_log_open(): info: @@start_of_log@@
1757117730.943955: 1680960-7f176e7a4540: cdpl_log.c:1058: in cdpl_log_dump_sysinfo(): info: time: 2025/09/05 20:15:30 EDT -0400
1757117730.943959: 1680960-7f176e7a4540: cdpl_log.c:1060: in cdpl_log_dump_sysinfo(): info: version: W-2024.09-SP1-2 
1757117730.943961: 1680960-7f176e7a4540: cdpl_log.c:1062: in cdpl_log_dump_sysinfo(): info: system: Linux 4.18.0-553.69.1.el8_10.x86_64 #1 SMP Thu Aug 7 18:10:00 EDT 2025
1757117730.943963: 1680960-7f176e7a4540: cdpl_log.c:1067: in cdpl_log_dump_sysinfo(): info: processor: x86_64 64-bits
1757117730.943965: 1680960-7f176e7a4540: cdpl_log.c:1071: in cdpl_log_dump_sysinfo(): info: hostname: claws-compute3.ece.ncsu.edu
1757117730.943967: 1680960-7f176e7a4540: cdpl_log.c:1073: in cdpl_log_dump_sysinfo(): info: program name: custom_shell
1757117730.943970: 1680960-7f176e7a4540: cdpl_log.c:340: in cdpl_log_open(): debug: path: /home/argershm/180-voltmeter/Analog/cc/synopsys_custom/pwdp_jobs/saeSession0_diffmodegain.SimulationSimulation_cdpl.0.1680960/logs/master.claws-compute3.ece.ncsu.edu.1680960.log
1757117730.943972: 1680960-7f176e7a4540: cdpl_log.c:341: in cdpl_log_open(): debug: dir: /home/argershm/180-voltmeter/Analog/cc/synopsys_custom/pwdp_jobs/saeSession0_diffmodegain.SimulationSimulation_cdpl.0.1680960/logs
1757117730.944001: 1680960-7f176e7a4540: cdpl_server.c:536: in cdpl_sv_init(): info: new server S1551721076
1757117730.944010: 1680960-7f176e7a4540: cdpl_ipc.c:3475: in cdpl_ipc_init(): info: requesting IPv4 protocol
1757117730.949537: 1680960-7f176e7a4540: cdpl_ipc.c:837: in _selectaddrfamily(): info: selected IPv4 protocol
1757117730.949562: 1680960-7f176e7a4540: cdpl_ipc.c:1139: in _set_keepalive(): info: TCP keep alive interval: 300
1757117730.952289: 1680960-7f176e7a4540: cdpl_monitor.c:1117: in cdpl_mn_new_server(): info: creating server monitor instance
1757117730.952303: 1680960-7f176e7a4540: cdpl_server.c:650: in cdpl_sv_new_master(): info: new master M1
1757117730.952312: 1680960-7f176e7a4540: cdpl_server.c:6533: in cdpl_sv_ctl_master(): info: Setting worker heartbeat to 120 seconds
1757117730.952314: 1680960-7f176e7a4540: cdpl_server.c:6542: in cdpl_sv_ctl_master(): info: Setting worker heartbeat timeout to 3 heartbeats
1757117730.952315: 1680960-7f176e7a4540: cdpl_compat_master.c:2090: in _parse_hostfile(): info: reading hostfile `/home/argershm/180-voltmeter/Analog/cc/synopsys_custom/pwdp_jobs/saeSession0_diffmodegain.SimulationSimulation_cdpl.0.1680960/host_file'
1757117730.952339: 1680960-7f176e7a4540: cdpl_compat_master.c:1900: in _hostfile_parser(): debug: parsing "1     |localhost|   -1  | /tmp | SH | sh"
1757117730.952353: 1680960-7f176e7a4540: cdpl_farm.c:2578: in cdpl_farm_new_sh(): info: creating SH farm on localhost
1757117730.952358: 1680960-7f176e7a4540: cdpl_compat_master.c:206: in _set_farm_env(): info: exporting CDPL_LOGDIR as `/home/argershm/180-voltmeter/Analog/cc/synopsys_custom/pwdp_jobs/saeSession0_diffmodegain.SimulationSimulation_cdpl.0.1680960/logs'
1757117730.952360: 1680960-7f176e7a4540: cdpl_compat_master.c:212: in _set_farm_env(): info: exporting CDPL_TMPDIR as `/tmp'
1757117730.952362: 1680960-7f176e7a4540: cdpl_compat_master.c:235: in _set_farm_env(): info: exporting SNPSLMD_LICENSE_FILE as `27000@ece-lic-35.ece.ncsu.edu'
1757117730.952364: 1680960-7f176e7a4540: cdpl_compat_master.c:259: in _set_farm_env(): info: exporting CDPL_OPTIONS as `[nowlogs]'
1757117730.952365: 1680960-7f176e7a4540: cdpl_compat_master.c:266: in _set_farm_env(): info: exporting DISPLAY as `unix:25418'
1757117730.952367: 1680960-7f176e7a4540: cdpl_compat_master.c:274: in _set_farm_env(): info: exporting CDPL_HEARTBEAT as `120'
1757117730.952377: 1680960-7f176e7a4540: cdpl_farm.c:3149: in cdpl_farm_add_withdir(): debug: added `localhost' (capacity: unlimited)
1757117730.952379: 1680960-7f176e7a4540: cdpl_compat_parse.c:147: in parsefile(): debug: read `/home/argershm/180-voltmeter/Analog/cc/synopsys_custom/pwdp_jobs/saeSession0_diffmodegain.SimulationSimulation_cdpl.0.1680960/host_file', 2 lines
1757117730.952386: 1680960-7f176e7a4540: cdpl_compat_master.c:2931: in cdplInitMaster(): info: bcast dir is `/home/argershm/180-voltmeter/Analog/cc/synopsys_custom/pwdp_jobs/saeSession0_diffmodegain.SimulationSimulation_cdpl.0.1680960/logs'
1757117730.952435: 1680960-7f176e7a4540: cdpl_server.c:6433: in cdpl_sv_ctl_master(): info: farm worker timeout set to 300
1757117730.952437: 1680960-7f176e7a4540: cdpl_server.c:6486: in cdpl_sv_ctl_master(): info: maximum number of task execution attempts set to 1
1757117730.952452: 1680960-7f176e7a4540: cdpl_server.c:3195: in cdpl_sv_start(): debug: starting server
1757117730.952456: 1680960-7f176e7a4540: cdpl_ipc.c:3632: in cdpl_ipc_start(): debug: starting IPC server 152.14.98.53:34063
1757117730.952643: 1680960-7f172a620700: cdpl_server_ipc.c:1182: in _sv_ipc_thread(): debug: ready
1757117730.952731: 1680960-7f1729e1f700: cdpl_monitor.c:426: in cdpl_mn_init_client(): info: creating client monitor instance
1757117730.952740: 1680960-7f1729e1f700: cdpl_ipc.c:3475: in cdpl_ipc_init(): info: requesting IPv4 protocol
1757117730.957323: 1680960-7f1729e1f700: cdpl_ipc.c:837: in _selectaddrfamily(): info: selected IPv4 protocol
1757117730.957344: 1680960-7f1729e1f700: cdpl_ipc.c:1139: in _set_keepalive(): info: TCP keep alive interval: 300
1757117730.960417: 1680960-7f1729e1f700: cdpl_ipc.c:3632: in cdpl_ipc_start(): debug: starting IPC server 152.14.98.53:38689
1757117730.960556: 1680960-7f1729e1f700: cdpl_monitor.c:471: in cdpl_mn_init_client(): debug: incoming messages in /tmp/cdpl-monitor-FJypHN
1757117730.960645: 1680960-7f1729e1f700: cdpl_monitor.c:533: in cdpl_mn_connect(): debug: connecting to 152.14.98.53:34063
1757117730.960652: 1680960-7f1729e1f700: cdpl_ipc.c:3789: in cdpl_ipc_connect(): info: connecting to 152.14.98.53:34063
1757117730.960710: 1680960-7f1729e1f700: cdpl_ipc.c:3860: in cdpl_ipc_connect(): info: connected as `152.14.98.53:51878'
1757117730.960724: 1680960-7f1729e1f700: cdpl_ipc.c:2503: in cdpl_ipc_host_accept(): debug: accepted host `152.14.98.53:34063'
1757117730.960744: 1680960-7f172ae21700: cdpl_ipc.c:1862: in _epoll_accept(): debug: new connection from `152.14.98.53:51878'
1757117730.960758: 1680960-7f1729e1f700: cdpl_monitor.c:579: in cdpl_mn_connect(): debug: ok
1757117730.960779: 1680960-7f176e7a4540: cdpl_server.c:731: in cdpl_sv_new_job(): info: new job J1 in M1
1757117730.960793: 1680960-7f172a620700: cdpl_server_ipc.c:1225: in _sv_ipc_thread(): debug: received ACCEPT notification
1757117730.960803: 1680960-7f172a620700: cdpl_ipc.c:2503: in cdpl_ipc_host_accept(): debug: accepted host `152.14.98.53:51878'
1757117730.960808: 1680960-7f176e7a4540: cdpl_compat_master.c:1581: in _add_worker(): info: new worker type 10, min:1, max:3, cmd:`/home/argershm/180-voltmeter/Analog/cc/synopsys_custom/pwdp_jobs/saeSession0_diffmodegain.SimulationSimulation_cdpl.0.1680960/START_WORKER pw_worker -i /home/argershm/180-voltmeter/Analog/cc/synopsys_custom/pwdp_jobs
1757117730.960817: 1680960-7f172a620700: cdpl_server_ipc.c:1256: in _sv_ipc_thread(): debug: received MONITOR message
1757117730.960822: 1680960-7f176e7a4540: cdpl_server.c:908: in cdpl_sv_new_bin_withfarm(): info: new bin B1 in J1
1757117730.960946: 1680960-7f172a620700: cdpl_monitor.c:1207: in cdpl_mn_accept(): debug: accepted monitor `152.14.98.53:51878'
1757117730.960955: 1680960-7f172a620700: cdpl_server_ipc_mon.c:120: in _globalLOCK(): debug: ENTERTING GLOBAL LOCK
1757117730.960957: 1680960-7f172a620700: cdpl_server_ipc_mon.c:164: in _globalLOCK(): debug: global lock acquired
1757117730.960961: 1680960-7f171bfff700: cdpl_monitor.c:910: in mn_systat(): debug: started
1757117730.961227: 1680960-7f171bfff700: cdpl_monitor.c:937: in mn_systat(): debug: monitor server flush rate: 5
1757117731.770232: 1680960-7f172a620700: cdpl_server_ipc_mon.c:210: in _globalUNLOCK(): debug: LEAVING GLOBAL LOCK
1757117731.770261: 1680960-7f176e7a4540: cdpl_server.c:3249: in cdpl_sv_start_job(): info: starting job J1
1757117731.770292: 1680960-7f176e7a4540: cdpl_server.c:62: in _sv_start_bin(): debug: starting bin B1 (min: 0, max: 3)
1757117731.770434: 1680960-7f1719ffb700: cdpl_server_sched.c:2482: in _sv_scheduler_thread(): debug: scheduler for bin B1 started
1757117731.770483: 1680960-7f176e7a4540: cdpl_server.c:1893: in _sv_gen_task(): info: new task T0 in B1 (prio 0)
1757117731.770527: 1680960-7f176e7a4540: cdpl_server.c:2698: in cdpl_sv_label_task_va(): info: setting task T0 label to "PrimeSim_1|PrimeSim"
1757117731.770587: 1680960-7f1719ffb700: cdpl_server_sched.c:2443: in _scheduler_run(): debug: will start a new worker
1757117731.770628: 1680960-7f1719ffb700: cdpl_farm.c:3977: in cdpl_farm_submit(): debug: 1 running processes
1757117731.770631: 1680960-7f1719ffb700: cdpl_farm.c:3985: in cdpl_farm_submit(): debug: new command C1 in bin B1 assigned to host `localhost'
1757117731.770697: 1680960-7f1719ffb700: cdpl_server_sched.c:705: in _sv_launch_worker(): info: started worker W1 (as C1) in bin B1
1757117731.770711: 1680960-7f17197fa700: cdpl_farm.c:2139: in _schedule(): debug: started
1757117731.770717: 1680960-7f17197fa700: cdpl_farm.c:2303: in _schedule(): debug: submitting command C1 in bin B1
1757117731.770735: 1680960-7f17197fa700: cdpl_sh.c:49: in _sh_detached_submit(): info: SH : /home/argershm/180-voltmeter/Analog/cc/synopsys_custom/pwdp_jobs/saeSession0_diffmodegain.SimulationSimulation_cdpl.0.1680960/START_WORKER pw_worker -i /home/argershm/180-voltmeter/Analog/cc/synopsys_custom/pwdp_jobs/saeSession0_diffmodegain.SimulationSimulation_cdpl.0.1680960 -t 10000
1757117731.779526: 1680960-7f17197fa700: cdpl_farm.c:2343: in _schedule(): debug: C1 in bin B1 running on slot 0
1757117731.779558: 1680960-7f17197fa700: cdpl_farm.c:2167: in _schedule(): debug: idle
1757117731.779782: 1680960-7f176e7a4540: cdpl_server.c:1893: in _sv_gen_task(): info: new task T1 in B1 (prio 0)
1757117731.779796: 1680960-7f176e7a4540: cdpl_server.c:2698: in cdpl_sv_label_task_va(): info: setting task T1 label to "PrimeSim_2|PrimeSim"
1757117731.779811: 1680960-7f1719ffb700: cdpl_server_sched.c:2443: in _scheduler_run(): debug: will start a new worker
1757117731.779827: 1680960-7f1719ffb700: cdpl_farm.c:3977: in cdpl_farm_submit(): debug: 2 running processes
1757117731.779837: 1680960-7f1719ffb700: cdpl_farm.c:3985: in cdpl_farm_submit(): debug: new command C2 in bin B1 assigned to host `localhost'
1757117731.779844: 1680960-7f1719ffb700: cdpl_server_sched.c:705: in _sv_launch_worker(): info: started worker W2 (as C2) in bin B1
1757117731.779848: 1680960-7f17197fa700: cdpl_farm.c:2231: in _schedule(): debug: end of idling
1757117731.779850: 1680960-7f17197fa700: cdpl_farm.c:2303: in _schedule(): debug: submitting command C2 in bin B1
1757117731.779852: 1680960-7f17197fa700: cdpl_sh.c:49: in _sh_detached_submit(): info: SH : /home/argershm/180-voltmeter/Analog/cc/synopsys_custom/pwdp_jobs/saeSession0_diffmodegain.SimulationSimulation_cdpl.0.1680960/START_WORKER pw_worker -i /home/argershm/180-voltmeter/Analog/cc/synopsys_custom/pwdp_jobs/saeSession0_diffmodegain.SimulationSimulation_cdpl.0.1680960 -t 10000
1757117731.785292: 1680960-7f17197fa700: cdpl_farm.c:2343: in _schedule(): debug: C2 in bin B1 running on slot 1
1757117731.785315: 1680960-7f17197fa700: cdpl_farm.c:2167: in _schedule(): debug: idle
1757117732.085381: 1680960-7f17197fa700: cdpl_farm.c:1193: in _onexit(): debug: C1 in bin B1 exited normally on slot 0
1757117732.085395: 1680960-7f17197fa700: cdpl_farm.c:1193: in _onexit(): debug: C2 in bin B1 exited normally on slot 1
1757117732.884033: 1680960-7f171affd700: cdpl_compat_master.c:5948: in cdplMasterLogInfo(): info: [non-CDPL log entry] PWDP - no-workers started ok check start!
1757117733.632095: 1680960-7f172ae21700: cdpl_ipc.c:1862: in _epoll_accept(): debug: new connection from `152.14.98.53:51890'
1757117733.632140: 1680960-7f172a620700: cdpl_server_ipc.c:1225: in _sv_ipc_thread(): debug: received ACCEPT notification
1757117733.632154: 1680960-7f172a620700: cdpl_ipc.c:2503: in cdpl_ipc_host_accept(): debug: accepted host `152.14.98.53:51890'
1757117733.632217: 1680960-7f172a620700: cdpl_server_ipc.c:1246: in _sv_ipc_thread(): debug: received HELLO message
1757117733.632226: 1680960-7f172a620700: cdpl_server_ipc.c:430: in _sv_on_hello(): debug: looking up W1
1757117733.632229: 1680960-7f172a620700: cdpl_server_ipc.c:540: in _sv_on_hello(): info: W1 is `152.14.98.53:51890'
1757117733.632231: 1680960-7f172a620700: cdpl_server_ipc.c:541: in _sv_on_hello(): debug: hello W1 (B1)
1757117733.632232: 1680960-7f172a620700: cdpl_server_ipc.c:542: in _sv_on_hello(): info: W1 log file is /dev/null
1757117733.632270: 1680960-7f172a620700: cdpl_server_ipc.c:602: in _sv_on_hello(): info: up to 1 alive workers in B1
1757117733.632277: 1680960-7f172a620700: cdpl_farm.c:878: in _release_cmd(): debug: freeing command C1 in bin B1
1757117733.632285: 1680960-7f1719ffb700: cdpl_server_sched.c:960: in _assign(): info: assigning task T0 to worker W1
1757117733.635730: 1680960-7f172ae21700: cdpl_ipc.c:1862: in _epoll_accept(): debug: new connection from `152.14.98.53:51894'
1757117733.635751: 1680960-7f172a620700: cdpl_server_ipc.c:1225: in _sv_ipc_thread(): debug: received ACCEPT notification
1757117733.635760: 1680960-7f172a620700: cdpl_ipc.c:2503: in cdpl_ipc_host_accept(): debug: accepted host `152.14.98.53:51894'
1757117733.635877: 1680960-7f172a620700: cdpl_server_ipc.c:1246: in _sv_ipc_thread(): debug: received HELLO message
1757117733.635882: 1680960-7f172a620700: cdpl_server_ipc.c:430: in _sv_on_hello(): debug: looking up W2
1757117733.635884: 1680960-7f172a620700: cdpl_server_ipc.c:540: in _sv_on_hello(): info: W2 is `152.14.98.53:51894'
1757117733.635886: 1680960-7f172a620700: cdpl_server_ipc.c:541: in _sv_on_hello(): debug: hello W2 (B1)
1757117733.635888: 1680960-7f172a620700: cdpl_server_ipc.c:542: in _sv_on_hello(): info: W2 log file is /dev/null
1757117733.635896: 1680960-7f172a620700: cdpl_server_ipc.c:602: in _sv_on_hello(): info: up to 2 alive workers in B1
1757117733.635900: 1680960-7f172a620700: cdpl_farm.c:878: in _release_cmd(): debug: freeing command C2 in bin B1
1757117733.635903: 1680960-7f1719ffb700: cdpl_server_sched.c:960: in _assign(): info: assigning task T1 to worker W2
1757117733.695933: 1680960-7f172a620700: cdpl_server_ipc.c:1268: in _sv_ipc_thread(): debug: received RELAY message
1757117733.695950: 1680960-7f172a620700: cdpl_server_ipc.c:713: in _sv_on_relay(): debug: RELAY message from W1, size = 65
1757117733.695957: 1680960-7f172a620700: cdpl_server_ipc.c:715: in _sv_on_relay(): debug: RELAY message from W1, content = 0$1681810 claws-compute3.ece.ncsu.edu 1681839 RUNNING 1757117733
1757117733.699959: 1680960-7f172a620700: cdpl_server_ipc.c:1268: in _sv_ipc_thread(): debug: received RELAY message
1757117733.699962: 1680960-7f172a620700: cdpl_server_ipc.c:713: in _sv_on_relay(): debug: RELAY message from W2, size = 65
1757117733.699964: 1680960-7f172a620700: cdpl_server_ipc.c:715: in _sv_on_relay(): debug: RELAY message from W2, content = 1$1681811 claws-compute3.ece.ncsu.edu 1681841 RUNNING 1757117733
1757117734.632515: 1680960-7f172a620700: cdpl_server_ipc.c:312: in _sv_on_heartbeat(): debug: received HEARTBEAT from worker W1 at 152.14.98.53:51890
1757117734.636409: 1680960-7f172a620700: cdpl_server_ipc.c:312: in _sv_on_heartbeat(): debug: received HEARTBEAT from worker W2 at 152.14.98.53:51894
1757117735.962056: 1680960-7f1729e1f700: cdpl_monitor.c:533: in cdpl_mn_connect(): debug: connecting to 152.14.98.53:38449
1757117735.962066: 1680960-7f1729e1f700: cdpl_ipc.c:3789: in cdpl_ipc_connect(): info: connecting to 152.14.98.53:38449
1757117735.962197: 1680960-7f1729e1f700: cdpl_ipc.c:3860: in cdpl_ipc_connect(): info: connected as `152.14.98.53:40326'
1757117735.962204: 1680960-7f1729e1f700: cdpl_ipc.c:2503: in cdpl_ipc_host_accept(): debug: accepted host `152.14.98.53:38449'
1757117735.962209: 1680960-7f1729e1f700: cdpl_monitor.c:579: in cdpl_mn_connect(): debug: ok
1757117735.962215: 1680960-7f1729e1f700: cdpl_monitor.c:533: in cdpl_mn_connect(): debug: connecting to 152.14.98.53:36113
1757117735.962217: 1680960-7f1729e1f700: cdpl_ipc.c:3789: in cdpl_ipc_connect(): info: connecting to 152.14.98.53:36113
1757117735.962266: 1680960-7f1729e1f700: cdpl_ipc.c:3860: in cdpl_ipc_connect(): info: connected as `152.14.98.53:50378'
1757117735.962270: 1680960-7f1729e1f700: cdpl_ipc.c:2503: in cdpl_ipc_host_accept(): debug: accepted host `152.14.98.53:36113'
1757117735.962273: 1680960-7f1729e1f700: cdpl_monitor.c:579: in cdpl_mn_connect(): debug: ok
1757117740.692950: 1680960-7f172a620700: cdpl_server_ipc.c:1268: in _sv_ipc_thread(): debug: received RELAY message
1757117740.692966: 1680960-7f172a620700: cdpl_server_ipc.c:713: in _sv_on_relay(): debug: RELAY message from W2, size = 50
1757117740.692969: 1680960-7f172a620700: cdpl_server_ipc.c:715: in _sv_on_relay(): debug: RELAY message from W2, content = WORKERDU|40,/dev/mapper/rhel_claws--compute3-home
1757117740.692975: 1680960-7f172a620700: cdpl_server_ipc.c:1268: in _sv_ipc_thread(): debug: received RELAY message
1757117740.692976: 1680960-7f172a620700: cdpl_server_ipc.c:713: in _sv_on_relay(): debug: RELAY message from W2, size = 18
1757117740.692978: 1680960-7f172a620700: cdpl_server_ipc.c:715: in _sv_on_relay(): debug: RELAY message from W2, content = 1$- - - MEASDOING
1757117740.696963: 1680960-7f172a620700: cdpl_server_ipc.c:1268: in _sv_ipc_thread(): debug: received RELAY message
1757117740.696967: 1680960-7f172a620700: cdpl_server_ipc.c:713: in _sv_on_relay(): debug: RELAY message from W1, size = 53
1757117740.696969: 1680960-7f172a620700: cdpl_server_ipc.c:715: in _sv_on_relay(): debug: RELAY message from W1, content = WORKERDU|12932,/dev/mapper/rhel_claws--compute3-home
1757117740.696984: 1680960-7f172a620700: cdpl_server_ipc.c:1268: in _sv_ipc_thread(): debug: received RELAY message
1757117740.696986: 1680960-7f172a620700: cdpl_server_ipc.c:713: in _sv_on_relay(): debug: RELAY message from W1, size = 196
1757117740.696988: 1680960-7f172a620700: cdpl_server_ipc.c:715: in _sv_on_relay(): debug: RELAY message from W1, content = REQPILOT|saeSession0,1,diff_mode_gain|&/home/argershm/180-voltmeter/Analog/cc/simulation/integrator,tb_main_opamp,schematic/history_1/simulation/diff_mode_gain/PrimeSimSPICE/parametric/results|&0
1757117740.697032: 1680960-7f171b7fe700: cdpl_compat_master.c:5948: in cdplMasterLogInfo(): info: [non-CDPL log entry] PWDP send back 'DOPILOT' to worker id:1 key: saeSession0,1,diff_mode_gain|&/home/argershm/180-voltmeter/Analog/cc/simulation/integrator,tb_main_opamp,schematic/history_1/simulation/diff_mode_gain/PrimeSimSPICE/parametric/results
1757117740.697193: 1680960-7f171b7fe700: cdpl_compat_master.c:5948: in cdplMasterLogInfo(): info: [non-CDPL log entry] PWDP: set pilot doing!
1757117740.700371: 1680960-7f172a620700: cdpl_server_ipc.c:1268: in _sv_ipc_thread(): debug: received RELAY message
1757117740.700376: 1680960-7f172a620700: cdpl_server_ipc.c:713: in _sv_on_relay(): debug: RELAY message from W1, size = 192
1757117740.700377: 1680960-7f172a620700: cdpl_server_ipc.c:715: in _sv_on_relay(): debug: RELAY message from W1, content = PILOTOK|saeSession0,1,diff_mode_gain|&/home/argershm/180-voltmeter/Analog/cc/simulation/integrator,tb_main_opamp,schematic/history_1/simulation/diff_mode_gain/PrimeSimSPICE/parametric/results
1757117740.700396: 1680960-7f171b7fe700: cdpl_compat_master.c:5948: in cdplMasterLogInfo(): info: [non-CDPL log entry] PWDP: set pilot done!
1757117740.700459: 1680960-7f172a620700: cdpl_server_ipc.c:1268: in _sv_ipc_thread(): debug: received RELAY message
1757117740.700462: 1680960-7f172a620700: cdpl_server_ipc.c:713: in _sv_on_relay(): debug: RELAY message from W1, size = 18
1757117740.700463: 1680960-7f172a620700: cdpl_server_ipc.c:715: in _sv_on_relay(): debug: RELAY message from W1, content = 0$- - - MEASDOING
1757117740.887003: 1680960-7f172a620700: cdpl_server_ipc.c:1268: in _sv_ipc_thread(): debug: received RELAY message
1757117740.887017: 1680960-7f172a620700: cdpl_server_ipc.c:713: in _sv_on_relay(): debug: RELAY message from W2, size = 77
1757117740.887019: 1680960-7f172a620700: cdpl_server_ipc.c:715: in _sv_on_relay(): debug: RELAY message from W2, content = 1$1681811 claws-compute3.ece.ncsu.edu 1681841 FAILED 1757117733|1757117740|8
1757117740.887166: 1680960-7f172a620700: cdpl_server_ipc.c:1251: in _sv_ipc_thread(): debug: received FINISH message
1757117740.887169: 1680960-7f172a620700: cdpl_server_ipc.c:983: in _sv_on_finish(): info: worker W2 completed task T1
1757117740.887171: 1680960-7f172a620700: cdpl_server_ipc.c:988: in _sv_on_finish(): debug: stat T1: utime=3438 stime=2028
1757117740.887173: 1680960-7f172a620700: cdpl_server_ipc.c:993: in _sv_on_finish(): debug: statm T1: vsize=3054592 rss=1035808 shared=516820 text=474784 data=709952
1757117740.891705: 1680960-7f172a620700: cdpl_server_ipc.c:1268: in _sv_ipc_thread(): debug: received RELAY message
1757117740.891712: 1680960-7f172a620700: cdpl_server_ipc.c:713: in _sv_on_relay(): debug: RELAY message from W2, size = 50
1757117740.891714: 1680960-7f172a620700: cdpl_server_ipc.c:715: in _sv_on_relay(): debug: RELAY message from W2, content = WORKERDU|24,/dev/mapper/rhel_claws--compute3-home
1757117740.975025: 1680960-7f176e7a4540: cdpl_server.c:227: in _sv_free_task_safe(): debug: freeing task T1
1757117742.217545: 1680960-7f172a620700: cdpl_server_ipc.c:1268: in _sv_ipc_thread(): debug: received RELAY message
1757117742.217557: 1680960-7f172a620700: cdpl_server_ipc.c:713: in _sv_on_relay(): debug: RELAY message from W1, size = 77
1757117742.217560: 1680960-7f172a620700: cdpl_server_ipc.c:715: in _sv_on_relay(): debug: RELAY message from W1, content = 0$1681810 claws-compute3.ece.ncsu.edu 1681839 FINISHED 1757117733|1757117742
1757117742.219155: 1680960-7f172a620700: cdpl_server_ipc.c:1268: in _sv_ipc_thread(): debug: received RELAY message
1757117742.219162: 1680960-7f172a620700: cdpl_server_ipc.c:713: in _sv_on_relay(): debug: RELAY message from W1, size = 194
1757117742.219165: 1680960-7f172a620700: cdpl_server_ipc.c:715: in _sv_on_relay(): debug: RELAY message from W1, content = PILOTDONE|saeSession0,1,diff_mode_gain|&/home/argershm/180-voltmeter/Analog/cc/simulation/integrator,tb_main_opamp,schematic/history_1/simulation/diff_mode_gain/PrimeSimSPICE/parametric/results
1757117742.219189: 1680960-7f171b7fe700: cdpl_compat_master.c:5948: in cdplMasterLogInfo(): info: [non-CDPL log entry] saeSession0,1,diff_mode_gain|&/home/argershm/180-voltmeter/Analog/cc/simulation/integrator,tb_main_opamp,schematic/history_1/simulation/diff_mode_gain/PrimeSimSPICE/parametric/results PILOTDONE!
1757117742.219506: 1680960-7f172a620700: cdpl_server_ipc.c:1251: in _sv_ipc_thread(): debug: received FINISH message
1757117742.219512: 1680960-7f172a620700: cdpl_server_ipc.c:983: in _sv_on_finish(): info: worker W1 completed task T0
1757117742.219514: 1680960-7f172a620700: cdpl_server_ipc.c:988: in _sv_on_finish(): debug: stat T0: utime=4087 stime=2183
1757117742.219516: 1680960-7f172a620700: cdpl_server_ipc.c:993: in _sv_on_finish(): debug: statm T0: vsize=3054776 rss=1039860 shared=520256 text=474784 data=710136
1757117742.224023: 1680960-7f172a620700: cdpl_server_ipc.c:1268: in _sv_ipc_thread(): debug: received RELAY message
1757117742.224029: 1680960-7f172a620700: cdpl_server_ipc.c:713: in _sv_on_relay(): debug: RELAY message from W1, size = 50
1757117742.224031: 1680960-7f172a620700: cdpl_server_ipc.c:715: in _sv_on_relay(): debug: RELAY message from W1, content = WORKERDU|40,/dev/mapper/rhel_claws--compute3-home
1757117742.271852: 1680960-7f176e7a4540: cdpl_server.c:227: in _sv_free_task_safe(): debug: freeing task T0
1757117742.685255: 1680960-7f176e7a4540: cdpl_server.c:3008: in cdpl_sv_halt_job_errno(): info: killing job J1
1757117742.685274: 1680960-7f176e7a4540: cdpl_server.c:3044: in cdpl_sv_halt_job_errno(): debug: signal bin B1 scheduler to stop
1757117742.685292: 1680960-7f1719ffb700: cdpl_server_sched.c:2484: in _sv_scheduler_thread(): debug: scheduler for bin B1 stopped
1757117742.685327: 1680960-7f1719ffb700: cdpl_ipc.c:1657: in _host_drop__UNSAFE(): debug: dropping host `152.14.98.53:51894'
1757117742.685363: 1680960-7f1719ffb700: cdpl_server_sched.c:2830: in _sv_drop_worker(): info: down to 1 alive workers in B1
1757117742.685370: 1680960-7f172a620700: cdpl_server_ipc.c:1236: in _sv_ipc_thread(): debug: received DROP notification
1757117742.685386: 1680960-7f1719ffb700: cdpl_farm.c:4152: in cdpl_farm_dismiss(): debug: down to 1 running processes
1757117742.685397: 1680960-7f1719ffb700: cdpl_ipc.c:1657: in _host_drop__UNSAFE(): debug: dropping host `152.14.98.53:51890'
1757117742.685412: 1680960-7f1719ffb700: cdpl_server_sched.c:2830: in _sv_drop_worker(): info: down to 0 alive workers in B1
1757117742.685414: 1680960-7f1719ffb700: cdpl_farm.c:4152: in cdpl_farm_dismiss(): debug: down to 0 running processes
1757117742.685423: 1680960-7f172a620700: cdpl_server_ipc.c:1236: in _sv_ipc_thread(): debug: received DROP notification
1757117742.685429: 1680960-7f1719ffb700: cdpl_server_sched.c:121: in _free_worker_2(): debug: freeing worker W2
1757117742.685443: 1680960-7f1719ffb700: cdpl_ipc.c:2513: in cdpl_ipc_host_release(): debug: releasing host `152.14.98.53:51894'
1757117742.685445: 1680960-7f1719ffb700: cdpl_ipc.c:2529: in cdpl_ipc_host_release(): debug: scheduling for immediate release
1757117742.685447: 1680960-7f1719ffb700: cdpl_server_sched.c:121: in _free_worker_2(): debug: freeing worker W1
1757117742.685449: 1680960-7f1719ffb700: cdpl_ipc.c:2513: in cdpl_ipc_host_release(): debug: releasing host `152.14.98.53:51890'
1757117742.685451: 1680960-7f1719ffb700: cdpl_ipc.c:2529: in cdpl_ipc_host_release(): debug: scheduling for immediate release
1757117742.685464: 1680960-7f176e7a4540: cdpl_server.c:294: in _sv_free_job(): info: freeing job J1
1757117742.685467: 1680960-7f176e7a4540: cdpl_server.c:92: in _sv_free_bin(): debug: freeing bin B1
1757117742.685499: 1680960-7f176e7a4540: cdpl_monitor.c:515: in cdpl_mn_kill(): info: killing monitor
1757117742.685503: 1680960-7f176e7a4540: cdpl_ipc.c:3677: in cdpl_ipc_kill(): debug: stopping event server
1757117742.685512: 1680960-7f172961e700: cdpl_ipc.c:775: in _readv(): warning: read(): EOF
1757117742.685528: 1680960-7f172961e700: cdpl_ipc.c:2100: in _epoll_recv(): debug: _readv(): Broken pipe
1757117742.685531: 1680960-7f172961e700: cdpl_ipc.c:2424: in _epoll_main(): debug: _epoll_recv(): Broken pipe
1757117742.685554: 1680960-7f172ae21700: cdpl_ipc.c:775: in _readv(): warning: read(): EOF
1757117742.685560: 1680960-7f172ae21700: cdpl_ipc.c:2100: in _epoll_recv(): debug: _readv(): Broken pipe
1757117742.685563: 1680960-7f172ae21700: cdpl_ipc.c:2424: in _epoll_main(): debug: _epoll_recv(): Broken pipe
1757117742.685565: 1680960-7f172961e700: cdpl_ipc.c:1657: in _host_drop__UNSAFE(): debug: dropping host `152.14.98.53:36113'
1757117742.685571: 1680960-7f172ae21700: cdpl_ipc.c:1657: in _host_drop__UNSAFE(): debug: dropping host `152.14.98.53:51878'
1757117742.685585: 1680960-7f172961e700: cdpl_ipc.c:2460: in _epoll_main(): debug: server going down...
1757117742.685608: 1680960-7f172ae21700: cdpl_ipc.c:1582: in _host_free__UNSAFE(): debug: freeing host `152.14.98.53:51890'
1757117742.685611: 1680960-7f172ae21700: cdpl_ipc.c:1621: in _host_free__UNSAFE(): debug: [0 outq, 0 spR, 0 spW]
1757117742.685614: 1680960-7f172ae21700: cdpl_ipc.c:1582: in _host_free__UNSAFE(): debug: freeing host `152.14.98.53:51894'
1757117742.685616: 1680960-7f172ae21700: cdpl_ipc.c:1621: in _host_free__UNSAFE(): debug: [0 outq, 0 spR, 0 spW]
1757117742.685621: 1680960-7f172a620700: cdpl_server_ipc.c:1236: in _sv_ipc_thread(): debug: received DROP notification
1757117742.685631: 1680960-7f172a620700: cdpl_monitor.c:1269: in cdpl_mn_drop(): debug: detaching from monitor `152.14.98.53:51878'
1757117742.685637: 1680960-7f172a620700: cdpl_monitor.c:1101: in mn_systat_stop(): debug: joining systat thread
1757117742.685656: 1680960-7f171bfff700: cdpl_monitor.c:1079: in mn_systat(): debug: exiting
1757117742.685659: 1680960-7f172a620700: cdpl_monitor.c:1103: in mn_systat_stop(): debug: systat thread done
1757117742.685661: 1680960-7f172a620700: cdpl_ipc.c:2513: in cdpl_ipc_host_release(): debug: releasing host `152.14.98.53:51878'
1757117742.685688: 1680960-7f1729e1f700: cdpl_ipc.c:3728: in cdpl_ipc_free(): debug: releasing IPC handle
1757117742.685692: 1680960-7f1729e1f700: cdpl_ipc.c:1582: in _host_free__UNSAFE(): debug: freeing host `152.14.98.53:36113'
1757117742.685698: 1680960-7f1729e1f700: cdpl_ipc.c:1621: in _host_free__UNSAFE(): debug: [0 outq, 0 spR, 0 spW]
1757117742.685700: 1680960-7f1729e1f700: cdpl_ipc.c:1582: in _host_free__UNSAFE(): debug: freeing host `152.14.98.53:38449'
1757117742.685701: 1680960-7f1729e1f700: cdpl_ipc.c:1621: in _host_free__UNSAFE(): debug: [0 outq, 0 spR, 0 spW]
1757117742.685711: 1680960-7f1729e1f700: cdpl_ipc.c:1582: in _host_free__UNSAFE(): debug: freeing host `152.14.98.53:34063'
1757117742.685713: 1680960-7f1729e1f700: cdpl_ipc.c:1621: in _host_free__UNSAFE(): debug: [0 outq, 0 spR, 0 spW]
1757117742.685720: 1680960-7f1729e1f700: cdpl_ipc.c:3756: in cdpl_ipc_free(): warning: 3 host(s) were not released
1757117742.685732: 1680960-7f1729e1f700: cdpl_ipc.c:3767: in cdpl_ipc_free(): debug: done
1757117742.685734: 1680960-7f1729e1f700: cdpl_monitor.c:1390: in cdpl_mn_free(): debug: freeing monitor client
1757117742.685800: 1680960-7f176e7a4540: cdpl_farm.c:2740: in cdpl_farm_free(): info: freeing farm
1757117742.685811: 1680960-7f17197fa700: cdpl_farm.c:2231: in _schedule(): debug: end of idling
1757117742.685817: 1680960-7f17197fa700: cdpl_farm.c:2235: in _schedule(): debug: dying
1757117742.685855: 1680960-7f176e7a4540: cdpl_farm.c:913: in _killall(): debug: killing all remaining commands
1757117742.685865: 1680960-7f176e7a4540: cdpl_server.c:3144: in cdpl_sv_free(): info: freeing server S1551721076
1757117742.685877: 1680960-7f176e7a4540: cdpl_server.c:3109: in cdpl_sv_kill_errno(): info: killing server
1757117742.685879: 1680960-7f176e7a4540: cdpl_ipc.c:3677: in cdpl_ipc_kill(): debug: stopping event server
1757117742.685887: 1680960-7f172ae21700: cdpl_ipc.c:2460: in _epoll_main(): debug: server going down...
1757117742.685897: 1680960-7f172a620700: cdpl_server_ipc.c:1200: in _sv_ipc_thread(): debug: leaving now
1757117742.685906: 1680960-7f176e7a4540: cdpl_server.c:334: in _sv_free_master(): info: freeing master M1
1757117742.685912: 1680960-7f176e7a4540: cdpl_hash.c:68: in cdpl_h_destroy(): debug: put operations: 2
1757117742.685914: 1680960-7f176e7a4540: cdpl_hash.c:69: in cdpl_h_destroy(): debug: put collisions: 0
1757117742.685915: 1680960-7f176e7a4540: cdpl_hash.c:70: in cdpl_h_destroy(): debug: get operations: 1
1757117742.685916: 1680960-7f176e7a4540: cdpl_hash.c:71: in cdpl_h_destroy(): debug: get iterations: 1
1757117742.685921: 1680960-7f176e7a4540: cdpl_monitor.c:1390: in cdpl_mn_free(): debug: freeing monitor server
1757117742.685922: 1680960-7f176e7a4540: cdpl_ipc.c:3728: in cdpl_ipc_free(): debug: releasing IPC handle
1757117742.685924: 1680960-7f176e7a4540: cdpl_ipc.c:1582: in _host_free__UNSAFE(): debug: freeing host `152.14.98.53:51878'
1757117742.685926: 1680960-7f176e7a4540: cdpl_ipc.c:1621: in _host_free__UNSAFE(): debug: [0 outq, 0 spR, 0 spW]
1757117742.685945: 1680960-7f176e7a4540: cdpl_ipc.c:3767: in cdpl_ipc_free(): debug: done
1757117742.685948: 1680960-7f176e7a4540: cdpl_log.c:481: in cdpl_log_close(): info: @@end_of_log@@
