1757113975.688828: 1618213-7f16b705b540: cdpl_log.c:337: in cdpl_log_open(): info: @@start_of_log@@
1757113975.688837: 1618213-7f16b705b540: cdpl_log.c:1058: in cdpl_log_dump_sysinfo(): info: time: 2025/09/05 19:12:55 EDT -0400
1757113975.688840: 1618213-7f16b705b540: cdpl_log.c:1060: in cdpl_log_dump_sysinfo(): info: version: W-2024.09-SP1-2 
1757113975.688841: 1618213-7f16b705b540: cdpl_log.c:1062: in cdpl_log_dump_sysinfo(): info: system: Linux 4.18.0-553.69.1.el8_10.x86_64 #1 SMP Thu Aug 7 18:10:00 EDT 2025
1757113975.688843: 1618213-7f16b705b540: cdpl_log.c:1067: in cdpl_log_dump_sysinfo(): info: processor: x86_64 64-bits
1757113975.688844: 1618213-7f16b705b540: cdpl_log.c:1071: in cdpl_log_dump_sysinfo(): info: hostname: claws-compute3.ece.ncsu.edu
1757113975.688845: 1618213-7f16b705b540: cdpl_log.c:1073: in cdpl_log_dump_sysinfo(): info: program name: custom_shell
1757113975.688848: 1618213-7f16b705b540: cdpl_log.c:340: in cdpl_log_open(): debug: path: /home/argershm/180-voltmeter/Analog/cc/synopsys_custom/pwdp_jobs/saeSession0_diffmodegain.SimulationSimulation_cdpl.1.1618213/logs/master.claws-compute3.ece.ncsu.edu.1618213.log
1757113975.688849: 1618213-7f16b705b540: cdpl_log.c:341: in cdpl_log_open(): debug: dir: /home/argershm/180-voltmeter/Analog/cc/synopsys_custom/pwdp_jobs/saeSession0_diffmodegain.SimulationSimulation_cdpl.1.1618213/logs
1757113975.688854: 1618213-7f16b705b540: cdpl_server.c:536: in cdpl_sv_init(): info: new server S1670661115
1757113975.688856: 1618213-7f16b705b540: cdpl_ipc.c:3475: in cdpl_ipc_init(): info: requesting IPv4 protocol
1757113975.692588: 1618213-7f16b705b540: cdpl_ipc.c:837: in _selectaddrfamily(): info: selected IPv4 protocol
1757113975.692604: 1618213-7f16b705b540: cdpl_ipc.c:1139: in _set_keepalive(): info: TCP keep alive interval: 300
1757113975.697019: 1618213-7f16b705b540: cdpl_monitor.c:1117: in cdpl_mn_new_server(): info: creating server monitor instance
1757113975.697024: 1618213-7f16b705b540: cdpl_server.c:650: in cdpl_sv_new_master(): info: new master M1
1757113975.697028: 1618213-7f16b705b540: cdpl_server.c:6533: in cdpl_sv_ctl_master(): info: Setting worker heartbeat to 120 seconds
1757113975.697030: 1618213-7f16b705b540: cdpl_server.c:6542: in cdpl_sv_ctl_master(): info: Setting worker heartbeat timeout to 3 heartbeats
1757113975.697032: 1618213-7f16b705b540: cdpl_compat_master.c:2090: in _parse_hostfile(): info: reading hostfile `/home/argershm/180-voltmeter/Analog/cc/synopsys_custom/pwdp_jobs/saeSession0_diffmodegain.SimulationSimulation_cdpl.1.1618213/host_file'
1757113975.697041: 1618213-7f16b705b540: cdpl_compat_master.c:1900: in _hostfile_parser(): debug: parsing "1     |localhost|   -1  | /tmp | SH | sh"
1757113975.697045: 1618213-7f16b705b540: cdpl_farm.c:2578: in cdpl_farm_new_sh(): info: creating SH farm on localhost
1757113975.697048: 1618213-7f16b705b540: cdpl_compat_master.c:206: in _set_farm_env(): info: exporting CDPL_LOGDIR as `/home/argershm/180-voltmeter/Analog/cc/synopsys_custom/pwdp_jobs/saeSession0_diffmodegain.SimulationSimulation_cdpl.1.1618213/logs'
1757113975.697050: 1618213-7f16b705b540: cdpl_compat_master.c:212: in _set_farm_env(): info: exporting CDPL_TMPDIR as `/tmp'
1757113975.697051: 1618213-7f16b705b540: cdpl_compat_master.c:235: in _set_farm_env(): info: exporting SNPSLMD_LICENSE_FILE as `27000@ece-lic-35.ece.ncsu.edu'
1757113975.697054: 1618213-7f16b705b540: cdpl_compat_master.c:259: in _set_farm_env(): info: exporting CDPL_OPTIONS as `[nowlogs]'
1757113975.697055: 1618213-7f16b705b540: cdpl_compat_master.c:266: in _set_farm_env(): info: exporting DISPLAY as `unix:31396'
1757113975.697056: 1618213-7f16b705b540: cdpl_compat_master.c:274: in _set_farm_env(): info: exporting CDPL_HEARTBEAT as `120'
1757113975.697059: 1618213-7f16b705b540: cdpl_farm.c:3149: in cdpl_farm_add_withdir(): debug: added `localhost' (capacity: unlimited)
1757113975.697061: 1618213-7f16b705b540: cdpl_compat_parse.c:147: in parsefile(): debug: read `/home/argershm/180-voltmeter/Analog/cc/synopsys_custom/pwdp_jobs/saeSession0_diffmodegain.SimulationSimulation_cdpl.1.1618213/host_file', 2 lines
1757113975.697066: 1618213-7f16b705b540: cdpl_compat_master.c:2931: in cdplInitMaster(): info: bcast dir is `/home/argershm/180-voltmeter/Analog/cc/synopsys_custom/pwdp_jobs/saeSession0_diffmodegain.SimulationSimulation_cdpl.1.1618213/logs'
1757113975.697098: 1618213-7f16b705b540: cdpl_server.c:6433: in cdpl_sv_ctl_master(): info: farm worker timeout set to 300
1757113975.697100: 1618213-7f16b705b540: cdpl_server.c:6486: in cdpl_sv_ctl_master(): info: maximum number of task execution attempts set to 1
1757113975.697103: 1618213-7f16b705b540: cdpl_server.c:3195: in cdpl_sv_start(): debug: starting server
1757113975.697105: 1618213-7f16b705b540: cdpl_ipc.c:3632: in cdpl_ipc_start(): debug: starting IPC server 152.14.98.53:35055
1757113975.697264: 1618213-7f16776fe700: cdpl_server_ipc.c:1182: in _sv_ipc_thread(): debug: ready
1757113975.697301: 1618213-7f1661ffb700: cdpl_monitor.c:426: in cdpl_mn_init_client(): info: creating client monitor instance
1757113975.697314: 1618213-7f1661ffb700: cdpl_ipc.c:3475: in cdpl_ipc_init(): info: requesting IPv4 protocol
1757113975.702993: 1618213-7f1661ffb700: cdpl_ipc.c:837: in _selectaddrfamily(): info: selected IPv4 protocol
1757113975.703014: 1618213-7f1661ffb700: cdpl_ipc.c:1139: in _set_keepalive(): info: TCP keep alive interval: 300
1757113975.706273: 1618213-7f1661ffb700: cdpl_ipc.c:3632: in cdpl_ipc_start(): debug: starting IPC server 152.14.98.53:39333
1757113975.706357: 1618213-7f1661ffb700: cdpl_monitor.c:471: in cdpl_mn_init_client(): debug: incoming messages in /tmp/cdpl-monitor-wg19K3
1757113975.706428: 1618213-7f1661ffb700: cdpl_monitor.c:533: in cdpl_mn_connect(): debug: connecting to 152.14.98.53:35055
1757113975.706431: 1618213-7f1661ffb700: cdpl_ipc.c:3789: in cdpl_ipc_connect(): info: connecting to 152.14.98.53:35055
1757113975.706536: 1618213-7f1661ffb700: cdpl_ipc.c:3860: in cdpl_ipc_connect(): info: connected as `152.14.98.53:54286'
1757113975.706541: 1618213-7f1661ffb700: cdpl_ipc.c:2503: in cdpl_ipc_host_accept(): debug: accepted host `152.14.98.53:35055'
1757113975.706546: 1618213-7f1661ffb700: cdpl_monitor.c:579: in cdpl_mn_connect(): debug: ok
1757113975.706555: 1618213-7f16b705b540: cdpl_server.c:731: in cdpl_sv_new_job(): info: new job J1 in M1
1757113975.706562: 1618213-7f1676efd700: cdpl_ipc.c:1862: in _epoll_accept(): debug: new connection from `152.14.98.53:54286'
1757113975.706578: 1618213-7f16b705b540: cdpl_compat_master.c:1581: in _add_worker(): info: new worker type 10, min:1, max:3, cmd:`/home/argershm/180-voltmeter/Analog/cc/synopsys_custom/pwdp_jobs/saeSession0_diffmodegain.SimulationSimulation_cdpl.1.1618213/START_WORKER pw_worker -i /home/argershm/180-voltmeter/Analog/cc/synopsys_custom/pwdp_jobs
1757113975.706582: 1618213-7f16b705b540: cdpl_server.c:908: in cdpl_sv_new_bin_withfarm(): info: new bin B1 in J1
1757113975.706598: 1618213-7f16776fe700: cdpl_server_ipc.c:1225: in _sv_ipc_thread(): debug: received ACCEPT notification
1757113975.706608: 1618213-7f16776fe700: cdpl_ipc.c:2503: in cdpl_ipc_host_accept(): debug: accepted host `152.14.98.53:54286'
1757113975.706622: 1618213-7f16776fe700: cdpl_server_ipc.c:1256: in _sv_ipc_thread(): debug: received MONITOR message
1757113975.706712: 1618213-7f16776fe700: cdpl_monitor.c:1207: in cdpl_mn_accept(): debug: accepted monitor `152.14.98.53:54286'
1757113975.706716: 1618213-7f16776fe700: cdpl_server_ipc_mon.c:120: in _globalLOCK(): debug: ENTERTING GLOBAL LOCK
1757113975.706719: 1618213-7f16776fe700: cdpl_server_ipc_mon.c:164: in _globalLOCK(): debug: global lock acquired
1757113975.706722: 1618213-7f1674ef9700: cdpl_monitor.c:910: in mn_systat(): debug: started
1757113975.706936: 1618213-7f1674ef9700: cdpl_monitor.c:937: in mn_systat(): debug: monitor server flush rate: 5
1757113976.510204: 1618213-7f16776fe700: cdpl_server_ipc_mon.c:210: in _globalUNLOCK(): debug: LEAVING GLOBAL LOCK
1757113976.510225: 1618213-7f16b705b540: cdpl_server.c:3249: in cdpl_sv_start_job(): info: starting job J1
1757113976.510245: 1618213-7f16b705b540: cdpl_server.c:62: in _sv_start_bin(): debug: starting bin B1 (min: 0, max: 3)
1757113976.510360: 1618213-7f1662ffd700: cdpl_server_sched.c:2482: in _sv_scheduler_thread(): debug: scheduler for bin B1 started
1757113976.510373: 1618213-7f16b705b540: cdpl_server.c:1893: in _sv_gen_task(): info: new task T0 in B1 (prio 0)
1757113976.510382: 1618213-7f16b705b540: cdpl_server.c:2698: in cdpl_sv_label_task_va(): info: setting task T0 label to "PrimeSim_2|PrimeSim"
1757113976.510391: 1618213-7f1662ffd700: cdpl_server_sched.c:2443: in _scheduler_run(): debug: will start a new worker
1757113976.510404: 1618213-7f1662ffd700: cdpl_farm.c:3977: in cdpl_farm_submit(): debug: 1 running processes
1757113976.510406: 1618213-7f1662ffd700: cdpl_farm.c:3985: in cdpl_farm_submit(): debug: new command C1 in bin B1 assigned to host `localhost'
1757113976.510484: 1618213-7f1662ffd700: cdpl_server_sched.c:705: in _sv_launch_worker(): info: started worker W1 (as C1) in bin B1
1757113976.510503: 1618213-7f16627fc700: cdpl_farm.c:2139: in _schedule(): debug: started
1757113976.510509: 1618213-7f16627fc700: cdpl_farm.c:2303: in _schedule(): debug: submitting command C1 in bin B1
1757113976.510514: 1618213-7f16627fc700: cdpl_sh.c:49: in _sh_detached_submit(): info: SH : /home/argershm/180-voltmeter/Analog/cc/synopsys_custom/pwdp_jobs/saeSession0_diffmodegain.SimulationSimulation_cdpl.1.1618213/START_WORKER pw_worker -i /home/argershm/180-voltmeter/Analog/cc/synopsys_custom/pwdp_jobs/saeSession0_diffmodegain.SimulationSimulation_cdpl.1.1618213 -t 10000
1757113976.519451: 1618213-7f16627fc700: cdpl_farm.c:2343: in _schedule(): debug: C1 in bin B1 running on slot 0
1757113976.519470: 1618213-7f16627fc700: cdpl_farm.c:2167: in _schedule(): debug: idle
1757113976.535545: 1618213-7f16b705b540: cdpl_compat_master.c:5948: in cdplMasterLogInfo(): info: [non-CDPL log entry] PWDP3: reset pilot cache succeeded, pilot_key=saeSession0,1,diff_mode_gain|&/home/argershm/180-voltmeter/Analog/cc/simulation/integrator,tb_main_opamp,schematic/history_1/simulation/diff_mode_gain/PrimeSimSPICE/nominal/results
1757113976.819537: 1618213-7f16627fc700: cdpl_farm.c:1193: in _onexit(): debug: C1 in bin B1 exited normally on slot 0
1757113977.624437: 1618213-7f1663fff700: cdpl_compat_master.c:5948: in cdplMasterLogInfo(): info: [non-CDPL log entry] PWDP - no-workers started ok check start!
1757113978.410338: 1618213-7f1676efd700: cdpl_ipc.c:1862: in _epoll_accept(): debug: new connection from `152.14.98.53:43018'
1757113978.410382: 1618213-7f16776fe700: cdpl_server_ipc.c:1225: in _sv_ipc_thread(): debug: received ACCEPT notification
1757113978.410396: 1618213-7f16776fe700: cdpl_ipc.c:2503: in cdpl_ipc_host_accept(): debug: accepted host `152.14.98.53:43018'
1757113978.410486: 1618213-7f16776fe700: cdpl_server_ipc.c:1246: in _sv_ipc_thread(): debug: received HELLO message
1757113978.410491: 1618213-7f16776fe700: cdpl_server_ipc.c:430: in _sv_on_hello(): debug: looking up W1
1757113978.410495: 1618213-7f16776fe700: cdpl_server_ipc.c:540: in _sv_on_hello(): info: W1 is `152.14.98.53:43018'
1757113978.410497: 1618213-7f16776fe700: cdpl_server_ipc.c:541: in _sv_on_hello(): debug: hello W1 (B1)
1757113978.410498: 1618213-7f16776fe700: cdpl_server_ipc.c:542: in _sv_on_hello(): info: W1 log file is /dev/null
1757113978.410509: 1618213-7f16776fe700: cdpl_server_ipc.c:602: in _sv_on_hello(): info: up to 1 alive workers in B1
1757113978.410514: 1618213-7f16776fe700: cdpl_farm.c:878: in _release_cmd(): debug: freeing command C1 in bin B1
1757113978.410538: 1618213-7f1662ffd700: cdpl_server_sched.c:960: in _assign(): info: assigning task T0 to worker W1
1757113978.473911: 1618213-7f16776fe700: cdpl_server_ipc.c:1268: in _sv_ipc_thread(): debug: received RELAY message
1757113978.473920: 1618213-7f16776fe700: cdpl_server_ipc.c:713: in _sv_on_relay(): debug: RELAY message from W1, size = 65
1757113978.473923: 1618213-7f16776fe700: cdpl_server_ipc.c:715: in _sv_on_relay(): debug: RELAY message from W1, content = 0$1632823 claws-compute3.ece.ncsu.edu 1632839 RUNNING 1757113978
1757113979.410753: 1618213-7f16776fe700: cdpl_server_ipc.c:312: in _sv_on_heartbeat(): debug: received HEARTBEAT from worker W1 at 152.14.98.53:43018
1757113980.707534: 1618213-7f1661ffb700: cdpl_monitor.c:533: in cdpl_mn_connect(): debug: connecting to 152.14.98.53:40107
1757113980.707545: 1618213-7f1661ffb700: cdpl_ipc.c:3789: in cdpl_ipc_connect(): info: connecting to 152.14.98.53:40107
1757113980.707671: 1618213-7f1661ffb700: cdpl_ipc.c:3860: in cdpl_ipc_connect(): info: connected as `152.14.98.53:40056'
1757113980.707678: 1618213-7f1661ffb700: cdpl_ipc.c:2503: in cdpl_ipc_host_accept(): debug: accepted host `152.14.98.53:40107'
1757113980.707683: 1618213-7f1661ffb700: cdpl_monitor.c:579: in cdpl_mn_connect(): debug: ok
1757113985.151352: 1618213-7f16776fe700: cdpl_server_ipc.c:1268: in _sv_ipc_thread(): debug: received RELAY message
1757113985.151367: 1618213-7f16776fe700: cdpl_server_ipc.c:713: in _sv_on_relay(): debug: RELAY message from W1, size = 53
1757113985.151370: 1618213-7f16776fe700: cdpl_server_ipc.c:715: in _sv_on_relay(): debug: RELAY message from W1, content = WORKERDU|12928,/dev/mapper/rhel_claws--compute3-home
1757113985.151378: 1618213-7f16776fe700: cdpl_server_ipc.c:1268: in _sv_ipc_thread(): debug: received RELAY message
1757113985.151379: 1618213-7f16776fe700: cdpl_server_ipc.c:713: in _sv_on_relay(): debug: RELAY message from W1, size = 193
1757113985.151381: 1618213-7f16776fe700: cdpl_server_ipc.c:715: in _sv_on_relay(): debug: RELAY message from W1, content = REQPILOT|saeSession0,1,diff_mode_gain|&/home/argershm/180-voltmeter/Analog/cc/simulation/integrator,tb_main_opamp,schematic/history_1/simulation/diff_mode_gain/PrimeSimSPICE/nominal/results|&0
1757113985.151415: 1618213-7f16756fa700: cdpl_compat_master.c:5948: in cdplMasterLogInfo(): info: [non-CDPL log entry] PWDP send back 'DOPILOT' to worker id:1 key: saeSession0,1,diff_mode_gain|&/home/argershm/180-voltmeter/Analog/cc/simulation/integrator,tb_main_opamp,schematic/history_1/simulation/diff_mode_gain/PrimeSimSPICE/nominal/results
1757113985.151549: 1618213-7f16756fa700: cdpl_compat_master.c:5948: in cdplMasterLogInfo(): info: [non-CDPL log entry] PWDP: set pilot doing!
1757113985.154892: 1618213-7f16776fe700: cdpl_server_ipc.c:1268: in _sv_ipc_thread(): debug: received RELAY message
1757113985.154900: 1618213-7f16776fe700: cdpl_server_ipc.c:713: in _sv_on_relay(): debug: RELAY message from W1, size = 189
1757113985.154902: 1618213-7f16776fe700: cdpl_server_ipc.c:715: in _sv_on_relay(): debug: RELAY message from W1, content = PILOTOK|saeSession0,1,diff_mode_gain|&/home/argershm/180-voltmeter/Analog/cc/simulation/integrator,tb_main_opamp,schematic/history_1/simulation/diff_mode_gain/PrimeSimSPICE/nominal/results
1757113985.154935: 1618213-7f16756fa700: cdpl_compat_master.c:5948: in cdplMasterLogInfo(): info: [non-CDPL log entry] PWDP: set pilot done!
1757113985.155090: 1618213-7f16776fe700: cdpl_server_ipc.c:1268: in _sv_ipc_thread(): debug: received RELAY message
1757113985.155098: 1618213-7f16776fe700: cdpl_server_ipc.c:713: in _sv_on_relay(): debug: RELAY message from W1, size = 18
1757113985.155100: 1618213-7f16776fe700: cdpl_server_ipc.c:715: in _sv_on_relay(): debug: RELAY message from W1, content = 0$- - - MEASDOING
1757113985.409486: 1618213-7f16776fe700: cdpl_server_ipc.c:1268: in _sv_ipc_thread(): debug: received RELAY message
1757113985.409498: 1618213-7f16776fe700: cdpl_server_ipc.c:713: in _sv_on_relay(): debug: RELAY message from W1, size = 77
1757113985.409501: 1618213-7f16776fe700: cdpl_server_ipc.c:715: in _sv_on_relay(): debug: RELAY message from W1, content = 0$1632823 claws-compute3.ece.ncsu.edu 1632839 FINISHED 1757113978|1757113985
1757113985.410887: 1618213-7f16776fe700: cdpl_server_ipc.c:1268: in _sv_ipc_thread(): debug: received RELAY message
1757113985.410895: 1618213-7f16776fe700: cdpl_server_ipc.c:713: in _sv_on_relay(): debug: RELAY message from W1, size = 191
1757113985.410897: 1618213-7f16776fe700: cdpl_server_ipc.c:715: in _sv_on_relay(): debug: RELAY message from W1, content = PILOTDONE|saeSession0,1,diff_mode_gain|&/home/argershm/180-voltmeter/Analog/cc/simulation/integrator,tb_main_opamp,schematic/history_1/simulation/diff_mode_gain/PrimeSimSPICE/nominal/results
1757113985.410927: 1618213-7f16756fa700: cdpl_compat_master.c:5948: in cdplMasterLogInfo(): info: [non-CDPL log entry] saeSession0,1,diff_mode_gain|&/home/argershm/180-voltmeter/Analog/cc/simulation/integrator,tb_main_opamp,schematic/history_1/simulation/diff_mode_gain/PrimeSimSPICE/nominal/results PILOTDONE!
1757113985.411192: 1618213-7f16776fe700: cdpl_server_ipc.c:1251: in _sv_ipc_thread(): debug: received FINISH message
1757113985.411200: 1618213-7f16776fe700: cdpl_server_ipc.c:983: in _sv_on_finish(): info: worker W1 completed task T0
1757113985.411203: 1618213-7f16776fe700: cdpl_server_ipc.c:988: in _sv_on_finish(): debug: stat T0: utime=3764 stime=1841
1757113985.411204: 1618213-7f16776fe700: cdpl_server_ipc.c:993: in _sv_on_finish(): debug: statm T0: vsize=3054744 rss=1039188 shared=519828 text=474784 data=709964
1757113985.415947: 1618213-7f16776fe700: cdpl_server_ipc.c:1268: in _sv_ipc_thread(): debug: received RELAY message
1757113985.415956: 1618213-7f16776fe700: cdpl_server_ipc.c:713: in _sv_on_relay(): debug: RELAY message from W1, size = 50
1757113985.415959: 1618213-7f16776fe700: cdpl_server_ipc.c:715: in _sv_on_relay(): debug: RELAY message from W1, content = WORKERDU|12,/dev/mapper/rhel_claws--compute3-home
1757113985.471224: 1618213-7f16b705b540: cdpl_server.c:227: in _sv_free_task_safe(): debug: freeing task T0
1757113986.325533: 1618213-7f16b705b540: cdpl_server.c:3008: in cdpl_sv_halt_job_errno(): info: killing job J1
1757113986.325554: 1618213-7f16b705b540: cdpl_server.c:3044: in cdpl_sv_halt_job_errno(): debug: signal bin B1 scheduler to stop
1757113986.325651: 1618213-7f1662ffd700: cdpl_server_sched.c:2484: in _sv_scheduler_thread(): debug: scheduler for bin B1 stopped
1757113986.325668: 1618213-7f1662ffd700: cdpl_ipc.c:1657: in _host_drop__UNSAFE(): debug: dropping host `152.14.98.53:43018'
1757113986.325701: 1618213-7f1662ffd700: cdpl_server_sched.c:2830: in _sv_drop_worker(): info: down to 0 alive workers in B1
1757113986.325704: 1618213-7f1662ffd700: cdpl_farm.c:4152: in cdpl_farm_dismiss(): debug: down to 0 running processes
1757113986.325707: 1618213-7f1662ffd700: cdpl_server_sched.c:121: in _free_worker_2(): debug: freeing worker W1
1757113986.325710: 1618213-7f1662ffd700: cdpl_ipc.c:2513: in cdpl_ipc_host_release(): debug: releasing host `152.14.98.53:43018'
1757113986.326027: 1618213-7f16b705b540: cdpl_server.c:294: in _sv_free_job(): info: freeing job J1
1757113986.326037: 1618213-7f16b705b540: cdpl_server.c:92: in _sv_free_bin(): debug: freeing bin B1
1757113986.326039: 1618213-7f16776fe700: cdpl_server_ipc.c:1236: in _sv_ipc_thread(): debug: received DROP notification
1757113986.326047: 1618213-7f16b705b540: cdpl_monitor.c:515: in cdpl_mn_kill(): info: killing monitor
1757113986.326050: 1618213-7f16b705b540: cdpl_ipc.c:3677: in cdpl_ipc_kill(): debug: stopping event server
1757113986.326066: 1618213-7f16766fc700: cdpl_ipc.c:2460: in _epoll_main(): debug: server going down...
1757113986.326105: 1618213-7f1676efd700: cdpl_ipc.c:775: in _readv(): warning: read(): EOF
1757113986.326115: 1618213-7f1676efd700: cdpl_ipc.c:2100: in _epoll_recv(): debug: _readv(): Broken pipe
1757113986.326118: 1618213-7f1676efd700: cdpl_ipc.c:2424: in _epoll_main(): debug: _epoll_recv(): Broken pipe
1757113986.326122: 1618213-7f1676efd700: cdpl_ipc.c:1657: in _host_drop__UNSAFE(): debug: dropping host `152.14.98.53:54286'
1757113986.326157: 1618213-7f1676efd700: cdpl_ipc.c:1582: in _host_free__UNSAFE(): debug: freeing host `152.14.98.53:43018'
1757113986.326159: 1618213-7f1676efd700: cdpl_ipc.c:1621: in _host_free__UNSAFE(): debug: [0 outq, 0 spR, 0 spW]
1757113986.326167: 1618213-7f16776fe700: cdpl_server_ipc.c:1236: in _sv_ipc_thread(): debug: received DROP notification
1757113986.326173: 1618213-7f16776fe700: cdpl_monitor.c:1269: in cdpl_mn_drop(): debug: detaching from monitor `152.14.98.53:54286'
1757113986.326179: 1618213-7f16776fe700: cdpl_monitor.c:1101: in mn_systat_stop(): debug: joining systat thread
1757113986.326204: 1618213-7f1674ef9700: cdpl_monitor.c:1079: in mn_systat(): debug: exiting
1757113986.326219: 1618213-7f16776fe700: cdpl_monitor.c:1103: in mn_systat_stop(): debug: systat thread done
1757113986.326222: 1618213-7f16776fe700: cdpl_ipc.c:2513: in cdpl_ipc_host_release(): debug: releasing host `152.14.98.53:54286'
1757113986.326274: 1618213-7f1661ffb700: cdpl_ipc.c:3728: in cdpl_ipc_free(): debug: releasing IPC handle
1757113986.326280: 1618213-7f1661ffb700: cdpl_ipc.c:3742: in cdpl_ipc_free(): debug: 1 unread messages
1757113986.326282: 1618213-7f1661ffb700: cdpl_ipc.c:1582: in _host_free__UNSAFE(): debug: freeing host `152.14.98.53:40107'
1757113986.326284: 1618213-7f1661ffb700: cdpl_ipc.c:1621: in _host_free__UNSAFE(): debug: [0 outq, 0 spR, 0 spW]
1757113986.326296: 1618213-7f1661ffb700: cdpl_ipc.c:1582: in _host_free__UNSAFE(): debug: freeing host `152.14.98.53:35055'
1757113986.326298: 1618213-7f1661ffb700: cdpl_ipc.c:1621: in _host_free__UNSAFE(): debug: [0 outq, 0 spR, 0 spW]
1757113986.326305: 1618213-7f1661ffb700: cdpl_ipc.c:3756: in cdpl_ipc_free(): warning: 2 host(s) were not released
1757113986.326313: 1618213-7f1661ffb700: cdpl_ipc.c:3767: in cdpl_ipc_free(): debug: done
1757113986.326315: 1618213-7f1661ffb700: cdpl_monitor.c:1390: in cdpl_mn_free(): debug: freeing monitor client
1757113986.326380: 1618213-7f16b705b540: cdpl_farm.c:2740: in cdpl_farm_free(): info: freeing farm
1757113986.326406: 1618213-7f16627fc700: cdpl_farm.c:2231: in _schedule(): debug: end of idling
1757113986.326412: 1618213-7f16627fc700: cdpl_farm.c:2235: in _schedule(): debug: dying
1757113986.326459: 1618213-7f16b705b540: cdpl_farm.c:913: in _killall(): debug: killing all remaining commands
1757113986.326464: 1618213-7f16b705b540: cdpl_server.c:3144: in cdpl_sv_free(): info: freeing server S1670661115
1757113986.326466: 1618213-7f16b705b540: cdpl_server.c:3109: in cdpl_sv_kill_errno(): info: killing server
1757113986.326468: 1618213-7f16b705b540: cdpl_ipc.c:3677: in cdpl_ipc_kill(): debug: stopping event server
1757113986.326487: 1618213-7f1676efd700: cdpl_ipc.c:2460: in _epoll_main(): debug: server going down...
1757113986.326498: 1618213-7f16776fe700: cdpl_server_ipc.c:1200: in _sv_ipc_thread(): debug: leaving now
1757113986.326508: 1618213-7f16b705b540: cdpl_server.c:334: in _sv_free_master(): info: freeing master M1
1757113986.326510: 1618213-7f16b705b540: cdpl_hash.c:68: in cdpl_h_destroy(): debug: put operations: 1
1757113986.326512: 1618213-7f16b705b540: cdpl_hash.c:69: in cdpl_h_destroy(): debug: put collisions: 0
1757113986.326513: 1618213-7f16b705b540: cdpl_hash.c:70: in cdpl_h_destroy(): debug: get operations: 1
1757113986.326515: 1618213-7f16b705b540: cdpl_hash.c:71: in cdpl_h_destroy(): debug: get iterations: 1
1757113986.326518: 1618213-7f16b705b540: cdpl_monitor.c:1390: in cdpl_mn_free(): debug: freeing monitor server
1757113986.326520: 1618213-7f16b705b540: cdpl_ipc.c:3728: in cdpl_ipc_free(): debug: releasing IPC handle
1757113986.326521: 1618213-7f16b705b540: cdpl_ipc.c:1582: in _host_free__UNSAFE(): debug: freeing host `152.14.98.53:54286'
1757113986.326525: 1618213-7f16b705b540: cdpl_ipc.c:1621: in _host_free__UNSAFE(): debug: [0 outq, 0 spR, 0 spW]
1757113986.326543: 1618213-7f16b705b540: cdpl_ipc.c:3767: in cdpl_ipc_free(): debug: done
1757113986.326546: 1618213-7f16b705b540: cdpl_log.c:481: in cdpl_log_close(): info: @@end_of_log@@
