1757284249.750604: 3573455-7fbb24651ac0: cdpl_log.c:522: in cdpl_log_open(): info: @@start_of_log@@
1757284249.750614: 3573455-7fbb24651ac0: cdpl_log.c:1425: in cdpl_log_dump_sysinfo(): info: time: 2025/09/07 18:30:49 EDT -0400
1757284249.750616: 3573455-7fbb24651ac0: cdpl_log.c:1427: in cdpl_log_dump_sysinfo(): info: version: X-2025.06 
1757284249.750618: 3573455-7fbb24651ac0: cdpl_log.c:1429: in cdpl_log_dump_sysinfo(): info: system: Linux 4.18.0-553.69.1.el8_10.x86_64 #1 SMP Thu Aug 7 18:10:00 EDT 2025
1757284249.750619: 3573455-7fbb24651ac0: cdpl_log.c:1434: in cdpl_log_dump_sysinfo(): info: processor: x86_64 64-bits
1757284249.750620: 3573455-7fbb24651ac0: cdpl_log.c:1438: in cdpl_log_dump_sysinfo(): info: hostname: claws-compute3.ece.ncsu.edu
1757284249.750622: 3573455-7fbb24651ac0: cdpl_log.c:1440: in cdpl_log_dump_sysinfo(): info: program name: custom_shell
1757284249.750625: 3573455-7fbb24651ac0: cdpl_log.c:525: in cdpl_log_open(): debug: path: /home/argershm/180-voltmeter/Analog/cc/synopsys_custom/pwdp_jobs/saeSession1_diffmodegain.SimulationSimulation_cdpl.1.3573455/logs/master.claws-compute3.ece.ncsu.edu.3573455.log
1757284249.750626: 3573455-7fbb24651ac0: cdpl_log.c:526: in cdpl_log_open(): debug: dir: /home/argershm/180-voltmeter/Analog/cc/synopsys_custom/pwdp_jobs/saeSession1_diffmodegain.SimulationSimulation_cdpl.1.3573455/logs
1757284249.750630: 3573455-7fbb24651ac0: cdpl_server.c:537: in cdpl_sv_init(): info: new server S1860339144
1757284249.750633: 3573455-7fbb24651ac0: cdpl_ipc.c:3475: in cdpl_ipc_init(): info: requesting IPv4 protocol
1757284249.754482: 3573455-7fbb24651ac0: cdpl_ipc.c:837: in _selectaddrfamily(): info: selected IPv4 protocol
1757284249.754498: 3573455-7fbb24651ac0: cdpl_ipc.c:1139: in _set_keepalive(): info: TCP keep alive interval: 300
1757284249.757813: 3573455-7fbb24651ac0: cdpl_monitor.c:1117: in cdpl_mn_new_server(): info: creating server monitor instance
1757284249.757818: 3573455-7fbb24651ac0: cdpl_server.c:651: in cdpl_sv_new_master(): info: new master M1
1757284249.757822: 3573455-7fbb24651ac0: cdpl_server.c:6474: in cdpl_sv_ctl_master(): info: farm submit command timeout set to 600
1757284249.757824: 3573455-7fbb24651ac0: cdpl_server.c:6537: in cdpl_sv_ctl_master(): info: Setting worker heartbeat to 120 seconds
1757284249.757825: 3573455-7fbb24651ac0: cdpl_server.c:6546: in cdpl_sv_ctl_master(): info: Setting worker heartbeat timeout to 3 heartbeats
1757284249.757827: 3573455-7fbb24651ac0: cdpl_compat_master.c:2108: in _parse_hostfile(): info: reading hostfile `/home/argershm/180-voltmeter/Analog/cc/synopsys_custom/pwdp_jobs/saeSession1_diffmodegain.SimulationSimulation_cdpl.1.3573455/host_file'
1757284249.757836: 3573455-7fbb24651ac0: cdpl_compat_master.c:1918: in _hostfile_parser(): debug: parsing "1     |localhost|   -1  | /tmp | SH | sh"
1757284249.757840: 3573455-7fbb24651ac0: cdpl_farm.c:2603: in cdpl_farm_new_sh(): info: creating SH farm on localhost
1757284249.757843: 3573455-7fbb24651ac0: cdpl_compat_master.c:209: in _set_farm_env(): info: exporting CDPL_LOGDIR as `/home/argershm/180-voltmeter/Analog/cc/synopsys_custom/pwdp_jobs/saeSession1_diffmodegain.SimulationSimulation_cdpl.1.3573455/logs'
1757284249.757845: 3573455-7fbb24651ac0: cdpl_compat_master.c:215: in _set_farm_env(): info: exporting CDPL_TMPDIR as `/tmp'
1757284249.757846: 3573455-7fbb24651ac0: cdpl_compat_master.c:222: in _set_farm_env(): info: exporting CDPL_HOME as `/mnt/apps/public/COE/synopsys_apps/hspice/X-2025.06/hspice/cdpl'
1757284249.757848: 3573455-7fbb24651ac0: cdpl_compat_master.c:238: in _set_farm_env(): info: exporting SNPSLMD_LICENSE_FILE as `27000@ece-lic-35.ece.ncsu.edu'
1757284249.757850: 3573455-7fbb24651ac0: cdpl_compat_master.c:263: in _set_farm_env(): info: exporting CDPL_OPTIONS as `[nowlogs]'
1757284249.757851: 3573455-7fbb24651ac0: cdpl_compat_master.c:270: in _set_farm_env(): info: exporting DISPLAY as `claws-compute3.ece.ncsu.edu:107'
1757284249.757853: 3573455-7fbb24651ac0: cdpl_compat_master.c:278: in _set_farm_env(): info: exporting CDPL_HEARTBEAT as `120'
1757284249.757856: 3573455-7fbb24651ac0: cdpl_farm.c:3166: in cdpl_farm_add_withdir(): debug: added `localhost' (capacity: unlimited)
1757284249.757861: 3573455-7fbb24651ac0: cdpl_compat_parse.c:147: in parsefile(): debug: read `/home/argershm/180-voltmeter/Analog/cc/synopsys_custom/pwdp_jobs/saeSession1_diffmodegain.SimulationSimulation_cdpl.1.3573455/host_file', 2 lines
1757284249.757863: 3573455-7fbb24651ac0: cdpl_compat_master.c:2975: in cdplInitMaster(): info: bcast dir is `/home/argershm/180-voltmeter/Analog/cc/synopsys_custom/pwdp_jobs/saeSession1_diffmodegain.SimulationSimulation_cdpl.1.3573455/logs'
1757284249.757890: 3573455-7fbb24651ac0: cdpl_server.c:6437: in cdpl_sv_ctl_master(): info: farm worker timeout set to 300
1757284249.757892: 3573455-7fbb24651ac0: cdpl_server.c:6474: in cdpl_sv_ctl_master(): info: farm submit command timeout set to 600
1757284249.757893: 3573455-7fbb24651ac0: cdpl_server.c:6490: in cdpl_sv_ctl_master(): info: maximum number of task execution attempts set to 1
1757284249.757897: 3573455-7fbb24651ac0: cdpl_server.c:3201: in cdpl_sv_start(): debug: starting server
1757284249.757898: 3573455-7fbb24651ac0: cdpl_ipc.c:3632: in cdpl_ipc_start(): debug: starting IPC server 152.14.98.53:39171
1757284249.758029: 3573455-7fbac97f2700: cdpl_server_ipc.c:1182: in _sv_ipc_thread(): debug: ready
1757284249.758043: 3573455-7fbac9ff3700: cdpl_monitor.c:426: in cdpl_mn_init_client(): info: creating client monitor instance
1757284249.758054: 3573455-7fbac9ff3700: cdpl_ipc.c:3475: in cdpl_ipc_init(): info: requesting IPv4 protocol
1757284249.762562: 3573455-7fbac9ff3700: cdpl_ipc.c:837: in _selectaddrfamily(): info: selected IPv4 protocol
1757284249.762583: 3573455-7fbac9ff3700: cdpl_ipc.c:1139: in _set_keepalive(): info: TCP keep alive interval: 300
1757284249.765861: 3573455-7fbac9ff3700: cdpl_ipc.c:3632: in cdpl_ipc_start(): debug: starting IPC server 152.14.98.53:45031
1757284249.765943: 3573455-7fbac9ff3700: cdpl_monitor.c:471: in cdpl_mn_init_client(): debug: incoming messages in /tmp/cdpl-monitor-AFQPRi
1757284249.766107: 3573455-7fbac9ff3700: cdpl_monitor.c:533: in cdpl_mn_connect(): debug: connecting to 152.14.98.53:39171
1757284249.766111: 3573455-7fbac9ff3700: cdpl_ipc.c:3789: in cdpl_ipc_connect(): info: connecting to 152.14.98.53:39171
1757284249.766215: 3573455-7fbac9ff3700: cdpl_ipc.c:3860: in cdpl_ipc_connect(): info: connected as `152.14.98.53:55954'
1757284249.766220: 3573455-7fbac9ff3700: cdpl_ipc.c:2503: in cdpl_ipc_host_accept(): debug: accepted host `152.14.98.53:39171'
1757284249.766224: 3573455-7fbac9ff3700: cdpl_monitor.c:579: in cdpl_mn_connect(): debug: ok
1757284249.766233: 3573455-7fbb24651ac0: cdpl_server.c:732: in cdpl_sv_new_job(): info: new job J1 in M1
1757284249.766242: 3573455-7fbac8ff1700: cdpl_ipc.c:1862: in _epoll_accept(): debug: new connection from `152.14.98.53:55954'
1757284249.766268: 3573455-7fbac97f2700: cdpl_server_ipc.c:1225: in _sv_ipc_thread(): debug: received ACCEPT notification
1757284249.766281: 3573455-7fbac97f2700: cdpl_ipc.c:2503: in cdpl_ipc_host_accept(): debug: accepted host `152.14.98.53:55954'
1757284249.766295: 3573455-7fbac97f2700: cdpl_server_ipc.c:1256: in _sv_ipc_thread(): debug: received MONITOR message
1757284249.766388: 3573455-7fbb24651ac0: cdpl_compat_master.c:1599: in _add_worker(): info: new worker type 10, min:1, max:3, cmd:`/home/argershm/180-voltmeter/Analog/cc/synopsys_custom/pwdp_jobs/saeSession1_diffmodegain.SimulationSimulation_cdpl.1.3573455/START_WORKER pw_worker -i /home/argershm/180-voltmeter/Analog/cc/synopsys_custom/pwdp_jobs
1757284249.766393: 3573455-7fbb24651ac0: cdpl_server.c:909: in cdpl_sv_new_bin_withfarm(): info: new bin B1 in J1
1757284249.766542: 3573455-7fbac97f2700: cdpl_monitor.c:1207: in cdpl_mn_accept(): debug: accepted monitor `152.14.98.53:55954'
1757284249.766547: 3573455-7fbac97f2700: cdpl_server_ipc_mon.c:120: in _globalLOCK(): debug: ENTERTING GLOBAL LOCK
1757284249.766549: 3573455-7fbac97f2700: cdpl_server_ipc_mon.c:164: in _globalLOCK(): debug: global lock acquired
1757284249.767145: 3573455-7fbae2612700: cdpl_monitor.c:910: in mn_systat(): debug: started
1757284249.767371: 3573455-7fbae2612700: cdpl_monitor.c:937: in mn_systat(): debug: monitor server flush rate: 5
1757284250.566876: 3573455-7fbac97f2700: cdpl_server_ipc_mon.c:210: in _globalUNLOCK(): debug: LEAVING GLOBAL LOCK
1757284250.567287: 3573455-7fbb24651ac0: cdpl_server.c:3255: in cdpl_sv_start_job(): info: starting job J1
1757284250.567314: 3573455-7fbb24651ac0: cdpl_server.c:63: in _sv_start_bin(): debug: starting bin B1 (min: 0, max: 3)
1757284250.567476: 3573455-7fbb24651ac0: cdpl_server.c:1899: in _sv_gen_task(): info: new task T0 in B1 (prio 0)
1757284250.567483: 3573455-7fbb24651ac0: cdpl_server.c:2704: in cdpl_sv_label_task_va(): info: setting task T0 label to "PrimeSim_2|PrimeSim"
1757284250.567494: 3573455-7fbb24651ac0: cdpl_compat_master.c:6059: in cdplMasterLogInfo(): info: [non-CDPL log entry] PWDP: add new job job_name=PrimeSim_2 assigned task T0 vector_id=0.
1757284250.567727: 3573455-7fbae0e0f700: cdpl_server_sched.c:2483: in _sv_scheduler_thread(): debug: scheduler for bin B1 started
1757284250.567736: 3573455-7fbae0e0f700: cdpl_server_sched.c:2444: in _scheduler_run(): debug: will start a new worker
1757284250.567746: 3573455-7fbae0e0f700: cdpl_farm.c:3994: in cdpl_farm_submit(): debug: 1 running processes
1757284250.567749: 3573455-7fbae0e0f700: cdpl_farm.c:4002: in cdpl_farm_submit(): debug: new command C1 in bin B1 assigned to host `localhost'
1757284250.567852: 3573455-7fbae0e0f700: cdpl_server_sched.c:705: in _sv_launch_worker(): info: started worker W1 (as C1) in bin B1
1757284250.568115: 3573455-7fbad7fff700: cdpl_farm.c:2164: in _schedule(): debug: started
1757284250.568131: 3573455-7fbad7fff700: cdpl_farm.c:2169: in _schedule(): info: worker submit command timeout set to 600 seconds
1757284250.568135: 3573455-7fbad7fff700: cdpl_farm.c:2328: in _schedule(): debug: submitting command C1 in bin B1
1757284250.568138: 3573455-7fbad7fff700: cdpl_sh.c:50: in _sh_detached_submit(): info: SH : /home/argershm/180-voltmeter/Analog/cc/synopsys_custom/pwdp_jobs/saeSession1_diffmodegain.SimulationSimulation_cdpl.1.3573455/START_WORKER pw_worker -i /home/argershm/180-voltmeter/Analog/cc/synopsys_custom/pwdp_jobs/saeSession1_diffmodegain.SimulationSimulation_cdpl.1.3573455 -t 10000
1757284250.568725: 3573455-7fbad7fff700: cdpl_farm.c:2368: in _schedule(): debug: C1 in bin B1 running on slot 0
1757284250.568733: 3573455-7fbad7fff700: cdpl_farm.c:2192: in _schedule(): debug: idle
1757284250.578779: 3573455-7fbb24651ac0: cdpl_compat_master.c:6059: in cdplMasterLogInfo(): info: [non-CDPL log entry] PWDP3: reset pilot cache succeeded, pilot_key=saeSession1,1,diff_mode_gain|&/home/argershm/180-voltmeter/Analog/cc/simulation/argershm,tb_main_opamp,schematic/history_1/simulation/diff_mode_gain/PrimeSimSPICE/nominal/results
1757284250.868811: 3573455-7fbad7fff700: cdpl_farm.c:1212: in _onexit(): debug: C1 in bin B1 exited normally on slot 0
1757284251.684597: 3573455-7fbae1610700: cdpl_compat_master.c:6059: in cdplMasterLogInfo(): info: [non-CDPL log entry] PWDP - no-workers started ok check start!
1757284252.358538: 3573455-7fbac8ff1700: cdpl_ipc.c:1862: in _epoll_accept(): debug: new connection from `152.14.98.53:55956'
1757284252.358576: 3573455-7fbac97f2700: cdpl_server_ipc.c:1225: in _sv_ipc_thread(): debug: received ACCEPT notification
1757284252.358591: 3573455-7fbac97f2700: cdpl_ipc.c:2503: in cdpl_ipc_host_accept(): debug: accepted host `152.14.98.53:55956'
1757284252.358785: 3573455-7fbac97f2700: cdpl_server_ipc.c:1246: in _sv_ipc_thread(): debug: received HELLO message
1757284252.358790: 3573455-7fbac97f2700: cdpl_server_ipc.c:430: in _sv_on_hello(): debug: looking up W1
1757284252.358793: 3573455-7fbac97f2700: cdpl_server_ipc.c:540: in _sv_on_hello(): info: W1 is `152.14.98.53:55956'
1757284252.358795: 3573455-7fbac97f2700: cdpl_server_ipc.c:541: in _sv_on_hello(): debug: hello W1 (B1)
1757284252.358797: 3573455-7fbac97f2700: cdpl_server_ipc.c:542: in _sv_on_hello(): info: W1 log file is /dev/null
1757284252.358813: 3573455-7fbac97f2700: cdpl_server_ipc.c:602: in _sv_on_hello(): info: up to 1 alive workers in B1
1757284252.358825: 3573455-7fbac97f2700: cdpl_farm.c:897: in _release_cmd(): debug: freeing command C1 in bin B1
1757284252.358911: 3573455-7fbae0e0f700: cdpl_server_sched.c:960: in _assign(): info: assigning task T0 to worker W1
1757284252.423282: 3573455-7fbac97f2700: cdpl_server_ipc.c:1268: in _sv_ipc_thread(): debug: received RELAY message
1757284252.423291: 3573455-7fbac97f2700: cdpl_server_ipc.c:713: in _sv_on_relay(): debug: RELAY message from W1, size = 65
1757284252.423294: 3573455-7fbac97f2700: cdpl_server_ipc.c:715: in _sv_on_relay(): debug: RELAY message from W1, content = 0$3598448 claws-compute3.ece.ncsu.edu 3598484 RUNNING 1757284252
1757284253.359098: 3573455-7fbac97f2700: cdpl_server_ipc.c:312: in _sv_on_heartbeat(): debug: received HEARTBEAT from worker W1 at 152.14.98.53:55956
1757284254.767992: 3573455-7fbac9ff3700: cdpl_monitor.c:533: in cdpl_mn_connect(): debug: connecting to 152.14.98.53:36273
1757284254.768002: 3573455-7fbac9ff3700: cdpl_ipc.c:3789: in cdpl_ipc_connect(): info: connecting to 152.14.98.53:36273
1757284254.768149: 3573455-7fbac9ff3700: cdpl_ipc.c:3860: in cdpl_ipc_connect(): info: connected as `152.14.98.53:43316'
1757284254.768156: 3573455-7fbac9ff3700: cdpl_ipc.c:2503: in cdpl_ipc_host_accept(): debug: accepted host `152.14.98.53:36273'
1757284254.768160: 3573455-7fbac9ff3700: cdpl_monitor.c:579: in cdpl_mn_connect(): debug: ok
1757284259.592840: 3573455-7fbac97f2700: cdpl_server_ipc.c:1268: in _sv_ipc_thread(): debug: received RELAY message
1757284259.592856: 3573455-7fbac97f2700: cdpl_server_ipc.c:713: in _sv_on_relay(): debug: RELAY message from W1, size = 52
1757284259.592858: 3573455-7fbac97f2700: cdpl_server_ipc.c:715: in _sv_on_relay(): debug: RELAY message from W1, content = WORKERDU|8388,/dev/mapper/rhel_claws--compute3-home
1757284259.592871: 3573455-7fbac97f2700: cdpl_server_ipc.c:1268: in _sv_ipc_thread(): debug: received RELAY message
1757284259.592873: 3573455-7fbac97f2700: cdpl_server_ipc.c:713: in _sv_on_relay(): debug: RELAY message from W1, size = 191
1757284259.592875: 3573455-7fbac97f2700: cdpl_server_ipc.c:715: in _sv_on_relay(): debug: RELAY message from W1, content = REQPILOT|saeSession1,1,diff_mode_gain|&/home/argershm/180-voltmeter/Analog/cc/simulation/argershm,tb_main_opamp,schematic/history_1/simulation/diff_mode_gain/PrimeSimSPICE/nominal/results|&0
1757284259.592893: 3573455-7fbae1e11700: cdpl_compat_master.c:6059: in cdplMasterLogInfo(): info: [non-CDPL log entry] PWDP send back 'DOPILOT' to worker id:1 key: saeSession1,1,diff_mode_gain|&/home/argershm/180-voltmeter/Analog/cc/simulation/argershm,tb_main_opamp,schematic/history_1/simulation/diff_mode_gain/PrimeSimSPICE/nominal/results
1757284259.593043: 3573455-7fbae1e11700: cdpl_compat_master.c:6059: in cdplMasterLogInfo(): info: [non-CDPL log entry] PWDP: set pilot doing!
1757284259.596453: 3573455-7fbac97f2700: cdpl_server_ipc.c:1268: in _sv_ipc_thread(): debug: received RELAY message
1757284259.596460: 3573455-7fbac97f2700: cdpl_server_ipc.c:713: in _sv_on_relay(): debug: RELAY message from W1, size = 187
1757284259.596462: 3573455-7fbac97f2700: cdpl_server_ipc.c:715: in _sv_on_relay(): debug: RELAY message from W1, content = PILOTOK|saeSession1,1,diff_mode_gain|&/home/argershm/180-voltmeter/Analog/cc/simulation/argershm,tb_main_opamp,schematic/history_1/simulation/diff_mode_gain/PrimeSimSPICE/nominal/results
1757284259.596479: 3573455-7fbae1e11700: cdpl_compat_master.c:6059: in cdplMasterLogInfo(): info: [non-CDPL log entry] PWDP: set pilot done!
1757284259.614710: 3573455-7fbac97f2700: cdpl_server_ipc.c:1268: in _sv_ipc_thread(): debug: received RELAY message
1757284259.614718: 3573455-7fbac97f2700: cdpl_server_ipc.c:713: in _sv_on_relay(): debug: RELAY message from W1, size = 40
1757284259.614721: 3573455-7fbac97f2700: cdpl_server_ipc.c:715: in _sv_on_relay(): debug: RELAY message from W1, content = 0$- - - MEASDOING 1757284252|1757284259
1757284260.070818: 3573455-7fbac97f2700: cdpl_server_ipc.c:1268: in _sv_ipc_thread(): debug: received RELAY message
1757284260.070838: 3573455-7fbac97f2700: cdpl_server_ipc.c:713: in _sv_on_relay(): debug: RELAY message from W1, size = 77
1757284260.070841: 3573455-7fbac97f2700: cdpl_server_ipc.c:715: in _sv_on_relay(): debug: RELAY message from W1, content = 0$3598448 claws-compute3.ece.ncsu.edu 3598484 FINISHED 1757284252|1757284260
1757284260.088684: 3573455-7fbac97f2700: cdpl_server_ipc.c:1268: in _sv_ipc_thread(): debug: received RELAY message
1757284260.088692: 3573455-7fbac97f2700: cdpl_server_ipc.c:713: in _sv_on_relay(): debug: RELAY message from W1, size = 189
1757284260.088695: 3573455-7fbac97f2700: cdpl_server_ipc.c:715: in _sv_on_relay(): debug: RELAY message from W1, content = PILOTDONE|saeSession1,1,diff_mode_gain|&/home/argershm/180-voltmeter/Analog/cc/simulation/argershm,tb_main_opamp,schematic/history_1/simulation/diff_mode_gain/PrimeSimSPICE/nominal/results
1757284260.088717: 3573455-7fbae1e11700: cdpl_compat_master.c:6059: in cdplMasterLogInfo(): info: [non-CDPL log entry] saeSession1,1,diff_mode_gain|&/home/argershm/180-voltmeter/Analog/cc/simulation/argershm,tb_main_opamp,schematic/history_1/simulation/diff_mode_gain/PrimeSimSPICE/nominal/results PILOTDONE!
1757284260.106518: 3573455-7fbac97f2700: cdpl_server_ipc.c:1251: in _sv_ipc_thread(): debug: received FINISH message
1757284260.106527: 3573455-7fbac97f2700: cdpl_server_ipc.c:983: in _sv_on_finish(): info: worker W1 completed task T0
1757284260.106529: 3573455-7fbac97f2700: cdpl_server_ipc.c:988: in _sv_on_finish(): debug: stat T0: utime=4105 stime=2307
1757284260.106532: 3573455-7fbac97f2700: cdpl_server_ipc.c:993: in _sv_on_finish(): debug: statm T0: vsize=3171584 rss=1057028 shared=539640 text=493304 data=717500
1757284260.163956: 3573455-7fbac97f2700: cdpl_server_ipc.c:1268: in _sv_ipc_thread(): debug: received RELAY message
1757284260.163965: 3573455-7fbac97f2700: cdpl_server_ipc.c:713: in _sv_on_relay(): debug: RELAY message from W1, size = 50
1757284260.163967: 3573455-7fbac97f2700: cdpl_server_ipc.c:715: in _sv_on_relay(): debug: RELAY message from W1, content = WORKERDU|48,/dev/mapper/rhel_claws--compute3-home
1757284260.385625: 3573455-7fbb24651ac0: cdpl_server.c:3014: in cdpl_sv_halt_job_errno(): info: killing job J1
1757284260.385643: 3573455-7fbb24651ac0: cdpl_server.c:3050: in cdpl_sv_halt_job_errno(): debug: signal bin B1 scheduler to stop
1757284260.385659: 3573455-7fbae0e0f700: cdpl_server_sched.c:2485: in _sv_scheduler_thread(): debug: scheduler for bin B1 stopped
1757284260.385673: 3573455-7fbae0e0f700: cdpl_ipc.c:1657: in _host_drop__UNSAFE(): debug: dropping host `152.14.98.53:55956'
1757284260.385702: 3573455-7fbae0e0f700: cdpl_server_sched.c:2831: in _sv_drop_worker(): info: down to 0 alive workers in B1
1757284260.385706: 3573455-7fbae0e0f700: cdpl_farm.c:4174: in cdpl_farm_dismiss(): debug: down to 0 running processes
1757284260.385709: 3573455-7fbae0e0f700: cdpl_server_sched.c:121: in _free_worker_2(): debug: freeing worker W1
1757284260.385712: 3573455-7fbae0e0f700: cdpl_ipc.c:2513: in cdpl_ipc_host_release(): debug: releasing host `152.14.98.53:55956'
1757284260.385717: 3573455-7fbac97f2700: cdpl_server_ipc.c:1236: in _sv_ipc_thread(): debug: received DROP notification
1757284260.385733: 3573455-7fbb24651ac0: cdpl_server.c:295: in _sv_free_job(): info: freeing job J1
1757284260.385739: 3573455-7fbb24651ac0: cdpl_server.c:93: in _sv_free_bin(): debug: freeing bin B1
1757284260.385742: 3573455-7fbb24651ac0: cdpl_server.c:185: in _sv_free_task(): debug: freeing task T0
1757284260.385749: 3573455-7fbb24651ac0: cdpl_monitor.c:515: in cdpl_mn_kill(): info: killing monitor
1757284260.385752: 3573455-7fbb24651ac0: cdpl_ipc.c:3677: in cdpl_ipc_kill(): debug: stopping event server
1757284260.385770: 3573455-7fbaca7f4700: cdpl_ipc.c:2460: in _epoll_main(): debug: server going down...
1757284260.385803: 3573455-7fbac8ff1700: cdpl_ipc.c:775: in _readv(): warning: read(): EOF
1757284260.385813: 3573455-7fbac8ff1700: cdpl_ipc.c:2100: in _epoll_recv(): debug: _readv(): Broken pipe
1757284260.385815: 3573455-7fbac8ff1700: cdpl_ipc.c:2424: in _epoll_main(): debug: _epoll_recv(): Broken pipe
1757284260.385826: 3573455-7fbac8ff1700: cdpl_ipc.c:1657: in _host_drop__UNSAFE(): debug: dropping host `152.14.98.53:55954'
1757284260.385856: 3573455-7fbac8ff1700: cdpl_ipc.c:1582: in _host_free__UNSAFE(): debug: freeing host `152.14.98.53:55956'
1757284260.385858: 3573455-7fbac8ff1700: cdpl_ipc.c:1621: in _host_free__UNSAFE(): debug: [0 outq, 0 spR, 0 spW]
1757284260.385866: 3573455-7fbac97f2700: cdpl_server_ipc.c:1236: in _sv_ipc_thread(): debug: received DROP notification
1757284260.385870: 3573455-7fbac97f2700: cdpl_monitor.c:1269: in cdpl_mn_drop(): debug: detaching from monitor `152.14.98.53:55954'
1757284260.385874: 3573455-7fbac97f2700: cdpl_monitor.c:1101: in mn_systat_stop(): debug: joining systat thread
1757284260.385892: 3573455-7fbae2612700: cdpl_monitor.c:1079: in mn_systat(): debug: exiting
1757284260.385903: 3573455-7fbac97f2700: cdpl_monitor.c:1103: in mn_systat_stop(): debug: systat thread done
1757284260.385906: 3573455-7fbac97f2700: cdpl_ipc.c:2513: in cdpl_ipc_host_release(): debug: releasing host `152.14.98.53:55954'
1757284260.386002: 3573455-7fbac9ff3700: cdpl_ipc.c:3728: in cdpl_ipc_free(): debug: releasing IPC handle
1757284260.386009: 3573455-7fbac9ff3700: cdpl_ipc.c:1582: in _host_free__UNSAFE(): debug: freeing host `152.14.98.53:36273'
1757284260.386011: 3573455-7fbac9ff3700: cdpl_ipc.c:1621: in _host_free__UNSAFE(): debug: [0 outq, 0 spR, 0 spW]
1757284260.386024: 3573455-7fbac9ff3700: cdpl_ipc.c:1582: in _host_free__UNSAFE(): debug: freeing host `152.14.98.53:39171'
1757284260.386026: 3573455-7fbac9ff3700: cdpl_ipc.c:1621: in _host_free__UNSAFE(): debug: [0 outq, 0 spR, 0 spW]
1757284260.386033: 3573455-7fbac9ff3700: cdpl_ipc.c:3756: in cdpl_ipc_free(): warning: 2 host(s) were not released
1757284260.386041: 3573455-7fbac9ff3700: cdpl_ipc.c:3767: in cdpl_ipc_free(): debug: done
1757284260.386042: 3573455-7fbac9ff3700: cdpl_monitor.c:1390: in cdpl_mn_free(): debug: freeing monitor client
1757284260.386083: 3573455-7fbb24651ac0: cdpl_farm.c:2765: in cdpl_farm_free(): info: freeing farm
1757284260.386094: 3573455-7fbad7fff700: cdpl_farm.c:2256: in _schedule(): debug: end of idling
1757284260.386099: 3573455-7fbad7fff700: cdpl_farm.c:2260: in _schedule(): debug: dying
1757284260.386190: 3573455-7fbb24651ac0: cdpl_farm.c:932: in _killall(): debug: killing all remaining commands
1757284260.386193: 3573455-7fbb24651ac0: cdpl_server.c:3150: in cdpl_sv_free(): info: freeing server S1860339144
1757284260.386196: 3573455-7fbb24651ac0: cdpl_server.c:3115: in cdpl_sv_kill_errno(): info: killing server
1757284260.386198: 3573455-7fbb24651ac0: cdpl_ipc.c:3677: in cdpl_ipc_kill(): debug: stopping event server
1757284260.386208: 3573455-7fbac8ff1700: cdpl_ipc.c:2460: in _epoll_main(): debug: server going down...
1757284260.386215: 3573455-7fbac97f2700: cdpl_server_ipc.c:1200: in _sv_ipc_thread(): debug: leaving now
1757284260.386223: 3573455-7fbb24651ac0: cdpl_server.c:335: in _sv_free_master(): info: freeing master M1
1757284260.386226: 3573455-7fbb24651ac0: cdpl_hash.c:68: in cdpl_h_destroy(): debug: put operations: 1
1757284260.386228: 3573455-7fbb24651ac0: cdpl_hash.c:69: in cdpl_h_destroy(): debug: put collisions: 0
1757284260.386229: 3573455-7fbb24651ac0: cdpl_hash.c:70: in cdpl_h_destroy(): debug: get operations: 1
1757284260.386230: 3573455-7fbb24651ac0: cdpl_hash.c:71: in cdpl_h_destroy(): debug: get iterations: 1
1757284260.386233: 3573455-7fbb24651ac0: cdpl_monitor.c:1390: in cdpl_mn_free(): debug: freeing monitor server
1757284260.386235: 3573455-7fbb24651ac0: cdpl_ipc.c:3728: in cdpl_ipc_free(): debug: releasing IPC handle
1757284260.386237: 3573455-7fbb24651ac0: cdpl_ipc.c:1582: in _host_free__UNSAFE(): debug: freeing host `152.14.98.53:55954'
1757284260.386238: 3573455-7fbb24651ac0: cdpl_ipc.c:1621: in _host_free__UNSAFE(): debug: [0 outq, 0 spR, 0 spW]
1757284260.386252: 3573455-7fbb24651ac0: cdpl_ipc.c:3767: in cdpl_ipc_free(): debug: done
1757284260.386254: 3573455-7fbb24651ac0: cdpl_log.c:688: in cdpl_log_close(): info: @@end_of_log@@
