[21:59:07.61] /o 
              /c                                    pw_worker™ 
              /c 
              /c                Version W-2024.09-SP1-2 for linux64 - Jan 15, 2025
              /c              Based on Custom Infrastructure
              /c Version W-2024.09-SP1-2
              /c 
              /c                     Copyright (c) 2004 - 2025 Synopsys, Inc.
              /c    This software and the associated documentation are proprietary to Synopsys,
              /c  Inc. This software may only be used in accordance with the terms and conditions
              /c  of a written license agreement with Synopsys, Inc. All other use, reproduction,
              /c    or distribution of this software is strictly prohibited.  Licensed Products
              /c      communicate with Synopsys servers for the purpose of providing software
              /c     updates, detecting software piracy and verifying that customers are using
              /c     Licensed Products in conformity with the applicable License Key for such
              /c   Licensed Products. Synopsys will use information gathered in connection with
              /c     this process to deliver software updates and pursue software pirates and
              /c                                    infringers.
              /c 
              /c  Inclusivity & Diversity - Visit SolvNetPlus to read the "Synopsys Statement on
              /c             Inclusivity and Diversity" (Refer to article 000036315 at
              /c                         https://solvnetplus.synopsys.com)
              /c 
              /c Build  (OPT) Config 11252589 compiled on Wed Jan 15 11:01:36 2025 for AlmaLinux 8.4
              /c Invocation: /mnt/apps/public/COE/synopsys_apps/primewave/W-2024.09-SP1-2/linux64/platform/bin/custom_shell -application pw_worker -gui 0 -localDir /home/argershm/180-voltmeter/Analog/cc/synopsys_custom/pwdp_jobs/saeSession0_diffmodegain.SimulationSimulation_cdpl.0.1904445/logs/w1
              /c Execution time: Fri Sep  5 21:59:06 2025
              /c Host: claws-compute3.ece.ncsu.edu
              /c Working directory: /home/argershm/180-voltmeter/Analog/cc
              /c 
[21:59:11.85] /m Information: Registering ICV PERC package...
[21:59:11.85] /w Warning: Error: "Job group named 'PrimeWave' already exists under this parent." (IPC-100)
[21:59:11.87] /o #####New Worker job begin - Self history dir=/home/argershm/180-voltmeter/Analog/cc/simulation/integrator,tb_main_opamp,schematic
[21:59:12.09] /o source /home/argershm/180-voltmeter/Analog/cc/synopsys_custom/pwdp_jobs/saeSession0_diffmodegain.SimulationSimulation_cdpl.0.1904445/ccFile.tcl OK
[21:59:12.09] /o LibDefs : /home/argershm/180-voltmeter/Analog/cc/lib.defs
[21:59:12.27] /o new worker create session at loading state!
[21:59:12.28] /o history_1
[21:59:12.32] /m Information: Info: Waveform format selected is PSF. Synopsys recommends using the WDF format with the <HSPICE/FineSim> simulator.
              /c WDF is an optimal format that improves viewing performance and reduces disk usage while PSF is a 3rd party format and support "as-is".
              /c To change the format, open the Setup -> Environment menu and select the WDF format. (PW-642)
[21:59:12.49] /o Loading: Callback files...
[21:59:12.49] /o 
              /c [INFO] : Loading display.tcl from /mnt/designkits/gf180MCU/dk_ncsu/gf180mcu_cc_0.1/Models_HSPICE
              /c 
              /c  if you wish to Load other display.tcl, please set shell environment valiable "iPDK_load_display_gf180mcu" to value = 0
[21:59:12.49] /o 
[21:59:12.54] /w Warning: Could not set the value of preference xtEMIRLPEStarTcadGrdFile because it does not exist. (PREFERENCE-016)
[21:59:12.54] /o 	#######################################
[21:59:12.54] /o 	CC-PDK Library Name	: gf180MCU Open
[21:59:12.54] /o 	#######################################
[21:59:12.54] /o 
[21:59:12.66] /o source /home/argershm/180-voltmeter/Analog/cc/simulation/integrator,tb_main_opamp,schematic/history_1/.nw_preference_script.tcl OK!
[21:59:12.66] /o DSPF Options: {hierDelim==|}||{termDelim==:}||{fingerChar==@}||{multiplierString==_nettran_}||{aggregateCurrent==1}||{MOSTermNames==d g s b}||{MOSTermOrder==D G S B}||{MOSTermDspfNames==DRC GATE SRC BULK}||{firstChars==XM}||{probeHierDelim==/}||{caseSensitive==1}||{firstChar==M}||{hierPrefix==X}||{nodePrefix==M}||{plotTermVoltageForNet==0}||{mapNetToMosTerminal==}||{mapSlashDelimToDot==1}||{probePortCurrent==1}||{busBit==[]}||{removeNodePrefix==1}||{nlConDelim==.}||{mosModelType==auto}||{keepSchName==0}
[21:59:12.66] /o _workerLoadStateAction done!
[21:59:12.69] /o pw_worker _createCalculateEngine got job!
[21:59:12.69] /o pw_worker _createCalculateEngine OK!
[21:59:12.70] /o _getSimulationDetails : 
[21:59:12.70] /o tbName=diff_mode_gain, Mtb=0
[21:59:12.70] /o Got stb tb ok!
[21:59:12.70] /o Self resultsDir: ./simulation
[21:59:12.70] /o Self databaseDir: /home/argershm/180-voltmeter/Analog/cc/simulation/integrator,tb_main_opamp,schematic/history_1/simulation/diff_mode_gain/PrimeSimSPICE/parametric/results
[21:59:12.70] /o source /mnt/apps/public/COE/synopsys_apps/primewave/W-2024.09-SP1-2/auxx/sae/matlab_script.tcl OK
[21:59:12.85] /o _createResultsMap done!
[21:59:12.86] /o ###write_child - resultsDir=/home/argershm/180-voltmeter/Analog/cc/simulation/integrator,tb_main_opamp,schematic/history_1/simulation/diff_mode_gain/PrimeSimSPICE/parametric/L_bias=0.6u,L_gm=0.28u,W_gm=30u/results
              /c  masterResultsDir=/home/argershm/180-voltmeter/Analog/cc/simulation/integrator,tb_main_opamp,schematic/history_1/simulation/diff_mode_gain/PrimeSimSPICE/parametric/results
              /c  databaseDir=/home/argershm/180-voltmeter/Analog/cc/simulation/integrator,tb_main_opamp,schematic/history_1/simulation/diff_mode_gain/PrimeSimSPICE/parametric/results
              /c  UniqueName=saeSession0, isPilot=false
[21:59:12.86] /o 
[21:59:12.91] /o pw_worker child CE begin!
[21:59:12.91] /o pw_worker invokes measurement finished.
[21:59:12.91] /o pw_worker writeSimMap finsied.
[21:59:12.91] /o _simulationDoneAction done without exception!
[21:59:13.32] /o New Worker New CE ready proc entered.
[21:59:14.00] /o Got file /home/argershm/180-voltmeter/Analog/cc/simulation/integrator,tb_main_opamp,schematic/history_1/simulation/diff_mode_gain/PrimeSimSPICE/parametric/L_bias=0.6u,L_gm=0.28u,W_gm=30u/results/.ceFinished
[21:59:14.00] /o touch /home/argershm/180-voltmeter/Analog/cc/simulation/integrator,tb_main_opamp,schematic/history_1/simulation/diff_mode_gain/PrimeSimSPICE/parametric/L_bias=0.6u,L_gm=0.28u,W_gm=30u/results/.unitedSimFinished
[21:59:14.00] /o Calc Job Done!
[21:59:14.00] /o New Worker New CE exit
[21:59:14.17] /o #####New Worker job begin - Self history dir=/home/argershm/180-voltmeter/Analog/cc/simulation/integrator,tb_main_opamp,schematic
[21:59:14.30] /o pw_worker _createCalculateEngine got job!
[21:59:14.30] /o pw_worker _createCalculateEngine OK!
[21:59:15.51] /o New Worker New CE ready proc entered.
[21:59:15.70] /o _getSimulationDetails : 
[21:59:15.70] /o tbName=diff_mode_gain, Mtb=0
[21:59:15.70] /o Got stb tb ok!
[21:59:15.70] /o Self resultsDir: ./simulation
[21:59:15.70] /o Self databaseDir: /home/argershm/180-voltmeter/Analog/cc/simulation/integrator,tb_main_opamp,schematic/history_1/simulation/diff_mode_gain/PrimeSimSPICE/parametric/results
[21:59:15.80] /o _createResultsMap done!
[21:59:15.80] /o ###write_child - resultsDir=/home/argershm/180-voltmeter/Analog/cc/simulation/integrator,tb_main_opamp,schematic/history_1/simulation/diff_mode_gain/PrimeSimSPICE/parametric/L_bias=0.6u,L_gm=0.28u,W_gm=60u/results
              /c  masterResultsDir=/home/argershm/180-voltmeter/Analog/cc/simulation/integrator,tb_main_opamp,schematic/history_1/simulation/diff_mode_gain/PrimeSimSPICE/parametric/results
              /c  databaseDir=/home/argershm/180-voltmeter/Analog/cc/simulation/integrator,tb_main_opamp,schematic/history_1/simulation/diff_mode_gain/PrimeSimSPICE/parametric/results
              /c  UniqueName=saeSession0, isPilot=false
[21:59:15.80] /o 
[21:59:15.81] /o pw_worker child CE begin!
[21:59:15.81] /o pw_worker invokes measurement finished.
[21:59:15.81] /o pw_worker writeSimMap finsied.
[21:59:15.81] /o _simulationDoneAction done without exception!
[21:59:16.01] /o Got file /home/argershm/180-voltmeter/Analog/cc/simulation/integrator,tb_main_opamp,schematic/history_1/simulation/diff_mode_gain/PrimeSimSPICE/parametric/L_bias=0.6u,L_gm=0.28u,W_gm=60u/results/.ceFinished
[21:59:16.22] /o touch /home/argershm/180-voltmeter/Analog/cc/simulation/integrator,tb_main_opamp,schematic/history_1/simulation/diff_mode_gain/PrimeSimSPICE/parametric/L_bias=0.6u,L_gm=0.28u,W_gm=60u/results/.unitedSimFinished
[21:59:16.22] /o Calc Job Done!
[21:59:16.22] /o New Worker New CE exit
[21:59:16.39] /o #####New Worker job begin - Self history dir=/home/argershm/180-voltmeter/Analog/cc/simulation/integrator,tb_main_opamp,schematic
[21:59:16.52] /o pw_worker _createCalculateEngine got job!
[21:59:16.52] /o pw_worker _createCalculateEngine OK!
[21:59:17.73] /o New Worker New CE ready proc entered.
[21:59:17.91] /o _getSimulationDetails : 
[21:59:17.91] /o tbName=diff_mode_gain, Mtb=0
[21:59:17.91] /o Got stb tb ok!
[21:59:17.91] /o Self resultsDir: ./simulation
[21:59:17.91] /o Self databaseDir: /home/argershm/180-voltmeter/Analog/cc/simulation/integrator,tb_main_opamp,schematic/history_1/simulation/diff_mode_gain/PrimeSimSPICE/parametric/results
[21:59:17.99] /o _createResultsMap done!
[21:59:17.99] /o ###write_child - resultsDir=/home/argershm/180-voltmeter/Analog/cc/simulation/integrator,tb_main_opamp,schematic/history_1/simulation/diff_mode_gain/PrimeSimSPICE/parametric/L_bias=1u,L_gm=0.28u,W_gm=10u/results
              /c  masterResultsDir=/home/argershm/180-voltmeter/Analog/cc/simulation/integrator,tb_main_opamp,schematic/history_1/simulation/diff_mode_gain/PrimeSimSPICE/parametric/results
              /c  databaseDir=/home/argershm/180-voltmeter/Analog/cc/simulation/integrator,tb_main_opamp,schematic/history_1/simulation/diff_mode_gain/PrimeSimSPICE/parametric/results
              /c  UniqueName=saeSession0, isPilot=false
[21:59:17.99] /o 
[21:59:18.00] /o pw_worker child CE begin!
[21:59:18.01] /o pw_worker invokes measurement finished.
[21:59:18.01] /o pw_worker writeSimMap finsied.
[21:59:18.01] /o _simulationDoneAction done without exception!
[21:59:18.21] /o Got file /home/argershm/180-voltmeter/Analog/cc/simulation/integrator,tb_main_opamp,schematic/history_1/simulation/diff_mode_gain/PrimeSimSPICE/parametric/L_bias=1u,L_gm=0.28u,W_gm=10u/results/.ceFinished
[21:59:18.43] /o touch /home/argershm/180-voltmeter/Analog/cc/simulation/integrator,tb_main_opamp,schematic/history_1/simulation/diff_mode_gain/PrimeSimSPICE/parametric/L_bias=1u,L_gm=0.28u,W_gm=10u/results/.unitedSimFinished
[21:59:18.43] /o Calc Job Done!
[21:59:18.43] /o New Worker New CE exit
[21:59:18.59] /o #####New Worker job begin - Self history dir=/home/argershm/180-voltmeter/Analog/cc/simulation/integrator,tb_main_opamp,schematic
[21:59:18.71] /o pw_worker _createCalculateEngine got job!
[21:59:18.71] /o pw_worker _createCalculateEngine OK!
[21:59:20.02] /o New Worker New CE ready proc entered.
[21:59:20.19] /o _getSimulationDetails : 
[21:59:20.19] /o tbName=diff_mode_gain, Mtb=0
[21:59:20.19] /o Got stb tb ok!
[21:59:20.19] /o Self resultsDir: ./simulation
[21:59:20.19] /o Self databaseDir: /home/argershm/180-voltmeter/Analog/cc/simulation/integrator,tb_main_opamp,schematic/history_1/simulation/diff_mode_gain/PrimeSimSPICE/parametric/results
[21:59:20.27] /o _createResultsMap done!
[21:59:20.27] /o ###write_child - resultsDir=/home/argershm/180-voltmeter/Analog/cc/simulation/integrator,tb_main_opamp,schematic/history_1/simulation/diff_mode_gain/PrimeSimSPICE/parametric/L_bias=1u,L_gm=0.28u,W_gm=40u/results
              /c  masterResultsDir=/home/argershm/180-voltmeter/Analog/cc/simulation/integrator,tb_main_opamp,schematic/history_1/simulation/diff_mode_gain/PrimeSimSPICE/parametric/results
              /c  databaseDir=/home/argershm/180-voltmeter/Analog/cc/simulation/integrator,tb_main_opamp,schematic/history_1/simulation/diff_mode_gain/PrimeSimSPICE/parametric/results
              /c  UniqueName=saeSession0, isPilot=false
[21:59:20.27] /o 
[21:59:20.28] /o pw_worker child CE begin!
[21:59:20.28] /o pw_worker invokes measurement finished.
[21:59:20.28] /o pw_worker writeSimMap finsied.
[21:59:20.28] /o _simulationDoneAction done without exception!
[21:59:20.48] /o Got file /home/argershm/180-voltmeter/Analog/cc/simulation/integrator,tb_main_opamp,schematic/history_1/simulation/diff_mode_gain/PrimeSimSPICE/parametric/L_bias=1u,L_gm=0.28u,W_gm=40u/results/.ceFinished
[21:59:20.69] /o touch /home/argershm/180-voltmeter/Analog/cc/simulation/integrator,tb_main_opamp,schematic/history_1/simulation/diff_mode_gain/PrimeSimSPICE/parametric/L_bias=1u,L_gm=0.28u,W_gm=40u/results/.unitedSimFinished
[21:59:20.69] /o Calc Job Done!
[21:59:20.69] /o New Worker New CE exit
[21:59:41.84] /o Shutdown time: Fri Sep  5 21:59:41 2025
[21:59:41.84] /o Elapsed session real time: 0.58 minutes
[21:59:41.84] /o Session terminated. Log is at /home/argershm/180-voltmeter/Analog/cc/synopsys_custom/pwdp_jobs/saeSession0_diffmodegain.SimulationSimulation_cdpl.0.1904445/logs/w1/logs/pw_worker.argershm.2025_9_5_215906_1905440.log
