[18:39:27.29] /o 
              /c                          PrimeWave Design Environment 
              /c 
              /c                  Version X-2025.06-1 for linux64 - Jun 19, 2025
              /c                Based on Custom Infrastructure
              /c Version X-2025.06-1
              /c 
              /c                     Copyright (c) 2004 - 2025 Synopsys, Inc.
              /c    This software and the associated documentation are proprietary to Synopsys,
              /c  Inc. This software may only be used in accordance with the terms and conditions
              /c  of a written license agreement with Synopsys, Inc. All other use, reproduction,
              /c    or distribution of this software is strictly prohibited.  Licensed Products
              /c      communicate with Synopsys servers for the purpose of providing software
              /c     updates, detecting software piracy and verifying that customers are using
              /c     Licensed Products in conformity with the applicable License Key for such
              /c   Licensed Products. Synopsys will use information gathered in connection with
              /c     this process to deliver software updates and pursue software pirates and
              /c                                    infringers.
              /c 
              /c  Inclusivity & Diversity - Visit SolvNetPlus to read the "Synopsys Statement on
              /c             Inclusivity and Diversity" (Refer to article 000036315 at
              /c                         https://solvnetplus.synopsys.com)
              /c 
              /c Build  (OPT) Config 11973341 compiled on Thu Jun 19 11:23:12 2025 for CentOS64 7.3
              /c Invocation: /mnt/apps/public/COE/synopsys_apps/customcompiler/X-2025.06-1/linux64/platform/bin/custom_shell -application primewave -gui 0 -uniqueString 424077b79e1069ee7feb8e65a0614e5fd6c7980de498070fc2511cd128a4b2dec1cb7792ad9475421ea1ebd3af956bd0ef639028da715c8d -python 0 -command "source /home/argershm/180-voltmeter/Analog/cc/synopsys_custom/sim_server/custom_compiler.argershm/stb.argershm.tb_main_opamp.schematic.session1/sim_server_init.tcl" -log /home/argershm/180-voltmeter/Analog/cc/synopsys_custom/primewave_session1_sim_server_job2 -libDefFile /home/argershm/180-voltmeter/Analog/cc/lib.defs
              /c Execution time: Sun Sep  7 18:39:25 2025
              /c Host: claws-compute3.ece.ncsu.edu
              /c Working directory: /home/argershm/180-voltmeter/Analog/cc
              /c 
[18:39:32.20] /m Information: Registering ICV PERC package...
[18:39:32.45] /o 
[18:39:32.53] /m Information: Feature 'SynopsysCustomSAE' checked out. (LICENSE-003)
[18:39:32.88] /i source /home/argershm/180-voltmeter/Analog/cc/synopsys_custom/sim_server/custom_compiler.argershm/stb.argershm.tb_main_opamp.schematic.session1/sim_server_init.tcl
[18:39:33.00] /o SimServer socket started on claws-compute3.ece.ncsu.edu:34209
[18:39:33.39] /m Information: Launching Waveform Viewer "cd /home/argershm/180-voltmeter/Analog/cc/synopsys_custom/sim_server/custom_compiler.argershm/stb.argershm.tb_main_opamp.schematic.session1/logs &&  /mnt/apps/public/COE/synopsys_apps/customcompiler/X-2025.06-1/auxx/../packages/swv/bin/swv  -bg_gui=shell  -k -cdesigner -ptype wv -spxkey /mnt/apps/public/COE/synopsys_apps/customcompiler/X-2025.06-1/auxx/waveform/sae.spxkey -spxrc /tmp/tmp_sae_spxrc_co8XlL -unique_string 424077b79e1069ee8ad4749f5704abdfd6c7980de498070fc2511cd128a4b2dec1cb7792ad94754215911dea03ed9e147421e95ade365d23b1345f835df6cae1 -lic_type 2   -parent_cc_pid 3645542  > /home/argershm/180-voltmeter/Analog/cc/synopsys_custom/sim_server/custom_compiler.argershm/stb.argershm.tb_main_opamp.schematic.session1/logs/viewer.log 2>&1"
[18:39:33.48] /o ==== Received Msg ====
              /c len=196 sourceSoc=sock4cc8d070 msgIndex=2 rawMsg=AppendTask /home/argershm/180-voltmeter/Analog/cc/synopsys_custom/sim_server/custom_compiler.argershm/stb.argershm.tb_main_opamp.schematic.session1/task0/sim_script0.tcl 0 saeSession1 1 overwrite 
[18:39:33.48] /o 
[18:39:33.56] /m Information: Info: Waveform format selected is PSF. Synopsys recommends using the WDF format with the <HSPICE/FineSim> simulator.
              /c WDF is an optimal format that improves viewing performance and reduces disk usage while PSF is a 3rd party format and support "as-is".
              /c To change the format, open the Setup -> Environment menu and select the WDF format. (PW-642)
[18:39:34.06] /m Information: "Starting incremental netlisting for design "argershm/tb_main_opamp/schematic"..." (NETLISTING-010)
[18:39:34.08] /o /mnt/designkits/gf180MCU/dk_ncsu/gf180mcu_cc_0.1/Models_HSPICE
[18:39:34.08] /o Loading: Callback files...
[18:39:34.08] /o 
              /c [INFO] : Loading display.tcl from /mnt/designkits/gf180MCU/dk_ncsu/gf180mcu_cc_0.1/Models_HSPICE
              /c 
              /c  if you wish to Load other display.tcl, please set shell environment valiable "iPDK_load_display_gf180mcu" to value = 0
[18:39:34.08] /o 
[18:39:34.13] /w Warning: Could not set the value of preference xtDRCTool because it does not exist. (PREFERENCE-016)
[18:39:34.13] /w Warning: Could not set the value of preference xtDRCICVRunsetFile because it does not exist. (PREFERENCE-016)
[18:39:34.13] /w Warning: Could not set the value of preference xtDRCICVIncludePaths because it does not exist. (PREFERENCE-016)
[18:39:34.13] /w Warning: Could not set the value of preference xtDRCLayDBFormat because it does not exist. (PREFERENCE-016)
[18:39:34.13] /w Warning: Could not set the value of preference xtLVSTool because it does not exist. (PREFERENCE-016)
[18:39:34.13] /w Warning: Could not set the value of preference xtLVSICVRunsetFile because it does not exist. (PREFERENCE-016)
[18:39:34.13] /w Warning: Could not set the value of preference xtLVSICVIncludePaths because it does not exist. (PREFERENCE-016)
[18:39:34.13] /w Warning: Could not set the value of preference xtLVSLayDBFormat because it does not exist. (PREFERENCE-016)
[18:39:34.13] /w Warning: Could not set the value of preference xtLPELVSTool because it does not exist. (PREFERENCE-016)
[18:39:34.13] /w Warning: Could not set the value of preference xtLPETool because it does not exist. (PREFERENCE-016)
[18:39:34.13] /w Warning: Could not set the value of preference xtLPEOpenParasiticView because it does not exist. (PREFERENCE-016)
[18:39:34.13] /w Warning: Could not set the value of preference xtEMIRLPEStarTcadGrdFile because it does not exist. (PREFERENCE-016)
[18:39:34.13] /o 	#######################################
[18:39:34.13] /o 	CC-PDK Library Name	: gf180MCU Open
[18:39:34.13] /o 	#######################################
[18:39:34.13] /o 
[18:39:34.13] /o Netlisting
[18:39:34.18] /o /mnt/apps/public/COE/synopsys_apps/customcompiler/X-2025.06-1/auxx/samples/analogLib
[18:39:34.25] /m Information: 
[18:39:34.25] /o Checking "argershm/tb_main_opamp/schematic"
[18:39:34.25] /o No rule violations found in "argershm/tb_main_opamp/schematic"
[18:39:34.25] /o No Design Integrity rule violations found in "argershm/tb_main_opamp/schematic"
[18:39:34.36] /o /mnt/apps/public/COE/synopsys_apps/customcompiler/X-2025.06-1/auxx/samples/basic
[18:39:34.37] /m Information: 
[18:39:34.37] /o Checking "analogLib/ideal_balun/schematic"
[18:39:34.37] /o No rule violations found in "analogLib/ideal_balun/schematic"
[18:39:34.88] /m Information: "argershm main_ota_compensated schematic" renetlisted. (NETLISTING-056)
[18:39:34.89] /m Information: "Netlisting design "argershm/tb_main_opamp/schematic" finished successfully." (NETLISTING-012)
[18:39:34.89] /# Composing simulator input file for design "argershm/tb_main_opamp/schematic"...
[18:39:34.99] /# Simulator input file composed successfully for design "argershm/tb_main_opamp/schematic"
[18:39:35.00] /m Information: Save ouputs to /home/argershm/180-voltmeter/Analog/cc/simulation/argershm,tb_main_opamp,schematic/history_1/simulation/diff_mode_gain/PrimeSimSPICE/parametric/results/outputs.tcl for AVA evaluation.
[18:39:35.18] /o 
[18:39:35.35] /# Composing simulator input file for design "argershm/tb_main_opamp/schematic" for 31 iterations...
[18:39:36.54] /# Simulator input file composed successfully for design "argershm/tb_main_opamp/schematic"
[18:39:37.37] /# Starting 31 PrimeSimSPICE simulations for design: argershm/tb_main_opamp/schematic
[18:39:37.54] /# Simulations launched successfully for design: argershm/tb_main_opamp/schematic
[18:39:38.68] /m Information: 0 of 1 testbench(es) done. (PW_GUI-714)
[18:39:46.07] /m Information: Job distribution master (saeSession1,diff_mode_gain.Simulation_Simulation session:session0 testbench:diff_mode_gain) : up to 3 job running workers.
[18:39:54.17] /# Simulation completed successfully for design: argershm/tb_main_opamp/schematic point: L=10u (PW-651)
[18:39:56.67] /# Simulation completed successfully for design: argershm/tb_main_opamp/schematic point: L=11.5u (PW-651)
[18:39:59.27] /# Simulation completed successfully for design: argershm/tb_main_opamp/schematic point: L=12u (PW-651)
[18:40:01.87] /# Simulation completed successfully for design: argershm/tb_main_opamp/schematic point: L=12.5u (PW-651)
[18:40:04.47] /# Simulation completed successfully for design: argershm/tb_main_opamp/schematic point: L=13u (PW-651)
[18:40:07.07] /# Simulation completed successfully for design: argershm/tb_main_opamp/schematic point: L=13.5u (PW-651)
[18:40:09.57] /# Simulation completed successfully for design: argershm/tb_main_opamp/schematic point: L=14u (PW-651)
[18:40:12.18] /# Simulation completed successfully for design: argershm/tb_main_opamp/schematic point: L=14.5u (PW-651)
[18:40:14.78] /# Simulation completed successfully for design: argershm/tb_main_opamp/schematic point: L=15u (PW-651)
[18:40:17.37] /# Simulation completed successfully for design: argershm/tb_main_opamp/schematic point: L=15.5u (PW-651)
[18:40:19.77] /# Simulation completed successfully for design: argershm/tb_main_opamp/schematic point: L=16u (PW-651)
[18:40:22.27] /# Simulation completed successfully for design: argershm/tb_main_opamp/schematic point: L=16.5u (PW-651)
[18:40:24.07] /# Simulation completed successfully for design: argershm/tb_main_opamp/schematic point: L=10.5u (PW-651)
[18:40:24.77] /# Simulation completed successfully for design: argershm/tb_main_opamp/schematic point: L=17u (PW-651)
[18:40:26.37] /# Simulation completed successfully for design: argershm/tb_main_opamp/schematic point: L=17.5u (PW-651)
[18:40:27.17] /# Simulation completed successfully for design: argershm/tb_main_opamp/schematic point: L=18u (PW-651)
[18:40:28.87] /# Simulation completed successfully for design: argershm/tb_main_opamp/schematic point: L=18.5u (PW-651)
[18:40:29.57] /# Simulation completed successfully for design: argershm/tb_main_opamp/schematic point: L=19u (PW-651)
[18:40:31.27] /# Simulation completed successfully for design: argershm/tb_main_opamp/schematic point: L=19.5u (PW-651)
[18:40:31.97] /# Simulation completed successfully for design: argershm/tb_main_opamp/schematic point: L=20u (PW-651)
[18:40:33.67] /# Simulation completed successfully for design: argershm/tb_main_opamp/schematic point: L=20.5u (PW-651)
[18:40:34.47] /# Simulation completed successfully for design: argershm/tb_main_opamp/schematic point: L=21u (PW-651)
[18:40:36.17] /# Simulation completed successfully for design: argershm/tb_main_opamp/schematic point: L=21.5u (PW-651)
[18:40:36.97] /# Simulation completed successfully for design: argershm/tb_main_opamp/schematic point: L=22u (PW-651)
[18:40:38.67] /# Simulation completed successfully for design: argershm/tb_main_opamp/schematic point: L=22.5u (PW-651)
[18:40:39.37] /# Simulation completed successfully for design: argershm/tb_main_opamp/schematic point: L=23u (PW-651)
[18:40:41.17] /# Simulation completed successfully for design: argershm/tb_main_opamp/schematic point: L=23.5u (PW-651)
[18:40:51.68] /# Simulation completed successfully for design: argershm/tb_main_opamp/schematic point: L=24u (PW-651)
[18:40:52.97] /# Simulation completed successfully for design: argershm/tb_main_opamp/schematic point: L=24.5u (PW-651)
[18:40:53.97] /# Simulation completed successfully for design: argershm/tb_main_opamp/schematic point: L=25u (PW-651)
[18:42:54.15] /o ==== Received Msg ====
              /c len=4970 sourceSoc=sock4cc8d070 msgIndex=4 rawMsg=ResumeJob /home/argershm/180-voltmeter/Analog/cc/simulation/argershm,tb_main_opamp,schematic/history_1/simulation/diff_mode_gain/PrimeSimSPICE/parametric/L=10u/results][/home/argershm/180-voltmeter/Analog/cc/simulation/argershm,tb_main_opamp,schematic/history_1/simulation/diff_mode_gain/PrimeSimSPICE/parametric/L=10.5u/results][/home/argershm/180-voltmeter/Analog/cc/simulation/argershm,tb_main_opamp,schematic/history_1/simulation/diff_mode_gain/PrimeSimSPICE/parametric/L=11u/results][/home/argershm/180-voltmeter/Analog/cc/simulation/argershm,tb_main_opamp,schematic/history_1/simulation/diff_mode_gain/PrimeSimSPICE/parametric/L=11.5u/results][/home/argershm/180-voltmeter/Analog/cc/simulation/argershm,tb_main_opamp,schematic/history_1/simulation/diff_mode_gain/PrimeSimSPICE/parametric/L=12u/results][/home/argershm/180-voltmeter/Analog/cc/simulation/argershm,tb_main_opamp,schematic/history_1/simulation/diff_mode_gain/PrimeSimSPICE/parametric/L=12.5u/results][/home/argershm/180-voltmeter/Analog/cc/simulation/argershm,tb_main_opamp,schematic/history_1/simulation/diff_mode_gain/PrimeSimSPICE/parametric/L=13u/results][/home/argershm/180-voltmeter/Analog/cc/simulation/argershm,tb_main_opamp,schematic/history_1/simulation/diff_mode_gain/PrimeSimSPICE/parametric/L=13.5u/results][/home/argershm/180-voltmeter/Analog/cc/simulation/argershm,tb_main_opamp,schematic/history_1/simulation/diff_mode_gain/PrimeSimSPICE/parametric/L=14u/results][/home/argershm/180-voltmeter/Analog/cc/simulation/argershm,tb_main_opamp,schematic/history_1/simulation/diff_mode_gain/PrimeSimSPICE/parametric/L=14.5u/results][/home/argershm/180-voltmeter/Analog/cc/simulation/argershm,tb_main_opamp,schematic/history_1/simulation/diff_mode_gain/PrimeSimSPICE/parametric/L=15u/results][/home/argershm/180-voltmeter/Analog/cc/simulation/argershm,tb_main_opamp,schematic/history_1/simulation/diff_mode_gain/PrimeSimSPICE/parametric/L=15.5u/results][/home/argershm/180-voltmeter/Analog/cc/simulation/argershm,tb_main_opamp,schematic/history_1/simulation/diff_mode_gain/PrimeSimSPICE/parametric/L=16u/results][/home/argershm/180-voltmeter/Analog/cc/simulation/argershm,tb_main_opamp,schematic/history_1/simulation/diff_mode_gain/PrimeSimSPICE/parametric/L=16.5u/results][/home/argershm/180-voltmeter/Analog/cc/simulation/argershm,tb_main_opamp,schematic/history_1/simulation/diff_mode_gain/PrimeSimSPICE/parametric/L=17u/results][/home/argershm/180-voltmeter/Analog/cc/simulation/argershm,tb_main_opamp,schematic/history_1/simulation/diff_mode_gain/PrimeSimSPICE/parametric/L=17.5u/results][/home/argershm/180-voltmeter/Analog/cc/simulation/argershm,tb_main_opamp,schematic/history_1/simulation/diff_mode_gain/PrimeSimSPICE/parametric/L=18u/results][/home/argershm/180-voltmeter/Analog/cc/simulation/argershm,tb_main_opamp,schematic/history_1/simulation/diff_mode_gain/PrimeSimSPICE/parametric/L=18.5u/results][/home/argershm/180-voltmeter/Analog/cc/simulation/argershm,tb_main_opamp,schematic/history_1/simulation/diff_mode_gain/PrimeSimSPICE/parametric/L=19u/results][/home/argershm/180-voltmeter/Analog/cc/simulation/argershm,tb_main_opamp,schematic/history_1/simulation/diff_mode_gain/PrimeSimSPICE/parametric/L=19.5u/results][/home/argershm/180-voltmeter/Analog/cc/simulation/argershm,tb_main_opamp,schematic/history_1/simulation/diff_mode_gain/PrimeSimSPICE/parametric/L=20u/results][/home/argershm/180-voltmeter/Analog/cc/simulation/argershm,tb_main_opamp,schematic/history_1/simulation/diff_mode_gain/PrimeSimSPICE/parametric/L=20.5u/results][/home/argershm/180-voltmeter/Analog/cc/simulation/argershm,tb_main_opamp,schematic/history_1/simulation/diff_mode_gain/PrimeSimSPICE/parametric/L=21u/results][/home/argershm/180-voltmeter/Analog/cc/simulation/argershm,tb_main_opamp,schematic/history_1/simulation/diff_mode_gain/PrimeSimSPICE/parametric/L=21.5u/results][/home/argershm/180-voltmeter/Analog/cc/simulation/argershm,tb_main_opamp,schematic/history_1/simulation/diff_mode_gain/PrimeSimSPICE/parametric/L=22u/results][/home/argershm
[18:42:54.15] /o /180-voltmeter/Analog/cc/simulation/argershm,tb_main_opamp,schematic/history_1/simulation/diff_mode_gain/PrimeSimSPICE/parametric/L=22.5u/results][/home/argershm/180-voltmeter/Analog/cc/simulation/argershm,tb_main_opamp,schematic/history_1/simulation/diff_mode_gain/PrimeSimSPICE/parametric/L=23u/results][/home/argershm/180-voltmeter/Analog/cc/simulation/argershm,tb_main_opamp,schematic/history_1/simulation/diff_mode_gain/PrimeSimSPICE/parametric/L=23.5u/results][/home/argershm/180-voltmeter/Analog/cc/simulation/argershm,tb_main_opamp,schematic/history_1/simulation/diff_mode_gain/PrimeSimSPICE/parametric/L=24u/results][/home/argershm/180-voltmeter/Analog/cc/simulation/argershm,tb_main_opamp,schematic/history_1/simulation/diff_mode_gain/PrimeSimSPICE/parametric/L=24.5u/results][/home/argershm/180-voltmeter/Analog/cc/simulation/argershm,tb_main_opamp,schematic/history_1/simulation/diff_mode_gain/PrimeSimSPICE/parametric/L=25u/results 0 
[18:43:42.38] /o ==== Received Msg ====
              /c len=8 sourceSoc=sock4cc8d070 msgIndex=5 rawMsg=idleExit
[18:43:42.38] /o 
[18:44:41.98] /o ==== Received Msg ====
              /c len=162 sourceSoc=sock4cc8d070 msgIndex=6 rawMsg=StopTb /home/argershm/180-voltmeter/Analog/cc/simulation/argershm,tb_main_opamp,schematic/history_1/simulation/diff_mode_gain/PrimeSimSPICE/parametric/results 1 0
[18:44:41.98] /o 
[18:44:41.99] /m Information: Killing 1 jobs for testbench diff_mode_gain. (PW_GUI-649)
[18:44:42.74] /o ==== Received Msg ====
              /c len=162 sourceSoc=sock4cc8d070 msgIndex=7 rawMsg=StopTb /home/argershm/180-voltmeter/Analog/cc/simulation/argershm,tb_main_opamp,schematic/history_1/simulation/diff_mode_gain/PrimeSimSPICE/parametric/results 1 0
[18:44:42.74] /o 
[18:44:42.74] /m Information: Killing 1 jobs for testbench diff_mode_gain. (PW_GUI-649)
[18:44:42.92] /o ==== Received Msg ====
              /c len=162 sourceSoc=sock4cc8d070 msgIndex=8 rawMsg=StopTb /home/argershm/180-voltmeter/Analog/cc/simulation/argershm,tb_main_opamp,schematic/history_1/simulation/diff_mode_gain/PrimeSimSPICE/parametric/results 1 0
[18:44:42.92] /o 
[18:44:42.92] /m Information: Killing 1 jobs for testbench diff_mode_gain. (PW_GUI-649)
[18:44:46.60] /o ==== Received Msg ====
              /c len=162 sourceSoc=sock4cc8d070 msgIndex=9 rawMsg=StopTb /home/argershm/180-voltmeter/Analog/cc/simulation/argershm,tb_main_opamp,schematic/history_1/simulation/diff_mode_gain/PrimeSimSPICE/parametric/results 1 0
[18:44:46.60] /o 
[18:44:46.60] /m Information: Killing 1 jobs for testbench diff_mode_gain. (PW_GUI-649)
[18:44:46.78] /o ==== Received Msg ====
              /c len=162 sourceSoc=sock4cc8d070 msgIndex=10 rawMsg=StopTb /home/argershm/180-voltmeter/Analog/cc/simulation/argershm,tb_main_opamp,schematic/history_1/simulation/diff_mode_gain/PrimeSimSPICE/parametric/results 1 0
[18:44:46.78] /o 
[18:44:46.78] /m Information: Killing 1 jobs for testbench diff_mode_gain. (PW_GUI-649)
[18:45:01.58] /o ==== Received Msg ====
              /c len=4971 sourceSoc=sock4cc8d070 msgIndex=11 rawMsg=SuspendJob /home/argershm/180-voltmeter/Analog/cc/simulation/argershm,tb_main_opamp,schematic/history_1/simulation/diff_mode_gain/PrimeSimSPICE/parametric/L=10u/results][/home/argershm/180-voltmeter/Analog/cc/simulation/argershm,tb_main_opamp,schematic/history_1/simulation/diff_mode_gain/PrimeSimSPICE/parametric/L=10.5u/results][/home/argershm/180-voltmeter/Analog/cc/simulation/argershm,tb_main_opamp,schematic/history_1/simulation/diff_mode_gain/PrimeSimSPICE/parametric/L=11u/results][/home/argershm/180-voltmeter/Analog/cc/simulation/argershm,tb_main_opamp,schematic/history_1/simulation/diff_mode_gain/PrimeSimSPICE/parametric/L=11.5u/results][/home/argershm/180-voltmeter/Analog/cc/simulation/argershm,tb_main_opamp,schematic/history_1/simulation/diff_mode_gain/PrimeSimSPICE/parametric/L=12u/results][/home/argershm/180-voltmeter/Analog/cc/simulation/argershm,tb_main_opamp,schematic/history_1/simulation/diff_mode_gain/PrimeSimSPICE/parametric/L=12.5u/results][/home/argershm/180-voltmeter/Analog/cc/simulation/argershm,tb_main_opamp,schematic/history_1/simulation/diff_mode_gain/PrimeSimSPICE/parametric/L=13u/results][/home/argershm/180-voltmeter/Analog/cc/simulation/argershm,tb_main_opamp,schematic/history_1/simulation/diff_mode_gain/PrimeSimSPICE/parametric/L=13.5u/results][/home/argershm/180-voltmeter/Analog/cc/simulation/argershm,tb_main_opamp,schematic/history_1/simulation/diff_mode_gain/PrimeSimSPICE/parametric/L=14u/results][/home/argershm/180-voltmeter/Analog/cc/simulation/argershm,tb_main_opamp,schematic/history_1/simulation/diff_mode_gain/PrimeSimSPICE/parametric/L=14.5u/results][/home/argershm/180-voltmeter/Analog/cc/simulation/argershm,tb_main_opamp,schematic/history_1/simulation/diff_mode_gain/PrimeSimSPICE/parametric/L=15u/results][/home/argershm/180-voltmeter/Analog/cc/simulation/argershm,tb_main_opamp,schematic/history_1/simulation/diff_mode_gain/PrimeSimSPICE/parametric/L=15.5u/results][/home/argershm/180-voltmeter/Analog/cc/simulation/argershm,tb_main_opamp,schematic/history_1/simulation/diff_mode_gain/PrimeSimSPICE/parametric/L=16u/results][/home/argershm/180-voltmeter/Analog/cc/simulation/argershm,tb_main_opamp,schematic/history_1/simulation/diff_mode_gain/PrimeSimSPICE/parametric/L=16.5u/results][/home/argershm/180-voltmeter/Analog/cc/simulation/argershm,tb_main_opamp,schematic/history_1/simulation/diff_mode_gain/PrimeSimSPICE/parametric/L=17u/results][/home/argershm/180-voltmeter/Analog/cc/simulation/argershm,tb_main_opamp,schematic/history_1/simulation/diff_mode_gain/PrimeSimSPICE/parametric/L=17.5u/results][/home/argershm/180-voltmeter/Analog/cc/simulation/argershm,tb_main_opamp,schematic/history_1/simulation/diff_mode_gain/PrimeSimSPICE/parametric/L=18u/results][/home/argershm/180-voltmeter/Analog/cc/simulation/argershm,tb_main_opamp,schematic/history_1/simulation/diff_mode_gain/PrimeSimSPICE/parametric/L=18.5u/results][/home/argershm/180-voltmeter/Analog/cc/simulation/argershm,tb_main_opamp,schematic/history_1/simulation/diff_mode_gain/PrimeSimSPICE/parametric/L=19u/results][/home/argershm/180-voltmeter/Analog/cc/simulation/argershm,tb_main_opamp,schematic/history_1/simulation/diff_mode_gain/PrimeSimSPICE/parametric/L=19.5u/results][/home/argershm/180-voltmeter/Analog/cc/simulation/argershm,tb_main_opamp,schematic/history_1/simulation/diff_mode_gain/PrimeSimSPICE/parametric/L=20u/results][/home/argershm/180-voltmeter/Analog/cc/simulation/argershm,tb_main_opamp,schematic/history_1/simulation/diff_mode_gain/PrimeSimSPICE/parametric/L=20.5u/results][/home/argershm/180-voltmeter/Analog/cc/simulation/argershm,tb_main_opamp,schematic/history_1/simulation/diff_mode_gain/PrimeSimSPICE/parametric/L=21u/results][/home/argershm/180-voltmeter/Analog/cc/simulation/argershm,tb_main_opamp,schematic/history_1/simulation/diff_mode_gain/PrimeSimSPICE/parametric/L=21.5u/results][/home/argershm/180-voltmeter/Analog/cc/simulation/argershm,tb_main_opamp,schematic/history_1/simulation/diff_mode_gain/PrimeSimSPICE/parametric/L=22u/results][/home/argers
[18:45:01.58] /o hm/180-voltmeter/Analog/cc/simulation/argershm,tb_main_opamp,schematic/history_1/simulation/diff_mode_gain/PrimeSimSPICE/parametric/L=22.5u/results][/home/argershm/180-voltmeter/Analog/cc/simulation/argershm,tb_main_opamp,schematic/history_1/simulation/diff_mode_gain/PrimeSimSPICE/parametric/L=23u/results][/home/argershm/180-voltmeter/Analog/cc/simulation/argershm,tb_main_opamp,schematic/history_1/simulation/diff_mode_gain/PrimeSimSPICE/parametric/L=23.5u/results][/home/argershm/180-voltmeter/Analog/cc/simulation/argershm,tb_main_opamp,schematic/history_1/simulation/diff_mode_gain/PrimeSimSPICE/parametric/L=24u/results][/home/argershm/180-voltmeter/Analog/cc/simulation/argershm,tb_main_opamp,schematic/history_1/simulation/diff_mode_gain/PrimeSimSPICE/parametric/L=24.5u/results][/home/argershm/180-voltmeter/Analog/cc/simulation/argershm,tb_main_opamp,schematic/history_1/simulation/diff_mode_gain/PrimeSimSPICE/parametric/L=25u/results 0 
[18:45:06.22] /o ==== Received Msg ====
              /c len=4968 sourceSoc=sock4cc8d070 msgIndex=12 rawMsg=KillJob /home/argershm/180-voltmeter/Analog/cc/simulation/argershm,tb_main_opamp,schematic/history_1/simulation/diff_mode_gain/PrimeSimSPICE/parametric/L=10u/results][/home/argershm/180-voltmeter/Analog/cc/simulation/argershm,tb_main_opamp,schematic/history_1/simulation/diff_mode_gain/PrimeSimSPICE/parametric/L=10.5u/results][/home/argershm/180-voltmeter/Analog/cc/simulation/argershm,tb_main_opamp,schematic/history_1/simulation/diff_mode_gain/PrimeSimSPICE/parametric/L=11u/results][/home/argershm/180-voltmeter/Analog/cc/simulation/argershm,tb_main_opamp,schematic/history_1/simulation/diff_mode_gain/PrimeSimSPICE/parametric/L=11.5u/results][/home/argershm/180-voltmeter/Analog/cc/simulation/argershm,tb_main_opamp,schematic/history_1/simulation/diff_mode_gain/PrimeSimSPICE/parametric/L=12u/results][/home/argershm/180-voltmeter/Analog/cc/simulation/argershm,tb_main_opamp,schematic/history_1/simulation/diff_mode_gain/PrimeSimSPICE/parametric/L=12.5u/results][/home/argershm/180-voltmeter/Analog/cc/simulation/argershm,tb_main_opamp,schematic/history_1/simulation/diff_mode_gain/PrimeSimSPICE/parametric/L=13u/results][/home/argershm/180-voltmeter/Analog/cc/simulation/argershm,tb_main_opamp,schematic/history_1/simulation/diff_mode_gain/PrimeSimSPICE/parametric/L=13.5u/results][/home/argershm/180-voltmeter/Analog/cc/simulation/argershm,tb_main_opamp,schematic/history_1/simulation/diff_mode_gain/PrimeSimSPICE/parametric/L=14u/results][/home/argershm/180-voltmeter/Analog/cc/simulation/argershm,tb_main_opamp,schematic/history_1/simulation/diff_mode_gain/PrimeSimSPICE/parametric/L=14.5u/results][/home/argershm/180-voltmeter/Analog/cc/simulation/argershm,tb_main_opamp,schematic/history_1/simulation/diff_mode_gain/PrimeSimSPICE/parametric/L=15u/results][/home/argershm/180-voltmeter/Analog/cc/simulation/argershm,tb_main_opamp,schematic/history_1/simulation/diff_mode_gain/PrimeSimSPICE/parametric/L=15.5u/results][/home/argershm/180-voltmeter/Analog/cc/simulation/argershm,tb_main_opamp,schematic/history_1/simulation/diff_mode_gain/PrimeSimSPICE/parametric/L=16u/results][/home/argershm/180-voltmeter/Analog/cc/simulation/argershm,tb_main_opamp,schematic/history_1/simulation/diff_mode_gain/PrimeSimSPICE/parametric/L=16.5u/results][/home/argershm/180-voltmeter/Analog/cc/simulation/argershm,tb_main_opamp,schematic/history_1/simulation/diff_mode_gain/PrimeSimSPICE/parametric/L=17u/results][/home/argershm/180-voltmeter/Analog/cc/simulation/argershm,tb_main_opamp,schematic/history_1/simulation/diff_mode_gain/PrimeSimSPICE/parametric/L=17.5u/results][/home/argershm/180-voltmeter/Analog/cc/simulation/argershm,tb_main_opamp,schematic/history_1/simulation/diff_mode_gain/PrimeSimSPICE/parametric/L=18u/results][/home/argershm/180-voltmeter/Analog/cc/simulation/argershm,tb_main_opamp,schematic/history_1/simulation/diff_mode_gain/PrimeSimSPICE/parametric/L=18.5u/results][/home/argershm/180-voltmeter/Analog/cc/simulation/argershm,tb_main_opamp,schematic/history_1/simulation/diff_mode_gain/PrimeSimSPICE/parametric/L=19u/results][/home/argershm/180-voltmeter/Analog/cc/simulation/argershm,tb_main_opamp,schematic/history_1/simulation/diff_mode_gain/PrimeSimSPICE/parametric/L=19.5u/results][/home/argershm/180-voltmeter/Analog/cc/simulation/argershm,tb_main_opamp,schematic/history_1/simulation/diff_mode_gain/PrimeSimSPICE/parametric/L=20u/results][/home/argershm/180-voltmeter/Analog/cc/simulation/argershm,tb_main_opamp,schematic/history_1/simulation/diff_mode_gain/PrimeSimSPICE/parametric/L=20.5u/results][/home/argershm/180-voltmeter/Analog/cc/simulation/argershm,tb_main_opamp,schematic/history_1/simulation/diff_mode_gain/PrimeSimSPICE/parametric/L=21u/results][/home/argershm/180-voltmeter/Analog/cc/simulation/argershm,tb_main_opamp,schematic/history_1/simulation/diff_mode_gain/PrimeSimSPICE/parametric/L=21.5u/results][/home/argershm/180-voltmeter/Analog/cc/simulation/argershm,tb_main_opamp,schematic/history_1/simulation/diff_mode_gain/PrimeSimSPICE/parametric/L=22u/results][/home/argershm/
[18:45:06.22] /o 180-voltmeter/Analog/cc/simulation/argershm,tb_main_opamp,schematic/history_1/simulation/diff_mode_gain/PrimeSimSPICE/parametric/L=22.5u/results][/home/argershm/180-voltmeter/Analog/cc/simulation/argershm,tb_main_opamp,schematic/history_1/simulation/diff_mode_gain/PrimeSimSPICE/parametric/L=23u/results][/home/argershm/180-voltmeter/Analog/cc/simulation/argershm,tb_main_opamp,schematic/history_1/simulation/diff_mode_gain/PrimeSimSPICE/parametric/L=23.5u/results][/home/argershm/180-voltmeter/Analog/cc/simulation/argershm,tb_main_opamp,schematic/history_1/simulation/diff_mode_gain/PrimeSimSPICE/parametric/L=24u/results][/home/argershm/180-voltmeter/Analog/cc/simulation/argershm,tb_main_opamp,schematic/history_1/simulation/diff_mode_gain/PrimeSimSPICE/parametric/L=24.5u/results][/home/argershm/180-voltmeter/Analog/cc/simulation/argershm,tb_main_opamp,schematic/history_1/simulation/diff_mode_gain/PrimeSimSPICE/parametric/L=25u/results 0 
[18:45:20.88] /o ==== Received Msg ====
              /c len=162 sourceSoc=sock4cc8d070 msgIndex=13 rawMsg=StopTb /home/argershm/180-voltmeter/Analog/cc/simulation/argershm,tb_main_opamp,schematic/history_1/simulation/diff_mode_gain/PrimeSimSPICE/parametric/results 0 1
[18:45:20.88] /o 
[18:45:20.88] /m Information: Killing 1 jobs for testbench diff_mode_gain. (PW_GUI-649)
[18:45:20.90] /o ==== Received Msg ====
              /c len=4968 sourceSoc=sock4cc8d070 msgIndex=14 rawMsg=KillJob /home/argershm/180-voltmeter/Analog/cc/simulation/argershm,tb_main_opamp,schematic/history_1/simulation/diff_mode_gain/PrimeSimSPICE/parametric/L=10u/results][/home/argershm/180-voltmeter/Analog/cc/simulation/argershm,tb_main_opamp,schematic/history_1/simulation/diff_mode_gain/PrimeSimSPICE/parametric/L=10.5u/results][/home/argershm/180-voltmeter/Analog/cc/simulation/argershm,tb_main_opamp,schematic/history_1/simulation/diff_mode_gain/PrimeSimSPICE/parametric/L=11u/results][/home/argershm/180-voltmeter/Analog/cc/simulation/argershm,tb_main_opamp,schematic/history_1/simulation/diff_mode_gain/PrimeSimSPICE/parametric/L=11.5u/results][/home/argershm/180-voltmeter/Analog/cc/simulation/argershm,tb_main_opamp,schematic/history_1/simulation/diff_mode_gain/PrimeSimSPICE/parametric/L=12u/results][/home/argershm/180-voltmeter/Analog/cc/simulation/argershm,tb_main_opamp,schematic/history_1/simulation/diff_mode_gain/PrimeSimSPICE/parametric/L=12.5u/results][/home/argershm/180-voltmeter/Analog/cc/simulation/argershm,tb_main_opamp,schematic/history_1/simulation/diff_mode_gain/PrimeSimSPICE/parametric/L=13u/results][/home/argershm/180-voltmeter/Analog/cc/simulation/argershm,tb_main_opamp,schematic/history_1/simulation/diff_mode_gain/PrimeSimSPICE/parametric/L=13.5u/results][/home/argershm/180-voltmeter/Analog/cc/simulation/argershm,tb_main_opamp,schematic/history_1/simulation/diff_mode_gain/PrimeSimSPICE/parametric/L=14u/results][/home/argershm/180-voltmeter/Analog/cc/simulation/argershm,tb_main_opamp,schematic/history_1/simulation/diff_mode_gain/PrimeSimSPICE/parametric/L=14.5u/results][/home/argershm/180-voltmeter/Analog/cc/simulation/argershm,tb_main_opamp,schematic/history_1/simulation/diff_mode_gain/PrimeSimSPICE/parametric/L=15u/results][/home/argershm/180-voltmeter/Analog/cc/simulation/argershm,tb_main_opamp,schematic/history_1/simulation/diff_mode_gain/PrimeSimSPICE/parametric/L=15.5u/results][/home/argershm/180-voltmeter/Analog/cc/simulation/argershm,tb_main_opamp,schematic/history_1/simulation/diff_mode_gain/PrimeSimSPICE/parametric/L=16u/results][/home/argershm/180-voltmeter/Analog/cc/simulation/argershm,tb_main_opamp,schematic/history_1/simulation/diff_mode_gain/PrimeSimSPICE/parametric/L=16.5u/results][/home/argershm/180-voltmeter/Analog/cc/simulation/argershm,tb_main_opamp,schematic/history_1/simulation/diff_mode_gain/PrimeSimSPICE/parametric/L=17u/results][/home/argershm/180-voltmeter/Analog/cc/simulation/argershm,tb_main_opamp,schematic/history_1/simulation/diff_mode_gain/PrimeSimSPICE/parametric/L=17.5u/results][/home/argershm/180-voltmeter/Analog/cc/simulation/argershm,tb_main_opamp,schematic/history_1/simulation/diff_mode_gain/PrimeSimSPICE/parametric/L=18u/results][/home/argershm/180-voltmeter/Analog/cc/simulation/argershm,tb_main_opamp,schematic/history_1/simulation/diff_mode_gain/PrimeSimSPICE/parametric/L=18.5u/results][/home/argershm/180-voltmeter/Analog/cc/simulation/argershm,tb_main_opamp,schematic/history_1/simulation/diff_mode_gain/PrimeSimSPICE/parametric/L=19u/results][/home/argershm/180-voltmeter/Analog/cc/simulation/argershm,tb_main_opamp,schematic/history_1/simulation/diff_mode_gain/PrimeSimSPICE/parametric/L=19.5u/results][/home/argershm/180-voltmeter/Analog/cc/simulation/argershm,tb_main_opamp,schematic/history_1/simulation/diff_mode_gain/PrimeSimSPICE/parametric/L=20u/results][/home/argershm/180-voltmeter/Analog/cc/simulation/argershm,tb_main_opamp,schematic/history_1/simulation/diff_mode_gain/PrimeSimSPICE/parametric/L=20.5u/results][/home/argershm/180-voltmeter/Analog/cc/simulation/argershm,tb_main_opamp,schematic/history_1/simulation/diff_mode_gain/PrimeSimSPICE/parametric/L=21u/results][/home/argershm/180-voltmeter/Analog/cc/simulation/argershm,tb_main_opamp,schematic/history_1/simulation/diff_mode_gain/PrimeSimSPICE/parametric/L=21.5u/results][/home/argershm/180-voltmeter/Analog/cc/simulation/argershm,tb_main_opamp,schematic/history_1/simulation/diff_mode_gain/PrimeSimSPICE/parametric/L=22u/results][/home/argershm/
[18:45:20.90] /o 180-voltmeter/Analog/cc/simulation/argershm,tb_main_opamp,schematic/history_1/simulation/diff_mode_gain/PrimeSimSPICE/parametric/L=22.5u/results][/home/argershm/180-voltmeter/Analog/cc/simulation/argershm,tb_main_opamp,schematic/history_1/simulation/diff_mode_gain/PrimeSimSPICE/parametric/L=23u/results][/home/argershm/180-voltmeter/Analog/cc/simulation/argershm,tb_main_opamp,schematic/history_1/simulation/diff_mode_gain/PrimeSimSPICE/parametric/L=23.5u/results][/home/argershm/180-voltmeter/Analog/cc/simulation/argershm,tb_main_opamp,schematic/history_1/simulation/diff_mode_gain/PrimeSimSPICE/parametric/L=24u/results][/home/argershm/180-voltmeter/Analog/cc/simulation/argershm,tb_main_opamp,schematic/history_1/simulation/diff_mode_gain/PrimeSimSPICE/parametric/L=24.5u/results][/home/argershm/180-voltmeter/Analog/cc/simulation/argershm,tb_main_opamp,schematic/history_1/simulation/diff_mode_gain/PrimeSimSPICE/parametric/L=25u/results 0 
[18:45:40.12] /o ==== Received Msg ====
              /c len=162 sourceSoc=sock4cc8d070 msgIndex=15 rawMsg=StopTb /home/argershm/180-voltmeter/Analog/cc/simulation/argershm,tb_main_opamp,schematic/history_1/simulation/diff_mode_gain/PrimeSimSPICE/parametric/results 1 0
[18:45:40.12] /o 
[18:45:40.12] /m Information: Killing 1 jobs for testbench diff_mode_gain. (PW_GUI-649)
[18:45:40.34] /o ==== Received Msg ====
              /c len=162 sourceSoc=sock4cc8d070 msgIndex=16 rawMsg=StopTb /home/argershm/180-voltmeter/Analog/cc/simulation/argershm,tb_main_opamp,schematic/history_1/simulation/diff_mode_gain/PrimeSimSPICE/parametric/results 1 0
[18:45:40.34] /o 
[18:45:40.34] /m Information: Killing 1 jobs for testbench diff_mode_gain. (PW_GUI-649)
[18:45:40.44] /o ==== Received Msg ====
              /c len=162 sourceSoc=sock4cc8d070 msgIndex=17 rawMsg=StopTb /home/argershm/180-voltmeter/Analog/cc/simulation/argershm,tb_main_opamp,schematic/history_1/simulation/diff_mode_gain/PrimeSimSPICE/parametric/results 1 0
[18:45:40.44] /o 
[18:45:40.44] /m Information: Killing 1 jobs for testbench diff_mode_gain. (PW_GUI-649)
[18:45:40.58] /o ==== Received Msg ====
              /c len=162 sourceSoc=sock4cc8d070 msgIndex=18 rawMsg=StopTb /home/argershm/180-voltmeter/Analog/cc/simulation/argershm,tb_main_opamp,schematic/history_1/simulation/diff_mode_gain/PrimeSimSPICE/parametric/results 1 0
[18:45:40.58] /o 
[18:45:40.58] /m Information: Killing 1 jobs for testbench diff_mode_gain. (PW_GUI-649)
[18:45:40.72] /o ==== Received Msg ====
              /c len=162 sourceSoc=sock4cc8d070 msgIndex=19 rawMsg=StopTb /home/argershm/180-voltmeter/Analog/cc/simulation/argershm,tb_main_opamp,schematic/history_1/simulation/diff_mode_gain/PrimeSimSPICE/parametric/results 1 0
[18:45:40.72] /o 
[18:45:40.72] /m Information: Killing 1 jobs for testbench diff_mode_gain. (PW_GUI-649)
[18:45:52.22] /o ==== Received Msg ====
              /c len=8 sourceSoc=sock4cc8d070 msgIndex=20 rawMsg=idleExit
[18:45:52.22] /o 
[18:45:56.20] /m Information: Feature 'SynopsysCustomSAE' checked in. (LICENSE-004)
[18:45:56.20] /o 
[18:45:56.22] /m Information: Feature 'SynopsysCustomSAE' checked out. (LICENSE-003)
[18:48:05.90] /o ==== Received Msg ====
              /c len=21 sourceSoc=sock44cdd8a0 msgIndex=0 rawMsg=resetReceivedMsgIndex
[18:48:05.90] /o 
[18:48:05.90] /o ReceivedMsgIndex has been reset
[18:48:08.24] /o ==== Received Msg ====
              /c len=35 sourceSoc=sock44cdd8a0 msgIndex=1 rawMsg=evalCmd ::wf::updateViewerLicense 2
[18:48:08.24] /o 
[18:48:08.26] /o ==== Received Msg ====
              /c len=35 sourceSoc=sock44cdd8a0 msgIndex=2 rawMsg=evalCmd ::wf::updateViewerLicense 2
[18:48:08.26] /o 
[18:48:19.30] /o ==== Received Msg ====
              /c len=196 sourceSoc=sock3750aff0 msgIndex=0 rawMsg=AppendTask /home/argershm/180-voltmeter/Analog/cc/synopsys_custom/sim_server/custom_compiler.argershm/stb.argershm.tb_main_opamp.schematic.session1/task1/sim_script1.tcl 1 saeSession1 1 overwrite 
[18:48:19.30] /o 
[18:48:19.84] /o 
[18:48:19.85] /m Information: Feature 'CustomInfrastructure' checked out. (LICENSE-003)
[18:48:19.85] /m Information: "Starting incremental netlisting for design "argershm/tb_main_opamp/schematic"..." (NETLISTING-010)
[18:48:19.85] /o Netlisting
[18:48:19.95] /m Information: 
[18:48:19.95] /o Checking "argershm/tb_main_opamp/schematic"
[18:48:19.95] /o No rule violations found in "argershm/tb_main_opamp/schematic"
[18:48:19.95] /o No Design Integrity rule violations found in "argershm/tb_main_opamp/schematic"
[18:48:20.06] /m Information: 
[18:48:20.06] /o Checking "analogLib/ideal_balun/schematic"
[18:48:20.06] /o No rule violations found in "analogLib/ideal_balun/schematic"
[18:48:20.56] /m Information: "Netlisting design "argershm/tb_main_opamp/schematic" finished successfully." (NETLISTING-012)
[18:48:20.58] /# Composing simulator input file for design "argershm/tb_main_opamp/schematic"...
[18:48:20.65] /# Simulator input file composed successfully for design "argershm/tb_main_opamp/schematic"
[18:48:20.65] /m Information: Save ouputs to /home/argershm/180-voltmeter/Analog/cc/simulation/argershm,tb_main_opamp,schematic/history_1/simulation/diff_mode_gain/PrimeSimSPICE/parametric/results/outputs.tcl for AVA evaluation.
[18:48:20.81] /o 
[18:48:20.99] /# Composing simulator input file for design "argershm/tb_main_opamp/schematic" for 10 iterations...
[18:48:21.36] /# Simulator input file composed successfully for design "argershm/tb_main_opamp/schematic"
[18:48:21.42] /# Starting 10 PrimeSimSPICE simulations for design: argershm/tb_main_opamp/schematic
[18:48:21.53] /# Simulations launched successfully for design: argershm/tb_main_opamp/schematic
[18:48:21.55] /e Error: "Following error happened during execution of ::sa::_coreUtils::onPostJobStatusChange procedure during TCL callback couldn't open "/home/argershm/180-voltmeter/Analog/cc/simulation/argershm,tb_main_opamp,schematic/history_1/simulation/diff_mode_gain/PrimeSimSPICE/parametric/L=11u/results/.jobInfo": no such file or directory" (POSTMAN-005)
[18:48:21.57] /m Information: 0 of 2 testbench(es) done. (PW_GUI-714)
[18:48:29.88] /o 
[18:48:29.89] /m Information: Feature 'SynopsysCustomLayout' checked out. (LICENSE-003)
[18:48:32.87] /# Simulation completed successfully for design: argershm/tb_main_opamp/schematic point: L=2u (PW-651)
[18:48:32.97] /# Simulation completed successfully for design: argershm/tb_main_opamp/schematic point: L=1u (PW-651)
[18:48:35.17] /# Simulation completed successfully for design: argershm/tb_main_opamp/schematic point: L=3u (PW-651)
[18:48:35.18] /# Simulation completed successfully for design: argershm/tb_main_opamp/schematic point: L=4u (PW-651)
[18:48:37.57] /# Simulation completed successfully for design: argershm/tb_main_opamp/schematic point: L=5u (PW-651)
[18:48:37.77] /# Simulation completed successfully for design: argershm/tb_main_opamp/schematic point: L=6u (PW-651)
[18:48:39.97] /# Simulation completed successfully for design: argershm/tb_main_opamp/schematic point: L=7u (PW-651)
[18:48:40.09] /# Simulation completed successfully for design: argershm/tb_main_opamp/schematic point: L=8u (PW-651)
[18:48:42.49] /# Simulation completed successfully for design: argershm/tb_main_opamp/schematic point: L=10u (PW-651)
[18:48:42.50] /# Simulation completed successfully for design: argershm/tb_main_opamp/schematic point: L=9u (PW-651)
[18:48:42.51] /# Netlisting and simulation completed for testbench: diff_mode_gain in 23s
[18:48:42.51] /# Evaluating and plotting outputs...
[18:48:42.57] /m Information: Jobs distribution master quit! (PW_GUI-822)
[18:48:42.57] /# Evaluating and plotting completed for testbench: diff_mode_gain in 0s
[18:48:42.65] /m Information: 2 of 2 testbench(es) done. (PW_GUI-714)
[18:48:42.65] /m Information: Exiting simulation server process. (PW_GUI-984)
[18:48:43.40] /o Shutdown time: Sun Sep  7 18:48:43 2025
[18:48:43.40] /o Elapsed session real time: 9.28 minutes
[18:48:43.40] /o Session terminated. Log is at /home/argershm/180-voltmeter/Analog/cc/synopsys_custom/logs/primewave.argershm.2025_9_7_183925_3645542.log
[18:48:43.41] /e Error: {}
