[18:29:18.75] /o 
              /c                          PrimeWave Design Environment 
              /c 
              /c                  Version X-2025.06-1 for linux64 - Jun 19, 2025
              /c                Based on Custom Infrastructure
              /c Version X-2025.06-1
              /c 
              /c                     Copyright (c) 2004 - 2025 Synopsys, Inc.
              /c    This software and the associated documentation are proprietary to Synopsys,
              /c  Inc. This software may only be used in accordance with the terms and conditions
              /c  of a written license agreement with Synopsys, Inc. All other use, reproduction,
              /c    or distribution of this software is strictly prohibited.  Licensed Products
              /c      communicate with Synopsys servers for the purpose of providing software
              /c     updates, detecting software piracy and verifying that customers are using
              /c     Licensed Products in conformity with the applicable License Key for such
              /c   Licensed Products. Synopsys will use information gathered in connection with
              /c     this process to deliver software updates and pursue software pirates and
              /c                                    infringers.
              /c 
              /c  Inclusivity & Diversity - Visit SolvNetPlus to read the "Synopsys Statement on
              /c             Inclusivity and Diversity" (Refer to article 000036315 at
              /c                         https://solvnetplus.synopsys.com)
              /c 
              /c Build  (OPT) Config 11973341 compiled on Thu Jun 19 11:23:12 2025 for CentOS64 7.3
              /c Invocation: /mnt/apps/public/COE/synopsys_apps/customcompiler/X-2025.06-1/linux64/platform/bin/custom_shell -application primewave -gui 0 -uniqueString 424077b79e1069ee5b655962666fee8ed6c7980de498070fc2511cd128a4b2dec1cb7792ad947542873f9a75402e9f4669d2bea548da8e08 -python 0 -command "source /home/argershm/180-voltmeter/Analog/cc/synopsys_custom/sim_server/custom_compiler.argershm/stb.argershm.tb_main_opamp.schematic.session0/sim_server_init.tcl" -log /home/argershm/180-voltmeter/Analog/cc/synopsys_custom/primewave_session0_sim_server_job3 -libDefFile /home/argershm/180-voltmeter/Analog/cc/lib.defs
              /c Execution time: Mon Sep  8 18:29:17 2025
              /c Host: claws-compute3.ece.ncsu.edu
              /c Working directory: /home/argershm/180-voltmeter/Analog/cc
              /c 
[18:29:23.42] /m Information: Registering ICV PERC package...
[18:29:23.73] /o 
[18:29:28.83] /m Information: Feature 'SynopsysCustomSAE' checked out. (LICENSE-003)
[18:29:28.89] /i source /home/argershm/180-voltmeter/Analog/cc/synopsys_custom/sim_server/custom_compiler.argershm/stb.argershm.tb_main_opamp.schematic.session0/sim_server_init.tcl
[18:29:29.05] /o SimServer socket started on claws-compute3.ece.ncsu.edu:43225
[18:29:29.45] /m Information: Launching Waveform Viewer "cd /home/argershm/180-voltmeter/Analog/cc/synopsys_custom/sim_server/custom_compiler.argershm/stb.argershm.tb_main_opamp.schematic.session0/logs &&  /mnt/apps/public/COE/synopsys_apps/customcompiler/X-2025.06-1/auxx/../packages/swv/bin/swv  -bg_gui=shell  -k -cdesigner -ptype wv -spxkey /mnt/apps/public/COE/synopsys_apps/customcompiler/X-2025.06-1/auxx/waveform/sae.spxkey -spxrc /tmp/tmp_sae_spxrc_YKiEpx -unique_string 424077b79e1069eeed69c115995d26cdd6c7980de498070fc2511cd128a4b2dec1cb7792ad94754215911dea03ed9e14c91af09b41558bc81c681244033e4698 -lic_type 2   -parent_cc_pid 3988585  > /home/argershm/180-voltmeter/Analog/cc/synopsys_custom/sim_server/custom_compiler.argershm/stb.argershm.tb_main_opamp.schematic.session0/logs/viewer.log 2>&1"
[18:29:34.38] /o ==== Received Msg ====
              /c len=196 sourceSoc=sock49396e00 msgIndex=10 rawMsg=AppendTask /home/argershm/180-voltmeter/Analog/cc/synopsys_custom/sim_server/custom_compiler.argershm/stb.argershm.tb_main_opamp.schematic.session0/task0/sim_script0.tcl 0 saeSession0 1 overwrite 
[18:29:34.38] /o 
[18:29:34.51] /m Information: Info: Waveform format selected is PSF. Synopsys recommends using the WDF format with the <HSPICE/FineSim> simulator.
              /c WDF is an optimal format that improves viewing performance and reduces disk usage while PSF is a 3rd party format and support "as-is".
              /c To change the format, open the Setup -> Environment menu and select the WDF format. (PW-642)
[18:29:35.05] /m Information: "Starting incremental netlisting for design "argershm/tb_main_opamp/schematic"..." (NETLISTING-010)
[18:29:35.08] /o /mnt/designkits/gf180MCU/dk_ncsu/gf180mcu_cc_0.1/Models_HSPICE
[18:29:35.09] /o Loading: Callback files...
[18:29:35.09] /o 
              /c [INFO] : Loading display.tcl from /mnt/designkits/gf180MCU/dk_ncsu/gf180mcu_cc_0.1/Models_HSPICE
              /c 
              /c  if you wish to Load other display.tcl, please set shell environment valiable "iPDK_load_display_gf180mcu" to value = 0
[18:29:35.09] /o 
[18:29:35.13] /w Warning: Could not set the value of preference xtDRCTool because it does not exist. (PREFERENCE-016)
[18:29:35.13] /w Warning: Could not set the value of preference xtDRCICVRunsetFile because it does not exist. (PREFERENCE-016)
[18:29:35.13] /w Warning: Could not set the value of preference xtDRCICVIncludePaths because it does not exist. (PREFERENCE-016)
[18:29:35.13] /w Warning: Could not set the value of preference xtDRCLayDBFormat because it does not exist. (PREFERENCE-016)
[18:29:35.13] /w Warning: Could not set the value of preference xtLVSTool because it does not exist. (PREFERENCE-016)
[18:29:35.13] /w Warning: Could not set the value of preference xtLVSICVRunsetFile because it does not exist. (PREFERENCE-016)
[18:29:35.13] /w Warning: Could not set the value of preference xtLVSICVIncludePaths because it does not exist. (PREFERENCE-016)
[18:29:35.13] /w Warning: Could not set the value of preference xtLVSLayDBFormat because it does not exist. (PREFERENCE-016)
[18:29:35.13] /w Warning: Could not set the value of preference xtLPELVSTool because it does not exist. (PREFERENCE-016)
[18:29:35.13] /w Warning: Could not set the value of preference xtLPETool because it does not exist. (PREFERENCE-016)
[18:29:35.13] /w Warning: Could not set the value of preference xtLPEOpenParasiticView because it does not exist. (PREFERENCE-016)
[18:29:35.13] /w Warning: Could not set the value of preference xtEMIRLPEStarTcadGrdFile because it does not exist. (PREFERENCE-016)
[18:29:35.13] /o 	#######################################
[18:29:35.13] /o 	CC-PDK Library Name	: gf180MCU Open
[18:29:35.13] /o 	#######################################
[18:29:35.13] /o 
[18:29:35.14] /o Netlisting
[18:29:35.20] /o /mnt/apps/public/COE/synopsys_apps/customcompiler/X-2025.06-1/auxx/samples/analogLib
[18:29:35.27] /o No Design Integrity rule violations found in "argershm/tb_main_opamp/schematic"
[18:29:35.41] /o /mnt/apps/public/COE/synopsys_apps/customcompiler/X-2025.06-1/auxx/samples/basic
[18:29:35.41] /m Information: 
[18:29:35.41] /o Checking "analogLib/ideal_balun/schematic"
[18:29:35.41] /o No rule violations found in "analogLib/ideal_balun/schematic"
[18:29:36.08] /m Information: "argershm main_ota_compensated schematic" renetlisted. (NETLISTING-056)
[18:29:36.09] /m Information: "Netlisting design "argershm/tb_main_opamp/schematic" finished successfully." (NETLISTING-012)
[18:29:36.10] /# Composing simulator input file for design "argershm/tb_main_opamp/schematic"...
[18:29:36.21] /# Simulator input file composed successfully for design "argershm/tb_main_opamp/schematic"
[18:29:36.22] /m Information: Save ouputs to /home/argershm/180-voltmeter/Analog/cc/simulation/argershm,tb_main_opamp,schematic/history_1/simulation/diff_mode_gain/PrimeSimSPICE/nominal/results/outputs.tcl for AVA evaluation.
[18:29:36.33] /o 
[18:29:36.54] /# Starting PrimeSimSPICE simulation for design: argershm/tb_main_opamp/schematic
[18:29:38.67] /m Information: 0 of 1 testbench(es) done. (PW_GUI-714)
[18:29:40.07] /m Information: Job distribution master (saeSession0,diff_mode_gain.Simulation_Simulation session:session0 testbench:diff_mode_gain) : up to 1 job running workers.
[18:29:47.87] /# Simulation completed successfully for design: argershm/tb_main_opamp/schematic  (PW-651)
[18:29:47.88] /# Netlisting and simulation completed for testbench: diff_mode_gain in 13s
[18:29:47.88] /# Evaluating and plotting outputs...
[18:29:48.08] /r giWindowId 1
[18:29:48.08] /r giWindowGeometry 1014x710+448+154
[18:29:48.11] /m Information: Jobs distribution master quit! (PW_GUI-822)
[18:29:48.24] /# Evaluating and plotting completed for testbench: diff_mode_gain in 1s
[18:29:48.29] /m Information: 1 of 1 testbench(es) done. (PW_GUI-714)
[18:31:49.28] /o ==== Received Msg ====
              /c len=8 sourceSoc=sock49396e00 msgIndex=4 rawMsg=idleExit
[18:31:49.28] /o 
[18:31:49.43] /m Information: Exiting simulation server process. (PW_GUI-984)
[18:31:50.24] /o Shutdown time: Mon Sep  8 18:31:50 2025
[18:31:50.24] /o Elapsed session real time: 2.53 minutes
[18:31:50.24] /o Session terminated. Log is at /home/argershm/180-voltmeter/Analog/cc/synopsys_custom/logs/primewave.argershm.2025_9_8_182917_3988585.log
[18:31:50.25] /e Error: {}
