

                         PrimeWave Design Environment 

                 Version X-2025.06-1 for linux64 - Jun 19, 2025
               Based on Custom Infrastructure
Version X-2025.06-1

                    Copyright (c) 2004 - 2025 Synopsys, Inc.
   This software and the associated documentation are proprietary to Synopsys,
 Inc. This software may only be used in accordance with the terms and conditions
 of a written license agreement with Synopsys, Inc. All other use, reproduction,
   or distribution of this software is strictly prohibited.  Licensed Products
     communicate with Synopsys servers for the purpose of providing software
    updates, detecting software piracy and verifying that customers are using
    Licensed Products in conformity with the applicable License Key for such
  Licensed Products. Synopsys will use information gathered in connection with
    this process to deliver software updates and pursue software pirates and
                                   infringers.

 Inclusivity & Diversity - Visit SolvNetPlus to read the "Synopsys Statement on
            Inclusivity and Diversity" (Refer to article 000036315 at
                        https://solvnetplus.synopsys.com)

Build  (OPT) Config 11973341 compiled on Thu Jun 19 11:23:12 2025 for CentOS64 7.3
Invocation: /mnt/apps/public/COE/synopsys_apps/customcompiler/X-2025.06-1/linux64/platform/bin/custom_shell -application primewave -gui 0 -uniqueString 424077b79e1069ee7feb8e65a0614e5fd6c7980de498070fc2511cd128a4b2dec1cb7792ad9475421ea1ebd3af956bd0ef639028da715c8d -python 0 -command "source /home/argershm/180-voltmeter/Analog/cc/synopsys_custom/sim_server/custom_compiler.argershm/stb.argershm.tb_main_opamp.schematic.session1/sim_server_init.tcl" -log /home/argershm/180-voltmeter/Analog/cc/synopsys_custom/primewave_session1_sim_server_job2 -libDefFile /home/argershm/180-voltmeter/Analog/cc/lib.defs
Execution time: Sun Sep  7 18:39:25 2025
Host: claws-compute3.ece.ncsu.edu
Working directory: /home/argershm/180-voltmeter/Analog/cc


Information: Registering ICV PERC package...


> 
Information: Feature 'SynopsysCustomSAE' checked out. (LICENSE-003)
> 
SimServer socket started on claws-compute3.ece.ncsu.edu:34209
> 
Information: Launching Waveform Viewer "cd /home/argershm/180-voltmeter/Analog/cc/synopsys_custom/sim_server/custom_compiler.argershm/stb.argershm.tb_main_opamp.schematic.session1/logs &&  /mnt/apps/public/COE/synopsys_apps/customcompiler/X-2025.06-1/auxx/../packages/swv/bin/swv  -bg_gui=shell  -k -cdesigner -ptype wv -spxkey /mnt/apps/public/COE/synopsys_apps/customcompiler/X-2025.06-1/auxx/waveform/sae.spxkey -spxrc /tmp/tmp_sae_spxrc_co8XlL -unique_string 424077b79e1069ee8ad4749f5704abdfd6c7980de498070fc2511cd128a4b2dec1cb7792ad94754215911dea03ed9e147421e95ade365d23b1345f835df6cae1 -lic_type 2   -parent_cc_pid 3645542  > /home/argershm/180-voltmeter/Analog/cc/synopsys_custom/sim_server/custom_compiler.argershm/stb.argershm.tb_main_opamp.schematic.session1/logs/viewer.log 2>&1"
> 
==== Received Msg ====
len=196 sourceSoc=sock4cc8d070 msgIndex=2 rawMsg=AppendTask /home/argershm/180-voltmeter/Analog/cc/synopsys_custom/sim_server/custom_compiler.argershm/stb.argershm.tb_main_opamp.schematic.session1/task0/sim_script0.tcl 0 saeSession1 1 overwrite 
> 

> 
Information: Info: Waveform format selected is PSF. Synopsys recommends using the WDF format with the <HSPICE/FineSim> simulator.
WDF is an optimal format that improves viewing performance and reduces disk usage while PSF is a 3rd party format and support "as-is".
To change the format, open the Setup -> Environment menu and select the WDF format. (PW-642)
> 
Information: "Starting incremental netlisting for design "argershm/tb_main_opamp/schematic"..." (NETLISTING-010)
> 
/mnt/designkits/gf180MCU/dk_ncsu/gf180mcu_cc_0.1/Models_HSPICE
> 
Loading: Callback files...
> 

[INFO] : Loading display.tcl from /mnt/designkits/gf180MCU/dk_ncsu/gf180mcu_cc_0.1/Models_HSPICE

 if you wish to Load other display.tcl, please set shell environment valiable "iPDK_load_display_gf180mcu" to value = 0
> 

> 
Warning: Could not set the value of preference xtDRCTool because it does not exist. (PREFERENCE-016)
> 
Warning: Could not set the value of preference xtDRCICVRunsetFile because it does not exist. (PREFERENCE-016)
> 
Warning: Could not set the value of preference xtDRCICVIncludePaths because it does not exist. (PREFERENCE-016)
> 
Warning: Could not set the value of preference xtDRCLayDBFormat because it does not exist. (PREFERENCE-016)
> 
Warning: Could not set the value of preference xtLVSTool because it does not exist. (PREFERENCE-016)
> 
Warning: Could not set the value of preference xtLVSICVRunsetFile because it does not exist. (PREFERENCE-016)
> 
Warning: Could not set the value of preference xtLVSICVIncludePaths because it does not exist. (PREFERENCE-016)
> 
Warning: Could not set the value of preference xtLVSLayDBFormat because it does not exist. (PREFERENCE-016)
> 
Warning: Could not set the value of preference xtLPELVSTool because it does not exist. (PREFERENCE-016)
> 
Warning: Could not set the value of preference xtLPETool because it does not exist. (PREFERENCE-016)
> 
Warning: Could not set the value of preference xtLPEOpenParasiticView because it does not exist. (PREFERENCE-016)
> 
Warning: Could not set the value of preference xtEMIRLPEStarTcadGrdFile because it does not exist. (PREFERENCE-016)
> 
	#######################################
> 
	CC-PDK Library Name	: gf180MCU Open
> 
	#######################################
> 

> 
Netlisting
> 
/mnt/apps/public/COE/synopsys_apps/customcompiler/X-2025.06-1/auxx/samples/analogLib
> 
Information: 
> 
Checking "argershm/tb_main_opamp/schematic"
> 
No rule violations found in "argershm/tb_main_opamp/schematic"
> 
No Design Integrity rule violations found in "argershm/tb_main_opamp/schematic"
> 
/mnt/apps/public/COE/synopsys_apps/customcompiler/X-2025.06-1/auxx/samples/basic
> 
Information: 
> 
Checking "analogLib/ideal_balun/schematic"
> 
No rule violations found in "analogLib/ideal_balun/schematic"
> 
Information: "argershm main_ota_compensated schematic" renetlisted. (NETLISTING-056)
> 
Information: "Netlisting design "argershm/tb_main_opamp/schematic" finished successfully." (NETLISTING-012)
> 
Information: Save ouputs to /home/argershm/180-voltmeter/Analog/cc/simulation/argershm,tb_main_opamp,schematic/history_1/simulation/diff_mode_gain/PrimeSimSPICE/parametric/results/outputs.tcl for AVA evaluation.
> 

> 
Information: 0 of 1 testbench(es) done. (PW_GUI-714)
> 
Information: Job distribution master (saeSession1,diff_mode_gain.Simulation_Simulation session:session0 testbench:diff_mode_gain) : up to 3 job running workers.
> 
==== Received Msg ====
len=4970 sourceSoc=sock4cc8d070 msgIndex=4 rawMsg=ResumeJob /home/argershm/180-voltmeter/Analog/cc/simulation/argershm,tb_main_opamp,schematic/history_1/simulation/diff_mode_gain/PrimeSimSPICE/parametric/L=10u/results][/home/argershm/180-voltmeter/Analog/cc/simulation/argershm,tb_main_opamp,schematic/history_1/simulation/diff_mode_gain/PrimeSimSPICE/parametric/L=10.5u/results][/home/argershm/180-voltmeter/Analog/cc/simulation/argershm,tb_main_opamp,schematic/history_1/simulation/diff_mode_gain/PrimeSimSPICE/parametric/L=11u/results][/home/argershm/180-voltmeter/Analog/cc/simulation/argershm,tb_main_opamp,schematic/history_1/simulation/diff_mode_gain/PrimeSimSPICE/parametric/L=11.5u/results][/home/argershm/180-voltmeter/Analog/cc/simulation/argershm,tb_main_opamp,schematic/history_1/simulation/diff_mode_gain/PrimeSimSPICE/parametric/L=12u/results][/home/argershm/180-voltmeter/Analog/cc/simulation/argershm,tb_main_opamp,schematic/history_1/simulation/diff_mode_gain/PrimeSimSPICE/parametric/L=12.5u/results][/home/argershm/180-voltmeter/Analog/cc/simulation/argershm,tb_main_opamp,schematic/history_1/simulation/diff_mode_gain/PrimeSimSPICE/parametric/L=13u/results][/home/argershm/180-voltmeter/Analog/cc/simulation/argershm,tb_main_opamp,schematic/history_1/simulation/diff_mode_gain/PrimeSimSPICE/parametric/L=13.5u/results][/home/argershm/180-voltmeter/Analog/cc/simulation/argershm,tb_main_opamp,schematic/history_1/simulation/diff_mode_gain/PrimeSimSPICE/parametric/L=14u/results][/home/argershm/180-voltmeter/Analog/cc/simulation/argershm,tb_main_opamp,schematic/history_1/simulation/diff_mode_gain/PrimeSimSPICE/parametric/L=14.5u/results][/home/argershm/180-voltmeter/Analog/cc/simulation/argershm,tb_main_opamp,schematic/history_1/simulation/diff_mode_gain/PrimeSimSPICE/parametric/L=15u/results][/home/argershm/180-voltmeter/Analog/cc/simulation/argershm,tb_main_opamp,schematic/history_1/simulation/diff_mode_gain/PrimeSimSPICE/parametric/L=15.5u/results][/home/argershm/180-voltmeter/Analog/cc/simulation/argershm,tb_main_opamp,schematic/history_1/simulation/diff_mode_gain/PrimeSimSPICE/parametric/L=16u/results][/home/argershm/180-voltmeter/Analog/cc/simulation/argershm,tb_main_opamp,schematic/history_1/simulation/diff_mode_gain/PrimeSimSPICE/parametric/L=16.5u/results][/home/argershm/180-voltmeter/Analog/cc/simulation/argershm,tb_main_opamp,schematic/history_1/simulation/diff_mode_gain/PrimeSimSPICE/parametric/L=17u/results][/home/argershm/180-voltmeter/Analog/cc/simulation/argershm,tb_main_opamp,schematic/history_1/simulation/diff_mode_gain/PrimeSimSPICE/parametric/L=17.5u/results][/home/argershm/180-voltmeter/Analog/cc/simulation/argershm,tb_main_opamp,schematic/history_1/simulation/diff_mode_gain/PrimeSimSPICE/parametric/L=18u/results][/home/argershm/180-voltmeter/Analog/cc/simulation/argershm,tb_main_opamp,schematic/history_1/simulation/diff_mode_gain/PrimeSimSPICE/parametric/L=18.5u/results][/home/argershm/180-voltmeter/Analog/cc/simulation/argershm,tb_main_opamp,schematic/history_1/simulation/diff_mode_gain/PrimeSimSPICE/parametric/L=19u/results][/home/argershm/180-voltmeter/Analog/cc/simulation/argershm,tb_main_opamp,schematic/history_1/simulation/diff_mode_gain/PrimeSimSPICE/parametric/L=19.5u/results][/home/argershm/180-voltmeter/Analog/cc/simulation/argershm,tb_main_opamp,schematic/history_1/simulation/diff_mode_gain/PrimeSimSPICE/parametric/L=20u/results][/home/argershm/180-voltmeter/Analog/cc/simulation/argershm,tb_main_opamp,schematic/history_1/simulation/diff_mode_gain/PrimeSimSPICE/parametric/L=20.5u/results][/home/argershm/180-voltmeter/Analog/cc/simulation/argershm,tb_main_opamp,schematic/history_1/simulation/diff_mode_gain/PrimeSimSPICE/parametric/L=21u/results][/home/argershm/180-voltmeter/Analog/cc/simulation/argershm,tb_main_opamp,schematic/history_1/simulation/diff_mode_gain/PrimeSimSPICE/parametric/L=21.5u/results][/home/argershm/180-voltmeter/Analog/cc/simulation/argershm,tb_main_opamp,schematic/history_1/simulation/diff_mode_gain/PrimeSimSPICE/parametric/L=22u/results][/home/argershm
> 
/180-voltmeter/Analog/cc/simulation/argershm,tb_main_opamp,schematic/history_1/simulation/diff_mode_gain/PrimeSimSPICE/parametric/L=22.5u/results][/home/argershm/180-voltmeter/Analog/cc/simulation/argershm,tb_main_opamp,schematic/history_1/simulation/diff_mode_gain/PrimeSimSPICE/parametric/L=23u/results][/home/argershm/180-voltmeter/Analog/cc/simulation/argershm,tb_main_opamp,schematic/history_1/simulation/diff_mode_gain/PrimeSimSPICE/parametric/L=23.5u/results][/home/argershm/180-voltmeter/Analog/cc/simulation/argershm,tb_main_opamp,schematic/history_1/simulation/diff_mode_gain/PrimeSimSPICE/parametric/L=24u/results][/home/argershm/180-voltmeter/Analog/cc/simulation/argershm,tb_main_opamp,schematic/history_1/simulation/diff_mode_gain/PrimeSimSPICE/parametric/L=24.5u/results][/home/argershm/180-voltmeter/Analog/cc/simulation/argershm,tb_main_opamp,schematic/history_1/simulation/diff_mode_gain/PrimeSimSPICE/parametric/L=25u/results 0 
> 
==== Received Msg ====
len=8 sourceSoc=sock4cc8d070 msgIndex=5 rawMsg=idleExit
> 

> 
==== Received Msg ====
len=162 sourceSoc=sock4cc8d070 msgIndex=6 rawMsg=StopTb /home/argershm/180-voltmeter/Analog/cc/simulation/argershm,tb_main_opamp,schematic/history_1/simulation/diff_mode_gain/PrimeSimSPICE/parametric/results 1 0
> 

> 
Information: Killing 1 jobs for testbench diff_mode_gain. (PW_GUI-649)
> 
==== Received Msg ====
len=162 sourceSoc=sock4cc8d070 msgIndex=7 rawMsg=StopTb /home/argershm/180-voltmeter/Analog/cc/simulation/argershm,tb_main_opamp,schematic/history_1/simulation/diff_mode_gain/PrimeSimSPICE/parametric/results 1 0
> 

> 
Information: Killing 1 jobs for testbench diff_mode_gain. (PW_GUI-649)
> 
==== Received Msg ====
len=162 sourceSoc=sock4cc8d070 msgIndex=8 rawMsg=StopTb /home/argershm/180-voltmeter/Analog/cc/simulation/argershm,tb_main_opamp,schematic/history_1/simulation/diff_mode_gain/PrimeSimSPICE/parametric/results 1 0
> 

> 
Information: Killing 1 jobs for testbench diff_mode_gain. (PW_GUI-649)
> 
==== Received Msg ====
len=162 sourceSoc=sock4cc8d070 msgIndex=9 rawMsg=StopTb /home/argershm/180-voltmeter/Analog/cc/simulation/argershm,tb_main_opamp,schematic/history_1/simulation/diff_mode_gain/PrimeSimSPICE/parametric/results 1 0
> 

> 
Information: Killing 1 jobs for testbench diff_mode_gain. (PW_GUI-649)
> 
==== Received Msg ====
len=162 sourceSoc=sock4cc8d070 msgIndex=10 rawMsg=StopTb /home/argershm/180-voltmeter/Analog/cc/simulation/argershm,tb_main_opamp,schematic/history_1/simulation/diff_mode_gain/PrimeSimSPICE/parametric/results 1 0
> 

> 
Information: Killing 1 jobs for testbench diff_mode_gain. (PW_GUI-649)
> 
==== Received Msg ====
len=4971 sourceSoc=sock4cc8d070 msgIndex=11 rawMsg=SuspendJob /home/argershm/180-voltmeter/Analog/cc/simulation/argershm,tb_main_opamp,schematic/history_1/simulation/diff_mode_gain/PrimeSimSPICE/parametric/L=10u/results][/home/argershm/180-voltmeter/Analog/cc/simulation/argershm,tb_main_opamp,schematic/history_1/simulation/diff_mode_gain/PrimeSimSPICE/parametric/L=10.5u/results][/home/argershm/180-voltmeter/Analog/cc/simulation/argershm,tb_main_opamp,schematic/history_1/simulation/diff_mode_gain/PrimeSimSPICE/parametric/L=11u/results][/home/argershm/180-voltmeter/Analog/cc/simulation/argershm,tb_main_opamp,schematic/history_1/simulation/diff_mode_gain/PrimeSimSPICE/parametric/L=11.5u/results][/home/argershm/180-voltmeter/Analog/cc/simulation/argershm,tb_main_opamp,schematic/history_1/simulation/diff_mode_gain/PrimeSimSPICE/parametric/L=12u/results][/home/argershm/180-voltmeter/Analog/cc/simulation/argershm,tb_main_opamp,schematic/history_1/simulation/diff_mode_gain/PrimeSimSPICE/parametric/L=12.5u/results][/home/argershm/180-voltmeter/Analog/cc/simulation/argershm,tb_main_opamp,schematic/history_1/simulation/diff_mode_gain/PrimeSimSPICE/parametric/L=13u/results][/home/argershm/180-voltmeter/Analog/cc/simulation/argershm,tb_main_opamp,schematic/history_1/simulation/diff_mode_gain/PrimeSimSPICE/parametric/L=13.5u/results][/home/argershm/180-voltmeter/Analog/cc/simulation/argershm,tb_main_opamp,schematic/history_1/simulation/diff_mode_gain/PrimeSimSPICE/parametric/L=14u/results][/home/argershm/180-voltmeter/Analog/cc/simulation/argershm,tb_main_opamp,schematic/history_1/simulation/diff_mode_gain/PrimeSimSPICE/parametric/L=14.5u/results][/home/argershm/180-voltmeter/Analog/cc/simulation/argershm,tb_main_opamp,schematic/history_1/simulation/diff_mode_gain/PrimeSimSPICE/parametric/L=15u/results][/home/argershm/180-voltmeter/Analog/cc/simulation/argershm,tb_main_opamp,schematic/history_1/simulation/diff_mode_gain/PrimeSimSPICE/parametric/L=15.5u/results][/home/argershm/180-voltmeter/Analog/cc/simulation/argershm,tb_main_opamp,schematic/history_1/simulation/diff_mode_gain/PrimeSimSPICE/parametric/L=16u/results][/home/argershm/180-voltmeter/Analog/cc/simulation/argershm,tb_main_opamp,schematic/history_1/simulation/diff_mode_gain/PrimeSimSPICE/parametric/L=16.5u/results][/home/argershm/180-voltmeter/Analog/cc/simulation/argershm,tb_main_opamp,schematic/history_1/simulation/diff_mode_gain/PrimeSimSPICE/parametric/L=17u/results][/home/argershm/180-voltmeter/Analog/cc/simulation/argershm,tb_main_opamp,schematic/history_1/simulation/diff_mode_gain/PrimeSimSPICE/parametric/L=17.5u/results][/home/argershm/180-voltmeter/Analog/cc/simulation/argershm,tb_main_opamp,schematic/history_1/simulation/diff_mode_gain/PrimeSimSPICE/parametric/L=18u/results][/home/argershm/180-voltmeter/Analog/cc/simulation/argershm,tb_main_opamp,schematic/history_1/simulation/diff_mode_gain/PrimeSimSPICE/parametric/L=18.5u/results][/home/argershm/180-voltmeter/Analog/cc/simulation/argershm,tb_main_opamp,schematic/history_1/simulation/diff_mode_gain/PrimeSimSPICE/parametric/L=19u/results][/home/argershm/180-voltmeter/Analog/cc/simulation/argershm,tb_main_opamp,schematic/history_1/simulation/diff_mode_gain/PrimeSimSPICE/parametric/L=19.5u/results][/home/argershm/180-voltmeter/Analog/cc/simulation/argershm,tb_main_opamp,schematic/history_1/simulation/diff_mode_gain/PrimeSimSPICE/parametric/L=20u/results][/home/argershm/180-voltmeter/Analog/cc/simulation/argershm,tb_main_opamp,schematic/history_1/simulation/diff_mode_gain/PrimeSimSPICE/parametric/L=20.5u/results][/home/argershm/180-voltmeter/Analog/cc/simulation/argershm,tb_main_opamp,schematic/history_1/simulation/diff_mode_gain/PrimeSimSPICE/parametric/L=21u/results][/home/argershm/180-voltmeter/Analog/cc/simulation/argershm,tb_main_opamp,schematic/history_1/simulation/diff_mode_gain/PrimeSimSPICE/parametric/L=21.5u/results][/home/argershm/180-voltmeter/Analog/cc/simulation/argershm,tb_main_opamp,schematic/history_1/simulation/diff_mode_gain/PrimeSimSPICE/parametric/L=22u/results][/home/argers
> 
hm/180-voltmeter/Analog/cc/simulation/argershm,tb_main_opamp,schematic/history_1/simulation/diff_mode_gain/PrimeSimSPICE/parametric/L=22.5u/results][/home/argershm/180-voltmeter/Analog/cc/simulation/argershm,tb_main_opamp,schematic/history_1/simulation/diff_mode_gain/PrimeSimSPICE/parametric/L=23u/results][/home/argershm/180-voltmeter/Analog/cc/simulation/argershm,tb_main_opamp,schematic/history_1/simulation/diff_mode_gain/PrimeSimSPICE/parametric/L=23.5u/results][/home/argershm/180-voltmeter/Analog/cc/simulation/argershm,tb_main_opamp,schematic/history_1/simulation/diff_mode_gain/PrimeSimSPICE/parametric/L=24u/results][/home/argershm/180-voltmeter/Analog/cc/simulation/argershm,tb_main_opamp,schematic/history_1/simulation/diff_mode_gain/PrimeSimSPICE/parametric/L=24.5u/results][/home/argershm/180-voltmeter/Analog/cc/simulation/argershm,tb_main_opamp,schematic/history_1/simulation/diff_mode_gain/PrimeSimSPICE/parametric/L=25u/results 0 
> 
==== Received Msg ====
len=4968 sourceSoc=sock4cc8d070 msgIndex=12 rawMsg=KillJob /home/argershm/180-voltmeter/Analog/cc/simulation/argershm,tb_main_opamp,schematic/history_1/simulation/diff_mode_gain/PrimeSimSPICE/parametric/L=10u/results][/home/argershm/180-voltmeter/Analog/cc/simulation/argershm,tb_main_opamp,schematic/history_1/simulation/diff_mode_gain/PrimeSimSPICE/parametric/L=10.5u/results][/home/argershm/180-voltmeter/Analog/cc/simulation/argershm,tb_main_opamp,schematic/history_1/simulation/diff_mode_gain/PrimeSimSPICE/parametric/L=11u/results][/home/argershm/180-voltmeter/Analog/cc/simulation/argershm,tb_main_opamp,schematic/history_1/simulation/diff_mode_gain/PrimeSimSPICE/parametric/L=11.5u/results][/home/argershm/180-voltmeter/Analog/cc/simulation/argershm,tb_main_opamp,schematic/history_1/simulation/diff_mode_gain/PrimeSimSPICE/parametric/L=12u/results][/home/argershm/180-voltmeter/Analog/cc/simulation/argershm,tb_main_opamp,schematic/history_1/simulation/diff_mode_gain/PrimeSimSPICE/parametric/L=12.5u/results][/home/argershm/180-voltmeter/Analog/cc/simulation/argershm,tb_main_opamp,schematic/history_1/simulation/diff_mode_gain/PrimeSimSPICE/parametric/L=13u/results][/home/argershm/180-voltmeter/Analog/cc/simulation/argershm,tb_main_opamp,schematic/history_1/simulation/diff_mode_gain/PrimeSimSPICE/parametric/L=13.5u/results][/home/argershm/180-voltmeter/Analog/cc/simulation/argershm,tb_main_opamp,schematic/history_1/simulation/diff_mode_gain/PrimeSimSPICE/parametric/L=14u/results][/home/argershm/180-voltmeter/Analog/cc/simulation/argershm,tb_main_opamp,schematic/history_1/simulation/diff_mode_gain/PrimeSimSPICE/parametric/L=14.5u/results][/home/argershm/180-voltmeter/Analog/cc/simulation/argershm,tb_main_opamp,schematic/history_1/simulation/diff_mode_gain/PrimeSimSPICE/parametric/L=15u/results][/home/argershm/180-voltmeter/Analog/cc/simulation/argershm,tb_main_opamp,schematic/history_1/simulation/diff_mode_gain/PrimeSimSPICE/parametric/L=15.5u/results][/home/argershm/180-voltmeter/Analog/cc/simulation/argershm,tb_main_opamp,schematic/history_1/simulation/diff_mode_gain/PrimeSimSPICE/parametric/L=16u/results][/home/argershm/180-voltmeter/Analog/cc/simulation/argershm,tb_main_opamp,schematic/history_1/simulation/diff_mode_gain/PrimeSimSPICE/parametric/L=16.5u/results][/home/argershm/180-voltmeter/Analog/cc/simulation/argershm,tb_main_opamp,schematic/history_1/simulation/diff_mode_gain/PrimeSimSPICE/parametric/L=17u/results][/home/argershm/180-voltmeter/Analog/cc/simulation/argershm,tb_main_opamp,schematic/history_1/simulation/diff_mode_gain/PrimeSimSPICE/parametric/L=17.5u/results][/home/argershm/180-voltmeter/Analog/cc/simulation/argershm,tb_main_opamp,schematic/history_1/simulation/diff_mode_gain/PrimeSimSPICE/parametric/L=18u/results][/home/argershm/180-voltmeter/Analog/cc/simulation/argershm,tb_main_opamp,schematic/history_1/simulation/diff_mode_gain/PrimeSimSPICE/parametric/L=18.5u/results][/home/argershm/180-voltmeter/Analog/cc/simulation/argershm,tb_main_opamp,schematic/history_1/simulation/diff_mode_gain/PrimeSimSPICE/parametric/L=19u/results][/home/argershm/180-voltmeter/Analog/cc/simulation/argershm,tb_main_opamp,schematic/history_1/simulation/diff_mode_gain/PrimeSimSPICE/parametric/L=19.5u/results][/home/argershm/180-voltmeter/Analog/cc/simulation/argershm,tb_main_opamp,schematic/history_1/simulation/diff_mode_gain/PrimeSimSPICE/parametric/L=20u/results][/home/argershm/180-voltmeter/Analog/cc/simulation/argershm,tb_main_opamp,schematic/history_1/simulation/diff_mode_gain/PrimeSimSPICE/parametric/L=20.5u/results][/home/argershm/180-voltmeter/Analog/cc/simulation/argershm,tb_main_opamp,schematic/history_1/simulation/diff_mode_gain/PrimeSimSPICE/parametric/L=21u/results][/home/argershm/180-voltmeter/Analog/cc/simulation/argershm,tb_main_opamp,schematic/history_1/simulation/diff_mode_gain/PrimeSimSPICE/parametric/L=21.5u/results][/home/argershm/180-voltmeter/Analog/cc/simulation/argershm,tb_main_opamp,schematic/history_1/simulation/diff_mode_gain/PrimeSimSPICE/parametric/L=22u/results][/home/argershm/
> 
180-voltmeter/Analog/cc/simulation/argershm,tb_main_opamp,schematic/history_1/simulation/diff_mode_gain/PrimeSimSPICE/parametric/L=22.5u/results][/home/argershm/180-voltmeter/Analog/cc/simulation/argershm,tb_main_opamp,schematic/history_1/simulation/diff_mode_gain/PrimeSimSPICE/parametric/L=23u/results][/home/argershm/180-voltmeter/Analog/cc/simulation/argershm,tb_main_opamp,schematic/history_1/simulation/diff_mode_gain/PrimeSimSPICE/parametric/L=23.5u/results][/home/argershm/180-voltmeter/Analog/cc/simulation/argershm,tb_main_opamp,schematic/history_1/simulation/diff_mode_gain/PrimeSimSPICE/parametric/L=24u/results][/home/argershm/180-voltmeter/Analog/cc/simulation/argershm,tb_main_opamp,schematic/history_1/simulation/diff_mode_gain/PrimeSimSPICE/parametric/L=24.5u/results][/home/argershm/180-voltmeter/Analog/cc/simulation/argershm,tb_main_opamp,schematic/history_1/simulation/diff_mode_gain/PrimeSimSPICE/parametric/L=25u/results 0 
> 
==== Received Msg ====
len=162 sourceSoc=sock4cc8d070 msgIndex=13 rawMsg=StopTb /home/argershm/180-voltmeter/Analog/cc/simulation/argershm,tb_main_opamp,schematic/history_1/simulation/diff_mode_gain/PrimeSimSPICE/parametric/results 0 1
> 

> 
Information: Killing 1 jobs for testbench diff_mode_gain. (PW_GUI-649)
> 
==== Received Msg ====
len=4968 sourceSoc=sock4cc8d070 msgIndex=14 rawMsg=KillJob /home/argershm/180-voltmeter/Analog/cc/simulation/argershm,tb_main_opamp,schematic/history_1/simulation/diff_mode_gain/PrimeSimSPICE/parametric/L=10u/results][/home/argershm/180-voltmeter/Analog/cc/simulation/argershm,tb_main_opamp,schematic/history_1/simulation/diff_mode_gain/PrimeSimSPICE/parametric/L=10.5u/results][/home/argershm/180-voltmeter/Analog/cc/simulation/argershm,tb_main_opamp,schematic/history_1/simulation/diff_mode_gain/PrimeSimSPICE/parametric/L=11u/results][/home/argershm/180-voltmeter/Analog/cc/simulation/argershm,tb_main_opamp,schematic/history_1/simulation/diff_mode_gain/PrimeSimSPICE/parametric/L=11.5u/results][/home/argershm/180-voltmeter/Analog/cc/simulation/argershm,tb_main_opamp,schematic/history_1/simulation/diff_mode_gain/PrimeSimSPICE/parametric/L=12u/results][/home/argershm/180-voltmeter/Analog/cc/simulation/argershm,tb_main_opamp,schematic/history_1/simulation/diff_mode_gain/PrimeSimSPICE/parametric/L=12.5u/results][/home/argershm/180-voltmeter/Analog/cc/simulation/argershm,tb_main_opamp,schematic/history_1/simulation/diff_mode_gain/PrimeSimSPICE/parametric/L=13u/results][/home/argershm/180-voltmeter/Analog/cc/simulation/argershm,tb_main_opamp,schematic/history_1/simulation/diff_mode_gain/PrimeSimSPICE/parametric/L=13.5u/results][/home/argershm/180-voltmeter/Analog/cc/simulation/argershm,tb_main_opamp,schematic/history_1/simulation/diff_mode_gain/PrimeSimSPICE/parametric/L=14u/results][/home/argershm/180-voltmeter/Analog/cc/simulation/argershm,tb_main_opamp,schematic/history_1/simulation/diff_mode_gain/PrimeSimSPICE/parametric/L=14.5u/results][/home/argershm/180-voltmeter/Analog/cc/simulation/argershm,tb_main_opamp,schematic/history_1/simulation/diff_mode_gain/PrimeSimSPICE/parametric/L=15u/results][/home/argershm/180-voltmeter/Analog/cc/simulation/argershm,tb_main_opamp,schematic/history_1/simulation/diff_mode_gain/PrimeSimSPICE/parametric/L=15.5u/results][/home/argershm/180-voltmeter/Analog/cc/simulation/argershm,tb_main_opamp,schematic/history_1/simulation/diff_mode_gain/PrimeSimSPICE/parametric/L=16u/results][/home/argershm/180-voltmeter/Analog/cc/simulation/argershm,tb_main_opamp,schematic/history_1/simulation/diff_mode_gain/PrimeSimSPICE/parametric/L=16.5u/results][/home/argershm/180-voltmeter/Analog/cc/simulation/argershm,tb_main_opamp,schematic/history_1/simulation/diff_mode_gain/PrimeSimSPICE/parametric/L=17u/results][/home/argershm/180-voltmeter/Analog/cc/simulation/argershm,tb_main_opamp,schematic/history_1/simulation/diff_mode_gain/PrimeSimSPICE/parametric/L=17.5u/results][/home/argershm/180-voltmeter/Analog/cc/simulation/argershm,tb_main_opamp,schematic/history_1/simulation/diff_mode_gain/PrimeSimSPICE/parametric/L=18u/results][/home/argershm/180-voltmeter/Analog/cc/simulation/argershm,tb_main_opamp,schematic/history_1/simulation/diff_mode_gain/PrimeSimSPICE/parametric/L=18.5u/results][/home/argershm/180-voltmeter/Analog/cc/simulation/argershm,tb_main_opamp,schematic/history_1/simulation/diff_mode_gain/PrimeSimSPICE/parametric/L=19u/results][/home/argershm/180-voltmeter/Analog/cc/simulation/argershm,tb_main_opamp,schematic/history_1/simulation/diff_mode_gain/PrimeSimSPICE/parametric/L=19.5u/results][/home/argershm/180-voltmeter/Analog/cc/simulation/argershm,tb_main_opamp,schematic/history_1/simulation/diff_mode_gain/PrimeSimSPICE/parametric/L=20u/results][/home/argershm/180-voltmeter/Analog/cc/simulation/argershm,tb_main_opamp,schematic/history_1/simulation/diff_mode_gain/PrimeSimSPICE/parametric/L=20.5u/results][/home/argershm/180-voltmeter/Analog/cc/simulation/argershm,tb_main_opamp,schematic/history_1/simulation/diff_mode_gain/PrimeSimSPICE/parametric/L=21u/results][/home/argershm/180-voltmeter/Analog/cc/simulation/argershm,tb_main_opamp,schematic/history_1/simulation/diff_mode_gain/PrimeSimSPICE/parametric/L=21.5u/results][/home/argershm/180-voltmeter/Analog/cc/simulation/argershm,tb_main_opamp,schematic/history_1/simulation/diff_mode_gain/PrimeSimSPICE/parametric/L=22u/results][/home/argershm/
> 
180-voltmeter/Analog/cc/simulation/argershm,tb_main_opamp,schematic/history_1/simulation/diff_mode_gain/PrimeSimSPICE/parametric/L=22.5u/results][/home/argershm/180-voltmeter/Analog/cc/simulation/argershm,tb_main_opamp,schematic/history_1/simulation/diff_mode_gain/PrimeSimSPICE/parametric/L=23u/results][/home/argershm/180-voltmeter/Analog/cc/simulation/argershm,tb_main_opamp,schematic/history_1/simulation/diff_mode_gain/PrimeSimSPICE/parametric/L=23.5u/results][/home/argershm/180-voltmeter/Analog/cc/simulation/argershm,tb_main_opamp,schematic/history_1/simulation/diff_mode_gain/PrimeSimSPICE/parametric/L=24u/results][/home/argershm/180-voltmeter/Analog/cc/simulation/argershm,tb_main_opamp,schematic/history_1/simulation/diff_mode_gain/PrimeSimSPICE/parametric/L=24.5u/results][/home/argershm/180-voltmeter/Analog/cc/simulation/argershm,tb_main_opamp,schematic/history_1/simulation/diff_mode_gain/PrimeSimSPICE/parametric/L=25u/results 0 
> 
==== Received Msg ====
len=162 sourceSoc=sock4cc8d070 msgIndex=15 rawMsg=StopTb /home/argershm/180-voltmeter/Analog/cc/simulation/argershm,tb_main_opamp,schematic/history_1/simulation/diff_mode_gain/PrimeSimSPICE/parametric/results 1 0
> 

> 
Information: Killing 1 jobs for testbench diff_mode_gain. (PW_GUI-649)
> 
==== Received Msg ====
len=162 sourceSoc=sock4cc8d070 msgIndex=16 rawMsg=StopTb /home/argershm/180-voltmeter/Analog/cc/simulation/argershm,tb_main_opamp,schematic/history_1/simulation/diff_mode_gain/PrimeSimSPICE/parametric/results 1 0
> 

> 
Information: Killing 1 jobs for testbench diff_mode_gain. (PW_GUI-649)
> 
==== Received Msg ====
len=162 sourceSoc=sock4cc8d070 msgIndex=17 rawMsg=StopTb /home/argershm/180-voltmeter/Analog/cc/simulation/argershm,tb_main_opamp,schematic/history_1/simulation/diff_mode_gain/PrimeSimSPICE/parametric/results 1 0
> 

> 
Information: Killing 1 jobs for testbench diff_mode_gain. (PW_GUI-649)
> 
==== Received Msg ====
len=162 sourceSoc=sock4cc8d070 msgIndex=18 rawMsg=StopTb /home/argershm/180-voltmeter/Analog/cc/simulation/argershm,tb_main_opamp,schematic/history_1/simulation/diff_mode_gain/PrimeSimSPICE/parametric/results 1 0
> 

> 
Information: Killing 1 jobs for testbench diff_mode_gain. (PW_GUI-649)
> 
==== Received Msg ====
len=162 sourceSoc=sock4cc8d070 msgIndex=19 rawMsg=StopTb /home/argershm/180-voltmeter/Analog/cc/simulation/argershm,tb_main_opamp,schematic/history_1/simulation/diff_mode_gain/PrimeSimSPICE/parametric/results 1 0
> 

> 
Information: Killing 1 jobs for testbench diff_mode_gain. (PW_GUI-649)
> 
==== Received Msg ====
len=8 sourceSoc=sock4cc8d070 msgIndex=20 rawMsg=idleExit
> 

> 
Information: Feature 'SynopsysCustomSAE' checked in. (LICENSE-004)
> 

> 
Information: Feature 'SynopsysCustomSAE' checked out. (LICENSE-003)
> 
==== Received Msg ====
len=21 sourceSoc=sock44cdd8a0 msgIndex=0 rawMsg=resetReceivedMsgIndex
> 

> 
ReceivedMsgIndex has been reset
> 
==== Received Msg ====
len=35 sourceSoc=sock44cdd8a0 msgIndex=1 rawMsg=evalCmd ::wf::updateViewerLicense 2
> 

> 
==== Received Msg ====
len=35 sourceSoc=sock44cdd8a0 msgIndex=2 rawMsg=evalCmd ::wf::updateViewerLicense 2
> 

> 
==== Received Msg ====
len=196 sourceSoc=sock3750aff0 msgIndex=0 rawMsg=AppendTask /home/argershm/180-voltmeter/Analog/cc/synopsys_custom/sim_server/custom_compiler.argershm/stb.argershm.tb_main_opamp.schematic.session1/task1/sim_script1.tcl 1 saeSession1 1 overwrite 
> 

> 

> 
Information: Feature 'CustomInfrastructure' checked out. (LICENSE-003)
> 
Information: "Starting incremental netlisting for design "argershm/tb_main_opamp/schematic"..." (NETLISTING-010)
> 
Netlisting
> 
Information: 
> 
Checking "argershm/tb_main_opamp/schematic"
> 
No rule violations found in "argershm/tb_main_opamp/schematic"
> 
No Design Integrity rule violations found in "argershm/tb_main_opamp/schematic"
> 
Information: 
> 
Checking "analogLib/ideal_balun/schematic"
> 
No rule violations found in "analogLib/ideal_balun/schematic"
> 
Information: "Netlisting design "argershm/tb_main_opamp/schematic" finished successfully." (NETLISTING-012)
> 
Information: Save ouputs to /home/argershm/180-voltmeter/Analog/cc/simulation/argershm,tb_main_opamp,schematic/history_1/simulation/diff_mode_gain/PrimeSimSPICE/parametric/results/outputs.tcl for AVA evaluation.
> 

> 
Error: "Following error happened during execution of ::sa::_coreUtils::onPostJobStatusChange procedure during TCL callback couldn't open "/home/argershm/180-voltmeter/Analog/cc/simulation/argershm,tb_main_opamp,schematic/history_1/simulation/diff_mode_gain/PrimeSimSPICE/parametric/L=11u/results/.jobInfo": no such file or directory" (POSTMAN-005)
> 
Information: 0 of 2 testbench(es) done. (PW_GUI-714)
> 

> 
Information: Feature 'SynopsysCustomLayout' checked out. (LICENSE-003)
> 
Information: Jobs distribution master quit! (PW_GUI-822)
> 
Information: 2 of 2 testbench(es) done. (PW_GUI-714)
> 
Information: Exiting simulation server process. (PW_GUI-984)
> 
Shutdown time: Sun Sep  7 18:48:43 2025
> 
Elapsed session real time: 9.28 minutes
> 
Session terminated. Log is at /home/argershm/180-voltmeter/Analog/cc/synopsys_custom/logs/primewave.argershm.2025_9_7_183925_3645542.log
> 
Error: {}
> 
Information: Feature 'SynopsysCustomLayout' checked in. (LICENSE-004)
> 
Information: Feature 'CustomInfrastructure' checked in. (LICENSE-004)
> 
Information: Feature 'SynopsysCustomSAE' checked in. (LICENSE-004)
> 