[18:10:13.66] /o 
              /c                          PrimeWave Design Environment 
              /c 
              /c                Version W-2024.09-SP1-2 for linux64 - Jan 15, 2025
              /c              Based on Custom Infrastructure
              /c Version W-2024.09-SP1-2
              /c 
              /c                     Copyright (c) 2004 - 2025 Synopsys, Inc.
              /c    This software and the associated documentation are proprietary to Synopsys,
              /c  Inc. This software may only be used in accordance with the terms and conditions
              /c  of a written license agreement with Synopsys, Inc. All other use, reproduction,
              /c    or distribution of this software is strictly prohibited.  Licensed Products
              /c      communicate with Synopsys servers for the purpose of providing software
              /c     updates, detecting software piracy and verifying that customers are using
              /c     Licensed Products in conformity with the applicable License Key for such
              /c   Licensed Products. Synopsys will use information gathered in connection with
              /c     this process to deliver software updates and pursue software pirates and
              /c                                    infringers.
              /c 
              /c  Inclusivity & Diversity - Visit SolvNetPlus to read the "Synopsys Statement on
              /c             Inclusivity and Diversity" (Refer to article 000036315 at
              /c                         https://solvnetplus.synopsys.com)
              /c 
              /c Build  (OPT) Config 11252589 compiled on Wed Jan 15 11:01:36 2025 for AlmaLinux 8.4
              /c Invocation: /mnt/apps/public/COE/synopsys_apps/primewave/W-2024.09-SP1-2/linux64/platform/bin/custom_shell -application primewave -gui 0 -uniqueString 424077b79e1069ee007c9cb2fe8bc338d6c7980de498070fc2511cd128a4b2dec1cb7792ad94754281a40689e99ba2662680066a2596610a -python 0 -command "source /home/argershm/180-voltmeter/Analog/cc/synopsys_custom/sim_server/custom_compiler.argershm/stb.gmid.gmid_nfet_3v3.schematic.session4/sim_server_init.tcl" -log /home/argershm/180-voltmeter/Analog/cc/synopsys_custom/primewave_session4_sim_server_job2 -libDefFile /home/argershm/180-voltmeter/Analog/cc/lib.defs
              /c Execution time: Thu Sep  4 18:10:12 2025
              /c Host: claws-compute3.ece.ncsu.edu
              /c Working directory: /home/argershm/180-voltmeter/Analog/cc
              /c 
[18:10:17.63] /m Information: Registering ICV PERC package...
[18:10:18.01] /m Information: Feature 'SynopsysCustomSAE' checked out. (LICENSE-003)
[18:10:18.38] /o 
[18:10:18.40] /i source /home/argershm/180-voltmeter/Analog/cc/synopsys_custom/sim_server/custom_compiler.argershm/stb.gmid.gmid_nfet_3v3.schematic.session4/sim_server_init.tcl
[18:10:18.51] /o SimServer socket started on claws-compute3.ece.ncsu.edu:34517
[18:10:18.57] /m Information: Launching Waveform Viewer "cd /home/argershm/180-voltmeter/Analog/cc/synopsys_custom/sim_server/custom_compiler.argershm/stb.gmid.gmid_nfet_3v3.schematic.session4/logs &&  /mnt/apps/public/COE/synopsys_apps/primewave/W-2024.09-SP1-2/auxx/../linux64/swv/bin/swv  -bg_gui -k -cdesigner -ptype wv -spxkey /mnt/apps/public/COE/synopsys_apps/primewave/W-2024.09-SP1-2/auxx/waveform/sae.spxkey -spxrc /tmp/tmp_sae_spxrc_xfixbG -unique_string 424077b79e1069ee3b27608f5f83a724d6c7980de498070fc2511cd128a4b2dec1cb7792ad94754215911dea03ed9e14198cdbec1a9d3ec3e18a22a5bc872a2b -lic_type 2   -parent_cc_pid 3952789  > /home/argershm/180-voltmeter/Analog/cc/synopsys_custom/sim_server/custom_compiler.argershm/stb.gmid.gmid_nfet_3v3.schematic.session4/logs/viewer.log 2>&1"
[18:10:56.43] /o ==== Received Msg ====
              /c len=191 sourceSoc=sock510d3d00 msgIndex=12 rawMsg=AppendTask /home/argershm/180-voltmeter/Analog/cc/synopsys_custom/sim_server/custom_compiler.argershm/stb.gmid.gmid_nfet_3v3.schematic.session4/task0/sim_script0.tcl 0 saeSession2 1 overwrite
[18:10:56.43] /o 
[18:10:56.98] /m Information: "Starting incremental netlisting for design "gmid/gmid_nfet_3v3/schematic"..." (NETLISTING-010)
[18:10:57.01] /o Loading: Callback files...
[18:10:57.01] /o 
              /c [INFO] : Loading display.tcl from /mnt/designkits/gf180MCU/dk_ncsu/gf180mcu_cc_0.1/Models_HSPICE
              /c 
              /c  if you wish to Load other display.tcl, please set shell environment valiable "iPDK_load_display_gf180mcu" to value = 0
[18:10:57.01] /o 
[18:10:57.05] /w Warning: Could not set the value of preference xtDRCTool because it does not exist. (PREFERENCE-016)
[18:10:57.05] /w Warning: Could not set the value of preference xtDRCICVRunsetFile because it does not exist. (PREFERENCE-016)
[18:10:57.05] /w Warning: Could not set the value of preference xtDRCICVIncludePaths because it does not exist. (PREFERENCE-016)
[18:10:57.05] /w Warning: Could not set the value of preference xtDRCLayDBFormat because it does not exist. (PREFERENCE-016)
[18:10:57.05] /w Warning: Could not set the value of preference xtLVSTool because it does not exist. (PREFERENCE-016)
[18:10:57.05] /w Warning: Could not set the value of preference xtLVSICVRunsetFile because it does not exist. (PREFERENCE-016)
[18:10:57.05] /w Warning: Could not set the value of preference xtLVSICVIncludePaths because it does not exist. (PREFERENCE-016)
[18:10:57.05] /w Warning: Could not set the value of preference xtLVSLayDBFormat because it does not exist. (PREFERENCE-016)
[18:10:57.05] /w Warning: Could not set the value of preference xtLPELVSTool because it does not exist. (PREFERENCE-016)
[18:10:57.05] /w Warning: Could not set the value of preference xtLPETool because it does not exist. (PREFERENCE-016)
[18:10:57.05] /w Warning: Could not set the value of preference xtLPEOpenParasiticView because it does not exist. (PREFERENCE-016)
[18:10:57.05] /w Warning: Could not set the value of preference xtEMIRLPEStarTcadGrdFile because it does not exist. (PREFERENCE-016)
[18:10:57.05] /o 	#######################################
[18:10:57.05] /o 	CC-PDK Library Name	: gf180MCU Open
[18:10:57.05] /o 	#######################################
[18:10:57.05] /o 
[18:10:57.06] /o Netlisting
[18:10:57.06] /o Creating output directories
[18:10:57.17] /o No Design Integrity rule violations found in "gmid/gmid_nfet_3v3/schematic"
[18:10:57.17] /o Scanning: gmid/gmid_nfet_3v3/schematic
[18:10:57.40] /o Computing terminal lists
[18:10:57.40] /o Processing terminals of module gmid/gmid_nfet_3v3/schematic
[18:10:57.40] /o Starting netlisting
[18:10:57.43] /m Information: "Netlisting design "gmid/gmid_nfet_3v3/schematic" finished successfully." (NETLISTING-012)
[18:10:57.48] /# Preparing the testbench to netlist Design Parameters:'literalValues //MN0'.
[18:10:57.51] /w Warning: The preference dmDisableLibraryLocking is enabled, which is not safe. (DATA_MANAGEMENT-125)
[18:10:57.63] /m Information: "Starting incremental netlisting for design "temporary_lib/gmid_nfet_3v3/schematic_parameterized"..." (NETLISTING-010)
[18:10:57.63] /o Netlisting
[18:10:57.63] /o Creating output directories
[18:10:57.69] /m Information: 
[18:10:57.69] /o Checking "%OVERLAY/gmid_nfet_3v3/schematic_parameterized"
[18:10:57.69] /o No rule violations found in "%OVERLAY/gmid_nfet_3v3/schematic_parameterized"
[18:10:57.69] /o No Design Integrity rule violations found in "%OVERLAY/gmid_nfet_3v3/schematic_parameterized"
[18:10:57.69] /o Scanning: SNPSOverlay_temporary_lib_gmid_nfet_3v3_schematic_parameterized/gmid_nfet_3v3/schematic_parameterized
[18:10:57.83] /o Computing terminal lists
[18:10:57.83] /o Processing terminals of module SNPSOverlay_temporary_lib_gmid_nfet_3v3_schematic_parameterized/gmid_nfet_3v3/schematic_parameterized
[18:10:57.84] /o Starting netlisting
[18:10:57.85] /o Formatting SNPSOverlay_temporary_lib_gmid_nfet_3v3_schematic_parameterized/gmid_nfet_3v3/schematic_parameterized
[18:10:57.86] /m Information: "SNPSOverlay_temporary_lib_gmid_nfet_3v3_schematic_parameterized gmid_nfet_3v3 schematic_parameterized" renetlisted. (NETLISTING-056)
[18:10:57.86] /m Information: "Netlisting design "temporary_lib/gmid_nfet_3v3/schematic_parameterized" finished successfully." (NETLISTING-012)
[18:10:57.88] /m Information: Loading DSPF editing package.
[18:10:57.89] /m Information: Loading reference10 DSPF map: /mnt/apps/public/COE/synopsys_apps/primewave/W-2024.09-SP1-2/auxx/dspf/reference10.dspf_map
[18:10:57.90] /# Composing simulator input file for design "gmid/gmid_nfet_3v3/schematic"...
[18:10:58.06] /# Simulator input file composed successfully for design "gmid/gmid_nfet_3v3/schematic"
[18:10:58.06] /m Information: Save ouputs to /home/argershm/180-voltmeter/Analog/cc/simulation/gmid,gmid_nfet_3v3,schematic/history_1/simulation/PrimeSim_default/PrimeSimSPICE/parametric/results/outputs.tcl for AVA evaluation.
[18:10:58.17] /o 
[18:10:58.35] /o                                          Composing Nominal                                         
[18:10:58.39] /o                        Launching jobs for testbench PrimeSim_default started                       
[18:10:58.39] /# Starting PrimeSimSPICE simulation for design: gmid/gmid_nfet_3v3/schematic
[18:10:58.40] /o                         Creating jobs for testbench PrimeSim_default (0 / 1)                        
[18:10:58.40] /o                           Launching 1 jobs for testbench PrimeSim_default                          
[18:10:59.26] /o                        Launching jobs for testbench PrimeSim_default finished                       
[18:10:59.26] /m Information: 0 of 1 testbench(es) done. (PW_GUI-714)
[18:11:02.07] /m Information: Job distribution master (saeSession2,PrimeSim_default.Simulation_Simulation session:session0 testbench:PrimeSim_default) : up to 1 job running workers.
[18:11:09.47] /# Simulation completed successfully for design: gmid/gmid_nfet_3v3/schematic  (PW-651)
[18:11:09.48] /# Netlisting and simulation completed for testbench: PrimeSim_default in 13s
[18:11:09.48] /# Evaluating and plotting outputs...
[18:11:10.56] /m Information: Jobs distribution master quit! (PW_GUI-822)
[18:11:11.10] /# Evaluating and plotting completed for testbench: PrimeSim_default in 2s
[18:11:11.11] /m Information: 1 of 1 testbench(es) done. (PW_GUI-714)
[18:12:59.14] /o ==== Received Msg ====
              /c len=191 sourceSoc=sock500a53b0 msgIndex=13 rawMsg=AppendTask /home/argershm/180-voltmeter/Analog/cc/synopsys_custom/sim_server/custom_compiler.argershm/stb.gmid.gmid_nfet_3v3.schematic.session4/task1/sim_script1.tcl 1 saeSession2 1 overwrite
[18:12:59.14] /o 
[18:12:59.25] /m Information: Feature 'SynopsysCustomSAE' checked in. (LICENSE-004)
[18:12:59.25] /m Information: Feature 'SynopsysCustomSAE' checked out. (LICENSE-003)
[18:12:59.81] /m Information: "Starting incremental netlisting for design "gmid/gmid_nfet_3v3/schematic"..." (NETLISTING-010)
[18:12:59.81] /o Netlisting
[18:12:59.81] /o Creating output directories
[18:12:59.91] /o No Design Integrity rule violations found in "gmid/gmid_nfet_3v3/schematic"
[18:12:59.91] /o Scanning: gmid/gmid_nfet_3v3/schematic
[18:13:00.10] /o Computing terminal lists
[18:13:00.10] /o Processing terminals of module gmid/gmid_nfet_3v3/schematic
[18:13:00.10] /o Starting netlisting
[18:13:00.14] /m Information: "Netlisting design "gmid/gmid_nfet_3v3/schematic" finished successfully." (NETLISTING-012)
[18:13:00.19] /# Preparing the testbench to netlist Design Parameters:'literalValues //MN0'.
[18:13:00.22] /w Warning: The preference dmDisableLibraryLocking is enabled, which is not safe. (DATA_MANAGEMENT-125)
[18:13:00.32] /m Information: "Starting incremental netlisting for design "temporary_lib/gmid_nfet_3v3/schematic_parameterized"..." (NETLISTING-010)
[18:13:00.32] /o Netlisting
[18:13:00.32] /o Creating output directories
[18:13:00.39] /m Information: 
[18:13:00.39] /o Checking "%OVERLAY/gmid_nfet_3v3/schematic_parameterized"
[18:13:00.39] /o No rule violations found in "%OVERLAY/gmid_nfet_3v3/schematic_parameterized"
[18:13:00.39] /o No Design Integrity rule violations found in "%OVERLAY/gmid_nfet_3v3/schematic_parameterized"
[18:13:00.39] /o Scanning: SNPSOverlay_temporary_lib_gmid_nfet_3v3_schematic_parameterized/gmid_nfet_3v3/schematic_parameterized
[18:13:00.56] /o Computing terminal lists
[18:13:00.56] /o Processing terminals of module SNPSOverlay_temporary_lib_gmid_nfet_3v3_schematic_parameterized/gmid_nfet_3v3/schematic_parameterized
[18:13:00.56] /o Starting netlisting
[18:13:00.57] /o Formatting SNPSOverlay_temporary_lib_gmid_nfet_3v3_schematic_parameterized/gmid_nfet_3v3/schematic_parameterized
[18:13:00.58] /m Information: "SNPSOverlay_temporary_lib_gmid_nfet_3v3_schematic_parameterized gmid_nfet_3v3 schematic_parameterized" renetlisted. (NETLISTING-056)
[18:13:00.58] /m Information: "Netlisting design "temporary_lib/gmid_nfet_3v3/schematic_parameterized" finished successfully." (NETLISTING-012)
[18:13:00.59] /# Composing simulator input file for design "gmid/gmid_nfet_3v3/schematic"...
[18:13:02.20] /# Simulator input file composed successfully for design "gmid/gmid_nfet_3v3/schematic"
[18:13:02.20] /m Information: Save ouputs to /home/argershm/180-voltmeter/Analog/cc/simulation/gmid,gmid_nfet_3v3,schematic/history_1/simulation/PrimeSim_default/PrimeSimSPICE/parametric/results/outputs.tcl for AVA evaluation.
[18:13:02.31] /o 
[18:13:02.49] /o                                          Composing Nominal                                         
[18:13:02.52] /o                        Launching jobs for testbench PrimeSim_default started                       
[18:13:02.52] /# Starting PrimeSimSPICE simulation for design: gmid/gmid_nfet_3v3/schematic
[18:13:02.53] /o                         Creating jobs for testbench PrimeSim_default (0 / 1)                        
[18:13:02.53] /o                           Launching 1 jobs for testbench PrimeSim_default                          
[18:13:03.36] /o                        Launching jobs for testbench PrimeSim_default finished                       
[18:13:03.36] /o 
[18:13:03.53] /m Information: 1 of 2 testbench(es) done. (PW_GUI-714)
[18:13:06.07] /m Information: Job distribution master (saeSession2,PrimeSim_default.Simulation_Simulation session:session1 testbench:PrimeSim_default) : up to 1 job running workers.
[18:13:14.27] /# Simulation completed successfully for design: gmid/gmid_nfet_3v3/schematic  (PW-651)
[18:13:14.28] /# Netlisting and simulation completed for testbench: PrimeSim_default in 15s
[18:13:14.39] /m Information: Jobs distribution master quit! (PW_GUI-822)
[18:13:15.27] /# Evaluating and plotting completed for testbench: PrimeSim_default in 1s
[18:13:15.29] /m Information: 2 of 2 testbench(es) done. (PW_GUI-714)
[18:14:01.47] /o ==== Received Msg ====
              /c len=26 sourceSoc=sock500a53b0 msgIndex=13 rawMsg=evalCmd ::wf::viewerExited
[18:14:01.47] /o 
[18:14:02.94] /o ==== Received Msg ====
              /c len=35 sourceSoc=sock500a53b0 msgIndex=14 rawMsg=evalCmd ::wf::updateViewerLicense 2
[18:14:02.94] /o 
[18:14:22.47] /o ==== Received Msg ====
              /c len=26 sourceSoc=sock500a53b0 msgIndex=15 rawMsg=evalCmd ::wf::viewerExited
[18:14:22.47] /o 
[18:14:23.92] /o ==== Received Msg ====
              /c len=35 sourceSoc=sock500a53b0 msgIndex=16 rawMsg=evalCmd ::wf::updateViewerLicense 2
[18:14:23.92] /o 
[18:14:46.28] /o ==== Received Msg ====
              /c len=26 sourceSoc=sock500a53b0 msgIndex=17 rawMsg=evalCmd ::wf::viewerExited
[18:14:46.28] /o 
[18:14:47.72] /o ==== Received Msg ====
              /c len=35 sourceSoc=sock500a53b0 msgIndex=18 rawMsg=evalCmd ::wf::updateViewerLicense 2
[18:14:47.72] /o 
[18:15:09.69] /o ==== Received Msg ====
              /c len=191 sourceSoc=sock4ddbe400 msgIndex=14 rawMsg=AppendTask /home/argershm/180-voltmeter/Analog/cc/synopsys_custom/sim_server/custom_compiler.argershm/stb.gmid.gmid_nfet_3v3.schematic.session4/task2/sim_script2.tcl 2 saeSession2 1 overwrite
[18:15:09.69] /o 
[18:15:09.72] /m Information: Feature 'SynopsysCustomSAE' checked in. (LICENSE-004)
[18:15:09.73] /m Information: Feature 'SynopsysCustomSAE' checked out. (LICENSE-003)
[18:15:10.28] /m Information: "Starting incremental netlisting for design "gmid/gmid_nfet_3v3/schematic"..." (NETLISTING-010)
[18:15:10.29] /o Netlisting
[18:15:10.29] /o Creating output directories
[18:15:10.37] /o No Design Integrity rule violations found in "gmid/gmid_nfet_3v3/schematic"
[18:15:10.37] /o Scanning: gmid/gmid_nfet_3v3/schematic
[18:15:10.56] /o Computing terminal lists
[18:15:10.56] /o Processing terminals of module gmid/gmid_nfet_3v3/schematic
[18:15:10.56] /o Starting netlisting
[18:15:10.60] /m Information: "Netlisting design "gmid/gmid_nfet_3v3/schematic" finished successfully." (NETLISTING-012)
[18:15:10.65] /# Preparing the testbench to netlist Design Parameters:'literalValues //MN0'.
[18:15:10.68] /w Warning: The preference dmDisableLibraryLocking is enabled, which is not safe. (DATA_MANAGEMENT-125)
[18:15:10.78] /m Information: "Starting incremental netlisting for design "temporary_lib/gmid_nfet_3v3/schematic_parameterized"..." (NETLISTING-010)
[18:15:10.78] /o Netlisting
[18:15:10.78] /o Creating output directories
[18:15:10.85] /m Information: 
[18:15:10.85] /o Checking "%OVERLAY/gmid_nfet_3v3/schematic_parameterized"
[18:15:10.85] /o No rule violations found in "%OVERLAY/gmid_nfet_3v3/schematic_parameterized"
[18:15:10.85] /o No Design Integrity rule violations found in "%OVERLAY/gmid_nfet_3v3/schematic_parameterized"
[18:15:10.85] /o Scanning: SNPSOverlay_temporary_lib_gmid_nfet_3v3_schematic_parameterized/gmid_nfet_3v3/schematic_parameterized
[18:15:11.02] /o Computing terminal lists
[18:15:11.02] /o Processing terminals of module SNPSOverlay_temporary_lib_gmid_nfet_3v3_schematic_parameterized/gmid_nfet_3v3/schematic_parameterized
[18:15:11.02] /o Starting netlisting
[18:15:11.03] /o Formatting SNPSOverlay_temporary_lib_gmid_nfet_3v3_schematic_parameterized/gmid_nfet_3v3/schematic_parameterized
[18:15:11.04] /m Information: "SNPSOverlay_temporary_lib_gmid_nfet_3v3_schematic_parameterized gmid_nfet_3v3 schematic_parameterized" renetlisted. (NETLISTING-056)
[18:15:11.04] /m Information: "Netlisting design "temporary_lib/gmid_nfet_3v3/schematic_parameterized" finished successfully." (NETLISTING-012)
[18:15:11.05] /# Composing simulator input file for design "gmid/gmid_nfet_3v3/schematic"...
[18:15:12.98] /# Simulator input file composed successfully for design "gmid/gmid_nfet_3v3/schematic"
[18:15:12.98] /m Information: Save ouputs to /home/argershm/180-voltmeter/Analog/cc/simulation/gmid,gmid_nfet_3v3,schematic/history_1/simulation/PrimeSim_default/PrimeSimSPICE/parametric/results/outputs.tcl for AVA evaluation.
[18:15:13.11] /o 
[18:15:13.25] /o                                          Composing Nominal                                         
[18:15:13.29] /o                        Launching jobs for testbench PrimeSim_default started                       
[18:15:13.29] /# Starting PrimeSimSPICE simulation for design: gmid/gmid_nfet_3v3/schematic
[18:15:13.29] /o                         Creating jobs for testbench PrimeSim_default (0 / 1)                        
[18:15:13.29] /o                           Launching 1 jobs for testbench PrimeSim_default                          
[18:15:14.12] /o                        Launching jobs for testbench PrimeSim_default finished                       
[18:15:14.12] /o 
[18:15:14.27] /m Information: 2 of 3 testbench(es) done. (PW_GUI-714)
[18:15:17.07] /m Information: Job distribution master (saeSession2,PrimeSim_default.Simulation_Simulation session:session2 testbench:PrimeSim_default) : up to 1 job running workers.
[18:15:25.37] /# Simulation completed successfully for design: gmid/gmid_nfet_3v3/schematic  (PW-651)
[18:15:25.38] /# Netlisting and simulation completed for testbench: PrimeSim_default in 15s
[18:15:25.38] /# Evaluating and plotting outputs...
[18:15:25.51] /m Information: Jobs distribution master quit! (PW_GUI-822)
[18:15:26.09] /# Evaluating and plotting completed for testbench: PrimeSim_default in 1s
[18:15:26.10] /m Information: 3 of 3 testbench(es) done. (PW_GUI-714)
[18:15:43.58] /o ==== Received Msg ====
              /c len=26 sourceSoc=sock4ddbe400 msgIndex=19 rawMsg=evalCmd ::wf::viewerExited
[18:15:43.58] /o 
[18:15:45.08] /o ==== Received Msg ====
              /c len=35 sourceSoc=sock4ddbe400 msgIndex=20 rawMsg=evalCmd ::wf::updateViewerLicense 2
[18:15:45.08] /o 
[18:16:23.68] /o ==== Received Msg ====
              /c len=8 sourceSoc=sock4ddbe400 msgIndex=21 rawMsg=idleExit
[18:16:23.68] /o 
[18:16:23.74] /m Information: Exiting simulation server process. (PW_GUI-984)
[18:16:24.51] /o Shutdown time: Thu Sep  4 18:16:24 2025
[18:16:24.51] /o Elapsed session real time: 6.18 minutes
[18:16:24.51] /o Session terminated. Log is at /home/argershm/180-voltmeter/Analog/cc/synopsys_custom/logs/primewave.argershm.2025_9_4_181012_3952789.log
[18:16:24.52] /e Error: {}
