[18:17:04.50] /o 
              /c                          PrimeWave Design Environment 
              /c 
              /c                Version W-2024.09-SP1-2 for linux64 - Jan 15, 2025
              /c              Based on Custom Infrastructure
              /c Version W-2024.09-SP1-2
              /c 
              /c                     Copyright (c) 2004 - 2025 Synopsys, Inc.
              /c    This software and the associated documentation are proprietary to Synopsys,
              /c  Inc. This software may only be used in accordance with the terms and conditions
              /c  of a written license agreement with Synopsys, Inc. All other use, reproduction,
              /c    or distribution of this software is strictly prohibited.  Licensed Products
              /c      communicate with Synopsys servers for the purpose of providing software
              /c     updates, detecting software piracy and verifying that customers are using
              /c     Licensed Products in conformity with the applicable License Key for such
              /c   Licensed Products. Synopsys will use information gathered in connection with
              /c     this process to deliver software updates and pursue software pirates and
              /c                                    infringers.
              /c 
              /c  Inclusivity & Diversity - Visit SolvNetPlus to read the "Synopsys Statement on
              /c             Inclusivity and Diversity" (Refer to article 000036315 at
              /c                         https://solvnetplus.synopsys.com)
              /c 
              /c Build  (OPT) Config 11252589 compiled on Wed Jan 15 11:01:36 2025 for AlmaLinux 8.4
              /c Invocation: /mnt/apps/public/COE/synopsys_apps/primewave/W-2024.09-SP1-2/linux64/platform/bin/custom_shell -application primewave -gui 0 -uniqueString 424077b79e1069eea5061164a898209ca82bbda58325a9da73eb6ddaf230aa49f93a5ef511cc936be92293988e1809fceb3a93b329461130 -python 0 -log pw_shell_session7_job28 -libDefFile /home/argershm/180-voltmeter/Analog/cc/lib.defs
              /c Execution time: Sat Sep  6 18:17:03 2025
              /c Host: claws-compute3.ece.ncsu.edu
              /c Working directory: /home/argershm/180-voltmeter/Analog/cc
              /c 
[18:17:08.36] /m Information: Registering ICV PERC package...
[18:17:08.75] /m Information: Feature 'SynopsysCustomSAE' checked out. (LICENSE-003)
[18:17:08.75] /i catch {source /tmp/copyScript53088}; ::sa::_backgroundSaeShell::signalProcessReady 1757197021 307650
[18:17:08.75] /o saeInterBGSaeShell:  ::sa::_backgroundSaeShell::processReady 7
[18:17:08.88] /o 
[18:22:09.96] /o saeInterBGSaeShell:  ::sa::_backgroundSaeShell::pingBack
[18:22:09.97] /i ::sa::_backgroundSaeShell::parentRunning
[18:22:09.97] /o false
[18:27:11.16] /o saeInterBGSaeShell:  ::sa::_backgroundSaeShell::pingBack
[18:27:11.27] /i ::sa::_backgroundSaeShell::parentRunning
[18:27:11.27] /o false
[18:28:22.38] /i ::sa::_backgroundSaeShell::exit
[18:28:22.38] /o saeInterBGSaeShell:  ::sa::_backgroundSaeShell::childFormallyExiting
[18:28:23.00] /o Shutdown time: Sat Sep  6 18:28:23 2025
[18:28:23.00] /o Elapsed session real time: 11.31 minutes
[18:28:23.01] /o Session terminated. Log is at /home/argershm/180-voltmeter/Analog/cc/synopsys_custom/logs/primewave.argershm.2025_9_6_181703_2858284.log
