[17:44:16.94] /o 
              /c                          PrimeWave Design Environment 
              /c 
              /c                  Version X-2025.06-1 for linux64 - Jun 19, 2025
              /c                Based on Custom Infrastructure
              /c Version X-2025.06-1
              /c 
              /c                     Copyright (c) 2004 - 2025 Synopsys, Inc.
              /c    This software and the associated documentation are proprietary to Synopsys,
              /c  Inc. This software may only be used in accordance with the terms and conditions
              /c  of a written license agreement with Synopsys, Inc. All other use, reproduction,
              /c    or distribution of this software is strictly prohibited.  Licensed Products
              /c      communicate with Synopsys servers for the purpose of providing software
              /c     updates, detecting software piracy and verifying that customers are using
              /c     Licensed Products in conformity with the applicable License Key for such
              /c   Licensed Products. Synopsys will use information gathered in connection with
              /c     this process to deliver software updates and pursue software pirates and
              /c                                    infringers.
              /c 
              /c  Inclusivity & Diversity - Visit SolvNetPlus to read the "Synopsys Statement on
              /c             Inclusivity and Diversity" (Refer to article 000036315 at
              /c                         https://solvnetplus.synopsys.com)
              /c 
              /c Build  (OPT) Config 11973341 compiled on Thu Jun 19 11:23:12 2025 for CentOS64 7.3
              /c Invocation: /mnt/apps/public/COE/synopsys_apps/customcompiler/X-2025.06-1/linux64/platform/bin/custom_shell -application primewave -gui 0 -uniqueString 424077b79e1069ee5b655962666fee8ed6c7980de498070fc2511cd128a4b2dec1cb7792ad9475425dd30d7ec8b1e946d1122c6190c499e9 -python 0 -log pw_shell_session0_job1 -libDefFile /home/argershm/180-voltmeter/Analog/cc/lib.defs
              /c Execution time: Mon Sep  8 17:44:15 2025
              /c Host: claws-compute3.ece.ncsu.edu
              /c Working directory: /home/argershm/180-voltmeter/Analog/cc
              /c 
[17:44:20.94] /m Information: Registering ICV PERC package...
[17:44:21.17] /o 
[17:44:21.25] /m Information: Feature 'SynopsysCustomSAE' checked out. (LICENSE-003)
[17:44:21.25] /i catch {source /tmp/copyScript36322}; ::sa::_backgroundSaeShell::signalProcessReady 1757367853 3866796
[17:44:21.25] /o saeInterBGSaeShell:  ::sa::_backgroundSaeShell::processReady 8
[17:44:21.38] /i ::wf::updateViewerLicense 2
[17:44:21.38] /i ::wf::updateViewerLicense 2
[17:49:22.66] /o saeInterBGSaeShell:  ::sa::_backgroundSaeShell::pingBack
[17:49:22.75] /i ::sa::_backgroundSaeShell::parentRunning
[17:49:22.75] /o false
[17:54:24.02] /o saeInterBGSaeShell:  ::sa::_backgroundSaeShell::pingBack
[17:54:24.07] /i ::sa::_backgroundSaeShell::parentRunning
[17:54:24.07] /o false
[17:59:25.46] /o saeInterBGSaeShell:  ::sa::_backgroundSaeShell::pingBack
[17:59:25.47] /i ::sa::_backgroundSaeShell::parentRunning
[17:59:25.47] /o false
[18:04:27.18] /o saeInterBGSaeShell:  ::sa::_backgroundSaeShell::pingBack
[18:04:27.37] /i ::sa::_backgroundSaeShell::parentRunning
[18:04:27.37] /o false
[18:05:55.38] /i ::sa::_backgroundSaeShell::exit
[18:05:55.38] /o saeInterBGSaeShell:  ::sa::_backgroundSaeShell::childFormallyExiting
[18:05:56.00] /o Shutdown time: Mon Sep  8 18:05:56 2025
[18:05:56.00] /o Elapsed session real time: 21.66 minutes
[18:05:56.00] /o Session terminated. Log is at /home/argershm/180-voltmeter/Analog/cc/synopsys_custom/logs/primewave.argershm.2025_9_8_174415_3874230.log
