[11:39:46.11] /o 
              /c                          PrimeWave Design Environment 
              /c 
              /c                Version W-2024.09-SP1-2 for linux64 - Jan 15, 2025
              /c              Based on Custom Infrastructure
              /c Version W-2024.09-SP1-2
              /c 
              /c                     Copyright (c) 2004 - 2025 Synopsys, Inc.
              /c    This software and the associated documentation are proprietary to Synopsys,
              /c  Inc. This software may only be used in accordance with the terms and conditions
              /c  of a written license agreement with Synopsys, Inc. All other use, reproduction,
              /c    or distribution of this software is strictly prohibited.  Licensed Products
              /c      communicate with Synopsys servers for the purpose of providing software
              /c     updates, detecting software piracy and verifying that customers are using
              /c     Licensed Products in conformity with the applicable License Key for such
              /c   Licensed Products. Synopsys will use information gathered in connection with
              /c     this process to deliver software updates and pursue software pirates and
              /c                                    infringers.
              /c 
              /c  Inclusivity & Diversity - Visit SolvNetPlus to read the "Synopsys Statement on
              /c             Inclusivity and Diversity" (Refer to article 000036315 at
              /c                         https://solvnetplus.synopsys.com)
              /c 
              /c Build  (OPT) Config 11252589 compiled on Wed Jan 15 11:01:36 2025 for AlmaLinux 8.4
              /c Invocation: /mnt/apps/public/COE/synopsys_apps/primewave/W-2024.09-SP1-2/linux64/platform/bin/custom_shell -application primewave -gui 0 -uniqueString 424077b79e1069eea5061164a898209ca82bbda58325a9da73eb6ddaf230aa49f93a5ef511cc936b0d848d10d19ab67a6da3d9382e5f6d99 -python 0 -log pw_shell_session7_job9 -libDefFile /home/argershm/180-voltmeter/Analog/cc/lib.defs
              /c Execution time: Sat Sep  6 11:39:44 2025
              /c Host: claws-compute3.ece.ncsu.edu
              /c Working directory: /home/argershm/180-voltmeter/Analog/cc
              /c 
[11:39:49.49] /m Information: Registering ICV PERC package...
[11:39:49.79] /m Information: Feature 'SynopsysCustomSAE' checked out. (LICENSE-003)
[11:39:49.80] /i catch {source /tmp/copyScript53088}; ::sa::_backgroundSaeShell::signalProcessReady 1757173182 307650
[11:39:49.80] /o saeInterBGSaeShell:  ::sa::_backgroundSaeShell::processReady 7
[11:39:49.88] /o 
[11:44:51.02] /o saeInterBGSaeShell:  ::sa::_backgroundSaeShell::pingBack
[11:44:51.17] /i ::sa::_backgroundSaeShell::parentRunning
[11:44:51.17] /o false
[11:45:29.37] /i ::sa::_backgroundSaeShell::exit
[11:45:29.37] /o saeInterBGSaeShell:  ::sa::_backgroundSaeShell::childFormallyExiting
[11:45:29.99] /o Shutdown time: Sat Sep  6 11:45:29 2025
[11:45:29.99] /o Elapsed session real time: 5.73 minutes
[11:45:29.99] /o Session terminated. Log is at /home/argershm/180-voltmeter/Analog/cc/synopsys_custom/logs/primewave.argershm.2025_9_6_113944_2145510.log
