[10:51:42.41] /o 
              /c                          PrimeWave Design Environment 
              /c 
              /c                Version W-2024.09-SP1-2 for linux64 - Jan 15, 2025
              /c              Based on Custom Infrastructure
              /c Version W-2024.09-SP1-2
              /c 
              /c                     Copyright (c) 2004 - 2025 Synopsys, Inc.
              /c    This software and the associated documentation are proprietary to Synopsys,
              /c  Inc. This software may only be used in accordance with the terms and conditions
              /c  of a written license agreement with Synopsys, Inc. All other use, reproduction,
              /c    or distribution of this software is strictly prohibited.  Licensed Products
              /c      communicate with Synopsys servers for the purpose of providing software
              /c     updates, detecting software piracy and verifying that customers are using
              /c     Licensed Products in conformity with the applicable License Key for such
              /c   Licensed Products. Synopsys will use information gathered in connection with
              /c     this process to deliver software updates and pursue software pirates and
              /c                                    infringers.
              /c 
              /c  Inclusivity & Diversity - Visit SolvNetPlus to read the "Synopsys Statement on
              /c             Inclusivity and Diversity" (Refer to article 000036315 at
              /c                         https://solvnetplus.synopsys.com)
              /c 
              /c Build  (OPT) Config 11252589 compiled on Wed Jan 15 11:01:36 2025 for AlmaLinux 8.4
              /c Invocation: /mnt/apps/public/COE/synopsys_apps/primewave/W-2024.09-SP1-2/linux64/platform/bin/custom_shell -application primewave -gui 0 -uniqueString 424077b79e1069eea5061164a898209ca82bbda58325a9da73eb6ddaf230aa49f93a5ef511cc936b95f686093471fd0efede8d4aaffe627c -python 0 -log pw_shell_session7_job2 -libDefFile /home/argershm/180-voltmeter/Analog/cc/lib.defs
              /c Execution time: Sat Sep  6 10:51:41 2025
              /c Host: claws-compute3.ece.ncsu.edu
              /c Working directory: /home/argershm/180-voltmeter/Analog/cc
              /c 
[10:51:45.80] /m Information: Registering ICV PERC package...
[10:51:46.13] /m Information: Feature 'SynopsysCustomSAE' checked out. (LICENSE-003)
[10:51:46.13] /i catch {source /tmp/copyScript53088}; ::sa::_backgroundSaeShell::signalProcessReady 1757170298 307650
[10:51:46.14] /o saeInterBGSaeShell:  ::sa::_backgroundSaeShell::processReady 8
[10:51:46.38] /o 
[10:56:47.34] /o saeInterBGSaeShell:  ::sa::_backgroundSaeShell::pingBack
[10:56:47.47] /i ::sa::_backgroundSaeShell::parentRunning
[10:56:47.47] /o false
[11:00:03.37] /i ::sa::_backgroundSaeShell::exit
[11:00:03.37] /o saeInterBGSaeShell:  ::sa::_backgroundSaeShell::childFormallyExiting
[11:00:04.00] /o Shutdown time: Sat Sep  6 11:00:03 2025
[11:00:04.00] /o Elapsed session real time: 8.36 minutes
[11:00:04.00] /o Session terminated. Log is at /home/argershm/180-voltmeter/Analog/cc/synopsys_custom/logs/primewave.argershm.2025_9_6_105141_1963379.log
