[18:27:59.36] /o 
              /c                          PrimeWave Design Environment 
              /c 
              /c                  Version X-2025.06-1 for linux64 - Jun 19, 2025
              /c                Based on Custom Infrastructure
              /c Version X-2025.06-1
              /c 
              /c                     Copyright (c) 2004 - 2025 Synopsys, Inc.
              /c    This software and the associated documentation are proprietary to Synopsys,
              /c  Inc. This software may only be used in accordance with the terms and conditions
              /c  of a written license agreement with Synopsys, Inc. All other use, reproduction,
              /c    or distribution of this software is strictly prohibited.  Licensed Products
              /c      communicate with Synopsys servers for the purpose of providing software
              /c     updates, detecting software piracy and verifying that customers are using
              /c     Licensed Products in conformity with the applicable License Key for such
              /c   Licensed Products. Synopsys will use information gathered in connection with
              /c     this process to deliver software updates and pursue software pirates and
              /c                                    infringers.
              /c 
              /c  Inclusivity & Diversity - Visit SolvNetPlus to read the "Synopsys Statement on
              /c             Inclusivity and Diversity" (Refer to article 000036315 at
              /c                         https://solvnetplus.synopsys.com)
              /c 
              /c Build  (OPT) Config 11973341 compiled on Thu Jun 19 11:23:12 2025 for CentOS64 7.3
              /c Invocation: /mnt/apps/public/COE/synopsys_apps/customcompiler/X-2025.06-1/linux64/platform/bin/custom_shell -application primewave -gui 0 -uniqueString 424077b79e1069ee7feb8e65a0614e5fd6c7980de498070fc2511cd128a4b2dec1cb7792ad947542afa83705ae6c92840fb8c96cad1d0816 -python 0 -log pw_shell_session1_job1 -libDefFile /home/argershm/180-voltmeter/Analog/cc/lib.defs
              /c Execution time: Sun Sep  7 18:27:57 2025
              /c Host: claws-compute3.ece.ncsu.edu
              /c Working directory: /home/argershm/180-voltmeter/Analog/cc
              /c 
[18:28:03.57] /m Information: Registering ICV PERC package...
[18:28:03.80] /o 
[18:28:03.88] /m Information: Feature 'SynopsysCustomSAE' checked out. (LICENSE-003)
[18:28:03.88] /i catch {source /tmp/copyScript90646}; ::sa::_backgroundSaeShell::signalProcessReady 1757284076 3554104
[18:28:03.89] /o saeInterBGSaeShell:  ::sa::_backgroundSaeShell::processReady 7
[18:33:00.37] /i ::sa::_backgroundSaeShell::exit
[18:33:00.37] /o saeInterBGSaeShell:  ::sa::_backgroundSaeShell::childFormallyExiting
[18:33:00.98] /o Shutdown time: Sun Sep  7 18:33:00 2025
[18:33:00.99] /o Elapsed session real time: 5.03 minutes
[18:33:00.99] /o Session terminated. Log is at /home/argershm/180-voltmeter/Analog/cc/synopsys_custom/logs/primewave.argershm.2025_9_7_182757_3573454.log
