[16:02:15.34] /o 
              /c                          PrimeWave Design Environment 
              /c 
              /c                Version W-2024.09-SP1-2 for linux64 - Jan 15, 2025
              /c              Based on Custom Infrastructure
              /c Version W-2024.09-SP1-2
              /c 
              /c                     Copyright (c) 2004 - 2025 Synopsys, Inc.
              /c    This software and the associated documentation are proprietary to Synopsys,
              /c  Inc. This software may only be used in accordance with the terms and conditions
              /c  of a written license agreement with Synopsys, Inc. All other use, reproduction,
              /c    or distribution of this software is strictly prohibited.  Licensed Products
              /c      communicate with Synopsys servers for the purpose of providing software
              /c     updates, detecting software piracy and verifying that customers are using
              /c     Licensed Products in conformity with the applicable License Key for such
              /c   Licensed Products. Synopsys will use information gathered in connection with
              /c     this process to deliver software updates and pursue software pirates and
              /c                                    infringers.
              /c 
              /c  Inclusivity & Diversity - Visit SolvNetPlus to read the "Synopsys Statement on
              /c             Inclusivity and Diversity" (Refer to article 000036315 at
              /c                         https://solvnetplus.synopsys.com)
              /c 
              /c Build  (OPT) Config 11252589 compiled on Wed Jan 15 11:01:36 2025 for AlmaLinux 8.4
              /c Invocation: /mnt/apps/public/COE/synopsys_apps/primewave/W-2024.09-SP1-2/linux64/platform/bin/custom_shell -application primewave -gui 0 -uniqueString 424077b79e1069eea5061164a898209ca82bbda58325a9da73eb6ddaf230aa49f93a5ef511cc936b8af51e9ba459abd672c7fe1504882bd5 -python 0 -log pw_shell_session7_job15 -libDefFile /home/argershm/180-voltmeter/Analog/cc/lib.defs
              /c Execution time: Sat Sep  6 16:02:13 2025
              /c Host: claws-compute3.ece.ncsu.edu
              /c Working directory: /home/argershm/180-voltmeter/Analog/cc
              /c 
[16:02:18.67] /m Information: Registering ICV PERC package...
[16:02:19.02] /m Information: Feature 'SynopsysCustomSAE' checked out. (LICENSE-003)
[16:02:19.02] /i catch {source /tmp/copyScript53088}; ::sa::_backgroundSaeShell::signalProcessReady 1757188932 307650
[16:02:19.02] /o saeInterBGSaeShell:  ::sa::_backgroundSaeShell::processReady 7
[16:02:19.38] /o 
[16:02:39.57] /i ::wf::viewerExited
[16:02:40.83] /i ::wf::updateViewerLicense 2
[16:07:20.22] /o saeInterBGSaeShell:  ::sa::_backgroundSaeShell::pingBack
[16:07:20.27] /i ::sa::_backgroundSaeShell::parentRunning
[16:07:20.27] /o false
[16:12:08.38] /i ::sa::_backgroundSaeShell::exit
[16:12:08.38] /o saeInterBGSaeShell:  ::sa::_backgroundSaeShell::childFormallyExiting
[16:12:09.00] /o Shutdown time: Sat Sep  6 16:12:09 2025
[16:12:09.00] /o Elapsed session real time: 9.9 minutes
[16:12:09.00] /o Session terminated. Log is at /home/argershm/180-voltmeter/Analog/cc/synopsys_custom/logs/primewave.argershm.2025_9_6_160213_2295230.log
