[17:01:31.16] /o 
              /c                          PrimeWave Design Environment 
              /c 
              /c                Version W-2024.09-SP1-2 for linux64 - Jan 15, 2025
              /c              Based on Custom Infrastructure
              /c Version W-2024.09-SP1-2
              /c 
              /c                     Copyright (c) 2004 - 2025 Synopsys, Inc.
              /c    This software and the associated documentation are proprietary to Synopsys,
              /c  Inc. This software may only be used in accordance with the terms and conditions
              /c  of a written license agreement with Synopsys, Inc. All other use, reproduction,
              /c    or distribution of this software is strictly prohibited.  Licensed Products
              /c      communicate with Synopsys servers for the purpose of providing software
              /c     updates, detecting software piracy and verifying that customers are using
              /c     Licensed Products in conformity with the applicable License Key for such
              /c   Licensed Products. Synopsys will use information gathered in connection with
              /c     this process to deliver software updates and pursue software pirates and
              /c                                    infringers.
              /c 
              /c  Inclusivity & Diversity - Visit SolvNetPlus to read the "Synopsys Statement on
              /c             Inclusivity and Diversity" (Refer to article 000036315 at
              /c                         https://solvnetplus.synopsys.com)
              /c 
              /c Build  (OPT) Config 11252589 compiled on Wed Jan 15 11:01:36 2025 for AlmaLinux 8.4
              /c Invocation: /mnt/apps/public/COE/synopsys_apps/primewave/W-2024.09-SP1-2/linux64/platform/bin/custom_shell -application primewave -gui 0 -uniqueString 424077b79e1069eea5061164a898209ca82bbda58325a9da73eb6ddaf230aa49f93a5ef511cc936b576a0cb260e41f6fbf72ad9f99282c6f -python 0 -log pw_shell_session0_job7 -libDefFile /home/argershm/180-voltmeter/Analog/cc/lib.defs
              /c Execution time: Fri Sep  5 17:01:29 2025
              /c Host: claws-compute3.ece.ncsu.edu
              /c Working directory: /home/argershm/180-voltmeter/Analog/cc
              /c 
[17:01:34.52] /m Information: Registering ICV PERC package...
[17:01:34.85] /m Information: Feature 'SynopsysCustomSAE' checked out. (LICENSE-003)
[17:01:34.85] /i catch {source /tmp/copyScript53088}; ::sa::_backgroundSaeShell::signalProcessReady 1757106087 307650
[17:01:34.86] /o saeInterBGSaeShell:  ::sa::_backgroundSaeShell::processReady 7
[17:01:34.88] /o 
[17:02:44.67] /i ::wf::viewerExited
[17:02:45.83] /i ::wf::updateViewerLicense 2
[17:04:03.37] /i ::sa::_backgroundSaeShell::exit
[17:04:03.37] /o saeInterBGSaeShell:  ::sa::_backgroundSaeShell::childFormallyExiting
[17:04:04.01] /o Shutdown time: Fri Sep  5 17:04:04 2025
[17:04:04.01] /o Elapsed session real time: 2.55 minutes
[17:04:04.01] /o Session terminated. Log is at /home/argershm/180-voltmeter/Analog/cc/synopsys_custom/logs/primewave.argershm.2025_9_5_170129_1087276.log
