[17:52:41.57] /o 
              /c                          PrimeWave Design Environment 
              /c 
              /c                Version W-2024.09-SP1-2 for linux64 - Jan 15, 2025
              /c              Based on Custom Infrastructure
              /c Version W-2024.09-SP1-2
              /c 
              /c                     Copyright (c) 2004 - 2025 Synopsys, Inc.
              /c    This software and the associated documentation are proprietary to Synopsys,
              /c  Inc. This software may only be used in accordance with the terms and conditions
              /c  of a written license agreement with Synopsys, Inc. All other use, reproduction,
              /c    or distribution of this software is strictly prohibited.  Licensed Products
              /c      communicate with Synopsys servers for the purpose of providing software
              /c     updates, detecting software piracy and verifying that customers are using
              /c     Licensed Products in conformity with the applicable License Key for such
              /c   Licensed Products. Synopsys will use information gathered in connection with
              /c     this process to deliver software updates and pursue software pirates and
              /c                                    infringers.
              /c 
              /c  Inclusivity & Diversity - Visit SolvNetPlus to read the "Synopsys Statement on
              /c             Inclusivity and Diversity" (Refer to article 000036315 at
              /c                         https://solvnetplus.synopsys.com)
              /c 
              /c Build  (OPT) Config 11252589 compiled on Wed Jan 15 11:01:36 2025 for AlmaLinux 8.4
              /c Invocation: /mnt/apps/public/COE/synopsys_apps/primewave/W-2024.09-SP1-2/linux64/platform/bin/custom_shell -application primewave -gui 0 -uniqueString 424077b79e1069ee007c9cb2fe8bc338d6c7980de498070fc2511cd128a4b2dec1cb7792ad947542755c488791a3da686942389121c2580b -python 0 -log pw_shell_session4_job2 -libDefFile /home/argershm/180-voltmeter/Analog/cc/lib.defs
              /c Execution time: Thu Sep  4 17:52:40 2025
              /c Host: claws-compute3.ece.ncsu.edu
              /c Working directory: /home/argershm/180-voltmeter/Analog/cc
              /c 
[17:52:44.92] /m Information: Registering ICV PERC package...
[17:52:45.23] /m Information: Feature 'SynopsysCustomSAE' checked out. (LICENSE-003)
[17:52:45.23] /i catch {source /tmp/copyScript59184}; ::sa::_backgroundSaeShell::signalProcessReady 1757022758 3878190
[17:52:45.24] /o saeInterBGSaeShell:  ::sa::_backgroundSaeShell::processReady 7
[17:52:45.38] /o 
[17:52:45.38] /i ::sa::_backgroundSaeShell::runScript /home/argershm/180-voltmeter/Analog/cc/simulation/gmid,gmid_nfet_3v3,schematic/history_1/simulation/PrimeSim_default/PrimeSimSPICE/parametric/.bg_measurement_script.tcl 0 sa::_resultsDatabase::saeShellProcessingCompletedProc testSuiteName saeSession2 uniqueSessionName {} testbenchName PrimeSim_default resultsDir /home/argershm/180-voltmeter/Analog/cc/simulation/gmid,gmid_nfet_3v3,schematic/history_1/simulation/PrimeSim_default/PrimeSimSPICE/parametric/results testSuiteDir /home/argershm/180-voltmeter/Analog/cc/simulation/gmid,gmid_nfet_3v3,schematic/history_1/simulation/PrimeSim_default/PrimeSimSPICE/parametric databaseName /home/argershm/180-voltmeter/Analog/cc/simulation/gmid,gmid_nfet_3v3,schematic/history_1/simulation/PrimeSim_default/PrimeSimSPICE/parametric/resultsDatabase remoteRun {} testbenchId 1 saveImages true invokeFrom SIM_DONE
[17:52:45.56] /m Information: Loading preferences from /home/argershm/180-voltmeter/Analog/cc/simulation/gmid,gmid_nfet_3v3,schematic/history_1/simulation/PrimeSim_default/PrimeSimSPICE/parametric/pw_shell_session_prefs.xml
[17:52:45.64] /o Loading: Callback files...
[17:52:45.64] /o 
              /c [INFO] : Loading display.tcl from /mnt/designkits/gf180MCU/dk_ncsu/gf180mcu_cc_0.1/Models_HSPICE
              /c 
              /c  if you wish to Load other display.tcl, please set shell environment valiable "iPDK_load_display_gf180mcu" to value = 0
[17:52:45.64] /o 
[17:52:45.68] /w Warning: Could not set the value of preference xtDRCTool because it does not exist. (PREFERENCE-016)
[17:52:45.68] /w Warning: Could not set the value of preference xtDRCICVRunsetFile because it does not exist. (PREFERENCE-016)
[17:52:45.68] /w Warning: Could not set the value of preference xtDRCICVIncludePaths because it does not exist. (PREFERENCE-016)
[17:52:45.68] /w Warning: Could not set the value of preference xtDRCLayDBFormat because it does not exist. (PREFERENCE-016)
[17:52:45.68] /w Warning: Could not set the value of preference xtLVSTool because it does not exist. (PREFERENCE-016)
[17:52:45.68] /w Warning: Could not set the value of preference xtLVSICVRunsetFile because it does not exist. (PREFERENCE-016)
[17:52:45.68] /w Warning: Could not set the value of preference xtLVSICVIncludePaths because it does not exist. (PREFERENCE-016)
[17:52:45.68] /w Warning: Could not set the value of preference xtLVSLayDBFormat because it does not exist. (PREFERENCE-016)
[17:52:45.68] /w Warning: Could not set the value of preference xtLPELVSTool because it does not exist. (PREFERENCE-016)
[17:52:45.68] /w Warning: Could not set the value of preference xtLPETool because it does not exist. (PREFERENCE-016)
[17:52:45.68] /w Warning: Could not set the value of preference xtLPEOpenParasiticView because it does not exist. (PREFERENCE-016)
[17:52:45.68] /w Warning: Could not set the value of preference xtEMIRLPEStarTcadGrdFile because it does not exist. (PREFERENCE-016)
[17:52:45.68] /o 	#######################################
[17:52:45.68] /o 	CC-PDK Library Name	: gf180MCU Open
[17:52:45.68] /o 	#######################################
[17:52:45.68] /o 
[17:52:45.76] /m Information: Start incremental database creation...
[17:52:45.76] /m Information: Create Iter role param id map
[17:52:45.78] /o saeInterBGSaeShell:  ::sa::_backgroundSaeShell::scriptFinished 0.4 {} sa::_resultsDatabase::saeShellProcessingCompletedProc testSuiteName saeSession2 uniqueSessionName {} testbenchName PrimeSim_default resultsDir /home/argershm/180-voltmeter/Analog/cc/simulation/gmid,gmid_nfet_3v3,schematic/history_1/simulation/PrimeSim_default/PrimeSimSPICE/parametric/results testSuiteDir /home/argershm/180-voltmeter/Analog/cc/simulation/gmid,gmid_nfet_3v3,schematic/history_1/simulation/PrimeSim_default/PrimeSimSPICE/parametric databaseName /home/argershm/180-voltmeter/Analog/cc/simulation/gmid,gmid_nfet_3v3,schematic/history_1/simulation/PrimeSim_default/PrimeSimSPICE/parametric/resultsDatabase remoteRun {} testbenchId 1 saveImages true invokeFrom SIM_DONE
[17:52:45.78] /o false
[17:57:23.37] /i ::sa::_backgroundSaeShell::exit
[17:57:23.37] /o saeInterBGSaeShell:  ::sa::_backgroundSaeShell::childFormallyExiting
[17:57:24.12] /o Shutdown time: Thu Sep  4 17:57:24 2025
[17:57:24.12] /o Elapsed session real time: 4.71 minutes
[17:57:24.12] /o Session terminated. Log is at /home/argershm/180-voltmeter/Analog/cc/synopsys_custom/logs/primewave.argershm.2025_9_4_175240_3939273.log
