[18:45:47.31] /o 
              /c                          PrimeWave Design Environment 
              /c 
              /c                Version W-2024.09-SP1-2 for linux64 - Jan 15, 2025
              /c              Based on Custom Infrastructure
              /c Version W-2024.09-SP1-2
              /c 
              /c                     Copyright (c) 2004 - 2025 Synopsys, Inc.
              /c    This software and the associated documentation are proprietary to Synopsys,
              /c  Inc. This software may only be used in accordance with the terms and conditions
              /c  of a written license agreement with Synopsys, Inc. All other use, reproduction,
              /c    or distribution of this software is strictly prohibited.  Licensed Products
              /c      communicate with Synopsys servers for the purpose of providing software
              /c     updates, detecting software piracy and verifying that customers are using
              /c     Licensed Products in conformity with the applicable License Key for such
              /c   Licensed Products. Synopsys will use information gathered in connection with
              /c     this process to deliver software updates and pursue software pirates and
              /c                                    infringers.
              /c 
              /c  Inclusivity & Diversity - Visit SolvNetPlus to read the "Synopsys Statement on
              /c             Inclusivity and Diversity" (Refer to article 000036315 at
              /c                         https://solvnetplus.synopsys.com)
              /c 
              /c Build  (OPT) Config 11252589 compiled on Wed Jan 15 11:01:36 2025 for AlmaLinux 8.4
              /c Invocation: /mnt/apps/public/COE/synopsys_apps/primewave/W-2024.09-SP1-2/linux64/platform/bin/custom_shell -application primewave -gui 0 -uniqueString 424077b79e1069eea5061164a898209ca82bbda58325a9da73eb6ddaf230aa49f93a5ef511cc936b05532200f3bb66079e4867a5c0a5a2b8 -python 0 -log pw_shell_session0_job13 -libDefFile /home/argershm/180-voltmeter/Analog/cc/lib.defs
              /c Execution time: Fri Sep  5 18:45:45 2025
              /c Host: claws-compute3.ece.ncsu.edu
              /c Working directory: /home/argershm/180-voltmeter/Analog/cc
              /c 
[18:45:51.13] /m Information: Registering ICV PERC package...
[18:45:51.50] /m Information: Feature 'SynopsysCustomSAE' checked out. (LICENSE-003)
[18:45:51.51] /i catch {source /tmp/copyScript53088}; ::sa::_backgroundSaeShell::signalProcessReady 1757112343 307650
[18:45:51.51] /o saeInterBGSaeShell:  ::sa::_backgroundSaeShell::processReady 8
[18:45:51.88] /o 
[18:48:39.07] /i ::wf::viewerExited
[18:50:52.72] /o saeInterBGSaeShell:  ::sa::_backgroundSaeShell::pingBack
[18:50:52.87] /i ::sa::_backgroundSaeShell::parentRunning
[18:50:52.87] /o false
[18:54:21.37] /i ::sa::_backgroundSaeShell::exit
[18:54:21.37] /o saeInterBGSaeShell:  ::sa::_backgroundSaeShell::childFormallyExiting
[18:54:21.98] /o Shutdown time: Fri Sep  5 18:54:21 2025
[18:54:21.98] /o Elapsed session real time: 8.58 minutes
[18:54:21.99] /o Session terminated. Log is at /home/argershm/180-voltmeter/Analog/cc/synopsys_custom/logs/primewave.argershm.2025_9_5_184545_1500981.log
