[18:11:14.37] /o 
              /c                          PrimeWave Design Environment 
              /c 
              /c                Version W-2024.09-SP1-2 for linux64 - Jan 15, 2025
              /c              Based on Custom Infrastructure
              /c Version W-2024.09-SP1-2
              /c 
              /c                     Copyright (c) 2004 - 2025 Synopsys, Inc.
              /c    This software and the associated documentation are proprietary to Synopsys,
              /c  Inc. This software may only be used in accordance with the terms and conditions
              /c  of a written license agreement with Synopsys, Inc. All other use, reproduction,
              /c    or distribution of this software is strictly prohibited.  Licensed Products
              /c      communicate with Synopsys servers for the purpose of providing software
              /c     updates, detecting software piracy and verifying that customers are using
              /c     Licensed Products in conformity with the applicable License Key for such
              /c   Licensed Products. Synopsys will use information gathered in connection with
              /c     this process to deliver software updates and pursue software pirates and
              /c                                    infringers.
              /c 
              /c  Inclusivity & Diversity - Visit SolvNetPlus to read the "Synopsys Statement on
              /c             Inclusivity and Diversity" (Refer to article 000036315 at
              /c                         https://solvnetplus.synopsys.com)
              /c 
              /c Build  (OPT) Config 11252589 compiled on Wed Jan 15 11:01:36 2025 for AlmaLinux 8.4
              /c Invocation: /mnt/apps/public/COE/synopsys_apps/primewave/W-2024.09-SP1-2/linux64/platform/bin/custom_shell -application primewave -gui 0 -uniqueString 424077b79e1069ee007c9cb2fe8bc338d6c7980de498070fc2511cd128a4b2dec1cb7792ad947542f4af2ae66f8dbc56ad891058d57dcdc3 -python 0 -log pw_shell_session4_job4 -libDefFile /home/argershm/180-voltmeter/Analog/cc/lib.defs
              /c Execution time: Thu Sep  4 18:11:12 2025
              /c Host: claws-compute3.ece.ncsu.edu
              /c Working directory: /home/argershm/180-voltmeter/Analog/cc
              /c 
[18:11:18.35] /m Information: Registering ICV PERC package...
[18:11:18.74] /m Information: Feature 'SynopsysCustomSAE' checked out. (LICENSE-003)
[18:11:18.74] /i catch {source /tmp/copyScript59184}; ::sa::_backgroundSaeShell::signalProcessReady 1757023871 3878190
[18:11:18.75] /o saeInterBGSaeShell:  ::sa::_backgroundSaeShell::processReady 7
[18:11:18.88] /o 
[18:14:01.47] /i ::wf::viewerExited
[18:14:02.92] /i ::wf::updateViewerLicense 2
[18:14:22.47] /i ::wf::viewerExited
[18:14:23.91] /i ::wf::updateViewerLicense 2
[18:14:46.27] /i ::wf::viewerExited
[18:14:47.70] /i ::wf::updateViewerLicense 2
[18:15:43.57] /i ::wf::viewerExited
[18:15:45.06] /i ::wf::updateViewerLicense 2
[18:16:19.94] /o saeInterBGSaeShell:  ::sa::_backgroundSaeShell::pingBack
[18:16:20.01] /i ::sa::_backgroundSaeShell::parentRunning
[18:16:20.01] /o false
[18:16:23.67] /i ::sa::_backgroundSaeShell::exit
[18:16:23.67] /o saeInterBGSaeShell:  ::sa::_backgroundSaeShell::childFormallyExiting
[18:16:24.28] /o Shutdown time: Thu Sep  4 18:16:24 2025
[18:16:24.28] /o Elapsed session real time: 5.16 minutes
[18:16:24.28] /o Session terminated. Log is at /home/argershm/180-voltmeter/Analog/cc/synopsys_custom/logs/primewave.argershm.2025_9_4_181112_3954188.log
[18:16:24.29] /i ::wf::viewerExited
