### WaveView ADV log file, revision X-2025.06-1 (build Jun 19, ) ###
### created at 17:44:14 on Mon Sep  8 2025 (Linux AMD64) ###
### Host Name: claws-compute3.ece.ncsu.edu   User ID: argershm   PID: 3873817   ###
wv_start_log
# (0) running in waveview only mode
# (0) SW_SX_PERL_LIB defined
# (0) SW_SX_TCL_LIB defined
# (0) HOME defined
#source {/mnt/apps/public/COE/synopsys_apps/customcompiler/X-2025.06-1/auxx/../packages/swv/packages/SX-SNPSCUST-Link/snps_custom_link.tcl}
#source TCL files from directory {/mnt/apps/public/COE/synopsys_apps/customcompiler/X-2025.06-1/auxx}
#sx_set_data_directory {/home/argershm/180-voltmeter/Analog/cc/simulation/argershm,tb_main_opamp,schematic/simulation/diff_mode_gain/PrimeSimSPICE/nominal/results}#
#[17:47:31.720] I| Setup simulation complete: 
#    results directory: /home/argershm/180-voltmeter/Analog/cc/simulation/argershm,tb_main_opamp,schematic/history_1/simulation/diff_mode_gain/PrimeSimSPICE/nominal/results 
#    post database directory: /home/argershm/180-voltmeter/Analog/cc/simulation/argershm,tb_main_opamp,schematic/history_1/simulation/diff_mode_gain/PrimeSimSPICE/nominal/results
#[17:47:31.760] I| wvpp_output_all start
#[17:47:31.760] I| Open section (null) for /home/argershm/180-voltmeter/Analog/cc/simulation/argershm,tb_main_opamp,schematic/history_1/simulation/diff_mode_gain/PrimeSimSPICE/nominal/results/resultsMap.xml, ref:/home/argershm/180-voltmeter/Analog/cc/simulation/argershm,tb_main_opamp,schematic/history_1/simulation/diff_mode_gain/PrimeSimSPICE/nominal/results/ac.ac
#[17:47:31.770] I| Open section (null) for /home/argershm/180-voltmeter/Analog/cc/simulation/argershm,tb_main_opamp,schematic/history_1/simulation/diff_mode_gain/PrimeSimSPICE/nominal/results/postResultsMap.xml, ref:/home/argershm/180-voltmeter/Analog/cc/simulation/argershm,tb_main_opamp,schematic/history_1/simulation/diff_mode_gain/PrimeSimSPICE/nominal/results/post1.wave
#::wf::_scalarValueDB::scalarValue425818986
#::wf::_scalarValueDB::scalarValue425818986
#[17:47:32.970] I| wvpp_output_all end
wv_resize_browser {WaveView} {} {ac:1} 1018 617
wv_resize_browser {WaveView} {} {ac:1} 1018 616
wv_resize_browser {WaveView} {} {ac:1} 1018 617
#[17:49:53.290] I| Setup simulation complete: 
#    results directory: /home/argershm/180-voltmeter/Analog/cc/simulation/argershm,tb_main_opamp,schematic/history_1/simulation/diff_mode_gain/PrimeSimSPICE/parametric/results 
#    post database directory: /home/argershm/180-voltmeter/Analog/cc/simulation/argershm,tb_main_opamp,schematic/history_1/simulation/diff_mode_gain/PrimeSimSPICE/parametric/results
#[17:49:53.300] I| wvpp_output_all start
#[17:49:53.310] I| Open section (null) for /home/argershm/180-voltmeter/Analog/cc/simulation/argershm,tb_main_opamp,schematic/history_1/simulation/diff_mode_gain/PrimeSimSPICE/parametric/results/resultsMap.xml, ref:/home/argershm/180-voltmeter/Analog/cc/simulation/argershm,tb_main_opamp,schematic/history_1/simulation/diff_mode_gain/PrimeSimSPICE/parametric/L=1u/results/ac.ac
#[17:49:53.360] I| Open section (null) for /home/argershm/180-voltmeter/Analog/cc/simulation/argershm,tb_main_opamp,schematic/history_1/simulation/diff_mode_gain/PrimeSimSPICE/parametric/results/postResultsMap.xml, ref:/home/argershm/180-voltmeter/Analog/cc/simulation/argershm,tb_main_opamp,schematic/history_1/simulation/diff_mode_gain/PrimeSimSPICE/parametric/results/post1.wave
#::wf::_scalarValueDB::scalarValue641098932
#::wf::_scalarValueDB::scalarValue641098932
#[17:49:55.060] I| wvpp_output_all end
wv_resize_browser {WaveView} {} {ac:2} 1018 617
wv_select_tab {WaveView} {} {WVTab} {ac:2}
wv_resize_browser {WaveView} {} {ac:1} 1018 617
wv_select_tab {WaveView} {} {WVTab} {ac:1}
wv_press_tool_button {WaveView} {ac:2} {Waveview.CloseBtn} 
wv_select_dialog {Confirmation} 
wv_close_dialog {Confirmation} 
wv_select_tab {WaveView} {} {WVTab} {ac_sweep:3}
#[17:54:20.250] I| Setup simulation complete: 
#    results directory: /home/argershm/180-voltmeter/Analog/cc/simulation/argershm,tb_main_opamp,schematic/history_1/simulation/diff_mode_gain/PrimeSimSPICE/nominal/results 
#    post database directory: /home/argershm/180-voltmeter/Analog/cc/simulation/argershm,tb_main_opamp,schematic/history_1/simulation/diff_mode_gain/PrimeSimSPICE/nominal/results
#[17:54:20.290] I| wvpp_output_all start
#[17:54:20.290] I| Open section (null) for /home/argershm/180-voltmeter/Analog/cc/simulation/argershm,tb_main_opamp,schematic/history_1/simulation/diff_mode_gain/PrimeSimSPICE/nominal/results/resultsMap.xml, ref:/home/argershm/180-voltmeter/Analog/cc/simulation/argershm,tb_main_opamp,schematic/history_1/simulation/diff_mode_gain/PrimeSimSPICE/nominal/results/ac.ac
#[17:54:20.340] I| Open section (null) for /home/argershm/180-voltmeter/Analog/cc/simulation/argershm,tb_main_opamp,schematic/history_1/simulation/diff_mode_gain/PrimeSimSPICE/nominal/results/postResultsMap.xml, ref:/home/argershm/180-voltmeter/Analog/cc/simulation/argershm,tb_main_opamp,schematic/history_1/simulation/diff_mode_gain/PrimeSimSPICE/nominal/results/post1.wave
#::wf::_scalarValueDB::scalarValue2399038019
#::wf::_scalarValueDB::scalarValue2399038019
#[17:54:20.650] I| wvpp_output_all end
#[17:57:58.710] I| Setup simulation complete: 
#    results directory: /home/argershm/180-voltmeter/Analog/cc/simulation/argershm,tb_main_opamp,schematic/history_1/simulation/diff_mode_gain/PrimeSimSPICE/nominal/results 
#    post database directory: /home/argershm/180-voltmeter/Analog/cc/simulation/argershm,tb_main_opamp,schematic/history_1/simulation/diff_mode_gain/PrimeSimSPICE/nominal/results
#[17:57:58.740] I| wvpp_output_all start
#[17:57:58.740] I| Open section (null) for /home/argershm/180-voltmeter/Analog/cc/simulation/argershm,tb_main_opamp,schematic/history_1/simulation/diff_mode_gain/PrimeSimSPICE/nominal/results/resultsMap.xml, ref:/home/argershm/180-voltmeter/Analog/cc/simulation/argershm,tb_main_opamp,schematic/history_1/simulation/diff_mode_gain/PrimeSimSPICE/nominal/results/ac.ac
#[17:57:58.800] I| Open section (null) for /home/argershm/180-voltmeter/Analog/cc/simulation/argershm,tb_main_opamp,schematic/history_1/simulation/diff_mode_gain/PrimeSimSPICE/nominal/results/postResultsMap.xml, ref:/home/argershm/180-voltmeter/Analog/cc/simulation/argershm,tb_main_opamp,schematic/history_1/simulation/diff_mode_gain/PrimeSimSPICE/nominal/results/post1.wave
#::wf::_scalarValueDB::scalarValue1264145613
#::wf::_scalarValueDB::scalarValue1264145613
#[17:57:59.110] I| wvpp_output_all end
#[18:02:11.270] I| Setup simulation complete: 
#    results directory: /home/argershm/180-voltmeter/Analog/cc/simulation/argershm,tb_main_opamp,schematic/history_1/simulation/diff_mode_gain/PrimeSimSPICE/nominal/results 
#    post database directory: /home/argershm/180-voltmeter/Analog/cc/simulation/argershm,tb_main_opamp,schematic/history_1/simulation/diff_mode_gain/PrimeSimSPICE/nominal/results
#[18:02:11.280] I| wvpp_output_all start
#[18:02:11.280] I| Open section (null) for /home/argershm/180-voltmeter/Analog/cc/simulation/argershm,tb_main_opamp,schematic/history_1/simulation/diff_mode_gain/PrimeSimSPICE/nominal/results/resultsMap.xml, ref:/home/argershm/180-voltmeter/Analog/cc/simulation/argershm,tb_main_opamp,schematic/history_1/simulation/diff_mode_gain/PrimeSimSPICE/nominal/results/ac.ac
#[18:02:11.280] I| Open section (null) for /home/argershm/180-voltmeter/Analog/cc/simulation/argershm,tb_main_opamp,schematic/history_1/simulation/diff_mode_gain/PrimeSimSPICE/nominal/results/postResultsMap.xml, ref:/home/argershm/180-voltmeter/Analog/cc/simulation/argershm,tb_main_opamp,schematic/history_1/simulation/diff_mode_gain/PrimeSimSPICE/nominal/results/post1.wave
#::wf::_scalarValueDB::scalarValue3979239289
#::wf::_scalarValueDB::scalarValue3979239289
#[18:02:11.540] I| wvpp_output_all end
wv_select_waveview 6 {ac}
wv_select_panel WV6.PANEL1:1 4.33136 398.642
wv_drag_item_to WV6 738 70
wv_press_key "v" 743 190
wv_select_waveview 6 {ac}
wv_select_panel WV6.PANEL1:1 -0.035503 12825.9
wv_drag_item_to WV6 122 140
wv_zoom_y WV6.PANEL1:1 12825.9 0.00023484
#[18:04:18.760] I| Setup simulation complete: 
#    results directory: /home/argershm/180-voltmeter/Analog/cc/simulation/argershm,tb_main_opamp,schematic/history_1/simulation/diff_mode_gain/PrimeSimSPICE/nominal/results 
#    post database directory: /home/argershm/180-voltmeter/Analog/cc/simulation/argershm,tb_main_opamp,schematic/history_1/simulation/diff_mode_gain/PrimeSimSPICE/nominal/results
#[18:04:18.770] I| wvpp_output_all start
#[18:04:18.780] I| Open section (null) for /home/argershm/180-voltmeter/Analog/cc/simulation/argershm,tb_main_opamp,schematic/history_1/simulation/diff_mode_gain/PrimeSimSPICE/nominal/results/resultsMap.xml, ref:/home/argershm/180-voltmeter/Analog/cc/simulation/argershm,tb_main_opamp,schematic/history_1/simulation/diff_mode_gain/PrimeSimSPICE/nominal/results/ac.ac
#[18:04:18.820] I| Open section (null) for /home/argershm/180-voltmeter/Analog/cc/simulation/argershm,tb_main_opamp,schematic/history_1/simulation/diff_mode_gain/PrimeSimSPICE/nominal/results/postResultsMap.xml, ref:/home/argershm/180-voltmeter/Analog/cc/simulation/argershm,tb_main_opamp,schematic/history_1/simulation/diff_mode_gain/PrimeSimSPICE/nominal/results/post1.wave
#::wf::_scalarValueDB::scalarValue3703981540
#::wf::_scalarValueDB::scalarValue3703981540
#[18:04:19.090] I| wvpp_output_all end
#[18:04:32.690] I| Setup simulation complete: 
#    results directory: /home/argershm/180-voltmeter/Analog/cc/simulation/argershm,tb_main_opamp,schematic/history_1/simulation/diff_mode_gain/PrimeSimSPICE/nominal/results 
#    post database directory: /home/argershm/180-voltmeter/Analog/cc/simulation/argershm,tb_main_opamp,schematic/history_1/simulation/diff_mode_gain/PrimeSimSPICE/nominal/results
# -history_name
#[18:04:33.930] I| Setup simulation complete: 
#    results directory: /home/argershm/180-voltmeter/Analog/cc/simulation/argershm,tb_main_opamp,schematic/history_1/simulation/diff_mode_gain/PrimeSimSPICE/nominal/results 
#    post database directory: /home/argershm/180-voltmeter/Analog/cc/simulation/argershm,tb_main_opamp,schematic/history_1/simulation/diff_mode_gain/PrimeSimSPICE/nominal/results
#[18:04:33.940] I| wvpp_output_all start
#::wf::_scalarValueDB::scalarValue4013508013
#::wf::_scalarValueDB::scalarValue4013508013
#[18:04:33.170] I| wvpp_output_all end
#[18:05:24.410] I| Setup simulation complete: 
#    results directory: /home/argershm/180-voltmeter/Analog/cc/simulation/argershm,tb_main_opamp,schematic/history_1/simulation/diff_mode_gain/PrimeSimSPICE/nominal/results 
#    post database directory: /home/argershm/180-voltmeter/Analog/cc/simulation/argershm,tb_main_opamp,schematic/history_1/simulation/diff_mode_gain/PrimeSimSPICE/nominal/results
#[18:05:24.420] I| wvpp_output_all start
#[18:05:24.420] I| Open section (null) for /home/argershm/180-voltmeter/Analog/cc/simulation/argershm,tb_main_opamp,schematic/history_1/simulation/diff_mode_gain/PrimeSimSPICE/nominal/results/resultsMap.xml, ref:/home/argershm/180-voltmeter/Analog/cc/simulation/argershm,tb_main_opamp,schematic/history_1/simulation/diff_mode_gain/PrimeSimSPICE/nominal/results/ac.ac
#[18:05:24.430] I| Open section (null) for /home/argershm/180-voltmeter/Analog/cc/simulation/argershm,tb_main_opamp,schematic/history_1/simulation/diff_mode_gain/PrimeSimSPICE/nominal/results/postResultsMap.xml, ref:/home/argershm/180-voltmeter/Analog/cc/simulation/argershm,tb_main_opamp,schematic/history_1/simulation/diff_mode_gain/PrimeSimSPICE/nominal/results/post1.wave
#::wf::_scalarValueDB::scalarValue2058440272
#::wf::_scalarValueDB::scalarValue2058440272
#[18:05:24.750] I| wvpp_output_all end
#[18:06:58.810] I| Setup simulation complete: 
#    results directory: /home/argershm/180-voltmeter/Analog/cc/simulation/argershm,tb_main_opamp,schematic/history_1/simulation/diff_mode_gain/PrimeSimSPICE/nominal/results 
#    post database directory: /home/argershm/180-voltmeter/Analog/cc/simulation/argershm,tb_main_opamp,schematic/history_1/simulation/diff_mode_gain/PrimeSimSPICE/nominal/results
# -history_name
#[18:06:58.900] I| Setup simulation complete: 
#    results directory: /home/argershm/180-voltmeter/Analog/cc/simulation/argershm,tb_main_opamp,schematic/history_1/simulation/diff_mode_gain/PrimeSimSPICE/nominal/results 
#    post database directory: /home/argershm/180-voltmeter/Analog/cc/simulation/argershm,tb_main_opamp,schematic/history_1/simulation/diff_mode_gain/PrimeSimSPICE/nominal/results
#[18:06:58.910] I| wvpp_output_all start
#::wf::_scalarValueDB::scalarValue4253870659
#::wf::_scalarValueDB::scalarValue4253870659
#[18:06:59.140] I| wvpp_output_all end
#[18:21:27.940] I| Setup simulation complete: 
#    results directory: /home/argershm/180-voltmeter/Analog/cc/simulation/argershm,tb_main_opamp,schematic/history_1/simulation/diff_mode_gain/PrimeSimSPICE/nominal/results 
#    post database directory: /home/argershm/180-voltmeter/Analog/cc/simulation/argershm,tb_main_opamp,schematic/history_1/simulation/diff_mode_gain/PrimeSimSPICE/nominal/results
#[18:21:27.950] I| wvpp_output_all start
#[18:21:27.950] I| Open section (null) for /home/argershm/180-voltmeter/Analog/cc/simulation/argershm,tb_main_opamp,schematic/history_1/simulation/diff_mode_gain/PrimeSimSPICE/nominal/results/resultsMap.xml, ref:/home/argershm/180-voltmeter/Analog/cc/simulation/argershm,tb_main_opamp,schematic/history_1/simulation/diff_mode_gain/PrimeSimSPICE/nominal/results/ac.ac
#[18:21:27.000] I| Open section (null) for /home/argershm/180-voltmeter/Analog/cc/simulation/argershm,tb_main_opamp,schematic/history_1/simulation/diff_mode_gain/PrimeSimSPICE/nominal/results/postResultsMap.xml, ref:/home/argershm/180-voltmeter/Analog/cc/simulation/argershm,tb_main_opamp,schematic/history_1/simulation/diff_mode_gain/PrimeSimSPICE/nominal/results/post1.wave
#::wf::_scalarValueDB::scalarValue3205918942
#::wf::_scalarValueDB::scalarValue3205918942
#[18:21:27.310] I| wvpp_output_all end
wv_select_waveview 11 {ac}
wv_select_panel WV11.PANEL1:1 10.5314 848.801
wv_select_panel WV11.PANEL1:1 10.5314 848.801 btnup
wv_select_waveview 11 {ac}
wv_select_panel WV11.PANEL1:1 31.7523 136.801
#[18:29:48.060] I| Setup simulation complete: 
#    results directory: /home/argershm/180-voltmeter/Analog/cc/simulation/argershm,tb_main_opamp,schematic/history_1/simulation/diff_mode_gain/PrimeSimSPICE/nominal/results 
#    post database directory: /home/argershm/180-voltmeter/Analog/cc/simulation/argershm,tb_main_opamp,schematic/history_1/simulation/diff_mode_gain/PrimeSimSPICE/nominal/results
#[18:29:48.070] I| wvpp_output_all start
#[18:29:48.070] I| Open section (null) for /home/argershm/180-voltmeter/Analog/cc/simulation/argershm,tb_main_opamp,schematic/history_1/simulation/diff_mode_gain/PrimeSimSPICE/nominal/results/resultsMap.xml, ref:/home/argershm/180-voltmeter/Analog/cc/simulation/argershm,tb_main_opamp,schematic/history_1/simulation/diff_mode_gain/PrimeSimSPICE/nominal/results/ac.ac
#[18:29:48.140] I| Open section (null) for /home/argershm/180-voltmeter/Analog/cc/simulation/argershm,tb_main_opamp,schematic/history_1/simulation/diff_mode_gain/PrimeSimSPICE/nominal/results/postResultsMap.xml, ref:/home/argershm/180-voltmeter/Analog/cc/simulation/argershm,tb_main_opamp,schematic/history_1/simulation/diff_mode_gain/PrimeSimSPICE/nominal/results/post1.wave
#::wf::_scalarValueDB::scalarValue3205918942
#::wf::_scalarValueDB::scalarValue3205918942
#[18:29:48.450] I| wvpp_output_all end
#sx_exit#
