1757122230.552322: 1767025-7f03fb53e540: cdpl_log.c:337: in cdpl_log_open(): info: @@start_of_log@@
1757122230.552333: 1767025-7f03fb53e540: cdpl_log.c:1058: in cdpl_log_dump_sysinfo(): info: time: 2025/09/05 21:30:30 EDT -0400
1757122230.552335: 1767025-7f03fb53e540: cdpl_log.c:1060: in cdpl_log_dump_sysinfo(): info: version: W-2024.09-SP1-2 
1757122230.552337: 1767025-7f03fb53e540: cdpl_log.c:1062: in cdpl_log_dump_sysinfo(): info: system: Linux 4.18.0-553.69.1.el8_10.x86_64 #1 SMP Thu Aug 7 18:10:00 EDT 2025
1757122230.552338: 1767025-7f03fb53e540: cdpl_log.c:1067: in cdpl_log_dump_sysinfo(): info: processor: x86_64 64-bits
1757122230.552340: 1767025-7f03fb53e540: cdpl_log.c:1071: in cdpl_log_dump_sysinfo(): info: hostname: claws-compute3.ece.ncsu.edu
1757122230.552341: 1767025-7f03fb53e540: cdpl_log.c:1073: in cdpl_log_dump_sysinfo(): info: program name: custom_shell
1757122230.552344: 1767025-7f03fb53e540: cdpl_log.c:340: in cdpl_log_open(): debug: path: /home/argershm/180-voltmeter/Analog/cc/synopsys_custom/pwdp_jobs/saeSession0_diffmodegain.SimulationSimulation_cdpl.2.1767025/logs/master.claws-compute3.ece.ncsu.edu.1767025.log
1757122230.552345: 1767025-7f03fb53e540: cdpl_log.c:341: in cdpl_log_open(): debug: dir: /home/argershm/180-voltmeter/Analog/cc/synopsys_custom/pwdp_jobs/saeSession0_diffmodegain.SimulationSimulation_cdpl.2.1767025/logs
1757122230.552350: 1767025-7f03fb53e540: cdpl_server.c:536: in cdpl_sv_init(): info: new server S2126397327
1757122230.552353: 1767025-7f03fb53e540: cdpl_ipc.c:3475: in cdpl_ipc_init(): info: requesting IPv4 protocol
1757122230.558067: 1767025-7f03fb53e540: cdpl_ipc.c:837: in _selectaddrfamily(): info: selected IPv4 protocol
1757122230.558083: 1767025-7f03fb53e540: cdpl_ipc.c:1139: in _set_keepalive(): info: TCP keep alive interval: 300
1757122230.560866: 1767025-7f03fb53e540: cdpl_monitor.c:1117: in cdpl_mn_new_server(): info: creating server monitor instance
1757122230.560871: 1767025-7f03fb53e540: cdpl_server.c:650: in cdpl_sv_new_master(): info: new master M1
1757122230.560875: 1767025-7f03fb53e540: cdpl_server.c:6533: in cdpl_sv_ctl_master(): info: Setting worker heartbeat to 120 seconds
1757122230.560877: 1767025-7f03fb53e540: cdpl_server.c:6542: in cdpl_sv_ctl_master(): info: Setting worker heartbeat timeout to 3 heartbeats
1757122230.560879: 1767025-7f03fb53e540: cdpl_compat_master.c:2090: in _parse_hostfile(): info: reading hostfile `/home/argershm/180-voltmeter/Analog/cc/synopsys_custom/pwdp_jobs/saeSession0_diffmodegain.SimulationSimulation_cdpl.2.1767025/host_file'
1757122230.560889: 1767025-7f03fb53e540: cdpl_compat_master.c:1900: in _hostfile_parser(): debug: parsing "1     |localhost|   -1  | /tmp | SH | sh"
1757122230.560893: 1767025-7f03fb53e540: cdpl_farm.c:2578: in cdpl_farm_new_sh(): info: creating SH farm on localhost
1757122230.560896: 1767025-7f03fb53e540: cdpl_compat_master.c:206: in _set_farm_env(): info: exporting CDPL_LOGDIR as `/home/argershm/180-voltmeter/Analog/cc/synopsys_custom/pwdp_jobs/saeSession0_diffmodegain.SimulationSimulation_cdpl.2.1767025/logs'
1757122230.560898: 1767025-7f03fb53e540: cdpl_compat_master.c:212: in _set_farm_env(): info: exporting CDPL_TMPDIR as `/tmp'
1757122230.560899: 1767025-7f03fb53e540: cdpl_compat_master.c:235: in _set_farm_env(): info: exporting SNPSLMD_LICENSE_FILE as `27000@ece-lic-35.ece.ncsu.edu'
1757122230.560901: 1767025-7f03fb53e540: cdpl_compat_master.c:259: in _set_farm_env(): info: exporting CDPL_OPTIONS as `[nowlogs]'
1757122230.560903: 1767025-7f03fb53e540: cdpl_compat_master.c:266: in _set_farm_env(): info: exporting DISPLAY as `unix:13656'
1757122230.560904: 1767025-7f03fb53e540: cdpl_compat_master.c:274: in _set_farm_env(): info: exporting CDPL_HEARTBEAT as `120'
1757122230.560907: 1767025-7f03fb53e540: cdpl_farm.c:3149: in cdpl_farm_add_withdir(): debug: added `localhost' (capacity: unlimited)
1757122230.560909: 1767025-7f03fb53e540: cdpl_compat_parse.c:147: in parsefile(): debug: read `/home/argershm/180-voltmeter/Analog/cc/synopsys_custom/pwdp_jobs/saeSession0_diffmodegain.SimulationSimulation_cdpl.2.1767025/host_file', 2 lines
1757122230.560915: 1767025-7f03fb53e540: cdpl_compat_master.c:2931: in cdplInitMaster(): info: bcast dir is `/home/argershm/180-voltmeter/Analog/cc/synopsys_custom/pwdp_jobs/saeSession0_diffmodegain.SimulationSimulation_cdpl.2.1767025/logs'
1757122230.560943: 1767025-7f03fb53e540: cdpl_server.c:6433: in cdpl_sv_ctl_master(): info: farm worker timeout set to 300
1757122230.560945: 1767025-7f03fb53e540: cdpl_server.c:6486: in cdpl_sv_ctl_master(): info: maximum number of task execution attempts set to 1
1757122230.560948: 1767025-7f03fb53e540: cdpl_server.c:3195: in cdpl_sv_start(): debug: starting server
1757122230.560950: 1767025-7f03fb53e540: cdpl_ipc.c:3632: in cdpl_ipc_start(): debug: starting IPC server 152.14.98.53:37611
1757122230.561122: 1767025-7f03b7ac6700: cdpl_server_ipc.c:1182: in _sv_ipc_thread(): debug: ready
1757122230.561166: 1767025-7f03a6ffd700: cdpl_monitor.c:426: in cdpl_mn_init_client(): info: creating client monitor instance
1757122230.561187: 1767025-7f03a6ffd700: cdpl_ipc.c:3475: in cdpl_ipc_init(): info: requesting IPv4 protocol
1757122230.565090: 1767025-7f03a6ffd700: cdpl_ipc.c:837: in _selectaddrfamily(): info: selected IPv4 protocol
1757122230.565113: 1767025-7f03a6ffd700: cdpl_ipc.c:1139: in _set_keepalive(): info: TCP keep alive interval: 300
1757122230.569552: 1767025-7f03a6ffd700: cdpl_ipc.c:3632: in cdpl_ipc_start(): debug: starting IPC server 152.14.98.53:39031
1757122230.569675: 1767025-7f03a6ffd700: cdpl_monitor.c:471: in cdpl_mn_init_client(): debug: incoming messages in /tmp/cdpl-monitor-ofua0Y
1757122230.569795: 1767025-7f03a6ffd700: cdpl_monitor.c:533: in cdpl_mn_connect(): debug: connecting to 152.14.98.53:37611
1757122230.569797: 1767025-7f03a6ffd700: cdpl_ipc.c:3789: in cdpl_ipc_connect(): info: connecting to 152.14.98.53:37611
1757122230.569855: 1767025-7f03a6ffd700: cdpl_ipc.c:3860: in cdpl_ipc_connect(): info: connected as `152.14.98.53:35782'
1757122230.569859: 1767025-7f03a6ffd700: cdpl_ipc.c:2503: in cdpl_ipc_host_accept(): debug: accepted host `152.14.98.53:37611'
1757122230.569864: 1767025-7f03a6ffd700: cdpl_monitor.c:579: in cdpl_mn_connect(): debug: ok
1757122230.569874: 1767025-7f03fb53e540: cdpl_server.c:731: in cdpl_sv_new_job(): info: new job J1 in M1
1757122230.569882: 1767025-7f03fb53e540: cdpl_compat_master.c:1581: in _add_worker(): info: new worker type 10, min:1, max:3, cmd:`/home/argershm/180-voltmeter/Analog/cc/synopsys_custom/pwdp_jobs/saeSession0_diffmodegain.SimulationSimulation_cdpl.2.1767025/START_WORKER pw_worker -i /home/argershm/180-voltmeter/Analog/cc/synopsys_custom/pwdp_jobs
1757122230.569886: 1767025-7f03fb53e540: cdpl_server.c:908: in cdpl_sv_new_bin_withfarm(): info: new bin B1 in J1
1757122230.569892: 1767025-7f03b72c5700: cdpl_ipc.c:1862: in _epoll_accept(): debug: new connection from `152.14.98.53:35782'
1757122230.569919: 1767025-7f03b7ac6700: cdpl_server_ipc.c:1225: in _sv_ipc_thread(): debug: received ACCEPT notification
1757122230.569931: 1767025-7f03b7ac6700: cdpl_ipc.c:2503: in cdpl_ipc_host_accept(): debug: accepted host `152.14.98.53:35782'
1757122230.569942: 1767025-7f03b7ac6700: cdpl_server_ipc.c:1256: in _sv_ipc_thread(): debug: received MONITOR message
1757122230.570028: 1767025-7f03b7ac6700: cdpl_monitor.c:1207: in cdpl_mn_accept(): debug: accepted monitor `152.14.98.53:35782'
1757122230.570039: 1767025-7f03b7ac6700: cdpl_server_ipc_mon.c:120: in _globalLOCK(): debug: ENTERTING GLOBAL LOCK
1757122230.570043: 1767025-7f03b7ac6700: cdpl_server_ipc_mon.c:164: in _globalLOCK(): debug: global lock acquired
1757122230.570046: 1767025-7f03b5ac2700: cdpl_monitor.c:910: in mn_systat(): debug: started
1757122230.570269: 1767025-7f03b5ac2700: cdpl_monitor.c:937: in mn_systat(): debug: monitor server flush rate: 5
1757122231.377483: 1767025-7f03b7ac6700: cdpl_server_ipc_mon.c:210: in _globalUNLOCK(): debug: LEAVING GLOBAL LOCK
1757122231.377517: 1767025-7f03fb53e540: cdpl_server.c:3249: in cdpl_sv_start_job(): info: starting job J1
1757122231.377536: 1767025-7f03fb53e540: cdpl_server.c:62: in _sv_start_bin(): debug: starting bin B1 (min: 0, max: 3)
1757122231.377704: 1767025-7f03fb53e540: cdpl_server.c:1893: in _sv_gen_task(): info: new task T0 in B1 (prio 0)
1757122231.377712: 1767025-7f03a7fff700: cdpl_server_sched.c:2482: in _sv_scheduler_thread(): debug: scheduler for bin B1 started
1757122231.377729: 1767025-7f03fb53e540: cdpl_server.c:2698: in cdpl_sv_label_task_va(): info: setting task T0 label to "PrimeSim_5|PrimeSim"
1757122231.377740: 1767025-7f03a7fff700: cdpl_server_sched.c:2443: in _scheduler_run(): debug: will start a new worker
1757122231.377751: 1767025-7f03a7fff700: cdpl_farm.c:3977: in cdpl_farm_submit(): debug: 1 running processes
1757122231.377754: 1767025-7f03a7fff700: cdpl_farm.c:3985: in cdpl_farm_submit(): debug: new command C1 in bin B1 assigned to host `localhost'
1757122231.377825: 1767025-7f03a7fff700: cdpl_server_sched.c:705: in _sv_launch_worker(): info: started worker W1 (as C1) in bin B1
1757122231.377850: 1767025-7f03a77fe700: cdpl_farm.c:2139: in _schedule(): debug: started
1757122231.377858: 1767025-7f03a77fe700: cdpl_farm.c:2303: in _schedule(): debug: submitting command C1 in bin B1
1757122231.377863: 1767025-7f03a77fe700: cdpl_sh.c:49: in _sh_detached_submit(): info: SH : /home/argershm/180-voltmeter/Analog/cc/synopsys_custom/pwdp_jobs/saeSession0_diffmodegain.SimulationSimulation_cdpl.2.1767025/START_WORKER pw_worker -i /home/argershm/180-voltmeter/Analog/cc/synopsys_custom/pwdp_jobs/saeSession0_diffmodegain.SimulationSimulation_cdpl.2.1767025 -t 10000
1757122231.386137: 1767025-7f03a77fe700: cdpl_farm.c:2343: in _schedule(): debug: C1 in bin B1 running on slot 0
1757122231.386158: 1767025-7f03a77fe700: cdpl_farm.c:2167: in _schedule(): debug: idle
1757122231.386405: 1767025-7f03fb53e540: cdpl_server.c:1893: in _sv_gen_task(): info: new task T1 in B1 (prio 0)
1757122231.386424: 1767025-7f03fb53e540: cdpl_server.c:2698: in cdpl_sv_label_task_va(): info: setting task T1 label to "PrimeSim_6|PrimeSim"
1757122231.386470: 1767025-7f03a7fff700: cdpl_server_sched.c:2443: in _scheduler_run(): debug: will start a new worker
1757122231.386487: 1767025-7f03a7fff700: cdpl_farm.c:3977: in cdpl_farm_submit(): debug: 2 running processes
1757122231.386497: 1767025-7f03a7fff700: cdpl_farm.c:3985: in cdpl_farm_submit(): debug: new command C2 in bin B1 assigned to host `localhost'
1757122231.386504: 1767025-7f03a7fff700: cdpl_server_sched.c:705: in _sv_launch_worker(): info: started worker W2 (as C2) in bin B1
1757122231.386509: 1767025-7f03a77fe700: cdpl_farm.c:2231: in _schedule(): debug: end of idling
1757122231.386513: 1767025-7f03a77fe700: cdpl_farm.c:2303: in _schedule(): debug: submitting command C2 in bin B1
1757122231.386517: 1767025-7f03a77fe700: cdpl_sh.c:49: in _sh_detached_submit(): info: SH : /home/argershm/180-voltmeter/Analog/cc/synopsys_custom/pwdp_jobs/saeSession0_diffmodegain.SimulationSimulation_cdpl.2.1767025/START_WORKER pw_worker -i /home/argershm/180-voltmeter/Analog/cc/synopsys_custom/pwdp_jobs/saeSession0_diffmodegain.SimulationSimulation_cdpl.2.1767025 -t 10000
1757122231.390680: 1767025-7f03a77fe700: cdpl_farm.c:2343: in _schedule(): debug: C2 in bin B1 running on slot 1
1757122231.390703: 1767025-7f03a77fe700: cdpl_farm.c:2167: in _schedule(): debug: idle
1757122231.391189: 1767025-7f03fb53e540: cdpl_server.c:1893: in _sv_gen_task(): info: new task T2 in B1 (prio 0)
1757122231.391205: 1767025-7f03fb53e540: cdpl_server.c:2698: in cdpl_sv_label_task_va(): info: setting task T2 label to "PrimeSim_7|PrimeSim"
1757122231.391235: 1767025-7f03a7fff700: cdpl_server_sched.c:2443: in _scheduler_run(): debug: will start a new worker
1757122231.391249: 1767025-7f03a7fff700: cdpl_farm.c:3977: in cdpl_farm_submit(): debug: 3 running processes
1757122231.391257: 1767025-7f03a7fff700: cdpl_farm.c:3985: in cdpl_farm_submit(): debug: new command C3 in bin B1 assigned to host `localhost'
1757122231.391265: 1767025-7f03a7fff700: cdpl_server_sched.c:705: in _sv_launch_worker(): info: started worker W3 (as C3) in bin B1
1757122231.391270: 1767025-7f03a77fe700: cdpl_farm.c:2231: in _schedule(): debug: end of idling
1757122231.391279: 1767025-7f03a77fe700: cdpl_farm.c:2303: in _schedule(): debug: submitting command C3 in bin B1
1757122231.391282: 1767025-7f03a77fe700: cdpl_sh.c:49: in _sh_detached_submit(): info: SH : /home/argershm/180-voltmeter/Analog/cc/synopsys_custom/pwdp_jobs/saeSession0_diffmodegain.SimulationSimulation_cdpl.2.1767025/START_WORKER pw_worker -i /home/argershm/180-voltmeter/Analog/cc/synopsys_custom/pwdp_jobs/saeSession0_diffmodegain.SimulationSimulation_cdpl.2.1767025 -t 10000
1757122231.394731: 1767025-7f03a77fe700: cdpl_farm.c:2343: in _schedule(): debug: C3 in bin B1 running on slot 2
1757122231.394753: 1767025-7f03a77fe700: cdpl_farm.c:2167: in _schedule(): debug: idle
1757122231.694821: 1767025-7f03a77fe700: cdpl_farm.c:1193: in _onexit(): debug: C1 in bin B1 exited normally on slot 0
1757122231.694837: 1767025-7f03a77fe700: cdpl_farm.c:1193: in _onexit(): debug: C2 in bin B1 exited normally on slot 1
1757122231.694843: 1767025-7f03a77fe700: cdpl_farm.c:1193: in _onexit(): debug: C3 in bin B1 exited normally on slot 2
1757122232.490514: 1767025-7f03b52c1700: cdpl_compat_master.c:5948: in cdplMasterLogInfo(): info: [non-CDPL log entry] PWDP - no-workers started ok check start!
1757122233.195621: 1767025-7f03b72c5700: cdpl_ipc.c:1862: in _epoll_accept(): debug: new connection from `152.14.98.53:35788'
1757122233.195664: 1767025-7f03b7ac6700: cdpl_server_ipc.c:1225: in _sv_ipc_thread(): debug: received ACCEPT notification
1757122233.195681: 1767025-7f03b7ac6700: cdpl_ipc.c:2503: in cdpl_ipc_host_accept(): debug: accepted host `152.14.98.53:35788'
1757122233.195732: 1767025-7f03b7ac6700: cdpl_server_ipc.c:1246: in _sv_ipc_thread(): debug: received HELLO message
1757122233.195735: 1767025-7f03b7ac6700: cdpl_server_ipc.c:430: in _sv_on_hello(): debug: looking up W3
1757122233.195738: 1767025-7f03b7ac6700: cdpl_server_ipc.c:540: in _sv_on_hello(): info: W3 is `152.14.98.53:35788'
1757122233.195741: 1767025-7f03b7ac6700: cdpl_server_ipc.c:541: in _sv_on_hello(): debug: hello W3 (B1)
1757122233.195742: 1767025-7f03b7ac6700: cdpl_server_ipc.c:542: in _sv_on_hello(): info: W3 log file is /dev/null
1757122233.195756: 1767025-7f03b7ac6700: cdpl_server_ipc.c:602: in _sv_on_hello(): info: up to 1 alive workers in B1
1757122233.195761: 1767025-7f03b7ac6700: cdpl_farm.c:878: in _release_cmd(): debug: freeing command C3 in bin B1
1757122233.195786: 1767025-7f03a7fff700: cdpl_server_sched.c:960: in _assign(): info: assigning task T0 to worker W3
1757122233.197912: 1767025-7f03b72c5700: cdpl_ipc.c:1862: in _epoll_accept(): debug: new connection from `152.14.98.53:35790'
1757122233.197939: 1767025-7f03b7ac6700: cdpl_server_ipc.c:1225: in _sv_ipc_thread(): debug: received ACCEPT notification
1757122233.197948: 1767025-7f03b7ac6700: cdpl_ipc.c:2503: in cdpl_ipc_host_accept(): debug: accepted host `152.14.98.53:35790'
1757122233.198054: 1767025-7f03b7ac6700: cdpl_server_ipc.c:1246: in _sv_ipc_thread(): debug: received HELLO message
1757122233.198063: 1767025-7f03b7ac6700: cdpl_server_ipc.c:430: in _sv_on_hello(): debug: looking up W1
1757122233.198066: 1767025-7f03b7ac6700: cdpl_server_ipc.c:540: in _sv_on_hello(): info: W1 is `152.14.98.53:35790'
1757122233.198068: 1767025-7f03b7ac6700: cdpl_server_ipc.c:541: in _sv_on_hello(): debug: hello W1 (B1)
1757122233.198070: 1767025-7f03b7ac6700: cdpl_server_ipc.c:542: in _sv_on_hello(): info: W1 log file is /dev/null
1757122233.198078: 1767025-7f03b7ac6700: cdpl_server_ipc.c:602: in _sv_on_hello(): info: up to 2 alive workers in B1
1757122233.198083: 1767025-7f03b7ac6700: cdpl_farm.c:878: in _release_cmd(): debug: freeing command C1 in bin B1
1757122233.198096: 1767025-7f03a7fff700: cdpl_server_sched.c:960: in _assign(): info: assigning task T1 to worker W1
1757122233.198152: 1767025-7f03b72c5700: cdpl_ipc.c:1862: in _epoll_accept(): debug: new connection from `152.14.98.53:35802'
1757122233.198169: 1767025-7f03b7ac6700: cdpl_server_ipc.c:1225: in _sv_ipc_thread(): debug: received ACCEPT notification
1757122233.198177: 1767025-7f03b7ac6700: cdpl_ipc.c:2503: in cdpl_ipc_host_accept(): debug: accepted host `152.14.98.53:35802'
1757122233.198236: 1767025-7f03b7ac6700: cdpl_server_ipc.c:1246: in _sv_ipc_thread(): debug: received HELLO message
1757122233.198238: 1767025-7f03b7ac6700: cdpl_server_ipc.c:430: in _sv_on_hello(): debug: looking up W2
1757122233.198241: 1767025-7f03b7ac6700: cdpl_server_ipc.c:540: in _sv_on_hello(): info: W2 is `152.14.98.53:35802'
1757122233.198242: 1767025-7f03b7ac6700: cdpl_server_ipc.c:541: in _sv_on_hello(): debug: hello W2 (B1)
1757122233.198244: 1767025-7f03b7ac6700: cdpl_server_ipc.c:542: in _sv_on_hello(): info: W2 log file is /dev/null
1757122233.198248: 1767025-7f03b7ac6700: cdpl_server_ipc.c:602: in _sv_on_hello(): info: up to 3 alive workers in B1
1757122233.198251: 1767025-7f03b7ac6700: cdpl_farm.c:878: in _release_cmd(): debug: freeing command C2 in bin B1
1757122233.198258: 1767025-7f03a7fff700: cdpl_server_sched.c:960: in _assign(): info: assigning task T2 to worker W2
1757122233.259359: 1767025-7f03b7ac6700: cdpl_server_ipc.c:1268: in _sv_ipc_thread(): debug: received RELAY message
1757122233.259368: 1767025-7f03b7ac6700: cdpl_server_ipc.c:713: in _sv_on_relay(): debug: RELAY message from W3, size = 65
1757122233.259371: 1767025-7f03b7ac6700: cdpl_server_ipc.c:715: in _sv_on_relay(): debug: RELAY message from W3, content = 0$1796978 claws-compute3.ece.ncsu.edu 1797018 RUNNING 1757122233
1757122233.262530: 1767025-7f03b7ac6700: cdpl_server_ipc.c:1268: in _sv_ipc_thread(): debug: received RELAY message
1757122233.262533: 1767025-7f03b7ac6700: cdpl_server_ipc.c:713: in _sv_on_relay(): debug: RELAY message from W1, size = 65
1757122233.262535: 1767025-7f03b7ac6700: cdpl_server_ipc.c:715: in _sv_on_relay(): debug: RELAY message from W1, content = 1$1796979 claws-compute3.ece.ncsu.edu 1797019 RUNNING 1757122233
1757122233.262866: 1767025-7f03b7ac6700: cdpl_server_ipc.c:1268: in _sv_ipc_thread(): debug: received RELAY message
1757122233.262868: 1767025-7f03b7ac6700: cdpl_server_ipc.c:713: in _sv_on_relay(): debug: RELAY message from W2, size = 65
1757122233.262870: 1767025-7f03b7ac6700: cdpl_server_ipc.c:715: in _sv_on_relay(): debug: RELAY message from W2, content = 2$1796980 claws-compute3.ece.ncsu.edu 1797020 RUNNING 1757122233
1757122234.196056: 1767025-7f03b7ac6700: cdpl_server_ipc.c:312: in _sv_on_heartbeat(): debug: received HEARTBEAT from worker W3 at 152.14.98.53:35788
1757122234.198253: 1767025-7f03b7ac6700: cdpl_server_ipc.c:312: in _sv_on_heartbeat(): debug: received HEARTBEAT from worker W1 at 152.14.98.53:35790
1757122234.198515: 1767025-7f03b7ac6700: cdpl_server_ipc.c:312: in _sv_on_heartbeat(): debug: received HEARTBEAT from worker W2 at 152.14.98.53:35802
1757122235.570899: 1767025-7f03a6ffd700: cdpl_monitor.c:533: in cdpl_mn_connect(): debug: connecting to 152.14.98.53:45769
1757122235.570910: 1767025-7f03a6ffd700: cdpl_ipc.c:3789: in cdpl_ipc_connect(): info: connecting to 152.14.98.53:45769
1757122235.571050: 1767025-7f03a6ffd700: cdpl_ipc.c:3860: in cdpl_ipc_connect(): info: connected as `152.14.98.53:45820'
1757122235.571059: 1767025-7f03a6ffd700: cdpl_ipc.c:2503: in cdpl_ipc_host_accept(): debug: accepted host `152.14.98.53:45769'
1757122235.571064: 1767025-7f03a6ffd700: cdpl_monitor.c:579: in cdpl_mn_connect(): debug: ok
1757122235.571071: 1767025-7f03a6ffd700: cdpl_monitor.c:533: in cdpl_mn_connect(): debug: connecting to 152.14.98.53:40251
1757122235.571073: 1767025-7f03a6ffd700: cdpl_ipc.c:3789: in cdpl_ipc_connect(): info: connecting to 152.14.98.53:40251
1757122235.571115: 1767025-7f03a6ffd700: cdpl_ipc.c:3860: in cdpl_ipc_connect(): info: connected as `152.14.98.53:48268'
1757122235.571119: 1767025-7f03a6ffd700: cdpl_ipc.c:2503: in cdpl_ipc_host_accept(): debug: accepted host `152.14.98.53:40251'
1757122235.571121: 1767025-7f03a6ffd700: cdpl_monitor.c:579: in cdpl_mn_connect(): debug: ok
1757122235.571124: 1767025-7f03a6ffd700: cdpl_monitor.c:533: in cdpl_mn_connect(): debug: connecting to 152.14.98.53:44235
1757122235.571126: 1767025-7f03a6ffd700: cdpl_ipc.c:3789: in cdpl_ipc_connect(): info: connecting to 152.14.98.53:44235
1757122235.571164: 1767025-7f03a6ffd700: cdpl_ipc.c:3860: in cdpl_ipc_connect(): info: connected as `152.14.98.53:36898'
1757122235.571170: 1767025-7f03a6ffd700: cdpl_ipc.c:2503: in cdpl_ipc_host_accept(): debug: accepted host `152.14.98.53:44235'
1757122235.571172: 1767025-7f03a6ffd700: cdpl_monitor.c:579: in cdpl_mn_connect(): debug: ok
1757122239.665252: 1767025-7f03b7ac6700: cdpl_server_ipc.c:1268: in _sv_ipc_thread(): debug: received RELAY message
1757122239.665269: 1767025-7f03b7ac6700: cdpl_server_ipc.c:713: in _sv_on_relay(): debug: RELAY message from W1, size = 53
1757122239.665272: 1767025-7f03b7ac6700: cdpl_server_ipc.c:715: in _sv_on_relay(): debug: RELAY message from W1, content = WORKERDU|12932,/dev/mapper/rhel_claws--compute3-home
1757122239.665278: 1767025-7f03b7ac6700: cdpl_server_ipc.c:1268: in _sv_ipc_thread(): debug: received RELAY message
1757122239.665280: 1767025-7f03b7ac6700: cdpl_server_ipc.c:713: in _sv_on_relay(): debug: RELAY message from W1, size = 196
1757122239.665282: 1767025-7f03b7ac6700: cdpl_server_ipc.c:715: in _sv_on_relay(): debug: RELAY message from W1, content = REQPILOT|saeSession0,1,diff_mode_gain|&/home/argershm/180-voltmeter/Analog/cc/simulation/integrator,tb_main_opamp,schematic/history_1/simulation/diff_mode_gain/PrimeSimSPICE/parametric/results|&1
1757122239.665313: 1767025-7f03b62c3700: cdpl_compat_master.c:5948: in cdplMasterLogInfo(): info: [non-CDPL log entry] PWDP send back 'DOPILOT' to worker id:1 key: saeSession0,1,diff_mode_gain|&/home/argershm/180-voltmeter/Analog/cc/simulation/integrator,tb_main_opamp,schematic/history_1/simulation/diff_mode_gain/PrimeSimSPICE/parametric/results
1757122239.665447: 1767025-7f03b62c3700: cdpl_compat_master.c:5948: in cdplMasterLogInfo(): info: [non-CDPL log entry] PWDP: set pilot doing!
1757122239.668642: 1767025-7f03b7ac6700: cdpl_server_ipc.c:1268: in _sv_ipc_thread(): debug: received RELAY message
1757122239.668650: 1767025-7f03b7ac6700: cdpl_server_ipc.c:713: in _sv_on_relay(): debug: RELAY message from W1, size = 192
1757122239.668652: 1767025-7f03b7ac6700: cdpl_server_ipc.c:715: in _sv_on_relay(): debug: RELAY message from W1, content = PILOTOK|saeSession0,1,diff_mode_gain|&/home/argershm/180-voltmeter/Analog/cc/simulation/integrator,tb_main_opamp,schematic/history_1/simulation/diff_mode_gain/PrimeSimSPICE/parametric/results
1757122239.668672: 1767025-7f03b62c3700: cdpl_compat_master.c:5948: in cdplMasterLogInfo(): info: [non-CDPL log entry] PWDP: set pilot done!
1757122239.668735: 1767025-7f03b7ac6700: cdpl_server_ipc.c:1268: in _sv_ipc_thread(): debug: received RELAY message
1757122239.668738: 1767025-7f03b7ac6700: cdpl_server_ipc.c:713: in _sv_on_relay(): debug: RELAY message from W1, size = 18
1757122239.668739: 1767025-7f03b7ac6700: cdpl_server_ipc.c:715: in _sv_on_relay(): debug: RELAY message from W1, content = 1$- - - MEASDOING
1757122239.670087: 1767025-7f03b7ac6700: cdpl_server_ipc.c:1268: in _sv_ipc_thread(): debug: received RELAY message
1757122239.670095: 1767025-7f03b7ac6700: cdpl_server_ipc.c:713: in _sv_on_relay(): debug: RELAY message from W3, size = 53
1757122239.670097: 1767025-7f03b7ac6700: cdpl_server_ipc.c:715: in _sv_on_relay(): debug: RELAY message from W3, content = WORKERDU|12932,/dev/mapper/rhel_claws--compute3-home
1757122239.670101: 1767025-7f03b7ac6700: cdpl_server_ipc.c:1268: in _sv_ipc_thread(): debug: received RELAY message
1757122239.670103: 1767025-7f03b7ac6700: cdpl_server_ipc.c:713: in _sv_on_relay(): debug: RELAY message from W3, size = 196
1757122239.670105: 1767025-7f03b7ac6700: cdpl_server_ipc.c:715: in _sv_on_relay(): debug: RELAY message from W3, content = REQPILOT|saeSession0,1,diff_mode_gain|&/home/argershm/180-voltmeter/Analog/cc/simulation/integrator,tb_main_opamp,schematic/history_1/simulation/diff_mode_gain/PrimeSimSPICE/parametric/results|&0
1757122239.670127: 1767025-7f03b62c3700: cdpl_compat_master.c:5948: in cdplMasterLogInfo(): info: [non-CDPL log entry] PWDP send back 'PILOTOK' back to worker id:3 key: saeSession0,1,diff_mode_gain|&/home/argershm/180-voltmeter/Analog/cc/simulation/integrator,tb_main_opamp,schematic/history_1/simulation/diff_mode_gain/PrimeSimSPICE/parametric/results
1757122239.670241: 1767025-7f03b7ac6700: cdpl_server_ipc.c:1268: in _sv_ipc_thread(): debug: received RELAY message
1757122239.670246: 1767025-7f03b7ac6700: cdpl_server_ipc.c:713: in _sv_on_relay(): debug: RELAY message from W3, size = 18
1757122239.670249: 1767025-7f03b7ac6700: cdpl_server_ipc.c:715: in _sv_on_relay(): debug: RELAY message from W3, content = 0$- - - MEASDOING
1757122239.671945: 1767025-7f03b7ac6700: cdpl_server_ipc.c:1268: in _sv_ipc_thread(): debug: received RELAY message
1757122239.671957: 1767025-7f03b7ac6700: cdpl_server_ipc.c:713: in _sv_on_relay(): debug: RELAY message from W2, size = 53
1757122239.671960: 1767025-7f03b7ac6700: cdpl_server_ipc.c:715: in _sv_on_relay(): debug: RELAY message from W2, content = WORKERDU|12932,/dev/mapper/rhel_claws--compute3-home
1757122239.671970: 1767025-7f03b7ac6700: cdpl_server_ipc.c:1268: in _sv_ipc_thread(): debug: received RELAY message
1757122239.671972: 1767025-7f03b7ac6700: cdpl_server_ipc.c:713: in _sv_on_relay(): debug: RELAY message from W2, size = 196
1757122239.671973: 1767025-7f03b7ac6700: cdpl_server_ipc.c:715: in _sv_on_relay(): debug: RELAY message from W2, content = REQPILOT|saeSession0,1,diff_mode_gain|&/home/argershm/180-voltmeter/Analog/cc/simulation/integrator,tb_main_opamp,schematic/history_1/simulation/diff_mode_gain/PrimeSimSPICE/parametric/results|&2
1757122239.671982: 1767025-7f03b62c3700: cdpl_compat_master.c:5948: in cdplMasterLogInfo(): info: [non-CDPL log entry] PWDP send back 'PILOTOK' back to worker id:2 key: saeSession0,1,diff_mode_gain|&/home/argershm/180-voltmeter/Analog/cc/simulation/integrator,tb_main_opamp,schematic/history_1/simulation/diff_mode_gain/PrimeSimSPICE/parametric/results
1757122239.672104: 1767025-7f03b7ac6700: cdpl_server_ipc.c:1268: in _sv_ipc_thread(): debug: received RELAY message
1757122239.672105: 1767025-7f03b7ac6700: cdpl_server_ipc.c:713: in _sv_on_relay(): debug: RELAY message from W2, size = 18
1757122239.672107: 1767025-7f03b7ac6700: cdpl_server_ipc.c:715: in _sv_on_relay(): debug: RELAY message from W2, content = 2$- - - MEASDOING
1757122241.042192: 1767025-7f03b7ac6700: cdpl_server_ipc.c:1268: in _sv_ipc_thread(): debug: received RELAY message
1757122241.042222: 1767025-7f03b7ac6700: cdpl_server_ipc.c:713: in _sv_on_relay(): debug: RELAY message from W1, size = 77
1757122241.042224: 1767025-7f03b7ac6700: cdpl_server_ipc.c:715: in _sv_on_relay(): debug: RELAY message from W1, content = 1$1796979 claws-compute3.ece.ncsu.edu 1797019 FINISHED 1757122233|1757122241
1757122241.044174: 1767025-7f03b7ac6700: cdpl_server_ipc.c:1268: in _sv_ipc_thread(): debug: received RELAY message
1757122241.044195: 1767025-7f03b7ac6700: cdpl_server_ipc.c:713: in _sv_on_relay(): debug: RELAY message from W1, size = 194
1757122241.044197: 1767025-7f03b7ac6700: cdpl_server_ipc.c:715: in _sv_on_relay(): debug: RELAY message from W1, content = PILOTDONE|saeSession0,1,diff_mode_gain|&/home/argershm/180-voltmeter/Analog/cc/simulation/integrator,tb_main_opamp,schematic/history_1/simulation/diff_mode_gain/PrimeSimSPICE/parametric/results
1757122241.044230: 1767025-7f03b62c3700: cdpl_compat_master.c:5948: in cdplMasterLogInfo(): info: [non-CDPL log entry] saeSession0,1,diff_mode_gain|&/home/argershm/180-voltmeter/Analog/cc/simulation/integrator,tb_main_opamp,schematic/history_1/simulation/diff_mode_gain/PrimeSimSPICE/parametric/results PILOTDONE!
1757122241.044398: 1767025-7f03b7ac6700: cdpl_server_ipc.c:1251: in _sv_ipc_thread(): debug: received FINISH message
1757122241.044403: 1767025-7f03b7ac6700: cdpl_server_ipc.c:983: in _sv_on_finish(): info: worker W1 completed task T1
1757122241.044405: 1767025-7f03b7ac6700: cdpl_server_ipc.c:988: in _sv_on_finish(): debug: stat T1: utime=4133 stime=2262
1757122241.044407: 1767025-7f03b7ac6700: cdpl_server_ipc.c:993: in _sv_on_finish(): debug: statm T1: vsize=3054788 rss=1034820 shared=518004 text=474784 data=710008
1757122241.049437: 1767025-7f03b7ac6700: cdpl_server_ipc.c:1268: in _sv_ipc_thread(): debug: received RELAY message
1757122241.049448: 1767025-7f03b7ac6700: cdpl_server_ipc.c:713: in _sv_on_relay(): debug: RELAY message from W1, size = 50
1757122241.049450: 1767025-7f03b7ac6700: cdpl_server_ipc.c:715: in _sv_on_relay(): debug: RELAY message from W1, content = WORKERDU|40,/dev/mapper/rhel_claws--compute3-home
1757122241.071991: 1767025-7f03fb53e540: cdpl_server.c:227: in _sv_free_task_safe(): debug: freeing task T1
1757122241.081829: 1767025-7f03b7ac6700: cdpl_server_ipc.c:1268: in _sv_ipc_thread(): debug: received RELAY message
1757122241.081836: 1767025-7f03b7ac6700: cdpl_server_ipc.c:713: in _sv_on_relay(): debug: RELAY message from W2, size = 77
1757122241.081838: 1767025-7f03b7ac6700: cdpl_server_ipc.c:715: in _sv_on_relay(): debug: RELAY message from W2, content = 2$1796980 claws-compute3.ece.ncsu.edu 1797020 FINISHED 1757122233|1757122241
1757122241.082166: 1767025-7f03b7ac6700: cdpl_server_ipc.c:1251: in _sv_ipc_thread(): debug: received FINISH message
1757122241.082169: 1767025-7f03b7ac6700: cdpl_server_ipc.c:983: in _sv_on_finish(): info: worker W2 completed task T2
1757122241.082171: 1767025-7f03b7ac6700: cdpl_server_ipc.c:988: in _sv_on_finish(): debug: stat T2: utime=4039 stime=2283
1757122241.082173: 1767025-7f03b7ac6700: cdpl_server_ipc.c:993: in _sv_on_finish(): debug: statm T2: vsize=3054784 rss=1034132 shared=517960 text=474784 data=710004
1757122241.086766: 1767025-7f03b7ac6700: cdpl_server_ipc.c:1268: in _sv_ipc_thread(): debug: received RELAY message
1757122241.086772: 1767025-7f03b7ac6700: cdpl_server_ipc.c:713: in _sv_on_relay(): debug: RELAY message from W2, size = 50
1757122241.086774: 1767025-7f03b7ac6700: cdpl_server_ipc.c:715: in _sv_on_relay(): debug: RELAY message from W2, content = WORKERDU|56,/dev/mapper/rhel_claws--compute3-home
1757122241.163695: 1767025-7f03b7ac6700: cdpl_server_ipc.c:1268: in _sv_ipc_thread(): debug: received RELAY message
1757122241.163704: 1767025-7f03b7ac6700: cdpl_server_ipc.c:713: in _sv_on_relay(): debug: RELAY message from W3, size = 77
1757122241.163706: 1767025-7f03b7ac6700: cdpl_server_ipc.c:715: in _sv_on_relay(): debug: RELAY message from W3, content = 0$1796978 claws-compute3.ece.ncsu.edu 1797018 FINISHED 1757122233|1757122241
1757122241.163880: 1767025-7f03b7ac6700: cdpl_server_ipc.c:1251: in _sv_ipc_thread(): debug: received FINISH message
1757122241.163882: 1767025-7f03b7ac6700: cdpl_server_ipc.c:983: in _sv_on_finish(): info: worker W3 completed task T0
1757122241.163884: 1767025-7f03b7ac6700: cdpl_server_ipc.c:988: in _sv_on_finish(): debug: stat T0: utime=4013 stime=2273
1757122241.163886: 1767025-7f03b7ac6700: cdpl_server_ipc.c:993: in _sv_on_finish(): debug: statm T0: vsize=3054800 rss=1041812 shared=518584 text=474784 data=710020
1757122241.168607: 1767025-7f03b7ac6700: cdpl_server_ipc.c:1268: in _sv_ipc_thread(): debug: received RELAY message
1757122241.168610: 1767025-7f03b7ac6700: cdpl_server_ipc.c:713: in _sv_on_relay(): debug: RELAY message from W3, size = 50
1757122241.168612: 1767025-7f03b7ac6700: cdpl_server_ipc.c:715: in _sv_on_relay(): debug: RELAY message from W3, content = WORKERDU|56,/dev/mapper/rhel_claws--compute3-home
1757122241.171884: 1767025-7f03fb53e540: cdpl_server.c:227: in _sv_free_task_safe(): debug: freeing task T2
1757122241.184310: 1767025-7f03fb53e540: cdpl_server.c:227: in _sv_free_task_safe(): debug: freeing task T0
1757122261.066162: 1767025-7f03a67fc700: cdpl_ipc.c:775: in _readv(): warning: read(): EOF
1757122261.066189: 1767025-7f03b72c5700: cdpl_ipc.c:775: in _readv(): warning: read(): EOF
1757122261.066197: 1767025-7f03a67fc700: cdpl_ipc.c:2100: in _epoll_recv(): debug: _readv(): Broken pipe
1757122261.066201: 1767025-7f03a67fc700: cdpl_ipc.c:2424: in _epoll_main(): debug: _epoll_recv(): Broken pipe
1757122261.066205: 1767025-7f03b72c5700: cdpl_ipc.c:2100: in _epoll_recv(): debug: _readv(): Broken pipe
1757122261.066209: 1767025-7f03b72c5700: cdpl_ipc.c:2424: in _epoll_main(): debug: _epoll_recv(): Broken pipe
1757122261.066212: 1767025-7f03a67fc700: cdpl_ipc.c:1657: in _host_drop__UNSAFE(): debug: dropping host `152.14.98.53:40251'
1757122261.066227: 1767025-7f03b72c5700: cdpl_ipc.c:1657: in _host_drop__UNSAFE(): debug: dropping host `152.14.98.53:35790'
1757122261.066387: 1767025-7f03b7ac6700: cdpl_server_ipc.c:1236: in _sv_ipc_thread(): debug: received DROP notification
1757122261.066400: 1767025-7f03b6ac4700: cdpl_monitor.c:290: in mn_listen(): debug: received DROP message
1757122261.066423: 1767025-7f03b7ac6700: cdpl_server_sched.c:2796: in _sv_record_crashed_worker(): debug: dropping worker W1
1757122261.066426: 1767025-7f03b7ac6700: cdpl_server_ipc.c:188: in _sv_on_drop_worker(): debug: down to 2 live workers in B1
1757122261.066428: 1767025-7f03b6ac4700: cdpl_ipc.c:2513: in cdpl_ipc_host_release(): debug: releasing host `152.14.98.53:40251'
1757122261.066447: 1767025-7f03a7fff700: cdpl_server_sched.c:750: in _empty_trash(): debug: freeing worker W1 while emptying trash list for bin B1
1757122261.066460: 1767025-7f03a7fff700: cdpl_farm.c:4152: in cdpl_farm_dismiss(): debug: down to 2 running processes
1757122261.066463: 1767025-7f03a7fff700: cdpl_server_sched.c:121: in _free_worker_2(): debug: freeing worker W1
1757122261.066467: 1767025-7f03a7fff700: cdpl_ipc.c:2513: in cdpl_ipc_host_release(): debug: releasing host `152.14.98.53:35790'
1757122261.066468: 1767025-7f03a7fff700: cdpl_ipc.c:2529: in cdpl_ipc_host_release(): debug: scheduling for immediate release
1757122261.171651: 1767025-7f03a67fc700: cdpl_ipc.c:775: in _readv(): warning: read(): EOF
1757122261.171661: 1767025-7f03a67fc700: cdpl_ipc.c:2100: in _epoll_recv(): debug: _readv(): Broken pipe
1757122261.171664: 1767025-7f03a67fc700: cdpl_ipc.c:2424: in _epoll_main(): debug: _epoll_recv(): Broken pipe
1757122261.171669: 1767025-7f03a67fc700: cdpl_ipc.c:1657: in _host_drop__UNSAFE(): debug: dropping host `152.14.98.53:44235'
1757122261.171696: 1767025-7f03a67fc700: cdpl_ipc.c:1582: in _host_free__UNSAFE(): debug: freeing host `152.14.98.53:40251'
1757122261.171699: 1767025-7f03a67fc700: cdpl_ipc.c:1621: in _host_free__UNSAFE(): debug: [0 outq, 0 spR, 0 spW]
1757122261.171747: 1767025-7f03b6ac4700: cdpl_monitor.c:290: in mn_listen(): debug: received DROP message
1757122261.171758: 1767025-7f03b72c5700: cdpl_ipc.c:775: in _readv(): warning: read(): EOF
1757122261.171770: 1767025-7f03b72c5700: cdpl_ipc.c:2100: in _epoll_recv(): debug: _readv(): Broken pipe
1757122261.171774: 1767025-7f03b72c5700: cdpl_ipc.c:2424: in _epoll_main(): debug: _epoll_recv(): Broken pipe
1757122261.171776: 1767025-7f03b6ac4700: cdpl_ipc.c:2513: in cdpl_ipc_host_release(): debug: releasing host `152.14.98.53:44235'
1757122261.171784: 1767025-7f03b72c5700: cdpl_ipc.c:1657: in _host_drop__UNSAFE(): debug: dropping host `152.14.98.53:35802'
1757122261.171813: 1767025-7f03b72c5700: cdpl_ipc.c:1582: in _host_free__UNSAFE(): debug: freeing host `152.14.98.53:35790'
1757122261.171815: 1767025-7f03b72c5700: cdpl_ipc.c:1621: in _host_free__UNSAFE(): debug: [0 outq, 0 spR, 0 spW]
1757122261.171821: 1767025-7f03b7ac6700: cdpl_server_ipc.c:1236: in _sv_ipc_thread(): debug: received DROP notification
1757122261.171827: 1767025-7f03b7ac6700: cdpl_server_sched.c:2796: in _sv_record_crashed_worker(): debug: dropping worker W2
1757122261.171829: 1767025-7f03b7ac6700: cdpl_server_ipc.c:188: in _sv_on_drop_worker(): debug: down to 1 live workers in B1
1757122261.171849: 1767025-7f03a7fff700: cdpl_server_sched.c:750: in _empty_trash(): debug: freeing worker W2 while emptying trash list for bin B1
1757122261.171865: 1767025-7f03a7fff700: cdpl_farm.c:4152: in cdpl_farm_dismiss(): debug: down to 1 running processes
1757122261.171868: 1767025-7f03a7fff700: cdpl_server_sched.c:121: in _free_worker_2(): debug: freeing worker W2
1757122261.171871: 1767025-7f03a7fff700: cdpl_ipc.c:2513: in cdpl_ipc_host_release(): debug: releasing host `152.14.98.53:35802'
1757122261.171873: 1767025-7f03a7fff700: cdpl_ipc.c:2529: in cdpl_ipc_host_release(): debug: scheduling for immediate release
1757122261.172159: 1767025-7f03a67fc700: cdpl_ipc.c:775: in _readv(): warning: read(): EOF
1757122261.172169: 1767025-7f03a67fc700: cdpl_ipc.c:2100: in _epoll_recv(): debug: _readv(): Broken pipe
1757122261.172176: 1767025-7f03a67fc700: cdpl_ipc.c:2424: in _epoll_main(): debug: _epoll_recv(): Broken pipe
1757122261.172180: 1767025-7f03b72c5700: cdpl_ipc.c:775: in _readv(): warning: read(): EOF
1757122261.172188: 1767025-7f03b72c5700: cdpl_ipc.c:2100: in _epoll_recv(): debug: _readv(): Broken pipe
1757122261.172191: 1767025-7f03b72c5700: cdpl_ipc.c:2424: in _epoll_main(): debug: _epoll_recv(): Broken pipe
1757122261.172195: 1767025-7f03a67fc700: cdpl_ipc.c:1657: in _host_drop__UNSAFE(): debug: dropping host `152.14.98.53:45769'
1757122261.172199: 1767025-7f03b72c5700: cdpl_ipc.c:1657: in _host_drop__UNSAFE(): debug: dropping host `152.14.98.53:35788'
1757122261.172226: 1767025-7f03a67fc700: cdpl_ipc.c:1582: in _host_free__UNSAFE(): debug: freeing host `152.14.98.53:44235'
1757122261.172229: 1767025-7f03a67fc700: cdpl_ipc.c:1621: in _host_free__UNSAFE(): debug: [0 outq, 0 spR, 0 spW]
1757122261.172233: 1767025-7f03b72c5700: cdpl_ipc.c:1582: in _host_free__UNSAFE(): debug: freeing host `152.14.98.53:35802'
1757122261.172235: 1767025-7f03b72c5700: cdpl_ipc.c:1621: in _host_free__UNSAFE(): debug: [0 outq, 0 spR, 0 spW]
1757122261.172238: 1767025-7f03b6ac4700: cdpl_monitor.c:290: in mn_listen(): debug: received DROP message
1757122261.172248: 1767025-7f03b7ac6700: cdpl_server_ipc.c:1236: in _sv_ipc_thread(): debug: received DROP notification
1757122261.172256: 1767025-7f03b7ac6700: cdpl_server_sched.c:2796: in _sv_record_crashed_worker(): debug: dropping worker W3
1757122261.172259: 1767025-7f03b6ac4700: cdpl_ipc.c:2513: in cdpl_ipc_host_release(): debug: releasing host `152.14.98.53:45769'
1757122261.172266: 1767025-7f03b7ac6700: cdpl_server_ipc.c:188: in _sv_on_drop_worker(): debug: down to 0 live workers in B1
1757122261.172287: 1767025-7f03a7fff700: cdpl_server_sched.c:750: in _empty_trash(): debug: freeing worker W3 while emptying trash list for bin B1
1757122261.172294: 1767025-7f03a7fff700: cdpl_farm.c:4152: in cdpl_farm_dismiss(): debug: down to 0 running processes
1757122261.172296: 1767025-7f03a7fff700: cdpl_server_sched.c:121: in _free_worker_2(): debug: freeing worker W3
1757122261.172298: 1767025-7f03a7fff700: cdpl_ipc.c:2513: in cdpl_ipc_host_release(): debug: releasing host `152.14.98.53:35788'
1757122261.172300: 1767025-7f03a7fff700: cdpl_ipc.c:2529: in cdpl_ipc_host_release(): debug: scheduling for immediate release
1757122265.571207: 1767025-7f03b72c5700: cdpl_ipc.c:1582: in _host_free__UNSAFE(): debug: freeing host `152.14.98.53:35788'
1757122265.571225: 1767025-7f03b72c5700: cdpl_ipc.c:1621: in _host_free__UNSAFE(): debug: [0 outq, 0 spR, 0 spW]
1757122265.571229: 1767025-7f03a67fc700: cdpl_ipc.c:1582: in _host_free__UNSAFE(): debug: freeing host `152.14.98.53:45769'
1757122265.571235: 1767025-7f03a67fc700: cdpl_ipc.c:1621: in _host_free__UNSAFE(): debug: [0 outq, 0 spR, 0 spW]
1757122291.694975: 1767025-7f03a77fe700: cdpl_farm.c:2173: in _schedule(): debug: idle
1757122301.629918: 1767025-7f03b62c3700: cdpl_compat_master.c:5971: in cdplMasterLogWarning(): warning: [non-CDPL log entry] PWDP: master does not receive message over 60 seconds!
1757122351.695153: 1767025-7f03a77fe700: cdpl_farm.c:2173: in _schedule(): debug: idle
1757122352.154882: 1767025-7f03b62c3700: cdpl_compat_master.c:5948: in cdplMasterLogInfo(): info: [non-CDPL log entry] PWDP: message receiver is alive.
1757122353.200933: 1767025-7f03b52c1700: cdpl_compat_master.c:5948: in cdplMasterLogInfo(): info: [non-CDPL log entry] PWDP: master status watchdog is alive.
1757122362.139797: 1767025-7f03b62c3700: cdpl_compat_master.c:5971: in cdplMasterLogWarning(): warning: [non-CDPL log entry] PWDP: master does not receive message over 60 seconds!
1757122411.695334: 1767025-7f03a77fe700: cdpl_farm.c:2173: in _schedule(): debug: idle
1757122422.604214: 1767025-7f03b62c3700: cdpl_compat_master.c:5971: in cdplMasterLogWarning(): warning: [non-CDPL log entry] PWDP: master does not receive message over 60 seconds!
1757122463.210132: 1767025-7f03fb53e540: cdpl_server.c:3008: in cdpl_sv_halt_job_errno(): info: killing job J1
1757122463.210173: 1767025-7f03fb53e540: cdpl_server.c:3044: in cdpl_sv_halt_job_errno(): debug: signal bin B1 scheduler to stop
1757122463.210194: 1767025-7f03a7fff700: cdpl_server_sched.c:2484: in _sv_scheduler_thread(): debug: scheduler for bin B1 stopped
1757122463.210206: 1767025-7f03fb53e540: cdpl_server.c:294: in _sv_free_job(): info: freeing job J1
1757122463.210209: 1767025-7f03fb53e540: cdpl_server.c:92: in _sv_free_bin(): debug: freeing bin B1
1757122463.210217: 1767025-7f03fb53e540: cdpl_monitor.c:515: in cdpl_mn_kill(): info: killing monitor
1757122463.210219: 1767025-7f03fb53e540: cdpl_ipc.c:3677: in cdpl_ipc_kill(): debug: stopping event server
1757122463.210250: 1767025-7f03a67fc700: cdpl_ipc.c:2460: in _epoll_main(): debug: server going down...
1757122463.210280: 1767025-7f03b72c5700: cdpl_ipc.c:2386: in _epoll_main(): warning: received EPOLLERR/EPOLLHUP
1757122463.210296: 1767025-7f03b72c5700: cdpl_ipc.c:2286: in _check_socket_error(): info: socket: Broken pipe
1757122463.210299: 1767025-7f03b72c5700: cdpl_ipc.c:2302: in _check_socket_error(): info: socket SO_KEEPALIVE was enabled
1757122463.210303: 1767025-7f03b72c5700: cdpl_ipc.c:2320: in _check_socket_error(): info: TCP_KEEPIDLE=300 seconds TCP_KEEPINTVL=100 seconds TCP_KEEPCNT=3
1757122463.210307: 1767025-7f03b72c5700: cdpl_ipc.c:1657: in _host_drop__UNSAFE(): debug: dropping host `152.14.98.53:35782'
1757122463.210338: 1767025-7f03b7ac6700: cdpl_server_ipc.c:1236: in _sv_ipc_thread(): debug: received DROP notification
1757122463.210346: 1767025-7f03b7ac6700: cdpl_monitor.c:1269: in cdpl_mn_drop(): debug: detaching from monitor `152.14.98.53:35782'
1757122463.210350: 1767025-7f03b7ac6700: cdpl_monitor.c:1101: in mn_systat_stop(): debug: joining systat thread
1757122463.210372: 1767025-7f03b5ac2700: cdpl_monitor.c:1079: in mn_systat(): debug: exiting
1757122463.210385: 1767025-7f03b7ac6700: cdpl_monitor.c:1103: in mn_systat_stop(): debug: systat thread done
1757122463.210388: 1767025-7f03b7ac6700: cdpl_ipc.c:2513: in cdpl_ipc_host_release(): debug: releasing host `152.14.98.53:35782'
1757122463.210527: 1767025-7f03a6ffd700: cdpl_ipc.c:3728: in cdpl_ipc_free(): debug: releasing IPC handle
1757122463.210538: 1767025-7f03a6ffd700: cdpl_ipc.c:1582: in _host_free__UNSAFE(): debug: freeing host `152.14.98.53:37611'
1757122463.210541: 1767025-7f03a6ffd700: cdpl_ipc.c:1621: in _host_free__UNSAFE(): debug: [0 outq, 0 spR, 0 spW]
1757122463.210558: 1767025-7f03a6ffd700: cdpl_ipc.c:3756: in cdpl_ipc_free(): warning: 1 host(s) were not released
1757122463.210568: 1767025-7f03a6ffd700: cdpl_ipc.c:3767: in cdpl_ipc_free(): debug: done
1757122463.210569: 1767025-7f03a6ffd700: cdpl_monitor.c:1390: in cdpl_mn_free(): debug: freeing monitor client
1757122463.210653: 1767025-7f03fb53e540: cdpl_farm.c:2740: in cdpl_farm_free(): info: freeing farm
1757122463.210674: 1767025-7f03a77fe700: cdpl_farm.c:2231: in _schedule(): debug: end of idling
1757122463.210681: 1767025-7f03a77fe700: cdpl_farm.c:2235: in _schedule(): debug: dying
1757122463.210718: 1767025-7f03fb53e540: cdpl_farm.c:913: in _killall(): debug: killing all remaining commands
1757122463.210722: 1767025-7f03fb53e540: cdpl_server.c:3144: in cdpl_sv_free(): info: freeing server S2126397327
1757122463.210725: 1767025-7f03fb53e540: cdpl_server.c:3109: in cdpl_sv_kill_errno(): info: killing server
1757122463.210727: 1767025-7f03fb53e540: cdpl_ipc.c:3677: in cdpl_ipc_kill(): debug: stopping event server
1757122463.210745: 1767025-7f03b72c5700: cdpl_ipc.c:2460: in _epoll_main(): debug: server going down...
1757122463.210753: 1767025-7f03b7ac6700: cdpl_server_ipc.c:1200: in _sv_ipc_thread(): debug: leaving now
1757122463.210763: 1767025-7f03fb53e540: cdpl_server.c:334: in _sv_free_master(): info: freeing master M1
1757122463.210766: 1767025-7f03fb53e540: cdpl_hash.c:68: in cdpl_h_destroy(): debug: put operations: 3
1757122463.210767: 1767025-7f03fb53e540: cdpl_hash.c:69: in cdpl_h_destroy(): debug: put collisions: 0
1757122463.210769: 1767025-7f03fb53e540: cdpl_hash.c:70: in cdpl_h_destroy(): debug: get operations: 3
1757122463.210772: 1767025-7f03fb53e540: cdpl_hash.c:71: in cdpl_h_destroy(): debug: get iterations: 3
1757122463.210778: 1767025-7f03fb53e540: cdpl_monitor.c:1390: in cdpl_mn_free(): debug: freeing monitor server
1757122463.210781: 1767025-7f03fb53e540: cdpl_ipc.c:3728: in cdpl_ipc_free(): debug: releasing IPC handle
1757122463.210783: 1767025-7f03fb53e540: cdpl_ipc.c:1582: in _host_free__UNSAFE(): debug: freeing host `152.14.98.53:35782'
1757122463.210785: 1767025-7f03fb53e540: cdpl_ipc.c:1621: in _host_free__UNSAFE(): debug: [0 outq, 0 spR, 0 spW]
1757122463.210801: 1767025-7f03fb53e540: cdpl_ipc.c:3767: in cdpl_ipc_free(): debug: done
1757122463.210802: 1767025-7f03fb53e540: cdpl_log.c:481: in cdpl_log_close(): info: @@end_of_log@@
