1757113797.862928: 1618213-7f16b705b540: cdpl_log.c:337: in cdpl_log_open(): info: @@start_of_log@@
1757113797.862949: 1618213-7f16b705b540: cdpl_log.c:1058: in cdpl_log_dump_sysinfo(): info: time: 2025/09/05 19:09:57 EDT -0400
1757113797.862955: 1618213-7f16b705b540: cdpl_log.c:1060: in cdpl_log_dump_sysinfo(): info: version: W-2024.09-SP1-2 
1757113797.862958: 1618213-7f16b705b540: cdpl_log.c:1062: in cdpl_log_dump_sysinfo(): info: system: Linux 4.18.0-553.69.1.el8_10.x86_64 #1 SMP Thu Aug 7 18:10:00 EDT 2025
1757113797.862960: 1618213-7f16b705b540: cdpl_log.c:1067: in cdpl_log_dump_sysinfo(): info: processor: x86_64 64-bits
1757113797.862961: 1618213-7f16b705b540: cdpl_log.c:1071: in cdpl_log_dump_sysinfo(): info: hostname: claws-compute3.ece.ncsu.edu
1757113797.862963: 1618213-7f16b705b540: cdpl_log.c:1073: in cdpl_log_dump_sysinfo(): info: program name: custom_shell
1757113797.862965: 1618213-7f16b705b540: cdpl_log.c:340: in cdpl_log_open(): debug: path: /home/argershm/180-voltmeter/Analog/cc/synopsys_custom/pwdp_jobs/saeSession0_diffmodegain.SimulationSimulation_cdpl.0.1618213/logs/master.claws-compute3.ece.ncsu.edu.1618213.log
1757113797.862967: 1618213-7f16b705b540: cdpl_log.c:341: in cdpl_log_open(): debug: dir: /home/argershm/180-voltmeter/Analog/cc/synopsys_custom/pwdp_jobs/saeSession0_diffmodegain.SimulationSimulation_cdpl.0.1618213/logs
1757113797.862996: 1618213-7f16b705b540: cdpl_server.c:536: in cdpl_sv_init(): info: new server S2001846760
1757113797.863002: 1618213-7f16b705b540: cdpl_ipc.c:3475: in cdpl_ipc_init(): info: requesting IPv4 protocol
1757113797.867563: 1618213-7f16b705b540: cdpl_ipc.c:837: in _selectaddrfamily(): info: selected IPv4 protocol
1757113797.867586: 1618213-7f16b705b540: cdpl_ipc.c:1139: in _set_keepalive(): info: TCP keep alive interval: 300
1757113797.870453: 1618213-7f16b705b540: cdpl_monitor.c:1117: in cdpl_mn_new_server(): info: creating server monitor instance
1757113797.870467: 1618213-7f16b705b540: cdpl_server.c:650: in cdpl_sv_new_master(): info: new master M1
1757113797.870475: 1618213-7f16b705b540: cdpl_server.c:6533: in cdpl_sv_ctl_master(): info: Setting worker heartbeat to 120 seconds
1757113797.870477: 1618213-7f16b705b540: cdpl_server.c:6542: in cdpl_sv_ctl_master(): info: Setting worker heartbeat timeout to 3 heartbeats
1757113797.870478: 1618213-7f16b705b540: cdpl_compat_master.c:2090: in _parse_hostfile(): info: reading hostfile `/home/argershm/180-voltmeter/Analog/cc/synopsys_custom/pwdp_jobs/saeSession0_diffmodegain.SimulationSimulation_cdpl.0.1618213/host_file'
1757113797.870503: 1618213-7f16b705b540: cdpl_compat_master.c:1900: in _hostfile_parser(): debug: parsing "1     |localhost|   -1  | /tmp | SH | sh"
1757113797.870515: 1618213-7f16b705b540: cdpl_farm.c:2578: in cdpl_farm_new_sh(): info: creating SH farm on localhost
1757113797.870521: 1618213-7f16b705b540: cdpl_compat_master.c:206: in _set_farm_env(): info: exporting CDPL_LOGDIR as `/home/argershm/180-voltmeter/Analog/cc/synopsys_custom/pwdp_jobs/saeSession0_diffmodegain.SimulationSimulation_cdpl.0.1618213/logs'
1757113797.870523: 1618213-7f16b705b540: cdpl_compat_master.c:212: in _set_farm_env(): info: exporting CDPL_TMPDIR as `/tmp'
1757113797.870525: 1618213-7f16b705b540: cdpl_compat_master.c:235: in _set_farm_env(): info: exporting SNPSLMD_LICENSE_FILE as `27000@ece-lic-35.ece.ncsu.edu'
1757113797.870527: 1618213-7f16b705b540: cdpl_compat_master.c:259: in _set_farm_env(): info: exporting CDPL_OPTIONS as `[nowlogs]'
1757113797.870528: 1618213-7f16b705b540: cdpl_compat_master.c:266: in _set_farm_env(): info: exporting DISPLAY as `unix:31396'
1757113797.870530: 1618213-7f16b705b540: cdpl_compat_master.c:274: in _set_farm_env(): info: exporting CDPL_HEARTBEAT as `120'
1757113797.870539: 1618213-7f16b705b540: cdpl_farm.c:3149: in cdpl_farm_add_withdir(): debug: added `localhost' (capacity: unlimited)
1757113797.870541: 1618213-7f16b705b540: cdpl_compat_parse.c:147: in parsefile(): debug: read `/home/argershm/180-voltmeter/Analog/cc/synopsys_custom/pwdp_jobs/saeSession0_diffmodegain.SimulationSimulation_cdpl.0.1618213/host_file', 2 lines
1757113797.870546: 1618213-7f16b705b540: cdpl_compat_master.c:2931: in cdplInitMaster(): info: bcast dir is `/home/argershm/180-voltmeter/Analog/cc/synopsys_custom/pwdp_jobs/saeSession0_diffmodegain.SimulationSimulation_cdpl.0.1618213/logs'
1757113797.870593: 1618213-7f16b705b540: cdpl_server.c:6433: in cdpl_sv_ctl_master(): info: farm worker timeout set to 300
1757113797.870594: 1618213-7f16b705b540: cdpl_server.c:6486: in cdpl_sv_ctl_master(): info: maximum number of task execution attempts set to 1
1757113797.870609: 1618213-7f16b705b540: cdpl_server.c:3195: in cdpl_sv_start(): debug: starting server
1757113797.870613: 1618213-7f16b705b540: cdpl_ipc.c:3632: in cdpl_ipc_start(): debug: starting IPC server 152.14.98.53:44361
1757113797.870789: 1618213-7f1676efd700: cdpl_server_ipc.c:1182: in _sv_ipc_thread(): debug: ready
1757113797.870888: 1618213-7f16766fc700: cdpl_monitor.c:426: in cdpl_mn_init_client(): info: creating client monitor instance
1757113797.870909: 1618213-7f16766fc700: cdpl_ipc.c:3475: in cdpl_ipc_init(): info: requesting IPv4 protocol
1757113797.874800: 1618213-7f16766fc700: cdpl_ipc.c:837: in _selectaddrfamily(): info: selected IPv4 protocol
1757113797.874823: 1618213-7f16766fc700: cdpl_ipc.c:1139: in _set_keepalive(): info: TCP keep alive interval: 300
1757113797.877488: 1618213-7f16766fc700: cdpl_ipc.c:3632: in cdpl_ipc_start(): debug: starting IPC server 152.14.98.53:33969
1757113797.877639: 1618213-7f16766fc700: cdpl_monitor.c:471: in cdpl_mn_init_client(): debug: incoming messages in /tmp/cdpl-monitor-203f5O
1757113797.877721: 1618213-7f16766fc700: cdpl_monitor.c:533: in cdpl_mn_connect(): debug: connecting to 152.14.98.53:44361
1757113797.877730: 1618213-7f16766fc700: cdpl_ipc.c:3789: in cdpl_ipc_connect(): info: connecting to 152.14.98.53:44361
1757113797.877842: 1618213-7f16766fc700: cdpl_ipc.c:3860: in cdpl_ipc_connect(): info: connected as `152.14.98.53:54318'
1757113797.877858: 1618213-7f16766fc700: cdpl_ipc.c:2503: in cdpl_ipc_host_accept(): debug: accepted host `152.14.98.53:44361'
1757113797.877877: 1618213-7f16776fe700: cdpl_ipc.c:1862: in _epoll_accept(): debug: new connection from `152.14.98.53:54318'
1757113797.877896: 1618213-7f16766fc700: cdpl_monitor.c:579: in cdpl_mn_connect(): debug: ok
1757113797.877918: 1618213-7f16b705b540: cdpl_server.c:731: in cdpl_sv_new_job(): info: new job J1 in M1
1757113797.877929: 1618213-7f1676efd700: cdpl_server_ipc.c:1225: in _sv_ipc_thread(): debug: received ACCEPT notification
1757113797.877939: 1618213-7f1676efd700: cdpl_ipc.c:2503: in cdpl_ipc_host_accept(): debug: accepted host `152.14.98.53:54318'
1757113797.877941: 1618213-7f16b705b540: cdpl_compat_master.c:1581: in _add_worker(): info: new worker type 10, min:1, max:3, cmd:`/home/argershm/180-voltmeter/Analog/cc/synopsys_custom/pwdp_jobs/saeSession0_diffmodegain.SimulationSimulation_cdpl.0.1618213/START_WORKER pw_worker -i /home/argershm/180-voltmeter/Analog/cc/synopsys_custom/pwdp_jobs
1757113797.877950: 1618213-7f1676efd700: cdpl_server_ipc.c:1256: in _sv_ipc_thread(): debug: received MONITOR message
1757113797.877965: 1618213-7f16b705b540: cdpl_server.c:908: in cdpl_sv_new_bin_withfarm(): info: new bin B1 in J1
1757113797.878176: 1618213-7f1676efd700: cdpl_monitor.c:1207: in cdpl_mn_accept(): debug: accepted monitor `152.14.98.53:54318'
1757113797.878181: 1618213-7f1676efd700: cdpl_server_ipc_mon.c:120: in _globalLOCK(): debug: ENTERTING GLOBAL LOCK
1757113797.878183: 1618213-7f1676efd700: cdpl_server_ipc_mon.c:164: in _globalLOCK(): debug: global lock acquired
1757113797.878194: 1618213-7f1663fff700: cdpl_monitor.c:910: in mn_systat(): debug: started
1757113797.878467: 1618213-7f1663fff700: cdpl_monitor.c:937: in mn_systat(): debug: monitor server flush rate: 5
1757113798.679769: 1618213-7f1676efd700: cdpl_server_ipc_mon.c:210: in _globalUNLOCK(): debug: LEAVING GLOBAL LOCK
1757113798.679801: 1618213-7f16b705b540: cdpl_server.c:3249: in cdpl_sv_start_job(): info: starting job J1
1757113798.679829: 1618213-7f16b705b540: cdpl_server.c:62: in _sv_start_bin(): debug: starting bin B1 (min: 0, max: 3)
1757113798.679964: 1618213-7f16627fc700: cdpl_server_sched.c:2482: in _sv_scheduler_thread(): debug: scheduler for bin B1 started
1757113798.679989: 1618213-7f16b705b540: cdpl_server.c:1893: in _sv_gen_task(): info: new task T0 in B1 (prio 0)
1757113798.680030: 1618213-7f16b705b540: cdpl_server.c:2698: in cdpl_sv_label_task_va(): info: setting task T0 label to "PrimeSim_1|PrimeSim"
1757113798.680080: 1618213-7f16627fc700: cdpl_server_sched.c:2443: in _scheduler_run(): debug: will start a new worker
1757113798.680126: 1618213-7f16627fc700: cdpl_farm.c:3977: in cdpl_farm_submit(): debug: 1 running processes
1757113798.680129: 1618213-7f16627fc700: cdpl_farm.c:3985: in cdpl_farm_submit(): debug: new command C1 in bin B1 assigned to host `localhost'
1757113798.680206: 1618213-7f16627fc700: cdpl_server_sched.c:705: in _sv_launch_worker(): info: started worker W1 (as C1) in bin B1
1757113798.680232: 1618213-7f1661ffb700: cdpl_farm.c:2139: in _schedule(): debug: started
1757113798.680240: 1618213-7f1661ffb700: cdpl_farm.c:2303: in _schedule(): debug: submitting command C1 in bin B1
1757113798.680257: 1618213-7f1661ffb700: cdpl_sh.c:49: in _sh_detached_submit(): info: SH : /home/argershm/180-voltmeter/Analog/cc/synopsys_custom/pwdp_jobs/saeSession0_diffmodegain.SimulationSimulation_cdpl.0.1618213/START_WORKER pw_worker -i /home/argershm/180-voltmeter/Analog/cc/synopsys_custom/pwdp_jobs/saeSession0_diffmodegain.SimulationSimulation_cdpl.0.1618213 -t 10000
1757113798.689277: 1618213-7f1661ffb700: cdpl_farm.c:2343: in _schedule(): debug: C1 in bin B1 running on slot 0
1757113798.689309: 1618213-7f1661ffb700: cdpl_farm.c:2167: in _schedule(): debug: idle
1757113798.702224: 1618213-7f16b705b540: cdpl_compat_master.c:5948: in cdplMasterLogInfo(): info: [non-CDPL log entry] PWDP3: reset pilot cache succeeded, pilot_key=saeSession0,1,diff_mode_gain|&/home/argershm/180-voltmeter/Analog/cc/simulation/integrator,tb_main_opamp,schematic/history_1/simulation/diff_mode_gain/PrimeSimSPICE/nominal/results
1757113798.989388: 1618213-7f1661ffb700: cdpl_farm.c:1193: in _onexit(): debug: C1 in bin B1 exited normally on slot 0
1757113799.795895: 1618213-7f16637fe700: cdpl_compat_master.c:5948: in cdplMasterLogInfo(): info: [non-CDPL log entry] PWDP - no-workers started ok check start!
1757113800.600173: 1618213-7f16776fe700: cdpl_ipc.c:1862: in _epoll_accept(): debug: new connection from `152.14.98.53:54332'
1757113800.600219: 1618213-7f1676efd700: cdpl_server_ipc.c:1225: in _sv_ipc_thread(): debug: received ACCEPT notification
1757113800.600232: 1618213-7f1676efd700: cdpl_ipc.c:2503: in cdpl_ipc_host_accept(): debug: accepted host `152.14.98.53:54332'
1757113800.600349: 1618213-7f1676efd700: cdpl_server_ipc.c:1246: in _sv_ipc_thread(): debug: received HELLO message
1757113800.600355: 1618213-7f1676efd700: cdpl_server_ipc.c:430: in _sv_on_hello(): debug: looking up W1
1757113800.600358: 1618213-7f1676efd700: cdpl_server_ipc.c:540: in _sv_on_hello(): info: W1 is `152.14.98.53:54332'
1757113800.600360: 1618213-7f1676efd700: cdpl_server_ipc.c:541: in _sv_on_hello(): debug: hello W1 (B1)
1757113800.600362: 1618213-7f1676efd700: cdpl_server_ipc.c:542: in _sv_on_hello(): info: W1 log file is /dev/null
1757113800.600410: 1618213-7f1676efd700: cdpl_server_ipc.c:602: in _sv_on_hello(): info: up to 1 alive workers in B1
1757113800.600421: 1618213-7f1676efd700: cdpl_farm.c:878: in _release_cmd(): debug: freeing command C1 in bin B1
1757113800.600440: 1618213-7f16627fc700: cdpl_server_sched.c:960: in _assign(): info: assigning task T0 to worker W1
1757113800.664386: 1618213-7f1676efd700: cdpl_server_ipc.c:1268: in _sv_ipc_thread(): debug: received RELAY message
1757113800.664402: 1618213-7f1676efd700: cdpl_server_ipc.c:713: in _sv_on_relay(): debug: RELAY message from W1, size = 65
1757113800.664405: 1618213-7f1676efd700: cdpl_server_ipc.c:715: in _sv_on_relay(): debug: RELAY message from W1, content = 0$1618935 claws-compute3.ece.ncsu.edu 1618952 RUNNING 1757113800
1757113801.600498: 1618213-7f1676efd700: cdpl_server_ipc.c:312: in _sv_on_heartbeat(): debug: received HEARTBEAT from worker W1 at 152.14.98.53:54332
1757113802.879197: 1618213-7f16766fc700: cdpl_monitor.c:533: in cdpl_mn_connect(): debug: connecting to 152.14.98.53:34339
1757113802.879207: 1618213-7f16766fc700: cdpl_ipc.c:3789: in cdpl_ipc_connect(): info: connecting to 152.14.98.53:34339
1757113802.879348: 1618213-7f16766fc700: cdpl_ipc.c:3860: in cdpl_ipc_connect(): info: connected as `152.14.98.53:48120'
1757113802.879356: 1618213-7f16766fc700: cdpl_ipc.c:2503: in cdpl_ipc_host_accept(): debug: accepted host `152.14.98.53:34339'
1757113802.879361: 1618213-7f16766fc700: cdpl_monitor.c:579: in cdpl_mn_connect(): debug: ok
1757113807.133601: 1618213-7f1676efd700: cdpl_server_ipc.c:1268: in _sv_ipc_thread(): debug: received RELAY message
1757113807.133615: 1618213-7f1676efd700: cdpl_server_ipc.c:713: in _sv_on_relay(): debug: RELAY message from W1, size = 53
1757113807.133617: 1618213-7f1676efd700: cdpl_server_ipc.c:715: in _sv_on_relay(): debug: RELAY message from W1, content = WORKERDU|12928,/dev/mapper/rhel_claws--compute3-home
1757113807.133623: 1618213-7f1676efd700: cdpl_server_ipc.c:1268: in _sv_ipc_thread(): debug: received RELAY message
1757113807.133624: 1618213-7f1676efd700: cdpl_server_ipc.c:713: in _sv_on_relay(): debug: RELAY message from W1, size = 193
1757113807.133626: 1618213-7f1676efd700: cdpl_server_ipc.c:715: in _sv_on_relay(): debug: RELAY message from W1, content = REQPILOT|saeSession0,1,diff_mode_gain|&/home/argershm/180-voltmeter/Analog/cc/simulation/integrator,tb_main_opamp,schematic/history_1/simulation/diff_mode_gain/PrimeSimSPICE/nominal/results|&0
1757113807.133699: 1618213-7f1674ef9700: cdpl_compat_master.c:5948: in cdplMasterLogInfo(): info: [non-CDPL log entry] PWDP send back 'DOPILOT' to worker id:1 key: saeSession0,1,diff_mode_gain|&/home/argershm/180-voltmeter/Analog/cc/simulation/integrator,tb_main_opamp,schematic/history_1/simulation/diff_mode_gain/PrimeSimSPICE/nominal/results
1757113807.133894: 1618213-7f1674ef9700: cdpl_compat_master.c:5948: in cdplMasterLogInfo(): info: [non-CDPL log entry] PWDP: set pilot doing!
1757113807.137372: 1618213-7f1676efd700: cdpl_server_ipc.c:1268: in _sv_ipc_thread(): debug: received RELAY message
1757113807.137380: 1618213-7f1676efd700: cdpl_server_ipc.c:713: in _sv_on_relay(): debug: RELAY message from W1, size = 189
1757113807.137383: 1618213-7f1676efd700: cdpl_server_ipc.c:715: in _sv_on_relay(): debug: RELAY message from W1, content = PILOTOK|saeSession0,1,diff_mode_gain|&/home/argershm/180-voltmeter/Analog/cc/simulation/integrator,tb_main_opamp,schematic/history_1/simulation/diff_mode_gain/PrimeSimSPICE/nominal/results
1757113807.137402: 1618213-7f1674ef9700: cdpl_compat_master.c:5948: in cdplMasterLogInfo(): info: [non-CDPL log entry] PWDP: set pilot done!
1757113807.137493: 1618213-7f1676efd700: cdpl_server_ipc.c:1268: in _sv_ipc_thread(): debug: received RELAY message
1757113807.137499: 1618213-7f1676efd700: cdpl_server_ipc.c:713: in _sv_on_relay(): debug: RELAY message from W1, size = 18
1757113807.137501: 1618213-7f1676efd700: cdpl_server_ipc.c:715: in _sv_on_relay(): debug: RELAY message from W1, content = 0$- - - MEASDOING
1757113807.388094: 1618213-7f1676efd700: cdpl_server_ipc.c:1268: in _sv_ipc_thread(): debug: received RELAY message
1757113807.388107: 1618213-7f1676efd700: cdpl_server_ipc.c:713: in _sv_on_relay(): debug: RELAY message from W1, size = 77
1757113807.388109: 1618213-7f1676efd700: cdpl_server_ipc.c:715: in _sv_on_relay(): debug: RELAY message from W1, content = 0$1618935 claws-compute3.ece.ncsu.edu 1618952 FINISHED 1757113800|1757113807
1757113807.389500: 1618213-7f1676efd700: cdpl_server_ipc.c:1268: in _sv_ipc_thread(): debug: received RELAY message
1757113807.389508: 1618213-7f1676efd700: cdpl_server_ipc.c:713: in _sv_on_relay(): debug: RELAY message from W1, size = 191
1757113807.389510: 1618213-7f1676efd700: cdpl_server_ipc.c:715: in _sv_on_relay(): debug: RELAY message from W1, content = PILOTDONE|saeSession0,1,diff_mode_gain|&/home/argershm/180-voltmeter/Analog/cc/simulation/integrator,tb_main_opamp,schematic/history_1/simulation/diff_mode_gain/PrimeSimSPICE/nominal/results
1757113807.389535: 1618213-7f1674ef9700: cdpl_compat_master.c:5948: in cdplMasterLogInfo(): info: [non-CDPL log entry] saeSession0,1,diff_mode_gain|&/home/argershm/180-voltmeter/Analog/cc/simulation/integrator,tb_main_opamp,schematic/history_1/simulation/diff_mode_gain/PrimeSimSPICE/nominal/results PILOTDONE!
1757113807.389826: 1618213-7f1676efd700: cdpl_server_ipc.c:1251: in _sv_ipc_thread(): debug: received FINISH message
1757113807.389832: 1618213-7f1676efd700: cdpl_server_ipc.c:983: in _sv_on_finish(): info: worker W1 completed task T0
1757113807.389834: 1618213-7f1676efd700: cdpl_server_ipc.c:988: in _sv_on_finish(): debug: stat T0: utime=3774 stime=1849
1757113807.389836: 1618213-7f1676efd700: cdpl_server_ipc.c:993: in _sv_on_finish(): debug: statm T0: vsize=3054764 rss=1034748 shared=519376 text=474784 data=710116
1757113807.394845: 1618213-7f1676efd700: cdpl_server_ipc.c:1268: in _sv_ipc_thread(): debug: received RELAY message
1757113807.394853: 1618213-7f1676efd700: cdpl_server_ipc.c:713: in _sv_on_relay(): debug: RELAY message from W1, size = 49
1757113807.394855: 1618213-7f1676efd700: cdpl_server_ipc.c:715: in _sv_on_relay(): debug: RELAY message from W1, content = WORKERDU|4,/dev/mapper/rhel_claws--compute3-home
1757113807.471219: 1618213-7f16b705b540: cdpl_server.c:227: in _sv_free_task_safe(): debug: freeing task T0
1757113808.396928: 1618213-7f16b705b540: cdpl_server.c:3008: in cdpl_sv_halt_job_errno(): info: killing job J1
1757113808.396956: 1618213-7f16b705b540: cdpl_server.c:3044: in cdpl_sv_halt_job_errno(): debug: signal bin B1 scheduler to stop
1757113808.396982: 1618213-7f16627fc700: cdpl_server_sched.c:2484: in _sv_scheduler_thread(): debug: scheduler for bin B1 stopped
1757113808.397021: 1618213-7f16627fc700: cdpl_ipc.c:1657: in _host_drop__UNSAFE(): debug: dropping host `152.14.98.53:54332'
1757113808.397060: 1618213-7f16627fc700: cdpl_server_sched.c:2830: in _sv_drop_worker(): info: down to 0 alive workers in B1
1757113808.397064: 1618213-7f1676efd700: cdpl_server_ipc.c:1236: in _sv_ipc_thread(): debug: received DROP notification
1757113808.397070: 1618213-7f16627fc700: cdpl_farm.c:4152: in cdpl_farm_dismiss(): debug: down to 0 running processes
1757113808.397088: 1618213-7f16627fc700: cdpl_server_sched.c:121: in _free_worker_2(): debug: freeing worker W1
1757113808.397101: 1618213-7f16627fc700: cdpl_ipc.c:2513: in cdpl_ipc_host_release(): debug: releasing host `152.14.98.53:54332'
1757113808.397103: 1618213-7f16627fc700: cdpl_ipc.c:2529: in cdpl_ipc_host_release(): debug: scheduling for immediate release
1757113808.397454: 1618213-7f16b705b540: cdpl_server.c:294: in _sv_free_job(): info: freeing job J1
1757113808.397460: 1618213-7f16b705b540: cdpl_server.c:92: in _sv_free_bin(): debug: freeing bin B1
1757113808.397496: 1618213-7f16b705b540: cdpl_monitor.c:515: in cdpl_mn_kill(): info: killing monitor
1757113808.397504: 1618213-7f16b705b540: cdpl_ipc.c:3677: in cdpl_ipc_kill(): debug: stopping event server
1757113808.397518: 1618213-7f1675efb700: cdpl_ipc.c:2460: in _epoll_main(): debug: server going down...
1757113808.397542: 1618213-7f16776fe700: cdpl_ipc.c:775: in _readv(): warning: read(): EOF
1757113808.397556: 1618213-7f16776fe700: cdpl_ipc.c:2100: in _epoll_recv(): debug: _readv(): Broken pipe
1757113808.397559: 1618213-7f16776fe700: cdpl_ipc.c:2424: in _epoll_main(): debug: _epoll_recv(): Broken pipe
1757113808.397562: 1618213-7f16776fe700: cdpl_ipc.c:1657: in _host_drop__UNSAFE(): debug: dropping host `152.14.98.53:54318'
1757113808.397591: 1618213-7f16776fe700: cdpl_ipc.c:1582: in _host_free__UNSAFE(): debug: freeing host `152.14.98.53:54332'
1757113808.397595: 1618213-7f16776fe700: cdpl_ipc.c:1621: in _host_free__UNSAFE(): debug: [0 outq, 0 spR, 0 spW]
1757113808.397605: 1618213-7f1676efd700: cdpl_server_ipc.c:1236: in _sv_ipc_thread(): debug: received DROP notification
1757113808.397616: 1618213-7f1676efd700: cdpl_monitor.c:1269: in cdpl_mn_drop(): debug: detaching from monitor `152.14.98.53:54318'
1757113808.397629: 1618213-7f1676efd700: cdpl_monitor.c:1101: in mn_systat_stop(): debug: joining systat thread
1757113808.397663: 1618213-7f1663fff700: cdpl_monitor.c:1079: in mn_systat(): debug: exiting
1757113808.397672: 1618213-7f1676efd700: cdpl_monitor.c:1103: in mn_systat_stop(): debug: systat thread done
1757113808.397675: 1618213-7f1676efd700: cdpl_ipc.c:2513: in cdpl_ipc_host_release(): debug: releasing host `152.14.98.53:54318'
1757113808.397705: 1618213-7f16766fc700: cdpl_ipc.c:3728: in cdpl_ipc_free(): debug: releasing IPC handle
1757113808.397712: 1618213-7f16766fc700: cdpl_ipc.c:1582: in _host_free__UNSAFE(): debug: freeing host `152.14.98.53:34339'
1757113808.397715: 1618213-7f16766fc700: cdpl_ipc.c:1621: in _host_free__UNSAFE(): debug: [0 outq, 0 spR, 0 spW]
1757113808.397731: 1618213-7f16766fc700: cdpl_ipc.c:1582: in _host_free__UNSAFE(): debug: freeing host `152.14.98.53:44361'
1757113808.397733: 1618213-7f16766fc700: cdpl_ipc.c:1621: in _host_free__UNSAFE(): debug: [0 outq, 0 spR, 0 spW]
1757113808.397740: 1618213-7f16766fc700: cdpl_ipc.c:3756: in cdpl_ipc_free(): warning: 2 host(s) were not released
1757113808.397756: 1618213-7f16766fc700: cdpl_ipc.c:3767: in cdpl_ipc_free(): debug: done
1757113808.397758: 1618213-7f16766fc700: cdpl_monitor.c:1390: in cdpl_mn_free(): debug: freeing monitor client
1757113808.397852: 1618213-7f16b705b540: cdpl_farm.c:2740: in cdpl_farm_free(): info: freeing farm
1757113808.397880: 1618213-7f1661ffb700: cdpl_farm.c:2231: in _schedule(): debug: end of idling
1757113808.397889: 1618213-7f1661ffb700: cdpl_farm.c:2235: in _schedule(): debug: dying
1757113808.397931: 1618213-7f16b705b540: cdpl_farm.c:913: in _killall(): debug: killing all remaining commands
1757113808.397941: 1618213-7f16b705b540: cdpl_server.c:3144: in cdpl_sv_free(): info: freeing server S2001846760
1757113808.397959: 1618213-7f16b705b540: cdpl_server.c:3109: in cdpl_sv_kill_errno(): info: killing server
1757113808.397963: 1618213-7f16b705b540: cdpl_ipc.c:3677: in cdpl_ipc_kill(): debug: stopping event server
1757113808.397973: 1618213-7f16776fe700: cdpl_ipc.c:2460: in _epoll_main(): debug: server going down...
1757113808.397981: 1618213-7f1676efd700: cdpl_server_ipc.c:1200: in _sv_ipc_thread(): debug: leaving now
1757113808.397992: 1618213-7f16b705b540: cdpl_server.c:334: in _sv_free_master(): info: freeing master M1
1757113808.397997: 1618213-7f16b705b540: cdpl_hash.c:68: in cdpl_h_destroy(): debug: put operations: 1
1757113808.397999: 1618213-7f16b705b540: cdpl_hash.c:69: in cdpl_h_destroy(): debug: put collisions: 0
1757113808.398001: 1618213-7f16b705b540: cdpl_hash.c:70: in cdpl_h_destroy(): debug: get operations: 1
1757113808.398002: 1618213-7f16b705b540: cdpl_hash.c:71: in cdpl_h_destroy(): debug: get iterations: 1
1757113808.398011: 1618213-7f16b705b540: cdpl_monitor.c:1390: in cdpl_mn_free(): debug: freeing monitor server
1757113808.398013: 1618213-7f16b705b540: cdpl_ipc.c:3728: in cdpl_ipc_free(): debug: releasing IPC handle
1757113808.398014: 1618213-7f16b705b540: cdpl_ipc.c:1582: in _host_free__UNSAFE(): debug: freeing host `152.14.98.53:54318'
1757113808.398016: 1618213-7f16b705b540: cdpl_ipc.c:1621: in _host_free__UNSAFE(): debug: [0 outq, 0 spR, 0 spW]
1757113808.398029: 1618213-7f16b705b540: cdpl_ipc.c:3767: in cdpl_ipc_free(): debug: done
1757113808.398035: 1618213-7f16b705b540: cdpl_log.c:481: in cdpl_log_close(): info: @@end_of_log@@
