[18:15:17.42] /o 
              /c                                    pw_worker™ 
              /c 
              /c                Version W-2024.09-SP1-2 for linux64 - Jan 15, 2025
              /c              Based on Custom Infrastructure
              /c Version W-2024.09-SP1-2
              /c 
              /c                     Copyright (c) 2004 - 2025 Synopsys, Inc.
              /c    This software and the associated documentation are proprietary to Synopsys,
              /c  Inc. This software may only be used in accordance with the terms and conditions
              /c  of a written license agreement with Synopsys, Inc. All other use, reproduction,
              /c    or distribution of this software is strictly prohibited.  Licensed Products
              /c      communicate with Synopsys servers for the purpose of providing software
              /c     updates, detecting software piracy and verifying that customers are using
              /c     Licensed Products in conformity with the applicable License Key for such
              /c   Licensed Products. Synopsys will use information gathered in connection with
              /c     this process to deliver software updates and pursue software pirates and
              /c                                    infringers.
              /c 
              /c  Inclusivity & Diversity - Visit SolvNetPlus to read the "Synopsys Statement on
              /c             Inclusivity and Diversity" (Refer to article 000036315 at
              /c                         https://solvnetplus.synopsys.com)
              /c 
              /c Build  (OPT) Config 11252589 compiled on Wed Jan 15 11:01:36 2025 for AlmaLinux 8.4
              /c Invocation: /mnt/apps/public/COE/synopsys_apps/primewave/W-2024.09-SP1-2/linux64/platform/bin/custom_shell -application pw_worker -gui 0 -localDir /home/argershm/180-voltmeter/Analog/cc/synopsys_custom/pwdp_jobs/saeSession2_PrimeSimdefault.SimulationSimulation_cdpl.2.3952789/logs/w1
              /c Execution time: Thu Sep  4 18:15:15 2025
              /c Host: claws-compute3.ece.ncsu.edu
              /c Working directory: /home/argershm/180-voltmeter/Analog/cc
              /c 
[18:15:22.07] /m Information: Registering ICV PERC package...
[18:15:22.07] /w Warning: Error: "Job group named 'PrimeWave' already exists under this parent." (IPC-100)
[18:15:22.38] /o #####New Worker job begin - Self history dir=/home/argershm/180-voltmeter/Analog/cc/simulation/gmid,gmid_nfet_3v3,schematic
[18:15:22.56] /o source /home/argershm/180-voltmeter/Analog/cc/synopsys_custom/pwdp_jobs/saeSession2_PrimeSimdefault.SimulationSimulation_cdpl.2.3952789/ccFile.tcl OK
[18:15:22.56] /o LibDefs : /home/argershm/180-voltmeter/Analog/cc/lib.defs
[18:15:22.80] /o new worker create session at loading state!
[18:15:22.80] /o history_1
[18:15:22.91] /m Information: Loading DSPF editing package.
[18:15:22.91] /m Information: Loading reference10 DSPF map: /mnt/apps/public/COE/synopsys_apps/primewave/W-2024.09-SP1-2/auxx/dspf/reference10.dspf_map
[18:15:23.03] /o Loading: Callback files...
[18:15:23.03] /o 
              /c [INFO] : Loading display.tcl from /mnt/designkits/gf180MCU/dk_ncsu/gf180mcu_cc_0.1/Models_HSPICE
              /c 
              /c  if you wish to Load other display.tcl, please set shell environment valiable "iPDK_load_display_gf180mcu" to value = 0
[18:15:23.03] /o 
[18:15:23.08] /w Warning: Could not set the value of preference xtEMIRLPEStarTcadGrdFile because it does not exist. (PREFERENCE-016)
[18:15:23.08] /o 	#######################################
[18:15:23.08] /o 	CC-PDK Library Name	: gf180MCU Open
[18:15:23.08] /o 	#######################################
[18:15:23.08] /o 
[18:15:23.19] /o source /home/argershm/180-voltmeter/Analog/cc/simulation/gmid,gmid_nfet_3v3,schematic/history_1/.nw_preference_script.tcl OK!
[18:15:23.19] /o DSPF Options: {hierDelim==|}||{termDelim==:}||{fingerChar==@}||{multiplierString==_nettran_}||{aggregateCurrent==1}||{MOSTermNames==d g s b}||{MOSTermOrder==D G S B}||{MOSTermDspfNames==DRC GATE SRC BULK}||{firstChars==XM}||{probeHierDelim==/}||{caseSensitive==1}||{firstChar==M}||{hierPrefix==X}||{nodePrefix==M}||{plotTermVoltageForNet==0}||{mapNetToMosTerminal==}||{mapSlashDelimToDot==1}||{probePortCurrent==1}||{busBit==[]}||{removeNodePrefix==1}||{nlConDelim==.}||{mosModelType==auto}||{keepSchName==0}
[18:15:23.19] /o _workerLoadStateAction done!
[18:15:23.21] /o _getSimulationDetails : 
[18:15:23.21] /o tbName=PrimeSim_default, Mtb=0
[18:15:23.21] /o Got stb tb ok!
[18:15:23.21] /o Self resultsDir: ./simulation
[18:15:23.21] /o Self databaseDir: /home/argershm/180-voltmeter/Analog/cc/simulation/gmid,gmid_nfet_3v3,schematic/history_1/simulation/PrimeSim_default/PrimeSimSPICE/parametric/results
[18:15:23.21] /o source /mnt/apps/public/COE/synopsys_apps/primewave/W-2024.09-SP1-2/auxx/sae/matlab_script.tcl OK
[18:15:23.27] /o Nominal run.
[18:15:23.34] /o _createResultsMap done!
[18:15:23.34] /o New worker simulation done for nomial run.
[18:15:23.34] /o >>>resultsDir=/home/argershm/180-voltmeter/Analog/cc/simulation/gmid,gmid_nfet_3v3,schematic/history_1/simulation/PrimeSim_default/PrimeSimSPICE/parametric/results,masterResultsDir=/home/argershm/180-voltmeter/Analog/cc/simulation/gmid,gmid_nfet_3v3,schematic/history_1/simulation/PrimeSim_default/PrimeSimSPICE/parametric/results
[18:15:23.35] /m Information: Evaluating and plotting outputs...
[18:15:25.25] /o touch /home/argershm/180-voltmeter/Analog/cc/simulation/gmid,gmid_nfet_3v3,schematic/history_1/simulation/PrimeSim_default/PrimeSimSPICE/parametric/results/.unitedSimFinished
[18:15:25.25] /o touch /home/argershm/180-voltmeter/Analog/cc/simulation/gmid,gmid_nfet_3v3,schematic/history_1/simulation/PrimeSim_default/PrimeSimSPICE/parametric/results/.unitedSimFinished
[18:15:25.31] /o New worker simulation done for nomial run finished!
[18:15:25.31] /o _simulationDoneAction done without exception!
[18:15:25.31] /o touch pilot meas done flag file: /home/argershm/180-voltmeter/Analog/cc/simulation/gmid,gmid_nfet_3v3,schematic/history_1/simulation/PrimeSim_default/PrimeSimSPICE/parametric/results/.pw_nw_meas_done
[18:15:27.07] /o Shutdown time: Thu Sep  4 18:15:27 2025
[18:15:27.07] /o Elapsed session real time: 0.16 minutes
[18:15:27.07] /o Session terminated. Log is at /home/argershm/180-voltmeter/Analog/cc/synopsys_custom/pwdp_jobs/saeSession2_PrimeSimdefault.SimulationSimulation_cdpl.2.3952789/logs/w1/logs/pw_worker.argershm.2025_9_4_181515_3957698.log
