1757108820.422607: 1305263-7f8e2399f540: cdpl_log.c:337: in cdpl_log_open(): info: @@start_of_log@@
1757108820.422632: 1305263-7f8e2399f540: cdpl_log.c:1058: in cdpl_log_dump_sysinfo(): info: time: 2025/09/05 17:47:00 EDT -0400
1757108820.422634: 1305263-7f8e2399f540: cdpl_log.c:1060: in cdpl_log_dump_sysinfo(): info: version: W-2024.09-SP1-2 
1757108820.422636: 1305263-7f8e2399f540: cdpl_log.c:1062: in cdpl_log_dump_sysinfo(): info: system: Linux 4.18.0-553.69.1.el8_10.x86_64 #1 SMP Thu Aug 7 18:10:00 EDT 2025
1757108820.422638: 1305263-7f8e2399f540: cdpl_log.c:1067: in cdpl_log_dump_sysinfo(): info: processor: x86_64 64-bits
1757108820.422639: 1305263-7f8e2399f540: cdpl_log.c:1071: in cdpl_log_dump_sysinfo(): info: hostname: claws-compute3.ece.ncsu.edu
1757108820.422641: 1305263-7f8e2399f540: cdpl_log.c:1073: in cdpl_log_dump_sysinfo(): info: program name: custom_shell
1757108820.422644: 1305263-7f8e2399f540: cdpl_log.c:340: in cdpl_log_open(): debug: path: /home/argershm/180-voltmeter/Analog/cc/synopsys_custom/pwdp_jobs/saeSession0_diffmodegain.SimulationSimulation_cdpl.0.1305263/logs/master.claws-compute3.ece.ncsu.edu.1305263.log
1757108820.422645: 1305263-7f8e2399f540: cdpl_log.c:341: in cdpl_log_open(): debug: dir: /home/argershm/180-voltmeter/Analog/cc/synopsys_custom/pwdp_jobs/saeSession0_diffmodegain.SimulationSimulation_cdpl.0.1305263/logs
1757108820.422678: 1305263-7f8e2399f540: cdpl_server.c:536: in cdpl_sv_init(): info: new server S752286717
1757108820.422686: 1305263-7f8e2399f540: cdpl_ipc.c:3475: in cdpl_ipc_init(): info: requesting IPv4 protocol
1757108820.426632: 1305263-7f8e2399f540: cdpl_ipc.c:837: in _selectaddrfamily(): info: selected IPv4 protocol
1757108820.426663: 1305263-7f8e2399f540: cdpl_ipc.c:1139: in _set_keepalive(): info: TCP keep alive interval: 300
1757108820.429879: 1305263-7f8e2399f540: cdpl_monitor.c:1117: in cdpl_mn_new_server(): info: creating server monitor instance
1757108820.429899: 1305263-7f8e2399f540: cdpl_server.c:650: in cdpl_sv_new_master(): info: new master M1
1757108820.429912: 1305263-7f8e2399f540: cdpl_server.c:6533: in cdpl_sv_ctl_master(): info: Setting worker heartbeat to 120 seconds
1757108820.429913: 1305263-7f8e2399f540: cdpl_server.c:6542: in cdpl_sv_ctl_master(): info: Setting worker heartbeat timeout to 3 heartbeats
1757108820.429916: 1305263-7f8e2399f540: cdpl_compat_master.c:2090: in _parse_hostfile(): info: reading hostfile `/home/argershm/180-voltmeter/Analog/cc/synopsys_custom/pwdp_jobs/saeSession0_diffmodegain.SimulationSimulation_cdpl.0.1305263/host_file'
1757108820.429944: 1305263-7f8e2399f540: cdpl_compat_master.c:1900: in _hostfile_parser(): debug: parsing "1     |localhost|   -1  | /tmp | SH | sh"
1757108820.429961: 1305263-7f8e2399f540: cdpl_farm.c:2578: in cdpl_farm_new_sh(): info: creating SH farm on localhost
1757108820.429970: 1305263-7f8e2399f540: cdpl_compat_master.c:206: in _set_farm_env(): info: exporting CDPL_LOGDIR as `/home/argershm/180-voltmeter/Analog/cc/synopsys_custom/pwdp_jobs/saeSession0_diffmodegain.SimulationSimulation_cdpl.0.1305263/logs'
1757108820.429972: 1305263-7f8e2399f540: cdpl_compat_master.c:212: in _set_farm_env(): info: exporting CDPL_TMPDIR as `/tmp'
1757108820.429974: 1305263-7f8e2399f540: cdpl_compat_master.c:235: in _set_farm_env(): info: exporting SNPSLMD_LICENSE_FILE as `27000@ece-lic-35.ece.ncsu.edu'
1757108820.429976: 1305263-7f8e2399f540: cdpl_compat_master.c:259: in _set_farm_env(): info: exporting CDPL_OPTIONS as `[nowlogs]'
1757108820.429978: 1305263-7f8e2399f540: cdpl_compat_master.c:266: in _set_farm_env(): info: exporting DISPLAY as `unix:3350'
1757108820.429980: 1305263-7f8e2399f540: cdpl_compat_master.c:274: in _set_farm_env(): info: exporting CDPL_HEARTBEAT as `120'
1757108820.429991: 1305263-7f8e2399f540: cdpl_farm.c:3149: in cdpl_farm_add_withdir(): debug: added `localhost' (capacity: unlimited)
1757108820.429993: 1305263-7f8e2399f540: cdpl_compat_parse.c:147: in parsefile(): debug: read `/home/argershm/180-voltmeter/Analog/cc/synopsys_custom/pwdp_jobs/saeSession0_diffmodegain.SimulationSimulation_cdpl.0.1305263/host_file', 2 lines
1757108820.429998: 1305263-7f8e2399f540: cdpl_compat_master.c:2931: in cdplInitMaster(): info: bcast dir is `/home/argershm/180-voltmeter/Analog/cc/synopsys_custom/pwdp_jobs/saeSession0_diffmodegain.SimulationSimulation_cdpl.0.1305263/logs'
1757108820.430053: 1305263-7f8e2399f540: cdpl_server.c:6433: in cdpl_sv_ctl_master(): info: farm worker timeout set to 300
1757108820.430055: 1305263-7f8e2399f540: cdpl_server.c:6486: in cdpl_sv_ctl_master(): info: maximum number of task execution attempts set to 1
1757108820.430072: 1305263-7f8e2399f540: cdpl_server.c:3195: in cdpl_sv_start(): debug: starting server
1757108820.430076: 1305263-7f8e2399f540: cdpl_ipc.c:3632: in cdpl_ipc_start(): debug: starting IPC server 152.14.98.53:35893
1757108820.430189: 1305263-7f8ddf7fe700: cdpl_server_ipc.c:1182: in _sv_ipc_thread(): debug: ready
1757108820.430279: 1305263-7f8ddeffd700: cdpl_monitor.c:426: in cdpl_mn_init_client(): info: creating client monitor instance
1757108820.430287: 1305263-7f8ddeffd700: cdpl_ipc.c:3475: in cdpl_ipc_init(): info: requesting IPv4 protocol
1757108820.435855: 1305263-7f8ddeffd700: cdpl_ipc.c:837: in _selectaddrfamily(): info: selected IPv4 protocol
1757108820.435873: 1305263-7f8ddeffd700: cdpl_ipc.c:1139: in _set_keepalive(): info: TCP keep alive interval: 300
1757108820.438541: 1305263-7f8ddeffd700: cdpl_ipc.c:3632: in cdpl_ipc_start(): debug: starting IPC server 152.14.98.53:34699
1757108820.438662: 1305263-7f8ddeffd700: cdpl_monitor.c:471: in cdpl_mn_init_client(): debug: incoming messages in /tmp/cdpl-monitor-Xl3gA6
1757108820.438760: 1305263-7f8ddeffd700: cdpl_monitor.c:533: in cdpl_mn_connect(): debug: connecting to 152.14.98.53:35893
1757108820.438767: 1305263-7f8ddeffd700: cdpl_ipc.c:3789: in cdpl_ipc_connect(): info: connecting to 152.14.98.53:35893
1757108820.438880: 1305263-7f8ddeffd700: cdpl_ipc.c:3860: in cdpl_ipc_connect(): info: connected as `152.14.98.53:44906'
1757108820.438895: 1305263-7f8ddeffd700: cdpl_ipc.c:2503: in cdpl_ipc_host_accept(): debug: accepted host `152.14.98.53:35893'
1757108820.438908: 1305263-7f8ddffff700: cdpl_ipc.c:1862: in _epoll_accept(): debug: new connection from `152.14.98.53:44906'
1757108820.438931: 1305263-7f8ddeffd700: cdpl_monitor.c:579: in cdpl_mn_connect(): debug: ok
1757108820.438959: 1305263-7f8ddf7fe700: cdpl_server_ipc.c:1225: in _sv_ipc_thread(): debug: received ACCEPT notification
1757108820.438971: 1305263-7f8e2399f540: cdpl_server.c:731: in cdpl_sv_new_job(): info: new job J1 in M1
1757108820.438979: 1305263-7f8ddf7fe700: cdpl_ipc.c:2503: in cdpl_ipc_host_accept(): debug: accepted host `152.14.98.53:44906'
1757108820.438983: 1305263-7f8ddf7fe700: cdpl_server_ipc.c:1256: in _sv_ipc_thread(): debug: received MONITOR message
1757108820.439001: 1305263-7f8e2399f540: cdpl_compat_master.c:1581: in _add_worker(): info: new worker type 10, min:1, max:3, cmd:`/home/argershm/180-voltmeter/Analog/cc/synopsys_custom/pwdp_jobs/saeSession0_diffmodegain.SimulationSimulation_cdpl.0.1305263/START_WORKER pw_worker -i /home/argershm/180-voltmeter/Analog/cc/synopsys_custom/pwdp_jobs
1757108820.439016: 1305263-7f8e2399f540: cdpl_server.c:908: in cdpl_sv_new_bin_withfarm(): info: new bin B1 in J1
1757108820.439084: 1305263-7f8ddf7fe700: cdpl_monitor.c:1207: in cdpl_mn_accept(): debug: accepted monitor `152.14.98.53:44906'
1757108820.439088: 1305263-7f8ddf7fe700: cdpl_server_ipc_mon.c:120: in _globalLOCK(): debug: ENTERTING GLOBAL LOCK
1757108820.439091: 1305263-7f8ddf7fe700: cdpl_server_ipc_mon.c:164: in _globalLOCK(): debug: global lock acquired
1757108820.439106: 1305263-7f8ddd7fa700: cdpl_monitor.c:910: in mn_systat(): debug: started
1757108820.439359: 1305263-7f8ddd7fa700: cdpl_monitor.c:937: in mn_systat(): debug: monitor server flush rate: 5
1757108821.267049: 1305263-7f8ddf7fe700: cdpl_server_ipc_mon.c:210: in _globalUNLOCK(): debug: LEAVING GLOBAL LOCK
1757108821.267073: 1305263-7f8e2399f540: cdpl_server.c:3249: in cdpl_sv_start_job(): info: starting job J1
1757108821.267112: 1305263-7f8e2399f540: cdpl_server.c:62: in _sv_start_bin(): debug: starting bin B1 (min: 0, max: 3)
1757108821.267249: 1305263-7f8dc6ffd700: cdpl_server_sched.c:2482: in _sv_scheduler_thread(): debug: scheduler for bin B1 started
1757108821.267291: 1305263-7f8e2399f540: cdpl_server.c:1893: in _sv_gen_task(): info: new task T0 in B1 (prio 0)
1757108821.267331: 1305263-7f8e2399f540: cdpl_server.c:2698: in cdpl_sv_label_task_va(): info: setting task T0 label to "PrimeSim_1|PrimeSim"
1757108821.267382: 1305263-7f8dc6ffd700: cdpl_server_sched.c:2443: in _scheduler_run(): debug: will start a new worker
1757108821.267422: 1305263-7f8dc6ffd700: cdpl_farm.c:3977: in cdpl_farm_submit(): debug: 1 running processes
1757108821.267426: 1305263-7f8dc6ffd700: cdpl_farm.c:3985: in cdpl_farm_submit(): debug: new command C1 in bin B1 assigned to host `localhost'
1757108821.267489: 1305263-7f8dc6ffd700: cdpl_server_sched.c:705: in _sv_launch_worker(): info: started worker W1 (as C1) in bin B1
1757108821.267516: 1305263-7f8dc67fc700: cdpl_farm.c:2139: in _schedule(): debug: started
1757108821.267524: 1305263-7f8dc67fc700: cdpl_farm.c:2303: in _schedule(): debug: submitting command C1 in bin B1
1757108821.267541: 1305263-7f8dc67fc700: cdpl_sh.c:49: in _sh_detached_submit(): info: SH : /home/argershm/180-voltmeter/Analog/cc/synopsys_custom/pwdp_jobs/saeSession0_diffmodegain.SimulationSimulation_cdpl.0.1305263/START_WORKER pw_worker -i /home/argershm/180-voltmeter/Analog/cc/synopsys_custom/pwdp_jobs/saeSession0_diffmodegain.SimulationSimulation_cdpl.0.1305263 -t 10000
1757108821.272670: 1305263-7f8dc67fc700: cdpl_farm.c:2343: in _schedule(): debug: C1 in bin B1 running on slot 0
1757108821.272702: 1305263-7f8dc67fc700: cdpl_farm.c:2167: in _schedule(): debug: idle
1757108821.281848: 1305263-7f8e2399f540: cdpl_compat_master.c:5948: in cdplMasterLogInfo(): info: [non-CDPL log entry] PWDP3: reset pilot cache succeeded, pilot_key=saeSession0,1,diff_mode_gain|&/home/argershm/180-voltmeter/Analog/cc/simulation/integrator,tb_main_opamp,schematic/history_1/simulation/diff_mode_gain/PrimeSimSPICE/nominal/results
1757108821.572769: 1305263-7f8dc67fc700: cdpl_farm.c:1193: in _onexit(): debug: C1 in bin B1 exited normally on slot 0
1757108822.386818: 1305263-7f8dc7fff700: cdpl_compat_master.c:5948: in cdplMasterLogInfo(): info: [non-CDPL log entry] PWDP - no-workers started ok check start!
1757108823.021645: 1305263-7f8ddffff700: cdpl_ipc.c:1862: in _epoll_accept(): debug: new connection from `152.14.98.53:44912'
1757108823.021683: 1305263-7f8ddf7fe700: cdpl_server_ipc.c:1225: in _sv_ipc_thread(): debug: received ACCEPT notification
1757108823.021693: 1305263-7f8ddf7fe700: cdpl_ipc.c:2503: in cdpl_ipc_host_accept(): debug: accepted host `152.14.98.53:44912'
1757108823.021753: 1305263-7f8ddf7fe700: cdpl_server_ipc.c:1246: in _sv_ipc_thread(): debug: received HELLO message
1757108823.021755: 1305263-7f8ddf7fe700: cdpl_server_ipc.c:430: in _sv_on_hello(): debug: looking up W1
1757108823.021760: 1305263-7f8ddf7fe700: cdpl_server_ipc.c:540: in _sv_on_hello(): info: W1 is `152.14.98.53:44912'
1757108823.021761: 1305263-7f8ddf7fe700: cdpl_server_ipc.c:541: in _sv_on_hello(): debug: hello W1 (B1)
1757108823.021763: 1305263-7f8ddf7fe700: cdpl_server_ipc.c:542: in _sv_on_hello(): info: W1 log file is /dev/null
1757108823.021810: 1305263-7f8ddf7fe700: cdpl_server_ipc.c:602: in _sv_on_hello(): info: up to 1 alive workers in B1
1757108823.021819: 1305263-7f8ddf7fe700: cdpl_farm.c:878: in _release_cmd(): debug: freeing command C1 in bin B1
1757108823.021838: 1305263-7f8dc6ffd700: cdpl_server_sched.c:960: in _assign(): info: assigning task T0 to worker W1
1757108823.085246: 1305263-7f8ddf7fe700: cdpl_server_ipc.c:1268: in _sv_ipc_thread(): debug: received RELAY message
1757108823.085261: 1305263-7f8ddf7fe700: cdpl_server_ipc.c:713: in _sv_on_relay(): debug: RELAY message from W1, size = 65
1757108823.085263: 1305263-7f8ddf7fe700: cdpl_server_ipc.c:715: in _sv_on_relay(): debug: RELAY message from W1, content = 0$1306486 claws-compute3.ece.ncsu.edu 1306526 RUNNING 1757108823
1757108824.021970: 1305263-7f8ddf7fe700: cdpl_server_ipc.c:312: in _sv_on_heartbeat(): debug: received HEARTBEAT from worker W1 at 152.14.98.53:44912
1757108825.440318: 1305263-7f8ddeffd700: cdpl_monitor.c:533: in cdpl_mn_connect(): debug: connecting to 152.14.98.53:34059
1757108825.440328: 1305263-7f8ddeffd700: cdpl_ipc.c:3789: in cdpl_ipc_connect(): info: connecting to 152.14.98.53:34059
1757108825.440467: 1305263-7f8ddeffd700: cdpl_ipc.c:3860: in cdpl_ipc_connect(): info: connected as `152.14.98.53:58000'
1757108825.440474: 1305263-7f8ddeffd700: cdpl_ipc.c:2503: in cdpl_ipc_host_accept(): debug: accepted host `152.14.98.53:34059'
1757108825.440478: 1305263-7f8ddeffd700: cdpl_monitor.c:579: in cdpl_mn_connect(): debug: ok
1757108829.627781: 1305263-7f8ddf7fe700: cdpl_server_ipc.c:1268: in _sv_ipc_thread(): debug: received RELAY message
1757108829.627794: 1305263-7f8ddf7fe700: cdpl_server_ipc.c:713: in _sv_on_relay(): debug: RELAY message from W1, size = 52
1757108829.627796: 1305263-7f8ddf7fe700: cdpl_server_ipc.c:715: in _sv_on_relay(): debug: RELAY message from W1, content = WORKERDU|4332,/dev/mapper/rhel_claws--compute3-home
1757108829.627800: 1305263-7f8ddf7fe700: cdpl_server_ipc.c:1268: in _sv_ipc_thread(): debug: received RELAY message
1757108829.627802: 1305263-7f8ddf7fe700: cdpl_server_ipc.c:713: in _sv_on_relay(): debug: RELAY message from W1, size = 193
1757108829.627803: 1305263-7f8ddf7fe700: cdpl_server_ipc.c:715: in _sv_on_relay(): debug: RELAY message from W1, content = REQPILOT|saeSession0,1,diff_mode_gain|&/home/argershm/180-voltmeter/Analog/cc/simulation/integrator,tb_main_opamp,schematic/history_1/simulation/diff_mode_gain/PrimeSimSPICE/nominal/results|&0
1757108829.627868: 1305263-7f8ddcff9700: cdpl_compat_master.c:5948: in cdplMasterLogInfo(): info: [non-CDPL log entry] PWDP send back 'DOPILOT' to worker id:1 key: saeSession0,1,diff_mode_gain|&/home/argershm/180-voltmeter/Analog/cc/simulation/integrator,tb_main_opamp,schematic/history_1/simulation/diff_mode_gain/PrimeSimSPICE/nominal/results
1757108829.628031: 1305263-7f8ddcff9700: cdpl_compat_master.c:5948: in cdplMasterLogInfo(): info: [non-CDPL log entry] PWDP: set pilot doing!
1757108829.631869: 1305263-7f8ddf7fe700: cdpl_server_ipc.c:1268: in _sv_ipc_thread(): debug: received RELAY message
1757108829.631873: 1305263-7f8ddf7fe700: cdpl_server_ipc.c:713: in _sv_on_relay(): debug: RELAY message from W1, size = 189
1757108829.631875: 1305263-7f8ddf7fe700: cdpl_server_ipc.c:715: in _sv_on_relay(): debug: RELAY message from W1, content = PILOTOK|saeSession0,1,diff_mode_gain|&/home/argershm/180-voltmeter/Analog/cc/simulation/integrator,tb_main_opamp,schematic/history_1/simulation/diff_mode_gain/PrimeSimSPICE/nominal/results
1757108829.631891: 1305263-7f8ddcff9700: cdpl_compat_master.c:5948: in cdplMasterLogInfo(): info: [non-CDPL log entry] PWDP: set pilot done!
1757108829.631934: 1305263-7f8ddf7fe700: cdpl_server_ipc.c:1268: in _sv_ipc_thread(): debug: received RELAY message
1757108829.631936: 1305263-7f8ddf7fe700: cdpl_server_ipc.c:713: in _sv_on_relay(): debug: RELAY message from W1, size = 18
1757108829.631938: 1305263-7f8ddf7fe700: cdpl_server_ipc.c:715: in _sv_on_relay(): debug: RELAY message from W1, content = 0$- - - MEASDOING
1757108829.900963: 1305263-7f8ddf7fe700: cdpl_server_ipc.c:1268: in _sv_ipc_thread(): debug: received RELAY message
1757108829.900976: 1305263-7f8ddf7fe700: cdpl_server_ipc.c:713: in _sv_on_relay(): debug: RELAY message from W1, size = 77
1757108829.900978: 1305263-7f8ddf7fe700: cdpl_server_ipc.c:715: in _sv_on_relay(): debug: RELAY message from W1, content = 0$1306486 claws-compute3.ece.ncsu.edu 1306526 FINISHED 1757108823|1757108829
1757108829.902469: 1305263-7f8ddf7fe700: cdpl_server_ipc.c:1268: in _sv_ipc_thread(): debug: received RELAY message
1757108829.902477: 1305263-7f8ddf7fe700: cdpl_server_ipc.c:713: in _sv_on_relay(): debug: RELAY message from W1, size = 191
1757108829.902479: 1305263-7f8ddf7fe700: cdpl_server_ipc.c:715: in _sv_on_relay(): debug: RELAY message from W1, content = PILOTDONE|saeSession0,1,diff_mode_gain|&/home/argershm/180-voltmeter/Analog/cc/simulation/integrator,tb_main_opamp,schematic/history_1/simulation/diff_mode_gain/PrimeSimSPICE/nominal/results
1757108829.902496: 1305263-7f8ddcff9700: cdpl_compat_master.c:5948: in cdplMasterLogInfo(): info: [non-CDPL log entry] saeSession0,1,diff_mode_gain|&/home/argershm/180-voltmeter/Analog/cc/simulation/integrator,tb_main_opamp,schematic/history_1/simulation/diff_mode_gain/PrimeSimSPICE/nominal/results PILOTDONE!
1757108829.902685: 1305263-7f8ddf7fe700: cdpl_server_ipc.c:1251: in _sv_ipc_thread(): debug: received FINISH message
1757108829.902690: 1305263-7f8ddf7fe700: cdpl_server_ipc.c:983: in _sv_on_finish(): info: worker W1 completed task T0
1757108829.902692: 1305263-7f8ddf7fe700: cdpl_server_ipc.c:988: in _sv_on_finish(): debug: stat T0: utime=3839 stime=1948
1757108829.902695: 1305263-7f8ddf7fe700: cdpl_server_ipc.c:993: in _sv_on_finish(): debug: statm T0: vsize=3054760 rss=1011772 shared=518592 text=474784 data=709888
1757108829.907690: 1305263-7f8ddf7fe700: cdpl_server_ipc.c:1268: in _sv_ipc_thread(): debug: received RELAY message
1757108829.907698: 1305263-7f8ddf7fe700: cdpl_server_ipc.c:713: in _sv_on_relay(): debug: RELAY message from W1, size = 50
1757108829.907700: 1305263-7f8ddf7fe700: cdpl_server_ipc.c:715: in _sv_on_relay(): debug: RELAY message from W1, content = WORKERDU|20,/dev/mapper/rhel_claws--compute3-home
1757108829.971139: 1305263-7f8e2399f540: cdpl_server.c:227: in _sv_free_task_safe(): debug: freeing task T0
1757108831.987929: 1305263-7f8e2399f540: cdpl_server.c:3008: in cdpl_sv_halt_job_errno(): info: killing job J1
1757108831.987962: 1305263-7f8e2399f540: cdpl_server.c:3044: in cdpl_sv_halt_job_errno(): debug: signal bin B1 scheduler to stop
1757108831.987981: 1305263-7f8dc6ffd700: cdpl_server_sched.c:2484: in _sv_scheduler_thread(): debug: scheduler for bin B1 stopped
1757108831.988019: 1305263-7f8dc6ffd700: cdpl_ipc.c:1657: in _host_drop__UNSAFE(): debug: dropping host `152.14.98.53:44912'
1757108831.988055: 1305263-7f8dc6ffd700: cdpl_server_sched.c:2830: in _sv_drop_worker(): info: down to 0 alive workers in B1
1757108831.988064: 1305263-7f8dc6ffd700: cdpl_farm.c:4152: in cdpl_farm_dismiss(): debug: down to 0 running processes
1757108831.988067: 1305263-7f8ddf7fe700: cdpl_server_ipc.c:1236: in _sv_ipc_thread(): debug: received DROP notification
1757108831.988086: 1305263-7f8dc6ffd700: cdpl_server_sched.c:121: in _free_worker_2(): debug: freeing worker W1
1757108831.988100: 1305263-7f8dc6ffd700: cdpl_ipc.c:2513: in cdpl_ipc_host_release(): debug: releasing host `152.14.98.53:44912'
1757108831.988102: 1305263-7f8dc6ffd700: cdpl_ipc.c:2529: in cdpl_ipc_host_release(): debug: scheduling for immediate release
1757108831.988119: 1305263-7f8e2399f540: cdpl_server.c:294: in _sv_free_job(): info: freeing job J1
1757108831.988125: 1305263-7f8e2399f540: cdpl_server.c:92: in _sv_free_bin(): debug: freeing bin B1
1757108831.988163: 1305263-7f8e2399f540: cdpl_monitor.c:515: in cdpl_mn_kill(): info: killing monitor
1757108831.988173: 1305263-7f8e2399f540: cdpl_ipc.c:3677: in cdpl_ipc_kill(): debug: stopping event server
1757108831.988185: 1305263-7f8dde7fc700: cdpl_ipc.c:2460: in _epoll_main(): debug: server going down...
1757108831.988216: 1305263-7f8ddffff700: cdpl_ipc.c:775: in _readv(): warning: read(): EOF
1757108831.988230: 1305263-7f8ddffff700: cdpl_ipc.c:2100: in _epoll_recv(): debug: _readv(): Broken pipe
1757108831.988233: 1305263-7f8ddffff700: cdpl_ipc.c:2424: in _epoll_main(): debug: _epoll_recv(): Broken pipe
1757108831.988237: 1305263-7f8ddffff700: cdpl_ipc.c:1657: in _host_drop__UNSAFE(): debug: dropping host `152.14.98.53:44906'
1757108831.988273: 1305263-7f8ddffff700: cdpl_ipc.c:1582: in _host_free__UNSAFE(): debug: freeing host `152.14.98.53:44912'
1757108831.988276: 1305263-7f8ddffff700: cdpl_ipc.c:1621: in _host_free__UNSAFE(): debug: [0 outq, 0 spR, 0 spW]
1757108831.988284: 1305263-7f8ddf7fe700: cdpl_server_ipc.c:1236: in _sv_ipc_thread(): debug: received DROP notification
1757108831.988294: 1305263-7f8ddf7fe700: cdpl_monitor.c:1269: in cdpl_mn_drop(): debug: detaching from monitor `152.14.98.53:44906'
1757108831.988304: 1305263-7f8ddf7fe700: cdpl_monitor.c:1101: in mn_systat_stop(): debug: joining systat thread
1757108831.988327: 1305263-7f8ddd7fa700: cdpl_monitor.c:1079: in mn_systat(): debug: exiting
1757108831.988335: 1305263-7f8ddf7fe700: cdpl_monitor.c:1103: in mn_systat_stop(): debug: systat thread done
1757108831.988339: 1305263-7f8ddf7fe700: cdpl_ipc.c:2513: in cdpl_ipc_host_release(): debug: releasing host `152.14.98.53:44906'
1757108831.988370: 1305263-7f8ddeffd700: cdpl_ipc.c:3728: in cdpl_ipc_free(): debug: releasing IPC handle
1757108831.988374: 1305263-7f8ddeffd700: cdpl_ipc.c:1582: in _host_free__UNSAFE(): debug: freeing host `152.14.98.53:34059'
1757108831.988377: 1305263-7f8ddeffd700: cdpl_ipc.c:1621: in _host_free__UNSAFE(): debug: [0 outq, 0 spR, 0 spW]
1757108831.988391: 1305263-7f8ddeffd700: cdpl_ipc.c:1582: in _host_free__UNSAFE(): debug: freeing host `152.14.98.53:35893'
1757108831.988392: 1305263-7f8ddeffd700: cdpl_ipc.c:1621: in _host_free__UNSAFE(): debug: [0 outq, 0 spR, 0 spW]
1757108831.988398: 1305263-7f8ddeffd700: cdpl_ipc.c:3756: in cdpl_ipc_free(): warning: 2 host(s) were not released
1757108831.988411: 1305263-7f8ddeffd700: cdpl_ipc.c:3767: in cdpl_ipc_free(): debug: done
1757108831.988413: 1305263-7f8ddeffd700: cdpl_monitor.c:1390: in cdpl_mn_free(): debug: freeing monitor client
1757108831.988486: 1305263-7f8e2399f540: cdpl_farm.c:2740: in cdpl_farm_free(): info: freeing farm
1757108831.988495: 1305263-7f8dc67fc700: cdpl_farm.c:2231: in _schedule(): debug: end of idling
1757108831.988498: 1305263-7f8dc67fc700: cdpl_farm.c:2235: in _schedule(): debug: dying
1757108831.988529: 1305263-7f8e2399f540: cdpl_farm.c:913: in _killall(): debug: killing all remaining commands
1757108831.988538: 1305263-7f8e2399f540: cdpl_server.c:3144: in cdpl_sv_free(): info: freeing server S752286717
1757108831.988551: 1305263-7f8e2399f540: cdpl_server.c:3109: in cdpl_sv_kill_errno(): info: killing server
1757108831.988552: 1305263-7f8e2399f540: cdpl_ipc.c:3677: in cdpl_ipc_kill(): debug: stopping event server
1757108831.988560: 1305263-7f8ddf7fe700: cdpl_server_ipc.c:1200: in _sv_ipc_thread(): debug: leaving now
1757108831.988564: 1305263-7f8ddffff700: cdpl_ipc.c:2460: in _epoll_main(): debug: server going down...
1757108831.988568: 1305263-7f8e2399f540: cdpl_server.c:334: in _sv_free_master(): info: freeing master M1
1757108831.988573: 1305263-7f8e2399f540: cdpl_hash.c:68: in cdpl_h_destroy(): debug: put operations: 1
1757108831.988575: 1305263-7f8e2399f540: cdpl_hash.c:69: in cdpl_h_destroy(): debug: put collisions: 0
1757108831.988577: 1305263-7f8e2399f540: cdpl_hash.c:70: in cdpl_h_destroy(): debug: get operations: 1
1757108831.988578: 1305263-7f8e2399f540: cdpl_hash.c:71: in cdpl_h_destroy(): debug: get iterations: 1
1757108831.988584: 1305263-7f8e2399f540: cdpl_monitor.c:1390: in cdpl_mn_free(): debug: freeing monitor server
1757108831.988586: 1305263-7f8e2399f540: cdpl_ipc.c:3728: in cdpl_ipc_free(): debug: releasing IPC handle
1757108831.988587: 1305263-7f8e2399f540: cdpl_ipc.c:1582: in _host_free__UNSAFE(): debug: freeing host `152.14.98.53:44906'
1757108831.988590: 1305263-7f8e2399f540: cdpl_ipc.c:1621: in _host_free__UNSAFE(): debug: [0 outq, 0 spR, 0 spW]
1757108831.988603: 1305263-7f8e2399f540: cdpl_ipc.c:3767: in cdpl_ipc_free(): debug: done
1757108831.988609: 1305263-7f8e2399f540: cdpl_log.c:481: in cdpl_log_close(): info: @@end_of_log@@
