1757111139.442234: 1441557-7f9357045540: cdpl_log.c:337: in cdpl_log_open(): info: @@start_of_log@@
1757111139.442244: 1441557-7f9357045540: cdpl_log.c:1058: in cdpl_log_dump_sysinfo(): info: time: 2025/09/05 18:25:39 EDT -0400
1757111139.442246: 1441557-7f9357045540: cdpl_log.c:1060: in cdpl_log_dump_sysinfo(): info: version: W-2024.09-SP1-2 
1757111139.442247: 1441557-7f9357045540: cdpl_log.c:1062: in cdpl_log_dump_sysinfo(): info: system: Linux 4.18.0-553.69.1.el8_10.x86_64 #1 SMP Thu Aug 7 18:10:00 EDT 2025
1757111139.442249: 1441557-7f9357045540: cdpl_log.c:1067: in cdpl_log_dump_sysinfo(): info: processor: x86_64 64-bits
1757111139.442250: 1441557-7f9357045540: cdpl_log.c:1071: in cdpl_log_dump_sysinfo(): info: hostname: claws-compute3.ece.ncsu.edu
1757111139.442251: 1441557-7f9357045540: cdpl_log.c:1073: in cdpl_log_dump_sysinfo(): info: program name: custom_shell
1757111139.442254: 1441557-7f9357045540: cdpl_log.c:340: in cdpl_log_open(): debug: path: /home/argershm/180-voltmeter/Analog/cc/synopsys_custom/pwdp_jobs/saeSession0_diffmodegain.SimulationSimulation_cdpl.2.1441557/logs/master.claws-compute3.ece.ncsu.edu.1441557.log
1757111139.442255: 1441557-7f9357045540: cdpl_log.c:341: in cdpl_log_open(): debug: dir: /home/argershm/180-voltmeter/Analog/cc/synopsys_custom/pwdp_jobs/saeSession0_diffmodegain.SimulationSimulation_cdpl.2.1441557/logs
1757111139.442260: 1441557-7f9357045540: cdpl_server.c:536: in cdpl_sv_init(): info: new server S1040744119
1757111139.442263: 1441557-7f9357045540: cdpl_ipc.c:3475: in cdpl_ipc_init(): info: requesting IPv4 protocol
1757111139.446245: 1441557-7f9357045540: cdpl_ipc.c:837: in _selectaddrfamily(): info: selected IPv4 protocol
1757111139.446261: 1441557-7f9357045540: cdpl_ipc.c:1139: in _set_keepalive(): info: TCP keep alive interval: 300
1757111139.449105: 1441557-7f9357045540: cdpl_monitor.c:1117: in cdpl_mn_new_server(): info: creating server monitor instance
1757111139.449109: 1441557-7f9357045540: cdpl_server.c:650: in cdpl_sv_new_master(): info: new master M1
1757111139.449114: 1441557-7f9357045540: cdpl_server.c:6533: in cdpl_sv_ctl_master(): info: Setting worker heartbeat to 120 seconds
1757111139.449115: 1441557-7f9357045540: cdpl_server.c:6542: in cdpl_sv_ctl_master(): info: Setting worker heartbeat timeout to 3 heartbeats
1757111139.449117: 1441557-7f9357045540: cdpl_compat_master.c:2090: in _parse_hostfile(): info: reading hostfile `/home/argershm/180-voltmeter/Analog/cc/synopsys_custom/pwdp_jobs/saeSession0_diffmodegain.SimulationSimulation_cdpl.2.1441557/host_file'
1757111139.449126: 1441557-7f9357045540: cdpl_compat_master.c:1900: in _hostfile_parser(): debug: parsing "1     |localhost|   -1  | /tmp | SH | sh"
1757111139.449130: 1441557-7f9357045540: cdpl_farm.c:2578: in cdpl_farm_new_sh(): info: creating SH farm on localhost
1757111139.449133: 1441557-7f9357045540: cdpl_compat_master.c:206: in _set_farm_env(): info: exporting CDPL_LOGDIR as `/home/argershm/180-voltmeter/Analog/cc/synopsys_custom/pwdp_jobs/saeSession0_diffmodegain.SimulationSimulation_cdpl.2.1441557/logs'
1757111139.449135: 1441557-7f9357045540: cdpl_compat_master.c:212: in _set_farm_env(): info: exporting CDPL_TMPDIR as `/tmp'
1757111139.449137: 1441557-7f9357045540: cdpl_compat_master.c:235: in _set_farm_env(): info: exporting SNPSLMD_LICENSE_FILE as `27000@ece-lic-35.ece.ncsu.edu'
1757111139.449139: 1441557-7f9357045540: cdpl_compat_master.c:259: in _set_farm_env(): info: exporting CDPL_OPTIONS as `[nowlogs]'
1757111139.449140: 1441557-7f9357045540: cdpl_compat_master.c:266: in _set_farm_env(): info: exporting DISPLAY as `unix:12556'
1757111139.449142: 1441557-7f9357045540: cdpl_compat_master.c:274: in _set_farm_env(): info: exporting CDPL_HEARTBEAT as `120'
1757111139.449145: 1441557-7f9357045540: cdpl_farm.c:3149: in cdpl_farm_add_withdir(): debug: added `localhost' (capacity: unlimited)
1757111139.449147: 1441557-7f9357045540: cdpl_compat_parse.c:147: in parsefile(): debug: read `/home/argershm/180-voltmeter/Analog/cc/synopsys_custom/pwdp_jobs/saeSession0_diffmodegain.SimulationSimulation_cdpl.2.1441557/host_file', 2 lines
1757111139.449151: 1441557-7f9357045540: cdpl_compat_master.c:2931: in cdplInitMaster(): info: bcast dir is `/home/argershm/180-voltmeter/Analog/cc/synopsys_custom/pwdp_jobs/saeSession0_diffmodegain.SimulationSimulation_cdpl.2.1441557/logs'
1757111139.449182: 1441557-7f9357045540: cdpl_server.c:6433: in cdpl_sv_ctl_master(): info: farm worker timeout set to 300
1757111139.449184: 1441557-7f9357045540: cdpl_server.c:6486: in cdpl_sv_ctl_master(): info: maximum number of task execution attempts set to 1
1757111139.449187: 1441557-7f9357045540: cdpl_server.c:3195: in cdpl_sv_start(): debug: starting server
1757111139.449189: 1441557-7f9357045540: cdpl_ipc.c:3632: in cdpl_ipc_start(): debug: starting IPC server 152.14.98.53:38453
1757111139.449292: 1441557-7f9316e21700: cdpl_server_ipc.c:1182: in _sv_ipc_thread(): debug: ready
1757111139.449367: 1441557-7f93027fc700: cdpl_monitor.c:426: in cdpl_mn_init_client(): info: creating client monitor instance
1757111139.449382: 1441557-7f93027fc700: cdpl_ipc.c:3475: in cdpl_ipc_init(): info: requesting IPv4 protocol
1757111139.453809: 1441557-7f93027fc700: cdpl_ipc.c:837: in _selectaddrfamily(): info: selected IPv4 protocol
1757111139.453832: 1441557-7f93027fc700: cdpl_ipc.c:1139: in _set_keepalive(): info: TCP keep alive interval: 300
1757111139.458261: 1441557-7f93027fc700: cdpl_ipc.c:3632: in cdpl_ipc_start(): debug: starting IPC server 152.14.98.53:45169
1757111139.458369: 1441557-7f93027fc700: cdpl_monitor.c:471: in cdpl_mn_init_client(): debug: incoming messages in /tmp/cdpl-monitor-2rQ8cC
1757111139.458443: 1441557-7f93027fc700: cdpl_monitor.c:533: in cdpl_mn_connect(): debug: connecting to 152.14.98.53:38453
1757111139.458446: 1441557-7f93027fc700: cdpl_ipc.c:3789: in cdpl_ipc_connect(): info: connecting to 152.14.98.53:38453
1757111139.458505: 1441557-7f93027fc700: cdpl_ipc.c:3860: in cdpl_ipc_connect(): info: connected as `152.14.98.53:52424'
1757111139.458509: 1441557-7f93027fc700: cdpl_ipc.c:2503: in cdpl_ipc_host_accept(): debug: accepted host `152.14.98.53:38453'
1757111139.458514: 1441557-7f93027fc700: cdpl_monitor.c:579: in cdpl_mn_connect(): debug: ok
1757111139.458523: 1441557-7f9357045540: cdpl_server.c:731: in cdpl_sv_new_job(): info: new job J1 in M1
1757111139.458531: 1441557-7f9317622700: cdpl_ipc.c:1862: in _epoll_accept(): debug: new connection from `152.14.98.53:52424'
1757111139.458544: 1441557-7f9357045540: cdpl_compat_master.c:1581: in _add_worker(): info: new worker type 10, min:1, max:3, cmd:`/home/argershm/180-voltmeter/Analog/cc/synopsys_custom/pwdp_jobs/saeSession0_diffmodegain.SimulationSimulation_cdpl.2.1441557/START_WORKER pw_worker -i /home/argershm/180-voltmeter/Analog/cc/synopsys_custom/pwdp_jobs
1757111139.458548: 1441557-7f9357045540: cdpl_server.c:908: in cdpl_sv_new_bin_withfarm(): info: new bin B1 in J1
1757111139.458566: 1441557-7f9316e21700: cdpl_server_ipc.c:1225: in _sv_ipc_thread(): debug: received ACCEPT notification
1757111139.458577: 1441557-7f9316e21700: cdpl_ipc.c:2503: in cdpl_ipc_host_accept(): debug: accepted host `152.14.98.53:52424'
1757111139.458590: 1441557-7f9316e21700: cdpl_server_ipc.c:1256: in _sv_ipc_thread(): debug: received MONITOR message
1757111139.458719: 1441557-7f9316e21700: cdpl_monitor.c:1207: in cdpl_mn_accept(): debug: accepted monitor `152.14.98.53:52424'
1757111139.458723: 1441557-7f9316e21700: cdpl_server_ipc_mon.c:120: in _globalLOCK(): debug: ENTERTING GLOBAL LOCK
1757111139.458726: 1441557-7f9316e21700: cdpl_server_ipc_mon.c:164: in _globalLOCK(): debug: global lock acquired
1757111139.458728: 1441557-7f931561e700: cdpl_monitor.c:910: in mn_systat(): debug: started
1757111139.458941: 1441557-7f931561e700: cdpl_monitor.c:937: in mn_systat(): debug: monitor server flush rate: 5
1757111140.259028: 1441557-7f9316e21700: cdpl_server_ipc_mon.c:210: in _globalUNLOCK(): debug: LEAVING GLOBAL LOCK
1757111140.259052: 1441557-7f9357045540: cdpl_server.c:3249: in cdpl_sv_start_job(): info: starting job J1
1757111140.259070: 1441557-7f9357045540: cdpl_server.c:62: in _sv_start_bin(): debug: starting bin B1 (min: 0, max: 3)
1757111140.259212: 1441557-7f93037fe700: cdpl_server_sched.c:2482: in _sv_scheduler_thread(): debug: scheduler for bin B1 started
1757111140.259222: 1441557-7f9357045540: cdpl_server.c:1893: in _sv_gen_task(): info: new task T0 in B1 (prio 0)
1757111140.259231: 1441557-7f9357045540: cdpl_server.c:2698: in cdpl_sv_label_task_va(): info: setting task T0 label to "PrimeSim_3|PrimeSim"
1757111140.259243: 1441557-7f93037fe700: cdpl_server_sched.c:2443: in _scheduler_run(): debug: will start a new worker
1757111140.259254: 1441557-7f93037fe700: cdpl_farm.c:3977: in cdpl_farm_submit(): debug: 1 running processes
1757111140.259257: 1441557-7f93037fe700: cdpl_farm.c:3985: in cdpl_farm_submit(): debug: new command C1 in bin B1 assigned to host `localhost'
1757111140.259320: 1441557-7f93037fe700: cdpl_server_sched.c:705: in _sv_launch_worker(): info: started worker W1 (as C1) in bin B1
1757111140.259351: 1441557-7f9302ffd700: cdpl_farm.c:2139: in _schedule(): debug: started
1757111140.259359: 1441557-7f9302ffd700: cdpl_farm.c:2303: in _schedule(): debug: submitting command C1 in bin B1
1757111140.259364: 1441557-7f9302ffd700: cdpl_sh.c:49: in _sh_detached_submit(): info: SH : /home/argershm/180-voltmeter/Analog/cc/synopsys_custom/pwdp_jobs/saeSession0_diffmodegain.SimulationSimulation_cdpl.2.1441557/START_WORKER pw_worker -i /home/argershm/180-voltmeter/Analog/cc/synopsys_custom/pwdp_jobs/saeSession0_diffmodegain.SimulationSimulation_cdpl.2.1441557 -t 10000
1757111140.267083: 1441557-7f9302ffd700: cdpl_farm.c:2343: in _schedule(): debug: C1 in bin B1 running on slot 0
1757111140.267104: 1441557-7f9302ffd700: cdpl_farm.c:2167: in _schedule(): debug: idle
1757111140.277121: 1441557-7f9357045540: cdpl_compat_master.c:5948: in cdplMasterLogInfo(): info: [non-CDPL log entry] PWDP3: reset pilot cache succeeded, pilot_key=saeSession0,1,diff_mode_gain|&/home/argershm/180-voltmeter/Analog/cc/simulation/integrator,tb_main_opamp,schematic/history_1/simulation/diff_mode_gain/PrimeSimSPICE/nominal/results
1757111140.567170: 1441557-7f9302ffd700: cdpl_farm.c:1193: in _onexit(): debug: C1 in bin B1 exited normally on slot 0
1757111141.385157: 1441557-7f9314e1d700: cdpl_compat_master.c:5948: in cdplMasterLogInfo(): info: [non-CDPL log entry] PWDP - no-workers started ok check start!
1757111142.164246: 1441557-7f9317622700: cdpl_ipc.c:1862: in _epoll_accept(): debug: new connection from `152.14.98.53:52438'
1757111142.164296: 1441557-7f9316e21700: cdpl_server_ipc.c:1225: in _sv_ipc_thread(): debug: received ACCEPT notification
1757111142.164312: 1441557-7f9316e21700: cdpl_ipc.c:2503: in cdpl_ipc_host_accept(): debug: accepted host `152.14.98.53:52438'
1757111142.164360: 1441557-7f9316e21700: cdpl_server_ipc.c:1246: in _sv_ipc_thread(): debug: received HELLO message
1757111142.164362: 1441557-7f9316e21700: cdpl_server_ipc.c:430: in _sv_on_hello(): debug: looking up W1
1757111142.164365: 1441557-7f9316e21700: cdpl_server_ipc.c:540: in _sv_on_hello(): info: W1 is `152.14.98.53:52438'
1757111142.164367: 1441557-7f9316e21700: cdpl_server_ipc.c:541: in _sv_on_hello(): debug: hello W1 (B1)
1757111142.164368: 1441557-7f9316e21700: cdpl_server_ipc.c:542: in _sv_on_hello(): info: W1 log file is /dev/null
1757111142.164385: 1441557-7f9316e21700: cdpl_server_ipc.c:602: in _sv_on_hello(): info: up to 1 alive workers in B1
1757111142.164390: 1441557-7f9316e21700: cdpl_farm.c:878: in _release_cmd(): debug: freeing command C1 in bin B1
1757111142.164486: 1441557-7f93037fe700: cdpl_server_sched.c:960: in _assign(): info: assigning task T0 to worker W1
1757111142.228183: 1441557-7f9316e21700: cdpl_server_ipc.c:1268: in _sv_ipc_thread(): debug: received RELAY message
1757111142.228193: 1441557-7f9316e21700: cdpl_server_ipc.c:713: in _sv_on_relay(): debug: RELAY message from W1, size = 65
1757111142.228196: 1441557-7f9316e21700: cdpl_server_ipc.c:715: in _sv_on_relay(): debug: RELAY message from W1, content = 0$1454523 claws-compute3.ece.ncsu.edu 1454604 RUNNING 1757111142
1757111143.164669: 1441557-7f9316e21700: cdpl_server_ipc.c:312: in _sv_on_heartbeat(): debug: received HEARTBEAT from worker W1 at 152.14.98.53:52438
1757111144.459486: 1441557-7f93027fc700: cdpl_monitor.c:533: in cdpl_mn_connect(): debug: connecting to 152.14.98.53:37655
1757111144.459498: 1441557-7f93027fc700: cdpl_ipc.c:3789: in cdpl_ipc_connect(): info: connecting to 152.14.98.53:37655
1757111144.459628: 1441557-7f93027fc700: cdpl_ipc.c:3860: in cdpl_ipc_connect(): info: connected as `152.14.98.53:59486'
1757111144.459633: 1441557-7f93027fc700: cdpl_ipc.c:2503: in cdpl_ipc_host_accept(): debug: accepted host `152.14.98.53:37655'
1757111144.459638: 1441557-7f93027fc700: cdpl_monitor.c:579: in cdpl_mn_connect(): debug: ok
1757111149.157892: 1441557-7f9316e21700: cdpl_server_ipc.c:1268: in _sv_ipc_thread(): debug: received RELAY message
1757111149.157909: 1441557-7f9316e21700: cdpl_server_ipc.c:713: in _sv_on_relay(): debug: RELAY message from W1, size = 52
1757111149.157911: 1441557-7f9316e21700: cdpl_server_ipc.c:715: in _sv_on_relay(): debug: RELAY message from W1, content = WORKERDU|4408,/dev/mapper/rhel_claws--compute3-home
1757111149.157917: 1441557-7f9316e21700: cdpl_server_ipc.c:1268: in _sv_ipc_thread(): debug: received RELAY message
1757111149.157919: 1441557-7f9316e21700: cdpl_server_ipc.c:713: in _sv_on_relay(): debug: RELAY message from W1, size = 193
1757111149.157921: 1441557-7f9316e21700: cdpl_server_ipc.c:715: in _sv_on_relay(): debug: RELAY message from W1, content = REQPILOT|saeSession0,1,diff_mode_gain|&/home/argershm/180-voltmeter/Analog/cc/simulation/integrator,tb_main_opamp,schematic/history_1/simulation/diff_mode_gain/PrimeSimSPICE/nominal/results|&0
1757111149.157972: 1441557-7f9315e1f700: cdpl_compat_master.c:5948: in cdplMasterLogInfo(): info: [non-CDPL log entry] PWDP send back 'DOPILOT' to worker id:1 key: saeSession0,1,diff_mode_gain|&/home/argershm/180-voltmeter/Analog/cc/simulation/integrator,tb_main_opamp,schematic/history_1/simulation/diff_mode_gain/PrimeSimSPICE/nominal/results
1757111149.158137: 1441557-7f9315e1f700: cdpl_compat_master.c:5948: in cdplMasterLogInfo(): info: [non-CDPL log entry] PWDP: set pilot doing!
1757111149.161508: 1441557-7f9316e21700: cdpl_server_ipc.c:1268: in _sv_ipc_thread(): debug: received RELAY message
1757111149.161516: 1441557-7f9316e21700: cdpl_server_ipc.c:713: in _sv_on_relay(): debug: RELAY message from W1, size = 189
1757111149.161519: 1441557-7f9316e21700: cdpl_server_ipc.c:715: in _sv_on_relay(): debug: RELAY message from W1, content = PILOTOK|saeSession0,1,diff_mode_gain|&/home/argershm/180-voltmeter/Analog/cc/simulation/integrator,tb_main_opamp,schematic/history_1/simulation/diff_mode_gain/PrimeSimSPICE/nominal/results
1757111149.161537: 1441557-7f9315e1f700: cdpl_compat_master.c:5948: in cdplMasterLogInfo(): info: [non-CDPL log entry] PWDP: set pilot done!
1757111149.161600: 1441557-7f9316e21700: cdpl_server_ipc.c:1268: in _sv_ipc_thread(): debug: received RELAY message
1757111149.161606: 1441557-7f9316e21700: cdpl_server_ipc.c:713: in _sv_on_relay(): debug: RELAY message from W1, size = 18
1757111149.161608: 1441557-7f9316e21700: cdpl_server_ipc.c:715: in _sv_on_relay(): debug: RELAY message from W1, content = 0$- - - MEASDOING
1757111155.631794: 1441557-7f9316e21700: cdpl_server_ipc.c:1268: in _sv_ipc_thread(): debug: received RELAY message
1757111155.631815: 1441557-7f9316e21700: cdpl_server_ipc.c:713: in _sv_on_relay(): debug: RELAY message from W1, size = 77
1757111155.631817: 1441557-7f9316e21700: cdpl_server_ipc.c:715: in _sv_on_relay(): debug: RELAY message from W1, content = 0$1454523 claws-compute3.ece.ncsu.edu 1454604 FINISHED 1757111142|1757111155
1757111155.633270: 1441557-7f9316e21700: cdpl_server_ipc.c:1268: in _sv_ipc_thread(): debug: received RELAY message
1757111155.633278: 1441557-7f9316e21700: cdpl_server_ipc.c:713: in _sv_on_relay(): debug: RELAY message from W1, size = 191
1757111155.633281: 1441557-7f9316e21700: cdpl_server_ipc.c:715: in _sv_on_relay(): debug: RELAY message from W1, content = PILOTDONE|saeSession0,1,diff_mode_gain|&/home/argershm/180-voltmeter/Analog/cc/simulation/integrator,tb_main_opamp,schematic/history_1/simulation/diff_mode_gain/PrimeSimSPICE/nominal/results
1757111155.633308: 1441557-7f9315e1f700: cdpl_compat_master.c:5948: in cdplMasterLogInfo(): info: [non-CDPL log entry] saeSession0,1,diff_mode_gain|&/home/argershm/180-voltmeter/Analog/cc/simulation/integrator,tb_main_opamp,schematic/history_1/simulation/diff_mode_gain/PrimeSimSPICE/nominal/results PILOTDONE!
1757111155.633602: 1441557-7f9316e21700: cdpl_server_ipc.c:1251: in _sv_ipc_thread(): debug: received FINISH message
1757111155.633608: 1441557-7f9316e21700: cdpl_server_ipc.c:983: in _sv_on_finish(): info: worker W1 completed task T0
1757111155.633611: 1441557-7f9316e21700: cdpl_server_ipc.c:988: in _sv_on_finish(): debug: stat T0: utime=4091 stime=1992
1757111155.633613: 1441557-7f9316e21700: cdpl_server_ipc.c:993: in _sv_on_finish(): debug: statm T0: vsize=3055200 rss=1036020 shared=520008 text=474784 data=710420
1757111155.638759: 1441557-7f9316e21700: cdpl_server_ipc.c:1268: in _sv_ipc_thread(): debug: received RELAY message
1757111155.638767: 1441557-7f9316e21700: cdpl_server_ipc.c:713: in _sv_on_relay(): debug: RELAY message from W1, size = 50
1757111155.638770: 1441557-7f9316e21700: cdpl_server_ipc.c:715: in _sv_on_relay(): debug: RELAY message from W1, content = WORKERDU|24,/dev/mapper/rhel_claws--compute3-home
1757111155.671944: 1441557-7f9357045540: cdpl_server.c:227: in _sv_free_task_safe(): debug: freeing task T0
1757111156.633804: 1441557-7f9357045540: cdpl_server.c:3008: in cdpl_sv_halt_job_errno(): info: killing job J1
1757111156.633828: 1441557-7f9357045540: cdpl_server.c:3044: in cdpl_sv_halt_job_errno(): debug: signal bin B1 scheduler to stop
1757111156.633852: 1441557-7f93037fe700: cdpl_server_sched.c:2484: in _sv_scheduler_thread(): debug: scheduler for bin B1 stopped
1757111156.633868: 1441557-7f93037fe700: cdpl_ipc.c:1657: in _host_drop__UNSAFE(): debug: dropping host `152.14.98.53:52438'
1757111156.633903: 1441557-7f93037fe700: cdpl_server_sched.c:2830: in _sv_drop_worker(): info: down to 0 alive workers in B1
1757111156.633906: 1441557-7f93037fe700: cdpl_farm.c:4152: in cdpl_farm_dismiss(): debug: down to 0 running processes
1757111156.633909: 1441557-7f93037fe700: cdpl_server_sched.c:121: in _free_worker_2(): debug: freeing worker W1
1757111156.633911: 1441557-7f93037fe700: cdpl_ipc.c:2513: in cdpl_ipc_host_release(): debug: releasing host `152.14.98.53:52438'
1757111156.633916: 1441557-7f9316e21700: cdpl_server_ipc.c:1236: in _sv_ipc_thread(): debug: received DROP notification
1757111156.633928: 1441557-7f9357045540: cdpl_server.c:294: in _sv_free_job(): info: freeing job J1
1757111156.633934: 1441557-7f9357045540: cdpl_server.c:92: in _sv_free_bin(): debug: freeing bin B1
1757111156.633941: 1441557-7f9357045540: cdpl_monitor.c:515: in cdpl_mn_kill(): info: killing monitor
1757111156.633955: 1441557-7f9357045540: cdpl_ipc.c:3677: in cdpl_ipc_kill(): debug: stopping event server
1757111156.634121: 1441557-7f9301ffb700: cdpl_ipc.c:2460: in _epoll_main(): debug: server going down...
1757111156.634133: 1441557-7f9317622700: cdpl_ipc.c:775: in _readv(): warning: read(): EOF
1757111156.634144: 1441557-7f9317622700: cdpl_ipc.c:2100: in _epoll_recv(): debug: _readv(): Broken pipe
1757111156.634148: 1441557-7f9317622700: cdpl_ipc.c:2424: in _epoll_main(): debug: _epoll_recv(): Broken pipe
1757111156.634152: 1441557-7f9317622700: cdpl_ipc.c:1657: in _host_drop__UNSAFE(): debug: dropping host `152.14.98.53:52424'
1757111156.634157: 1441557-7f93027fc700: cdpl_ipc.c:3728: in cdpl_ipc_free(): debug: releasing IPC handle
1757111156.634162: 1441557-7f93027fc700: cdpl_ipc.c:1582: in _host_free__UNSAFE(): debug: freeing host `152.14.98.53:37655'
1757111156.634165: 1441557-7f93027fc700: cdpl_ipc.c:1621: in _host_free__UNSAFE(): debug: [0 outq, 0 spR, 0 spW]
1757111156.634179: 1441557-7f93027fc700: cdpl_ipc.c:1582: in _host_free__UNSAFE(): debug: freeing host `152.14.98.53:38453'
1757111156.634181: 1441557-7f93027fc700: cdpl_ipc.c:1621: in _host_free__UNSAFE(): debug: [0 outq, 0 spR, 0 spW]
1757111156.634188: 1441557-7f9317622700: cdpl_ipc.c:1582: in _host_free__UNSAFE(): debug: freeing host `152.14.98.53:52438'
1757111156.634198: 1441557-7f9317622700: cdpl_ipc.c:1621: in _host_free__UNSAFE(): debug: [0 outq, 0 spR, 0 spW]
1757111156.634203: 1441557-7f93027fc700: cdpl_ipc.c:3756: in cdpl_ipc_free(): warning: 2 host(s) were not released
1757111156.634213: 1441557-7f93027fc700: cdpl_ipc.c:3767: in cdpl_ipc_free(): debug: done
1757111156.634215: 1441557-7f93027fc700: cdpl_monitor.c:1390: in cdpl_mn_free(): debug: freeing monitor client
1757111156.634244: 1441557-7f9316e21700: cdpl_server_ipc.c:1236: in _sv_ipc_thread(): debug: received DROP notification
1757111156.634251: 1441557-7f9316e21700: cdpl_monitor.c:1269: in cdpl_mn_drop(): debug: detaching from monitor `152.14.98.53:52424'
1757111156.634256: 1441557-7f9316e21700: cdpl_monitor.c:1101: in mn_systat_stop(): debug: joining systat thread
1757111156.634267: 1441557-7f931561e700: cdpl_monitor.c:1079: in mn_systat(): debug: exiting
1757111156.634270: 1441557-7f9316e21700: cdpl_monitor.c:1103: in mn_systat_stop(): debug: systat thread done
1757111156.634275: 1441557-7f9316e21700: cdpl_ipc.c:2513: in cdpl_ipc_host_release(): debug: releasing host `152.14.98.53:52424'
1757111156.634310: 1441557-7f9357045540: cdpl_farm.c:2740: in cdpl_farm_free(): info: freeing farm
1757111156.634332: 1441557-7f9302ffd700: cdpl_farm.c:2231: in _schedule(): debug: end of idling
1757111156.634339: 1441557-7f9302ffd700: cdpl_farm.c:2235: in _schedule(): debug: dying
1757111156.634386: 1441557-7f9357045540: cdpl_farm.c:913: in _killall(): debug: killing all remaining commands
1757111156.634391: 1441557-7f9357045540: cdpl_server.c:3144: in cdpl_sv_free(): info: freeing server S1040744119
1757111156.634394: 1441557-7f9357045540: cdpl_server.c:3109: in cdpl_sv_kill_errno(): info: killing server
1757111156.634396: 1441557-7f9357045540: cdpl_ipc.c:3677: in cdpl_ipc_kill(): debug: stopping event server
1757111156.634412: 1441557-7f9317622700: cdpl_ipc.c:2460: in _epoll_main(): debug: server going down...
1757111156.634422: 1441557-7f9316e21700: cdpl_server_ipc.c:1200: in _sv_ipc_thread(): debug: leaving now
1757111156.634434: 1441557-7f9357045540: cdpl_server.c:334: in _sv_free_master(): info: freeing master M1
1757111156.634437: 1441557-7f9357045540: cdpl_hash.c:68: in cdpl_h_destroy(): debug: put operations: 1
1757111156.634439: 1441557-7f9357045540: cdpl_hash.c:69: in cdpl_h_destroy(): debug: put collisions: 0
1757111156.634440: 1441557-7f9357045540: cdpl_hash.c:70: in cdpl_h_destroy(): debug: get operations: 1
1757111156.634442: 1441557-7f9357045540: cdpl_hash.c:71: in cdpl_h_destroy(): debug: get iterations: 1
1757111156.634445: 1441557-7f9357045540: cdpl_monitor.c:1390: in cdpl_mn_free(): debug: freeing monitor server
1757111156.634447: 1441557-7f9357045540: cdpl_ipc.c:3728: in cdpl_ipc_free(): debug: releasing IPC handle
1757111156.634448: 1441557-7f9357045540: cdpl_ipc.c:1582: in _host_free__UNSAFE(): debug: freeing host `152.14.98.53:52424'
1757111156.634450: 1441557-7f9357045540: cdpl_ipc.c:1621: in _host_free__UNSAFE(): debug: [0 outq, 0 spR, 0 spW]
1757111156.634465: 1441557-7f9357045540: cdpl_ipc.c:3767: in cdpl_ipc_free(): debug: done
1757111156.634466: 1441557-7f9357045540: cdpl_log.c:481: in cdpl_log_close(): info: @@end_of_log@@
