1756315942.364845: 251025-7f42f8a2e540: cdpl_log.c:337: in cdpl_log_open(): info: @@start_of_log@@
1756315942.364865: 251025-7f42f8a2e540: cdpl_log.c:1058: in cdpl_log_dump_sysinfo(): info: time: 2025/08/27 13:32:22 EDT -0400
1756315942.364868: 251025-7f42f8a2e540: cdpl_log.c:1060: in cdpl_log_dump_sysinfo(): info: version: W-2024.09-SP1-2 
1756315942.364869: 251025-7f42f8a2e540: cdpl_log.c:1062: in cdpl_log_dump_sysinfo(): info: system: Linux 4.18.0-553.69.1.el8_10.x86_64 #1 SMP Thu Aug 7 18:10:00 EDT 2025
1756315942.364871: 251025-7f42f8a2e540: cdpl_log.c:1067: in cdpl_log_dump_sysinfo(): info: processor: x86_64 64-bits
1756315942.364872: 251025-7f42f8a2e540: cdpl_log.c:1071: in cdpl_log_dump_sysinfo(): info: hostname: claws-compute3.ece.ncsu.edu
1756315942.364873: 251025-7f42f8a2e540: cdpl_log.c:1073: in cdpl_log_dump_sysinfo(): info: program name: custom_shell
1756315942.364876: 251025-7f42f8a2e540: cdpl_log.c:340: in cdpl_log_open(): debug: path: /home/argershm/180-voltmeter/Analog/cc/synopsys_custom/pwdp_jobs/saeSession0_diffmodegain.SimulationSimulation_cdpl.0.251025/logs/master.claws-compute3.ece.ncsu.edu.251025.log
1756315942.364878: 251025-7f42f8a2e540: cdpl_log.c:341: in cdpl_log_open(): debug: dir: /home/argershm/180-voltmeter/Analog/cc/synopsys_custom/pwdp_jobs/saeSession0_diffmodegain.SimulationSimulation_cdpl.0.251025/logs
1756315942.364905: 251025-7f42f8a2e540: cdpl_server.c:536: in cdpl_sv_init(): info: new server S316557525
1756315942.364910: 251025-7f42f8a2e540: cdpl_ipc.c:3475: in cdpl_ipc_init(): info: requesting IPv4 protocol
1756315942.368686: 251025-7f42f8a2e540: cdpl_ipc.c:837: in _selectaddrfamily(): info: selected IPv4 protocol
1756315942.368708: 251025-7f42f8a2e540: cdpl_ipc.c:1139: in _set_keepalive(): info: TCP keep alive interval: 300
1756315942.371796: 251025-7f42f8a2e540: cdpl_monitor.c:1117: in cdpl_mn_new_server(): info: creating server monitor instance
1756315942.371810: 251025-7f42f8a2e540: cdpl_server.c:650: in cdpl_sv_new_master(): info: new master M1
1756315942.371818: 251025-7f42f8a2e540: cdpl_server.c:6533: in cdpl_sv_ctl_master(): info: Setting worker heartbeat to 120 seconds
1756315942.371819: 251025-7f42f8a2e540: cdpl_server.c:6542: in cdpl_sv_ctl_master(): info: Setting worker heartbeat timeout to 3 heartbeats
1756315942.371821: 251025-7f42f8a2e540: cdpl_compat_master.c:2090: in _parse_hostfile(): info: reading hostfile `/home/argershm/180-voltmeter/Analog/cc/synopsys_custom/pwdp_jobs/saeSession0_diffmodegain.SimulationSimulation_cdpl.0.251025/host_file'
1756315942.371840: 251025-7f42f8a2e540: cdpl_compat_master.c:1900: in _hostfile_parser(): debug: parsing "1     |localhost|   -1  | /tmp | SH | sh"
1756315942.371854: 251025-7f42f8a2e540: cdpl_farm.c:2578: in cdpl_farm_new_sh(): info: creating SH farm on localhost
1756315942.371859: 251025-7f42f8a2e540: cdpl_compat_master.c:206: in _set_farm_env(): info: exporting CDPL_LOGDIR as `/home/argershm/180-voltmeter/Analog/cc/synopsys_custom/pwdp_jobs/saeSession0_diffmodegain.SimulationSimulation_cdpl.0.251025/logs'
1756315942.371860: 251025-7f42f8a2e540: cdpl_compat_master.c:212: in _set_farm_env(): info: exporting CDPL_TMPDIR as `/tmp'
1756315942.371862: 251025-7f42f8a2e540: cdpl_compat_master.c:235: in _set_farm_env(): info: exporting SNPSLMD_LICENSE_FILE as `27000@ece-lic-35.ece.ncsu.edu'
1756315942.371865: 251025-7f42f8a2e540: cdpl_compat_master.c:259: in _set_farm_env(): info: exporting CDPL_OPTIONS as `[nowlogs]'
1756315942.371866: 251025-7f42f8a2e540: cdpl_compat_master.c:266: in _set_farm_env(): info: exporting DISPLAY as `unix:25611'
1756315942.371868: 251025-7f42f8a2e540: cdpl_compat_master.c:274: in _set_farm_env(): info: exporting CDPL_HEARTBEAT as `120'
1756315942.371877: 251025-7f42f8a2e540: cdpl_farm.c:3149: in cdpl_farm_add_withdir(): debug: added `localhost' (capacity: unlimited)
1756315942.371879: 251025-7f42f8a2e540: cdpl_compat_parse.c:147: in parsefile(): debug: read `/home/argershm/180-voltmeter/Analog/cc/synopsys_custom/pwdp_jobs/saeSession0_diffmodegain.SimulationSimulation_cdpl.0.251025/host_file', 2 lines
1756315942.371881: 251025-7f42f8a2e540: cdpl_compat_master.c:2931: in cdplInitMaster(): info: bcast dir is `/home/argershm/180-voltmeter/Analog/cc/synopsys_custom/pwdp_jobs/saeSession0_diffmodegain.SimulationSimulation_cdpl.0.251025/logs'
1756315942.371930: 251025-7f42f8a2e540: cdpl_server.c:6433: in cdpl_sv_ctl_master(): info: farm worker timeout set to 300
1756315942.371932: 251025-7f42f8a2e540: cdpl_server.c:6486: in cdpl_sv_ctl_master(): info: maximum number of task execution attempts set to 1
1756315942.371946: 251025-7f42f8a2e540: cdpl_server.c:3195: in cdpl_sv_start(): debug: starting server
1756315942.371950: 251025-7f42f8a2e540: cdpl_ipc.c:3632: in cdpl_ipc_start(): debug: starting IPC server 152.14.98.53:43079
1756315942.372135: 251025-7f42c08c5700: cdpl_server_ipc.c:1182: in _sv_ipc_thread(): debug: ready
1756315942.372265: 251025-7f42affff700: cdpl_monitor.c:426: in cdpl_mn_init_client(): info: creating client monitor instance
1756315942.372283: 251025-7f42affff700: cdpl_ipc.c:3475: in cdpl_ipc_init(): info: requesting IPv4 protocol
1756315942.376423: 251025-7f42affff700: cdpl_ipc.c:837: in _selectaddrfamily(): info: selected IPv4 protocol
1756315942.376441: 251025-7f42affff700: cdpl_ipc.c:1139: in _set_keepalive(): info: TCP keep alive interval: 300
1756315942.379186: 251025-7f42affff700: cdpl_ipc.c:3632: in cdpl_ipc_start(): debug: starting IPC server 152.14.98.53:33697
1756315942.379302: 251025-7f42affff700: cdpl_monitor.c:471: in cdpl_mn_init_client(): debug: incoming messages in /tmp/cdpl-monitor-aoT1X5
1756315942.379405: 251025-7f42affff700: cdpl_monitor.c:533: in cdpl_mn_connect(): debug: connecting to 152.14.98.53:43079
1756315942.379412: 251025-7f42affff700: cdpl_ipc.c:3789: in cdpl_ipc_connect(): info: connecting to 152.14.98.53:43079
1756315942.379516: 251025-7f42affff700: cdpl_ipc.c:3860: in cdpl_ipc_connect(): info: connected as `152.14.98.53:60960'
1756315942.379530: 251025-7f42affff700: cdpl_ipc.c:2503: in cdpl_ipc_host_accept(): debug: accepted host `152.14.98.53:43079'
1756315942.379543: 251025-7f42c10c6700: cdpl_ipc.c:1862: in _epoll_accept(): debug: new connection from `152.14.98.53:60960'
1756315942.379560: 251025-7f42affff700: cdpl_monitor.c:579: in cdpl_mn_connect(): debug: ok
1756315942.379583: 251025-7f42f8a2e540: cdpl_server.c:731: in cdpl_sv_new_job(): info: new job J1 in M1
1756315942.379599: 251025-7f42c08c5700: cdpl_server_ipc.c:1225: in _sv_ipc_thread(): debug: received ACCEPT notification
1756315942.379608: 251025-7f42f8a2e540: cdpl_compat_master.c:1581: in _add_worker(): info: new worker type 10, min:1, max:3, cmd:`/home/argershm/180-voltmeter/Analog/cc/synopsys_custom/pwdp_jobs/saeSession0_diffmodegain.SimulationSimulation_cdpl.0.251025/START_WORKER pw_worker -i /home/argershm/180-voltmeter/Analog/cc/synopsys_custom/pwdp_jobs/
1756315942.379610: 251025-7f42c08c5700: cdpl_ipc.c:2503: in cdpl_ipc_host_accept(): debug: accepted host `152.14.98.53:60960'
1756315942.379620: 251025-7f42f8a2e540: cdpl_server.c:908: in cdpl_sv_new_bin_withfarm(): info: new bin B1 in J1
1756315942.379624: 251025-7f42c08c5700: cdpl_server_ipc.c:1256: in _sv_ipc_thread(): debug: received MONITOR message
1756315942.379779: 251025-7f42c08c5700: cdpl_monitor.c:1207: in cdpl_mn_accept(): debug: accepted monitor `152.14.98.53:60960'
1756315942.379782: 251025-7f42c08c5700: cdpl_server_ipc_mon.c:120: in _globalLOCK(): debug: ENTERTING GLOBAL LOCK
1756315942.379785: 251025-7f42c08c5700: cdpl_server_ipc_mon.c:164: in _globalLOCK(): debug: global lock acquired
1756315942.379795: 251025-7f42adffb700: cdpl_monitor.c:910: in mn_systat(): debug: started
1756315942.380069: 251025-7f42adffb700: cdpl_monitor.c:937: in mn_systat(): debug: monitor server flush rate: 5
1756315943.149634: 251025-7f42c08c5700: cdpl_server_ipc_mon.c:210: in _globalUNLOCK(): debug: LEAVING GLOBAL LOCK
1756315943.149661: 251025-7f42f8a2e540: cdpl_server.c:3249: in cdpl_sv_start_job(): info: starting job J1
1756315943.149703: 251025-7f42f8a2e540: cdpl_server.c:62: in _sv_start_bin(): debug: starting bin B1 (min: 0, max: 3)
1756315943.149846: 251025-7f4297fff700: cdpl_server_sched.c:2482: in _sv_scheduler_thread(): debug: scheduler for bin B1 started
1756315943.149888: 251025-7f42f8a2e540: cdpl_server.c:1893: in _sv_gen_task(): info: new task T0 in B1 (prio 0)
1756315943.149927: 251025-7f42f8a2e540: cdpl_server.c:2698: in cdpl_sv_label_task_va(): info: setting task T0 label to "PrimeSim_1|PrimeSim"
1756315943.149988: 251025-7f4297fff700: cdpl_server_sched.c:2443: in _scheduler_run(): debug: will start a new worker
1756315943.150026: 251025-7f4297fff700: cdpl_farm.c:3977: in cdpl_farm_submit(): debug: 1 running processes
1756315943.150029: 251025-7f4297fff700: cdpl_farm.c:3985: in cdpl_farm_submit(): debug: new command C1 in bin B1 assigned to host `localhost'
1756315943.150094: 251025-7f4297fff700: cdpl_server_sched.c:705: in _sv_launch_worker(): info: started worker W1 (as C1) in bin B1
1756315943.150126: 251025-7f42977fe700: cdpl_farm.c:2139: in _schedule(): debug: started
1756315943.150139: 251025-7f42977fe700: cdpl_farm.c:2303: in _schedule(): debug: submitting command C1 in bin B1
1756315943.150162: 251025-7f42977fe700: cdpl_sh.c:49: in _sh_detached_submit(): info: SH : /home/argershm/180-voltmeter/Analog/cc/synopsys_custom/pwdp_jobs/saeSession0_diffmodegain.SimulationSimulation_cdpl.0.251025/START_WORKER pw_worker -i /home/argershm/180-voltmeter/Analog/cc/synopsys_custom/pwdp_jobs/saeSession0_diffmodegain.SimulationSimulation_cdpl.0.251025 -t 10000
1756315943.157258: 251025-7f42977fe700: cdpl_farm.c:2343: in _schedule(): debug: C1 in bin B1 running on slot 0
1756315943.157295: 251025-7f42977fe700: cdpl_farm.c:2167: in _schedule(): debug: idle
1756315943.307393: 251025-7f42f8a2e540: cdpl_compat_master.c:5948: in cdplMasterLogInfo(): info: [non-CDPL log entry] PWDP3: reset pilot cache succeeded, pilot_key=saeSession0,1,diff_mode_gain|&/home/argershm/180-voltmeter/Analog/cc/simulation/integrator,tb_main_opamp,schematic/history_1/simulation/diff_mode_gain/PrimeSimSPICE/nominal/results
1756315943.457376: 251025-7f42977fe700: cdpl_farm.c:1193: in _onexit(): debug: C1 in bin B1 exited normally on slot 0
1756315944.273618: 251025-7f42ad7fa700: cdpl_compat_master.c:5948: in cdplMasterLogInfo(): info: [non-CDPL log entry] PWDP - no-workers started ok check start!
1756315944.913421: 251025-7f42c10c6700: cdpl_ipc.c:1862: in _epoll_accept(): debug: new connection from `152.14.98.53:60976'
1756315944.913465: 251025-7f42c08c5700: cdpl_server_ipc.c:1225: in _sv_ipc_thread(): debug: received ACCEPT notification
1756315944.913479: 251025-7f42c08c5700: cdpl_ipc.c:2503: in cdpl_ipc_host_accept(): debug: accepted host `152.14.98.53:60976'
1756315944.913543: 251025-7f42c08c5700: cdpl_server_ipc.c:1246: in _sv_ipc_thread(): debug: received HELLO message
1756315944.913545: 251025-7f42c08c5700: cdpl_server_ipc.c:430: in _sv_on_hello(): debug: looking up W1
1756315944.913548: 251025-7f42c08c5700: cdpl_server_ipc.c:540: in _sv_on_hello(): info: W1 is `152.14.98.53:60976'
1756315944.913550: 251025-7f42c08c5700: cdpl_server_ipc.c:541: in _sv_on_hello(): debug: hello W1 (B1)
1756315944.913551: 251025-7f42c08c5700: cdpl_server_ipc.c:542: in _sv_on_hello(): info: W1 log file is /dev/null
1756315944.913591: 251025-7f42c08c5700: cdpl_server_ipc.c:602: in _sv_on_hello(): info: up to 1 alive workers in B1
1756315944.913598: 251025-7f42c08c5700: cdpl_farm.c:878: in _release_cmd(): debug: freeing command C1 in bin B1
1756315944.913624: 251025-7f4297fff700: cdpl_server_sched.c:960: in _assign(): info: assigning task T0 to worker W1
1756315944.977185: 251025-7f42c08c5700: cdpl_server_ipc.c:1268: in _sv_ipc_thread(): debug: received RELAY message
1756315944.977200: 251025-7f42c08c5700: cdpl_server_ipc.c:713: in _sv_on_relay(): debug: RELAY message from W1, size = 63
1756315944.977203: 251025-7f42c08c5700: cdpl_server_ipc.c:715: in _sv_on_relay(): debug: RELAY message from W1, content = 0$251738 claws-compute3.ece.ncsu.edu 251754 RUNNING 1756315944
1756315945.913848: 251025-7f42c08c5700: cdpl_server_ipc.c:312: in _sv_on_heartbeat(): debug: received HEARTBEAT from worker W1 at 152.14.98.53:60976
1756315947.380739: 251025-7f42affff700: cdpl_monitor.c:533: in cdpl_mn_connect(): debug: connecting to 152.14.98.53:33815
1756315947.380755: 251025-7f42affff700: cdpl_ipc.c:3789: in cdpl_ipc_connect(): info: connecting to 152.14.98.53:33815
1756315947.380881: 251025-7f42affff700: cdpl_ipc.c:3860: in cdpl_ipc_connect(): info: connected as `152.14.98.53:60692'
1756315947.380887: 251025-7f42affff700: cdpl_ipc.c:2503: in cdpl_ipc_host_accept(): debug: accepted host `152.14.98.53:33815'
1756315947.380891: 251025-7f42affff700: cdpl_monitor.c:579: in cdpl_mn_connect(): debug: ok
1756315951.097785: 251025-7f42c08c5700: cdpl_server_ipc.c:1268: in _sv_ipc_thread(): debug: received RELAY message
1756315951.097805: 251025-7f42c08c5700: cdpl_server_ipc.c:713: in _sv_on_relay(): debug: RELAY message from W1, size = 51
1756315951.097807: 251025-7f42c08c5700: cdpl_server_ipc.c:715: in _sv_on_relay(): debug: RELAY message from W1, content = WORKERDU|168,/dev/mapper/rhel_claws--compute3-home
1756315951.097813: 251025-7f42c08c5700: cdpl_server_ipc.c:1268: in _sv_ipc_thread(): debug: received RELAY message
1756315951.097815: 251025-7f42c08c5700: cdpl_server_ipc.c:713: in _sv_on_relay(): debug: RELAY message from W1, size = 193
1756315951.097817: 251025-7f42c08c5700: cdpl_server_ipc.c:715: in _sv_on_relay(): debug: RELAY message from W1, content = REQPILOT|saeSession0,1,diff_mode_gain|&/home/argershm/180-voltmeter/Analog/cc/simulation/integrator,tb_main_opamp,schematic/history_1/simulation/diff_mode_gain/PrimeSimSPICE/nominal/results|&0
1756315951.097888: 251025-7f42ae7fc700: cdpl_compat_master.c:5948: in cdplMasterLogInfo(): info: [non-CDPL log entry] PWDP send back 'DOPILOT' to worker id:1 key: saeSession0,1,diff_mode_gain|&/home/argershm/180-voltmeter/Analog/cc/simulation/integrator,tb_main_opamp,schematic/history_1/simulation/diff_mode_gain/PrimeSimSPICE/nominal/results
1756315951.097996: 251025-7f42ae7fc700: cdpl_compat_master.c:5948: in cdplMasterLogInfo(): info: [non-CDPL log entry] PWDP: set pilot doing!
1756315951.102443: 251025-7f42c08c5700: cdpl_server_ipc.c:1268: in _sv_ipc_thread(): debug: received RELAY message
1756315951.102452: 251025-7f42c08c5700: cdpl_server_ipc.c:713: in _sv_on_relay(): debug: RELAY message from W1, size = 189
1756315951.102454: 251025-7f42c08c5700: cdpl_server_ipc.c:715: in _sv_on_relay(): debug: RELAY message from W1, content = PILOTOK|saeSession0,1,diff_mode_gain|&/home/argershm/180-voltmeter/Analog/cc/simulation/integrator,tb_main_opamp,schematic/history_1/simulation/diff_mode_gain/PrimeSimSPICE/nominal/results
1756315951.102467: 251025-7f42ae7fc700: cdpl_compat_master.c:5948: in cdplMasterLogInfo(): info: [non-CDPL log entry] PWDP: set pilot done!
1756315951.102541: 251025-7f42c08c5700: cdpl_server_ipc.c:1268: in _sv_ipc_thread(): debug: received RELAY message
1756315951.102546: 251025-7f42c08c5700: cdpl_server_ipc.c:713: in _sv_on_relay(): debug: RELAY message from W1, size = 18
1756315951.102549: 251025-7f42c08c5700: cdpl_server_ipc.c:715: in _sv_on_relay(): debug: RELAY message from W1, content = 0$- - - MEASDOING
1756315951.324608: 251025-7f42c08c5700: cdpl_server_ipc.c:1268: in _sv_ipc_thread(): debug: received RELAY message
1756315951.324620: 251025-7f42c08c5700: cdpl_server_ipc.c:713: in _sv_on_relay(): debug: RELAY message from W1, size = 75
1756315951.324622: 251025-7f42c08c5700: cdpl_server_ipc.c:715: in _sv_on_relay(): debug: RELAY message from W1, content = 0$251738 claws-compute3.ece.ncsu.edu 251754 FINISHED 1756315944|1756315951
1756315951.326087: 251025-7f42c08c5700: cdpl_server_ipc.c:1268: in _sv_ipc_thread(): debug: received RELAY message
1756315951.326094: 251025-7f42c08c5700: cdpl_server_ipc.c:713: in _sv_on_relay(): debug: RELAY message from W1, size = 191
1756315951.326097: 251025-7f42c08c5700: cdpl_server_ipc.c:715: in _sv_on_relay(): debug: RELAY message from W1, content = PILOTDONE|saeSession0,1,diff_mode_gain|&/home/argershm/180-voltmeter/Analog/cc/simulation/integrator,tb_main_opamp,schematic/history_1/simulation/diff_mode_gain/PrimeSimSPICE/nominal/results
1756315951.326116: 251025-7f42ae7fc700: cdpl_compat_master.c:5948: in cdplMasterLogInfo(): info: [non-CDPL log entry] saeSession0,1,diff_mode_gain|&/home/argershm/180-voltmeter/Analog/cc/simulation/integrator,tb_main_opamp,schematic/history_1/simulation/diff_mode_gain/PrimeSimSPICE/nominal/results PILOTDONE!
1756315951.326391: 251025-7f42c08c5700: cdpl_server_ipc.c:1251: in _sv_ipc_thread(): debug: received FINISH message
1756315951.326397: 251025-7f42c08c5700: cdpl_server_ipc.c:983: in _sv_on_finish(): info: worker W1 completed task T0
1756315951.326400: 251025-7f42c08c5700: cdpl_server_ipc.c:988: in _sv_on_finish(): debug: stat T0: utime=3404 stime=1837
1756315951.326402: 251025-7f42c08c5700: cdpl_server_ipc.c:993: in _sv_on_finish(): debug: statm T0: vsize=3054176 rss=1036588 shared=515644 text=474784 data=709208
1756315951.331202: 251025-7f42c08c5700: cdpl_server_ipc.c:1268: in _sv_ipc_thread(): debug: received RELAY message
1756315951.331210: 251025-7f42c08c5700: cdpl_server_ipc.c:713: in _sv_on_relay(): debug: RELAY message from W1, size = 50
1756315951.331212: 251025-7f42c08c5700: cdpl_server_ipc.c:715: in _sv_on_relay(): debug: RELAY message from W1, content = WORKERDU|16,/dev/mapper/rhel_claws--compute3-home
1756315951.371701: 251025-7f42f8a2e540: cdpl_server.c:227: in _sv_free_task_safe(): debug: freeing task T0
1756315951.874552: 251025-7f42f8a2e540: cdpl_server.c:3008: in cdpl_sv_halt_job_errno(): info: killing job J1
1756315951.874583: 251025-7f42f8a2e540: cdpl_server.c:3044: in cdpl_sv_halt_job_errno(): debug: signal bin B1 scheduler to stop
1756315951.874609: 251025-7f4297fff700: cdpl_server_sched.c:2484: in _sv_scheduler_thread(): debug: scheduler for bin B1 stopped
1756315951.874653: 251025-7f4297fff700: cdpl_ipc.c:1657: in _host_drop__UNSAFE(): debug: dropping host `152.14.98.53:60976'
1756315951.874701: 251025-7f4297fff700: cdpl_server_sched.c:2830: in _sv_drop_worker(): info: down to 0 alive workers in B1
1756315951.874709: 251025-7f4297fff700: cdpl_farm.c:4152: in cdpl_farm_dismiss(): debug: down to 0 running processes
1756315951.874713: 251025-7f42c08c5700: cdpl_server_ipc.c:1236: in _sv_ipc_thread(): debug: received DROP notification
1756315951.874758: 251025-7f4297fff700: cdpl_server_sched.c:121: in _free_worker_2(): debug: freeing worker W1
1756315951.874771: 251025-7f4297fff700: cdpl_ipc.c:2513: in cdpl_ipc_host_release(): debug: releasing host `152.14.98.53:60976'
1756315951.874773: 251025-7f4297fff700: cdpl_ipc.c:2529: in cdpl_ipc_host_release(): debug: scheduling for immediate release
1756315951.874799: 251025-7f42f8a2e540: cdpl_server.c:294: in _sv_free_job(): info: freeing job J1
1756315951.874805: 251025-7f42f8a2e540: cdpl_server.c:92: in _sv_free_bin(): debug: freeing bin B1
1756315951.874844: 251025-7f42f8a2e540: cdpl_monitor.c:515: in cdpl_mn_kill(): info: killing monitor
1756315951.874851: 251025-7f42f8a2e540: cdpl_ipc.c:3677: in cdpl_ipc_kill(): debug: stopping event server
1756315951.874872: 251025-7f42af7fe700: cdpl_ipc.c:2460: in _epoll_main(): debug: server going down...
1756315951.874904: 251025-7f42c10c6700: cdpl_ipc.c:775: in _readv(): warning: read(): EOF
1756315951.874934: 251025-7f42c10c6700: cdpl_ipc.c:2100: in _epoll_recv(): debug: _readv(): Broken pipe
1756315951.874937: 251025-7f42c10c6700: cdpl_ipc.c:2424: in _epoll_main(): debug: _epoll_recv(): Broken pipe
1756315951.874941: 251025-7f42c10c6700: cdpl_ipc.c:1657: in _host_drop__UNSAFE(): debug: dropping host `152.14.98.53:60960'
1756315951.874982: 251025-7f42c10c6700: cdpl_ipc.c:1582: in _host_free__UNSAFE(): debug: freeing host `152.14.98.53:60976'
1756315951.874984: 251025-7f42c10c6700: cdpl_ipc.c:1621: in _host_free__UNSAFE(): debug: [0 outq, 0 spR, 0 spW]
1756315951.875111: 251025-7f42affff700: cdpl_ipc.c:3728: in cdpl_ipc_free(): debug: releasing IPC handle
1756315951.875120: 251025-7f42affff700: cdpl_ipc.c:1582: in _host_free__UNSAFE(): debug: freeing host `152.14.98.53:33815'
1756315951.875122: 251025-7f42affff700: cdpl_ipc.c:1621: in _host_free__UNSAFE(): debug: [0 outq, 0 spR, 0 spW]
1756315951.875137: 251025-7f42affff700: cdpl_ipc.c:1582: in _host_free__UNSAFE(): debug: freeing host `152.14.98.53:43079'
1756315951.875144: 251025-7f42affff700: cdpl_ipc.c:1621: in _host_free__UNSAFE(): debug: [0 outq, 0 spR, 0 spW]
1756315951.875151: 251025-7f42affff700: cdpl_ipc.c:3756: in cdpl_ipc_free(): warning: 2 host(s) were not released
1756315951.875165: 251025-7f42affff700: cdpl_ipc.c:3767: in cdpl_ipc_free(): debug: done
1756315951.875167: 251025-7f42affff700: cdpl_monitor.c:1390: in cdpl_mn_free(): debug: freeing monitor client
1756315951.875310: 251025-7f42c08c5700: cdpl_server_ipc.c:1236: in _sv_ipc_thread(): debug: received DROP notification
1756315951.875327: 251025-7f42c08c5700: cdpl_monitor.c:1269: in cdpl_mn_drop(): debug: detaching from monitor `152.14.98.53:60960'
1756315951.875333: 251025-7f42c08c5700: cdpl_monitor.c:1101: in mn_systat_stop(): debug: joining systat thread
1756315951.875358: 251025-7f42adffb700: cdpl_monitor.c:1079: in mn_systat(): debug: exiting
1756315951.875362: 251025-7f42c08c5700: cdpl_monitor.c:1103: in mn_systat_stop(): debug: systat thread done
1756315951.875365: 251025-7f42c08c5700: cdpl_ipc.c:2513: in cdpl_ipc_host_release(): debug: releasing host `152.14.98.53:60960'
1756315951.875369: 251025-7f42f8a2e540: cdpl_farm.c:2740: in cdpl_farm_free(): info: freeing farm
1756315951.875385: 251025-7f42977fe700: cdpl_farm.c:2231: in _schedule(): debug: end of idling
1756315951.875388: 251025-7f42977fe700: cdpl_farm.c:2235: in _schedule(): debug: dying
1756315951.875430: 251025-7f42f8a2e540: cdpl_farm.c:913: in _killall(): debug: killing all remaining commands
1756315951.875442: 251025-7f42f8a2e540: cdpl_server.c:3144: in cdpl_sv_free(): info: freeing server S316557525
1756315951.875457: 251025-7f42f8a2e540: cdpl_server.c:3109: in cdpl_sv_kill_errno(): info: killing server
1756315951.875459: 251025-7f42f8a2e540: cdpl_ipc.c:3677: in cdpl_ipc_kill(): debug: stopping event server
1756315951.875470: 251025-7f42c10c6700: cdpl_ipc.c:2460: in _epoll_main(): debug: server going down...
1756315951.875481: 251025-7f42c08c5700: cdpl_server_ipc.c:1200: in _sv_ipc_thread(): debug: leaving now
1756315951.875493: 251025-7f42f8a2e540: cdpl_server.c:334: in _sv_free_master(): info: freeing master M1
1756315951.875502: 251025-7f42f8a2e540: cdpl_hash.c:68: in cdpl_h_destroy(): debug: put operations: 1
1756315951.875503: 251025-7f42f8a2e540: cdpl_hash.c:69: in cdpl_h_destroy(): debug: put collisions: 0
1756315951.875505: 251025-7f42f8a2e540: cdpl_hash.c:70: in cdpl_h_destroy(): debug: get operations: 1
1756315951.875506: 251025-7f42f8a2e540: cdpl_hash.c:71: in cdpl_h_destroy(): debug: get iterations: 1
1756315951.875513: 251025-7f42f8a2e540: cdpl_monitor.c:1390: in cdpl_mn_free(): debug: freeing monitor server
1756315951.875515: 251025-7f42f8a2e540: cdpl_ipc.c:3728: in cdpl_ipc_free(): debug: releasing IPC handle
1756315951.875516: 251025-7f42f8a2e540: cdpl_ipc.c:1582: in _host_free__UNSAFE(): debug: freeing host `152.14.98.53:60960'
1756315951.875518: 251025-7f42f8a2e540: cdpl_ipc.c:1621: in _host_free__UNSAFE(): debug: [0 outq, 0 spR, 0 spW]
1756315951.875535: 251025-7f42f8a2e540: cdpl_ipc.c:3767: in cdpl_ipc_free(): debug: done
1756315951.875540: 251025-7f42f8a2e540: cdpl_log.c:481: in cdpl_log_close(): info: @@end_of_log@@
