1757121916.334488: 1767025-7f03fb53e540: cdpl_log.c:337: in cdpl_log_open(): info: @@start_of_log@@
1757121916.334512: 1767025-7f03fb53e540: cdpl_log.c:1058: in cdpl_log_dump_sysinfo(): info: time: 2025/09/05 21:25:16 EDT -0400
1757121916.334515: 1767025-7f03fb53e540: cdpl_log.c:1060: in cdpl_log_dump_sysinfo(): info: version: W-2024.09-SP1-2 
1757121916.334517: 1767025-7f03fb53e540: cdpl_log.c:1062: in cdpl_log_dump_sysinfo(): info: system: Linux 4.18.0-553.69.1.el8_10.x86_64 #1 SMP Thu Aug 7 18:10:00 EDT 2025
1757121916.334518: 1767025-7f03fb53e540: cdpl_log.c:1067: in cdpl_log_dump_sysinfo(): info: processor: x86_64 64-bits
1757121916.334520: 1767025-7f03fb53e540: cdpl_log.c:1071: in cdpl_log_dump_sysinfo(): info: hostname: claws-compute3.ece.ncsu.edu
1757121916.334521: 1767025-7f03fb53e540: cdpl_log.c:1073: in cdpl_log_dump_sysinfo(): info: program name: custom_shell
1757121916.334525: 1767025-7f03fb53e540: cdpl_log.c:340: in cdpl_log_open(): debug: path: /home/argershm/180-voltmeter/Analog/cc/synopsys_custom/pwdp_jobs/saeSession0_diffmodegain.SimulationSimulation_cdpl.0.1767025/logs/master.claws-compute3.ece.ncsu.edu.1767025.log
1757121916.334527: 1767025-7f03fb53e540: cdpl_log.c:341: in cdpl_log_open(): debug: dir: /home/argershm/180-voltmeter/Analog/cc/synopsys_custom/pwdp_jobs/saeSession0_diffmodegain.SimulationSimulation_cdpl.0.1767025/logs
1757121916.334556: 1767025-7f03fb53e540: cdpl_server.c:536: in cdpl_sv_init(): info: new server S320283285
1757121916.334562: 1767025-7f03fb53e540: cdpl_ipc.c:3475: in cdpl_ipc_init(): info: requesting IPv4 protocol
1757121916.340019: 1767025-7f03fb53e540: cdpl_ipc.c:837: in _selectaddrfamily(): info: selected IPv4 protocol
1757121916.340044: 1767025-7f03fb53e540: cdpl_ipc.c:1139: in _set_keepalive(): info: TCP keep alive interval: 300
1757121916.342691: 1767025-7f03fb53e540: cdpl_monitor.c:1117: in cdpl_mn_new_server(): info: creating server monitor instance
1757121916.342710: 1767025-7f03fb53e540: cdpl_server.c:650: in cdpl_sv_new_master(): info: new master M1
1757121916.342718: 1767025-7f03fb53e540: cdpl_server.c:6533: in cdpl_sv_ctl_master(): info: Setting worker heartbeat to 120 seconds
1757121916.342719: 1767025-7f03fb53e540: cdpl_server.c:6542: in cdpl_sv_ctl_master(): info: Setting worker heartbeat timeout to 3 heartbeats
1757121916.342721: 1767025-7f03fb53e540: cdpl_compat_master.c:2090: in _parse_hostfile(): info: reading hostfile `/home/argershm/180-voltmeter/Analog/cc/synopsys_custom/pwdp_jobs/saeSession0_diffmodegain.SimulationSimulation_cdpl.0.1767025/host_file'
1757121916.342744: 1767025-7f03fb53e540: cdpl_compat_master.c:1900: in _hostfile_parser(): debug: parsing "1     |localhost|   -1  | /tmp | SH | sh"
1757121916.342758: 1767025-7f03fb53e540: cdpl_farm.c:2578: in cdpl_farm_new_sh(): info: creating SH farm on localhost
1757121916.342763: 1767025-7f03fb53e540: cdpl_compat_master.c:206: in _set_farm_env(): info: exporting CDPL_LOGDIR as `/home/argershm/180-voltmeter/Analog/cc/synopsys_custom/pwdp_jobs/saeSession0_diffmodegain.SimulationSimulation_cdpl.0.1767025/logs'
1757121916.342765: 1767025-7f03fb53e540: cdpl_compat_master.c:212: in _set_farm_env(): info: exporting CDPL_TMPDIR as `/tmp'
1757121916.342767: 1767025-7f03fb53e540: cdpl_compat_master.c:235: in _set_farm_env(): info: exporting SNPSLMD_LICENSE_FILE as `27000@ece-lic-35.ece.ncsu.edu'
1757121916.342769: 1767025-7f03fb53e540: cdpl_compat_master.c:259: in _set_farm_env(): info: exporting CDPL_OPTIONS as `[nowlogs]'
1757121916.342770: 1767025-7f03fb53e540: cdpl_compat_master.c:266: in _set_farm_env(): info: exporting DISPLAY as `unix:13656'
1757121916.342772: 1767025-7f03fb53e540: cdpl_compat_master.c:274: in _set_farm_env(): info: exporting CDPL_HEARTBEAT as `120'
1757121916.342782: 1767025-7f03fb53e540: cdpl_farm.c:3149: in cdpl_farm_add_withdir(): debug: added `localhost' (capacity: unlimited)
1757121916.342784: 1767025-7f03fb53e540: cdpl_compat_parse.c:147: in parsefile(): debug: read `/home/argershm/180-voltmeter/Analog/cc/synopsys_custom/pwdp_jobs/saeSession0_diffmodegain.SimulationSimulation_cdpl.0.1767025/host_file', 2 lines
1757121916.342790: 1767025-7f03fb53e540: cdpl_compat_master.c:2931: in cdplInitMaster(): info: bcast dir is `/home/argershm/180-voltmeter/Analog/cc/synopsys_custom/pwdp_jobs/saeSession0_diffmodegain.SimulationSimulation_cdpl.0.1767025/logs'
1757121916.342837: 1767025-7f03fb53e540: cdpl_server.c:6433: in cdpl_sv_ctl_master(): info: farm worker timeout set to 300
1757121916.342839: 1767025-7f03fb53e540: cdpl_server.c:6486: in cdpl_sv_ctl_master(): info: maximum number of task execution attempts set to 1
1757121916.342854: 1767025-7f03fb53e540: cdpl_server.c:3195: in cdpl_sv_start(): debug: starting server
1757121916.342857: 1767025-7f03fb53e540: cdpl_ipc.c:3632: in cdpl_ipc_start(): debug: starting IPC server 152.14.98.53:44019
1757121916.343083: 1767025-7f03b72c5700: cdpl_server_ipc.c:1182: in _sv_ipc_thread(): debug: ready
1757121916.343191: 1767025-7f03b6ac4700: cdpl_monitor.c:426: in cdpl_mn_init_client(): info: creating client monitor instance
1757121916.343207: 1767025-7f03b6ac4700: cdpl_ipc.c:3475: in cdpl_ipc_init(): info: requesting IPv4 protocol
1757121916.347280: 1767025-7f03b6ac4700: cdpl_ipc.c:837: in _selectaddrfamily(): info: selected IPv4 protocol
1757121916.347304: 1767025-7f03b6ac4700: cdpl_ipc.c:1139: in _set_keepalive(): info: TCP keep alive interval: 300
1757121916.349912: 1767025-7f03b6ac4700: cdpl_ipc.c:3632: in cdpl_ipc_start(): debug: starting IPC server 152.14.98.53:33111
1757121916.350070: 1767025-7f03b6ac4700: cdpl_monitor.c:471: in cdpl_mn_init_client(): debug: incoming messages in /tmp/cdpl-monitor-xJznV8
1757121916.350221: 1767025-7f03b6ac4700: cdpl_monitor.c:533: in cdpl_mn_connect(): debug: connecting to 152.14.98.53:44019
1757121916.350229: 1767025-7f03b6ac4700: cdpl_ipc.c:3789: in cdpl_ipc_connect(): info: connecting to 152.14.98.53:44019
1757121916.350336: 1767025-7f03b6ac4700: cdpl_ipc.c:3860: in cdpl_ipc_connect(): info: connected as `152.14.98.53:53462'
1757121916.350352: 1767025-7f03b6ac4700: cdpl_ipc.c:2503: in cdpl_ipc_host_accept(): debug: accepted host `152.14.98.53:44019'
1757121916.350374: 1767025-7f03b7ac6700: cdpl_ipc.c:1862: in _epoll_accept(): debug: new connection from `152.14.98.53:53462'
1757121916.350391: 1767025-7f03b6ac4700: cdpl_monitor.c:579: in cdpl_mn_connect(): debug: ok
1757121916.350413: 1767025-7f03fb53e540: cdpl_server.c:731: in cdpl_sv_new_job(): info: new job J1 in M1
1757121916.350427: 1767025-7f03b72c5700: cdpl_server_ipc.c:1225: in _sv_ipc_thread(): debug: received ACCEPT notification
1757121916.350437: 1767025-7f03fb53e540: cdpl_compat_master.c:1581: in _add_worker(): info: new worker type 10, min:1, max:3, cmd:`/home/argershm/180-voltmeter/Analog/cc/synopsys_custom/pwdp_jobs/saeSession0_diffmodegain.SimulationSimulation_cdpl.0.1767025/START_WORKER pw_worker -i /home/argershm/180-voltmeter/Analog/cc/synopsys_custom/pwdp_jobs
1757121916.350445: 1767025-7f03b72c5700: cdpl_ipc.c:2503: in cdpl_ipc_host_accept(): debug: accepted host `152.14.98.53:53462'
1757121916.350450: 1767025-7f03b72c5700: cdpl_server_ipc.c:1256: in _sv_ipc_thread(): debug: received MONITOR message
1757121916.350456: 1767025-7f03fb53e540: cdpl_server.c:908: in cdpl_sv_new_bin_withfarm(): info: new bin B1 in J1
1757121916.350685: 1767025-7f03b72c5700: cdpl_monitor.c:1207: in cdpl_mn_accept(): debug: accepted monitor `152.14.98.53:53462'
1757121916.350690: 1767025-7f03b72c5700: cdpl_server_ipc_mon.c:120: in _globalLOCK(): debug: ENTERTING GLOBAL LOCK
1757121916.350692: 1767025-7f03b72c5700: cdpl_server_ipc_mon.c:164: in _globalLOCK(): debug: global lock acquired
1757121916.350703: 1767025-7f03b4ac0700: cdpl_monitor.c:910: in mn_systat(): debug: started
1757121916.350968: 1767025-7f03b4ac0700: cdpl_monitor.c:937: in mn_systat(): debug: monitor server flush rate: 5
1757121917.137020: 1767025-7f03b72c5700: cdpl_server_ipc_mon.c:210: in _globalUNLOCK(): debug: LEAVING GLOBAL LOCK
1757121917.137399: 1767025-7f03fb53e540: cdpl_server.c:3249: in cdpl_sv_start_job(): info: starting job J1
1757121917.137432: 1767025-7f03fb53e540: cdpl_server.c:62: in _sv_start_bin(): debug: starting bin B1 (min: 0, max: 3)
1757121917.137559: 1767025-7f03a6ffd700: cdpl_server_sched.c:2482: in _sv_scheduler_thread(): debug: scheduler for bin B1 started
1757121917.137605: 1767025-7f03fb53e540: cdpl_server.c:1893: in _sv_gen_task(): info: new task T0 in B1 (prio 0)
1757121917.137642: 1767025-7f03fb53e540: cdpl_server.c:2698: in cdpl_sv_label_task_va(): info: setting task T0 label to "PrimeSim_1|PrimeSim"
1757121917.137690: 1767025-7f03a6ffd700: cdpl_server_sched.c:2443: in _scheduler_run(): debug: will start a new worker
1757121917.137728: 1767025-7f03a6ffd700: cdpl_farm.c:3977: in cdpl_farm_submit(): debug: 1 running processes
1757121917.137730: 1767025-7f03a6ffd700: cdpl_farm.c:3985: in cdpl_farm_submit(): debug: new command C1 in bin B1 assigned to host `localhost'
1757121917.137797: 1767025-7f03a6ffd700: cdpl_server_sched.c:705: in _sv_launch_worker(): info: started worker W1 (as C1) in bin B1
1757121917.137814: 1767025-7f03a67fc700: cdpl_farm.c:2139: in _schedule(): debug: started
1757121917.137820: 1767025-7f03a67fc700: cdpl_farm.c:2303: in _schedule(): debug: submitting command C1 in bin B1
1757121917.137836: 1767025-7f03a67fc700: cdpl_sh.c:49: in _sh_detached_submit(): info: SH : /home/argershm/180-voltmeter/Analog/cc/synopsys_custom/pwdp_jobs/saeSession0_diffmodegain.SimulationSimulation_cdpl.0.1767025/START_WORKER pw_worker -i /home/argershm/180-voltmeter/Analog/cc/synopsys_custom/pwdp_jobs/saeSession0_diffmodegain.SimulationSimulation_cdpl.0.1767025 -t 10000
1757121917.147034: 1767025-7f03a67fc700: cdpl_farm.c:2343: in _schedule(): debug: C1 in bin B1 running on slot 0
1757121917.147069: 1767025-7f03a67fc700: cdpl_farm.c:2167: in _schedule(): debug: idle
1757121917.147249: 1767025-7f03fb53e540: cdpl_server.c:1893: in _sv_gen_task(): info: new task T1 in B1 (prio 0)
1757121917.147260: 1767025-7f03fb53e540: cdpl_server.c:2698: in cdpl_sv_label_task_va(): info: setting task T1 label to "PrimeSim_2|PrimeSim"
1757121917.147277: 1767025-7f03a6ffd700: cdpl_server_sched.c:2443: in _scheduler_run(): debug: will start a new worker
1757121917.147288: 1767025-7f03a6ffd700: cdpl_farm.c:3977: in cdpl_farm_submit(): debug: 2 running processes
1757121917.147291: 1767025-7f03a6ffd700: cdpl_farm.c:3985: in cdpl_farm_submit(): debug: new command C2 in bin B1 assigned to host `localhost'
1757121917.147299: 1767025-7f03a6ffd700: cdpl_server_sched.c:705: in _sv_launch_worker(): info: started worker W2 (as C2) in bin B1
1757121917.147302: 1767025-7f03a67fc700: cdpl_farm.c:2231: in _schedule(): debug: end of idling
1757121917.147304: 1767025-7f03a67fc700: cdpl_farm.c:2303: in _schedule(): debug: submitting command C2 in bin B1
1757121917.147307: 1767025-7f03a67fc700: cdpl_sh.c:49: in _sh_detached_submit(): info: SH : /home/argershm/180-voltmeter/Analog/cc/synopsys_custom/pwdp_jobs/saeSession0_diffmodegain.SimulationSimulation_cdpl.0.1767025/START_WORKER pw_worker -i /home/argershm/180-voltmeter/Analog/cc/synopsys_custom/pwdp_jobs/saeSession0_diffmodegain.SimulationSimulation_cdpl.0.1767025 -t 10000
1757121917.152406: 1767025-7f03a67fc700: cdpl_farm.c:2343: in _schedule(): debug: C2 in bin B1 running on slot 1
1757121917.152429: 1767025-7f03a67fc700: cdpl_farm.c:2167: in _schedule(): debug: idle
1757121917.452501: 1767025-7f03a67fc700: cdpl_farm.c:1193: in _onexit(): debug: C1 in bin B1 exited normally on slot 0
1757121917.452516: 1767025-7f03a67fc700: cdpl_farm.c:1193: in _onexit(): debug: C2 in bin B1 exited normally on slot 1
1757121918.252198: 1767025-7f03a7fff700: cdpl_compat_master.c:5948: in cdplMasterLogInfo(): info: [non-CDPL log entry] PWDP - no-workers started ok check start!
1757121918.954642: 1767025-7f03b7ac6700: cdpl_ipc.c:1862: in _epoll_accept(): debug: new connection from `152.14.98.53:59178'
1757121918.954681: 1767025-7f03b72c5700: cdpl_server_ipc.c:1225: in _sv_ipc_thread(): debug: received ACCEPT notification
1757121918.954696: 1767025-7f03b72c5700: cdpl_ipc.c:2503: in cdpl_ipc_host_accept(): debug: accepted host `152.14.98.53:59178'
1757121918.954924: 1767025-7f03b72c5700: cdpl_server_ipc.c:1246: in _sv_ipc_thread(): debug: received HELLO message
1757121918.954931: 1767025-7f03b72c5700: cdpl_server_ipc.c:430: in _sv_on_hello(): debug: looking up W2
1757121918.954934: 1767025-7f03b72c5700: cdpl_server_ipc.c:540: in _sv_on_hello(): info: W2 is `152.14.98.53:59178'
1757121918.954937: 1767025-7f03b72c5700: cdpl_server_ipc.c:541: in _sv_on_hello(): debug: hello W2 (B1)
1757121918.954938: 1767025-7f03b72c5700: cdpl_server_ipc.c:542: in _sv_on_hello(): info: W2 log file is /dev/null
1757121918.954984: 1767025-7f03b72c5700: cdpl_server_ipc.c:602: in _sv_on_hello(): info: up to 1 alive workers in B1
1757121918.954995: 1767025-7f03b72c5700: cdpl_farm.c:878: in _release_cmd(): debug: freeing command C2 in bin B1
1757121918.955042: 1767025-7f03a6ffd700: cdpl_server_sched.c:960: in _assign(): info: assigning task T0 to worker W2
1757121918.955272: 1767025-7f03b7ac6700: cdpl_ipc.c:1862: in _epoll_accept(): debug: new connection from `152.14.98.53:59180'
1757121918.955284: 1767025-7f03b72c5700: cdpl_server_ipc.c:1225: in _sv_ipc_thread(): debug: received ACCEPT notification
1757121918.955289: 1767025-7f03b72c5700: cdpl_ipc.c:2503: in cdpl_ipc_host_accept(): debug: accepted host `152.14.98.53:59180'
1757121918.955398: 1767025-7f03b72c5700: cdpl_server_ipc.c:1246: in _sv_ipc_thread(): debug: received HELLO message
1757121918.955400: 1767025-7f03b72c5700: cdpl_server_ipc.c:430: in _sv_on_hello(): debug: looking up W1
1757121918.955401: 1767025-7f03b72c5700: cdpl_server_ipc.c:540: in _sv_on_hello(): info: W1 is `152.14.98.53:59180'
1757121918.955403: 1767025-7f03b72c5700: cdpl_server_ipc.c:541: in _sv_on_hello(): debug: hello W1 (B1)
1757121918.955404: 1767025-7f03b72c5700: cdpl_server_ipc.c:542: in _sv_on_hello(): info: W1 log file is /dev/null
1757121918.955408: 1767025-7f03b72c5700: cdpl_server_ipc.c:602: in _sv_on_hello(): info: up to 2 alive workers in B1
1757121918.955411: 1767025-7f03b72c5700: cdpl_farm.c:878: in _release_cmd(): debug: freeing command C1 in bin B1
1757121918.955424: 1767025-7f03a6ffd700: cdpl_server_sched.c:960: in _assign(): info: assigning task T1 to worker W1
1757121919.019539: 1767025-7f03b72c5700: cdpl_server_ipc.c:1268: in _sv_ipc_thread(): debug: received RELAY message
1757121919.019554: 1767025-7f03b72c5700: cdpl_server_ipc.c:713: in _sv_on_relay(): debug: RELAY message from W2, size = 65
1757121919.019557: 1767025-7f03b72c5700: cdpl_server_ipc.c:715: in _sv_on_relay(): debug: RELAY message from W2, content = 0$1767875 claws-compute3.ece.ncsu.edu 1767902 RUNNING 1757121918
1757121919.019933: 1767025-7f03b72c5700: cdpl_server_ipc.c:1268: in _sv_ipc_thread(): debug: received RELAY message
1757121919.019935: 1767025-7f03b72c5700: cdpl_server_ipc.c:713: in _sv_on_relay(): debug: RELAY message from W1, size = 65
1757121919.019937: 1767025-7f03b72c5700: cdpl_server_ipc.c:715: in _sv_on_relay(): debug: RELAY message from W1, content = 1$1767876 claws-compute3.ece.ncsu.edu 1767903 RUNNING 1757121918
1757121919.955364: 1767025-7f03b72c5700: cdpl_server_ipc.c:312: in _sv_on_heartbeat(): debug: received HEARTBEAT from worker W2 at 152.14.98.53:59178
1757121919.955709: 1767025-7f03b72c5700: cdpl_server_ipc.c:312: in _sv_on_heartbeat(): debug: received HEARTBEAT from worker W1 at 152.14.98.53:59180
1757121921.351654: 1767025-7f03b6ac4700: cdpl_monitor.c:533: in cdpl_mn_connect(): debug: connecting to 152.14.98.53:37373
1757121921.351664: 1767025-7f03b6ac4700: cdpl_ipc.c:3789: in cdpl_ipc_connect(): info: connecting to 152.14.98.53:37373
1757121921.351807: 1767025-7f03b6ac4700: cdpl_ipc.c:3860: in cdpl_ipc_connect(): info: connected as `152.14.98.53:59002'
1757121921.351815: 1767025-7f03b6ac4700: cdpl_ipc.c:2503: in cdpl_ipc_host_accept(): debug: accepted host `152.14.98.53:37373'
1757121921.351819: 1767025-7f03b6ac4700: cdpl_monitor.c:579: in cdpl_mn_connect(): debug: ok
1757121921.351824: 1767025-7f03b6ac4700: cdpl_monitor.c:533: in cdpl_mn_connect(): debug: connecting to 152.14.98.53:34223
1757121921.351825: 1767025-7f03b6ac4700: cdpl_ipc.c:3789: in cdpl_ipc_connect(): info: connecting to 152.14.98.53:34223
1757121921.351870: 1767025-7f03b6ac4700: cdpl_ipc.c:3860: in cdpl_ipc_connect(): info: connected as `152.14.98.53:60372'
1757121921.351873: 1767025-7f03b6ac4700: cdpl_ipc.c:2503: in cdpl_ipc_host_accept(): debug: accepted host `152.14.98.53:34223'
1757121921.351875: 1767025-7f03b6ac4700: cdpl_monitor.c:579: in cdpl_mn_connect(): debug: ok
1757121925.661328: 1767025-7f03b72c5700: cdpl_server_ipc.c:1268: in _sv_ipc_thread(): debug: received RELAY message
1757121925.661343: 1767025-7f03b72c5700: cdpl_server_ipc.c:713: in _sv_on_relay(): debug: RELAY message from W1, size = 53
1757121925.661346: 1767025-7f03b72c5700: cdpl_server_ipc.c:715: in _sv_on_relay(): debug: RELAY message from W1, content = WORKERDU|12932,/dev/mapper/rhel_claws--compute3-home
1757121925.661353: 1767025-7f03b72c5700: cdpl_server_ipc.c:1268: in _sv_ipc_thread(): debug: received RELAY message
1757121925.661355: 1767025-7f03b72c5700: cdpl_server_ipc.c:713: in _sv_on_relay(): debug: RELAY message from W1, size = 196
1757121925.661356: 1767025-7f03b72c5700: cdpl_server_ipc.c:715: in _sv_on_relay(): debug: RELAY message from W1, content = REQPILOT|saeSession0,1,diff_mode_gain|&/home/argershm/180-voltmeter/Analog/cc/simulation/integrator,tb_main_opamp,schematic/history_1/simulation/diff_mode_gain/PrimeSimSPICE/parametric/results|&1
1757121925.661430: 1767025-7f03b52c1700: cdpl_compat_master.c:5948: in cdplMasterLogInfo(): info: [non-CDPL log entry] PWDP send back 'DOPILOT' to worker id:1 key: saeSession0,1,diff_mode_gain|&/home/argershm/180-voltmeter/Analog/cc/simulation/integrator,tb_main_opamp,schematic/history_1/simulation/diff_mode_gain/PrimeSimSPICE/parametric/results
1757121925.661638: 1767025-7f03b52c1700: cdpl_compat_master.c:5948: in cdplMasterLogInfo(): info: [non-CDPL log entry] PWDP: set pilot doing!
1757121925.664817: 1767025-7f03b72c5700: cdpl_server_ipc.c:1268: in _sv_ipc_thread(): debug: received RELAY message
1757121925.664826: 1767025-7f03b72c5700: cdpl_server_ipc.c:713: in _sv_on_relay(): debug: RELAY message from W2, size = 53
1757121925.664828: 1767025-7f03b72c5700: cdpl_server_ipc.c:715: in _sv_on_relay(): debug: RELAY message from W2, content = WORKERDU|12932,/dev/mapper/rhel_claws--compute3-home
1757121925.664833: 1767025-7f03b72c5700: cdpl_server_ipc.c:1268: in _sv_ipc_thread(): debug: received RELAY message
1757121925.664835: 1767025-7f03b72c5700: cdpl_server_ipc.c:713: in _sv_on_relay(): debug: RELAY message from W2, size = 196
1757121925.664836: 1767025-7f03b72c5700: cdpl_server_ipc.c:715: in _sv_on_relay(): debug: RELAY message from W2, content = REQPILOT|saeSession0,1,diff_mode_gain|&/home/argershm/180-voltmeter/Analog/cc/simulation/integrator,tb_main_opamp,schematic/history_1/simulation/diff_mode_gain/PrimeSimSPICE/parametric/results|&0
1757121925.664852: 1767025-7f03b52c1700: cdpl_compat_master.c:5948: in cdplMasterLogInfo(): info: [non-CDPL log entry] PWDP meet doing pilot, so cache worker id:2 key: saeSession0,1,diff_mode_gain|&/home/argershm/180-voltmeter/Analog/cc/simulation/integrator,tb_main_opamp,schematic/history_1/simulation/diff_mode_gain/PrimeSimSPICE/parametric/results
1757121925.665202: 1767025-7f03b72c5700: cdpl_server_ipc.c:1268: in _sv_ipc_thread(): debug: received RELAY message
1757121925.665210: 1767025-7f03b72c5700: cdpl_server_ipc.c:713: in _sv_on_relay(): debug: RELAY message from W1, size = 192
1757121925.665213: 1767025-7f03b72c5700: cdpl_server_ipc.c:715: in _sv_on_relay(): debug: RELAY message from W1, content = PILOTOK|saeSession0,1,diff_mode_gain|&/home/argershm/180-voltmeter/Analog/cc/simulation/integrator,tb_main_opamp,schematic/history_1/simulation/diff_mode_gain/PrimeSimSPICE/parametric/results
1757121925.665232: 1767025-7f03b52c1700: cdpl_compat_master.c:5948: in cdplMasterLogInfo(): info: [non-CDPL log entry] PWDP: set pilot done!
1757121925.665247: 1767025-7f03b52c1700: cdpl_compat_master.c:5948: in cdplMasterLogInfo(): info: [non-CDPL log entry] PWDP send back 'PILOTOK' to cacheed worker id:2 key: saeSession0,1,diff_mode_gain|&/home/argershm/180-voltmeter/Analog/cc/simulation/integrator,tb_main_opamp,schematic/history_1/simulation/diff_mode_gain/PrimeSimSPICE/parametric/results
1757121925.665317: 1767025-7f03b72c5700: cdpl_server_ipc.c:1268: in _sv_ipc_thread(): debug: received RELAY message
1757121925.665324: 1767025-7f03b72c5700: cdpl_server_ipc.c:713: in _sv_on_relay(): debug: RELAY message from W1, size = 18
1757121925.665326: 1767025-7f03b72c5700: cdpl_server_ipc.c:715: in _sv_on_relay(): debug: RELAY message from W1, content = 1$- - - MEASDOING
1757121925.665403: 1767025-7f03b72c5700: cdpl_server_ipc.c:1268: in _sv_ipc_thread(): debug: received RELAY message
1757121925.665406: 1767025-7f03b72c5700: cdpl_server_ipc.c:713: in _sv_on_relay(): debug: RELAY message from W2, size = 18
1757121925.665408: 1767025-7f03b72c5700: cdpl_server_ipc.c:715: in _sv_on_relay(): debug: RELAY message from W2, content = 0$- - - MEASDOING
1757121927.033372: 1767025-7f03b72c5700: cdpl_server_ipc.c:1268: in _sv_ipc_thread(): debug: received RELAY message
1757121927.033385: 1767025-7f03b72c5700: cdpl_server_ipc.c:713: in _sv_on_relay(): debug: RELAY message from W1, size = 77
1757121927.033388: 1767025-7f03b72c5700: cdpl_server_ipc.c:715: in _sv_on_relay(): debug: RELAY message from W1, content = 1$1767876 claws-compute3.ece.ncsu.edu 1767903 FINISHED 1757121918|1757121927
1757121927.034882: 1767025-7f03b72c5700: cdpl_server_ipc.c:1268: in _sv_ipc_thread(): debug: received RELAY message
1757121927.034890: 1767025-7f03b72c5700: cdpl_server_ipc.c:713: in _sv_on_relay(): debug: RELAY message from W1, size = 194
1757121927.034892: 1767025-7f03b72c5700: cdpl_server_ipc.c:715: in _sv_on_relay(): debug: RELAY message from W1, content = PILOTDONE|saeSession0,1,diff_mode_gain|&/home/argershm/180-voltmeter/Analog/cc/simulation/integrator,tb_main_opamp,schematic/history_1/simulation/diff_mode_gain/PrimeSimSPICE/parametric/results
1757121927.034917: 1767025-7f03b52c1700: cdpl_compat_master.c:5948: in cdplMasterLogInfo(): info: [non-CDPL log entry] saeSession0,1,diff_mode_gain|&/home/argershm/180-voltmeter/Analog/cc/simulation/integrator,tb_main_opamp,schematic/history_1/simulation/diff_mode_gain/PrimeSimSPICE/parametric/results PILOTDONE!
1757121927.035245: 1767025-7f03b72c5700: cdpl_server_ipc.c:1251: in _sv_ipc_thread(): debug: received FINISH message
1757121927.035254: 1767025-7f03b72c5700: cdpl_server_ipc.c:983: in _sv_on_finish(): info: worker W1 completed task T1
1757121927.035257: 1767025-7f03b72c5700: cdpl_server_ipc.c:988: in _sv_on_finish(): debug: stat T1: utime=4026 stime=2212
1757121927.035259: 1767025-7f03b72c5700: cdpl_server_ipc.c:993: in _sv_on_finish(): debug: statm T1: vsize=3054800 rss=1041108 shared=519456 text=474784 data=710168
1757121927.040201: 1767025-7f03b72c5700: cdpl_server_ipc.c:1268: in _sv_ipc_thread(): debug: received RELAY message
1757121927.040207: 1767025-7f03b72c5700: cdpl_server_ipc.c:713: in _sv_on_relay(): debug: RELAY message from W1, size = 50
1757121927.040209: 1767025-7f03b72c5700: cdpl_server_ipc.c:715: in _sv_on_relay(): debug: RELAY message from W1, content = WORKERDU|40,/dev/mapper/rhel_claws--compute3-home
1757121927.057836: 1767025-7f03b72c5700: cdpl_server_ipc.c:1268: in _sv_ipc_thread(): debug: received RELAY message
1757121927.057844: 1767025-7f03b72c5700: cdpl_server_ipc.c:713: in _sv_on_relay(): debug: RELAY message from W2, size = 77
1757121927.057846: 1767025-7f03b72c5700: cdpl_server_ipc.c:715: in _sv_on_relay(): debug: RELAY message from W2, content = 0$1767875 claws-compute3.ece.ncsu.edu 1767902 FINISHED 1757121918|1757121927
1757121927.058050: 1767025-7f03b72c5700: cdpl_server_ipc.c:1251: in _sv_ipc_thread(): debug: received FINISH message
1757121927.058054: 1767025-7f03b72c5700: cdpl_server_ipc.c:983: in _sv_on_finish(): info: worker W2 completed task T0
1757121927.058056: 1767025-7f03b72c5700: cdpl_server_ipc.c:988: in _sv_on_finish(): debug: stat T0: utime=3983 stime=2177
1757121927.058058: 1767025-7f03b72c5700: cdpl_server_ipc.c:993: in _sv_on_finish(): debug: statm T0: vsize=3054804 rss=1036584 shared=519304 text=474784 data=710172
1757121927.062762: 1767025-7f03b72c5700: cdpl_server_ipc.c:1268: in _sv_ipc_thread(): debug: received RELAY message
1757121927.062775: 1767025-7f03b72c5700: cdpl_server_ipc.c:713: in _sv_on_relay(): debug: RELAY message from W2, size = 50
1757121927.062777: 1767025-7f03b72c5700: cdpl_server_ipc.c:715: in _sv_on_relay(): debug: RELAY message from W2, content = WORKERDU|56,/dev/mapper/rhel_claws--compute3-home
1757121927.071604: 1767025-7f03fb53e540: cdpl_server.c:227: in _sv_free_task_safe(): debug: freeing task T1
1757121927.119484: 1767025-7f03fb53e540: cdpl_server.c:227: in _sv_free_task_safe(): debug: freeing task T0
1757121929.053621: 1767025-7f03fb53e540: cdpl_server.c:3008: in cdpl_sv_halt_job_errno(): info: killing job J1
1757121929.053650: 1767025-7f03fb53e540: cdpl_server.c:3044: in cdpl_sv_halt_job_errno(): debug: signal bin B1 scheduler to stop
1757121929.053669: 1767025-7f03a6ffd700: cdpl_server_sched.c:2484: in _sv_scheduler_thread(): debug: scheduler for bin B1 stopped
1757121929.053710: 1767025-7f03a6ffd700: cdpl_ipc.c:1657: in _host_drop__UNSAFE(): debug: dropping host `152.14.98.53:59180'
1757121929.053745: 1767025-7f03a6ffd700: cdpl_server_sched.c:2830: in _sv_drop_worker(): info: down to 1 alive workers in B1
1757121929.053754: 1767025-7f03a6ffd700: cdpl_farm.c:4152: in cdpl_farm_dismiss(): debug: down to 1 running processes
1757121929.053762: 1767025-7f03b72c5700: cdpl_server_ipc.c:1236: in _sv_ipc_thread(): debug: received DROP notification
1757121929.053777: 1767025-7f03a6ffd700: cdpl_ipc.c:1657: in _host_drop__UNSAFE(): debug: dropping host `152.14.98.53:59178'
1757121929.053794: 1767025-7f03a6ffd700: cdpl_server_sched.c:2830: in _sv_drop_worker(): info: down to 0 alive workers in B1
1757121929.053796: 1767025-7f03a6ffd700: cdpl_farm.c:4152: in cdpl_farm_dismiss(): debug: down to 0 running processes
1757121929.053805: 1767025-7f03b72c5700: cdpl_server_ipc.c:1236: in _sv_ipc_thread(): debug: received DROP notification
1757121929.053811: 1767025-7f03a6ffd700: cdpl_server_sched.c:121: in _free_worker_2(): debug: freeing worker W1
1757121929.053826: 1767025-7f03a6ffd700: cdpl_ipc.c:2513: in cdpl_ipc_host_release(): debug: releasing host `152.14.98.53:59180'
1757121929.053828: 1767025-7f03a6ffd700: cdpl_ipc.c:2529: in cdpl_ipc_host_release(): debug: scheduling for immediate release
1757121929.053830: 1767025-7f03a6ffd700: cdpl_server_sched.c:121: in _free_worker_2(): debug: freeing worker W2
1757121929.053832: 1767025-7f03a6ffd700: cdpl_ipc.c:2513: in cdpl_ipc_host_release(): debug: releasing host `152.14.98.53:59178'
1757121929.053833: 1767025-7f03a6ffd700: cdpl_ipc.c:2529: in cdpl_ipc_host_release(): debug: scheduling for immediate release
1757121929.053850: 1767025-7f03fb53e540: cdpl_server.c:294: in _sv_free_job(): info: freeing job J1
1757121929.053856: 1767025-7f03fb53e540: cdpl_server.c:92: in _sv_free_bin(): debug: freeing bin B1
1757121929.053894: 1767025-7f03fb53e540: cdpl_monitor.c:515: in cdpl_mn_kill(): info: killing monitor
1757121929.053901: 1767025-7f03fb53e540: cdpl_ipc.c:3677: in cdpl_ipc_kill(): debug: stopping event server
1757121929.053925: 1767025-7f03b62c3700: cdpl_ipc.c:2386: in _epoll_main(): warning: received EPOLLERR/EPOLLHUP
1757121929.053949: 1767025-7f03b62c3700: cdpl_ipc.c:2320: in _check_socket_error(): info: TCP_KEEPIDLE=7200 seconds TCP_KEEPINTVL=75 seconds TCP_KEEPCNT=9
1757121929.053963: 1767025-7f03b7ac6700: cdpl_ipc.c:775: in _readv(): warning: read(): EOF
1757121929.053972: 1767025-7f03b62c3700: cdpl_ipc.c:1657: in _host_drop__UNSAFE(): debug: dropping host `152.14.98.53:34223'
1757121929.053982: 1767025-7f03b7ac6700: cdpl_ipc.c:2100: in _epoll_recv(): debug: _readv(): Broken pipe
1757121929.053985: 1767025-7f03b7ac6700: cdpl_ipc.c:2424: in _epoll_main(): debug: _epoll_recv(): Broken pipe
1757121929.053988: 1767025-7f03b62c3700: cdpl_ipc.c:2460: in _epoll_main(): debug: server going down...
1757121929.053995: 1767025-7f03b7ac6700: cdpl_ipc.c:1657: in _host_drop__UNSAFE(): debug: dropping host `152.14.98.53:53462'
1757121929.054025: 1767025-7f03b7ac6700: cdpl_ipc.c:1582: in _host_free__UNSAFE(): debug: freeing host `152.14.98.53:59178'
1757121929.054041: 1767025-7f03b7ac6700: cdpl_ipc.c:1621: in _host_free__UNSAFE(): debug: [0 outq, 0 spR, 0 spW]
1757121929.054044: 1767025-7f03b7ac6700: cdpl_ipc.c:1582: in _host_free__UNSAFE(): debug: freeing host `152.14.98.53:59180'
1757121929.054046: 1767025-7f03b7ac6700: cdpl_ipc.c:1621: in _host_free__UNSAFE(): debug: [0 outq, 0 spR, 0 spW]
1757121929.054052: 1767025-7f03b72c5700: cdpl_server_ipc.c:1236: in _sv_ipc_thread(): debug: received DROP notification
1757121929.054063: 1767025-7f03b72c5700: cdpl_monitor.c:1269: in cdpl_mn_drop(): debug: detaching from monitor `152.14.98.53:53462'
1757121929.054067: 1767025-7f03b72c5700: cdpl_monitor.c:1101: in mn_systat_stop(): debug: joining systat thread
1757121929.054089: 1767025-7f03b4ac0700: cdpl_monitor.c:1079: in mn_systat(): debug: exiting
1757121929.054095: 1767025-7f03b72c5700: cdpl_monitor.c:1103: in mn_systat_stop(): debug: systat thread done
1757121929.054099: 1767025-7f03b72c5700: cdpl_ipc.c:2513: in cdpl_ipc_host_release(): debug: releasing host `152.14.98.53:53462'
1757121929.054104: 1767025-7f03b6ac4700: cdpl_ipc.c:3728: in cdpl_ipc_free(): debug: releasing IPC handle
1757121929.054115: 1767025-7f03b6ac4700: cdpl_ipc.c:1582: in _host_free__UNSAFE(): debug: freeing host `152.14.98.53:34223'
1757121929.054118: 1767025-7f03b6ac4700: cdpl_ipc.c:1621: in _host_free__UNSAFE(): debug: [0 outq, 0 spR, 0 spW]
1757121929.054120: 1767025-7f03b6ac4700: cdpl_ipc.c:1582: in _host_free__UNSAFE(): debug: freeing host `152.14.98.53:37373'
1757121929.054122: 1767025-7f03b6ac4700: cdpl_ipc.c:1621: in _host_free__UNSAFE(): debug: [0 outq, 0 spR, 0 spW]
1757121929.054134: 1767025-7f03b6ac4700: cdpl_ipc.c:1582: in _host_free__UNSAFE(): debug: freeing host `152.14.98.53:44019'
1757121929.054136: 1767025-7f03b6ac4700: cdpl_ipc.c:1621: in _host_free__UNSAFE(): debug: [0 outq, 0 spR, 0 spW]
1757121929.054143: 1767025-7f03b6ac4700: cdpl_ipc.c:3756: in cdpl_ipc_free(): warning: 3 host(s) were not released
1757121929.054155: 1767025-7f03b6ac4700: cdpl_ipc.c:3767: in cdpl_ipc_free(): debug: done
1757121929.054157: 1767025-7f03b6ac4700: cdpl_monitor.c:1390: in cdpl_mn_free(): debug: freeing monitor client
1757121929.054243: 1767025-7f03fb53e540: cdpl_farm.c:2740: in cdpl_farm_free(): info: freeing farm
1757121929.054266: 1767025-7f03a67fc700: cdpl_farm.c:2231: in _schedule(): debug: end of idling
1757121929.054273: 1767025-7f03a67fc700: cdpl_farm.c:2235: in _schedule(): debug: dying
1757121929.054315: 1767025-7f03fb53e540: cdpl_farm.c:913: in _killall(): debug: killing all remaining commands
1757121929.054326: 1767025-7f03fb53e540: cdpl_server.c:3144: in cdpl_sv_free(): info: freeing server S320283285
1757121929.054341: 1767025-7f03fb53e540: cdpl_server.c:3109: in cdpl_sv_kill_errno(): info: killing server
1757121929.054342: 1767025-7f03fb53e540: cdpl_ipc.c:3677: in cdpl_ipc_kill(): debug: stopping event server
1757121929.054351: 1767025-7f03b7ac6700: cdpl_ipc.c:2460: in _epoll_main(): debug: server going down...
1757121929.054356: 1767025-7f03b72c5700: cdpl_server_ipc.c:1200: in _sv_ipc_thread(): debug: leaving now
1757121929.054365: 1767025-7f03fb53e540: cdpl_server.c:334: in _sv_free_master(): info: freeing master M1
1757121929.054371: 1767025-7f03fb53e540: cdpl_hash.c:68: in cdpl_h_destroy(): debug: put operations: 2
1757121929.054373: 1767025-7f03fb53e540: cdpl_hash.c:69: in cdpl_h_destroy(): debug: put collisions: 0
1757121929.054375: 1767025-7f03fb53e540: cdpl_hash.c:70: in cdpl_h_destroy(): debug: get operations: 2
1757121929.054376: 1767025-7f03fb53e540: cdpl_hash.c:71: in cdpl_h_destroy(): debug: get iterations: 2
1757121929.054384: 1767025-7f03fb53e540: cdpl_monitor.c:1390: in cdpl_mn_free(): debug: freeing monitor server
1757121929.054386: 1767025-7f03fb53e540: cdpl_ipc.c:3728: in cdpl_ipc_free(): debug: releasing IPC handle
1757121929.054387: 1767025-7f03fb53e540: cdpl_ipc.c:1582: in _host_free__UNSAFE(): debug: freeing host `152.14.98.53:53462'
1757121929.054389: 1767025-7f03fb53e540: cdpl_ipc.c:1621: in _host_free__UNSAFE(): debug: [0 outq, 0 spR, 0 spW]
1757121929.054411: 1767025-7f03fb53e540: cdpl_ipc.c:3767: in cdpl_ipc_free(): debug: done
1757121929.054416: 1767025-7f03fb53e540: cdpl_log.c:481: in cdpl_log_close(): info: @@end_of_log@@
