1757280062.727104: 3387431-7ffa4cba9ac0: cdpl_log.c:522: in cdpl_log_open(): info: @@start_of_log@@
1757280062.727127: 3387431-7ffa4cba9ac0: cdpl_log.c:1425: in cdpl_log_dump_sysinfo(): info: time: 2025/09/07 17:21:02 EDT -0400
1757280062.727130: 3387431-7ffa4cba9ac0: cdpl_log.c:1427: in cdpl_log_dump_sysinfo(): info: version: X-2025.06 
1757280062.727131: 3387431-7ffa4cba9ac0: cdpl_log.c:1429: in cdpl_log_dump_sysinfo(): info: system: Linux 4.18.0-553.69.1.el8_10.x86_64 #1 SMP Thu Aug 7 18:10:00 EDT 2025
1757280062.727133: 3387431-7ffa4cba9ac0: cdpl_log.c:1434: in cdpl_log_dump_sysinfo(): info: processor: x86_64 64-bits
1757280062.727134: 3387431-7ffa4cba9ac0: cdpl_log.c:1438: in cdpl_log_dump_sysinfo(): info: hostname: claws-compute3.ece.ncsu.edu
1757280062.727136: 3387431-7ffa4cba9ac0: cdpl_log.c:1440: in cdpl_log_dump_sysinfo(): info: program name: custom_shell
1757280062.727138: 3387431-7ffa4cba9ac0: cdpl_log.c:525: in cdpl_log_open(): debug: path: /home/argershm/180-voltmeter/Analog/cc/synopsys_custom/pwdp_jobs/saeSession0_diffmodegain.SimulationSimulation_cdpl.0.3387431/logs/master.claws-compute3.ece.ncsu.edu.3387431.log
1757280062.727140: 3387431-7ffa4cba9ac0: cdpl_log.c:526: in cdpl_log_open(): debug: dir: /home/argershm/180-voltmeter/Analog/cc/synopsys_custom/pwdp_jobs/saeSession0_diffmodegain.SimulationSimulation_cdpl.0.3387431/logs
1757280062.727169: 3387431-7ffa4cba9ac0: cdpl_server.c:537: in cdpl_sv_init(): info: new server S300028357
1757280062.727175: 3387431-7ffa4cba9ac0: cdpl_ipc.c:3475: in cdpl_ipc_init(): info: requesting IPv4 protocol
1757280062.732798: 3387431-7ffa4cba9ac0: cdpl_ipc.c:837: in _selectaddrfamily(): info: selected IPv4 protocol
1757280062.732820: 3387431-7ffa4cba9ac0: cdpl_ipc.c:1139: in _set_keepalive(): info: TCP keep alive interval: 300
1757280062.735586: 3387431-7ffa4cba9ac0: cdpl_monitor.c:1117: in cdpl_mn_new_server(): info: creating server monitor instance
1757280062.735600: 3387431-7ffa4cba9ac0: cdpl_server.c:651: in cdpl_sv_new_master(): info: new master M1
1757280062.735612: 3387431-7ffa4cba9ac0: cdpl_server.c:6474: in cdpl_sv_ctl_master(): info: farm submit command timeout set to 600
1757280062.735615: 3387431-7ffa4cba9ac0: cdpl_server.c:6537: in cdpl_sv_ctl_master(): info: Setting worker heartbeat to 120 seconds
1757280062.735616: 3387431-7ffa4cba9ac0: cdpl_server.c:6546: in cdpl_sv_ctl_master(): info: Setting worker heartbeat timeout to 3 heartbeats
1757280062.735618: 3387431-7ffa4cba9ac0: cdpl_compat_master.c:2108: in _parse_hostfile(): info: reading hostfile `/home/argershm/180-voltmeter/Analog/cc/synopsys_custom/pwdp_jobs/saeSession0_diffmodegain.SimulationSimulation_cdpl.0.3387431/host_file'
1757280062.735638: 3387431-7ffa4cba9ac0: cdpl_compat_master.c:1918: in _hostfile_parser(): debug: parsing "1     |localhost|   -1  | /tmp | SH | sh"
1757280062.735649: 3387431-7ffa4cba9ac0: cdpl_farm.c:2603: in cdpl_farm_new_sh(): info: creating SH farm on localhost
1757280062.735654: 3387431-7ffa4cba9ac0: cdpl_compat_master.c:209: in _set_farm_env(): info: exporting CDPL_LOGDIR as `/home/argershm/180-voltmeter/Analog/cc/synopsys_custom/pwdp_jobs/saeSession0_diffmodegain.SimulationSimulation_cdpl.0.3387431/logs'
1757280062.735656: 3387431-7ffa4cba9ac0: cdpl_compat_master.c:215: in _set_farm_env(): info: exporting CDPL_TMPDIR as `/tmp'
1757280062.735658: 3387431-7ffa4cba9ac0: cdpl_compat_master.c:222: in _set_farm_env(): info: exporting CDPL_HOME as `/mnt/apps/public/COE/synopsys_apps/hspice/X-2025.06/hspice/cdpl'
1757280062.735660: 3387431-7ffa4cba9ac0: cdpl_compat_master.c:238: in _set_farm_env(): info: exporting SNPSLMD_LICENSE_FILE as `27000@ece-lic-35.ece.ncsu.edu'
1757280062.735662: 3387431-7ffa4cba9ac0: cdpl_compat_master.c:263: in _set_farm_env(): info: exporting CDPL_OPTIONS as `[nowlogs]'
1757280062.735663: 3387431-7ffa4cba9ac0: cdpl_compat_master.c:270: in _set_farm_env(): info: exporting DISPLAY as `claws-compute3.ece.ncsu.edu:107'
1757280062.735665: 3387431-7ffa4cba9ac0: cdpl_compat_master.c:278: in _set_farm_env(): info: exporting CDPL_HEARTBEAT as `120'
1757280062.735674: 3387431-7ffa4cba9ac0: cdpl_farm.c:3166: in cdpl_farm_add_withdir(): debug: added `localhost' (capacity: unlimited)
1757280062.735680: 3387431-7ffa4cba9ac0: cdpl_compat_parse.c:147: in parsefile(): debug: read `/home/argershm/180-voltmeter/Analog/cc/synopsys_custom/pwdp_jobs/saeSession0_diffmodegain.SimulationSimulation_cdpl.0.3387431/host_file', 2 lines
1757280062.735682: 3387431-7ffa4cba9ac0: cdpl_compat_master.c:2975: in cdplInitMaster(): info: bcast dir is `/home/argershm/180-voltmeter/Analog/cc/synopsys_custom/pwdp_jobs/saeSession0_diffmodegain.SimulationSimulation_cdpl.0.3387431/logs'
1757280062.735730: 3387431-7ffa4cba9ac0: cdpl_server.c:6437: in cdpl_sv_ctl_master(): info: farm worker timeout set to 300
1757280062.735732: 3387431-7ffa4cba9ac0: cdpl_server.c:6474: in cdpl_sv_ctl_master(): info: farm submit command timeout set to 600
1757280062.735733: 3387431-7ffa4cba9ac0: cdpl_server.c:6490: in cdpl_sv_ctl_master(): info: maximum number of task execution attempts set to 1
1757280062.735747: 3387431-7ffa4cba9ac0: cdpl_server.c:3201: in cdpl_sv_start(): debug: starting server
1757280062.735751: 3387431-7ffa4cba9ac0: cdpl_ipc.c:3632: in cdpl_ipc_start(): debug: starting IPC server 152.14.98.53:41447
1757280062.735862: 3387431-7ff9ee7ec700: cdpl_server_ipc.c:1182: in _sv_ipc_thread(): debug: ready
1757280062.735916: 3387431-7ff9eefed700: cdpl_monitor.c:426: in cdpl_mn_init_client(): info: creating client monitor instance
1757280062.735928: 3387431-7ff9eefed700: cdpl_ipc.c:3475: in cdpl_ipc_init(): info: requesting IPv4 protocol
1757280062.739911: 3387431-7ff9eefed700: cdpl_ipc.c:837: in _selectaddrfamily(): info: selected IPv4 protocol
1757280062.739933: 3387431-7ff9eefed700: cdpl_ipc.c:1139: in _set_keepalive(): info: TCP keep alive interval: 300
1757280062.744434: 3387431-7ff9eefed700: cdpl_ipc.c:3632: in cdpl_ipc_start(): debug: starting IPC server 152.14.98.53:40173
1757280062.744526: 3387431-7ff9eefed700: cdpl_monitor.c:471: in cdpl_mn_init_client(): debug: incoming messages in /tmp/cdpl-monitor-ATVZst
1757280062.744609: 3387431-7ff9eefed700: cdpl_monitor.c:533: in cdpl_mn_connect(): debug: connecting to 152.14.98.53:41447
1757280062.744619: 3387431-7ff9eefed700: cdpl_ipc.c:3789: in cdpl_ipc_connect(): info: connecting to 152.14.98.53:41447
1757280062.744727: 3387431-7ff9eefed700: cdpl_ipc.c:3860: in cdpl_ipc_connect(): info: connected as `152.14.98.53:60900'
1757280062.744742: 3387431-7ff9eefed700: cdpl_ipc.c:2503: in cdpl_ipc_host_accept(): debug: accepted host `152.14.98.53:41447'
1757280062.744762: 3387431-7ff9edfeb700: cdpl_ipc.c:1862: in _epoll_accept(): debug: new connection from `152.14.98.53:60900'
1757280062.744777: 3387431-7ff9eefed700: cdpl_monitor.c:579: in cdpl_mn_connect(): debug: ok
1757280062.744797: 3387431-7ffa4cba9ac0: cdpl_server.c:732: in cdpl_sv_new_job(): info: new job J1 in M1
1757280062.744803: 3387431-7ff9ee7ec700: cdpl_server_ipc.c:1225: in _sv_ipc_thread(): debug: received ACCEPT notification
1757280062.744814: 3387431-7ff9ee7ec700: cdpl_ipc.c:2503: in cdpl_ipc_host_accept(): debug: accepted host `152.14.98.53:60900'
1757280062.744825: 3387431-7ff9ee7ec700: cdpl_server_ipc.c:1256: in _sv_ipc_thread(): debug: received MONITOR message
1757280062.744925: 3387431-7ffa4cba9ac0: cdpl_compat_master.c:1599: in _add_worker(): info: new worker type 10, min:1, max:3, cmd:`/home/argershm/180-voltmeter/Analog/cc/synopsys_custom/pwdp_jobs/saeSession0_diffmodegain.SimulationSimulation_cdpl.0.3387431/START_WORKER pw_worker -i /home/argershm/180-voltmeter/Analog/cc/synopsys_custom/pwdp_jobs
1757280062.744937: 3387431-7ffa4cba9ac0: cdpl_server.c:909: in cdpl_sv_new_bin_withfarm(): info: new bin B1 in J1
1757280062.744959: 3387431-7ff9ee7ec700: cdpl_monitor.c:1207: in cdpl_mn_accept(): debug: accepted monitor `152.14.98.53:60900'
1757280062.744973: 3387431-7ffa06ac4700: cdpl_monitor.c:910: in mn_systat(): debug: started
1757280062.744983: 3387431-7ff9ee7ec700: cdpl_server_ipc_mon.c:120: in _globalLOCK(): debug: ENTERTING GLOBAL LOCK
1757280062.744988: 3387431-7ff9ee7ec700: cdpl_server_ipc_mon.c:164: in _globalLOCK(): debug: global lock acquired
1757280062.745246: 3387431-7ffa06ac4700: cdpl_monitor.c:937: in mn_systat(): debug: monitor server flush rate: 5
1757280063.601372: 3387431-7ff9ee7ec700: cdpl_server_ipc_mon.c:210: in _globalUNLOCK(): debug: LEAVING GLOBAL LOCK
1757280063.601389: 3387431-7ffa4cba9ac0: cdpl_server.c:3255: in cdpl_sv_start_job(): info: starting job J1
1757280063.601423: 3387431-7ffa4cba9ac0: cdpl_server.c:63: in _sv_start_bin(): debug: starting bin B1 (min: 0, max: 3)
1757280063.601564: 3387431-7ffa052c1700: cdpl_server_sched.c:2483: in _sv_scheduler_thread(): debug: scheduler for bin B1 started
1757280063.601593: 3387431-7ffa4cba9ac0: cdpl_server.c:1899: in _sv_gen_task(): info: new task T0 in B1 (prio 0)
1757280063.601624: 3387431-7ffa4cba9ac0: cdpl_server.c:2704: in cdpl_sv_label_task_va(): info: setting task T0 label to "PrimeSim_1|PrimeSim"
1757280063.601672: 3387431-7ffa052c1700: cdpl_server_sched.c:2444: in _scheduler_run(): debug: will start a new worker
1757280063.601698: 3387431-7ffa4cba9ac0: cdpl_compat_master.c:6059: in cdplMasterLogInfo(): info: [non-CDPL log entry] PWDP: add new job job_name=PrimeSim_1 assigned task T0 vector_id=0.
1757280063.601709: 3387431-7ffa052c1700: cdpl_farm.c:3994: in cdpl_farm_submit(): debug: 1 running processes
1757280063.601713: 3387431-7ffa052c1700: cdpl_farm.c:4002: in cdpl_farm_submit(): debug: new command C1 in bin B1 assigned to host `localhost'
1757280063.601791: 3387431-7ffa052c1700: cdpl_server_sched.c:705: in _sv_launch_worker(): info: started worker W1 (as C1) in bin B1
1757280063.601810: 3387431-7ffa04ac0700: cdpl_farm.c:2164: in _schedule(): debug: started
1757280063.601816: 3387431-7ffa04ac0700: cdpl_farm.c:2169: in _schedule(): info: worker submit command timeout set to 600 seconds
1757280063.601821: 3387431-7ffa04ac0700: cdpl_farm.c:2328: in _schedule(): debug: submitting command C1 in bin B1
1757280063.601829: 3387431-7ffa04ac0700: cdpl_sh.c:50: in _sh_detached_submit(): info: SH : /home/argershm/180-voltmeter/Analog/cc/synopsys_custom/pwdp_jobs/saeSession0_diffmodegain.SimulationSimulation_cdpl.0.3387431/START_WORKER pw_worker -i /home/argershm/180-voltmeter/Analog/cc/synopsys_custom/pwdp_jobs/saeSession0_diffmodegain.SimulationSimulation_cdpl.0.3387431 -t 10000
1757280063.602414: 3387431-7ffa04ac0700: cdpl_farm.c:2368: in _schedule(): debug: C1 in bin B1 running on slot 0
1757280063.602427: 3387431-7ffa04ac0700: cdpl_farm.c:2192: in _schedule(): debug: idle
1757280063.902498: 3387431-7ffa04ac0700: cdpl_farm.c:1212: in _onexit(): debug: C1 in bin B1 exited normally on slot 0
1757280064.021606: 3387431-7ffa4cba9ac0: cdpl_compat_master.c:6059: in cdplMasterLogInfo(): info: [non-CDPL log entry] PWDP3: reset pilot cache succeeded, pilot_key=saeSession0,1,diff_mode_gain|&/home/argershm/180-voltmeter/Analog/cc/simulation/integrator,tb_main_opamp,schematic/history_1/simulation/diff_mode_gain/PrimeSimSPICE/nominal/results
1757280064.710999: 3387431-7ffa05ac2700: cdpl_compat_master.c:6059: in cdplMasterLogInfo(): info: [non-CDPL log entry] PWDP - no-workers started ok check start!
1757280065.319406: 3387431-7ff9edfeb700: cdpl_ipc.c:1862: in _epoll_accept(): debug: new connection from `152.14.98.53:60914'
1757280065.319906: 3387431-7ff9ee7ec700: cdpl_server_ipc.c:1225: in _sv_ipc_thread(): debug: received ACCEPT notification
1757280065.319920: 3387431-7ff9ee7ec700: cdpl_ipc.c:2503: in cdpl_ipc_host_accept(): debug: accepted host `152.14.98.53:60914'
1757280065.319943: 3387431-7ff9ee7ec700: cdpl_server_ipc.c:1246: in _sv_ipc_thread(): debug: received HELLO message
1757280065.319945: 3387431-7ff9ee7ec700: cdpl_server_ipc.c:430: in _sv_on_hello(): debug: looking up W1
1757280065.319948: 3387431-7ff9ee7ec700: cdpl_server_ipc.c:540: in _sv_on_hello(): info: W1 is `152.14.98.53:60914'
1757280065.319950: 3387431-7ff9ee7ec700: cdpl_server_ipc.c:541: in _sv_on_hello(): debug: hello W1 (B1)
1757280065.319959: 3387431-7ff9ee7ec700: cdpl_server_ipc.c:542: in _sv_on_hello(): info: W1 log file is /dev/null
1757280065.319993: 3387431-7ff9ee7ec700: cdpl_server_ipc.c:602: in _sv_on_hello(): info: up to 1 alive workers in B1
1757280065.320007: 3387431-7ff9ee7ec700: cdpl_farm.c:897: in _release_cmd(): debug: freeing command C1 in bin B1
1757280065.320019: 3387431-7ffa052c1700: cdpl_server_sched.c:960: in _assign(): info: assigning task T0 to worker W1
1757280065.385027: 3387431-7ff9ee7ec700: cdpl_server_ipc.c:1268: in _sv_ipc_thread(): debug: received RELAY message
1757280065.385043: 3387431-7ff9ee7ec700: cdpl_server_ipc.c:713: in _sv_on_relay(): debug: RELAY message from W1, size = 65
1757280065.385046: 3387431-7ff9ee7ec700: cdpl_server_ipc.c:715: in _sv_on_relay(): debug: RELAY message from W1, content = 0$3389101 claws-compute3.ece.ncsu.edu 3389208 RUNNING 1757280065
1757280066.319766: 3387431-7ff9ee7ec700: cdpl_server_ipc.c:312: in _sv_on_heartbeat(): debug: received HEARTBEAT from worker W1 at 152.14.98.53:60914
1757280067.745899: 3387431-7ff9eefed700: cdpl_monitor.c:533: in cdpl_mn_connect(): debug: connecting to 152.14.98.53:42455
1757280067.745910: 3387431-7ff9eefed700: cdpl_ipc.c:3789: in cdpl_ipc_connect(): info: connecting to 152.14.98.53:42455
1757280067.746046: 3387431-7ff9eefed700: cdpl_ipc.c:3860: in cdpl_ipc_connect(): info: connected as `152.14.98.53:44688'
1757280067.746055: 3387431-7ff9eefed700: cdpl_ipc.c:2503: in cdpl_ipc_host_accept(): debug: accepted host `152.14.98.53:42455'
1757280067.746060: 3387431-7ff9eefed700: cdpl_monitor.c:579: in cdpl_mn_connect(): debug: ok
1757280072.080376: 3387431-7ff9ee7ec700: cdpl_server_ipc.c:1268: in _sv_ipc_thread(): debug: received RELAY message
1757280072.080396: 3387431-7ff9ee7ec700: cdpl_server_ipc.c:713: in _sv_on_relay(): debug: RELAY message from W1, size = 50
1757280072.080398: 3387431-7ff9ee7ec700: cdpl_server_ipc.c:715: in _sv_on_relay(): debug: RELAY message from W1, content = WORKERDU|20,/dev/mapper/rhel_claws--compute3-home
1757280072.097309: 3387431-7ff9ee7ec700: cdpl_server_ipc.c:1268: in _sv_ipc_thread(): debug: received RELAY message
1757280072.097316: 3387431-7ff9ee7ec700: cdpl_server_ipc.c:713: in _sv_on_relay(): debug: RELAY message from W1, size = 40
1757280072.097318: 3387431-7ff9ee7ec700: cdpl_server_ipc.c:715: in _sv_on_relay(): debug: RELAY message from W1, content = 0$- - - MEASDOING 1757280065|1757280072
1757280072.418386: 3387431-7ff9ee7ec700: cdpl_server_ipc.c:1268: in _sv_ipc_thread(): debug: received RELAY message
1757280072.418399: 3387431-7ff9ee7ec700: cdpl_server_ipc.c:713: in _sv_on_relay(): debug: RELAY message from W1, size = 77
1757280072.418402: 3387431-7ff9ee7ec700: cdpl_server_ipc.c:715: in _sv_on_relay(): debug: RELAY message from W1, content = 0$3389101 claws-compute3.ece.ncsu.edu 3389208 FAILED 1757280065|1757280072|5
1757280072.436112: 3387431-7ff9ee7ec700: cdpl_server_ipc.c:1251: in _sv_ipc_thread(): debug: received FINISH message
1757280072.436120: 3387431-7ff9ee7ec700: cdpl_server_ipc.c:983: in _sv_on_finish(): info: worker W1 completed task T0
1757280072.436123: 3387431-7ff9ee7ec700: cdpl_server_ipc.c:988: in _sv_on_finish(): debug: stat T0: utime=3779 stime=2232
1757280072.436125: 3387431-7ff9ee7ec700: cdpl_server_ipc.c:993: in _sv_on_finish(): debug: statm T0: vsize=3171492 rss=1061932 shared=538792 text=493304 data=717408
1757280072.471274: 3387431-7ffa4cba9ac0: cdpl_server.c:228: in _sv_free_task_safe(): debug: freeing task T0
1757280072.492316: 3387431-7ff9ee7ec700: cdpl_server_ipc.c:1268: in _sv_ipc_thread(): debug: received RELAY message
1757280072.492325: 3387431-7ff9ee7ec700: cdpl_server_ipc.c:713: in _sv_on_relay(): debug: RELAY message from W1, size = 49
1757280072.492327: 3387431-7ff9ee7ec700: cdpl_server_ipc.c:715: in _sv_on_relay(): debug: RELAY message from W1, content = WORKERDU|8,/dev/mapper/rhel_claws--compute3-home
1757280092.492959: 3387431-7ff9ef7ee700: cdpl_ipc.c:775: in _readv(): warning: read(): EOF
1757280092.493010: 3387431-7ff9ef7ee700: cdpl_ipc.c:2100: in _epoll_recv(): debug: _readv(): Broken pipe
1757280092.493013: 3387431-7ff9ef7ee700: cdpl_ipc.c:2424: in _epoll_main(): debug: _epoll_recv(): Broken pipe
1757280092.493018: 3387431-7ff9ef7ee700: cdpl_ipc.c:1657: in _host_drop__UNSAFE(): debug: dropping host `152.14.98.53:42455'
1757280092.493355: 3387431-7ffa07ac6700: cdpl_monitor.c:290: in mn_listen(): debug: received DROP message
1757280092.493364: 3387431-7ff9edfeb700: cdpl_ipc.c:775: in _readv(): warning: read(): EOF
1757280092.493371: 3387431-7ff9edfeb700: cdpl_ipc.c:2100: in _epoll_recv(): debug: _readv(): Broken pipe
1757280092.493374: 3387431-7ff9edfeb700: cdpl_ipc.c:2424: in _epoll_main(): debug: _epoll_recv(): Broken pipe
1757280092.493379: 3387431-7ff9edfeb700: cdpl_ipc.c:1657: in _host_drop__UNSAFE(): debug: dropping host `152.14.98.53:60914'
1757280092.493386: 3387431-7ffa07ac6700: cdpl_ipc.c:2513: in cdpl_ipc_host_release(): debug: releasing host `152.14.98.53:42455'
1757280092.493422: 3387431-7ff9ee7ec700: cdpl_server_ipc.c:1236: in _sv_ipc_thread(): debug: received DROP notification
1757280092.493444: 3387431-7ff9ee7ec700: cdpl_server_sched.c:2797: in _sv_record_crashed_worker(): debug: dropping worker W1
1757280092.493447: 3387431-7ff9ee7ec700: cdpl_server_ipc.c:188: in _sv_on_drop_worker(): debug: down to 0 live workers in B1
1757280092.493459: 3387431-7ffa052c1700: cdpl_server_sched.c:750: in _empty_trash(): debug: freeing worker W1 while emptying trash list for bin B1
1757280092.493487: 3387431-7ffa052c1700: cdpl_farm.c:4174: in cdpl_farm_dismiss(): debug: down to 0 running processes
1757280092.493497: 3387431-7ffa052c1700: cdpl_server_sched.c:121: in _free_worker_2(): debug: freeing worker W1
1757280092.493506: 3387431-7ffa052c1700: cdpl_ipc.c:2513: in cdpl_ipc_host_release(): debug: releasing host `152.14.98.53:60914'
1757280092.493508: 3387431-7ffa052c1700: cdpl_ipc.c:2529: in cdpl_ipc_host_release(): debug: scheduling for immediate release
1757280092.745988: 3387431-7ff9edfeb700: cdpl_ipc.c:1582: in _host_free__UNSAFE(): debug: freeing host `152.14.98.53:60914'
1757280092.745997: 3387431-7ff9edfeb700: cdpl_ipc.c:1621: in _host_free__UNSAFE(): debug: [0 outq, 0 spR, 0 spW]
1757280092.745999: 3387431-7ff9ef7ee700: cdpl_ipc.c:1582: in _host_free__UNSAFE(): debug: freeing host `152.14.98.53:42455'
1757280092.746004: 3387431-7ff9ef7ee700: cdpl_ipc.c:1621: in _host_free__UNSAFE(): debug: [0 outq, 0 spR, 0 spW]
1757280123.902594: 3387431-7ffa04ac0700: cdpl_farm.c:2198: in _schedule(): debug: idle
1757280132.938461: 3387431-7ffa062c3700: cdpl_compat_master.c:6082: in cdplMasterLogWarning(): warning: [non-CDPL log entry] PWDP: master does not receive message over 60 seconds!
1757280183.902695: 3387431-7ffa04ac0700: cdpl_farm.c:2198: in _schedule(): debug: idle
1757280184.453317: 3387431-7ffa062c3700: cdpl_compat_master.c:6059: in cdplMasterLogInfo(): info: [non-CDPL log entry] PWDP: message receiver is alive.
1757280185.420733: 3387431-7ffa05ac2700: cdpl_compat_master.c:6059: in cdplMasterLogInfo(): info: [non-CDPL log entry] PWDP: master status watchdog is alive.
1757280193.403657: 3387431-7ffa062c3700: cdpl_compat_master.c:6082: in cdplMasterLogWarning(): warning: [non-CDPL log entry] PWDP: master does not receive message over 60 seconds!
1757280243.902817: 3387431-7ffa04ac0700: cdpl_farm.c:2198: in _schedule(): debug: idle
1757280253.874764: 3387431-7ffa062c3700: cdpl_compat_master.c:6082: in cdplMasterLogWarning(): warning: [non-CDPL log entry] PWDP: master does not receive message over 60 seconds!
1757280281.430503: 3387431-7ffa4cba9ac0: cdpl_server.c:3014: in cdpl_sv_halt_job_errno(): info: killing job J1
1757280281.430525: 3387431-7ffa4cba9ac0: cdpl_server.c:3050: in cdpl_sv_halt_job_errno(): debug: signal bin B1 scheduler to stop
1757280281.430552: 3387431-7ffa052c1700: cdpl_server_sched.c:2485: in _sv_scheduler_thread(): debug: scheduler for bin B1 stopped
1757280281.430577: 3387431-7ffa4cba9ac0: cdpl_server.c:295: in _sv_free_job(): info: freeing job J1
1757280281.430579: 3387431-7ffa4cba9ac0: cdpl_server.c:93: in _sv_free_bin(): debug: freeing bin B1
1757280281.430615: 3387431-7ffa4cba9ac0: cdpl_monitor.c:515: in cdpl_mn_kill(): info: killing monitor
1757280281.430644: 3387431-7ffa4cba9ac0: cdpl_ipc.c:3677: in cdpl_ipc_kill(): debug: stopping event server
1757280281.430679: 3387431-7ff9ef7ee700: cdpl_ipc.c:2460: in _epoll_main(): debug: server going down...
1757280281.430691: 3387431-7ff9edfeb700: cdpl_ipc.c:775: in _readv(): warning: read(): EOF
1757280281.430702: 3387431-7ff9edfeb700: cdpl_ipc.c:2100: in _epoll_recv(): debug: _readv(): Broken pipe
1757280281.430706: 3387431-7ff9edfeb700: cdpl_ipc.c:2424: in _epoll_main(): debug: _epoll_recv(): Broken pipe
1757280281.430710: 3387431-7ff9edfeb700: cdpl_ipc.c:1657: in _host_drop__UNSAFE(): debug: dropping host `152.14.98.53:60900'
1757280281.430754: 3387431-7ff9ee7ec700: cdpl_server_ipc.c:1236: in _sv_ipc_thread(): debug: received DROP notification
1757280281.430769: 3387431-7ff9ee7ec700: cdpl_monitor.c:1269: in cdpl_mn_drop(): debug: detaching from monitor `152.14.98.53:60900'
1757280281.430774: 3387431-7ff9ee7ec700: cdpl_monitor.c:1101: in mn_systat_stop(): debug: joining systat thread
1757280281.430809: 3387431-7ffa06ac4700: cdpl_monitor.c:1079: in mn_systat(): debug: exiting
1757280281.430819: 3387431-7ff9ee7ec700: cdpl_monitor.c:1103: in mn_systat_stop(): debug: systat thread done
1757280281.430821: 3387431-7ff9ee7ec700: cdpl_ipc.c:2513: in cdpl_ipc_host_release(): debug: releasing host `152.14.98.53:60900'
1757280281.430899: 3387431-7ff9eefed700: cdpl_ipc.c:3728: in cdpl_ipc_free(): debug: releasing IPC handle
1757280281.430905: 3387431-7ff9eefed700: cdpl_ipc.c:1582: in _host_free__UNSAFE(): debug: freeing host `152.14.98.53:41447'
1757280281.430907: 3387431-7ff9eefed700: cdpl_ipc.c:1621: in _host_free__UNSAFE(): debug: [0 outq, 0 spR, 0 spW]
1757280281.430920: 3387431-7ff9eefed700: cdpl_ipc.c:3756: in cdpl_ipc_free(): warning: 1 host(s) were not released
1757280281.430934: 3387431-7ff9eefed700: cdpl_ipc.c:3767: in cdpl_ipc_free(): debug: done
1757280281.430936: 3387431-7ff9eefed700: cdpl_monitor.c:1390: in cdpl_mn_free(): debug: freeing monitor client
1757280281.431090: 3387431-7ffa4cba9ac0: cdpl_farm.c:2765: in cdpl_farm_free(): info: freeing farm
1757280281.431127: 3387431-7ffa04ac0700: cdpl_farm.c:2256: in _schedule(): debug: end of idling
1757280281.431143: 3387431-7ffa04ac0700: cdpl_farm.c:2260: in _schedule(): debug: dying
1757280281.431218: 3387431-7ffa4cba9ac0: cdpl_farm.c:932: in _killall(): debug: killing all remaining commands
1757280281.431285: 3387431-7ffa4cba9ac0: cdpl_server.c:3150: in cdpl_sv_free(): info: freeing server S300028357
1757280281.431301: 3387431-7ffa4cba9ac0: cdpl_server.c:3115: in cdpl_sv_kill_errno(): info: killing server
1757280281.431303: 3387431-7ffa4cba9ac0: cdpl_ipc.c:3677: in cdpl_ipc_kill(): debug: stopping event server
1757280281.431322: 3387431-7ff9edfeb700: cdpl_ipc.c:2460: in _epoll_main(): debug: server going down...
1757280281.431332: 3387431-7ff9ee7ec700: cdpl_server_ipc.c:1200: in _sv_ipc_thread(): debug: leaving now
1757280281.431343: 3387431-7ffa4cba9ac0: cdpl_server.c:335: in _sv_free_master(): info: freeing master M1
1757280281.431352: 3387431-7ffa4cba9ac0: cdpl_hash.c:68: in cdpl_h_destroy(): debug: put operations: 1
1757280281.431355: 3387431-7ffa4cba9ac0: cdpl_hash.c:69: in cdpl_h_destroy(): debug: put collisions: 0
1757280281.431357: 3387431-7ffa4cba9ac0: cdpl_hash.c:70: in cdpl_h_destroy(): debug: get operations: 0
1757280281.431359: 3387431-7ffa4cba9ac0: cdpl_hash.c:71: in cdpl_h_destroy(): debug: get iterations: 0
1757280281.431366: 3387431-7ffa4cba9ac0: cdpl_monitor.c:1390: in cdpl_mn_free(): debug: freeing monitor server
1757280281.431368: 3387431-7ffa4cba9ac0: cdpl_ipc.c:3728: in cdpl_ipc_free(): debug: releasing IPC handle
1757280281.431370: 3387431-7ffa4cba9ac0: cdpl_ipc.c:1582: in _host_free__UNSAFE(): debug: freeing host `152.14.98.53:60900'
1757280281.431372: 3387431-7ffa4cba9ac0: cdpl_ipc.c:1621: in _host_free__UNSAFE(): debug: [0 outq, 0 spR, 0 spW]
1757280281.431384: 3387431-7ffa4cba9ac0: cdpl_ipc.c:3767: in cdpl_ipc_free(): debug: done
1757280281.431390: 3387431-7ffa4cba9ac0: cdpl_log.c:688: in cdpl_log_close(): info: @@end_of_log@@
