1757281600.505551: 3409509-7fe859d30ac0: cdpl_log.c:522: in cdpl_log_open(): info: @@start_of_log@@
1757281600.505572: 3409509-7fe859d30ac0: cdpl_log.c:1425: in cdpl_log_dump_sysinfo(): info: time: 2025/09/07 17:46:40 EDT -0400
1757281600.505575: 3409509-7fe859d30ac0: cdpl_log.c:1427: in cdpl_log_dump_sysinfo(): info: version: X-2025.06 
1757281600.505576: 3409509-7fe859d30ac0: cdpl_log.c:1429: in cdpl_log_dump_sysinfo(): info: system: Linux 4.18.0-553.69.1.el8_10.x86_64 #1 SMP Thu Aug 7 18:10:00 EDT 2025
1757281600.505578: 3409509-7fe859d30ac0: cdpl_log.c:1434: in cdpl_log_dump_sysinfo(): info: processor: x86_64 64-bits
1757281600.505579: 3409509-7fe859d30ac0: cdpl_log.c:1438: in cdpl_log_dump_sysinfo(): info: hostname: claws-compute3.ece.ncsu.edu
1757281600.505580: 3409509-7fe859d30ac0: cdpl_log.c:1440: in cdpl_log_dump_sysinfo(): info: program name: custom_shell
1757281600.505583: 3409509-7fe859d30ac0: cdpl_log.c:525: in cdpl_log_open(): debug: path: /home/argershm/180-voltmeter/Analog/cc/synopsys_custom/pwdp_jobs/saeSession0_diffmodegain.SimulationSimulation_cdpl.0.3409509/logs/master.claws-compute3.ece.ncsu.edu.3409509.log
1757281600.505585: 3409509-7fe859d30ac0: cdpl_log.c:526: in cdpl_log_open(): debug: dir: /home/argershm/180-voltmeter/Analog/cc/synopsys_custom/pwdp_jobs/saeSession0_diffmodegain.SimulationSimulation_cdpl.0.3409509/logs
1757281600.505616: 3409509-7fe859d30ac0: cdpl_server.c:537: in cdpl_sv_init(): info: new server S547374744
1757281600.505626: 3409509-7fe859d30ac0: cdpl_ipc.c:3475: in cdpl_ipc_init(): info: requesting IPv4 protocol
1757281600.509615: 3409509-7fe859d30ac0: cdpl_ipc.c:837: in _selectaddrfamily(): info: selected IPv4 protocol
1757281600.509638: 3409509-7fe859d30ac0: cdpl_ipc.c:1139: in _set_keepalive(): info: TCP keep alive interval: 300
1757281600.512422: 3409509-7fe859d30ac0: cdpl_monitor.c:1117: in cdpl_mn_new_server(): info: creating server monitor instance
1757281600.512436: 3409509-7fe859d30ac0: cdpl_server.c:651: in cdpl_sv_new_master(): info: new master M1
1757281600.512446: 3409509-7fe859d30ac0: cdpl_server.c:6474: in cdpl_sv_ctl_master(): info: farm submit command timeout set to 600
1757281600.512448: 3409509-7fe859d30ac0: cdpl_server.c:6537: in cdpl_sv_ctl_master(): info: Setting worker heartbeat to 120 seconds
1757281600.512449: 3409509-7fe859d30ac0: cdpl_server.c:6546: in cdpl_sv_ctl_master(): info: Setting worker heartbeat timeout to 3 heartbeats
1757281600.512451: 3409509-7fe859d30ac0: cdpl_compat_master.c:2108: in _parse_hostfile(): info: reading hostfile `/home/argershm/180-voltmeter/Analog/cc/synopsys_custom/pwdp_jobs/saeSession0_diffmodegain.SimulationSimulation_cdpl.0.3409509/host_file'
1757281600.512472: 3409509-7fe859d30ac0: cdpl_compat_master.c:1918: in _hostfile_parser(): debug: parsing "1     |localhost|   -1  | /tmp | SH | sh"
1757281600.512482: 3409509-7fe859d30ac0: cdpl_farm.c:2603: in cdpl_farm_new_sh(): info: creating SH farm on localhost
1757281600.512487: 3409509-7fe859d30ac0: cdpl_compat_master.c:209: in _set_farm_env(): info: exporting CDPL_LOGDIR as `/home/argershm/180-voltmeter/Analog/cc/synopsys_custom/pwdp_jobs/saeSession0_diffmodegain.SimulationSimulation_cdpl.0.3409509/logs'
1757281600.512489: 3409509-7fe859d30ac0: cdpl_compat_master.c:215: in _set_farm_env(): info: exporting CDPL_TMPDIR as `/tmp'
1757281600.512491: 3409509-7fe859d30ac0: cdpl_compat_master.c:222: in _set_farm_env(): info: exporting CDPL_HOME as `/mnt/apps/public/COE/synopsys_apps/hspice/X-2025.06/hspice/cdpl'
1757281600.512493: 3409509-7fe859d30ac0: cdpl_compat_master.c:238: in _set_farm_env(): info: exporting SNPSLMD_LICENSE_FILE as `27000@ece-lic-35.ece.ncsu.edu'
1757281600.512495: 3409509-7fe859d30ac0: cdpl_compat_master.c:263: in _set_farm_env(): info: exporting CDPL_OPTIONS as `[nowlogs]'
1757281600.512496: 3409509-7fe859d30ac0: cdpl_compat_master.c:270: in _set_farm_env(): info: exporting DISPLAY as `claws-compute3.ece.ncsu.edu:107'
1757281600.512498: 3409509-7fe859d30ac0: cdpl_compat_master.c:278: in _set_farm_env(): info: exporting CDPL_HEARTBEAT as `120'
1757281600.512508: 3409509-7fe859d30ac0: cdpl_farm.c:3166: in cdpl_farm_add_withdir(): debug: added `localhost' (capacity: unlimited)
1757281600.512513: 3409509-7fe859d30ac0: cdpl_compat_parse.c:147: in parsefile(): debug: read `/home/argershm/180-voltmeter/Analog/cc/synopsys_custom/pwdp_jobs/saeSession0_diffmodegain.SimulationSimulation_cdpl.0.3409509/host_file', 2 lines
1757281600.512515: 3409509-7fe859d30ac0: cdpl_compat_master.c:2975: in cdplInitMaster(): info: bcast dir is `/home/argershm/180-voltmeter/Analog/cc/synopsys_custom/pwdp_jobs/saeSession0_diffmodegain.SimulationSimulation_cdpl.0.3409509/logs'
1757281600.512563: 3409509-7fe859d30ac0: cdpl_server.c:6437: in cdpl_sv_ctl_master(): info: farm worker timeout set to 300
1757281600.512564: 3409509-7fe859d30ac0: cdpl_server.c:6474: in cdpl_sv_ctl_master(): info: farm submit command timeout set to 600
1757281600.512566: 3409509-7fe859d30ac0: cdpl_server.c:6490: in cdpl_sv_ctl_master(): info: maximum number of task execution attempts set to 1
1757281600.512579: 3409509-7fe859d30ac0: cdpl_server.c:3201: in cdpl_sv_start(): debug: starting server
1757281600.512582: 3409509-7fe859d30ac0: cdpl_ipc.c:3632: in cdpl_ipc_start(): debug: starting IPC server 152.14.98.53:46653
1757281600.512720: 3409509-7fe7fa7f4700: cdpl_server_ipc.c:1182: in _sv_ipc_thread(): debug: ready
1757281600.512784: 3409509-7fe7faff5700: cdpl_monitor.c:426: in cdpl_mn_init_client(): info: creating client monitor instance
1757281600.512800: 3409509-7fe7faff5700: cdpl_ipc.c:3475: in cdpl_ipc_init(): info: requesting IPv4 protocol
1757281600.518544: 3409509-7fe7faff5700: cdpl_ipc.c:837: in _selectaddrfamily(): info: selected IPv4 protocol
1757281600.518569: 3409509-7fe7faff5700: cdpl_ipc.c:1139: in _set_keepalive(): info: TCP keep alive interval: 300
1757281600.521788: 3409509-7fe7faff5700: cdpl_ipc.c:3632: in cdpl_ipc_start(): debug: starting IPC server 152.14.98.53:35635
1757281600.521883: 3409509-7fe7faff5700: cdpl_monitor.c:471: in cdpl_mn_init_client(): debug: incoming messages in /tmp/cdpl-monitor-on7ftE
1757281600.521978: 3409509-7fe7faff5700: cdpl_monitor.c:533: in cdpl_mn_connect(): debug: connecting to 152.14.98.53:46653
1757281600.521988: 3409509-7fe7faff5700: cdpl_ipc.c:3789: in cdpl_ipc_connect(): info: connecting to 152.14.98.53:46653
1757281600.522105: 3409509-7fe7faff5700: cdpl_ipc.c:3860: in cdpl_ipc_connect(): info: connected as `152.14.98.53:59418'
1757281600.522120: 3409509-7fe7faff5700: cdpl_ipc.c:2503: in cdpl_ipc_host_accept(): debug: accepted host `152.14.98.53:46653'
1757281600.522139: 3409509-7fe7f9ff3700: cdpl_ipc.c:1862: in _epoll_accept(): debug: new connection from `152.14.98.53:59418'
1757281600.522157: 3409509-7fe7faff5700: cdpl_monitor.c:579: in cdpl_mn_connect(): debug: ok
1757281600.522177: 3409509-7fe859d30ac0: cdpl_server.c:732: in cdpl_sv_new_job(): info: new job J1 in M1
1757281600.522180: 3409509-7fe7fa7f4700: cdpl_server_ipc.c:1225: in _sv_ipc_thread(): debug: received ACCEPT notification
1757281600.522191: 3409509-7fe7fa7f4700: cdpl_ipc.c:2503: in cdpl_ipc_host_accept(): debug: accepted host `152.14.98.53:59418'
1757281600.522202: 3409509-7fe7fa7f4700: cdpl_server_ipc.c:1256: in _sv_ipc_thread(): debug: received MONITOR message
1757281600.522305: 3409509-7fe859d30ac0: cdpl_compat_master.c:1599: in _add_worker(): info: new worker type 10, min:1, max:3, cmd:`/home/argershm/180-voltmeter/Analog/cc/synopsys_custom/pwdp_jobs/saeSession0_diffmodegain.SimulationSimulation_cdpl.0.3409509/START_WORKER pw_worker -i /home/argershm/180-voltmeter/Analog/cc/synopsys_custom/pwdp_jobs
1757281600.522317: 3409509-7fe859d30ac0: cdpl_server.c:909: in cdpl_sv_new_bin_withfarm(): info: new bin B1 in J1
1757281600.522345: 3409509-7fe7fa7f4700: cdpl_monitor.c:1207: in cdpl_mn_accept(): debug: accepted monitor `152.14.98.53:59418'
1757281600.522352: 3409509-7fe80f7fe700: cdpl_monitor.c:910: in mn_systat(): debug: started
1757281600.522362: 3409509-7fe7fa7f4700: cdpl_server_ipc_mon.c:120: in _globalLOCK(): debug: ENTERTING GLOBAL LOCK
1757281600.522366: 3409509-7fe7fa7f4700: cdpl_server_ipc_mon.c:164: in _globalLOCK(): debug: global lock acquired
1757281600.522636: 3409509-7fe80f7fe700: cdpl_monitor.c:937: in mn_systat(): debug: monitor server flush rate: 5
1757281601.321340: 3409509-7fe7fa7f4700: cdpl_server_ipc_mon.c:210: in _globalUNLOCK(): debug: LEAVING GLOBAL LOCK
1757281601.321671: 3409509-7fe859d30ac0: cdpl_server.c:3255: in cdpl_sv_start_job(): info: starting job J1
1757281601.321705: 3409509-7fe859d30ac0: cdpl_server.c:63: in _sv_start_bin(): debug: starting bin B1 (min: 0, max: 3)
1757281601.321835: 3409509-7fe80dffb700: cdpl_server_sched.c:2483: in _sv_scheduler_thread(): debug: scheduler for bin B1 started
1757281601.321867: 3409509-7fe859d30ac0: cdpl_server.c:1899: in _sv_gen_task(): info: new task T0 in B1 (prio 0)
1757281601.321901: 3409509-7fe859d30ac0: cdpl_server.c:2704: in cdpl_sv_label_task_va(): info: setting task T0 label to "PrimeSim_1|PrimeSim"
1757281601.321955: 3409509-7fe80dffb700: cdpl_server_sched.c:2444: in _scheduler_run(): debug: will start a new worker
1757281601.321992: 3409509-7fe859d30ac0: cdpl_compat_master.c:6059: in cdplMasterLogInfo(): info: [non-CDPL log entry] PWDP: add new job job_name=PrimeSim_1 assigned task T0 vector_id=0.
1757281601.321996: 3409509-7fe80dffb700: cdpl_farm.c:3994: in cdpl_farm_submit(): debug: 1 running processes
1757281601.322001: 3409509-7fe80dffb700: cdpl_farm.c:4002: in cdpl_farm_submit(): debug: new command C1 in bin B1 assigned to host `localhost'
1757281601.322136: 3409509-7fe80dffb700: cdpl_server_sched.c:705: in _sv_launch_worker(): info: started worker W1 (as C1) in bin B1
1757281601.322161: 3409509-7fe80d7fa700: cdpl_farm.c:2164: in _schedule(): debug: started
1757281601.322171: 3409509-7fe80d7fa700: cdpl_farm.c:2169: in _schedule(): info: worker submit command timeout set to 600 seconds
1757281601.322175: 3409509-7fe80d7fa700: cdpl_farm.c:2328: in _schedule(): debug: submitting command C1 in bin B1
1757281601.322188: 3409509-7fe80d7fa700: cdpl_sh.c:50: in _sh_detached_submit(): info: SH : /home/argershm/180-voltmeter/Analog/cc/synopsys_custom/pwdp_jobs/saeSession0_diffmodegain.SimulationSimulation_cdpl.0.3409509/START_WORKER pw_worker -i /home/argershm/180-voltmeter/Analog/cc/synopsys_custom/pwdp_jobs/saeSession0_diffmodegain.SimulationSimulation_cdpl.0.3409509 -t 10000
1757281601.322853: 3409509-7fe80d7fa700: cdpl_farm.c:2368: in _schedule(): debug: C1 in bin B1 running on slot 0
1757281601.322866: 3409509-7fe80d7fa700: cdpl_farm.c:2192: in _schedule(): debug: idle
1757281601.440125: 3409509-7fe859d30ac0: cdpl_compat_master.c:6059: in cdplMasterLogInfo(): info: [non-CDPL log entry] PWDP3: reset pilot cache succeeded, pilot_key=saeSession0,1,diff_mode_gain|&/home/argershm/180-voltmeter/Analog/cc/simulation/integrator,tb_main_opamp,schematic/history_1/simulation/diff_mode_gain/PrimeSimSPICE/nominal/results
1757281601.622934: 3409509-7fe80d7fa700: cdpl_farm.c:1212: in _onexit(): debug: C1 in bin B1 exited normally on slot 0
1757281602.448890: 3409509-7fe80e7fc700: cdpl_compat_master.c:6059: in cdplMasterLogInfo(): info: [non-CDPL log entry] PWDP - no-workers started ok check start!
1757281603.073810: 3409509-7fe7f9ff3700: cdpl_ipc.c:1862: in _epoll_accept(): debug: new connection from `152.14.98.53:59426'
1757281603.073845: 3409509-7fe7fa7f4700: cdpl_server_ipc.c:1225: in _sv_ipc_thread(): debug: received ACCEPT notification
1757281603.073862: 3409509-7fe7fa7f4700: cdpl_ipc.c:2503: in cdpl_ipc_host_accept(): debug: accepted host `152.14.98.53:59426'
1757281603.074005: 3409509-7fe7fa7f4700: cdpl_server_ipc.c:1246: in _sv_ipc_thread(): debug: received HELLO message
1757281603.074014: 3409509-7fe7fa7f4700: cdpl_server_ipc.c:430: in _sv_on_hello(): debug: looking up W1
1757281603.074017: 3409509-7fe7fa7f4700: cdpl_server_ipc.c:540: in _sv_on_hello(): info: W1 is `152.14.98.53:59426'
1757281603.074018: 3409509-7fe7fa7f4700: cdpl_server_ipc.c:541: in _sv_on_hello(): debug: hello W1 (B1)
1757281603.074020: 3409509-7fe7fa7f4700: cdpl_server_ipc.c:542: in _sv_on_hello(): info: W1 log file is /dev/null
1757281603.074053: 3409509-7fe7fa7f4700: cdpl_server_ipc.c:602: in _sv_on_hello(): info: up to 1 alive workers in B1
1757281603.074066: 3409509-7fe7fa7f4700: cdpl_farm.c:897: in _release_cmd(): debug: freeing command C1 in bin B1
1757281603.074078: 3409509-7fe80dffb700: cdpl_server_sched.c:960: in _assign(): info: assigning task T0 to worker W1
1757281603.138832: 3409509-7fe7fa7f4700: cdpl_server_ipc.c:1268: in _sv_ipc_thread(): debug: received RELAY message
1757281603.138846: 3409509-7fe7fa7f4700: cdpl_server_ipc.c:713: in _sv_on_relay(): debug: RELAY message from W1, size = 65
1757281603.138848: 3409509-7fe7fa7f4700: cdpl_server_ipc.c:715: in _sv_on_relay(): debug: RELAY message from W1, content = 0$3415824 claws-compute3.ece.ncsu.edu 3415924 RUNNING 1757281603
1757281604.074216: 3409509-7fe7fa7f4700: cdpl_server_ipc.c:312: in _sv_on_heartbeat(): debug: received HEARTBEAT from worker W1 at 152.14.98.53:59426
1757281605.523337: 3409509-7fe7faff5700: cdpl_monitor.c:533: in cdpl_mn_connect(): debug: connecting to 152.14.98.53:41041
1757281605.523347: 3409509-7fe7faff5700: cdpl_ipc.c:3789: in cdpl_ipc_connect(): info: connecting to 152.14.98.53:41041
1757281605.523494: 3409509-7fe7faff5700: cdpl_ipc.c:3860: in cdpl_ipc_connect(): info: connected as `152.14.98.53:54424'
1757281605.523501: 3409509-7fe7faff5700: cdpl_ipc.c:2503: in cdpl_ipc_host_accept(): debug: accepted host `152.14.98.53:41041'
1757281605.523506: 3409509-7fe7faff5700: cdpl_monitor.c:579: in cdpl_mn_connect(): debug: ok
1757281610.075568: 3409509-7fe7fa7f4700: cdpl_server_ipc.c:1268: in _sv_ipc_thread(): debug: received RELAY message
1757281610.075583: 3409509-7fe7fa7f4700: cdpl_server_ipc.c:713: in _sv_on_relay(): debug: RELAY message from W1, size = 50
1757281610.075585: 3409509-7fe7fa7f4700: cdpl_server_ipc.c:715: in _sv_on_relay(): debug: RELAY message from W1, content = WORKERDU|28,/dev/mapper/rhel_claws--compute3-home
1757281610.093220: 3409509-7fe7fa7f4700: cdpl_server_ipc.c:1268: in _sv_ipc_thread(): debug: received RELAY message
1757281610.093227: 3409509-7fe7fa7f4700: cdpl_server_ipc.c:713: in _sv_on_relay(): debug: RELAY message from W1, size = 40
1757281610.093230: 3409509-7fe7fa7f4700: cdpl_server_ipc.c:715: in _sv_on_relay(): debug: RELAY message from W1, content = 0$- - - MEASDOING 1757281603|1757281610
1757281610.416690: 3409509-7fe7fa7f4700: cdpl_server_ipc.c:1268: in _sv_ipc_thread(): debug: received RELAY message
1757281610.416699: 3409509-7fe7fa7f4700: cdpl_server_ipc.c:713: in _sv_on_relay(): debug: RELAY message from W1, size = 77
1757281610.416702: 3409509-7fe7fa7f4700: cdpl_server_ipc.c:715: in _sv_on_relay(): debug: RELAY message from W1, content = 0$3415824 claws-compute3.ece.ncsu.edu 3415924 FAILED 1757281603|1757281610|5
1757281610.434287: 3409509-7fe7fa7f4700: cdpl_server_ipc.c:1251: in _sv_ipc_thread(): debug: received FINISH message
1757281610.434295: 3409509-7fe7fa7f4700: cdpl_server_ipc.c:983: in _sv_on_finish(): info: worker W1 completed task T0
1757281610.434298: 3409509-7fe7fa7f4700: cdpl_server_ipc.c:988: in _sv_on_finish(): debug: stat T0: utime=3768 stime=2298
1757281610.434300: 3409509-7fe7fa7f4700: cdpl_server_ipc.c:993: in _sv_on_finish(): debug: statm T0: vsize=3171328 rss=1058880 shared=537808 text=493304 data=717244
1757281610.471722: 3409509-7fe859d30ac0: cdpl_server.c:228: in _sv_free_task_safe(): debug: freeing task T0
1757281610.490444: 3409509-7fe7fa7f4700: cdpl_server_ipc.c:1268: in _sv_ipc_thread(): debug: received RELAY message
1757281610.490452: 3409509-7fe7fa7f4700: cdpl_server_ipc.c:713: in _sv_on_relay(): debug: RELAY message from W1, size = 49
1757281610.490454: 3409509-7fe7fa7f4700: cdpl_server_ipc.c:715: in _sv_on_relay(): debug: RELAY message from W1, content = WORKERDU|8,/dev/mapper/rhel_claws--compute3-home
1757281630.491164: 3409509-7fe7fb7f6700: cdpl_ipc.c:775: in _readv(): warning: read(): EOF
1757281630.491193: 3409509-7fe7f9ff3700: cdpl_ipc.c:775: in _readv(): warning: read(): EOF
1757281630.491224: 3409509-7fe7fb7f6700: cdpl_ipc.c:2100: in _epoll_recv(): debug: _readv(): Broken pipe
1757281630.491228: 3409509-7fe7fb7f6700: cdpl_ipc.c:2424: in _epoll_main(): debug: _epoll_recv(): Broken pipe
1757281630.491240: 3409509-7fe7f9ff3700: cdpl_ipc.c:2100: in _epoll_recv(): debug: _readv(): Broken pipe
1757281630.491245: 3409509-7fe7f9ff3700: cdpl_ipc.c:2424: in _epoll_main(): debug: _epoll_recv(): Broken pipe
1757281630.491248: 3409509-7fe7fb7f6700: cdpl_ipc.c:1657: in _host_drop__UNSAFE(): debug: dropping host `152.14.98.53:41041'
1757281630.491252: 3409509-7fe7f9ff3700: cdpl_ipc.c:1657: in _host_drop__UNSAFE(): debug: dropping host `152.14.98.53:59426'
1757281630.491308: 3409509-7fe7fa7f4700: cdpl_server_ipc.c:1236: in _sv_ipc_thread(): debug: received DROP notification
1757281630.491318: 3409509-7fe820e35700: cdpl_monitor.c:290: in mn_listen(): debug: received DROP message
1757281630.491333: 3409509-7fe7fa7f4700: cdpl_server_sched.c:2797: in _sv_record_crashed_worker(): debug: dropping worker W1
1757281630.491337: 3409509-7fe7fa7f4700: cdpl_server_ipc.c:188: in _sv_on_drop_worker(): debug: down to 0 live workers in B1
1757281630.491357: 3409509-7fe80dffb700: cdpl_server_sched.c:750: in _empty_trash(): debug: freeing worker W1 while emptying trash list for bin B1
1757281630.491372: 3409509-7fe820e35700: cdpl_ipc.c:2513: in cdpl_ipc_host_release(): debug: releasing host `152.14.98.53:41041'
1757281630.491383: 3409509-7fe80dffb700: cdpl_farm.c:4174: in cdpl_farm_dismiss(): debug: down to 0 running processes
1757281630.491393: 3409509-7fe80dffb700: cdpl_server_sched.c:121: in _free_worker_2(): debug: freeing worker W1
1757281630.491402: 3409509-7fe80dffb700: cdpl_ipc.c:2513: in cdpl_ipc_host_release(): debug: releasing host `152.14.98.53:59426'
1757281630.491404: 3409509-7fe80dffb700: cdpl_ipc.c:2529: in cdpl_ipc_host_release(): debug: scheduling for immediate release
1757281630.523476: 3409509-7fe7f9ff3700: cdpl_ipc.c:1582: in _host_free__UNSAFE(): debug: freeing host `152.14.98.53:59426'
1757281630.523486: 3409509-7fe7f9ff3700: cdpl_ipc.c:1621: in _host_free__UNSAFE(): debug: [0 outq, 0 spR, 0 spW]
1757281630.523490: 3409509-7fe7fb7f6700: cdpl_ipc.c:1582: in _host_free__UNSAFE(): debug: freeing host `152.14.98.53:41041'
1757281630.523495: 3409509-7fe7fb7f6700: cdpl_ipc.c:1621: in _host_free__UNSAFE(): debug: [0 outq, 0 spR, 0 spW]
1757281661.623078: 3409509-7fe80d7fa700: cdpl_farm.c:2198: in _schedule(): debug: idle
1757281670.945856: 3409509-7fe80effd700: cdpl_compat_master.c:6082: in cdplMasterLogWarning(): warning: [non-CDPL log entry] PWDP: master does not receive message over 60 seconds!
1757281721.623250: 3409509-7fe80d7fa700: cdpl_farm.c:2198: in _schedule(): debug: idle
1757281722.177556: 3409509-7fe80effd700: cdpl_compat_master.c:6059: in cdplMasterLogInfo(): info: [non-CDPL log entry] PWDP: message receiver is alive.
1757281723.159658: 3409509-7fe80e7fc700: cdpl_compat_master.c:6059: in cdplMasterLogInfo(): info: [non-CDPL log entry] PWDP: master status watchdog is alive.
1757281731.406885: 3409509-7fe80effd700: cdpl_compat_master.c:6082: in cdplMasterLogWarning(): warning: [non-CDPL log entry] PWDP: master does not receive message over 60 seconds!
1757281781.623416: 3409509-7fe80d7fa700: cdpl_farm.c:2198: in _schedule(): debug: idle
1757281791.883004: 3409509-7fe80effd700: cdpl_compat_master.c:6082: in cdplMasterLogWarning(): warning: [non-CDPL log entry] PWDP: master does not receive message over 60 seconds!
1757281841.623565: 3409509-7fe80d7fa700: cdpl_farm.c:2198: in _schedule(): debug: idle
1757281843.116837: 3409509-7fe80effd700: cdpl_compat_master.c:6059: in cdplMasterLogInfo(): info: [non-CDPL log entry] PWDP: message receiver is alive.
1757281844.170373: 3409509-7fe80e7fc700: cdpl_compat_master.c:6059: in cdplMasterLogInfo(): info: [non-CDPL log entry] PWDP: master status watchdog is alive.
1757281852.356250: 3409509-7fe80effd700: cdpl_compat_master.c:6082: in cdplMasterLogWarning(): warning: [non-CDPL log entry] PWDP: master does not receive message over 60 seconds!
1757281855.171360: 3409509-7fe859d30ac0: cdpl_server.c:3014: in cdpl_sv_halt_job_errno(): info: killing job J1
1757281855.171394: 3409509-7fe859d30ac0: cdpl_server.c:3050: in cdpl_sv_halt_job_errno(): debug: signal bin B1 scheduler to stop
1757281855.171525: 3409509-7fe80dffb700: cdpl_server_sched.c:2485: in _sv_scheduler_thread(): debug: scheduler for bin B1 stopped
1757281855.171613: 3409509-7fe859d30ac0: cdpl_server.c:295: in _sv_free_job(): info: freeing job J1
1757281855.171619: 3409509-7fe859d30ac0: cdpl_server.c:93: in _sv_free_bin(): debug: freeing bin B1
1757281855.171656: 3409509-7fe859d30ac0: cdpl_monitor.c:515: in cdpl_mn_kill(): info: killing monitor
1757281855.171664: 3409509-7fe859d30ac0: cdpl_ipc.c:3677: in cdpl_ipc_kill(): debug: stopping event server
1757281855.171773: 3409509-7fe7f9ff3700: cdpl_ipc.c:775: in _readv(): warning: read(): EOF
1757281855.171791: 3409509-7fe7fb7f6700: cdpl_ipc.c:2386: in _epoll_main(): warning: received EPOLLERR/EPOLLHUP
1757281855.171802: 3409509-7fe7f9ff3700: cdpl_ipc.c:2100: in _epoll_recv(): debug: _readv(): Broken pipe
1757281855.171806: 3409509-7fe7f9ff3700: cdpl_ipc.c:2424: in _epoll_main(): debug: _epoll_recv(): Broken pipe
1757281855.171810: 3409509-7fe7f9ff3700: cdpl_ipc.c:1657: in _host_drop__UNSAFE(): debug: dropping host `152.14.98.53:59418'
1757281855.171819: 3409509-7fe7fb7f6700: cdpl_ipc.c:2320: in _check_socket_error(): info: TCP_KEEPIDLE=7200 seconds TCP_KEEPINTVL=75 seconds TCP_KEEPCNT=9
1757281855.171822: 3409509-7fe7fb7f6700: cdpl_ipc.c:1657: in _host_drop__UNSAFE(): debug: dropping host `152.14.98.53:46653'
1757281855.171853: 3409509-7fe7fb7f6700: cdpl_ipc.c:2460: in _epoll_main(): debug: server going down...
1757281855.171859: 3409509-7fe7fa7f4700: cdpl_server_ipc.c:1236: in _sv_ipc_thread(): debug: received DROP notification
1757281855.171878: 3409509-7fe7fa7f4700: cdpl_monitor.c:1269: in cdpl_mn_drop(): debug: detaching from monitor `152.14.98.53:59418'
1757281855.171885: 3409509-7fe7fa7f4700: cdpl_monitor.c:1101: in mn_systat_stop(): debug: joining systat thread
1757281855.171924: 3409509-7fe80f7fe700: cdpl_monitor.c:1079: in mn_systat(): debug: exiting
1757281855.171942: 3409509-7fe7fa7f4700: cdpl_monitor.c:1103: in mn_systat_stop(): debug: systat thread done
1757281855.171945: 3409509-7fe7fa7f4700: cdpl_ipc.c:2513: in cdpl_ipc_host_release(): debug: releasing host `152.14.98.53:59418'
1757281855.172043: 3409509-7fe7faff5700: cdpl_ipc.c:3728: in cdpl_ipc_free(): debug: releasing IPC handle
1757281855.172053: 3409509-7fe7faff5700: cdpl_ipc.c:1582: in _host_free__UNSAFE(): debug: freeing host `152.14.98.53:46653'
1757281855.172056: 3409509-7fe7faff5700: cdpl_ipc.c:1621: in _host_free__UNSAFE(): debug: [0 outq, 0 spR, 0 spW]
1757281855.172059: 3409509-7fe7faff5700: cdpl_ipc.c:3756: in cdpl_ipc_free(): warning: 1 host(s) were not released
1757281855.172092: 3409509-7fe7faff5700: cdpl_ipc.c:3767: in cdpl_ipc_free(): debug: done
1757281855.172094: 3409509-7fe7faff5700: cdpl_monitor.c:1390: in cdpl_mn_free(): debug: freeing monitor client
1757281855.172180: 3409509-7fe859d30ac0: cdpl_farm.c:2765: in cdpl_farm_free(): info: freeing farm
1757281855.172197: 3409509-7fe80d7fa700: cdpl_farm.c:2256: in _schedule(): debug: end of idling
1757281855.172201: 3409509-7fe80d7fa700: cdpl_farm.c:2260: in _schedule(): debug: dying
1757281855.172239: 3409509-7fe859d30ac0: cdpl_farm.c:932: in _killall(): debug: killing all remaining commands
1757281855.172251: 3409509-7fe859d30ac0: cdpl_server.c:3150: in cdpl_sv_free(): info: freeing server S547374744
1757281855.172265: 3409509-7fe859d30ac0: cdpl_server.c:3115: in cdpl_sv_kill_errno(): info: killing server
1757281855.172267: 3409509-7fe859d30ac0: cdpl_ipc.c:3677: in cdpl_ipc_kill(): debug: stopping event server
1757281855.172280: 3409509-7fe7f9ff3700: cdpl_ipc.c:2460: in _epoll_main(): debug: server going down...
1757281855.172290: 3409509-7fe7fa7f4700: cdpl_server_ipc.c:1200: in _sv_ipc_thread(): debug: leaving now
1757281855.172301: 3409509-7fe859d30ac0: cdpl_server.c:335: in _sv_free_master(): info: freeing master M1
1757281855.172308: 3409509-7fe859d30ac0: cdpl_hash.c:68: in cdpl_h_destroy(): debug: put operations: 1
1757281855.172310: 3409509-7fe859d30ac0: cdpl_hash.c:69: in cdpl_h_destroy(): debug: put collisions: 0
1757281855.172318: 3409509-7fe859d30ac0: cdpl_hash.c:70: in cdpl_h_destroy(): debug: get operations: 0
1757281855.172319: 3409509-7fe859d30ac0: cdpl_hash.c:71: in cdpl_h_destroy(): debug: get iterations: 0
1757281855.172326: 3409509-7fe859d30ac0: cdpl_monitor.c:1390: in cdpl_mn_free(): debug: freeing monitor server
1757281855.172328: 3409509-7fe859d30ac0: cdpl_ipc.c:3728: in cdpl_ipc_free(): debug: releasing IPC handle
1757281855.172330: 3409509-7fe859d30ac0: cdpl_ipc.c:1582: in _host_free__UNSAFE(): debug: freeing host `152.14.98.53:59418'
1757281855.172332: 3409509-7fe859d30ac0: cdpl_ipc.c:1621: in _host_free__UNSAFE(): debug: [0 outq, 0 spR, 0 spW]
1757281855.172354: 3409509-7fe859d30ac0: cdpl_ipc.c:3767: in cdpl_ipc_free(): debug: done
1757281855.172360: 3409509-7fe859d30ac0: cdpl_log.c:688: in cdpl_log_close(): info: @@end_of_log@@
