1757196269.478342: 2768712-7f3b40aed540: cdpl_log.c:337: in cdpl_log_open(): info: @@start_of_log@@
1757196269.478352: 2768712-7f3b40aed540: cdpl_log.c:1058: in cdpl_log_dump_sysinfo(): info: time: 2025/09/06 18:04:29 EDT -0400
1757196269.478354: 2768712-7f3b40aed540: cdpl_log.c:1060: in cdpl_log_dump_sysinfo(): info: version: W-2024.09-SP1-2 
1757196269.478356: 2768712-7f3b40aed540: cdpl_log.c:1062: in cdpl_log_dump_sysinfo(): info: system: Linux 4.18.0-553.69.1.el8_10.x86_64 #1 SMP Thu Aug 7 18:10:00 EDT 2025
1757196269.478357: 2768712-7f3b40aed540: cdpl_log.c:1067: in cdpl_log_dump_sysinfo(): info: processor: x86_64 64-bits
1757196269.478359: 2768712-7f3b40aed540: cdpl_log.c:1071: in cdpl_log_dump_sysinfo(): info: hostname: claws-compute3.ece.ncsu.edu
1757196269.478361: 2768712-7f3b40aed540: cdpl_log.c:1073: in cdpl_log_dump_sysinfo(): info: program name: custom_shell
1757196269.478363: 2768712-7f3b40aed540: cdpl_log.c:340: in cdpl_log_open(): debug: path: /home/argershm/180-voltmeter/Analog/cc/synopsys_custom/pwdp_jobs/saeSession4_diffmodegain.SimulationSimulation_cdpl.1.2768712/logs/master.claws-compute3.ece.ncsu.edu.2768712.log
1757196269.478364: 2768712-7f3b40aed540: cdpl_log.c:341: in cdpl_log_open(): debug: dir: /home/argershm/180-voltmeter/Analog/cc/synopsys_custom/pwdp_jobs/saeSession4_diffmodegain.SimulationSimulation_cdpl.1.2768712/logs
1757196269.478369: 2768712-7f3b40aed540: cdpl_server.c:536: in cdpl_sv_init(): info: new server S2055123828
1757196269.478372: 2768712-7f3b40aed540: cdpl_ipc.c:3475: in cdpl_ipc_init(): info: requesting IPv4 protocol
1757196269.482315: 2768712-7f3b40aed540: cdpl_ipc.c:837: in _selectaddrfamily(): info: selected IPv4 protocol
1757196269.482332: 2768712-7f3b40aed540: cdpl_ipc.c:1139: in _set_keepalive(): info: TCP keep alive interval: 300
1757196269.486739: 2768712-7f3b40aed540: cdpl_monitor.c:1117: in cdpl_mn_new_server(): info: creating server monitor instance
1757196269.486744: 2768712-7f3b40aed540: cdpl_server.c:650: in cdpl_sv_new_master(): info: new master M1
1757196269.486749: 2768712-7f3b40aed540: cdpl_server.c:6533: in cdpl_sv_ctl_master(): info: Setting worker heartbeat to 120 seconds
1757196269.486750: 2768712-7f3b40aed540: cdpl_server.c:6542: in cdpl_sv_ctl_master(): info: Setting worker heartbeat timeout to 3 heartbeats
1757196269.486752: 2768712-7f3b40aed540: cdpl_compat_master.c:2090: in _parse_hostfile(): info: reading hostfile `/home/argershm/180-voltmeter/Analog/cc/synopsys_custom/pwdp_jobs/saeSession4_diffmodegain.SimulationSimulation_cdpl.1.2768712/host_file'
1757196269.486762: 2768712-7f3b40aed540: cdpl_compat_master.c:1900: in _hostfile_parser(): debug: parsing "1     |localhost|   -1  | /tmp | SH | sh"
1757196269.486766: 2768712-7f3b40aed540: cdpl_farm.c:2578: in cdpl_farm_new_sh(): info: creating SH farm on localhost
1757196269.486769: 2768712-7f3b40aed540: cdpl_compat_master.c:206: in _set_farm_env(): info: exporting CDPL_LOGDIR as `/home/argershm/180-voltmeter/Analog/cc/synopsys_custom/pwdp_jobs/saeSession4_diffmodegain.SimulationSimulation_cdpl.1.2768712/logs'
1757196269.486770: 2768712-7f3b40aed540: cdpl_compat_master.c:212: in _set_farm_env(): info: exporting CDPL_TMPDIR as `/tmp'
1757196269.486772: 2768712-7f3b40aed540: cdpl_compat_master.c:235: in _set_farm_env(): info: exporting SNPSLMD_LICENSE_FILE as `27000@ece-lic-35.ece.ncsu.edu'
1757196269.486775: 2768712-7f3b40aed540: cdpl_compat_master.c:259: in _set_farm_env(): info: exporting CDPL_OPTIONS as `[nowlogs]'
1757196269.486776: 2768712-7f3b40aed540: cdpl_compat_master.c:266: in _set_farm_env(): info: exporting DISPLAY as `unix:3487'
1757196269.486777: 2768712-7f3b40aed540: cdpl_compat_master.c:274: in _set_farm_env(): info: exporting CDPL_HEARTBEAT as `120'
1757196269.486780: 2768712-7f3b40aed540: cdpl_farm.c:3149: in cdpl_farm_add_withdir(): debug: added `localhost' (capacity: unlimited)
1757196269.486782: 2768712-7f3b40aed540: cdpl_compat_parse.c:147: in parsefile(): debug: read `/home/argershm/180-voltmeter/Analog/cc/synopsys_custom/pwdp_jobs/saeSession4_diffmodegain.SimulationSimulation_cdpl.1.2768712/host_file', 2 lines
1757196269.486788: 2768712-7f3b40aed540: cdpl_compat_master.c:2931: in cdplInitMaster(): info: bcast dir is `/home/argershm/180-voltmeter/Analog/cc/synopsys_custom/pwdp_jobs/saeSession4_diffmodegain.SimulationSimulation_cdpl.1.2768712/logs'
1757196269.486817: 2768712-7f3b40aed540: cdpl_server.c:6433: in cdpl_sv_ctl_master(): info: farm worker timeout set to 300
1757196269.486819: 2768712-7f3b40aed540: cdpl_server.c:6486: in cdpl_sv_ctl_master(): info: maximum number of task execution attempts set to 1
1757196269.486823: 2768712-7f3b40aed540: cdpl_server.c:3195: in cdpl_sv_start(): debug: starting server
1757196269.486825: 2768712-7f3b40aed540: cdpl_ipc.c:3632: in cdpl_ipc_start(): debug: starting IPC server 152.14.98.53:37573
1757196269.486977: 2768712-7f3b1898e700: cdpl_server_ipc.c:1182: in _sv_ipc_thread(): debug: ready
1757196269.487026: 2768712-7f3adf7fe700: cdpl_monitor.c:426: in cdpl_mn_init_client(): info: creating client monitor instance
1757196269.487041: 2768712-7f3adf7fe700: cdpl_ipc.c:3475: in cdpl_ipc_init(): info: requesting IPv4 protocol
1757196269.491668: 2768712-7f3adf7fe700: cdpl_ipc.c:837: in _selectaddrfamily(): info: selected IPv4 protocol
1757196269.491692: 2768712-7f3adf7fe700: cdpl_ipc.c:1139: in _set_keepalive(): info: TCP keep alive interval: 300
1757196269.496136: 2768712-7f3adf7fe700: cdpl_ipc.c:3632: in cdpl_ipc_start(): debug: starting IPC server 152.14.98.53:40741
1757196269.496252: 2768712-7f3adf7fe700: cdpl_monitor.c:471: in cdpl_mn_init_client(): debug: incoming messages in /tmp/cdpl-monitor-Dp7yhs
1757196269.496321: 2768712-7f3adf7fe700: cdpl_monitor.c:533: in cdpl_mn_connect(): debug: connecting to 152.14.98.53:37573
1757196269.496324: 2768712-7f3adf7fe700: cdpl_ipc.c:3789: in cdpl_ipc_connect(): info: connecting to 152.14.98.53:37573
1757196269.496398: 2768712-7f3adf7fe700: cdpl_ipc.c:3860: in cdpl_ipc_connect(): info: connected as `152.14.98.53:51910'
1757196269.496403: 2768712-7f3adf7fe700: cdpl_ipc.c:2503: in cdpl_ipc_host_accept(): debug: accepted host `152.14.98.53:37573'
1757196269.496407: 2768712-7f3adf7fe700: cdpl_monitor.c:579: in cdpl_mn_connect(): debug: ok
1757196269.496417: 2768712-7f3b40aed540: cdpl_server.c:731: in cdpl_sv_new_job(): info: new job J1 in M1
1757196269.496427: 2768712-7f3b1918f700: cdpl_ipc.c:1862: in _epoll_accept(): debug: new connection from `152.14.98.53:51910'
1757196269.496436: 2768712-7f3b40aed540: cdpl_compat_master.c:1581: in _add_worker(): info: new worker type 10, min:1, max:3, cmd:`/home/argershm/180-voltmeter/Analog/cc/synopsys_custom/pwdp_jobs/saeSession4_diffmodegain.SimulationSimulation_cdpl.1.2768712/START_WORKER pw_worker -i /home/argershm/180-voltmeter/Analog/cc/synopsys_custom/pwdp_jobs
1757196269.496440: 2768712-7f3b40aed540: cdpl_server.c:908: in cdpl_sv_new_bin_withfarm(): info: new bin B1 in J1
1757196269.496451: 2768712-7f3b1898e700: cdpl_server_ipc.c:1225: in _sv_ipc_thread(): debug: received ACCEPT notification
1757196269.496461: 2768712-7f3b1898e700: cdpl_ipc.c:2503: in cdpl_ipc_host_accept(): debug: accepted host `152.14.98.53:51910'
1757196269.496474: 2768712-7f3b1898e700: cdpl_server_ipc.c:1256: in _sv_ipc_thread(): debug: received MONITOR message
1757196269.496575: 2768712-7f3b1898e700: cdpl_monitor.c:1207: in cdpl_mn_accept(): debug: accepted monitor `152.14.98.53:51910'
1757196269.496579: 2768712-7f3b1898e700: cdpl_server_ipc_mon.c:120: in _globalLOCK(): debug: ENTERTING GLOBAL LOCK
1757196269.496581: 2768712-7f3b1898e700: cdpl_server_ipc_mon.c:164: in _globalLOCK(): debug: global lock acquired
1757196269.496586: 2768712-7f3afa7fc700: cdpl_monitor.c:910: in mn_systat(): debug: started
1757196269.496800: 2768712-7f3afa7fc700: cdpl_monitor.c:937: in mn_systat(): debug: monitor server flush rate: 5
1757196270.309765: 2768712-7f3b1898e700: cdpl_server_ipc_mon.c:210: in _globalUNLOCK(): debug: LEAVING GLOBAL LOCK
1757196270.309787: 2768712-7f3b40aed540: cdpl_server.c:3249: in cdpl_sv_start_job(): info: starting job J1
1757196270.309812: 2768712-7f3b40aed540: cdpl_server.c:62: in _sv_start_bin(): debug: starting bin B1 (min: 0, max: 3)
1757196270.309930: 2768712-7f3af8ff9700: cdpl_server_sched.c:2482: in _sv_scheduler_thread(): debug: scheduler for bin B1 started
1757196270.309936: 2768712-7f3b40aed540: cdpl_server.c:1893: in _sv_gen_task(): info: new task T0 in B1 (prio 0)
1757196270.309943: 2768712-7f3b40aed540: cdpl_server.c:2698: in cdpl_sv_label_task_va(): info: setting task T0 label to "PrimeSim_2|PrimeSim"
1757196270.309955: 2768712-7f3af8ff9700: cdpl_server_sched.c:2443: in _scheduler_run(): debug: will start a new worker
1757196270.309967: 2768712-7f3af8ff9700: cdpl_farm.c:3977: in cdpl_farm_submit(): debug: 1 running processes
1757196270.309970: 2768712-7f3af8ff9700: cdpl_farm.c:3985: in cdpl_farm_submit(): debug: new command C1 in bin B1 assigned to host `localhost'
1757196270.310070: 2768712-7f3af8ff9700: cdpl_server_sched.c:705: in _sv_launch_worker(): info: started worker W1 (as C1) in bin B1
1757196270.310083: 2768712-7f3adffff700: cdpl_farm.c:2139: in _schedule(): debug: started
1757196270.310089: 2768712-7f3adffff700: cdpl_farm.c:2303: in _schedule(): debug: submitting command C1 in bin B1
1757196270.310092: 2768712-7f3adffff700: cdpl_sh.c:49: in _sh_detached_submit(): info: SH : /home/argershm/180-voltmeter/Analog/cc/synopsys_custom/pwdp_jobs/saeSession4_diffmodegain.SimulationSimulation_cdpl.1.2768712/START_WORKER pw_worker -i /home/argershm/180-voltmeter/Analog/cc/synopsys_custom/pwdp_jobs/saeSession4_diffmodegain.SimulationSimulation_cdpl.1.2768712 -t 10000
1757196270.317889: 2768712-7f3adffff700: cdpl_farm.c:2343: in _schedule(): debug: C1 in bin B1 running on slot 0
1757196270.317908: 2768712-7f3adffff700: cdpl_farm.c:2167: in _schedule(): debug: idle
1757196270.326911: 2768712-7f3b40aed540: cdpl_compat_master.c:5948: in cdplMasterLogInfo(): info: [non-CDPL log entry] PWDP3: reset pilot cache succeeded, pilot_key=saeSession4,1,diff_mode_gain|&/home/argershm/180-voltmeter/Analog/cc/simulation/integrator,tb_main_opamp,schematic/history_1/simulation/diff_mode_gain/PrimeSimSPICE/nominal/results
1757196270.617974: 2768712-7f3adffff700: cdpl_farm.c:1193: in _onexit(): debug: C1 in bin B1 exited normally on slot 0
1757196271.443553: 2768712-7f3af9ffb700: cdpl_compat_master.c:5948: in cdplMasterLogInfo(): info: [non-CDPL log entry] PWDP - no-workers started ok check start!
1757196272.253765: 2768712-7f3b1918f700: cdpl_ipc.c:1862: in _epoll_accept(): debug: new connection from `152.14.98.53:51912'
1757196272.253816: 2768712-7f3b1898e700: cdpl_server_ipc.c:1225: in _sv_ipc_thread(): debug: received ACCEPT notification
1757196272.253828: 2768712-7f3b1898e700: cdpl_ipc.c:2503: in cdpl_ipc_host_accept(): debug: accepted host `152.14.98.53:51912'
1757196272.253947: 2768712-7f3b1898e700: cdpl_server_ipc.c:1246: in _sv_ipc_thread(): debug: received HELLO message
1757196272.253955: 2768712-7f3b1898e700: cdpl_server_ipc.c:430: in _sv_on_hello(): debug: looking up W1
1757196272.253965: 2768712-7f3b1898e700: cdpl_server_ipc.c:540: in _sv_on_hello(): info: W1 is `152.14.98.53:51912'
1757196272.253967: 2768712-7f3b1898e700: cdpl_server_ipc.c:541: in _sv_on_hello(): debug: hello W1 (B1)
1757196272.253969: 2768712-7f3b1898e700: cdpl_server_ipc.c:542: in _sv_on_hello(): info: W1 log file is /dev/null
1757196272.253979: 2768712-7f3b1898e700: cdpl_server_ipc.c:602: in _sv_on_hello(): info: up to 1 alive workers in B1
1757196272.253984: 2768712-7f3b1898e700: cdpl_farm.c:878: in _release_cmd(): debug: freeing command C1 in bin B1
1757196272.254019: 2768712-7f3af8ff9700: cdpl_server_sched.c:960: in _assign(): info: assigning task T0 to worker W1
1757196272.317649: 2768712-7f3b1898e700: cdpl_server_ipc.c:1268: in _sv_ipc_thread(): debug: received RELAY message
1757196272.317657: 2768712-7f3b1898e700: cdpl_server_ipc.c:713: in _sv_on_relay(): debug: RELAY message from W1, size = 65
1757196272.317659: 2768712-7f3b1898e700: cdpl_server_ipc.c:715: in _sv_on_relay(): debug: RELAY message from W1, content = 0$2781938 claws-compute3.ece.ncsu.edu 2781954 RUNNING 1757196272
1757196273.254120: 2768712-7f3b1898e700: cdpl_server_ipc.c:312: in _sv_on_heartbeat(): debug: received HEARTBEAT from worker W1 at 152.14.98.53:51912
1757196274.497523: 2768712-7f3adf7fe700: cdpl_monitor.c:533: in cdpl_mn_connect(): debug: connecting to 152.14.98.53:43497
1757196274.497533: 2768712-7f3adf7fe700: cdpl_ipc.c:3789: in cdpl_ipc_connect(): info: connecting to 152.14.98.53:43497
1757196274.497660: 2768712-7f3adf7fe700: cdpl_ipc.c:3860: in cdpl_ipc_connect(): info: connected as `152.14.98.53:56034'
1757196274.497667: 2768712-7f3adf7fe700: cdpl_ipc.c:2503: in cdpl_ipc_host_accept(): debug: accepted host `152.14.98.53:43497'
1757196274.497671: 2768712-7f3adf7fe700: cdpl_monitor.c:579: in cdpl_mn_connect(): debug: ok
1757196279.694184: 2768712-7f3b1898e700: cdpl_server_ipc.c:1268: in _sv_ipc_thread(): debug: received RELAY message
1757196279.694208: 2768712-7f3b1898e700: cdpl_server_ipc.c:713: in _sv_on_relay(): debug: RELAY message from W1, size = 52
1757196279.694211: 2768712-7f3b1898e700: cdpl_server_ipc.c:715: in _sv_on_relay(): debug: RELAY message from W1, content = WORKERDU|8388,/dev/mapper/rhel_claws--compute3-home
1757196279.694217: 2768712-7f3b1898e700: cdpl_server_ipc.c:1268: in _sv_ipc_thread(): debug: received RELAY message
1757196279.694219: 2768712-7f3b1898e700: cdpl_server_ipc.c:713: in _sv_on_relay(): debug: RELAY message from W1, size = 193
1757196279.694221: 2768712-7f3b1898e700: cdpl_server_ipc.c:715: in _sv_on_relay(): debug: RELAY message from W1, content = REQPILOT|saeSession4,1,diff_mode_gain|&/home/argershm/180-voltmeter/Analog/cc/simulation/integrator,tb_main_opamp,schematic/history_1/simulation/diff_mode_gain/PrimeSimSPICE/nominal/results|&0
1757196279.694250: 2768712-7f3afaffd700: cdpl_compat_master.c:5948: in cdplMasterLogInfo(): info: [non-CDPL log entry] PWDP send back 'DOPILOT' to worker id:1 key: saeSession4,1,diff_mode_gain|&/home/argershm/180-voltmeter/Analog/cc/simulation/integrator,tb_main_opamp,schematic/history_1/simulation/diff_mode_gain/PrimeSimSPICE/nominal/results
1757196279.694389: 2768712-7f3afaffd700: cdpl_compat_master.c:5948: in cdplMasterLogInfo(): info: [non-CDPL log entry] PWDP: set pilot doing!
1757196279.697564: 2768712-7f3b1898e700: cdpl_server_ipc.c:1268: in _sv_ipc_thread(): debug: received RELAY message
1757196279.697572: 2768712-7f3b1898e700: cdpl_server_ipc.c:713: in _sv_on_relay(): debug: RELAY message from W1, size = 189
1757196279.697574: 2768712-7f3b1898e700: cdpl_server_ipc.c:715: in _sv_on_relay(): debug: RELAY message from W1, content = PILOTOK|saeSession4,1,diff_mode_gain|&/home/argershm/180-voltmeter/Analog/cc/simulation/integrator,tb_main_opamp,schematic/history_1/simulation/diff_mode_gain/PrimeSimSPICE/nominal/results
1757196279.697593: 2768712-7f3afaffd700: cdpl_compat_master.c:5948: in cdplMasterLogInfo(): info: [non-CDPL log entry] PWDP: set pilot done!
1757196279.697668: 2768712-7f3b1898e700: cdpl_server_ipc.c:1268: in _sv_ipc_thread(): debug: received RELAY message
1757196279.697674: 2768712-7f3b1898e700: cdpl_server_ipc.c:713: in _sv_on_relay(): debug: RELAY message from W1, size = 18
1757196279.697676: 2768712-7f3b1898e700: cdpl_server_ipc.c:715: in _sv_on_relay(): debug: RELAY message from W1, content = 0$- - - MEASDOING
1757196279.965678: 2768712-7f3b1898e700: cdpl_server_ipc.c:1268: in _sv_ipc_thread(): debug: received RELAY message
1757196279.965691: 2768712-7f3b1898e700: cdpl_server_ipc.c:713: in _sv_on_relay(): debug: RELAY message from W1, size = 77
1757196279.965693: 2768712-7f3b1898e700: cdpl_server_ipc.c:715: in _sv_on_relay(): debug: RELAY message from W1, content = 0$2781938 claws-compute3.ece.ncsu.edu 2781954 FINISHED 1757196272|1757196279
1757196279.967102: 2768712-7f3b1898e700: cdpl_server_ipc.c:1268: in _sv_ipc_thread(): debug: received RELAY message
1757196279.967109: 2768712-7f3b1898e700: cdpl_server_ipc.c:713: in _sv_on_relay(): debug: RELAY message from W1, size = 191
1757196279.967112: 2768712-7f3b1898e700: cdpl_server_ipc.c:715: in _sv_on_relay(): debug: RELAY message from W1, content = PILOTDONE|saeSession4,1,diff_mode_gain|&/home/argershm/180-voltmeter/Analog/cc/simulation/integrator,tb_main_opamp,schematic/history_1/simulation/diff_mode_gain/PrimeSimSPICE/nominal/results
1757196279.967139: 2768712-7f3afaffd700: cdpl_compat_master.c:5948: in cdplMasterLogInfo(): info: [non-CDPL log entry] saeSession4,1,diff_mode_gain|&/home/argershm/180-voltmeter/Analog/cc/simulation/integrator,tb_main_opamp,schematic/history_1/simulation/diff_mode_gain/PrimeSimSPICE/nominal/results PILOTDONE!
1757196279.967727: 2768712-7f3b1898e700: cdpl_server_ipc.c:1251: in _sv_ipc_thread(): debug: received FINISH message
1757196279.967734: 2768712-7f3b1898e700: cdpl_server_ipc.c:983: in _sv_on_finish(): info: worker W1 completed task T0
1757196279.967736: 2768712-7f3b1898e700: cdpl_server_ipc.c:988: in _sv_on_finish(): debug: stat T0: utime=3727 stime=1853
1757196279.967739: 2768712-7f3b1898e700: cdpl_server_ipc.c:993: in _sv_on_finish(): debug: statm T0: vsize=3054924 rss=1038780 shared=519112 text=474784 data=710144
1757196279.971936: 2768712-7f3b40aed540: cdpl_server.c:227: in _sv_free_task_safe(): debug: freeing task T0
1757196279.972931: 2768712-7f3b1898e700: cdpl_server_ipc.c:1268: in _sv_ipc_thread(): debug: received RELAY message
1757196279.972940: 2768712-7f3b1898e700: cdpl_server_ipc.c:713: in _sv_on_relay(): debug: RELAY message from W1, size = 50
1757196279.972942: 2768712-7f3b1898e700: cdpl_server_ipc.c:715: in _sv_on_relay(): debug: RELAY message from W1, content = WORKERDU|28,/dev/mapper/rhel_claws--compute3-home
1757196281.144691: 2768712-7f3b40aed540: cdpl_server.c:3008: in cdpl_sv_halt_job_errno(): info: killing job J1
1757196281.144715: 2768712-7f3b40aed540: cdpl_server.c:3044: in cdpl_sv_halt_job_errno(): debug: signal bin B1 scheduler to stop
1757196281.144742: 2768712-7f3af8ff9700: cdpl_server_sched.c:2484: in _sv_scheduler_thread(): debug: scheduler for bin B1 stopped
1757196281.144757: 2768712-7f3af8ff9700: cdpl_ipc.c:1657: in _host_drop__UNSAFE(): debug: dropping host `152.14.98.53:51912'
1757196281.144827: 2768712-7f3af8ff9700: cdpl_server_sched.c:2830: in _sv_drop_worker(): info: down to 0 alive workers in B1
1757196281.144831: 2768712-7f3af8ff9700: cdpl_farm.c:4152: in cdpl_farm_dismiss(): debug: down to 0 running processes
1757196281.144834: 2768712-7f3af8ff9700: cdpl_server_sched.c:121: in _free_worker_2(): debug: freeing worker W1
1757196281.144836: 2768712-7f3af8ff9700: cdpl_ipc.c:2513: in cdpl_ipc_host_release(): debug: releasing host `152.14.98.53:51912'
1757196281.144843: 2768712-7f3b1898e700: cdpl_server_ipc.c:1236: in _sv_ipc_thread(): debug: received DROP notification
1757196281.144853: 2768712-7f3b40aed540: cdpl_server.c:294: in _sv_free_job(): info: freeing job J1
1757196281.144858: 2768712-7f3b40aed540: cdpl_server.c:92: in _sv_free_bin(): debug: freeing bin B1
1757196281.144876: 2768712-7f3b40aed540: cdpl_monitor.c:515: in cdpl_mn_kill(): info: killing monitor
1757196281.144878: 2768712-7f3b40aed540: cdpl_ipc.c:3677: in cdpl_ipc_kill(): debug: stopping event server
1757196281.144919: 2768712-7f3b1918f700: cdpl_ipc.c:775: in _readv(): warning: read(): EOF
1757196281.144929: 2768712-7f3b1918f700: cdpl_ipc.c:2100: in _epoll_recv(): debug: _readv(): Broken pipe
1757196281.144931: 2768712-7f3b1918f700: cdpl_ipc.c:2424: in _epoll_main(): debug: _epoll_recv(): Broken pipe
1757196281.144935: 2768712-7f3b1918f700: cdpl_ipc.c:1657: in _host_drop__UNSAFE(): debug: dropping host `152.14.98.53:51910'
1757196281.144967: 2768712-7f3b1918f700: cdpl_ipc.c:1582: in _host_free__UNSAFE(): debug: freeing host `152.14.98.53:51912'
1757196281.144971: 2768712-7f3b1918f700: cdpl_ipc.c:1621: in _host_free__UNSAFE(): debug: [0 outq, 0 spR, 0 spW]
1757196281.145066: 2768712-7f3b1898e700: cdpl_server_ipc.c:1236: in _sv_ipc_thread(): debug: received DROP notification
1757196281.145075: 2768712-7f3b1898e700: cdpl_monitor.c:1269: in cdpl_mn_drop(): debug: detaching from monitor `152.14.98.53:51910'
1757196281.145078: 2768712-7f3afbfff700: cdpl_ipc.c:2460: in _epoll_main(): debug: server going down...
1757196281.145093: 2768712-7f3b1898e700: cdpl_monitor.c:1101: in mn_systat_stop(): debug: joining systat thread
1757196281.145117: 2768712-7f3afa7fc700: cdpl_monitor.c:1079: in mn_systat(): debug: exiting
1757196281.145128: 2768712-7f3b1898e700: cdpl_monitor.c:1103: in mn_systat_stop(): debug: systat thread done
1757196281.145131: 2768712-7f3b1898e700: cdpl_ipc.c:2513: in cdpl_ipc_host_release(): debug: releasing host `152.14.98.53:51910'
1757196281.145260: 2768712-7f3adf7fe700: cdpl_ipc.c:3728: in cdpl_ipc_free(): debug: releasing IPC handle
1757196281.145265: 2768712-7f3adf7fe700: cdpl_ipc.c:1582: in _host_free__UNSAFE(): debug: freeing host `152.14.98.53:43497'
1757196281.145267: 2768712-7f3adf7fe700: cdpl_ipc.c:1621: in _host_free__UNSAFE(): debug: [0 outq, 0 spR, 0 spW]
1757196281.145280: 2768712-7f3adf7fe700: cdpl_ipc.c:1582: in _host_free__UNSAFE(): debug: freeing host `152.14.98.53:37573'
1757196281.145282: 2768712-7f3adf7fe700: cdpl_ipc.c:1621: in _host_free__UNSAFE(): debug: [0 outq, 0 spR, 0 spW]
1757196281.145288: 2768712-7f3adf7fe700: cdpl_ipc.c:3756: in cdpl_ipc_free(): warning: 2 host(s) were not released
1757196281.145296: 2768712-7f3adf7fe700: cdpl_ipc.c:3767: in cdpl_ipc_free(): debug: done
1757196281.145298: 2768712-7f3adf7fe700: cdpl_monitor.c:1390: in cdpl_mn_free(): debug: freeing monitor client
1757196281.145358: 2768712-7f3b40aed540: cdpl_farm.c:2740: in cdpl_farm_free(): info: freeing farm
1757196281.145379: 2768712-7f3adffff700: cdpl_farm.c:2231: in _schedule(): debug: end of idling
1757196281.145386: 2768712-7f3adffff700: cdpl_farm.c:2235: in _schedule(): debug: dying
1757196281.145484: 2768712-7f3b40aed540: cdpl_farm.c:913: in _killall(): debug: killing all remaining commands
1757196281.145492: 2768712-7f3b40aed540: cdpl_server.c:3144: in cdpl_sv_free(): info: freeing server S2055123828
1757196281.145495: 2768712-7f3b40aed540: cdpl_server.c:3109: in cdpl_sv_kill_errno(): info: killing server
1757196281.145497: 2768712-7f3b40aed540: cdpl_ipc.c:3677: in cdpl_ipc_kill(): debug: stopping event server
1757196281.145508: 2768712-7f3b1898e700: cdpl_server_ipc.c:1200: in _sv_ipc_thread(): debug: leaving now
1757196281.145514: 2768712-7f3b1918f700: cdpl_ipc.c:2460: in _epoll_main(): debug: server going down...
1757196281.145523: 2768712-7f3b40aed540: cdpl_server.c:334: in _sv_free_master(): info: freeing master M1
1757196281.145526: 2768712-7f3b40aed540: cdpl_hash.c:68: in cdpl_h_destroy(): debug: put operations: 1
1757196281.145527: 2768712-7f3b40aed540: cdpl_hash.c:69: in cdpl_h_destroy(): debug: put collisions: 0
1757196281.145529: 2768712-7f3b40aed540: cdpl_hash.c:70: in cdpl_h_destroy(): debug: get operations: 1
1757196281.145530: 2768712-7f3b40aed540: cdpl_hash.c:71: in cdpl_h_destroy(): debug: get iterations: 1
1757196281.145533: 2768712-7f3b40aed540: cdpl_monitor.c:1390: in cdpl_mn_free(): debug: freeing monitor server
1757196281.145535: 2768712-7f3b40aed540: cdpl_ipc.c:3728: in cdpl_ipc_free(): debug: releasing IPC handle
1757196281.145537: 2768712-7f3b40aed540: cdpl_ipc.c:1582: in _host_free__UNSAFE(): debug: freeing host `152.14.98.53:51910'
1757196281.145538: 2768712-7f3b40aed540: cdpl_ipc.c:1621: in _host_free__UNSAFE(): debug: [0 outq, 0 spR, 0 spW]
1757196281.145549: 2768712-7f3b40aed540: cdpl_ipc.c:3767: in cdpl_ipc_free(): debug: done
1757196281.145551: 2768712-7f3b40aed540: cdpl_log.c:481: in cdpl_log_close(): info: @@end_of_log@@
