1757123943.463987: 1904445-7f82ff910540: cdpl_log.c:337: in cdpl_log_open(): info: @@start_of_log@@
1757123943.464015: 1904445-7f82ff910540: cdpl_log.c:1058: in cdpl_log_dump_sysinfo(): info: time: 2025/09/05 21:59:03 EDT -0400
1757123943.464017: 1904445-7f82ff910540: cdpl_log.c:1060: in cdpl_log_dump_sysinfo(): info: version: W-2024.09-SP1-2 
1757123943.464019: 1904445-7f82ff910540: cdpl_log.c:1062: in cdpl_log_dump_sysinfo(): info: system: Linux 4.18.0-553.69.1.el8_10.x86_64 #1 SMP Thu Aug 7 18:10:00 EDT 2025
1757123943.464020: 1904445-7f82ff910540: cdpl_log.c:1067: in cdpl_log_dump_sysinfo(): info: processor: x86_64 64-bits
1757123943.464022: 1904445-7f82ff910540: cdpl_log.c:1071: in cdpl_log_dump_sysinfo(): info: hostname: claws-compute3.ece.ncsu.edu
1757123943.464023: 1904445-7f82ff910540: cdpl_log.c:1073: in cdpl_log_dump_sysinfo(): info: program name: custom_shell
1757123943.464026: 1904445-7f82ff910540: cdpl_log.c:340: in cdpl_log_open(): debug: path: /home/argershm/180-voltmeter/Analog/cc/synopsys_custom/pwdp_jobs/saeSession0_diffmodegain.SimulationSimulation_cdpl.0.1904445/logs/master.claws-compute3.ece.ncsu.edu.1904445.log
1757123943.464027: 1904445-7f82ff910540: cdpl_log.c:341: in cdpl_log_open(): debug: dir: /home/argershm/180-voltmeter/Analog/cc/synopsys_custom/pwdp_jobs/saeSession0_diffmodegain.SimulationSimulation_cdpl.0.1904445/logs
1757123943.464060: 1904445-7f82ff910540: cdpl_server.c:536: in cdpl_sv_init(): info: new server S1585180074
1757123943.464070: 1904445-7f82ff910540: cdpl_ipc.c:3475: in cdpl_ipc_init(): info: requesting IPv4 protocol
1757123943.469532: 1904445-7f82ff910540: cdpl_ipc.c:837: in _selectaddrfamily(): info: selected IPv4 protocol
1757123943.469557: 1904445-7f82ff910540: cdpl_ipc.c:1139: in _set_keepalive(): info: TCP keep alive interval: 300
1757123943.472197: 1904445-7f82ff910540: cdpl_monitor.c:1117: in cdpl_mn_new_server(): info: creating server monitor instance
1757123943.472213: 1904445-7f82ff910540: cdpl_server.c:650: in cdpl_sv_new_master(): info: new master M1
1757123943.472222: 1904445-7f82ff910540: cdpl_server.c:6533: in cdpl_sv_ctl_master(): info: Setting worker heartbeat to 120 seconds
1757123943.472223: 1904445-7f82ff910540: cdpl_server.c:6542: in cdpl_sv_ctl_master(): info: Setting worker heartbeat timeout to 3 heartbeats
1757123943.472225: 1904445-7f82ff910540: cdpl_compat_master.c:2090: in _parse_hostfile(): info: reading hostfile `/home/argershm/180-voltmeter/Analog/cc/synopsys_custom/pwdp_jobs/saeSession0_diffmodegain.SimulationSimulation_cdpl.0.1904445/host_file'
1757123943.472249: 1904445-7f82ff910540: cdpl_compat_master.c:1900: in _hostfile_parser(): debug: parsing "1     |localhost|   -1  | /tmp | SH | sh"
1757123943.472263: 1904445-7f82ff910540: cdpl_farm.c:2578: in cdpl_farm_new_sh(): info: creating SH farm on localhost
1757123943.472269: 1904445-7f82ff910540: cdpl_compat_master.c:206: in _set_farm_env(): info: exporting CDPL_LOGDIR as `/home/argershm/180-voltmeter/Analog/cc/synopsys_custom/pwdp_jobs/saeSession0_diffmodegain.SimulationSimulation_cdpl.0.1904445/logs'
1757123943.472271: 1904445-7f82ff910540: cdpl_compat_master.c:212: in _set_farm_env(): info: exporting CDPL_TMPDIR as `/tmp'
1757123943.472273: 1904445-7f82ff910540: cdpl_compat_master.c:235: in _set_farm_env(): info: exporting SNPSLMD_LICENSE_FILE as `27000@ece-lic-35.ece.ncsu.edu'
1757123943.472275: 1904445-7f82ff910540: cdpl_compat_master.c:259: in _set_farm_env(): info: exporting CDPL_OPTIONS as `[nowlogs]'
1757123943.472276: 1904445-7f82ff910540: cdpl_compat_master.c:266: in _set_farm_env(): info: exporting DISPLAY as `unix:21661'
1757123943.472278: 1904445-7f82ff910540: cdpl_compat_master.c:274: in _set_farm_env(): info: exporting CDPL_HEARTBEAT as `120'
1757123943.472289: 1904445-7f82ff910540: cdpl_farm.c:3149: in cdpl_farm_add_withdir(): debug: added `localhost' (capacity: unlimited)
1757123943.472291: 1904445-7f82ff910540: cdpl_compat_parse.c:147: in parsefile(): debug: read `/home/argershm/180-voltmeter/Analog/cc/synopsys_custom/pwdp_jobs/saeSession0_diffmodegain.SimulationSimulation_cdpl.0.1904445/host_file', 2 lines
1757123943.472296: 1904445-7f82ff910540: cdpl_compat_master.c:2931: in cdplInitMaster(): info: bcast dir is `/home/argershm/180-voltmeter/Analog/cc/synopsys_custom/pwdp_jobs/saeSession0_diffmodegain.SimulationSimulation_cdpl.0.1904445/logs'
1757123943.472352: 1904445-7f82ff910540: cdpl_server.c:6433: in cdpl_sv_ctl_master(): info: farm worker timeout set to 300
1757123943.472354: 1904445-7f82ff910540: cdpl_server.c:6486: in cdpl_sv_ctl_master(): info: maximum number of task execution attempts set to 1
1757123943.472370: 1904445-7f82ff910540: cdpl_server.c:3195: in cdpl_sv_start(): debug: starting server
1757123943.472374: 1904445-7f82ff910540: cdpl_ipc.c:3632: in cdpl_ipc_start(): debug: starting IPC server 152.14.98.53:42435
1757123943.472545: 1904445-7f82bb53d700: cdpl_server_ipc.c:1182: in _sv_ipc_thread(): debug: ready
1757123943.472668: 1904445-7f82bad3c700: cdpl_monitor.c:426: in cdpl_mn_init_client(): info: creating client monitor instance
1757123943.472686: 1904445-7f82bad3c700: cdpl_ipc.c:3475: in cdpl_ipc_init(): info: requesting IPv4 protocol
1757123943.476687: 1904445-7f82bad3c700: cdpl_ipc.c:837: in _selectaddrfamily(): info: selected IPv4 protocol
1757123943.476713: 1904445-7f82bad3c700: cdpl_ipc.c:1139: in _set_keepalive(): info: TCP keep alive interval: 300
1757123943.481133: 1904445-7f82bad3c700: cdpl_ipc.c:3632: in cdpl_ipc_start(): debug: starting IPC server 152.14.98.53:35605
1757123943.481278: 1904445-7f82bad3c700: cdpl_monitor.c:471: in cdpl_mn_init_client(): debug: incoming messages in /tmp/cdpl-monitor-dLxZzd
1757123943.481355: 1904445-7f82bad3c700: cdpl_monitor.c:533: in cdpl_mn_connect(): debug: connecting to 152.14.98.53:42435
1757123943.481362: 1904445-7f82bad3c700: cdpl_ipc.c:3789: in cdpl_ipc_connect(): info: connecting to 152.14.98.53:42435
1757123943.481471: 1904445-7f82bad3c700: cdpl_ipc.c:3860: in cdpl_ipc_connect(): info: connected as `152.14.98.53:60770'
1757123943.481487: 1904445-7f82bad3c700: cdpl_ipc.c:2503: in cdpl_ipc_host_accept(): debug: accepted host `152.14.98.53:42435'
1757123943.481497: 1904445-7f82bbd3e700: cdpl_ipc.c:1862: in _epoll_accept(): debug: new connection from `152.14.98.53:60770'
1757123943.481522: 1904445-7f82bad3c700: cdpl_monitor.c:579: in cdpl_mn_connect(): debug: ok
1757123943.481544: 1904445-7f82ff910540: cdpl_server.c:731: in cdpl_sv_new_job(): info: new job J1 in M1
1757123943.481549: 1904445-7f82bb53d700: cdpl_server_ipc.c:1225: in _sv_ipc_thread(): debug: received ACCEPT notification
1757123943.481561: 1904445-7f82bb53d700: cdpl_ipc.c:2503: in cdpl_ipc_host_accept(): debug: accepted host `152.14.98.53:60770'
1757123943.481571: 1904445-7f82ff910540: cdpl_compat_master.c:1581: in _add_worker(): info: new worker type 10, min:1, max:3, cmd:`/home/argershm/180-voltmeter/Analog/cc/synopsys_custom/pwdp_jobs/saeSession0_diffmodegain.SimulationSimulation_cdpl.0.1904445/START_WORKER pw_worker -i /home/argershm/180-voltmeter/Analog/cc/synopsys_custom/pwdp_jobs
1757123943.481575: 1904445-7f82bb53d700: cdpl_server_ipc.c:1256: in _sv_ipc_thread(): debug: received MONITOR message
1757123943.481584: 1904445-7f82ff910540: cdpl_server.c:908: in cdpl_sv_new_bin_withfarm(): info: new bin B1 in J1
1757123943.481762: 1904445-7f82bb53d700: cdpl_monitor.c:1207: in cdpl_mn_accept(): debug: accepted monitor `152.14.98.53:60770'
1757123943.481767: 1904445-7f82bb53d700: cdpl_server_ipc_mon.c:120: in _globalLOCK(): debug: ENTERTING GLOBAL LOCK
1757123943.481769: 1904445-7f82bb53d700: cdpl_server_ipc_mon.c:164: in _globalLOCK(): debug: global lock acquired
1757123943.481777: 1904445-7f82b9539700: cdpl_monitor.c:910: in mn_systat(): debug: started
1757123943.482051: 1904445-7f82b9539700: cdpl_monitor.c:937: in mn_systat(): debug: monitor server flush rate: 5
1757123944.274973: 1904445-7f82bb53d700: cdpl_server_ipc_mon.c:210: in _globalUNLOCK(): debug: LEAVING GLOBAL LOCK
1757123944.275003: 1904445-7f82ff910540: cdpl_server.c:3249: in cdpl_sv_start_job(): info: starting job J1
1757123944.275028: 1904445-7f82ff910540: cdpl_server.c:62: in _sv_start_bin(): debug: starting bin B1 (min: 0, max: 3)
1757123944.275137: 1904445-7f82aaffd700: cdpl_server_sched.c:2482: in _sv_scheduler_thread(): debug: scheduler for bin B1 started
1757123944.275160: 1904445-7f82ff910540: cdpl_server.c:1893: in _sv_gen_task(): info: new task T0 in B1 (prio 0)
1757123944.275192: 1904445-7f82ff910540: cdpl_server.c:2698: in cdpl_sv_label_task_va(): info: setting task T0 label to "PrimeSim_1|PrimeSim"
1757123944.275236: 1904445-7f82aaffd700: cdpl_server_sched.c:2443: in _scheduler_run(): debug: will start a new worker
1757123944.275277: 1904445-7f82aaffd700: cdpl_farm.c:3977: in cdpl_farm_submit(): debug: 1 running processes
1757123944.275280: 1904445-7f82aaffd700: cdpl_farm.c:3985: in cdpl_farm_submit(): debug: new command C1 in bin B1 assigned to host `localhost'
1757123944.275418: 1904445-7f82aaffd700: cdpl_server_sched.c:705: in _sv_launch_worker(): info: started worker W1 (as C1) in bin B1
1757123944.275446: 1904445-7f82aa7fc700: cdpl_farm.c:2139: in _schedule(): debug: started
1757123944.275456: 1904445-7f82aa7fc700: cdpl_farm.c:2303: in _schedule(): debug: submitting command C1 in bin B1
1757123944.275463: 1904445-7f82ff910540: cdpl_server.c:1893: in _sv_gen_task(): info: new task T1 in B1 (prio 0)
1757123944.275468: 1904445-7f82ff910540: cdpl_server.c:2698: in cdpl_sv_label_task_va(): info: setting task T1 label to "PrimeSim_2|PrimeSim"
1757123944.275475: 1904445-7f82aa7fc700: cdpl_sh.c:49: in _sh_detached_submit(): info: SH : /home/argershm/180-voltmeter/Analog/cc/synopsys_custom/pwdp_jobs/saeSession0_diffmodegain.SimulationSimulation_cdpl.0.1904445/START_WORKER pw_worker -i /home/argershm/180-voltmeter/Analog/cc/synopsys_custom/pwdp_jobs/saeSession0_diffmodegain.SimulationSimulation_cdpl.0.1904445 -t 10000
1757123944.275483: 1904445-7f82aaffd700: cdpl_server_sched.c:2443: in _scheduler_run(): debug: will start a new worker
1757123944.282575: 1904445-7f82aa7fc700: cdpl_farm.c:2343: in _schedule(): debug: C1 in bin B1 running on slot 0
1757123944.282610: 1904445-7f82aa7fc700: cdpl_farm.c:2167: in _schedule(): debug: idle
1757123944.282637: 1904445-7f82aaffd700: cdpl_farm.c:3977: in cdpl_farm_submit(): debug: 2 running processes
1757123944.282651: 1904445-7f82aaffd700: cdpl_farm.c:3985: in cdpl_farm_submit(): debug: new command C2 in bin B1 assigned to host `localhost'
1757123944.282661: 1904445-7f82aaffd700: cdpl_server_sched.c:705: in _sv_launch_worker(): info: started worker W2 (as C2) in bin B1
1757123944.282665: 1904445-7f82aa7fc700: cdpl_farm.c:2231: in _schedule(): debug: end of idling
1757123944.282669: 1904445-7f82aa7fc700: cdpl_farm.c:2303: in _schedule(): debug: submitting command C2 in bin B1
1757123944.282671: 1904445-7f82aa7fc700: cdpl_sh.c:49: in _sh_detached_submit(): info: SH : /home/argershm/180-voltmeter/Analog/cc/synopsys_custom/pwdp_jobs/saeSession0_diffmodegain.SimulationSimulation_cdpl.0.1904445/START_WORKER pw_worker -i /home/argershm/180-voltmeter/Analog/cc/synopsys_custom/pwdp_jobs/saeSession0_diffmodegain.SimulationSimulation_cdpl.0.1904445 -t 10000
1757123944.287877: 1904445-7f82aa7fc700: cdpl_farm.c:2343: in _schedule(): debug: C2 in bin B1 running on slot 1
1757123944.287899: 1904445-7f82aa7fc700: cdpl_farm.c:2167: in _schedule(): debug: idle
1757123944.287946: 1904445-7f82ff910540: cdpl_server.c:1893: in _sv_gen_task(): info: new task T2 in B1 (prio 0)
1757123944.287969: 1904445-7f82ff910540: cdpl_server.c:2698: in cdpl_sv_label_task_va(): info: setting task T2 label to "PrimeSim_3|PrimeSim"
1757123944.288000: 1904445-7f82aaffd700: cdpl_server_sched.c:2443: in _scheduler_run(): debug: will start a new worker
1757123944.288013: 1904445-7f82aaffd700: cdpl_farm.c:3977: in cdpl_farm_submit(): debug: 3 running processes
1757123944.288020: 1904445-7f82aaffd700: cdpl_farm.c:3985: in cdpl_farm_submit(): debug: new command C3 in bin B1 assigned to host `localhost'
1757123944.288029: 1904445-7f82aaffd700: cdpl_server_sched.c:705: in _sv_launch_worker(): info: started worker W3 (as C3) in bin B1
1757123944.288035: 1904445-7f82aa7fc700: cdpl_farm.c:2231: in _schedule(): debug: end of idling
1757123944.288045: 1904445-7f82aa7fc700: cdpl_farm.c:2303: in _schedule(): debug: submitting command C3 in bin B1
1757123944.288049: 1904445-7f82aa7fc700: cdpl_sh.c:49: in _sh_detached_submit(): info: SH : /home/argershm/180-voltmeter/Analog/cc/synopsys_custom/pwdp_jobs/saeSession0_diffmodegain.SimulationSimulation_cdpl.0.1904445/START_WORKER pw_worker -i /home/argershm/180-voltmeter/Analog/cc/synopsys_custom/pwdp_jobs/saeSession0_diffmodegain.SimulationSimulation_cdpl.0.1904445 -t 10000
1757123944.291856: 1904445-7f82aa7fc700: cdpl_farm.c:2343: in _schedule(): debug: C3 in bin B1 running on slot 2
1757123944.291877: 1904445-7f82aa7fc700: cdpl_farm.c:2167: in _schedule(): debug: idle
1757123944.292129: 1904445-7f82ff910540: cdpl_server.c:1893: in _sv_gen_task(): info: new task T3 in B1 (prio 0)
1757123944.292142: 1904445-7f82ff910540: cdpl_server.c:2698: in cdpl_sv_label_task_va(): info: setting task T3 label to "PrimeSim_4|PrimeSim"
1757123944.292257: 1904445-7f82ff910540: cdpl_server.c:1893: in _sv_gen_task(): info: new task T4 in B1 (prio 0)
1757123944.292260: 1904445-7f82ff910540: cdpl_server.c:2698: in cdpl_sv_label_task_va(): info: setting task T4 label to "PrimeSim_5|PrimeSim"
1757123944.292345: 1904445-7f82ff910540: cdpl_server.c:1893: in _sv_gen_task(): info: new task T5 in B1 (prio 0)
1757123944.292347: 1904445-7f82ff910540: cdpl_server.c:2698: in cdpl_sv_label_task_va(): info: setting task T5 label to "PrimeSim_6|PrimeSim"
1757123944.292429: 1904445-7f82ff910540: cdpl_server.c:1893: in _sv_gen_task(): info: new task T6 in B1 (prio 0)
1757123944.292431: 1904445-7f82ff910540: cdpl_server.c:2698: in cdpl_sv_label_task_va(): info: setting task T6 label to "PrimeSim_7|PrimeSim"
1757123944.292508: 1904445-7f82ff910540: cdpl_server.c:1893: in _sv_gen_task(): info: new task T7 in B1 (prio 0)
1757123944.292512: 1904445-7f82ff910540: cdpl_server.c:2698: in cdpl_sv_label_task_va(): info: setting task T7 label to "PrimeSim_8|PrimeSim"
1757123944.292585: 1904445-7f82ff910540: cdpl_server.c:1893: in _sv_gen_task(): info: new task T8 in B1 (prio 0)
1757123944.292587: 1904445-7f82ff910540: cdpl_server.c:2698: in cdpl_sv_label_task_va(): info: setting task T8 label to "PrimeSim_9|PrimeSim"
1757123944.292662: 1904445-7f82ff910540: cdpl_server.c:1893: in _sv_gen_task(): info: new task T9 in B1 (prio 0)
1757123944.292665: 1904445-7f82ff910540: cdpl_server.c:2698: in cdpl_sv_label_task_va(): info: setting task T9 label to "PrimeSim_10|PrimeSim"
1757123944.292738: 1904445-7f82ff910540: cdpl_server.c:1893: in _sv_gen_task(): info: new task T10 in B1 (prio 0)
1757123944.292740: 1904445-7f82ff910540: cdpl_server.c:2698: in cdpl_sv_label_task_va(): info: setting task T10 label to "PrimeSim_11|PrimeSim"
1757123944.292816: 1904445-7f82ff910540: cdpl_server.c:1893: in _sv_gen_task(): info: new task T11 in B1 (prio 0)
1757123944.292819: 1904445-7f82ff910540: cdpl_server.c:2698: in cdpl_sv_label_task_va(): info: setting task T11 label to "PrimeSim_12|PrimeSim"
1757123944.591945: 1904445-7f82aa7fc700: cdpl_farm.c:1193: in _onexit(): debug: C1 in bin B1 exited normally on slot 0
1757123944.591963: 1904445-7f82aa7fc700: cdpl_farm.c:1193: in _onexit(): debug: C2 in bin B1 exited normally on slot 1
1757123944.591969: 1904445-7f82aa7fc700: cdpl_farm.c:1193: in _onexit(): debug: C3 in bin B1 exited normally on slot 2
1757123945.392591: 1904445-7f82abfff700: cdpl_compat_master.c:5948: in cdplMasterLogInfo(): info: [non-CDPL log entry] PWDP - no-workers started ok check start!
1757123946.123581: 1904445-7f82bbd3e700: cdpl_ipc.c:1862: in _epoll_accept(): debug: new connection from `152.14.98.53:60776'
1757123946.123632: 1904445-7f82bb53d700: cdpl_server_ipc.c:1225: in _sv_ipc_thread(): debug: received ACCEPT notification
1757123946.123648: 1904445-7f82bb53d700: cdpl_ipc.c:2503: in cdpl_ipc_host_accept(): debug: accepted host `152.14.98.53:60776'
1757123946.123775: 1904445-7f82bb53d700: cdpl_server_ipc.c:1246: in _sv_ipc_thread(): debug: received HELLO message
1757123946.123780: 1904445-7f82bb53d700: cdpl_server_ipc.c:430: in _sv_on_hello(): debug: looking up W2
1757123946.123791: 1904445-7f82bb53d700: cdpl_server_ipc.c:540: in _sv_on_hello(): info: W2 is `152.14.98.53:60776'
1757123946.123793: 1904445-7f82bb53d700: cdpl_server_ipc.c:541: in _sv_on_hello(): debug: hello W2 (B1)
1757123946.123794: 1904445-7f82bb53d700: cdpl_server_ipc.c:542: in _sv_on_hello(): info: W2 log file is /dev/null
1757123946.123831: 1904445-7f82bb53d700: cdpl_server_ipc.c:602: in _sv_on_hello(): info: up to 1 alive workers in B1
1757123946.123838: 1904445-7f82bb53d700: cdpl_farm.c:878: in _release_cmd(): debug: freeing command C2 in bin B1
1757123946.123855: 1904445-7f82aaffd700: cdpl_server_sched.c:960: in _assign(): info: assigning task T0 to worker W2
1757123946.124530: 1904445-7f82bbd3e700: cdpl_ipc.c:1862: in _epoll_accept(): debug: new connection from `152.14.98.53:60792'
1757123946.124553: 1904445-7f82bb53d700: cdpl_server_ipc.c:1225: in _sv_ipc_thread(): debug: received ACCEPT notification
1757123946.124561: 1904445-7f82bb53d700: cdpl_ipc.c:2503: in cdpl_ipc_host_accept(): debug: accepted host `152.14.98.53:60792'
1757123946.124708: 1904445-7f82bb53d700: cdpl_server_ipc.c:1246: in _sv_ipc_thread(): debug: received HELLO message
1757123946.124710: 1904445-7f82bb53d700: cdpl_server_ipc.c:430: in _sv_on_hello(): debug: looking up W3
1757123946.124712: 1904445-7f82bb53d700: cdpl_server_ipc.c:540: in _sv_on_hello(): info: W3 is `152.14.98.53:60792'
1757123946.124714: 1904445-7f82bb53d700: cdpl_server_ipc.c:541: in _sv_on_hello(): debug: hello W3 (B1)
1757123946.124716: 1904445-7f82bb53d700: cdpl_server_ipc.c:542: in _sv_on_hello(): info: W3 log file is /dev/null
1757123946.124724: 1904445-7f82bb53d700: cdpl_server_ipc.c:602: in _sv_on_hello(): info: up to 2 alive workers in B1
1757123946.124728: 1904445-7f82bb53d700: cdpl_farm.c:878: in _release_cmd(): debug: freeing command C3 in bin B1
1757123946.124740: 1904445-7f82aaffd700: cdpl_server_sched.c:960: in _assign(): info: assigning task T1 to worker W3
1757123946.127604: 1904445-7f82bbd3e700: cdpl_ipc.c:1862: in _epoll_accept(): debug: new connection from `152.14.98.53:60800'
1757123946.127621: 1904445-7f82bb53d700: cdpl_server_ipc.c:1225: in _sv_ipc_thread(): debug: received ACCEPT notification
1757123946.127627: 1904445-7f82bb53d700: cdpl_ipc.c:2503: in cdpl_ipc_host_accept(): debug: accepted host `152.14.98.53:60800'
1757123946.127775: 1904445-7f82bb53d700: cdpl_server_ipc.c:1246: in _sv_ipc_thread(): debug: received HELLO message
1757123946.127777: 1904445-7f82bb53d700: cdpl_server_ipc.c:430: in _sv_on_hello(): debug: looking up W1
1757123946.127779: 1904445-7f82bb53d700: cdpl_server_ipc.c:540: in _sv_on_hello(): info: W1 is `152.14.98.53:60800'
1757123946.127781: 1904445-7f82bb53d700: cdpl_server_ipc.c:541: in _sv_on_hello(): debug: hello W1 (B1)
1757123946.127782: 1904445-7f82bb53d700: cdpl_server_ipc.c:542: in _sv_on_hello(): info: W1 log file is /dev/null
1757123946.127788: 1904445-7f82bb53d700: cdpl_server_ipc.c:602: in _sv_on_hello(): info: up to 3 alive workers in B1
1757123946.127791: 1904445-7f82bb53d700: cdpl_farm.c:878: in _release_cmd(): debug: freeing command C1 in bin B1
1757123946.127803: 1904445-7f82aaffd700: cdpl_server_sched.c:960: in _assign(): info: assigning task T2 to worker W1
1757123946.188238: 1904445-7f82bb53d700: cdpl_server_ipc.c:1268: in _sv_ipc_thread(): debug: received RELAY message
1757123946.188252: 1904445-7f82bb53d700: cdpl_server_ipc.c:713: in _sv_on_relay(): debug: RELAY message from W2, size = 65
1757123946.188255: 1904445-7f82bb53d700: cdpl_server_ipc.c:715: in _sv_on_relay(): debug: RELAY message from W2, content = 0$1905439 claws-compute3.ece.ncsu.edu 1905479 RUNNING 1757123946
1757123946.189476: 1904445-7f82bb53d700: cdpl_server_ipc.c:1268: in _sv_ipc_thread(): debug: received RELAY message
1757123946.189478: 1904445-7f82bb53d700: cdpl_server_ipc.c:713: in _sv_on_relay(): debug: RELAY message from W3, size = 65
1757123946.189480: 1904445-7f82bb53d700: cdpl_server_ipc.c:715: in _sv_on_relay(): debug: RELAY message from W3, content = 1$1905441 claws-compute3.ece.ncsu.edu 1905480 RUNNING 1757123946
1757123946.191494: 1904445-7f82bb53d700: cdpl_server_ipc.c:1268: in _sv_ipc_thread(): debug: received RELAY message
1757123946.191497: 1904445-7f82bb53d700: cdpl_server_ipc.c:713: in _sv_on_relay(): debug: RELAY message from W1, size = 65
1757123946.191498: 1904445-7f82bb53d700: cdpl_server_ipc.c:715: in _sv_on_relay(): debug: RELAY message from W1, content = 2$1905440 claws-compute3.ece.ncsu.edu 1905481 RUNNING 1757123946
1757123947.123986: 1904445-7f82bb53d700: cdpl_server_ipc.c:312: in _sv_on_heartbeat(): debug: received HEARTBEAT from worker W2 at 152.14.98.53:60776
1757123947.124926: 1904445-7f82bb53d700: cdpl_server_ipc.c:312: in _sv_on_heartbeat(): debug: received HEARTBEAT from worker W3 at 152.14.98.53:60792
1757123947.128025: 1904445-7f82bb53d700: cdpl_server_ipc.c:312: in _sv_on_heartbeat(): debug: received HEARTBEAT from worker W1 at 152.14.98.53:60800
1757123948.482715: 1904445-7f82bad3c700: cdpl_monitor.c:533: in cdpl_mn_connect(): debug: connecting to 152.14.98.53:44021
1757123948.482727: 1904445-7f82bad3c700: cdpl_ipc.c:3789: in cdpl_ipc_connect(): info: connecting to 152.14.98.53:44021
1757123948.482831: 1904445-7f82bad3c700: cdpl_ipc.c:3860: in cdpl_ipc_connect(): info: connected as `152.14.98.53:45616'
1757123948.482839: 1904445-7f82bad3c700: cdpl_ipc.c:2503: in cdpl_ipc_host_accept(): debug: accepted host `152.14.98.53:44021'
1757123948.482844: 1904445-7f82bad3c700: cdpl_monitor.c:579: in cdpl_mn_connect(): debug: ok
1757123948.482852: 1904445-7f82bad3c700: cdpl_monitor.c:533: in cdpl_mn_connect(): debug: connecting to 152.14.98.53:44939
1757123948.482853: 1904445-7f82bad3c700: cdpl_ipc.c:3789: in cdpl_ipc_connect(): info: connecting to 152.14.98.53:44939
1757123948.482943: 1904445-7f82bad3c700: cdpl_ipc.c:3860: in cdpl_ipc_connect(): info: connected as `152.14.98.53:47078'
1757123948.482947: 1904445-7f82bad3c700: cdpl_ipc.c:2503: in cdpl_ipc_host_accept(): debug: accepted host `152.14.98.53:44939'
1757123948.482950: 1904445-7f82bad3c700: cdpl_monitor.c:579: in cdpl_mn_connect(): debug: ok
1757123948.482959: 1904445-7f82bad3c700: cdpl_monitor.c:533: in cdpl_mn_connect(): debug: connecting to 152.14.98.53:39573
1757123948.482961: 1904445-7f82bad3c700: cdpl_ipc.c:3789: in cdpl_ipc_connect(): info: connecting to 152.14.98.53:39573
1757123948.483001: 1904445-7f82bad3c700: cdpl_ipc.c:3860: in cdpl_ipc_connect(): info: connected as `152.14.98.53:54390'
1757123948.483005: 1904445-7f82bad3c700: cdpl_ipc.c:2503: in cdpl_ipc_host_accept(): debug: accepted host `152.14.98.53:39573'
1757123948.483010: 1904445-7f82bad3c700: cdpl_monitor.c:579: in cdpl_mn_connect(): debug: ok
1757123952.694256: 1904445-7f82bb53d700: cdpl_server_ipc.c:1268: in _sv_ipc_thread(): debug: received RELAY message
1757123952.694268: 1904445-7f82bb53d700: cdpl_server_ipc.c:713: in _sv_on_relay(): debug: RELAY message from W2, size = 53
1757123952.694270: 1904445-7f82bb53d700: cdpl_server_ipc.c:715: in _sv_on_relay(): debug: RELAY message from W2, content = WORKERDU|12932,/dev/mapper/rhel_claws--compute3-home
1757123952.694279: 1904445-7f82bb53d700: cdpl_server_ipc.c:1268: in _sv_ipc_thread(): debug: received RELAY message
1757123952.694281: 1904445-7f82bb53d700: cdpl_server_ipc.c:713: in _sv_on_relay(): debug: RELAY message from W2, size = 196
1757123952.694283: 1904445-7f82bb53d700: cdpl_server_ipc.c:715: in _sv_on_relay(): debug: RELAY message from W2, content = REQPILOT|saeSession0,1,diff_mode_gain|&/home/argershm/180-voltmeter/Analog/cc/simulation/integrator,tb_main_opamp,schematic/history_1/simulation/diff_mode_gain/PrimeSimSPICE/parametric/results|&0
1757123952.694350: 1904445-7f82b8d38700: cdpl_compat_master.c:5948: in cdplMasterLogInfo(): info: [non-CDPL log entry] PWDP send back 'DOPILOT' to worker id:2 key: saeSession0,1,diff_mode_gain|&/home/argershm/180-voltmeter/Analog/cc/simulation/integrator,tb_main_opamp,schematic/history_1/simulation/diff_mode_gain/PrimeSimSPICE/parametric/results
1757123952.694543: 1904445-7f82b8d38700: cdpl_compat_master.c:5948: in cdplMasterLogInfo(): info: [non-CDPL log entry] PWDP: set pilot doing!
1757123952.696124: 1904445-7f82bb53d700: cdpl_server_ipc.c:1268: in _sv_ipc_thread(): debug: received RELAY message
1757123952.696128: 1904445-7f82bb53d700: cdpl_server_ipc.c:713: in _sv_on_relay(): debug: RELAY message from W1, size = 53
1757123952.696130: 1904445-7f82bb53d700: cdpl_server_ipc.c:715: in _sv_on_relay(): debug: RELAY message from W1, content = WORKERDU|12932,/dev/mapper/rhel_claws--compute3-home
1757123952.696144: 1904445-7f82bb53d700: cdpl_server_ipc.c:1268: in _sv_ipc_thread(): debug: received RELAY message
1757123952.696145: 1904445-7f82bb53d700: cdpl_server_ipc.c:713: in _sv_on_relay(): debug: RELAY message from W1, size = 196
1757123952.696147: 1904445-7f82bb53d700: cdpl_server_ipc.c:715: in _sv_on_relay(): debug: RELAY message from W1, content = REQPILOT|saeSession0,1,diff_mode_gain|&/home/argershm/180-voltmeter/Analog/cc/simulation/integrator,tb_main_opamp,schematic/history_1/simulation/diff_mode_gain/PrimeSimSPICE/parametric/results|&2
1757123952.696153: 1904445-7f82b8d38700: cdpl_compat_master.c:5948: in cdplMasterLogInfo(): info: [non-CDPL log entry] PWDP meet doing pilot, so cache worker id:1 key: saeSession0,1,diff_mode_gain|&/home/argershm/180-voltmeter/Analog/cc/simulation/integrator,tb_main_opamp,schematic/history_1/simulation/diff_mode_gain/PrimeSimSPICE/parametric/results
1757123952.698017: 1904445-7f82bb53d700: cdpl_server_ipc.c:1268: in _sv_ipc_thread(): debug: received RELAY message
1757123952.698020: 1904445-7f82bb53d700: cdpl_server_ipc.c:713: in _sv_on_relay(): debug: RELAY message from W2, size = 192
1757123952.698021: 1904445-7f82bb53d700: cdpl_server_ipc.c:715: in _sv_on_relay(): debug: RELAY message from W2, content = PILOTOK|saeSession0,1,diff_mode_gain|&/home/argershm/180-voltmeter/Analog/cc/simulation/integrator,tb_main_opamp,schematic/history_1/simulation/diff_mode_gain/PrimeSimSPICE/parametric/results
1757123952.698039: 1904445-7f82b8d38700: cdpl_compat_master.c:5948: in cdplMasterLogInfo(): info: [non-CDPL log entry] PWDP: set pilot done!
1757123952.698053: 1904445-7f82b8d38700: cdpl_compat_master.c:5948: in cdplMasterLogInfo(): info: [non-CDPL log entry] PWDP send back 'PILOTOK' to cacheed worker id:1 key: saeSession0,1,diff_mode_gain|&/home/argershm/180-voltmeter/Analog/cc/simulation/integrator,tb_main_opamp,schematic/history_1/simulation/diff_mode_gain/PrimeSimSPICE/parametric/results
1757123952.698104: 1904445-7f82bb53d700: cdpl_server_ipc.c:1268: in _sv_ipc_thread(): debug: received RELAY message
1757123952.698105: 1904445-7f82bb53d700: cdpl_server_ipc.c:713: in _sv_on_relay(): debug: RELAY message from W2, size = 18
1757123952.698107: 1904445-7f82bb53d700: cdpl_server_ipc.c:715: in _sv_on_relay(): debug: RELAY message from W2, content = 0$- - - MEASDOING
1757123952.698178: 1904445-7f82bb53d700: cdpl_server_ipc.c:1268: in _sv_ipc_thread(): debug: received RELAY message
1757123952.698180: 1904445-7f82bb53d700: cdpl_server_ipc.c:713: in _sv_on_relay(): debug: RELAY message from W1, size = 18
1757123952.698181: 1904445-7f82bb53d700: cdpl_server_ipc.c:715: in _sv_on_relay(): debug: RELAY message from W1, content = 2$- - - MEASDOING
1757123952.698246: 1904445-7f82bb53d700: cdpl_server_ipc.c:1268: in _sv_ipc_thread(): debug: received RELAY message
1757123952.698248: 1904445-7f82bb53d700: cdpl_server_ipc.c:713: in _sv_on_relay(): debug: RELAY message from W3, size = 53
1757123952.698250: 1904445-7f82bb53d700: cdpl_server_ipc.c:715: in _sv_on_relay(): debug: RELAY message from W3, content = WORKERDU|12932,/dev/mapper/rhel_claws--compute3-home
1757123952.698269: 1904445-7f82bb53d700: cdpl_server_ipc.c:1268: in _sv_ipc_thread(): debug: received RELAY message
1757123952.698271: 1904445-7f82bb53d700: cdpl_server_ipc.c:713: in _sv_on_relay(): debug: RELAY message from W3, size = 196
1757123952.698273: 1904445-7f82bb53d700: cdpl_server_ipc.c:715: in _sv_on_relay(): debug: RELAY message from W3, content = REQPILOT|saeSession0,1,diff_mode_gain|&/home/argershm/180-voltmeter/Analog/cc/simulation/integrator,tb_main_opamp,schematic/history_1/simulation/diff_mode_gain/PrimeSimSPICE/parametric/results|&1
1757123952.698282: 1904445-7f82b8d38700: cdpl_compat_master.c:5948: in cdplMasterLogInfo(): info: [non-CDPL log entry] PWDP send back 'PILOTOK' back to worker id:3 key: saeSession0,1,diff_mode_gain|&/home/argershm/180-voltmeter/Analog/cc/simulation/integrator,tb_main_opamp,schematic/history_1/simulation/diff_mode_gain/PrimeSimSPICE/parametric/results
1757123952.698420: 1904445-7f82bb53d700: cdpl_server_ipc.c:1268: in _sv_ipc_thread(): debug: received RELAY message
1757123952.698421: 1904445-7f82bb53d700: cdpl_server_ipc.c:713: in _sv_on_relay(): debug: RELAY message from W3, size = 18
1757123952.698423: 1904445-7f82bb53d700: cdpl_server_ipc.c:715: in _sv_on_relay(): debug: RELAY message from W3, content = 1$- - - MEASDOING
1757123953.987517: 1904445-7f82bb53d700: cdpl_server_ipc.c:1268: in _sv_ipc_thread(): debug: received RELAY message
1757123953.987529: 1904445-7f82bb53d700: cdpl_server_ipc.c:713: in _sv_on_relay(): debug: RELAY message from W2, size = 77
1757123953.987531: 1904445-7f82bb53d700: cdpl_server_ipc.c:715: in _sv_on_relay(): debug: RELAY message from W2, content = 0$1905439 claws-compute3.ece.ncsu.edu 1905479 FINISHED 1757123946|1757123953
1757123953.989051: 1904445-7f82bb53d700: cdpl_server_ipc.c:1268: in _sv_ipc_thread(): debug: received RELAY message
1757123953.989058: 1904445-7f82bb53d700: cdpl_server_ipc.c:713: in _sv_on_relay(): debug: RELAY message from W2, size = 194
1757123953.989061: 1904445-7f82bb53d700: cdpl_server_ipc.c:715: in _sv_on_relay(): debug: RELAY message from W2, content = PILOTDONE|saeSession0,1,diff_mode_gain|&/home/argershm/180-voltmeter/Analog/cc/simulation/integrator,tb_main_opamp,schematic/history_1/simulation/diff_mode_gain/PrimeSimSPICE/parametric/results
1757123953.989080: 1904445-7f82b8d38700: cdpl_compat_master.c:5948: in cdplMasterLogInfo(): info: [non-CDPL log entry] saeSession0,1,diff_mode_gain|&/home/argershm/180-voltmeter/Analog/cc/simulation/integrator,tb_main_opamp,schematic/history_1/simulation/diff_mode_gain/PrimeSimSPICE/parametric/results PILOTDONE!
1757123953.989341: 1904445-7f82bb53d700: cdpl_server_ipc.c:1251: in _sv_ipc_thread(): debug: received FINISH message
1757123953.989346: 1904445-7f82bb53d700: cdpl_server_ipc.c:983: in _sv_on_finish(): info: worker W2 completed task T0
1757123953.989348: 1904445-7f82bb53d700: cdpl_server_ipc.c:988: in _sv_on_finish(): debug: stat T0: utime=4160 stime=2224
1757123953.989350: 1904445-7f82bb53d700: cdpl_server_ipc.c:993: in _sv_on_finish(): debug: statm T0: vsize=3054888 rss=1036420 shared=519920 text=474784 data=710268
1757123953.989386: 1904445-7f82aaffd700: cdpl_server_sched.c:960: in _assign(): info: assigning task T3 to worker W2
1757123953.994406: 1904445-7f82bb53d700: cdpl_server_ipc.c:1268: in _sv_ipc_thread(): debug: received RELAY message
1757123953.994414: 1904445-7f82bb53d700: cdpl_server_ipc.c:713: in _sv_on_relay(): debug: RELAY message from W2, size = 50
1757123953.994416: 1904445-7f82bb53d700: cdpl_server_ipc.c:715: in _sv_on_relay(): debug: RELAY message from W2, content = WORKERDU|40,/dev/mapper/rhel_claws--compute3-home
1757123954.071464: 1904445-7f82ff910540: cdpl_server.c:227: in _sv_free_task_safe(): debug: freeing task T0
1757123954.104943: 1904445-7f82bb53d700: cdpl_server_ipc.c:1268: in _sv_ipc_thread(): debug: received RELAY message
1757123954.104960: 1904445-7f82bb53d700: cdpl_server_ipc.c:713: in _sv_on_relay(): debug: RELAY message from W3, size = 77
1757123954.104964: 1904445-7f82bb53d700: cdpl_server_ipc.c:715: in _sv_on_relay(): debug: RELAY message from W3, content = 1$1905441 claws-compute3.ece.ncsu.edu 1905480 FINISHED 1757123946|1757123954
1757123954.105233: 1904445-7f82bb53d700: cdpl_server_ipc.c:1251: in _sv_ipc_thread(): debug: received FINISH message
1757123954.105235: 1904445-7f82bb53d700: cdpl_server_ipc.c:983: in _sv_on_finish(): info: worker W3 completed task T1
1757123954.105237: 1904445-7f82bb53d700: cdpl_server_ipc.c:988: in _sv_on_finish(): debug: stat T1: utime=4069 stime=2268
1757123954.105239: 1904445-7f82bb53d700: cdpl_server_ipc.c:993: in _sv_on_finish(): debug: statm T1: vsize=3054884 rss=1031052 shared=518272 text=474784 data=710264
1757123954.105260: 1904445-7f82aaffd700: cdpl_server_sched.c:960: in _assign(): info: assigning task T4 to worker W3
1757123954.106972: 1904445-7f82bb53d700: cdpl_server_ipc.c:1268: in _sv_ipc_thread(): debug: received RELAY message
1757123954.106975: 1904445-7f82bb53d700: cdpl_server_ipc.c:713: in _sv_on_relay(): debug: RELAY message from W1, size = 77
1757123954.106977: 1904445-7f82bb53d700: cdpl_server_ipc.c:715: in _sv_on_relay(): debug: RELAY message from W1, content = 2$1905440 claws-compute3.ece.ncsu.edu 1905481 FINISHED 1757123946|1757123954
1757123954.107158: 1904445-7f82bb53d700: cdpl_server_ipc.c:1251: in _sv_ipc_thread(): debug: received FINISH message
1757123954.107160: 1904445-7f82bb53d700: cdpl_server_ipc.c:983: in _sv_on_finish(): info: worker W1 completed task T2
1757123954.107161: 1904445-7f82bb53d700: cdpl_server_ipc.c:988: in _sv_on_finish(): debug: stat T2: utime=4078 stime=2252
1757123954.107163: 1904445-7f82bb53d700: cdpl_server_ipc.c:993: in _sv_on_finish(): debug: statm T2: vsize=3054884 rss=1035024 shared=518192 text=474784 data=710264
1757123954.107170: 1904445-7f82aaffd700: cdpl_server_sched.c:960: in _assign(): info: assigning task T5 to worker W1
1757123954.109991: 1904445-7f82bb53d700: cdpl_server_ipc.c:1268: in _sv_ipc_thread(): debug: received RELAY message
1757123954.109994: 1904445-7f82bb53d700: cdpl_server_ipc.c:713: in _sv_on_relay(): debug: RELAY message from W3, size = 50
1757123954.109996: 1904445-7f82bb53d700: cdpl_server_ipc.c:715: in _sv_on_relay(): debug: RELAY message from W3, content = WORKERDU|56,/dev/mapper/rhel_claws--compute3-home
1757123954.112119: 1904445-7f82bb53d700: cdpl_server_ipc.c:1268: in _sv_ipc_thread(): debug: received RELAY message
1757123954.112127: 1904445-7f82bb53d700: cdpl_server_ipc.c:713: in _sv_on_relay(): debug: RELAY message from W1, size = 50
1757123954.112129: 1904445-7f82bb53d700: cdpl_server_ipc.c:715: in _sv_on_relay(): debug: RELAY message from W1, content = WORKERDU|56,/dev/mapper/rhel_claws--compute3-home
1757123954.171330: 1904445-7f82ff910540: cdpl_server.c:227: in _sv_free_task_safe(): debug: freeing task T1
1757123954.183488: 1904445-7f82ff910540: cdpl_server.c:227: in _sv_free_task_safe(): debug: freeing task T2
1757123954.192183: 1904445-7f82bb53d700: cdpl_server_ipc.c:1268: in _sv_ipc_thread(): debug: received RELAY message
1757123954.192192: 1904445-7f82bb53d700: cdpl_server_ipc.c:713: in _sv_on_relay(): debug: RELAY message from W2, size = 65
1757123954.192195: 1904445-7f82bb53d700: cdpl_server_ipc.c:715: in _sv_on_relay(): debug: RELAY message from W2, content = 3$1905439 claws-compute3.ece.ncsu.edu 1906648 RUNNING 1757123954
1757123954.291949: 1904445-7f82bb53d700: cdpl_server_ipc.c:1268: in _sv_ipc_thread(): debug: received RELAY message
1757123954.291966: 1904445-7f82bb53d700: cdpl_server_ipc.c:713: in _sv_on_relay(): debug: RELAY message from W3, size = 65
1757123954.291969: 1904445-7f82bb53d700: cdpl_server_ipc.c:715: in _sv_on_relay(): debug: RELAY message from W3, content = 4$1905441 claws-compute3.ece.ncsu.edu 1906761 RUNNING 1757123954
1757123954.292970: 1904445-7f82bb53d700: cdpl_server_ipc.c:1268: in _sv_ipc_thread(): debug: received RELAY message
1757123954.292977: 1904445-7f82bb53d700: cdpl_server_ipc.c:713: in _sv_on_relay(): debug: RELAY message from W1, size = 65
1757123954.292980: 1904445-7f82bb53d700: cdpl_server_ipc.c:715: in _sv_on_relay(): debug: RELAY message from W1, content = 5$1905440 claws-compute3.ece.ncsu.edu 1906762 RUNNING 1757123954
1757123955.502906: 1904445-7f82bb53d700: cdpl_server_ipc.c:1268: in _sv_ipc_thread(): debug: received RELAY message
1757123955.502919: 1904445-7f82bb53d700: cdpl_server_ipc.c:713: in _sv_on_relay(): debug: RELAY message from W3, size = 196
1757123955.502922: 1904445-7f82bb53d700: cdpl_server_ipc.c:715: in _sv_on_relay(): debug: RELAY message from W3, content = REQPILOT|saeSession0,1,diff_mode_gain|&/home/argershm/180-voltmeter/Analog/cc/simulation/integrator,tb_main_opamp,schematic/history_1/simulation/diff_mode_gain/PrimeSimSPICE/parametric/results|&4
1757123955.502957: 1904445-7f82b8d38700: cdpl_compat_master.c:5948: in cdplMasterLogInfo(): info: [non-CDPL log entry] PWDP send back 'PILOTOK' back to worker id:3 key: saeSession0,1,diff_mode_gain|&/home/argershm/180-voltmeter/Analog/cc/simulation/integrator,tb_main_opamp,schematic/history_1/simulation/diff_mode_gain/PrimeSimSPICE/parametric/results
1757123955.503079: 1904445-7f82bb53d700: cdpl_server_ipc.c:1268: in _sv_ipc_thread(): debug: received RELAY message
1757123955.503085: 1904445-7f82bb53d700: cdpl_server_ipc.c:713: in _sv_on_relay(): debug: RELAY message from W3, size = 18
1757123955.503087: 1904445-7f82bb53d700: cdpl_server_ipc.c:715: in _sv_on_relay(): debug: RELAY message from W3, content = 4$- - - MEASDOING
1757123955.503894: 1904445-7f82bb53d700: cdpl_server_ipc.c:1268: in _sv_ipc_thread(): debug: received RELAY message
1757123955.503900: 1904445-7f82bb53d700: cdpl_server_ipc.c:713: in _sv_on_relay(): debug: RELAY message from W1, size = 196
1757123955.503902: 1904445-7f82bb53d700: cdpl_server_ipc.c:715: in _sv_on_relay(): debug: RELAY message from W1, content = REQPILOT|saeSession0,1,diff_mode_gain|&/home/argershm/180-voltmeter/Analog/cc/simulation/integrator,tb_main_opamp,schematic/history_1/simulation/diff_mode_gain/PrimeSimSPICE/parametric/results|&5
1757123955.503922: 1904445-7f82b8d38700: cdpl_compat_master.c:5948: in cdplMasterLogInfo(): info: [non-CDPL log entry] PWDP send back 'PILOTOK' back to worker id:1 key: saeSession0,1,diff_mode_gain|&/home/argershm/180-voltmeter/Analog/cc/simulation/integrator,tb_main_opamp,schematic/history_1/simulation/diff_mode_gain/PrimeSimSPICE/parametric/results
1757123955.504053: 1904445-7f82bb53d700: cdpl_server_ipc.c:1268: in _sv_ipc_thread(): debug: received RELAY message
1757123955.504060: 1904445-7f82bb53d700: cdpl_server_ipc.c:713: in _sv_on_relay(): debug: RELAY message from W1, size = 18
1757123955.504063: 1904445-7f82bb53d700: cdpl_server_ipc.c:715: in _sv_on_relay(): debug: RELAY message from W1, content = 5$- - - MEASDOING
1757123955.504737: 1904445-7f82bb53d700: cdpl_server_ipc.c:1268: in _sv_ipc_thread(): debug: received RELAY message
1757123955.504743: 1904445-7f82bb53d700: cdpl_server_ipc.c:713: in _sv_on_relay(): debug: RELAY message from W2, size = 196
1757123955.504745: 1904445-7f82bb53d700: cdpl_server_ipc.c:715: in _sv_on_relay(): debug: RELAY message from W2, content = REQPILOT|saeSession0,1,diff_mode_gain|&/home/argershm/180-voltmeter/Analog/cc/simulation/integrator,tb_main_opamp,schematic/history_1/simulation/diff_mode_gain/PrimeSimSPICE/parametric/results|&3
1757123955.504765: 1904445-7f82b8d38700: cdpl_compat_master.c:5948: in cdplMasterLogInfo(): info: [non-CDPL log entry] PWDP send back 'PILOTOK' back to worker id:2 key: saeSession0,1,diff_mode_gain|&/home/argershm/180-voltmeter/Analog/cc/simulation/integrator,tb_main_opamp,schematic/history_1/simulation/diff_mode_gain/PrimeSimSPICE/parametric/results
1757123955.504885: 1904445-7f82bb53d700: cdpl_server_ipc.c:1268: in _sv_ipc_thread(): debug: received RELAY message
1757123955.504890: 1904445-7f82bb53d700: cdpl_server_ipc.c:713: in _sv_on_relay(): debug: RELAY message from W2, size = 18
1757123955.504892: 1904445-7f82bb53d700: cdpl_server_ipc.c:715: in _sv_on_relay(): debug: RELAY message from W2, content = 3$- - - MEASDOING
1757123956.324469: 1904445-7f82bb53d700: cdpl_server_ipc.c:1268: in _sv_ipc_thread(): debug: received RELAY message
1757123956.324479: 1904445-7f82bb53d700: cdpl_server_ipc.c:713: in _sv_on_relay(): debug: RELAY message from W1, size = 77
1757123956.324481: 1904445-7f82bb53d700: cdpl_server_ipc.c:715: in _sv_on_relay(): debug: RELAY message from W1, content = 5$1905440 claws-compute3.ece.ncsu.edu 1906762 FINISHED 1757123954|1757123956
1757123956.324669: 1904445-7f82bb53d700: cdpl_server_ipc.c:1251: in _sv_ipc_thread(): debug: received FINISH message
1757123956.324675: 1904445-7f82bb53d700: cdpl_server_ipc.c:983: in _sv_on_finish(): info: worker W1 completed task T5
1757123956.324677: 1904445-7f82bb53d700: cdpl_server_ipc.c:988: in _sv_on_finish(): debug: stat T5: utime=676 stime=424
1757123956.324683: 1904445-7f82bb53d700: cdpl_server_ipc.c:993: in _sv_on_finish(): debug: statm T5: vsize=3054884 rss=1035024 shared=518192 text=474784 data=710264
1757123956.324692: 1904445-7f82bb53d700: cdpl_server_ipc.c:1268: in _sv_ipc_thread(): debug: received RELAY message
1757123956.324694: 1904445-7f82bb53d700: cdpl_server_ipc.c:713: in _sv_on_relay(): debug: RELAY message from W2, size = 77
1757123956.324696: 1904445-7f82bb53d700: cdpl_server_ipc.c:715: in _sv_on_relay(): debug: RELAY message from W2, content = 3$1905439 claws-compute3.ece.ncsu.edu 1906648 FINISHED 1757123954|1757123956
1757123956.324706: 1904445-7f82aaffd700: cdpl_server_sched.c:960: in _assign(): info: assigning task T6 to worker W1
1757123956.324760: 1904445-7f82bb53d700: cdpl_server_ipc.c:1268: in _sv_ipc_thread(): debug: received RELAY message
1757123956.324762: 1904445-7f82bb53d700: cdpl_server_ipc.c:713: in _sv_on_relay(): debug: RELAY message from W3, size = 77
1757123956.324763: 1904445-7f82bb53d700: cdpl_server_ipc.c:715: in _sv_on_relay(): debug: RELAY message from W3, content = 4$1905441 claws-compute3.ece.ncsu.edu 1906761 FINISHED 1757123954|1757123956
1757123956.324904: 1904445-7f82bb53d700: cdpl_server_ipc.c:1251: in _sv_ipc_thread(): debug: received FINISH message
1757123956.324906: 1904445-7f82bb53d700: cdpl_server_ipc.c:983: in _sv_on_finish(): info: worker W2 completed task T3
1757123956.324908: 1904445-7f82bb53d700: cdpl_server_ipc.c:988: in _sv_on_finish(): debug: stat T3: utime=679 stime=425
1757123956.324909: 1904445-7f82bb53d700: cdpl_server_ipc.c:993: in _sv_on_finish(): debug: statm T3: vsize=3054888 rss=1036420 shared=519920 text=474784 data=710268
1757123956.324925: 1904445-7f82aaffd700: cdpl_server_sched.c:960: in _assign(): info: assigning task T7 to worker W2
1757123956.324979: 1904445-7f82bb53d700: cdpl_server_ipc.c:1251: in _sv_ipc_thread(): debug: received FINISH message
1757123956.324987: 1904445-7f82bb53d700: cdpl_server_ipc.c:983: in _sv_on_finish(): info: worker W3 completed task T4
1757123956.324989: 1904445-7f82bb53d700: cdpl_server_ipc.c:988: in _sv_on_finish(): debug: stat T4: utime=665 stime=427
1757123956.324991: 1904445-7f82bb53d700: cdpl_server_ipc.c:993: in _sv_on_finish(): debug: statm T4: vsize=3054884 rss=1031052 shared=518272 text=474784 data=710264
1757123956.324999: 1904445-7f82aaffd700: cdpl_server_sched.c:960: in _assign(): info: assigning task T8 to worker W3
1757123956.329556: 1904445-7f82bb53d700: cdpl_server_ipc.c:1268: in _sv_ipc_thread(): debug: received RELAY message
1757123956.329559: 1904445-7f82bb53d700: cdpl_server_ipc.c:713: in _sv_on_relay(): debug: RELAY message from W1, size = 53
1757123956.329561: 1904445-7f82bb53d700: cdpl_server_ipc.c:715: in _sv_on_relay(): debug: RELAY message from W1, content = WORKERDU|12988,/dev/mapper/rhel_claws--compute3-home
1757123956.329891: 1904445-7f82bb53d700: cdpl_server_ipc.c:1268: in _sv_ipc_thread(): debug: received RELAY message
1757123956.329893: 1904445-7f82bb53d700: cdpl_server_ipc.c:713: in _sv_on_relay(): debug: RELAY message from W2, size = 53
1757123956.329894: 1904445-7f82bb53d700: cdpl_server_ipc.c:715: in _sv_on_relay(): debug: RELAY message from W2, content = WORKERDU|12988,/dev/mapper/rhel_claws--compute3-home
1757123956.329906: 1904445-7f82bb53d700: cdpl_server_ipc.c:1268: in _sv_ipc_thread(): debug: received RELAY message
1757123956.329908: 1904445-7f82bb53d700: cdpl_server_ipc.c:713: in _sv_on_relay(): debug: RELAY message from W3, size = 53
1757123956.329909: 1904445-7f82bb53d700: cdpl_server_ipc.c:715: in _sv_on_relay(): debug: RELAY message from W3, content = WORKERDU|12988,/dev/mapper/rhel_claws--compute3-home
1757123956.372005: 1904445-7f82ff910540: cdpl_server.c:227: in _sv_free_task_safe(): debug: freeing task T5
1757123956.383048: 1904445-7f82ff910540: cdpl_server.c:227: in _sv_free_task_safe(): debug: freeing task T3
1757123956.392289: 1904445-7f82ff910540: cdpl_server.c:227: in _sv_free_task_safe(): debug: freeing task T4
1757123956.515427: 1904445-7f82bb53d700: cdpl_server_ipc.c:1268: in _sv_ipc_thread(): debug: received RELAY message
1757123956.515440: 1904445-7f82bb53d700: cdpl_server_ipc.c:713: in _sv_on_relay(): debug: RELAY message from W3, size = 65
1757123956.515442: 1904445-7f82bb53d700: cdpl_server_ipc.c:715: in _sv_on_relay(): debug: RELAY message from W3, content = 8$1905441 claws-compute3.ece.ncsu.edu 1907256 RUNNING 1757123956
1757123956.516568: 1904445-7f82bb53d700: cdpl_server_ipc.c:1268: in _sv_ipc_thread(): debug: received RELAY message
1757123956.516572: 1904445-7f82bb53d700: cdpl_server_ipc.c:713: in _sv_on_relay(): debug: RELAY message from W1, size = 65
1757123956.516573: 1904445-7f82bb53d700: cdpl_server_ipc.c:715: in _sv_on_relay(): debug: RELAY message from W1, content = 6$1905440 claws-compute3.ece.ncsu.edu 1907257 RUNNING 1757123956
1757123956.517430: 1904445-7f82bb53d700: cdpl_server_ipc.c:1268: in _sv_ipc_thread(): debug: received RELAY message
1757123956.517433: 1904445-7f82bb53d700: cdpl_server_ipc.c:713: in _sv_on_relay(): debug: RELAY message from W2, size = 65
1757123956.517435: 1904445-7f82bb53d700: cdpl_server_ipc.c:715: in _sv_on_relay(): debug: RELAY message from W2, content = 7$1905439 claws-compute3.ece.ncsu.edu 1907259 RUNNING 1757123956
1757123957.728581: 1904445-7f82bb53d700: cdpl_server_ipc.c:1268: in _sv_ipc_thread(): debug: received RELAY message
1757123957.728592: 1904445-7f82bb53d700: cdpl_server_ipc.c:713: in _sv_on_relay(): debug: RELAY message from W1, size = 196
1757123957.728594: 1904445-7f82bb53d700: cdpl_server_ipc.c:715: in _sv_on_relay(): debug: RELAY message from W1, content = REQPILOT|saeSession0,1,diff_mode_gain|&/home/argershm/180-voltmeter/Analog/cc/simulation/integrator,tb_main_opamp,schematic/history_1/simulation/diff_mode_gain/PrimeSimSPICE/parametric/results|&6
1757123957.728611: 1904445-7f82b8d38700: cdpl_compat_master.c:5948: in cdplMasterLogInfo(): info: [non-CDPL log entry] PWDP send back 'PILOTOK' back to worker id:1 key: saeSession0,1,diff_mode_gain|&/home/argershm/180-voltmeter/Analog/cc/simulation/integrator,tb_main_opamp,schematic/history_1/simulation/diff_mode_gain/PrimeSimSPICE/parametric/results
1757123957.728811: 1904445-7f82bb53d700: cdpl_server_ipc.c:1268: in _sv_ipc_thread(): debug: received RELAY message
1757123957.728813: 1904445-7f82bb53d700: cdpl_server_ipc.c:713: in _sv_on_relay(): debug: RELAY message from W1, size = 18
1757123957.728815: 1904445-7f82bb53d700: cdpl_server_ipc.c:715: in _sv_on_relay(): debug: RELAY message from W1, content = 6$- - - MEASDOING
1757123957.729349: 1904445-7f82bb53d700: cdpl_server_ipc.c:1268: in _sv_ipc_thread(): debug: received RELAY message
1757123957.729352: 1904445-7f82bb53d700: cdpl_server_ipc.c:713: in _sv_on_relay(): debug: RELAY message from W2, size = 196
1757123957.729354: 1904445-7f82bb53d700: cdpl_server_ipc.c:715: in _sv_on_relay(): debug: RELAY message from W2, content = REQPILOT|saeSession0,1,diff_mode_gain|&/home/argershm/180-voltmeter/Analog/cc/simulation/integrator,tb_main_opamp,schematic/history_1/simulation/diff_mode_gain/PrimeSimSPICE/parametric/results|&7
1757123957.729362: 1904445-7f82b8d38700: cdpl_compat_master.c:5948: in cdplMasterLogInfo(): info: [non-CDPL log entry] PWDP send back 'PILOTOK' back to worker id:2 key: saeSession0,1,diff_mode_gain|&/home/argershm/180-voltmeter/Analog/cc/simulation/integrator,tb_main_opamp,schematic/history_1/simulation/diff_mode_gain/PrimeSimSPICE/parametric/results
1757123957.729483: 1904445-7f82bb53d700: cdpl_server_ipc.c:1268: in _sv_ipc_thread(): debug: received RELAY message
1757123957.729485: 1904445-7f82bb53d700: cdpl_server_ipc.c:713: in _sv_on_relay(): debug: RELAY message from W2, size = 18
1757123957.729486: 1904445-7f82bb53d700: cdpl_server_ipc.c:715: in _sv_on_relay(): debug: RELAY message from W2, content = 7$- - - MEASDOING
1757123957.829112: 1904445-7f82bb53d700: cdpl_server_ipc.c:1268: in _sv_ipc_thread(): debug: received RELAY message
1757123957.829120: 1904445-7f82bb53d700: cdpl_server_ipc.c:713: in _sv_on_relay(): debug: RELAY message from W3, size = 196
1757123957.829127: 1904445-7f82bb53d700: cdpl_server_ipc.c:715: in _sv_on_relay(): debug: RELAY message from W3, content = REQPILOT|saeSession0,1,diff_mode_gain|&/home/argershm/180-voltmeter/Analog/cc/simulation/integrator,tb_main_opamp,schematic/history_1/simulation/diff_mode_gain/PrimeSimSPICE/parametric/results|&8
1757123957.829147: 1904445-7f82b8d38700: cdpl_compat_master.c:5948: in cdplMasterLogInfo(): info: [non-CDPL log entry] PWDP send back 'PILOTOK' back to worker id:3 key: saeSession0,1,diff_mode_gain|&/home/argershm/180-voltmeter/Analog/cc/simulation/integrator,tb_main_opamp,schematic/history_1/simulation/diff_mode_gain/PrimeSimSPICE/parametric/results
1757123957.829280: 1904445-7f82bb53d700: cdpl_server_ipc.c:1268: in _sv_ipc_thread(): debug: received RELAY message
1757123957.829285: 1904445-7f82bb53d700: cdpl_server_ipc.c:713: in _sv_on_relay(): debug: RELAY message from W3, size = 18
1757123957.829287: 1904445-7f82bb53d700: cdpl_server_ipc.c:715: in _sv_on_relay(): debug: RELAY message from W3, content = 8$- - - MEASDOING
1757123958.114355: 1904445-7f82bb53d700: cdpl_server_ipc.c:1268: in _sv_ipc_thread(): debug: received RELAY message
1757123958.114366: 1904445-7f82bb53d700: cdpl_server_ipc.c:713: in _sv_on_relay(): debug: RELAY message from W1, size = 53
1757123958.114368: 1904445-7f82bb53d700: cdpl_server_ipc.c:715: in _sv_on_relay(): debug: RELAY message from W1, content = WORKERDU|12964,/dev/mapper/rhel_claws--compute3-home
1757123958.116321: 1904445-7f82bb53d700: cdpl_server_ipc.c:1268: in _sv_ipc_thread(): debug: received RELAY message
1757123958.116325: 1904445-7f82bb53d700: cdpl_server_ipc.c:713: in _sv_on_relay(): debug: RELAY message from W2, size = 53
1757123958.116326: 1904445-7f82bb53d700: cdpl_server_ipc.c:715: in _sv_on_relay(): debug: RELAY message from W2, content = WORKERDU|12964,/dev/mapper/rhel_claws--compute3-home
1757123958.217824: 1904445-7f82bb53d700: cdpl_server_ipc.c:1268: in _sv_ipc_thread(): debug: received RELAY message
1757123958.217832: 1904445-7f82bb53d700: cdpl_server_ipc.c:713: in _sv_on_relay(): debug: RELAY message from W3, size = 53
1757123958.217834: 1904445-7f82bb53d700: cdpl_server_ipc.c:715: in _sv_on_relay(): debug: RELAY message from W3, content = WORKERDU|12964,/dev/mapper/rhel_claws--compute3-home
1757123958.535978: 1904445-7f82bb53d700: cdpl_server_ipc.c:1268: in _sv_ipc_thread(): debug: received RELAY message
1757123958.535987: 1904445-7f82bb53d700: cdpl_server_ipc.c:713: in _sv_on_relay(): debug: RELAY message from W1, size = 77
1757123958.535989: 1904445-7f82bb53d700: cdpl_server_ipc.c:715: in _sv_on_relay(): debug: RELAY message from W1, content = 6$1905440 claws-compute3.ece.ncsu.edu 1907257 FINISHED 1757123956|1757123958
1757123958.536385: 1904445-7f82bb53d700: cdpl_server_ipc.c:1268: in _sv_ipc_thread(): debug: received RELAY message
1757123958.536387: 1904445-7f82bb53d700: cdpl_server_ipc.c:713: in _sv_on_relay(): debug: RELAY message from W2, size = 77
1757123958.536389: 1904445-7f82bb53d700: cdpl_server_ipc.c:715: in _sv_on_relay(): debug: RELAY message from W2, content = 7$1905439 claws-compute3.ece.ncsu.edu 1907259 FINISHED 1757123956|1757123958
1757123958.536434: 1904445-7f82bb53d700: cdpl_server_ipc.c:1251: in _sv_ipc_thread(): debug: received FINISH message
1757123958.536437: 1904445-7f82bb53d700: cdpl_server_ipc.c:983: in _sv_on_finish(): info: worker W1 completed task T6
1757123958.536438: 1904445-7f82bb53d700: cdpl_server_ipc.c:988: in _sv_on_finish(): debug: stat T6: utime=663 stime=433
1757123958.536440: 1904445-7f82bb53d700: cdpl_server_ipc.c:993: in _sv_on_finish(): debug: statm T6: vsize=3054884 rss=1035024 shared=518192 text=474784 data=710264
1757123958.536454: 1904445-7f82aaffd700: cdpl_server_sched.c:960: in _assign(): info: assigning task T9 to worker W1
1757123958.536523: 1904445-7f82bb53d700: cdpl_server_ipc.c:1251: in _sv_ipc_thread(): debug: received FINISH message
1757123958.536526: 1904445-7f82bb53d700: cdpl_server_ipc.c:983: in _sv_on_finish(): info: worker W2 completed task T7
1757123958.536527: 1904445-7f82bb53d700: cdpl_server_ipc.c:988: in _sv_on_finish(): debug: stat T7: utime=676 stime=434
1757123958.536533: 1904445-7f82bb53d700: cdpl_server_ipc.c:993: in _sv_on_finish(): debug: statm T7: vsize=3054888 rss=1036420 shared=519920 text=474784 data=710268
1757123958.536549: 1904445-7f82aaffd700: cdpl_server_sched.c:960: in _assign(): info: assigning task T10 to worker W2
1757123958.541257: 1904445-7f82bb53d700: cdpl_server_ipc.c:1268: in _sv_ipc_thread(): debug: received RELAY message
1757123958.541260: 1904445-7f82bb53d700: cdpl_server_ipc.c:713: in _sv_on_relay(): debug: RELAY message from W1, size = 50
1757123958.541262: 1904445-7f82bb53d700: cdpl_server_ipc.c:715: in _sv_on_relay(): debug: RELAY message from W1, content = WORKERDU|24,/dev/mapper/rhel_claws--compute3-home
1757123958.541379: 1904445-7f82bb53d700: cdpl_server_ipc.c:1268: in _sv_ipc_thread(): debug: received RELAY message
1757123958.541380: 1904445-7f82bb53d700: cdpl_server_ipc.c:713: in _sv_on_relay(): debug: RELAY message from W2, size = 50
1757123958.541382: 1904445-7f82bb53d700: cdpl_server_ipc.c:715: in _sv_on_relay(): debug: RELAY message from W2, content = WORKERDU|24,/dev/mapper/rhel_claws--compute3-home
1757123958.571205: 1904445-7f82ff910540: cdpl_server.c:227: in _sv_free_task_safe(): debug: freeing task T6
1757123958.582312: 1904445-7f82ff910540: cdpl_server.c:227: in _sv_free_task_safe(): debug: freeing task T7
1757123958.623362: 1904445-7f82bb53d700: cdpl_server_ipc.c:1268: in _sv_ipc_thread(): debug: received RELAY message
1757123958.623373: 1904445-7f82bb53d700: cdpl_server_ipc.c:713: in _sv_on_relay(): debug: RELAY message from W3, size = 77
1757123958.623375: 1904445-7f82bb53d700: cdpl_server_ipc.c:715: in _sv_on_relay(): debug: RELAY message from W3, content = 8$1905441 claws-compute3.ece.ncsu.edu 1907256 FINISHED 1757123956|1757123958
1757123958.623540: 1904445-7f82bb53d700: cdpl_server_ipc.c:1251: in _sv_ipc_thread(): debug: received FINISH message
1757123958.623542: 1904445-7f82bb53d700: cdpl_server_ipc.c:983: in _sv_on_finish(): info: worker W3 completed task T8
1757123958.623544: 1904445-7f82bb53d700: cdpl_server_ipc.c:988: in _sv_on_finish(): debug: stat T8: utime=684 stime=423
1757123958.623546: 1904445-7f82bb53d700: cdpl_server_ipc.c:993: in _sv_on_finish(): debug: statm T8: vsize=3054884 rss=1031052 shared=518272 text=474784 data=710264
1757123958.623562: 1904445-7f82aaffd700: cdpl_server_sched.c:960: in _assign(): info: assigning task T11 to worker W3
1757123958.628268: 1904445-7f82bb53d700: cdpl_server_ipc.c:1268: in _sv_ipc_thread(): debug: received RELAY message
1757123958.628272: 1904445-7f82bb53d700: cdpl_server_ipc.c:713: in _sv_on_relay(): debug: RELAY message from W3, size = 50
1757123958.628273: 1904445-7f82bb53d700: cdpl_server_ipc.c:715: in _sv_on_relay(): debug: RELAY message from W3, content = WORKERDU|24,/dev/mapper/rhel_claws--compute3-home
1757123958.671480: 1904445-7f82ff910540: cdpl_server.c:227: in _sv_free_task_safe(): debug: freeing task T8
1757123958.706315: 1904445-7f82bb53d700: cdpl_server_ipc.c:1268: in _sv_ipc_thread(): debug: received RELAY message
1757123958.706324: 1904445-7f82bb53d700: cdpl_server_ipc.c:713: in _sv_on_relay(): debug: RELAY message from W1, size = 65
1757123958.706326: 1904445-7f82bb53d700: cdpl_server_ipc.c:715: in _sv_on_relay(): debug: RELAY message from W1, content = 9$1905440 claws-compute3.ece.ncsu.edu 1907770 RUNNING 1757123958
1757123958.709399: 1904445-7f82bb53d700: cdpl_server_ipc.c:1268: in _sv_ipc_thread(): debug: received RELAY message
1757123958.709402: 1904445-7f82bb53d700: cdpl_server_ipc.c:713: in _sv_on_relay(): debug: RELAY message from W2, size = 66
1757123958.709404: 1904445-7f82bb53d700: cdpl_server_ipc.c:715: in _sv_on_relay(): debug: RELAY message from W2, content = 10$1905439 claws-compute3.ece.ncsu.edu 1907771 RUNNING 1757123958
1757123958.809253: 1904445-7f82bb53d700: cdpl_server_ipc.c:1268: in _sv_ipc_thread(): debug: received RELAY message
1757123958.809264: 1904445-7f82bb53d700: cdpl_server_ipc.c:713: in _sv_on_relay(): debug: RELAY message from W3, size = 66
1757123958.809272: 1904445-7f82bb53d700: cdpl_server_ipc.c:715: in _sv_on_relay(): debug: RELAY message from W3, content = 11$1905441 claws-compute3.ece.ncsu.edu 1907837 RUNNING 1757123958
1757123959.919531: 1904445-7f82bb53d700: cdpl_server_ipc.c:1268: in _sv_ipc_thread(): debug: received RELAY message
1757123959.919540: 1904445-7f82bb53d700: cdpl_server_ipc.c:713: in _sv_on_relay(): debug: RELAY message from W2, size = 197
1757123959.919542: 1904445-7f82bb53d700: cdpl_server_ipc.c:715: in _sv_on_relay(): debug: RELAY message from W2, content = REQPILOT|saeSession0,1,diff_mode_gain|&/home/argershm/180-voltmeter/Analog/cc/simulation/integrator,tb_main_opamp,schematic/history_1/simulation/diff_mode_gain/PrimeSimSPICE/parametric/results|&10
1757123959.919560: 1904445-7f82b8d38700: cdpl_compat_master.c:5948: in cdplMasterLogInfo(): info: [non-CDPL log entry] PWDP send back 'PILOTOK' back to worker id:2 key: saeSession0,1,diff_mode_gain|&/home/argershm/180-voltmeter/Analog/cc/simulation/integrator,tb_main_opamp,schematic/history_1/simulation/diff_mode_gain/PrimeSimSPICE/parametric/results
1757123959.919669: 1904445-7f82bb53d700: cdpl_server_ipc.c:1268: in _sv_ipc_thread(): debug: received RELAY message
1757123959.919671: 1904445-7f82bb53d700: cdpl_server_ipc.c:713: in _sv_on_relay(): debug: RELAY message from W2, size = 19
1757123959.919673: 1904445-7f82bb53d700: cdpl_server_ipc.c:715: in _sv_on_relay(): debug: RELAY message from W2, content = 10$- - - MEASDOING
1757123960.017845: 1904445-7f82bb53d700: cdpl_server_ipc.c:1268: in _sv_ipc_thread(): debug: received RELAY message
1757123960.017854: 1904445-7f82bb53d700: cdpl_server_ipc.c:713: in _sv_on_relay(): debug: RELAY message from W1, size = 196
1757123960.017856: 1904445-7f82bb53d700: cdpl_server_ipc.c:715: in _sv_on_relay(): debug: RELAY message from W1, content = REQPILOT|saeSession0,1,diff_mode_gain|&/home/argershm/180-voltmeter/Analog/cc/simulation/integrator,tb_main_opamp,schematic/history_1/simulation/diff_mode_gain/PrimeSimSPICE/parametric/results|&9
1757123960.017876: 1904445-7f82b8d38700: cdpl_compat_master.c:5948: in cdplMasterLogInfo(): info: [non-CDPL log entry] PWDP send back 'PILOTOK' back to worker id:1 key: saeSession0,1,diff_mode_gain|&/home/argershm/180-voltmeter/Analog/cc/simulation/integrator,tb_main_opamp,schematic/history_1/simulation/diff_mode_gain/PrimeSimSPICE/parametric/results
1757123960.017997: 1904445-7f82bb53d700: cdpl_server_ipc.c:1268: in _sv_ipc_thread(): debug: received RELAY message
1757123960.018004: 1904445-7f82bb53d700: cdpl_server_ipc.c:713: in _sv_on_relay(): debug: RELAY message from W1, size = 18
1757123960.018006: 1904445-7f82bb53d700: cdpl_server_ipc.c:715: in _sv_on_relay(): debug: RELAY message from W1, content = 9$- - - MEASDOING
1757123960.019807: 1904445-7f82bb53d700: cdpl_server_ipc.c:1268: in _sv_ipc_thread(): debug: received RELAY message
1757123960.019814: 1904445-7f82bb53d700: cdpl_server_ipc.c:713: in _sv_on_relay(): debug: RELAY message from W3, size = 197
1757123960.019817: 1904445-7f82bb53d700: cdpl_server_ipc.c:715: in _sv_on_relay(): debug: RELAY message from W3, content = REQPILOT|saeSession0,1,diff_mode_gain|&/home/argershm/180-voltmeter/Analog/cc/simulation/integrator,tb_main_opamp,schematic/history_1/simulation/diff_mode_gain/PrimeSimSPICE/parametric/results|&11
1757123960.019837: 1904445-7f82b8d38700: cdpl_compat_master.c:5948: in cdplMasterLogInfo(): info: [non-CDPL log entry] PWDP send back 'PILOTOK' back to worker id:3 key: saeSession0,1,diff_mode_gain|&/home/argershm/180-voltmeter/Analog/cc/simulation/integrator,tb_main_opamp,schematic/history_1/simulation/diff_mode_gain/PrimeSimSPICE/parametric/results
1757123960.019982: 1904445-7f82bb53d700: cdpl_server_ipc.c:1268: in _sv_ipc_thread(): debug: received RELAY message
1757123960.019989: 1904445-7f82bb53d700: cdpl_server_ipc.c:713: in _sv_on_relay(): debug: RELAY message from W3, size = 19
1757123960.019992: 1904445-7f82bb53d700: cdpl_server_ipc.c:715: in _sv_on_relay(): debug: RELAY message from W3, content = 11$- - - MEASDOING
1757123960.716640: 1904445-7f82bb53d700: cdpl_server_ipc.c:1268: in _sv_ipc_thread(): debug: received RELAY message
1757123960.716660: 1904445-7f82bb53d700: cdpl_server_ipc.c:713: in _sv_on_relay(): debug: RELAY message from W2, size = 78
1757123960.716662: 1904445-7f82bb53d700: cdpl_server_ipc.c:715: in _sv_on_relay(): debug: RELAY message from W2, content = 10$1905439 claws-compute3.ece.ncsu.edu 1907771 FINISHED 1757123958|1757123960
1757123960.716875: 1904445-7f82bb53d700: cdpl_server_ipc.c:1251: in _sv_ipc_thread(): debug: received FINISH message
1757123960.716881: 1904445-7f82bb53d700: cdpl_server_ipc.c:983: in _sv_on_finish(): info: worker W2 completed task T10
1757123960.716883: 1904445-7f82bb53d700: cdpl_server_ipc.c:988: in _sv_on_finish(): debug: stat T10: utime=685 stime=419
1757123960.716885: 1904445-7f82bb53d700: cdpl_server_ipc.c:993: in _sv_on_finish(): debug: statm T10: vsize=3054888 rss=1036424 shared=519920 text=474784 data=710268
1757123960.721664: 1904445-7f82bb53d700: cdpl_server_ipc.c:1268: in _sv_ipc_thread(): debug: received RELAY message
1757123960.721672: 1904445-7f82bb53d700: cdpl_server_ipc.c:713: in _sv_on_relay(): debug: RELAY message from W2, size = 53
1757123960.721674: 1904445-7f82bb53d700: cdpl_server_ipc.c:715: in _sv_on_relay(): debug: RELAY message from W2, content = WORKERDU|12988,/dev/mapper/rhel_claws--compute3-home
1757123960.771986: 1904445-7f82ff910540: cdpl_server.c:227: in _sv_free_task_safe(): debug: freeing task T10
1757123960.792673: 1904445-7f82bb53d700: cdpl_server_ipc.c:1268: in _sv_ipc_thread(): debug: received RELAY message
1757123960.792682: 1904445-7f82bb53d700: cdpl_server_ipc.c:713: in _sv_on_relay(): debug: RELAY message from W1, size = 77
1757123960.792684: 1904445-7f82bb53d700: cdpl_server_ipc.c:715: in _sv_on_relay(): debug: RELAY message from W1, content = 9$1905440 claws-compute3.ece.ncsu.edu 1907770 FINISHED 1757123958|1757123960
1757123960.792900: 1904445-7f82bb53d700: cdpl_server_ipc.c:1251: in _sv_ipc_thread(): debug: received FINISH message
1757123960.792905: 1904445-7f82bb53d700: cdpl_server_ipc.c:983: in _sv_on_finish(): info: worker W1 completed task T9
1757123960.792907: 1904445-7f82bb53d700: cdpl_server_ipc.c:988: in _sv_on_finish(): debug: stat T9: utime=667 stime=441
1757123960.792909: 1904445-7f82bb53d700: cdpl_server_ipc.c:993: in _sv_on_finish(): debug: statm T9: vsize=3054884 rss=1035028 shared=518192 text=474784 data=710264
1757123960.798058: 1904445-7f82bb53d700: cdpl_server_ipc.c:1268: in _sv_ipc_thread(): debug: received RELAY message
1757123960.798068: 1904445-7f82bb53d700: cdpl_server_ipc.c:713: in _sv_on_relay(): debug: RELAY message from W1, size = 53
1757123960.798070: 1904445-7f82bb53d700: cdpl_server_ipc.c:715: in _sv_on_relay(): debug: RELAY message from W1, content = WORKERDU|12988,/dev/mapper/rhel_claws--compute3-home
1757123960.814216: 1904445-7f82bb53d700: cdpl_server_ipc.c:1268: in _sv_ipc_thread(): debug: received RELAY message
1757123960.814224: 1904445-7f82bb53d700: cdpl_server_ipc.c:713: in _sv_on_relay(): debug: RELAY message from W3, size = 78
1757123960.814226: 1904445-7f82bb53d700: cdpl_server_ipc.c:715: in _sv_on_relay(): debug: RELAY message from W3, content = 11$1905441 claws-compute3.ece.ncsu.edu 1907837 FINISHED 1757123958|1757123960
1757123960.814360: 1904445-7f82bb53d700: cdpl_server_ipc.c:1251: in _sv_ipc_thread(): debug: received FINISH message
1757123960.814362: 1904445-7f82bb53d700: cdpl_server_ipc.c:983: in _sv_on_finish(): info: worker W3 completed task T11
1757123960.814364: 1904445-7f82bb53d700: cdpl_server_ipc.c:988: in _sv_on_finish(): debug: stat T11: utime=679 stime=421
1757123960.814365: 1904445-7f82bb53d700: cdpl_server_ipc.c:993: in _sv_on_finish(): debug: statm T11: vsize=3054884 rss=1031056 shared=518272 text=474784 data=710264
1757123960.818870: 1904445-7f82bb53d700: cdpl_server_ipc.c:1268: in _sv_ipc_thread(): debug: received RELAY message
1757123960.818873: 1904445-7f82bb53d700: cdpl_server_ipc.c:713: in _sv_on_relay(): debug: RELAY message from W3, size = 53
1757123960.818875: 1904445-7f82bb53d700: cdpl_server_ipc.c:715: in _sv_on_relay(): debug: RELAY message from W3, content = WORKERDU|12988,/dev/mapper/rhel_claws--compute3-home
1757123960.871418: 1904445-7f82ff910540: cdpl_server.c:227: in _sv_free_task_safe(): debug: freeing task T9
1757123960.882889: 1904445-7f82ff910540: cdpl_server.c:227: in _sv_free_task_safe(): debug: freeing task T11
1757123980.785489: 1904445-7f82ba53b700: cdpl_ipc.c:775: in _readv(): warning: read(): EOF
1757123980.785512: 1904445-7f82bbd3e700: cdpl_ipc.c:775: in _readv(): warning: read(): EOF
1757123980.785536: 1904445-7f82ba53b700: cdpl_ipc.c:2100: in _epoll_recv(): debug: _readv(): Broken pipe
1757123980.785540: 1904445-7f82ba53b700: cdpl_ipc.c:2424: in _epoll_main(): debug: _epoll_recv(): Broken pipe
1757123980.785544: 1904445-7f82ba53b700: cdpl_ipc.c:1657: in _host_drop__UNSAFE(): debug: dropping host `152.14.98.53:44021'
1757123980.785548: 1904445-7f82bbd3e700: cdpl_ipc.c:2100: in _epoll_recv(): debug: _readv(): Broken pipe
1757123980.785551: 1904445-7f82bbd3e700: cdpl_ipc.c:2424: in _epoll_main(): debug: _epoll_recv(): Broken pipe
1757123980.785556: 1904445-7f82bbd3e700: cdpl_ipc.c:1657: in _host_drop__UNSAFE(): debug: dropping host `152.14.98.53:60776'
1757123980.785616: 1904445-7f82b9d3a700: cdpl_monitor.c:290: in mn_listen(): debug: received DROP message
1757123980.785641: 1904445-7f82b9d3a700: cdpl_ipc.c:2513: in cdpl_ipc_host_release(): debug: releasing host `152.14.98.53:44021'
1757123980.785644: 1904445-7f82bb53d700: cdpl_server_ipc.c:1236: in _sv_ipc_thread(): debug: received DROP notification
1757123980.785665: 1904445-7f82bb53d700: cdpl_server_sched.c:2796: in _sv_record_crashed_worker(): debug: dropping worker W2
1757123980.785667: 1904445-7f82bb53d700: cdpl_server_ipc.c:188: in _sv_on_drop_worker(): debug: down to 2 live workers in B1
1757123980.785678: 1904445-7f82aaffd700: cdpl_server_sched.c:750: in _empty_trash(): debug: freeing worker W2 while emptying trash list for bin B1
1757123980.785693: 1904445-7f82aaffd700: cdpl_farm.c:4152: in cdpl_farm_dismiss(): debug: down to 2 running processes
1757123980.785704: 1904445-7f82aaffd700: cdpl_server_sched.c:121: in _free_worker_2(): debug: freeing worker W2
1757123980.785712: 1904445-7f82aaffd700: cdpl_ipc.c:2513: in cdpl_ipc_host_release(): debug: releasing host `152.14.98.53:60776'
1757123980.785714: 1904445-7f82aaffd700: cdpl_ipc.c:2529: in cdpl_ipc_host_release(): debug: scheduling for immediate release
1757123980.871777: 1904445-7f82ba53b700: cdpl_ipc.c:775: in _readv(): warning: read(): EOF
1757123980.871792: 1904445-7f82ba53b700: cdpl_ipc.c:2100: in _epoll_recv(): debug: _readv(): Broken pipe
1757123980.871796: 1904445-7f82ba53b700: cdpl_ipc.c:2424: in _epoll_main(): debug: _epoll_recv(): Broken pipe
1757123980.871800: 1904445-7f82ba53b700: cdpl_ipc.c:1657: in _host_drop__UNSAFE(): debug: dropping host `152.14.98.53:39573'
1757123980.871805: 1904445-7f82bbd3e700: cdpl_ipc.c:775: in _readv(): warning: read(): EOF
1757123980.871817: 1904445-7f82bbd3e700: cdpl_ipc.c:2100: in _epoll_recv(): debug: _readv(): Broken pipe
1757123980.871820: 1904445-7f82bbd3e700: cdpl_ipc.c:2424: in _epoll_main(): debug: _epoll_recv(): Broken pipe
1757123980.871823: 1904445-7f82bbd3e700: cdpl_ipc.c:1657: in _host_drop__UNSAFE(): debug: dropping host `152.14.98.53:60800'
1757123980.871841: 1904445-7f82ba53b700: cdpl_ipc.c:1582: in _host_free__UNSAFE(): debug: freeing host `152.14.98.53:44021'
1757123980.871844: 1904445-7f82ba53b700: cdpl_ipc.c:1621: in _host_free__UNSAFE(): debug: [0 outq, 0 spR, 0 spW]
1757123980.871853: 1904445-7f82b9d3a700: cdpl_monitor.c:290: in mn_listen(): debug: received DROP message
1757123980.871863: 1904445-7f82bbd3e700: cdpl_ipc.c:1582: in _host_free__UNSAFE(): debug: freeing host `152.14.98.53:60776'
1757123980.871867: 1904445-7f82bbd3e700: cdpl_ipc.c:1621: in _host_free__UNSAFE(): debug: [0 outq, 0 spR, 0 spW]
1757123980.871869: 1904445-7f82b9d3a700: cdpl_ipc.c:2513: in cdpl_ipc_host_release(): debug: releasing host `152.14.98.53:39573'
1757123980.872115: 1904445-7f82bb53d700: cdpl_server_ipc.c:1236: in _sv_ipc_thread(): debug: received DROP notification
1757123980.872132: 1904445-7f82bb53d700: cdpl_server_sched.c:2796: in _sv_record_crashed_worker(): debug: dropping worker W1
1757123980.872134: 1904445-7f82bb53d700: cdpl_server_ipc.c:188: in _sv_on_drop_worker(): debug: down to 1 live workers in B1
1757123980.872150: 1904445-7f82aaffd700: cdpl_server_sched.c:750: in _empty_trash(): debug: freeing worker W1 while emptying trash list for bin B1
1757123980.872155: 1904445-7f82aaffd700: cdpl_farm.c:4152: in cdpl_farm_dismiss(): debug: down to 1 running processes
1757123980.872157: 1904445-7f82aaffd700: cdpl_server_sched.c:121: in _free_worker_2(): debug: freeing worker W1
1757123980.872159: 1904445-7f82aaffd700: cdpl_ipc.c:2513: in cdpl_ipc_host_release(): debug: releasing host `152.14.98.53:60800'
1757123980.872161: 1904445-7f82aaffd700: cdpl_ipc.c:2529: in cdpl_ipc_host_release(): debug: scheduling for immediate release
1757123980.883555: 1904445-7f82ba53b700: cdpl_ipc.c:775: in _readv(): warning: read(): EOF
1757123980.883566: 1904445-7f82ba53b700: cdpl_ipc.c:2100: in _epoll_recv(): debug: _readv(): Broken pipe
1757123980.883568: 1904445-7f82ba53b700: cdpl_ipc.c:2424: in _epoll_main(): debug: _epoll_recv(): Broken pipe
1757123980.883574: 1904445-7f82ba53b700: cdpl_ipc.c:1657: in _host_drop__UNSAFE(): debug: dropping host `152.14.98.53:44939'
1757123980.883581: 1904445-7f82bbd3e700: cdpl_ipc.c:775: in _readv(): warning: read(): EOF
1757123980.883588: 1904445-7f82bbd3e700: cdpl_ipc.c:2100: in _epoll_recv(): debug: _readv(): Broken pipe
1757123980.883591: 1904445-7f82bbd3e700: cdpl_ipc.c:2424: in _epoll_main(): debug: _epoll_recv(): Broken pipe
1757123980.883594: 1904445-7f82bbd3e700: cdpl_ipc.c:1657: in _host_drop__UNSAFE(): debug: dropping host `152.14.98.53:60792'
1757123980.883605: 1904445-7f82ba53b700: cdpl_ipc.c:1582: in _host_free__UNSAFE(): debug: freeing host `152.14.98.53:39573'
1757123980.883608: 1904445-7f82ba53b700: cdpl_ipc.c:1621: in _host_free__UNSAFE(): debug: [0 outq, 0 spR, 0 spW]
1757123980.883614: 1904445-7f82b9d3a700: cdpl_monitor.c:290: in mn_listen(): debug: received DROP message
1757123980.883626: 1904445-7f82b9d3a700: cdpl_ipc.c:2513: in cdpl_ipc_host_release(): debug: releasing host `152.14.98.53:44939'
1757123980.883632: 1904445-7f82bbd3e700: cdpl_ipc.c:1582: in _host_free__UNSAFE(): debug: freeing host `152.14.98.53:60800'
1757123980.883635: 1904445-7f82bbd3e700: cdpl_ipc.c:1621: in _host_free__UNSAFE(): debug: [0 outq, 0 spR, 0 spW]
1757123980.883642: 1904445-7f82bb53d700: cdpl_server_ipc.c:1236: in _sv_ipc_thread(): debug: received DROP notification
1757123980.883647: 1904445-7f82bb53d700: cdpl_server_sched.c:2796: in _sv_record_crashed_worker(): debug: dropping worker W3
1757123980.883649: 1904445-7f82bb53d700: cdpl_server_ipc.c:188: in _sv_on_drop_worker(): debug: down to 0 live workers in B1
1757123980.883658: 1904445-7f82aaffd700: cdpl_server_sched.c:750: in _empty_trash(): debug: freeing worker W3 while emptying trash list for bin B1
1757123980.883662: 1904445-7f82aaffd700: cdpl_farm.c:4152: in cdpl_farm_dismiss(): debug: down to 0 running processes
1757123980.883664: 1904445-7f82aaffd700: cdpl_server_sched.c:121: in _free_worker_2(): debug: freeing worker W3
1757123980.883666: 1904445-7f82aaffd700: cdpl_ipc.c:2513: in cdpl_ipc_host_release(): debug: releasing host `152.14.98.53:60792'
1757123980.883668: 1904445-7f82aaffd700: cdpl_ipc.c:2529: in cdpl_ipc_host_release(): debug: scheduling for immediate release
1757123983.482971: 1904445-7f82bbd3e700: cdpl_ipc.c:1582: in _host_free__UNSAFE(): debug: freeing host `152.14.98.53:60792'
1757123983.482994: 1904445-7f82bbd3e700: cdpl_ipc.c:1621: in _host_free__UNSAFE(): debug: [0 outq, 0 spR, 0 spW]
1757123983.482997: 1904445-7f82ba53b700: cdpl_ipc.c:1582: in _host_free__UNSAFE(): debug: freeing host `152.14.98.53:44939'
1757123983.483010: 1904445-7f82ba53b700: cdpl_ipc.c:1621: in _host_free__UNSAFE(): debug: [0 outq, 0 spR, 0 spW]
1757124004.592070: 1904445-7f82aa7fc700: cdpl_farm.c:2173: in _schedule(): debug: idle
1757124021.227980: 1904445-7f82b8d38700: cdpl_compat_master.c:5971: in cdplMasterLogWarning(): warning: [non-CDPL log entry] PWDP: master does not receive message over 60 seconds!
1757124064.589255: 1904445-7f82b8d38700: cdpl_compat_master.c:5948: in cdplMasterLogInfo(): info: [non-CDPL log entry] PWDP: message receiver is alive.
1757124064.592206: 1904445-7f82aa7fc700: cdpl_farm.c:2173: in _schedule(): debug: idle
1757124066.802045: 1904445-7f82abfff700: cdpl_compat_master.c:5948: in cdplMasterLogInfo(): info: [non-CDPL log entry] PWDP: master status watchdog is alive.
1757124081.652326: 1904445-7f82b8d38700: cdpl_compat_master.c:5971: in cdplMasterLogWarning(): warning: [non-CDPL log entry] PWDP: master does not receive message over 60 seconds!
1757124124.592333: 1904445-7f82aa7fc700: cdpl_farm.c:2173: in _schedule(): debug: idle
1757124142.101517: 1904445-7f82b8d38700: cdpl_compat_master.c:5971: in cdplMasterLogWarning(): warning: [non-CDPL log entry] PWDP: master does not receive message over 60 seconds!
1757124184.592478: 1904445-7f82aa7fc700: cdpl_farm.c:2173: in _schedule(): debug: idle
1757124185.529290: 1904445-7f82b8d38700: cdpl_compat_master.c:5948: in cdplMasterLogInfo(): info: [non-CDPL log entry] PWDP: message receiver is alive.
1757124187.812614: 1904445-7f82abfff700: cdpl_compat_master.c:5948: in cdplMasterLogInfo(): info: [non-CDPL log entry] PWDP: master status watchdog is alive.
1757124202.635839: 1904445-7f82b8d38700: cdpl_compat_master.c:5971: in cdplMasterLogWarning(): warning: [non-CDPL log entry] PWDP: master does not receive message over 60 seconds!
1757124239.817255: 1904445-7f82ff910540: cdpl_server.c:3008: in cdpl_sv_halt_job_errno(): info: killing job J1
1757124239.817296: 1904445-7f82ff910540: cdpl_server.c:3044: in cdpl_sv_halt_job_errno(): debug: signal bin B1 scheduler to stop
1757124239.817312: 1904445-7f82aaffd700: cdpl_server_sched.c:2484: in _sv_scheduler_thread(): debug: scheduler for bin B1 stopped
1757124239.817352: 1904445-7f82ff910540: cdpl_server.c:294: in _sv_free_job(): info: freeing job J1
1757124239.817355: 1904445-7f82ff910540: cdpl_server.c:92: in _sv_free_bin(): debug: freeing bin B1
1757124239.817401: 1904445-7f82ff910540: cdpl_monitor.c:515: in cdpl_mn_kill(): info: killing monitor
1757124239.817409: 1904445-7f82ff910540: cdpl_ipc.c:3677: in cdpl_ipc_kill(): debug: stopping event server
1757124239.817427: 1904445-7f82ba53b700: cdpl_ipc.c:2460: in _epoll_main(): debug: server going down...
1757124239.817451: 1904445-7f82bbd3e700: cdpl_ipc.c:775: in _readv(): warning: read(): EOF
1757124239.817467: 1904445-7f82bbd3e700: cdpl_ipc.c:2100: in _epoll_recv(): debug: _readv(): Broken pipe
1757124239.817470: 1904445-7f82bbd3e700: cdpl_ipc.c:2424: in _epoll_main(): debug: _epoll_recv(): Broken pipe
1757124239.817474: 1904445-7f82bbd3e700: cdpl_ipc.c:1657: in _host_drop__UNSAFE(): debug: dropping host `152.14.98.53:60770'
1757124239.817518: 1904445-7f82bb53d700: cdpl_server_ipc.c:1236: in _sv_ipc_thread(): debug: received DROP notification
1757124239.817525: 1904445-7f82bb53d700: cdpl_monitor.c:1269: in cdpl_mn_drop(): debug: detaching from monitor `152.14.98.53:60770'
1757124239.817529: 1904445-7f82bb53d700: cdpl_monitor.c:1101: in mn_systat_stop(): debug: joining systat thread
1757124239.817605: 1904445-7f82b9539700: cdpl_monitor.c:1079: in mn_systat(): debug: exiting
1757124239.817616: 1904445-7f82bb53d700: cdpl_monitor.c:1103: in mn_systat_stop(): debug: systat thread done
1757124239.817621: 1904445-7f82bb53d700: cdpl_ipc.c:2513: in cdpl_ipc_host_release(): debug: releasing host `152.14.98.53:60770'
1757124239.817815: 1904445-7f82bad3c700: cdpl_ipc.c:3728: in cdpl_ipc_free(): debug: releasing IPC handle
1757124239.817820: 1904445-7f82bad3c700: cdpl_ipc.c:1582: in _host_free__UNSAFE(): debug: freeing host `152.14.98.53:42435'
1757124239.817822: 1904445-7f82bad3c700: cdpl_ipc.c:1621: in _host_free__UNSAFE(): debug: [0 outq, 0 spR, 0 spW]
1757124239.817831: 1904445-7f82bad3c700: cdpl_ipc.c:3756: in cdpl_ipc_free(): warning: 1 host(s) were not released
1757124239.817842: 1904445-7f82bad3c700: cdpl_ipc.c:3767: in cdpl_ipc_free(): debug: done
1757124239.817851: 1904445-7f82bad3c700: cdpl_monitor.c:1390: in cdpl_mn_free(): debug: freeing monitor client
1757124239.817929: 1904445-7f82ff910540: cdpl_farm.c:2740: in cdpl_farm_free(): info: freeing farm
1757124239.817960: 1904445-7f82aa7fc700: cdpl_farm.c:2231: in _schedule(): debug: end of idling
1757124239.817975: 1904445-7f82aa7fc700: cdpl_farm.c:2235: in _schedule(): debug: dying
1757124239.818030: 1904445-7f82ff910540: cdpl_farm.c:913: in _killall(): debug: killing all remaining commands
1757124239.818042: 1904445-7f82ff910540: cdpl_server.c:3144: in cdpl_sv_free(): info: freeing server S1585180074
1757124239.818055: 1904445-7f82ff910540: cdpl_server.c:3109: in cdpl_sv_kill_errno(): info: killing server
1757124239.818057: 1904445-7f82ff910540: cdpl_ipc.c:3677: in cdpl_ipc_kill(): debug: stopping event server
1757124239.818067: 1904445-7f82bb53d700: cdpl_server_ipc.c:1200: in _sv_ipc_thread(): debug: leaving now
1757124239.818074: 1904445-7f82ff910540: cdpl_server.c:334: in _sv_free_master(): info: freeing master M1
1757124239.818078: 1904445-7f82bbd3e700: cdpl_ipc.c:2460: in _epoll_main(): debug: server going down...
1757124239.818086: 1904445-7f82ff910540: cdpl_hash.c:68: in cdpl_h_destroy(): debug: put operations: 3
1757124239.818088: 1904445-7f82ff910540: cdpl_hash.c:69: in cdpl_h_destroy(): debug: put collisions: 0
1757124239.818090: 1904445-7f82ff910540: cdpl_hash.c:70: in cdpl_h_destroy(): debug: get operations: 12
1757124239.818091: 1904445-7f82ff910540: cdpl_hash.c:71: in cdpl_h_destroy(): debug: get iterations: 12
1757124239.818099: 1904445-7f82ff910540: cdpl_monitor.c:1390: in cdpl_mn_free(): debug: freeing monitor server
1757124239.818101: 1904445-7f82ff910540: cdpl_ipc.c:3728: in cdpl_ipc_free(): debug: releasing IPC handle
1757124239.818103: 1904445-7f82ff910540: cdpl_ipc.c:1582: in _host_free__UNSAFE(): debug: freeing host `152.14.98.53:60770'
1757124239.818105: 1904445-7f82ff910540: cdpl_ipc.c:1621: in _host_free__UNSAFE(): debug: [0 outq, 0 spR, 0 spW]
1757124239.818145: 1904445-7f82ff910540: cdpl_ipc.c:3767: in cdpl_ipc_free(): debug: done
1757124239.818150: 1904445-7f82ff910540: cdpl_log.c:481: in cdpl_log_close(): info: @@end_of_log@@
