[19:03:02.74] /o 
              /c                                    pw_worker™ 
              /c 
              /c                Version W-2024.09-SP1-2 for linux64 - Jan 15, 2025
              /c              Based on Custom Infrastructure
              /c Version W-2024.09-SP1-2
              /c 
              /c                     Copyright (c) 2004 - 2025 Synopsys, Inc.
              /c    This software and the associated documentation are proprietary to Synopsys,
              /c  Inc. This software may only be used in accordance with the terms and conditions
              /c  of a written license agreement with Synopsys, Inc. All other use, reproduction,
              /c    or distribution of this software is strictly prohibited.  Licensed Products
              /c      communicate with Synopsys servers for the purpose of providing software
              /c     updates, detecting software piracy and verifying that customers are using
              /c     Licensed Products in conformity with the applicable License Key for such
              /c   Licensed Products. Synopsys will use information gathered in connection with
              /c     this process to deliver software updates and pursue software pirates and
              /c                                    infringers.
              /c 
              /c  Inclusivity & Diversity - Visit SolvNetPlus to read the "Synopsys Statement on
              /c             Inclusivity and Diversity" (Refer to article 000036315 at
              /c                         https://solvnetplus.synopsys.com)
              /c 
              /c Build  (OPT) Config 11252589 compiled on Wed Jan 15 11:01:36 2025 for AlmaLinux 8.4
              /c Invocation: /mnt/apps/public/COE/synopsys_apps/primewave/W-2024.09-SP1-2/linux64/platform/bin/custom_shell -application pw_worker -gui 0 -localDir /home/argershm/180-voltmeter/Analog/cc/synopsys_custom/pwdp_jobs/saeSession4_diffmodegain.SimulationSimulation_cdpl.0.3012351/logs/w3
              /c Execution time: Sat Sep  6 19:03:01 2025
              /c Host: claws-compute3.ece.ncsu.edu
              /c Working directory: /home/argershm/180-voltmeter/Analog/cc
              /c 
[19:03:07.13] /m Information: Registering ICV PERC package...
[19:03:07.13] /w Warning: Error: "Job group named 'PrimeWave' already exists under this parent." (IPC-100)
[19:03:07.37] /o #####New Worker job begin - Self history dir=/home/argershm/180-voltmeter/Analog/cc/simulation/integrator,tb_main_opamp,schematic
[19:03:07.57] /o source /home/argershm/180-voltmeter/Analog/cc/synopsys_custom/pwdp_jobs/saeSession4_diffmodegain.SimulationSimulation_cdpl.0.3012351/ccFile.tcl OK
[19:03:07.57] /o LibDefs : /home/argershm/180-voltmeter/Analog/cc/lib.defs
[19:03:07.80] /o new worker create session at loading state!
[19:03:07.80] /o history_1
[19:03:07.84] /m Information: Info: Waveform format selected is PSF. Synopsys recommends using the WDF format with the <HSPICE/FineSim> simulator.
              /c WDF is an optimal format that improves viewing performance and reduces disk usage while PSF is a 3rd party format and support "as-is".
              /c To change the format, open the Setup -> Environment menu and select the WDF format. (PW-642)
[19:03:08.02] /o Loading: Callback files...
[19:03:08.02] /o 
              /c [INFO] : Loading display.tcl from /mnt/designkits/gf180MCU/dk_ncsu/gf180mcu_cc_0.1/Models_HSPICE
              /c 
              /c  if you wish to Load other display.tcl, please set shell environment valiable "iPDK_load_display_gf180mcu" to value = 0
[19:03:08.02] /o 
[19:03:08.07] /w Warning: Could not set the value of preference xtEMIRLPEStarTcadGrdFile because it does not exist. (PREFERENCE-016)
[19:03:08.07] /o 	#######################################
[19:03:08.07] /o 	CC-PDK Library Name	: gf180MCU Open
[19:03:08.07] /o 	#######################################
[19:03:08.07] /o 
[19:03:08.18] /o source /home/argershm/180-voltmeter/Analog/cc/simulation/integrator,tb_main_opamp,schematic/history_1/.nw_preference_script.tcl OK!
[19:03:08.18] /o DSPF Options: {hierDelim==|}||{termDelim==:}||{fingerChar==@}||{multiplierString==_nettran_}||{aggregateCurrent==1}||{MOSTermNames==d g s b}||{MOSTermOrder==D G S B}||{MOSTermDspfNames==DRC GATE SRC BULK}||{firstChars==XM}||{probeHierDelim==/}||{caseSensitive==1}||{firstChar==M}||{hierPrefix==X}||{nodePrefix==M}||{plotTermVoltageForNet==0}||{mapNetToMosTerminal==}||{mapSlashDelimToDot==1}||{probePortCurrent==1}||{busBit==[]}||{removeNodePrefix==1}||{nlConDelim==.}||{mosModelType==auto}||{keepSchName==0}
[19:03:08.18] /o _workerLoadStateAction done!
[19:03:08.21] /o pw_worker _createCalculateEngine got job!
[19:03:08.21] /o pw_worker _createCalculateEngine OK!
[19:03:08.22] /o _getSimulationDetails : 
[19:03:08.22] /o tbName=diff_mode_gain, Mtb=0
[19:03:08.22] /o Got stb tb ok!
[19:03:08.22] /o Self resultsDir: ./simulation
[19:03:08.22] /o Self databaseDir: /home/argershm/180-voltmeter/Analog/cc/simulation/integrator,tb_main_opamp,schematic/history_1/simulation/diff_mode_gain/PrimeSimSPICE/parametric/results
[19:03:08.22] /o source /mnt/apps/public/COE/synopsys_apps/primewave/W-2024.09-SP1-2/auxx/sae/matlab_script.tcl OK
[19:03:08.38] /o _createResultsMap done!
[19:03:08.39] /o ###write_child - resultsDir=/home/argershm/180-voltmeter/Analog/cc/simulation/integrator,tb_main_opamp,schematic/history_1/simulation/diff_mode_gain/PrimeSimSPICE/parametric/L=1u/results
              /c  masterResultsDir=/home/argershm/180-voltmeter/Analog/cc/simulation/integrator,tb_main_opamp,schematic/history_1/simulation/diff_mode_gain/PrimeSimSPICE/parametric/results
              /c  databaseDir=/home/argershm/180-voltmeter/Analog/cc/simulation/integrator,tb_main_opamp,schematic/history_1/simulation/diff_mode_gain/PrimeSimSPICE/parametric/results
              /c  UniqueName=saeSession4, isPilot=true
[19:03:08.39] /o 
[19:03:08.45] /o pw_worker child CE begin!
[19:03:08.46] /o ###write_master - histName=history_1 masterResultsDir=/home/argershm/180-voltmeter/Analog/cc/simulation/integrator,tb_main_opamp,schematic/history_1/simulation/diff_mode_gain/PrimeSimSPICE/parametric/results
              /c  incompleteType=, resultsDirectory=./simulation
[19:03:08.46] /o 
[19:03:08.53] /o pw_worker invokes measurement finished.
[19:03:08.53] /o pw_worker writeSimMap finsied.
[19:03:08.53] /o _simulationDoneAction done without exception!
[19:03:08.84] /o New Worker New CE ready proc entered.
[19:03:09.22] /o Got file /home/argershm/180-voltmeter/Analog/cc/simulation/integrator,tb_main_opamp,schematic/history_1/simulation/diff_mode_gain/PrimeSimSPICE/parametric/L=1u/results/.ceFinished
[19:03:09.43] /o touch /home/argershm/180-voltmeter/Analog/cc/simulation/integrator,tb_main_opamp,schematic/history_1/simulation/diff_mode_gain/PrimeSimSPICE/parametric/L=1u/results/.unitedSimFinished
[19:03:09.43] /o Calc Job Done!
[19:03:09.43] /o New Worker New CE exit
[19:03:09.53] /o touch pilot meas done flag file: /home/argershm/180-voltmeter/Analog/cc/simulation/integrator,tb_main_opamp,schematic/history_1/simulation/diff_mode_gain/PrimeSimSPICE/parametric/results/.pw_nw_meas_done
[19:03:09.55] /o #####New Worker job begin - Self history dir=/home/argershm/180-voltmeter/Analog/cc/simulation/integrator,tb_main_opamp,schematic
[19:03:09.68] /o pw_worker _createCalculateEngine got job!
[19:03:09.68] /o pw_worker _createCalculateEngine OK!
[19:03:10.99] /o New Worker New CE ready proc entered.
[19:03:11.16] /o _getSimulationDetails : 
[19:03:11.16] /o tbName=diff_mode_gain, Mtb=0
[19:03:11.16] /o Got stb tb ok!
[19:03:11.16] /o Self resultsDir: ./simulation
[19:03:11.16] /o Self databaseDir: /home/argershm/180-voltmeter/Analog/cc/simulation/integrator,tb_main_opamp,schematic/history_1/simulation/diff_mode_gain/PrimeSimSPICE/parametric/results
[19:03:11.28] /o _createResultsMap done!
[19:03:11.28] /o ###write_child - resultsDir=/home/argershm/180-voltmeter/Analog/cc/simulation/integrator,tb_main_opamp,schematic/history_1/simulation/diff_mode_gain/PrimeSimSPICE/parametric/L=1.2u/results
              /c  masterResultsDir=/home/argershm/180-voltmeter/Analog/cc/simulation/integrator,tb_main_opamp,schematic/history_1/simulation/diff_mode_gain/PrimeSimSPICE/parametric/results
              /c  databaseDir=/home/argershm/180-voltmeter/Analog/cc/simulation/integrator,tb_main_opamp,schematic/history_1/simulation/diff_mode_gain/PrimeSimSPICE/parametric/results
              /c  UniqueName=saeSession4, isPilot=false
[19:03:11.28] /o 
[19:03:11.30] /o pw_worker child CE begin!
[19:03:11.30] /o pw_worker invokes measurement finished.
[19:03:11.30] /o pw_worker writeSimMap finsied.
[19:03:11.30] /o _simulationDoneAction done without exception!
[19:03:11.40] /o Got file /home/argershm/180-voltmeter/Analog/cc/simulation/integrator,tb_main_opamp,schematic/history_1/simulation/diff_mode_gain/PrimeSimSPICE/parametric/L=1.2u/results/.ceFinished
[19:03:11.70] /o touch /home/argershm/180-voltmeter/Analog/cc/simulation/integrator,tb_main_opamp,schematic/history_1/simulation/diff_mode_gain/PrimeSimSPICE/parametric/L=1.2u/results/.unitedSimFinished
[19:03:11.70] /o Calc Job Done!
[19:03:11.70] /o New Worker New CE exit
[19:03:11.88] /o #####New Worker job begin - Self history dir=/home/argershm/180-voltmeter/Analog/cc/simulation/integrator,tb_main_opamp,schematic
[19:03:12.01] /o pw_worker _createCalculateEngine got job!
[19:03:12.01] /o pw_worker _createCalculateEngine OK!
[19:03:13.22] /o New Worker New CE ready proc entered.
[19:03:13.39] /o _getSimulationDetails : 
[19:03:13.39] /o tbName=diff_mode_gain, Mtb=0
[19:03:13.39] /o Got stb tb ok!
[19:03:13.39] /o Self resultsDir: ./simulation
[19:03:13.39] /o Self databaseDir: /home/argershm/180-voltmeter/Analog/cc/simulation/integrator,tb_main_opamp,schematic/history_1/simulation/diff_mode_gain/PrimeSimSPICE/parametric/results
[19:03:13.47] /o _createResultsMap done!
[19:03:13.47] /o ###write_child - resultsDir=/home/argershm/180-voltmeter/Analog/cc/simulation/integrator,tb_main_opamp,schematic/history_1/simulation/diff_mode_gain/PrimeSimSPICE/parametric/L=1.7u/results
              /c  masterResultsDir=/home/argershm/180-voltmeter/Analog/cc/simulation/integrator,tb_main_opamp,schematic/history_1/simulation/diff_mode_gain/PrimeSimSPICE/parametric/results
              /c  databaseDir=/home/argershm/180-voltmeter/Analog/cc/simulation/integrator,tb_main_opamp,schematic/history_1/simulation/diff_mode_gain/PrimeSimSPICE/parametric/results
              /c  UniqueName=saeSession4, isPilot=false
[19:03:13.47] /o 
[19:03:13.48] /o pw_worker child CE begin!
[19:03:13.48] /o pw_worker invokes measurement finished.
[19:03:13.48] /o pw_worker writeSimMap finsied.
[19:03:13.48] /o _simulationDoneAction done without exception!
[19:03:13.58] /o Got file /home/argershm/180-voltmeter/Analog/cc/simulation/integrator,tb_main_opamp,schematic/history_1/simulation/diff_mode_gain/PrimeSimSPICE/parametric/L=1.7u/results/.ceFinished
[19:03:13.89] /o touch /home/argershm/180-voltmeter/Analog/cc/simulation/integrator,tb_main_opamp,schematic/history_1/simulation/diff_mode_gain/PrimeSimSPICE/parametric/L=1.7u/results/.unitedSimFinished
[19:03:13.89] /o Calc Job Done!
[19:03:13.89] /o New Worker New CE exit
[19:03:14.07] /o #####New Worker job begin - Self history dir=/home/argershm/180-voltmeter/Analog/cc/simulation/integrator,tb_main_opamp,schematic
[19:03:14.20] /o pw_worker _createCalculateEngine got job!
[19:03:14.20] /o pw_worker _createCalculateEngine OK!
[19:03:15.41] /o New Worker New CE ready proc entered.
[19:03:15.58] /o _getSimulationDetails : 
[19:03:15.58] /o tbName=diff_mode_gain, Mtb=0
[19:03:15.58] /o Got stb tb ok!
[19:03:15.58] /o Self resultsDir: ./simulation
[19:03:15.58] /o Self databaseDir: /home/argershm/180-voltmeter/Analog/cc/simulation/integrator,tb_main_opamp,schematic/history_1/simulation/diff_mode_gain/PrimeSimSPICE/parametric/results
[19:03:15.68] /o _createResultsMap done!
[19:03:15.69] /o ###write_child - resultsDir=/home/argershm/180-voltmeter/Analog/cc/simulation/integrator,tb_main_opamp,schematic/history_1/simulation/diff_mode_gain/PrimeSimSPICE/parametric/L=1.8u/results
              /c  masterResultsDir=/home/argershm/180-voltmeter/Analog/cc/simulation/integrator,tb_main_opamp,schematic/history_1/simulation/diff_mode_gain/PrimeSimSPICE/parametric/results
              /c  databaseDir=/home/argershm/180-voltmeter/Analog/cc/simulation/integrator,tb_main_opamp,schematic/history_1/simulation/diff_mode_gain/PrimeSimSPICE/parametric/results
              /c  UniqueName=saeSession4, isPilot=false
[19:03:15.69] /o 
[19:03:15.70] /o pw_worker child CE begin!
[19:03:15.70] /o pw_worker invokes measurement finished.
[19:03:15.70] /o pw_worker writeSimMap finsied.
[19:03:15.70] /o _simulationDoneAction done without exception!
[19:03:15.80] /o Got file /home/argershm/180-voltmeter/Analog/cc/simulation/integrator,tb_main_opamp,schematic/history_1/simulation/diff_mode_gain/PrimeSimSPICE/parametric/L=1.8u/results/.ceFinished
[19:03:16.10] /o touch /home/argershm/180-voltmeter/Analog/cc/simulation/integrator,tb_main_opamp,schematic/history_1/simulation/diff_mode_gain/PrimeSimSPICE/parametric/L=1.8u/results/.unitedSimFinished
[19:03:16.10] /o Calc Job Done!
[19:03:16.10] /o New Worker New CE exit
[19:03:16.28] /o #####New Worker job begin - Self history dir=/home/argershm/180-voltmeter/Analog/cc/simulation/integrator,tb_main_opamp,schematic
[19:03:16.40] /o pw_worker _createCalculateEngine got job!
[19:03:16.40] /o pw_worker _createCalculateEngine OK!
[19:03:17.61] /o New Worker New CE ready proc entered.
[19:03:17.77] /o _getSimulationDetails : 
[19:03:17.77] /o tbName=diff_mode_gain, Mtb=0
[19:03:17.77] /o Got stb tb ok!
[19:03:17.77] /o Self resultsDir: ./simulation
[19:03:17.77] /o Self databaseDir: /home/argershm/180-voltmeter/Analog/cc/simulation/integrator,tb_main_opamp,schematic/history_1/simulation/diff_mode_gain/PrimeSimSPICE/parametric/results
[19:03:17.87] /o _createResultsMap done!
[19:03:17.87] /o ###write_child - resultsDir=/home/argershm/180-voltmeter/Analog/cc/simulation/integrator,tb_main_opamp,schematic/history_1/simulation/diff_mode_gain/PrimeSimSPICE/parametric/L=2.1u/results
              /c  masterResultsDir=/home/argershm/180-voltmeter/Analog/cc/simulation/integrator,tb_main_opamp,schematic/history_1/simulation/diff_mode_gain/PrimeSimSPICE/parametric/results
              /c  databaseDir=/home/argershm/180-voltmeter/Analog/cc/simulation/integrator,tb_main_opamp,schematic/history_1/simulation/diff_mode_gain/PrimeSimSPICE/parametric/results
              /c  UniqueName=saeSession4, isPilot=false
[19:03:17.87] /o 
[19:03:17.88] /o pw_worker child CE begin!
[19:03:17.88] /o pw_worker invokes measurement finished.
[19:03:17.88] /o pw_worker writeSimMap finsied.
[19:03:17.88] /o _simulationDoneAction done without exception!
[19:03:17.98] /o Got file /home/argershm/180-voltmeter/Analog/cc/simulation/integrator,tb_main_opamp,schematic/history_1/simulation/diff_mode_gain/PrimeSimSPICE/parametric/L=2.1u/results/.ceFinished
[19:03:18.29] /o touch /home/argershm/180-voltmeter/Analog/cc/simulation/integrator,tb_main_opamp,schematic/history_1/simulation/diff_mode_gain/PrimeSimSPICE/parametric/L=2.1u/results/.unitedSimFinished
[19:03:18.29] /o Calc Job Done!
[19:03:18.29] /o New Worker New CE exit
[19:03:18.47] /o #####New Worker job begin - Self history dir=/home/argershm/180-voltmeter/Analog/cc/simulation/integrator,tb_main_opamp,schematic
[19:03:18.60] /o pw_worker _createCalculateEngine got job!
[19:03:18.60] /o pw_worker _createCalculateEngine OK!
[19:03:19.81] /o New Worker New CE ready proc entered.
[19:03:19.98] /o _getSimulationDetails : 
[19:03:19.98] /o tbName=diff_mode_gain, Mtb=0
[19:03:19.98] /o Got stb tb ok!
[19:03:19.98] /o Self resultsDir: ./simulation
[19:03:19.98] /o Self databaseDir: /home/argershm/180-voltmeter/Analog/cc/simulation/integrator,tb_main_opamp,schematic/history_1/simulation/diff_mode_gain/PrimeSimSPICE/parametric/results
[19:03:20.08] /o _createResultsMap done!
[19:03:20.08] /o ###write_child - resultsDir=/home/argershm/180-voltmeter/Analog/cc/simulation/integrator,tb_main_opamp,schematic/history_1/simulation/diff_mode_gain/PrimeSimSPICE/parametric/L=2.4u/results
              /c  masterResultsDir=/home/argershm/180-voltmeter/Analog/cc/simulation/integrator,tb_main_opamp,schematic/history_1/simulation/diff_mode_gain/PrimeSimSPICE/parametric/results
              /c  databaseDir=/home/argershm/180-voltmeter/Analog/cc/simulation/integrator,tb_main_opamp,schematic/history_1/simulation/diff_mode_gain/PrimeSimSPICE/parametric/results
              /c  UniqueName=saeSession4, isPilot=false
[19:03:20.08] /o 
[19:03:20.09] /o pw_worker child CE begin!
[19:03:20.10] /o pw_worker invokes measurement finished.
[19:03:20.10] /o pw_worker writeSimMap finsied.
[19:03:20.10] /o _simulationDoneAction done without exception!
[19:03:20.20] /o Got file /home/argershm/180-voltmeter/Analog/cc/simulation/integrator,tb_main_opamp,schematic/history_1/simulation/diff_mode_gain/PrimeSimSPICE/parametric/L=2.4u/results/.ceFinished
[19:03:20.50] /o touch /home/argershm/180-voltmeter/Analog/cc/simulation/integrator,tb_main_opamp,schematic/history_1/simulation/diff_mode_gain/PrimeSimSPICE/parametric/L=2.4u/results/.unitedSimFinished
[19:03:20.50] /o Calc Job Done!
[19:03:20.50] /o New Worker New CE exit
[19:03:20.68] /o #####New Worker job begin - Self history dir=/home/argershm/180-voltmeter/Analog/cc/simulation/integrator,tb_main_opamp,schematic
[19:03:20.81] /o pw_worker _createCalculateEngine got job!
[19:03:20.81] /o pw_worker _createCalculateEngine OK!
[19:03:22.01] /o New Worker New CE ready proc entered.
[19:03:22.21] /o _getSimulationDetails : 
[19:03:22.21] /o tbName=diff_mode_gain, Mtb=0
[19:03:22.21] /o Got stb tb ok!
[19:03:22.21] /o Self resultsDir: ./simulation
[19:03:22.21] /o Self databaseDir: /home/argershm/180-voltmeter/Analog/cc/simulation/integrator,tb_main_opamp,schematic/history_1/simulation/diff_mode_gain/PrimeSimSPICE/parametric/results
[19:03:22.29] /o _createResultsMap done!
[19:03:22.29] /o ###write_child - resultsDir=/home/argershm/180-voltmeter/Analog/cc/simulation/integrator,tb_main_opamp,schematic/history_1/simulation/diff_mode_gain/PrimeSimSPICE/parametric/L=2.9u/results
              /c  masterResultsDir=/home/argershm/180-voltmeter/Analog/cc/simulation/integrator,tb_main_opamp,schematic/history_1/simulation/diff_mode_gain/PrimeSimSPICE/parametric/results
              /c  databaseDir=/home/argershm/180-voltmeter/Analog/cc/simulation/integrator,tb_main_opamp,schematic/history_1/simulation/diff_mode_gain/PrimeSimSPICE/parametric/results
              /c  UniqueName=saeSession4, isPilot=false
[19:03:22.29] /o 
[19:03:22.30] /o pw_worker child CE begin!
[19:03:22.30] /o pw_worker invokes measurement finished.
[19:03:22.30] /o pw_worker writeSimMap finsied.
[19:03:22.30] /o _simulationDoneAction done without exception!
[19:03:22.40] /o Got file /home/argershm/180-voltmeter/Analog/cc/simulation/integrator,tb_main_opamp,schematic/history_1/simulation/diff_mode_gain/PrimeSimSPICE/parametric/L=2.9u/results/.ceFinished
[19:03:22.70] /o touch /home/argershm/180-voltmeter/Analog/cc/simulation/integrator,tb_main_opamp,schematic/history_1/simulation/diff_mode_gain/PrimeSimSPICE/parametric/L=2.9u/results/.unitedSimFinished
[19:03:22.70] /o Calc Job Done!
[19:03:22.70] /o New Worker New CE exit
[19:03:22.88] /o #####New Worker job begin - Self history dir=/home/argershm/180-voltmeter/Analog/cc/simulation/integrator,tb_main_opamp,schematic
[19:03:23.01] /o pw_worker _createCalculateEngine got job!
[19:03:23.01] /o pw_worker _createCalculateEngine OK!
[19:03:24.21] /o New Worker New CE ready proc entered.
[19:03:24.39] /o _getSimulationDetails : 
[19:03:24.39] /o tbName=diff_mode_gain, Mtb=0
[19:03:24.39] /o Got stb tb ok!
[19:03:24.39] /o Self resultsDir: ./simulation
[19:03:24.39] /o Self databaseDir: /home/argershm/180-voltmeter/Analog/cc/simulation/integrator,tb_main_opamp,schematic/history_1/simulation/diff_mode_gain/PrimeSimSPICE/parametric/results
[19:03:24.51] /o _createResultsMap done!
[19:03:24.51] /o ###write_child - resultsDir=/home/argershm/180-voltmeter/Analog/cc/simulation/integrator,tb_main_opamp,schematic/history_1/simulation/diff_mode_gain/PrimeSimSPICE/parametric/L=3.1u/results
              /c  masterResultsDir=/home/argershm/180-voltmeter/Analog/cc/simulation/integrator,tb_main_opamp,schematic/history_1/simulation/diff_mode_gain/PrimeSimSPICE/parametric/results
              /c  databaseDir=/home/argershm/180-voltmeter/Analog/cc/simulation/integrator,tb_main_opamp,schematic/history_1/simulation/diff_mode_gain/PrimeSimSPICE/parametric/results
              /c  UniqueName=saeSession4, isPilot=false
[19:03:24.51] /o 
[19:03:24.52] /o pw_worker child CE begin!
[19:03:24.52] /o pw_worker invokes measurement finished.
[19:03:24.52] /o pw_worker writeSimMap finsied.
[19:03:24.52] /o _simulationDoneAction done without exception!
[19:03:24.62] /o Got file /home/argershm/180-voltmeter/Analog/cc/simulation/integrator,tb_main_opamp,schematic/history_1/simulation/diff_mode_gain/PrimeSimSPICE/parametric/L=3.1u/results/.ceFinished
[19:03:24.93] /o touch /home/argershm/180-voltmeter/Analog/cc/simulation/integrator,tb_main_opamp,schematic/history_1/simulation/diff_mode_gain/PrimeSimSPICE/parametric/L=3.1u/results/.unitedSimFinished
[19:03:24.93] /o Calc Job Done!
[19:03:24.93] /o New Worker New CE exit
[19:03:25.05] /o #####New Worker job begin - Self history dir=/home/argershm/180-voltmeter/Analog/cc/simulation/integrator,tb_main_opamp,schematic
[19:03:25.18] /o pw_worker _createCalculateEngine got job!
[19:03:25.18] /o pw_worker _createCalculateEngine OK!
[19:03:26.39] /o New Worker New CE ready proc entered.
[19:03:26.57] /o _getSimulationDetails : 
[19:03:26.57] /o tbName=diff_mode_gain, Mtb=0
[19:03:26.57] /o Got stb tb ok!
[19:03:26.57] /o Self resultsDir: ./simulation
[19:03:26.57] /o Self databaseDir: /home/argershm/180-voltmeter/Analog/cc/simulation/integrator,tb_main_opamp,schematic/history_1/simulation/diff_mode_gain/PrimeSimSPICE/parametric/results
[19:03:26.67] /o _createResultsMap done!
[19:03:26.68] /o ###write_child - resultsDir=/home/argershm/180-voltmeter/Analog/cc/simulation/integrator,tb_main_opamp,schematic/history_1/simulation/diff_mode_gain/PrimeSimSPICE/parametric/L=3.4u/results
              /c  masterResultsDir=/home/argershm/180-voltmeter/Analog/cc/simulation/integrator,tb_main_opamp,schematic/history_1/simulation/diff_mode_gain/PrimeSimSPICE/parametric/results
              /c  databaseDir=/home/argershm/180-voltmeter/Analog/cc/simulation/integrator,tb_main_opamp,schematic/history_1/simulation/diff_mode_gain/PrimeSimSPICE/parametric/results
              /c  UniqueName=saeSession4, isPilot=false
[19:03:26.68] /o 
[19:03:26.69] /o pw_worker child CE begin!
[19:03:26.69] /o pw_worker invokes measurement finished.
[19:03:26.69] /o pw_worker writeSimMap finsied.
[19:03:26.69] /o _simulationDoneAction done without exception!
[19:03:26.79] /o Got file /home/argershm/180-voltmeter/Analog/cc/simulation/integrator,tb_main_opamp,schematic/history_1/simulation/diff_mode_gain/PrimeSimSPICE/parametric/L=3.4u/results/.ceFinished
[19:03:27.10] /o touch /home/argershm/180-voltmeter/Analog/cc/simulation/integrator,tb_main_opamp,schematic/history_1/simulation/diff_mode_gain/PrimeSimSPICE/parametric/L=3.4u/results/.unitedSimFinished
[19:03:27.10] /o Calc Job Done!
[19:03:27.10] /o New Worker New CE exit
[19:03:27.27] /o #####New Worker job begin - Self history dir=/home/argershm/180-voltmeter/Analog/cc/simulation/integrator,tb_main_opamp,schematic
[19:03:27.40] /o pw_worker _createCalculateEngine got job!
[19:03:27.40] /o pw_worker _createCalculateEngine OK!
[19:03:28.61] /o New Worker New CE ready proc entered.
[19:03:28.79] /o _getSimulationDetails : 
[19:03:28.79] /o tbName=diff_mode_gain, Mtb=0
[19:03:28.79] /o Got stb tb ok!
[19:03:28.79] /o Self resultsDir: ./simulation
[19:03:28.79] /o Self databaseDir: /home/argershm/180-voltmeter/Analog/cc/simulation/integrator,tb_main_opamp,schematic/history_1/simulation/diff_mode_gain/PrimeSimSPICE/parametric/results
[19:03:28.90] /o _createResultsMap done!
[19:03:28.90] /o ###write_child - resultsDir=/home/argershm/180-voltmeter/Analog/cc/simulation/integrator,tb_main_opamp,schematic/history_1/simulation/diff_mode_gain/PrimeSimSPICE/parametric/L=3.6u/results
              /c  masterResultsDir=/home/argershm/180-voltmeter/Analog/cc/simulation/integrator,tb_main_opamp,schematic/history_1/simulation/diff_mode_gain/PrimeSimSPICE/parametric/results
              /c  databaseDir=/home/argershm/180-voltmeter/Analog/cc/simulation/integrator,tb_main_opamp,schematic/history_1/simulation/diff_mode_gain/PrimeSimSPICE/parametric/results
              /c  UniqueName=saeSession4, isPilot=false
[19:03:28.90] /o 
[19:03:28.92] /o pw_worker child CE begin!
[19:03:28.92] /o pw_worker invokes measurement finished.
[19:03:28.92] /o pw_worker writeSimMap finsied.
[19:03:28.92] /o _simulationDoneAction done without exception!
[19:03:29.12] /o Got file /home/argershm/180-voltmeter/Analog/cc/simulation/integrator,tb_main_opamp,schematic/history_1/simulation/diff_mode_gain/PrimeSimSPICE/parametric/L=3.6u/results/.ceFinished
[19:03:29.32] /o touch /home/argershm/180-voltmeter/Analog/cc/simulation/integrator,tb_main_opamp,schematic/history_1/simulation/diff_mode_gain/PrimeSimSPICE/parametric/L=3.6u/results/.unitedSimFinished
[19:03:29.32] /o Calc Job Done!
[19:03:29.32] /o New Worker New CE exit
[19:03:29.44] /o #####New Worker job begin - Self history dir=/home/argershm/180-voltmeter/Analog/cc/simulation/integrator,tb_main_opamp,schematic
[19:03:29.57] /o pw_worker _createCalculateEngine got job!
[19:03:29.57] /o pw_worker _createCalculateEngine OK!
[19:03:30.78] /o New Worker New CE ready proc entered.
[19:03:30.96] /o _getSimulationDetails : 
[19:03:30.96] /o tbName=diff_mode_gain, Mtb=0
[19:03:30.96] /o Got stb tb ok!
[19:03:30.96] /o Self resultsDir: ./simulation
[19:03:30.96] /o Self databaseDir: /home/argershm/180-voltmeter/Analog/cc/simulation/integrator,tb_main_opamp,schematic/history_1/simulation/diff_mode_gain/PrimeSimSPICE/parametric/results
[19:03:31.06] /o _createResultsMap done!
[19:03:31.06] /o ###write_child - resultsDir=/home/argershm/180-voltmeter/Analog/cc/simulation/integrator,tb_main_opamp,schematic/history_1/simulation/diff_mode_gain/PrimeSimSPICE/parametric/L=4u/results
              /c  masterResultsDir=/home/argershm/180-voltmeter/Analog/cc/simulation/integrator,tb_main_opamp,schematic/history_1/simulation/diff_mode_gain/PrimeSimSPICE/parametric/results
              /c  databaseDir=/home/argershm/180-voltmeter/Analog/cc/simulation/integrator,tb_main_opamp,schematic/history_1/simulation/diff_mode_gain/PrimeSimSPICE/parametric/results
              /c  UniqueName=saeSession4, isPilot=false
[19:03:31.06] /o 
[19:03:31.07] /o pw_worker child CE begin!
[19:03:31.07] /o pw_worker invokes measurement finished.
[19:03:31.07] /o pw_worker writeSimMap finsied.
[19:03:31.07] /o _simulationDoneAction done without exception!
[19:03:31.17] /o Got file /home/argershm/180-voltmeter/Analog/cc/simulation/integrator,tb_main_opamp,schematic/history_1/simulation/diff_mode_gain/PrimeSimSPICE/parametric/L=4u/results/.ceFinished
[19:03:31.48] /o touch /home/argershm/180-voltmeter/Analog/cc/simulation/integrator,tb_main_opamp,schematic/history_1/simulation/diff_mode_gain/PrimeSimSPICE/parametric/L=4u/results/.unitedSimFinished
[19:03:31.48] /o Calc Job Done!
[19:03:31.48] /o New Worker New CE exit
[19:03:31.67] /o #####New Worker job begin - Self history dir=/home/argershm/180-voltmeter/Analog/cc/simulation/integrator,tb_main_opamp,schematic
[19:03:31.80] /o pw_worker _createCalculateEngine got job!
[19:03:31.80] /o pw_worker _createCalculateEngine OK!
[19:03:33.01] /o New Worker New CE ready proc entered.
[19:03:33.19] /o _getSimulationDetails : 
[19:03:33.19] /o tbName=diff_mode_gain, Mtb=0
[19:03:33.19] /o Got stb tb ok!
[19:03:33.19] /o Self resultsDir: ./simulation
[19:03:33.19] /o Self databaseDir: /home/argershm/180-voltmeter/Analog/cc/simulation/integrator,tb_main_opamp,schematic/history_1/simulation/diff_mode_gain/PrimeSimSPICE/parametric/results
[19:03:33.28] /o _createResultsMap done!
[19:03:33.28] /o ###write_child - resultsDir=/home/argershm/180-voltmeter/Analog/cc/simulation/integrator,tb_main_opamp,schematic/history_1/simulation/diff_mode_gain/PrimeSimSPICE/parametric/L=4.4u/results
              /c  masterResultsDir=/home/argershm/180-voltmeter/Analog/cc/simulation/integrator,tb_main_opamp,schematic/history_1/simulation/diff_mode_gain/PrimeSimSPICE/parametric/results
              /c  databaseDir=/home/argershm/180-voltmeter/Analog/cc/simulation/integrator,tb_main_opamp,schematic/history_1/simulation/diff_mode_gain/PrimeSimSPICE/parametric/results
              /c  UniqueName=saeSession4, isPilot=false
[19:03:33.28] /o 
[19:03:33.29] /o pw_worker child CE begin!
[19:03:33.29] /o pw_worker invokes measurement finished.
[19:03:33.29] /o pw_worker writeSimMap finsied.
[19:03:33.29] /o _simulationDoneAction done without exception!
[19:03:33.39] /o Got file /home/argershm/180-voltmeter/Analog/cc/simulation/integrator,tb_main_opamp,schematic/history_1/simulation/diff_mode_gain/PrimeSimSPICE/parametric/L=4.4u/results/.ceFinished
[19:03:33.70] /o touch /home/argershm/180-voltmeter/Analog/cc/simulation/integrator,tb_main_opamp,schematic/history_1/simulation/diff_mode_gain/PrimeSimSPICE/parametric/L=4.4u/results/.unitedSimFinished
[19:03:33.70] /o Calc Job Done!
[19:03:33.70] /o New Worker New CE exit
[19:03:33.87] /o #####New Worker job begin - Self history dir=/home/argershm/180-voltmeter/Analog/cc/simulation/integrator,tb_main_opamp,schematic
[19:03:34.01] /o pw_worker _createCalculateEngine got job!
[19:03:34.01] /o pw_worker _createCalculateEngine OK!
[19:03:35.21] /o New Worker New CE ready proc entered.
[19:03:35.40] /o _getSimulationDetails : 
[19:03:35.40] /o tbName=diff_mode_gain, Mtb=0
[19:03:35.40] /o Got stb tb ok!
[19:03:35.40] /o Self resultsDir: ./simulation
[19:03:35.40] /o Self databaseDir: /home/argershm/180-voltmeter/Analog/cc/simulation/integrator,tb_main_opamp,schematic/history_1/simulation/diff_mode_gain/PrimeSimSPICE/parametric/results
[19:03:35.48] /o _createResultsMap done!
[19:03:35.48] /o ###write_child - resultsDir=/home/argershm/180-voltmeter/Analog/cc/simulation/integrator,tb_main_opamp,schematic/history_1/simulation/diff_mode_gain/PrimeSimSPICE/parametric/L=4.6u/results
              /c  masterResultsDir=/home/argershm/180-voltmeter/Analog/cc/simulation/integrator,tb_main_opamp,schematic/history_1/simulation/diff_mode_gain/PrimeSimSPICE/parametric/results
              /c  databaseDir=/home/argershm/180-voltmeter/Analog/cc/simulation/integrator,tb_main_opamp,schematic/history_1/simulation/diff_mode_gain/PrimeSimSPICE/parametric/results
              /c  UniqueName=saeSession4, isPilot=false
[19:03:35.48] /o 
[19:03:35.49] /o pw_worker child CE begin!
[19:03:35.49] /o pw_worker invokes measurement finished.
[19:03:35.49] /o pw_worker writeSimMap finsied.
[19:03:35.49] /o _simulationDoneAction done without exception!
[19:03:35.59] /o Got file /home/argershm/180-voltmeter/Analog/cc/simulation/integrator,tb_main_opamp,schematic/history_1/simulation/diff_mode_gain/PrimeSimSPICE/parametric/L=4.6u/results/.ceFinished
[19:03:35.89] /o touch /home/argershm/180-voltmeter/Analog/cc/simulation/integrator,tb_main_opamp,schematic/history_1/simulation/diff_mode_gain/PrimeSimSPICE/parametric/L=4.6u/results/.unitedSimFinished
[19:03:35.89] /o Calc Job Done!
[19:03:35.89] /o New Worker New CE exit
[19:03:36.07] /o #####New Worker job begin - Self history dir=/home/argershm/180-voltmeter/Analog/cc/simulation/integrator,tb_main_opamp,schematic
[19:03:36.20] /o pw_worker _createCalculateEngine got job!
[19:03:36.20] /o pw_worker _createCalculateEngine OK!
[19:03:37.41] /o New Worker New CE ready proc entered.
[19:03:37.59] /o _getSimulationDetails : 
[19:03:37.59] /o tbName=diff_mode_gain, Mtb=0
[19:03:37.59] /o Got stb tb ok!
[19:03:37.59] /o Self resultsDir: ./simulation
[19:03:37.59] /o Self databaseDir: /home/argershm/180-voltmeter/Analog/cc/simulation/integrator,tb_main_opamp,schematic/history_1/simulation/diff_mode_gain/PrimeSimSPICE/parametric/results
[19:03:37.70] /o _createResultsMap done!
[19:03:37.70] /o ###write_child - resultsDir=/home/argershm/180-voltmeter/Analog/cc/simulation/integrator,tb_main_opamp,schematic/history_1/simulation/diff_mode_gain/PrimeSimSPICE/parametric/L=4.9u/results
              /c  masterResultsDir=/home/argershm/180-voltmeter/Analog/cc/simulation/integrator,tb_main_opamp,schematic/history_1/simulation/diff_mode_gain/PrimeSimSPICE/parametric/results
              /c  databaseDir=/home/argershm/180-voltmeter/Analog/cc/simulation/integrator,tb_main_opamp,schematic/history_1/simulation/diff_mode_gain/PrimeSimSPICE/parametric/results
              /c  UniqueName=saeSession4, isPilot=false
[19:03:37.70] /o 
[19:03:37.71] /o pw_worker child CE begin!
[19:03:37.71] /o pw_worker invokes measurement finished.
[19:03:37.71] /o pw_worker writeSimMap finsied.
[19:03:37.71] /o _simulationDoneAction done without exception!
[19:03:37.91] /o Got file /home/argershm/180-voltmeter/Analog/cc/simulation/integrator,tb_main_opamp,schematic/history_1/simulation/diff_mode_gain/PrimeSimSPICE/parametric/L=4.9u/results/.ceFinished
[19:03:38.12] /o touch /home/argershm/180-voltmeter/Analog/cc/simulation/integrator,tb_main_opamp,schematic/history_1/simulation/diff_mode_gain/PrimeSimSPICE/parametric/L=4.9u/results/.unitedSimFinished
[19:03:38.12] /o Calc Job Done!
[19:03:38.12] /o New Worker New CE exit
[19:03:38.29] /o #####New Worker job begin - Self history dir=/home/argershm/180-voltmeter/Analog/cc/simulation/integrator,tb_main_opamp,schematic
[19:03:38.42] /o pw_worker _createCalculateEngine got job!
[19:03:38.42] /o pw_worker _createCalculateEngine OK!
[19:03:39.63] /o New Worker New CE ready proc entered.
[19:03:39.81] /o _getSimulationDetails : 
[19:03:39.81] /o tbName=diff_mode_gain, Mtb=0
[19:03:39.81] /o Got stb tb ok!
[19:03:39.81] /o Self resultsDir: ./simulation
[19:03:39.81] /o Self databaseDir: /home/argershm/180-voltmeter/Analog/cc/simulation/integrator,tb_main_opamp,schematic/history_1/simulation/diff_mode_gain/PrimeSimSPICE/parametric/results
[19:03:39.89] /o _createResultsMap done!
[19:03:39.89] /o ###write_child - resultsDir=/home/argershm/180-voltmeter/Analog/cc/simulation/integrator,tb_main_opamp,schematic/history_1/simulation/diff_mode_gain/PrimeSimSPICE/parametric/L=5.2u/results
              /c  masterResultsDir=/home/argershm/180-voltmeter/Analog/cc/simulation/integrator,tb_main_opamp,schematic/history_1/simulation/diff_mode_gain/PrimeSimSPICE/parametric/results
              /c  databaseDir=/home/argershm/180-voltmeter/Analog/cc/simulation/integrator,tb_main_opamp,schematic/history_1/simulation/diff_mode_gain/PrimeSimSPICE/parametric/results
              /c  UniqueName=saeSession4, isPilot=false
[19:03:39.89] /o 
[19:03:39.90] /o pw_worker child CE begin!
[19:03:39.91] /o pw_worker invokes measurement finished.
[19:03:39.91] /o pw_worker writeSimMap finsied.
[19:03:39.91] /o _simulationDoneAction done without exception!
[19:03:40.01] /o Got file /home/argershm/180-voltmeter/Analog/cc/simulation/integrator,tb_main_opamp,schematic/history_1/simulation/diff_mode_gain/PrimeSimSPICE/parametric/L=5.2u/results/.ceFinished
[19:03:40.31] /o touch /home/argershm/180-voltmeter/Analog/cc/simulation/integrator,tb_main_opamp,schematic/history_1/simulation/diff_mode_gain/PrimeSimSPICE/parametric/L=5.2u/results/.unitedSimFinished
[19:03:40.31] /o Calc Job Done!
[19:03:40.31] /o New Worker New CE exit
[19:03:40.49] /o #####New Worker job begin - Self history dir=/home/argershm/180-voltmeter/Analog/cc/simulation/integrator,tb_main_opamp,schematic
[19:03:40.62] /o pw_worker _createCalculateEngine got job!
[19:03:40.62] /o pw_worker _createCalculateEngine OK!
[19:03:41.82] /o New Worker New CE ready proc entered.
[19:03:42.00] /o _getSimulationDetails : 
[19:03:42.00] /o tbName=diff_mode_gain, Mtb=0
[19:03:42.00] /o Got stb tb ok!
[19:03:42.00] /o Self resultsDir: ./simulation
[19:03:42.00] /o Self databaseDir: /home/argershm/180-voltmeter/Analog/cc/simulation/integrator,tb_main_opamp,schematic/history_1/simulation/diff_mode_gain/PrimeSimSPICE/parametric/results
[19:03:42.10] /o _createResultsMap done!
[19:03:42.10] /o ###write_child - resultsDir=/home/argershm/180-voltmeter/Analog/cc/simulation/integrator,tb_main_opamp,schematic/history_1/simulation/diff_mode_gain/PrimeSimSPICE/parametric/L=5.4u/results
              /c  masterResultsDir=/home/argershm/180-voltmeter/Analog/cc/simulation/integrator,tb_main_opamp,schematic/history_1/simulation/diff_mode_gain/PrimeSimSPICE/parametric/results
              /c  databaseDir=/home/argershm/180-voltmeter/Analog/cc/simulation/integrator,tb_main_opamp,schematic/history_1/simulation/diff_mode_gain/PrimeSimSPICE/parametric/results
              /c  UniqueName=saeSession4, isPilot=false
[19:03:42.10] /o 
[19:03:42.12] /o pw_worker child CE begin!
[19:03:42.12] /o pw_worker invokes measurement finished.
[19:03:42.12] /o pw_worker writeSimMap finsied.
[19:03:42.12] /o _simulationDoneAction done without exception!
[19:03:42.22] /o Got file /home/argershm/180-voltmeter/Analog/cc/simulation/integrator,tb_main_opamp,schematic/history_1/simulation/diff_mode_gain/PrimeSimSPICE/parametric/L=5.4u/results/.ceFinished
[19:03:42.52] /o touch /home/argershm/180-voltmeter/Analog/cc/simulation/integrator,tb_main_opamp,schematic/history_1/simulation/diff_mode_gain/PrimeSimSPICE/parametric/L=5.4u/results/.unitedSimFinished
[19:03:42.52] /o Calc Job Done!
[19:03:42.52] /o New Worker New CE exit
[19:03:42.64] /o #####New Worker job begin - Self history dir=/home/argershm/180-voltmeter/Analog/cc/simulation/integrator,tb_main_opamp,schematic
[19:03:42.77] /o pw_worker _createCalculateEngine got job!
[19:03:42.77] /o pw_worker _createCalculateEngine OK!
[19:03:44.08] /o New Worker New CE ready proc entered.
[19:03:44.26] /o _getSimulationDetails : 
[19:03:44.26] /o tbName=diff_mode_gain, Mtb=0
[19:03:44.26] /o Got stb tb ok!
[19:03:44.26] /o Self resultsDir: ./simulation
[19:03:44.26] /o Self databaseDir: /home/argershm/180-voltmeter/Analog/cc/simulation/integrator,tb_main_opamp,schematic/history_1/simulation/diff_mode_gain/PrimeSimSPICE/parametric/results
[19:03:44.34] /o _createResultsMap done!
[19:03:44.34] /o ###write_child - resultsDir=/home/argershm/180-voltmeter/Analog/cc/simulation/integrator,tb_main_opamp,schematic/history_1/simulation/diff_mode_gain/PrimeSimSPICE/parametric/L=5.7u/results
              /c  masterResultsDir=/home/argershm/180-voltmeter/Analog/cc/simulation/integrator,tb_main_opamp,schematic/history_1/simulation/diff_mode_gain/PrimeSimSPICE/parametric/results
              /c  databaseDir=/home/argershm/180-voltmeter/Analog/cc/simulation/integrator,tb_main_opamp,schematic/history_1/simulation/diff_mode_gain/PrimeSimSPICE/parametric/results
              /c  UniqueName=saeSession4, isPilot=false
[19:03:44.34] /o 
[19:03:44.35] /o pw_worker child CE begin!
[19:03:44.36] /o pw_worker invokes measurement finished.
[19:03:44.36] /o pw_worker writeSimMap finsied.
[19:03:44.36] /o _simulationDoneAction done without exception!
[19:03:44.46] /o Got file /home/argershm/180-voltmeter/Analog/cc/simulation/integrator,tb_main_opamp,schematic/history_1/simulation/diff_mode_gain/PrimeSimSPICE/parametric/L=5.7u/results/.ceFinished
[19:03:44.76] /o touch /home/argershm/180-voltmeter/Analog/cc/simulation/integrator,tb_main_opamp,schematic/history_1/simulation/diff_mode_gain/PrimeSimSPICE/parametric/L=5.7u/results/.unitedSimFinished
[19:03:44.76] /o Calc Job Done!
[19:03:44.76] /o New Worker New CE exit
[19:03:44.87] /o #####New Worker job begin - Self history dir=/home/argershm/180-voltmeter/Analog/cc/simulation/integrator,tb_main_opamp,schematic
[19:03:45.00] /o pw_worker _createCalculateEngine got job!
[19:03:45.00] /o pw_worker _createCalculateEngine OK!
[19:03:46.20] /o New Worker New CE ready proc entered.
[19:03:46.38] /o _getSimulationDetails : 
[19:03:46.38] /o tbName=diff_mode_gain, Mtb=0
[19:03:46.38] /o Got stb tb ok!
[19:03:46.38] /o Self resultsDir: ./simulation
[19:03:46.38] /o Self databaseDir: /home/argershm/180-voltmeter/Analog/cc/simulation/integrator,tb_main_opamp,schematic/history_1/simulation/diff_mode_gain/PrimeSimSPICE/parametric/results
[19:03:46.47] /o _createResultsMap done!
[19:03:46.47] /o ###write_child - resultsDir=/home/argershm/180-voltmeter/Analog/cc/simulation/integrator,tb_main_opamp,schematic/history_1/simulation/diff_mode_gain/PrimeSimSPICE/parametric/L=6.1u/results
              /c  masterResultsDir=/home/argershm/180-voltmeter/Analog/cc/simulation/integrator,tb_main_opamp,schematic/history_1/simulation/diff_mode_gain/PrimeSimSPICE/parametric/results
              /c  databaseDir=/home/argershm/180-voltmeter/Analog/cc/simulation/integrator,tb_main_opamp,schematic/history_1/simulation/diff_mode_gain/PrimeSimSPICE/parametric/results
              /c  UniqueName=saeSession4, isPilot=false
[19:03:46.47] /o 
[19:03:46.48] /o pw_worker child CE begin!
[19:03:46.48] /o pw_worker invokes measurement finished.
[19:03:46.48] /o pw_worker writeSimMap finsied.
[19:03:46.48] /o _simulationDoneAction done without exception!
[19:03:46.58] /o Got file /home/argershm/180-voltmeter/Analog/cc/simulation/integrator,tb_main_opamp,schematic/history_1/simulation/diff_mode_gain/PrimeSimSPICE/parametric/L=6.1u/results/.ceFinished
[19:03:46.89] /o touch /home/argershm/180-voltmeter/Analog/cc/simulation/integrator,tb_main_opamp,schematic/history_1/simulation/diff_mode_gain/PrimeSimSPICE/parametric/L=6.1u/results/.unitedSimFinished
[19:03:46.89] /o Calc Job Done!
[19:03:46.89] /o New Worker New CE exit
[19:03:47.07] /o #####New Worker job begin - Self history dir=/home/argershm/180-voltmeter/Analog/cc/simulation/integrator,tb_main_opamp,schematic
[19:03:47.20] /o pw_worker _createCalculateEngine got job!
[19:03:47.20] /o pw_worker _createCalculateEngine OK!
[19:03:48.41] /o New Worker New CE ready proc entered.
[19:03:48.58] /o _getSimulationDetails : 
[19:03:48.58] /o tbName=diff_mode_gain, Mtb=0
[19:03:48.58] /o Got stb tb ok!
[19:03:48.58] /o Self resultsDir: ./simulation
[19:03:48.58] /o Self databaseDir: /home/argershm/180-voltmeter/Analog/cc/simulation/integrator,tb_main_opamp,schematic/history_1/simulation/diff_mode_gain/PrimeSimSPICE/parametric/results
[19:03:48.66] /o _createResultsMap done!
[19:03:48.66] /o ###write_child - resultsDir=/home/argershm/180-voltmeter/Analog/cc/simulation/integrator,tb_main_opamp,schematic/history_1/simulation/diff_mode_gain/PrimeSimSPICE/parametric/L=6.4u/results
              /c  masterResultsDir=/home/argershm/180-voltmeter/Analog/cc/simulation/integrator,tb_main_opamp,schematic/history_1/simulation/diff_mode_gain/PrimeSimSPICE/parametric/results
              /c  databaseDir=/home/argershm/180-voltmeter/Analog/cc/simulation/integrator,tb_main_opamp,schematic/history_1/simulation/diff_mode_gain/PrimeSimSPICE/parametric/results
              /c  UniqueName=saeSession4, isPilot=false
[19:03:48.66] /o 
[19:03:48.67] /o pw_worker child CE begin!
[19:03:48.67] /o pw_worker invokes measurement finished.
[19:03:48.67] /o pw_worker writeSimMap finsied.
[19:03:48.67] /o _simulationDoneAction done without exception!
[19:03:48.77] /o Got file /home/argershm/180-voltmeter/Analog/cc/simulation/integrator,tb_main_opamp,schematic/history_1/simulation/diff_mode_gain/PrimeSimSPICE/parametric/L=6.4u/results/.ceFinished
[19:03:48.97] /o touch /home/argershm/180-voltmeter/Analog/cc/simulation/integrator,tb_main_opamp,schematic/history_1/simulation/diff_mode_gain/PrimeSimSPICE/parametric/L=6.4u/results/.unitedSimFinished
[19:03:48.97] /o Calc Job Done!
[19:03:48.97] /o New Worker New CE exit
[19:03:49.17] /o #####New Worker job begin - Self history dir=/home/argershm/180-voltmeter/Analog/cc/simulation/integrator,tb_main_opamp,schematic
[19:03:49.30] /o pw_worker _createCalculateEngine got job!
[19:03:49.30] /o pw_worker _createCalculateEngine OK!
[19:03:50.51] /o New Worker New CE ready proc entered.
[19:03:50.69] /o _getSimulationDetails : 
[19:03:50.69] /o tbName=diff_mode_gain, Mtb=0
[19:03:50.69] /o Got stb tb ok!
[19:03:50.69] /o Self resultsDir: ./simulation
[19:03:50.69] /o Self databaseDir: /home/argershm/180-voltmeter/Analog/cc/simulation/integrator,tb_main_opamp,schematic/history_1/simulation/diff_mode_gain/PrimeSimSPICE/parametric/results
[19:03:50.77] /o _createResultsMap done!
[19:03:50.77] /o ###write_child - resultsDir=/home/argershm/180-voltmeter/Analog/cc/simulation/integrator,tb_main_opamp,schematic/history_1/simulation/diff_mode_gain/PrimeSimSPICE/parametric/L=6.7u/results
              /c  masterResultsDir=/home/argershm/180-voltmeter/Analog/cc/simulation/integrator,tb_main_opamp,schematic/history_1/simulation/diff_mode_gain/PrimeSimSPICE/parametric/results
              /c  databaseDir=/home/argershm/180-voltmeter/Analog/cc/simulation/integrator,tb_main_opamp,schematic/history_1/simulation/diff_mode_gain/PrimeSimSPICE/parametric/results
              /c  UniqueName=saeSession4, isPilot=false
[19:03:50.77] /o 
[19:03:50.78] /o pw_worker child CE begin!
[19:03:50.79] /o pw_worker invokes measurement finished.
[19:03:50.79] /o pw_worker writeSimMap finsied.
[19:03:50.79] /o _simulationDoneAction done without exception!
[19:03:50.89] /o Got file /home/argershm/180-voltmeter/Analog/cc/simulation/integrator,tb_main_opamp,schematic/history_1/simulation/diff_mode_gain/PrimeSimSPICE/parametric/L=6.7u/results/.ceFinished
[19:03:51.19] /o touch /home/argershm/180-voltmeter/Analog/cc/simulation/integrator,tb_main_opamp,schematic/history_1/simulation/diff_mode_gain/PrimeSimSPICE/parametric/L=6.7u/results/.unitedSimFinished
[19:03:51.19] /o Calc Job Done!
[19:03:51.19] /o New Worker New CE exit
[19:03:51.37] /o #####New Worker job begin - Self history dir=/home/argershm/180-voltmeter/Analog/cc/simulation/integrator,tb_main_opamp,schematic
[19:03:51.50] /o pw_worker _createCalculateEngine got job!
[19:03:51.50] /o pw_worker _createCalculateEngine OK!
[19:03:52.70] /o New Worker New CE ready proc entered.
[19:03:52.87] /o _getSimulationDetails : 
[19:03:52.87] /o tbName=diff_mode_gain, Mtb=0
[19:03:52.87] /o Got stb tb ok!
[19:03:52.87] /o Self resultsDir: ./simulation
[19:03:52.87] /o Self databaseDir: /home/argershm/180-voltmeter/Analog/cc/simulation/integrator,tb_main_opamp,schematic/history_1/simulation/diff_mode_gain/PrimeSimSPICE/parametric/results
[19:03:52.95] /o _createResultsMap done!
[19:03:52.95] /o ###write_child - resultsDir=/home/argershm/180-voltmeter/Analog/cc/simulation/integrator,tb_main_opamp,schematic/history_1/simulation/diff_mode_gain/PrimeSimSPICE/parametric/L=7u/results
              /c  masterResultsDir=/home/argershm/180-voltmeter/Analog/cc/simulation/integrator,tb_main_opamp,schematic/history_1/simulation/diff_mode_gain/PrimeSimSPICE/parametric/results
              /c  databaseDir=/home/argershm/180-voltmeter/Analog/cc/simulation/integrator,tb_main_opamp,schematic/history_1/simulation/diff_mode_gain/PrimeSimSPICE/parametric/results
              /c  UniqueName=saeSession4, isPilot=false
[19:03:52.95] /o 
[19:03:52.97] /o pw_worker child CE begin!
[19:03:52.97] /o pw_worker invokes measurement finished.
[19:03:52.97] /o pw_worker writeSimMap finsied.
[19:03:52.97] /o _simulationDoneAction done without exception!
[19:03:53.07] /o Got file /home/argershm/180-voltmeter/Analog/cc/simulation/integrator,tb_main_opamp,schematic/history_1/simulation/diff_mode_gain/PrimeSimSPICE/parametric/L=7u/results/.ceFinished
[19:03:53.28] /o touch /home/argershm/180-voltmeter/Analog/cc/simulation/integrator,tb_main_opamp,schematic/history_1/simulation/diff_mode_gain/PrimeSimSPICE/parametric/L=7u/results/.unitedSimFinished
[19:03:53.28] /o Calc Job Done!
[19:03:53.28] /o New Worker New CE exit
[19:03:53.47] /o #####New Worker job begin - Self history dir=/home/argershm/180-voltmeter/Analog/cc/simulation/integrator,tb_main_opamp,schematic
[19:03:53.60] /o pw_worker _createCalculateEngine got job!
[19:03:53.60] /o pw_worker _createCalculateEngine OK!
[19:03:54.91] /o New Worker New CE ready proc entered.
[19:03:55.09] /o _getSimulationDetails : 
[19:03:55.09] /o tbName=diff_mode_gain, Mtb=0
[19:03:55.09] /o Got stb tb ok!
[19:03:55.09] /o Self resultsDir: ./simulation
[19:03:55.09] /o Self databaseDir: /home/argershm/180-voltmeter/Analog/cc/simulation/integrator,tb_main_opamp,schematic/history_1/simulation/diff_mode_gain/PrimeSimSPICE/parametric/results
[19:03:55.18] /o _createResultsMap done!
[19:03:55.18] /o ###write_child - resultsDir=/home/argershm/180-voltmeter/Analog/cc/simulation/integrator,tb_main_opamp,schematic/history_1/simulation/diff_mode_gain/PrimeSimSPICE/parametric/L=7.3u/results
              /c  masterResultsDir=/home/argershm/180-voltmeter/Analog/cc/simulation/integrator,tb_main_opamp,schematic/history_1/simulation/diff_mode_gain/PrimeSimSPICE/parametric/results
              /c  databaseDir=/home/argershm/180-voltmeter/Analog/cc/simulation/integrator,tb_main_opamp,schematic/history_1/simulation/diff_mode_gain/PrimeSimSPICE/parametric/results
              /c  UniqueName=saeSession4, isPilot=false
[19:03:55.18] /o 
[19:03:55.19] /o pw_worker child CE begin!
[19:03:55.19] /o pw_worker invokes measurement finished.
[19:03:55.19] /o pw_worker writeSimMap finsied.
[19:03:55.19] /o _simulationDoneAction done without exception!
[19:03:55.29] /o Got file /home/argershm/180-voltmeter/Analog/cc/simulation/integrator,tb_main_opamp,schematic/history_1/simulation/diff_mode_gain/PrimeSimSPICE/parametric/L=7.3u/results/.ceFinished
[19:03:55.59] /o touch /home/argershm/180-voltmeter/Analog/cc/simulation/integrator,tb_main_opamp,schematic/history_1/simulation/diff_mode_gain/PrimeSimSPICE/parametric/L=7.3u/results/.unitedSimFinished
[19:03:55.59] /o Calc Job Done!
[19:03:55.59] /o New Worker New CE exit
[19:03:55.77] /o #####New Worker job begin - Self history dir=/home/argershm/180-voltmeter/Analog/cc/simulation/integrator,tb_main_opamp,schematic
[19:03:55.90] /o pw_worker _createCalculateEngine got job!
[19:03:55.90] /o pw_worker _createCalculateEngine OK!
[19:03:57.11] /o New Worker New CE ready proc entered.
[19:03:57.27] /o _getSimulationDetails : 
[19:03:57.27] /o tbName=diff_mode_gain, Mtb=0
[19:03:57.27] /o Got stb tb ok!
[19:03:57.27] /o Self resultsDir: ./simulation
[19:03:57.27] /o Self databaseDir: /home/argershm/180-voltmeter/Analog/cc/simulation/integrator,tb_main_opamp,schematic/history_1/simulation/diff_mode_gain/PrimeSimSPICE/parametric/results
[19:03:57.35] /o _createResultsMap done!
[19:03:57.35] /o ###write_child - resultsDir=/home/argershm/180-voltmeter/Analog/cc/simulation/integrator,tb_main_opamp,schematic/history_1/simulation/diff_mode_gain/PrimeSimSPICE/parametric/L=7.6u/results
              /c  masterResultsDir=/home/argershm/180-voltmeter/Analog/cc/simulation/integrator,tb_main_opamp,schematic/history_1/simulation/diff_mode_gain/PrimeSimSPICE/parametric/results
              /c  databaseDir=/home/argershm/180-voltmeter/Analog/cc/simulation/integrator,tb_main_opamp,schematic/history_1/simulation/diff_mode_gain/PrimeSimSPICE/parametric/results
              /c  UniqueName=saeSession4, isPilot=false
[19:03:57.35] /o 
[19:03:57.36] /o pw_worker child CE begin!
[19:03:57.36] /o pw_worker invokes measurement finished.
[19:03:57.36] /o pw_worker writeSimMap finsied.
[19:03:57.36] /o _simulationDoneAction done without exception!
[19:03:57.46] /o Got file /home/argershm/180-voltmeter/Analog/cc/simulation/integrator,tb_main_opamp,schematic/history_1/simulation/diff_mode_gain/PrimeSimSPICE/parametric/L=7.6u/results/.ceFinished
[19:03:57.77] /o touch /home/argershm/180-voltmeter/Analog/cc/simulation/integrator,tb_main_opamp,schematic/history_1/simulation/diff_mode_gain/PrimeSimSPICE/parametric/L=7.6u/results/.unitedSimFinished
[19:03:57.77] /o Calc Job Done!
[19:03:57.77] /o New Worker New CE exit
[19:03:57.97] /o #####New Worker job begin - Self history dir=/home/argershm/180-voltmeter/Analog/cc/simulation/integrator,tb_main_opamp,schematic
[19:03:58.10] /o pw_worker _createCalculateEngine got job!
[19:03:58.10] /o pw_worker _createCalculateEngine OK!
[19:03:59.30] /o New Worker New CE ready proc entered.
[19:03:59.49] /o _getSimulationDetails : 
[19:03:59.49] /o tbName=diff_mode_gain, Mtb=0
[19:03:59.49] /o Got stb tb ok!
[19:03:59.49] /o Self resultsDir: ./simulation
[19:03:59.49] /o Self databaseDir: /home/argershm/180-voltmeter/Analog/cc/simulation/integrator,tb_main_opamp,schematic/history_1/simulation/diff_mode_gain/PrimeSimSPICE/parametric/results
[19:03:59.57] /o _createResultsMap done!
[19:03:59.58] /o ###write_child - resultsDir=/home/argershm/180-voltmeter/Analog/cc/simulation/integrator,tb_main_opamp,schematic/history_1/simulation/diff_mode_gain/PrimeSimSPICE/parametric/L=7.9u/results
              /c  masterResultsDir=/home/argershm/180-voltmeter/Analog/cc/simulation/integrator,tb_main_opamp,schematic/history_1/simulation/diff_mode_gain/PrimeSimSPICE/parametric/results
              /c  databaseDir=/home/argershm/180-voltmeter/Analog/cc/simulation/integrator,tb_main_opamp,schematic/history_1/simulation/diff_mode_gain/PrimeSimSPICE/parametric/results
              /c  UniqueName=saeSession4, isPilot=false
[19:03:59.58] /o 
[19:03:59.59] /o pw_worker child CE begin!
[19:03:59.59] /o pw_worker invokes measurement finished.
[19:03:59.59] /o pw_worker writeSimMap finsied.
[19:03:59.59] /o _simulationDoneAction done without exception!
[19:03:59.69] /o Got file /home/argershm/180-voltmeter/Analog/cc/simulation/integrator,tb_main_opamp,schematic/history_1/simulation/diff_mode_gain/PrimeSimSPICE/parametric/L=7.9u/results/.ceFinished
[19:03:59.99] /o touch /home/argershm/180-voltmeter/Analog/cc/simulation/integrator,tb_main_opamp,schematic/history_1/simulation/diff_mode_gain/PrimeSimSPICE/parametric/L=7.9u/results/.unitedSimFinished
[19:03:59.99] /o Calc Job Done!
[19:03:59.99] /o New Worker New CE exit
[19:04:00.17] /o #####New Worker job begin - Self history dir=/home/argershm/180-voltmeter/Analog/cc/simulation/integrator,tb_main_opamp,schematic
[19:04:00.30] /o pw_worker _createCalculateEngine got job!
[19:04:00.30] /o pw_worker _createCalculateEngine OK!
[19:04:01.50] /o New Worker New CE ready proc entered.
[19:04:01.66] /o _getSimulationDetails : 
[19:04:01.66] /o tbName=diff_mode_gain, Mtb=0
[19:04:01.66] /o Got stb tb ok!
[19:04:01.66] /o Self resultsDir: ./simulation
[19:04:01.66] /o Self databaseDir: /home/argershm/180-voltmeter/Analog/cc/simulation/integrator,tb_main_opamp,schematic/history_1/simulation/diff_mode_gain/PrimeSimSPICE/parametric/results
[19:04:01.75] /o _createResultsMap done!
[19:04:01.75] /o ###write_child - resultsDir=/home/argershm/180-voltmeter/Analog/cc/simulation/integrator,tb_main_opamp,schematic/history_1/simulation/diff_mode_gain/PrimeSimSPICE/parametric/L=8.2u/results
              /c  masterResultsDir=/home/argershm/180-voltmeter/Analog/cc/simulation/integrator,tb_main_opamp,schematic/history_1/simulation/diff_mode_gain/PrimeSimSPICE/parametric/results
              /c  databaseDir=/home/argershm/180-voltmeter/Analog/cc/simulation/integrator,tb_main_opamp,schematic/history_1/simulation/diff_mode_gain/PrimeSimSPICE/parametric/results
              /c  UniqueName=saeSession4, isPilot=false
[19:04:01.75] /o 
[19:04:01.76] /o pw_worker child CE begin!
[19:04:01.76] /o pw_worker invokes measurement finished.
[19:04:01.76] /o pw_worker writeSimMap finsied.
[19:04:01.76] /o _simulationDoneAction done without exception!
[19:04:01.86] /o Got file /home/argershm/180-voltmeter/Analog/cc/simulation/integrator,tb_main_opamp,schematic/history_1/simulation/diff_mode_gain/PrimeSimSPICE/parametric/L=8.2u/results/.ceFinished
[19:04:02.17] /o touch /home/argershm/180-voltmeter/Analog/cc/simulation/integrator,tb_main_opamp,schematic/history_1/simulation/diff_mode_gain/PrimeSimSPICE/parametric/L=8.2u/results/.unitedSimFinished
[19:04:02.17] /o Calc Job Done!
[19:04:02.17] /o New Worker New CE exit
[19:04:02.37] /o #####New Worker job begin - Self history dir=/home/argershm/180-voltmeter/Analog/cc/simulation/integrator,tb_main_opamp,schematic
[19:04:02.50] /o pw_worker _createCalculateEngine got job!
[19:04:02.50] /o pw_worker _createCalculateEngine OK!
[19:04:03.70] /o New Worker New CE ready proc entered.
[19:04:03.87] /o _getSimulationDetails : 
[19:04:03.87] /o tbName=diff_mode_gain, Mtb=0
[19:04:03.87] /o Got stb tb ok!
[19:04:03.87] /o Self resultsDir: ./simulation
[19:04:03.87] /o Self databaseDir: /home/argershm/180-voltmeter/Analog/cc/simulation/integrator,tb_main_opamp,schematic/history_1/simulation/diff_mode_gain/PrimeSimSPICE/parametric/results
[19:04:03.99] /o _createResultsMap done!
[19:04:03.99] /o ###write_child - resultsDir=/home/argershm/180-voltmeter/Analog/cc/simulation/integrator,tb_main_opamp,schematic/history_1/simulation/diff_mode_gain/PrimeSimSPICE/parametric/L=8.5u/results
              /c  masterResultsDir=/home/argershm/180-voltmeter/Analog/cc/simulation/integrator,tb_main_opamp,schematic/history_1/simulation/diff_mode_gain/PrimeSimSPICE/parametric/results
              /c  databaseDir=/home/argershm/180-voltmeter/Analog/cc/simulation/integrator,tb_main_opamp,schematic/history_1/simulation/diff_mode_gain/PrimeSimSPICE/parametric/results
              /c  UniqueName=saeSession4, isPilot=false
[19:04:03.99] /o 
[19:04:04.01] /o pw_worker child CE begin!
[19:04:04.01] /o pw_worker invokes measurement finished.
[19:04:04.01] /o pw_worker writeSimMap finsied.
[19:04:04.01] /o _simulationDoneAction done without exception!
[19:04:04.11] /o Got file /home/argershm/180-voltmeter/Analog/cc/simulation/integrator,tb_main_opamp,schematic/history_1/simulation/diff_mode_gain/PrimeSimSPICE/parametric/L=8.5u/results/.ceFinished
[19:04:04.41] /o touch /home/argershm/180-voltmeter/Analog/cc/simulation/integrator,tb_main_opamp,schematic/history_1/simulation/diff_mode_gain/PrimeSimSPICE/parametric/L=8.5u/results/.unitedSimFinished
[19:04:04.41] /o Calc Job Done!
[19:04:04.41] /o New Worker New CE exit
[19:04:04.59] /o #####New Worker job begin - Self history dir=/home/argershm/180-voltmeter/Analog/cc/simulation/integrator,tb_main_opamp,schematic
[19:04:04.71] /o pw_worker _createCalculateEngine got job!
[19:04:04.71] /o pw_worker _createCalculateEngine OK!
[19:04:05.92] /o New Worker New CE ready proc entered.
[19:04:06.10] /o _getSimulationDetails : 
[19:04:06.10] /o tbName=diff_mode_gain, Mtb=0
[19:04:06.10] /o Got stb tb ok!
[19:04:06.10] /o Self resultsDir: ./simulation
[19:04:06.10] /o Self databaseDir: /home/argershm/180-voltmeter/Analog/cc/simulation/integrator,tb_main_opamp,schematic/history_1/simulation/diff_mode_gain/PrimeSimSPICE/parametric/results
[19:04:06.19] /o _createResultsMap done!
[19:04:06.19] /o ###write_child - resultsDir=/home/argershm/180-voltmeter/Analog/cc/simulation/integrator,tb_main_opamp,schematic/history_1/simulation/diff_mode_gain/PrimeSimSPICE/parametric/L=8.8u/results
              /c  masterResultsDir=/home/argershm/180-voltmeter/Analog/cc/simulation/integrator,tb_main_opamp,schematic/history_1/simulation/diff_mode_gain/PrimeSimSPICE/parametric/results
              /c  databaseDir=/home/argershm/180-voltmeter/Analog/cc/simulation/integrator,tb_main_opamp,schematic/history_1/simulation/diff_mode_gain/PrimeSimSPICE/parametric/results
              /c  UniqueName=saeSession4, isPilot=false
[19:04:06.19] /o 
[19:04:06.20] /o pw_worker child CE begin!
[19:04:06.20] /o pw_worker invokes measurement finished.
[19:04:06.20] /o pw_worker writeSimMap finsied.
[19:04:06.20] /o _simulationDoneAction done without exception!
[19:04:06.30] /o Got file /home/argershm/180-voltmeter/Analog/cc/simulation/integrator,tb_main_opamp,schematic/history_1/simulation/diff_mode_gain/PrimeSimSPICE/parametric/L=8.8u/results/.ceFinished
[19:04:06.61] /o touch /home/argershm/180-voltmeter/Analog/cc/simulation/integrator,tb_main_opamp,schematic/history_1/simulation/diff_mode_gain/PrimeSimSPICE/parametric/L=8.8u/results/.unitedSimFinished
[19:04:06.61] /o Calc Job Done!
[19:04:06.61] /o New Worker New CE exit
[19:04:06.78] /o #####New Worker job begin - Self history dir=/home/argershm/180-voltmeter/Analog/cc/simulation/integrator,tb_main_opamp,schematic
[19:04:06.91] /o pw_worker _createCalculateEngine got job!
[19:04:06.91] /o pw_worker _createCalculateEngine OK!
[19:04:08.12] /o New Worker New CE ready proc entered.
[19:04:08.30] /o _getSimulationDetails : 
[19:04:08.30] /o tbName=diff_mode_gain, Mtb=0
[19:04:08.30] /o Got stb tb ok!
[19:04:08.30] /o Self resultsDir: ./simulation
[19:04:08.30] /o Self databaseDir: /home/argershm/180-voltmeter/Analog/cc/simulation/integrator,tb_main_opamp,schematic/history_1/simulation/diff_mode_gain/PrimeSimSPICE/parametric/results
[19:04:08.38] /o _createResultsMap done!
[19:04:08.38] /o ###write_child - resultsDir=/home/argershm/180-voltmeter/Analog/cc/simulation/integrator,tb_main_opamp,schematic/history_1/simulation/diff_mode_gain/PrimeSimSPICE/parametric/L=9.1u/results
              /c  masterResultsDir=/home/argershm/180-voltmeter/Analog/cc/simulation/integrator,tb_main_opamp,schematic/history_1/simulation/diff_mode_gain/PrimeSimSPICE/parametric/results
              /c  databaseDir=/home/argershm/180-voltmeter/Analog/cc/simulation/integrator,tb_main_opamp,schematic/history_1/simulation/diff_mode_gain/PrimeSimSPICE/parametric/results
              /c  UniqueName=saeSession4, isPilot=false
[19:04:08.38] /o 
[19:04:08.39] /o pw_worker child CE begin!
[19:04:08.40] /o pw_worker invokes measurement finished.
[19:04:08.40] /o pw_worker writeSimMap finsied.
[19:04:08.40] /o _simulationDoneAction done without exception!
[19:04:08.50] /o Got file /home/argershm/180-voltmeter/Analog/cc/simulation/integrator,tb_main_opamp,schematic/history_1/simulation/diff_mode_gain/PrimeSimSPICE/parametric/L=9.1u/results/.ceFinished
[19:04:08.80] /o touch /home/argershm/180-voltmeter/Analog/cc/simulation/integrator,tb_main_opamp,schematic/history_1/simulation/diff_mode_gain/PrimeSimSPICE/parametric/L=9.1u/results/.unitedSimFinished
[19:04:08.80] /o Calc Job Done!
[19:04:08.80] /o New Worker New CE exit
[19:04:08.98] /o #####New Worker job begin - Self history dir=/home/argershm/180-voltmeter/Analog/cc/simulation/integrator,tb_main_opamp,schematic
[19:04:09.10] /o pw_worker _createCalculateEngine got job!
[19:04:09.10] /o pw_worker _createCalculateEngine OK!
[19:04:10.41] /o New Worker New CE ready proc entered.
[19:04:10.58] /o _getSimulationDetails : 
[19:04:10.58] /o tbName=diff_mode_gain, Mtb=0
[19:04:10.58] /o Got stb tb ok!
[19:04:10.58] /o Self resultsDir: ./simulation
[19:04:10.58] /o Self databaseDir: /home/argershm/180-voltmeter/Analog/cc/simulation/integrator,tb_main_opamp,schematic/history_1/simulation/diff_mode_gain/PrimeSimSPICE/parametric/results
[19:04:10.66] /o _createResultsMap done!
[19:04:10.67] /o ###write_child - resultsDir=/home/argershm/180-voltmeter/Analog/cc/simulation/integrator,tb_main_opamp,schematic/history_1/simulation/diff_mode_gain/PrimeSimSPICE/parametric/L=9.4u/results
              /c  masterResultsDir=/home/argershm/180-voltmeter/Analog/cc/simulation/integrator,tb_main_opamp,schematic/history_1/simulation/diff_mode_gain/PrimeSimSPICE/parametric/results
              /c  databaseDir=/home/argershm/180-voltmeter/Analog/cc/simulation/integrator,tb_main_opamp,schematic/history_1/simulation/diff_mode_gain/PrimeSimSPICE/parametric/results
              /c  UniqueName=saeSession4, isPilot=false
[19:04:10.67] /o 
[19:04:10.68] /o pw_worker child CE begin!
[19:04:10.68] /o pw_worker invokes measurement finished.
[19:04:10.68] /o pw_worker writeSimMap finsied.
[19:04:10.68] /o _simulationDoneAction done without exception!
[19:04:10.78] /o Got file /home/argershm/180-voltmeter/Analog/cc/simulation/integrator,tb_main_opamp,schematic/history_1/simulation/diff_mode_gain/PrimeSimSPICE/parametric/L=9.4u/results/.ceFinished
[19:04:11.09] /o touch /home/argershm/180-voltmeter/Analog/cc/simulation/integrator,tb_main_opamp,schematic/history_1/simulation/diff_mode_gain/PrimeSimSPICE/parametric/L=9.4u/results/.unitedSimFinished
[19:04:11.09] /o Calc Job Done!
[19:04:11.09] /o New Worker New CE exit
[19:04:11.27] /o #####New Worker job begin - Self history dir=/home/argershm/180-voltmeter/Analog/cc/simulation/integrator,tb_main_opamp,schematic
[19:04:11.40] /o pw_worker _createCalculateEngine got job!
[19:04:11.40] /o pw_worker _createCalculateEngine OK!
[19:04:12.60] /o New Worker New CE ready proc entered.
[19:04:12.77] /o _getSimulationDetails : 
[19:04:12.77] /o tbName=diff_mode_gain, Mtb=0
[19:04:12.77] /o Got stb tb ok!
[19:04:12.77] /o Self resultsDir: ./simulation
[19:04:12.77] /o Self databaseDir: /home/argershm/180-voltmeter/Analog/cc/simulation/integrator,tb_main_opamp,schematic/history_1/simulation/diff_mode_gain/PrimeSimSPICE/parametric/results
[19:04:12.86] /o _createResultsMap done!
[19:04:12.86] /o ###write_child - resultsDir=/home/argershm/180-voltmeter/Analog/cc/simulation/integrator,tb_main_opamp,schematic/history_1/simulation/diff_mode_gain/PrimeSimSPICE/parametric/L=9.7u/results
              /c  masterResultsDir=/home/argershm/180-voltmeter/Analog/cc/simulation/integrator,tb_main_opamp,schematic/history_1/simulation/diff_mode_gain/PrimeSimSPICE/parametric/results
              /c  databaseDir=/home/argershm/180-voltmeter/Analog/cc/simulation/integrator,tb_main_opamp,schematic/history_1/simulation/diff_mode_gain/PrimeSimSPICE/parametric/results
              /c  UniqueName=saeSession4, isPilot=false
[19:04:12.86] /o 
[19:04:12.87] /o pw_worker child CE begin!
[19:04:12.87] /o pw_worker invokes measurement finished.
[19:04:12.87] /o pw_worker writeSimMap finsied.
[19:04:12.87] /o _simulationDoneAction done without exception!
[19:04:12.97] /o Got file /home/argershm/180-voltmeter/Analog/cc/simulation/integrator,tb_main_opamp,schematic/history_1/simulation/diff_mode_gain/PrimeSimSPICE/parametric/L=9.7u/results/.ceFinished
[19:04:13.17] /o touch /home/argershm/180-voltmeter/Analog/cc/simulation/integrator,tb_main_opamp,schematic/history_1/simulation/diff_mode_gain/PrimeSimSPICE/parametric/L=9.7u/results/.unitedSimFinished
[19:04:13.17] /o Calc Job Done!
[19:04:13.17] /o New Worker New CE exit
[19:04:13.37] /o #####New Worker job begin - Self history dir=/home/argershm/180-voltmeter/Analog/cc/simulation/integrator,tb_main_opamp,schematic
[19:04:13.50] /o pw_worker _createCalculateEngine got job!
[19:04:13.50] /o pw_worker _createCalculateEngine OK!
[19:04:14.81] /o New Worker New CE ready proc entered.
[19:04:14.99] /o _getSimulationDetails : 
[19:04:14.99] /o tbName=diff_mode_gain, Mtb=0
[19:04:14.99] /o Got stb tb ok!
[19:04:14.99] /o Self resultsDir: ./simulation
[19:04:14.99] /o Self databaseDir: /home/argershm/180-voltmeter/Analog/cc/simulation/integrator,tb_main_opamp,schematic/history_1/simulation/diff_mode_gain/PrimeSimSPICE/parametric/results
[19:04:15.09] /o _createResultsMap done!
[19:04:15.09] /o ###write_child - resultsDir=/home/argershm/180-voltmeter/Analog/cc/simulation/integrator,tb_main_opamp,schematic/history_1/simulation/diff_mode_gain/PrimeSimSPICE/parametric/L=9.9u/results
              /c  masterResultsDir=/home/argershm/180-voltmeter/Analog/cc/simulation/integrator,tb_main_opamp,schematic/history_1/simulation/diff_mode_gain/PrimeSimSPICE/parametric/results
              /c  databaseDir=/home/argershm/180-voltmeter/Analog/cc/simulation/integrator,tb_main_opamp,schematic/history_1/simulation/diff_mode_gain/PrimeSimSPICE/parametric/results
              /c  UniqueName=saeSession4, isPilot=false
[19:04:15.09] /o 
[19:04:15.10] /o pw_worker child CE begin!
[19:04:15.10] /o pw_worker invokes measurement finished.
[19:04:15.10] /o pw_worker writeSimMap finsied.
[19:04:15.10] /o _simulationDoneAction done without exception!
[19:04:15.20] /o Got file /home/argershm/180-voltmeter/Analog/cc/simulation/integrator,tb_main_opamp,schematic/history_1/simulation/diff_mode_gain/PrimeSimSPICE/parametric/L=9.9u/results/.ceFinished
[19:04:15.51] /o touch /home/argershm/180-voltmeter/Analog/cc/simulation/integrator,tb_main_opamp,schematic/history_1/simulation/diff_mode_gain/PrimeSimSPICE/parametric/L=9.9u/results/.unitedSimFinished
[19:04:15.51] /o Calc Job Done!
[19:04:15.51] /o New Worker New CE exit
[19:04:17.32] /o Shutdown time: Sat Sep  6 19:04:17 2025
[19:04:17.32] /o Elapsed session real time: 1.25 minutes
[19:04:17.32] /o Session terminated. Log is at /home/argershm/180-voltmeter/Analog/cc/synopsys_custom/pwdp_jobs/saeSession4_diffmodegain.SimulationSimulation_cdpl.0.3012351/logs/w3/logs/pw_worker.argershm.2025_9_6_190301_3013341.log
