[20:19:18.96] /o 
              /c                                    pw_worker™ 
              /c 
              /c                Version W-2024.09-SP1-2 for linux64 - Jan 15, 2025
              /c              Based on Custom Infrastructure
              /c Version W-2024.09-SP1-2
              /c 
              /c                     Copyright (c) 2004 - 2025 Synopsys, Inc.
              /c    This software and the associated documentation are proprietary to Synopsys,
              /c  Inc. This software may only be used in accordance with the terms and conditions
              /c  of a written license agreement with Synopsys, Inc. All other use, reproduction,
              /c    or distribution of this software is strictly prohibited.  Licensed Products
              /c      communicate with Synopsys servers for the purpose of providing software
              /c     updates, detecting software piracy and verifying that customers are using
              /c     Licensed Products in conformity with the applicable License Key for such
              /c   Licensed Products. Synopsys will use information gathered in connection with
              /c     this process to deliver software updates and pursue software pirates and
              /c                                    infringers.
              /c 
              /c  Inclusivity & Diversity - Visit SolvNetPlus to read the "Synopsys Statement on
              /c             Inclusivity and Diversity" (Refer to article 000036315 at
              /c                         https://solvnetplus.synopsys.com)
              /c 
              /c Build  (OPT) Config 11252589 compiled on Wed Jan 15 11:01:36 2025 for AlmaLinux 8.4
              /c Invocation: /mnt/apps/public/COE/synopsys_apps/primewave/W-2024.09-SP1-2/linux64/platform/bin/custom_shell -application pw_worker -gui 0 -localDir /home/argershm/180-voltmeter/Analog/cc/synopsys_custom/pwdp_jobs/saeSession0_diffmodegain.SimulationSimulation_cdpl.1.1680960/logs/w2
              /c Execution time: Fri Sep  5 20:19:17 2025
              /c Host: claws-compute3.ece.ncsu.edu
              /c Working directory: /home/argershm/180-voltmeter/Analog/cc
              /c 
[20:19:23.11] /m Information: Registering ICV PERC package...
[20:19:23.12] /w Warning: Error: "Job group named 'PrimeWave' already exists under this parent." (IPC-100)
[20:19:23.38] /o #####New Worker job begin - Self history dir=/home/argershm/180-voltmeter/Analog/cc/simulation/integrator,tb_main_opamp,schematic
[20:19:23.56] /o source /home/argershm/180-voltmeter/Analog/cc/synopsys_custom/pwdp_jobs/saeSession0_diffmodegain.SimulationSimulation_cdpl.1.1680960/ccFile.tcl OK
[20:19:23.56] /o LibDefs : /home/argershm/180-voltmeter/Analog/cc/lib.defs
[20:19:23.79] /o new worker create session at loading state!
[20:19:23.79] /o history_1
[20:19:23.83] /m Information: Info: Waveform format selected is PSF. Synopsys recommends using the WDF format with the <HSPICE/FineSim> simulator.
              /c WDF is an optimal format that improves viewing performance and reduces disk usage while PSF is a 3rd party format and support "as-is".
              /c To change the format, open the Setup -> Environment menu and select the WDF format. (PW-642)
[20:19:23.99] /o Loading: Callback files...
[20:19:23.99] /o 
              /c [INFO] : Loading display.tcl from /mnt/designkits/gf180MCU/dk_ncsu/gf180mcu_cc_0.1/Models_HSPICE
              /c 
              /c  if you wish to Load other display.tcl, please set shell environment valiable "iPDK_load_display_gf180mcu" to value = 0
[20:19:23.99] /o 
[20:19:24.03] /w Warning: Could not set the value of preference xtEMIRLPEStarTcadGrdFile because it does not exist. (PREFERENCE-016)
[20:19:24.04] /o 	#######################################
[20:19:24.04] /o 	CC-PDK Library Name	: gf180MCU Open
[20:19:24.04] /o 	#######################################
[20:19:24.04] /o 
[20:19:24.15] /o source /home/argershm/180-voltmeter/Analog/cc/simulation/integrator,tb_main_opamp,schematic/history_1/.nw_preference_script.tcl OK!
[20:19:24.15] /o DSPF Options: {hierDelim==|}||{termDelim==:}||{fingerChar==@}||{multiplierString==_nettran_}||{aggregateCurrent==1}||{MOSTermNames==d g s b}||{MOSTermOrder==D G S B}||{MOSTermDspfNames==DRC GATE SRC BULK}||{firstChars==XM}||{probeHierDelim==/}||{caseSensitive==1}||{firstChar==M}||{hierPrefix==X}||{nodePrefix==M}||{plotTermVoltageForNet==0}||{mapNetToMosTerminal==}||{mapSlashDelimToDot==1}||{probePortCurrent==1}||{busBit==[]}||{removeNodePrefix==1}||{nlConDelim==.}||{mosModelType==auto}||{keepSchName==0}
[20:19:24.15] /o _workerLoadStateAction done!
[20:19:24.18] /o pw_worker _createCalculateEngine got job!
[20:19:24.18] /o pw_worker _createCalculateEngine OK!
[20:19:24.19] /o _getSimulationDetails : 
[20:19:24.19] /o tbName=diff_mode_gain, Mtb=0
[20:19:24.19] /o Got stb tb ok!
[20:19:24.19] /o Self resultsDir: ./simulation
[20:19:24.19] /o Self databaseDir: /home/argershm/180-voltmeter/Analog/cc/simulation/integrator,tb_main_opamp,schematic/history_1/simulation/diff_mode_gain/PrimeSimSPICE/parametric/results
[20:19:24.19] /o source /mnt/apps/public/COE/synopsys_apps/primewave/W-2024.09-SP1-2/auxx/sae/matlab_script.tcl OK
[20:19:24.33] /o _createResultsMap done!
[20:19:24.34] /o ###write_child - resultsDir=/home/argershm/180-voltmeter/Analog/cc/simulation/integrator,tb_main_opamp,schematic/history_1/simulation/diff_mode_gain/PrimeSimSPICE/parametric/W_gm=50u/results
              /c  masterResultsDir=/home/argershm/180-voltmeter/Analog/cc/simulation/integrator,tb_main_opamp,schematic/history_1/simulation/diff_mode_gain/PrimeSimSPICE/parametric/results
              /c  databaseDir=/home/argershm/180-voltmeter/Analog/cc/simulation/integrator,tb_main_opamp,schematic/history_1/simulation/diff_mode_gain/PrimeSimSPICE/parametric/results
              /c  UniqueName=saeSession0, isPilot=false
[20:19:24.34] /o 
[20:19:24.39] /o pw_worker child CE begin!
[20:19:24.39] /o pw_worker invokes measurement finished.
[20:19:24.39] /o pw_worker writeSimMap finsied.
[20:19:24.39] /o _simulationDoneAction done without exception!
[20:19:24.80] /o New Worker New CE ready proc entered.
[20:19:25.39] /o touch /home/argershm/180-voltmeter/Analog/cc/simulation/integrator,tb_main_opamp,schematic/history_1/simulation/diff_mode_gain/PrimeSimSPICE/parametric/W_gm=50u/results/.unitedSimFinished
[20:19:25.39] /o Calc Job Done!
[20:19:25.39] /o New Worker New CE exit
[20:19:27.56] /o Shutdown time: Fri Sep  5 20:19:27 2025
[20:19:27.56] /o Elapsed session real time: 0.15 minutes
[20:19:27.56] /o Session terminated. Log is at /home/argershm/180-voltmeter/Analog/cc/synopsys_custom/pwdp_jobs/saeSession0_diffmodegain.SimulationSimulation_cdpl.1.1680960/logs/w2/logs/pw_worker.argershm.2025_9_5_201917_1701367.log
