1757369047.732632: 3874231-7f1849598ac0: cdpl_log.c:522: in cdpl_log_open(): info: @@start_of_log@@
1757369047.732640: 3874231-7f1849598ac0: cdpl_log.c:1425: in cdpl_log_dump_sysinfo(): info: time: 2025/09/08 18:04:07 EDT -0400
1757369047.732642: 3874231-7f1849598ac0: cdpl_log.c:1427: in cdpl_log_dump_sysinfo(): info: version: X-2025.06 
1757369047.732644: 3874231-7f1849598ac0: cdpl_log.c:1429: in cdpl_log_dump_sysinfo(): info: system: Linux 4.18.0-553.69.1.el8_10.x86_64 #1 SMP Thu Aug 7 18:10:00 EDT 2025
1757369047.732645: 3874231-7f1849598ac0: cdpl_log.c:1434: in cdpl_log_dump_sysinfo(): info: processor: x86_64 64-bits
1757369047.732647: 3874231-7f1849598ac0: cdpl_log.c:1438: in cdpl_log_dump_sysinfo(): info: hostname: claws-compute3.ece.ncsu.edu
1757369047.732648: 3874231-7f1849598ac0: cdpl_log.c:1440: in cdpl_log_dump_sysinfo(): info: program name: custom_shell
1757369047.732650: 3874231-7f1849598ac0: cdpl_log.c:525: in cdpl_log_open(): debug: path: /home/argershm/180-voltmeter/Analog/cc/synopsys_custom/pwdp_jobs/saeSession0_diffmodegain.SimulationSimulation_cdpl.6.3874231/logs/master.claws-compute3.ece.ncsu.edu.3874231.log
1757369047.732652: 3874231-7f1849598ac0: cdpl_log.c:526: in cdpl_log_open(): debug: dir: /home/argershm/180-voltmeter/Analog/cc/synopsys_custom/pwdp_jobs/saeSession0_diffmodegain.SimulationSimulation_cdpl.6.3874231/logs
1757369047.732656: 3874231-7f1849598ac0: cdpl_server.c:537: in cdpl_sv_init(): info: new server S862419563
1757369047.732659: 3874231-7f1849598ac0: cdpl_ipc.c:3475: in cdpl_ipc_init(): info: requesting IPv4 protocol
1757369047.738219: 3874231-7f1849598ac0: cdpl_ipc.c:837: in _selectaddrfamily(): info: selected IPv4 protocol
1757369047.738235: 3874231-7f1849598ac0: cdpl_ipc.c:1139: in _set_keepalive(): info: TCP keep alive interval: 300
1757369047.740878: 3874231-7f1849598ac0: cdpl_monitor.c:1117: in cdpl_mn_new_server(): info: creating server monitor instance
1757369047.740883: 3874231-7f1849598ac0: cdpl_server.c:651: in cdpl_sv_new_master(): info: new master M1
1757369047.740888: 3874231-7f1849598ac0: cdpl_server.c:6474: in cdpl_sv_ctl_master(): info: farm submit command timeout set to 600
1757369047.740889: 3874231-7f1849598ac0: cdpl_server.c:6537: in cdpl_sv_ctl_master(): info: Setting worker heartbeat to 120 seconds
1757369047.740891: 3874231-7f1849598ac0: cdpl_server.c:6546: in cdpl_sv_ctl_master(): info: Setting worker heartbeat timeout to 3 heartbeats
1757369047.740892: 3874231-7f1849598ac0: cdpl_compat_master.c:2108: in _parse_hostfile(): info: reading hostfile `/home/argershm/180-voltmeter/Analog/cc/synopsys_custom/pwdp_jobs/saeSession0_diffmodegain.SimulationSimulation_cdpl.6.3874231/host_file'
1757369047.740901: 3874231-7f1849598ac0: cdpl_compat_master.c:1918: in _hostfile_parser(): debug: parsing "1     |localhost|   -1  | /tmp | SH | sh"
1757369047.740905: 3874231-7f1849598ac0: cdpl_farm.c:2603: in cdpl_farm_new_sh(): info: creating SH farm on localhost
1757369047.740908: 3874231-7f1849598ac0: cdpl_compat_master.c:209: in _set_farm_env(): info: exporting CDPL_LOGDIR as `/home/argershm/180-voltmeter/Analog/cc/synopsys_custom/pwdp_jobs/saeSession0_diffmodegain.SimulationSimulation_cdpl.6.3874231/logs'
1757369047.740910: 3874231-7f1849598ac0: cdpl_compat_master.c:215: in _set_farm_env(): info: exporting CDPL_TMPDIR as `/tmp'
1757369047.740911: 3874231-7f1849598ac0: cdpl_compat_master.c:222: in _set_farm_env(): info: exporting CDPL_HOME as `/mnt/apps/public/COE/synopsys_apps/hspice/X-2025.06/hspice/cdpl'
1757369047.740913: 3874231-7f1849598ac0: cdpl_compat_master.c:238: in _set_farm_env(): info: exporting SNPSLMD_LICENSE_FILE as `27000@ece-lic-35.ece.ncsu.edu'
1757369047.740915: 3874231-7f1849598ac0: cdpl_compat_master.c:263: in _set_farm_env(): info: exporting CDPL_OPTIONS as `[nowlogs]'
1757369047.740917: 3874231-7f1849598ac0: cdpl_compat_master.c:270: in _set_farm_env(): info: exporting DISPLAY as `localhost:10.0'
1757369047.740918: 3874231-7f1849598ac0: cdpl_compat_master.c:278: in _set_farm_env(): info: exporting CDPL_HEARTBEAT as `120'
1757369047.740921: 3874231-7f1849598ac0: cdpl_farm.c:3166: in cdpl_farm_add_withdir(): debug: added `localhost' (capacity: unlimited)
1757369047.740927: 3874231-7f1849598ac0: cdpl_compat_parse.c:147: in parsefile(): debug: read `/home/argershm/180-voltmeter/Analog/cc/synopsys_custom/pwdp_jobs/saeSession0_diffmodegain.SimulationSimulation_cdpl.6.3874231/host_file', 2 lines
1757369047.740928: 3874231-7f1849598ac0: cdpl_compat_master.c:2975: in cdplInitMaster(): info: bcast dir is `/home/argershm/180-voltmeter/Analog/cc/synopsys_custom/pwdp_jobs/saeSession0_diffmodegain.SimulationSimulation_cdpl.6.3874231/logs'
1757369047.740963: 3874231-7f1849598ac0: cdpl_server.c:6437: in cdpl_sv_ctl_master(): info: farm worker timeout set to 300
1757369047.740965: 3874231-7f1849598ac0: cdpl_server.c:6474: in cdpl_sv_ctl_master(): info: farm submit command timeout set to 600
1757369047.740966: 3874231-7f1849598ac0: cdpl_server.c:6490: in cdpl_sv_ctl_master(): info: maximum number of task execution attempts set to 1
1757369047.740970: 3874231-7f1849598ac0: cdpl_server.c:3201: in cdpl_sv_start(): debug: starting server
1757369047.740972: 3874231-7f1849598ac0: cdpl_ipc.c:3632: in cdpl_ipc_start(): debug: starting IPC server 152.14.98.53:43773
1757369047.741099: 3874231-7f17b77fe700: cdpl_server_ipc.c:1182: in _sv_ipc_thread(): debug: ready
1757369047.741128: 3874231-7f17b7fff700: cdpl_monitor.c:426: in cdpl_mn_init_client(): info: creating client monitor instance
1757369047.741139: 3874231-7f17b7fff700: cdpl_ipc.c:3475: in cdpl_ipc_init(): info: requesting IPv4 protocol
1757369047.744941: 3874231-7f17b7fff700: cdpl_ipc.c:837: in _selectaddrfamily(): info: selected IPv4 protocol
1757369047.744967: 3874231-7f17b7fff700: cdpl_ipc.c:1139: in _set_keepalive(): info: TCP keep alive interval: 300
1757369047.747606: 3874231-7f17b7fff700: cdpl_ipc.c:3632: in cdpl_ipc_start(): debug: starting IPC server 152.14.98.53:45757
1757369047.747694: 3874231-7f17b7fff700: cdpl_monitor.c:471: in cdpl_mn_init_client(): debug: incoming messages in /tmp/cdpl-monitor-GB8OBA
1757369047.747838: 3874231-7f17b7fff700: cdpl_monitor.c:533: in cdpl_mn_connect(): debug: connecting to 152.14.98.53:43773
1757369047.747841: 3874231-7f17b7fff700: cdpl_ipc.c:3789: in cdpl_ipc_connect(): info: connecting to 152.14.98.53:43773
1757369047.747954: 3874231-7f17b7fff700: cdpl_ipc.c:3860: in cdpl_ipc_connect(): info: connected as `152.14.98.53:57744'
1757369047.747961: 3874231-7f17b7fff700: cdpl_ipc.c:2503: in cdpl_ipc_host_accept(): debug: accepted host `152.14.98.53:43773'
1757369047.747965: 3874231-7f17b7fff700: cdpl_monitor.c:579: in cdpl_mn_connect(): debug: ok
1757369047.747973: 3874231-7f1849598ac0: cdpl_server.c:732: in cdpl_sv_new_job(): info: new job J1 in M1
1757369047.747984: 3874231-7f17b67fc700: cdpl_ipc.c:1862: in _epoll_accept(): debug: new connection from `152.14.98.53:57744'
1757369047.748011: 3874231-7f17b77fe700: cdpl_server_ipc.c:1225: in _sv_ipc_thread(): debug: received ACCEPT notification
1757369047.748021: 3874231-7f17b77fe700: cdpl_ipc.c:2503: in cdpl_ipc_host_accept(): debug: accepted host `152.14.98.53:57744'
1757369047.748036: 3874231-7f17b77fe700: cdpl_server_ipc.c:1256: in _sv_ipc_thread(): debug: received MONITOR message
1757369047.748058: 3874231-7f1849598ac0: cdpl_compat_master.c:1599: in _add_worker(): info: new worker type 10, min:1, max:3, cmd:`/home/argershm/180-voltmeter/Analog/cc/synopsys_custom/pwdp_jobs/saeSession0_diffmodegain.SimulationSimulation_cdpl.6.3874231/START_WORKER pw_worker -i /home/argershm/180-voltmeter/Analog/cc/synopsys_custom/pwdp_jobs
1757369047.748062: 3874231-7f1849598ac0: cdpl_server.c:909: in cdpl_sv_new_bin_withfarm(): info: new bin B1 in J1
1757369047.748138: 3874231-7f17b77fe700: cdpl_monitor.c:1207: in cdpl_mn_accept(): debug: accepted monitor `152.14.98.53:57744'
1757369047.748143: 3874231-7f17b77fe700: cdpl_server_ipc_mon.c:120: in _globalLOCK(): debug: ENTERTING GLOBAL LOCK
1757369047.748145: 3874231-7f17b77fe700: cdpl_server_ipc_mon.c:164: in _globalLOCK(): debug: global lock acquired
1757369047.748536: 3874231-7f17faffd700: cdpl_monitor.c:910: in mn_systat(): debug: started
1757369047.748754: 3874231-7f17faffd700: cdpl_monitor.c:937: in mn_systat(): debug: monitor server flush rate: 5
1757369048.546155: 3874231-7f17b77fe700: cdpl_server_ipc_mon.c:210: in _globalUNLOCK(): debug: LEAVING GLOBAL LOCK
1757369048.546176: 3874231-7f1849598ac0: cdpl_server.c:3255: in cdpl_sv_start_job(): info: starting job J1
1757369048.546194: 3874231-7f1849598ac0: cdpl_server.c:63: in _sv_start_bin(): debug: starting bin B1 (min: 0, max: 3)
1757369048.546301: 3874231-7f1849598ac0: cdpl_server.c:1899: in _sv_gen_task(): info: new task T0 in B1 (prio 0)
1757369048.546308: 3874231-7f1849598ac0: cdpl_server.c:2704: in cdpl_sv_label_task_va(): info: setting task T0 label to "PrimeSim_25|PrimeSim"
1757369048.546318: 3874231-7f1849598ac0: cdpl_compat_master.c:6059: in cdplMasterLogInfo(): info: [non-CDPL log entry] PWDP: add new job job_name=PrimeSim_25 assigned task T0 vector_id=0.
1757369048.546449: 3874231-7f17f97fa700: cdpl_server_sched.c:2483: in _sv_scheduler_thread(): debug: scheduler for bin B1 started
1757369048.546456: 3874231-7f17f97fa700: cdpl_server_sched.c:2444: in _scheduler_run(): debug: will start a new worker
1757369048.546464: 3874231-7f17f97fa700: cdpl_farm.c:3994: in cdpl_farm_submit(): debug: 1 running processes
1757369048.546467: 3874231-7f17f97fa700: cdpl_farm.c:4002: in cdpl_farm_submit(): debug: new command C1 in bin B1 assigned to host `localhost'
1757369048.546532: 3874231-7f17f97fa700: cdpl_server_sched.c:705: in _sv_launch_worker(): info: started worker W1 (as C1) in bin B1
1757369048.546706: 3874231-7f17f8ff9700: cdpl_farm.c:2164: in _schedule(): debug: started
1757369048.546715: 3874231-7f17f8ff9700: cdpl_farm.c:2169: in _schedule(): info: worker submit command timeout set to 600 seconds
1757369048.546719: 3874231-7f17f8ff9700: cdpl_farm.c:2328: in _schedule(): debug: submitting command C1 in bin B1
1757369048.546722: 3874231-7f17f8ff9700: cdpl_sh.c:50: in _sh_detached_submit(): info: SH : /home/argershm/180-voltmeter/Analog/cc/synopsys_custom/pwdp_jobs/saeSession0_diffmodegain.SimulationSimulation_cdpl.6.3874231/START_WORKER pw_worker -i /home/argershm/180-voltmeter/Analog/cc/synopsys_custom/pwdp_jobs/saeSession0_diffmodegain.SimulationSimulation_cdpl.6.3874231 -t 10000
1757369048.547219: 3874231-7f17f8ff9700: cdpl_farm.c:2368: in _schedule(): debug: C1 in bin B1 running on slot 0
1757369048.547228: 3874231-7f17f8ff9700: cdpl_farm.c:2192: in _schedule(): debug: idle
1757369048.724472: 3874231-7f1849598ac0: cdpl_compat_master.c:6059: in cdplMasterLogInfo(): info: [non-CDPL log entry] PWDP3: reset pilot cache succeeded, pilot_key=saeSession0,1,diff_mode_gain|&/home/argershm/180-voltmeter/Analog/cc/simulation/argershm,tb_main_opamp,schematic/history_1/simulation/diff_mode_gain/PrimeSimSPICE/nominal/results
1757369048.847303: 3874231-7f17f8ff9700: cdpl_farm.c:1212: in _onexit(): debug: C1 in bin B1 exited normally on slot 0
1757369049.658225: 3874231-7f17f9ffb700: cdpl_compat_master.c:6059: in cdplMasterLogInfo(): info: [non-CDPL log entry] PWDP - no-workers started ok check start!
1757369050.385974: 3874231-7f17b67fc700: cdpl_ipc.c:1862: in _epoll_accept(): debug: new connection from `152.14.98.53:57754'
1757369050.386000: 3874231-7f17b77fe700: cdpl_server_ipc.c:1225: in _sv_ipc_thread(): debug: received ACCEPT notification
1757369050.386014: 3874231-7f17b77fe700: cdpl_ipc.c:2503: in cdpl_ipc_host_accept(): debug: accepted host `152.14.98.53:57754'
1757369050.386244: 3874231-7f17b77fe700: cdpl_server_ipc.c:1246: in _sv_ipc_thread(): debug: received HELLO message
1757369050.386250: 3874231-7f17b77fe700: cdpl_server_ipc.c:430: in _sv_on_hello(): debug: looking up W1
1757369050.386254: 3874231-7f17b77fe700: cdpl_server_ipc.c:540: in _sv_on_hello(): info: W1 is `152.14.98.53:57754'
1757369050.386256: 3874231-7f17b77fe700: cdpl_server_ipc.c:541: in _sv_on_hello(): debug: hello W1 (B1)
1757369050.386257: 3874231-7f17b77fe700: cdpl_server_ipc.c:542: in _sv_on_hello(): info: W1 log file is /dev/null
1757369050.386267: 3874231-7f17b77fe700: cdpl_server_ipc.c:602: in _sv_on_hello(): info: up to 1 alive workers in B1
1757369050.386278: 3874231-7f17b77fe700: cdpl_farm.c:897: in _release_cmd(): debug: freeing command C1 in bin B1
1757369050.386295: 3874231-7f17f97fa700: cdpl_server_sched.c:960: in _assign(): info: assigning task T0 to worker W1
1757369050.451043: 3874231-7f17b77fe700: cdpl_server_ipc.c:1268: in _sv_ipc_thread(): debug: received RELAY message
1757369050.451052: 3874231-7f17b77fe700: cdpl_server_ipc.c:713: in _sv_on_relay(): debug: RELAY message from W1, size = 65
1757369050.451055: 3874231-7f17b77fe700: cdpl_server_ipc.c:715: in _sv_on_relay(): debug: RELAY message from W1, content = 0$3964984 claws-compute3.ece.ncsu.edu 3965020 RUNNING 1757369050
1757369051.386424: 3874231-7f17b77fe700: cdpl_server_ipc.c:312: in _sv_on_heartbeat(): debug: received HEARTBEAT from worker W1 at 152.14.98.53:57754
1757369052.749390: 3874231-7f17b7fff700: cdpl_monitor.c:533: in cdpl_mn_connect(): debug: connecting to 152.14.98.53:44087
1757369052.749401: 3874231-7f17b7fff700: cdpl_ipc.c:3789: in cdpl_ipc_connect(): info: connecting to 152.14.98.53:44087
1757369052.749531: 3874231-7f17b7fff700: cdpl_ipc.c:3860: in cdpl_ipc_connect(): info: connected as `152.14.98.53:38046'
1757369052.749538: 3874231-7f17b7fff700: cdpl_ipc.c:2503: in cdpl_ipc_host_accept(): debug: accepted host `152.14.98.53:44087'
1757369052.749543: 3874231-7f17b7fff700: cdpl_monitor.c:579: in cdpl_mn_connect(): debug: ok
1757369058.149765: 3874231-7f17b77fe700: cdpl_server_ipc.c:1268: in _sv_ipc_thread(): debug: received RELAY message
1757369058.149778: 3874231-7f17b77fe700: cdpl_server_ipc.c:713: in _sv_on_relay(): debug: RELAY message from W1, size = 52
1757369058.149781: 3874231-7f17b77fe700: cdpl_server_ipc.c:715: in _sv_on_relay(): debug: RELAY message from W1, content = WORKERDU|5972,/dev/mapper/rhel_claws--compute3-home
1757369058.149786: 3874231-7f17b77fe700: cdpl_server_ipc.c:1268: in _sv_ipc_thread(): debug: received RELAY message
1757369058.149788: 3874231-7f17b77fe700: cdpl_server_ipc.c:713: in _sv_on_relay(): debug: RELAY message from W1, size = 191
1757369058.149789: 3874231-7f17b77fe700: cdpl_server_ipc.c:715: in _sv_on_relay(): debug: RELAY message from W1, content = REQPILOT|saeSession0,1,diff_mode_gain|&/home/argershm/180-voltmeter/Analog/cc/simulation/argershm,tb_main_opamp,schematic/history_1/simulation/diff_mode_gain/PrimeSimSPICE/nominal/results|&0
1757369058.149817: 3874231-7f17fa7fc700: cdpl_compat_master.c:6059: in cdplMasterLogInfo(): info: [non-CDPL log entry] PWDP send back 'DOPILOT' to worker id:1 key: saeSession0,1,diff_mode_gain|&/home/argershm/180-voltmeter/Analog/cc/simulation/argershm,tb_main_opamp,schematic/history_1/simulation/diff_mode_gain/PrimeSimSPICE/nominal/results
1757369058.149967: 3874231-7f17fa7fc700: cdpl_compat_master.c:6059: in cdplMasterLogInfo(): info: [non-CDPL log entry] PWDP: set pilot doing!
1757369058.153494: 3874231-7f17b77fe700: cdpl_server_ipc.c:1268: in _sv_ipc_thread(): debug: received RELAY message
1757369058.153502: 3874231-7f17b77fe700: cdpl_server_ipc.c:713: in _sv_on_relay(): debug: RELAY message from W1, size = 187
1757369058.153504: 3874231-7f17b77fe700: cdpl_server_ipc.c:715: in _sv_on_relay(): debug: RELAY message from W1, content = PILOTOK|saeSession0,1,diff_mode_gain|&/home/argershm/180-voltmeter/Analog/cc/simulation/argershm,tb_main_opamp,schematic/history_1/simulation/diff_mode_gain/PrimeSimSPICE/nominal/results
1757369058.153523: 3874231-7f17fa7fc700: cdpl_compat_master.c:6059: in cdplMasterLogInfo(): info: [non-CDPL log entry] PWDP: set pilot done!
1757369058.175090: 3874231-7f17b77fe700: cdpl_server_ipc.c:1268: in _sv_ipc_thread(): debug: received RELAY message
1757369058.175098: 3874231-7f17b77fe700: cdpl_server_ipc.c:713: in _sv_on_relay(): debug: RELAY message from W1, size = 40
1757369058.175101: 3874231-7f17b77fe700: cdpl_server_ipc.c:715: in _sv_on_relay(): debug: RELAY message from W1, content = 0$- - - MEASDOING 1757369050|1757369058
1757369058.632494: 3874231-7f17b77fe700: cdpl_server_ipc.c:1268: in _sv_ipc_thread(): debug: received RELAY message
1757369058.632511: 3874231-7f17b77fe700: cdpl_server_ipc.c:713: in _sv_on_relay(): debug: RELAY message from W1, size = 77
1757369058.632514: 3874231-7f17b77fe700: cdpl_server_ipc.c:715: in _sv_on_relay(): debug: RELAY message from W1, content = 0$3964984 claws-compute3.ece.ncsu.edu 3965020 FINISHED 1757369050|1757369058
1757369058.651491: 3874231-7f17b77fe700: cdpl_server_ipc.c:1268: in _sv_ipc_thread(): debug: received RELAY message
1757369058.651499: 3874231-7f17b77fe700: cdpl_server_ipc.c:713: in _sv_on_relay(): debug: RELAY message from W1, size = 189
1757369058.651502: 3874231-7f17b77fe700: cdpl_server_ipc.c:715: in _sv_on_relay(): debug: RELAY message from W1, content = PILOTDONE|saeSession0,1,diff_mode_gain|&/home/argershm/180-voltmeter/Analog/cc/simulation/argershm,tb_main_opamp,schematic/history_1/simulation/diff_mode_gain/PrimeSimSPICE/nominal/results
1757369058.651528: 3874231-7f17fa7fc700: cdpl_compat_master.c:6059: in cdplMasterLogInfo(): info: [non-CDPL log entry] saeSession0,1,diff_mode_gain|&/home/argershm/180-voltmeter/Analog/cc/simulation/argershm,tb_main_opamp,schematic/history_1/simulation/diff_mode_gain/PrimeSimSPICE/nominal/results PILOTDONE!
1757369058.670732: 3874231-7f17b77fe700: cdpl_server_ipc.c:1251: in _sv_ipc_thread(): debug: received FINISH message
1757369058.670739: 3874231-7f17b77fe700: cdpl_server_ipc.c:983: in _sv_on_finish(): info: worker W1 completed task T0
1757369058.670742: 3874231-7f17b77fe700: cdpl_server_ipc.c:988: in _sv_on_finish(): debug: stat T0: utime=4918 stime=2340
1757369058.670744: 3874231-7f17b77fe700: cdpl_server_ipc.c:993: in _sv_on_finish(): debug: statm T0: vsize=3171656 rss=1060396 shared=541244 text=493304 data=717572
1757369058.677887: 3874231-7f1849598ac0: cdpl_server.c:228: in _sv_free_task_safe(): debug: freeing task T0
1757369058.729681: 3874231-7f17b77fe700: cdpl_server_ipc.c:1268: in _sv_ipc_thread(): debug: received RELAY message
1757369058.729690: 3874231-7f17b77fe700: cdpl_server_ipc.c:713: in _sv_on_relay(): debug: RELAY message from W1, size = 50
1757369058.729692: 3874231-7f17b77fe700: cdpl_server_ipc.c:715: in _sv_on_relay(): debug: RELAY message from W1, content = WORKERDU|48,/dev/mapper/rhel_claws--compute3-home
1757369059.459539: 3874231-7f1849598ac0: cdpl_server.c:3014: in cdpl_sv_halt_job_errno(): info: killing job J1
1757369059.459561: 3874231-7f1849598ac0: cdpl_server.c:3050: in cdpl_sv_halt_job_errno(): debug: signal bin B1 scheduler to stop
1757369059.459583: 3874231-7f17f97fa700: cdpl_server_sched.c:2485: in _sv_scheduler_thread(): debug: scheduler for bin B1 stopped
1757369059.459597: 3874231-7f17f97fa700: cdpl_ipc.c:1657: in _host_drop__UNSAFE(): debug: dropping host `152.14.98.53:57754'
1757369059.459628: 3874231-7f17f97fa700: cdpl_server_sched.c:2831: in _sv_drop_worker(): info: down to 0 alive workers in B1
1757369059.459631: 3874231-7f17f97fa700: cdpl_farm.c:4174: in cdpl_farm_dismiss(): debug: down to 0 running processes
1757369059.459635: 3874231-7f17b77fe700: cdpl_server_ipc.c:1236: in _sv_ipc_thread(): debug: received DROP notification
1757369059.459650: 3874231-7f17f97fa700: cdpl_server_sched.c:121: in _free_worker_2(): debug: freeing worker W1
1757369059.459653: 3874231-7f17f97fa700: cdpl_ipc.c:2513: in cdpl_ipc_host_release(): debug: releasing host `152.14.98.53:57754'
1757369059.459655: 3874231-7f17f97fa700: cdpl_ipc.c:2529: in cdpl_ipc_host_release(): debug: scheduling for immediate release
1757369059.459671: 3874231-7f1849598ac0: cdpl_server.c:295: in _sv_free_job(): info: freeing job J1
1757369059.459677: 3874231-7f1849598ac0: cdpl_server.c:93: in _sv_free_bin(): debug: freeing bin B1
1757369059.459685: 3874231-7f1849598ac0: cdpl_monitor.c:515: in cdpl_mn_kill(): info: killing monitor
1757369059.459687: 3874231-7f1849598ac0: cdpl_ipc.c:3677: in cdpl_ipc_kill(): debug: stopping event server
1757369059.459813: 3874231-7f17b67fc700: cdpl_ipc.c:775: in _readv(): warning: read(): EOF
1757369059.459826: 3874231-7f17b67fc700: cdpl_ipc.c:2100: in _epoll_recv(): debug: _readv(): Broken pipe
1757369059.459829: 3874231-7f17bcff9700: cdpl_ipc.c:2460: in _epoll_main(): debug: server going down...
1757369059.459844: 3874231-7f17b67fc700: cdpl_ipc.c:2424: in _epoll_main(): debug: _epoll_recv(): Broken pipe
1757369059.459849: 3874231-7f17b67fc700: cdpl_ipc.c:1657: in _host_drop__UNSAFE(): debug: dropping host `152.14.98.53:57744'
1757369059.459891: 3874231-7f17b67fc700: cdpl_ipc.c:1582: in _host_free__UNSAFE(): debug: freeing host `152.14.98.53:57754'
1757369059.459894: 3874231-7f17b67fc700: cdpl_ipc.c:1621: in _host_free__UNSAFE(): debug: [0 outq, 0 spR, 0 spW]
1757369059.459900: 3874231-7f17b77fe700: cdpl_server_ipc.c:1236: in _sv_ipc_thread(): debug: received DROP notification
1757369059.459906: 3874231-7f17b77fe700: cdpl_monitor.c:1269: in cdpl_mn_drop(): debug: detaching from monitor `152.14.98.53:57744'
1757369059.459911: 3874231-7f17b77fe700: cdpl_monitor.c:1101: in mn_systat_stop(): debug: joining systat thread
1757369059.459988: 3874231-7f17b7fff700: cdpl_ipc.c:3728: in cdpl_ipc_free(): debug: releasing IPC handle
1757369059.460001: 3874231-7f17b7fff700: cdpl_ipc.c:1582: in _host_free__UNSAFE(): debug: freeing host `152.14.98.53:44087'
1757369059.460004: 3874231-7f17b7fff700: cdpl_ipc.c:1621: in _host_free__UNSAFE(): debug: [0 outq, 0 spR, 0 spW]
1757369059.460018: 3874231-7f17b7fff700: cdpl_ipc.c:1582: in _host_free__UNSAFE(): debug: freeing host `152.14.98.53:43773'
1757369059.460020: 3874231-7f17b7fff700: cdpl_ipc.c:1621: in _host_free__UNSAFE(): debug: [0 outq, 0 spR, 0 spW]
1757369059.460028: 3874231-7f17b7fff700: cdpl_ipc.c:3756: in cdpl_ipc_free(): warning: 2 host(s) were not released
1757369059.460036: 3874231-7f17b7fff700: cdpl_ipc.c:3767: in cdpl_ipc_free(): debug: done
1757369059.460038: 3874231-7f17b7fff700: cdpl_monitor.c:1390: in cdpl_mn_free(): debug: freeing monitor client
1757369059.460073: 3874231-7f17faffd700: cdpl_monitor.c:1079: in mn_systat(): debug: exiting
1757369059.460082: 3874231-7f17b77fe700: cdpl_monitor.c:1103: in mn_systat_stop(): debug: systat thread done
1757369059.460084: 3874231-7f17b77fe700: cdpl_ipc.c:2513: in cdpl_ipc_host_release(): debug: releasing host `152.14.98.53:57744'
1757369059.460128: 3874231-7f1849598ac0: cdpl_farm.c:2765: in cdpl_farm_free(): info: freeing farm
1757369059.460149: 3874231-7f17f8ff9700: cdpl_farm.c:2256: in _schedule(): debug: end of idling
1757369059.460156: 3874231-7f17f8ff9700: cdpl_farm.c:2260: in _schedule(): debug: dying
1757369059.460196: 3874231-7f1849598ac0: cdpl_farm.c:932: in _killall(): debug: killing all remaining commands
1757369059.460200: 3874231-7f1849598ac0: cdpl_server.c:3150: in cdpl_sv_free(): info: freeing server S862419563
1757369059.460203: 3874231-7f1849598ac0: cdpl_server.c:3115: in cdpl_sv_kill_errno(): info: killing server
1757369059.460205: 3874231-7f1849598ac0: cdpl_ipc.c:3677: in cdpl_ipc_kill(): debug: stopping event server
1757369059.460215: 3874231-7f17b67fc700: cdpl_ipc.c:2460: in _epoll_main(): debug: server going down...
1757369059.460220: 3874231-7f17b77fe700: cdpl_server_ipc.c:1200: in _sv_ipc_thread(): debug: leaving now
1757369059.460229: 3874231-7f1849598ac0: cdpl_server.c:335: in _sv_free_master(): info: freeing master M1
1757369059.460232: 3874231-7f1849598ac0: cdpl_hash.c:68: in cdpl_h_destroy(): debug: put operations: 1
1757369059.460233: 3874231-7f1849598ac0: cdpl_hash.c:69: in cdpl_h_destroy(): debug: put collisions: 0
1757369059.460235: 3874231-7f1849598ac0: cdpl_hash.c:70: in cdpl_h_destroy(): debug: get operations: 1
1757369059.460236: 3874231-7f1849598ac0: cdpl_hash.c:71: in cdpl_h_destroy(): debug: get iterations: 1
1757369059.460239: 3874231-7f1849598ac0: cdpl_monitor.c:1390: in cdpl_mn_free(): debug: freeing monitor server
1757369059.460246: 3874231-7f1849598ac0: cdpl_ipc.c:3728: in cdpl_ipc_free(): debug: releasing IPC handle
1757369059.460248: 3874231-7f1849598ac0: cdpl_ipc.c:1582: in _host_free__UNSAFE(): debug: freeing host `152.14.98.53:57744'
1757369059.460250: 3874231-7f1849598ac0: cdpl_ipc.c:1621: in _host_free__UNSAFE(): debug: [0 outq, 0 spR, 0 spW]
1757369059.460269: 3874231-7f1849598ac0: cdpl_ipc.c:3767: in cdpl_ipc_free(): debug: done
1757369059.460275: 3874231-7f1849598ac0: cdpl_log.c:688: in cdpl_log_close(): info: @@end_of_log@@
