[18:12:56.44] /o 
              /c                                    pw_worker™ 
              /c 
              /c                Version W-2024.09-SP1-2 for linux64 - Jan 15, 2025
              /c              Based on Custom Infrastructure
              /c Version W-2024.09-SP1-2
              /c 
              /c                     Copyright (c) 2004 - 2025 Synopsys, Inc.
              /c    This software and the associated documentation are proprietary to Synopsys,
              /c  Inc. This software may only be used in accordance with the terms and conditions
              /c  of a written license agreement with Synopsys, Inc. All other use, reproduction,
              /c    or distribution of this software is strictly prohibited.  Licensed Products
              /c      communicate with Synopsys servers for the purpose of providing software
              /c     updates, detecting software piracy and verifying that customers are using
              /c     Licensed Products in conformity with the applicable License Key for such
              /c   Licensed Products. Synopsys will use information gathered in connection with
              /c     this process to deliver software updates and pursue software pirates and
              /c                                    infringers.
              /c 
              /c  Inclusivity & Diversity - Visit SolvNetPlus to read the "Synopsys Statement on
              /c             Inclusivity and Diversity" (Refer to article 000036315 at
              /c                         https://solvnetplus.synopsys.com)
              /c 
              /c Build  (OPT) Config 11252589 compiled on Wed Jan 15 11:01:36 2025 for AlmaLinux 8.4
              /c Invocation: /mnt/apps/public/COE/synopsys_apps/primewave/W-2024.09-SP1-2/linux64/platform/bin/custom_shell -application pw_worker -gui 0 -localDir /home/argershm/180-voltmeter/Analog/cc/synopsys_custom/pwdp_jobs/saeSession4_diffmodegain.SimulationSimulation_cdpl.1.2804298/logs/w2
              /c Execution time: Sat Sep  6 18:12:54 2025
              /c Host: claws-compute3.ece.ncsu.edu
              /c Working directory: /home/argershm/180-voltmeter/Analog/cc
              /c 
[18:13:01.37] /m Information: Registering ICV PERC package...
[18:13:01.37] /w Warning: Error: "Job group named 'PrimeWave' already exists under this parent." (IPC-100)
[18:13:01.87] /o #####New Worker job begin - Self history dir=/home/argershm/180-voltmeter/Analog/cc/simulation/integrator,tb_main_opamp,schematic
[18:13:02.07] /o source /home/argershm/180-voltmeter/Analog/cc/synopsys_custom/pwdp_jobs/saeSession4_diffmodegain.SimulationSimulation_cdpl.1.2804298/ccFile.tcl OK
[18:13:02.07] /o LibDefs : /home/argershm/180-voltmeter/Analog/cc/lib.defs
[18:13:02.34] /o new worker create session at loading state!
[18:13:02.34] /o history_1
[18:13:02.38] /m Information: Info: Waveform format selected is PSF. Synopsys recommends using the WDF format with the <HSPICE/FineSim> simulator.
              /c WDF is an optimal format that improves viewing performance and reduces disk usage while PSF is a 3rd party format and support "as-is".
              /c To change the format, open the Setup -> Environment menu and select the WDF format. (PW-642)
[18:13:02.57] /o Loading: Callback files...
[18:13:02.57] /o 
              /c [INFO] : Loading display.tcl from /mnt/designkits/gf180MCU/dk_ncsu/gf180mcu_cc_0.1/Models_HSPICE
              /c 
              /c  if you wish to Load other display.tcl, please set shell environment valiable "iPDK_load_display_gf180mcu" to value = 0
[18:13:02.57] /o 
[18:13:02.62] /w Warning: Could not set the value of preference xtEMIRLPEStarTcadGrdFile because it does not exist. (PREFERENCE-016)
[18:13:02.62] /o 	#######################################
[18:13:02.62] /o 	CC-PDK Library Name	: gf180MCU Open
[18:13:02.62] /o 	#######################################
[18:13:02.62] /o 
[18:13:02.74] /o source /home/argershm/180-voltmeter/Analog/cc/simulation/integrator,tb_main_opamp,schematic/history_1/.nw_preference_script.tcl OK!
[18:13:02.74] /o DSPF Options: {hierDelim==|}||{termDelim==:}||{fingerChar==@}||{multiplierString==_nettran_}||{aggregateCurrent==1}||{MOSTermNames==d g s b}||{MOSTermOrder==D G S B}||{MOSTermDspfNames==DRC GATE SRC BULK}||{firstChars==XM}||{probeHierDelim==/}||{caseSensitive==1}||{firstChar==M}||{hierPrefix==X}||{nodePrefix==M}||{plotTermVoltageForNet==0}||{mapNetToMosTerminal==}||{mapSlashDelimToDot==1}||{probePortCurrent==1}||{busBit==[]}||{removeNodePrefix==1}||{nlConDelim==.}||{mosModelType==auto}||{keepSchName==0}
[18:13:02.74] /o _workerLoadStateAction done!
[18:13:02.76] /o pw_worker _createCalculateEngine got job!
[18:13:02.76] /o pw_worker _createCalculateEngine OK!
[18:13:02.77] /o _getSimulationDetails : 
[18:13:02.77] /o tbName=diff_mode_gain, Mtb=0
[18:13:02.77] /o Got stb tb ok!
[18:13:02.77] /o Self resultsDir: ./simulation
[18:13:02.77] /o Self databaseDir: /home/argershm/180-voltmeter/Analog/cc/simulation/integrator,tb_main_opamp,schematic/history_1/simulation/diff_mode_gain/PrimeSimSPICE/parametric/results
[18:13:02.78] /o source /mnt/apps/public/COE/synopsys_apps/primewave/W-2024.09-SP1-2/auxx/sae/matlab_script.tcl OK
[18:13:02.93] /o _createResultsMap done!
[18:13:02.93] /o ###write_child - resultsDir=/home/argershm/180-voltmeter/Analog/cc/simulation/integrator,tb_main_opamp,schematic/history_1/simulation/diff_mode_gain/PrimeSimSPICE/parametric/L=20u/results
              /c  masterResultsDir=/home/argershm/180-voltmeter/Analog/cc/simulation/integrator,tb_main_opamp,schematic/history_1/simulation/diff_mode_gain/PrimeSimSPICE/parametric/results
              /c  databaseDir=/home/argershm/180-voltmeter/Analog/cc/simulation/integrator,tb_main_opamp,schematic/history_1/simulation/diff_mode_gain/PrimeSimSPICE/parametric/results
              /c  UniqueName=saeSession4, isPilot=true
[18:13:02.93] /o 
[18:13:02.99] /o pw_worker child CE begin!
[18:13:02.99] /o ###write_master - histName=history_1 masterResultsDir=/home/argershm/180-voltmeter/Analog/cc/simulation/integrator,tb_main_opamp,schematic/history_1/simulation/diff_mode_gain/PrimeSimSPICE/parametric/results
              /c  incompleteType=, resultsDirectory=./simulation
[18:13:02.99] /o 
[18:13:03.06] /o pw_worker invokes measurement finished.
[18:13:03.06] /o pw_worker writeSimMap finsied.
[18:13:03.06] /o _simulationDoneAction done without exception!
[18:13:03.47] /o New Worker New CE ready proc entered.
[18:13:03.86] /o Got file /home/argershm/180-voltmeter/Analog/cc/simulation/integrator,tb_main_opamp,schematic/history_1/simulation/diff_mode_gain/PrimeSimSPICE/parametric/L=20u/results/.ceFinished
[18:13:04.16] /o touch /home/argershm/180-voltmeter/Analog/cc/simulation/integrator,tb_main_opamp,schematic/history_1/simulation/diff_mode_gain/PrimeSimSPICE/parametric/L=20u/results/.unitedSimFinished
[18:13:04.16] /o Calc Job Done!
[18:13:04.16] /o New Worker New CE exit
[18:13:04.27] /o touch pilot meas done flag file: /home/argershm/180-voltmeter/Analog/cc/simulation/integrator,tb_main_opamp,schematic/history_1/simulation/diff_mode_gain/PrimeSimSPICE/parametric/results/.pw_nw_meas_done
[18:13:04.28] /o #####New Worker job begin - Self history dir=/home/argershm/180-voltmeter/Analog/cc/simulation/integrator,tb_main_opamp,schematic
[18:13:04.40] /o pw_worker _createCalculateEngine got job!
[18:13:04.40] /o pw_worker _createCalculateEngine OK!
[18:13:05.71] /o New Worker New CE ready proc entered.
[18:13:05.88] /o _getSimulationDetails : 
[18:13:05.88] /o tbName=diff_mode_gain, Mtb=0
[18:13:05.88] /o Got stb tb ok!
[18:13:05.88] /o Self resultsDir: ./simulation
[18:13:05.88] /o Self databaseDir: /home/argershm/180-voltmeter/Analog/cc/simulation/integrator,tb_main_opamp,schematic/history_1/simulation/diff_mode_gain/PrimeSimSPICE/parametric/results
[18:13:06.01] /o _createResultsMap done!
[18:13:06.01] /o ###write_child - resultsDir=/home/argershm/180-voltmeter/Analog/cc/simulation/integrator,tb_main_opamp,schematic/history_1/simulation/diff_mode_gain/PrimeSimSPICE/parametric/L=30u/results
              /c  masterResultsDir=/home/argershm/180-voltmeter/Analog/cc/simulation/integrator,tb_main_opamp,schematic/history_1/simulation/diff_mode_gain/PrimeSimSPICE/parametric/results
              /c  databaseDir=/home/argershm/180-voltmeter/Analog/cc/simulation/integrator,tb_main_opamp,schematic/history_1/simulation/diff_mode_gain/PrimeSimSPICE/parametric/results
              /c  UniqueName=saeSession4, isPilot=false
[18:13:06.01] /o 
[18:13:06.02] /o pw_worker child CE begin!
[18:13:06.02] /o pw_worker invokes measurement finished.
[18:13:06.02] /o pw_worker writeSimMap finsied.
[18:13:06.02] /o _simulationDoneAction done without exception!
[18:13:06.12] /o Got file /home/argershm/180-voltmeter/Analog/cc/simulation/integrator,tb_main_opamp,schematic/history_1/simulation/diff_mode_gain/PrimeSimSPICE/parametric/L=30u/results/.ceFinished
[18:13:06.42] /o touch /home/argershm/180-voltmeter/Analog/cc/simulation/integrator,tb_main_opamp,schematic/history_1/simulation/diff_mode_gain/PrimeSimSPICE/parametric/L=30u/results/.unitedSimFinished
[18:13:06.42] /o Calc Job Done!
[18:13:06.42] /o New Worker New CE exit
[18:13:06.55] /o #####New Worker job begin - Self history dir=/home/argershm/180-voltmeter/Analog/cc/simulation/integrator,tb_main_opamp,schematic
[18:13:06.67] /o pw_worker _createCalculateEngine got job!
[18:13:06.67] /o pw_worker _createCalculateEngine OK!
[18:13:07.97] /o New Worker New CE ready proc entered.
[18:13:08.15] /o _getSimulationDetails : 
[18:13:08.15] /o tbName=diff_mode_gain, Mtb=0
[18:13:08.15] /o Got stb tb ok!
[18:13:08.15] /o Self resultsDir: ./simulation
[18:13:08.15] /o Self databaseDir: /home/argershm/180-voltmeter/Analog/cc/simulation/integrator,tb_main_opamp,schematic/history_1/simulation/diff_mode_gain/PrimeSimSPICE/parametric/results
[18:13:08.23] /o _createResultsMap done!
[18:13:08.23] /o ###write_child - resultsDir=/home/argershm/180-voltmeter/Analog/cc/simulation/integrator,tb_main_opamp,schematic/history_1/simulation/diff_mode_gain/PrimeSimSPICE/parametric/L=50u/results
              /c  masterResultsDir=/home/argershm/180-voltmeter/Analog/cc/simulation/integrator,tb_main_opamp,schematic/history_1/simulation/diff_mode_gain/PrimeSimSPICE/parametric/results
              /c  databaseDir=/home/argershm/180-voltmeter/Analog/cc/simulation/integrator,tb_main_opamp,schematic/history_1/simulation/diff_mode_gain/PrimeSimSPICE/parametric/results
              /c  UniqueName=saeSession4, isPilot=false
[18:13:08.23] /o 
[18:13:08.24] /o pw_worker child CE begin!
[18:13:08.24] /o pw_worker invokes measurement finished.
[18:13:08.24] /o pw_worker writeSimMap finsied.
[18:13:08.24] /o _simulationDoneAction done without exception!
[18:13:08.34] /o Got file /home/argershm/180-voltmeter/Analog/cc/simulation/integrator,tb_main_opamp,schematic/history_1/simulation/diff_mode_gain/PrimeSimSPICE/parametric/L=50u/results/.ceFinished
[18:13:08.75] /o touch /home/argershm/180-voltmeter/Analog/cc/simulation/integrator,tb_main_opamp,schematic/history_1/simulation/diff_mode_gain/PrimeSimSPICE/parametric/L=50u/results/.unitedSimFinished
[18:13:08.75] /o Calc Job Done!
[18:13:08.75] /o New Worker New CE exit
[18:13:08.87] /o #####New Worker job begin - Self history dir=/home/argershm/180-voltmeter/Analog/cc/simulation/integrator,tb_main_opamp,schematic
[18:13:09.00] /o pw_worker _createCalculateEngine got job!
[18:13:09.00] /o pw_worker _createCalculateEngine OK!
[18:13:10.30] /o New Worker New CE ready proc entered.
[18:13:10.50] /o _getSimulationDetails : 
[18:13:10.50] /o tbName=diff_mode_gain, Mtb=0
[18:13:10.50] /o Got stb tb ok!
[18:13:10.50] /o Self resultsDir: ./simulation
[18:13:10.50] /o Self databaseDir: /home/argershm/180-voltmeter/Analog/cc/simulation/integrator,tb_main_opamp,schematic/history_1/simulation/diff_mode_gain/PrimeSimSPICE/parametric/results
[18:13:10.60] /o _createResultsMap done!
[18:13:10.61] /o ###write_child - resultsDir=/home/argershm/180-voltmeter/Analog/cc/simulation/integrator,tb_main_opamp,schematic/history_1/simulation/diff_mode_gain/PrimeSimSPICE/parametric/L=70u/results
              /c  masterResultsDir=/home/argershm/180-voltmeter/Analog/cc/simulation/integrator,tb_main_opamp,schematic/history_1/simulation/diff_mode_gain/PrimeSimSPICE/parametric/results
              /c  databaseDir=/home/argershm/180-voltmeter/Analog/cc/simulation/integrator,tb_main_opamp,schematic/history_1/simulation/diff_mode_gain/PrimeSimSPICE/parametric/results
              /c  UniqueName=saeSession4, isPilot=false
[18:13:10.61] /o 
[18:13:10.62] /o pw_worker child CE begin!
[18:13:10.62] /o pw_worker invokes measurement finished.
[18:13:10.62] /o pw_worker writeSimMap finsied.
[18:13:10.62] /o _simulationDoneAction done without exception!
[18:13:10.72] /o Got file /home/argershm/180-voltmeter/Analog/cc/simulation/integrator,tb_main_opamp,schematic/history_1/simulation/diff_mode_gain/PrimeSimSPICE/parametric/L=70u/results/.ceFinished
[18:13:11.02] /o touch /home/argershm/180-voltmeter/Analog/cc/simulation/integrator,tb_main_opamp,schematic/history_1/simulation/diff_mode_gain/PrimeSimSPICE/parametric/L=70u/results/.unitedSimFinished
[18:13:11.02] /o Calc Job Done!
[18:13:11.02] /o New Worker New CE exit
[18:13:11.14] /o #####New Worker job begin - Self history dir=/home/argershm/180-voltmeter/Analog/cc/simulation/integrator,tb_main_opamp,schematic
[18:13:11.26] /o pw_worker _createCalculateEngine got job!
[18:13:11.26] /o pw_worker _createCalculateEngine OK!
[18:13:12.67] /o New Worker New CE ready proc entered.
[18:13:12.85] /o _getSimulationDetails : 
[18:13:12.85] /o tbName=diff_mode_gain, Mtb=0
[18:13:12.85] /o Got stb tb ok!
[18:13:12.85] /o Self resultsDir: ./simulation
[18:13:12.85] /o Self databaseDir: /home/argershm/180-voltmeter/Analog/cc/simulation/integrator,tb_main_opamp,schematic/history_1/simulation/diff_mode_gain/PrimeSimSPICE/parametric/results
[18:13:12.95] /o _createResultsMap done!
[18:13:12.96] /o ###write_child - resultsDir=/home/argershm/180-voltmeter/Analog/cc/simulation/integrator,tb_main_opamp,schematic/history_1/simulation/diff_mode_gain/PrimeSimSPICE/parametric/L=0.1m/results
              /c  masterResultsDir=/home/argershm/180-voltmeter/Analog/cc/simulation/integrator,tb_main_opamp,schematic/history_1/simulation/diff_mode_gain/PrimeSimSPICE/parametric/results
              /c  databaseDir=/home/argershm/180-voltmeter/Analog/cc/simulation/integrator,tb_main_opamp,schematic/history_1/simulation/diff_mode_gain/PrimeSimSPICE/parametric/results
              /c  UniqueName=saeSession4, isPilot=false
[18:13:12.96] /o 
[18:13:12.97] /o pw_worker child CE begin!
[18:13:12.97] /o pw_worker invokes measurement finished.
[18:13:12.97] /o pw_worker writeSimMap finsied.
[18:13:12.97] /o _simulationDoneAction done without exception!
[18:13:13.07] /o Got file /home/argershm/180-voltmeter/Analog/cc/simulation/integrator,tb_main_opamp,schematic/history_1/simulation/diff_mode_gain/PrimeSimSPICE/parametric/L=0.1m/results/.ceFinished
[18:13:13.37] /o touch /home/argershm/180-voltmeter/Analog/cc/simulation/integrator,tb_main_opamp,schematic/history_1/simulation/diff_mode_gain/PrimeSimSPICE/parametric/L=0.1m/results/.unitedSimFinished
[18:13:13.37] /o Calc Job Done!
[18:13:13.37] /o New Worker New CE exit
[18:13:15.09] /o Shutdown time: Sat Sep  6 18:13:15 2025
[18:13:15.09] /o Elapsed session real time: 0.31 minutes
[18:13:15.09] /o Session terminated. Log is at /home/argershm/180-voltmeter/Analog/cc/synopsys_custom/pwdp_jobs/saeSession4_diffmodegain.SimulationSimulation_cdpl.1.2804298/logs/w2/logs/pw_worker.argershm.2025_9_6_181254_2821091.log
