1757106175.967687: 1064686-7f45564bd540: cdpl_log.c:337: in cdpl_log_open(): info: @@start_of_log@@
1757106175.967698: 1064686-7f45564bd540: cdpl_log.c:1058: in cdpl_log_dump_sysinfo(): info: time: 2025/09/05 17:02:55 EDT -0400
1757106175.967700: 1064686-7f45564bd540: cdpl_log.c:1060: in cdpl_log_dump_sysinfo(): info: version: W-2024.09-SP1-2 
1757106175.967702: 1064686-7f45564bd540: cdpl_log.c:1062: in cdpl_log_dump_sysinfo(): info: system: Linux 4.18.0-553.69.1.el8_10.x86_64 #1 SMP Thu Aug 7 18:10:00 EDT 2025
1757106175.967703: 1064686-7f45564bd540: cdpl_log.c:1067: in cdpl_log_dump_sysinfo(): info: processor: x86_64 64-bits
1757106175.967705: 1064686-7f45564bd540: cdpl_log.c:1071: in cdpl_log_dump_sysinfo(): info: hostname: claws-compute3.ece.ncsu.edu
1757106175.967706: 1064686-7f45564bd540: cdpl_log.c:1073: in cdpl_log_dump_sysinfo(): info: program name: custom_shell
1757106175.967709: 1064686-7f45564bd540: cdpl_log.c:340: in cdpl_log_open(): debug: path: /home/argershm/180-voltmeter/Analog/cc/synopsys_custom/pwdp_jobs/saeSession0_diffmodegain.SimulationSimulation_cdpl.1.1064686/logs/master.claws-compute3.ece.ncsu.edu.1064686.log
1757106175.967710: 1064686-7f45564bd540: cdpl_log.c:341: in cdpl_log_open(): debug: dir: /home/argershm/180-voltmeter/Analog/cc/synopsys_custom/pwdp_jobs/saeSession0_diffmodegain.SimulationSimulation_cdpl.1.1064686/logs
1757106175.967714: 1064686-7f45564bd540: cdpl_server.c:536: in cdpl_sv_init(): info: new server S1518809035
1757106175.967717: 1064686-7f45564bd540: cdpl_ipc.c:3475: in cdpl_ipc_init(): info: requesting IPv4 protocol
1757106175.972243: 1064686-7f45564bd540: cdpl_ipc.c:837: in _selectaddrfamily(): info: selected IPv4 protocol
1757106175.972263: 1064686-7f45564bd540: cdpl_ipc.c:1139: in _set_keepalive(): info: TCP keep alive interval: 300
1757106175.976641: 1064686-7f45564bd540: cdpl_monitor.c:1117: in cdpl_mn_new_server(): info: creating server monitor instance
1757106175.976647: 1064686-7f45564bd540: cdpl_server.c:650: in cdpl_sv_new_master(): info: new master M1
1757106175.976652: 1064686-7f45564bd540: cdpl_server.c:6533: in cdpl_sv_ctl_master(): info: Setting worker heartbeat to 120 seconds
1757106175.976654: 1064686-7f45564bd540: cdpl_server.c:6542: in cdpl_sv_ctl_master(): info: Setting worker heartbeat timeout to 3 heartbeats
1757106175.976655: 1064686-7f45564bd540: cdpl_compat_master.c:2090: in _parse_hostfile(): info: reading hostfile `/home/argershm/180-voltmeter/Analog/cc/synopsys_custom/pwdp_jobs/saeSession0_diffmodegain.SimulationSimulation_cdpl.1.1064686/host_file'
1757106175.976665: 1064686-7f45564bd540: cdpl_compat_master.c:1900: in _hostfile_parser(): debug: parsing "1     |localhost|   -1  | /tmp | SH | sh"
1757106175.976669: 1064686-7f45564bd540: cdpl_farm.c:2578: in cdpl_farm_new_sh(): info: creating SH farm on localhost
1757106175.976672: 1064686-7f45564bd540: cdpl_compat_master.c:206: in _set_farm_env(): info: exporting CDPL_LOGDIR as `/home/argershm/180-voltmeter/Analog/cc/synopsys_custom/pwdp_jobs/saeSession0_diffmodegain.SimulationSimulation_cdpl.1.1064686/logs'
1757106175.976674: 1064686-7f45564bd540: cdpl_compat_master.c:212: in _set_farm_env(): info: exporting CDPL_TMPDIR as `/tmp'
1757106175.976675: 1064686-7f45564bd540: cdpl_compat_master.c:235: in _set_farm_env(): info: exporting SNPSLMD_LICENSE_FILE as `27000@ece-lic-35.ece.ncsu.edu'
1757106175.976678: 1064686-7f45564bd540: cdpl_compat_master.c:259: in _set_farm_env(): info: exporting CDPL_OPTIONS as `[nowlogs]'
1757106175.976679: 1064686-7f45564bd540: cdpl_compat_master.c:266: in _set_farm_env(): info: exporting DISPLAY as `unix:6039'
1757106175.976680: 1064686-7f45564bd540: cdpl_compat_master.c:274: in _set_farm_env(): info: exporting CDPL_HEARTBEAT as `120'
1757106175.976684: 1064686-7f45564bd540: cdpl_farm.c:3149: in cdpl_farm_add_withdir(): debug: added `localhost' (capacity: unlimited)
1757106175.976685: 1064686-7f45564bd540: cdpl_compat_parse.c:147: in parsefile(): debug: read `/home/argershm/180-voltmeter/Analog/cc/synopsys_custom/pwdp_jobs/saeSession0_diffmodegain.SimulationSimulation_cdpl.1.1064686/host_file', 2 lines
1757106175.976691: 1064686-7f45564bd540: cdpl_compat_master.c:2931: in cdplInitMaster(): info: bcast dir is `/home/argershm/180-voltmeter/Analog/cc/synopsys_custom/pwdp_jobs/saeSession0_diffmodegain.SimulationSimulation_cdpl.1.1064686/logs'
1757106175.976722: 1064686-7f45564bd540: cdpl_server.c:6433: in cdpl_sv_ctl_master(): info: farm worker timeout set to 300
1757106175.976724: 1064686-7f45564bd540: cdpl_server.c:6486: in cdpl_sv_ctl_master(): info: maximum number of task execution attempts set to 1
1757106175.976728: 1064686-7f45564bd540: cdpl_server.c:3195: in cdpl_sv_start(): debug: starting server
1757106175.976729: 1064686-7f45564bd540: cdpl_ipc.c:3632: in cdpl_ipc_start(): debug: starting IPC server 152.14.98.53:37479
1757106175.976844: 1064686-7f451a34b700: cdpl_server_ipc.c:1182: in _sv_ipc_thread(): debug: ready
1757106175.976942: 1064686-7f45057fa700: cdpl_monitor.c:426: in cdpl_mn_init_client(): info: creating client monitor instance
1757106175.976959: 1064686-7f45057fa700: cdpl_ipc.c:3475: in cdpl_ipc_init(): info: requesting IPv4 protocol
1757106175.982476: 1064686-7f45057fa700: cdpl_ipc.c:837: in _selectaddrfamily(): info: selected IPv4 protocol
1757106175.982495: 1064686-7f45057fa700: cdpl_ipc.c:1139: in _set_keepalive(): info: TCP keep alive interval: 300
1757106175.985269: 1064686-7f45057fa700: cdpl_ipc.c:3632: in cdpl_ipc_start(): debug: starting IPC server 152.14.98.53:32839
1757106175.985384: 1064686-7f45057fa700: cdpl_monitor.c:471: in cdpl_mn_init_client(): debug: incoming messages in /tmp/cdpl-monitor-KFkSmd
1757106175.985461: 1064686-7f45057fa700: cdpl_monitor.c:533: in cdpl_mn_connect(): debug: connecting to 152.14.98.53:37479
1757106175.985463: 1064686-7f45057fa700: cdpl_ipc.c:3789: in cdpl_ipc_connect(): info: connecting to 152.14.98.53:37479
1757106175.985568: 1064686-7f45057fa700: cdpl_ipc.c:3860: in cdpl_ipc_connect(): info: connected as `152.14.98.53:49888'
1757106175.985573: 1064686-7f45057fa700: cdpl_ipc.c:2503: in cdpl_ipc_host_accept(): debug: accepted host `152.14.98.53:37479'
1757106175.985577: 1064686-7f45057fa700: cdpl_monitor.c:579: in cdpl_mn_connect(): debug: ok
1757106175.985585: 1064686-7f45564bd540: cdpl_server.c:731: in cdpl_sv_new_job(): info: new job J1 in M1
1757106175.985594: 1064686-7f45564bd540: cdpl_compat_master.c:1581: in _add_worker(): info: new worker type 10, min:1, max:3, cmd:`/home/argershm/180-voltmeter/Analog/cc/synopsys_custom/pwdp_jobs/saeSession0_diffmodegain.SimulationSimulation_cdpl.1.1064686/START_WORKER pw_worker -i /home/argershm/180-voltmeter/Analog/cc/synopsys_custom/pwdp_jobs
1757106175.985599: 1064686-7f45564bd540: cdpl_server.c:908: in cdpl_sv_new_bin_withfarm(): info: new bin B1 in J1
1757106175.985603: 1064686-7f451ab4c700: cdpl_ipc.c:1862: in _epoll_accept(): debug: new connection from `152.14.98.53:49888'
1757106175.985630: 1064686-7f451a34b700: cdpl_server_ipc.c:1225: in _sv_ipc_thread(): debug: received ACCEPT notification
1757106175.985642: 1064686-7f451a34b700: cdpl_ipc.c:2503: in cdpl_ipc_host_accept(): debug: accepted host `152.14.98.53:49888'
1757106175.985655: 1064686-7f451a34b700: cdpl_server_ipc.c:1256: in _sv_ipc_thread(): debug: received MONITOR message
1757106175.985775: 1064686-7f451a34b700: cdpl_monitor.c:1207: in cdpl_mn_accept(): debug: accepted monitor `152.14.98.53:49888'
1757106175.985779: 1064686-7f451a34b700: cdpl_server_ipc_mon.c:120: in _globalLOCK(): debug: ENTERTING GLOBAL LOCK
1757106175.985782: 1064686-7f451a34b700: cdpl_server_ipc_mon.c:164: in _globalLOCK(): debug: global lock acquired
1757106175.985784: 1064686-7f4507fff700: cdpl_monitor.c:910: in mn_systat(): debug: started
1757106175.985999: 1064686-7f4507fff700: cdpl_monitor.c:937: in mn_systat(): debug: monitor server flush rate: 5
1757106176.767343: 1064686-7f451a34b700: cdpl_server_ipc_mon.c:210: in _globalUNLOCK(): debug: LEAVING GLOBAL LOCK
1757106176.767372: 1064686-7f45564bd540: cdpl_server.c:3249: in cdpl_sv_start_job(): info: starting job J1
1757106176.767390: 1064686-7f45564bd540: cdpl_server.c:62: in _sv_start_bin(): debug: starting bin B1 (min: 0, max: 3)
1757106176.767496: 1064686-7f45564bd540: cdpl_server.c:1893: in _sv_gen_task(): info: new task T0 in B1 (prio 0)
1757106176.767503: 1064686-7f45564bd540: cdpl_server.c:2698: in cdpl_sv_label_task_va(): info: setting task T0 label to "PrimeSim_2|PrimeSim"
1757106176.767508: 1064686-7f45067fc700: cdpl_server_sched.c:2482: in _sv_scheduler_thread(): debug: scheduler for bin B1 started
1757106176.767516: 1064686-7f45067fc700: cdpl_server_sched.c:2443: in _scheduler_run(): debug: will start a new worker
1757106176.767527: 1064686-7f45067fc700: cdpl_farm.c:3977: in cdpl_farm_submit(): debug: 1 running processes
1757106176.767530: 1064686-7f45067fc700: cdpl_farm.c:3985: in cdpl_farm_submit(): debug: new command C1 in bin B1 assigned to host `localhost'
1757106176.767600: 1064686-7f45067fc700: cdpl_server_sched.c:705: in _sv_launch_worker(): info: started worker W1 (as C1) in bin B1
1757106176.767707: 1064686-7f4505ffb700: cdpl_farm.c:2139: in _schedule(): debug: started
1757106176.767715: 1064686-7f4505ffb700: cdpl_farm.c:2303: in _schedule(): debug: submitting command C1 in bin B1
1757106176.767720: 1064686-7f4505ffb700: cdpl_sh.c:49: in _sh_detached_submit(): info: SH : /home/argershm/180-voltmeter/Analog/cc/synopsys_custom/pwdp_jobs/saeSession0_diffmodegain.SimulationSimulation_cdpl.1.1064686/START_WORKER pw_worker -i /home/argershm/180-voltmeter/Analog/cc/synopsys_custom/pwdp_jobs/saeSession0_diffmodegain.SimulationSimulation_cdpl.1.1064686 -t 10000
1757106176.774761: 1064686-7f4505ffb700: cdpl_farm.c:2343: in _schedule(): debug: C1 in bin B1 running on slot 0
1757106176.774781: 1064686-7f4505ffb700: cdpl_farm.c:2167: in _schedule(): debug: idle
1757106176.803489: 1064686-7f45564bd540: cdpl_compat_master.c:5948: in cdplMasterLogInfo(): info: [non-CDPL log entry] PWDP3: reset pilot cache succeeded, pilot_key=saeSession0,1,diff_mode_gain|&/home/argershm/180-voltmeter/Analog/cc/simulation/integrator,tb_main_opamp,schematic/history_1/simulation/diff_mode_gain/PrimeSimSPICE/nominal/results
1757106177.074839: 1064686-7f4505ffb700: cdpl_farm.c:1193: in _onexit(): debug: C1 in bin B1 exited normally on slot 0
1757106177.883922: 1064686-7f45077fe700: cdpl_compat_master.c:5948: in cdplMasterLogInfo(): info: [non-CDPL log entry] PWDP - no-workers started ok check start!
1757106178.519485: 1064686-7f451ab4c700: cdpl_ipc.c:1862: in _epoll_accept(): debug: new connection from `152.14.98.53:43432'
1757106178.519532: 1064686-7f451a34b700: cdpl_server_ipc.c:1225: in _sv_ipc_thread(): debug: received ACCEPT notification
1757106178.519547: 1064686-7f451a34b700: cdpl_ipc.c:2503: in cdpl_ipc_host_accept(): debug: accepted host `152.14.98.53:43432'
1757106178.519680: 1064686-7f451a34b700: cdpl_server_ipc.c:1246: in _sv_ipc_thread(): debug: received HELLO message
1757106178.519685: 1064686-7f451a34b700: cdpl_server_ipc.c:430: in _sv_on_hello(): debug: looking up W1
1757106178.519693: 1064686-7f451a34b700: cdpl_server_ipc.c:540: in _sv_on_hello(): info: W1 is `152.14.98.53:43432'
1757106178.519695: 1064686-7f451a34b700: cdpl_server_ipc.c:541: in _sv_on_hello(): debug: hello W1 (B1)
1757106178.519696: 1064686-7f451a34b700: cdpl_server_ipc.c:542: in _sv_on_hello(): info: W1 log file is /dev/null
1757106178.519713: 1064686-7f451a34b700: cdpl_server_ipc.c:602: in _sv_on_hello(): info: up to 1 alive workers in B1
1757106178.519718: 1064686-7f451a34b700: cdpl_farm.c:878: in _release_cmd(): debug: freeing command C1 in bin B1
1757106178.519752: 1064686-7f45067fc700: cdpl_server_sched.c:960: in _assign(): info: assigning task T0 to worker W1
1757106178.583323: 1064686-7f451a34b700: cdpl_server_ipc.c:1268: in _sv_ipc_thread(): debug: received RELAY message
1757106178.583333: 1064686-7f451a34b700: cdpl_server_ipc.c:713: in _sv_on_relay(): debug: RELAY message from W1, size = 65
1757106178.583335: 1064686-7f451a34b700: cdpl_server_ipc.c:715: in _sv_on_relay(): debug: RELAY message from W1, content = 0$1090660 claws-compute3.ece.ncsu.edu 1090676 RUNNING 1757106178
1757106179.519888: 1064686-7f451a34b700: cdpl_server_ipc.c:312: in _sv_on_heartbeat(): debug: received HEARTBEAT from worker W1 at 152.14.98.53:43432
1757106180.986645: 1064686-7f45057fa700: cdpl_monitor.c:533: in cdpl_mn_connect(): debug: connecting to 152.14.98.53:39835
1757106180.986657: 1064686-7f45057fa700: cdpl_ipc.c:3789: in cdpl_ipc_connect(): info: connecting to 152.14.98.53:39835
1757106180.986787: 1064686-7f45057fa700: cdpl_ipc.c:3860: in cdpl_ipc_connect(): info: connected as `152.14.98.53:43200'
1757106180.986794: 1064686-7f45057fa700: cdpl_ipc.c:2503: in cdpl_ipc_host_accept(): debug: accepted host `152.14.98.53:39835'
1757106180.986798: 1064686-7f45057fa700: cdpl_monitor.c:579: in cdpl_mn_connect(): debug: ok
1757106185.146459: 1064686-7f451a34b700: cdpl_server_ipc.c:1268: in _sv_ipc_thread(): debug: received RELAY message
1757106185.146474: 1064686-7f451a34b700: cdpl_server_ipc.c:713: in _sv_on_relay(): debug: RELAY message from W1, size = 52
1757106185.146477: 1064686-7f451a34b700: cdpl_server_ipc.c:715: in _sv_on_relay(): debug: RELAY message from W1, content = WORKERDU|4332,/dev/mapper/rhel_claws--compute3-home
1757106185.146483: 1064686-7f451a34b700: cdpl_server_ipc.c:1268: in _sv_ipc_thread(): debug: received RELAY message
1757106185.146484: 1064686-7f451a34b700: cdpl_server_ipc.c:713: in _sv_on_relay(): debug: RELAY message from W1, size = 193
1757106185.146486: 1064686-7f451a34b700: cdpl_server_ipc.c:715: in _sv_on_relay(): debug: RELAY message from W1, content = REQPILOT|saeSession0,1,diff_mode_gain|&/home/argershm/180-voltmeter/Analog/cc/simulation/integrator,tb_main_opamp,schematic/history_1/simulation/diff_mode_gain/PrimeSimSPICE/nominal/results|&0
1757106185.146524: 1064686-7f4518b48700: cdpl_compat_master.c:5948: in cdplMasterLogInfo(): info: [non-CDPL log entry] PWDP send back 'DOPILOT' to worker id:1 key: saeSession0,1,diff_mode_gain|&/home/argershm/180-voltmeter/Analog/cc/simulation/integrator,tb_main_opamp,schematic/history_1/simulation/diff_mode_gain/PrimeSimSPICE/nominal/results
1757106185.146688: 1064686-7f4518b48700: cdpl_compat_master.c:5948: in cdplMasterLogInfo(): info: [non-CDPL log entry] PWDP: set pilot doing!
1757106185.150198: 1064686-7f451a34b700: cdpl_server_ipc.c:1268: in _sv_ipc_thread(): debug: received RELAY message
1757106185.150206: 1064686-7f451a34b700: cdpl_server_ipc.c:713: in _sv_on_relay(): debug: RELAY message from W1, size = 189
1757106185.150209: 1064686-7f451a34b700: cdpl_server_ipc.c:715: in _sv_on_relay(): debug: RELAY message from W1, content = PILOTOK|saeSession0,1,diff_mode_gain|&/home/argershm/180-voltmeter/Analog/cc/simulation/integrator,tb_main_opamp,schematic/history_1/simulation/diff_mode_gain/PrimeSimSPICE/nominal/results
1757106185.150227: 1064686-7f4518b48700: cdpl_compat_master.c:5948: in cdplMasterLogInfo(): info: [non-CDPL log entry] PWDP: set pilot done!
1757106185.150280: 1064686-7f451a34b700: cdpl_server_ipc.c:1268: in _sv_ipc_thread(): debug: received RELAY message
1757106185.150283: 1064686-7f451a34b700: cdpl_server_ipc.c:713: in _sv_on_relay(): debug: RELAY message from W1, size = 18
1757106185.150284: 1064686-7f451a34b700: cdpl_server_ipc.c:715: in _sv_on_relay(): debug: RELAY message from W1, content = 0$- - - MEASDOING
1757106185.415482: 1064686-7f451a34b700: cdpl_server_ipc.c:1268: in _sv_ipc_thread(): debug: received RELAY message
1757106185.415497: 1064686-7f451a34b700: cdpl_server_ipc.c:713: in _sv_on_relay(): debug: RELAY message from W1, size = 77
1757106185.415500: 1064686-7f451a34b700: cdpl_server_ipc.c:715: in _sv_on_relay(): debug: RELAY message from W1, content = 0$1090660 claws-compute3.ece.ncsu.edu 1090676 FINISHED 1757106178|1757106185
1757106185.417068: 1064686-7f451a34b700: cdpl_server_ipc.c:1268: in _sv_ipc_thread(): debug: received RELAY message
1757106185.417076: 1064686-7f451a34b700: cdpl_server_ipc.c:713: in _sv_on_relay(): debug: RELAY message from W1, size = 191
1757106185.417079: 1064686-7f451a34b700: cdpl_server_ipc.c:715: in _sv_on_relay(): debug: RELAY message from W1, content = PILOTDONE|saeSession0,1,diff_mode_gain|&/home/argershm/180-voltmeter/Analog/cc/simulation/integrator,tb_main_opamp,schematic/history_1/simulation/diff_mode_gain/PrimeSimSPICE/nominal/results
1757106185.417106: 1064686-7f4518b48700: cdpl_compat_master.c:5948: in cdplMasterLogInfo(): info: [non-CDPL log entry] saeSession0,1,diff_mode_gain|&/home/argershm/180-voltmeter/Analog/cc/simulation/integrator,tb_main_opamp,schematic/history_1/simulation/diff_mode_gain/PrimeSimSPICE/nominal/results PILOTDONE!
1757106185.417370: 1064686-7f451a34b700: cdpl_server_ipc.c:1251: in _sv_ipc_thread(): debug: received FINISH message
1757106185.417377: 1064686-7f451a34b700: cdpl_server_ipc.c:983: in _sv_on_finish(): info: worker W1 completed task T0
1757106185.417379: 1064686-7f451a34b700: cdpl_server_ipc.c:988: in _sv_on_finish(): debug: stat T0: utime=3826 stime=1863
1757106185.417381: 1064686-7f451a34b700: cdpl_server_ipc.c:993: in _sv_on_finish(): debug: statm T0: vsize=3054752 rss=1036484 shared=518892 text=474784 data=709780
1757106185.422182: 1064686-7f451a34b700: cdpl_server_ipc.c:1268: in _sv_ipc_thread(): debug: received RELAY message
1757106185.422190: 1064686-7f451a34b700: cdpl_server_ipc.c:713: in _sv_on_relay(): debug: RELAY message from W1, size = 50
1757106185.422193: 1064686-7f451a34b700: cdpl_server_ipc.c:715: in _sv_on_relay(): debug: RELAY message from W1, content = WORKERDU|20,/dev/mapper/rhel_claws--compute3-home
1757106185.471973: 1064686-7f45564bd540: cdpl_server.c:227: in _sv_free_task_safe(): debug: freeing task T0
1757106186.484910: 1064686-7f45564bd540: cdpl_server.c:3008: in cdpl_sv_halt_job_errno(): info: killing job J1
1757106186.484934: 1064686-7f45564bd540: cdpl_server.c:3044: in cdpl_sv_halt_job_errno(): debug: signal bin B1 scheduler to stop
1757106186.484961: 1064686-7f45067fc700: cdpl_server_sched.c:2484: in _sv_scheduler_thread(): debug: scheduler for bin B1 stopped
1757106186.484978: 1064686-7f45067fc700: cdpl_ipc.c:1657: in _host_drop__UNSAFE(): debug: dropping host `152.14.98.53:43432'
1757106186.485015: 1064686-7f45067fc700: cdpl_server_sched.c:2830: in _sv_drop_worker(): info: down to 0 alive workers in B1
1757106186.485019: 1064686-7f45067fc700: cdpl_farm.c:4152: in cdpl_farm_dismiss(): debug: down to 0 running processes
1757106186.485022: 1064686-7f45067fc700: cdpl_server_sched.c:121: in _free_worker_2(): debug: freeing worker W1
1757106186.485023: 1064686-7f451a34b700: cdpl_server_ipc.c:1236: in _sv_ipc_thread(): debug: received DROP notification
1757106186.485033: 1064686-7f45067fc700: cdpl_ipc.c:2513: in cdpl_ipc_host_release(): debug: releasing host `152.14.98.53:43432'
1757106186.485037: 1064686-7f45067fc700: cdpl_ipc.c:2529: in cdpl_ipc_host_release(): debug: scheduling for immediate release
1757106186.485054: 1064686-7f45564bd540: cdpl_server.c:294: in _sv_free_job(): info: freeing job J1
1757106186.485059: 1064686-7f45564bd540: cdpl_server.c:92: in _sv_free_bin(): debug: freeing bin B1
1757106186.485066: 1064686-7f45564bd540: cdpl_monitor.c:515: in cdpl_mn_kill(): info: killing monitor
1757106186.485077: 1064686-7f45564bd540: cdpl_ipc.c:3677: in cdpl_ipc_kill(): debug: stopping event server
1757106186.485094: 1064686-7f4519b4a700: cdpl_ipc.c:2460: in _epoll_main(): debug: server going down...
1757106186.485214: 1064686-7f451ab4c700: cdpl_ipc.c:775: in _readv(): warning: read(): EOF
1757106186.485227: 1064686-7f451ab4c700: cdpl_ipc.c:2100: in _epoll_recv(): debug: _readv(): Broken pipe
1757106186.485229: 1064686-7f451ab4c700: cdpl_ipc.c:2424: in _epoll_main(): debug: _epoll_recv(): Broken pipe
1757106186.485234: 1064686-7f451ab4c700: cdpl_ipc.c:1657: in _host_drop__UNSAFE(): debug: dropping host `152.14.98.53:49888'
1757106186.485265: 1064686-7f451ab4c700: cdpl_ipc.c:1582: in _host_free__UNSAFE(): debug: freeing host `152.14.98.53:43432'
1757106186.485267: 1064686-7f451ab4c700: cdpl_ipc.c:1621: in _host_free__UNSAFE(): debug: [0 outq, 0 spR, 0 spW]
1757106186.485275: 1064686-7f451a34b700: cdpl_server_ipc.c:1236: in _sv_ipc_thread(): debug: received DROP notification
1757106186.485281: 1064686-7f451a34b700: cdpl_monitor.c:1269: in cdpl_mn_drop(): debug: detaching from monitor `152.14.98.53:49888'
1757106186.485290: 1064686-7f451a34b700: cdpl_monitor.c:1101: in mn_systat_stop(): debug: joining systat thread
1757106186.485314: 1064686-7f45057fa700: cdpl_ipc.c:3728: in cdpl_ipc_free(): debug: releasing IPC handle
1757106186.485319: 1064686-7f45057fa700: cdpl_ipc.c:1582: in _host_free__UNSAFE(): debug: freeing host `152.14.98.53:39835'
1757106186.485322: 1064686-7f45057fa700: cdpl_ipc.c:1621: in _host_free__UNSAFE(): debug: [0 outq, 0 spR, 0 spW]
1757106186.485339: 1064686-7f45057fa700: cdpl_ipc.c:1582: in _host_free__UNSAFE(): debug: freeing host `152.14.98.53:37479'
1757106186.485340: 1064686-7f45057fa700: cdpl_ipc.c:1621: in _host_free__UNSAFE(): debug: [0 outq, 0 spR, 0 spW]
1757106186.485348: 1064686-7f45057fa700: cdpl_ipc.c:3756: in cdpl_ipc_free(): warning: 2 host(s) were not released
1757106186.485356: 1064686-7f45057fa700: cdpl_ipc.c:3767: in cdpl_ipc_free(): debug: done
1757106186.485358: 1064686-7f45057fa700: cdpl_monitor.c:1390: in cdpl_mn_free(): debug: freeing monitor client
1757106186.485374: 1064686-7f4507fff700: cdpl_monitor.c:1079: in mn_systat(): debug: exiting
1757106186.485384: 1064686-7f451a34b700: cdpl_monitor.c:1103: in mn_systat_stop(): debug: systat thread done
1757106186.485391: 1064686-7f451a34b700: cdpl_ipc.c:2513: in cdpl_ipc_host_release(): debug: releasing host `152.14.98.53:49888'
1757106186.485484: 1064686-7f45564bd540: cdpl_farm.c:2740: in cdpl_farm_free(): info: freeing farm
1757106186.485496: 1064686-7f4505ffb700: cdpl_farm.c:2231: in _schedule(): debug: end of idling
1757106186.485501: 1064686-7f4505ffb700: cdpl_farm.c:2235: in _schedule(): debug: dying
1757106186.485541: 1064686-7f45564bd540: cdpl_farm.c:913: in _killall(): debug: killing all remaining commands
1757106186.485546: 1064686-7f45564bd540: cdpl_server.c:3144: in cdpl_sv_free(): info: freeing server S1518809035
1757106186.485548: 1064686-7f45564bd540: cdpl_server.c:3109: in cdpl_sv_kill_errno(): info: killing server
1757106186.485550: 1064686-7f45564bd540: cdpl_ipc.c:3677: in cdpl_ipc_kill(): debug: stopping event server
1757106186.485560: 1064686-7f451a34b700: cdpl_server_ipc.c:1200: in _sv_ipc_thread(): debug: leaving now
1757106186.485566: 1064686-7f45564bd540: cdpl_server.c:334: in _sv_free_master(): info: freeing master M1
1757106186.485568: 1064686-7f45564bd540: cdpl_hash.c:68: in cdpl_h_destroy(): debug: put operations: 1
1757106186.485571: 1064686-7f45564bd540: cdpl_hash.c:69: in cdpl_h_destroy(): debug: put collisions: 0
1757106186.485573: 1064686-7f45564bd540: cdpl_hash.c:70: in cdpl_h_destroy(): debug: get operations: 1
1757106186.485576: 1064686-7f45564bd540: cdpl_hash.c:71: in cdpl_h_destroy(): debug: get iterations: 1
1757106186.485578: 1064686-7f451ab4c700: cdpl_ipc.c:2460: in _epoll_main(): debug: server going down...
1757106186.485589: 1064686-7f45564bd540: cdpl_monitor.c:1390: in cdpl_mn_free(): debug: freeing monitor server
1757106186.485593: 1064686-7f45564bd540: cdpl_ipc.c:3728: in cdpl_ipc_free(): debug: releasing IPC handle
1757106186.485596: 1064686-7f45564bd540: cdpl_ipc.c:1582: in _host_free__UNSAFE(): debug: freeing host `152.14.98.53:49888'
1757106186.485598: 1064686-7f45564bd540: cdpl_ipc.c:1621: in _host_free__UNSAFE(): debug: [0 outq, 0 spR, 0 spW]
1757106186.485623: 1064686-7f45564bd540: cdpl_ipc.c:3767: in cdpl_ipc_free(): debug: done
1757106186.485626: 1064686-7f45564bd540: cdpl_log.c:481: in cdpl_log_close(): info: @@end_of_log@@
