1756316298.399254: 251025-7f42f8a2e540: cdpl_log.c:337: in cdpl_log_open(): info: @@start_of_log@@
1756316298.399262: 251025-7f42f8a2e540: cdpl_log.c:1058: in cdpl_log_dump_sysinfo(): info: time: 2025/08/27 13:38:18 EDT -0400
1756316298.399264: 251025-7f42f8a2e540: cdpl_log.c:1060: in cdpl_log_dump_sysinfo(): info: version: W-2024.09-SP1-2 
1756316298.399266: 251025-7f42f8a2e540: cdpl_log.c:1062: in cdpl_log_dump_sysinfo(): info: system: Linux 4.18.0-553.69.1.el8_10.x86_64 #1 SMP Thu Aug 7 18:10:00 EDT 2025
1756316298.399267: 251025-7f42f8a2e540: cdpl_log.c:1067: in cdpl_log_dump_sysinfo(): info: processor: x86_64 64-bits
1756316298.399268: 251025-7f42f8a2e540: cdpl_log.c:1071: in cdpl_log_dump_sysinfo(): info: hostname: claws-compute3.ece.ncsu.edu
1756316298.399270: 251025-7f42f8a2e540: cdpl_log.c:1073: in cdpl_log_dump_sysinfo(): info: program name: custom_shell
1756316298.399272: 251025-7f42f8a2e540: cdpl_log.c:340: in cdpl_log_open(): debug: path: /home/argershm/180-voltmeter/Analog/cc/synopsys_custom/pwdp_jobs/saeSession0_diffmodegain.SimulationSimulation_cdpl.2.251025/logs/master.claws-compute3.ece.ncsu.edu.251025.log
1756316298.399273: 251025-7f42f8a2e540: cdpl_log.c:341: in cdpl_log_open(): debug: dir: /home/argershm/180-voltmeter/Analog/cc/synopsys_custom/pwdp_jobs/saeSession0_diffmodegain.SimulationSimulation_cdpl.2.251025/logs
1756316298.399277: 251025-7f42f8a2e540: cdpl_server.c:536: in cdpl_sv_init(): info: new server S1045554700
1756316298.399280: 251025-7f42f8a2e540: cdpl_ipc.c:3475: in cdpl_ipc_init(): info: requesting IPv4 protocol
1756316298.402944: 251025-7f42f8a2e540: cdpl_ipc.c:837: in _selectaddrfamily(): info: selected IPv4 protocol
1756316298.402964: 251025-7f42f8a2e540: cdpl_ipc.c:1139: in _set_keepalive(): info: TCP keep alive interval: 300
1756316298.406171: 251025-7f42f8a2e540: cdpl_monitor.c:1117: in cdpl_mn_new_server(): info: creating server monitor instance
1756316298.406176: 251025-7f42f8a2e540: cdpl_server.c:650: in cdpl_sv_new_master(): info: new master M1
1756316298.406180: 251025-7f42f8a2e540: cdpl_server.c:6533: in cdpl_sv_ctl_master(): info: Setting worker heartbeat to 120 seconds
1756316298.406182: 251025-7f42f8a2e540: cdpl_server.c:6542: in cdpl_sv_ctl_master(): info: Setting worker heartbeat timeout to 3 heartbeats
1756316298.406183: 251025-7f42f8a2e540: cdpl_compat_master.c:2090: in _parse_hostfile(): info: reading hostfile `/home/argershm/180-voltmeter/Analog/cc/synopsys_custom/pwdp_jobs/saeSession0_diffmodegain.SimulationSimulation_cdpl.2.251025/host_file'
1756316298.406193: 251025-7f42f8a2e540: cdpl_compat_master.c:1900: in _hostfile_parser(): debug: parsing "1     |localhost|   -1  | /tmp | SH | sh"
1756316298.406196: 251025-7f42f8a2e540: cdpl_farm.c:2578: in cdpl_farm_new_sh(): info: creating SH farm on localhost
1756316298.406199: 251025-7f42f8a2e540: cdpl_compat_master.c:206: in _set_farm_env(): info: exporting CDPL_LOGDIR as `/home/argershm/180-voltmeter/Analog/cc/synopsys_custom/pwdp_jobs/saeSession0_diffmodegain.SimulationSimulation_cdpl.2.251025/logs'
1756316298.406201: 251025-7f42f8a2e540: cdpl_compat_master.c:212: in _set_farm_env(): info: exporting CDPL_TMPDIR as `/tmp'
1756316298.406203: 251025-7f42f8a2e540: cdpl_compat_master.c:235: in _set_farm_env(): info: exporting SNPSLMD_LICENSE_FILE as `27000@ece-lic-35.ece.ncsu.edu'
1756316298.406205: 251025-7f42f8a2e540: cdpl_compat_master.c:259: in _set_farm_env(): info: exporting CDPL_OPTIONS as `[nowlogs]'
1756316298.406206: 251025-7f42f8a2e540: cdpl_compat_master.c:266: in _set_farm_env(): info: exporting DISPLAY as `unix:25611'
1756316298.406208: 251025-7f42f8a2e540: cdpl_compat_master.c:274: in _set_farm_env(): info: exporting CDPL_HEARTBEAT as `120'
1756316298.406211: 251025-7f42f8a2e540: cdpl_farm.c:3149: in cdpl_farm_add_withdir(): debug: added `localhost' (capacity: unlimited)
1756316298.406213: 251025-7f42f8a2e540: cdpl_compat_parse.c:147: in parsefile(): debug: read `/home/argershm/180-voltmeter/Analog/cc/synopsys_custom/pwdp_jobs/saeSession0_diffmodegain.SimulationSimulation_cdpl.2.251025/host_file', 2 lines
1756316298.406215: 251025-7f42f8a2e540: cdpl_compat_master.c:2931: in cdplInitMaster(): info: bcast dir is `/home/argershm/180-voltmeter/Analog/cc/synopsys_custom/pwdp_jobs/saeSession0_diffmodegain.SimulationSimulation_cdpl.2.251025/logs'
1756316298.406246: 251025-7f42f8a2e540: cdpl_server.c:6433: in cdpl_sv_ctl_master(): info: farm worker timeout set to 300
1756316298.406247: 251025-7f42f8a2e540: cdpl_server.c:6486: in cdpl_sv_ctl_master(): info: maximum number of task execution attempts set to 1
1756316298.406250: 251025-7f42f8a2e540: cdpl_server.c:3195: in cdpl_sv_start(): debug: starting server
1756316298.406252: 251025-7f42f8a2e540: cdpl_ipc.c:3632: in cdpl_ipc_start(): debug: starting IPC server 152.14.98.53:32967
1756316298.406358: 251025-7f42c08c5700: cdpl_server_ipc.c:1182: in _sv_ipc_thread(): debug: ready
1756316298.406478: 251025-7f4297fff700: cdpl_monitor.c:426: in cdpl_mn_init_client(): info: creating client monitor instance
1756316298.406496: 251025-7f4297fff700: cdpl_ipc.c:3475: in cdpl_ipc_init(): info: requesting IPv4 protocol
1756316298.410018: 251025-7f4297fff700: cdpl_ipc.c:837: in _selectaddrfamily(): info: selected IPv4 protocol
1756316298.410038: 251025-7f4297fff700: cdpl_ipc.c:1139: in _set_keepalive(): info: TCP keep alive interval: 300
1756316298.412524: 251025-7f4297fff700: cdpl_ipc.c:3632: in cdpl_ipc_start(): debug: starting IPC server 152.14.98.53:40535
1756316298.412637: 251025-7f4297fff700: cdpl_monitor.c:471: in cdpl_mn_init_client(): debug: incoming messages in /tmp/cdpl-monitor-8QkUN7
1756316298.412742: 251025-7f4297fff700: cdpl_monitor.c:533: in cdpl_mn_connect(): debug: connecting to 152.14.98.53:32967
1756316298.412744: 251025-7f4297fff700: cdpl_ipc.c:3789: in cdpl_ipc_connect(): info: connecting to 152.14.98.53:32967
1756316298.412852: 251025-7f4297fff700: cdpl_ipc.c:3860: in cdpl_ipc_connect(): info: connected as `152.14.98.53:37132'
1756316298.412857: 251025-7f4297fff700: cdpl_ipc.c:2503: in cdpl_ipc_host_accept(): debug: accepted host `152.14.98.53:32967'
1756316298.412861: 251025-7f4297fff700: cdpl_monitor.c:579: in cdpl_mn_connect(): debug: ok
1756316298.412870: 251025-7f42f8a2e540: cdpl_server.c:731: in cdpl_sv_new_job(): info: new job J1 in M1
1756316298.412876: 251025-7f42c10c6700: cdpl_ipc.c:1862: in _epoll_accept(): debug: new connection from `152.14.98.53:37132'
1756316298.412887: 251025-7f42f8a2e540: cdpl_compat_master.c:1581: in _add_worker(): info: new worker type 10, min:1, max:3, cmd:`/home/argershm/180-voltmeter/Analog/cc/synopsys_custom/pwdp_jobs/saeSession0_diffmodegain.SimulationSimulation_cdpl.2.251025/START_WORKER pw_worker -i /home/argershm/180-voltmeter/Analog/cc/synopsys_custom/pwdp_jobs/
1756316298.412891: 251025-7f42f8a2e540: cdpl_server.c:908: in cdpl_sv_new_bin_withfarm(): info: new bin B1 in J1
1756316298.412905: 251025-7f42c08c5700: cdpl_server_ipc.c:1225: in _sv_ipc_thread(): debug: received ACCEPT notification
1756316298.412916: 251025-7f42c08c5700: cdpl_ipc.c:2503: in cdpl_ipc_host_accept(): debug: accepted host `152.14.98.53:37132'
1756316298.412929: 251025-7f42c08c5700: cdpl_server_ipc.c:1256: in _sv_ipc_thread(): debug: received MONITOR message
1756316298.413031: 251025-7f42c08c5700: cdpl_monitor.c:1207: in cdpl_mn_accept(): debug: accepted monitor `152.14.98.53:37132'
1756316298.413037: 251025-7f42c08c5700: cdpl_server_ipc_mon.c:120: in _globalLOCK(): debug: ENTERTING GLOBAL LOCK
1756316298.413040: 251025-7f42c08c5700: cdpl_server_ipc_mon.c:164: in _globalLOCK(): debug: global lock acquired
1756316298.413052: 251025-7f42aeffd700: cdpl_monitor.c:910: in mn_systat(): debug: started
1756316298.413260: 251025-7f42aeffd700: cdpl_monitor.c:937: in mn_systat(): debug: monitor server flush rate: 5
1756316299.223030: 251025-7f42c08c5700: cdpl_server_ipc_mon.c:210: in _globalUNLOCK(): debug: LEAVING GLOBAL LOCK
1756316299.223052: 251025-7f42f8a2e540: cdpl_server.c:3249: in cdpl_sv_start_job(): info: starting job J1
1756316299.223072: 251025-7f42f8a2e540: cdpl_server.c:62: in _sv_start_bin(): debug: starting bin B1 (min: 0, max: 3)
1756316299.223184: 251025-7f42f8a2e540: cdpl_server.c:1893: in _sv_gen_task(): info: new task T0 in B1 (prio 0)
1756316299.223194: 251025-7f42ad7fa700: cdpl_server_sched.c:2482: in _sv_scheduler_thread(): debug: scheduler for bin B1 started
1756316299.223212: 251025-7f42f8a2e540: cdpl_server.c:2698: in cdpl_sv_label_task_va(): info: setting task T0 label to "PrimeSim_3|PrimeSim"
1756316299.223224: 251025-7f42ad7fa700: cdpl_server_sched.c:2443: in _scheduler_run(): debug: will start a new worker
1756316299.223237: 251025-7f42ad7fa700: cdpl_farm.c:3977: in cdpl_farm_submit(): debug: 1 running processes
1756316299.223240: 251025-7f42ad7fa700: cdpl_farm.c:3985: in cdpl_farm_submit(): debug: new command C1 in bin B1 assigned to host `localhost'
1756316299.223318: 251025-7f42ad7fa700: cdpl_server_sched.c:705: in _sv_launch_worker(): info: started worker W1 (as C1) in bin B1
1756316299.223338: 251025-7f42acff9700: cdpl_farm.c:2139: in _schedule(): debug: started
1756316299.223345: 251025-7f42acff9700: cdpl_farm.c:2303: in _schedule(): debug: submitting command C1 in bin B1
1756316299.223351: 251025-7f42acff9700: cdpl_sh.c:49: in _sh_detached_submit(): info: SH : /home/argershm/180-voltmeter/Analog/cc/synopsys_custom/pwdp_jobs/saeSession0_diffmodegain.SimulationSimulation_cdpl.2.251025/START_WORKER pw_worker -i /home/argershm/180-voltmeter/Analog/cc/synopsys_custom/pwdp_jobs/saeSession0_diffmodegain.SimulationSimulation_cdpl.2.251025 -t 10000
1756316299.230319: 251025-7f42acff9700: cdpl_farm.c:2343: in _schedule(): debug: C1 in bin B1 running on slot 0
1756316299.230341: 251025-7f42acff9700: cdpl_farm.c:2167: in _schedule(): debug: idle
1756316299.297827: 251025-7f42f8a2e540: cdpl_compat_master.c:5948: in cdplMasterLogInfo(): info: [non-CDPL log entry] PWDP3: reset pilot cache succeeded, pilot_key=saeSession0,1,diff_mode_gain|&/home/argershm/180-voltmeter/Analog/cc/simulation/integrator,tb_main_opamp,schematic/history_1/simulation/diff_mode_gain/PrimeSimSPICE/nominal/results
1756316299.530416: 251025-7f42acff9700: cdpl_farm.c:1193: in _onexit(): debug: C1 in bin B1 exited normally on slot 0
1756316300.337443: 251025-7f42ae7fc700: cdpl_compat_master.c:5948: in cdplMasterLogInfo(): info: [non-CDPL log entry] PWDP - no-workers started ok check start!
1756316300.978204: 251025-7f42c10c6700: cdpl_ipc.c:1862: in _epoll_accept(): debug: new connection from `152.14.98.53:37144'
1756316300.978250: 251025-7f42c08c5700: cdpl_server_ipc.c:1225: in _sv_ipc_thread(): debug: received ACCEPT notification
1756316300.978264: 251025-7f42c08c5700: cdpl_ipc.c:2503: in cdpl_ipc_host_accept(): debug: accepted host `152.14.98.53:37144'
1756316300.978303: 251025-7f42c08c5700: cdpl_server_ipc.c:1246: in _sv_ipc_thread(): debug: received HELLO message
1756316300.978310: 251025-7f42c08c5700: cdpl_server_ipc.c:430: in _sv_on_hello(): debug: looking up W1
1756316300.978313: 251025-7f42c08c5700: cdpl_server_ipc.c:540: in _sv_on_hello(): info: W1 is `152.14.98.53:37144'
1756316300.978314: 251025-7f42c08c5700: cdpl_server_ipc.c:541: in _sv_on_hello(): debug: hello W1 (B1)
1756316300.978316: 251025-7f42c08c5700: cdpl_server_ipc.c:542: in _sv_on_hello(): info: W1 log file is /dev/null
1756316300.978330: 251025-7f42c08c5700: cdpl_server_ipc.c:602: in _sv_on_hello(): info: up to 1 alive workers in B1
1756316300.978334: 251025-7f42c08c5700: cdpl_farm.c:878: in _release_cmd(): debug: freeing command C1 in bin B1
1756316300.978354: 251025-7f42ad7fa700: cdpl_server_sched.c:960: in _assign(): info: assigning task T0 to worker W1
1756316301.041614: 251025-7f42c08c5700: cdpl_server_ipc.c:1268: in _sv_ipc_thread(): debug: received RELAY message
1756316301.041622: 251025-7f42c08c5700: cdpl_server_ipc.c:713: in _sv_on_relay(): debug: RELAY message from W1, size = 63
1756316301.041625: 251025-7f42c08c5700: cdpl_server_ipc.c:715: in _sv_on_relay(): debug: RELAY message from W1, content = 0$273469 claws-compute3.ece.ncsu.edu 273485 RUNNING 1756316300
1756316301.978530: 251025-7f42c08c5700: cdpl_server_ipc.c:312: in _sv_on_heartbeat(): debug: received HEARTBEAT from worker W1 at 152.14.98.53:37144
1756316303.413855: 251025-7f4297fff700: cdpl_monitor.c:533: in cdpl_mn_connect(): debug: connecting to 152.14.98.53:35507
1756316303.413871: 251025-7f4297fff700: cdpl_ipc.c:3789: in cdpl_ipc_connect(): info: connecting to 152.14.98.53:35507
1756316303.414004: 251025-7f4297fff700: cdpl_ipc.c:3860: in cdpl_ipc_connect(): info: connected as `152.14.98.53:40126'
1756316303.414013: 251025-7f4297fff700: cdpl_ipc.c:2503: in cdpl_ipc_host_accept(): debug: accepted host `152.14.98.53:35507'
1756316303.414018: 251025-7f4297fff700: cdpl_monitor.c:579: in cdpl_mn_connect(): debug: ok
1756316307.098154: 251025-7f42c08c5700: cdpl_server_ipc.c:1268: in _sv_ipc_thread(): debug: received RELAY message
1756316307.098168: 251025-7f42c08c5700: cdpl_server_ipc.c:713: in _sv_on_relay(): debug: RELAY message from W1, size = 51
1756316307.098170: 251025-7f42c08c5700: cdpl_server_ipc.c:715: in _sv_on_relay(): debug: RELAY message from W1, content = WORKERDU|224,/dev/mapper/rhel_claws--compute3-home
1756316307.098176: 251025-7f42c08c5700: cdpl_server_ipc.c:1268: in _sv_ipc_thread(): debug: received RELAY message
1756316307.098178: 251025-7f42c08c5700: cdpl_server_ipc.c:713: in _sv_on_relay(): debug: RELAY message from W1, size = 193
1756316307.098180: 251025-7f42c08c5700: cdpl_server_ipc.c:715: in _sv_on_relay(): debug: RELAY message from W1, content = REQPILOT|saeSession0,1,diff_mode_gain|&/home/argershm/180-voltmeter/Analog/cc/simulation/integrator,tb_main_opamp,schematic/history_1/simulation/diff_mode_gain/PrimeSimSPICE/nominal/results|&0
1756316307.098215: 251025-7f42af7fe700: cdpl_compat_master.c:5948: in cdplMasterLogInfo(): info: [non-CDPL log entry] PWDP send back 'DOPILOT' to worker id:1 key: saeSession0,1,diff_mode_gain|&/home/argershm/180-voltmeter/Analog/cc/simulation/integrator,tb_main_opamp,schematic/history_1/simulation/diff_mode_gain/PrimeSimSPICE/nominal/results
1756316307.098357: 251025-7f42af7fe700: cdpl_compat_master.c:5948: in cdplMasterLogInfo(): info: [non-CDPL log entry] PWDP: set pilot doing!
1756316307.101346: 251025-7f42c08c5700: cdpl_server_ipc.c:1268: in _sv_ipc_thread(): debug: received RELAY message
1756316307.101355: 251025-7f42c08c5700: cdpl_server_ipc.c:713: in _sv_on_relay(): debug: RELAY message from W1, size = 189
1756316307.101357: 251025-7f42c08c5700: cdpl_server_ipc.c:715: in _sv_on_relay(): debug: RELAY message from W1, content = PILOTOK|saeSession0,1,diff_mode_gain|&/home/argershm/180-voltmeter/Analog/cc/simulation/integrator,tb_main_opamp,schematic/history_1/simulation/diff_mode_gain/PrimeSimSPICE/nominal/results
1756316307.101377: 251025-7f42af7fe700: cdpl_compat_master.c:5948: in cdplMasterLogInfo(): info: [non-CDPL log entry] PWDP: set pilot done!
1756316307.101444: 251025-7f42c08c5700: cdpl_server_ipc.c:1268: in _sv_ipc_thread(): debug: received RELAY message
1756316307.101449: 251025-7f42c08c5700: cdpl_server_ipc.c:713: in _sv_on_relay(): debug: RELAY message from W1, size = 18
1756316307.101452: 251025-7f42c08c5700: cdpl_server_ipc.c:715: in _sv_on_relay(): debug: RELAY message from W1, content = 0$- - - MEASDOING
1756316307.303232: 251025-7f42c08c5700: cdpl_server_ipc.c:1268: in _sv_ipc_thread(): debug: received RELAY message
1756316307.303240: 251025-7f42c08c5700: cdpl_server_ipc.c:713: in _sv_on_relay(): debug: RELAY message from W1, size = 75
1756316307.303243: 251025-7f42c08c5700: cdpl_server_ipc.c:715: in _sv_on_relay(): debug: RELAY message from W1, content = 0$273469 claws-compute3.ece.ncsu.edu 273485 FINISHED 1756316300|1756316307
1756316307.304727: 251025-7f42c08c5700: cdpl_server_ipc.c:1268: in _sv_ipc_thread(): debug: received RELAY message
1756316307.304734: 251025-7f42c08c5700: cdpl_server_ipc.c:713: in _sv_on_relay(): debug: RELAY message from W1, size = 191
1756316307.304737: 251025-7f42c08c5700: cdpl_server_ipc.c:715: in _sv_on_relay(): debug: RELAY message from W1, content = PILOTDONE|saeSession0,1,diff_mode_gain|&/home/argershm/180-voltmeter/Analog/cc/simulation/integrator,tb_main_opamp,schematic/history_1/simulation/diff_mode_gain/PrimeSimSPICE/nominal/results
1756316307.304756: 251025-7f42af7fe700: cdpl_compat_master.c:5948: in cdplMasterLogInfo(): info: [non-CDPL log entry] saeSession0,1,diff_mode_gain|&/home/argershm/180-voltmeter/Analog/cc/simulation/integrator,tb_main_opamp,schematic/history_1/simulation/diff_mode_gain/PrimeSimSPICE/nominal/results PILOTDONE!
1756316307.305031: 251025-7f42c08c5700: cdpl_server_ipc.c:1251: in _sv_ipc_thread(): debug: received FINISH message
1756316307.305040: 251025-7f42c08c5700: cdpl_server_ipc.c:983: in _sv_on_finish(): info: worker W1 completed task T0
1756316307.305042: 251025-7f42c08c5700: cdpl_server_ipc.c:988: in _sv_on_finish(): debug: stat T0: utime=3457 stime=1812
1756316307.305045: 251025-7f42c08c5700: cdpl_server_ipc.c:993: in _sv_on_finish(): debug: statm T0: vsize=3054144 rss=1039044 shared=515944 text=474784 data=709176
1756316307.316620: 251025-7f42c08c5700: cdpl_server_ipc.c:1268: in _sv_ipc_thread(): debug: received RELAY message
1756316307.316628: 251025-7f42c08c5700: cdpl_server_ipc.c:713: in _sv_on_relay(): debug: RELAY message from W1, size = 50
1756316307.316631: 251025-7f42c08c5700: cdpl_server_ipc.c:715: in _sv_on_relay(): debug: RELAY message from W1, content = WORKERDU|12,/dev/mapper/rhel_claws--compute3-home
1756316307.371531: 251025-7f42f8a2e540: cdpl_server.c:227: in _sv_free_task_safe(): debug: freeing task T0
1756316307.938369: 251025-7f42f8a2e540: cdpl_server.c:3008: in cdpl_sv_halt_job_errno(): info: killing job J1
1756316307.938403: 251025-7f42f8a2e540: cdpl_server.c:3044: in cdpl_sv_halt_job_errno(): debug: signal bin B1 scheduler to stop
1756316307.938450: 251025-7f42ad7fa700: cdpl_server_sched.c:2484: in _sv_scheduler_thread(): debug: scheduler for bin B1 stopped
1756316307.938479: 251025-7f42ad7fa700: cdpl_ipc.c:1657: in _host_drop__UNSAFE(): debug: dropping host `152.14.98.53:37144'
1756316307.938563: 251025-7f42ad7fa700: cdpl_server_sched.c:2830: in _sv_drop_worker(): info: down to 0 alive workers in B1
1756316307.938567: 251025-7f42ad7fa700: cdpl_farm.c:4152: in cdpl_farm_dismiss(): debug: down to 0 running processes
1756316307.938571: 251025-7f42ad7fa700: cdpl_server_sched.c:121: in _free_worker_2(): debug: freeing worker W1
1756316307.938573: 251025-7f42ad7fa700: cdpl_ipc.c:2513: in cdpl_ipc_host_release(): debug: releasing host `152.14.98.53:37144'
1756316307.938577: 251025-7f42c08c5700: cdpl_server_ipc.c:1236: in _sv_ipc_thread(): debug: received DROP notification
1756316307.938591: 251025-7f42f8a2e540: cdpl_server.c:294: in _sv_free_job(): info: freeing job J1
1756316307.938597: 251025-7f42f8a2e540: cdpl_server.c:92: in _sv_free_bin(): debug: freeing bin B1
1756316307.938606: 251025-7f42f8a2e540: cdpl_monitor.c:515: in cdpl_mn_kill(): info: killing monitor
1756316307.938608: 251025-7f42f8a2e540: cdpl_ipc.c:3677: in cdpl_ipc_kill(): debug: stopping event server
1756316307.938631: 251025-7f42977fe700: cdpl_ipc.c:2460: in _epoll_main(): debug: server going down...
1756316307.938672: 251025-7f42c10c6700: cdpl_ipc.c:775: in _readv(): warning: read(): EOF
1756316307.938682: 251025-7f42c10c6700: cdpl_ipc.c:2100: in _epoll_recv(): debug: _readv(): Broken pipe
1756316307.938685: 251025-7f42c10c6700: cdpl_ipc.c:2424: in _epoll_main(): debug: _epoll_recv(): Broken pipe
1756316307.938689: 251025-7f42c10c6700: cdpl_ipc.c:1657: in _host_drop__UNSAFE(): debug: dropping host `152.14.98.53:37132'
1756316307.938732: 251025-7f42c10c6700: cdpl_ipc.c:1582: in _host_free__UNSAFE(): debug: freeing host `152.14.98.53:37144'
1756316307.938734: 251025-7f42c10c6700: cdpl_ipc.c:1621: in _host_free__UNSAFE(): debug: [0 outq, 0 spR, 0 spW]
1756316307.938741: 251025-7f42c08c5700: cdpl_server_ipc.c:1236: in _sv_ipc_thread(): debug: received DROP notification
1756316307.938747: 251025-7f42c08c5700: cdpl_monitor.c:1269: in cdpl_mn_drop(): debug: detaching from monitor `152.14.98.53:37132'
1756316307.938751: 251025-7f42c08c5700: cdpl_monitor.c:1101: in mn_systat_stop(): debug: joining systat thread
1756316307.938795: 251025-7f42aeffd700: cdpl_monitor.c:1079: in mn_systat(): debug: exiting
1756316307.938807: 251025-7f42c08c5700: cdpl_monitor.c:1103: in mn_systat_stop(): debug: systat thread done
1756316307.938815: 251025-7f42c08c5700: cdpl_ipc.c:2513: in cdpl_ipc_host_release(): debug: releasing host `152.14.98.53:37132'
1756316307.938980: 251025-7f4297fff700: cdpl_ipc.c:3728: in cdpl_ipc_free(): debug: releasing IPC handle
1756316307.938987: 251025-7f4297fff700: cdpl_ipc.c:1582: in _host_free__UNSAFE(): debug: freeing host `152.14.98.53:35507'
1756316307.938989: 251025-7f4297fff700: cdpl_ipc.c:1621: in _host_free__UNSAFE(): debug: [0 outq, 0 spR, 0 spW]
1756316307.939004: 251025-7f4297fff700: cdpl_ipc.c:1582: in _host_free__UNSAFE(): debug: freeing host `152.14.98.53:32967'
1756316307.939006: 251025-7f4297fff700: cdpl_ipc.c:1621: in _host_free__UNSAFE(): debug: [0 outq, 0 spR, 0 spW]
1756316307.939013: 251025-7f4297fff700: cdpl_ipc.c:3756: in cdpl_ipc_free(): warning: 2 host(s) were not released
1756316307.939021: 251025-7f4297fff700: cdpl_ipc.c:3767: in cdpl_ipc_free(): debug: done
1756316307.939023: 251025-7f4297fff700: cdpl_monitor.c:1390: in cdpl_mn_free(): debug: freeing monitor client
1756316307.939108: 251025-7f42f8a2e540: cdpl_farm.c:2740: in cdpl_farm_free(): info: freeing farm
1756316307.939135: 251025-7f42acff9700: cdpl_farm.c:2231: in _schedule(): debug: end of idling
1756316307.939143: 251025-7f42acff9700: cdpl_farm.c:2235: in _schedule(): debug: dying
1756316307.939190: 251025-7f42f8a2e540: cdpl_farm.c:913: in _killall(): debug: killing all remaining commands
1756316307.939195: 251025-7f42f8a2e540: cdpl_server.c:3144: in cdpl_sv_free(): info: freeing server S1045554700
1756316307.939198: 251025-7f42f8a2e540: cdpl_server.c:3109: in cdpl_sv_kill_errno(): info: killing server
1756316307.939200: 251025-7f42f8a2e540: cdpl_ipc.c:3677: in cdpl_ipc_kill(): debug: stopping event server
1756316307.939212: 251025-7f42c08c5700: cdpl_server_ipc.c:1200: in _sv_ipc_thread(): debug: leaving now
1756316307.939218: 251025-7f42c10c6700: cdpl_ipc.c:2460: in _epoll_main(): debug: server going down...
1756316307.939228: 251025-7f42f8a2e540: cdpl_server.c:334: in _sv_free_master(): info: freeing master M1
1756316307.939231: 251025-7f42f8a2e540: cdpl_hash.c:68: in cdpl_h_destroy(): debug: put operations: 1
1756316307.939233: 251025-7f42f8a2e540: cdpl_hash.c:69: in cdpl_h_destroy(): debug: put collisions: 0
1756316307.939235: 251025-7f42f8a2e540: cdpl_hash.c:70: in cdpl_h_destroy(): debug: get operations: 1
1756316307.939236: 251025-7f42f8a2e540: cdpl_hash.c:71: in cdpl_h_destroy(): debug: get iterations: 1
1756316307.939240: 251025-7f42f8a2e540: cdpl_monitor.c:1390: in cdpl_mn_free(): debug: freeing monitor server
1756316307.939244: 251025-7f42f8a2e540: cdpl_ipc.c:3728: in cdpl_ipc_free(): debug: releasing IPC handle
1756316307.939245: 251025-7f42f8a2e540: cdpl_ipc.c:1582: in _host_free__UNSAFE(): debug: freeing host `152.14.98.53:37132'
1756316307.939248: 251025-7f42f8a2e540: cdpl_ipc.c:1621: in _host_free__UNSAFE(): debug: [0 outq, 0 spR, 0 spW]
1756316307.939266: 251025-7f42f8a2e540: cdpl_ipc.c:3767: in cdpl_ipc_free(): debug: done
1756316307.939268: 251025-7f42f8a2e540: cdpl_log.c:481: in cdpl_log_close(): info: @@end_of_log@@
