### WaveView ADV log file, revision X-2025.06-1 (build Jun 19, ) ###
### created at 18:24:44 on Sun Sep  7 2025 (Linux AMD64) ###
### Host Name: claws-compute3.ece.ncsu.edu   User ID: argershm   PID: 3558854   ###
wv_start_log
# (0) running in waveview only mode
# (0) SW_SX_PERL_LIB defined
# (0) SW_SX_TCL_LIB defined
# (0) HOME defined
#source {/mnt/apps/public/COE/synopsys_apps/customcompiler/X-2025.06-1/auxx/../packages/swv/packages/SX-SNPSCUST-Link/snps_custom_link.tcl}
#   *** running Tcl script ... ***
#   ***   -*- Tcl script done -*- ***
#  -*- memory usage : 989.21MB -*-
#  -*- CPU Time :     0.17s -*-
#source TCL files from directory {/mnt/apps/public/COE/synopsys_apps/customcompiler/X-2025.06-1/auxx}
#   *** running Tcl script ... ***
#   ***   -*- Tcl script done -*- ***
#  -*- memory usage : 989.21MB -*-
#  -*- CPU Time :     0.17s -*-
#   *** running Tcl script ... ***
#   ***   -*- Tcl script done -*- ***
#  -*- memory usage : 992.16MB -*-
#  -*- CPU Time :     0.17s -*-
#   *** running Tcl script ... ***
#   ***   -*- Tcl script done -*- ***
#  -*- memory usage : 992.29MB -*-
#  -*- CPU Time :     0.17s -*-
#   *** running Tcl script ... ***
#   ***   -*- Tcl script done -*- ***
#  -*- memory usage : 992.29MB -*-
#  -*- CPU Time :     0.17s -*-
#   *** [ERROR] command failure ***
#sx_set_data_directory {/home/argershm/180-voltmeter/Analog/cc/simulation/simulation/default/PrimeSimSPICE/nominal/results}#
#   *** running Tcl script ... ***
#   ***   -*- Tcl script done -*- ***
#  -*- memory usage : 1066.30MB -*-
#  -*- CPU Time :     0.19s -*-
#   *** running Tcl script ... ***
#   ***   -*- Tcl script done -*- ***
#  -*- memory usage : 1066.30MB -*-
#  -*- CPU Time :     0.19s -*-
#   *** running Tcl script ... ***
#   ***   -*- Tcl script done -*- ***
#  -*- memory usage : 1066.30MB -*-
#  -*- CPU Time :     0.19s -*-
#   *** running Tcl script ... ***
#   ***   -*- Tcl script done -*- ***
#  -*- memory usage : 1066.30MB -*-
#  -*- CPU Time :     0.19s -*-
#  no 'sx_apx' license found.
#  trying 'spice_explorer' and 'cx_ultra' license ...
#  'spice_explorer' license found.
