[19:03:02.73] /o 
              /c                                    pw_worker™ 
              /c 
              /c                Version W-2024.09-SP1-2 for linux64 - Jan 15, 2025
              /c              Based on Custom Infrastructure
              /c Version W-2024.09-SP1-2
              /c 
              /c                     Copyright (c) 2004 - 2025 Synopsys, Inc.
              /c    This software and the associated documentation are proprietary to Synopsys,
              /c  Inc. This software may only be used in accordance with the terms and conditions
              /c  of a written license agreement with Synopsys, Inc. All other use, reproduction,
              /c    or distribution of this software is strictly prohibited.  Licensed Products
              /c      communicate with Synopsys servers for the purpose of providing software
              /c     updates, detecting software piracy and verifying that customers are using
              /c     Licensed Products in conformity with the applicable License Key for such
              /c   Licensed Products. Synopsys will use information gathered in connection with
              /c     this process to deliver software updates and pursue software pirates and
              /c                                    infringers.
              /c 
              /c  Inclusivity & Diversity - Visit SolvNetPlus to read the "Synopsys Statement on
              /c             Inclusivity and Diversity" (Refer to article 000036315 at
              /c                         https://solvnetplus.synopsys.com)
              /c 
              /c Build  (OPT) Config 11252589 compiled on Wed Jan 15 11:01:36 2025 for AlmaLinux 8.4
              /c Invocation: /mnt/apps/public/COE/synopsys_apps/primewave/W-2024.09-SP1-2/linux64/platform/bin/custom_shell -application pw_worker -gui 0 -localDir /home/argershm/180-voltmeter/Analog/cc/synopsys_custom/pwdp_jobs/saeSession4_diffmodegain.SimulationSimulation_cdpl.0.3012351/logs/w2
              /c Execution time: Sat Sep  6 19:03:01 2025
              /c Host: claws-compute3.ece.ncsu.edu
              /c Working directory: /home/argershm/180-voltmeter/Analog/cc
              /c 
[19:03:07.13] /m Information: Registering ICV PERC package...
[19:03:07.13] /w Warning: Error: "Job group named 'PrimeWave' already exists under this parent." (IPC-100)
[19:03:07.38] /o #####New Worker job begin - Self history dir=/home/argershm/180-voltmeter/Analog/cc/simulation/integrator,tb_main_opamp,schematic
[19:03:07.57] /o source /home/argershm/180-voltmeter/Analog/cc/synopsys_custom/pwdp_jobs/saeSession4_diffmodegain.SimulationSimulation_cdpl.0.3012351/ccFile.tcl OK
[19:03:07.57] /o LibDefs : /home/argershm/180-voltmeter/Analog/cc/lib.defs
[19:03:07.80] /o new worker create session at loading state!
[19:03:07.80] /o history_1
[19:03:07.84] /m Information: Info: Waveform format selected is PSF. Synopsys recommends using the WDF format with the <HSPICE/FineSim> simulator.
              /c WDF is an optimal format that improves viewing performance and reduces disk usage while PSF is a 3rd party format and support "as-is".
              /c To change the format, open the Setup -> Environment menu and select the WDF format. (PW-642)
[19:03:08.02] /o Loading: Callback files...
[19:03:08.02] /o 
              /c [INFO] : Loading display.tcl from /mnt/designkits/gf180MCU/dk_ncsu/gf180mcu_cc_0.1/Models_HSPICE
              /c 
              /c  if you wish to Load other display.tcl, please set shell environment valiable "iPDK_load_display_gf180mcu" to value = 0
[19:03:08.02] /o 
[19:03:08.07] /w Warning: Could not set the value of preference xtEMIRLPEStarTcadGrdFile because it does not exist. (PREFERENCE-016)
[19:03:08.07] /o 	#######################################
[19:03:08.07] /o 	CC-PDK Library Name	: gf180MCU Open
[19:03:08.07] /o 	#######################################
[19:03:08.07] /o 
[19:03:08.18] /o source /home/argershm/180-voltmeter/Analog/cc/simulation/integrator,tb_main_opamp,schematic/history_1/.nw_preference_script.tcl OK!
[19:03:08.18] /o DSPF Options: {hierDelim==|}||{termDelim==:}||{fingerChar==@}||{multiplierString==_nettran_}||{aggregateCurrent==1}||{MOSTermNames==d g s b}||{MOSTermOrder==D G S B}||{MOSTermDspfNames==DRC GATE SRC BULK}||{firstChars==XM}||{probeHierDelim==/}||{caseSensitive==1}||{firstChar==M}||{hierPrefix==X}||{nodePrefix==M}||{plotTermVoltageForNet==0}||{mapNetToMosTerminal==}||{mapSlashDelimToDot==1}||{probePortCurrent==1}||{busBit==[]}||{removeNodePrefix==1}||{nlConDelim==.}||{mosModelType==auto}||{keepSchName==0}
[19:03:08.18] /o _workerLoadStateAction done!
[19:03:08.21] /o pw_worker _createCalculateEngine got job!
[19:03:08.21] /o pw_worker _createCalculateEngine OK!
[19:03:08.22] /o _getSimulationDetails : 
[19:03:08.22] /o tbName=diff_mode_gain, Mtb=0
[19:03:08.22] /o Got stb tb ok!
[19:03:08.22] /o Self resultsDir: ./simulation
[19:03:08.22] /o Self databaseDir: /home/argershm/180-voltmeter/Analog/cc/simulation/integrator,tb_main_opamp,schematic/history_1/simulation/diff_mode_gain/PrimeSimSPICE/parametric/results
[19:03:08.22] /o source /mnt/apps/public/COE/synopsys_apps/primewave/W-2024.09-SP1-2/auxx/sae/matlab_script.tcl OK
[19:03:08.38] /o _createResultsMap done!
[19:03:08.39] /o ###write_child - resultsDir=/home/argershm/180-voltmeter/Analog/cc/simulation/integrator,tb_main_opamp,schematic/history_1/simulation/diff_mode_gain/PrimeSimSPICE/parametric/L=10u/results
              /c  masterResultsDir=/home/argershm/180-voltmeter/Analog/cc/simulation/integrator,tb_main_opamp,schematic/history_1/simulation/diff_mode_gain/PrimeSimSPICE/parametric/results
              /c  databaseDir=/home/argershm/180-voltmeter/Analog/cc/simulation/integrator,tb_main_opamp,schematic/history_1/simulation/diff_mode_gain/PrimeSimSPICE/parametric/results
              /c  UniqueName=saeSession4, isPilot=false
[19:03:08.39] /o 
[19:03:08.45] /o pw_worker child CE begin!
[19:03:08.45] /o pw_worker invokes measurement finished.
[19:03:08.45] /o pw_worker writeSimMap finsied.
[19:03:08.45] /o _simulationDoneAction done without exception!
[19:03:08.85] /o New Worker New CE ready proc entered.
[19:03:09.53] /o Got file /home/argershm/180-voltmeter/Analog/cc/simulation/integrator,tb_main_opamp,schematic/history_1/simulation/diff_mode_gain/PrimeSimSPICE/parametric/L=10u/results/.ceFinished
[19:03:09.53] /o touch /home/argershm/180-voltmeter/Analog/cc/simulation/integrator,tb_main_opamp,schematic/history_1/simulation/diff_mode_gain/PrimeSimSPICE/parametric/L=10u/results/.unitedSimFinished
[19:03:09.53] /o Calc Job Done!
[19:03:09.53] /o New Worker New CE exit
[19:03:09.67] /o #####New Worker job begin - Self history dir=/home/argershm/180-voltmeter/Analog/cc/simulation/integrator,tb_main_opamp,schematic
[19:03:09.79] /o pw_worker _createCalculateEngine got job!
[19:03:09.79] /o pw_worker _createCalculateEngine OK!
[19:03:11.00] /o New Worker New CE ready proc entered.
[19:03:11.18] /o _getSimulationDetails : 
[19:03:11.18] /o tbName=diff_mode_gain, Mtb=0
[19:03:11.18] /o Got stb tb ok!
[19:03:11.18] /o Self resultsDir: ./simulation
[19:03:11.18] /o Self databaseDir: /home/argershm/180-voltmeter/Analog/cc/simulation/integrator,tb_main_opamp,schematic/history_1/simulation/diff_mode_gain/PrimeSimSPICE/parametric/results
[19:03:11.28] /o _createResultsMap done!
[19:03:11.28] /o ###write_child - resultsDir=/home/argershm/180-voltmeter/Analog/cc/simulation/integrator,tb_main_opamp,schematic/history_1/simulation/diff_mode_gain/PrimeSimSPICE/parametric/L=1.4u/results
              /c  masterResultsDir=/home/argershm/180-voltmeter/Analog/cc/simulation/integrator,tb_main_opamp,schematic/history_1/simulation/diff_mode_gain/PrimeSimSPICE/parametric/results
              /c  databaseDir=/home/argershm/180-voltmeter/Analog/cc/simulation/integrator,tb_main_opamp,schematic/history_1/simulation/diff_mode_gain/PrimeSimSPICE/parametric/results
              /c  UniqueName=saeSession4, isPilot=false
[19:03:11.28] /o 
[19:03:11.30] /o pw_worker child CE begin!
[19:03:11.30] /o pw_worker invokes measurement finished.
[19:03:11.30] /o pw_worker writeSimMap finsied.
[19:03:11.30] /o _simulationDoneAction done without exception!
[19:03:11.40] /o Got file /home/argershm/180-voltmeter/Analog/cc/simulation/integrator,tb_main_opamp,schematic/history_1/simulation/diff_mode_gain/PrimeSimSPICE/parametric/L=1.4u/results/.ceFinished
[19:03:11.70] /o touch /home/argershm/180-voltmeter/Analog/cc/simulation/integrator,tb_main_opamp,schematic/history_1/simulation/diff_mode_gain/PrimeSimSPICE/parametric/L=1.4u/results/.unitedSimFinished
[19:03:11.70] /o Calc Job Done!
[19:03:11.70] /o New Worker New CE exit
[19:03:11.88] /o #####New Worker job begin - Self history dir=/home/argershm/180-voltmeter/Analog/cc/simulation/integrator,tb_main_opamp,schematic
[19:03:12.01] /o pw_worker _createCalculateEngine got job!
[19:03:12.01] /o pw_worker _createCalculateEngine OK!
[19:03:13.22] /o New Worker New CE ready proc entered.
[19:03:13.40] /o _getSimulationDetails : 
[19:03:13.40] /o tbName=diff_mode_gain, Mtb=0
[19:03:13.40] /o Got stb tb ok!
[19:03:13.40] /o Self resultsDir: ./simulation
[19:03:13.40] /o Self databaseDir: /home/argershm/180-voltmeter/Analog/cc/simulation/integrator,tb_main_opamp,schematic/history_1/simulation/diff_mode_gain/PrimeSimSPICE/parametric/results
[19:03:13.48] /o _createResultsMap done!
[19:03:13.48] /o ###write_child - resultsDir=/home/argershm/180-voltmeter/Analog/cc/simulation/integrator,tb_main_opamp,schematic/history_1/simulation/diff_mode_gain/PrimeSimSPICE/parametric/L=1.5u/results
              /c  masterResultsDir=/home/argershm/180-voltmeter/Analog/cc/simulation/integrator,tb_main_opamp,schematic/history_1/simulation/diff_mode_gain/PrimeSimSPICE/parametric/results
              /c  databaseDir=/home/argershm/180-voltmeter/Analog/cc/simulation/integrator,tb_main_opamp,schematic/history_1/simulation/diff_mode_gain/PrimeSimSPICE/parametric/results
              /c  UniqueName=saeSession4, isPilot=false
[19:03:13.48] /o 
[19:03:13.49] /o pw_worker child CE begin!
[19:03:13.49] /o pw_worker invokes measurement finished.
[19:03:13.49] /o pw_worker writeSimMap finsied.
[19:03:13.49] /o _simulationDoneAction done without exception!
[19:03:13.59] /o Got file /home/argershm/180-voltmeter/Analog/cc/simulation/integrator,tb_main_opamp,schematic/history_1/simulation/diff_mode_gain/PrimeSimSPICE/parametric/L=1.5u/results/.ceFinished
[19:03:13.90] /o touch /home/argershm/180-voltmeter/Analog/cc/simulation/integrator,tb_main_opamp,schematic/history_1/simulation/diff_mode_gain/PrimeSimSPICE/parametric/L=1.5u/results/.unitedSimFinished
[19:03:13.90] /o Calc Job Done!
[19:03:13.90] /o New Worker New CE exit
[19:03:14.07] /o #####New Worker job begin - Self history dir=/home/argershm/180-voltmeter/Analog/cc/simulation/integrator,tb_main_opamp,schematic
[19:03:14.20] /o pw_worker _createCalculateEngine got job!
[19:03:14.20] /o pw_worker _createCalculateEngine OK!
[19:03:15.41] /o New Worker New CE ready proc entered.
[19:03:15.58] /o _getSimulationDetails : 
[19:03:15.58] /o tbName=diff_mode_gain, Mtb=0
[19:03:15.58] /o Got stb tb ok!
[19:03:15.58] /o Self resultsDir: ./simulation
[19:03:15.58] /o Self databaseDir: /home/argershm/180-voltmeter/Analog/cc/simulation/integrator,tb_main_opamp,schematic/history_1/simulation/diff_mode_gain/PrimeSimSPICE/parametric/results
[19:03:15.68] /o _createResultsMap done!
[19:03:15.69] /o ###write_child - resultsDir=/home/argershm/180-voltmeter/Analog/cc/simulation/integrator,tb_main_opamp,schematic/history_1/simulation/diff_mode_gain/PrimeSimSPICE/parametric/L=1.9u/results
              /c  masterResultsDir=/home/argershm/180-voltmeter/Analog/cc/simulation/integrator,tb_main_opamp,schematic/history_1/simulation/diff_mode_gain/PrimeSimSPICE/parametric/results
              /c  databaseDir=/home/argershm/180-voltmeter/Analog/cc/simulation/integrator,tb_main_opamp,schematic/history_1/simulation/diff_mode_gain/PrimeSimSPICE/parametric/results
              /c  UniqueName=saeSession4, isPilot=false
[19:03:15.69] /o 
[19:03:15.70] /o pw_worker child CE begin!
[19:03:15.70] /o pw_worker invokes measurement finished.
[19:03:15.70] /o pw_worker writeSimMap finsied.
[19:03:15.70] /o _simulationDoneAction done without exception!
[19:03:15.90] /o Got file /home/argershm/180-voltmeter/Analog/cc/simulation/integrator,tb_main_opamp,schematic/history_1/simulation/diff_mode_gain/PrimeSimSPICE/parametric/L=1.9u/results/.ceFinished
[19:03:16.10] /o touch /home/argershm/180-voltmeter/Analog/cc/simulation/integrator,tb_main_opamp,schematic/history_1/simulation/diff_mode_gain/PrimeSimSPICE/parametric/L=1.9u/results/.unitedSimFinished
[19:03:16.10] /o Calc Job Done!
[19:03:16.10] /o New Worker New CE exit
[19:03:16.28] /o #####New Worker job begin - Self history dir=/home/argershm/180-voltmeter/Analog/cc/simulation/integrator,tb_main_opamp,schematic
[19:03:16.41] /o pw_worker _createCalculateEngine got job!
[19:03:16.41] /o pw_worker _createCalculateEngine OK!
[19:03:17.71] /o New Worker New CE ready proc entered.
[19:03:17.89] /o _getSimulationDetails : 
[19:03:17.89] /o tbName=diff_mode_gain, Mtb=0
[19:03:17.89] /o Got stb tb ok!
[19:03:17.89] /o Self resultsDir: ./simulation
[19:03:17.89] /o Self databaseDir: /home/argershm/180-voltmeter/Analog/cc/simulation/integrator,tb_main_opamp,schematic/history_1/simulation/diff_mode_gain/PrimeSimSPICE/parametric/results
[19:03:17.98] /o _createResultsMap done!
[19:03:17.98] /o ###write_child - resultsDir=/home/argershm/180-voltmeter/Analog/cc/simulation/integrator,tb_main_opamp,schematic/history_1/simulation/diff_mode_gain/PrimeSimSPICE/parametric/L=2.2u/results
              /c  masterResultsDir=/home/argershm/180-voltmeter/Analog/cc/simulation/integrator,tb_main_opamp,schematic/history_1/simulation/diff_mode_gain/PrimeSimSPICE/parametric/results
              /c  databaseDir=/home/argershm/180-voltmeter/Analog/cc/simulation/integrator,tb_main_opamp,schematic/history_1/simulation/diff_mode_gain/PrimeSimSPICE/parametric/results
              /c  UniqueName=saeSession4, isPilot=false
[19:03:17.98] /o 
[19:03:17.99] /o pw_worker child CE begin!
[19:03:17.99] /o pw_worker invokes measurement finished.
[19:03:17.99] /o pw_worker writeSimMap finsied.
[19:03:17.99] /o _simulationDoneAction done without exception!
[19:03:18.09] /o Got file /home/argershm/180-voltmeter/Analog/cc/simulation/integrator,tb_main_opamp,schematic/history_1/simulation/diff_mode_gain/PrimeSimSPICE/parametric/L=2.2u/results/.ceFinished
[19:03:18.39] /o touch /home/argershm/180-voltmeter/Analog/cc/simulation/integrator,tb_main_opamp,schematic/history_1/simulation/diff_mode_gain/PrimeSimSPICE/parametric/L=2.2u/results/.unitedSimFinished
[19:03:18.39] /o Calc Job Done!
[19:03:18.39] /o New Worker New CE exit
[19:03:18.57] /o #####New Worker job begin - Self history dir=/home/argershm/180-voltmeter/Analog/cc/simulation/integrator,tb_main_opamp,schematic
[19:03:18.70] /o pw_worker _createCalculateEngine got job!
[19:03:18.70] /o pw_worker _createCalculateEngine OK!
[19:03:19.91] /o New Worker New CE ready proc entered.
[19:03:20.08] /o _getSimulationDetails : 
[19:03:20.08] /o tbName=diff_mode_gain, Mtb=0
[19:03:20.08] /o Got stb tb ok!
[19:03:20.08] /o Self resultsDir: ./simulation
[19:03:20.08] /o Self databaseDir: /home/argershm/180-voltmeter/Analog/cc/simulation/integrator,tb_main_opamp,schematic/history_1/simulation/diff_mode_gain/PrimeSimSPICE/parametric/results
[19:03:20.16] /o _createResultsMap done!
[19:03:20.16] /o ###write_child - resultsDir=/home/argershm/180-voltmeter/Analog/cc/simulation/integrator,tb_main_opamp,schematic/history_1/simulation/diff_mode_gain/PrimeSimSPICE/parametric/L=2.5u/results
              /c  masterResultsDir=/home/argershm/180-voltmeter/Analog/cc/simulation/integrator,tb_main_opamp,schematic/history_1/simulation/diff_mode_gain/PrimeSimSPICE/parametric/results
              /c  databaseDir=/home/argershm/180-voltmeter/Analog/cc/simulation/integrator,tb_main_opamp,schematic/history_1/simulation/diff_mode_gain/PrimeSimSPICE/parametric/results
              /c  UniqueName=saeSession4, isPilot=false
[19:03:20.16] /o 
[19:03:20.17] /o pw_worker child CE begin!
[19:03:20.17] /o pw_worker invokes measurement finished.
[19:03:20.17] /o pw_worker writeSimMap finsied.
[19:03:20.17] /o _simulationDoneAction done without exception!
[19:03:20.27] /o Got file /home/argershm/180-voltmeter/Analog/cc/simulation/integrator,tb_main_opamp,schematic/history_1/simulation/diff_mode_gain/PrimeSimSPICE/parametric/L=2.5u/results/.ceFinished
[19:03:20.48] /o touch /home/argershm/180-voltmeter/Analog/cc/simulation/integrator,tb_main_opamp,schematic/history_1/simulation/diff_mode_gain/PrimeSimSPICE/parametric/L=2.5u/results/.unitedSimFinished
[19:03:20.48] /o Calc Job Done!
[19:03:20.48] /o New Worker New CE exit
[19:03:20.68] /o #####New Worker job begin - Self history dir=/home/argershm/180-voltmeter/Analog/cc/simulation/integrator,tb_main_opamp,schematic
[19:03:20.80] /o pw_worker _createCalculateEngine got job!
[19:03:20.81] /o pw_worker _createCalculateEngine OK!
[19:03:22.11] /o New Worker New CE ready proc entered.
[19:03:22.29] /o _getSimulationDetails : 
[19:03:22.29] /o tbName=diff_mode_gain, Mtb=0
[19:03:22.29] /o Got stb tb ok!
[19:03:22.29] /o Self resultsDir: ./simulation
[19:03:22.29] /o Self databaseDir: /home/argershm/180-voltmeter/Analog/cc/simulation/integrator,tb_main_opamp,schematic/history_1/simulation/diff_mode_gain/PrimeSimSPICE/parametric/results
[19:03:22.37] /o _createResultsMap done!
[19:03:22.38] /o ###write_child - resultsDir=/home/argershm/180-voltmeter/Analog/cc/simulation/integrator,tb_main_opamp,schematic/history_1/simulation/diff_mode_gain/PrimeSimSPICE/parametric/L=2.7u/results
              /c  masterResultsDir=/home/argershm/180-voltmeter/Analog/cc/simulation/integrator,tb_main_opamp,schematic/history_1/simulation/diff_mode_gain/PrimeSimSPICE/parametric/results
              /c  databaseDir=/home/argershm/180-voltmeter/Analog/cc/simulation/integrator,tb_main_opamp,schematic/history_1/simulation/diff_mode_gain/PrimeSimSPICE/parametric/results
              /c  UniqueName=saeSession4, isPilot=false
[19:03:22.38] /o 
[19:03:22.39] /o pw_worker child CE begin!
[19:03:22.39] /o pw_worker invokes measurement finished.
[19:03:22.39] /o pw_worker writeSimMap finsied.
[19:03:22.39] /o _simulationDoneAction done without exception!
[19:03:22.49] /o Got file /home/argershm/180-voltmeter/Analog/cc/simulation/integrator,tb_main_opamp,schematic/history_1/simulation/diff_mode_gain/PrimeSimSPICE/parametric/L=2.7u/results/.ceFinished
[19:03:22.80] /o touch /home/argershm/180-voltmeter/Analog/cc/simulation/integrator,tb_main_opamp,schematic/history_1/simulation/diff_mode_gain/PrimeSimSPICE/parametric/L=2.7u/results/.unitedSimFinished
[19:03:22.80] /o Calc Job Done!
[19:03:22.80] /o New Worker New CE exit
[19:03:22.97] /o #####New Worker job begin - Self history dir=/home/argershm/180-voltmeter/Analog/cc/simulation/integrator,tb_main_opamp,schematic
[19:03:23.10] /o pw_worker _createCalculateEngine got job!
[19:03:23.10] /o pw_worker _createCalculateEngine OK!
[19:03:24.30] /o New Worker New CE ready proc entered.
[19:03:24.47] /o _getSimulationDetails : 
[19:03:24.47] /o tbName=diff_mode_gain, Mtb=0
[19:03:24.47] /o Got stb tb ok!
[19:03:24.47] /o Self resultsDir: ./simulation
[19:03:24.47] /o Self databaseDir: /home/argershm/180-voltmeter/Analog/cc/simulation/integrator,tb_main_opamp,schematic/history_1/simulation/diff_mode_gain/PrimeSimSPICE/parametric/results
[19:03:24.56] /o _createResultsMap done!
[19:03:24.56] /o ###write_child - resultsDir=/home/argershm/180-voltmeter/Analog/cc/simulation/integrator,tb_main_opamp,schematic/history_1/simulation/diff_mode_gain/PrimeSimSPICE/parametric/L=3.2u/results
              /c  masterResultsDir=/home/argershm/180-voltmeter/Analog/cc/simulation/integrator,tb_main_opamp,schematic/history_1/simulation/diff_mode_gain/PrimeSimSPICE/parametric/results
              /c  databaseDir=/home/argershm/180-voltmeter/Analog/cc/simulation/integrator,tb_main_opamp,schematic/history_1/simulation/diff_mode_gain/PrimeSimSPICE/parametric/results
              /c  UniqueName=saeSession4, isPilot=false
[19:03:24.56] /o 
[19:03:24.57] /o pw_worker child CE begin!
[19:03:24.57] /o pw_worker invokes measurement finished.
[19:03:24.57] /o pw_worker writeSimMap finsied.
[19:03:24.57] /o _simulationDoneAction done without exception!
[19:03:24.67] /o Got file /home/argershm/180-voltmeter/Analog/cc/simulation/integrator,tb_main_opamp,schematic/history_1/simulation/diff_mode_gain/PrimeSimSPICE/parametric/L=3.2u/results/.ceFinished
[19:03:24.98] /o touch /home/argershm/180-voltmeter/Analog/cc/simulation/integrator,tb_main_opamp,schematic/history_1/simulation/diff_mode_gain/PrimeSimSPICE/parametric/L=3.2u/results/.unitedSimFinished
[19:03:24.98] /o Calc Job Done!
[19:03:24.98] /o New Worker New CE exit
[19:03:25.17] /o #####New Worker job begin - Self history dir=/home/argershm/180-voltmeter/Analog/cc/simulation/integrator,tb_main_opamp,schematic
[19:03:25.30] /o pw_worker _createCalculateEngine got job!
[19:03:25.30] /o pw_worker _createCalculateEngine OK!
[19:03:26.51] /o New Worker New CE ready proc entered.
[19:03:26.67] /o _getSimulationDetails : 
[19:03:26.67] /o tbName=diff_mode_gain, Mtb=0
[19:03:26.67] /o Got stb tb ok!
[19:03:26.67] /o Self resultsDir: ./simulation
[19:03:26.67] /o Self databaseDir: /home/argershm/180-voltmeter/Analog/cc/simulation/integrator,tb_main_opamp,schematic/history_1/simulation/diff_mode_gain/PrimeSimSPICE/parametric/results
[19:03:26.75] /o _createResultsMap done!
[19:03:26.75] /o ###write_child - resultsDir=/home/argershm/180-voltmeter/Analog/cc/simulation/integrator,tb_main_opamp,schematic/history_1/simulation/diff_mode_gain/PrimeSimSPICE/parametric/L=3.5u/results
              /c  masterResultsDir=/home/argershm/180-voltmeter/Analog/cc/simulation/integrator,tb_main_opamp,schematic/history_1/simulation/diff_mode_gain/PrimeSimSPICE/parametric/results
              /c  databaseDir=/home/argershm/180-voltmeter/Analog/cc/simulation/integrator,tb_main_opamp,schematic/history_1/simulation/diff_mode_gain/PrimeSimSPICE/parametric/results
              /c  UniqueName=saeSession4, isPilot=false
[19:03:26.75] /o 
[19:03:26.76] /o pw_worker child CE begin!
[19:03:26.76] /o pw_worker invokes measurement finished.
[19:03:26.76] /o pw_worker writeSimMap finsied.
[19:03:26.76] /o _simulationDoneAction done without exception!
[19:03:26.86] /o Got file /home/argershm/180-voltmeter/Analog/cc/simulation/integrator,tb_main_opamp,schematic/history_1/simulation/diff_mode_gain/PrimeSimSPICE/parametric/L=3.5u/results/.ceFinished
[19:03:27.17] /o touch /home/argershm/180-voltmeter/Analog/cc/simulation/integrator,tb_main_opamp,schematic/history_1/simulation/diff_mode_gain/PrimeSimSPICE/parametric/L=3.5u/results/.unitedSimFinished
[19:03:27.17] /o Calc Job Done!
[19:03:27.17] /o New Worker New CE exit
[19:03:27.37] /o #####New Worker job begin - Self history dir=/home/argershm/180-voltmeter/Analog/cc/simulation/integrator,tb_main_opamp,schematic
[19:03:27.50] /o pw_worker _createCalculateEngine got job!
[19:03:27.50] /o pw_worker _createCalculateEngine OK!
[19:03:28.70] /o New Worker New CE ready proc entered.
[19:03:28.86] /o _getSimulationDetails : 
[19:03:28.86] /o tbName=diff_mode_gain, Mtb=0
[19:03:28.86] /o Got stb tb ok!
[19:03:28.86] /o Self resultsDir: ./simulation
[19:03:28.86] /o Self databaseDir: /home/argershm/180-voltmeter/Analog/cc/simulation/integrator,tb_main_opamp,schematic/history_1/simulation/diff_mode_gain/PrimeSimSPICE/parametric/results
[19:03:28.95] /o _createResultsMap done!
[19:03:28.96] /o ###write_child - resultsDir=/home/argershm/180-voltmeter/Analog/cc/simulation/integrator,tb_main_opamp,schematic/history_1/simulation/diff_mode_gain/PrimeSimSPICE/parametric/L=3.8u/results
              /c  masterResultsDir=/home/argershm/180-voltmeter/Analog/cc/simulation/integrator,tb_main_opamp,schematic/history_1/simulation/diff_mode_gain/PrimeSimSPICE/parametric/results
              /c  databaseDir=/home/argershm/180-voltmeter/Analog/cc/simulation/integrator,tb_main_opamp,schematic/history_1/simulation/diff_mode_gain/PrimeSimSPICE/parametric/results
              /c  UniqueName=saeSession4, isPilot=false
[19:03:28.96] /o 
[19:03:28.97] /o pw_worker child CE begin!
[19:03:28.97] /o pw_worker invokes measurement finished.
[19:03:28.97] /o pw_worker writeSimMap finsied.
[19:03:28.97] /o _simulationDoneAction done without exception!
[19:03:29.07] /o Got file /home/argershm/180-voltmeter/Analog/cc/simulation/integrator,tb_main_opamp,schematic/history_1/simulation/diff_mode_gain/PrimeSimSPICE/parametric/L=3.8u/results/.ceFinished
[19:03:29.28] /o touch /home/argershm/180-voltmeter/Analog/cc/simulation/integrator,tb_main_opamp,schematic/history_1/simulation/diff_mode_gain/PrimeSimSPICE/parametric/L=3.8u/results/.unitedSimFinished
[19:03:29.28] /o Calc Job Done!
[19:03:29.28] /o New Worker New CE exit
[19:03:29.47] /o #####New Worker job begin - Self history dir=/home/argershm/180-voltmeter/Analog/cc/simulation/integrator,tb_main_opamp,schematic
[19:03:29.60] /o pw_worker _createCalculateEngine got job!
[19:03:29.60] /o pw_worker _createCalculateEngine OK!
[19:03:30.90] /o New Worker New CE ready proc entered.
[19:03:31.07] /o _getSimulationDetails : 
[19:03:31.08] /o tbName=diff_mode_gain, Mtb=0
[19:03:31.08] /o Got stb tb ok!
[19:03:31.08] /o Self resultsDir: ./simulation
[19:03:31.08] /o Self databaseDir: /home/argershm/180-voltmeter/Analog/cc/simulation/integrator,tb_main_opamp,schematic/history_1/simulation/diff_mode_gain/PrimeSimSPICE/parametric/results
[19:03:31.16] /o _createResultsMap done!
[19:03:31.16] /o ###write_child - resultsDir=/home/argershm/180-voltmeter/Analog/cc/simulation/integrator,tb_main_opamp,schematic/history_1/simulation/diff_mode_gain/PrimeSimSPICE/parametric/L=3.9u/results
              /c  masterResultsDir=/home/argershm/180-voltmeter/Analog/cc/simulation/integrator,tb_main_opamp,schematic/history_1/simulation/diff_mode_gain/PrimeSimSPICE/parametric/results
              /c  databaseDir=/home/argershm/180-voltmeter/Analog/cc/simulation/integrator,tb_main_opamp,schematic/history_1/simulation/diff_mode_gain/PrimeSimSPICE/parametric/results
              /c  UniqueName=saeSession4, isPilot=false
[19:03:31.16] /o 
[19:03:31.17] /o pw_worker child CE begin!
[19:03:31.17] /o pw_worker invokes measurement finished.
[19:03:31.17] /o pw_worker writeSimMap finsied.
[19:03:31.17] /o _simulationDoneAction done without exception!
[19:03:31.27] /o Got file /home/argershm/180-voltmeter/Analog/cc/simulation/integrator,tb_main_opamp,schematic/history_1/simulation/diff_mode_gain/PrimeSimSPICE/parametric/L=3.9u/results/.ceFinished
[19:03:31.48] /o touch /home/argershm/180-voltmeter/Analog/cc/simulation/integrator,tb_main_opamp,schematic/history_1/simulation/diff_mode_gain/PrimeSimSPICE/parametric/L=3.9u/results/.unitedSimFinished
[19:03:31.48] /o Calc Job Done!
[19:03:31.48] /o New Worker New CE exit
[19:03:31.67] /o #####New Worker job begin - Self history dir=/home/argershm/180-voltmeter/Analog/cc/simulation/integrator,tb_main_opamp,schematic
[19:03:31.80] /o pw_worker _createCalculateEngine got job!
[19:03:31.80] /o pw_worker _createCalculateEngine OK!
[19:03:33.12] /o New Worker New CE ready proc entered.
[19:03:33.30] /o _getSimulationDetails : 
[19:03:33.30] /o tbName=diff_mode_gain, Mtb=0
[19:03:33.30] /o Got stb tb ok!
[19:03:33.30] /o Self resultsDir: ./simulation
[19:03:33.30] /o Self databaseDir: /home/argershm/180-voltmeter/Analog/cc/simulation/integrator,tb_main_opamp,schematic/history_1/simulation/diff_mode_gain/PrimeSimSPICE/parametric/results
[19:03:33.38] /o _createResultsMap done!
[19:03:33.39] /o ###write_child - resultsDir=/home/argershm/180-voltmeter/Analog/cc/simulation/integrator,tb_main_opamp,schematic/history_1/simulation/diff_mode_gain/PrimeSimSPICE/parametric/L=4.3u/results
              /c  masterResultsDir=/home/argershm/180-voltmeter/Analog/cc/simulation/integrator,tb_main_opamp,schematic/history_1/simulation/diff_mode_gain/PrimeSimSPICE/parametric/results
              /c  databaseDir=/home/argershm/180-voltmeter/Analog/cc/simulation/integrator,tb_main_opamp,schematic/history_1/simulation/diff_mode_gain/PrimeSimSPICE/parametric/results
              /c  UniqueName=saeSession4, isPilot=false
[19:03:33.39] /o 
[19:03:33.40] /o pw_worker child CE begin!
[19:03:33.40] /o pw_worker invokes measurement finished.
[19:03:33.40] /o pw_worker writeSimMap finsied.
[19:03:33.40] /o _simulationDoneAction done without exception!
[19:03:33.50] /o Got file /home/argershm/180-voltmeter/Analog/cc/simulation/integrator,tb_main_opamp,schematic/history_1/simulation/diff_mode_gain/PrimeSimSPICE/parametric/L=4.3u/results/.ceFinished
[19:03:33.80] /o touch /home/argershm/180-voltmeter/Analog/cc/simulation/integrator,tb_main_opamp,schematic/history_1/simulation/diff_mode_gain/PrimeSimSPICE/parametric/L=4.3u/results/.unitedSimFinished
[19:03:33.80] /o Calc Job Done!
[19:03:33.80] /o New Worker New CE exit
[19:03:33.98] /o #####New Worker job begin - Self history dir=/home/argershm/180-voltmeter/Analog/cc/simulation/integrator,tb_main_opamp,schematic
[19:03:34.10] /o pw_worker _createCalculateEngine got job!
[19:03:34.10] /o pw_worker _createCalculateEngine OK!
[19:03:35.31] /o New Worker New CE ready proc entered.
[19:03:35.48] /o _getSimulationDetails : 
[19:03:35.48] /o tbName=diff_mode_gain, Mtb=0
[19:03:35.48] /o Got stb tb ok!
[19:03:35.48] /o Self resultsDir: ./simulation
[19:03:35.48] /o Self databaseDir: /home/argershm/180-voltmeter/Analog/cc/simulation/integrator,tb_main_opamp,schematic/history_1/simulation/diff_mode_gain/PrimeSimSPICE/parametric/results
[19:03:35.56] /o _createResultsMap done!
[19:03:35.56] /o ###write_child - resultsDir=/home/argershm/180-voltmeter/Analog/cc/simulation/integrator,tb_main_opamp,schematic/history_1/simulation/diff_mode_gain/PrimeSimSPICE/parametric/L=4.7u/results
              /c  masterResultsDir=/home/argershm/180-voltmeter/Analog/cc/simulation/integrator,tb_main_opamp,schematic/history_1/simulation/diff_mode_gain/PrimeSimSPICE/parametric/results
              /c  databaseDir=/home/argershm/180-voltmeter/Analog/cc/simulation/integrator,tb_main_opamp,schematic/history_1/simulation/diff_mode_gain/PrimeSimSPICE/parametric/results
              /c  UniqueName=saeSession4, isPilot=false
[19:03:35.56] /o 
[19:03:35.57] /o pw_worker child CE begin!
[19:03:35.58] /o pw_worker invokes measurement finished.
[19:03:35.58] /o pw_worker writeSimMap finsied.
[19:03:35.58] /o _simulationDoneAction done without exception!
[19:03:35.68] /o Got file /home/argershm/180-voltmeter/Analog/cc/simulation/integrator,tb_main_opamp,schematic/history_1/simulation/diff_mode_gain/PrimeSimSPICE/parametric/L=4.7u/results/.ceFinished
[19:03:35.99] /o touch /home/argershm/180-voltmeter/Analog/cc/simulation/integrator,tb_main_opamp,schematic/history_1/simulation/diff_mode_gain/PrimeSimSPICE/parametric/L=4.7u/results/.unitedSimFinished
[19:03:35.99] /o Calc Job Done!
[19:03:35.99] /o New Worker New CE exit
[19:03:36.17] /o #####New Worker job begin - Self history dir=/home/argershm/180-voltmeter/Analog/cc/simulation/integrator,tb_main_opamp,schematic
[19:03:36.30] /o pw_worker _createCalculateEngine got job!
[19:03:36.30] /o pw_worker _createCalculateEngine OK!
[19:03:37.50] /o New Worker New CE ready proc entered.
[19:03:37.67] /o _getSimulationDetails : 
[19:03:37.67] /o tbName=diff_mode_gain, Mtb=0
[19:03:37.67] /o Got stb tb ok!
[19:03:37.67] /o Self resultsDir: ./simulation
[19:03:37.67] /o Self databaseDir: /home/argershm/180-voltmeter/Analog/cc/simulation/integrator,tb_main_opamp,schematic/history_1/simulation/diff_mode_gain/PrimeSimSPICE/parametric/results
[19:03:37.76] /o _createResultsMap done!
[19:03:37.76] /o ###write_child - resultsDir=/home/argershm/180-voltmeter/Analog/cc/simulation/integrator,tb_main_opamp,schematic/history_1/simulation/diff_mode_gain/PrimeSimSPICE/parametric/L=5u/results
              /c  masterResultsDir=/home/argershm/180-voltmeter/Analog/cc/simulation/integrator,tb_main_opamp,schematic/history_1/simulation/diff_mode_gain/PrimeSimSPICE/parametric/results
              /c  databaseDir=/home/argershm/180-voltmeter/Analog/cc/simulation/integrator,tb_main_opamp,schematic/history_1/simulation/diff_mode_gain/PrimeSimSPICE/parametric/results
              /c  UniqueName=saeSession4, isPilot=false
[19:03:37.76] /o 
[19:03:37.77] /o pw_worker child CE begin!
[19:03:37.77] /o pw_worker invokes measurement finished.
[19:03:37.77] /o pw_worker writeSimMap finsied.
[19:03:37.77] /o _simulationDoneAction done without exception!
[19:03:37.87] /o Got file /home/argershm/180-voltmeter/Analog/cc/simulation/integrator,tb_main_opamp,schematic/history_1/simulation/diff_mode_gain/PrimeSimSPICE/parametric/L=5u/results/.ceFinished
[19:03:38.18] /o touch /home/argershm/180-voltmeter/Analog/cc/simulation/integrator,tb_main_opamp,schematic/history_1/simulation/diff_mode_gain/PrimeSimSPICE/parametric/L=5u/results/.unitedSimFinished
[19:03:38.18] /o Calc Job Done!
[19:03:38.18] /o New Worker New CE exit
[19:03:38.37] /o #####New Worker job begin - Self history dir=/home/argershm/180-voltmeter/Analog/cc/simulation/integrator,tb_main_opamp,schematic
[19:03:38.50] /o pw_worker _createCalculateEngine got job!
[19:03:38.50] /o pw_worker _createCalculateEngine OK!
[19:03:39.71] /o New Worker New CE ready proc entered.
[19:03:39.89] /o _getSimulationDetails : 
[19:03:39.89] /o tbName=diff_mode_gain, Mtb=0
[19:03:39.89] /o Got stb tb ok!
[19:03:39.89] /o Self resultsDir: ./simulation
[19:03:39.89] /o Self databaseDir: /home/argershm/180-voltmeter/Analog/cc/simulation/integrator,tb_main_opamp,schematic/history_1/simulation/diff_mode_gain/PrimeSimSPICE/parametric/results
[19:03:39.97] /o _createResultsMap done!
[19:03:39.97] /o ###write_child - resultsDir=/home/argershm/180-voltmeter/Analog/cc/simulation/integrator,tb_main_opamp,schematic/history_1/simulation/diff_mode_gain/PrimeSimSPICE/parametric/L=5.3u/results
              /c  masterResultsDir=/home/argershm/180-voltmeter/Analog/cc/simulation/integrator,tb_main_opamp,schematic/history_1/simulation/diff_mode_gain/PrimeSimSPICE/parametric/results
              /c  databaseDir=/home/argershm/180-voltmeter/Analog/cc/simulation/integrator,tb_main_opamp,schematic/history_1/simulation/diff_mode_gain/PrimeSimSPICE/parametric/results
              /c  UniqueName=saeSession4, isPilot=false
[19:03:39.97] /o 
[19:03:39.98] /o pw_worker child CE begin!
[19:03:39.98] /o pw_worker invokes measurement finished.
[19:03:39.98] /o pw_worker writeSimMap finsied.
[19:03:39.98] /o _simulationDoneAction done without exception!
[19:03:40.08] /o Got file /home/argershm/180-voltmeter/Analog/cc/simulation/integrator,tb_main_opamp,schematic/history_1/simulation/diff_mode_gain/PrimeSimSPICE/parametric/L=5.3u/results/.ceFinished
[19:03:40.39] /o touch /home/argershm/180-voltmeter/Analog/cc/simulation/integrator,tb_main_opamp,schematic/history_1/simulation/diff_mode_gain/PrimeSimSPICE/parametric/L=5.3u/results/.unitedSimFinished
[19:03:40.39] /o Calc Job Done!
[19:03:40.39] /o New Worker New CE exit
[19:03:40.57] /o #####New Worker job begin - Self history dir=/home/argershm/180-voltmeter/Analog/cc/simulation/integrator,tb_main_opamp,schematic
[19:03:40.70] /o pw_worker _createCalculateEngine got job!
[19:03:40.70] /o pw_worker _createCalculateEngine OK!
[19:03:42.01] /o New Worker New CE ready proc entered.
[19:03:42.18] /o _getSimulationDetails : 
[19:03:42.18] /o tbName=diff_mode_gain, Mtb=0
[19:03:42.18] /o Got stb tb ok!
[19:03:42.18] /o Self resultsDir: ./simulation
[19:03:42.18] /o Self databaseDir: /home/argershm/180-voltmeter/Analog/cc/simulation/integrator,tb_main_opamp,schematic/history_1/simulation/diff_mode_gain/PrimeSimSPICE/parametric/results
[19:03:42.26] /o _createResultsMap done!
[19:03:42.26] /o ###write_child - resultsDir=/home/argershm/180-voltmeter/Analog/cc/simulation/integrator,tb_main_opamp,schematic/history_1/simulation/diff_mode_gain/PrimeSimSPICE/parametric/L=5.6u/results
              /c  masterResultsDir=/home/argershm/180-voltmeter/Analog/cc/simulation/integrator,tb_main_opamp,schematic/history_1/simulation/diff_mode_gain/PrimeSimSPICE/parametric/results
              /c  databaseDir=/home/argershm/180-voltmeter/Analog/cc/simulation/integrator,tb_main_opamp,schematic/history_1/simulation/diff_mode_gain/PrimeSimSPICE/parametric/results
              /c  UniqueName=saeSession4, isPilot=false
[19:03:42.26] /o 
[19:03:42.27] /o pw_worker child CE begin!
[19:03:42.27] /o pw_worker invokes measurement finished.
[19:03:42.27] /o pw_worker writeSimMap finsied.
[19:03:42.27] /o _simulationDoneAction done without exception!
[19:03:42.37] /o Got file /home/argershm/180-voltmeter/Analog/cc/simulation/integrator,tb_main_opamp,schematic/history_1/simulation/diff_mode_gain/PrimeSimSPICE/parametric/L=5.6u/results/.ceFinished
[19:03:42.57] /o touch /home/argershm/180-voltmeter/Analog/cc/simulation/integrator,tb_main_opamp,schematic/history_1/simulation/diff_mode_gain/PrimeSimSPICE/parametric/L=5.6u/results/.unitedSimFinished
[19:03:42.57] /o Calc Job Done!
[19:03:42.57] /o New Worker New CE exit
[19:03:42.77] /o #####New Worker job begin - Self history dir=/home/argershm/180-voltmeter/Analog/cc/simulation/integrator,tb_main_opamp,schematic
[19:03:42.90] /o pw_worker _createCalculateEngine got job!
[19:03:42.90] /o pw_worker _createCalculateEngine OK!
[19:03:44.11] /o New Worker New CE ready proc entered.
[19:03:44.28] /o _getSimulationDetails : 
[19:03:44.28] /o tbName=diff_mode_gain, Mtb=0
[19:03:44.28] /o Got stb tb ok!
[19:03:44.28] /o Self resultsDir: ./simulation
[19:03:44.28] /o Self databaseDir: /home/argershm/180-voltmeter/Analog/cc/simulation/integrator,tb_main_opamp,schematic/history_1/simulation/diff_mode_gain/PrimeSimSPICE/parametric/results
[19:03:44.36] /o _createResultsMap done!
[19:03:44.36] /o ###write_child - resultsDir=/home/argershm/180-voltmeter/Analog/cc/simulation/integrator,tb_main_opamp,schematic/history_1/simulation/diff_mode_gain/PrimeSimSPICE/parametric/L=5.9u/results
              /c  masterResultsDir=/home/argershm/180-voltmeter/Analog/cc/simulation/integrator,tb_main_opamp,schematic/history_1/simulation/diff_mode_gain/PrimeSimSPICE/parametric/results
              /c  databaseDir=/home/argershm/180-voltmeter/Analog/cc/simulation/integrator,tb_main_opamp,schematic/history_1/simulation/diff_mode_gain/PrimeSimSPICE/parametric/results
              /c  UniqueName=saeSession4, isPilot=false
[19:03:44.36] /o 
[19:03:44.37] /o pw_worker child CE begin!
[19:03:44.37] /o pw_worker invokes measurement finished.
[19:03:44.37] /o pw_worker writeSimMap finsied.
[19:03:44.37] /o _simulationDoneAction done without exception!
[19:03:44.47] /o Got file /home/argershm/180-voltmeter/Analog/cc/simulation/integrator,tb_main_opamp,schematic/history_1/simulation/diff_mode_gain/PrimeSimSPICE/parametric/L=5.9u/results/.ceFinished
[19:03:44.77] /o touch /home/argershm/180-voltmeter/Analog/cc/simulation/integrator,tb_main_opamp,schematic/history_1/simulation/diff_mode_gain/PrimeSimSPICE/parametric/L=5.9u/results/.unitedSimFinished
[19:03:44.77] /o Calc Job Done!
[19:03:44.77] /o New Worker New CE exit
[19:03:44.97] /o #####New Worker job begin - Self history dir=/home/argershm/180-voltmeter/Analog/cc/simulation/integrator,tb_main_opamp,schematic
[19:03:45.10] /o pw_worker _createCalculateEngine got job!
[19:03:45.10] /o pw_worker _createCalculateEngine OK!
[19:03:46.40] /o New Worker New CE ready proc entered.
[19:03:46.59] /o _getSimulationDetails : 
[19:03:46.59] /o tbName=diff_mode_gain, Mtb=0
[19:03:46.59] /o Got stb tb ok!
[19:03:46.59] /o Self resultsDir: ./simulation
[19:03:46.59] /o Self databaseDir: /home/argershm/180-voltmeter/Analog/cc/simulation/integrator,tb_main_opamp,schematic/history_1/simulation/diff_mode_gain/PrimeSimSPICE/parametric/results
[19:03:46.67] /o _createResultsMap done!
[19:03:46.67] /o ###write_child - resultsDir=/home/argershm/180-voltmeter/Analog/cc/simulation/integrator,tb_main_opamp,schematic/history_1/simulation/diff_mode_gain/PrimeSimSPICE/parametric/L=6.2u/results
              /c  masterResultsDir=/home/argershm/180-voltmeter/Analog/cc/simulation/integrator,tb_main_opamp,schematic/history_1/simulation/diff_mode_gain/PrimeSimSPICE/parametric/results
              /c  databaseDir=/home/argershm/180-voltmeter/Analog/cc/simulation/integrator,tb_main_opamp,schematic/history_1/simulation/diff_mode_gain/PrimeSimSPICE/parametric/results
              /c  UniqueName=saeSession4, isPilot=false
[19:03:46.67] /o 
[19:03:46.68] /o pw_worker child CE begin!
[19:03:46.69] /o pw_worker invokes measurement finished.
[19:03:46.69] /o pw_worker writeSimMap finsied.
[19:03:46.69] /o _simulationDoneAction done without exception!
[19:03:46.79] /o Got file /home/argershm/180-voltmeter/Analog/cc/simulation/integrator,tb_main_opamp,schematic/history_1/simulation/diff_mode_gain/PrimeSimSPICE/parametric/L=6.2u/results/.ceFinished
[19:03:47.09] /o touch /home/argershm/180-voltmeter/Analog/cc/simulation/integrator,tb_main_opamp,schematic/history_1/simulation/diff_mode_gain/PrimeSimSPICE/parametric/L=6.2u/results/.unitedSimFinished
[19:03:47.09] /o Calc Job Done!
[19:03:47.09] /o New Worker New CE exit
[19:03:47.27] /o #####New Worker job begin - Self history dir=/home/argershm/180-voltmeter/Analog/cc/simulation/integrator,tb_main_opamp,schematic
[19:03:47.40] /o pw_worker _createCalculateEngine got job!
[19:03:47.40] /o pw_worker _createCalculateEngine OK!
[19:03:48.60] /o New Worker New CE ready proc entered.
[19:03:48.78] /o _getSimulationDetails : 
[19:03:48.78] /o tbName=diff_mode_gain, Mtb=0
[19:03:48.78] /o Got stb tb ok!
[19:03:48.78] /o Self resultsDir: ./simulation
[19:03:48.78] /o Self databaseDir: /home/argershm/180-voltmeter/Analog/cc/simulation/integrator,tb_main_opamp,schematic/history_1/simulation/diff_mode_gain/PrimeSimSPICE/parametric/results
[19:03:48.86] /o _createResultsMap done!
[19:03:48.86] /o ###write_child - resultsDir=/home/argershm/180-voltmeter/Analog/cc/simulation/integrator,tb_main_opamp,schematic/history_1/simulation/diff_mode_gain/PrimeSimSPICE/parametric/L=6.5u/results
              /c  masterResultsDir=/home/argershm/180-voltmeter/Analog/cc/simulation/integrator,tb_main_opamp,schematic/history_1/simulation/diff_mode_gain/PrimeSimSPICE/parametric/results
              /c  databaseDir=/home/argershm/180-voltmeter/Analog/cc/simulation/integrator,tb_main_opamp,schematic/history_1/simulation/diff_mode_gain/PrimeSimSPICE/parametric/results
              /c  UniqueName=saeSession4, isPilot=false
[19:03:48.86] /o 
[19:03:48.87] /o pw_worker child CE begin!
[19:03:48.88] /o pw_worker invokes measurement finished.
[19:03:48.88] /o pw_worker writeSimMap finsied.
[19:03:48.88] /o _simulationDoneAction done without exception!
[19:03:48.98] /o Got file /home/argershm/180-voltmeter/Analog/cc/simulation/integrator,tb_main_opamp,schematic/history_1/simulation/diff_mode_gain/PrimeSimSPICE/parametric/L=6.5u/results/.ceFinished
[19:03:49.28] /o touch /home/argershm/180-voltmeter/Analog/cc/simulation/integrator,tb_main_opamp,schematic/history_1/simulation/diff_mode_gain/PrimeSimSPICE/parametric/L=6.5u/results/.unitedSimFinished
[19:03:49.28] /o Calc Job Done!
[19:03:49.28] /o New Worker New CE exit
[19:03:49.47] /o #####New Worker job begin - Self history dir=/home/argershm/180-voltmeter/Analog/cc/simulation/integrator,tb_main_opamp,schematic
[19:03:49.60] /o pw_worker _createCalculateEngine got job!
[19:03:49.60] /o pw_worker _createCalculateEngine OK!
[19:03:50.81] /o New Worker New CE ready proc entered.
[19:03:50.98] /o _getSimulationDetails : 
[19:03:50.98] /o tbName=diff_mode_gain, Mtb=0
[19:03:50.98] /o Got stb tb ok!
[19:03:50.98] /o Self resultsDir: ./simulation
[19:03:50.98] /o Self databaseDir: /home/argershm/180-voltmeter/Analog/cc/simulation/integrator,tb_main_opamp,schematic/history_1/simulation/diff_mode_gain/PrimeSimSPICE/parametric/results
[19:03:51.06] /o _createResultsMap done!
[19:03:51.06] /o ###write_child - resultsDir=/home/argershm/180-voltmeter/Analog/cc/simulation/integrator,tb_main_opamp,schematic/history_1/simulation/diff_mode_gain/PrimeSimSPICE/parametric/L=6.8u/results
              /c  masterResultsDir=/home/argershm/180-voltmeter/Analog/cc/simulation/integrator,tb_main_opamp,schematic/history_1/simulation/diff_mode_gain/PrimeSimSPICE/parametric/results
              /c  databaseDir=/home/argershm/180-voltmeter/Analog/cc/simulation/integrator,tb_main_opamp,schematic/history_1/simulation/diff_mode_gain/PrimeSimSPICE/parametric/results
              /c  UniqueName=saeSession4, isPilot=false
[19:03:51.06] /o 
[19:03:51.07] /o pw_worker child CE begin!
[19:03:51.07] /o pw_worker invokes measurement finished.
[19:03:51.07] /o pw_worker writeSimMap finsied.
[19:03:51.07] /o _simulationDoneAction done without exception!
[19:03:51.17] /o Got file /home/argershm/180-voltmeter/Analog/cc/simulation/integrator,tb_main_opamp,schematic/history_1/simulation/diff_mode_gain/PrimeSimSPICE/parametric/L=6.8u/results/.ceFinished
[19:03:51.48] /o touch /home/argershm/180-voltmeter/Analog/cc/simulation/integrator,tb_main_opamp,schematic/history_1/simulation/diff_mode_gain/PrimeSimSPICE/parametric/L=6.8u/results/.unitedSimFinished
[19:03:51.48] /o Calc Job Done!
[19:03:51.48] /o New Worker New CE exit
[19:03:51.67] /o #####New Worker job begin - Self history dir=/home/argershm/180-voltmeter/Analog/cc/simulation/integrator,tb_main_opamp,schematic
[19:03:51.79] /o pw_worker _createCalculateEngine got job!
[19:03:51.79] /o pw_worker _createCalculateEngine OK!
[19:03:53.00] /o New Worker New CE ready proc entered.
[19:03:53.16] /o _getSimulationDetails : 
[19:03:53.16] /o tbName=diff_mode_gain, Mtb=0
[19:03:53.16] /o Got stb tb ok!
[19:03:53.16] /o Self resultsDir: ./simulation
[19:03:53.16] /o Self databaseDir: /home/argershm/180-voltmeter/Analog/cc/simulation/integrator,tb_main_opamp,schematic/history_1/simulation/diff_mode_gain/PrimeSimSPICE/parametric/results
[19:03:53.24] /o _createResultsMap done!
[19:03:53.24] /o ###write_child - resultsDir=/home/argershm/180-voltmeter/Analog/cc/simulation/integrator,tb_main_opamp,schematic/history_1/simulation/diff_mode_gain/PrimeSimSPICE/parametric/L=7.1u/results
              /c  masterResultsDir=/home/argershm/180-voltmeter/Analog/cc/simulation/integrator,tb_main_opamp,schematic/history_1/simulation/diff_mode_gain/PrimeSimSPICE/parametric/results
              /c  databaseDir=/home/argershm/180-voltmeter/Analog/cc/simulation/integrator,tb_main_opamp,schematic/history_1/simulation/diff_mode_gain/PrimeSimSPICE/parametric/results
              /c  UniqueName=saeSession4, isPilot=false
[19:03:53.24] /o 
[19:03:53.25] /o pw_worker child CE begin!
[19:03:53.25] /o pw_worker invokes measurement finished.
[19:03:53.25] /o pw_worker writeSimMap finsied.
[19:03:53.25] /o _simulationDoneAction done without exception!
[19:03:53.36] /o Got file /home/argershm/180-voltmeter/Analog/cc/simulation/integrator,tb_main_opamp,schematic/history_1/simulation/diff_mode_gain/PrimeSimSPICE/parametric/L=7.1u/results/.ceFinished
[19:03:53.66] /o touch /home/argershm/180-voltmeter/Analog/cc/simulation/integrator,tb_main_opamp,schematic/history_1/simulation/diff_mode_gain/PrimeSimSPICE/parametric/L=7.1u/results/.unitedSimFinished
[19:03:53.66] /o Calc Job Done!
[19:03:53.66] /o New Worker New CE exit
[19:03:53.77] /o #####New Worker job begin - Self history dir=/home/argershm/180-voltmeter/Analog/cc/simulation/integrator,tb_main_opamp,schematic
[19:03:53.90] /o pw_worker _createCalculateEngine got job!
[19:03:53.90] /o pw_worker _createCalculateEngine OK!
[19:03:55.20] /o New Worker New CE ready proc entered.
[19:03:55.38] /o _getSimulationDetails : 
[19:03:55.38] /o tbName=diff_mode_gain, Mtb=0
[19:03:55.38] /o Got stb tb ok!
[19:03:55.38] /o Self resultsDir: ./simulation
[19:03:55.38] /o Self databaseDir: /home/argershm/180-voltmeter/Analog/cc/simulation/integrator,tb_main_opamp,schematic/history_1/simulation/diff_mode_gain/PrimeSimSPICE/parametric/results
[19:03:55.46] /o _createResultsMap done!
[19:03:55.46] /o ###write_child - resultsDir=/home/argershm/180-voltmeter/Analog/cc/simulation/integrator,tb_main_opamp,schematic/history_1/simulation/diff_mode_gain/PrimeSimSPICE/parametric/L=7.4u/results
              /c  masterResultsDir=/home/argershm/180-voltmeter/Analog/cc/simulation/integrator,tb_main_opamp,schematic/history_1/simulation/diff_mode_gain/PrimeSimSPICE/parametric/results
              /c  databaseDir=/home/argershm/180-voltmeter/Analog/cc/simulation/integrator,tb_main_opamp,schematic/history_1/simulation/diff_mode_gain/PrimeSimSPICE/parametric/results
              /c  UniqueName=saeSession4, isPilot=false
[19:03:55.46] /o 
[19:03:55.47] /o pw_worker child CE begin!
[19:03:55.47] /o pw_worker invokes measurement finished.
[19:03:55.47] /o pw_worker writeSimMap finsied.
[19:03:55.47] /o _simulationDoneAction done without exception!
[19:03:55.57] /o Got file /home/argershm/180-voltmeter/Analog/cc/simulation/integrator,tb_main_opamp,schematic/history_1/simulation/diff_mode_gain/PrimeSimSPICE/parametric/L=7.4u/results/.ceFinished
[19:03:55.78] /o touch /home/argershm/180-voltmeter/Analog/cc/simulation/integrator,tb_main_opamp,schematic/history_1/simulation/diff_mode_gain/PrimeSimSPICE/parametric/L=7.4u/results/.unitedSimFinished
[19:03:55.78] /o Calc Job Done!
[19:03:55.78] /o New Worker New CE exit
[19:03:55.97] /o #####New Worker job begin - Self history dir=/home/argershm/180-voltmeter/Analog/cc/simulation/integrator,tb_main_opamp,schematic
[19:03:56.10] /o pw_worker _createCalculateEngine got job!
[19:03:56.10] /o pw_worker _createCalculateEngine OK!
[19:03:57.41] /o New Worker New CE ready proc entered.
[19:03:57.59] /o _getSimulationDetails : 
[19:03:57.59] /o tbName=diff_mode_gain, Mtb=0
[19:03:57.59] /o Got stb tb ok!
[19:03:57.59] /o Self resultsDir: ./simulation
[19:03:57.59] /o Self databaseDir: /home/argershm/180-voltmeter/Analog/cc/simulation/integrator,tb_main_opamp,schematic/history_1/simulation/diff_mode_gain/PrimeSimSPICE/parametric/results
[19:03:57.67] /o _createResultsMap done!
[19:03:57.67] /o ###write_child - resultsDir=/home/argershm/180-voltmeter/Analog/cc/simulation/integrator,tb_main_opamp,schematic/history_1/simulation/diff_mode_gain/PrimeSimSPICE/parametric/L=7.7u/results
              /c  masterResultsDir=/home/argershm/180-voltmeter/Analog/cc/simulation/integrator,tb_main_opamp,schematic/history_1/simulation/diff_mode_gain/PrimeSimSPICE/parametric/results
              /c  databaseDir=/home/argershm/180-voltmeter/Analog/cc/simulation/integrator,tb_main_opamp,schematic/history_1/simulation/diff_mode_gain/PrimeSimSPICE/parametric/results
              /c  UniqueName=saeSession4, isPilot=false
[19:03:57.67] /o 
[19:03:57.68] /o pw_worker child CE begin!
[19:03:57.68] /o pw_worker invokes measurement finished.
[19:03:57.68] /o pw_worker writeSimMap finsied.
[19:03:57.68] /o _simulationDoneAction done without exception!
[19:03:57.78] /o Got file /home/argershm/180-voltmeter/Analog/cc/simulation/integrator,tb_main_opamp,schematic/history_1/simulation/diff_mode_gain/PrimeSimSPICE/parametric/L=7.7u/results/.ceFinished
[19:03:58.09] /o touch /home/argershm/180-voltmeter/Analog/cc/simulation/integrator,tb_main_opamp,schematic/history_1/simulation/diff_mode_gain/PrimeSimSPICE/parametric/L=7.7u/results/.unitedSimFinished
[19:03:58.09] /o Calc Job Done!
[19:03:58.09] /o New Worker New CE exit
[19:03:58.27] /o #####New Worker job begin - Self history dir=/home/argershm/180-voltmeter/Analog/cc/simulation/integrator,tb_main_opamp,schematic
[19:03:58.39] /o pw_worker _createCalculateEngine got job!
[19:03:58.39] /o pw_worker _createCalculateEngine OK!
[19:03:59.70] /o New Worker New CE ready proc entered.
[19:03:59.88] /o _getSimulationDetails : 
[19:03:59.88] /o tbName=diff_mode_gain, Mtb=0
[19:03:59.88] /o Got stb tb ok!
[19:03:59.88] /o Self resultsDir: ./simulation
[19:03:59.88] /o Self databaseDir: /home/argershm/180-voltmeter/Analog/cc/simulation/integrator,tb_main_opamp,schematic/history_1/simulation/diff_mode_gain/PrimeSimSPICE/parametric/results
[19:03:59.96] /o _createResultsMap done!
[19:03:59.96] /o ###write_child - resultsDir=/home/argershm/180-voltmeter/Analog/cc/simulation/integrator,tb_main_opamp,schematic/history_1/simulation/diff_mode_gain/PrimeSimSPICE/parametric/L=8u/results
              /c  masterResultsDir=/home/argershm/180-voltmeter/Analog/cc/simulation/integrator,tb_main_opamp,schematic/history_1/simulation/diff_mode_gain/PrimeSimSPICE/parametric/results
              /c  databaseDir=/home/argershm/180-voltmeter/Analog/cc/simulation/integrator,tb_main_opamp,schematic/history_1/simulation/diff_mode_gain/PrimeSimSPICE/parametric/results
              /c  UniqueName=saeSession4, isPilot=false
[19:03:59.96] /o 
[19:03:59.98] /o pw_worker child CE begin!
[19:03:59.98] /o pw_worker invokes measurement finished.
[19:03:59.98] /o pw_worker writeSimMap finsied.
[19:03:59.98] /o _simulationDoneAction done without exception!
[19:04:00.08] /o Got file /home/argershm/180-voltmeter/Analog/cc/simulation/integrator,tb_main_opamp,schematic/history_1/simulation/diff_mode_gain/PrimeSimSPICE/parametric/L=8u/results/.ceFinished
[19:04:00.38] /o touch /home/argershm/180-voltmeter/Analog/cc/simulation/integrator,tb_main_opamp,schematic/history_1/simulation/diff_mode_gain/PrimeSimSPICE/parametric/L=8u/results/.unitedSimFinished
[19:04:00.38] /o Calc Job Done!
[19:04:00.38] /o New Worker New CE exit
[19:04:00.57] /o #####New Worker job begin - Self history dir=/home/argershm/180-voltmeter/Analog/cc/simulation/integrator,tb_main_opamp,schematic
[19:04:00.69] /o pw_worker _createCalculateEngine got job!
[19:04:00.69] /o pw_worker _createCalculateEngine OK!
[19:04:02.00] /o New Worker New CE ready proc entered.
[19:04:02.18] /o _getSimulationDetails : 
[19:04:02.18] /o tbName=diff_mode_gain, Mtb=0
[19:04:02.18] /o Got stb tb ok!
[19:04:02.18] /o Self resultsDir: ./simulation
[19:04:02.18] /o Self databaseDir: /home/argershm/180-voltmeter/Analog/cc/simulation/integrator,tb_main_opamp,schematic/history_1/simulation/diff_mode_gain/PrimeSimSPICE/parametric/results
[19:04:02.26] /o _createResultsMap done!
[19:04:02.26] /o ###write_child - resultsDir=/home/argershm/180-voltmeter/Analog/cc/simulation/integrator,tb_main_opamp,schematic/history_1/simulation/diff_mode_gain/PrimeSimSPICE/parametric/L=8.3u/results
              /c  masterResultsDir=/home/argershm/180-voltmeter/Analog/cc/simulation/integrator,tb_main_opamp,schematic/history_1/simulation/diff_mode_gain/PrimeSimSPICE/parametric/results
              /c  databaseDir=/home/argershm/180-voltmeter/Analog/cc/simulation/integrator,tb_main_opamp,schematic/history_1/simulation/diff_mode_gain/PrimeSimSPICE/parametric/results
              /c  UniqueName=saeSession4, isPilot=false
[19:04:02.26] /o 
[19:04:02.27] /o pw_worker child CE begin!
[19:04:02.28] /o pw_worker invokes measurement finished.
[19:04:02.28] /o pw_worker writeSimMap finsied.
[19:04:02.28] /o _simulationDoneAction done without exception!
[19:04:02.38] /o Got file /home/argershm/180-voltmeter/Analog/cc/simulation/integrator,tb_main_opamp,schematic/history_1/simulation/diff_mode_gain/PrimeSimSPICE/parametric/L=8.3u/results/.ceFinished
[19:04:02.68] /o touch /home/argershm/180-voltmeter/Analog/cc/simulation/integrator,tb_main_opamp,schematic/history_1/simulation/diff_mode_gain/PrimeSimSPICE/parametric/L=8.3u/results/.unitedSimFinished
[19:04:02.68] /o Calc Job Done!
[19:04:02.68] /o New Worker New CE exit
[19:04:02.87] /o #####New Worker job begin - Self history dir=/home/argershm/180-voltmeter/Analog/cc/simulation/integrator,tb_main_opamp,schematic
[19:04:03.00] /o pw_worker _createCalculateEngine got job!
[19:04:03.00] /o pw_worker _createCalculateEngine OK!
[19:04:04.30] /o New Worker New CE ready proc entered.
[19:04:04.48] /o _getSimulationDetails : 
[19:04:04.48] /o tbName=diff_mode_gain, Mtb=0
[19:04:04.48] /o Got stb tb ok!
[19:04:04.48] /o Self resultsDir: ./simulation
[19:04:04.48] /o Self databaseDir: /home/argershm/180-voltmeter/Analog/cc/simulation/integrator,tb_main_opamp,schematic/history_1/simulation/diff_mode_gain/PrimeSimSPICE/parametric/results
[19:04:04.56] /o _createResultsMap done!
[19:04:04.56] /o ###write_child - resultsDir=/home/argershm/180-voltmeter/Analog/cc/simulation/integrator,tb_main_opamp,schematic/history_1/simulation/diff_mode_gain/PrimeSimSPICE/parametric/L=8.6u/results
              /c  masterResultsDir=/home/argershm/180-voltmeter/Analog/cc/simulation/integrator,tb_main_opamp,schematic/history_1/simulation/diff_mode_gain/PrimeSimSPICE/parametric/results
              /c  databaseDir=/home/argershm/180-voltmeter/Analog/cc/simulation/integrator,tb_main_opamp,schematic/history_1/simulation/diff_mode_gain/PrimeSimSPICE/parametric/results
              /c  UniqueName=saeSession4, isPilot=false
[19:04:04.56] /o 
[19:04:04.57] /o pw_worker child CE begin!
[19:04:04.57] /o pw_worker invokes measurement finished.
[19:04:04.57] /o pw_worker writeSimMap finsied.
[19:04:04.57] /o _simulationDoneAction done without exception!
[19:04:04.67] /o Got file /home/argershm/180-voltmeter/Analog/cc/simulation/integrator,tb_main_opamp,schematic/history_1/simulation/diff_mode_gain/PrimeSimSPICE/parametric/L=8.6u/results/.ceFinished
[19:04:04.98] /o touch /home/argershm/180-voltmeter/Analog/cc/simulation/integrator,tb_main_opamp,schematic/history_1/simulation/diff_mode_gain/PrimeSimSPICE/parametric/L=8.6u/results/.unitedSimFinished
[19:04:04.98] /o Calc Job Done!
[19:04:04.98] /o New Worker New CE exit
[19:04:05.17] /o #####New Worker job begin - Self history dir=/home/argershm/180-voltmeter/Analog/cc/simulation/integrator,tb_main_opamp,schematic
[19:04:05.29] /o pw_worker _createCalculateEngine got job!
[19:04:05.29] /o pw_worker _createCalculateEngine OK!
[19:04:06.60] /o New Worker New CE ready proc entered.
[19:04:06.78] /o _getSimulationDetails : 
[19:04:06.78] /o tbName=diff_mode_gain, Mtb=0
[19:04:06.78] /o Got stb tb ok!
[19:04:06.78] /o Self resultsDir: ./simulation
[19:04:06.78] /o Self databaseDir: /home/argershm/180-voltmeter/Analog/cc/simulation/integrator,tb_main_opamp,schematic/history_1/simulation/diff_mode_gain/PrimeSimSPICE/parametric/results
[19:04:06.87] /o _createResultsMap done!
[19:04:06.87] /o ###write_child - resultsDir=/home/argershm/180-voltmeter/Analog/cc/simulation/integrator,tb_main_opamp,schematic/history_1/simulation/diff_mode_gain/PrimeSimSPICE/parametric/L=8.9u/results
              /c  masterResultsDir=/home/argershm/180-voltmeter/Analog/cc/simulation/integrator,tb_main_opamp,schematic/history_1/simulation/diff_mode_gain/PrimeSimSPICE/parametric/results
              /c  databaseDir=/home/argershm/180-voltmeter/Analog/cc/simulation/integrator,tb_main_opamp,schematic/history_1/simulation/diff_mode_gain/PrimeSimSPICE/parametric/results
              /c  UniqueName=saeSession4, isPilot=false
[19:04:06.87] /o 
[19:04:06.88] /o pw_worker child CE begin!
[19:04:06.88] /o pw_worker invokes measurement finished.
[19:04:06.88] /o pw_worker writeSimMap finsied.
[19:04:06.88] /o _simulationDoneAction done without exception!
[19:04:06.98] /o Got file /home/argershm/180-voltmeter/Analog/cc/simulation/integrator,tb_main_opamp,schematic/history_1/simulation/diff_mode_gain/PrimeSimSPICE/parametric/L=8.9u/results/.ceFinished
[19:04:07.28] /o touch /home/argershm/180-voltmeter/Analog/cc/simulation/integrator,tb_main_opamp,schematic/history_1/simulation/diff_mode_gain/PrimeSimSPICE/parametric/L=8.9u/results/.unitedSimFinished
[19:04:07.28] /o Calc Job Done!
[19:04:07.28] /o New Worker New CE exit
[19:04:07.47] /o #####New Worker job begin - Self history dir=/home/argershm/180-voltmeter/Analog/cc/simulation/integrator,tb_main_opamp,schematic
[19:04:07.60] /o pw_worker _createCalculateEngine got job!
[19:04:07.60] /o pw_worker _createCalculateEngine OK!
[19:04:08.81] /o New Worker New CE ready proc entered.
[19:04:08.98] /o _getSimulationDetails : 
[19:04:08.98] /o tbName=diff_mode_gain, Mtb=0
[19:04:08.98] /o Got stb tb ok!
[19:04:08.98] /o Self resultsDir: ./simulation
[19:04:08.98] /o Self databaseDir: /home/argershm/180-voltmeter/Analog/cc/simulation/integrator,tb_main_opamp,schematic/history_1/simulation/diff_mode_gain/PrimeSimSPICE/parametric/results
[19:04:09.06] /o _createResultsMap done!
[19:04:09.06] /o ###write_child - resultsDir=/home/argershm/180-voltmeter/Analog/cc/simulation/integrator,tb_main_opamp,schematic/history_1/simulation/diff_mode_gain/PrimeSimSPICE/parametric/L=9.2u/results
              /c  masterResultsDir=/home/argershm/180-voltmeter/Analog/cc/simulation/integrator,tb_main_opamp,schematic/history_1/simulation/diff_mode_gain/PrimeSimSPICE/parametric/results
              /c  databaseDir=/home/argershm/180-voltmeter/Analog/cc/simulation/integrator,tb_main_opamp,schematic/history_1/simulation/diff_mode_gain/PrimeSimSPICE/parametric/results
              /c  UniqueName=saeSession4, isPilot=false
[19:04:09.06] /o 
[19:04:09.07] /o pw_worker child CE begin!
[19:04:09.08] /o pw_worker invokes measurement finished.
[19:04:09.08] /o pw_worker writeSimMap finsied.
[19:04:09.08] /o _simulationDoneAction done without exception!
[19:04:09.18] /o Got file /home/argershm/180-voltmeter/Analog/cc/simulation/integrator,tb_main_opamp,schematic/history_1/simulation/diff_mode_gain/PrimeSimSPICE/parametric/L=9.2u/results/.ceFinished
[19:04:09.48] /o touch /home/argershm/180-voltmeter/Analog/cc/simulation/integrator,tb_main_opamp,schematic/history_1/simulation/diff_mode_gain/PrimeSimSPICE/parametric/L=9.2u/results/.unitedSimFinished
[19:04:09.48] /o Calc Job Done!
[19:04:09.48] /o New Worker New CE exit
[19:04:09.67] /o #####New Worker job begin - Self history dir=/home/argershm/180-voltmeter/Analog/cc/simulation/integrator,tb_main_opamp,schematic
[19:04:09.79] /o pw_worker _createCalculateEngine got job!
[19:04:09.79] /o pw_worker _createCalculateEngine OK!
[19:04:11.10] /o New Worker New CE ready proc entered.
[19:04:11.28] /o _getSimulationDetails : 
[19:04:11.29] /o tbName=diff_mode_gain, Mtb=0
[19:04:11.29] /o Got stb tb ok!
[19:04:11.29] /o Self resultsDir: ./simulation
[19:04:11.29] /o Self databaseDir: /home/argershm/180-voltmeter/Analog/cc/simulation/integrator,tb_main_opamp,schematic/history_1/simulation/diff_mode_gain/PrimeSimSPICE/parametric/results
[19:04:11.39] /o _createResultsMap done!
[19:04:11.39] /o ###write_child - resultsDir=/home/argershm/180-voltmeter/Analog/cc/simulation/integrator,tb_main_opamp,schematic/history_1/simulation/diff_mode_gain/PrimeSimSPICE/parametric/L=9.5u/results
              /c  masterResultsDir=/home/argershm/180-voltmeter/Analog/cc/simulation/integrator,tb_main_opamp,schematic/history_1/simulation/diff_mode_gain/PrimeSimSPICE/parametric/results
              /c  databaseDir=/home/argershm/180-voltmeter/Analog/cc/simulation/integrator,tb_main_opamp,schematic/history_1/simulation/diff_mode_gain/PrimeSimSPICE/parametric/results
              /c  UniqueName=saeSession4, isPilot=false
[19:04:11.39] /o 
[19:04:11.40] /o pw_worker child CE begin!
[19:04:11.40] /o pw_worker invokes measurement finished.
[19:04:11.40] /o pw_worker writeSimMap finsied.
[19:04:11.40] /o _simulationDoneAction done without exception!
[19:04:11.50] /o Got file /home/argershm/180-voltmeter/Analog/cc/simulation/integrator,tb_main_opamp,schematic/history_1/simulation/diff_mode_gain/PrimeSimSPICE/parametric/L=9.5u/results/.ceFinished
[19:04:11.81] /o touch /home/argershm/180-voltmeter/Analog/cc/simulation/integrator,tb_main_opamp,schematic/history_1/simulation/diff_mode_gain/PrimeSimSPICE/parametric/L=9.5u/results/.unitedSimFinished
[19:04:11.81] /o Calc Job Done!
[19:04:11.81] /o New Worker New CE exit
[19:04:11.98] /o #####New Worker job begin - Self history dir=/home/argershm/180-voltmeter/Analog/cc/simulation/integrator,tb_main_opamp,schematic
[19:04:12.11] /o pw_worker _createCalculateEngine got job!
[19:04:12.11] /o pw_worker _createCalculateEngine OK!
[19:04:13.41] /o New Worker New CE ready proc entered.
[19:04:13.60] /o _getSimulationDetails : 
[19:04:13.60] /o tbName=diff_mode_gain, Mtb=0
[19:04:13.60] /o Got stb tb ok!
[19:04:13.60] /o Self resultsDir: ./simulation
[19:04:13.60] /o Self databaseDir: /home/argershm/180-voltmeter/Analog/cc/simulation/integrator,tb_main_opamp,schematic/history_1/simulation/diff_mode_gain/PrimeSimSPICE/parametric/results
[19:04:13.70] /o _createResultsMap done!
[19:04:13.70] /o ###write_child - resultsDir=/home/argershm/180-voltmeter/Analog/cc/simulation/integrator,tb_main_opamp,schematic/history_1/simulation/diff_mode_gain/PrimeSimSPICE/parametric/L=9.8u/results
              /c  masterResultsDir=/home/argershm/180-voltmeter/Analog/cc/simulation/integrator,tb_main_opamp,schematic/history_1/simulation/diff_mode_gain/PrimeSimSPICE/parametric/results
              /c  databaseDir=/home/argershm/180-voltmeter/Analog/cc/simulation/integrator,tb_main_opamp,schematic/history_1/simulation/diff_mode_gain/PrimeSimSPICE/parametric/results
              /c  UniqueName=saeSession4, isPilot=false
[19:04:13.70] /o 
[19:04:13.71] /o pw_worker child CE begin!
[19:04:13.71] /o pw_worker invokes measurement finished.
[19:04:13.71] /o pw_worker writeSimMap finsied.
[19:04:13.71] /o _simulationDoneAction done without exception!
[19:04:13.81] /o Got file /home/argershm/180-voltmeter/Analog/cc/simulation/integrator,tb_main_opamp,schematic/history_1/simulation/diff_mode_gain/PrimeSimSPICE/parametric/L=9.8u/results/.ceFinished
[19:04:14.12] /o touch /home/argershm/180-voltmeter/Analog/cc/simulation/integrator,tb_main_opamp,schematic/history_1/simulation/diff_mode_gain/PrimeSimSPICE/parametric/L=9.8u/results/.unitedSimFinished
[19:04:14.12] /o Calc Job Done!
[19:04:14.12] /o New Worker New CE exit
[19:04:17.30] /o Shutdown time: Sat Sep  6 19:04:17 2025
[19:04:17.30] /o Elapsed session real time: 1.25 minutes
[19:04:17.30] /o Session terminated. Log is at /home/argershm/180-voltmeter/Analog/cc/synopsys_custom/pwdp_jobs/saeSession4_diffmodegain.SimulationSimulation_cdpl.0.3012351/logs/w2/logs/pw_worker.argershm.2025_9_6_190301_3013340.log
