[22:00:53.33] /o 
              /c                                    pw_worker™ 
              /c 
              /c                Version W-2024.09-SP1-2 for linux64 - Jan 15, 2025
              /c              Based on Custom Infrastructure
              /c Version W-2024.09-SP1-2
              /c 
              /c                     Copyright (c) 2004 - 2025 Synopsys, Inc.
              /c    This software and the associated documentation are proprietary to Synopsys,
              /c  Inc. This software may only be used in accordance with the terms and conditions
              /c  of a written license agreement with Synopsys, Inc. All other use, reproduction,
              /c    or distribution of this software is strictly prohibited.  Licensed Products
              /c      communicate with Synopsys servers for the purpose of providing software
              /c     updates, detecting software piracy and verifying that customers are using
              /c     Licensed Products in conformity with the applicable License Key for such
              /c   Licensed Products. Synopsys will use information gathered in connection with
              /c     this process to deliver software updates and pursue software pirates and
              /c                                    infringers.
              /c 
              /c  Inclusivity & Diversity - Visit SolvNetPlus to read the "Synopsys Statement on
              /c             Inclusivity and Diversity" (Refer to article 000036315 at
              /c                         https://solvnetplus.synopsys.com)
              /c 
              /c Build  (OPT) Config 11252589 compiled on Wed Jan 15 11:01:36 2025 for AlmaLinux 8.4
              /c Invocation: /mnt/apps/public/COE/synopsys_apps/primewave/W-2024.09-SP1-2/linux64/platform/bin/custom_shell -application pw_worker -gui 0 -localDir /home/argershm/180-voltmeter/Analog/cc/synopsys_custom/pwdp_jobs/saeSession0_diffmodegain.SimulationSimulation_cdpl.1.1904445/logs/w1
              /c Execution time: Fri Sep  5 22:00:51 2025
              /c Host: claws-compute3.ece.ncsu.edu
              /c Working directory: /home/argershm/180-voltmeter/Analog/cc
              /c 
[22:00:57.69] /m Information: Registering ICV PERC package...
[22:00:57.69] /w Warning: Error: "Job group named 'PrimeWave' already exists under this parent." (IPC-100)
[22:00:57.88] /o #####New Worker job begin - Self history dir=/home/argershm/180-voltmeter/Analog/cc/simulation/integrator,tb_main_opamp,schematic
[22:00:58.07] /o source /home/argershm/180-voltmeter/Analog/cc/synopsys_custom/pwdp_jobs/saeSession0_diffmodegain.SimulationSimulation_cdpl.1.1904445/ccFile.tcl OK
[22:00:58.07] /o LibDefs : /home/argershm/180-voltmeter/Analog/cc/lib.defs
[22:00:58.29] /o new worker create session at loading state!
[22:00:58.29] /o history_1
[22:00:58.33] /m Information: Info: Waveform format selected is PSF. Synopsys recommends using the WDF format with the <HSPICE/FineSim> simulator.
              /c WDF is an optimal format that improves viewing performance and reduces disk usage while PSF is a 3rd party format and support "as-is".
              /c To change the format, open the Setup -> Environment menu and select the WDF format. (PW-642)
[22:00:58.50] /o Loading: Callback files...
[22:00:58.50] /o 
              /c [INFO] : Loading display.tcl from /mnt/designkits/gf180MCU/dk_ncsu/gf180mcu_cc_0.1/Models_HSPICE
              /c 
              /c  if you wish to Load other display.tcl, please set shell environment valiable "iPDK_load_display_gf180mcu" to value = 0
[22:00:58.50] /o 
[22:00:58.54] /w Warning: Could not set the value of preference xtEMIRLPEStarTcadGrdFile because it does not exist. (PREFERENCE-016)
[22:00:58.54] /o 	#######################################
[22:00:58.54] /o 	CC-PDK Library Name	: gf180MCU Open
[22:00:58.54] /o 	#######################################
[22:00:58.54] /o 
[22:00:58.67] /o source /home/argershm/180-voltmeter/Analog/cc/simulation/integrator,tb_main_opamp,schematic/history_1/.nw_preference_script.tcl OK!
[22:00:58.67] /o DSPF Options: {hierDelim==|}||{termDelim==:}||{fingerChar==@}||{multiplierString==_nettran_}||{aggregateCurrent==1}||{MOSTermNames==d g s b}||{MOSTermOrder==D G S B}||{MOSTermDspfNames==DRC GATE SRC BULK}||{firstChars==XM}||{probeHierDelim==/}||{caseSensitive==1}||{firstChar==M}||{hierPrefix==X}||{nodePrefix==M}||{plotTermVoltageForNet==0}||{mapNetToMosTerminal==}||{mapSlashDelimToDot==1}||{probePortCurrent==1}||{busBit==[]}||{removeNodePrefix==1}||{nlConDelim==.}||{mosModelType==auto}||{keepSchName==0}
[22:00:58.67] /o _workerLoadStateAction done!
[22:00:58.69] /o pw_worker _createCalculateEngine got job!
[22:00:58.69] /o pw_worker _createCalculateEngine OK!
[22:00:58.70] /o _getSimulationDetails : 
[22:00:58.70] /o tbName=diff_mode_gain, Mtb=0
[22:00:58.70] /o Got stb tb ok!
[22:00:58.70] /o Self resultsDir: ./simulation
[22:00:58.70] /o Self databaseDir: /home/argershm/180-voltmeter/Analog/cc/simulation/integrator,tb_main_opamp,schematic/history_1/simulation/diff_mode_gain/PrimeSimSPICE/parametric/results
[22:00:58.70] /o source /mnt/apps/public/COE/synopsys_apps/primewave/W-2024.09-SP1-2/auxx/sae/matlab_script.tcl OK
[22:00:58.86] /o _createResultsMap done!
[22:00:58.86] /o ###write_child - resultsDir=/home/argershm/180-voltmeter/Analog/cc/simulation/integrator,tb_main_opamp,schematic/history_1/simulation/diff_mode_gain/PrimeSimSPICE/parametric/L_bias=0.6u,L_gm=0.28u,W_gm=10u/results
              /c  masterResultsDir=/home/argershm/180-voltmeter/Analog/cc/simulation/integrator,tb_main_opamp,schematic/history_1/simulation/diff_mode_gain/PrimeSimSPICE/parametric/results
              /c  databaseDir=/home/argershm/180-voltmeter/Analog/cc/simulation/integrator,tb_main_opamp,schematic/history_1/simulation/diff_mode_gain/PrimeSimSPICE/parametric/results
              /c  UniqueName=saeSession0, isPilot=false
[22:00:58.86] /o 
[22:00:58.91] /o pw_worker child CE begin!
[22:00:58.91] /o pw_worker invokes measurement finished.
[22:00:58.91] /o pw_worker writeSimMap finsied.
[22:00:58.91] /o _simulationDoneAction done without exception!
[22:00:59.32] /o New Worker New CE ready proc entered.
[22:01:00.00] /o Got file /home/argershm/180-voltmeter/Analog/cc/simulation/integrator,tb_main_opamp,schematic/history_1/simulation/diff_mode_gain/PrimeSimSPICE/parametric/L_bias=0.6u,L_gm=0.28u,W_gm=10u/results/.ceFinished
[22:01:00.00] /o touch /home/argershm/180-voltmeter/Analog/cc/simulation/integrator,tb_main_opamp,schematic/history_1/simulation/diff_mode_gain/PrimeSimSPICE/parametric/L_bias=0.6u,L_gm=0.28u,W_gm=10u/results/.unitedSimFinished
[22:01:00.00] /o Calc Job Done!
[22:01:00.00] /o New Worker New CE exit
[22:01:00.17] /o #####New Worker job begin - Self history dir=/home/argershm/180-voltmeter/Analog/cc/simulation/integrator,tb_main_opamp,schematic
[22:01:00.30] /o pw_worker _createCalculateEngine got job!
[22:01:00.30] /o pw_worker _createCalculateEngine OK!
[22:01:01.50] /o New Worker New CE ready proc entered.
[22:01:01.69] /o _getSimulationDetails : 
[22:01:01.69] /o tbName=diff_mode_gain, Mtb=0
[22:01:01.69] /o Got stb tb ok!
[22:01:01.69] /o Self resultsDir: ./simulation
[22:01:01.69] /o Self databaseDir: /home/argershm/180-voltmeter/Analog/cc/simulation/integrator,tb_main_opamp,schematic/history_1/simulation/diff_mode_gain/PrimeSimSPICE/parametric/results
[22:01:01.80] /o _createResultsMap done!
[22:01:01.80] /o ###write_child - resultsDir=/home/argershm/180-voltmeter/Analog/cc/simulation/integrator,tb_main_opamp,schematic/history_1/simulation/diff_mode_gain/PrimeSimSPICE/parametric/L_bias=0.6u,L_gm=0.28u,W_gm=50u/results
              /c  masterResultsDir=/home/argershm/180-voltmeter/Analog/cc/simulation/integrator,tb_main_opamp,schematic/history_1/simulation/diff_mode_gain/PrimeSimSPICE/parametric/results
              /c  databaseDir=/home/argershm/180-voltmeter/Analog/cc/simulation/integrator,tb_main_opamp,schematic/history_1/simulation/diff_mode_gain/PrimeSimSPICE/parametric/results
              /c  UniqueName=saeSession0, isPilot=false
[22:01:01.80] /o 
[22:01:01.81] /o pw_worker child CE begin!
[22:01:01.81] /o pw_worker invokes measurement finished.
[22:01:01.81] /o pw_worker writeSimMap finsied.
[22:01:01.81] /o _simulationDoneAction done without exception!
[22:01:02.01] /o Got file /home/argershm/180-voltmeter/Analog/cc/simulation/integrator,tb_main_opamp,schematic/history_1/simulation/diff_mode_gain/PrimeSimSPICE/parametric/L_bias=0.6u,L_gm=0.28u,W_gm=50u/results/.ceFinished
[22:01:02.23] /o touch /home/argershm/180-voltmeter/Analog/cc/simulation/integrator,tb_main_opamp,schematic/history_1/simulation/diff_mode_gain/PrimeSimSPICE/parametric/L_bias=0.6u,L_gm=0.28u,W_gm=50u/results/.unitedSimFinished
[22:01:02.23] /o Calc Job Done!
[22:01:02.23] /o New Worker New CE exit
[22:01:02.39] /o #####New Worker job begin - Self history dir=/home/argershm/180-voltmeter/Analog/cc/simulation/integrator,tb_main_opamp,schematic
[22:01:02.52] /o pw_worker _createCalculateEngine got job!
[22:01:02.52] /o pw_worker _createCalculateEngine OK!
[22:01:03.73] /o New Worker New CE ready proc entered.
[22:01:03.90] /o _getSimulationDetails : 
[22:01:03.90] /o tbName=diff_mode_gain, Mtb=0
[22:01:03.90] /o Got stb tb ok!
[22:01:03.90] /o Self resultsDir: ./simulation
[22:01:03.90] /o Self databaseDir: /home/argershm/180-voltmeter/Analog/cc/simulation/integrator,tb_main_opamp,schematic/history_1/simulation/diff_mode_gain/PrimeSimSPICE/parametric/results
[22:01:03.98] /o _createResultsMap done!
[22:01:03.98] /o ###write_child - resultsDir=/home/argershm/180-voltmeter/Analog/cc/simulation/integrator,tb_main_opamp,schematic/history_1/simulation/diff_mode_gain/PrimeSimSPICE/parametric/L_bias=1u,L_gm=0.28u,W_gm=20u/results
              /c  masterResultsDir=/home/argershm/180-voltmeter/Analog/cc/simulation/integrator,tb_main_opamp,schematic/history_1/simulation/diff_mode_gain/PrimeSimSPICE/parametric/results
              /c  databaseDir=/home/argershm/180-voltmeter/Analog/cc/simulation/integrator,tb_main_opamp,schematic/history_1/simulation/diff_mode_gain/PrimeSimSPICE/parametric/results
              /c  UniqueName=saeSession0, isPilot=false
[22:01:03.98] /o 
[22:01:03.99] /o pw_worker child CE begin!
[22:01:03.99] /o pw_worker invokes measurement finished.
[22:01:03.99] /o pw_worker writeSimMap finsied.
[22:01:03.99] /o _simulationDoneAction done without exception!
[22:01:04.20] /o Got file /home/argershm/180-voltmeter/Analog/cc/simulation/integrator,tb_main_opamp,schematic/history_1/simulation/diff_mode_gain/PrimeSimSPICE/parametric/L_bias=1u,L_gm=0.28u,W_gm=20u/results/.ceFinished
[22:01:04.40] /o touch /home/argershm/180-voltmeter/Analog/cc/simulation/integrator,tb_main_opamp,schematic/history_1/simulation/diff_mode_gain/PrimeSimSPICE/parametric/L_bias=1u,L_gm=0.28u,W_gm=20u/results/.unitedSimFinished
[22:01:04.40] /o Calc Job Done!
[22:01:04.40] /o New Worker New CE exit
[22:01:04.57] /o #####New Worker job begin - Self history dir=/home/argershm/180-voltmeter/Analog/cc/simulation/integrator,tb_main_opamp,schematic
[22:01:04.70] /o pw_worker _createCalculateEngine got job!
[22:01:04.70] /o pw_worker _createCalculateEngine OK!
[22:01:05.91] /o New Worker New CE ready proc entered.
[22:01:06.08] /o _getSimulationDetails : 
[22:01:06.08] /o tbName=diff_mode_gain, Mtb=0
[22:01:06.08] /o Got stb tb ok!
[22:01:06.08] /o Self resultsDir: ./simulation
[22:01:06.08] /o Self databaseDir: /home/argershm/180-voltmeter/Analog/cc/simulation/integrator,tb_main_opamp,schematic/history_1/simulation/diff_mode_gain/PrimeSimSPICE/parametric/results
[22:01:06.18] /o _createResultsMap done!
[22:01:06.18] /o ###write_child - resultsDir=/home/argershm/180-voltmeter/Analog/cc/simulation/integrator,tb_main_opamp,schematic/history_1/simulation/diff_mode_gain/PrimeSimSPICE/parametric/L_bias=1u,L_gm=0.28u,W_gm=40u/results
              /c  masterResultsDir=/home/argershm/180-voltmeter/Analog/cc/simulation/integrator,tb_main_opamp,schematic/history_1/simulation/diff_mode_gain/PrimeSimSPICE/parametric/results
              /c  databaseDir=/home/argershm/180-voltmeter/Analog/cc/simulation/integrator,tb_main_opamp,schematic/history_1/simulation/diff_mode_gain/PrimeSimSPICE/parametric/results
              /c  UniqueName=saeSession0, isPilot=false
[22:01:06.18] /o 
[22:01:06.19] /o pw_worker child CE begin!
[22:01:06.19] /o pw_worker invokes measurement finished.
[22:01:06.19] /o pw_worker writeSimMap finsied.
[22:01:06.19] /o _simulationDoneAction done without exception!
[22:01:06.40] /o Got file /home/argershm/180-voltmeter/Analog/cc/simulation/integrator,tb_main_opamp,schematic/history_1/simulation/diff_mode_gain/PrimeSimSPICE/parametric/L_bias=1u,L_gm=0.28u,W_gm=40u/results/.ceFinished
[22:01:06.60] /o touch /home/argershm/180-voltmeter/Analog/cc/simulation/integrator,tb_main_opamp,schematic/history_1/simulation/diff_mode_gain/PrimeSimSPICE/parametric/L_bias=1u,L_gm=0.28u,W_gm=40u/results/.unitedSimFinished
[22:01:06.60] /o Calc Job Done!
[22:01:06.60] /o New Worker New CE exit
[22:01:27.75] /o Shutdown time: Fri Sep  5 22:01:27 2025
[22:01:27.75] /o Elapsed session real time: 0.58 minutes
[22:01:27.75] /o Session terminated. Log is at /home/argershm/180-voltmeter/Analog/cc/synopsys_custom/pwdp_jobs/saeSession0_diffmodegain.SimulationSimulation_cdpl.1.1904445/logs/w1/logs/pw_worker.argershm.2025_9_5_220051_1921417.log
