1757170737.688162: 1957752-7fac1f13a540: cdpl_log.c:337: in cdpl_log_open(): info: @@start_of_log@@
1757170737.688172: 1957752-7fac1f13a540: cdpl_log.c:1058: in cdpl_log_dump_sysinfo(): info: time: 2025/09/06 10:58:57 EDT -0400
1757170737.688174: 1957752-7fac1f13a540: cdpl_log.c:1060: in cdpl_log_dump_sysinfo(): info: version: W-2024.09-SP1-2 
1757170737.688175: 1957752-7fac1f13a540: cdpl_log.c:1062: in cdpl_log_dump_sysinfo(): info: system: Linux 4.18.0-553.69.1.el8_10.x86_64 #1 SMP Thu Aug 7 18:10:00 EDT 2025
1757170737.688177: 1957752-7fac1f13a540: cdpl_log.c:1067: in cdpl_log_dump_sysinfo(): info: processor: x86_64 64-bits
1757170737.688178: 1957752-7fac1f13a540: cdpl_log.c:1071: in cdpl_log_dump_sysinfo(): info: hostname: claws-compute3.ece.ncsu.edu
1757170737.688180: 1957752-7fac1f13a540: cdpl_log.c:1073: in cdpl_log_dump_sysinfo(): info: program name: custom_shell
1757170737.688182: 1957752-7fac1f13a540: cdpl_log.c:340: in cdpl_log_open(): debug: path: /home/argershm/180-voltmeter/Analog/cc/synopsys_custom/pwdp_jobs/saeSession4_diffmodegain.SimulationSimulation_cdpl.2.1957752/logs/master.claws-compute3.ece.ncsu.edu.1957752.log
1757170737.688184: 1957752-7fac1f13a540: cdpl_log.c:341: in cdpl_log_open(): debug: dir: /home/argershm/180-voltmeter/Analog/cc/synopsys_custom/pwdp_jobs/saeSession4_diffmodegain.SimulationSimulation_cdpl.2.1957752/logs
1757170737.688188: 1957752-7fac1f13a540: cdpl_server.c:536: in cdpl_sv_init(): info: new server S1502058202
1757170737.688191: 1957752-7fac1f13a540: cdpl_ipc.c:3475: in cdpl_ipc_init(): info: requesting IPv4 protocol
1757170737.692310: 1957752-7fac1f13a540: cdpl_ipc.c:837: in _selectaddrfamily(): info: selected IPv4 protocol
1757170737.692326: 1957752-7fac1f13a540: cdpl_ipc.c:1139: in _set_keepalive(): info: TCP keep alive interval: 300
1757170737.696821: 1957752-7fac1f13a540: cdpl_monitor.c:1117: in cdpl_mn_new_server(): info: creating server monitor instance
1757170737.696826: 1957752-7fac1f13a540: cdpl_server.c:650: in cdpl_sv_new_master(): info: new master M1
1757170737.696830: 1957752-7fac1f13a540: cdpl_server.c:6533: in cdpl_sv_ctl_master(): info: Setting worker heartbeat to 120 seconds
1757170737.696832: 1957752-7fac1f13a540: cdpl_server.c:6542: in cdpl_sv_ctl_master(): info: Setting worker heartbeat timeout to 3 heartbeats
1757170737.696834: 1957752-7fac1f13a540: cdpl_compat_master.c:2090: in _parse_hostfile(): info: reading hostfile `/home/argershm/180-voltmeter/Analog/cc/synopsys_custom/pwdp_jobs/saeSession4_diffmodegain.SimulationSimulation_cdpl.2.1957752/host_file'
1757170737.696843: 1957752-7fac1f13a540: cdpl_compat_master.c:1900: in _hostfile_parser(): debug: parsing "1     |localhost|   -1  | /tmp | SH | sh"
1757170737.696847: 1957752-7fac1f13a540: cdpl_farm.c:2578: in cdpl_farm_new_sh(): info: creating SH farm on localhost
1757170737.696850: 1957752-7fac1f13a540: cdpl_compat_master.c:206: in _set_farm_env(): info: exporting CDPL_LOGDIR as `/home/argershm/180-voltmeter/Analog/cc/synopsys_custom/pwdp_jobs/saeSession4_diffmodegain.SimulationSimulation_cdpl.2.1957752/logs'
1757170737.696852: 1957752-7fac1f13a540: cdpl_compat_master.c:212: in _set_farm_env(): info: exporting CDPL_TMPDIR as `/tmp'
1757170737.696854: 1957752-7fac1f13a540: cdpl_compat_master.c:235: in _set_farm_env(): info: exporting SNPSLMD_LICENSE_FILE as `27000@ece-lic-35.ece.ncsu.edu'
1757170737.696856: 1957752-7fac1f13a540: cdpl_compat_master.c:259: in _set_farm_env(): info: exporting CDPL_OPTIONS as `[nowlogs]'
1757170737.696857: 1957752-7fac1f13a540: cdpl_compat_master.c:266: in _set_farm_env(): info: exporting DISPLAY as `unix:19953'
1757170737.696859: 1957752-7fac1f13a540: cdpl_compat_master.c:274: in _set_farm_env(): info: exporting CDPL_HEARTBEAT as `120'
1757170737.696863: 1957752-7fac1f13a540: cdpl_farm.c:3149: in cdpl_farm_add_withdir(): debug: added `localhost' (capacity: unlimited)
1757170737.696865: 1957752-7fac1f13a540: cdpl_compat_parse.c:147: in parsefile(): debug: read `/home/argershm/180-voltmeter/Analog/cc/synopsys_custom/pwdp_jobs/saeSession4_diffmodegain.SimulationSimulation_cdpl.2.1957752/host_file', 2 lines
1757170737.696870: 1957752-7fac1f13a540: cdpl_compat_master.c:2931: in cdplInitMaster(): info: bcast dir is `/home/argershm/180-voltmeter/Analog/cc/synopsys_custom/pwdp_jobs/saeSession4_diffmodegain.SimulationSimulation_cdpl.2.1957752/logs'
1757170737.696897: 1957752-7fac1f13a540: cdpl_server.c:6433: in cdpl_sv_ctl_master(): info: farm worker timeout set to 300
1757170737.696899: 1957752-7fac1f13a540: cdpl_server.c:6486: in cdpl_sv_ctl_master(): info: maximum number of task execution attempts set to 1
1757170737.696902: 1957752-7fac1f13a540: cdpl_server.c:3195: in cdpl_sv_start(): debug: starting server
1757170737.696904: 1957752-7fac1f13a540: cdpl_ipc.c:3632: in cdpl_ipc_start(): debug: starting IPC server 152.14.98.53:42371
1757170737.697038: 1957752-7fabc97fa700: cdpl_server_ipc.c:1182: in _sv_ipc_thread(): debug: ready
1757170737.697149: 1957752-7fab9b7fe700: cdpl_monitor.c:426: in cdpl_mn_init_client(): info: creating client monitor instance
1757170737.697165: 1957752-7fab9b7fe700: cdpl_ipc.c:3475: in cdpl_ipc_init(): info: requesting IPv4 protocol
1757170737.702787: 1957752-7fab9b7fe700: cdpl_ipc.c:837: in _selectaddrfamily(): info: selected IPv4 protocol
1757170737.702810: 1957752-7fab9b7fe700: cdpl_ipc.c:1139: in _set_keepalive(): info: TCP keep alive interval: 300
1757170737.705645: 1957752-7fab9b7fe700: cdpl_ipc.c:3632: in cdpl_ipc_start(): debug: starting IPC server 152.14.98.53:35379
1757170737.705781: 1957752-7fab9b7fe700: cdpl_monitor.c:471: in cdpl_mn_init_client(): debug: incoming messages in /tmp/cdpl-monitor-JQtWPh
1757170737.705899: 1957752-7fab9b7fe700: cdpl_monitor.c:533: in cdpl_mn_connect(): debug: connecting to 152.14.98.53:42371
1757170737.705902: 1957752-7fab9b7fe700: cdpl_ipc.c:3789: in cdpl_ipc_connect(): info: connecting to 152.14.98.53:42371
1757170737.705966: 1957752-7fab9b7fe700: cdpl_ipc.c:3860: in cdpl_ipc_connect(): info: connected as `152.14.98.53:41342'
1757170737.705972: 1957752-7fab9b7fe700: cdpl_ipc.c:2503: in cdpl_ipc_host_accept(): debug: accepted host `152.14.98.53:42371'
1757170737.705976: 1957752-7fab9b7fe700: cdpl_monitor.c:579: in cdpl_mn_connect(): debug: ok
1757170737.705986: 1957752-7fac1f13a540: cdpl_server.c:731: in cdpl_sv_new_job(): info: new job J1 in M1
1757170737.705992: 1957752-7fabc8ff9700: cdpl_ipc.c:1862: in _epoll_accept(): debug: new connection from `152.14.98.53:41342'
1757170737.706005: 1957752-7fac1f13a540: cdpl_compat_master.c:1581: in _add_worker(): info: new worker type 10, min:1, max:3, cmd:`/home/argershm/180-voltmeter/Analog/cc/synopsys_custom/pwdp_jobs/saeSession4_diffmodegain.SimulationSimulation_cdpl.2.1957752/START_WORKER pw_worker -i /home/argershm/180-voltmeter/Analog/cc/synopsys_custom/pwdp_jobs
1757170737.706009: 1957752-7fac1f13a540: cdpl_server.c:908: in cdpl_sv_new_bin_withfarm(): info: new bin B1 in J1
1757170737.706020: 1957752-7fabc97fa700: cdpl_server_ipc.c:1225: in _sv_ipc_thread(): debug: received ACCEPT notification
1757170737.706032: 1957752-7fabc97fa700: cdpl_ipc.c:2503: in cdpl_ipc_host_accept(): debug: accepted host `152.14.98.53:41342'
1757170737.706044: 1957752-7fabc97fa700: cdpl_server_ipc.c:1256: in _sv_ipc_thread(): debug: received MONITOR message
1757170737.706149: 1957752-7fabc97fa700: cdpl_monitor.c:1207: in cdpl_mn_accept(): debug: accepted monitor `152.14.98.53:41342'
1757170737.706153: 1957752-7fabc97fa700: cdpl_server_ipc_mon.c:120: in _globalLOCK(): debug: ENTERTING GLOBAL LOCK
1757170737.706156: 1957752-7faba27fc700: cdpl_monitor.c:910: in mn_systat(): debug: started
1757170737.706162: 1957752-7fabc97fa700: cdpl_server_ipc_mon.c:164: in _globalLOCK(): debug: global lock acquired
1757170737.706365: 1957752-7faba27fc700: cdpl_monitor.c:937: in mn_systat(): debug: monitor server flush rate: 5
1757170738.492560: 1957752-7fabc97fa700: cdpl_server_ipc_mon.c:210: in _globalUNLOCK(): debug: LEAVING GLOBAL LOCK
1757170738.492580: 1957752-7fac1f13a540: cdpl_server.c:3249: in cdpl_sv_start_job(): info: starting job J1
1757170738.492597: 1957752-7fac1f13a540: cdpl_server.c:62: in _sv_start_bin(): debug: starting bin B1 (min: 0, max: 3)
1757170738.492710: 1957752-7fac1f13a540: cdpl_server.c:1893: in _sv_gen_task(): info: new task T0 in B1 (prio 0)
1757170738.492717: 1957752-7fac1f13a540: cdpl_server.c:2698: in cdpl_sv_label_task_va(): info: setting task T0 label to "PrimeSim_19|PrimeSim"
1757170738.492721: 1957752-7faba0ff9700: cdpl_server_sched.c:2482: in _sv_scheduler_thread(): debug: scheduler for bin B1 started
1757170738.492730: 1957752-7faba0ff9700: cdpl_server_sched.c:2443: in _scheduler_run(): debug: will start a new worker
1757170738.492739: 1957752-7faba0ff9700: cdpl_farm.c:3977: in cdpl_farm_submit(): debug: 1 running processes
1757170738.492742: 1957752-7faba0ff9700: cdpl_farm.c:3985: in cdpl_farm_submit(): debug: new command C1 in bin B1 assigned to host `localhost'
1757170738.492923: 1957752-7fac1f13a540: cdpl_server.c:1893: in _sv_gen_task(): info: new task T1 in B1 (prio 0)
1757170738.492973: 1957752-7faba0ff9700: cdpl_server_sched.c:705: in _sv_launch_worker(): info: started worker W1 (as C1) in bin B1
1757170738.492982: 1957752-7fab9bfff700: cdpl_farm.c:2139: in _schedule(): debug: started
1757170738.492987: 1957752-7fab9bfff700: cdpl_farm.c:2303: in _schedule(): debug: submitting command C1 in bin B1
1757170738.492990: 1957752-7fab9bfff700: cdpl_sh.c:49: in _sh_detached_submit(): info: SH : /home/argershm/180-voltmeter/Analog/cc/synopsys_custom/pwdp_jobs/saeSession4_diffmodegain.SimulationSimulation_cdpl.2.1957752/START_WORKER pw_worker -i /home/argershm/180-voltmeter/Analog/cc/synopsys_custom/pwdp_jobs/saeSession4_diffmodegain.SimulationSimulation_cdpl.2.1957752 -t 10000
1757170738.493004: 1957752-7fac1f13a540: cdpl_server.c:2698: in cdpl_sv_label_task_va(): info: setting task T1 label to "PrimeSim_20|PrimeSim"
1757170738.493018: 1957752-7faba0ff9700: cdpl_server_sched.c:2443: in _scheduler_run(): debug: will start a new worker
1757170738.499263: 1957752-7fab9bfff700: cdpl_farm.c:2343: in _schedule(): debug: C1 in bin B1 running on slot 0
1757170738.499295: 1957752-7fab9bfff700: cdpl_farm.c:2167: in _schedule(): debug: idle
1757170738.499303: 1957752-7faba0ff9700: cdpl_farm.c:3977: in cdpl_farm_submit(): debug: 2 running processes
1757170738.499313: 1957752-7faba0ff9700: cdpl_farm.c:3985: in cdpl_farm_submit(): debug: new command C2 in bin B1 assigned to host `localhost'
1757170738.499319: 1957752-7faba0ff9700: cdpl_server_sched.c:705: in _sv_launch_worker(): info: started worker W2 (as C2) in bin B1
1757170738.499322: 1957752-7fab9bfff700: cdpl_farm.c:2231: in _schedule(): debug: end of idling
1757170738.499326: 1957752-7fab9bfff700: cdpl_farm.c:2303: in _schedule(): debug: submitting command C2 in bin B1
1757170738.499337: 1957752-7fab9bfff700: cdpl_sh.c:49: in _sh_detached_submit(): info: SH : /home/argershm/180-voltmeter/Analog/cc/synopsys_custom/pwdp_jobs/saeSession4_diffmodegain.SimulationSimulation_cdpl.2.1957752/START_WORKER pw_worker -i /home/argershm/180-voltmeter/Analog/cc/synopsys_custom/pwdp_jobs/saeSession4_diffmodegain.SimulationSimulation_cdpl.2.1957752 -t 10000
1757170738.503852: 1957752-7fab9bfff700: cdpl_farm.c:2343: in _schedule(): debug: C2 in bin B1 running on slot 1
1757170738.503882: 1957752-7fab9bfff700: cdpl_farm.c:2167: in _schedule(): debug: idle
1757170738.803953: 1957752-7fab9bfff700: cdpl_farm.c:1193: in _onexit(): debug: C1 in bin B1 exited normally on slot 0
1757170738.803968: 1957752-7fab9bfff700: cdpl_farm.c:1193: in _onexit(): debug: C2 in bin B1 exited normally on slot 1
1757170739.604395: 1957752-7faba1ffb700: cdpl_compat_master.c:5948: in cdplMasterLogInfo(): info: [non-CDPL log entry] PWDP - no-workers started ok check start!
1757170740.318800: 1957752-7fabc8ff9700: cdpl_ipc.c:1862: in _epoll_accept(): debug: new connection from `152.14.98.53:41350'
1757170740.318842: 1957752-7fabc97fa700: cdpl_server_ipc.c:1225: in _sv_ipc_thread(): debug: received ACCEPT notification
1757170740.318857: 1957752-7fabc97fa700: cdpl_ipc.c:2503: in cdpl_ipc_host_accept(): debug: accepted host `152.14.98.53:41350'
1757170740.318924: 1957752-7fabc97fa700: cdpl_server_ipc.c:1246: in _sv_ipc_thread(): debug: received HELLO message
1757170740.318937: 1957752-7fabc97fa700: cdpl_server_ipc.c:430: in _sv_on_hello(): debug: looking up W1
1757170740.318941: 1957752-7fabc97fa700: cdpl_server_ipc.c:540: in _sv_on_hello(): info: W1 is `152.14.98.53:41350'
1757170740.318943: 1957752-7fabc97fa700: cdpl_server_ipc.c:541: in _sv_on_hello(): debug: hello W1 (B1)
1757170740.318944: 1957752-7fabc97fa700: cdpl_server_ipc.c:542: in _sv_on_hello(): info: W1 log file is /dev/null
1757170740.318959: 1957752-7fabc97fa700: cdpl_server_ipc.c:602: in _sv_on_hello(): info: up to 1 alive workers in B1
1757170740.318965: 1957752-7fabc97fa700: cdpl_farm.c:878: in _release_cmd(): debug: freeing command C1 in bin B1
1757170740.318980: 1957752-7faba0ff9700: cdpl_server_sched.c:960: in _assign(): info: assigning task T0 to worker W1
1757170740.321078: 1957752-7fabc8ff9700: cdpl_ipc.c:1862: in _epoll_accept(): debug: new connection from `152.14.98.53:41356'
1757170740.321102: 1957752-7fabc97fa700: cdpl_server_ipc.c:1225: in _sv_ipc_thread(): debug: received ACCEPT notification
1757170740.321110: 1957752-7fabc97fa700: cdpl_ipc.c:2503: in cdpl_ipc_host_accept(): debug: accepted host `152.14.98.53:41356'
1757170740.321281: 1957752-7fabc97fa700: cdpl_server_ipc.c:1246: in _sv_ipc_thread(): debug: received HELLO message
1757170740.321286: 1957752-7fabc97fa700: cdpl_server_ipc.c:430: in _sv_on_hello(): debug: looking up W2
1757170740.321289: 1957752-7fabc97fa700: cdpl_server_ipc.c:540: in _sv_on_hello(): info: W2 is `152.14.98.53:41356'
1757170740.321291: 1957752-7fabc97fa700: cdpl_server_ipc.c:541: in _sv_on_hello(): debug: hello W2 (B1)
1757170740.321292: 1957752-7fabc97fa700: cdpl_server_ipc.c:542: in _sv_on_hello(): info: W2 log file is /dev/null
1757170740.321298: 1957752-7fabc97fa700: cdpl_server_ipc.c:602: in _sv_on_hello(): info: up to 2 alive workers in B1
1757170740.321302: 1957752-7fabc97fa700: cdpl_farm.c:878: in _release_cmd(): debug: freeing command C2 in bin B1
1757170740.321315: 1957752-7faba0ff9700: cdpl_server_sched.c:960: in _assign(): info: assigning task T1 to worker W2
1757170740.383079: 1957752-7fabc97fa700: cdpl_server_ipc.c:1268: in _sv_ipc_thread(): debug: received RELAY message
1757170740.383088: 1957752-7fabc97fa700: cdpl_server_ipc.c:713: in _sv_on_relay(): debug: RELAY message from W1, size = 65
1757170740.383090: 1957752-7fabc97fa700: cdpl_server_ipc.c:715: in _sv_on_relay(): debug: RELAY message from W1, content = 0$1993731 claws-compute3.ece.ncsu.edu 1993759 RUNNING 1757170740
1757170740.385556: 1957752-7fabc97fa700: cdpl_server_ipc.c:1268: in _sv_ipc_thread(): debug: received RELAY message
1757170740.385563: 1957752-7fabc97fa700: cdpl_server_ipc.c:713: in _sv_on_relay(): debug: RELAY message from W2, size = 65
1757170740.385565: 1957752-7fabc97fa700: cdpl_server_ipc.c:715: in _sv_on_relay(): debug: RELAY message from W2, content = 1$1993732 claws-compute3.ece.ncsu.edu 1993760 RUNNING 1757170740
1757170741.319226: 1957752-7fabc97fa700: cdpl_server_ipc.c:312: in _sv_on_heartbeat(): debug: received HEARTBEAT from worker W1 at 152.14.98.53:41350
1757170741.321493: 1957752-7fabc97fa700: cdpl_server_ipc.c:312: in _sv_on_heartbeat(): debug: received HEARTBEAT from worker W2 at 152.14.98.53:41356
1757170742.706972: 1957752-7fab9b7fe700: cdpl_monitor.c:533: in cdpl_mn_connect(): debug: connecting to 152.14.98.53:40921
1757170742.706982: 1957752-7fab9b7fe700: cdpl_ipc.c:3789: in cdpl_ipc_connect(): info: connecting to 152.14.98.53:40921
1757170742.707130: 1957752-7fab9b7fe700: cdpl_ipc.c:3860: in cdpl_ipc_connect(): info: connected as `152.14.98.53:41332'
1757170742.707137: 1957752-7fab9b7fe700: cdpl_ipc.c:2503: in cdpl_ipc_host_accept(): debug: accepted host `152.14.98.53:40921'
1757170742.707141: 1957752-7fab9b7fe700: cdpl_monitor.c:579: in cdpl_mn_connect(): debug: ok
1757170742.707147: 1957752-7fab9b7fe700: cdpl_monitor.c:533: in cdpl_mn_connect(): debug: connecting to 152.14.98.53:37139
1757170742.707149: 1957752-7fab9b7fe700: cdpl_ipc.c:3789: in cdpl_ipc_connect(): info: connecting to 152.14.98.53:37139
1757170742.707198: 1957752-7fab9b7fe700: cdpl_ipc.c:3860: in cdpl_ipc_connect(): info: connected as `152.14.98.53:50582'
1757170742.707202: 1957752-7fab9b7fe700: cdpl_ipc.c:2503: in cdpl_ipc_host_accept(): debug: accepted host `152.14.98.53:37139'
1757170742.707205: 1957752-7fab9b7fe700: cdpl_monitor.c:579: in cdpl_mn_connect(): debug: ok
1757170747.159100: 1957752-7fabc97fa700: cdpl_server_ipc.c:1268: in _sv_ipc_thread(): debug: received RELAY message
1757170747.159115: 1957752-7fabc97fa700: cdpl_server_ipc.c:713: in _sv_on_relay(): debug: RELAY message from W2, size = 53
1757170747.159117: 1957752-7fabc97fa700: cdpl_server_ipc.c:715: in _sv_on_relay(): debug: RELAY message from W2, content = WORKERDU|12932,/dev/mapper/rhel_claws--compute3-home
1757170747.159123: 1957752-7fabc97fa700: cdpl_server_ipc.c:1268: in _sv_ipc_thread(): debug: received RELAY message
1757170747.159125: 1957752-7fabc97fa700: cdpl_server_ipc.c:713: in _sv_on_relay(): debug: RELAY message from W2, size = 196
1757170747.159126: 1957752-7fabc97fa700: cdpl_server_ipc.c:715: in _sv_on_relay(): debug: RELAY message from W2, content = REQPILOT|saeSession4,1,diff_mode_gain|&/home/argershm/180-voltmeter/Analog/cc/simulation/integrator,tb_main_opamp,schematic/history_1/simulation/diff_mode_gain/PrimeSimSPICE/parametric/results|&1
1757170747.159167: 1957752-7faba2ffd700: cdpl_compat_master.c:5948: in cdplMasterLogInfo(): info: [non-CDPL log entry] PWDP send back 'DOPILOT' to worker id:2 key: saeSession4,1,diff_mode_gain|&/home/argershm/180-voltmeter/Analog/cc/simulation/integrator,tb_main_opamp,schematic/history_1/simulation/diff_mode_gain/PrimeSimSPICE/parametric/results
1757170747.159321: 1957752-7faba2ffd700: cdpl_compat_master.c:5948: in cdplMasterLogInfo(): info: [non-CDPL log entry] PWDP: set pilot doing!
1757170747.161496: 1957752-7fabc97fa700: cdpl_server_ipc.c:1268: in _sv_ipc_thread(): debug: received RELAY message
1757170747.161505: 1957752-7fabc97fa700: cdpl_server_ipc.c:713: in _sv_on_relay(): debug: RELAY message from W1, size = 53
1757170747.161507: 1957752-7fabc97fa700: cdpl_server_ipc.c:715: in _sv_on_relay(): debug: RELAY message from W1, content = WORKERDU|12932,/dev/mapper/rhel_claws--compute3-home
1757170747.161512: 1957752-7fabc97fa700: cdpl_server_ipc.c:1268: in _sv_ipc_thread(): debug: received RELAY message
1757170747.161514: 1957752-7fabc97fa700: cdpl_server_ipc.c:713: in _sv_on_relay(): debug: RELAY message from W1, size = 196
1757170747.161515: 1957752-7fabc97fa700: cdpl_server_ipc.c:715: in _sv_on_relay(): debug: RELAY message from W1, content = REQPILOT|saeSession4,1,diff_mode_gain|&/home/argershm/180-voltmeter/Analog/cc/simulation/integrator,tb_main_opamp,schematic/history_1/simulation/diff_mode_gain/PrimeSimSPICE/parametric/results|&0
1757170747.161531: 1957752-7faba2ffd700: cdpl_compat_master.c:5948: in cdplMasterLogInfo(): info: [non-CDPL log entry] PWDP meet doing pilot, so cache worker id:1 key: saeSession4,1,diff_mode_gain|&/home/argershm/180-voltmeter/Analog/cc/simulation/integrator,tb_main_opamp,schematic/history_1/simulation/diff_mode_gain/PrimeSimSPICE/parametric/results
1757170747.162570: 1957752-7fabc97fa700: cdpl_server_ipc.c:1268: in _sv_ipc_thread(): debug: received RELAY message
1757170747.162580: 1957752-7fabc97fa700: cdpl_server_ipc.c:713: in _sv_on_relay(): debug: RELAY message from W2, size = 192
1757170747.162583: 1957752-7fabc97fa700: cdpl_server_ipc.c:715: in _sv_on_relay(): debug: RELAY message from W2, content = PILOTOK|saeSession4,1,diff_mode_gain|&/home/argershm/180-voltmeter/Analog/cc/simulation/integrator,tb_main_opamp,schematic/history_1/simulation/diff_mode_gain/PrimeSimSPICE/parametric/results
1757170747.162602: 1957752-7faba2ffd700: cdpl_compat_master.c:5948: in cdplMasterLogInfo(): info: [non-CDPL log entry] PWDP: set pilot done!
1757170747.162609: 1957752-7faba2ffd700: cdpl_compat_master.c:5948: in cdplMasterLogInfo(): info: [non-CDPL log entry] PWDP send back 'PILOTOK' to cacheed worker id:1 key: saeSession4,1,diff_mode_gain|&/home/argershm/180-voltmeter/Analog/cc/simulation/integrator,tb_main_opamp,schematic/history_1/simulation/diff_mode_gain/PrimeSimSPICE/parametric/results
1757170747.162654: 1957752-7fabc97fa700: cdpl_server_ipc.c:1268: in _sv_ipc_thread(): debug: received RELAY message
1757170747.162657: 1957752-7fabc97fa700: cdpl_server_ipc.c:713: in _sv_on_relay(): debug: RELAY message from W2, size = 18
1757170747.162659: 1957752-7fabc97fa700: cdpl_server_ipc.c:715: in _sv_on_relay(): debug: RELAY message from W2, content = 1$- - - MEASDOING
1757170747.162767: 1957752-7fabc97fa700: cdpl_server_ipc.c:1268: in _sv_ipc_thread(): debug: received RELAY message
1757170747.162768: 1957752-7fabc97fa700: cdpl_server_ipc.c:713: in _sv_on_relay(): debug: RELAY message from W1, size = 18
1757170747.162770: 1957752-7fabc97fa700: cdpl_server_ipc.c:715: in _sv_on_relay(): debug: RELAY message from W1, content = 0$- - - MEASDOING
1757170748.531958: 1957752-7fabc97fa700: cdpl_server_ipc.c:1268: in _sv_ipc_thread(): debug: received RELAY message
1757170748.531970: 1957752-7fabc97fa700: cdpl_server_ipc.c:713: in _sv_on_relay(): debug: RELAY message from W2, size = 77
1757170748.531973: 1957752-7fabc97fa700: cdpl_server_ipc.c:715: in _sv_on_relay(): debug: RELAY message from W2, content = 1$1993732 claws-compute3.ece.ncsu.edu 1993760 FINISHED 1757170740|1757170748
1757170748.533477: 1957752-7fabc97fa700: cdpl_server_ipc.c:1268: in _sv_ipc_thread(): debug: received RELAY message
1757170748.533484: 1957752-7fabc97fa700: cdpl_server_ipc.c:713: in _sv_on_relay(): debug: RELAY message from W2, size = 194
1757170748.533487: 1957752-7fabc97fa700: cdpl_server_ipc.c:715: in _sv_on_relay(): debug: RELAY message from W2, content = PILOTDONE|saeSession4,1,diff_mode_gain|&/home/argershm/180-voltmeter/Analog/cc/simulation/integrator,tb_main_opamp,schematic/history_1/simulation/diff_mode_gain/PrimeSimSPICE/parametric/results
1757170748.533508: 1957752-7faba2ffd700: cdpl_compat_master.c:5948: in cdplMasterLogInfo(): info: [non-CDPL log entry] saeSession4,1,diff_mode_gain|&/home/argershm/180-voltmeter/Analog/cc/simulation/integrator,tb_main_opamp,schematic/history_1/simulation/diff_mode_gain/PrimeSimSPICE/parametric/results PILOTDONE!
1757170748.533800: 1957752-7fabc97fa700: cdpl_server_ipc.c:1251: in _sv_ipc_thread(): debug: received FINISH message
1757170748.533805: 1957752-7fabc97fa700: cdpl_server_ipc.c:983: in _sv_on_finish(): info: worker W2 completed task T1
1757170748.533808: 1957752-7fabc97fa700: cdpl_server_ipc.c:988: in _sv_on_finish(): debug: stat T1: utime=4057 stime=2156
1757170748.533809: 1957752-7fabc97fa700: cdpl_server_ipc.c:993: in _sv_on_finish(): debug: statm T1: vsize=3054864 rss=1037792 shared=520236 text=474784 data=710084
1757170748.538533: 1957752-7fabc97fa700: cdpl_server_ipc.c:1268: in _sv_ipc_thread(): debug: received RELAY message
1757170748.538540: 1957752-7fabc97fa700: cdpl_server_ipc.c:713: in _sv_on_relay(): debug: RELAY message from W2, size = 50
1757170748.538542: 1957752-7fabc97fa700: cdpl_server_ipc.c:715: in _sv_on_relay(): debug: RELAY message from W2, content = WORKERDU|40,/dev/mapper/rhel_claws--compute3-home
1757170748.566638: 1957752-7fabc97fa700: cdpl_server_ipc.c:1268: in _sv_ipc_thread(): debug: received RELAY message
1757170748.566646: 1957752-7fabc97fa700: cdpl_server_ipc.c:713: in _sv_on_relay(): debug: RELAY message from W1, size = 77
1757170748.566648: 1957752-7fabc97fa700: cdpl_server_ipc.c:715: in _sv_on_relay(): debug: RELAY message from W1, content = 0$1993731 claws-compute3.ece.ncsu.edu 1993759 FINISHED 1757170740|1757170748
1757170748.566888: 1957752-7fabc97fa700: cdpl_server_ipc.c:1251: in _sv_ipc_thread(): debug: received FINISH message
1757170748.566893: 1957752-7fabc97fa700: cdpl_server_ipc.c:983: in _sv_on_finish(): info: worker W1 completed task T0
1757170748.566895: 1957752-7fabc97fa700: cdpl_server_ipc.c:988: in _sv_on_finish(): debug: stat T0: utime=3907 stime=2228
1757170748.566897: 1957752-7fabc97fa700: cdpl_server_ipc.c:993: in _sv_on_finish(): debug: statm T0: vsize=3054872 rss=1034596 shared=519164 text=474784 data=710092
1757170748.571151: 1957752-7fac1f13a540: cdpl_server.c:227: in _sv_free_task_safe(): debug: freeing task T1
1757170748.571961: 1957752-7fabc97fa700: cdpl_server_ipc.c:1268: in _sv_ipc_thread(): debug: received RELAY message
1757170748.571969: 1957752-7fabc97fa700: cdpl_server_ipc.c:713: in _sv_on_relay(): debug: RELAY message from W1, size = 50
1757170748.571972: 1957752-7fabc97fa700: cdpl_server_ipc.c:715: in _sv_on_relay(): debug: RELAY message from W1, content = WORKERDU|56,/dev/mapper/rhel_claws--compute3-home
1757170748.596989: 1957752-7fac1f13a540: cdpl_server.c:227: in _sv_free_task_safe(): debug: freeing task T0
1757170768.557223: 1957752-7faba3fff700: cdpl_ipc.c:775: in _readv(): warning: read(): EOF
1757170768.557251: 1957752-7fabc8ff9700: cdpl_ipc.c:775: in _readv(): warning: read(): EOF
1757170768.557258: 1957752-7faba3fff700: cdpl_ipc.c:2100: in _epoll_recv(): debug: _readv(): Broken pipe
1757170768.557262: 1957752-7faba3fff700: cdpl_ipc.c:2424: in _epoll_main(): debug: _epoll_recv(): Broken pipe
1757170768.557267: 1957752-7fabc8ff9700: cdpl_ipc.c:2100: in _epoll_recv(): debug: _readv(): Broken pipe
1757170768.557270: 1957752-7fabc8ff9700: cdpl_ipc.c:2424: in _epoll_main(): debug: _epoll_recv(): Broken pipe
1757170768.557272: 1957752-7faba3fff700: cdpl_ipc.c:1657: in _host_drop__UNSAFE(): debug: dropping host `152.14.98.53:37139'
1757170768.557275: 1957752-7fabc8ff9700: cdpl_ipc.c:1657: in _host_drop__UNSAFE(): debug: dropping host `152.14.98.53:41356'
1757170768.557318: 1957752-7fabc97fa700: cdpl_server_ipc.c:1236: in _sv_ipc_thread(): debug: received DROP notification
1757170768.557326: 1957752-7fabc97fa700: cdpl_server_sched.c:2796: in _sv_record_crashed_worker(): debug: dropping worker W2
1757170768.557330: 1957752-7fabc97fa700: cdpl_server_ipc.c:188: in _sv_on_drop_worker(): debug: down to 1 live workers in B1
1757170768.557333: 1957752-7faba37fe700: cdpl_monitor.c:290: in mn_listen(): debug: received DROP message
1757170768.557356: 1957752-7faba0ff9700: cdpl_server_sched.c:750: in _empty_trash(): debug: freeing worker W2 while emptying trash list for bin B1
1757170768.557371: 1957752-7faba0ff9700: cdpl_farm.c:4152: in cdpl_farm_dismiss(): debug: down to 1 running processes
1757170768.557376: 1957752-7faba0ff9700: cdpl_server_sched.c:121: in _free_worker_2(): debug: freeing worker W2
1757170768.557381: 1957752-7faba0ff9700: cdpl_ipc.c:2513: in cdpl_ipc_host_release(): debug: releasing host `152.14.98.53:41356'
1757170768.557384: 1957752-7faba0ff9700: cdpl_ipc.c:2529: in cdpl_ipc_host_release(): debug: scheduling for immediate release
1757170768.557390: 1957752-7faba37fe700: cdpl_ipc.c:2513: in cdpl_ipc_host_release(): debug: releasing host `152.14.98.53:37139'
1757170768.572430: 1957752-7faba3fff700: cdpl_ipc.c:775: in _readv(): warning: read(): EOF
1757170768.572438: 1957752-7faba3fff700: cdpl_ipc.c:2100: in _epoll_recv(): debug: _readv(): Broken pipe
1757170768.572441: 1957752-7faba3fff700: cdpl_ipc.c:2424: in _epoll_main(): debug: _epoll_recv(): Broken pipe
1757170768.572446: 1957752-7fabc8ff9700: cdpl_ipc.c:775: in _readv(): warning: read(): EOF
1757170768.572450: 1957752-7fabc8ff9700: cdpl_ipc.c:2100: in _epoll_recv(): debug: _readv(): Broken pipe
1757170768.572453: 1957752-7fabc8ff9700: cdpl_ipc.c:2424: in _epoll_main(): debug: _epoll_recv(): Broken pipe
1757170768.572457: 1957752-7fabc8ff9700: cdpl_ipc.c:1657: in _host_drop__UNSAFE(): debug: dropping host `152.14.98.53:41350'
1757170768.572461: 1957752-7faba3fff700: cdpl_ipc.c:1657: in _host_drop__UNSAFE(): debug: dropping host `152.14.98.53:40921'
1757170768.572490: 1957752-7fabc8ff9700: cdpl_ipc.c:1582: in _host_free__UNSAFE(): debug: freeing host `152.14.98.53:41356'
1757170768.572493: 1957752-7fabc8ff9700: cdpl_ipc.c:1621: in _host_free__UNSAFE(): debug: [0 outq, 0 spR, 0 spW]
1757170768.572498: 1957752-7faba3fff700: cdpl_ipc.c:1582: in _host_free__UNSAFE(): debug: freeing host `152.14.98.53:37139'
1757170768.572500: 1957752-7fabc97fa700: cdpl_server_ipc.c:1236: in _sv_ipc_thread(): debug: received DROP notification
1757170768.572503: 1957752-7fabc97fa700: cdpl_server_sched.c:2796: in _sv_record_crashed_worker(): debug: dropping worker W1
1757170768.572512: 1957752-7fabc97fa700: cdpl_server_ipc.c:188: in _sv_on_drop_worker(): debug: down to 0 live workers in B1
1757170768.572515: 1957752-7faba3fff700: cdpl_ipc.c:1621: in _host_free__UNSAFE(): debug: [0 outq, 0 spR, 0 spW]
1757170768.572523: 1957752-7faba37fe700: cdpl_monitor.c:290: in mn_listen(): debug: received DROP message
1757170768.572531: 1957752-7faba0ff9700: cdpl_server_sched.c:750: in _empty_trash(): debug: freeing worker W1 while emptying trash list for bin B1
1757170768.572540: 1957752-7faba0ff9700: cdpl_farm.c:4152: in cdpl_farm_dismiss(): debug: down to 0 running processes
1757170768.572542: 1957752-7faba0ff9700: cdpl_server_sched.c:121: in _free_worker_2(): debug: freeing worker W1
1757170768.572546: 1957752-7faba0ff9700: cdpl_ipc.c:2513: in cdpl_ipc_host_release(): debug: releasing host `152.14.98.53:41350'
1757170768.572548: 1957752-7faba37fe700: cdpl_ipc.c:2513: in cdpl_ipc_host_release(): debug: releasing host `152.14.98.53:40921'
1757170768.572555: 1957752-7faba0ff9700: cdpl_ipc.c:2529: in cdpl_ipc_host_release(): debug: scheduling for immediate release
1757170772.707264: 1957752-7fabc8ff9700: cdpl_ipc.c:1582: in _host_free__UNSAFE(): debug: freeing host `152.14.98.53:41350'
1757170772.707278: 1957752-7fabc8ff9700: cdpl_ipc.c:1621: in _host_free__UNSAFE(): debug: [0 outq, 0 spR, 0 spW]
1757170772.707283: 1957752-7faba3fff700: cdpl_ipc.c:1582: in _host_free__UNSAFE(): debug: freeing host `152.14.98.53:40921'
1757170772.707286: 1957752-7faba3fff700: cdpl_ipc.c:1621: in _host_free__UNSAFE(): debug: [0 outq, 0 spR, 0 spW]
1757170798.804079: 1957752-7fab9bfff700: cdpl_farm.c:2173: in _schedule(): debug: idle
1757170805.409391: 1957752-7fac1f13a540: cdpl_server.c:3008: in cdpl_sv_halt_job_errno(): info: killing job J1
1757170805.409413: 1957752-7fac1f13a540: cdpl_server.c:3044: in cdpl_sv_halt_job_errno(): debug: signal bin B1 scheduler to stop
1757170805.409439: 1957752-7faba0ff9700: cdpl_server_sched.c:2484: in _sv_scheduler_thread(): debug: scheduler for bin B1 stopped
1757170805.409461: 1957752-7fac1f13a540: cdpl_server.c:294: in _sv_free_job(): info: freeing job J1
1757170805.409464: 1957752-7fac1f13a540: cdpl_server.c:92: in _sv_free_bin(): debug: freeing bin B1
1757170805.409473: 1957752-7fac1f13a540: cdpl_monitor.c:515: in cdpl_mn_kill(): info: killing monitor
1757170805.409481: 1957752-7fac1f13a540: cdpl_ipc.c:3677: in cdpl_ipc_kill(): debug: stopping event server
1757170805.409496: 1957752-7faba3fff700: cdpl_ipc.c:2460: in _epoll_main(): debug: server going down...
1757170805.409510: 1957752-7fabc8ff9700: cdpl_ipc.c:775: in _readv(): warning: read(): EOF
1757170805.409517: 1957752-7fabc8ff9700: cdpl_ipc.c:2100: in _epoll_recv(): debug: _readv(): Broken pipe
1757170805.409520: 1957752-7fabc8ff9700: cdpl_ipc.c:2424: in _epoll_main(): debug: _epoll_recv(): Broken pipe
1757170805.409524: 1957752-7fabc8ff9700: cdpl_ipc.c:1657: in _host_drop__UNSAFE(): debug: dropping host `152.14.98.53:41342'
1757170805.409597: 1957752-7fabc97fa700: cdpl_server_ipc.c:1236: in _sv_ipc_thread(): debug: received DROP notification
1757170805.409604: 1957752-7fabc97fa700: cdpl_monitor.c:1269: in cdpl_mn_drop(): debug: detaching from monitor `152.14.98.53:41342'
1757170805.409609: 1957752-7fabc97fa700: cdpl_monitor.c:1101: in mn_systat_stop(): debug: joining systat thread
1757170805.409663: 1957752-7faba27fc700: cdpl_monitor.c:1079: in mn_systat(): debug: exiting
1757170805.409674: 1957752-7fabc97fa700: cdpl_monitor.c:1103: in mn_systat_stop(): debug: systat thread done
1757170805.409678: 1957752-7fabc97fa700: cdpl_ipc.c:2513: in cdpl_ipc_host_release(): debug: releasing host `152.14.98.53:41342'
1757170805.409739: 1957752-7fab9b7fe700: cdpl_ipc.c:3728: in cdpl_ipc_free(): debug: releasing IPC handle
1757170805.409749: 1957752-7fab9b7fe700: cdpl_ipc.c:3742: in cdpl_ipc_free(): debug: 1 unread messages
1757170805.409752: 1957752-7fab9b7fe700: cdpl_ipc.c:1582: in _host_free__UNSAFE(): debug: freeing host `152.14.98.53:42371'
1757170805.409754: 1957752-7fab9b7fe700: cdpl_ipc.c:1621: in _host_free__UNSAFE(): debug: [0 outq, 0 spR, 0 spW]
1757170805.409771: 1957752-7fab9b7fe700: cdpl_ipc.c:3756: in cdpl_ipc_free(): warning: 1 host(s) were not released
1757170805.409780: 1957752-7fab9b7fe700: cdpl_ipc.c:3767: in cdpl_ipc_free(): debug: done
1757170805.409782: 1957752-7fab9b7fe700: cdpl_monitor.c:1390: in cdpl_mn_free(): debug: freeing monitor client
1757170805.409842: 1957752-7fac1f13a540: cdpl_farm.c:2740: in cdpl_farm_free(): info: freeing farm
1757170805.409861: 1957752-7fab9bfff700: cdpl_farm.c:2231: in _schedule(): debug: end of idling
1757170805.409869: 1957752-7fab9bfff700: cdpl_farm.c:2235: in _schedule(): debug: dying
1757170805.409976: 1957752-7fac1f13a540: cdpl_farm.c:913: in _killall(): debug: killing all remaining commands
1757170805.409986: 1957752-7fac1f13a540: cdpl_server.c:3144: in cdpl_sv_free(): info: freeing server S1502058202
1757170805.409989: 1957752-7fac1f13a540: cdpl_server.c:3109: in cdpl_sv_kill_errno(): info: killing server
1757170805.409991: 1957752-7fac1f13a540: cdpl_ipc.c:3677: in cdpl_ipc_kill(): debug: stopping event server
1757170805.410003: 1957752-7fabc8ff9700: cdpl_ipc.c:2460: in _epoll_main(): debug: server going down...
1757170805.410013: 1957752-7fabc97fa700: cdpl_server_ipc.c:1200: in _sv_ipc_thread(): debug: leaving now
1757170805.410024: 1957752-7fac1f13a540: cdpl_server.c:334: in _sv_free_master(): info: freeing master M1
1757170805.410027: 1957752-7fac1f13a540: cdpl_hash.c:68: in cdpl_h_destroy(): debug: put operations: 2
1757170805.410029: 1957752-7fac1f13a540: cdpl_hash.c:69: in cdpl_h_destroy(): debug: put collisions: 0
1757170805.410030: 1957752-7fac1f13a540: cdpl_hash.c:70: in cdpl_h_destroy(): debug: get operations: 2
1757170805.410032: 1957752-7fac1f13a540: cdpl_hash.c:71: in cdpl_h_destroy(): debug: get iterations: 2
1757170805.410041: 1957752-7fac1f13a540: cdpl_monitor.c:1390: in cdpl_mn_free(): debug: freeing monitor server
1757170805.410043: 1957752-7fac1f13a540: cdpl_ipc.c:3728: in cdpl_ipc_free(): debug: releasing IPC handle
1757170805.410045: 1957752-7fac1f13a540: cdpl_ipc.c:1582: in _host_free__UNSAFE(): debug: freeing host `152.14.98.53:41342'
1757170805.410047: 1957752-7fac1f13a540: cdpl_ipc.c:1621: in _host_free__UNSAFE(): debug: [0 outq, 0 spR, 0 spW]
1757170805.410062: 1957752-7fac1f13a540: cdpl_ipc.c:3767: in cdpl_ipc_free(): debug: done
1757170805.410065: 1957752-7fac1f13a540: cdpl_log.c:481: in cdpl_log_close(): info: @@end_of_log@@
