1757021865.660237: 3928718-7f865bbbf540: cdpl_log.c:337: in cdpl_log_open(): info: @@start_of_log@@
1757021865.660262: 3928718-7f865bbbf540: cdpl_log.c:1058: in cdpl_log_dump_sysinfo(): info: time: 2025/09/04 17:37:45 EDT -0400
1757021865.660264: 3928718-7f865bbbf540: cdpl_log.c:1060: in cdpl_log_dump_sysinfo(): info: version: W-2024.09-SP1-2 
1757021865.660266: 3928718-7f865bbbf540: cdpl_log.c:1062: in cdpl_log_dump_sysinfo(): info: system: Linux 4.18.0-553.69.1.el8_10.x86_64 #1 SMP Thu Aug 7 18:10:00 EDT 2025
1757021865.660267: 3928718-7f865bbbf540: cdpl_log.c:1067: in cdpl_log_dump_sysinfo(): info: processor: x86_64 64-bits
1757021865.660269: 3928718-7f865bbbf540: cdpl_log.c:1071: in cdpl_log_dump_sysinfo(): info: hostname: claws-compute3.ece.ncsu.edu
1757021865.660270: 3928718-7f865bbbf540: cdpl_log.c:1073: in cdpl_log_dump_sysinfo(): info: program name: custom_shell
1757021865.660273: 3928718-7f865bbbf540: cdpl_log.c:340: in cdpl_log_open(): debug: path: /home/argershm/180-voltmeter/Analog/cc/synopsys_custom/pwdp_jobs/saeSession1_default.SimulationSimulation_cdpl.0.3928718/logs/master.claws-compute3.ece.ncsu.edu.3928718.log
1757021865.660275: 3928718-7f865bbbf540: cdpl_log.c:341: in cdpl_log_open(): debug: dir: /home/argershm/180-voltmeter/Analog/cc/synopsys_custom/pwdp_jobs/saeSession1_default.SimulationSimulation_cdpl.0.3928718/logs
1757021865.660307: 3928718-7f865bbbf540: cdpl_server.c:536: in cdpl_sv_init(): info: new server S519035599
1757021865.660314: 3928718-7f865bbbf540: cdpl_ipc.c:3475: in cdpl_ipc_init(): info: requesting IPv4 protocol
1757021865.664611: 3928718-7f865bbbf540: cdpl_ipc.c:837: in _selectaddrfamily(): info: selected IPv4 protocol
1757021865.664636: 3928718-7f865bbbf540: cdpl_ipc.c:1139: in _set_keepalive(): info: TCP keep alive interval: 300
1757021865.667940: 3928718-7f865bbbf540: cdpl_monitor.c:1117: in cdpl_mn_new_server(): info: creating server monitor instance
1757021865.667958: 3928718-7f865bbbf540: cdpl_server.c:650: in cdpl_sv_new_master(): info: new master M1
1757021865.667968: 3928718-7f865bbbf540: cdpl_server.c:6533: in cdpl_sv_ctl_master(): info: Setting worker heartbeat to 120 seconds
1757021865.667970: 3928718-7f865bbbf540: cdpl_server.c:6542: in cdpl_sv_ctl_master(): info: Setting worker heartbeat timeout to 3 heartbeats
1757021865.667972: 3928718-7f865bbbf540: cdpl_compat_master.c:2090: in _parse_hostfile(): info: reading hostfile `/home/argershm/180-voltmeter/Analog/cc/synopsys_custom/pwdp_jobs/saeSession1_default.SimulationSimulation_cdpl.0.3928718/host_file'
1757021865.667997: 3928718-7f865bbbf540: cdpl_compat_master.c:1900: in _hostfile_parser(): debug: parsing "1     |localhost|   -1  | /tmp | SH | sh"
1757021865.668010: 3928718-7f865bbbf540: cdpl_farm.c:2578: in cdpl_farm_new_sh(): info: creating SH farm on localhost
1757021865.668016: 3928718-7f865bbbf540: cdpl_compat_master.c:206: in _set_farm_env(): info: exporting CDPL_LOGDIR as `/home/argershm/180-voltmeter/Analog/cc/synopsys_custom/pwdp_jobs/saeSession1_default.SimulationSimulation_cdpl.0.3928718/logs'
1757021865.668018: 3928718-7f865bbbf540: cdpl_compat_master.c:212: in _set_farm_env(): info: exporting CDPL_TMPDIR as `/tmp'
1757021865.668020: 3928718-7f865bbbf540: cdpl_compat_master.c:235: in _set_farm_env(): info: exporting SNPSLMD_LICENSE_FILE as `27000@ece-lic-35.ece.ncsu.edu'
1757021865.668022: 3928718-7f865bbbf540: cdpl_compat_master.c:259: in _set_farm_env(): info: exporting CDPL_OPTIONS as `[nowlogs]'
1757021865.668023: 3928718-7f865bbbf540: cdpl_compat_master.c:266: in _set_farm_env(): info: exporting DISPLAY as `unix:1168'
1757021865.668025: 3928718-7f865bbbf540: cdpl_compat_master.c:274: in _set_farm_env(): info: exporting CDPL_HEARTBEAT as `120'
1757021865.668035: 3928718-7f865bbbf540: cdpl_farm.c:3149: in cdpl_farm_add_withdir(): debug: added `localhost' (capacity: unlimited)
1757021865.668037: 3928718-7f865bbbf540: cdpl_compat_parse.c:147: in parsefile(): debug: read `/home/argershm/180-voltmeter/Analog/cc/synopsys_custom/pwdp_jobs/saeSession1_default.SimulationSimulation_cdpl.0.3928718/host_file', 2 lines
1757021865.668042: 3928718-7f865bbbf540: cdpl_compat_master.c:2931: in cdplInitMaster(): info: bcast dir is `/home/argershm/180-voltmeter/Analog/cc/synopsys_custom/pwdp_jobs/saeSession1_default.SimulationSimulation_cdpl.0.3928718/logs'
1757021865.668091: 3928718-7f865bbbf540: cdpl_server.c:6433: in cdpl_sv_ctl_master(): info: farm worker timeout set to 300
1757021865.668093: 3928718-7f865bbbf540: cdpl_server.c:6486: in cdpl_sv_ctl_master(): info: maximum number of task execution attempts set to 1
1757021865.668109: 3928718-7f865bbbf540: cdpl_server.c:3195: in cdpl_sv_start(): debug: starting server
1757021865.668113: 3928718-7f865bbbf540: cdpl_ipc.c:3632: in cdpl_ipc_start(): debug: starting IPC server 152.14.98.53:38189
1757021865.668247: 3928718-7f86177fe700: cdpl_server_ipc.c:1182: in _sv_ipc_thread(): debug: ready
1757021865.668351: 3928718-7f8616ffd700: cdpl_monitor.c:426: in cdpl_mn_init_client(): info: creating client monitor instance
1757021865.668364: 3928718-7f8616ffd700: cdpl_ipc.c:3475: in cdpl_ipc_init(): info: requesting IPv4 protocol
1757021865.672124: 3928718-7f8616ffd700: cdpl_ipc.c:837: in _selectaddrfamily(): info: selected IPv4 protocol
1757021865.672145: 3928718-7f8616ffd700: cdpl_ipc.c:1139: in _set_keepalive(): info: TCP keep alive interval: 300
1757021865.676499: 3928718-7f8616ffd700: cdpl_ipc.c:3632: in cdpl_ipc_start(): debug: starting IPC server 152.14.98.53:40601
1757021865.676608: 3928718-7f8616ffd700: cdpl_monitor.c:471: in cdpl_mn_init_client(): debug: incoming messages in /tmp/cdpl-monitor-H3TFrb
1757021865.676698: 3928718-7f8616ffd700: cdpl_monitor.c:533: in cdpl_mn_connect(): debug: connecting to 152.14.98.53:38189
1757021865.676706: 3928718-7f8616ffd700: cdpl_ipc.c:3789: in cdpl_ipc_connect(): info: connecting to 152.14.98.53:38189
1757021865.676815: 3928718-7f8616ffd700: cdpl_ipc.c:3860: in cdpl_ipc_connect(): info: connected as `152.14.98.53:47196'
1757021865.676832: 3928718-7f8616ffd700: cdpl_ipc.c:2503: in cdpl_ipc_host_accept(): debug: accepted host `152.14.98.53:38189'
1757021865.676851: 3928718-7f8617fff700: cdpl_ipc.c:1862: in _epoll_accept(): debug: new connection from `152.14.98.53:47196'
1757021865.676870: 3928718-7f8616ffd700: cdpl_monitor.c:579: in cdpl_mn_connect(): debug: ok
1757021865.676893: 3928718-7f865bbbf540: cdpl_server.c:731: in cdpl_sv_new_job(): info: new job J1 in M1
1757021865.676929: 3928718-7f865bbbf540: cdpl_compat_master.c:1581: in _add_worker(): info: new worker type 10, min:1, max:3, cmd:`/home/argershm/180-voltmeter/Analog/cc/synopsys_custom/pwdp_jobs/saeSession1_default.SimulationSimulation_cdpl.0.3928718/START_WORKER pw_worker -i /home/argershm/180-voltmeter/Analog/cc/synopsys_custom/pwdp_jobs/saeS
1757021865.676941: 3928718-7f865bbbf540: cdpl_server.c:908: in cdpl_sv_new_bin_withfarm(): info: new bin B1 in J1
1757021865.677020: 3928718-7f86177fe700: cdpl_server_ipc.c:1225: in _sv_ipc_thread(): debug: received ACCEPT notification
1757021865.677035: 3928718-7f86177fe700: cdpl_ipc.c:2503: in cdpl_ipc_host_accept(): debug: accepted host `152.14.98.53:47196'
1757021865.677060: 3928718-7f86177fe700: cdpl_server_ipc.c:1256: in _sv_ipc_thread(): debug: received MONITOR message
1757021865.677245: 3928718-7f86177fe700: cdpl_monitor.c:1207: in cdpl_mn_accept(): debug: accepted monitor `152.14.98.53:47196'
1757021865.677249: 3928718-7f86177fe700: cdpl_server_ipc_mon.c:120: in _globalLOCK(): debug: ENTERTING GLOBAL LOCK
1757021865.677252: 3928718-7f86077fe700: cdpl_monitor.c:910: in mn_systat(): debug: started
1757021865.677263: 3928718-7f86177fe700: cdpl_server_ipc_mon.c:164: in _globalLOCK(): debug: global lock acquired
1757021865.677523: 3928718-7f86077fe700: cdpl_monitor.c:937: in mn_systat(): debug: monitor server flush rate: 5
1757021866.507450: 3928718-7f86177fe700: cdpl_server_ipc_mon.c:210: in _globalUNLOCK(): debug: LEAVING GLOBAL LOCK
1757021866.507469: 3928718-7f865bbbf540: cdpl_server.c:3249: in cdpl_sv_start_job(): info: starting job J1
1757021866.507497: 3928718-7f865bbbf540: cdpl_server.c:62: in _sv_start_bin(): debug: starting bin B1 (min: 0, max: 3)
1757021866.507651: 3928718-7f8606ffd700: cdpl_server_sched.c:2482: in _sv_scheduler_thread(): debug: scheduler for bin B1 started
1757021866.507677: 3928718-7f865bbbf540: cdpl_server.c:1893: in _sv_gen_task(): info: new task T0 in B1 (prio 0)
1757021866.507717: 3928718-7f865bbbf540: cdpl_server.c:2698: in cdpl_sv_label_task_va(): info: setting task T0 label to "PrimeSim_1|PrimeSim"
1757021866.507772: 3928718-7f8606ffd700: cdpl_server_sched.c:2443: in _scheduler_run(): debug: will start a new worker
1757021866.507811: 3928718-7f8606ffd700: cdpl_farm.c:3977: in cdpl_farm_submit(): debug: 1 running processes
1757021866.507814: 3928718-7f8606ffd700: cdpl_farm.c:3985: in cdpl_farm_submit(): debug: new command C1 in bin B1 assigned to host `localhost'
1757021866.507887: 3928718-7f8606ffd700: cdpl_server_sched.c:705: in _sv_launch_worker(): info: started worker W1 (as C1) in bin B1
1757021866.507903: 3928718-7f86067fc700: cdpl_farm.c:2139: in _schedule(): debug: started
1757021866.507911: 3928718-7f86067fc700: cdpl_farm.c:2303: in _schedule(): debug: submitting command C1 in bin B1
1757021866.507929: 3928718-7f86067fc700: cdpl_sh.c:49: in _sh_detached_submit(): info: SH : /home/argershm/180-voltmeter/Analog/cc/synopsys_custom/pwdp_jobs/saeSession1_default.SimulationSimulation_cdpl.0.3928718/START_WORKER pw_worker -i /home/argershm/180-voltmeter/Analog/cc/synopsys_custom/pwdp_jobs/saeSession1_default.SimulationSimulation_cdpl.0.3928718 -t 10000
1757021866.514873: 3928718-7f86067fc700: cdpl_farm.c:2343: in _schedule(): debug: C1 in bin B1 running on slot 0
1757021866.514906: 3928718-7f86067fc700: cdpl_farm.c:2167: in _schedule(): debug: idle
1757021866.520661: 3928718-7f865bbbf540: cdpl_compat_master.c:5948: in cdplMasterLogInfo(): info: [non-CDPL log entry] PWDP3: reset pilot cache succeeded, pilot_key=saeSession1,1,default|&/home/argershm/180-voltmeter/Analog/cc/simulation/gmid,gmid_nfet_3v3,schematic/history_1/simulation/default/PrimeSimSPICE/nominal/results
1757021866.785839: 3928718-7f8614ff9700: cdpl_compat_master.c:5948: in cdplMasterLogInfo(): info: [non-CDPL log entry] PWDP - no-workers started ok check start!
1757021866.814969: 3928718-7f86067fc700: cdpl_farm.c:1193: in _onexit(): debug: C1 in bin B1 exited normally on slot 0
1757021868.229425: 3928718-7f8617fff700: cdpl_ipc.c:1862: in _epoll_accept(): debug: new connection from `152.14.98.53:34592'
1757021868.229477: 3928718-7f86177fe700: cdpl_server_ipc.c:1225: in _sv_ipc_thread(): debug: received ACCEPT notification
1757021868.229491: 3928718-7f86177fe700: cdpl_ipc.c:2503: in cdpl_ipc_host_accept(): debug: accepted host `152.14.98.53:34592'
1757021868.229523: 3928718-7f86177fe700: cdpl_server_ipc.c:1246: in _sv_ipc_thread(): debug: received HELLO message
1757021868.229525: 3928718-7f86177fe700: cdpl_server_ipc.c:430: in _sv_on_hello(): debug: looking up W1
1757021868.229528: 3928718-7f86177fe700: cdpl_server_ipc.c:540: in _sv_on_hello(): info: W1 is `152.14.98.53:34592'
1757021868.229530: 3928718-7f86177fe700: cdpl_server_ipc.c:541: in _sv_on_hello(): debug: hello W1 (B1)
1757021868.229531: 3928718-7f86177fe700: cdpl_server_ipc.c:542: in _sv_on_hello(): info: W1 log file is /dev/null
1757021868.229575: 3928718-7f86177fe700: cdpl_server_ipc.c:602: in _sv_on_hello(): info: up to 1 alive workers in B1
1757021868.229583: 3928718-7f86177fe700: cdpl_farm.c:878: in _release_cmd(): debug: freeing command C1 in bin B1
1757021868.229597: 3928718-7f8606ffd700: cdpl_server_sched.c:960: in _assign(): info: assigning task T0 to worker W1
1757021868.293212: 3928718-7f86177fe700: cdpl_server_ipc.c:1268: in _sv_ipc_thread(): debug: received RELAY message
1757021868.293224: 3928718-7f86177fe700: cdpl_server_ipc.c:713: in _sv_on_relay(): debug: RELAY message from W1, size = 65
1757021868.293226: 3928718-7f86177fe700: cdpl_server_ipc.c:715: in _sv_on_relay(): debug: RELAY message from W1, content = 0$3932167 claws-compute3.ece.ncsu.edu 3932183 RUNNING 1757021868
1757021869.229828: 3928718-7f86177fe700: cdpl_server_ipc.c:312: in _sv_on_heartbeat(): debug: received HEARTBEAT from worker W1 at 152.14.98.53:34592
1757021870.678301: 3928718-7f8616ffd700: cdpl_monitor.c:533: in cdpl_mn_connect(): debug: connecting to 152.14.98.53:33551
1757021870.678314: 3928718-7f8616ffd700: cdpl_ipc.c:3789: in cdpl_ipc_connect(): info: connecting to 152.14.98.53:33551
1757021870.678453: 3928718-7f8616ffd700: cdpl_ipc.c:3860: in cdpl_ipc_connect(): info: connected as `152.14.98.53:47138'
1757021870.678460: 3928718-7f8616ffd700: cdpl_ipc.c:2503: in cdpl_ipc_host_accept(): debug: accepted host `152.14.98.53:33551'
1757021870.678465: 3928718-7f8616ffd700: cdpl_monitor.c:579: in cdpl_mn_connect(): debug: ok
1757021874.619208: 3928718-7f86177fe700: cdpl_server_ipc.c:1268: in _sv_ipc_thread(): debug: received RELAY message
1757021874.619221: 3928718-7f86177fe700: cdpl_server_ipc.c:713: in _sv_on_relay(): debug: RELAY message from W1, size = 50
1757021874.619224: 3928718-7f86177fe700: cdpl_server_ipc.c:715: in _sv_on_relay(): debug: RELAY message from W1, content = WORKERDU|20,/dev/mapper/rhel_claws--compute3-home
1757021874.619229: 3928718-7f86177fe700: cdpl_server_ipc.c:1268: in _sv_ipc_thread(): debug: received RELAY message
1757021874.619231: 3928718-7f86177fe700: cdpl_server_ipc.c:713: in _sv_on_relay(): debug: RELAY message from W1, size = 18
1757021874.619232: 3928718-7f86177fe700: cdpl_server_ipc.c:715: in _sv_on_relay(): debug: RELAY message from W1, content = 0$- - - MEASDOING
1757021874.821633: 3928718-7f86177fe700: cdpl_server_ipc.c:1268: in _sv_ipc_thread(): debug: received RELAY message
1757021874.821645: 3928718-7f86177fe700: cdpl_server_ipc.c:713: in _sv_on_relay(): debug: RELAY message from W1, size = 77
1757021874.821647: 3928718-7f86177fe700: cdpl_server_ipc.c:715: in _sv_on_relay(): debug: RELAY message from W1, content = 0$3932167 claws-compute3.ece.ncsu.edu 3932183 FAILED 1757021868|1757021874|5
1757021874.821795: 3928718-7f86177fe700: cdpl_server_ipc.c:1251: in _sv_ipc_thread(): debug: received FINISH message
1757021874.821801: 3928718-7f86177fe700: cdpl_server_ipc.c:983: in _sv_on_finish(): info: worker W1 completed task T0
1757021874.821803: 3928718-7f86177fe700: cdpl_server_ipc.c:988: in _sv_on_finish(): debug: stat T0: utime=3429 stime=1904
1757021874.821805: 3928718-7f86177fe700: cdpl_server_ipc.c:993: in _sv_on_finish(): debug: statm T0: vsize=3054156 rss=1037464 shared=516564 text=474784 data=709244
1757021874.826450: 3928718-7f86177fe700: cdpl_server_ipc.c:1268: in _sv_ipc_thread(): debug: received RELAY message
1757021874.826458: 3928718-7f86177fe700: cdpl_server_ipc.c:713: in _sv_on_relay(): debug: RELAY message from W1, size = 49
1757021874.826460: 3928718-7f86177fe700: cdpl_server_ipc.c:715: in _sv_on_relay(): debug: RELAY message from W1, content = WORKERDU|4,/dev/mapper/rhel_claws--compute3-home
1757021874.871340: 3928718-7f865bbbf540: cdpl_server.c:227: in _sv_free_task_safe(): debug: freeing task T0
1757021894.827343: 3928718-7f86167fc700: cdpl_ipc.c:775: in _readv(): warning: read(): EOF
1757021894.827363: 3928718-7f8617fff700: cdpl_ipc.c:775: in _readv(): warning: read(): EOF
1757021894.827387: 3928718-7f86167fc700: cdpl_ipc.c:2100: in _epoll_recv(): debug: _readv(): Broken pipe
1757021894.827390: 3928718-7f86167fc700: cdpl_ipc.c:2424: in _epoll_main(): debug: _epoll_recv(): Broken pipe
1757021894.827395: 3928718-7f8617fff700: cdpl_ipc.c:2100: in _epoll_recv(): debug: _readv(): Broken pipe
1757021894.827398: 3928718-7f8617fff700: cdpl_ipc.c:2424: in _epoll_main(): debug: _epoll_recv(): Broken pipe
1757021894.827402: 3928718-7f86167fc700: cdpl_ipc.c:1657: in _host_drop__UNSAFE(): debug: dropping host `152.14.98.53:33551'
1757021894.827404: 3928718-7f8617fff700: cdpl_ipc.c:1657: in _host_drop__UNSAFE(): debug: dropping host `152.14.98.53:34592'
1757021894.827535: 3928718-7f86177fe700: cdpl_server_ipc.c:1236: in _sv_ipc_thread(): debug: received DROP notification
1757021894.827547: 3928718-7f8615ffb700: cdpl_monitor.c:290: in mn_listen(): debug: received DROP message
1757021894.827560: 3928718-7f86177fe700: cdpl_server_sched.c:2796: in _sv_record_crashed_worker(): debug: dropping worker W1
1757021894.827570: 3928718-7f86177fe700: cdpl_server_ipc.c:188: in _sv_on_drop_worker(): debug: down to 0 live workers in B1
1757021894.827594: 3928718-7f8615ffb700: cdpl_ipc.c:2513: in cdpl_ipc_host_release(): debug: releasing host `152.14.98.53:33551'
1757021894.827797: 3928718-7f8606ffd700: cdpl_server_sched.c:750: in _empty_trash(): debug: freeing worker W1 while emptying trash list for bin B1
1757021894.827809: 3928718-7f8606ffd700: cdpl_farm.c:4152: in cdpl_farm_dismiss(): debug: down to 0 running processes
1757021894.827818: 3928718-7f8606ffd700: cdpl_server_sched.c:121: in _free_worker_2(): debug: freeing worker W1
1757021894.827826: 3928718-7f8606ffd700: cdpl_ipc.c:2513: in cdpl_ipc_host_release(): debug: releasing host `152.14.98.53:34592'
1757021894.827827: 3928718-7f8606ffd700: cdpl_ipc.c:2529: in cdpl_ipc_host_release(): debug: scheduling for immediate release
1757021895.678329: 3928718-7f8617fff700: cdpl_ipc.c:1582: in _host_free__UNSAFE(): debug: freeing host `152.14.98.53:34592'
1757021895.678339: 3928718-7f8617fff700: cdpl_ipc.c:1621: in _host_free__UNSAFE(): debug: [0 outq, 0 spR, 0 spW]
1757021895.678341: 3928718-7f86167fc700: cdpl_ipc.c:1582: in _host_free__UNSAFE(): debug: freeing host `152.14.98.53:33551'
1757021895.678347: 3928718-7f86167fc700: cdpl_ipc.c:1621: in _host_free__UNSAFE(): debug: [0 outq, 0 spR, 0 spW]
1757021926.815123: 3928718-7f86067fc700: cdpl_farm.c:2173: in _schedule(): debug: idle
1757021935.254044: 3928718-7f86157fa700: cdpl_compat_master.c:5971: in cdplMasterLogWarning(): warning: [non-CDPL log entry] PWDP: master does not receive message over 60 seconds!
1757021980.495341: 3928718-7f865bbbf540: cdpl_server.c:3008: in cdpl_sv_halt_job_errno(): info: killing job J1
1757021980.495380: 3928718-7f865bbbf540: cdpl_server.c:3044: in cdpl_sv_halt_job_errno(): debug: signal bin B1 scheduler to stop
1757021980.495403: 3928718-7f8606ffd700: cdpl_server_sched.c:2484: in _sv_scheduler_thread(): debug: scheduler for bin B1 stopped
1757021980.495435: 3928718-7f865bbbf540: cdpl_server.c:294: in _sv_free_job(): info: freeing job J1
1757021980.495439: 3928718-7f865bbbf540: cdpl_server.c:92: in _sv_free_bin(): debug: freeing bin B1
1757021980.495475: 3928718-7f865bbbf540: cdpl_monitor.c:515: in cdpl_mn_kill(): info: killing monitor
1757021980.495482: 3928718-7f865bbbf540: cdpl_ipc.c:3677: in cdpl_ipc_kill(): debug: stopping event server
1757021980.495500: 3928718-7f86167fc700: cdpl_ipc.c:2460: in _epoll_main(): debug: server going down...
1757021980.495548: 3928718-7f8617fff700: cdpl_ipc.c:775: in _readv(): warning: read(): EOF
1757021980.495558: 3928718-7f8617fff700: cdpl_ipc.c:2100: in _epoll_recv(): debug: _readv(): Broken pipe
1757021980.495561: 3928718-7f8617fff700: cdpl_ipc.c:2424: in _epoll_main(): debug: _epoll_recv(): Broken pipe
1757021980.495565: 3928718-7f8617fff700: cdpl_ipc.c:1657: in _host_drop__UNSAFE(): debug: dropping host `152.14.98.53:47196'
1757021980.495604: 3928718-7f86177fe700: cdpl_server_ipc.c:1236: in _sv_ipc_thread(): debug: received DROP notification
1757021980.495620: 3928718-7f86177fe700: cdpl_monitor.c:1269: in cdpl_mn_drop(): debug: detaching from monitor `152.14.98.53:47196'
1757021980.495626: 3928718-7f86177fe700: cdpl_monitor.c:1101: in mn_systat_stop(): debug: joining systat thread
1757021980.495691: 3928718-7f86077fe700: cdpl_monitor.c:1079: in mn_systat(): debug: exiting
1757021980.495714: 3928718-7f86177fe700: cdpl_monitor.c:1103: in mn_systat_stop(): debug: systat thread done
1757021980.495717: 3928718-7f86177fe700: cdpl_ipc.c:2513: in cdpl_ipc_host_release(): debug: releasing host `152.14.98.53:47196'
1757021980.495783: 3928718-7f8616ffd700: cdpl_ipc.c:3728: in cdpl_ipc_free(): debug: releasing IPC handle
1757021980.495796: 3928718-7f8616ffd700: cdpl_ipc.c:3742: in cdpl_ipc_free(): debug: 1 unread messages
1757021980.495798: 3928718-7f8616ffd700: cdpl_ipc.c:1582: in _host_free__UNSAFE(): debug: freeing host `152.14.98.53:38189'
1757021980.495800: 3928718-7f8616ffd700: cdpl_ipc.c:1621: in _host_free__UNSAFE(): debug: [0 outq, 0 spR, 0 spW]
1757021980.495819: 3928718-7f8616ffd700: cdpl_ipc.c:3756: in cdpl_ipc_free(): warning: 1 host(s) were not released
1757021980.495840: 3928718-7f8616ffd700: cdpl_ipc.c:3767: in cdpl_ipc_free(): debug: done
1757021980.495842: 3928718-7f8616ffd700: cdpl_monitor.c:1390: in cdpl_mn_free(): debug: freeing monitor client
1757021980.495941: 3928718-7f865bbbf540: cdpl_farm.c:2740: in cdpl_farm_free(): info: freeing farm
1757021980.495966: 3928718-7f86067fc700: cdpl_farm.c:2231: in _schedule(): debug: end of idling
1757021980.495975: 3928718-7f86067fc700: cdpl_farm.c:2235: in _schedule(): debug: dying
1757021980.496011: 3928718-7f865bbbf540: cdpl_farm.c:913: in _killall(): debug: killing all remaining commands
1757021980.496023: 3928718-7f865bbbf540: cdpl_server.c:3144: in cdpl_sv_free(): info: freeing server S519035599
1757021980.496038: 3928718-7f865bbbf540: cdpl_server.c:3109: in cdpl_sv_kill_errno(): info: killing server
1757021980.496040: 3928718-7f865bbbf540: cdpl_ipc.c:3677: in cdpl_ipc_kill(): debug: stopping event server
1757021980.496051: 3928718-7f86177fe700: cdpl_server_ipc.c:1200: in _sv_ipc_thread(): debug: leaving now
1757021980.496057: 3928718-7f8617fff700: cdpl_ipc.c:2460: in _epoll_main(): debug: server going down...
1757021980.496067: 3928718-7f865bbbf540: cdpl_server.c:334: in _sv_free_master(): info: freeing master M1
1757021980.496077: 3928718-7f865bbbf540: cdpl_hash.c:68: in cdpl_h_destroy(): debug: put operations: 1
1757021980.496081: 3928718-7f865bbbf540: cdpl_hash.c:69: in cdpl_h_destroy(): debug: put collisions: 0
1757021980.496083: 3928718-7f865bbbf540: cdpl_hash.c:70: in cdpl_h_destroy(): debug: get operations: 0
1757021980.496084: 3928718-7f865bbbf540: cdpl_hash.c:71: in cdpl_h_destroy(): debug: get iterations: 0
1757021980.496092: 3928718-7f865bbbf540: cdpl_monitor.c:1390: in cdpl_mn_free(): debug: freeing monitor server
1757021980.496094: 3928718-7f865bbbf540: cdpl_ipc.c:3728: in cdpl_ipc_free(): debug: releasing IPC handle
1757021980.496096: 3928718-7f865bbbf540: cdpl_ipc.c:1582: in _host_free__UNSAFE(): debug: freeing host `152.14.98.53:47196'
1757021980.496097: 3928718-7f865bbbf540: cdpl_ipc.c:1621: in _host_free__UNSAFE(): debug: [0 outq, 0 spR, 0 spW]
1757021980.496117: 3928718-7f865bbbf540: cdpl_ipc.c:3767: in cdpl_ipc_free(): debug: done
1757021980.496122: 3928718-7f865bbbf540: cdpl_log.c:481: in cdpl_log_close(): info: @@end_of_log@@
