1757189772.658011: 2361411-7f47a13ba540: cdpl_log.c:337: in cdpl_log_open(): info: @@start_of_log@@
1757189772.658020: 2361411-7f47a13ba540: cdpl_log.c:1058: in cdpl_log_dump_sysinfo(): info: time: 2025/09/06 16:16:12 EDT -0400
1757189772.658022: 2361411-7f47a13ba540: cdpl_log.c:1060: in cdpl_log_dump_sysinfo(): info: version: W-2024.09-SP1-2 
1757189772.658024: 2361411-7f47a13ba540: cdpl_log.c:1062: in cdpl_log_dump_sysinfo(): info: system: Linux 4.18.0-553.69.1.el8_10.x86_64 #1 SMP Thu Aug 7 18:10:00 EDT 2025
1757189772.658025: 2361411-7f47a13ba540: cdpl_log.c:1067: in cdpl_log_dump_sysinfo(): info: processor: x86_64 64-bits
1757189772.658027: 2361411-7f47a13ba540: cdpl_log.c:1071: in cdpl_log_dump_sysinfo(): info: hostname: claws-compute3.ece.ncsu.edu
1757189772.658028: 2361411-7f47a13ba540: cdpl_log.c:1073: in cdpl_log_dump_sysinfo(): info: program name: custom_shell
1757189772.658031: 2361411-7f47a13ba540: cdpl_log.c:340: in cdpl_log_open(): debug: path: /home/argershm/180-voltmeter/Analog/cc/synopsys_custom/pwdp_jobs/saeSession4_diffmodegain.SimulationSimulation_cdpl.1.2361411/logs/master.claws-compute3.ece.ncsu.edu.2361411.log
1757189772.658032: 2361411-7f47a13ba540: cdpl_log.c:341: in cdpl_log_open(): debug: dir: /home/argershm/180-voltmeter/Analog/cc/synopsys_custom/pwdp_jobs/saeSession4_diffmodegain.SimulationSimulation_cdpl.1.2361411/logs
1757189772.658036: 2361411-7f47a13ba540: cdpl_server.c:536: in cdpl_sv_init(): info: new server S1287931191
1757189772.658039: 2361411-7f47a13ba540: cdpl_ipc.c:3475: in cdpl_ipc_init(): info: requesting IPv4 protocol
1757189772.663662: 2361411-7f47a13ba540: cdpl_ipc.c:837: in _selectaddrfamily(): info: selected IPv4 protocol
1757189772.663679: 2361411-7f47a13ba540: cdpl_ipc.c:1139: in _set_keepalive(): info: TCP keep alive interval: 300
1757189772.666255: 2361411-7f47a13ba540: cdpl_monitor.c:1117: in cdpl_mn_new_server(): info: creating server monitor instance
1757189772.666260: 2361411-7f47a13ba540: cdpl_server.c:650: in cdpl_sv_new_master(): info: new master M1
1757189772.666264: 2361411-7f47a13ba540: cdpl_server.c:6533: in cdpl_sv_ctl_master(): info: Setting worker heartbeat to 120 seconds
1757189772.666266: 2361411-7f47a13ba540: cdpl_server.c:6542: in cdpl_sv_ctl_master(): info: Setting worker heartbeat timeout to 3 heartbeats
1757189772.666268: 2361411-7f47a13ba540: cdpl_compat_master.c:2090: in _parse_hostfile(): info: reading hostfile `/home/argershm/180-voltmeter/Analog/cc/synopsys_custom/pwdp_jobs/saeSession4_diffmodegain.SimulationSimulation_cdpl.1.2361411/host_file'
1757189772.666277: 2361411-7f47a13ba540: cdpl_compat_master.c:1900: in _hostfile_parser(): debug: parsing "1     |localhost|   -1  | /tmp | SH | sh"
1757189772.666281: 2361411-7f47a13ba540: cdpl_farm.c:2578: in cdpl_farm_new_sh(): info: creating SH farm on localhost
1757189772.666284: 2361411-7f47a13ba540: cdpl_compat_master.c:206: in _set_farm_env(): info: exporting CDPL_LOGDIR as `/home/argershm/180-voltmeter/Analog/cc/synopsys_custom/pwdp_jobs/saeSession4_diffmodegain.SimulationSimulation_cdpl.1.2361411/logs'
1757189772.666286: 2361411-7f47a13ba540: cdpl_compat_master.c:212: in _set_farm_env(): info: exporting CDPL_TMPDIR as `/tmp'
1757189772.666288: 2361411-7f47a13ba540: cdpl_compat_master.c:235: in _set_farm_env(): info: exporting SNPSLMD_LICENSE_FILE as `27000@ece-lic-35.ece.ncsu.edu'
1757189772.666290: 2361411-7f47a13ba540: cdpl_compat_master.c:259: in _set_farm_env(): info: exporting CDPL_OPTIONS as `[nowlogs]'
1757189772.666291: 2361411-7f47a13ba540: cdpl_compat_master.c:266: in _set_farm_env(): info: exporting DISPLAY as `unix:19310'
1757189772.666293: 2361411-7f47a13ba540: cdpl_compat_master.c:274: in _set_farm_env(): info: exporting CDPL_HEARTBEAT as `120'
1757189772.666296: 2361411-7f47a13ba540: cdpl_farm.c:3149: in cdpl_farm_add_withdir(): debug: added `localhost' (capacity: unlimited)
1757189772.666298: 2361411-7f47a13ba540: cdpl_compat_parse.c:147: in parsefile(): debug: read `/home/argershm/180-voltmeter/Analog/cc/synopsys_custom/pwdp_jobs/saeSession4_diffmodegain.SimulationSimulation_cdpl.1.2361411/host_file', 2 lines
1757189772.666303: 2361411-7f47a13ba540: cdpl_compat_master.c:2931: in cdplInitMaster(): info: bcast dir is `/home/argershm/180-voltmeter/Analog/cc/synopsys_custom/pwdp_jobs/saeSession4_diffmodegain.SimulationSimulation_cdpl.1.2361411/logs'
1757189772.666339: 2361411-7f47a13ba540: cdpl_server.c:6433: in cdpl_sv_ctl_master(): info: farm worker timeout set to 300
1757189772.666341: 2361411-7f47a13ba540: cdpl_server.c:6486: in cdpl_sv_ctl_master(): info: maximum number of task execution attempts set to 1
1757189772.666344: 2361411-7f47a13ba540: cdpl_server.c:3195: in cdpl_sv_start(): debug: starting server
1757189772.666346: 2361411-7f47a13ba540: cdpl_ipc.c:3632: in cdpl_ipc_start(): debug: starting IPC server 152.14.98.53:39965
1757189772.666479: 2361411-7f4769a29700: cdpl_server_ipc.c:1182: in _sv_ipc_thread(): debug: ready
1757189772.666545: 2361411-7f4747fff700: cdpl_monitor.c:426: in cdpl_mn_init_client(): info: creating client monitor instance
1757189772.666562: 2361411-7f4747fff700: cdpl_ipc.c:3475: in cdpl_ipc_init(): info: requesting IPv4 protocol
1757189772.670272: 2361411-7f4747fff700: cdpl_ipc.c:837: in _selectaddrfamily(): info: selected IPv4 protocol
1757189772.670295: 2361411-7f4747fff700: cdpl_ipc.c:1139: in _set_keepalive(): info: TCP keep alive interval: 300
1757189772.674721: 2361411-7f4747fff700: cdpl_ipc.c:3632: in cdpl_ipc_start(): debug: starting IPC server 152.14.98.53:33397
1757189772.674836: 2361411-7f4747fff700: cdpl_monitor.c:471: in cdpl_mn_init_client(): debug: incoming messages in /tmp/cdpl-monitor-JsPh7d
1757189772.674936: 2361411-7f4747fff700: cdpl_monitor.c:533: in cdpl_mn_connect(): debug: connecting to 152.14.98.53:39965
1757189772.674939: 2361411-7f4747fff700: cdpl_ipc.c:3789: in cdpl_ipc_connect(): info: connecting to 152.14.98.53:39965
1757189772.675058: 2361411-7f4747fff700: cdpl_ipc.c:3860: in cdpl_ipc_connect(): info: connected as `152.14.98.53:50036'
1757189772.675064: 2361411-7f4747fff700: cdpl_ipc.c:2503: in cdpl_ipc_host_accept(): debug: accepted host `152.14.98.53:39965'
1757189772.675069: 2361411-7f4747fff700: cdpl_monitor.c:579: in cdpl_mn_connect(): debug: ok
1757189772.675077: 2361411-7f47a13ba540: cdpl_server.c:731: in cdpl_sv_new_job(): info: new job J1 in M1
1757189772.675086: 2361411-7f47a13ba540: cdpl_compat_master.c:1581: in _add_worker(): info: new worker type 10, min:1, max:3, cmd:`/home/argershm/180-voltmeter/Analog/cc/synopsys_custom/pwdp_jobs/saeSession4_diffmodegain.SimulationSimulation_cdpl.1.2361411/START_WORKER pw_worker -i /home/argershm/180-voltmeter/Analog/cc/synopsys_custom/pwdp_jobs
1757189772.675090: 2361411-7f47a13ba540: cdpl_server.c:908: in cdpl_sv_new_bin_withfarm(): info: new bin B1 in J1
1757189772.675096: 2361411-7f4769228700: cdpl_ipc.c:1862: in _epoll_accept(): debug: new connection from `152.14.98.53:50036'
1757189772.675117: 2361411-7f4769a29700: cdpl_server_ipc.c:1225: in _sv_ipc_thread(): debug: received ACCEPT notification
1757189772.675127: 2361411-7f4769a29700: cdpl_ipc.c:2503: in cdpl_ipc_host_accept(): debug: accepted host `152.14.98.53:50036'
1757189772.675145: 2361411-7f4769a29700: cdpl_server_ipc.c:1256: in _sv_ipc_thread(): debug: received MONITOR message
1757189772.675224: 2361411-7f4769a29700: cdpl_monitor.c:1207: in cdpl_mn_accept(): debug: accepted monitor `152.14.98.53:50036'
1757189772.675227: 2361411-7f4769a29700: cdpl_server_ipc_mon.c:120: in _globalLOCK(): debug: ENTERTING GLOBAL LOCK
1757189772.675230: 2361411-7f4769a29700: cdpl_server_ipc_mon.c:164: in _globalLOCK(): debug: global lock acquired
1757189772.675241: 2361411-7f4756ffd700: cdpl_monitor.c:910: in mn_systat(): debug: started
1757189772.675472: 2361411-7f4756ffd700: cdpl_monitor.c:937: in mn_systat(): debug: monitor server flush rate: 5
1757189773.460360: 2361411-7f4769a29700: cdpl_server_ipc_mon.c:210: in _globalUNLOCK(): debug: LEAVING GLOBAL LOCK
1757189773.460391: 2361411-7f47a13ba540: cdpl_server.c:3249: in cdpl_sv_start_job(): info: starting job J1
1757189773.460410: 2361411-7f47a13ba540: cdpl_server.c:62: in _sv_start_bin(): debug: starting bin B1 (min: 0, max: 3)
1757189773.460519: 2361411-7f47a13ba540: cdpl_server.c:1893: in _sv_gen_task(): info: new task T0 in B1 (prio 0)
1757189773.460522: 2361411-7f47557fa700: cdpl_server_sched.c:2482: in _sv_scheduler_thread(): debug: scheduler for bin B1 started
1757189773.460534: 2361411-7f47a13ba540: cdpl_server.c:2698: in cdpl_sv_label_task_va(): info: setting task T0 label to "PrimeSim_2|PrimeSim"
1757189773.460545: 2361411-7f47557fa700: cdpl_server_sched.c:2443: in _scheduler_run(): debug: will start a new worker
1757189773.460556: 2361411-7f47557fa700: cdpl_farm.c:3977: in cdpl_farm_submit(): debug: 1 running processes
1757189773.460559: 2361411-7f47557fa700: cdpl_farm.c:3985: in cdpl_farm_submit(): debug: new command C1 in bin B1 assigned to host `localhost'
1757189773.460641: 2361411-7f47557fa700: cdpl_server_sched.c:705: in _sv_launch_worker(): info: started worker W1 (as C1) in bin B1
1757189773.460658: 2361411-7f4754ff9700: cdpl_farm.c:2139: in _schedule(): debug: started
1757189773.460664: 2361411-7f4754ff9700: cdpl_farm.c:2303: in _schedule(): debug: submitting command C1 in bin B1
1757189773.460669: 2361411-7f4754ff9700: cdpl_sh.c:49: in _sh_detached_submit(): info: SH : /home/argershm/180-voltmeter/Analog/cc/synopsys_custom/pwdp_jobs/saeSession4_diffmodegain.SimulationSimulation_cdpl.1.2361411/START_WORKER pw_worker -i /home/argershm/180-voltmeter/Analog/cc/synopsys_custom/pwdp_jobs/saeSession4_diffmodegain.SimulationSimulation_cdpl.1.2361411 -t 10000
1757189773.468017: 2361411-7f4754ff9700: cdpl_farm.c:2343: in _schedule(): debug: C1 in bin B1 running on slot 0
1757189773.468042: 2361411-7f4754ff9700: cdpl_farm.c:2167: in _schedule(): debug: idle
1757189773.536748: 2361411-7f47a13ba540: cdpl_compat_master.c:5948: in cdplMasterLogInfo(): info: [non-CDPL log entry] PWDP3: reset pilot cache succeeded, pilot_key=saeSession4,1,diff_mode_gain|&/home/argershm/180-voltmeter/Analog/cc/simulation/integrator,tb_main_opamp,schematic/history_1/simulation/diff_mode_gain/PrimeSimSPICE/nominal/results
1757189773.768110: 2361411-7f4754ff9700: cdpl_farm.c:1193: in _onexit(): debug: C1 in bin B1 exited normally on slot 0
1757189774.587114: 2361411-7f47567fc700: cdpl_compat_master.c:5948: in cdplMasterLogInfo(): info: [non-CDPL log entry] PWDP - no-workers started ok check start!
1757189775.281373: 2361411-7f4769228700: cdpl_ipc.c:1862: in _epoll_accept(): debug: new connection from `152.14.98.53:50048'
1757189775.281414: 2361411-7f4769a29700: cdpl_server_ipc.c:1225: in _sv_ipc_thread(): debug: received ACCEPT notification
1757189775.281429: 2361411-7f4769a29700: cdpl_ipc.c:2503: in cdpl_ipc_host_accept(): debug: accepted host `152.14.98.53:50048'
1757189775.281518: 2361411-7f4769a29700: cdpl_server_ipc.c:1246: in _sv_ipc_thread(): debug: received HELLO message
1757189775.281520: 2361411-7f4769a29700: cdpl_server_ipc.c:430: in _sv_on_hello(): debug: looking up W1
1757189775.281523: 2361411-7f4769a29700: cdpl_server_ipc.c:540: in _sv_on_hello(): info: W1 is `152.14.98.53:50048'
1757189775.281525: 2361411-7f4769a29700: cdpl_server_ipc.c:541: in _sv_on_hello(): debug: hello W1 (B1)
1757189775.281526: 2361411-7f4769a29700: cdpl_server_ipc.c:542: in _sv_on_hello(): info: W1 log file is /dev/null
1757189775.281545: 2361411-7f4769a29700: cdpl_server_ipc.c:602: in _sv_on_hello(): info: up to 1 alive workers in B1
1757189775.281550: 2361411-7f4769a29700: cdpl_farm.c:878: in _release_cmd(): debug: freeing command C1 in bin B1
1757189775.281947: 2361411-7f47557fa700: cdpl_server_sched.c:960: in _assign(): info: assigning task T0 to worker W1
1757189775.345416: 2361411-7f4769a29700: cdpl_server_ipc.c:1268: in _sv_ipc_thread(): debug: received RELAY message
1757189775.345425: 2361411-7f4769a29700: cdpl_server_ipc.c:713: in _sv_on_relay(): debug: RELAY message from W1, size = 65
1757189775.345428: 2361411-7f4769a29700: cdpl_server_ipc.c:715: in _sv_on_relay(): debug: RELAY message from W1, content = 0$2366731 claws-compute3.ece.ncsu.edu 2366747 RUNNING 1757189775
1757189776.282130: 2361411-7f4769a29700: cdpl_server_ipc.c:312: in _sv_on_heartbeat(): debug: received HEARTBEAT from worker W1 at 152.14.98.53:50048
1757189777.676067: 2361411-7f4747fff700: cdpl_monitor.c:533: in cdpl_mn_connect(): debug: connecting to 152.14.98.53:42625
1757189777.676080: 2361411-7f4747fff700: cdpl_ipc.c:3789: in cdpl_ipc_connect(): info: connecting to 152.14.98.53:42625
1757189777.676165: 2361411-7f4747fff700: cdpl_ipc.c:3860: in cdpl_ipc_connect(): info: connected as `152.14.98.53:40728'
1757189777.676172: 2361411-7f4747fff700: cdpl_ipc.c:2503: in cdpl_ipc_host_accept(): debug: accepted host `152.14.98.53:42625'
1757189777.676177: 2361411-7f4747fff700: cdpl_monitor.c:579: in cdpl_mn_connect(): debug: ok
1757189781.617321: 2361411-7f4769a29700: cdpl_server_ipc.c:1268: in _sv_ipc_thread(): debug: received RELAY message
1757189781.617336: 2361411-7f4769a29700: cdpl_server_ipc.c:713: in _sv_on_relay(): debug: RELAY message from W1, size = 52
1757189781.617338: 2361411-7f4769a29700: cdpl_server_ipc.c:715: in _sv_on_relay(): debug: RELAY message from W1, content = WORKERDU|3212,/dev/mapper/rhel_claws--compute3-home
1757189781.617345: 2361411-7f4769a29700: cdpl_server_ipc.c:1268: in _sv_ipc_thread(): debug: received RELAY message
1757189781.617346: 2361411-7f4769a29700: cdpl_server_ipc.c:713: in _sv_on_relay(): debug: RELAY message from W1, size = 193
1757189781.617348: 2361411-7f4769a29700: cdpl_server_ipc.c:715: in _sv_on_relay(): debug: RELAY message from W1, content = REQPILOT|saeSession4,1,diff_mode_gain|&/home/argershm/180-voltmeter/Analog/cc/simulation/integrator,tb_main_opamp,schematic/history_1/simulation/diff_mode_gain/PrimeSimSPICE/nominal/results|&0
1757189781.617380: 2361411-7f47577fe700: cdpl_compat_master.c:5948: in cdplMasterLogInfo(): info: [non-CDPL log entry] PWDP send back 'DOPILOT' to worker id:1 key: saeSession4,1,diff_mode_gain|&/home/argershm/180-voltmeter/Analog/cc/simulation/integrator,tb_main_opamp,schematic/history_1/simulation/diff_mode_gain/PrimeSimSPICE/nominal/results
1757189781.617522: 2361411-7f47577fe700: cdpl_compat_master.c:5948: in cdplMasterLogInfo(): info: [non-CDPL log entry] PWDP: set pilot doing!
1757189781.620861: 2361411-7f4769a29700: cdpl_server_ipc.c:1268: in _sv_ipc_thread(): debug: received RELAY message
1757189781.620870: 2361411-7f4769a29700: cdpl_server_ipc.c:713: in _sv_on_relay(): debug: RELAY message from W1, size = 189
1757189781.620872: 2361411-7f4769a29700: cdpl_server_ipc.c:715: in _sv_on_relay(): debug: RELAY message from W1, content = PILOTOK|saeSession4,1,diff_mode_gain|&/home/argershm/180-voltmeter/Analog/cc/simulation/integrator,tb_main_opamp,schematic/history_1/simulation/diff_mode_gain/PrimeSimSPICE/nominal/results
1757189781.620893: 2361411-7f47577fe700: cdpl_compat_master.c:5948: in cdplMasterLogInfo(): info: [non-CDPL log entry] PWDP: set pilot done!
1757189781.620962: 2361411-7f4769a29700: cdpl_server_ipc.c:1268: in _sv_ipc_thread(): debug: received RELAY message
1757189781.620971: 2361411-7f4769a29700: cdpl_server_ipc.c:713: in _sv_on_relay(): debug: RELAY message from W1, size = 18
1757189781.620973: 2361411-7f4769a29700: cdpl_server_ipc.c:715: in _sv_on_relay(): debug: RELAY message from W1, content = 0$- - - MEASDOING
1757189781.875941: 2361411-7f4769a29700: cdpl_server_ipc.c:1268: in _sv_ipc_thread(): debug: received RELAY message
1757189781.875958: 2361411-7f4769a29700: cdpl_server_ipc.c:713: in _sv_on_relay(): debug: RELAY message from W1, size = 77
1757189781.875961: 2361411-7f4769a29700: cdpl_server_ipc.c:715: in _sv_on_relay(): debug: RELAY message from W1, content = 0$2366731 claws-compute3.ece.ncsu.edu 2366747 FINISHED 1757189775|1757189781
1757189781.877526: 2361411-7f4769a29700: cdpl_server_ipc.c:1268: in _sv_ipc_thread(): debug: received RELAY message
1757189781.877534: 2361411-7f4769a29700: cdpl_server_ipc.c:713: in _sv_on_relay(): debug: RELAY message from W1, size = 191
1757189781.877536: 2361411-7f4769a29700: cdpl_server_ipc.c:715: in _sv_on_relay(): debug: RELAY message from W1, content = PILOTDONE|saeSession4,1,diff_mode_gain|&/home/argershm/180-voltmeter/Analog/cc/simulation/integrator,tb_main_opamp,schematic/history_1/simulation/diff_mode_gain/PrimeSimSPICE/nominal/results
1757189781.877560: 2361411-7f47577fe700: cdpl_compat_master.c:5948: in cdplMasterLogInfo(): info: [non-CDPL log entry] saeSession4,1,diff_mode_gain|&/home/argershm/180-voltmeter/Analog/cc/simulation/integrator,tb_main_opamp,schematic/history_1/simulation/diff_mode_gain/PrimeSimSPICE/nominal/results PILOTDONE!
1757189781.877813: 2361411-7f4769a29700: cdpl_server_ipc.c:1251: in _sv_ipc_thread(): debug: received FINISH message
1757189781.877820: 2361411-7f4769a29700: cdpl_server_ipc.c:983: in _sv_on_finish(): info: worker W1 completed task T0
1757189781.877822: 2361411-7f4769a29700: cdpl_server_ipc.c:988: in _sv_on_finish(): debug: stat T0: utime=3827 stime=1832
1757189781.877825: 2361411-7f4769a29700: cdpl_server_ipc.c:993: in _sv_on_finish(): debug: statm T0: vsize=3054800 rss=1036024 shared=518460 text=474784 data=710020
1757189781.882976: 2361411-7f4769a29700: cdpl_server_ipc.c:1268: in _sv_ipc_thread(): debug: received RELAY message
1757189781.882984: 2361411-7f4769a29700: cdpl_server_ipc.c:713: in _sv_on_relay(): debug: RELAY message from W1, size = 50
1757189781.882986: 2361411-7f4769a29700: cdpl_server_ipc.c:715: in _sv_on_relay(): debug: RELAY message from W1, content = WORKERDU|20,/dev/mapper/rhel_claws--compute3-home
1757189781.973383: 2361411-7f47a13ba540: cdpl_server.c:227: in _sv_free_task_safe(): debug: freeing task T0
1757189782.251329: 2361411-7f47a13ba540: cdpl_server.c:3008: in cdpl_sv_halt_job_errno(): info: killing job J1
1757189782.251351: 2361411-7f47a13ba540: cdpl_server.c:3044: in cdpl_sv_halt_job_errno(): debug: signal bin B1 scheduler to stop
1757189782.251375: 2361411-7f47557fa700: cdpl_server_sched.c:2484: in _sv_scheduler_thread(): debug: scheduler for bin B1 stopped
1757189782.251389: 2361411-7f47557fa700: cdpl_ipc.c:1657: in _host_drop__UNSAFE(): debug: dropping host `152.14.98.53:50048'
1757189782.251424: 2361411-7f47557fa700: cdpl_server_sched.c:2830: in _sv_drop_worker(): info: down to 0 alive workers in B1
1757189782.251427: 2361411-7f47557fa700: cdpl_farm.c:4152: in cdpl_farm_dismiss(): debug: down to 0 running processes
1757189782.251432: 2361411-7f4769a29700: cdpl_server_ipc.c:1236: in _sv_ipc_thread(): debug: received DROP notification
1757189782.251446: 2361411-7f47557fa700: cdpl_server_sched.c:121: in _free_worker_2(): debug: freeing worker W1
1757189782.251449: 2361411-7f47557fa700: cdpl_ipc.c:2513: in cdpl_ipc_host_release(): debug: releasing host `152.14.98.53:50048'
1757189782.251451: 2361411-7f47557fa700: cdpl_ipc.c:2529: in cdpl_ipc_host_release(): debug: scheduling for immediate release
1757189782.251462: 2361411-7f47a13ba540: cdpl_server.c:294: in _sv_free_job(): info: freeing job J1
1757189782.251467: 2361411-7f47a13ba540: cdpl_server.c:92: in _sv_free_bin(): debug: freeing bin B1
1757189782.251473: 2361411-7f47a13ba540: cdpl_monitor.c:515: in cdpl_mn_kill(): info: killing monitor
1757189782.251475: 2361411-7f47a13ba540: cdpl_ipc.c:3677: in cdpl_ipc_kill(): debug: stopping event server
1757189782.251489: 2361411-7f4768a27700: cdpl_ipc.c:2460: in _epoll_main(): debug: server going down...
1757189782.251506: 2361411-7f4769228700: cdpl_ipc.c:775: in _readv(): warning: read(): EOF
1757189782.251514: 2361411-7f4769228700: cdpl_ipc.c:2100: in _epoll_recv(): debug: _readv(): Broken pipe
1757189782.251516: 2361411-7f4769228700: cdpl_ipc.c:2424: in _epoll_main(): debug: _epoll_recv(): Broken pipe
1757189782.251520: 2361411-7f4769228700: cdpl_ipc.c:1657: in _host_drop__UNSAFE(): debug: dropping host `152.14.98.53:50036'
1757189782.251554: 2361411-7f4769228700: cdpl_ipc.c:1582: in _host_free__UNSAFE(): debug: freeing host `152.14.98.53:50048'
1757189782.251557: 2361411-7f4769228700: cdpl_ipc.c:1621: in _host_free__UNSAFE(): debug: [0 outq, 0 spR, 0 spW]
1757189782.251630: 2361411-7f4769a29700: cdpl_server_ipc.c:1236: in _sv_ipc_thread(): debug: received DROP notification
1757189782.251636: 2361411-7f4769a29700: cdpl_monitor.c:1269: in cdpl_mn_drop(): debug: detaching from monitor `152.14.98.53:50036'
1757189782.251647: 2361411-7f4769a29700: cdpl_monitor.c:1101: in mn_systat_stop(): debug: joining systat thread
1757189782.251672: 2361411-7f4756ffd700: cdpl_monitor.c:1079: in mn_systat(): debug: exiting
1757189782.251683: 2361411-7f4769a29700: cdpl_monitor.c:1103: in mn_systat_stop(): debug: systat thread done
1757189782.251687: 2361411-7f4769a29700: cdpl_ipc.c:2513: in cdpl_ipc_host_release(): debug: releasing host `152.14.98.53:50036'
1757189782.251748: 2361411-7f4747fff700: cdpl_ipc.c:3728: in cdpl_ipc_free(): debug: releasing IPC handle
1757189782.251752: 2361411-7f4747fff700: cdpl_ipc.c:1582: in _host_free__UNSAFE(): debug: freeing host `152.14.98.53:42625'
1757189782.251755: 2361411-7f4747fff700: cdpl_ipc.c:1621: in _host_free__UNSAFE(): debug: [0 outq, 0 spR, 0 spW]
1757189782.251764: 2361411-7f4747fff700: cdpl_ipc.c:1582: in _host_free__UNSAFE(): debug: freeing host `152.14.98.53:39965'
1757189782.251765: 2361411-7f4747fff700: cdpl_ipc.c:1621: in _host_free__UNSAFE(): debug: [0 outq, 0 spR, 0 spW]
1757189782.251772: 2361411-7f4747fff700: cdpl_ipc.c:3756: in cdpl_ipc_free(): warning: 2 host(s) were not released
1757189782.251780: 2361411-7f4747fff700: cdpl_ipc.c:3767: in cdpl_ipc_free(): debug: done
1757189782.251782: 2361411-7f4747fff700: cdpl_monitor.c:1390: in cdpl_mn_free(): debug: freeing monitor client
1757189782.251891: 2361411-7f47a13ba540: cdpl_farm.c:2740: in cdpl_farm_free(): info: freeing farm
1757189782.251913: 2361411-7f4754ff9700: cdpl_farm.c:2231: in _schedule(): debug: end of idling
1757189782.251920: 2361411-7f4754ff9700: cdpl_farm.c:2235: in _schedule(): debug: dying
1757189782.251970: 2361411-7f47a13ba540: cdpl_farm.c:913: in _killall(): debug: killing all remaining commands
1757189782.251978: 2361411-7f47a13ba540: cdpl_server.c:3144: in cdpl_sv_free(): info: freeing server S1287931191
1757189782.251980: 2361411-7f47a13ba540: cdpl_server.c:3109: in cdpl_sv_kill_errno(): info: killing server
1757189782.251982: 2361411-7f47a13ba540: cdpl_ipc.c:3677: in cdpl_ipc_kill(): debug: stopping event server
1757189782.251993: 2361411-7f4769228700: cdpl_ipc.c:2460: in _epoll_main(): debug: server going down...
1757189782.252002: 2361411-7f4769a29700: cdpl_server_ipc.c:1200: in _sv_ipc_thread(): debug: leaving now
1757189782.252012: 2361411-7f47a13ba540: cdpl_server.c:334: in _sv_free_master(): info: freeing master M1
1757189782.252015: 2361411-7f47a13ba540: cdpl_hash.c:68: in cdpl_h_destroy(): debug: put operations: 1
1757189782.252016: 2361411-7f47a13ba540: cdpl_hash.c:69: in cdpl_h_destroy(): debug: put collisions: 0
1757189782.252018: 2361411-7f47a13ba540: cdpl_hash.c:70: in cdpl_h_destroy(): debug: get operations: 1
1757189782.252019: 2361411-7f47a13ba540: cdpl_hash.c:71: in cdpl_h_destroy(): debug: get iterations: 1
1757189782.252022: 2361411-7f47a13ba540: cdpl_monitor.c:1390: in cdpl_mn_free(): debug: freeing monitor server
1757189782.252026: 2361411-7f47a13ba540: cdpl_ipc.c:3728: in cdpl_ipc_free(): debug: releasing IPC handle
1757189782.252028: 2361411-7f47a13ba540: cdpl_ipc.c:1582: in _host_free__UNSAFE(): debug: freeing host `152.14.98.53:50036'
1757189782.252031: 2361411-7f47a13ba540: cdpl_ipc.c:1621: in _host_free__UNSAFE(): debug: [0 outq, 0 spR, 0 spW]
1757189782.252048: 2361411-7f47a13ba540: cdpl_ipc.c:3767: in cdpl_ipc_free(): debug: done
1757189782.252050: 2361411-7f47a13ba540: cdpl_log.c:481: in cdpl_log_close(): info: @@end_of_log@@
