1757023369.283912: 3942841-7f9e9462e540: cdpl_log.c:337: in cdpl_log_open(): info: @@start_of_log@@
1757023369.283922: 3942841-7f9e9462e540: cdpl_log.c:1058: in cdpl_log_dump_sysinfo(): info: time: 2025/09/04 18:02:49 EDT -0400
1757023369.283924: 3942841-7f9e9462e540: cdpl_log.c:1060: in cdpl_log_dump_sysinfo(): info: version: W-2024.09-SP1-2 
1757023369.283925: 3942841-7f9e9462e540: cdpl_log.c:1062: in cdpl_log_dump_sysinfo(): info: system: Linux 4.18.0-553.69.1.el8_10.x86_64 #1 SMP Thu Aug 7 18:10:00 EDT 2025
1757023369.283927: 3942841-7f9e9462e540: cdpl_log.c:1067: in cdpl_log_dump_sysinfo(): info: processor: x86_64 64-bits
1757023369.283928: 3942841-7f9e9462e540: cdpl_log.c:1071: in cdpl_log_dump_sysinfo(): info: hostname: claws-compute3.ece.ncsu.edu
1757023369.283929: 3942841-7f9e9462e540: cdpl_log.c:1073: in cdpl_log_dump_sysinfo(): info: program name: custom_shell
1757023369.283932: 3942841-7f9e9462e540: cdpl_log.c:340: in cdpl_log_open(): debug: path: /home/argershm/180-voltmeter/Analog/cc/synopsys_custom/pwdp_jobs/saeSession2_PrimeSimdefault.SimulationSimulation_cdpl.3.3942841/logs/master.claws-compute3.ece.ncsu.edu.3942841.log
1757023369.283933: 3942841-7f9e9462e540: cdpl_log.c:341: in cdpl_log_open(): debug: dir: /home/argershm/180-voltmeter/Analog/cc/synopsys_custom/pwdp_jobs/saeSession2_PrimeSimdefault.SimulationSimulation_cdpl.3.3942841/logs
1757023369.283937: 3942841-7f9e9462e540: cdpl_server.c:536: in cdpl_sv_init(): info: new server S1414080166
1757023369.283940: 3942841-7f9e9462e540: cdpl_ipc.c:3475: in cdpl_ipc_init(): info: requesting IPv4 protocol
1757023369.287716: 3942841-7f9e9462e540: cdpl_ipc.c:837: in _selectaddrfamily(): info: selected IPv4 protocol
1757023369.287732: 3942841-7f9e9462e540: cdpl_ipc.c:1139: in _set_keepalive(): info: TCP keep alive interval: 300
1757023369.291998: 3942841-7f9e9462e540: cdpl_monitor.c:1117: in cdpl_mn_new_server(): info: creating server monitor instance
1757023369.292003: 3942841-7f9e9462e540: cdpl_server.c:650: in cdpl_sv_new_master(): info: new master M1
1757023369.292007: 3942841-7f9e9462e540: cdpl_server.c:6533: in cdpl_sv_ctl_master(): info: Setting worker heartbeat to 120 seconds
1757023369.292008: 3942841-7f9e9462e540: cdpl_server.c:6542: in cdpl_sv_ctl_master(): info: Setting worker heartbeat timeout to 3 heartbeats
1757023369.292010: 3942841-7f9e9462e540: cdpl_compat_master.c:2090: in _parse_hostfile(): info: reading hostfile `/home/argershm/180-voltmeter/Analog/cc/synopsys_custom/pwdp_jobs/saeSession2_PrimeSimdefault.SimulationSimulation_cdpl.3.3942841/host_file'
1757023369.292020: 3942841-7f9e9462e540: cdpl_compat_master.c:1900: in _hostfile_parser(): debug: parsing "1     |localhost|   -1  | /tmp | SH | sh"
1757023369.292024: 3942841-7f9e9462e540: cdpl_farm.c:2578: in cdpl_farm_new_sh(): info: creating SH farm on localhost
1757023369.292027: 3942841-7f9e9462e540: cdpl_compat_master.c:206: in _set_farm_env(): info: exporting CDPL_LOGDIR as `/home/argershm/180-voltmeter/Analog/cc/synopsys_custom/pwdp_jobs/saeSession2_PrimeSimdefault.SimulationSimulation_cdpl.3.3942841/logs'
1757023369.292029: 3942841-7f9e9462e540: cdpl_compat_master.c:212: in _set_farm_env(): info: exporting CDPL_TMPDIR as `/tmp'
1757023369.292030: 3942841-7f9e9462e540: cdpl_compat_master.c:235: in _set_farm_env(): info: exporting SNPSLMD_LICENSE_FILE as `27000@ece-lic-35.ece.ncsu.edu'
1757023369.292032: 3942841-7f9e9462e540: cdpl_compat_master.c:259: in _set_farm_env(): info: exporting CDPL_OPTIONS as `[nowlogs]'
1757023369.292034: 3942841-7f9e9462e540: cdpl_compat_master.c:266: in _set_farm_env(): info: exporting DISPLAY as `unix:7865'
1757023369.292035: 3942841-7f9e9462e540: cdpl_compat_master.c:274: in _set_farm_env(): info: exporting CDPL_HEARTBEAT as `120'
1757023369.292038: 3942841-7f9e9462e540: cdpl_farm.c:3149: in cdpl_farm_add_withdir(): debug: added `localhost' (capacity: unlimited)
1757023369.292040: 3942841-7f9e9462e540: cdpl_compat_parse.c:147: in parsefile(): debug: read `/home/argershm/180-voltmeter/Analog/cc/synopsys_custom/pwdp_jobs/saeSession2_PrimeSimdefault.SimulationSimulation_cdpl.3.3942841/host_file', 2 lines
1757023369.292045: 3942841-7f9e9462e540: cdpl_compat_master.c:2931: in cdplInitMaster(): info: bcast dir is `/home/argershm/180-voltmeter/Analog/cc/synopsys_custom/pwdp_jobs/saeSession2_PrimeSimdefault.SimulationSimulation_cdpl.3.3942841/logs'
1757023369.292074: 3942841-7f9e9462e540: cdpl_server.c:6433: in cdpl_sv_ctl_master(): info: farm worker timeout set to 300
1757023369.292076: 3942841-7f9e9462e540: cdpl_server.c:6486: in cdpl_sv_ctl_master(): info: maximum number of task execution attempts set to 1
1757023369.292079: 3942841-7f9e9462e540: cdpl_server.c:3195: in cdpl_sv_start(): debug: starting server
1757023369.292081: 3942841-7f9e9462e540: cdpl_ipc.c:3632: in cdpl_ipc_start(): debug: starting IPC server 152.14.98.53:44785
1757023369.292242: 3942841-7f9e5ccbf700: cdpl_server_ipc.c:1182: in _sv_ipc_thread(): debug: ready
1757023369.292299: 3942841-7f9e3bfff700: cdpl_monitor.c:426: in cdpl_mn_init_client(): info: creating client monitor instance
1757023369.292315: 3942841-7f9e3bfff700: cdpl_ipc.c:3475: in cdpl_ipc_init(): info: requesting IPv4 protocol
1757023369.296084: 3942841-7f9e3bfff700: cdpl_ipc.c:837: in _selectaddrfamily(): info: selected IPv4 protocol
1757023369.296108: 3942841-7f9e3bfff700: cdpl_ipc.c:1139: in _set_keepalive(): info: TCP keep alive interval: 300
1757023369.300514: 3942841-7f9e3bfff700: cdpl_ipc.c:3632: in cdpl_ipc_start(): debug: starting IPC server 152.14.98.53:46545
1757023369.300616: 3942841-7f9e3bfff700: cdpl_monitor.c:471: in cdpl_mn_init_client(): debug: incoming messages in /tmp/cdpl-monitor-gMprXJ
1757023369.300695: 3942841-7f9e3bfff700: cdpl_monitor.c:533: in cdpl_mn_connect(): debug: connecting to 152.14.98.53:44785
1757023369.300698: 3942841-7f9e3bfff700: cdpl_ipc.c:3789: in cdpl_ipc_connect(): info: connecting to 152.14.98.53:44785
1757023369.300754: 3942841-7f9e3bfff700: cdpl_ipc.c:3860: in cdpl_ipc_connect(): info: connected as `152.14.98.53:58694'
1757023369.300759: 3942841-7f9e3bfff700: cdpl_ipc.c:2503: in cdpl_ipc_host_accept(): debug: accepted host `152.14.98.53:44785'
1757023369.300764: 3942841-7f9e3bfff700: cdpl_monitor.c:579: in cdpl_mn_connect(): debug: ok
1757023369.300773: 3942841-7f9e9462e540: cdpl_server.c:731: in cdpl_sv_new_job(): info: new job J1 in M1
1757023369.300781: 3942841-7f9e9462e540: cdpl_compat_master.c:1581: in _add_worker(): info: new worker type 10, min:1, max:3, cmd:`/home/argershm/180-voltmeter/Analog/cc/synopsys_custom/pwdp_jobs/saeSession2_PrimeSimdefault.SimulationSimulation_cdpl.3.3942841/START_WORKER pw_worker -i /home/argershm/180-voltmeter/Analog/cc/synopsys_custom/pwdp_j
1757023369.300784: 3942841-7f9e4bfff700: cdpl_ipc.c:1862: in _epoll_accept(): debug: new connection from `152.14.98.53:58694'
1757023369.300800: 3942841-7f9e9462e540: cdpl_server.c:908: in cdpl_sv_new_bin_withfarm(): info: new bin B1 in J1
1757023369.300816: 3942841-7f9e5ccbf700: cdpl_server_ipc.c:1225: in _sv_ipc_thread(): debug: received ACCEPT notification
1757023369.300828: 3942841-7f9e5ccbf700: cdpl_ipc.c:2503: in cdpl_ipc_host_accept(): debug: accepted host `152.14.98.53:58694'
1757023369.300840: 3942841-7f9e5ccbf700: cdpl_server_ipc.c:1256: in _sv_ipc_thread(): debug: received MONITOR message
1757023369.300941: 3942841-7f9e5ccbf700: cdpl_monitor.c:1207: in cdpl_mn_accept(): debug: accepted monitor `152.14.98.53:58694'
1757023369.300945: 3942841-7f9e5ccbf700: cdpl_server_ipc_mon.c:120: in _globalLOCK(): debug: ENTERTING GLOBAL LOCK
1757023369.300947: 3942841-7f9e4a7fc700: cdpl_monitor.c:910: in mn_systat(): debug: started
1757023369.300957: 3942841-7f9e5ccbf700: cdpl_server_ipc_mon.c:164: in _globalLOCK(): debug: global lock acquired
1757023369.301168: 3942841-7f9e4a7fc700: cdpl_monitor.c:937: in mn_systat(): debug: monitor server flush rate: 5
1757023370.097847: 3942841-7f9e5ccbf700: cdpl_server_ipc_mon.c:210: in _globalUNLOCK(): debug: LEAVING GLOBAL LOCK
1757023370.097867: 3942841-7f9e9462e540: cdpl_server.c:3249: in cdpl_sv_start_job(): info: starting job J1
1757023370.097884: 3942841-7f9e9462e540: cdpl_server.c:62: in _sv_start_bin(): debug: starting bin B1 (min: 0, max: 3)
1757023370.098029: 3942841-7f9e9462e540: cdpl_server.c:1893: in _sv_gen_task(): info: new task T0 in B1 (prio 0)
1757023370.098039: 3942841-7f9e48ff9700: cdpl_server_sched.c:2482: in _sv_scheduler_thread(): debug: scheduler for bin B1 started
1757023370.098053: 3942841-7f9e9462e540: cdpl_server.c:2698: in cdpl_sv_label_task_va(): info: setting task T0 label to "PrimeSim_4|PrimeSim"
1757023370.098066: 3942841-7f9e48ff9700: cdpl_server_sched.c:2443: in _scheduler_run(): debug: will start a new worker
1757023370.098076: 3942841-7f9e48ff9700: cdpl_farm.c:3977: in cdpl_farm_submit(): debug: 1 running processes
1757023370.098079: 3942841-7f9e48ff9700: cdpl_farm.c:3985: in cdpl_farm_submit(): debug: new command C1 in bin B1 assigned to host `localhost'
1757023370.098153: 3942841-7f9e48ff9700: cdpl_server_sched.c:705: in _sv_launch_worker(): info: started worker W1 (as C1) in bin B1
1757023370.098186: 3942841-7f9e3affd700: cdpl_farm.c:2139: in _schedule(): debug: started
1757023370.098194: 3942841-7f9e3affd700: cdpl_farm.c:2303: in _schedule(): debug: submitting command C1 in bin B1
1757023370.098199: 3942841-7f9e3affd700: cdpl_sh.c:49: in _sh_detached_submit(): info: SH : /home/argershm/180-voltmeter/Analog/cc/synopsys_custom/pwdp_jobs/saeSession2_PrimeSimdefault.SimulationSimulation_cdpl.3.3942841/START_WORKER pw_worker -i /home/argershm/180-voltmeter/Analog/cc/synopsys_custom/pwdp_jobs/saeSession2_PrimeSimdefault.SimulationSimulation_cdpl.3.3942841 -t 10000
1757023370.104541: 3942841-7f9e3affd700: cdpl_farm.c:2343: in _schedule(): debug: C1 in bin B1 running on slot 0
1757023370.104560: 3942841-7f9e3affd700: cdpl_farm.c:2167: in _schedule(): debug: idle
1757023370.110099: 3942841-7f9e9462e540: cdpl_compat_master.c:5948: in cdplMasterLogInfo(): info: [non-CDPL log entry] PWDP3: reset pilot cache succeeded, pilot_key=saeSession2,1,PrimeSim_default|&/home/argershm/180-voltmeter/Analog/cc/simulation/gmid,gmid_nfet_3v3,schematic/history_1/simulation/PrimeSim_default/PrimeSimSPICE/parametric/results
1757023370.404625: 3942841-7f9e3affd700: cdpl_farm.c:1193: in _onexit(): debug: C1 in bin B1 exited normally on slot 0
1757023371.208956: 3942841-7f9e49ffb700: cdpl_compat_master.c:5948: in cdplMasterLogInfo(): info: [non-CDPL log entry] PWDP - no-workers started ok check start!
1757023371.896389: 3942841-7f9e4bfff700: cdpl_ipc.c:1862: in _epoll_accept(): debug: new connection from `152.14.98.53:58708'
1757023371.896437: 3942841-7f9e5ccbf700: cdpl_server_ipc.c:1225: in _sv_ipc_thread(): debug: received ACCEPT notification
1757023371.896455: 3942841-7f9e5ccbf700: cdpl_ipc.c:2503: in cdpl_ipc_host_accept(): debug: accepted host `152.14.98.53:58708'
1757023371.896640: 3942841-7f9e5ccbf700: cdpl_server_ipc.c:1246: in _sv_ipc_thread(): debug: received HELLO message
1757023371.896645: 3942841-7f9e5ccbf700: cdpl_server_ipc.c:430: in _sv_on_hello(): debug: looking up W1
1757023371.896648: 3942841-7f9e5ccbf700: cdpl_server_ipc.c:540: in _sv_on_hello(): info: W1 is `152.14.98.53:58708'
1757023371.896650: 3942841-7f9e5ccbf700: cdpl_server_ipc.c:541: in _sv_on_hello(): debug: hello W1 (B1)
1757023371.896652: 3942841-7f9e5ccbf700: cdpl_server_ipc.c:542: in _sv_on_hello(): info: W1 log file is /dev/null
1757023371.896670: 3942841-7f9e5ccbf700: cdpl_server_ipc.c:602: in _sv_on_hello(): info: up to 1 alive workers in B1
1757023371.896675: 3942841-7f9e5ccbf700: cdpl_farm.c:878: in _release_cmd(): debug: freeing command C1 in bin B1
1757023371.896692: 3942841-7f9e48ff9700: cdpl_server_sched.c:960: in _assign(): info: assigning task T0 to worker W1
1757023371.960379: 3942841-7f9e5ccbf700: cdpl_server_ipc.c:1268: in _sv_ipc_thread(): debug: received RELAY message
1757023371.960389: 3942841-7f9e5ccbf700: cdpl_server_ipc.c:713: in _sv_on_relay(): debug: RELAY message from W1, size = 65
1757023371.960391: 3942841-7f9e5ccbf700: cdpl_server_ipc.c:715: in _sv_on_relay(): debug: RELAY message from W1, content = 0$3946982 claws-compute3.ece.ncsu.edu 3946998 RUNNING 1757023371
1757023372.896739: 3942841-7f9e5ccbf700: cdpl_server_ipc.c:312: in _sv_on_heartbeat(): debug: received HEARTBEAT from worker W1 at 152.14.98.53:58708
1757023374.301731: 3942841-7f9e3bfff700: cdpl_monitor.c:533: in cdpl_mn_connect(): debug: connecting to 152.14.98.53:34563
1757023374.301741: 3942841-7f9e3bfff700: cdpl_ipc.c:3789: in cdpl_ipc_connect(): info: connecting to 152.14.98.53:34563
1757023374.301859: 3942841-7f9e3bfff700: cdpl_ipc.c:3860: in cdpl_ipc_connect(): info: connected as `152.14.98.53:56450'
1757023374.301866: 3942841-7f9e3bfff700: cdpl_ipc.c:2503: in cdpl_ipc_host_accept(): debug: accepted host `152.14.98.53:34563'
1757023374.301870: 3942841-7f9e3bfff700: cdpl_monitor.c:579: in cdpl_mn_connect(): debug: ok
1757023378.674579: 3942841-7f9e5ccbf700: cdpl_server_ipc.c:1268: in _sv_ipc_thread(): debug: received RELAY message
1757023378.674602: 3942841-7f9e5ccbf700: cdpl_server_ipc.c:713: in _sv_on_relay(): debug: RELAY message from W1, size = 52
1757023378.674604: 3942841-7f9e5ccbf700: cdpl_server_ipc.c:715: in _sv_on_relay(): debug: RELAY message from W1, content = WORKERDU|1168,/dev/mapper/rhel_claws--compute3-home
1757023378.674610: 3942841-7f9e5ccbf700: cdpl_server_ipc.c:1268: in _sv_ipc_thread(): debug: received RELAY message
1757023378.674612: 3942841-7f9e5ccbf700: cdpl_server_ipc.c:713: in _sv_on_relay(): debug: RELAY message from W1, size = 194
1757023378.674614: 3942841-7f9e5ccbf700: cdpl_server_ipc.c:715: in _sv_on_relay(): debug: RELAY message from W1, content = REQPILOT|saeSession2,1,PrimeSim_default|&/home/argershm/180-voltmeter/Analog/cc/simulation/gmid,gmid_nfet_3v3,schematic/history_1/simulation/PrimeSim_default/PrimeSimSPICE/parametric/results|&0
1757023378.674643: 3942841-7f9e4affd700: cdpl_compat_master.c:5948: in cdplMasterLogInfo(): info: [non-CDPL log entry] PWDP send back 'DOPILOT' to worker id:1 key: saeSession2,1,PrimeSim_default|&/home/argershm/180-voltmeter/Analog/cc/simulation/gmid,gmid_nfet_3v3,schematic/history_1/simulation/PrimeSim_default/PrimeSimSPICE/parametric/results
1757023378.674788: 3942841-7f9e4affd700: cdpl_compat_master.c:5948: in cdplMasterLogInfo(): info: [non-CDPL log entry] PWDP: set pilot doing!
1757023378.678228: 3942841-7f9e5ccbf700: cdpl_server_ipc.c:1268: in _sv_ipc_thread(): debug: received RELAY message
1757023378.678236: 3942841-7f9e5ccbf700: cdpl_server_ipc.c:713: in _sv_on_relay(): debug: RELAY message from W1, size = 190
1757023378.678239: 3942841-7f9e5ccbf700: cdpl_server_ipc.c:715: in _sv_on_relay(): debug: RELAY message from W1, content = PILOTOK|saeSession2,1,PrimeSim_default|&/home/argershm/180-voltmeter/Analog/cc/simulation/gmid,gmid_nfet_3v3,schematic/history_1/simulation/PrimeSim_default/PrimeSimSPICE/parametric/results
1757023378.678257: 3942841-7f9e4affd700: cdpl_compat_master.c:5948: in cdplMasterLogInfo(): info: [non-CDPL log entry] PWDP: set pilot done!
1757023378.678329: 3942841-7f9e5ccbf700: cdpl_server_ipc.c:1268: in _sv_ipc_thread(): debug: received RELAY message
1757023378.678335: 3942841-7f9e5ccbf700: cdpl_server_ipc.c:713: in _sv_on_relay(): debug: RELAY message from W1, size = 18
1757023378.678337: 3942841-7f9e5ccbf700: cdpl_server_ipc.c:715: in _sv_on_relay(): debug: RELAY message from W1, content = 0$- - - MEASDOING
1757023378.894338: 3942841-7f9e5ccbf700: cdpl_server_ipc.c:1268: in _sv_ipc_thread(): debug: received RELAY message
1757023378.894348: 3942841-7f9e5ccbf700: cdpl_server_ipc.c:713: in _sv_on_relay(): debug: RELAY message from W1, size = 77
1757023378.894350: 3942841-7f9e5ccbf700: cdpl_server_ipc.c:715: in _sv_on_relay(): debug: RELAY message from W1, content = 0$3946982 claws-compute3.ece.ncsu.edu 3946998 FINISHED 1757023371|1757023378
1757023378.895824: 3942841-7f9e5ccbf700: cdpl_server_ipc.c:1268: in _sv_ipc_thread(): debug: received RELAY message
1757023378.895832: 3942841-7f9e5ccbf700: cdpl_server_ipc.c:713: in _sv_on_relay(): debug: RELAY message from W1, size = 192
1757023378.895834: 3942841-7f9e5ccbf700: cdpl_server_ipc.c:715: in _sv_on_relay(): debug: RELAY message from W1, content = PILOTDONE|saeSession2,1,PrimeSim_default|&/home/argershm/180-voltmeter/Analog/cc/simulation/gmid,gmid_nfet_3v3,schematic/history_1/simulation/PrimeSim_default/PrimeSimSPICE/parametric/results
1757023378.895862: 3942841-7f9e4affd700: cdpl_compat_master.c:5948: in cdplMasterLogInfo(): info: [non-CDPL log entry] saeSession2,1,PrimeSim_default|&/home/argershm/180-voltmeter/Analog/cc/simulation/gmid,gmid_nfet_3v3,schematic/history_1/simulation/PrimeSim_default/PrimeSimSPICE/parametric/results PILOTDONE!
1757023378.896162: 3942841-7f9e5ccbf700: cdpl_server_ipc.c:1251: in _sv_ipc_thread(): debug: received FINISH message
1757023378.896171: 3942841-7f9e5ccbf700: cdpl_server_ipc.c:983: in _sv_on_finish(): info: worker W1 completed task T0
1757023378.896174: 3942841-7f9e5ccbf700: cdpl_server_ipc.c:988: in _sv_on_finish(): debug: stat T0: utime=3621 stime=1966
1757023378.896176: 3942841-7f9e5ccbf700: cdpl_server_ipc.c:993: in _sv_on_finish(): debug: statm T0: vsize=3055012 rss=1031396 shared=517408 text=474784 data=710040
1757023378.901053: 3942841-7f9e5ccbf700: cdpl_server_ipc.c:1268: in _sv_ipc_thread(): debug: received RELAY message
1757023378.901061: 3942841-7f9e5ccbf700: cdpl_server_ipc.c:713: in _sv_on_relay(): debug: RELAY message from W1, size = 50
1757023378.901064: 3942841-7f9e5ccbf700: cdpl_server_ipc.c:715: in _sv_on_relay(): debug: RELAY message from W1, content = WORKERDU|28,/dev/mapper/rhel_claws--compute3-home
1757023378.971144: 3942841-7f9e9462e540: cdpl_server.c:227: in _sv_free_task_safe(): debug: freeing task T0
1757023379.896361: 3942841-7f9e9462e540: cdpl_server.c:3008: in cdpl_sv_halt_job_errno(): info: killing job J1
1757023379.896398: 3942841-7f9e9462e540: cdpl_server.c:3044: in cdpl_sv_halt_job_errno(): debug: signal bin B1 scheduler to stop
1757023379.896423: 3942841-7f9e48ff9700: cdpl_server_sched.c:2484: in _sv_scheduler_thread(): debug: scheduler for bin B1 stopped
1757023379.896434: 3942841-7f9e48ff9700: cdpl_ipc.c:1657: in _host_drop__UNSAFE(): debug: dropping host `152.14.98.53:58708'
1757023379.896477: 3942841-7f9e48ff9700: cdpl_server_sched.c:2830: in _sv_drop_worker(): info: down to 0 alive workers in B1
1757023379.896480: 3942841-7f9e48ff9700: cdpl_farm.c:4152: in cdpl_farm_dismiss(): debug: down to 0 running processes
1757023379.896484: 3942841-7f9e48ff9700: cdpl_server_sched.c:121: in _free_worker_2(): debug: freeing worker W1
1757023379.896486: 3942841-7f9e48ff9700: cdpl_ipc.c:2513: in cdpl_ipc_host_release(): debug: releasing host `152.14.98.53:58708'
1757023379.896489: 3942841-7f9e5ccbf700: cdpl_server_ipc.c:1236: in _sv_ipc_thread(): debug: received DROP notification
1757023379.896513: 3942841-7f9e9462e540: cdpl_server.c:294: in _sv_free_job(): info: freeing job J1
1757023379.896520: 3942841-7f9e9462e540: cdpl_server.c:92: in _sv_free_bin(): debug: freeing bin B1
1757023379.896526: 3942841-7f9e9462e540: cdpl_monitor.c:515: in cdpl_mn_kill(): info: killing monitor
1757023379.896539: 3942841-7f9e9462e540: cdpl_ipc.c:3677: in cdpl_ipc_kill(): debug: stopping event server
1757023379.896552: 3942841-7f9e3b7fe700: cdpl_ipc.c:2460: in _epoll_main(): debug: server going down...
1757023379.896667: 3942841-7f9e4bfff700: cdpl_ipc.c:775: in _readv(): warning: read(): EOF
1757023379.896676: 3942841-7f9e4bfff700: cdpl_ipc.c:2100: in _epoll_recv(): debug: _readv(): Broken pipe
1757023379.896680: 3942841-7f9e4bfff700: cdpl_ipc.c:2424: in _epoll_main(): debug: _epoll_recv(): Broken pipe
1757023379.896687: 3942841-7f9e4bfff700: cdpl_ipc.c:1657: in _host_drop__UNSAFE(): debug: dropping host `152.14.98.53:58694'
1757023379.896721: 3942841-7f9e4bfff700: cdpl_ipc.c:1582: in _host_free__UNSAFE(): debug: freeing host `152.14.98.53:58708'
1757023379.896724: 3942841-7f9e4bfff700: cdpl_ipc.c:1621: in _host_free__UNSAFE(): debug: [0 outq, 0 spR, 0 spW]
1757023379.896731: 3942841-7f9e5ccbf700: cdpl_server_ipc.c:1236: in _sv_ipc_thread(): debug: received DROP notification
1757023379.896735: 3942841-7f9e5ccbf700: cdpl_monitor.c:1269: in cdpl_mn_drop(): debug: detaching from monitor `152.14.98.53:58694'
1757023379.896741: 3942841-7f9e5ccbf700: cdpl_monitor.c:1101: in mn_systat_stop(): debug: joining systat thread
1757023379.896768: 3942841-7f9e4a7fc700: cdpl_monitor.c:1079: in mn_systat(): debug: exiting
1757023379.896777: 3942841-7f9e5ccbf700: cdpl_monitor.c:1103: in mn_systat_stop(): debug: systat thread done
1757023379.896779: 3942841-7f9e5ccbf700: cdpl_ipc.c:2513: in cdpl_ipc_host_release(): debug: releasing host `152.14.98.53:58694'
1757023379.896841: 3942841-7f9e3bfff700: cdpl_ipc.c:3728: in cdpl_ipc_free(): debug: releasing IPC handle
1757023379.896851: 3942841-7f9e3bfff700: cdpl_ipc.c:1582: in _host_free__UNSAFE(): debug: freeing host `152.14.98.53:34563'
1757023379.896853: 3942841-7f9e3bfff700: cdpl_ipc.c:1621: in _host_free__UNSAFE(): debug: [0 outq, 0 spR, 0 spW]
1757023379.896863: 3942841-7f9e3bfff700: cdpl_ipc.c:1582: in _host_free__UNSAFE(): debug: freeing host `152.14.98.53:44785'
1757023379.896865: 3942841-7f9e3bfff700: cdpl_ipc.c:1621: in _host_free__UNSAFE(): debug: [0 outq, 0 spR, 0 spW]
1757023379.896872: 3942841-7f9e3bfff700: cdpl_ipc.c:3756: in cdpl_ipc_free(): warning: 2 host(s) were not released
1757023379.896881: 3942841-7f9e3bfff700: cdpl_ipc.c:3767: in cdpl_ipc_free(): debug: done
1757023379.896883: 3942841-7f9e3bfff700: cdpl_monitor.c:1390: in cdpl_mn_free(): debug: freeing monitor client
1757023379.896977: 3942841-7f9e9462e540: cdpl_farm.c:2740: in cdpl_farm_free(): info: freeing farm
1757023379.897003: 3942841-7f9e3affd700: cdpl_farm.c:2231: in _schedule(): debug: end of idling
1757023379.897010: 3942841-7f9e3affd700: cdpl_farm.c:2235: in _schedule(): debug: dying
1757023379.897054: 3942841-7f9e9462e540: cdpl_farm.c:913: in _killall(): debug: killing all remaining commands
1757023379.897059: 3942841-7f9e9462e540: cdpl_server.c:3144: in cdpl_sv_free(): info: freeing server S1414080166
1757023379.897062: 3942841-7f9e9462e540: cdpl_server.c:3109: in cdpl_sv_kill_errno(): info: killing server
1757023379.897063: 3942841-7f9e9462e540: cdpl_ipc.c:3677: in cdpl_ipc_kill(): debug: stopping event server
1757023379.897074: 3942841-7f9e4bfff700: cdpl_ipc.c:2460: in _epoll_main(): debug: server going down...
1757023379.897084: 3942841-7f9e5ccbf700: cdpl_server_ipc.c:1200: in _sv_ipc_thread(): debug: leaving now
1757023379.897095: 3942841-7f9e9462e540: cdpl_server.c:334: in _sv_free_master(): info: freeing master M1
1757023379.897097: 3942841-7f9e9462e540: cdpl_hash.c:68: in cdpl_h_destroy(): debug: put operations: 1
1757023379.897099: 3942841-7f9e9462e540: cdpl_hash.c:69: in cdpl_h_destroy(): debug: put collisions: 0
1757023379.897101: 3942841-7f9e9462e540: cdpl_hash.c:70: in cdpl_h_destroy(): debug: get operations: 1
1757023379.897102: 3942841-7f9e9462e540: cdpl_hash.c:71: in cdpl_h_destroy(): debug: get iterations: 1
1757023379.897105: 3942841-7f9e9462e540: cdpl_monitor.c:1390: in cdpl_mn_free(): debug: freeing monitor server
1757023379.897107: 3942841-7f9e9462e540: cdpl_ipc.c:3728: in cdpl_ipc_free(): debug: releasing IPC handle
1757023379.897108: 3942841-7f9e9462e540: cdpl_ipc.c:1582: in _host_free__UNSAFE(): debug: freeing host `152.14.98.53:58694'
1757023379.897110: 3942841-7f9e9462e540: cdpl_ipc.c:1621: in _host_free__UNSAFE(): debug: [0 outq, 0 spR, 0 spW]
1757023379.897126: 3942841-7f9e9462e540: cdpl_ipc.c:3767: in cdpl_ipc_free(): debug: done
1757023379.897128: 3942841-7f9e9462e540: cdpl_log.c:481: in cdpl_log_close(): info: @@end_of_log@@
