[17:03:55.94] /o 
              /c                                    pw_worker™ 
              /c 
              /c                Version W-2024.09-SP1-2 for linux64 - Jan 15, 2025
              /c              Based on Custom Infrastructure
              /c Version W-2024.09-SP1-2
              /c 
              /c                     Copyright (c) 2004 - 2025 Synopsys, Inc.
              /c    This software and the associated documentation are proprietary to Synopsys,
              /c  Inc. This software may only be used in accordance with the terms and conditions
              /c  of a written license agreement with Synopsys, Inc. All other use, reproduction,
              /c    or distribution of this software is strictly prohibited.  Licensed Products
              /c      communicate with Synopsys servers for the purpose of providing software
              /c     updates, detecting software piracy and verifying that customers are using
              /c     Licensed Products in conformity with the applicable License Key for such
              /c   Licensed Products. Synopsys will use information gathered in connection with
              /c     this process to deliver software updates and pursue software pirates and
              /c                                    infringers.
              /c 
              /c  Inclusivity & Diversity - Visit SolvNetPlus to read the "Synopsys Statement on
              /c             Inclusivity and Diversity" (Refer to article 000036315 at
              /c                         https://solvnetplus.synopsys.com)
              /c 
              /c Build  (OPT) Config 11252589 compiled on Wed Jan 15 11:01:36 2025 for AlmaLinux 8.4
              /c Invocation: /mnt/apps/public/COE/synopsys_apps/primewave/W-2024.09-SP1-2/linux64/platform/bin/custom_shell -application pw_worker -gui 0 -localDir /home/argershm/180-voltmeter/Analog/cc/synopsys_custom/pwdp_jobs/saeSession1_default.SimulationSimulation_cdpl.1.3917807/logs/w1
              /c Execution time: Thu Sep  4 17:03:54 2025
              /c Host: claws-compute3.ece.ncsu.edu
              /c Working directory: /home/argershm/180-voltmeter/Analog/cc
              /c 
[17:03:59.87] /m Information: Registering ICV PERC package...
[17:03:59.87] /w Warning: Error: "Job group named 'PrimeWave' already exists under this parent." (IPC-100)
[17:04:00.38] /o #####New Worker job begin - Self history dir=/home/argershm/180-voltmeter/Analog/cc/simulation/gmid,gmid_nfet_3v3,schematic
[17:04:00.57] /o source /home/argershm/180-voltmeter/Analog/cc/synopsys_custom/pwdp_jobs/saeSession1_default.SimulationSimulation_cdpl.1.3917807/ccFile.tcl OK
[17:04:00.57] /o LibDefs : /home/argershm/180-voltmeter/Analog/cc/lib.defs
[17:04:00.76] /o new worker create session at loading state!
[17:04:00.76] /o history_1
[17:04:00.96] /o Loading: Callback files...
[17:04:00.96] /o 
              /c [INFO] : Loading display.tcl from /mnt/designkits/gf180MCU/dk_ncsu/gf180mcu_cc_0.1/Models_HSPICE
              /c 
              /c  if you wish to Load other display.tcl, please set shell environment valiable "iPDK_load_display_gf180mcu" to value = 0
[17:04:00.96] /o 
[17:04:01.00] /w Warning: Could not set the value of preference xtEMIRLPEStarTcadGrdFile because it does not exist. (PREFERENCE-016)
[17:04:01.00] /o 	#######################################
[17:04:01.00] /o 	CC-PDK Library Name	: gf180MCU Open
[17:04:01.00] /o 	#######################################
[17:04:01.00] /o 
[17:04:01.11] /o source /home/argershm/180-voltmeter/Analog/cc/simulation/gmid,gmid_nfet_3v3,schematic/history_1/.nw_preference_script.tcl OK!
[17:04:01.11] /o DSPF Options: {hierDelim==|}||{termDelim==:}||{fingerChar==@}||{multiplierString==_nettran_}||{aggregateCurrent==1}||{MOSTermNames==d g s b}||{MOSTermOrder==D G S B}||{MOSTermDspfNames==DRC GATE SRC BULK}||{firstChars==XM}||{probeHierDelim==/}||{caseSensitive==1}||{firstChar==M}||{hierPrefix==X}||{nodePrefix==M}||{plotTermVoltageForNet==0}||{mapNetToMosTerminal==}||{mapSlashDelimToDot==1}||{probePortCurrent==1}||{busBit==[]}||{removeNodePrefix==1}||{nlConDelim==.}||{mosModelType==auto}||{keepSchName==0}
[17:04:01.11] /o _workerLoadStateAction done!
[17:04:01.13] /o _getSimulationDetails : 
[17:04:01.13] /o tbName=default, Mtb=0
[17:04:01.13] /o Got stb tb ok!
[17:04:01.13] /o Self resultsDir: ./simulation
[17:04:01.13] /o Self databaseDir: /home/argershm/180-voltmeter/Analog/cc/simulation/gmid,gmid_nfet_3v3,schematic/history_1/simulation/default/PrimeSimSPICE/nominal/results
[17:04:01.13] /o source /mnt/apps/public/COE/synopsys_apps/primewave/W-2024.09-SP1-2/auxx/sae/matlab_script.tcl OK
[17:04:01.19] /o Nominal run.
[17:04:01.26] /o _createResultsMap done!
[17:04:01.27] /o New worker simulation done for nomial run.
[17:04:01.27] /o >>>resultsDir=/home/argershm/180-voltmeter/Analog/cc/simulation/gmid,gmid_nfet_3v3,schematic/history_1/simulation/default/PrimeSimSPICE/nominal/results,masterResultsDir=/home/argershm/180-voltmeter/Analog/cc/simulation/gmid,gmid_nfet_3v3,schematic/history_1/simulation/default/PrimeSimSPICE/nominal/results
[17:04:01.69] /o Tracing B
[17:04:01.69] /o Tracing B (Found 0)
[17:04:01.69] /o Tracing collected globals
[17:04:01.84] /o 
[17:04:02.52] /o Tracing D
[17:04:02.52] /o Tracing D (Found 0)
[17:04:02.52] /o Tracing collected globals
[17:04:03.34] /o Tracing G
[17:04:03.34] /o Tracing G (Found 0)
[17:04:03.34] /o Tracing collected globals
[17:04:04.18] /o Tracing S
[17:04:04.18] /o Tracing S (Found 0)
[17:04:04.18] /o Tracing collected globals
[17:04:05.03] /o Tracing D
[17:04:05.03] /o Tracing D (Found 0)
[17:04:05.03] /o Tracing collected globals
[17:04:05.85] /o Tracing G
[17:04:05.85] /o Tracing G (Found 0)
[17:04:05.85] /o Tracing collected globals
[17:04:06.68] /o Tracing B
[17:04:06.68] /o Tracing B (Found 0)
[17:04:06.68] /o Tracing collected globals
[17:04:07.50] /o Tracing S
[17:04:07.50] /o Tracing S (Found 0)
[17:04:07.50] /o Tracing collected globals
[17:04:07.99] /o touch /home/argershm/180-voltmeter/Analog/cc/simulation/gmid,gmid_nfet_3v3,schematic/history_1/simulation/default/PrimeSimSPICE/nominal/results/.unitedSimFinished
[17:04:07.99] /o touch /home/argershm/180-voltmeter/Analog/cc/simulation/gmid,gmid_nfet_3v3,schematic/history_1/simulation/default/PrimeSimSPICE/nominal/results/.unitedSimFinished
[17:04:08.05] /o New worker simulation done for nomial run finished!
[17:04:08.05] /o _simulationDoneAction done without exception!
[17:04:08.05] /o touch pilot meas done flag file: /home/argershm/180-voltmeter/Analog/cc/simulation/gmid,gmid_nfet_3v3,schematic/history_1/simulation/default/PrimeSimSPICE/nominal/results/.pw_nw_meas_done
[17:04:10.03] /o Shutdown time: Thu Sep  4 17:04:10 2025
[17:04:10.03] /o Elapsed session real time: 0.25 minutes
[17:04:10.03] /o Session terminated. Log is at /home/argershm/180-voltmeter/Analog/cc/synopsys_custom/pwdp_jobs/saeSession1_default.SimulationSimulation_cdpl.1.3917807/logs/w1/logs/pw_worker.argershm.2025_9_4_170354_3922696.log
